forrtl: severe (174): SIGSEGV, segmentation fault occurred
Image              PC                Routine            Line        Source             
delphi             0000000000457839  Unknown               Unknown  Unknown
delphi             0000000000452D50  Unknown               Unknown  Unknown
delphi             0000000000404315  Unknown               Unknown  Unknown
delphi             000000000040372C  Unknown               Unknown  Unknown
libc.so.6          00002B427F021830  Unknown               Unknown  Unknown
delphi             0000000000403629  Unknown               Unknown  Unknown
forrtl: severe (174): SIGSEGV, segmentation fault occurred
Image              PC                Routine            Line        Source             
delphi             0000000000457716  Unknown               Unknown  Unknown
delphi             0000000000452D50  Unknown               Unknown  Unknown
delphi             0000000000404315  Unknown               Unknown  Unknown
delphi             000000000040372C  Unknown               Unknown  Unknown
libc.so.6          00002B4BA7116830  Unknown               Unknown  Unknown
delphi             0000000000403629  Unknown               Unknown  Unknown
forrtl: severe (174): SIGSEGV, segmentation fault occurred
Image              PC                Routine            Line        Source             
delphi             0000000000457839  Unknown               Unknown  Unknown
delphi             0000000000452D50  Unknown               Unknown  Unknown
delphi             0000000000404315  Unknown               Unknown  Unknown
delphi             000000000040372C  Unknown               Unknown  Unknown
libc.so.6          00002B37F30F2830  Unknown               Unknown  Unknown
delphi             0000000000403629  Unknown               Unknown  Unknown
forrtl: severe (174): SIGSEGV, segmentation fault occurred
Image              PC                Routine            Line        Source             
delphi             0000000000457603  Unknown               Unknown  Unknown
delphi             0000000000452D50  Unknown               Unknown  Unknown
delphi             0000000000404315  Unknown               Unknown  Unknown
delphi             000000000040372C  Unknown               Unknown  Unknown
libc.so.6          00002B879735B830  Unknown               Unknown  Unknown
delphi             0000000000403629  Unknown               Unknown  Unknown
forrtl: severe (174): SIGSEGV, segmentation fault occurred
Image              PC                Routine            Line        Source             
delphi             0000000000457839  Unknown               Unknown  Unknown
delphi             0000000000452D50  Unknown               Unknown  Unknown
delphi             0000000000404315  Unknown               Unknown  Unknown
delphi             000000000040372C  Unknown               Unknown  Unknown
libc.so.6          00002B309A366830  Unknown               Unknown  Unknown
delphi             0000000000403629  Unknown               Unknown  Unknown
forrtl: severe (174): SIGSEGV, segmentation fault occurred
Image              PC                Routine            Line        Source             
delphi             0000000000458BAC  Unknown               Unknown  Unknown
delphi             0000000000452D50  Unknown               Unknown  Unknown
delphi             0000000000404315  Unknown               Unknown  Unknown
delphi             000000000040372C  Unknown               Unknown  Unknown
libc.so.6          00002B33DCC38830  Unknown               Unknown  Unknown
delphi             0000000000403629  Unknown               Unknown  Unknown
forrtl: severe (174): SIGSEGV, segmentation fault occurred
Image              PC                Routine            Line        Source             
delphi             0000000000457839  Unknown               Unknown  Unknown
delphi             0000000000452D50  Unknown               Unknown  Unknown
delphi             0000000000404315  Unknown               Unknown  Unknown
delphi             000000000040372C  Unknown               Unknown  Unknown
libc.so.6          00002B3ABD748830  Unknown               Unknown  Unknown
delphi             0000000000403629  Unknown               Unknown  Unknown
forrtl: severe (174): SIGSEGV, segmentation fault occurred
Image              PC                Routine            Line        Source             
delphi             0000000000458A9A  Unknown               Unknown  Unknown
delphi             0000000000452D50  Unknown               Unknown  Unknown
delphi             0000000000404315  Unknown               Unknown  Unknown
delphi             000000000040372C  Unknown               Unknown  Unknown
libc.so.6          00002AF9CECD0830  Unknown               Unknown  Unknown
delphi             0000000000403629  Unknown               Unknown  Unknown
forrtl: severe (174): SIGSEGV, segmentation fault occurred
Image              PC                Routine            Line        Source             
delphi             0000000000457839  Unknown               Unknown  Unknown
delphi             0000000000452D50  Unknown               Unknown  Unknown
delphi             0000000000404315  Unknown               Unknown  Unknown
delphi             000000000040372C  Unknown               Unknown  Unknown
libc.so.6          00002AE01EB83830  Unknown               Unknown  Unknown
delphi             0000000000403629  Unknown               Unknown  Unknown
forrtl: severe (174): SIGSEGV, segmentation fault occurred
Image              PC                Routine            Line        Source             
delphi             0000000000457716  Unknown               Unknown  Unknown
delphi             0000000000452D50  Unknown               Unknown  Unknown
delphi             0000000000404315  Unknown               Unknown  Unknown
delphi             000000000040372C  Unknown               Unknown  Unknown
libc.so.6          00002B6F5B60E830  Unknown               Unknown  Unknown
delphi             0000000000403629  Unknown               Unknown  Unknown
forrtl: severe (174): SIGSEGV, segmentation fault occurred
Image              PC                Routine            Line        Source             
delphi             0000000000457839  Unknown               Unknown  Unknown
delphi             0000000000452D50  Unknown               Unknown  Unknown
delphi             0000000000404315  Unknown               Unknown  Unknown
delphi             000000000040372C  Unknown               Unknown  Unknown
libc.so.6          00002B815B20E830  Unknown               Unknown  Unknown
delphi             0000000000403629  Unknown               Unknown  Unknown
forrtl: severe (174): SIGSEGV, segmentation fault occurred
Image              PC                Routine            Line        Source             
delphi             0000000000457716  Unknown               Unknown  Unknown
delphi             0000000000452D50  Unknown               Unknown  Unknown
delphi             0000000000404315  Unknown               Unknown  Unknown
delphi             000000000040372C  Unknown               Unknown  Unknown
libc.so.6          00002BA5AC21D830  Unknown               Unknown  Unknown
delphi             0000000000403629  Unknown               Unknown  Unknown
forrtl: severe (174): SIGSEGV, segmentation fault occurred
Image              PC                Routine            Line        Source             
delphi             0000000000457839  Unknown               Unknown  Unknown
delphi             0000000000452D50  Unknown               Unknown  Unknown
delphi             0000000000404315  Unknown               Unknown  Unknown
delphi             000000000040372C  Unknown               Unknown  Unknown
libc.so.6          00002B9146C9C830  Unknown               Unknown  Unknown
delphi             0000000000403629  Unknown               Unknown  Unknown
forrtl: severe (174): SIGSEGV, segmentation fault occurred
Image              PC                Routine            Line        Source             
delphi             0000000000457839  Unknown               Unknown  Unknown
delphi             0000000000452D50  Unknown               Unknown  Unknown
delphi             0000000000404315  Unknown               Unknown  Unknown
delphi             000000000040372C  Unknown               Unknown  Unknown
libc.so.6          00002B6C36EC0830  Unknown               Unknown  Unknown
delphi             0000000000403629  Unknown               Unknown  Unknown
forrtl: severe (174): SIGSEGV, segmentation fault occurred
Image              PC                Routine            Line        Source             
delphi             0000000000457839  Unknown               Unknown  Unknown
delphi             0000000000452D50  Unknown               Unknown  Unknown
delphi             0000000000404315  Unknown               Unknown  Unknown
delphi             000000000040372C  Unknown               Unknown  Unknown
libc.so.6          00002ACE3E32A830  Unknown               Unknown  Unknown
delphi             0000000000403629  Unknown               Unknown  Unknown
forrtl: severe (174): SIGSEGV, segmentation fault occurred
Image              PC                Routine            Line        Source             
delphi             0000000000457839  Unknown               Unknown  Unknown
delphi             0000000000452D50  Unknown               Unknown  Unknown
delphi             0000000000404315  Unknown               Unknown  Unknown
delphi             000000000040372C  Unknown               Unknown  Unknown
libc.so.6          00002AE9C035E830  Unknown               Unknown  Unknown
delphi             0000000000403629  Unknown               Unknown  Unknown
forrtl: severe (174): SIGSEGV, segmentation fault occurred
Image              PC                Routine            Line        Source             
delphi             0000000000457839  Unknown               Unknown  Unknown
delphi             0000000000452D50  Unknown               Unknown  Unknown
delphi             0000000000404315  Unknown               Unknown  Unknown
delphi             000000000040372C  Unknown               Unknown  Unknown
libc.so.6          00002B34A2D52830  Unknown               Unknown  Unknown
delphi             0000000000403629  Unknown               Unknown  Unknown
forrtl: severe (174): SIGSEGV, segmentation fault occurred
Image              PC                Routine            Line        Source             
delphi             0000000000457839  Unknown               Unknown  Unknown
delphi             0000000000452D50  Unknown               Unknown  Unknown
delphi             0000000000404315  Unknown               Unknown  Unknown
delphi             000000000040372C  Unknown               Unknown  Unknown
libc.so.6          00002AE997542830  Unknown               Unknown  Unknown
delphi             0000000000403629  Unknown               Unknown  Unknown
forrtl: severe (174): SIGSEGV, segmentation fault occurred
Image              PC                Routine            Line        Source             
delphi             0000000000457839  Unknown               Unknown  Unknown
delphi             0000000000452D50  Unknown               Unknown  Unknown
delphi             0000000000404315  Unknown               Unknown  Unknown
delphi             000000000040372C  Unknown               Unknown  Unknown
libc.so.6          00002B957ACD9830  Unknown               Unknown  Unknown
delphi             0000000000403629  Unknown               Unknown  Unknown
forrtl: severe (174): SIGSEGV, segmentation fault occurred
Image              PC                Routine            Line        Source             
delphi             0000000000457839  Unknown               Unknown  Unknown
delphi             0000000000452D50  Unknown               Unknown  Unknown
delphi             0000000000404315  Unknown               Unknown  Unknown
delphi             000000000040372C  Unknown               Unknown  Unknown
libc.so.6          00002B9AEAF33830  Unknown               Unknown  Unknown
delphi             0000000000403629  Unknown               Unknown  Unknown
forrtl: severe (174): SIGSEGV, segmentation fault occurred
Image              PC                Routine            Line        Source             
delphi             0000000000457839  Unknown               Unknown  Unknown
delphi             0000000000452D50  Unknown               Unknown  Unknown
delphi             0000000000404315  Unknown               Unknown  Unknown
delphi             000000000040372C  Unknown               Unknown  Unknown
libc.so.6          00002B90C7465830  Unknown               Unknown  Unknown
delphi             0000000000403629  Unknown               Unknown  Unknown
forrtl: severe (174): SIGSEGV, segmentation fault occurred
Image              PC                Routine            Line        Source             
delphi             0000000000457839  Unknown               Unknown  Unknown
delphi             0000000000452D50  Unknown               Unknown  Unknown
delphi             0000000000404315  Unknown               Unknown  Unknown
delphi             000000000040372C  Unknown               Unknown  Unknown
libc.so.6          00002B6566467830  Unknown               Unknown  Unknown
delphi             0000000000403629  Unknown               Unknown  Unknown
forrtl: severe (174): SIGSEGV, segmentation fault occurred
Image              PC                Routine            Line        Source             
delphi             0000000000457839  Unknown               Unknown  Unknown
delphi             0000000000452D50  Unknown               Unknown  Unknown
delphi             0000000000404315  Unknown               Unknown  Unknown
delphi             000000000040372C  Unknown               Unknown  Unknown
libc.so.6          00002B4F897F3830  Unknown               Unknown  Unknown
delphi             0000000000403629  Unknown               Unknown  Unknown
forrtl: severe (174): SIGSEGV, segmentation fault occurred
Image              PC                Routine            Line        Source             
delphi             0000000000457839  Unknown               Unknown  Unknown
delphi             0000000000452D50  Unknown               Unknown  Unknown
delphi             0000000000404315  Unknown               Unknown  Unknown
delphi             000000000040372C  Unknown               Unknown  Unknown
libc.so.6          00002B65CE961830  Unknown               Unknown  Unknown
delphi             0000000000403629  Unknown               Unknown  Unknown
forrtl: severe (174): SIGSEGV, segmentation fault occurred
Image              PC                Routine            Line        Source             
delphi             0000000000457839  Unknown               Unknown  Unknown
delphi             0000000000452D50  Unknown               Unknown  Unknown
delphi             0000000000404315  Unknown               Unknown  Unknown
delphi             000000000040372C  Unknown               Unknown  Unknown
libc.so.6          00002B3DDFB6C830  Unknown               Unknown  Unknown
delphi             0000000000403629  Unknown               Unknown  Unknown
forrtl: severe (174): SIGSEGV, segmentation fault occurred
Image              PC                Routine            Line        Source             
delphi             0000000000457839  Unknown               Unknown  Unknown
delphi             0000000000452D50  Unknown               Unknown  Unknown
delphi             0000000000404315  Unknown               Unknown  Unknown
delphi             000000000040372C  Unknown               Unknown  Unknown
libc.so.6          00002B971E63F830  Unknown               Unknown  Unknown
delphi             0000000000403629  Unknown               Unknown  Unknown
forrtl: severe (174): SIGSEGV, segmentation fault occurred
Image              PC                Routine            Line        Source             
delphi             0000000000457839  Unknown               Unknown  Unknown
delphi             0000000000452D50  Unknown               Unknown  Unknown
delphi             0000000000404315  Unknown               Unknown  Unknown
delphi             000000000040372C  Unknown               Unknown  Unknown
libc.so.6          00002B6AAC262830  Unknown               Unknown  Unknown
delphi             0000000000403629  Unknown               Unknown  Unknown
forrtl: severe (174): SIGSEGV, segmentation fault occurred
Image              PC                Routine            Line        Source             
delphi             0000000000457839  Unknown               Unknown  Unknown
delphi             0000000000452D50  Unknown               Unknown  Unknown
delphi             0000000000404315  Unknown               Unknown  Unknown
delphi             000000000040372C  Unknown               Unknown  Unknown
libc.so.6          00002B0BBB5A3830  Unknown               Unknown  Unknown
delphi             0000000000403629  Unknown               Unknown  Unknown
forrtl: severe (174): SIGSEGV, segmentation fault occurred
Image              PC                Routine            Line        Source             
delphi             0000000000458934  Unknown               Unknown  Unknown
delphi             0000000000452D50  Unknown               Unknown  Unknown
delphi             0000000000404315  Unknown               Unknown  Unknown
delphi             000000000040372C  Unknown               Unknown  Unknown
libc.so.6          00002AC3A8560830  Unknown               Unknown  Unknown
delphi             0000000000403629  Unknown               Unknown  Unknown
forrtl: severe (174): SIGSEGV, segmentation fault occurred
Image              PC                Routine            Line        Source             
delphi             0000000000457A7C  Unknown               Unknown  Unknown
delphi             0000000000452D50  Unknown               Unknown  Unknown
delphi             0000000000404315  Unknown               Unknown  Unknown
delphi             000000000040372C  Unknown               Unknown  Unknown
libc.so.6          00002B11B2177830  Unknown               Unknown  Unknown
delphi             0000000000403629  Unknown               Unknown  Unknown
forrtl: severe (174): SIGSEGV, segmentation fault occurred
Image              PC                Routine            Line        Source             
delphi             0000000000457603  Unknown               Unknown  Unknown
delphi             0000000000452D50  Unknown               Unknown  Unknown
delphi             0000000000404315  Unknown               Unknown  Unknown
delphi             000000000040372C  Unknown               Unknown  Unknown
libc.so.6          00002AEEC3A8F830  Unknown               Unknown  Unknown
delphi             0000000000403629  Unknown               Unknown  Unknown
forrtl: severe (174): SIGSEGV, segmentation fault occurred
Image              PC                Routine            Line        Source             
delphi             0000000000457839  Unknown               Unknown  Unknown
delphi             0000000000452D50  Unknown               Unknown  Unknown
delphi             0000000000404315  Unknown               Unknown  Unknown
delphi             000000000040372C  Unknown               Unknown  Unknown
libc.so.6          00002B99B7676830  Unknown               Unknown  Unknown
delphi             0000000000403629  Unknown               Unknown  Unknown
forrtl: severe (174): SIGSEGV, segmentation fault occurred
Image              PC                Routine            Line        Source             
delphi             0000000000457716  Unknown               Unknown  Unknown
delphi             0000000000452D50  Unknown               Unknown  Unknown
delphi             0000000000404315  Unknown               Unknown  Unknown
delphi             000000000040372C  Unknown               Unknown  Unknown
libc.so.6          00002B6FF119F830  Unknown               Unknown  Unknown
delphi             0000000000403629  Unknown               Unknown  Unknown
forrtl: severe (174): SIGSEGV, segmentation fault occurred
Image              PC                Routine            Line        Source             
delphi             0000000000457839  Unknown               Unknown  Unknown
delphi             0000000000452D50  Unknown               Unknown  Unknown
delphi             0000000000404315  Unknown               Unknown  Unknown
delphi             000000000040372C  Unknown               Unknown  Unknown
libc.so.6          00002B3F04C2C830  Unknown               Unknown  Unknown
delphi             0000000000403629  Unknown               Unknown  Unknown
forrtl: severe (174): SIGSEGV, segmentation fault occurred
Image              PC                Routine            Line        Source             
delphi             0000000000457839  Unknown               Unknown  Unknown
delphi             0000000000452D50  Unknown               Unknown  Unknown
delphi             0000000000404315  Unknown               Unknown  Unknown
delphi             000000000040372C  Unknown               Unknown  Unknown
libc.so.6          00002B7CC9240830  Unknown               Unknown  Unknown
delphi             0000000000403629  Unknown               Unknown  Unknown
forrtl: severe (174): SIGSEGV, segmentation fault occurred
Image              PC                Routine            Line        Source             
delphi             0000000000458934  Unknown               Unknown  Unknown
delphi             0000000000452D50  Unknown               Unknown  Unknown
delphi             0000000000404315  Unknown               Unknown  Unknown
delphi             000000000040372C  Unknown               Unknown  Unknown
libc.so.6          00002AD4CCC6B830  Unknown               Unknown  Unknown
delphi             0000000000403629  Unknown               Unknown  Unknown
forrtl: severe (174): SIGSEGV, segmentation fault occurred
Image              PC                Routine            Line        Source             
delphi             0000000000457839  Unknown               Unknown  Unknown
delphi             0000000000452D50  Unknown               Unknown  Unknown
delphi             0000000000404315  Unknown               Unknown  Unknown
delphi             000000000040372C  Unknown               Unknown  Unknown
libc.so.6          00002B0FCA402830  Unknown               Unknown  Unknown
delphi             0000000000403629  Unknown               Unknown  Unknown
forrtl: severe (174): SIGSEGV, segmentation fault occurred
Image              PC                Routine            Line        Source             
delphi             000000000045750C  Unknown               Unknown  Unknown
delphi             0000000000452D50  Unknown               Unknown  Unknown
delphi             0000000000404315  Unknown               Unknown  Unknown
delphi             000000000040372C  Unknown               Unknown  Unknown
libc.so.6          00002B27873C7830  Unknown               Unknown  Unknown
delphi             0000000000403629  Unknown               Unknown  Unknown
forrtl: severe (174): SIGSEGV, segmentation fault occurred
Image              PC                Routine            Line        Source             
delphi             0000000000458CE6  Unknown               Unknown  Unknown
delphi             0000000000452D50  Unknown               Unknown  Unknown
delphi             0000000000404315  Unknown               Unknown  Unknown
delphi             000000000040372C  Unknown               Unknown  Unknown
libc.so.6          00002AD6A621C830  Unknown               Unknown  Unknown
delphi             0000000000403629  Unknown               Unknown  Unknown
forrtl: severe (174): SIGSEGV, segmentation fault occurred
Image              PC                Routine            Line        Source             
delphi             0000000000457839  Unknown               Unknown  Unknown
delphi             0000000000452D50  Unknown               Unknown  Unknown
delphi             0000000000404315  Unknown               Unknown  Unknown
delphi             000000000040372C  Unknown               Unknown  Unknown
libc.so.6          00002B3880CAC830  Unknown               Unknown  Unknown
delphi             0000000000403629  Unknown               Unknown  Unknown
forrtl: severe (174): SIGSEGV, segmentation fault occurred
Image              PC                Routine            Line        Source             
delphi             00000000004587FA  Unknown               Unknown  Unknown
delphi             0000000000452D50  Unknown               Unknown  Unknown
delphi             0000000000404315  Unknown               Unknown  Unknown
delphi             000000000040372C  Unknown               Unknown  Unknown
libc.so.6          00002B8AE6F0A830  Unknown               Unknown  Unknown
delphi             0000000000403629  Unknown               Unknown  Unknown
forrtl: severe (174): SIGSEGV, segmentation fault occurred
Image              PC                Routine            Line        Source             
delphi             0000000000457839  Unknown               Unknown  Unknown
delphi             0000000000452D50  Unknown               Unknown  Unknown
delphi             0000000000404315  Unknown               Unknown  Unknown
delphi             000000000040372C  Unknown               Unknown  Unknown
libc.so.6          00002B521CB4C830  Unknown               Unknown  Unknown
delphi             0000000000403629  Unknown               Unknown  Unknown
forrtl: severe (174): SIGSEGV, segmentation fault occurred
Image              PC                Routine            Line        Source             
delphi             0000000000457839  Unknown               Unknown  Unknown
delphi             0000000000452D50  Unknown               Unknown  Unknown
delphi             0000000000404315  Unknown               Unknown  Unknown
delphi             000000000040372C  Unknown               Unknown  Unknown
libc.so.6          00002B9376E71830  Unknown               Unknown  Unknown
delphi             0000000000403629  Unknown               Unknown  Unknown
forrtl: severe (174): SIGSEGV, segmentation fault occurred
Image              PC                Routine            Line        Source             
delphi             0000000000458934  Unknown               Unknown  Unknown
delphi             0000000000452D50  Unknown               Unknown  Unknown
delphi             0000000000404315  Unknown               Unknown  Unknown
delphi             000000000040372C  Unknown               Unknown  Unknown
libc.so.6          00002AFFDF27A830  Unknown               Unknown  Unknown
delphi             0000000000403629  Unknown               Unknown  Unknown
forrtl: severe (174): SIGSEGV, segmentation fault occurred
Image              PC                Routine            Line        Source             
delphi             000000000045750C  Unknown               Unknown  Unknown
delphi             0000000000452D50  Unknown               Unknown  Unknown
delphi             0000000000404315  Unknown               Unknown  Unknown
delphi             000000000040372C  Unknown               Unknown  Unknown
libc.so.6          00002B7219380830  Unknown               Unknown  Unknown
delphi             0000000000403629  Unknown               Unknown  Unknown
forrtl: severe (174): SIGSEGV, segmentation fault occurred
Image              PC                Routine            Line        Source             
delphi             0000000000457716  Unknown               Unknown  Unknown
delphi             0000000000452D50  Unknown               Unknown  Unknown
delphi             0000000000404315  Unknown               Unknown  Unknown
delphi             000000000040372C  Unknown               Unknown  Unknown
libc.so.6          00002AFD550EA830  Unknown               Unknown  Unknown
delphi             0000000000403629  Unknown               Unknown  Unknown
forrtl: severe (174): SIGSEGV, segmentation fault occurred
Image              PC                Routine            Line        Source             
delphi             000000000045750C  Unknown               Unknown  Unknown
delphi             0000000000452D50  Unknown               Unknown  Unknown
delphi             0000000000404315  Unknown               Unknown  Unknown
delphi             000000000040372C  Unknown               Unknown  Unknown
libc.so.6          00002AD0AED99830  Unknown               Unknown  Unknown
delphi             0000000000403629  Unknown               Unknown  Unknown
forrtl: severe (174): SIGSEGV, segmentation fault occurred
Image              PC                Routine            Line        Source             
delphi             0000000000457839  Unknown               Unknown  Unknown
delphi             0000000000452D50  Unknown               Unknown  Unknown
delphi             0000000000404315  Unknown               Unknown  Unknown
delphi             000000000040372C  Unknown               Unknown  Unknown
libc.so.6          00002B5B94B95830  Unknown               Unknown  Unknown
delphi             0000000000403629  Unknown               Unknown  Unknown
forrtl: severe (174): SIGSEGV, segmentation fault occurred
Image              PC                Routine            Line        Source             
delphi             0000000000457839  Unknown               Unknown  Unknown
delphi             0000000000452D50  Unknown               Unknown  Unknown
delphi             0000000000404315  Unknown               Unknown  Unknown
delphi             000000000040372C  Unknown               Unknown  Unknown
libc.so.6          00002BA76766C830  Unknown               Unknown  Unknown
delphi             0000000000403629  Unknown               Unknown  Unknown
forrtl: severe (174): SIGSEGV, segmentation fault occurred
Image              PC                Routine            Line        Source             
delphi             000000000045750C  Unknown               Unknown  Unknown
delphi             0000000000452D50  Unknown               Unknown  Unknown
delphi             0000000000404315  Unknown               Unknown  Unknown
delphi             000000000040372C  Unknown               Unknown  Unknown
libc.so.6          00002B5831923830  Unknown               Unknown  Unknown
delphi             0000000000403629  Unknown               Unknown  Unknown
forrtl: severe (174): SIGSEGV, segmentation fault occurred
Image              PC                Routine            Line        Source             
delphi             0000000000458312  Unknown               Unknown  Unknown
delphi             0000000000452D50  Unknown               Unknown  Unknown
delphi             0000000000404315  Unknown               Unknown  Unknown
delphi             000000000040372C  Unknown               Unknown  Unknown
libc.so.6          00002BA8DA795830  Unknown               Unknown  Unknown
delphi             0000000000403629  Unknown               Unknown  Unknown
forrtl: severe (174): SIGSEGV, segmentation fault occurred
Image              PC                Routine            Line        Source             
delphi             0000000000458BAC  Unknown               Unknown  Unknown
delphi             0000000000452D50  Unknown               Unknown  Unknown
delphi             0000000000404315  Unknown               Unknown  Unknown
delphi             000000000040372C  Unknown               Unknown  Unknown
libc.so.6          00002AB4F7DBC830  Unknown               Unknown  Unknown
delphi             0000000000403629  Unknown               Unknown  Unknown
forrtl: severe (174): SIGSEGV, segmentation fault occurred
Image              PC                Routine            Line        Source             
delphi             000000000045750C  Unknown               Unknown  Unknown
delphi             0000000000452D50  Unknown               Unknown  Unknown
delphi             0000000000404315  Unknown               Unknown  Unknown
delphi             000000000040372C  Unknown               Unknown  Unknown
libc.so.6          00002B39EDF03830  Unknown               Unknown  Unknown
delphi             0000000000403629  Unknown               Unknown  Unknown
forrtl: severe (174): SIGSEGV, segmentation fault occurred
Image              PC                Routine            Line        Source             
delphi             0000000000457716  Unknown               Unknown  Unknown
delphi             0000000000452D50  Unknown               Unknown  Unknown
delphi             0000000000404315  Unknown               Unknown  Unknown
delphi             000000000040372C  Unknown               Unknown  Unknown
libc.so.6          00002ABF6F420830  Unknown               Unknown  Unknown
delphi             0000000000403629  Unknown               Unknown  Unknown
forrtl: severe (174): SIGSEGV, segmentation fault occurred
Image              PC                Routine            Line        Source             
delphi             000000000045750C  Unknown               Unknown  Unknown
delphi             0000000000452D50  Unknown               Unknown  Unknown
delphi             0000000000404315  Unknown               Unknown  Unknown
delphi             000000000040372C  Unknown               Unknown  Unknown
libc.so.6          00002B4DA9847830  Unknown               Unknown  Unknown
delphi             0000000000403629  Unknown               Unknown  Unknown
forrtl: severe (174): SIGSEGV, segmentation fault occurred
Image              PC                Routine            Line        Source             
delphi             0000000000457839  Unknown               Unknown  Unknown
delphi             0000000000452D50  Unknown               Unknown  Unknown
delphi             0000000000404315  Unknown               Unknown  Unknown
delphi             000000000040372C  Unknown               Unknown  Unknown
libc.so.6          00002AB0F1951830  Unknown               Unknown  Unknown
delphi             0000000000403629  Unknown               Unknown  Unknown
forrtl: severe (174): SIGSEGV, segmentation fault occurred
Image              PC                Routine            Line        Source             
delphi             000000000045750C  Unknown               Unknown  Unknown
delphi             0000000000452D50  Unknown               Unknown  Unknown
delphi             0000000000404315  Unknown               Unknown  Unknown
delphi             000000000040372C  Unknown               Unknown  Unknown
libc.so.6          00002AFEE6E29830  Unknown               Unknown  Unknown
delphi             0000000000403629  Unknown               Unknown  Unknown
forrtl: severe (174): SIGSEGV, segmentation fault occurred
Image              PC                Routine            Line        Source             
delphi             0000000000457716  Unknown               Unknown  Unknown
delphi             0000000000452D50  Unknown               Unknown  Unknown
delphi             0000000000404315  Unknown               Unknown  Unknown
delphi             000000000040372C  Unknown               Unknown  Unknown
libc.so.6          00002AE79018A830  Unknown               Unknown  Unknown
delphi             0000000000403629  Unknown               Unknown  Unknown
forrtl: severe (174): SIGSEGV, segmentation fault occurred
Image              PC                Routine            Line        Source             
delphi             0000000000457839  Unknown               Unknown  Unknown
delphi             0000000000452D50  Unknown               Unknown  Unknown
delphi             0000000000404315  Unknown               Unknown  Unknown
delphi             000000000040372C  Unknown               Unknown  Unknown
libc.so.6          00002B47B84B2830  Unknown               Unknown  Unknown
delphi             0000000000403629  Unknown               Unknown  Unknown
forrtl: severe (174): SIGSEGV, segmentation fault occurred
Image              PC                Routine            Line        Source             
delphi             0000000000457839  Unknown               Unknown  Unknown
delphi             0000000000452D50  Unknown               Unknown  Unknown
delphi             0000000000404315  Unknown               Unknown  Unknown
delphi             000000000040372C  Unknown               Unknown  Unknown
libc.so.6          00002B1005D77830  Unknown               Unknown  Unknown
delphi             0000000000403629  Unknown               Unknown  Unknown
forrtl: severe (174): SIGSEGV, segmentation fault occurred
Image              PC                Routine            Line        Source             
delphi             0000000000458586  Unknown               Unknown  Unknown
delphi             0000000000452D50  Unknown               Unknown  Unknown
delphi             0000000000404315  Unknown               Unknown  Unknown
delphi             000000000040372C  Unknown               Unknown  Unknown
libc.so.6          00002AB4A3976830  Unknown               Unknown  Unknown
delphi             0000000000403629  Unknown               Unknown  Unknown
forrtl: severe (174): SIGSEGV, segmentation fault occurred
Image              PC                Routine            Line        Source             
delphi             0000000000458BAC  Unknown               Unknown  Unknown
delphi             0000000000452D50  Unknown               Unknown  Unknown
delphi             0000000000404315  Unknown               Unknown  Unknown
delphi             000000000040372C  Unknown               Unknown  Unknown
libc.so.6          00002AB56B184830  Unknown               Unknown  Unknown
delphi             0000000000403629  Unknown               Unknown  Unknown
forrtl: severe (174): SIGSEGV, segmentation fault occurred
Image              PC                Routine            Line        Source             
delphi             0000000000457839  Unknown               Unknown  Unknown
delphi             0000000000452D50  Unknown               Unknown  Unknown
delphi             0000000000404315  Unknown               Unknown  Unknown
delphi             000000000040372C  Unknown               Unknown  Unknown
libc.so.6          00002ADDAF192830  Unknown               Unknown  Unknown
delphi             0000000000403629  Unknown               Unknown  Unknown
forrtl: severe (174): SIGSEGV, segmentation fault occurred
Image              PC                Routine            Line        Source             
delphi             0000000000457A7C  Unknown               Unknown  Unknown
delphi             0000000000452D50  Unknown               Unknown  Unknown
delphi             0000000000404315  Unknown               Unknown  Unknown
delphi             000000000040372C  Unknown               Unknown  Unknown
libc.so.6          00002AAF32790830  Unknown               Unknown  Unknown
delphi             0000000000403629  Unknown               Unknown  Unknown
forrtl: severe (174): SIGSEGV, segmentation fault occurred
Image              PC                Routine            Line        Source             
delphi             0000000000457716  Unknown               Unknown  Unknown
delphi             0000000000452D50  Unknown               Unknown  Unknown
delphi             0000000000404315  Unknown               Unknown  Unknown
delphi             000000000040372C  Unknown               Unknown  Unknown
libc.so.6          00002B6C7104D830  Unknown               Unknown  Unknown
delphi             0000000000403629  Unknown               Unknown  Unknown
forrtl: severe (174): SIGSEGV, segmentation fault occurred
Image              PC                Routine            Line        Source             
delphi             0000000000457CF0  Unknown               Unknown  Unknown
delphi             0000000000452D50  Unknown               Unknown  Unknown
delphi             0000000000404315  Unknown               Unknown  Unknown
delphi             000000000040372C  Unknown               Unknown  Unknown
libc.so.6          00002ABEF7F47830  Unknown               Unknown  Unknown
delphi             0000000000403629  Unknown               Unknown  Unknown
forrtl: severe (174): SIGSEGV, segmentation fault occurred
Image              PC                Routine            Line        Source             
delphi             0000000000457A7C  Unknown               Unknown  Unknown
delphi             0000000000452D50  Unknown               Unknown  Unknown
delphi             0000000000404315  Unknown               Unknown  Unknown
delphi             000000000040372C  Unknown               Unknown  Unknown
libc.so.6          00002B5012F02830  Unknown               Unknown  Unknown
delphi             0000000000403629  Unknown               Unknown  Unknown
forrtl: severe (174): SIGSEGV, segmentation fault occurred
Image              PC                Routine            Line        Source             
delphi             0000000000457839  Unknown               Unknown  Unknown
delphi             0000000000452D50  Unknown               Unknown  Unknown
delphi             0000000000404315  Unknown               Unknown  Unknown
delphi             000000000040372C  Unknown               Unknown  Unknown
libc.so.6          00002B9037751830  Unknown               Unknown  Unknown
delphi             0000000000403629  Unknown               Unknown  Unknown
forrtl: severe (174): SIGSEGV, segmentation fault occurred
Image              PC                Routine            Line        Source             
delphi             0000000000457839  Unknown               Unknown  Unknown
delphi             0000000000452D50  Unknown               Unknown  Unknown
delphi             0000000000404315  Unknown               Unknown  Unknown
delphi             000000000040372C  Unknown               Unknown  Unknown
libc.so.6          00002B8B60550830  Unknown               Unknown  Unknown
delphi             0000000000403629  Unknown               Unknown  Unknown
forrtl: severe (174): SIGSEGV, segmentation fault occurred
Image              PC                Routine            Line        Source             
delphi             0000000000457839  Unknown               Unknown  Unknown
delphi             0000000000452D50  Unknown               Unknown  Unknown
delphi             0000000000404315  Unknown               Unknown  Unknown
delphi             000000000040372C  Unknown               Unknown  Unknown
libc.so.6          00002B576758B830  Unknown               Unknown  Unknown
delphi             0000000000403629  Unknown               Unknown  Unknown
forrtl: severe (174): SIGSEGV, segmentation fault occurred
Image              PC                Routine            Line        Source             
delphi             0000000000458BAC  Unknown               Unknown  Unknown
delphi             0000000000452D50  Unknown               Unknown  Unknown
delphi             0000000000404315  Unknown               Unknown  Unknown
delphi             000000000040372C  Unknown               Unknown  Unknown
libc.so.6          00002B6E36688830  Unknown               Unknown  Unknown
delphi             0000000000403629  Unknown               Unknown  Unknown
forrtl: severe (174): SIGSEGV, segmentation fault occurred
Image              PC                Routine            Line        Source             
delphi             0000000000457716  Unknown               Unknown  Unknown
delphi             0000000000452D50  Unknown               Unknown  Unknown
delphi             0000000000404315  Unknown               Unknown  Unknown
delphi             000000000040372C  Unknown               Unknown  Unknown
libc.so.6          00002B63B717A830  Unknown               Unknown  Unknown
delphi             0000000000403629  Unknown               Unknown  Unknown
forrtl: severe (174): SIGSEGV, segmentation fault occurred
Image              PC                Routine            Line        Source             
delphi             0000000000457839  Unknown               Unknown  Unknown
delphi             0000000000452D50  Unknown               Unknown  Unknown
delphi             0000000000404315  Unknown               Unknown  Unknown
delphi             000000000040372C  Unknown               Unknown  Unknown
libc.so.6          00002AC7984C6830  Unknown               Unknown  Unknown
delphi             0000000000403629  Unknown               Unknown  Unknown
forrtl: severe (174): SIGSEGV, segmentation fault occurred
Image              PC                Routine            Line        Source             
delphi             0000000000457716  Unknown               Unknown  Unknown
delphi             0000000000452D50  Unknown               Unknown  Unknown
delphi             0000000000404315  Unknown               Unknown  Unknown
delphi             000000000040372C  Unknown               Unknown  Unknown
libc.so.6          00002B866A584830  Unknown               Unknown  Unknown
delphi             0000000000403629  Unknown               Unknown  Unknown
forrtl: severe (174): SIGSEGV, segmentation fault occurred
Image              PC                Routine            Line        Source             
delphi             0000000000457716  Unknown               Unknown  Unknown
delphi             0000000000452D50  Unknown               Unknown  Unknown
delphi             0000000000404315  Unknown               Unknown  Unknown
delphi             000000000040372C  Unknown               Unknown  Unknown
libc.so.6          00002B092C8E7830  Unknown               Unknown  Unknown
delphi             0000000000403629  Unknown               Unknown  Unknown
forrtl: severe (174): SIGSEGV, segmentation fault occurred
Image              PC                Routine            Line        Source             
delphi             0000000000457716  Unknown               Unknown  Unknown
delphi             0000000000452D50  Unknown               Unknown  Unknown
delphi             0000000000404315  Unknown               Unknown  Unknown
delphi             000000000040372C  Unknown               Unknown  Unknown
libc.so.6          00002AB4A929D830  Unknown               Unknown  Unknown
delphi             0000000000403629  Unknown               Unknown  Unknown
forrtl: severe (174): SIGSEGV, segmentation fault occurred
Image              PC                Routine            Line        Source             
delphi             0000000000457716  Unknown               Unknown  Unknown
delphi             0000000000452D50  Unknown               Unknown  Unknown
delphi             0000000000404315  Unknown               Unknown  Unknown
delphi             000000000040372C  Unknown               Unknown  Unknown
libc.so.6          00002AC9D8E05830  Unknown               Unknown  Unknown
delphi             0000000000403629  Unknown               Unknown  Unknown
forrtl: severe (174): SIGSEGV, segmentation fault occurred
Image              PC                Routine            Line        Source             
delphi             0000000000457716  Unknown               Unknown  Unknown
delphi             0000000000452D50  Unknown               Unknown  Unknown
delphi             0000000000404315  Unknown               Unknown  Unknown
delphi             000000000040372C  Unknown               Unknown  Unknown
libc.so.6          00002B90E0C40830  Unknown               Unknown  Unknown
delphi             0000000000403629  Unknown               Unknown  Unknown
forrtl: severe (174): SIGSEGV, segmentation fault occurred
Image              PC                Routine            Line        Source             
delphi             0000000000457839  Unknown               Unknown  Unknown
delphi             0000000000452D50  Unknown               Unknown  Unknown
delphi             0000000000404315  Unknown               Unknown  Unknown
delphi             000000000040372C  Unknown               Unknown  Unknown
libc.so.6          00002B9D1F5C6830  Unknown               Unknown  Unknown
delphi             0000000000403629  Unknown               Unknown  Unknown
forrtl: severe (174): SIGSEGV, segmentation fault occurred
Image              PC                Routine            Line        Source             
delphi             0000000000457716  Unknown               Unknown  Unknown
delphi             0000000000452D50  Unknown               Unknown  Unknown
delphi             0000000000404315  Unknown               Unknown  Unknown
delphi             000000000040372C  Unknown               Unknown  Unknown
libc.so.6          00002B5C84ECF830  Unknown               Unknown  Unknown
delphi             0000000000403629  Unknown               Unknown  Unknown
forrtl: severe (174): SIGSEGV, segmentation fault occurred
Image              PC                Routine            Line        Source             
delphi             0000000000457716  Unknown               Unknown  Unknown
delphi             0000000000452D50  Unknown               Unknown  Unknown
delphi             0000000000404315  Unknown               Unknown  Unknown
delphi             000000000040372C  Unknown               Unknown  Unknown
libc.so.6          00002B7062915830  Unknown               Unknown  Unknown
delphi             0000000000403629  Unknown               Unknown  Unknown
forrtl: severe (174): SIGSEGV, segmentation fault occurred
Image              PC                Routine            Line        Source             
delphi             0000000000457839  Unknown               Unknown  Unknown
delphi             0000000000452D50  Unknown               Unknown  Unknown
delphi             0000000000404315  Unknown               Unknown  Unknown
delphi             000000000040372C  Unknown               Unknown  Unknown
libc.so.6          00002AF363957830  Unknown               Unknown  Unknown
delphi             0000000000403629  Unknown               Unknown  Unknown
forrtl: severe (174): SIGSEGV, segmentation fault occurred
Image              PC                Routine            Line        Source             
delphi             0000000000457716  Unknown               Unknown  Unknown
delphi             0000000000452D50  Unknown               Unknown  Unknown
delphi             0000000000404315  Unknown               Unknown  Unknown
delphi             000000000040372C  Unknown               Unknown  Unknown
libc.so.6          00002BA80B5C6830  Unknown               Unknown  Unknown
delphi             0000000000403629  Unknown               Unknown  Unknown
forrtl: severe (174): SIGSEGV, segmentation fault occurred
Image              PC                Routine            Line        Source             
delphi             0000000000457603  Unknown               Unknown  Unknown
delphi             0000000000452D50  Unknown               Unknown  Unknown
delphi             0000000000404315  Unknown               Unknown  Unknown
delphi             000000000040372C  Unknown               Unknown  Unknown
libc.so.6          00002AB1EC7F7830  Unknown               Unknown  Unknown
delphi             0000000000403629  Unknown               Unknown  Unknown
forrtl: severe (174): SIGSEGV, segmentation fault occurred
Image              PC                Routine            Line        Source             
delphi             0000000000457839  Unknown               Unknown  Unknown
delphi             0000000000452D50  Unknown               Unknown  Unknown
delphi             0000000000404315  Unknown               Unknown  Unknown
delphi             000000000040372C  Unknown               Unknown  Unknown
libc.so.6          00002AC9A45EA830  Unknown               Unknown  Unknown
delphi             0000000000403629  Unknown               Unknown  Unknown
forrtl: severe (174): SIGSEGV, segmentation fault occurred
Image              PC                Routine            Line        Source             
delphi             0000000000458BAC  Unknown               Unknown  Unknown
delphi             0000000000452D50  Unknown               Unknown  Unknown
delphi             0000000000404315  Unknown               Unknown  Unknown
delphi             000000000040372C  Unknown               Unknown  Unknown
libc.so.6          00002B111B0AE830  Unknown               Unknown  Unknown
delphi             0000000000403629  Unknown               Unknown  Unknown
forrtl: severe (174): SIGSEGV, segmentation fault occurred
Image              PC                Routine            Line        Source             
delphi             0000000000457839  Unknown               Unknown  Unknown
delphi             0000000000452D50  Unknown               Unknown  Unknown
delphi             0000000000404315  Unknown               Unknown  Unknown
delphi             000000000040372C  Unknown               Unknown  Unknown
libc.so.6          00002B8C13F1D830  Unknown               Unknown  Unknown
delphi             0000000000403629  Unknown               Unknown  Unknown
forrtl: severe (174): SIGSEGV, segmentation fault occurred
Image              PC                Routine            Line        Source             
delphi             00000000004587FA  Unknown               Unknown  Unknown
delphi             0000000000452D50  Unknown               Unknown  Unknown
delphi             0000000000404315  Unknown               Unknown  Unknown
delphi             000000000040372C  Unknown               Unknown  Unknown
libc.so.6          00002AB1FA76B830  Unknown               Unknown  Unknown
delphi             0000000000403629  Unknown               Unknown  Unknown
forrtl: severe (174): SIGSEGV, segmentation fault occurred
Image              PC                Routine            Line        Source             
delphi             00000000004587FA  Unknown               Unknown  Unknown
delphi             0000000000452D50  Unknown               Unknown  Unknown
delphi             0000000000404315  Unknown               Unknown  Unknown
delphi             000000000040372C  Unknown               Unknown  Unknown
libc.so.6          00002B709F7BF830  Unknown               Unknown  Unknown
delphi             0000000000403629  Unknown               Unknown  Unknown
forrtl: severe (174): SIGSEGV, segmentation fault occurred
Image              PC                Routine            Line        Source             
delphi             0000000000457BB6  Unknown               Unknown  Unknown
delphi             0000000000452D50  Unknown               Unknown  Unknown
delphi             0000000000404315  Unknown               Unknown  Unknown
delphi             000000000040372C  Unknown               Unknown  Unknown
libc.so.6          00002AF2260F4830  Unknown               Unknown  Unknown
delphi             0000000000403629  Unknown               Unknown  Unknown
forrtl: severe (174): SIGSEGV, segmentation fault occurred
Image              PC                Routine            Line        Source             
delphi             0000000000457603  Unknown               Unknown  Unknown
delphi             0000000000452D50  Unknown               Unknown  Unknown
delphi             0000000000404315  Unknown               Unknown  Unknown
delphi             000000000040372C  Unknown               Unknown  Unknown
libc.so.6          00002ADCE21B4830  Unknown               Unknown  Unknown
delphi             0000000000403629  Unknown               Unknown  Unknown
forrtl: severe (174): SIGSEGV, segmentation fault occurred
Image              PC                Routine            Line        Source             
delphi             0000000000457839  Unknown               Unknown  Unknown
delphi             0000000000452D50  Unknown               Unknown  Unknown
delphi             0000000000404315  Unknown               Unknown  Unknown
delphi             000000000040372C  Unknown               Unknown  Unknown
libc.so.6          00002B8C73EBC830  Unknown               Unknown  Unknown
delphi             0000000000403629  Unknown               Unknown  Unknown
forrtl: severe (174): SIGSEGV, segmentation fault occurred
Image              PC                Routine            Line        Source             
delphi             0000000000457839  Unknown               Unknown  Unknown
delphi             0000000000452D50  Unknown               Unknown  Unknown
delphi             0000000000404315  Unknown               Unknown  Unknown
delphi             000000000040372C  Unknown               Unknown  Unknown
libc.so.6          00002B2C3BA66830  Unknown               Unknown  Unknown
delphi             0000000000403629  Unknown               Unknown  Unknown
forrtl: severe (174): SIGSEGV, segmentation fault occurred
Image              PC                Routine            Line        Source             
delphi             0000000000457BB6  Unknown               Unknown  Unknown
delphi             0000000000452D50  Unknown               Unknown  Unknown
delphi             0000000000404315  Unknown               Unknown  Unknown
delphi             000000000040372C  Unknown               Unknown  Unknown
libc.so.6          00002B7D33E89830  Unknown               Unknown  Unknown
delphi             0000000000403629  Unknown               Unknown  Unknown
forrtl: severe (174): SIGSEGV, segmentation fault occurred
Image              PC                Routine            Line        Source             
delphi             0000000000457716  Unknown               Unknown  Unknown
delphi             0000000000452D50  Unknown               Unknown  Unknown
delphi             0000000000404315  Unknown               Unknown  Unknown
delphi             000000000040372C  Unknown               Unknown  Unknown
libc.so.6          00002B39B81A3830  Unknown               Unknown  Unknown
delphi             0000000000403629  Unknown               Unknown  Unknown
forrtl: severe (174): SIGSEGV, segmentation fault occurred
Image              PC                Routine            Line        Source             
delphi             0000000000458A9A  Unknown               Unknown  Unknown
delphi             0000000000452D50  Unknown               Unknown  Unknown
delphi             0000000000404315  Unknown               Unknown  Unknown
delphi             000000000040372C  Unknown               Unknown  Unknown
libc.so.6          00002AABF07E3830  Unknown               Unknown  Unknown
delphi             0000000000403629  Unknown               Unknown  Unknown
forrtl: severe (174): SIGSEGV, segmentation fault occurred
Image              PC                Routine            Line        Source             
delphi             0000000000457F64  Unknown               Unknown  Unknown
delphi             0000000000452D50  Unknown               Unknown  Unknown
delphi             0000000000404315  Unknown               Unknown  Unknown
delphi             000000000040372C  Unknown               Unknown  Unknown
libc.so.6          00002AFF932EB830  Unknown               Unknown  Unknown
delphi             0000000000403629  Unknown               Unknown  Unknown
forrtl: severe (174): SIGSEGV, segmentation fault occurred
Image              PC                Routine            Line        Source             
delphi             0000000000457A7C  Unknown               Unknown  Unknown
delphi             0000000000452D50  Unknown               Unknown  Unknown
delphi             0000000000404315  Unknown               Unknown  Unknown
delphi             000000000040372C  Unknown               Unknown  Unknown
libc.so.6          00002B5843760830  Unknown               Unknown  Unknown
delphi             0000000000403629  Unknown               Unknown  Unknown
forrtl: severe (174): SIGSEGV, segmentation fault occurred
Image              PC                Routine            Line        Source             
delphi             0000000000457F64  Unknown               Unknown  Unknown
delphi             0000000000452D50  Unknown               Unknown  Unknown
delphi             0000000000404315  Unknown               Unknown  Unknown
delphi             000000000040372C  Unknown               Unknown  Unknown
libc.so.6          00002AACAFE7F830  Unknown               Unknown  Unknown
delphi             0000000000403629  Unknown               Unknown  Unknown
forrtl: severe (174): SIGSEGV, segmentation fault occurred
Image              PC                Routine            Line        Source             
delphi             0000000000457839  Unknown               Unknown  Unknown
delphi             0000000000452D50  Unknown               Unknown  Unknown
delphi             0000000000404315  Unknown               Unknown  Unknown
delphi             000000000040372C  Unknown               Unknown  Unknown
libc.so.6          00002B1C1283C830  Unknown               Unknown  Unknown
delphi             0000000000403629  Unknown               Unknown  Unknown
forrtl: severe (174): SIGSEGV, segmentation fault occurred
Image              PC                Routine            Line        Source             
delphi             0000000000457A7C  Unknown               Unknown  Unknown
delphi             0000000000452D50  Unknown               Unknown  Unknown
delphi             0000000000404315  Unknown               Unknown  Unknown
delphi             000000000040372C  Unknown               Unknown  Unknown
libc.so.6          00002AEAA541F830  Unknown               Unknown  Unknown
delphi             0000000000403629  Unknown               Unknown  Unknown
forrtl: severe (174): SIGSEGV, segmentation fault occurred
Image              PC                Routine            Line        Source             
delphi             0000000000457A7C  Unknown               Unknown  Unknown
delphi             0000000000452D50  Unknown               Unknown  Unknown
delphi             0000000000404315  Unknown               Unknown  Unknown
delphi             000000000040372C  Unknown               Unknown  Unknown
libc.so.6          00002ADD77DF5830  Unknown               Unknown  Unknown
delphi             0000000000403629  Unknown               Unknown  Unknown
forrtl: severe (174): SIGSEGV, segmentation fault occurred
Image              PC                Routine            Line        Source             
delphi             0000000000457A7C  Unknown               Unknown  Unknown
delphi             0000000000452D50  Unknown               Unknown  Unknown
delphi             0000000000404315  Unknown               Unknown  Unknown
delphi             000000000040372C  Unknown               Unknown  Unknown
libc.so.6          00002ABB5287A830  Unknown               Unknown  Unknown
delphi             0000000000403629  Unknown               Unknown  Unknown
forrtl: severe (174): SIGSEGV, segmentation fault occurred
Image              PC                Routine            Line        Source             
delphi             0000000000457A7C  Unknown               Unknown  Unknown
delphi             0000000000452D50  Unknown               Unknown  Unknown
delphi             0000000000404315  Unknown               Unknown  Unknown
delphi             000000000040372C  Unknown               Unknown  Unknown
libc.so.6          00002B736EBAB830  Unknown               Unknown  Unknown
delphi             0000000000403629  Unknown               Unknown  Unknown
forrtl: severe (174): SIGSEGV, segmentation fault occurred
Image              PC                Routine            Line        Source             
delphi             0000000000457A7C  Unknown               Unknown  Unknown
delphi             0000000000452D50  Unknown               Unknown  Unknown
delphi             0000000000404315  Unknown               Unknown  Unknown
delphi             000000000040372C  Unknown               Unknown  Unknown
libc.so.6          00002B4378E3C830  Unknown               Unknown  Unknown
delphi             0000000000403629  Unknown               Unknown  Unknown
forrtl: severe (174): SIGSEGV, segmentation fault occurred
Image              PC                Routine            Line        Source             
delphi             0000000000457BB6  Unknown               Unknown  Unknown
delphi             0000000000452D50  Unknown               Unknown  Unknown
delphi             0000000000404315  Unknown               Unknown  Unknown
delphi             000000000040372C  Unknown               Unknown  Unknown
libc.so.6          00002B4B0F8D0830  Unknown               Unknown  Unknown
delphi             0000000000403629  Unknown               Unknown  Unknown
forrtl: severe (174): SIGSEGV, segmentation fault occurred
Image              PC                Routine            Line        Source             
delphi             0000000000457839  Unknown               Unknown  Unknown
delphi             0000000000452D50  Unknown               Unknown  Unknown
delphi             0000000000404315  Unknown               Unknown  Unknown
delphi             000000000040372C  Unknown               Unknown  Unknown
libc.so.6          00002ACF33F4A830  Unknown               Unknown  Unknown
delphi             0000000000403629  Unknown               Unknown  Unknown
forrtl: severe (174): SIGSEGV, segmentation fault occurred
Image              PC                Routine            Line        Source             
delphi             0000000000457839  Unknown               Unknown  Unknown
delphi             0000000000452D50  Unknown               Unknown  Unknown
delphi             0000000000404315  Unknown               Unknown  Unknown
delphi             000000000040372C  Unknown               Unknown  Unknown
libc.so.6          00002AD6C48A2830  Unknown               Unknown  Unknown
delphi             0000000000403629  Unknown               Unknown  Unknown
forrtl: severe (174): SIGSEGV, segmentation fault occurred
Image              PC                Routine            Line        Source             
delphi             0000000000457603  Unknown               Unknown  Unknown
delphi             0000000000452D50  Unknown               Unknown  Unknown
delphi             0000000000404315  Unknown               Unknown  Unknown
delphi             000000000040372C  Unknown               Unknown  Unknown
libc.so.6          00002B10389B7830  Unknown               Unknown  Unknown
delphi             0000000000403629  Unknown               Unknown  Unknown
forrtl: severe (174): SIGSEGV, segmentation fault occurred
Image              PC                Routine            Line        Source             
delphi             0000000000458A9A  Unknown               Unknown  Unknown
delphi             0000000000452D50  Unknown               Unknown  Unknown
delphi             0000000000404315  Unknown               Unknown  Unknown
delphi             000000000040372C  Unknown               Unknown  Unknown
libc.so.6          00002B9AED996830  Unknown               Unknown  Unknown
delphi             0000000000403629  Unknown               Unknown  Unknown
forrtl: severe (174): SIGSEGV, segmentation fault occurred
Image              PC                Routine            Line        Source             
delphi             0000000000457603  Unknown               Unknown  Unknown
delphi             0000000000452D50  Unknown               Unknown  Unknown
delphi             0000000000404315  Unknown               Unknown  Unknown
delphi             000000000040372C  Unknown               Unknown  Unknown
libc.so.6          00002B1DF70F2830  Unknown               Unknown  Unknown
delphi             0000000000403629  Unknown               Unknown  Unknown
forrtl: severe (174): SIGSEGV, segmentation fault occurred
Image              PC                Routine            Line        Source             
delphi             0000000000458934  Unknown               Unknown  Unknown
delphi             0000000000452D50  Unknown               Unknown  Unknown
delphi             0000000000404315  Unknown               Unknown  Unknown
delphi             000000000040372C  Unknown               Unknown  Unknown
libc.so.6          00002B828FA39830  Unknown               Unknown  Unknown
delphi             0000000000403629  Unknown               Unknown  Unknown
forrtl: severe (174): SIGSEGV, segmentation fault occurred
Image              PC                Routine            Line        Source             
delphi             0000000000457603  Unknown               Unknown  Unknown
delphi             0000000000452D50  Unknown               Unknown  Unknown
delphi             0000000000404315  Unknown               Unknown  Unknown
delphi             000000000040372C  Unknown               Unknown  Unknown
libc.so.6          00002B5900CCE830  Unknown               Unknown  Unknown
delphi             0000000000403629  Unknown               Unknown  Unknown
forrtl: severe (174): SIGSEGV, segmentation fault occurred
Image              PC                Routine            Line        Source             
delphi             0000000000457A7C  Unknown               Unknown  Unknown
delphi             0000000000452D50  Unknown               Unknown  Unknown
delphi             0000000000404315  Unknown               Unknown  Unknown
delphi             000000000040372C  Unknown               Unknown  Unknown
libc.so.6          00002B65B471B830  Unknown               Unknown  Unknown
delphi             0000000000403629  Unknown               Unknown  Unknown
forrtl: severe (174): SIGSEGV, segmentation fault occurred
Image              PC                Routine            Line        Source             
delphi             0000000000457839  Unknown               Unknown  Unknown
delphi             0000000000452D50  Unknown               Unknown  Unknown
delphi             0000000000404315  Unknown               Unknown  Unknown
delphi             000000000040372C  Unknown               Unknown  Unknown
libc.so.6          00002B78934DF830  Unknown               Unknown  Unknown
delphi             0000000000403629  Unknown               Unknown  Unknown
forrtl: severe (174): SIGSEGV, segmentation fault occurred
Image              PC                Routine            Line        Source             
delphi             0000000000457603  Unknown               Unknown  Unknown
delphi             0000000000452D50  Unknown               Unknown  Unknown
delphi             0000000000404315  Unknown               Unknown  Unknown
delphi             000000000040372C  Unknown               Unknown  Unknown
libc.so.6          00002ACB039D3830  Unknown               Unknown  Unknown
delphi             0000000000403629  Unknown               Unknown  Unknown
forrtl: severe (174): SIGSEGV, segmentation fault occurred
Image              PC                Routine            Line        Source             
delphi             0000000000457716  Unknown               Unknown  Unknown
delphi             0000000000452D50  Unknown               Unknown  Unknown
delphi             0000000000404315  Unknown               Unknown  Unknown
delphi             000000000040372C  Unknown               Unknown  Unknown
libc.so.6          00002B3BE32F3830  Unknown               Unknown  Unknown
delphi             0000000000403629  Unknown               Unknown  Unknown
forrtl: severe (174): SIGSEGV, segmentation fault occurred
Image              PC                Routine            Line        Source             
delphi             000000000045D24C  Unknown               Unknown  Unknown
delphi             000000000045ABEC  Unknown               Unknown  Unknown
delphi             0000000000452D50  Unknown               Unknown  Unknown
delphi             0000000000404315  Unknown               Unknown  Unknown
delphi             000000000040372C  Unknown               Unknown  Unknown
libc.so.6          00002B9F0A76A830  Unknown               Unknown  Unknown
delphi             0000000000403629  Unknown               Unknown  Unknown
forrtl: severe (174): SIGSEGV, segmentation fault occurred
Image              PC                Routine            Line        Source             
delphi             000000000045D24C  Unknown               Unknown  Unknown
delphi             000000000045ABEC  Unknown               Unknown  Unknown
delphi             0000000000452D50  Unknown               Unknown  Unknown
delphi             0000000000404315  Unknown               Unknown  Unknown
delphi             000000000040372C  Unknown               Unknown  Unknown
libc.so.6          00002B34C3E36830  Unknown               Unknown  Unknown
delphi             0000000000403629  Unknown               Unknown  Unknown
forrtl: severe (174): SIGSEGV, segmentation fault occurred
Image              PC                Routine            Line        Source             
delphi             000000000045D24C  Unknown               Unknown  Unknown
delphi             000000000045ABEC  Unknown               Unknown  Unknown
delphi             0000000000452D50  Unknown               Unknown  Unknown
delphi             0000000000404315  Unknown               Unknown  Unknown
delphi             000000000040372C  Unknown               Unknown  Unknown
libc.so.6          00002B93E0AF8830  Unknown               Unknown  Unknown
delphi             0000000000403629  Unknown               Unknown  Unknown
forrtl: severe (174): SIGSEGV, segmentation fault occurred
Image              PC                Routine            Line        Source             
delphi             000000000045D24C  Unknown               Unknown  Unknown
delphi             000000000045ABEC  Unknown               Unknown  Unknown
delphi             0000000000452D50  Unknown               Unknown  Unknown
delphi             0000000000404315  Unknown               Unknown  Unknown
delphi             000000000040372C  Unknown               Unknown  Unknown
libc.so.6          00002B151CDA3830  Unknown               Unknown  Unknown
delphi             0000000000403629  Unknown               Unknown  Unknown
forrtl: severe (174): SIGSEGV, segmentation fault occurred
Image              PC                Routine            Line        Source             
delphi             000000000045D24C  Unknown               Unknown  Unknown
delphi             000000000045ABEC  Unknown               Unknown  Unknown
delphi             0000000000452D50  Unknown               Unknown  Unknown
delphi             0000000000404315  Unknown               Unknown  Unknown
delphi             000000000040372C  Unknown               Unknown  Unknown
libc.so.6          00002BA9F2E0E830  Unknown               Unknown  Unknown
delphi             0000000000403629  Unknown               Unknown  Unknown
forrtl: severe (174): SIGSEGV, segmentation fault occurred
Image              PC                Routine            Line        Source             
delphi             000000000045D24C  Unknown               Unknown  Unknown
delphi             000000000045ABEC  Unknown               Unknown  Unknown
delphi             0000000000452D50  Unknown               Unknown  Unknown
delphi             0000000000404315  Unknown               Unknown  Unknown
delphi             000000000040372C  Unknown               Unknown  Unknown
libc.so.6          00002B81DB2B4830  Unknown               Unknown  Unknown
delphi             0000000000403629  Unknown               Unknown  Unknown
forrtl: severe (174): SIGSEGV, segmentation fault occurred
Image              PC                Routine            Line        Source             
delphi             000000000045D24C  Unknown               Unknown  Unknown
delphi             000000000045ABEC  Unknown               Unknown  Unknown
delphi             0000000000452D50  Unknown               Unknown  Unknown
delphi             0000000000404315  Unknown               Unknown  Unknown
delphi             000000000040372C  Unknown               Unknown  Unknown
libc.so.6          00002AEA93688830  Unknown               Unknown  Unknown
delphi             0000000000403629  Unknown               Unknown  Unknown
forrtl: severe (174): SIGSEGV, segmentation fault occurred
Image              PC                Routine            Line        Source             
delphi             0000000000458A9A  Unknown               Unknown  Unknown
delphi             0000000000452D50  Unknown               Unknown  Unknown
delphi             0000000000404315  Unknown               Unknown  Unknown
delphi             000000000040372C  Unknown               Unknown  Unknown
libc.so.6          00002B5DBBD0D830  Unknown               Unknown  Unknown
delphi             0000000000403629  Unknown               Unknown  Unknown
forrtl: severe (174): SIGSEGV, segmentation fault occurred
Image              PC                Routine            Line        Source             
delphi             000000000045D24C  Unknown               Unknown  Unknown
delphi             000000000045ABEC  Unknown               Unknown  Unknown
delphi             0000000000452D50  Unknown               Unknown  Unknown
delphi             0000000000404315  Unknown               Unknown  Unknown
delphi             000000000040372C  Unknown               Unknown  Unknown
libc.so.6          00002B42FEA4C830  Unknown               Unknown  Unknown
delphi             0000000000403629  Unknown               Unknown  Unknown
forrtl: severe (174): SIGSEGV, segmentation fault occurred
Image              PC                Routine            Line        Source             
delphi             0000000000458934  Unknown               Unknown  Unknown
delphi             0000000000452D50  Unknown               Unknown  Unknown
delphi             0000000000404315  Unknown               Unknown  Unknown
delphi             000000000040372C  Unknown               Unknown  Unknown
libc.so.6          00002ADEF6D28830  Unknown               Unknown  Unknown
delphi             0000000000403629  Unknown               Unknown  Unknown
forrtl: severe (174): SIGSEGV, segmentation fault occurred
Image              PC                Routine            Line        Source             
delphi             000000000045D24C  Unknown               Unknown  Unknown
delphi             000000000045ABEC  Unknown               Unknown  Unknown
delphi             0000000000452D50  Unknown               Unknown  Unknown
delphi             0000000000404315  Unknown               Unknown  Unknown
delphi             000000000040372C  Unknown               Unknown  Unknown
libc.so.6          00002AB0950C0830  Unknown               Unknown  Unknown
delphi             0000000000403629  Unknown               Unknown  Unknown
forrtl: severe (174): SIGSEGV, segmentation fault occurred
Image              PC                Routine            Line        Source             
delphi             000000000045D24C  Unknown               Unknown  Unknown
delphi             000000000045ABEC  Unknown               Unknown  Unknown
delphi             0000000000452D50  Unknown               Unknown  Unknown
delphi             0000000000404315  Unknown               Unknown  Unknown
delphi             000000000040372C  Unknown               Unknown  Unknown
libc.so.6          00002AED14DCB830  Unknown               Unknown  Unknown
delphi             0000000000403629  Unknown               Unknown  Unknown
forrtl: severe (174): SIGSEGV, segmentation fault occurred
Image              PC                Routine            Line        Source             
delphi             000000000045D24C  Unknown               Unknown  Unknown
delphi             000000000045ABEC  Unknown               Unknown  Unknown
delphi             0000000000452D50  Unknown               Unknown  Unknown
delphi             0000000000404315  Unknown               Unknown  Unknown
delphi             000000000040372C  Unknown               Unknown  Unknown
libc.so.6          00002AC123E92830  Unknown               Unknown  Unknown
delphi             0000000000403629  Unknown               Unknown  Unknown
forrtl: severe (174): SIGSEGV, segmentation fault occurred
Image              PC                Routine            Line        Source             
delphi             0000000000457839  Unknown               Unknown  Unknown
delphi             0000000000452D50  Unknown               Unknown  Unknown
delphi             0000000000404315  Unknown               Unknown  Unknown
delphi             000000000040372C  Unknown               Unknown  Unknown
libc.so.6          00002AD0A95DE830  Unknown               Unknown  Unknown
delphi             0000000000403629  Unknown               Unknown  Unknown
forrtl: severe (174): SIGSEGV, segmentation fault occurred
Image              PC                Routine            Line        Source             
delphi             000000000045D24C  Unknown               Unknown  Unknown
delphi             000000000045ABEC  Unknown               Unknown  Unknown
delphi             0000000000452D50  Unknown               Unknown  Unknown
delphi             0000000000404315  Unknown               Unknown  Unknown
delphi             000000000040372C  Unknown               Unknown  Unknown
libc.so.6          00002B4BBDD62830  Unknown               Unknown  Unknown
delphi             0000000000403629  Unknown               Unknown  Unknown
forrtl: severe (174): SIGSEGV, segmentation fault occurred
Image              PC                Routine            Line        Source             
delphi             000000000045D24C  Unknown               Unknown  Unknown
delphi             000000000045ABEC  Unknown               Unknown  Unknown
delphi             0000000000452D50  Unknown               Unknown  Unknown
delphi             0000000000404315  Unknown               Unknown  Unknown
delphi             000000000040372C  Unknown               Unknown  Unknown
libc.so.6          00002B01F76B9830  Unknown               Unknown  Unknown
delphi             0000000000403629  Unknown               Unknown  Unknown
forrtl: severe (174): SIGSEGV, segmentation fault occurred
Image              PC                Routine            Line        Source             
delphi             000000000045D24C  Unknown               Unknown  Unknown
delphi             000000000045ABEC  Unknown               Unknown  Unknown
delphi             0000000000452D50  Unknown               Unknown  Unknown
delphi             0000000000404315  Unknown               Unknown  Unknown
delphi             000000000040372C  Unknown               Unknown  Unknown
libc.so.6          00002AE41A5A5830  Unknown               Unknown  Unknown
delphi             0000000000403629  Unknown               Unknown  Unknown
forrtl: severe (174): SIGSEGV, segmentation fault occurred
Image              PC                Routine            Line        Source             
delphi             000000000045D24C  Unknown               Unknown  Unknown
delphi             000000000045ABEC  Unknown               Unknown  Unknown
delphi             0000000000452D50  Unknown               Unknown  Unknown
delphi             0000000000404315  Unknown               Unknown  Unknown
delphi             000000000040372C  Unknown               Unknown  Unknown
libc.so.6          00002B1A4A685830  Unknown               Unknown  Unknown
delphi             0000000000403629  Unknown               Unknown  Unknown
forrtl: severe (174): SIGSEGV, segmentation fault occurred
Image              PC                Routine            Line        Source             
delphi             000000000045D24C  Unknown               Unknown  Unknown
delphi             000000000045ABEC  Unknown               Unknown  Unknown
delphi             0000000000452D50  Unknown               Unknown  Unknown
delphi             0000000000404315  Unknown               Unknown  Unknown
delphi             000000000040372C  Unknown               Unknown  Unknown
libc.so.6          00002B698FFBD830  Unknown               Unknown  Unknown
delphi             0000000000403629  Unknown               Unknown  Unknown
forrtl: severe (174): SIGSEGV, segmentation fault occurred
Image              PC                Routine            Line        Source             
delphi             000000000045D24C  Unknown               Unknown  Unknown
delphi             000000000045ABEC  Unknown               Unknown  Unknown
delphi             0000000000452D50  Unknown               Unknown  Unknown
delphi             0000000000404315  Unknown               Unknown  Unknown
delphi             000000000040372C  Unknown               Unknown  Unknown
libc.so.6          00002B965392D830  Unknown               Unknown  Unknown
delphi             0000000000403629  Unknown               Unknown  Unknown
forrtl: severe (174): SIGSEGV, segmentation fault occurred
Image              PC                Routine            Line        Source             
delphi             000000000045D24C  Unknown               Unknown  Unknown
delphi             000000000045ABEC  Unknown               Unknown  Unknown
delphi             0000000000452D50  Unknown               Unknown  Unknown
delphi             0000000000404315  Unknown               Unknown  Unknown
delphi             000000000040372C  Unknown               Unknown  Unknown
libc.so.6          00002AF64A699830  Unknown               Unknown  Unknown
delphi             0000000000403629  Unknown               Unknown  Unknown
forrtl: severe (174): SIGSEGV, segmentation fault occurred
Image              PC                Routine            Line        Source             
delphi             000000000045D24C  Unknown               Unknown  Unknown
delphi             000000000045ABEC  Unknown               Unknown  Unknown
delphi             0000000000452D50  Unknown               Unknown  Unknown
delphi             0000000000404315  Unknown               Unknown  Unknown
delphi             000000000040372C  Unknown               Unknown  Unknown
libc.so.6          00002AF199974830  Unknown               Unknown  Unknown
delphi             0000000000403629  Unknown               Unknown  Unknown
forrtl: severe (174): SIGSEGV, segmentation fault occurred
Image              PC                Routine            Line        Source             
delphi             000000000045D24C  Unknown               Unknown  Unknown
delphi             000000000045ABEC  Unknown               Unknown  Unknown
delphi             0000000000452D50  Unknown               Unknown  Unknown
delphi             0000000000404315  Unknown               Unknown  Unknown
delphi             000000000040372C  Unknown               Unknown  Unknown
libc.so.6          00002AD6289F6830  Unknown               Unknown  Unknown
delphi             0000000000403629  Unknown               Unknown  Unknown
forrtl: severe (174): SIGSEGV, segmentation fault occurred
Image              PC                Routine            Line        Source             
delphi             000000000045D24C  Unknown               Unknown  Unknown
delphi             000000000045ABEC  Unknown               Unknown  Unknown
delphi             0000000000452D50  Unknown               Unknown  Unknown
delphi             0000000000404315  Unknown               Unknown  Unknown
delphi             000000000040372C  Unknown               Unknown  Unknown
libc.so.6          00002B5B61D51830  Unknown               Unknown  Unknown
delphi             0000000000403629  Unknown               Unknown  Unknown
forrtl: severe (174): SIGSEGV, segmentation fault occurred
Image              PC                Routine            Line        Source             
delphi             000000000045D24C  Unknown               Unknown  Unknown
delphi             000000000045ABEC  Unknown               Unknown  Unknown
delphi             0000000000452D50  Unknown               Unknown  Unknown
delphi             0000000000404315  Unknown               Unknown  Unknown
delphi             000000000040372C  Unknown               Unknown  Unknown
libc.so.6          00002AC44ECE4830  Unknown               Unknown  Unknown
delphi             0000000000403629  Unknown               Unknown  Unknown
forrtl: severe (174): SIGSEGV, segmentation fault occurred
Image              PC                Routine            Line        Source             
delphi             000000000045D24C  Unknown               Unknown  Unknown
delphi             000000000045ABEC  Unknown               Unknown  Unknown
delphi             0000000000452D50  Unknown               Unknown  Unknown
delphi             0000000000404315  Unknown               Unknown  Unknown
delphi             000000000040372C  Unknown               Unknown  Unknown
libc.so.6          00002B00D1131830  Unknown               Unknown  Unknown
delphi             0000000000403629  Unknown               Unknown  Unknown
forrtl: severe (174): SIGSEGV, segmentation fault occurred
Image              PC                Routine            Line        Source             
delphi             000000000045D24C  Unknown               Unknown  Unknown
delphi             000000000045ABEC  Unknown               Unknown  Unknown
delphi             0000000000452D50  Unknown               Unknown  Unknown
delphi             0000000000404315  Unknown               Unknown  Unknown
delphi             000000000040372C  Unknown               Unknown  Unknown
libc.so.6          00002B2666960830  Unknown               Unknown  Unknown
delphi             0000000000403629  Unknown               Unknown  Unknown
forrtl: severe (174): SIGSEGV, segmentation fault occurred
Image              PC                Routine            Line        Source             
delphi             000000000045D24C  Unknown               Unknown  Unknown
delphi             000000000045ABEC  Unknown               Unknown  Unknown
delphi             0000000000452D50  Unknown               Unknown  Unknown
delphi             0000000000404315  Unknown               Unknown  Unknown
delphi             000000000040372C  Unknown               Unknown  Unknown
libc.so.6          00002B1C0CBCD830  Unknown               Unknown  Unknown
delphi             0000000000403629  Unknown               Unknown  Unknown
forrtl: severe (174): SIGSEGV, segmentation fault occurred
Image              PC                Routine            Line        Source             
delphi             000000000045D24C  Unknown               Unknown  Unknown
delphi             000000000045ABEC  Unknown               Unknown  Unknown
delphi             0000000000452D50  Unknown               Unknown  Unknown
delphi             0000000000404315  Unknown               Unknown  Unknown
delphi             000000000040372C  Unknown               Unknown  Unknown
libc.so.6          00002B7CD6521830  Unknown               Unknown  Unknown
delphi             0000000000403629  Unknown               Unknown  Unknown
forrtl: severe (174): SIGSEGV, segmentation fault occurred
Image              PC                Routine            Line        Source             
delphi             000000000045D24C  Unknown               Unknown  Unknown
delphi             000000000045ABEC  Unknown               Unknown  Unknown
delphi             0000000000452D50  Unknown               Unknown  Unknown
delphi             0000000000404315  Unknown               Unknown  Unknown
delphi             000000000040372C  Unknown               Unknown  Unknown
libc.so.6          00002B3C385D2830  Unknown               Unknown  Unknown
delphi             0000000000403629  Unknown               Unknown  Unknown
forrtl: severe (174): SIGSEGV, segmentation fault occurred
Image              PC                Routine            Line        Source             
delphi             000000000045D24C  Unknown               Unknown  Unknown
delphi             000000000045ABEC  Unknown               Unknown  Unknown
delphi             0000000000452D50  Unknown               Unknown  Unknown
delphi             0000000000404315  Unknown               Unknown  Unknown
delphi             000000000040372C  Unknown               Unknown  Unknown
libc.so.6          00002AD40B62F830  Unknown               Unknown  Unknown
delphi             0000000000403629  Unknown               Unknown  Unknown
