   confID        vdw0    sas     sum
NTR01B3639_001  -0.003  -3.109  -3.113
NTR+1B3639_002  -0.005  -3.109  -3.115
THR01B3639_001   0.157  -4.005  -3.848
PRO01B3640_001   0.416  -3.663  -3.247
LEU01B3641_001   2.404  -9.832  -7.428
TYR01B3642_001   5.104 -10.121  -5.018
TYR-1B3642_002   5.104 -10.121  -5.018
ASN01B3643_001   0.730  -2.078  -1.348
ASN01B3643_002   0.356  -2.032  -1.677
LEU01B3644_001   1.876  -2.347  -0.471
PRO01B3645_001   0.265  -3.237  -2.972
THR01B3646_001   0.277  -7.009  -6.732
HIS01B3647_001  -0.176  -8.706  -8.882
HIS01B3647_002  -0.133  -8.366  -8.499
HIS02B3647_003  -0.194  -8.706  -8.900
HIS02B3647_004  -0.146  -8.366  -8.512
HIS+1B3647_005  -0.221  -8.706  -8.927
HIS+1B3647_006  -0.172  -8.366  -8.538
ARG01B3648_001   3.723  -8.527  -4.804
ARG02B3648_002   3.698  -8.527  -4.828
ARG03B3648_003   3.708  -8.527  -4.819
ARG+1B3648_004   3.659  -8.527  -4.868
ALA01B3649_001   0.000  -1.149  -1.149
CYS01B3650_001  -0.002  -3.720  -3.721
CYS01B3650_002  -0.002  -3.720  -3.721
CYS01B3650_003  -0.003  -3.720  -3.722
CYS-1B3650_004   0.000  -3.720  -3.720
ASN01B3651_001   0.503  -2.987  -2.484
ASN01B3651_002   0.236  -2.929  -2.693
MET01B3652_001   0.800  -6.652  -5.852
PHE01B3653_001   4.664  -8.027  -3.363
LEU01B3654_001   2.172  -6.487  -4.315
GLU01B3655_001   1.291  -3.150  -1.859
GLU01B3655_002   1.291  -3.150  -1.859
GLU02B3655_003   1.121  -3.056  -1.935
GLU02B3655_004   1.121  -3.056  -1.935
GLU-1B3655_005   1.008  -2.893  -1.885
SER01B3656_001   0.000  -3.076  -3.076
TYR01B3657_001   5.498  -5.687  -0.189
TYR-1B3657_002   5.498  -5.687  -0.189
LYS01B3658_001   5.011  -7.550  -2.539
LYS+1B3658_002   4.963  -7.550  -2.587
ALA01B3659_001   0.000  -4.926  -4.926
ALA01B3660_001   0.000  -2.576  -2.576
TRP01B3661_001   3.797  -4.632  -0.834
ILE01B3662_001   2.783  -9.816  -7.033
LEU01B3663_001   2.035  -4.704  -2.669
THR01B3664_001   0.213  -4.936  -4.723
THR01B3664_002   0.213  -4.936  -4.723
GLU01B3665_001   1.449  -3.239  -1.790
GLU01B3665_002   1.449  -3.239  -1.790
GLU02B3665_003   1.236  -3.197  -1.961
GLU02B3665_004   1.236  -3.197  -1.961
GLU-1B3665_005   1.126  -3.155  -2.029
ASP01B3666_001   0.497  -1.919  -1.423
ASP01B3666_002   0.497  -1.919  -1.423
ASP02B3666_003   0.502  -1.723  -1.221
ASP02B3666_004   0.502  -1.723  -1.221
ASP-1B3666_005   0.409  -1.809  -1.400
HIS01B3667_001  -0.117  -4.176  -4.293
HIS01B3667_002  -0.050  -4.263  -4.314
HIS02B3667_003  -0.138  -4.176  -4.314
HIS02B3667_004  -0.062  -4.263  -4.326
HIS+1B3667_005  -0.165  -4.176  -4.341
HIS+1B3667_006  -0.089  -4.263  -4.352
SER01B3668_001   0.000  -3.402  -3.402
SER01B3668_002   0.000  -3.402  -3.402
PHE01B3669_001   4.742  -5.754  -1.013
GLU01B3670_001   0.870  -0.241   0.629
GLU01B3670_002   0.870  -0.241   0.629
GLU02B3670_003   0.799  -0.326   0.473
GLU02B3670_004   0.799  -0.326   0.473
GLU-1B3670_005   0.684  -0.241   0.442
ASP01B3671_001   0.188  -1.246  -1.057
ASP01B3671_002   0.188  -1.246  -1.057
ASP02B3671_003   0.293  -1.228  -0.935
ASP02B3671_004   0.293  -1.228  -0.935
ASP-1B3671_005   0.183  -1.206  -1.023
ARG01B3672_001  13.973  -9.213   4.760
ARG02B3672_002  13.918  -9.213   4.706
ARG03B3672_003  13.916  -9.213   4.703
ARG+1B3672_004  13.869  -9.213   4.656
MET01B3673_001   0.467  -3.816  -3.349
ILE01B3674_001   3.015  -0.412   2.603
ASP01B3675_001   0.295  -1.060  -0.764
ASP01B3675_002   0.295  -1.060  -0.764
ASP02B3675_003   0.405  -1.110  -0.705
ASP02B3675_004   0.405  -1.110  -0.705
ASP-1B3675_005   0.278  -1.029  -0.751
ASP01B3676_001   0.026  -1.319  -1.293
ASP01B3676_002   0.026  -1.319  -1.293
ASP02B3676_003   0.078  -1.334  -1.256
ASP02B3676_004   0.078  -1.334  -1.256
ASP-1B3676_005   0.021  -1.283  -1.262
LEU01B3677_001   4.979  -2.144   2.835
SER01B3678_001   0.000  -0.769  -0.769
SER01B3678_002   0.000  -0.769  -0.769
LYS01B3679_001   3.992  -6.402  -2.410
LYS+1B3679_002   3.951  -6.402  -2.452
ALA01B3680_001   0.000  -3.380  -3.380
GLU01B3682_001   0.498  -3.148  -2.650
GLU01B3682_002   0.498  -3.148  -2.650
GLU02B3682_003   0.664  -3.039  -2.375
GLU02B3682_004   0.664  -3.039  -2.375
GLU-1B3682_005   0.467  -3.092  -2.625
GLN01B3683_001   0.452  -1.077  -0.625
GLU01B3684_001   0.497  -4.045  -3.548
GLU01B3684_002   0.497  -4.045  -3.548
GLU02B3684_003   0.663  -4.047  -3.384
GLU02B3684_004   0.663  -4.047  -3.384
GLU-1B3684_005   0.466  -3.988  -3.522
GLU01B3685_001   0.498  -4.231  -3.734
GLU01B3685_002   0.498  -4.231  -3.734
GLU02B3685_003   0.664  -4.387  -3.723
GLU02B3685_004   0.664  -4.387  -3.723
GLU-1B3685_005   0.466  -4.194  -3.728
GLU01B3686_001   0.500  -2.531  -2.030
GLU01B3686_002   0.500  -2.531  -2.030
GLU02B3686_003   0.667  -2.774  -2.107
GLU02B3686_004   0.667  -2.774  -2.107
GLU-1B3686_005   0.469  -2.588  -2.119
GLU01B3687_001   0.499  -2.529  -2.030
GLU01B3687_002   0.499  -2.529  -2.030
GLU02B3687_003   0.665  -2.491  -1.825
GLU02B3687_004   0.665  -2.491  -1.825
GLU-1B3687_005   0.468  -2.481  -2.013
GLU01B3688_001   0.500  -4.053  -3.553
GLU01B3688_002   0.500  -4.053  -3.553
GLU02B3688_003   0.666  -4.117  -3.451
GLU02B3688_004   0.666  -4.117  -3.451
GLU-1B3688_005   0.468  -3.940  -3.472
GLU01B3689_001   0.499  -4.280  -3.782
GLU01B3689_002   0.499  -4.280  -3.782
GLU02B3689_003   0.665  -4.201  -3.536
GLU02B3689_004   0.665  -4.201  -3.536
GLU-1B3689_005   0.467  -4.182  -3.714
VAL01B3690_001   0.503  -2.421  -1.918
GLU01B3691_001   0.499  -4.163  -3.664
GLU01B3691_002   0.499  -4.163  -3.664
GLU02B3691_003   0.665  -4.196  -3.531
GLU02B3691_004   0.665  -4.196  -3.531
GLU-1B3691_005   0.468  -4.083  -3.615
GLU01B3692_001   0.499  -3.697  -3.198
GLU01B3692_002   0.499  -3.697  -3.198
GLU02B3692_003   0.666  -3.825  -3.159
GLU02B3692_004   0.666  -3.825  -3.159
GLU-1B3692_005   0.468  -3.686  -3.218
LYS01B3693_001   3.805  -7.005  -3.199
LYS+1B3693_002   3.711  -7.005  -3.294
LYS01B3694_001   1.923  -5.382  -3.460
LYS+1B3694_002   1.844  -5.382  -3.539
PRO01B3695_001   0.324  -2.072  -1.749
ASP01B3696_001   0.229  -0.560  -0.331
ASP01B3696_002   0.229  -0.560  -0.331
ASP02B3696_003   0.326  -0.752  -0.426
ASP02B3696_004   0.326  -0.752  -0.426
ASP-1B3696_005   0.215  -0.586  -0.371
PRO01B3697_001   0.317  -2.746  -2.430
LEU01B3698_001   3.994  -0.103   3.891
HIS01B3699_001  -0.093  -2.018  -2.111
HIS01B3699_002  -0.042  -2.036  -2.078
HIS02B3699_003  -0.112  -2.018  -2.130
HIS02B3699_004  -0.055  -2.036  -2.091
HIS+1B3699_005  -0.140  -2.018  -2.157
HIS+1B3699_006  -0.082  -2.036  -2.118
GLN01B3700_001   1.260  -2.176  -0.916
GLN01B3700_002   2.026  -2.284  -0.257
LEU01B3701_001   3.905  -1.803   2.102
VAL01B3702_001   0.764  -0.258   0.507
LEU01B3703_001   1.506  -4.256  -2.750
HIS01B3704_001  -0.144  -7.495  -7.639
HIS01B3704_002  -0.106  -7.577  -7.683
HIS02B3704_003  -0.162  -7.495  -7.657
HIS02B3704_004  -0.120  -7.577  -7.697
HIS+1B3704_005  -0.189  -7.495  -7.684
HIS+1B3704_006  -0.147  -7.577  -7.724
PHE01B3705_001   5.781  -0.186   5.595
SER01B3706_001   0.000  -1.468  -1.468
ARG01B3707_001   4.344 -10.455  -6.111
ARG02B3707_002   4.328 -10.455  -6.126
ARG03B3707_003   4.322 -10.455  -6.132
ARG+1B3707_004   4.278 -10.455  -6.176
THR01B3708_001   0.434  -2.178  -1.744
ALA01B3709_001   0.000   0.000   0.000
LEU01B3710_001   1.446  -5.869  -4.423
THR01B3711_001   0.232  -4.690  -4.458
THR01B3711_002   0.232  -4.690  -4.458
GLU01B3712_001   4.086  -3.886   0.200
GLU01B3712_002   4.086  -3.886   0.200
GLU02B3712_003   3.377  -3.816  -0.438
GLU02B3712_004   3.377  -3.816  -0.438
GLU-1B3712_005   3.292  -3.788  -0.496
LYS01B3713_001   3.867  -4.130  -0.263
LYS+1B3713_002   3.816  -4.130  -0.314
SER01B3714_001   0.000  -4.790  -4.790
LYS01B3715_001   5.216  -8.877  -3.661
LYS+1B3715_002   5.169  -8.877  -3.708
LEU01B3716_001   1.880  -0.583   1.298
ASP01B3717_001   0.141  -1.923  -1.782
ASP01B3717_002   0.141  -1.923  -1.782
ASP02B3717_003   0.218  -2.078  -1.860
ASP02B3717_004   0.218  -2.078  -1.860
ASP-1B3717_005   0.132  -1.916  -1.785
GLU01B3718_001   1.795  -2.980  -1.185
GLU01B3718_002   1.795  -2.980  -1.185
GLU02B3718_003   1.469  -2.943  -1.475
GLU02B3718_004   1.469  -2.943  -1.475
GLU-1B3718_005   1.388  -2.957  -1.570
ASP01B3719_001   0.051  -0.857  -0.806
ASP01B3719_002   0.051  -0.857  -0.806
ASP02B3719_003   0.112  -0.841  -0.729
ASP02B3719_004   0.112  -0.841  -0.729
ASP-1B3719_005   0.046  -0.896  -0.850
TYR01B3720_001   4.347 -12.101  -7.754
TYR-1B3720_002   4.347 -12.101  -7.754
LEU01B3721_001   5.163  -5.698  -0.535
TYR01B3722_001   4.957   0.000   4.957
TYR-1B3722_002   4.957   0.000   4.957
MET01B3723_001   0.902  -1.031  -0.130
ALA01B3724_001   0.000  -1.542  -1.542
TYR01B3725_001   4.923  -3.509   1.413
TYR-1B3725_002   4.923  -3.509   1.413
ALA01B3726_001   0.000   0.000   0.000
ASP01B3727_001   0.070  -1.846  -1.776
ASP01B3727_002   0.070  -1.846  -1.776
ASP02B3727_003   0.142  -1.937  -1.795
ASP02B3727_004   0.142  -1.937  -1.795
ASP-1B3727_005   0.067  -1.895  -1.828
ILE01B3728_001   2.242  -0.515   1.726
MET01B3729_001   0.051  -0.525  -0.474
ALA01B3730_001   0.000  -0.412  -0.412
LYS01B3731_001   3.202  -3.382  -0.180
LYS+1B3731_002   3.135  -3.382  -0.247
SER01B3732_001   0.000  -0.060  -0.060
SER01B3732_002   0.000  -0.060  -0.060
SER01B3732_003   0.000  -0.060  -0.060
CYS01B3733_001  -0.002   0.000  -0.002
CYS01B3733_002  -0.002   0.000  -0.002
CYS01B3733_003  -0.002   0.000  -0.002
CYS-1B3733_004   0.000   0.000   0.000
HIS01B3734_001  -0.354  -2.758  -3.112
HIS02B3734_002  -0.363  -2.758  -3.121
HIS+1B3734_003  -0.382  -2.758  -3.140
LEU01B3735_001   1.457  -1.854  -0.398
GLU01B3736_001   0.497  -0.181   0.316
GLU01B3736_002   0.497  -0.181   0.316
GLU02B3736_003   0.663  -0.138   0.525
GLU02B3736_004   0.663  -0.138   0.525
GLU-1B3736_005   0.466  -0.138   0.328
GLU01B3737_001   0.500  -1.663  -1.163
GLU01B3737_002   0.500  -1.663  -1.163
GLU02B3737_003   0.666  -1.589  -0.922
GLU02B3737_004   0.666  -1.589  -0.922
GLU-1B3737_005   0.468  -1.619  -1.151
GLU01B3740_001   0.500  -0.979  -0.480
GLU01B3740_002   0.500  -0.979  -0.480
GLU02B3740_003   0.666  -1.032  -0.366
GLU02B3740_004   0.666  -1.032  -0.366
GLU-1B3740_005   0.468  -1.029  -0.561
ASN01B3741_001  -0.020  -2.096  -2.116
CTR01B3741_001  -0.021  -4.431  -4.452
CTR01B3741_002   0.105  -4.470  -4.364
CTR02B3741_003  -0.022  -4.489  -4.511
CTR02B3741_004   0.041  -4.624  -4.583
CTR-1B3741_005   0.000  -4.431  -4.431
NTR01B3747_001  -0.003  -3.499  -3.502
NTR+1B3747_002  -0.005  -3.499  -3.504
GLU01B3747_001   0.500  -4.589  -4.089
GLU01B3747_002   0.500  -4.589  -4.089
GLU02B3747_003   0.667  -4.654  -3.987
GLU02B3747_004   0.667  -4.654  -3.987
GLU-1B3747_005   0.469  -4.521  -4.053
GLU01B3748_001   0.499  -3.898  -3.399
GLU01B3748_002   0.499  -3.898  -3.399
GLU02B3748_003   0.665  -3.867  -3.202
GLU02B3748_004   0.665  -3.867  -3.202
GLU-1B3748_005   0.468  -3.755  -3.287
VAL01B3749_001   0.502  -7.839  -7.338
GLU01B3750_001   1.528  -2.166  -0.637
GLU01B3750_002   1.528  -2.166  -0.637
GLU02B3750_003   1.294  -2.171  -0.877
GLU02B3750_004   1.294  -2.171  -0.877
GLU-1B3750_005   1.187  -2.117  -0.930
VAL01B3751_001   0.731  -4.617  -3.885
SER01B3752_001   0.000  -2.548  -2.548
SER01B3752_002   0.000  -2.548  -2.548
SER01B3752_003   0.000  -2.548  -2.548
PHE01B3753_001   5.197  -7.544  -2.348
GLU01B3754_001   3.288  -2.355   0.933
GLU01B3754_002   3.288  -2.355   0.933
GLU02B3754_003   2.633  -2.248   0.385
GLU02B3754_004   2.633  -2.248   0.385
GLU-1B3754_005   2.565  -2.199   0.366
GLU01B3755_001   1.397  -0.711   0.687
GLU01B3755_002   1.397  -0.711   0.687
GLU02B3755_003   1.234  -0.803   0.431
GLU02B3755_004   1.234  -0.803   0.431
GLU-1B3755_005   1.108  -0.668   0.440
LYS01B3756_001   3.278  -4.594  -1.316
LYS+1B3756_002   3.228  -4.594  -1.366
GLU01B3757_001   2.332  -0.583   1.749
GLU01B3757_002   2.332  -0.583   1.749
GLU02B3757_003   1.833  -0.623   1.210
GLU02B3757_004   1.833  -0.623   1.210
GLU-1B3757_005   1.782  -0.573   1.209
MET01B3758_001   0.418  -1.744  -1.326
GLU01B3759_001   6.561  -0.809   5.752
GLU01B3759_002   6.561  -0.809   5.752
GLU02B3759_003   5.291  -0.937   4.354
GLU02B3759_004   5.291  -0.937   4.354
GLU-1B3759_005   5.210  -0.909   4.301
LYS01B3760_001   4.095  -5.404  -1.309
LYS+1B3760_002   4.048  -5.404  -1.356
GLN01B3761_001   1.209  -1.545  -0.337
GLN01B3761_002   1.699  -1.301   0.398
ARG01B3762_001  12.119  -0.193  11.926
ARG02B3762_002  12.056  -0.193  11.863
ARG03B3762_003  12.056  -0.193  11.863
ARG+1B3762_004  12.008  -0.193  11.816
LEU01B3763_001   2.240  -1.578   0.662
LEU01B3764_001   6.578  -0.650   5.928
TYR01B3765_001   5.222  -5.153   0.069
TYR01B3765_002   5.222  -5.153   0.069
TYR-1B3765_003   5.222  -5.153   0.069
GLN01B3766_001  12.330  -0.276  12.054
GLN01B3767_001   4.196   0.000   4.196
GLN01B3767_002   2.743  -0.013   2.730
SER01B3768_001   0.000  -2.006  -2.006
SER01B3768_002   0.000  -2.006  -2.006
ARG01B3769_001   3.782  -1.151   2.631
ARG02B3769_002   3.798  -1.151   2.647
ARG03B3769_003   3.734  -1.151   2.583
ARG+1B3769_004   3.693  -1.151   2.542
LEU01B3770_001   2.546  -0.737   1.809
HIS01B3771_001  -0.132  -2.524  -2.655
HIS02B3771_002  -0.150  -2.524  -2.674
HIS+1B3771_003  -0.177  -2.524  -2.701
THR01B3772_001   0.575  -0.987  -0.413
THR01B3772_002   0.575  -0.987  -0.413
THR01B3772_003   0.575  -0.987  -0.413
ARG01B3773_001   2.807  -9.080  -6.274
ARG02B3773_002   2.792  -9.080  -6.289
ARG03B3773_003   2.787  -9.080  -6.293
ARG+1B3773_004   2.744  -9.080  -6.337
ALA01B3775_001   0.000   0.000   0.000
ALA01B3776_001   0.000   0.000   0.000
GLU01B3777_001   5.709  -1.133   4.576
GLU01B3777_002   5.709  -1.133   4.576
GLU02B3777_003   4.639  -1.240   3.399
GLU02B3777_004   4.639  -1.240   3.399
GLU-1B3777_005   4.537  -1.103   3.435
MET01B3778_001   1.062  -0.048   1.014
VAL01B3779_001   1.390  -0.206   1.184
LEU01B3780_001   2.178  -0.103   2.075
GLN01B3781_001   6.695  -0.518   6.177
MET01B3782_001   1.476  -0.096   1.380
ILE01B3783_001   1.712  -0.258   1.455
SER01B3784_001   0.000  -1.625  -1.625
SER01B3784_002   0.000  -1.625  -1.625
ALA01B3785_001   0.000  -0.103  -0.103
CYS01B3786_001  -0.002   0.000  -0.002
CYS01B3786_002  -0.002   0.000  -0.002
CYS01B3786_003  -0.003   0.000  -0.003
CYS-1B3786_004   0.000   0.000   0.000
LYS01B3787_001   2.457  -5.338  -2.880
LYS+1B3787_002   2.404  -5.338  -2.934
GLU01B3789_001   1.355  -1.175   0.180
GLU01B3789_002   1.355  -1.175   0.180
GLU02B3789_003   1.229  -1.266  -0.037
GLU02B3789_004   1.229  -1.266  -0.037
GLU-1B3789_005   1.107  -1.161  -0.054
THR01B3790_001   0.285  -3.209  -2.924
THR01B3790_002   0.285  -3.209  -2.924
ALA01B3792_001   0.000  -3.467  -3.467
MET01B3793_001  -0.020  -0.443  -0.463
VAL01B3794_001   1.095   0.000   1.095
SER01B3795_001   0.000  -0.753  -0.753
SER01B3795_002   0.000  -0.753  -0.753
SER01B3796_001   0.000  -0.638  -0.638
SER01B3796_002   0.000  -0.638  -0.638
SER01B3796_003   0.000  -0.638  -0.638
THR01B3797_001   0.204   0.000   0.204
THR01B3797_002   0.204   0.000   0.204
LEU01B3798_001   2.166  -0.258   1.908
LYS01B3799_001   1.896  -3.698  -1.803
LYS+1B3799_002   1.851  -3.698  -1.847
LEU01B3800_001   1.789   0.000   1.789
ILE01B3802_001   2.010  -0.821   1.189
SER01B3803_001   0.000  -0.181  -0.181
SER01B3803_002   0.000  -0.181  -0.181
SER01B3803_003   0.000  -0.181  -0.181
ILE01B3804_001   2.342   0.000   2.342
LEU01B3805_001   4.856   0.000   4.856
ASN01B3806_001   0.219  -0.812  -0.593
ASN01B3806_002   0.034  -0.974  -0.940
ASN01B3809_001   0.757  -0.724   0.034
ASN01B3809_002   0.414  -0.827  -0.413
ALA01B3810_001   0.000  -2.196  -2.196
GLU01B3811_001   1.551  -2.496  -0.944
GLU01B3811_002   1.551  -2.496  -0.944
GLU02B3811_003   1.310  -2.503  -1.194
GLU02B3811_004   1.310  -2.503  -1.194
GLU-1B3811_005   1.206  -2.488  -1.282
VAL01B3812_001   0.704  -0.103   0.600
GLN01B3813_001   3.615   0.000   3.615
GLN01B3813_002   5.934  -0.039   5.895
GLN01B3814_001   1.349  -2.392  -1.043
GLN01B3814_002   1.109  -2.272  -1.163
LYS01B3815_001   1.943  -0.720   1.223
LYS+1B3815_002   1.896  -0.720   1.176
MET01B3816_001  20.911  -0.307  20.604
LEU01B3817_001   1.989  -0.618   1.371
ASP01B3818_001   0.652  -1.964  -1.312
ASP01B3818_002   0.652  -1.964  -1.312
ASP02B3818_003   0.687  -1.965  -1.278
ASP02B3818_004   0.687  -1.965  -1.278
ASP-1B3818_005   0.557  -1.930  -1.373
TYR01B3819_001   5.886  -2.544   3.342
TYR-1B3819_002   5.886  -2.544   3.342
LEU01B3820_001   4.438  -0.155   4.284
LYS01B3821_001  11.777  -4.639   7.138
LYS+1B3821_002  11.887  -4.639   7.248
ASP01B3822_001   0.664  -2.590  -1.925
ASP01B3822_002   0.664  -2.590  -1.925
ASP02B3822_003   0.712  -2.612  -1.899
ASP02B3822_004   0.712  -2.612  -1.899
ASP-1B3822_005   0.573  -2.550  -1.976
LYS01B3823_001   3.770  -2.538   1.232
LYS+1B3823_002   3.675  -2.538   1.138
LYS01B3824_001   2.008  -5.930  -3.922
LYS+1B3824_002   1.923  -5.930  -4.006
GLU01B3825_001   0.949  -0.692   0.257
GLU01B3825_002   0.949  -0.692   0.257
GLU02B3825_003   0.918  -0.741   0.178
GLU02B3825_004   0.918  -0.741   0.178
GLU-1B3825_005   0.789  -0.692   0.097
CTR01B3825_001  -0.021  -1.622  -1.643
CTR01B3825_002   0.129  -1.622  -1.493
CTR02B3825_003  -0.022  -1.796  -1.818
CTR02B3825_004   0.053  -1.525  -1.472
CTR-1B3825_005   0.000  -1.622  -1.622
NTR01B3828_001  -0.003  -0.899  -0.902
NTR+1B3828_002  -0.005  -0.899  -0.904
PHE01B3828_001   6.388  -0.505   5.883
PHE01B3829_001   5.931  -0.961   4.970
GLN01B3830_001  14.172  -2.563  11.610
SER01B3831_001   0.000  -0.192  -0.192
ILE01B3832_001   3.024  -0.876   2.148
GLN01B3833_001   6.127  -2.325   3.802
ALA01B3834_001   0.000  -1.870  -1.870
LEU01B3835_001   2.837   0.000   2.837
MET01B3836_001  -0.105  -3.575  -3.681
GLN01B3837_001   5.426  -2.639   2.787
THR01B3838_001   0.295  -2.995  -2.700
THR01B3838_002   0.295  -2.995  -2.700
THR01B3838_003   0.295  -2.995  -2.700
CYS01B3839_001  -0.002   0.000  -0.002
CYS01B3839_002  -0.002   0.000  -0.002
CYS01B3839_003  -0.003   0.000  -0.003
CYS-1B3839_004   0.000   0.000   0.000
SER01B3840_001   0.000  -1.719  -1.719
SER01B3840_002   0.000  -1.719  -1.719
SER01B3840_003   0.000  -1.719  -1.719
VAL01B3841_001   0.899  -1.288  -0.389
LEU01B3842_001   2.686   0.000   2.686
ASP01B3843_001   0.349  -1.740  -1.390
ASP01B3843_002   0.349  -1.740  -1.390
ASP02B3843_003   0.457  -1.727  -1.271
ASP02B3843_004   0.457  -1.727  -1.271
ASP-1B3843_005   0.326  -1.688  -1.363
LEU01B3844_001   1.881  -2.318  -0.437
ASN01B3845_001   0.322  -3.387  -3.065
ASN01B3845_002   0.504  -3.430  -2.925
ALA01B3846_001   0.000  -1.494  -1.494
PHE01B3847_001   4.724  -0.118   4.606
GLU01B3848_001   0.996  -1.160  -0.164
GLU01B3848_002   0.996  -1.160  -0.164
GLU02B3848_003   0.931  -0.998  -0.066
GLU02B3848_004   0.931  -0.998  -0.066
GLU-1B3848_005   0.797  -0.994  -0.197
ARG01B3849_001   2.491  -9.942  -7.451
ARG02B3849_002   2.476  -9.942  -7.466
ARG03B3849_003   2.467  -9.942  -7.475
ARG+1B3849_004   2.428  -9.942  -7.514
GLN01B3850_001   3.396  -0.034   3.361
ASN01B3851_001   0.235  -1.157  -0.922
ASN01B3851_002   0.042  -1.226  -1.184
LYS01B3852_001   1.285  -8.539  -7.254
LYS+1B3852_002   1.234  -8.539  -7.305
ALA01B3853_001   0.000  -0.927  -0.927
GLU01B3854_001   0.498  -2.046  -1.548
GLU01B3854_002   0.498  -2.046  -1.548
GLU02B3854_003   0.664  -1.913  -1.249
GLU02B3854_004   0.664  -1.913  -1.249
GLU-1B3854_005   0.467  -1.933  -1.467
LEU01B3856_001   1.820  -7.823  -6.003
MET01B3858_001   0.140  -9.037  -8.897
VAL01B3859_001   0.501  -2.833  -2.332
ASN01B3860_001  -0.019  -3.064  -3.083
GLU01B3861_001   0.499  -2.862  -2.363
GLU01B3861_002   0.499  -2.862  -2.363
GLU02B3861_003   0.665  -2.975  -2.310
GLU02B3861_004   0.665  -2.975  -2.310
GLU-1B3861_005   0.467  -2.868  -2.400
ASP01B3862_001  -0.040  -2.368  -2.408
ASP01B3862_002  -0.040  -2.368  -2.408
ASP02B3862_003  -0.009  -2.438  -2.446
ASP02B3862_004  -0.009  -2.438  -2.446
ASP-1B3862_005  -0.040  -2.298  -2.339
THR01B3864_001   0.152  -1.721  -1.569
VAL01B3865_001   0.498  -5.354  -4.856
ILE01B3866_001   0.943  -5.409  -4.466
ASN01B3867_001  -0.020  -1.115  -1.135
ARG01B3868_0011191.560  -5.7811185.779
ARG02B3868_0021191.543  -5.7811185.763
ARG03B3868_0031191.576  -5.7811185.795
ARG03B3868_004 190.611  -5.781 184.830
ARG+1B3868_0051191.510  -5.7811185.729
GLN01B3869_001   0.455  -2.007  -1.552
ASN01B3870_001  -0.020  -0.269  -0.289
GLU01B3872_001   0.499  -3.932  -3.433
GLU01B3872_002   0.499  -3.932  -3.433
GLU02B3872_003   0.665  -3.928  -3.263
GLU02B3872_004   0.665  -3.928  -3.263
GLU-1B3872_005   0.468  -3.799  -3.331
LYS01B3873_001   1.716  -3.359  -1.643
LYS+1B3873_002   1.669  -3.359  -1.690
VAL01B3874_001   0.910   0.000   0.910
MET01B3875_001   0.150   0.000   0.150
ALA01B3876_001   0.000  -1.114  -1.114
ASP01B3877_001   0.114  -0.181  -0.067
ASP01B3877_002   0.114  -0.181  -0.067
ASP02B3877_003   0.195  -0.209  -0.014
ASP02B3877_004   0.195  -0.209  -0.014
ASP-1B3877_005   0.108  -0.207  -0.098
ASP01B3878_001   0.101  -1.555  -1.454
ASP01B3878_002   0.101  -1.555  -1.454
ASP02B3878_003   0.179  -1.514  -1.335
ASP02B3878_004   0.179  -1.514  -1.335
ASP-1B3878_005   0.096  -1.468  -1.372
GLU01B3879_001   0.497  -3.474  -2.977
GLU01B3879_002   0.497  -3.474  -2.977
GLU02B3879_003   0.664  -3.467  -2.804
GLU02B3879_004   0.664  -3.467  -2.804
GLU-1B3879_005   0.466  -3.376  -2.910
PHE01B3880_001   5.360  -0.995   4.365
THR01B3881_001   0.269   0.000   0.269
THR01B3881_002   0.269   0.000   0.269
THR01B3881_003   0.269   0.000   0.269
GLN01B3882_001   3.381  -1.457   1.924
GLN01B3882_002   5.654  -1.477   4.177
ASP01B3883_001   0.537  -0.580  -0.043
ASP01B3883_002   0.537  -0.580  -0.043
ASP02B3883_003   0.550  -0.551  -0.001
ASP02B3883_004   0.550  -0.551  -0.001
ASP-1B3883_005   0.447  -0.551  -0.104
LEU01B3884_001   2.408  -0.052   2.357
PHE01B3885_001   5.460  -0.321   5.139
ARG01B3886_001   2.849  -4.780  -1.931
ARG02B3886_002   2.805  -4.780  -1.975
ARG03B3886_003   2.812  -4.780  -1.968
ARG+1B3886_004   2.766  -4.780  -2.014
PHE01B3887_001   5.775  -0.523   5.252
LEU01B3888_001   2.169  -0.979   1.191
GLN01B3889_001   4.510  -0.940   3.570
LEU01B3890_001   2.027  -0.206   1.821
LEU01B3891_001   3.704  -0.599   3.105
CYS01B3892_001  -0.002   0.000  -0.002
CYS01B3892_002  -0.002   0.000  -0.002
CYS01B3892_003  -0.003   0.000  -0.003
CYS-1B3892_004   0.000   0.000   0.000
GLU01B3893_001   1.428  -0.692   0.737
GLU01B3893_002   1.428  -0.692   0.737
GLU02B3893_003   1.249  -0.632   0.617
GLU02B3893_004   1.249  -0.632   0.617
GLU-1B3893_005   1.120  -0.676   0.445
HIS01B3895_001  -0.098  -3.022  -3.120
HIS02B3895_002  -0.118  -3.022  -3.140
HIS+1B3895_003  -0.145  -3.022  -3.167
ASN01B3896_001   0.096  -0.669  -0.573
ASN01B3896_002   0.308  -0.620  -0.312
ASN01B3897_001   0.579  -2.111  -1.532
ASN01B3897_002   0.252  -1.895  -1.643
ASP01B3898_001   0.024  -1.795  -1.771
ASP01B3898_002   0.024  -1.795  -1.771
ASP02B3898_003   0.077  -1.885  -1.808
ASP02B3898_004   0.077  -1.885  -1.808
ASP-1B3898_005   0.020  -1.795  -1.775
PHE01B3899_001   7.696  -0.202   7.494
GLN01B3900_001   1.461   0.000   1.461
GLN01B3900_002   2.283   0.000   2.283
ASN01B3901_001   0.751  -1.709  -0.957
TYR01B3902_001   5.925  -0.406   5.519
TYR-1B3902_002   5.925  -0.406   5.519
LEU01B3903_001   2.568  -1.974   0.595
ARG01B3904_001   3.528  -4.979  -1.452
ARG02B3904_002   3.492  -4.979  -1.487
ARG02B3904_003   3.497  -4.979  -1.482
ARG03B3904_004   3.502  -4.979  -1.477
ARG03B3904_005   3.558  -4.979  -1.422
ARG+1B3904_006   3.452  -4.979  -1.527
THR01B3905_001   0.226  -2.385  -2.159
THR01B3905_002   0.226  -2.385  -2.159
GLN01B3906_001   3.170  -0.118   3.052
THR01B3907_001   0.252  -6.045  -5.793
ASN01B3909_001   0.764  -0.310   0.454
ASN01B3909_002   0.434  -0.433   0.001
THR01B3910_001   0.200  -6.920  -6.720
THR01B3910_002   0.200  -6.920  -6.720
THR01B3911_001   0.222  -5.113  -4.891
THR01B3912_001   0.361  -2.719  -2.358
ILE01B3913_001   1.458  -1.700  -0.242
CTR01B3913_001  -0.021  -3.186  -3.207
CTR01B3913_002   0.111  -3.128  -3.017
CTR02B3913_003  -0.022  -3.012  -3.034
CTR02B3913_004   0.044  -3.166  -3.122
CTR-1B3913_005   0.000  -3.012  -3.012
NTR01B3921_001  -0.003  -2.223  -2.226
NTR+1B3921_002  -0.005  -2.223  -2.228
ASP01B3921_001   0.537  -1.989  -1.452
ASP01B3921_002   0.537  -1.989  -1.452
ASP02B3921_003   0.552  -1.950  -1.398
ASP02B3921_004   0.552  -1.950  -1.398
ASP-1B3921_005   0.448  -1.929  -1.481
TYR01B3922_001   4.745  -0.258   4.487
TYR01B3922_002   4.745  -0.258   4.487
TYR-1B3922_003   4.745  -0.258   4.487
LEU01B3923_001   2.800  -0.618   2.182
LEU01B3924_001   2.568  -2.350   0.218
ARG01B3925_001   3.550  -4.878  -1.329
ARG02B3925_002   3.525  -4.878  -1.354
ARG03B3925_003   3.517  -4.878  -1.362
ARG+1B3925_004   3.478  -4.878  -1.401
LEU01B3926_001   2.186   0.000   2.186
GLN01B3927_001   2.375  -0.482   1.892
GLN01B3927_002   3.915  -0.404   3.511
GLU01B3928_001   5.677  -2.955   2.722
GLU01B3928_002   5.677  -2.955   2.722
GLU02B3928_003   4.530  -3.086   1.445
GLU02B3928_004   4.530  -3.086   1.445
GLU-1B3928_005   4.475  -2.976   1.499
SER01B3929_001   0.000  -0.144  -0.144
SER01B3929_002   0.000  -0.144  -0.144
ILE01B3930_001   2.810  -0.309   2.501
SER01B3931_001   0.000  -0.840  -0.840
SER01B3931_002   0.000  -0.840  -0.840
ASP01B3932_001   0.168  -1.688  -1.520
ASP01B3932_002   0.168  -1.688  -1.520
ASP02B3932_003   0.258  -1.858  -1.600
ASP02B3932_004   0.258  -1.858  -1.600
ASP-1B3932_005   0.161  -1.740  -1.579
PHE01B3933_001   5.407  -0.051   5.357
TYR01B3934_001   5.126  -1.584   3.542
TYR-1B3934_002   5.126  -1.584   3.542
TRP01B3935_001   4.006  -9.269  -5.263
TYR01B3936_001   5.564  -3.973   1.591
TYR01B3936_002   5.564  -3.973   1.591
TYR-1B3936_003   5.564  -3.973   1.591
TYR01B3937_001   6.539   0.000   6.539
TYR01B3937_002   6.539   0.000   6.539
TYR-1B3937_003   6.539   0.000   6.539
SER01B3938_001   0.000  -0.932  -0.932
SER01B3938_002   0.000  -0.932  -0.932
SER01B3938_003   0.000  -0.932  -0.932
LYS01B3940_001   1.607  -4.020  -2.412
LYS+1B3940_002   1.562  -4.020  -2.458
ASP01B3941_001   0.074  -2.862  -2.788
ASP01B3941_002   0.074  -2.862  -2.788
ASP02B3941_003   0.143  -2.872  -2.729
ASP02B3941_004   0.143  -2.872  -2.729
ASP-1B3941_005   0.070  -2.799  -2.729
VAL01B3942_001   0.504  -4.649  -4.145
ILE01B3943_001   1.984   0.000   1.984
GLU01B3944_001   0.899  -2.339  -1.439
GLU01B3944_002   0.899  -2.339  -1.439
GLU02B3944_003   0.836  -2.388  -1.552
GLU02B3944_004   0.836  -2.388  -1.552
GLU-1B3944_005   0.708  -2.317  -1.609
GLU01B3945_001   4.246  -2.835   1.411
GLU01B3945_002   4.246  -2.835   1.411
GLU02B3945_003   3.423  -2.819   0.604
GLU02B3945_004   3.423  -2.819   0.604
GLU-1B3945_005   3.343  -2.819   0.524
GLN01B3946_001   1.168  -0.498   0.669
LYS01B3948_001   0.586  -1.287  -0.700
LYS+1B3948_002   0.543  -1.287  -0.743
ARG01B3949_001   3.303  -5.259  -1.955
ARG02B3949_002   3.283  -5.259  -1.976
ARG03B3949_003   3.287  -5.259  -1.972
ARG+1B3949_004   3.240  -5.259  -2.018
ASN01B3950_001   0.580  -0.034   0.545
ASN01B3950_002   0.308  -0.039   0.269
PHE01B3951_001   6.539   0.000   6.539
SER01B3952_001   0.000  -1.791  -1.791
SER01B3952_002   0.000  -1.791  -1.791
LYS01B3953_001   1.361  -2.008  -0.647
LYS+1B3953_002   1.316  -2.008  -0.692
ALA01B3954_001   0.000   0.000   0.000
MET01B3955_001   3.295   0.000   3.295
SER01B3956_001   0.000  -1.851  -1.851
SER01B3956_002   0.000  -1.851  -1.851
VAL01B3957_001   0.804   0.000   0.804
ALA01B3958_001   0.000   0.000   0.000
LYS01B3959_001  17.823  -3.338  14.485
LYS+1B3959_002  17.780  -3.338  14.443
GLN01B3960_001   1.159  -0.551   0.608
GLN01B3960_002   1.366  -0.709   0.658
VAL01B3961_001   0.813  -0.103   0.710
PHE01B3962_001   6.107   0.000   6.107
ASN01B3963_001   0.820  -1.007  -0.187
ASN01B3963_002   0.429  -0.884  -0.455
SER01B3964_001   0.000   0.000   0.000
SER01B3964_002   0.000   0.000   0.000
SER01B3964_003   0.000   0.000   0.000
LEU01B3965_001   5.981  -2.247   3.734
THR01B3966_001   0.308  -0.438  -0.130
THR01B3966_002   0.308  -0.438  -0.130
GLU01B3967_001   2.553  -0.241   2.312
GLU01B3967_002   2.553  -0.241   2.312
GLU02B3967_003   2.122  -0.254   1.869
GLU02B3967_004   2.122  -0.254   1.869
GLU-1B3967_005   2.015  -0.241   1.774
TYR01B3968_001   5.845  -2.448   3.396
TYR01B3968_002   5.845  -2.448   3.396
TYR-1B3968_003   5.845  -2.448   3.396
ILE01B3969_001   7.164  -0.480   6.684
GLN01B3970_001   4.203  -0.433   3.770
GLN01B3970_002   6.835  -0.423   6.411
PRO01B3972_001   0.285  -3.986  -3.700
CYS01B3973_001  -0.002  -0.143  -0.145
CYS01B3973_002  -0.002  -0.143  -0.145
CYS01B3973_003  -0.003  -0.143  -0.145
CYS-1B3973_004   0.000  -0.143  -0.143
CTR01B3973_001  -0.021  -1.853  -1.875
CTR01B3973_002   0.126  -1.853  -1.727
CTR02B3973_003  -0.023  -1.931  -1.953
CTR02B3973_004   0.050  -1.931  -1.880
CTR-1B3973_005   0.000  -1.853  -1.853
NTR01B3976_001  -0.003  -0.527  -0.530
NTR+1B3976_002  -0.005  -0.527  -0.532
ASN01B3976_001   0.306  -0.198   0.108
ASN01B3976_002   0.099  -0.249  -0.150
GLN01B3977_001   1.719  -0.517   1.202
GLN01B3977_002   2.728  -0.630   2.098
CTR01B3977_001  -0.021  -1.409  -1.430
CTR01B3977_002   0.103  -1.506  -1.403
CTR02B3977_003  -0.022  -1.583  -1.605
CTR02B3977_004   0.039  -1.602  -1.563
CTR-1B3977_005   0.000  -1.506  -1.506
NTR01B3979_001  -0.003  -1.058  -1.061
NTR+1B3979_002  -0.005  -0.981  -0.985
CTR01B3979_001  -0.021  -1.477  -1.498
CTR01B3979_002   0.106  -1.535  -1.429
CTR02B3979_003  -0.022  -1.458  -1.480
CTR02B3979_004   0.041  -1.438  -1.397
CTR-1B3979_005   0.000  -1.458  -1.458
SER01B3979_001   0.000  -3.392  -3.392
SER01B3979_002   0.000  -3.392  -3.392
NTR01B3981_001  -0.003  -0.385  -0.388
NTR+1B3981_002  -0.005  -0.385  -0.390
ALA01B3981_001   0.000  -0.531  -0.531
HIS01B3982_001  -0.159  -8.583  -8.742
HIS01B3982_002  -0.110  -8.928  -9.038
HIS02B3982_003  -0.178  -8.583  -8.760
HIS02B3982_004  -0.123  -8.928  -9.051
HIS+1B3982_005  -0.205  -8.583  -8.787
HIS+1B3982_006  -0.150  -8.928  -9.078
CTR01B3982_001  -0.021  -2.645  -2.666
CTR01B3982_002   0.100  -2.548  -2.449
CTR02B3982_003  -0.022  -2.548  -2.570
CTR02B3982_004   0.038  -2.529  -2.491
CTR-1B3982_005   0.000  -2.548  -2.548
NTR01B3984_001  -0.003  -0.765  -0.768
NTR+1B3984_002  -0.005  -0.765  -0.770
ARG01B3984_001   1.805  -8.507  -6.702
ARG02B3984_002   1.757  -8.507  -6.750
ARG03B3984_003   1.763  -8.507  -6.744
ARG+1B3984_004   1.718  -8.507  -6.789
LEU01B3985_001   3.446  -2.798   0.648
TRP01B3986_001   4.502  -1.858   2.645
ASP01B3987_001   0.091  -2.492  -2.401
ASP01B3987_002   0.091  -2.492  -2.401
ASP02B3987_003   0.164  -2.409  -2.245
ASP02B3987_004   0.164  -2.409  -2.245
ASP-1B3987_005   0.085  -2.369  -2.283
ALA01B3988_001   0.000  -0.119  -0.119
VAL01B3989_001   1.374  -0.103   1.271
VAL01B3990_001   0.862  -1.114  -0.252
PHE01B3992_001   6.367  -0.202   6.165
LEU01B3993_001   2.538  -1.082   1.456
HIS01B3994_001  -0.174  -4.765  -4.939
HIS01B3994_002  -0.123  -4.459  -4.583
HIS02B3994_003  -0.192  -4.765  -4.957
HIS02B3994_004  -0.137  -4.459  -4.596
HIS+1B3994_005  -0.219  -4.765  -4.984
HIS+1B3994_006  -0.164  -4.459  -4.623
VAL01B3995_001   0.590  -0.103   0.487
PHE01B3996_001   5.240  -0.202   5.038
ALA01B3997_001   0.000   0.000   0.000
HIS01B3998_001  -0.144  -1.830  -1.974
HIS02B3998_002  -0.162  -1.830  -1.992
HIS+1B3998_003  -0.189  -1.830  -2.019
MET01B3999_001  -0.066   0.000  -0.066
MET01B4000_001   1.548   0.000   1.548
MET01B4001_001   0.016  -1.769  -1.753
LYS01B4002_001   1.098  -1.236  -0.139
LYS+1B4002_002   1.054  -1.236  -0.182
LEU01B4003_001   2.762   0.000   2.762
ALA01B4004_001   0.000  -0.155  -0.155
GLN01B4005_001   3.673  -1.839   1.834
GLN01B4005_002   6.018  -1.600   4.418
ASP01B4006_001   0.100  -1.472  -1.371
ASP01B4006_002   0.100  -1.472  -1.371
ASP02B4006_003   0.182  -1.471  -1.288
ASP02B4006_004   0.182  -1.471  -1.288
ASP-1B4006_005   0.098  -1.451  -1.353
SER01B4007_001   0.000  -3.551  -3.551
SER01B4007_002   0.000  -3.551  -3.551
SER01B4008_001   0.000  -3.196  -3.196
SER01B4008_002   0.000  -3.196  -3.196
SER01B4008_003   0.000  -3.196  -3.196
GLN01B4009_001   2.258  -0.074   2.184
ILE01B4010_001   1.350  -2.128  -0.778
GLU01B4011_001   7.635  -3.288   4.347
GLU01B4011_002   7.635  -3.288   4.347
GLU02B4011_003   6.147  -3.201   2.946
GLU02B4011_004   6.147  -3.201   2.946
GLU-1B4011_005   6.061  -3.140   2.921
LEU01B4012_001   2.226  -0.258   1.969
LEU01B4013_001   3.319  -0.309   3.010
LYS01B4014_001   3.821  -6.374  -2.552
LYS+1B4014_002   3.776  -6.374  -2.598
GLU01B4015_001   4.876  -0.931   3.945
GLU01B4015_002   4.876  -0.931   3.945
GLU02B4015_003   3.942  -1.003   2.939
GLU02B4015_004   3.942  -1.003   2.939
GLU-1B4015_005   3.863  -0.904   2.959
LEU01B4016_001   3.660   0.000   3.660
LEU01B4017_001   1.955  -0.103   1.852
ASP01B4018_001   0.245  -1.110  -0.865
ASP01B4018_002   0.245  -1.110  -0.865
ASP02B4018_003   0.351  -1.218  -0.867
ASP02B4018_004   0.351  -1.218  -0.867
ASP-1B4018_005   0.234  -1.141  -0.908
LEU01B4019_001   1.781  -0.155   1.626
GLN01B4020_001   5.683  -0.236   5.447
LYS01B4021_001   2.946  -3.989  -1.043
LYS+1B4021_002   2.898  -3.989  -1.091
ASP01B4022_001   0.195  -1.102  -0.907
ASP01B4022_002   0.195  -1.102  -0.907
ASP02B4022_003   0.287  -1.057  -0.770
ASP02B4022_004   0.287  -1.057  -0.770
ASP-1B4022_005   0.185  -1.034  -0.849
MET01B4023_001  -0.027  -0.096  -0.123
VAL01B4024_001   0.811  -2.778  -1.967
VAL01B4025_001   0.960  -3.503  -2.542
MET01B4026_001   0.721  -0.260   0.462
LEU01B4027_001   1.570  -0.856   0.714
LEU01B4028_001   2.194  -3.963  -1.769
SER01B4029_001   0.000  -0.301  -0.301
SER01B4029_002   0.000  -0.301  -0.301
SER01B4029_003   0.000  -0.301  -0.301
LEU01B4030_001   3.440  -0.805   2.635
LEU01B4031_001   4.035  -3.258   0.777
GLU01B4032_001   1.566  -0.125   1.442
GLU01B4032_002   1.566  -0.125   1.442
GLU02B4032_003   1.225  -0.137   1.088
GLU02B4032_004   1.225  -0.137   1.088
GLU-1B4032_005   1.165  -0.125   1.040
ASN01B4034_001   0.001  -1.047  -1.046
ASN01B4034_002   0.167  -0.987  -0.820
CTR01B4034_001  -0.021  -3.340  -3.361
CTR01B4034_002   0.113  -3.340  -3.227
CTR02B4034_003  -0.022  -3.282  -3.304
CTR02B4034_004   0.044  -3.437  -3.393
CTR-1B4034_005   0.000  -3.263  -3.263
NTG01B4038_001  -0.005  -3.371  -3.376
NTG+1B4038_002  -0.010  -3.371  -3.381
MET01B4039_001   0.829  -6.467  -5.637
ILE01B4040_001   2.805  -1.700   1.106
ALA01B4041_001   0.000  -2.659  -2.659
ARG01B4042_001  11.566  -9.308   2.257
ARG02B4042_002  11.477  -9.308   2.169
ARG03B4042_003  11.482  -9.308   2.174
ARG+1B4042_004  11.437  -9.308   2.129
GLN01B4043_001   3.310  -1.253   2.057
GLN01B4043_002   5.311  -1.271   4.040
MET01B4044_001   0.243  -1.624  -1.381
VAL01B4045_001   1.123  -1.030   0.093
ASP01B4046_001   0.161  -2.301  -2.139
ASP01B4046_002   0.161  -2.301  -2.139
ASP02B4046_003   0.253  -2.372  -2.119
ASP02B4046_004   0.253  -2.372  -2.119
ASP-1B4046_005   0.154  -2.265  -2.111
MET01B4047_001  45.382  -0.314  45.068
LEU01B4048_001   2.199  -3.139  -0.940
VAL01B4049_001   0.733  -3.017  -2.284
GLU01B4050_001  10.977  -2.179   8.798
GLU01B4050_002  10.977  -2.179   8.798
GLU02B4050_003   8.737  -2.119   6.618
GLU02B4050_004   8.737  -2.119   6.618
GLU-1B4050_005   8.695  -2.015   6.680
SER01B4051_001   0.000   0.000   0.000
SER01B4052_001   0.000  -0.993  -0.993
SER01B4052_002   0.000  -0.993  -0.993
SER01B4053_001   0.000  -4.389  -4.389
ASN01B4054_001   0.148  -0.103   0.045
ASN01B4054_002   0.001  -0.118  -0.117
VAL01B4055_001   1.077  -0.892   0.185
GLU01B4056_001   8.775  -1.847   6.928
GLU01B4056_002   8.775  -1.847   6.928
GLU02B4056_003   7.056  -1.800   5.256
GLU02B4056_004   7.056  -1.800   5.256
GLU-1B4056_005   6.980  -1.723   5.257
MET01B4057_001  -0.010  -3.017  -3.027
ILE01B4058_001   2.372  -0.824   1.548
LEU01B4059_001   8.047  -1.098   6.949
LYS01B4060_001   1.210  -5.160  -3.951
LYS+1B4060_002   1.161  -5.160  -4.000
PHE01B4061_001   4.876  -0.758   4.118
PHE01B4062_001   5.422  -0.930   4.492
CTR01B4062_001  -0.022  -0.116  -0.138
CTR01B4062_002   0.154  -0.116   0.039
CTR02B4062_003  -0.023  -0.193  -0.217
CTR02B4062_004   0.054  -0.116  -0.062
CTR-1B4062_005   0.000  -0.116  -0.116
NTR01B4063_001  -0.003  -0.039  -0.041
NTR+1B4063_002  -0.005  -0.039  -0.043
ASP01B4063_001   0.266  -0.614  -0.348
ASP01B4063_002   0.266  -0.614  -0.348
ASP02B4063_003   0.369  -0.498  -0.129
ASP02B4063_004   0.369  -0.498  -0.129
ASP-1B4063_005   0.251  -0.538  -0.287
MET01B4064_001   0.696  -0.119   0.577
PHE01B4065_001   4.401  -0.135   4.265
LEU01B4066_001   3.993  -1.355   2.638
LYS01B4067_001   2.877  -1.017   1.860
LYS+1B4067_002   2.832  -1.017   1.815
LEU01B4068_001   2.735  -0.103   2.632
LYS01B4069_001   4.312  -5.586  -1.274
LYS+1B4069_002   4.273  -5.586  -1.314
ASP01B4070_001   0.134  -2.084  -1.950
ASP01B4070_002   0.134  -2.084  -1.950
ASP02B4070_003   0.205  -1.909  -1.705
ASP02B4070_004   0.205  -1.909  -1.705
ASP-1B4070_005   0.122  -1.934  -1.811
ILE01B4071_001   6.421  -0.789   5.632
VAL01B4072_001   0.647  -0.583   0.064
SER01B4074_001   0.000  -1.154  -1.154
GLU01B4075_001   1.448  -2.932  -1.484
GLU01B4075_002   1.448  -2.932  -1.484
GLU02B4075_003   1.211  -3.004  -1.793
GLU02B4075_004   1.211  -3.004  -1.793
GLU-1B4075_005   1.113  -2.892  -1.780
ALA01B4076_001   0.000  -2.730  -2.730
PHE01B4077_001   5.121   0.000   5.121
GLN01B4078_001   0.822  -1.806  -0.984
GLN01B4078_002   0.698  -1.614  -0.917
ASP01B4079_001   0.135  -2.666  -2.531
ASP01B4079_002   0.135  -2.666  -2.531
ASP02B4079_003   0.215  -2.699  -2.485
ASP02B4079_004   0.215  -2.699  -2.485
ASP-1B4079_005   0.126  -2.640  -2.514
TYR01B4080_001   6.883  -0.771   6.112
TYR01B4080_002   6.883  -0.771   6.112
TYR-1B4080_003   6.883  -0.771   6.112
VAL01B4081_001   1.075  -0.361   0.714
THR01B4082_001   0.230  -6.368  -6.138
THR01B4082_002   0.230  -6.368  -6.138
THR01B4082_003   0.230  -6.368  -6.138
ASP01B4083_001   0.278  -0.723  -0.444
ASP01B4083_002   0.278  -0.723  -0.444
ASP02B4083_003   0.365  -0.727  -0.362
ASP02B4083_004   0.365  -0.727  -0.362
ASP-1B4083_005   0.256  -0.724  -0.468
PRO01B4084_001   0.255  -6.379  -6.124
ARG01B4085_001   4.342  -7.493  -3.151
ARG02B4085_002   4.298  -7.493  -3.195
ARG02B4085_003   4.357  -7.493  -3.136
ARG03B4085_004   4.299  -7.493  -3.193
ARG+1B4085_005   4.252  -7.493  -3.241
LEU01B4087_001   2.538  -3.741  -1.203
ILE01B4088_001  11.523   0.000  11.523
SER01B4089_001   0.000  -1.732  -1.732
SER01B4089_002   0.000  -1.732  -1.732
SER01B4089_003   0.000  -1.732  -1.732
LYS01B4090_001   7.399  -2.138   5.261
LYS+1B4090_002   7.350  -2.138   5.212
LYS01B4091_001   0.827  -8.334  -7.507
LYS+1B4091_002   0.783  -8.334  -7.552
ASP01B4092_001   0.044  -0.590  -0.545
ASP01B4092_002   0.044  -0.590  -0.545
ASP02B4092_003   0.102  -0.698  -0.596
ASP02B4092_004   0.102  -0.698  -0.596
ASP-1B4092_005   0.039  -0.671  -0.633
PHE01B4093_001   5.660   0.000   5.660
GLN01B4094_001   1.291  -1.244   0.047
GLN01B4094_002   1.629  -1.279   0.349
LYS01B4095_001   3.900  -6.138  -2.238
LYS+1B4095_002   3.848  -6.138  -2.290
ALA01B4096_001   0.000   0.000   0.000
MET01B4097_001   0.206   0.000   0.206
ASP01B4098_001   0.547  -2.974  -2.427
ASP01B4098_002   0.547  -2.974  -2.427
ASP02B4098_003   0.567  -2.827  -2.260
ASP02B4098_004   0.567  -2.827  -2.260
ASP-1B4098_005   0.459  -2.894  -2.435
SER01B4099_001   0.000  -1.865  -1.865
SER01B4099_002   0.000  -1.865  -1.865
SER01B4099_003   0.000  -1.865  -1.865
GLN01B4100_001   3.147  -0.725   2.421
LYS01B4101_001   1.431  -9.986  -8.555
LYS+1B4101_002   1.379  -9.986  -8.607
GLN01B4102_001   2.101  -3.003  -0.902
PHE01B4103_001   5.525  -0.052   5.474
THR01B4104_001   0.290  -3.960  -3.670
THR01B4104_002   0.290  -3.960  -3.670
PRO01B4106_001   0.317  -6.047  -5.730
GLU01B4107_001   3.761  -1.347   2.414
GLU01B4107_002   3.761  -1.347   2.414
GLU02B4107_003   3.014  -1.375   1.640
GLU02B4107_004   3.014  -1.375   1.640
GLU-1B4107_005   2.935  -1.309   1.625
ILE01B4108_001   2.916  -0.206   2.710
GLN01B4109_001   0.589  -2.322  -1.732
GLN01B4109_002   0.558  -2.248  -1.690
PHE01B4110_001   5.887  -0.792   5.095
LEU01B4111_001   6.339   0.000   6.339
LEU01B4112_001   1.231  -0.464   0.767
SER01B4113_001   0.000  -1.682  -1.682
CYS01B4114_001  -0.002  -0.187  -0.189
CYS01B4114_002  -0.002  -0.187  -0.189
CYS01B4114_003  -0.002  -0.187  -0.190
CYS-1B4114_004   0.000  -0.187  -0.187
SER01B4115_001   0.000   0.000   0.000
SER01B4115_002   0.000   0.000   0.000
GLU01B4116_001   1.559  -1.742  -0.182
GLU01B4116_002   1.559  -1.742  -0.182
GLU02B4116_003   1.304  -1.687  -0.383
GLU02B4116_004   1.304  -1.687  -0.383
GLU-1B4116_005   1.203  -1.671  -0.468
ALA01B4117_001   0.000  -2.437  -2.437
ASP01B4118_001   0.416  -2.083  -1.667
ASP01B4118_002   0.416  -2.083  -1.667
ASP02B4118_003   0.488  -1.987  -1.499
ASP02B4118_004   0.488  -1.987  -1.499
ASP-1B4118_005   0.368  -1.964  -1.596
GLU01B4119_001   3.640  -3.932  -0.292
GLU01B4119_002   3.640  -3.932  -0.292
GLU02B4119_003   3.007  -3.874  -0.866
GLU02B4119_004   3.007  -3.874  -0.866
GLU-1B4119_005   2.888  -3.777  -0.889
ASN01B4120_001   0.093  -1.579  -1.486
ASN01B4120_002   0.291  -1.818  -1.526
GLU01B4121_001   5.170  -2.759   2.411
GLU01B4121_002   5.170  -2.759   2.411
GLU02B4121_003   4.131  -2.847   1.285
GLU02B4121_004   4.131  -2.847   1.285
GLU-1B4121_005   4.072  -2.760   1.312
MET01B4122_001   0.141  -0.864  -0.723
ILE01B4123_001   4.432   0.000   4.432
ASN01B4124_001   0.132  -1.934  -1.802
ASN01B4124_002  -0.019  -1.664  -1.682
PHE01B4125_001   5.148  -1.752   3.396
GLU01B4126_001   0.502  -3.539  -3.037
GLU01B4126_002   0.502  -3.539  -3.037
GLU02B4126_003   0.668  -3.477  -2.809
GLU02B4126_004   0.668  -3.477  -2.809
GLU-1B4126_005   0.470  -3.424  -2.954
GLU01B4127_001   4.831  -1.523   3.307
GLU01B4127_002   4.831  -1.523   3.307
GLU02B4127_003   3.900  -1.446   2.454
GLU02B4127_004   3.900  -1.446   2.454
GLU-1B4127_005   3.813  -1.493   2.320
PHE01B4128_001   6.775   0.000   6.775
ALA01B4129_001   0.000  -0.052  -0.052
ASN01B4130_001   0.465  -1.792  -1.327
ASN01B4130_002   0.219  -1.789  -1.570
ARG01B4131_001   1.161  -1.547  -0.385
ARG02B4131_002   1.141  -1.547  -0.406
ARG02B4131_003   1.216  -1.547  -0.331
ARG03B4131_004   1.134  -1.547  -0.412
ARG03B4131_005   1.139  -1.547  -0.408
ARG+1B4131_006   1.094  -1.547  -0.452
PHE01B4132_001   5.915  -0.360   5.556
GLN01B4133_001   1.238  -1.057   0.181
GLN01B4133_002   0.888  -0.918  -0.030
GLU01B4134_001   4.207  -2.157   2.050
GLU01B4134_002   4.207  -2.157   2.050
GLU02B4134_003   3.450  -2.140   1.309
GLU02B4134_004   3.450  -2.140   1.309
GLU-1B4134_005   3.338  -2.152   1.186
PRO01B4135_001   0.424  -1.339  -0.915
ALA01B4136_001   0.000  -0.361  -0.361
ARG01B4137_001   4.490  -8.164  -3.673
ARG02B4137_002   4.442  -8.164  -3.722
ARG03B4137_003   4.536  -8.164  -3.628
ARG+1B4137_004   4.396  -8.164  -3.767
ASP01B4138_001   0.122  -1.524  -1.403
ASP01B4138_002   0.122  -1.524  -1.403
ASP02B4138_003   0.204  -1.540  -1.336
ASP02B4138_004   0.204  -1.540  -1.336
ASP-1B4138_005   0.116  -1.425  -1.309
ILE01B4139_001   2.524  -0.412   2.112
CTR01B4139_001  -0.021  -0.811  -0.832
CTR01B4139_002   0.107  -0.830  -0.724
CTR02B4139_003  -0.022  -0.753  -0.775
CTR02B4139_004   0.043  -0.869  -0.826
CTR-1B4139_005   0.000  -0.753  -0.753
NTR01B4141_001  -0.003  -0.193  -0.196
NTR+1B4141_002  -0.005  -0.193  -0.197
CTR01B4141_001  -0.021  -3.292  -3.313
CTR01B4141_002   0.121  -3.215  -3.093
CTR02B4141_003  -0.022  -3.214  -3.237
CTR02B4141_004   0.049  -3.099  -3.050
CTR-1B4141_005   0.000  -3.214  -3.214
PHE01B4141_001   4.834  -4.933  -0.099
NTR01B4152_001  -0.003  -2.445  -2.448
NTR+1B4152_002  -0.005  -2.445  -2.450
CTR01B4152_001  -0.021  -6.024  -6.045
CTR01B4152_002   0.101  -5.966  -5.865
CTR02B4152_003  -0.022  -5.985  -6.007
CTR02B4152_004   0.037  -6.082  -6.044
CTR-1B4152_005   0.000  -5.888  -5.888
GLU01B4152_001   2.842  -1.573   1.269
GLU01B4152_002   2.842  -1.573   1.269
GLU02B4152_003   2.245  -1.558   0.687
GLU02B4152_004   2.245  -1.558   0.687
GLU-1B4152_005   2.190  -1.498   0.692
NTR01B4156_001  -0.003  -1.327  -1.330
NTR+1B4156_002  -0.005  -1.327  -1.332
HIS01B4156_001  -0.149  -7.870  -8.020
HIS01B4156_002  -0.087  -7.815  -7.902
HIS02B4156_003  -0.171  -7.870  -8.041
HIS02B4156_004  -0.097  -7.815  -7.911
HIS+1B4156_005  -0.198  -7.870  -8.068
HIS+1B4156_006  -0.123  -7.815  -7.938
ASP01B4157_001   0.180  -0.877  -0.698
ASP01B4157_002   0.180  -0.877  -0.698
ASP02B4157_003   0.281  -0.833  -0.552
ASP02B4157_004   0.281  -0.833  -0.552
ASP-1B4157_005   0.175  -0.878  -0.703
PRO01B4158_001   0.296  -6.676  -6.380
ARG01B4159_001  15.183  -6.303   8.880
ARG02B4159_002  15.460  -6.303   9.157
ARG02B4159_003  15.468  -6.303   9.166
ARG03B4159_004  15.465  -6.303   9.162
ARG+1B4159_005  15.420  -6.303   9.117
LEU01B4160_001   2.442  -3.345  -0.903
ARG01B4161_001   3.042  -8.296  -5.254
ARG02B4161_002   3.058  -8.296  -5.238
ARG03B4161_003   3.004  -8.296  -5.292
ARG+1B4161_004   2.960  -8.296  -5.336
ASN01B4162_001   0.464  -1.676  -1.213
ASN01B4162_002   0.178  -1.718  -1.540
PHE01B4163_001   5.945  -0.564   5.381
LEU01B4164_001   1.223  -3.500  -2.277
GLU01B4165_001   6.964  -3.097   3.867
GLU01B4165_002   6.964  -3.097   3.867
GLU02B4165_003   5.591  -3.186   2.405
GLU02B4165_004   5.591  -3.186   2.405
GLU-1B4165_005   5.518  -3.079   2.439
LEU01B4166_001   2.485  -2.849  -0.364
ALA01B4167_001   0.000  -0.702  -0.702
GLU01B4168_001   2.422  -2.171   0.250
GLU01B4168_002   2.422  -2.171   0.250
GLU02B4168_003   2.144  -2.266  -0.121
GLU02B4168_004   2.144  -2.266  -0.121
GLU-1B4168_005   1.965  -2.144  -0.179
SER01B4169_001   0.000  -2.117  -2.117
SER01B4169_002   0.000  -2.117  -2.117
ILE01B4170_001   7.752  -1.185   6.567
LEU01B4171_001   2.606  -5.048  -2.442
GLU01B4172_001   1.062  -2.910  -1.848
GLU01B4172_002   1.062  -2.910  -1.848
GLU02B4172_003   1.015  -2.860  -1.844
GLU02B4172_004   1.015  -2.860  -1.844
GLU-1B4172_005   0.857  -2.790  -1.933
CTR01B4172_001  -0.021  -3.157  -3.178
CTR01B4172_002   0.117  -3.022  -2.905
CTR02B4172_003  -0.022  -2.963  -2.986
CTR02B4172_004   0.047  -3.157  -3.110
CTR-1B4172_005   0.000  -2.963  -2.963
NTR01B4174_001  -0.003  -1.138  -1.141
NTR+1B4174_002  -0.005  -1.138  -1.143
CTR01B4174_001  -0.021  -4.296  -4.317
CTR01B4174_002   0.103  -4.373  -4.271
CTR02B4174_003  -0.022  -4.238  -4.260
CTR02B4174_004   0.040  -4.373  -4.334
CTR-1B4174_005   0.000  -4.238  -4.238
PHE01B4174_001   6.034  -2.053   3.981
NTG01B4179_001  -0.004  -2.642  -2.647
NTG+1B4179_002  -0.009  -2.642  -2.652
ARG01B4180_001   2.310  -5.460  -3.150
ARG02B4180_002   2.239  -5.460  -3.221
ARG03B4180_003   2.233  -5.460  -3.227
ARG03B4180_004   2.238  -5.460  -3.221
ARG+1B4180_005   2.193  -5.460  -3.266
ILE01B4181_001   3.004  -0.052   2.953
GLU01B4182_001   7.128  -0.103   7.025
GLU01B4182_002   7.128  -0.103   7.025
GLU02B4182_003   5.719  -0.109   5.610
GLU02B4182_004   5.719  -0.109   5.610
GLU-1B4182_005   5.642  -0.103   5.539
ILE01B4183_001   1.595  -4.462  -2.867
MET01B4184_001   8.928  -8.073   0.855
CTR01B4185_001  -0.021  -5.116  -5.137
CTR01B4185_002   0.106  -5.310  -5.204
CTR02B4185_003  -0.022  -5.058  -5.081
CTR02B4185_004   0.041  -5.329  -5.288
CTR-1B4185_005   0.000  -5.097  -5.097
NTR01B4190_001  -0.003  -0.642  -0.645
NTR+1B4190_002  -0.005  -0.642  -0.647
ILE01B4190_001   4.707  -0.567   4.141
GLU01B4191_001   2.454  -1.448   1.005
GLU01B4191_002   2.454  -1.448   1.005
GLU02B4191_003   1.912  -1.525   0.387
GLU02B4191_004   1.912  -1.525   0.387
GLU-1B4191_005   1.870  -1.434   0.436
ARG01B4192_001   2.848  -1.234   1.614
ARG02B4192_002   2.803  -1.234   1.569
ARG03B4192_003   2.809  -1.234   1.575
ARG+1B4192_004   2.764  -1.234   1.530
ILE01B4193_001   6.797  -3.174   3.623
TYR01B4194_001   5.875  -6.076  -0.201
TYR01B4194_002   5.875  -6.076  -0.201
TYR-1B4194_003   5.875  -6.076  -0.201
PHE01B4195_001   7.273  -0.422   6.851
CTR01B4195_001  -0.021  -0.869  -0.890
CTR01B4195_002   0.099  -0.946  -0.847
CTR02B4195_003  -0.022  -0.869  -0.891
CTR02B4195_004   0.038  -0.927  -0.889
CTR-1B4195_005   0.000  -0.869  -0.869
NTR01B4198_001  -0.003  -3.233  -3.236
NTR+1B4198_002  -0.005  -3.233  -3.238
SER01B4198_001   0.000  -3.865  -3.865
SER01B4198_002   0.000  -3.865  -3.865
GLU01B4199_001   1.673  -2.873  -1.200
GLU01B4199_002   1.673  -2.873  -1.200
GLU02B4199_003   1.454  -2.915  -1.462
GLU02B4199_004   1.454  -2.915  -1.462
GLU-1B4199_005   1.324  -2.923  -1.598
CTR01B4199_001  -0.021  -0.985  -1.005
CTR01B4199_002   0.101  -0.985  -0.883
CTR02B4199_003  -0.022  -1.062  -1.084
CTR02B4199_004   0.041  -1.023  -0.983
CTR-1B4199_005   0.000  -0.985  -0.985
NTR01B4201_001  -0.003  -0.064  -0.067
NTR+1B4201_002  -0.005  -0.064  -0.069
ASN01B4201_001   0.175  -1.206  -1.031
ASN01B4201_002   0.404  -1.319  -0.915
ARG01B4202_001  13.063  -8.413   4.650
ARG02B4202_002  13.383  -8.413   4.971
ARG03B4202_003  13.329  -8.413   4.916
ARG+1B4202_004  13.281  -8.413   4.868
ALA01B4203_001   0.000  -3.210  -3.210
GLN01B4204_001   2.260  -1.194   1.066
GLN01B4204_002   3.284  -1.051   2.233
TRP01B4205_001   4.043  -1.849   2.194
GLU01B4206_001   1.297  -2.463  -1.166
GLU01B4206_002   1.297  -2.463  -1.166
GLU02B4206_003   1.111  -2.367  -1.256
GLU02B4206_004   1.111  -2.367  -1.256
GLU-1B4206_005   1.004  -2.325  -1.321
MET01B4207_001   1.118  -3.112  -1.994
PRO01B4208_001   0.312  -7.218  -6.906
GLN01B4209_001   1.279  -1.896  -0.617
GLN01B4209_002   1.027  -1.913  -0.886
VAL01B4210_001   0.759   0.000   0.759
LYS01B4211_001   1.655  -6.345  -4.690
LYS+1B4211_002   1.612  -6.345  -4.733
GLU01B4212_001   1.155  -2.067  -0.913
GLU01B4212_002   1.155  -2.067  -0.913
GLU02B4212_003   0.971  -2.121  -1.150
GLU02B4212_004   0.971  -2.121  -1.150
GLU-1B4212_005   0.878  -2.088  -1.210
SER01B4213_001   0.000  -3.090  -3.090
LYS01B4214_001   8.075  -3.321   4.753
LYS+1B4214_002   8.013  -3.321   4.691
ARG01B4215_001   4.161  -8.515  -4.354
ARG02B4215_002   4.183  -8.515  -4.332
ARG03B4215_003   4.113  -8.515  -4.402
ARG+1B4215_004   4.067  -8.515  -4.448
GLN01B4216_001   4.589  -3.165   1.424
CTR01B4216_001  -0.021  -0.753  -0.774
CTR01B4216_002   0.104  -0.753  -0.649
CTR02B4216_003  -0.022  -0.753  -0.775
CTR02B4216_004   0.038  -0.811  -0.773
CTR-1B4216_005   0.000  -0.753  -0.753
NTR01B4219_001  -0.003  -0.899  -0.902
NTR+1B4219_002  -0.005  -0.899  -0.904
PHE01B4219_001   6.318  -2.285   4.033
ASP01B4220_001   0.189  -1.847  -1.658
ASP01B4220_002   0.189  -1.847  -1.658
ASP02B4220_003   0.279  -1.870  -1.590
ASP02B4220_004   0.279  -1.870  -1.590
ASP-1B4220_005   0.178  -1.778  -1.600
VAL01B4221_001   1.106  -5.418  -4.312
VAL01B4222_001   1.232  -1.510  -0.278
ASN01B4223_001   0.266  -1.762  -1.496
GLU01B4224_001   2.020  -3.671  -1.650
GLU01B4224_002   2.020  -3.671  -1.650
GLU02B4224_003   1.796  -3.670  -1.874
GLU02B4224_004   1.796  -3.670  -1.874
GLU-1B4224_005   1.629  -3.556  -1.927
GLU01B4227_001   1.145  -4.288  -3.143
GLU01B4227_002   1.145  -4.288  -3.143
GLU02B4227_003   0.969  -4.107  -3.138
GLU02B4227_004   0.969  -4.107  -3.138
GLU-1B4227_005   0.872  -4.043  -3.171
ALA01B4228_001   0.000  -3.586  -3.586
GLU01B4229_001   5.097  -3.190   1.907
GLU01B4229_002   5.097  -3.190   1.907
GLU02B4229_003   4.173  -3.160   1.013
GLU02B4229_004   4.173  -3.160   1.013
GLU-1B4229_005   4.052  -3.084   0.968
LYS01B4230_001   2.706  -3.565  -0.859
LYS+1B4230_002   2.652  -3.565  -0.913
MET01B4231_001   0.213  -6.856  -6.642
GLU01B4232_001   3.858  -2.165   1.692
GLU01B4232_002   3.858  -2.165   1.692
GLU02B4232_003   3.178  -2.117   1.061
GLU02B4232_004   3.178  -2.117   1.061
GLU-1B4232_005   3.066  -2.153   0.914
CTR01B4232_001  -0.021  -3.919  -3.940
CTR01B4232_002   0.113  -3.745  -3.633
CTR02B4232_003  -0.022  -3.880  -3.903
CTR02B4232_004   0.044  -3.997  -3.952
CTR-1B4232_005   0.000  -3.880  -3.880
NTR01B4238_001  -0.003  -2.184  -2.187
NTR+1B4238_002  -0.005  -2.184  -2.189
CYS01B4238_001  -0.002  -2.978  -2.980
CYS01B4238_002  -0.002  -2.978  -2.980
CYS01B4238_003  -0.003  -2.978  -2.981
CYS-1B4238_004   0.000  -2.978  -2.978
GLU01B4239_001   8.622  -0.886   7.736
GLU01B4239_002   8.622  -0.886   7.736
GLU02B4239_003   6.936  -0.917   6.019
GLU02B4239_004   6.936  -0.917   6.019
GLU-1B4239_005   6.882  -0.861   6.021
ASP01B4240_001   0.088  -1.369  -1.280
ASP01B4240_002   0.088  -1.369  -1.280
ASP02B4240_003   0.161  -1.486  -1.326
ASP02B4240_004   0.161  -1.486  -1.326
ASP-1B4240_005   0.083  -1.365  -1.282
THR01B4241_001   0.399  -0.796  -0.397
THR01B4241_002   0.399  -0.796  -0.397
ILE01B4242_001   4.178  -0.496   3.682
PHE01B4243_001   6.564  -0.657   5.907
GLU01B4244_001   2.408  -0.491   1.917
GLU01B4244_002   2.408  -0.491   1.917
GLU02B4244_003   1.917  -0.571   1.346
GLU02B4244_004   1.917  -0.571   1.346
GLU-1B4244_005   1.846  -0.551   1.295
MET01B4245_001   0.134  -0.251  -0.117
GLN01B4246_001   1.176  -2.004  -0.829
GLN01B4246_002   0.959  -2.231  -1.272
ILE01B4247_001   1.773  -1.288   0.485
ALA01B4248_001   0.000  -0.206  -0.206
ALA01B4249_001   0.000  -2.743  -2.743
GLN01B4250_001   3.372  -2.365   1.007
GLN01B4250_002   5.332  -2.286   3.046
ILE01B4251_001   2.635  -1.407   1.228
SER01B4252_001   0.000  -3.483  -3.483
SER01B4252_002   0.000  -3.483  -3.483
GLU01B4253_001   0.494  -2.721  -2.227
GLU01B4253_002   0.494  -2.721  -2.227
GLU02B4253_003   0.660  -2.675  -2.015
GLU02B4253_004   0.660  -2.675  -2.015
GLU-1B4253_005   0.463  -2.622  -2.159
CTR01B4253_001  -0.021  -5.599  -5.620
CTR01B4253_002   0.106  -5.444  -5.338
CTR02B4253_003  -0.022  -5.521  -5.544
CTR02B4253_004   0.040  -5.444  -5.405
CTR-1B4253_005   0.000  -5.405  -5.405
NTR01B4540_001  -0.003  -2.899  -2.902
NTR+1B4540_002  -0.005  -2.899  -2.904
PHE01B4540_001   2.031  -3.197  -1.165
TRP01B4541_001   0.649 -14.222 -13.573
GLU01B4543_001   0.500  -3.420  -2.920
GLU01B4543_002   0.500  -3.420  -2.920
GLU02B4543_003   0.666  -3.527  -2.861
GLU02B4543_004   0.666  -3.527  -2.861
GLU-1B4543_005   0.468  -3.402  -2.934
LEU01B4544_001   1.456  -3.828  -2.372
GLU01B4545_001   0.499  -2.472  -1.972
GLU01B4545_002   0.499  -2.472  -1.972
GLU02B4545_003   0.666  -2.420  -1.754
GLU02B4545_004   0.666  -2.420  -1.754
GLU-1B4545_005   0.468  -2.425  -1.957
VAL01B4546_001   0.512  -6.020  -5.508
GLN01B4547_001   1.260  -2.717  -1.457
GLN01B4547_002   1.738  -2.659  -0.921
ARG01B4548_001   7.416  -6.449   0.967
ARG02B4548_002   7.355  -6.449   0.906
ARG02B4548_003   7.360  -6.449   0.910
ARG03B4548_004   7.449  -6.449   0.999
ARG+1B4548_005   7.314  -6.449   0.865
VAL01B4549_001   1.423  -3.863  -2.441
LYS01B4550_001   3.783  -4.393  -0.610
LYS+1B4550_002   3.688  -4.393  -0.705
PHE01B4551_001   4.779  -7.331  -2.552
LEU01B4552_001  10.292  -1.494   8.799
ASN01B4553_001   0.349  -0.979  -0.630
ASN01B4553_002   0.518  -0.984  -0.466
TYR01B4554_001   5.084  -6.896  -1.812
TYR-1B4554_002   5.084  -6.896  -1.812
LEU01B4555_001   2.676  -0.515   2.161
SER01B4556_001   0.000   0.000   0.000
ARG01B4557_001   4.975  -3.916   1.059
ARG02B4557_002   4.930  -3.916   1.014
ARG02B4557_003   4.936  -3.916   1.020
ARG03B4557_004   4.938  -3.916   1.022
ARG03B4557_005   4.995  -3.916   1.079
ARG+1B4557_006   4.890  -3.916   0.974
ASN01B4558_001   0.334  -1.110  -0.776
PHE01B4559_001   5.070  -0.556   4.515
TYR01B4560_001   5.187  -7.842  -2.656
TYR-1B4560_002   5.187  -7.842  -2.656
THR01B4561_001   0.346  -4.193  -3.847
LEU01B4562_001   2.154  -1.285   0.869
ARG01B4563_001   2.140  -1.958   0.182
ARG02B4563_002   2.092  -1.958   0.133
ARG02B4563_003   2.097  -1.958   0.139
ARG03B4563_004   2.097  -1.958   0.138
ARG03B4563_005   2.157  -1.958   0.198
ARG+1B4563_006   2.053  -1.958   0.094
PHE01B4564_001   5.161  -8.589  -3.427
LEU01B4565_001   1.453  -3.673  -2.221
ALA01B4566_001   0.000   0.000   0.000
LEU01B4567_001   2.098  -2.437  -0.339
PHE01B4568_001   5.231  -8.011  -2.780
LEU01B4569_001  12.440  -0.206  12.234
ALA01B4570_001   0.000   0.000   0.000
PHE01B4571_001   4.854  -6.325  -1.471
ALA01B4572_001   0.000  -1.475  -1.475
ILE01B4573_001   2.132  -0.103   2.029
ASN01B4574_001   0.460  -0.129   0.331
ASN01B4574_002   0.237  -0.220   0.017
PHE01B4575_001   5.220  -8.657  -3.438
ILE01B4576_001   4.185  -1.062   3.123
LEU01B4577_001   4.065  -2.093   1.972
LEU01B4578_001   2.468  -6.178  -3.710
PHE01B4579_001   5.286  -3.589   1.697
TYR01B4580_001   4.720  -3.237   1.484
TYR-1B4580_002   4.720  -3.237   1.484
LYS01B4581_001   2.112  -5.936  -3.824
LYS+1B4581_002   2.061  -5.936  -3.875
VAL01B4582_001   0.688  -5.508  -4.821
SER01B4583_001   0.000  -0.260  -0.260
SER01B4583_002   0.000  -0.260  -0.260
SER01B4583_003   0.000  -0.260  -0.260
ASP01B4584_001  -0.040  -3.702  -3.742
ASP01B4584_002  -0.040  -3.702  -3.742
ASP02B4584_003  -0.009  -3.744  -3.753
ASP02B4584_004  -0.009  -3.744  -3.753
ASP-1B4584_005  -0.041  -3.566  -3.607
SER01B4585_001   0.000  -3.371  -3.371
SER01B4585_002   0.000  -3.371  -3.371
PRO01B4586_001   0.358  -5.570  -5.211
PRO01B4587_001   0.286  -4.825  -4.539
CTR01B4587_001  -0.021  -4.749  -4.770
CTR01B4587_002   0.078  -4.885  -4.807
CTR02B4587_003  -0.022  -4.653  -4.675
CTR02B4587_004   0.026  -4.885  -4.859
CTR-1B4587_005   0.000  -4.749  -4.749
NTR01B4626_001  -0.003  -3.628  -3.631
NTR+1B4626_002  -0.005  -3.628  -3.633
ASN01B4626_001  -0.020  -3.566  -3.586
MET01B4627_001   0.140  -3.585  -3.446
VAL01B4628_001   0.588  -2.917  -2.329
TYR01B4629_001   5.349  -7.973  -2.624
TYR-1B4629_002   5.349  -7.973  -2.624
TYR01B4630_001   5.219  -3.415   1.804
TYR-1B4630_002   5.219  -3.415   1.804
PHE01B4631_001   4.935  -2.836   2.099
LEU01B4632_001   3.066  -4.185  -1.119
GLU01B4633_001   5.368  -2.559   2.809
GLU01B4633_002   5.368  -2.559   2.809
GLU02B4633_003   4.298  -2.571   1.727
GLU02B4633_004   4.298  -2.571   1.727
GLU-1B4633_005   4.228  -2.481   1.747
GLU01B4634_001   2.553  -1.405   1.148
GLU01B4634_002   2.553  -1.405   1.148
GLU02B4634_003   2.026  -1.234   0.792
GLU02B4634_004   2.026  -1.234   0.792
GLU-1B4634_005   1.965  -1.257   0.708
SER01B4635_001   0.000  -5.091  -5.091
THR01B4636_001   0.173  -1.320  -1.147
THR01B4636_002   0.173  -1.320  -1.147
THR01B4636_003   0.173  -1.320  -1.147
TYR01B4638_001   5.027  -9.774  -4.747
TYR01B4638_002   5.027  -9.774  -4.747
TYR-1B4638_003   5.027  -9.774  -4.747
MET01B4639_001 116.152  -0.048 116.104
GLU01B4640_001   2.061  -2.170  -0.109
GLU01B4640_002   2.061  -2.170  -0.109
GLU02B4640_003   1.773  -2.125  -0.353
GLU02B4640_004   1.773  -2.125  -0.353
GLU-1B4640_005   1.641  -2.071  -0.431
PRO01B4641_001   0.291  -5.963  -5.672
ALA01B4642_001   0.000  -2.112  -2.112
LEU01B4643_001   4.403  -1.545   2.858
TRP01B4644_001   2.943  -8.245  -5.302
CYS01B4645_001  -0.002  -3.766  -3.768
CYS01B4645_002  -0.002  -3.766  -3.768
CYS01B4645_003  -0.002  -3.766  -3.768
CYS-1B4645_004   0.000  -3.766  -3.766
LEU01B4646_001   1.743  -3.210  -1.467
SER01B4647_001   0.000   0.000   0.000
SER01B4647_002   0.000   0.000   0.000
LEU01B4648_001   2.770  -5.286  -2.516
LEU01B4649_001   4.690  -3.519   1.171
HIS01B4650_001  -0.123   0.000  -0.123
HIS02B4650_002  -0.142   0.000  -0.142
HIS+1B4650_003  -0.169   0.000  -0.169
THR01B4651_001   0.297  -1.528  -1.231
THR01B4651_002   0.297  -1.528  -1.231
LEU01B4652_001   5.718  -5.438   0.281
VAL01B4653_001   1.031  -0.618   0.413
ALA01B4654_001   0.000   0.000   0.000
PHE01B4655_001   5.154  -7.961  -2.807
LEU01B4656_001   2.768  -2.727   0.041
CYS01B4657_001  -0.002   0.000  -0.002
CYS01B4657_002  -0.002   0.000  -0.002
CYS01B4657_003  -0.003   0.000  -0.003
CYS-1B4657_004   0.000   0.000   0.000
ILE01B4658_001   3.295  -1.803   1.492
ILE01B4659_001   1.712  -2.968  -1.257
TYR01B4661_001   5.689  -0.455   5.235
TYR01B4661_002   5.689  -0.455   5.235
TYR-1B4661_003   5.689  -0.455   5.235
ASN01B4662_001   0.228  -2.234  -2.007
ASN01B4662_002   0.043  -1.826  -1.783
CYS01B4663_001  -0.002  -1.313  -1.315
CYS01B4663_002  -0.002  -1.313  -1.315
CYS01B4663_003  -0.003  -1.313  -1.315
CYS-1B4663_004   0.000  -1.313  -1.313
LEU01B4664_001   2.486  -1.906   0.580
LYS01B4665_001   5.505  -3.340   2.165
LYS+1B4665_002   5.419  -3.340   2.079
VAL01B4666_001   0.289   0.000   0.289
PRO01B4667_001   0.311  -1.819  -1.508
LEU01B4668_001   4.294  -1.851   2.443
VAL01B4669_001   0.614  -2.109  -1.494
ILE01B4670_001   2.181  -0.618   1.563
PHE01B4671_001   5.665   0.000   5.665
LYS01B4672_001   1.801  -5.072  -3.270
LYS+1B4672_002   1.751  -5.072  -3.320
ARG01B4673_001   3.553  -0.720   2.833
ARG02B4673_002   3.521  -0.720   2.801
ARG02B4673_003   3.525  -0.720   2.805
ARG03B4673_004   3.530  -0.720   2.811
ARG03B4673_005   3.576  -0.720   2.856
ARG+1B4673_006   3.482  -0.720   2.762
GLU01B4674_001   3.009   0.000   3.009
GLU01B4674_002   3.009   0.000   3.009
GLU02B4674_003   2.380   0.000   2.380
GLU02B4674_004   2.380   0.000   2.380
GLU-1B4674_005   2.336   0.000   2.336
LYS01B4675_001   1.243  -2.128  -0.885
LYS+1B4675_002   1.195  -2.128  -0.933
GLU01B4676_001   5.292  -1.333   3.959
GLU01B4676_002   5.292  -1.333   3.959
GLU02B4676_003   4.277  -1.353   2.925
GLU02B4676_004   4.277  -1.353   2.925
GLU-1B4676_005   4.186  -1.309   2.877
LEU01B4677_001   1.377  -0.361   1.016
ALA01B4678_001   0.000  -0.309  -0.309
ARG01B4679_001   2.254  -2.512  -0.258
ARG02B4679_002   2.236  -2.512  -0.277
ARG02B4679_003   2.319  -2.512  -0.194
ARG03B4679_004   2.227  -2.512  -0.285
ARG+1B4679_005   2.188  -2.512  -0.325
LYS01B4680_001   1.228  -5.337  -4.108
LYS+1B4680_002   1.182  -5.337  -4.155
LEU01B4681_001   1.451  -0.119   1.332
GLU01B4682_001   3.148  -0.589   2.559
GLU01B4682_002   3.148  -0.589   2.559
GLU02B4682_003   2.523  -0.648   1.874
GLU02B4682_004   2.523  -0.648   1.874
GLU-1B4682_005   2.455  -0.586   1.870
PHE01B4683_001   6.008  -5.074   0.934
ASP01B4684_001   0.305  -2.131  -1.827
ASP01B4684_002   0.305  -2.131  -1.827
ASP02B4684_003   0.423  -2.060  -1.637
ASP02B4684_004   0.423  -2.060  -1.637
ASP-1B4684_005   0.291  -2.059  -1.768
LEU01B4686_001   3.109  -1.954   1.154
TYR01B4687_001   5.815  -0.202   5.613
TYR01B4687_002   5.815  -0.202   5.613
TYR-1B4687_003   5.815  -0.202   5.613
ILE01B4688_001   2.745   0.000   2.745
THR01B4689_001   0.255  -3.131  -2.876
THR01B4689_002   0.255  -3.131  -2.876
GLU01B4690_001   9.422  -2.984   6.438
GLU01B4690_002   9.422  -2.984   6.438
GLU02B4690_003   7.555  -3.062   4.492
GLU02B4690_004   7.555  -3.062   4.492
GLU-1B4690_005   7.486  -2.980   4.506
GLN01B4691_001   1.920  -2.547  -0.626
GLN01B4691_002   2.727  -2.552   0.175
PRO01B4692_001   0.499  -0.103   0.396
ASP01B4694_001   0.260  -2.280  -2.020
ASP01B4694_002   0.260  -2.280  -2.020
ASP02B4694_003   0.368  -2.327  -1.960
ASP02B4694_004   0.368  -2.327  -1.960
ASP-1B4694_005   0.249  -2.204  -1.956
ASP01B4695_001   0.246  -3.254  -3.009
ASP01B4695_002   0.246  -3.254  -3.009
ASP02B4695_003   0.354  -3.252  -2.898
ASP02B4695_004   0.354  -3.252  -2.898
ASP-1B4695_005   0.235  -3.200  -2.965
ASP01B4696_001   0.219  -3.063  -2.844
ASP01B4696_002   0.219  -3.063  -2.844
ASP02B4696_003   0.318  -3.036  -2.718
ASP02B4696_004   0.318  -3.036  -2.718
ASP-1B4696_005   0.208  -2.955  -2.746
VAL01B4697_001   0.719  -6.777  -6.058
LYS01B4698_001   3.174  -5.348  -2.174
LYS+1B4698_002   3.120  -5.348  -2.227
GLN01B4700_001   1.486  -1.653  -0.167
GLN01B4700_002   1.121  -1.989  -0.868
TRP01B4701_001   3.702  -4.097  -0.396
ASP01B4702_001   0.039  -0.069  -0.030
ASP01B4702_002   0.039  -0.069  -0.030
ASP02B4702_003   0.093  -0.072   0.020
ASP02B4702_004   0.093  -0.072   0.020
ASP-1B4702_005   0.033  -0.069  -0.036
ARG01B4703_001   8.432  -5.160   3.272
ARG02B4703_002   8.363  -5.160   3.203
ARG03B4703_003   8.362  -5.160   3.202
ARG+1B4703_004   8.316  -5.160   3.155
LEU01B4704_001   3.547  -2.215   1.332
VAL01B4705_001   0.618  -0.052   0.567
LEU01B4706_001   2.188  -0.155   2.034
ASN01B4707_001   0.643  -1.196  -0.553
THR01B4708_001   0.376   0.000   0.376
THR01B4708_002   0.376   0.000   0.376
PRO01B4709_001   0.300  -4.717  -4.417
SER01B4710_001   0.000  -1.504  -1.504
SER01B4710_002   0.000  -1.504  -1.504
SER01B4710_003   0.000  -1.504  -1.504
PHE01B4711_001   5.814  -0.118   5.696
PRO01B4712_001   0.380  -0.254   0.126
SER01B4713_001   0.000  -1.828  -1.828
SER01B4713_002   0.000  -1.828  -1.828
SER01B4713_003   0.000  -1.828  -1.828
ASN01B4714_001   0.160  -0.896  -0.736
ASN01B4714_002   0.000  -0.930  -0.930
TYR01B4715_001   6.510  -1.397   5.112
TYR-1B4715_002   6.510  -1.397   5.112
TRP01B4716_001   3.619  -3.046   0.573
ASP01B4717_001   0.216  -1.272  -1.055
ASP01B4717_002   0.216  -1.272  -1.055
ASP02B4717_003   0.246  -1.280  -1.033
ASP02B4717_004   0.246  -1.280  -1.033
ASP-1B4717_005   0.177  -1.197  -1.019
LYS01B4718_001   1.007  -3.884  -2.878
LYS+1B4718_002   0.969  -3.884  -2.915
PHE01B4719_001   6.989  -3.262   3.727
VAL01B4720_001   0.845  -0.309   0.536
LYS01B4721_001   1.094  -0.773   0.322
LYS+1B4721_002   1.049  -0.773   0.276
ARG01B4722_001   8.938  -5.243   3.695
ARG02B4722_002   8.873  -5.243   3.630
ARG03B4722_003   8.956  -5.243   3.713
ARG+1B4722_004   8.827  -5.243   3.583
LYS01B4723_001   1.859  -5.694  -3.836
LYS+1B4723_002   1.813  -5.694  -3.881
VAL01B4724_001   0.674   0.000   0.674
LEU01B4725_001   2.833  -0.618   2.215
ASP01B4726_001   0.177  -3.072  -2.895
ASP01B4726_002   0.177  -3.072  -2.895
ASP02B4726_003   0.281  -3.183  -2.902
ASP02B4726_004   0.281  -3.183  -2.902
ASP-1B4726_005   0.173  -3.002  -2.828
LYS01B4727_001   2.353  -3.224  -0.872
LYS+1B4727_002   2.301  -3.224  -0.923
HIS01B4728_001  -0.075  -1.290  -1.366
HIS01B4728_002  -0.016  -1.578  -1.595
HIS02B4728_003  -0.095  -1.290  -1.386
HIS02B4728_004  -0.029  -1.578  -1.608
HIS+1B4728_005  -0.123  -1.290  -1.413
HIS+1B4728_006  -0.056  -1.578  -1.634
ASP01B4730_001   0.105  -3.438  -3.332
ASP01B4730_002   0.105  -3.438  -3.332
ASP02B4730_003   0.184  -3.520  -3.336
ASP02B4730_004   0.184  -3.520  -3.336
ASP-1B4730_005   0.102  -3.432  -3.331
ILE01B4731_001   3.683  -4.546  -0.862
PHE01B4732_001   4.497  -3.899   0.598
ARG01B4734_001   2.956  -7.605  -4.649
ARG02B4734_002   2.936  -7.605  -4.669
ARG03B4734_003   3.043  -7.605  -4.562
ARG+1B4734_004   2.892  -7.605  -4.712
GLU01B4735_001   3.493  -2.805   0.688
GLU01B4735_002   3.493  -2.805   0.688
GLU02B4735_003   2.852  -2.727   0.125
GLU02B4735_004   2.852  -2.727   0.125
GLU-1B4735_005   2.746  -2.660   0.085
ARG01B4736_001   7.253  -7.480  -0.227
ARG02B4736_002   7.195  -7.480  -0.285
ARG03B4736_003   7.285  -7.480  -0.196
ARG+1B4736_004   7.149  -7.480  -0.331
ILE01B4737_001   3.714   0.000   3.714
ALA01B4738_001   0.000  -0.052  -0.052
GLU01B4739_001   3.869  -2.127   1.743
GLU01B4739_002   3.869  -2.127   1.743
GLU02B4739_003   3.155  -2.246   0.909
GLU02B4739_004   3.155  -2.246   0.909
GLU-1B4739_005   3.071  -2.126   0.945
LEU01B4740_001   7.163  -2.196   4.967
LEU01B4741_001   2.030  -0.052   1.979
MET01B4743_001   4.452  -0.575   3.877
ASP01B4744_001  -0.040  -2.184  -2.224
ASP01B4744_002  -0.040  -2.184  -2.224
ASP02B4744_003  -0.009  -2.209  -2.218
ASP02B4744_004  -0.009  -2.209  -2.218
ASP-1B4744_005  -0.041  -2.088  -2.129
LEU01B4745_001   1.457  -5.956  -4.499
ALA01B4746_001   0.000  -0.979  -0.979
SER01B4747_001   0.000  -1.010  -1.010
LEU01B4748_001   1.455  -5.853  -4.398
GLU01B4749_001   0.499  -2.742  -2.243
GLU01B4749_002   0.499  -2.742  -2.243
GLU02B4749_003   0.666  -2.733  -2.067
GLU02B4749_004   0.666  -2.733  -2.067
GLU-1B4749_005   0.468  -2.632  -2.164
ILE01B4750_001   0.940  -2.163  -1.223
THR01B4751_001   0.152  -4.816  -4.664
THR01B4751_002   0.152  -4.816  -4.664
ALA01B4752_001   0.000  -2.968  -2.968
HIS01B4753_001  -0.354  -1.786  -2.140
HIS02B4753_002  -0.363  -1.786  -2.149
HIS+1B4753_003  -0.382  -1.786  -2.169
ASN01B4754_001  -0.020  -0.576  -0.596
ASN01B4754_002  -0.091  -0.468  -0.558
GLU01B4755_001   0.498  -2.053  -1.556
GLU01B4755_002   0.498  -2.053  -1.556
GLU02B4755_003   0.664  -2.082  -1.418
GLU02B4755_004   0.664  -2.082  -1.418
GLU-1B4755_005   0.466  -2.102  -1.635
ARG01B4756_0011191.272  -6.1081185.165
ARG02B4756_0021191.254  -6.1081185.146
ARG03B4756_0031191.288  -6.1081185.180
ARG03B4756_004 190.325  -6.108 184.217
ARG+1B4756_0051191.222  -6.1081185.114
LYS01B4757_001   3.799  -2.871   0.928
LYS+1B4757_002   3.704  -2.871   0.834
PRO01B4758_001   0.230  -5.468  -5.237
ASP01B4759_001  -0.040  -3.181  -3.222
ASP01B4759_002  -0.040  -3.181  -3.222
ASP02B4759_003  -0.009  -3.238  -3.247
ASP02B4759_004  -0.009  -3.238  -3.247
ASP-1B4759_005  -0.041  -3.152  -3.193
PRO01B4760_001   0.247  -6.438  -6.192
PRO01B4761_001   0.243  -6.829  -6.586
PRO01B4762_001   0.237  -5.615  -5.377
LEU01B4764_001   1.459  -4.823  -3.363
LEU01B4765_001   1.458  -4.446  -2.988
THR01B4766_001   0.253  -4.950  -4.698
THR01B4766_002   0.253  -4.950  -4.698
TRP01B4767_001   3.152  -6.786  -3.634
LEU01B4768_001   3.585  -5.698  -2.114
MET01B4769_001   0.142  -8.911  -8.769
SER01B4770_001   0.000  -3.300  -3.300
ILE01B4771_001   2.045  -4.153  -2.108
ASP01B4772_001   0.092  -1.923  -1.831
ASP01B4772_002   0.092  -1.923  -1.831
ASP02B4772_003   0.155  -2.030  -1.875
ASP02B4772_004   0.155  -2.030  -1.875
ASP-1B4772_005   0.082  -1.908  -1.826
VAL01B4773_001   0.726  -5.235  -4.509
LYS01B4774_001   1.195  -6.445  -5.250
LYS+1B4774_002   1.144  -6.445  -5.300
TYR01B4775_001   5.134  -0.859   4.275
TYR-1B4775_002   5.134  -0.859   4.275
GLN01B4776_001   1.026  -1.922  -0.896
ILE01B4777_001   3.557  -4.494  -0.938
TRP01B4778_001   4.738  -0.068   4.670
LYS01B4779_001   3.049  -3.292  -0.243
LYS+1B4779_002   2.998  -3.292  -0.294
PHE01B4780_001   4.589  -5.992  -1.403
VAL01B4782_001   1.338  -0.052   1.286
ILE01B4783_001   2.029  -1.407   0.622
PHE01B4784_001   4.247  -7.265  -3.018
THR01B4785_001   0.260  -2.227  -1.967
THR01B4785_002   0.260  -2.227  -1.967
ASP01B4786_001   0.256  -0.978  -0.722
ASP01B4786_002   0.256  -0.978  -0.722
ASP02B4786_003   0.312  -0.896  -0.584
ASP02B4786_004   0.312  -0.896  -0.584
ASP-1B4786_005   0.223  -0.896  -0.673
ASN01B4787_001   0.605  -3.652  -3.047
ASN01B4787_002   0.306  -3.379  -3.073
SER01B4788_001   0.000  -2.299  -2.299
SER01B4788_002   0.000  -2.299  -2.299
SER01B4788_003   0.000  -2.299  -2.299
PHE01B4789_001   6.474  -1.634   4.840
LEU01B4790_001   3.365  -4.546  -1.181
TYR01B4791_001   5.709  -4.480   1.228
TYR01B4791_002   5.709  -4.480   1.228
TYR-1B4791_003   5.709  -4.480   1.228
LEU01B4792_001   1.392  -0.840   0.551
TRP01B4794_001   3.931  -8.374  -4.443
TYR01B4795_001   5.412   0.000   5.412
TYR-1B4795_002   5.412   0.000   5.412
MET01B4796_001  19.394  -1.032  18.363
VAL01B4797_001   0.993  -4.031  -3.038
MET01B4798_001   7.478  -1.077   6.401
SER01B4799_001   0.000   0.000   0.000
SER01B4799_002   0.000   0.000   0.000
SER01B4799_003   0.000   0.000   0.000
LEU01B4800_001   2.856  -5.698  -2.842
LEU01B4801_001   1.358  -3.606  -2.248
HIS01B4803_001  -0.172  -2.890  -3.062
HIS02B4803_002  -0.189  -2.890  -3.080
HIS+1B4803_003  -0.216  -2.890  -3.107
TYR01B4804_001   4.031  -9.203  -5.172
TYR-1B4804_002   4.031  -9.203  -5.172
ASN01B4805_001   0.137  -2.384  -2.247
ASN01B4805_002  -0.015  -2.100  -2.115
ASN01B4806_001   0.575  -1.590  -1.015
ASN01B4806_002   0.312  -1.688  -1.376
PHE01B4807_001   4.693 -10.386  -5.693
PHE01B4808_001   5.766  -3.755   2.010
PHE01B4809_001   3.833  -0.253   3.581
ALA01B4810_001   0.000  -1.391  -1.391
ALA01B4811_001   0.000  -1.407  -1.407
HIS01B4812_001  -0.085   0.000  -0.085
HIS02B4812_002  -0.105   0.000  -0.105
HIS+1B4812_003  -0.132   0.000  -0.132
LEU01B4813_001   3.136  -3.329  -0.193
LEU01B4814_001   1.775  -6.349  -4.574
ASP01B4815_001   0.274  -0.297  -0.023
ASP01B4815_002   0.274  -0.297  -0.023
ASP02B4815_003   0.346  -0.225   0.122
ASP02B4815_004   0.346  -0.225   0.122
ASP-1B4815_005   0.244  -0.220   0.024
ILE01B4816_001   3.107  -0.824   2.283
ALA01B4817_001   0.000  -2.830  -2.830
MET01B4818_001   0.030  -5.252  -5.222
VAL01B4820_001   0.687  -3.915  -3.227
LYS01B4821_001   7.750  -7.918  -0.168
LYS+1B4821_002   7.676  -7.918  -0.243
THR01B4822_001   0.376  -4.168  -3.793
LEU01B4823_001   0.999  -5.286  -4.287
ARG01B4824_001   3.789  -5.594  -1.805
ARG02B4824_002   3.757  -5.594  -1.837
ARG03B4824_003   3.763  -5.594  -1.832
ARG+1B4824_004   3.712  -5.594  -1.882
THR01B4825_001   0.409  -3.364  -2.955
THR01B4825_002   0.409  -3.364  -2.955
ILE01B4826_001   3.925  -5.814  -1.889
LEU01B4827_001   2.674  -4.787  -2.113
SER01B4828_001   0.000  -2.040  -2.040
SER01B4828_002   0.000  -2.040  -2.040
SER01B4828_003   0.000  -2.040  -2.040
SER01B4829_001   0.000  -0.096  -0.096
SER01B4829_002   0.000  -0.096  -0.096
VAL01B4830_001   0.850  -4.633  -3.782
THR01B4831_001   0.327  -3.908  -3.581
THR01B4831_002   0.327  -3.908  -3.581
THR01B4831_003   0.327  -3.908  -3.581
HIS01B4832_001  -0.143  -3.937  -4.080
HIS02B4832_002  -0.161  -3.937  -4.098
HIS+1B4832_003  -0.188  -3.937  -4.125
ASN01B4833_001   0.483  -0.566  -0.083
ASN01B4833_002   0.235  -0.704  -0.469
LYS01B4835_001   0.816  -9.006  -8.190
LYS+1B4835_002   0.767  -9.006  -8.239
GLN01B4836_001   2.738  -2.560   0.178
LEU01B4837_001   2.081  -1.700   0.381
VAL01B4838_001   1.094  -5.644  -4.550
MET01B4839_001   0.325  -7.875  -7.550
THR01B4840_001   0.309  -0.773  -0.464
THR01B4840_002   0.309  -0.773  -0.464
VAL01B4841_001   1.181  -4.649  -3.468
LEU01B4843_001   5.403  -5.338   0.065
LEU01B4844_001   4.972  -3.120   1.852
ALA01B4845_001   0.000  -2.453  -2.453
VAL01B4846_001   0.881  -4.462  -3.581
VAL01B4847_001   0.797  -1.339  -0.542
VAL01B4848_001   1.856  -0.103   1.753
TYR01B4849_001   5.383  -7.228  -1.845
TYR-1B4849_002   5.383  -7.228  -1.845
LEU01B4850_001   1.851  -6.329  -4.478
TYR01B4851_001   4.971  -3.453   1.518
TYR-1B4851_002   4.971  -3.453   1.518
THR01B4852_001   0.378   0.000   0.378
THR01B4852_002   0.378   0.000   0.378
THR01B4852_003   0.378   0.000   0.378
VAL01B4853_001   0.908  -3.039  -2.131
VAL01B4854_001   0.547  -1.922  -1.375
ALA01B4855_001   0.000  -0.393  -0.393
PHE01B4856_001   4.564  -2.207   2.357
ASN01B4857_001   0.326  -2.108  -1.781
ASN01B4857_002   0.134  -1.964  -1.830
PHE01B4858_001   4.427 -10.104  -5.677
PHE01B4859_001   4.598  -0.354   4.244
ARG01B4860_001   3.540  -7.011  -3.471
ARG02B4860_002   3.504  -7.011  -3.507
ARG03B4860_003   3.513  -7.011  -3.498
ARG+1B4860_004   3.463  -7.011  -3.548
LYS01B4861_001   3.256  -5.657  -2.401
LYS+1B4861_002   3.210  -5.657  -2.447
PHE01B4862_001   6.418  -1.348   5.071
TYR01B4863_001   5.306   0.000   5.306
TYR01B4863_002   5.306   0.000   5.306
TYR-1B4863_003   5.306   0.000   5.306
ASN01B4864_001   0.151  -1.221  -1.070
ASN01B4864_002   0.376  -1.235  -0.859
LYS01B4865_001   5.269  -1.161   4.108
LYS+1B4865_002   5.218  -1.161   4.057
SER01B4866_001   0.000  -3.956  -3.956
GLU01B4867_001   3.103  -2.101   1.002
GLU01B4867_002   3.103  -2.101   1.002
GLU02B4867_003   2.555  -2.252   0.302
GLU02B4867_004   2.555  -2.252   0.302
GLU-1B4867_005   2.458  -2.105   0.353
ASP01B4868_001   0.411  -3.999  -3.588
ASP01B4868_002   0.411  -3.999  -3.588
ASP02B4868_003   0.464  -3.924  -3.459
ASP02B4868_004   0.464  -3.924  -3.459
ASP-1B4868_005   0.356  -3.841  -3.485
GLU01B4869_001   2.169  -3.926  -1.757
GLU01B4869_002   2.169  -3.926  -1.757
GLU02B4869_003   1.792  -4.018  -2.225
GLU02B4869_004   1.792  -4.018  -2.225
GLU-1B4869_005   1.695  -3.819  -2.124
ASP01B4870_001   0.294  -3.067  -2.773
ASP01B4870_002   0.294  -3.067  -2.773
ASP02B4870_003   0.411  -3.048  -2.637
ASP02B4870_004   0.411  -3.048  -2.637
ASP-1B4870_005   0.282  -2.963  -2.682
GLU01B4871_001   5.422  -1.528   3.894
GLU01B4871_002   5.422  -1.528   3.894
GLU02B4871_003   4.331  -1.561   2.771
GLU02B4871_004   4.331  -1.561   2.771
GLU-1B4871_005   4.259  -1.529   2.730
CTR01B4871_001  -0.021  -0.772  -0.793
CTR01B4871_002   0.091  -0.772  -0.681
CTR02B4871_003  -0.022  -0.772  -0.794
CTR02B4871_004   0.036  -0.772  -0.737
CTR-1B4871_005   0.000  -0.772  -0.772
NTR01B4872_001  -0.002  -0.673  -0.675
NTR+1B4872_002  -0.004  -0.673  -0.676
PRO01B4872_001   0.271  -5.405  -5.134
ASP01B4873_001   0.118  -1.938  -1.820
ASP01B4873_002   0.118  -1.938  -1.820
ASP02B4873_003   0.199  -1.895  -1.696
ASP02B4873_004   0.199  -1.895  -1.696
ASP-1B4873_005   0.112  -1.874  -1.762
MET01B4874_001   2.062  -1.525   0.538
LYS01B4875_001  11.946  -1.533  10.413
LYS+1B4875_002  12.573  -1.533  11.040
CYS01B4876_001  -0.002   0.000  -0.002
CYS01B4876_002  -0.002   0.000  -0.002
CYS01B4876_003  -0.003   0.000  -0.003
CYS-1B4876_004   0.000   0.000   0.000
ASP01B4877_001   0.106  -1.849  -1.743
ASP01B4877_002   0.106  -1.849  -1.743
ASP02B4877_003   0.176  -1.675  -1.499
ASP02B4877_004   0.176  -1.675  -1.499
ASP-1B4877_005   0.098  -1.705  -1.607
ASP01B4878_001  -0.040  -1.950  -1.990
ASP01B4878_002  -0.040  -1.950  -1.990
ASP02B4878_003  -0.009  -2.094  -2.103
ASP02B4878_004  -0.009  -2.094  -2.103
ASP-1B4878_005  -0.041  -1.950  -1.991
MET01B4879_001   0.108  -3.896  -3.788
MET01B4880_001   0.923  -9.432  -8.510
THR01B4881_001   0.294  -2.001  -1.708
THR01B4881_002   0.294  -2.001  -1.708
THR01B4881_003   0.294  -2.001  -1.708
CYS01B4882_001  -0.002   0.000  -0.002
CYS01B4882_002  -0.002   0.000  -0.002
CYS01B4882_003  -0.003   0.000  -0.003
CYS-1B4882_004   0.000   0.000   0.000
TYR01B4883_001   6.283  -1.718   4.565
TYR01B4883_002   6.283  -1.718   4.565
TYR-1B4883_003   6.283  -1.718   4.565
LEU01B4884_001   2.459  -5.953  -3.494
PHE01B4885_001   6.611  -0.758   5.854
HIS01B4886_001  -0.116  -0.182  -0.298
HIS01B4886_002  -0.062  -0.128  -0.191
HIS02B4886_003  -0.135  -0.182  -0.317
HIS02B4886_004  -0.075  -0.128  -0.203
HIS+1B4886_005  -0.162  -0.182  -0.345
HIS+1B4886_006  -0.101  -0.128  -0.230
MET01B4887_001   0.700  -3.648  -2.948
TYR01B4888_001   5.001  -9.011  -4.010
TYR-1B4888_002   5.001  -9.011  -4.010
VAL01B4889_001   0.719  -0.840  -0.121
VAL01B4891_001   1.020  -0.979   0.042
ARG01B4892_001  12.885  -7.464   5.421
ARG02B4892_002  12.820  -7.464   5.356
ARG03B4892_003  12.822  -7.464   5.358
ARG+1B4892_004  12.772  -7.464   5.309
ALA01B4893_001   0.000  -0.052  -0.052
ILE01B4897_001   1.456  -0.377   1.079
ASP01B4899_001   0.140  -1.711  -1.571
ASP01B4899_002   0.140  -1.711  -1.571
ASP02B4899_003   0.226  -1.727  -1.501
ASP02B4899_004   0.226  -1.727  -1.501
ASP-1B4899_005   0.133  -1.666  -1.533
GLU01B4900_001   3.057  -1.226   1.831
GLU01B4900_002   3.057  -1.226   1.831
GLU02B4900_003   2.456  -1.330   1.126
GLU02B4900_004   2.456  -1.330   1.126
GLU-1B4900_005   2.388  -1.226   1.162
ILE01B4901_001  11.044  -0.567  10.478
GLU01B4902_001  10.468  -1.311   9.157
GLU01B4902_002  10.468  -1.311   9.157
GLU02B4902_003   8.465  -1.394   7.071
GLU02B4902_004   8.465  -1.394   7.071
GLU-1B4902_005   8.329  -1.292   7.038
ASP01B4903_001   0.126  -3.030  -2.905
ASP01B4903_002   0.126  -3.030  -2.905
ASP02B4903_003   0.209  -3.099  -2.890
ASP02B4903_004   0.209  -3.099  -2.890
ASP-1B4903_005   0.121  -3.010  -2.889
PRO01B4904_001   0.307  -1.207  -0.900
ALA01B4905_001   0.000  -2.778  -2.778
ASP01B4907_001  -0.040  -3.183  -3.223
ASP01B4907_002  -0.040  -3.183  -3.223
ASP02B4907_003  -0.008  -3.174  -3.183
ASP02B4907_004  -0.008  -3.174  -3.183
ASP-1B4907_005  -0.040  -3.160  -3.200
GLU01B4908_001   0.499  -2.536  -2.037
GLU01B4908_002   0.499  -2.536  -2.037
GLU02B4908_003   0.665  -2.520  -1.855
GLU02B4908_004   0.665  -2.520  -1.855
GLU-1B4908_005   0.468  -2.532  -2.064
TYR01B4909_001   4.187  -8.452  -4.265
TYR-1B4909_002   4.187  -8.452  -4.265
GLU01B4910_001   0.500  -1.518  -1.019
GLU01B4910_002   0.500  -1.518  -1.019
GLU02B4910_003   0.666  -1.552  -0.886
GLU02B4910_004   0.666  -1.552  -0.886
GLU-1B4910_005   0.468  -1.426  -0.957
LEU01B4911_001   3.633  -8.667  -5.034
TYR01B4912_001   4.298  -8.329  -4.031
TYR-1B4912_002   4.298  -8.329  -4.031
ARG01B4913_001  13.724  -0.694  13.030
ARG02B4913_002  13.680  -0.694  12.986
ARG03B4913_003  13.676  -0.694  12.983
ARG+1B4913_004  13.631  -0.694  12.937
VAL01B4914_001   1.231  -3.860  -2.629
VAL01B4915_001   0.831  -5.132  -4.301
PHE01B4916_001   5.169  -1.725   3.445
ASP01B4917_001   0.294  -0.582  -0.288
ASP01B4917_002   0.294  -0.582  -0.288
ASP02B4917_003   0.350  -0.662  -0.312
ASP02B4917_004   0.350  -0.662  -0.312
ASP-1B4917_005   0.256  -0.603  -0.347
ILE01B4918_001   2.767  -5.714  -2.948
THR01B4919_001   0.318  -1.973  -1.655
PHE01B4920_001   5.733  -0.068   5.666
PHE01B4921_001   5.393  -1.667   3.726
PHE01B4922_001   4.917  -5.783  -0.866
PHE01B4923_001   4.577  -9.305  -4.728
VAL01B4924_001   1.525  -1.320   0.205
ILE01B4925_001   5.430  -0.515   4.915
VAL01B4926_001   0.848  -4.205  -3.357
ILE01B4927_001   3.721  -4.839  -1.118
LEU01B4928_001   3.226  -0.531   2.695
LEU01B4929_001   4.625  -5.714  -1.090
ALA01B4930_001   0.000  -2.675  -2.675
ILE01B4931_001   3.289  -4.018  -0.728
ILE01B4932_001   4.301  -2.849   1.452
GLN01B4933_001   2.230  -3.217  -0.988
GLN01B4933_002   3.647  -3.304   0.343
LEU01B4935_001   3.103  -1.854   1.248
ILE01B4936_001   6.093  -2.112   3.981
ILE01B4937_001   3.761  -6.999  -3.238
ASP01B4938_001   0.420  -3.131  -2.711
ASP01B4938_002   0.420  -3.131  -2.711
ASP02B4938_003   0.438  -3.094  -2.656
ASP02B4938_004   0.438  -3.094  -2.656
ASP-1B4938_005   0.348  -2.963  -2.615
ALA01B4939_001   0.000   0.000   0.000
PHE01B4940_001   5.605  -5.556   0.049
GLU01B4942_001   1.719  -2.189  -0.470
GLU01B4942_002   1.719  -2.189  -0.470
GLU02B4942_003   1.381  -2.158  -0.777
GLU02B4942_004   1.381  -2.158  -0.777
GLU-1B4942_005   1.303  -2.132  -0.828
LEU01B4943_001   1.748  -3.039  -1.291
ARG01B4944_001   3.997  -9.317  -5.320
ARG02B4944_002   4.013  -9.317  -5.304
ARG03B4944_003   3.937  -9.317  -5.380
ARG+1B4944_004   3.898  -9.317  -5.419
ASP01B4945_001   0.112  -2.226  -2.114
ASP01B4945_002   0.112  -2.226  -2.114
ASP02B4945_003   0.194  -2.339  -2.144
ASP02B4945_004   0.194  -2.339  -2.144
ASP-1B4945_005   0.108  -2.240  -2.132
GLN01B4946_001   1.185  -1.339  -0.153
GLN01B4946_002   0.970  -1.237  -0.266
GLN01B4947_001   0.936  -2.025  -1.089
GLN01B4947_002   1.054  -2.011  -0.957
GLU01B4948_001   7.841  -2.052   5.788
GLU01B4948_002   7.841  -2.052   5.788
GLU02B4948_003   6.284  -2.082   4.202
GLU02B4948_004   6.284  -2.082   4.202
GLU-1B4948_005   6.212  -2.028   4.184
GLN01B4949_001   5.606  -1.712   3.894
VAL01B4950_001   1.183  -0.824   0.359
LYS01B4951_001   5.745  -8.090  -2.345
LYS+1B4951_002   5.802  -8.090  -2.288
GLU01B4952_001  10.632  -2.136   8.496
GLU01B4952_002  10.632  -2.136   8.496
GLU02B4952_003   8.457  -2.212   6.245
GLU02B4952_004   8.457  -2.212   6.245
GLU-1B4952_005   8.401  -2.100   6.301
ASP01B4953_001   0.606  -0.683  -0.077
ASP01B4953_002   0.606  -0.683  -0.077
ASP02B4953_003   0.698  -0.626   0.073
ASP02B4953_004   0.698  -0.626   0.073
ASP-1B4953_005   0.542  -0.655  -0.112
MET01B4954_001   6.596  -5.856   0.740
GLU01B4955_001   0.497  -3.694  -3.196
GLU01B4955_002   0.497  -3.694  -3.196
GLU02B4955_003   0.664  -3.631  -2.967
GLU02B4955_004   0.664  -3.631  -2.967
GLU-1B4955_005   0.466  -3.553  -3.087
THR01B4956_001   0.454  -2.258  -1.805
THR01B4956_002   0.454  -2.258  -1.805
THR01B4956_003   0.454  -2.258  -1.805
LYS01B4957_001   3.090  -4.733  -1.644
LYS+1B4957_002   3.040  -4.733  -1.693
CYS01B4958_001  -0.002  -0.815  -0.817
CYS01B4958_002  -0.002  -0.815  -0.817
CYS01B4958_003  -0.003  -0.815  -0.818
CYS-1B4958_004   0.000  -0.815  -0.815
PHE01B4959_001   7.103  -4.063   3.040
CTR01B4959_001  -0.021  -0.502  -0.523
CTR01B4959_002   0.108  -0.579  -0.471
CTR02B4959_003  -0.022  -0.521  -0.544
CTR02B4959_004   0.042  -0.541  -0.499
CTR-1B4959_005   0.000  -0.521  -0.521
NTR01B4961_001  -0.003  -1.090  -1.092
NTR+1B4961_002  -0.005  -1.090  -1.094
CYS01B4961_001  -0.002  -1.048  -1.050
CYS01B4961_002  -0.002  -1.048  -1.050
CYS01B4961_003  -0.003  -1.048  -1.051
CYS-1B4961_004   0.000  -1.048  -1.048
CTR01B4962_001  -0.021  -3.688  -3.709
CTR01B4962_002   0.107  -3.726  -3.619
CTR02B4962_003  -0.022  -3.630  -3.652
CTR02B4962_004   0.040  -3.688  -3.647
CTR-1B4962_005   0.000  -3.630  -3.630
NTR01B4975_001  -0.003  -3.660  -3.662
NTR+1B4975_002  -0.005  -3.621  -3.626
CTR01B4975_001  -0.021  -4.991  -5.012
CTR01B4975_002   0.112  -5.184  -5.072
CTR02B4975_003  -0.022  -5.145  -5.167
CTR02B4975_004   0.044  -5.068  -5.024
CTR-1B4975_005   0.000  -5.029  -5.029
PHE01B4975_001   6.785  -5.807   0.979
NTR01B4981_001  -0.003  -3.644  -3.647
NTR+1B4981_002  -0.005  -3.644  -3.649
GLU01B4981_001   5.250  -1.182   4.068
GLU01B4981_002   5.250  -1.182   4.068
GLU02B4981_003   4.269  -1.100   3.168
GLU02B4981_004   4.269  -1.100   3.168
GLU-1B4981_005   4.176  -1.079   3.097
GLU01B4982_001   2.965  -1.637   1.328
GLU01B4982_002   2.965  -1.637   1.328
GLU02B4982_003   2.369  -1.862   0.507
GLU02B4982_004   2.369  -1.862   0.507
GLU-1B4982_005   2.299  -1.792   0.507
HIS01B4983_001  -0.239  -2.041  -2.280
HIS02B4983_002  -0.260  -2.041  -2.301
HIS+1B4983_003  -0.287  -2.041  -2.328
CTR01B4983_001  -0.021  -3.311  -3.333
CTR01B4983_002   0.130  -3.408  -3.278
CTR02B4983_003  -0.023  -3.350  -3.372
CTR02B4983_004   0.051  -3.504  -3.454
CTR-1B4983_005   0.000  -3.350  -3.350
NTR01B4986_001  -0.003  -1.156  -1.159
NTR+1B4986_002  -0.005  -1.156  -1.161
ALA01B4986_001   0.000  -1.236  -1.236
ASN01B4987_001   0.272  -0.842  -0.569
TYR01B4988_001   6.047  -5.604   0.443
TYR-1B4988_002   6.047  -5.604   0.443
MET01B4989_001   0.771  -1.325  -0.554
PHE01B4990_001   5.241  -1.536   3.704
PHE01B4991_001   6.670  -3.385   3.286
LEU01B4992_001   5.055  -2.865   2.190
MET01B4993_001   1.181  -0.314   0.867
TYR01B4994_001   5.782  -5.087   0.695
TYR01B4994_002   5.782  -5.087   0.695
TYR-1B4994_003   5.782  -5.087   0.695
LEU01B4995_001   3.622  -3.277   0.345
ILE01B4996_001   6.026  -3.908   2.118
ASN01B4997_001   0.542  -1.848  -1.306
ASN01B4997_002   0.254  -1.799  -1.545
LYS01B4998_001   1.334  -1.950  -0.616
LYS+1B4998_002   1.290  -1.950  -0.660
ASP01B4999_001   0.154  -2.413  -2.259
ASP01B4999_002   0.154  -2.413  -2.259
ASP02B4999_003   0.229  -2.500  -2.271
ASP02B4999_004   0.229  -2.500  -2.271
ASP-1B4999_005   0.141  -2.446  -2.305
GLU01B5000_001   3.734  -3.138   0.596
GLU01B5000_002   3.734  -3.138   0.596
GLU02B5000_003   3.001  -3.308  -0.307
GLU02B5000_004   3.001  -3.308  -0.307
GLU-1B5000_005   2.925  -3.165  -0.240
THR01B5001_001   0.275  -4.711  -4.436
GLU01B5002_001   1.155  -2.990  -1.835
GLU01B5002_002   1.155  -2.990  -1.835
GLU02B5002_003   1.013  -3.007  -1.994
GLU02B5002_004   1.013  -3.007  -1.994
GLU-1B5002_005   0.899  -2.933  -2.034
HIS01B5003_001  -0.231  -3.224  -3.455
HIS01B5003_002  -0.194  -3.562  -3.756
HIS02B5003_003  -0.247  -3.224  -3.471
HIS02B5003_004  -0.207  -3.562  -3.770
HIS+1B5003_005  -0.274  -3.224  -3.498
HIS+1B5003_006  -0.234  -3.562  -3.796
THR01B5004_001   0.202  -3.940  -3.737
THR01B5004_002   0.202  -3.940  -3.737
CTR01B5005_001  -0.021  -3.359  -3.380
CTR01B5005_002   0.102  -3.302  -3.200
CTR02B5005_003  -0.022  -3.321  -3.343
CTR02B5005_004   0.039  -3.244  -3.205
CTR-1B5005_005   0.000  -3.321  -3.321
NTR01B5017_001  -0.003  -2.808  -2.811
NTR+1B5017_002  -0.005  -2.644  -2.649
CTR01B5017_001  -0.021  -5.560  -5.582
CTR01B5017_002   0.118  -5.754  -5.636
CTR02B5017_003  -0.022  -5.696  -5.718
CTR02B5017_004   0.047  -5.657  -5.611
CTR-1B5017_005   0.000  -5.599  -5.599
ARG01B5017_001  20.938  -4.765  16.173
ARG02B5017_002  20.880  -4.765  16.115
ARG03B5017_003  20.886  -4.765  16.120
ARG+1B5017_004  20.840  -4.765  16.075
NTG01B5025_001  -0.005  -4.345  -4.349
NTG+1B5025_002  -0.010  -4.345  -4.355
ASP01B5026_001   0.121  -0.754  -0.632
ASP01B5026_002   0.121  -0.754  -0.632
ASP02B5026_003   0.205  -0.776  -0.571
ASP02B5026_004   0.205  -0.776  -0.571
ASP-1B5026_005   0.119  -0.754  -0.634
CYS01B5027_001  -0.002  -1.000  -1.002
CYS01B5027_002  -0.002  -1.000  -1.002
CYS01B5027_003  -0.003  -1.000  -1.003
CYS-1B5027_004   0.000  -1.000  -1.000
PHE01B5028_001   7.580  -2.646   4.934
CTR01B5028_001  -0.021  -0.753  -0.774
CTR01B5028_002   0.103  -0.637  -0.534
CTR02B5028_003  -0.022  -0.753  -0.775
CTR02B5028_004   0.040  -0.811  -0.771
CTR-1B5028_005   0.000  -0.753  -0.753
NTR01B5030_001  -0.003  -0.707  -0.709
NTR+1B5030_002  -0.005  -0.707  -0.711
LYS01B5030_001   8.997  -6.931   2.066
LYS+1B5030_002   9.199  -6.931   2.268
GLN01B5031_001   1.767  -1.920  -0.152
GLN01B5031_002   1.409  -1.851  -0.441
TYR01B5032_001   5.498  -5.913  -0.415
TYR-1B5032_002   5.498  -5.913  -0.415
GLU01B5033_001   5.776  -3.338   2.438
GLU01B5033_002   5.776  -3.338   2.438
GLU02B5033_003   4.631  -3.277   1.354
GLU02B5033_004   4.631  -3.277   1.354
GLU-1B5033_005   4.561  -3.247   1.314
ASP01B5034_001  -0.040  -3.027  -3.067
ASP01B5034_002  -0.040  -3.027  -3.067
ASP02B5034_003  -0.009  -3.177  -3.186
ASP02B5034_004  -0.009  -3.177  -3.186
ASP-1B5034_005  -0.040  -3.010  -3.050
GLN01B5035_001   1.098  -2.464  -1.366
LEU01B5036_001   4.301  -5.457  -1.156
SER01B5037_001   0.000  -3.131  -3.131
SER01B5037_002   0.000  -3.131  -3.131
CTR01B5037_001  -0.021  -4.035  -4.056
CTR01B5037_002   0.100  -4.074  -3.974
CTR02B5037_003  -0.022  -4.035  -4.057
CTR02B5037_004   0.037  -4.170  -4.134
CTR-1B5037_005   0.000  -4.035  -4.035
_ZN+2B5101_001   0.000   0.000   0.000
_CA+2B5102_001   0.000  -0.812  -0.812
