   confID        vdw0    sas     sum
NTR01B3639_001  -0.003  -3.109  -3.112
NTR+1B3639_002  -0.005  -3.109  -3.114
THR01B3639_001   0.158  -4.131  -3.973
PRO01B3640_001   0.264  -3.485  -3.221
LEU01B3641_001   1.843 -10.038  -8.196
TYR01B3642_001   4.637 -10.347  -5.710
TYR-1B3642_002   4.637 -10.347  -5.710
ASN01B3643_001   0.379  -2.445  -2.066
ASN01B3643_002   0.139  -2.309  -2.170
LEU01B3644_001   1.814  -2.588  -0.775
PRO01B3645_001   0.252  -3.409  -3.157
THR01B3646_001   0.248  -6.982  -6.734
HIS01B3647_001  -0.164  -8.248  -8.412
HIS01B3647_002  -0.123  -8.634  -8.757
HIS02B3647_003  -0.183  -8.248  -8.430
HIS02B3647_004  -0.136  -8.634  -8.771
HIS+1B3647_005  -0.210  -8.248  -8.457
HIS+1B3647_006  -0.163  -8.634  -8.797
ARG01B3648_001   2.286  -7.990  -5.703
ARG02B3648_002   2.267  -7.990  -5.723
ARG03B3648_003   2.271  -7.990  -5.719
ARG+1B3648_004   2.224  -7.990  -5.766
ALA01B3649_001   0.000  -1.149  -1.149
CYS01B3650_001  -0.002  -3.811  -3.812
CYS01B3650_002  -0.002  -3.811  -3.812
CYS01B3650_003  -0.002  -3.811  -3.813
CYS-1B3650_004   0.000  -3.811  -3.811
ASN01B3651_001   0.445  -2.900  -2.455
ASN01B3651_002   0.209  -2.816  -2.608
MET01B3652_001   0.523  -5.916  -5.394
PHE01B3653_001   4.665  -9.201  -4.535
LEU01B3654_001   1.703  -7.173  -5.470
GLU01B3655_001   1.561  -3.174  -1.613
GLU01B3655_002   1.561  -3.174  -1.613
GLU02B3655_003   1.295  -3.285  -1.990
GLU02B3655_004   1.295  -3.285  -1.990
GLU-1B3655_005   1.202  -3.178  -1.975
SER01B3656_001   0.000  -3.436  -3.436
SER01B3656_002   0.000  -3.436  -3.436
TYR01B3657_001   4.776  -5.519  -0.742
TYR-1B3657_002   4.776  -5.519  -0.742
LYS01B3658_001   2.019  -8.136  -6.117
LYS+1B3658_002   1.973  -8.136  -6.163
ALA01B3659_001   0.000  -4.926  -4.926
ALA01B3660_001   0.000  -2.524  -2.524
TRP01B3661_001   2.876  -4.663  -1.787
ILE01B3662_001   1.743 -10.363  -8.621
LEU01B3663_001   2.415  -5.579  -3.164
THR01B3664_001   0.187  -4.981  -4.794
GLU01B3665_001   1.594  -2.948  -1.354
GLU01B3665_002   1.594  -2.948  -1.354
GLU02B3665_003   1.321  -2.791  -1.470
GLU02B3665_004   1.321  -2.791  -1.470
GLU-1B3665_005   1.227  -2.815  -1.588
ASP01B3666_001   0.423  -1.863  -1.440
ASP01B3666_002   0.423  -1.863  -1.440
ASP02B3666_003   0.463  -1.901  -1.439
ASP02B3666_004   0.463  -1.901  -1.439
ASP-1B3666_005   0.360  -1.778  -1.418
HIS01B3667_001  -0.147  -4.755  -4.902
HIS01B3667_002  -0.102  -4.657  -4.758
HIS02B3667_003  -0.166  -4.755  -4.921
HIS02B3667_004  -0.115  -4.657  -4.771
HIS+1B3667_005  -0.192  -4.755  -4.948
HIS+1B3667_006  -0.141  -4.657  -4.798
SER01B3668_001   0.000  -3.353  -3.353
SER01B3668_002   0.000  -3.353  -3.353
PHE01B3669_001   4.633  -5.450  -0.816
GLU01B3670_001   0.836  -0.276   0.560
GLU01B3670_002   0.836  -0.276   0.560
GLU02B3670_003   0.697  -0.290   0.407
GLU02B3670_004   0.697  -0.290   0.407
GLU-1B3670_005   0.626  -0.276   0.350
ASP01B3671_001   0.111  -0.758  -0.647
ASP01B3671_002   0.111  -0.758  -0.647
ASP02B3671_003   0.192  -0.869  -0.677
ASP02B3671_004   0.192  -0.869  -0.677
ASP-1B3671_005   0.106  -0.758  -0.652
ARG01B3672_001   4.159  -9.991  -5.831
ARG02B3672_002   4.112  -9.991  -5.879
ARG03B3672_003   4.104  -9.991  -5.887
ARG+1B3672_004   4.064  -9.991  -5.927
MET01B3673_001   0.151  -3.581  -3.430
ILE01B3674_001   3.144   0.000   3.144
ASP01B3675_001   0.198  -0.956  -0.758
ASP01B3675_002   0.198  -0.956  -0.758
ASP02B3675_003   0.289  -0.982  -0.694
ASP02B3675_004   0.289  -0.982  -0.694
ASP-1B3675_005   0.187  -0.982  -0.795
ASP01B3676_001   0.053  -1.771  -1.718
ASP01B3676_002   0.053  -1.771  -1.718
ASP02B3676_003   0.116  -1.883  -1.768
ASP02B3676_004   0.116  -1.883  -1.768
ASP-1B3676_005   0.049  -1.769  -1.721
LEU01B3677_001   2.077  -2.077   0.001
SER01B3678_001   0.000  -0.649  -0.649
LYS01B3679_001   1.488  -7.548  -6.060
LYS+1B3679_002   1.403  -7.548  -6.145
ALA01B3680_001   0.000  -3.207  -3.207
GLU01B3682_001   0.501  -2.985  -2.484
GLU01B3682_002   0.501  -2.985  -2.484
GLU02B3682_003   0.667  -2.906  -2.238
GLU02B3682_004   0.667  -2.906  -2.238
GLU-1B3682_005   0.469  -2.898  -2.429
GLN01B3683_001   0.457  -0.999  -0.542
GLU01B3684_001   0.500  -3.856  -3.356
GLU01B3684_002   0.500  -3.856  -3.356
GLU02B3684_003   0.667  -3.884  -3.217
GLU02B3684_004   0.667  -3.884  -3.217
GLU-1B3684_005   0.469  -3.755  -3.287
GLU01B3685_001   0.501  -4.444  -3.943
GLU01B3685_002   0.501  -4.444  -3.943
GLU02B3685_003   0.667  -4.462  -3.794
GLU02B3685_004   0.667  -4.462  -3.794
GLU-1B3685_005   0.469  -4.401  -3.932
GLU01B3686_001   0.499  -2.743  -2.243
GLU01B3686_002   0.499  -2.743  -2.243
GLU02B3686_003   0.666  -2.742  -2.076
GLU02B3686_004   0.666  -2.742  -2.076
GLU-1B3686_005   0.468  -2.622  -2.154
GLU01B3687_001   0.497  -2.569  -2.073
GLU01B3687_002   0.497  -2.569  -2.073
GLU02B3687_003   0.663  -2.523  -1.861
GLU02B3687_004   0.663  -2.523  -1.861
GLU-1B3687_005   0.466  -2.412  -1.946
GLU01B3688_001   0.497  -4.199  -3.702
GLU01B3688_002   0.497  -4.199  -3.702
GLU02B3688_003   0.663  -4.242  -3.579
GLU02B3688_004   0.663  -4.242  -3.579
GLU-1B3688_005   0.466  -4.125  -3.659
GLU01B3689_001   0.502  -4.318  -3.816
GLU01B3689_002   0.502  -4.318  -3.816
GLU02B3689_003   0.669  -4.244  -3.575
GLU02B3689_004   0.669  -4.244  -3.575
GLU-1B3689_005   0.471  -4.113  -3.642
VAL01B3690_001   0.504  -2.679  -2.174
GLU01B3691_001   0.499  -4.429  -3.930
GLU01B3691_002   0.499  -4.429  -3.930
GLU02B3691_003   0.666  -4.506  -3.840
GLU02B3691_004   0.666  -4.506  -3.840
GLU-1B3691_005   0.468  -4.289  -3.821
GLU01B3692_001   0.501  -3.742  -3.241
GLU01B3692_002   0.501  -3.742  -3.241
GLU02B3692_003   0.668  -3.874  -3.205
GLU02B3692_004   0.668  -3.874  -3.205
GLU-1B3692_005   0.470  -3.730  -3.259
LYS01B3693_001   3.798  -7.429  -3.630
LYS+1B3693_002   3.704  -7.429  -3.725
LYS01B3694_001   1.223  -4.624  -3.401
LYS+1B3694_002   1.143  -4.624  -3.482
PRO01B3695_001   0.265  -2.136  -1.871
ASP01B3696_001   0.157  -0.527  -0.371
ASP01B3696_002   0.157  -0.527  -0.371
ASP02B3696_003   0.240  -0.678  -0.438
ASP02B3696_004   0.240  -0.678  -0.438
ASP-1B3696_005   0.148  -0.551  -0.404
PRO01B3697_001   0.272  -2.952  -2.681
LEU01B3698_001   2.127  -0.052   2.075
HIS01B3699_001  -0.132  -1.913  -2.046
HIS02B3699_002  -0.152  -1.913  -2.065
HIS+1B3699_003  -0.178  -1.913  -2.092
GLN01B3700_001   1.375  -2.631  -1.256
GLN01B3700_002   2.317  -2.466  -0.149
LEU01B3701_001   2.937  -1.494   1.443
VAL01B3702_001   0.678  -0.052   0.627
LEU01B3703_001   1.610  -4.153  -2.543
HIS01B3704_001  -0.141  -7.293  -7.434
HIS01B3704_002  -0.097  -7.169  -7.266
HIS02B3704_003  -0.160  -7.293  -7.453
HIS02B3704_004  -0.110  -7.169  -7.279
HIS+1B3704_005  -0.186  -7.293  -7.479
HIS+1B3704_006  -0.137  -7.169  -7.306
PHE01B3705_001   4.505  -0.051   4.454
SER01B3706_001   0.000  -1.649  -1.649
SER01B3706_002   0.000  -1.649  -1.649
ARG01B3707_001   2.340 -11.030  -8.690
ARG02B3707_002   2.418 -11.030  -8.612
ARG03B3707_003   2.317 -11.030  -8.713
ARG+1B3707_004   2.278 -11.030  -8.752
THR01B3708_001   0.238  -2.757  -2.519
ALA01B3709_001   0.000   0.000   0.000
LEU01B3710_001   1.895  -6.487  -4.592
THR01B3711_001   0.192  -5.020  -4.828
GLU01B3712_001   4.333  -3.960   0.373
GLU01B3712_002   4.333  -3.960   0.373
GLU02B3712_003   3.508  -3.977  -0.468
GLU02B3712_004   3.508  -3.977  -0.468
GLU-1B3712_005   3.440  -3.844  -0.404
LYS01B3713_001   1.500  -4.424  -2.923
LYS+1B3713_002   1.452  -4.424  -2.972
SER01B3714_001   0.000  -5.343  -5.343
LYS01B3715_001   1.844  -9.404  -7.560
LYS+1B3715_002   1.797  -9.404  -7.607
LEU01B3716_001   1.756  -0.789   0.968
ASP01B3717_001   0.148  -2.318  -2.170
ASP01B3717_002   0.148  -2.318  -2.170
ASP02B3717_003   0.228  -2.331  -2.103
ASP02B3717_004   0.228  -2.331  -2.103
ASP-1B3717_005   0.139  -2.231  -2.092
GLU01B3718_001   2.038  -2.915  -0.877
GLU01B3718_002   2.038  -2.915  -0.877
GLU02B3718_003   1.654  -2.914  -1.259
GLU02B3718_004   1.654  -2.914  -1.259
GLU-1B3718_005   1.573  -2.854  -1.281
ASP01B3719_001   0.047  -0.929  -0.883
ASP01B3719_002   0.047  -0.929  -0.883
ASP02B3719_003   0.109  -0.908  -0.799
ASP02B3719_004   0.109  -0.908  -0.799
ASP-1B3719_005   0.043  -0.896  -0.853
TYR01B3720_001   4.458 -11.823  -7.365
TYR-1B3720_002   4.458 -11.823  -7.365
LEU01B3721_001   3.553  -6.007  -2.455
TYR01B3722_001   4.933   0.000   4.933
TYR01B3722_002   4.933   0.000   4.933
TYR-1B3722_003   4.933   0.000   4.933
MET01B3723_001   0.089  -1.198  -1.108
ALA01B3724_001   0.000  -1.697  -1.697
TYR01B3725_001   4.578  -3.239   1.338
TYR-1B3725_002   4.578  -3.239   1.338
ALA01B3726_001   0.000   0.000   0.000
ASP01B3727_001   0.061  -1.668  -1.607
ASP01B3727_002   0.061  -1.668  -1.607
ASP02B3727_003   0.129  -1.761  -1.632
ASP02B3727_004   0.129  -1.761  -1.632
ASP-1B3727_005   0.058  -1.688  -1.630
ILE01B3728_001   2.818  -0.670   2.148
MET01B3729_001   0.017  -0.191  -0.174
ALA01B3730_001   0.000  -0.583  -0.583
LYS01B3731_001   2.896  -4.040  -1.144
LYS+1B3731_002   2.812  -4.040  -1.228
SER01B3732_001   0.000   0.000   0.000
SER01B3732_002   0.000   0.000   0.000
SER01B3732_003   0.000   0.000   0.000
CYS01B3733_001  -0.002   0.000  -0.002
CYS01B3733_002  -0.002   0.000  -0.002
CYS01B3733_003  -0.002   0.000  -0.002
CYS-1B3733_004   0.000   0.000   0.000
HIS01B3734_001  -0.354  -2.698  -3.052
HIS02B3734_002  -0.363  -2.698  -3.061
HIS+1B3734_003  -0.383  -2.698  -3.081
LEU01B3735_001   1.453  -1.700  -0.246
GLU01B3736_001   0.497  -0.072   0.425
GLU01B3736_002   0.497  -0.072   0.425
GLU02B3736_003   0.663  -0.069   0.594
GLU02B3736_004   0.663  -0.069   0.594
GLU-1B3736_005   0.466  -0.069   0.397
GLU01B3737_001   0.499  -1.712  -1.214
GLU01B3737_002   0.499  -1.712  -1.214
GLU02B3737_003   0.665  -1.689  -1.024
GLU02B3737_004   0.665  -1.689  -1.024
GLU-1B3737_005   0.467  -1.718  -1.251
GLU01B3740_001   0.499  -1.385  -0.887
GLU01B3740_002   0.499  -1.385  -0.887
GLU02B3740_003   0.664  -1.373  -0.709
GLU02B3740_004   0.664  -1.373  -0.709
GLU-1B3740_005   0.467  -1.318  -0.850
ASN01B3741_001  -0.020  -2.286  -2.306
CTR01B3741_001  -0.021  -4.981  -5.002
CTR01B3741_002   0.109  -5.097  -4.988
CTR02B3741_003  -0.022  -5.097  -5.119
CTR02B3741_004   0.043  -5.097  -5.055
CTR-1B3741_005   0.000  -4.981  -4.981
NTR01B3747_001  -0.003  -3.801  -3.804
NTR+1B3747_002  -0.005  -3.801  -3.806
GLU01B3747_001   0.499  -4.778  -4.279
GLU01B3747_002   0.499  -4.778  -4.279
GLU02B3747_003   0.665  -4.669  -4.004
GLU02B3747_004   0.665  -4.669  -4.004
GLU-1B3747_005   0.468  -4.590  -4.123
GLU01B3748_001   0.498  -3.702  -3.204
GLU01B3748_002   0.498  -3.702  -3.204
GLU02B3748_003   0.664  -3.735  -3.071
GLU02B3748_004   0.664  -3.735  -3.071
GLU-1B3748_005   0.467  -3.695  -3.228
VAL01B3749_001   0.501  -7.875  -7.373
GLU01B3750_001   1.792  -2.129  -0.337
GLU01B3750_002   1.792  -2.129  -0.337
GLU02B3750_003   1.483  -2.289  -0.806
GLU02B3750_004   1.483  -2.289  -0.806
GLU-1B3750_005   1.387  -2.169  -0.782
VAL01B3751_001   0.564  -5.183  -4.619
SER01B3752_001   0.000  -3.409  -3.409
PHE01B3753_001   4.834  -8.382  -3.548
GLU01B3754_001   3.513  -1.934   1.579
GLU01B3754_002   3.513  -1.934   1.579
GLU02B3754_003   2.839  -1.860   0.979
GLU02B3754_004   2.839  -1.860   0.979
GLU-1B3754_005   2.755  -1.924   0.831
GLU01B3755_001   0.936  -1.295  -0.358
GLU01B3755_002   0.936  -1.295  -0.358
GLU02B3755_003   0.814  -1.305  -0.491
GLU02B3755_004   0.814  -1.305  -0.491
GLU-1B3755_005   0.716  -1.257  -0.542
LYS01B3756_001   1.124  -4.294  -3.169
LYS+1B3756_002   1.075  -4.294  -3.218
GLU01B3757_001   2.585  -0.717   1.867
GLU01B3757_002   2.585  -0.717   1.867
GLU02B3757_003   2.037  -0.731   1.306
GLU02B3757_004   2.037  -0.731   1.306
GLU-1B3757_005   1.983  -0.676   1.307
MET01B3758_001   0.289  -1.768  -1.478
GLU01B3759_001   1.483  -0.564   0.919
GLU01B3759_002   1.483  -0.564   0.919
GLU02B3759_003   1.211  -0.620   0.591
GLU02B3759_004   1.211  -0.620   0.591
GLU-1B3759_005   1.128  -0.512   0.616
LYS01B3760_001   1.675  -4.817  -3.142
LYS+1B3760_002   1.627  -4.817  -3.189
GLN01B3761_001   1.726  -1.504   0.222
GLN01B3761_002   2.769  -1.191   1.577
ARG01B3762_001   2.512  -0.453   2.059
ARG02B3762_002   2.504  -0.453   2.051
ARG02B3762_003   2.604  -0.453   2.151
ARG03B3762_004   2.493  -0.453   2.040
ARG03B3762_005   2.496  -0.453   2.043
ARG+1B3762_006   2.454  -0.453   2.001
LEU01B3763_001   1.981  -2.144  -0.163
LEU01B3764_001   5.981  -1.011   4.970
TYR01B3765_001   4.774  -5.153  -0.379
TYR-1B3765_002   4.774  -5.153  -0.379
GLN01B3766_001   3.407  -0.157   3.250
GLN01B3766_002   5.712  -0.138   5.574
GLN01B3767_001   2.323  -0.039   2.284
SER01B3768_001   0.000  -2.585  -2.585
SER01B3768_002   0.000  -2.585  -2.585
ARG01B3769_001   2.185  -0.595   1.589
ARG02B3769_002   2.253  -0.595   1.658
ARG03B3769_003   2.160  -0.595   1.565
ARG+1B3769_004   2.121  -0.595   1.526
LEU01B3770_001   2.613  -0.052   2.561
HIS01B3771_001  -0.129  -2.477  -2.605
HIS02B3771_002  -0.148  -2.477  -2.625
HIS+1B3771_003  -0.175  -2.477  -2.652
THR01B3772_001   0.278  -0.979  -0.701
THR01B3772_002   0.278  -0.979  -0.701
ARG01B3773_001   1.724  -9.270  -7.546
ARG02B3773_002   1.710  -9.270  -7.560
ARG03B3773_003   1.702  -9.270  -7.568
ARG+1B3773_004   1.662  -9.270  -7.608
ALA01B3775_001   0.000  -0.052  -0.052
ALA01B3776_001   0.000   0.000   0.000
GLU01B3777_001   3.040  -1.205   1.835
GLU01B3777_002   3.040  -1.205   1.835
GLU02B3777_003   2.427  -1.234   1.193
GLU02B3777_004   2.427  -1.234   1.193
GLU-1B3777_005   2.358  -1.206   1.152
MET01B3778_001   0.367  -0.071   0.296
VAL01B3779_001   0.848  -0.103   0.745
LEU01B3780_001   2.256   0.000   2.256
GLN01B3781_001   1.823  -0.557   1.265
GLN01B3781_002   2.977  -0.525   2.453
MET01B3782_001   0.863  -0.048   0.815
ILE01B3783_001   1.678  -0.155   1.523
SER01B3784_001   0.000  -1.385  -1.385
SER01B3784_002   0.000  -1.385  -1.385
ALA01B3785_001   0.000  -0.103  -0.103
CYS01B3786_001  -0.002   0.000  -0.002
CYS01B3786_002  -0.002   0.000  -0.002
CYS01B3786_003  -0.002   0.000  -0.002
CYS-1B3786_004   0.000   0.000   0.000
LYS01B3787_001   1.185  -5.709  -4.524
LYS+1B3787_002   1.137  -5.709  -4.572
GLU01B3789_001   2.242  -1.336   0.906
GLU01B3789_002   2.242  -1.336   0.906
GLU02B3789_003   1.854  -1.415   0.439
GLU02B3789_004   1.854  -1.415   0.439
GLU-1B3789_005   1.774  -1.359   0.414
THR01B3790_001   0.235  -2.675  -2.440
THR01B3790_002   0.235  -2.675  -2.440
ALA01B3792_001   0.000  -3.207  -3.207
MET01B3793_001   0.176  -0.402  -0.226
VAL01B3794_001   0.679   0.000   0.679
SER01B3795_001   0.000  -0.905  -0.905
SER01B3795_002   0.000  -0.905  -0.905
SER01B3796_001   0.000  -0.578  -0.578
SER01B3796_002   0.000  -0.578  -0.578
SER01B3796_003   0.000  -0.578  -0.578
THR01B3797_001   0.230   0.000   0.230
THR01B3797_002   0.230   0.000   0.230
LEU01B3798_001   1.965  -0.206   1.759
LYS01B3799_001   1.421  -3.936  -2.515
LYS+1B3799_002   1.376  -3.936  -2.560
LEU01B3800_001   1.697   0.000   1.697
ILE01B3802_001   2.908  -0.547   2.360
SER01B3803_001   0.000  -0.542  -0.542
SER01B3803_002   0.000  -0.542  -0.542
SER01B3803_003   0.000  -0.542  -0.542
ILE01B3804_001   3.116   0.000   3.116
LEU01B3805_001   2.730   0.000   2.730
ASN01B3806_001   0.154  -0.684  -0.530
ASN01B3806_002  -0.005  -0.925  -0.930
ASN01B3809_001   0.478  -0.655  -0.177
ASN01B3809_002   0.228  -0.748  -0.520
ALA01B3810_001   0.000  -2.846  -2.846
GLU01B3811_001   1.549  -2.999  -1.449
GLU01B3811_002   1.549  -2.999  -1.449
GLU02B3811_003   1.307  -3.029  -1.722
GLU02B3811_004   1.307  -3.029  -1.722
GLU-1B3811_005   1.203  -2.854  -1.652
VAL01B3812_001   0.701  -0.103   0.598
GLN01B3813_001   2.246   0.000   2.246
GLN01B3813_002   3.726   0.000   3.726
GLN01B3814_001   0.771  -2.120  -1.349
GLN01B3814_002   0.673  -2.186  -1.513
LYS01B3815_001   1.011  -1.485  -0.474
LYS+1B3815_002   0.965  -1.485  -0.520
MET01B3816_001   2.431  -0.071   2.359
LEU01B3817_001   1.720  -0.155   1.566
ASP01B3818_001   0.455  -2.000  -1.545
ASP01B3818_002   0.455  -2.000  -1.545
ASP02B3818_003   0.499  -1.963  -1.464
ASP02B3818_004   0.499  -1.963  -1.464
ASP-1B3818_005   0.390  -1.930  -1.540
TYR01B3819_001   4.771  -3.024   1.748
TYR-1B3819_002   4.771  -3.024   1.748
LEU01B3820_001   2.091  -0.052   2.039
LYS01B3821_001   3.537  -4.758  -1.220
LYS+1B3821_002   3.468  -4.758  -1.290
ASP01B3822_001   0.428  -2.767  -2.339
ASP01B3822_002   0.428  -2.767  -2.339
ASP02B3822_003   0.483  -2.786  -2.302
ASP02B3822_004   0.483  -2.786  -2.302
ASP-1B3822_005   0.371  -2.756  -2.385
LYS01B3823_001   3.778  -2.940   0.839
LYS+1B3823_002   3.684  -2.940   0.744
LYS01B3824_001   2.775  -5.286  -2.511
LYS+1B3824_002   2.699  -5.286  -2.587
GLU01B3825_001   1.408  -0.447   0.961
GLU01B3825_002   1.408  -0.447   0.961
GLU02B3825_003   1.180  -0.454   0.726
GLU02B3825_004   1.180  -0.454   0.726
GLU-1B3825_005   1.102  -0.447   0.655
VAL01B3826_001   0.710  -2.865  -2.155
PHE01B3828_001   4.951  -0.101   4.850
PHE01B3829_001   4.818  -0.051   4.767
GLN01B3830_001   2.635  -2.225   0.410
GLN01B3830_002   4.343  -2.332   2.011
SER01B3831_001   0.000   0.000   0.000
ILE01B3832_001   2.487  -0.206   2.281
GLN01B3833_001   1.944  -1.673   0.270
GLN01B3833_002   3.153  -1.600   1.554
ALA01B3834_001   0.000  -1.751  -1.751
LEU01B3835_001   1.957   0.000   1.957
MET01B3836_001   0.091   0.000   0.091
GLN01B3837_001   1.940  -2.691  -0.751
GLN01B3837_002   3.243  -2.794   0.449
THR01B3838_001   0.242  -3.406  -3.165
THR01B3838_002   0.242  -3.406  -3.165
THR01B3838_003   0.242  -3.406  -3.165
CYS01B3839_001  -0.002   0.000  -0.002
CYS01B3839_002  -0.002   0.000  -0.002
CYS01B3839_003  -0.003   0.000  -0.003
CYS-1B3839_004   0.000   0.000   0.000
SER01B3840_001   0.000  -1.575  -1.575
SER01B3840_002   0.000  -1.575  -1.575
SER01B3840_003   0.000  -1.575  -1.575
VAL01B3841_001   0.671  -1.494  -0.823
LEU01B3842_001   1.930  -0.052   1.879
ASP01B3843_001   0.175  -2.010  -1.835
ASP01B3843_002   0.175  -2.010  -1.835
ASP02B3843_003   0.261  -1.986  -1.725
ASP02B3843_004   0.261  -1.986  -1.725
ASP-1B3843_005   0.165  -1.964  -1.799
LEU01B3844_001   1.690  -2.369  -0.679
ASN01B3845_001   0.294  -3.633  -3.339
ASN01B3845_002   0.450  -3.663  -3.212
ALA01B3846_001   0.000  -1.288  -1.288
PHE01B3847_001   4.577  -0.051   4.526
GLU01B3848_001   1.424  -1.222   0.202
GLU01B3848_002   1.424  -1.222   0.202
GLU02B3848_003   1.238  -1.197   0.042
GLU02B3848_004   1.238  -1.197   0.042
GLU-1B3848_005   1.118  -1.222  -0.104
ARG01B3849_001   2.132  -9.940  -7.808
ARG02B3849_002   2.118  -9.940  -7.822
ARG03B3849_003   2.113  -9.940  -7.827
ARG+1B3849_004   2.070  -9.940  -7.870
GLN01B3850_001   2.334   0.000   2.334
ASN01B3851_001   0.186  -0.999  -0.814
ASN01B3851_002   0.013  -1.009  -0.996
LYS01B3852_001   0.843  -9.066  -8.223
LYS+1B3852_002   0.797  -9.066  -8.270
ALA01B3853_001   0.000  -1.030  -1.030
GLU01B3854_001   0.498  -1.931  -1.433
GLU01B3854_002   0.498  -1.931  -1.433
GLU02B3854_003   0.664  -1.911  -1.247
GLU02B3854_004   0.664  -1.911  -1.247
GLU-1B3854_005   0.467  -1.864  -1.398
LEU01B3856_001   1.646  -7.447  -5.800
MET01B3858_001   0.142  -8.759  -8.617
VAL01B3859_001   0.506  -2.489  -1.983
ASN01B3860_001  -0.020  -3.068  -3.088
GLU01B3861_001   0.495  -2.937  -2.441
GLU01B3861_002   0.495  -2.937  -2.441
GLU02B3861_003   0.661  -2.900  -2.239
GLU02B3861_004   0.661  -2.900  -2.239
GLU-1B3861_005   0.464  -2.872  -2.408
ASP01B3862_001  -0.040  -2.295  -2.335
ASP01B3862_002  -0.040  -2.295  -2.335
ASP02B3862_003  -0.009  -2.338  -2.347
ASP02B3862_004  -0.009  -2.338  -2.347
ASP-1B3862_005  -0.041  -2.285  -2.326
THR01B3864_001   0.152  -2.044  -1.892
THR01B3864_002   0.152  -2.044  -1.892
VAL01B3865_001   0.501  -5.592  -5.091
ILE01B3866_001   0.941  -5.254  -4.313
ASN01B3867_001  -0.020  -1.130  -1.150
ARG01B3868_0011190.954  -5.6651185.289
ARG02B3868_0021190.936  -5.6651185.271
ARG03B3868_0031190.970  -5.6651185.305
ARG03B3868_004 190.014  -5.665 184.350
ARG+1B3868_0051190.904  -5.6651185.239
GLN01B3869_001   0.455  -1.738  -1.283
ASN01B3870_001  -0.020  -0.134  -0.154
GLU01B3872_001   0.499  -4.007  -3.508
GLU01B3872_002   0.499  -4.007  -3.508
GLU02B3872_003   0.666  -4.025  -3.359
GLU02B3872_004   0.666  -4.025  -3.359
GLU-1B3872_005   0.468  -3.919  -3.451
LYS01B3873_001   1.279  -3.539  -2.260
LYS+1B3873_002   1.232  -3.539  -2.307
VAL01B3874_001   0.898   0.000   0.898
MET01B3875_001   1.076   0.000   1.076
ALA01B3876_001   0.000  -1.133  -1.133
ASP01B3877_001   0.104  -0.284  -0.180
ASP01B3877_002   0.104  -0.284  -0.180
ASP02B3877_003   0.185  -0.246  -0.062
ASP02B3877_004   0.185  -0.246  -0.062
ASP-1B3877_005   0.100  -0.276  -0.176
ASP01B3878_001   0.061  -1.604  -1.543
ASP01B3878_002   0.061  -1.604  -1.543
ASP02B3878_003   0.128  -1.709  -1.581
ASP02B3878_004   0.128  -1.709  -1.581
ASP-1B3878_005   0.057  -1.559  -1.502
GLU01B3879_001   0.501  -3.329  -2.828
GLU01B3879_002   0.501  -3.329  -2.828
GLU02B3879_003   0.668  -3.447  -2.779
GLU02B3879_004   0.668  -3.447  -2.779
GLU-1B3879_005   0.470  -3.307  -2.838
PHE01B3880_001   4.730  -0.805   3.925
THR01B3881_001   0.209   0.000   0.209
THR01B3881_002   0.209   0.000   0.209
THR01B3881_003   0.209   0.000   0.209
GLN01B3882_001   1.831  -1.629   0.201
GLN01B3882_002   3.032  -1.383   1.649
ASP01B3883_001   0.413  -0.616  -0.202
ASP01B3883_002   0.413  -0.616  -0.202
ASP02B3883_003   0.456  -0.586  -0.130
ASP02B3883_004   0.456  -0.586  -0.130
ASP-1B3883_005   0.353  -0.586  -0.233
LEU01B3884_001   1.511  -0.052   1.460
PHE01B3885_001   4.805   0.000   4.805
ARG01B3886_001   1.932  -4.896  -2.964
ARG02B3886_002   1.889  -4.896  -3.007
ARG03B3886_003   1.895  -4.896  -3.001
ARG+1B3886_004   1.851  -4.896  -3.045
PHE01B3887_001   4.923  -0.287   4.636
LEU01B3888_001   1.858   0.000   1.858
GLN01B3889_001   2.030  -0.541   1.489
LEU01B3890_001   1.714  -0.361   1.353
LEU01B3891_001   2.143  -0.171   1.973
CYS01B3892_001  -0.002   0.000  -0.002
CYS01B3892_002  -0.002   0.000  -0.002
CYS01B3892_003  -0.002   0.000  -0.002
CYS-1B3892_004   0.000   0.000   0.000
GLU01B3893_001   1.671  -0.343   1.328
GLU01B3893_002   1.671  -0.343   1.328
GLU02B3893_003   1.373  -0.417   0.956
GLU02B3893_004   1.373  -0.417   0.956
GLU-1B3893_005   1.284  -0.370   0.913
HIS01B3895_001  -0.157  -2.415  -2.572
HIS01B3895_002  -0.116  -2.502  -2.618
HIS02B3895_003  -0.175  -2.415  -2.590
HIS02B3895_004  -0.129  -2.502  -2.631
HIS+1B3895_005  -0.202  -2.415  -2.617
HIS+1B3895_006  -0.156  -2.502  -2.658
ASN01B3896_001   0.058  -0.827  -0.769
ASN01B3896_002   0.249  -0.620  -0.371
ASN01B3897_001   0.329  -2.111  -1.782
ASN01B3897_002   0.101  -1.929  -1.828
ASP01B3898_001   0.029  -1.704  -1.674
ASP01B3898_002   0.029  -1.704  -1.674
ASP02B3898_003   0.088  -1.758  -1.670
ASP02B3898_004   0.088  -1.758  -1.670
ASP-1B3898_005   0.027  -1.666  -1.639
PHE01B3899_001   5.481  -0.051   5.430
GLN01B3900_001   1.464   0.000   1.464
GLN01B3900_002   2.403   0.000   2.403
ASN01B3901_001   0.553  -1.887  -1.334
TYR01B3902_001   4.837  -0.356   4.481
TYR-1B3902_002   4.837  -0.356   4.481
LEU01B3903_001   2.026   0.000   2.026
ARG01B3904_001   3.347  -3.143   0.204
ARG02B3904_002   3.307  -3.143   0.164
ARG02B3904_003   3.312  -3.143   0.168
ARG03B3904_004   3.316  -3.143   0.173
ARG03B3904_005   3.344  -3.143   0.200
ARG+1B3904_006   3.267  -3.143   0.124
THR01B3905_001   0.210  -2.784  -2.574
GLN01B3906_001   2.587   0.000   2.587
GLN01B3906_002   4.325   0.000   4.325
THR01B3907_001   0.202  -6.113  -5.911
THR01B3907_002   0.202  -6.113  -5.911
ASN01B3909_001   0.471  -0.241   0.230
ASN01B3909_002   0.226  -0.394  -0.168
THR01B3910_001   0.209  -6.200  -5.991
THR01B3910_002   0.209  -6.200  -5.991
THR01B3911_001   0.194  -3.841  -3.647
THR01B3912_001   0.211  -3.344  -3.133
ILE01B3913_001   1.423  -0.206   1.217
ASN01B3914_001   0.126  -0.748  -0.622
ASN01B3914_002  -0.021  -0.599  -0.619
ILE01B3915_001   1.388   0.000   1.388
ILE01B3916_001   2.761   0.000   2.761
ILE01B3917_001   5.152  -5.747  -0.595
CYS01B3918_001  -0.002  -1.220  -1.221
CYS01B3918_002  -0.002  -1.220  -1.221
CYS01B3918_003  -0.003  -1.220  -1.222
CYS-1B3918_004   0.000  -1.220  -1.220
THR01B3919_001   0.289   0.000   0.289
THR01B3919_002   0.289   0.000   0.289
THR01B3919_003   0.289   0.000   0.289
VAL01B3920_001   0.648  -0.155   0.493
ASP01B3921_001   0.437  -1.297  -0.861
ASP01B3921_002   0.437  -1.297  -0.861
ASP02B3921_003   0.475  -1.278  -0.803
ASP02B3921_004   0.475  -1.278  -0.803
ASP-1B3921_005   0.372  -1.253  -0.882
TYR01B3922_001   4.421   0.000   4.421
TYR01B3922_002   4.421   0.000   4.421
TYR-1B3922_003   4.421   0.000   4.421
LEU01B3923_001   1.566   0.000   1.566
LEU01B3924_001   1.789  -1.784   0.005
ARG01B3925_001   2.197  -4.959  -2.762
ARG02B3925_002   2.198  -4.959  -2.761
ARG03B3925_003   2.156  -4.959  -2.802
ARG+1B3925_004   2.117  -4.959  -2.842
LEU01B3926_001   1.743   0.000   1.743
GLN01B3927_001   2.722  -0.418   2.304
GLN01B3927_002   4.511  -0.325   4.186
GLU01B3928_001   3.080  -2.980   0.100
GLU01B3928_002   3.080  -2.980   0.100
GLU02B3928_003   2.444  -2.999  -0.555
GLU02B3928_004   2.444  -2.999  -0.555
GLU-1B3928_005   2.385  -3.045  -0.660
SER01B3929_001   0.000  -0.288  -0.288
SER01B3929_002   0.000  -0.288  -0.288
ILE01B3930_001   3.348   0.000   3.348
SER01B3931_001   0.000  -1.096  -1.096
SER01B3931_002   0.000  -1.096  -1.096
ASP01B3932_001   0.183  -1.969  -1.786
ASP01B3932_002   0.183  -1.969  -1.786
ASP02B3932_003   0.270  -1.976  -1.706
ASP02B3932_004   0.270  -1.976  -1.706
ASP-1B3932_005   0.172  -1.886  -1.714
PHE01B3933_001   4.803  -0.051   4.753
TYR01B3934_001   4.613  -1.519   3.094
TYR-1B3934_002   4.613  -1.519   3.094
TRP01B3935_001   3.236  -8.894  -5.658
TYR01B3936_001   4.695  -4.815  -0.121
TYR-1B3936_002   4.695  -4.815  -0.121
TYR01B3937_001   4.778   0.000   4.778
TYR01B3937_002   4.778   0.000   4.778
TYR-1B3937_003   4.778   0.000   4.778
SER01B3938_001   0.000  -1.239  -1.239
SER01B3938_002   0.000  -1.239  -1.239
SER01B3938_003   0.000  -1.239  -1.239
LYS01B3940_001   0.934  -4.003  -3.069
LYS+1B3940_002   0.890  -4.003  -3.113
ASP01B3941_001   0.064  -2.738  -2.674
ASP01B3941_002   0.064  -2.738  -2.674
ASP02B3941_003   0.131  -2.687  -2.556
ASP02B3941_004   0.131  -2.687  -2.556
ASP-1B3941_005   0.060  -2.635  -2.575
VAL01B3942_001   0.516  -4.887  -4.371
ILE01B3943_001   2.738  -0.155   2.583
GLU01B3944_001   1.765  -2.552  -0.787
GLU01B3944_002   1.765  -2.552  -0.787
GLU02B3944_003   1.485  -2.549  -1.064
GLU02B3944_004   1.485  -2.549  -1.064
GLU-1B3944_005   1.377  -2.416  -1.039
GLU01B3945_001   3.072  -2.831   0.240
GLU01B3945_002   3.072  -2.831   0.240
GLU02B3945_003   2.472  -2.949  -0.477
GLU02B3945_004   2.472  -2.949  -0.477
GLU-1B3945_005   2.396  -2.888  -0.491
GLN01B3946_001   0.733  -0.419   0.313
LYS01B3948_001   1.056  -1.455  -0.398
LYS+1B3948_002   1.010  -1.455  -0.445
ARG01B3949_001   2.549  -6.025  -3.477
ARG02B3949_002   2.529  -6.025  -3.497
ARG03B3949_003   2.533  -6.025  -3.493
ARG+1B3949_004   2.486  -6.025  -3.540
ASN01B3950_001   0.465   0.000   0.465
ASN01B3950_002   0.222   0.000   0.222
PHE01B3951_001   4.971   0.000   4.971
SER01B3952_001   0.000  -2.080  -2.080
SER01B3952_002   0.000  -2.080  -2.080
LYS01B3953_001   1.701  -1.834  -0.133
LYS+1B3953_002   1.655  -1.834  -0.179
ALA01B3954_001   0.000   0.000   0.000
MET01B3955_001   0.663   0.000   0.663
SER01B3956_001   0.000  -1.859  -1.859
SER01B3956_002   0.000  -1.859  -1.859
VAL01B3957_001   0.733   0.000   0.733
ALA01B3958_001   0.000   0.000   0.000
LYS01B3959_001   2.738  -3.500  -0.762
LYS+1B3959_002   2.685  -3.500  -0.814
GLN01B3960_001   1.170  -0.551   0.619
GLN01B3960_002   1.492  -0.669   0.822
VAL01B3961_001   0.701   0.000   0.701
PHE01B3962_001   5.032   0.000   5.032
ASN01B3963_001   0.527  -1.009  -0.482
ASN01B3963_002   0.257  -0.851  -0.594
SER01B3964_001   0.000   0.000   0.000
SER01B3964_002   0.000   0.000   0.000
SER01B3964_003   0.000   0.000   0.000
LEU01B3965_001   2.450   0.000   2.450
THR01B3966_001   0.186  -0.498  -0.313
THR01B3966_002   0.186  -0.498  -0.313
GLU01B3967_001   1.747  -0.243   1.504
GLU01B3967_002   1.747  -0.243   1.504
GLU02B3967_003   1.445  -0.181   1.263
GLU02B3967_004   1.445  -0.181   1.263
GLU-1B3967_005   1.352  -0.207   1.146
TYR01B3968_001   4.474   0.000   4.474
TYR-1B3968_002   4.474   0.000   4.474
ILE01B3969_001   2.694   0.000   2.694
GLN01B3970_001   2.179  -0.276   1.903
GLN01B3970_002   3.594  -0.285   3.309
PRO01B3972_001   0.309  -3.094  -2.785
CYS01B3973_001  -0.002  -0.143  -0.145
CYS01B3973_002  -0.002  -0.143  -0.145
CYS01B3973_003  -0.002  -0.143  -0.145
CYS-1B3973_004   0.000  -0.143  -0.143
THR01B3974_001   0.264  -5.353  -5.089
ASN01B3976_001   0.325   0.000   0.325
GLN01B3977_001   1.577  -0.172   1.405
GLN01B3977_002   2.488  -0.197   2.291
GLN01B3978_001   1.076  -1.806  -0.730
GLN01B3978_002   0.845  -1.791  -0.946
SER01B3979_001   0.000  -0.601  -0.601
LEU01B3980_001   2.058  -0.052   2.006
ALA01B3981_001   0.000  -0.258  -0.258
HIS01B3982_001  -0.163  -8.417  -8.579
HIS01B3982_002  -0.121  -8.196  -8.318
HIS02B3982_003  -0.181  -8.417  -8.597
HIS02B3982_004  -0.135  -8.196  -8.331
HIS+1B3982_005  -0.208  -8.417  -8.624
HIS+1B3982_006  -0.161  -8.196  -8.358
SER01B3983_001   0.000  -0.096  -0.096
SER01B3983_002   0.000  -0.096  -0.096
SER01B3983_003   0.000  -0.096  -0.096
ARG01B3984_001   1.395  -8.211  -6.816
ARG02B3984_002   1.352  -8.211  -6.860
ARG02B3984_003   1.356  -8.211  -6.855
ARG03B3984_004   1.357  -8.211  -6.854
ARG+1B3984_005   1.313  -8.211  -6.898
LEU01B3985_001   2.140   0.000   2.140
TRP01B3986_001   3.249  -1.878   1.371
ASP01B3987_001   0.071  -2.324  -2.253
ASP01B3987_002   0.071  -2.324  -2.253
ASP02B3987_003   0.139  -2.458  -2.318
ASP02B3987_004   0.139  -2.458  -2.318
ASP-1B3987_005   0.066  -2.300  -2.233
ALA01B3988_001   0.000   0.000   0.000
VAL01B3989_001   0.925  -0.052   0.873
VAL01B3990_001   0.737  -0.721   0.015
PHE01B3992_001   5.084  -0.051   5.033
LEU01B3993_001   2.156  -0.840   1.316
HIS01B3994_001  -0.149  -4.096  -4.245
HIS02B3994_002  -0.168  -4.096  -4.264
HIS+1B3994_003  -0.195  -4.096  -4.291
VAL01B3995_001   0.635  -0.052   0.583
PHE01B3996_001   4.415   0.000   4.415
ALA01B3997_001   0.000   0.000   0.000
HIS01B3998_001  -0.131  -2.759  -2.890
HIS02B3998_002  -0.151  -2.759  -2.910
HIS+1B3998_003  -0.177  -2.759  -2.936
MET01B3999_001   0.020  -0.048  -0.028
MET01B4000_001   0.620  -0.144   0.476
MET01B4001_001  -0.019  -1.862  -1.881
LYS01B4002_001   0.786  -0.995  -0.209
LYS+1B4002_002   0.743  -0.995  -0.252
LEU01B4003_001   1.888   0.000   1.888
ALA01B4004_001   0.000  -0.155  -0.155
GLN01B4005_001   1.639  -1.540   0.099
GLN01B4005_002   2.684  -1.629   1.055
ASP01B4006_001   0.073  -1.625  -1.553
ASP01B4006_002   0.073  -1.625  -1.553
ASP02B4006_003   0.144  -1.586  -1.442
ASP02B4006_004   0.144  -1.586  -1.442
ASP-1B4006_005   0.070  -1.529  -1.459
SER01B4007_001   0.000  -3.151  -3.151
SER01B4007_002   0.000  -3.151  -3.151
SER01B4008_001   0.000  -3.818  -3.818
SER01B4008_002   0.000  -3.818  -3.818
GLN01B4009_001   1.902  -0.079   1.823
GLN01B4009_002   3.159  -0.074   3.085
ILE01B4010_001   2.179  -1.700   0.479
GLU01B4011_001   3.067  -3.239  -0.172
GLU01B4011_002   3.067  -3.239  -0.172
GLU02B4011_003   2.448  -3.297  -0.849
GLU02B4011_004   2.448  -3.297  -0.849
GLU-1B4011_005   2.380  -3.217  -0.838
LEU01B4012_001   1.652  -0.206   1.446
LEU01B4013_001   2.077  -0.361   1.717
LYS01B4014_001   1.722  -4.766  -3.044
LYS+1B4014_002   1.677  -4.766  -3.089
GLU01B4015_001   2.905  -1.090   1.815
GLU01B4015_002   2.905  -1.090   1.815
GLU02B4015_003   2.310  -1.128   1.182
GLU02B4015_004   2.310  -1.128   1.182
GLU-1B4015_005   2.248  -1.064   1.185
LEU01B4016_001   2.957   0.000   2.957
LEU01B4017_001   1.549  -0.670   0.879
ASP01B4018_001   0.246  -1.138  -0.892
ASP01B4018_002   0.246  -1.138  -0.892
ASP02B4018_003   0.355  -1.187  -0.832
ASP02B4018_004   0.355  -1.187  -0.832
ASP-1B4018_005   0.237  -1.150  -0.913
LEU01B4019_001   1.896   0.000   1.896
GLN01B4020_001   2.244  -0.079   2.165
GLN01B4020_002   3.708  -0.212   3.496
LYS01B4021_001   1.364  -3.773  -2.410
LYS+1B4021_002   1.316  -3.773  -2.458
ASP01B4022_001   0.116  -0.857  -0.741
ASP01B4022_002   0.116  -0.857  -0.741
ASP02B4022_003   0.188  -0.948  -0.760
ASP02B4022_004   0.188  -0.948  -0.760
ASP-1B4022_005   0.107  -0.896  -0.788
MET01B4023_001   0.012  -0.071  -0.059
VAL01B4024_001   0.530  -0.876  -0.345
VAL01B4025_001   0.680  -3.416  -2.736
MET01B4026_001   0.087   0.000   0.087
LEU01B4027_001   1.812  -0.222   1.590
LEU01B4028_001   2.218  -2.659  -0.441
SER01B4029_001   0.000  -0.060  -0.060
SER01B4029_002   0.000  -0.060  -0.060
LEU01B4030_001   1.966  -0.274   1.692
LEU01B4031_001   2.273  -0.103   2.170
GLU01B4032_001   2.321  -0.013   2.308
GLU01B4032_002   2.321  -0.013   2.308
GLU02B4032_003   1.819  -0.013   1.806
GLU02B4032_004   1.819  -0.013   1.806
GLU-1B4032_005   1.765  -0.013   1.752
ASN01B4034_001   0.005  -0.394  -0.389
ASN01B4034_002   0.174  -0.310  -0.136
VAL01B4035_001   0.516  -3.709  -3.193
VAL01B4036_001   0.677  -0.650   0.027
ASN01B4037_001   0.534  -1.657  -1.123
ASN01B4037_002   0.268  -1.603  -1.334
MET01B4039_001   0.936  -5.078  -4.143
ILE01B4040_001   2.487  -0.361   2.126
ALA01B4041_001   0.000   0.000   0.000
ARG01B4042_001   2.857  -7.603  -4.746
ARG02B4042_002   2.774  -7.603  -4.829
ARG03B4042_003   2.840  -7.603  -4.763
ARG+1B4042_004   2.735  -7.603  -4.868
GLN01B4043_001   1.347  -1.294   0.053
GLN01B4043_002   2.197  -1.088   1.109
MET01B4044_001   0.064   0.000   0.064
VAL01B4045_001   0.833   0.000   0.833
ASP01B4046_001   0.081  -2.063  -1.982
ASP01B4046_002   0.081  -2.063  -1.982
ASP02B4046_003   0.154  -2.076  -1.922
ASP02B4046_004   0.154  -2.076  -1.922
ASP-1B4046_005   0.077  -2.033  -1.956
MET01B4047_001   1.221  -0.148   1.074
LEU01B4048_001   1.672  -0.309   1.363
VAL01B4049_001   0.705  -3.087  -2.383
GLU01B4050_001   3.052  -1.931   1.121
GLU01B4050_002   3.052  -1.931   1.121
GLU02B4050_003   2.416  -1.905   0.510
GLU02B4050_004   2.416  -1.905   0.510
GLU-1B4050_005   2.359  -1.942   0.417
SER01B4051_001   0.000   0.000   0.000
SER01B4052_001   0.000  -1.493  -1.493
SER01B4052_002   0.000  -1.493  -1.493
SER01B4053_001   0.000  -4.219  -4.219
ASN01B4054_001   0.318  -0.502  -0.184
ASN01B4054_002   0.464  -0.497  -0.033
VAL01B4055_001   0.864  -0.222   0.642
GLU01B4056_001   2.815  -2.062   0.752
GLU01B4056_002   2.815  -2.062   0.752
GLU02B4056_003   2.255  -2.044   0.210
GLU02B4056_004   2.255  -2.044   0.210
GLU-1B4056_005   2.180  -2.033   0.147
MET01B4057_001   0.450  -2.756  -2.306
ILE01B4058_001   3.292  -0.567   2.725
LEU01B4059_001   1.585  -0.361   1.224
LYS01B4060_001   2.226  -3.673  -1.447
LYS+1B4060_002   2.157  -3.673  -1.516
PHE01B4061_001   4.311  -0.455   3.856
PHE01B4062_001   5.281  -0.219   5.062
CTR01B4062_001  -0.021   0.000  -0.021
CTR01B4062_002   0.103   0.000   0.103
CTR02B4062_003  -0.022   0.000  -0.022
CTR02B4062_004   0.039   0.000   0.039
CTR-1B4062_005   0.000   0.000   0.000
NTR01B4063_001  -0.003   0.000  -0.003
NTR+1B4063_002  -0.005   0.000  -0.005
ASP01B4063_001   0.434  -0.636  -0.202
ASP01B4063_002   0.434  -0.636  -0.202
ASP02B4063_003   0.491  -0.640  -0.149
ASP02B4063_004   0.491  -0.640  -0.149
ASP-1B4063_005   0.377  -0.586  -0.209
MET01B4064_001   0.237  -0.151   0.086
PHE01B4065_001   5.117  -0.204   4.913
LEU01B4066_001   1.521  -0.618   0.903
LYS01B4067_001   1.258  -1.392  -0.134
LYS+1B4067_002   1.215  -1.392  -0.178
LEU01B4068_001   3.432   0.000   3.432
LYS01B4069_001   1.824  -5.037  -3.213
LYS+1B4069_002   1.757  -5.037  -3.280
ASP01B4070_001   0.163  -1.572  -1.409
ASP01B4070_002   0.163  -1.572  -1.409
ASP02B4070_003   0.247  -1.520  -1.273
ASP02B4070_004   0.247  -1.520  -1.273
ASP-1B4070_005   0.154  -1.524  -1.371
ILE01B4071_001   4.244  -0.480   3.764
VAL01B4072_001   0.516  -0.995  -0.478
SER01B4074_001   0.000  -1.829  -1.829
GLU01B4075_001   1.679  -3.261  -1.581
GLU01B4075_002   1.679  -3.261  -1.581
GLU02B4075_003   1.387  -3.184  -1.797
GLU02B4075_004   1.387  -3.184  -1.797
GLU-1B4075_005   1.293  -3.168  -1.875
ALA01B4076_001   0.000  -3.139  -3.139
PHE01B4077_001   4.709   0.000   4.709
GLN01B4078_001   0.759  -1.535  -0.777
GLN01B4078_002   0.648  -1.432  -0.785
ASP01B4079_001   0.166  -2.824  -2.658
ASP01B4079_002   0.166  -2.824  -2.658
ASP02B4079_003   0.251  -2.775  -2.524
ASP02B4079_004   0.251  -2.775  -2.524
ASP-1B4079_005   0.157  -2.773  -2.616
TYR01B4080_001   5.019  -0.993   4.026
TYR-1B4080_002   5.019  -0.993   4.026
VAL01B4081_001   0.675  -0.155   0.521
THR01B4082_001   0.194  -6.665  -6.471
ASP01B4083_001   0.238  -0.830  -0.591
ASP01B4083_002   0.238  -0.830  -0.591
ASP02B4083_003   0.329  -0.727  -0.398
ASP02B4083_004   0.329  -0.727  -0.398
ASP-1B4083_005   0.223  -0.758  -0.535
PRO01B4084_001   0.254  -6.781  -6.527
ARG01B4085_001   3.517  -7.550  -4.033
ARG02B4085_002   3.446  -7.550  -4.103
ARG02B4085_003   3.506  -7.550  -4.043
ARG03B4085_004   3.441  -7.550  -4.109
ARG+1B4085_005   3.401  -7.550  -4.148
LEU01B4087_001   1.734  -4.375  -2.642
ILE01B4088_001   3.756   0.000   3.756
SER01B4089_001   0.000  -2.330  -2.330
SER01B4089_002   0.000  -2.330  -2.330
SER01B4089_003   0.000  -2.330  -2.330
LYS01B4090_001   2.730  -1.967   0.763
LYS+1B4090_002   2.682  -1.967   0.715
LYS01B4091_001   0.798  -9.069  -8.271
LYS+1B4091_002   0.752  -9.069  -8.317
ASP01B4092_001   0.068  -0.501  -0.433
ASP01B4092_002   0.068  -0.501  -0.433
ASP02B4092_003   0.135  -0.527  -0.393
ASP02B4092_004   0.135  -0.527  -0.393
ASP-1B4092_005   0.063  -0.499  -0.436
PHE01B4093_001   4.597   0.000   4.597
GLN01B4094_001   1.124  -0.992   0.133
GLN01B4094_002   1.549  -0.918   0.631
LYS01B4095_001   2.277  -6.833  -4.556
LYS+1B4095_002   2.231  -6.833  -4.602
ALA01B4096_001   0.000  -0.155  -0.155
MET01B4097_001   0.170   0.000   0.170
ASP01B4098_001   0.443  -2.796  -2.353
ASP01B4098_002   0.443  -2.796  -2.353
ASP02B4098_003   0.492  -2.827  -2.336
ASP02B4098_004   0.492  -2.827  -2.336
ASP-1B4098_005   0.381  -2.791  -2.410
SER01B4099_001   0.000  -2.606  -2.606
SER01B4099_002   0.000  -2.606  -2.606
GLN01B4100_001   1.699  -0.878   0.821
GLN01B4100_002   2.837  -0.738   2.099
LYS01B4101_001   0.938 -10.310  -9.372
LYS+1B4101_002   0.890 -10.310  -9.420
GLN01B4102_001   1.734  -3.134  -1.400
GLN01B4102_002   2.872  -3.114  -0.242
PHE01B4103_001   4.825  -0.206   4.619
THR01B4104_001   0.219  -3.357  -3.138
THR01B4104_002   0.219  -3.357  -3.138
PRO01B4106_001   0.288  -6.659  -6.371
GLU01B4107_001   2.308  -1.081   1.227
GLU01B4107_002   2.308  -1.081   1.227
GLU02B4107_003   1.836  -1.136   0.700
GLU02B4107_004   1.836  -1.136   0.700
GLU-1B4107_005   1.767  -1.081   0.686
ILE01B4108_001   1.729  -0.155   1.574
GLN01B4109_001   0.762  -2.233  -1.471
GLN01B4109_002   0.642  -2.243  -1.601
PHE01B4110_001   4.892  -0.530   4.361
LEU01B4111_001   1.659   0.000   1.659
LEU01B4112_001   1.788  -0.634   1.154
SER01B4113_001   0.000  -1.911  -1.911
SER01B4113_002   0.000  -1.911  -1.911
CYS01B4114_001  -0.002   0.000  -0.002
CYS01B4114_002  -0.002   0.000  -0.002
CYS01B4114_003  -0.002   0.000  -0.002
CYS-1B4114_004   0.000   0.000   0.000
SER01B4115_001   0.000   0.000   0.000
SER01B4115_002   0.000   0.000   0.000
GLU01B4116_001   1.940  -1.984  -0.043
GLU01B4116_002   1.940  -1.984  -0.043
GLU02B4116_003   1.591  -2.032  -0.442
GLU02B4116_004   1.591  -2.032  -0.442
GLU-1B4116_005   1.499  -1.908  -0.408
ALA01B4117_001   0.000  -2.608  -2.608
ASP01B4118_001   0.364  -2.082  -1.717
ASP01B4118_002   0.364  -2.082  -1.717
ASP02B4118_003   0.416  -1.915  -1.498
ASP02B4118_004   0.416  -1.915  -1.498
ASP-1B4118_005   0.315  -1.964  -1.649
GLU01B4119_001   1.807  -4.199  -2.392
GLU01B4119_002   1.807  -4.199  -2.392
GLU02B4119_003   1.503  -4.215  -2.712
GLU02B4119_004   1.503  -4.215  -2.712
GLU-1B4119_005   1.404  -4.116  -2.713
ASN01B4120_001   0.010  -1.985  -1.975
ASN01B4120_002   0.177  -2.253  -2.077
GLU01B4121_001   3.022  -3.161  -0.139
GLU01B4121_002   3.022  -3.161  -0.139
GLU02B4121_003   2.398  -3.128  -0.730
GLU02B4121_004   2.398  -3.128  -0.730
GLU-1B4121_005   2.338  -3.036  -0.697
MET01B4122_001   0.142  -0.955  -0.814
ILE01B4123_001   3.298   0.000   3.298
ASN01B4124_001   0.136  -1.668  -1.532
ASN01B4124_002  -0.015  -1.486  -1.502
PHE01B4125_001   4.612  -1.819   2.793
GLU01B4126_001   0.498  -3.635  -3.138
GLU01B4126_002   0.498  -3.635  -3.138
GLU02B4126_003   0.664  -3.563  -2.899
GLU02B4126_004   0.664  -3.563  -2.899
GLU-1B4126_005   0.467  -3.553  -3.086
GLU01B4127_001   3.375  -1.546   1.828
GLU01B4127_002   3.375  -1.546   1.828
GLU02B4127_003   2.730  -1.554   1.176
GLU02B4127_004   2.730  -1.554   1.176
GLU-1B4127_005   2.649  -1.498   1.151
PHE01B4128_001   4.676   0.000   4.676
ALA01B4129_001   0.000  -0.309  -0.309
ASN01B4130_001   0.457  -1.659  -1.202
ASN01B4130_002   0.223  -1.655  -1.432
ARG01B4131_001   1.877  -0.756   1.121
ARG02B4131_002   1.857  -0.756   1.101
ARG02B4131_003   1.930  -0.756   1.175
ARG03B4131_004   1.849  -0.756   1.094
ARG03B4131_005   1.854  -0.756   1.098
ARG+1B4131_006   1.810  -0.756   1.054
PHE01B4132_001   4.417  -0.206   4.211
GLN01B4133_001   2.221  -1.143   1.078
GLN01B4133_002   1.550  -0.966   0.584
GLU01B4134_001   4.443  -2.084   2.359
GLU01B4134_002   4.443  -2.084   2.359
GLU02B4134_003   3.588  -2.067   1.521
GLU02B4134_004   3.588  -2.067   1.521
GLU-1B4134_005   3.506  -2.006   1.500
PRO01B4135_001   0.437  -0.892  -0.455
ALA01B4136_001   0.000  -0.103  -0.103
ARG01B4137_001   3.207  -7.142  -3.935
ARG02B4137_002   3.172  -7.142  -3.970
ARG03B4137_003   3.198  -7.142  -3.944
ARG+1B4137_004   3.127  -7.142  -4.015
ASP01B4138_001   0.088  -1.928  -1.839
ASP01B4138_002   0.088  -1.928  -1.839
ASP02B4138_003   0.164  -2.080  -1.916
ASP02B4138_004   0.164  -2.080  -1.916
ASP-1B4138_005   0.084  -1.890  -1.806
ILE01B4139_001   2.559  -0.618   1.941
PHE01B4141_001   5.100  -0.463   4.637
ASN01B4142_001   0.470  -0.364   0.105
ASN01B4142_002   0.224  -0.433  -0.209
VAL01B4143_001   0.535  -1.372  -0.836
ALA01B4144_001   0.000   0.000   0.000
VAL01B4145_001   0.756  -0.103   0.653
LEU01B4146_001   1.854  -0.258   1.596
LEU01B4147_001   2.308  -0.052   2.257
THR01B4148_001   0.199  -0.369  -0.170
THR01B4148_002   0.199  -0.369  -0.170
THR01B4148_003   0.199  -0.369  -0.170
ASN01B4149_001   0.187  -0.118   0.069
ASN01B4149_002   0.016  -0.172  -0.156
LEU01B4150_001   1.810   0.000   1.810
SER01B4151_001   0.000  -1.079  -1.079
SER01B4151_002   0.000  -1.079  -1.079
GLU01B4152_001   3.672  -1.035   2.637
GLU01B4152_002   3.672  -1.035   2.637
GLU02B4152_003   2.927  -1.125   1.803
GLU02B4152_004   2.927  -1.125   1.803
GLU-1B4152_005   2.860  -1.011   1.849
HIS01B4153_001  -0.162  -0.179  -0.341
HIS01B4153_002  -0.115  -0.223  -0.338
HIS02B4153_003  -0.181  -0.179  -0.360
HIS02B4153_004  -0.128  -0.223  -0.351
HIS+1B4153_005  -0.208  -0.179  -0.386
HIS+1B4153_006  -0.155  -0.223  -0.377
VAL01B4154_001   0.607  -1.732  -1.125
PRO01B4155_001   0.276  -2.006  -1.730
HIS01B4156_001  -0.244  -6.694  -6.938
HIS01B4156_002  -0.205  -7.252  -7.457
HIS02B4156_003  -0.264  -6.694  -6.959
HIS02B4156_004  -0.214  -7.252  -7.466
HIS+1B4156_005  -0.291  -6.694  -6.986
HIS+1B4156_006  -0.241  -7.252  -7.493
ASP01B4157_001   0.070  -0.759  -0.689
ASP01B4157_002   0.070  -0.759  -0.689
ASP02B4157_003   0.140  -0.763  -0.623
ASP02B4157_004   0.140  -0.763  -0.623
ASP-1B4157_005   0.067  -0.724  -0.657
PRO01B4158_001   0.256  -6.605  -6.349
ARG01B4159_001   2.869  -6.219  -3.350
ARG02B4159_002   2.792  -6.219  -3.427
ARG02B4159_003   2.798  -6.219  -3.421
ARG03B4159_004   2.798  -6.219  -3.421
ARG+1B4159_005   2.753  -6.219  -3.466
LEU01B4160_001   1.923   0.000   1.923
ARG01B4161_001   1.759  -7.466  -5.708
ARG02B4161_002   1.723  -7.466  -5.744
ARG03B4161_003   1.717  -7.466  -5.750
ARG+1B4161_004   1.678  -7.466  -5.788
ASN01B4162_001   0.180  -1.915  -1.735
ASN01B4162_002   0.010  -1.767  -1.757
PHE01B4163_001   4.871  -0.152   4.719
LEU01B4164_001   1.761  -1.442   0.319
GLU01B4165_001   3.196  -3.411  -0.214
GLU01B4165_002   3.196  -3.411  -0.214
GLU02B4165_003   2.541  -3.331  -0.790
GLU02B4165_004   2.541  -3.331  -0.790
GLU-1B4165_005   2.478  -3.316  -0.839
LEU01B4166_001   1.971  -2.917  -0.946
ALA01B4167_001   0.000   0.000   0.000
GLU01B4168_001   1.983  -2.747  -0.764
GLU01B4168_002   1.983  -2.747  -0.764
GLU02B4168_003   1.660  -2.832  -1.172
GLU02B4168_004   1.660  -2.832  -1.172
GLU-1B4168_005   1.550  -2.742  -1.192
SER01B4169_001   0.000  -1.431  -1.431
SER01B4169_002   0.000  -1.431  -1.431
ILE01B4170_001   3.378   0.000   3.378
LEU01B4171_001   1.623  -2.318  -0.695
GLU01B4172_001   1.515  -2.274  -0.759
GLU01B4172_002   1.515  -2.274  -0.759
GLU02B4172_003   1.296  -2.187  -0.891
GLU02B4172_004   1.296  -2.187  -0.891
GLU-1B4172_005   1.183  -2.182  -1.000
TYR01B4173_001   4.576  -4.514   0.062
TYR01B4173_002   4.576  -4.514   0.062
TYR-1B4173_003   4.576  -4.514   0.062
PHE01B4174_001   4.529  -0.068   4.461
ARG01B4175_001   1.589 -10.063  -8.474
ARG02B4175_002   1.544 -10.063  -8.519
ARG03B4175_003   1.549 -10.063  -8.514
ARG+1B4175_004   1.505 -10.063  -8.558
PRO01B4176_001   0.357  -3.482  -3.125
TYR01B4177_001   5.048  -1.438   3.611
TYR01B4177_002   5.048  -1.438   3.611
TYR-1B4177_003   5.048  -1.438   3.611
LEU01B4178_001   2.769  -0.876   1.893
ARG01B4180_001   2.047  -2.377  -0.330
ARG02B4180_002   2.014  -2.377  -0.363
ARG02B4180_003   2.075  -2.377  -0.303
ARG03B4180_004   2.008  -2.377  -0.370
ARG03B4180_005   2.011  -2.377  -0.366
ARG+1B4180_006   1.969  -2.377  -0.408
ILE01B4181_001   3.234  -0.789   2.446
GLU01B4182_001   4.143  -0.013   4.130
GLU01B4182_002   4.143  -0.013   4.130
GLU02B4182_003   3.407  -0.013   3.394
GLU02B4182_004   3.407  -0.013   3.394
GLU-1B4182_005   3.292  -0.013   3.279
ILE01B4183_001   1.755  -0.052   1.704
MET01B4184_001   1.151  -2.141  -0.990
ALA01B4186_001   0.000  -2.659  -2.659
SER01B4187_001   0.000  -0.672  -0.672
SER01B4187_002   0.000  -0.672  -0.672
SER01B4187_003   0.000  -0.672  -0.672
ARG01B4188_001   1.280  -8.777  -7.497
ARG02B4188_002   1.260  -8.777  -7.517
ARG03B4188_003   1.257  -8.777  -7.520
ARG+1B4188_004   1.213  -8.777  -7.564
ARG01B4189_001   2.554  -3.943  -1.389
ARG02B4189_002   2.623  -3.943  -1.320
ARG03B4189_003   2.532  -3.943  -1.411
ARG+1B4189_004   2.489  -3.943  -1.454
ILE01B4190_001   1.470  -0.052   1.418
GLU01B4191_001   2.314  -0.277   2.037
GLU01B4191_002   2.314  -0.277   2.037
GLU02B4191_003   1.828  -0.359   1.470
GLU02B4191_004   1.828  -0.359   1.470
GLU-1B4191_005   1.769  -0.310   1.459
ARG01B4192_001   2.160  -0.450   1.711
ARG02B4192_002   2.092  -0.450   1.643
ARG03B4192_003   2.093  -0.450   1.643
ARG03B4192_004   2.153  -0.450   1.704
ARG+1B4192_005   2.048  -0.450   1.598
ILE01B4193_001   3.449  -1.800   1.649
TYR01B4194_001   5.178  -0.068   5.110
TYR01B4194_002   5.178  -0.068   5.110
TYR-1B4194_003   5.178  -0.068   5.110
PHE01B4195_001   4.682  -2.833   1.849
GLU01B4196_001   8.964  -0.864   8.100
GLU01B4196_002   8.964  -0.864   8.100
GLU02B4196_003   7.145  -0.834   6.311
GLU02B4196_004   7.145  -0.834   6.311
GLU-1B4196_005   7.098  -0.827   6.271
ILE01B4197_001   1.570  -0.103   1.467
SER01B4198_001   0.000  -2.637  -2.637
SER01B4198_002   0.000  -2.637  -2.637
SER01B4198_003   0.000  -2.637  -2.637
GLU01B4199_001   4.017  -2.672   1.345
GLU01B4199_002   4.017  -2.672   1.345
GLU02B4199_003   3.245  -2.682   0.563
GLU02B4199_004   3.245  -2.682   0.563
GLU-1B4199_005   3.160  -2.610   0.550
THR01B4200_001   0.250  -4.707  -4.458
THR01B4200_002   0.250  -4.707  -4.458
ASN01B4201_001   0.253  -0.906  -0.653
ASN01B4201_002   0.437  -0.915  -0.478
ARG01B4202_001   4.394  -3.484   0.910
ARG02B4202_002   4.351  -3.484   0.866
ARG03B4202_003   4.342  -3.484   0.858
ARG+1B4202_004   4.302  -3.484   0.818
ALA01B4203_001   0.000  -1.938  -1.938
GLN01B4204_001   1.454  -1.324   0.130
GLN01B4204_002   1.137  -1.526  -0.388
TRP01B4205_001   3.232  -1.390   1.842
GLU01B4206_001   1.553  -2.592  -1.039
GLU01B4206_002   1.553  -2.592  -1.039
GLU02B4206_003   1.311  -2.679  -1.368
GLU02B4206_004   1.311  -2.679  -1.368
GLU-1B4206_005   1.206  -2.575  -1.369
MET01B4207_001   0.377  -3.304  -2.927
PRO01B4208_001   0.247  -7.394  -7.146
GLN01B4209_001   0.761  -1.851  -1.090
GLN01B4209_002   0.658  -1.914  -1.256
VAL01B4210_001   0.611   0.000   0.611
LYS01B4211_001   0.933  -5.670  -4.736
LYS+1B4211_002   0.888  -5.670  -4.782
GLU01B4212_001   1.582  -2.284  -0.702
GLU01B4212_002   1.582  -2.284  -0.702
GLU02B4212_003   1.324  -2.313  -0.989
GLU02B4212_004   1.324  -2.313  -0.989
GLU-1B4212_005   1.225  -2.308  -1.083
SER01B4213_001   0.000  -1.647  -1.647
SER01B4213_002   0.000  -1.647  -1.647
LYS01B4214_001   3.514  -1.894   1.620
LYS+1B4214_002   3.424  -1.894   1.530
ARG01B4215_001   3.324  -7.975  -4.651
ARG02B4215_002   3.363  -7.975  -4.612
ARG03B4215_003   3.271  -7.975  -4.704
ARG+1B4215_004   3.231  -7.975  -4.744
GLN01B4216_001   1.759  -3.262  -1.503
GLN01B4216_002   2.924  -3.056  -0.132
PHE01B4217_001   4.958  -1.064   3.895
ILE01B4218_001   2.368  -1.990   0.378
PHE01B4219_001   4.832  -2.299   2.533
ASP01B4220_001   0.153  -1.713  -1.560
ASP01B4220_002   0.153  -1.713  -1.560
ASP02B4220_003   0.239  -1.767  -1.529
ASP02B4220_004   0.239  -1.767  -1.529
ASP-1B4220_005   0.146  -1.718  -1.572
VAL01B4221_001   0.926  -0.206   0.720
VAL01B4222_001   0.776  -0.876  -0.099
ASN01B4223_001   0.178  -1.654  -1.475
ASN01B4223_002   0.009  -1.752  -1.744
GLU01B4224_001   1.945  -3.633  -1.688
GLU01B4224_002   1.945  -3.633  -1.688
GLU02B4224_003   1.621  -3.611  -1.990
GLU02B4224_004   1.621  -3.611  -1.990
GLU-1B4224_005   1.516  -3.539  -2.023
GLU01B4227_001   1.261  -4.020  -2.759
GLU01B4227_002   1.261  -4.020  -2.759
GLU02B4227_003   1.064  -3.817  -2.754
GLU02B4227_004   1.064  -3.817  -2.754
GLU-1B4227_005   0.970  -3.953  -2.982
ALA01B4228_001   0.000  -3.139  -3.139
GLU01B4229_001   2.604  -3.041  -0.437
GLU01B4229_002   2.604  -3.041  -0.437
GLU02B4229_003   2.148  -2.829  -0.681
GLU02B4229_004   2.148  -2.829  -0.681
GLU-1B4229_005   2.044  -2.864  -0.820
LYS01B4230_001   1.376  -3.791  -2.416
LYS+1B4230_002   1.327  -3.791  -2.464
MET01B4231_001   0.038  -0.692  -0.654
GLU01B4232_001   2.513  -1.156   1.357
GLU01B4232_002   2.513  -1.156   1.357
GLU02B4232_003   2.052  -1.149   0.904
GLU02B4232_004   2.052  -1.149   0.904
GLU-1B4232_005   1.960  -1.089   0.871
LEU01B4233_001   2.845  -4.134  -1.289
PHE01B4234_001   4.723  -0.152   4.572
VAL01B4235_001   0.655  -0.206   0.449
SER01B4236_001   0.000  -2.185  -2.185
SER01B4236_002   0.000  -2.185  -2.185
PHE01B4237_001   5.054  -1.131   3.922
CYS01B4238_001  -0.002  -0.071  -0.073
CYS01B4238_002  -0.002  -0.071  -0.073
CYS01B4238_003  -0.002  -0.071  -0.074
CYS-1B4238_004   0.000  -0.071  -0.071
GLU01B4239_001   3.916  -0.034   3.881
GLU01B4239_002   3.916  -0.034   3.881
GLU02B4239_003   3.119  -0.036   3.083
GLU02B4239_004   3.119  -0.036   3.083
GLU-1B4239_005   3.061  -0.034   3.026
ASP01B4240_001   0.077  -0.655  -0.578
ASP01B4240_002   0.077  -0.655  -0.578
ASP02B4240_003   0.146  -0.761  -0.614
ASP02B4240_004   0.146  -0.761  -0.614
ASP-1B4240_005   0.072  -0.655  -0.583
THR01B4241_001   0.224   0.000   0.224
THR01B4241_002   0.224   0.000   0.224
THR01B4241_003   0.224   0.000   0.224
ILE01B4242_001   2.418  -0.547   1.871
PHE01B4243_001   5.137  -0.909   4.228
GLU01B4244_001   2.089  -0.417   1.672
GLU01B4244_002   2.089  -0.417   1.672
GLU02B4244_003   1.653  -0.431   1.222
GLU02B4244_004   1.653  -0.431   1.222
GLU-1B4244_005   1.589  -0.413   1.176
MET01B4245_001  -0.009  -0.258  -0.267
GLN01B4246_001   0.892  -2.044  -1.152
GLN01B4246_002   0.745  -2.354  -1.609
ILE01B4247_001   1.123  -1.201  -0.078
ALA01B4248_001   0.000  -0.361  -0.361
ALA01B4249_001   0.000  -2.778  -2.778
GLN01B4250_001   1.793  -2.760  -0.967
GLN01B4250_002   2.962  -2.701   0.261
ILE01B4251_001   2.294  -1.442   0.852
SER01B4252_001   0.000  -3.135  -3.135
GLU01B4253_001   0.497  -3.077  -2.580
GLU01B4253_002   0.497  -3.077  -2.580
GLU02B4253_003   0.664  -2.964  -2.301
GLU02B4253_004   0.664  -2.964  -2.301
GLU-1B4253_005   0.466  -2.958  -2.492
CTR01B4253_001  -0.021  -4.991  -5.012
CTR01B4253_002   0.108  -5.068  -4.960
CTR02B4253_003  -0.022  -5.106  -5.129
CTR02B4253_004   0.042  -5.087  -5.045
CTR-1B4253_005   0.000  -4.952  -4.952
NTR01B4540_001  -0.003  -3.159  -3.162
NTR+1B4540_002  -0.005  -3.159  -3.164
PHE01B4540_001   2.030  -2.609  -0.579
TRP01B4541_001   0.640 -14.992 -14.352
GLU01B4543_001   0.499  -3.487  -2.988
GLU01B4543_002   0.499  -3.487  -2.988
GLU02B4543_003   0.666  -3.518  -2.852
GLU02B4543_004   0.666  -3.518  -2.852
GLU-1B4543_005   0.468  -3.471  -3.004
LEU01B4544_001   1.459  -3.673  -2.215
GLU01B4545_001   0.498  -2.345  -1.847
GLU01B4545_002   0.498  -2.345  -1.847
GLU02B4545_003   0.665  -2.431  -1.766
GLU02B4545_004   0.665  -2.431  -1.766
GLU-1B4545_005   0.467  -2.334  -1.867
VAL01B4546_001   0.597  -6.104  -5.508
GLN01B4547_001   1.100  -2.835  -1.734
GLN01B4547_002   1.502  -2.758  -1.256
ARG01B4548_001   3.571  -7.336  -3.764
ARG02B4548_002   3.524  -7.336  -3.812
ARG03B4548_003   3.614  -7.336  -3.722
ARG+1B4548_004   3.479  -7.336  -3.857
VAL01B4549_001   0.742  -3.947  -3.205
LYS01B4550_001   3.790  -4.316  -0.526
LYS+1B4550_002   3.695  -4.316  -0.621
PHE01B4551_001   4.628  -6.947  -2.319
LEU01B4552_001   2.729  -1.664   1.065
ASN01B4553_001   0.289  -0.940  -0.651
ASN01B4553_002   0.457  -0.955  -0.498
TYR01B4554_001   4.405  -7.324  -2.919
TYR-1B4554_002   4.405  -7.324  -2.919
LEU01B4555_001   1.643  -0.361   1.283
SER01B4556_001   0.000   0.000   0.000
ARG01B4557_001   3.729  -4.116  -0.387
ARG02B4557_002   3.687  -4.116  -0.429
ARG03B4557_003   3.695  -4.116  -0.421
ARG+1B4557_004   3.647  -4.116  -0.469
ASN01B4558_001   0.150  -1.166  -1.016
PHE01B4559_001   4.676  -0.707   3.969
TYR01B4560_001   4.657  -7.568  -2.911
TYR-1B4560_002   4.657  -7.568  -2.911
THR01B4561_001   0.254  -4.421  -4.166
THR01B4561_002   0.254  -4.421  -4.166
LEU01B4562_001   1.866  -1.165   0.701
ARG01B4563_001   1.329  -1.833  -0.504
ARG02B4563_002   1.284  -1.833  -0.550
ARG02B4563_003   1.289  -1.833  -0.545
ARG03B4563_004   1.289  -1.833  -0.544
ARG03B4563_005   1.349  -1.833  -0.484
ARG+1B4563_006   1.245  -1.833  -0.588
PHE01B4564_001   4.731  -8.470  -3.740
LEU01B4565_001   1.575  -3.809  -2.234
ALA01B4566_001   0.000   0.000   0.000
LEU01B4567_001   1.449  -2.060  -0.611
PHE01B4568_001   4.685  -8.207  -3.523
LEU01B4569_001   2.452  -0.464   1.988
ALA01B4570_001   0.000   0.000   0.000
PHE01B4571_001   4.784  -5.809  -1.025
ALA01B4572_001   0.000  -2.212  -2.212
ILE01B4573_001   1.850  -0.052   1.798
ASN01B4574_001   0.442  -0.216   0.225
ASN01B4574_002   0.217  -0.273  -0.057
PHE01B4575_001   4.689  -8.601  -3.912
ILE01B4576_001   3.061  -0.805   2.256
LEU01B4577_001   3.583  -2.299   1.285
LEU01B4578_001   2.123  -6.487  -4.364
PHE01B4579_001   4.679  -3.284   1.394
TYR01B4580_001   4.483  -3.245   1.238
TYR-1B4580_002   4.483  -3.245   1.238
LYS01B4581_001   1.072  -6.328  -5.256
LYS+1B4581_002   1.025  -6.328  -5.303
VAL01B4582_001   0.481  -5.235  -4.754
SER01B4583_001   0.000  -0.683  -0.683
ASP01B4584_001  -0.040  -3.525  -3.565
ASP01B4584_002  -0.040  -3.525  -3.565
ASP02B4584_003  -0.009  -3.436  -3.445
ASP02B4584_004  -0.009  -3.436  -3.445
ASP-1B4584_005  -0.041  -3.463  -3.503
SER01B4585_001   0.000  -3.316  -3.316
SER01B4585_002   0.000  -3.316  -3.316
PRO01B4586_001   0.260  -5.495  -5.235
PRO01B4587_001   0.251  -4.138  -3.887
CTR01B4587_001  -0.021  -4.585  -4.606
CTR01B4587_002   0.090  -4.605  -4.515
CTR02B4587_003  -0.022  -4.566  -4.588
CTR02B4587_004   0.033  -4.663  -4.630
CTR-1B4587_005   0.000  -4.566  -4.566
NTR01B4626_001  -0.003  -3.580  -3.583
NTR+1B4626_002  -0.005  -3.580  -3.585
ASN01B4626_001  -0.020  -3.662  -3.682
MET01B4627_001   0.142  -3.176  -3.033
VAL01B4628_001   0.561  -2.624  -2.063
TYR01B4629_001   4.689  -9.408  -4.719
TYR-1B4629_002   4.689  -9.408  -4.719
TYR01B4630_001   4.649  -3.946   0.703
TYR-1B4630_002   4.649  -3.946   0.703
PHE01B4631_001   4.827  -2.488   2.339
LEU01B4632_001   1.857  -4.475  -2.618
GLU01B4633_001   2.724  -2.616   0.108
GLU01B4633_002   2.724  -2.616   0.108
GLU02B4633_003   2.162  -2.774  -0.612
GLU02B4633_004   2.162  -2.774  -0.612
GLU-1B4633_005   2.099  -2.644  -0.545
GLU01B4634_001   2.286  -1.214   1.071
GLU01B4634_002   2.286  -1.214   1.071
GLU02B4634_003   1.813  -1.116   0.696
GLU02B4634_004   1.813  -1.116   0.696
GLU-1B4634_005   1.750  -1.145   0.605
SER01B4635_001   0.000  -5.312  -5.312
THR01B4636_001   0.202  -1.796  -1.595
THR01B4636_002   0.202  -1.796  -1.595
THR01B4636_003   0.202  -1.796  -1.595
TYR01B4638_001   4.669  -9.667  -4.999
TYR01B4638_002   4.669  -9.667  -4.999
TYR-1B4638_003   4.669  -9.667  -4.999
MET01B4639_001   9.109   0.000   9.109
GLU01B4640_001   1.922  -2.574  -0.652
GLU01B4640_002   1.922  -2.574  -0.652
GLU02B4640_003   1.588  -2.750  -1.162
GLU02B4640_004   1.588  -2.750  -1.162
GLU-1B4640_005   1.491  -2.601  -1.109
PRO01B4641_001   0.262  -6.402  -6.139
ALA01B4642_001   0.000  -3.242  -3.242
LEU01B4643_001   3.314  -1.835   1.479
TRP01B4644_001   2.898  -7.827  -4.929
CYS01B4645_001  -0.002  -3.862  -3.864
CYS01B4645_002  -0.002  -3.862  -3.864
CYS01B4645_003  -0.002  -3.862  -3.864
CYS-1B4645_004   0.000  -3.862  -3.862
LEU01B4646_001   1.597  -3.091  -1.493
SER01B4647_001   0.000   0.000   0.000
SER01B4647_002   0.000   0.000   0.000
LEU01B4648_001   2.398  -4.874  -2.476
LEU01B4649_001   1.861  -3.638  -1.776
HIS01B4650_001  -0.155  -0.049  -0.204
HIS02B4650_002  -0.174  -0.049  -0.222
HIS+1B4650_003  -0.201  -0.049  -0.249
THR01B4651_001   0.236  -1.270  -1.034
THR01B4651_002   0.236  -1.270  -1.034
LEU01B4652_001   3.440  -5.541  -2.100
VAL01B4653_001   0.665  -0.464   0.201
ALA01B4654_001   0.000   0.000   0.000
PHE01B4655_001   4.598  -8.114  -3.516
LEU01B4656_001   2.137  -2.350  -0.213
CYS01B4657_001  -0.002   0.000  -0.002
CYS01B4657_002  -0.002   0.000  -0.002
CYS01B4657_003  -0.002   0.000  -0.002
CYS-1B4657_004   0.000   0.000   0.000
ILE01B4658_001   2.912  -2.009   0.903
ILE01B4659_001   2.506  -3.448  -0.942
TYR01B4661_001   4.887  -0.404   4.483
TYR01B4661_002   4.887  -0.404   4.483
TYR-1B4661_003   4.887  -0.404   4.483
ASN01B4662_001   0.186  -2.003  -1.817
ASN01B4662_002   0.015  -1.816  -1.801
CYS01B4663_001  -0.002  -1.313  -1.314
CYS01B4663_002  -0.002  -1.313  -1.314
CYS01B4663_003  -0.002  -1.313  -1.315
CYS-1B4663_004   0.000  -1.313  -1.313
LEU01B4664_001   1.833  -1.854  -0.021
LYS01B4665_001   1.847  -3.726  -1.879
LYS+1B4665_002   1.759  -3.726  -1.966
VAL01B4666_001   0.345   0.000   0.345
PRO01B4667_001   0.294  -1.545  -1.251
LEU01B4668_001   2.102  -1.182   0.920
VAL01B4669_001   0.509  -1.697  -1.188
ILE01B4670_001   1.751  -0.567   1.184
PHE01B4671_001   4.953   0.000   4.953
LYS01B4672_001   1.023  -4.978  -3.956
LYS+1B4672_002   0.976  -4.978  -4.002
ARG01B4673_001   2.523  -0.668   1.854
ARG02B4673_002   2.480  -0.668   1.812
ARG02B4673_003   2.485  -0.668   1.816
ARG03B4673_004   2.488  -0.668   1.820
ARG03B4673_005   2.551  -0.668   1.883
ARG+1B4673_006   2.441  -0.668   1.773
GLU01B4674_001   2.537   0.000   2.537
GLU01B4674_002   2.537   0.000   2.537
GLU02B4674_003   2.052   0.000   2.052
GLU02B4674_004   2.052   0.000   2.052
GLU-1B4674_005   1.972   0.000   1.972
LYS01B4675_001   1.617  -1.049   0.568
LYS+1B4675_002   1.570  -1.049   0.521
GLU01B4676_001   3.094  -1.407   1.686
GLU01B4676_002   3.094  -1.407   1.686
GLU02B4676_003   2.456  -1.375   1.081
GLU02B4676_004   2.456  -1.375   1.081
GLU-1B4676_005   2.396  -1.370   1.027
LEU01B4677_001   1.346  -0.412   0.934
ALA01B4678_001   0.000  -0.206  -0.206
ARG01B4679_001   2.077  -2.722  -0.645
ARG02B4679_002   2.061  -2.722  -0.661
ARG02B4679_003   2.140  -2.722  -0.582
ARG03B4679_004   2.052  -2.722  -0.670
ARG03B4679_005   2.056  -2.722  -0.666
ARG+1B4679_006   2.013  -2.722  -0.709
LYS01B4680_001   0.918  -5.372  -4.455
LYS+1B4680_002   0.871  -5.372  -4.501
LEU01B4681_001   1.367  -0.155   1.212
GLU01B4682_001   2.111  -0.543   1.569
GLU01B4682_002   2.111  -0.543   1.569
GLU02B4682_003   1.721  -0.569   1.152
GLU02B4682_004   1.721  -0.569   1.152
GLU-1B4682_005   1.636  -0.543   1.093
PHE01B4683_001   4.912  -3.689   1.223
ASP01B4684_001   0.217  -2.519  -2.302
ASP01B4684_002   0.217  -2.519  -2.302
ASP02B4684_003   0.313  -2.522  -2.209
ASP02B4684_004   0.313  -2.522  -2.209
ASP-1B4684_005   0.206  -2.369  -2.163
LEU01B4686_001   1.989  -2.077  -0.087
TYR01B4687_001   4.965  -0.051   4.915
TYR01B4687_002   4.965  -0.051   4.915
TYR-1B4687_003   4.965  -0.051   4.915
ILE01B4688_001   2.064   0.000   2.064
THR01B4689_001   0.202  -3.027  -2.825
THR01B4689_002   0.202  -3.027  -2.825
GLU01B4690_001   3.086  -3.121  -0.034
GLU01B4690_002   3.086  -3.121  -0.034
GLU02B4690_003   2.461  -3.180  -0.719
GLU02B4690_004   2.461  -3.180  -0.719
GLU-1B4690_005   2.395  -3.135  -0.740
GLN01B4691_001   1.385  -2.600  -1.215
GLN01B4691_002   1.997  -2.655  -0.658
PRO01B4692_001   0.363  -0.244   0.120
ASP01B4694_001   0.158  -2.639  -2.481
ASP01B4694_002   0.158  -2.639  -2.481
ASP02B4694_003   0.242  -2.835  -2.592
ASP02B4694_004   0.242  -2.835  -2.592
ASP-1B4694_005   0.150  -2.575  -2.425
ASP01B4695_001   0.176  -3.276  -3.100
ASP01B4695_002   0.176  -3.276  -3.100
ASP02B4695_003   0.264  -3.429  -3.166
ASP02B4695_004   0.264  -3.429  -3.166
ASP-1B4695_005   0.166  -3.290  -3.124
ASP01B4696_001   0.151  -3.179  -3.028
ASP01B4696_002   0.151  -3.179  -3.028
ASP02B4696_003   0.232  -3.151  -2.920
ASP02B4696_004   0.232  -3.151  -2.920
ASP-1B4696_005   0.142  -3.067  -2.925
VAL01B4697_001   0.667  -6.828  -6.161
LYS01B4698_001   1.585  -5.538  -3.953
LYS+1B4698_002   1.535  -5.538  -4.003
GLN01B4700_001   1.231  -2.127  -0.896
GLN01B4700_002   0.965  -2.140  -1.176
TRP01B4701_001   3.205  -4.232  -1.027
ASP01B4702_001   0.180  -0.103   0.076
ASP01B4702_002   0.180  -0.103   0.076
ASP02B4702_003   0.267  -0.072   0.194
ASP02B4702_004   0.267  -0.072   0.194
ASP-1B4702_005   0.169  -0.103   0.066
ARG01B4703_001   3.680  -5.786  -2.106
ARG02B4703_002   3.631  -5.786  -2.155
ARG03B4703_003   3.634  -5.786  -2.152
ARG+1B4703_004   3.586  -5.786  -2.200
LEU01B4704_001   3.756  -2.746   1.009
VAL01B4705_001   0.516   0.000   0.516
LEU01B4706_001   1.465  -0.103   1.362
ASN01B4707_001   0.509  -1.272  -0.763
THR01B4708_001   0.243   0.000   0.243
THR01B4708_002   0.243   0.000   0.243
PRO01B4709_001   0.262  -4.648  -4.386
SER01B4710_001   0.000  -1.697  -1.697
SER01B4710_002   0.000  -1.697  -1.697
SER01B4710_003   0.000  -1.697  -1.697
PHE01B4711_001   4.752   0.000   4.752
PRO01B4712_001   0.312  -0.274   0.038
SER01B4713_001   0.000  -1.532  -1.532
SER01B4713_002   0.000  -1.532  -1.532
ASN01B4714_001   0.132  -0.933  -0.801
ASN01B4714_002  -0.017  -1.004  -1.021
TYR01B4715_001   4.830  -0.875   3.955
TYR01B4715_002   4.830  -0.875   3.955
TYR-1B4715_003   4.830  -0.875   3.955
TRP01B4716_001   2.870  -2.872  -0.002
ASP01B4717_001   0.302  -0.882  -0.580
ASP01B4717_002   0.302  -0.882  -0.580
ASP02B4717_003   0.335  -0.879  -0.544
ASP02B4717_004   0.335  -0.879  -0.544
ASP-1B4717_005   0.253  -0.874  -0.621
LYS01B4718_001   0.585  -4.260  -3.674
LYS+1B4718_002   0.541  -4.260  -3.718
PHE01B4719_001   4.757  -1.817   2.940
VAL01B4720_001   0.602  -0.361   0.242
LYS01B4721_001   0.752  -0.876  -0.124
LYS+1B4721_002   0.707  -0.876  -0.169
ARG01B4722_001   3.623  -4.408  -0.785
ARG02B4722_002   3.568  -4.408  -0.840
ARG03B4722_003   3.576  -4.408  -0.832
ARG+1B4722_004   3.528  -4.408  -0.880
LYS01B4723_001   1.692  -4.195  -2.503
LYS+1B4723_002   1.645  -4.195  -2.550
VAL01B4724_001   0.653  -0.052   0.601
LEU01B4725_001   2.093  -0.515   1.578
ASP01B4726_001   0.100  -3.269  -3.169
ASP01B4726_002   0.100  -3.269  -3.169
ASP02B4726_003   0.180  -3.128  -2.948
ASP02B4726_004   0.180  -3.128  -2.948
ASP-1B4726_005   0.096  -3.114  -3.017
LYS01B4727_001   1.206  -4.415  -3.209
LYS+1B4727_002   1.158  -4.415  -3.256
HIS01B4728_001  -0.116  -1.000  -1.116
HIS01B4728_002  -0.064  -1.340  -1.404
HIS02B4728_003  -0.136  -1.000  -1.136
HIS02B4728_004  -0.077  -1.340  -1.417
HIS+1B4728_005  -0.163  -1.000  -1.163
HIS+1B4728_006  -0.104  -1.340  -1.443
ASP01B4730_001   0.075  -3.334  -3.258
ASP01B4730_002   0.075  -3.334  -3.258
ASP02B4730_003   0.146  -3.320  -3.173
ASP02B4730_004   0.146  -3.320  -3.173
ASP-1B4730_005   0.072  -3.196  -3.124
ILE01B4731_001   2.131  -5.747  -3.615
PHE01B4732_001   4.197  -3.849   0.348
ARG01B4734_001   2.110  -7.498  -5.388
ARG02B4734_002   2.086  -7.498  -5.412
ARG03B4734_003   2.181  -7.498  -5.317
ARG+1B4734_004   2.047  -7.498  -5.451
GLU01B4735_001   3.726  -3.010   0.716
GLU01B4735_002   3.726  -3.010   0.716
GLU02B4735_003   2.992  -2.944   0.048
GLU02B4735_004   2.992  -2.944   0.048
GLU-1B4735_005   2.916  -2.936  -0.019
ARG01B4736_001   3.297  -8.989  -5.691
ARG02B4736_002   3.246  -8.989  -5.743
ARG03B4736_003   3.343  -8.989  -5.646
ARG+1B4736_004   3.206  -8.989  -5.783
ILE01B4737_001   2.421  -0.052   2.370
ALA01B4738_001   0.000  -0.103  -0.103
GLU01B4739_001   4.094  -2.674   1.419
GLU01B4739_002   4.094  -2.674   1.419
GLU02B4739_003   3.301  -2.604   0.697
GLU02B4739_004   3.301  -2.604   0.697
GLU-1B4739_005   3.222  -2.501   0.721
LEU01B4740_001   1.986  -2.212  -0.226
LEU01B4741_001   1.712  -0.052   1.661
MET01B4743_001   0.485  -0.623  -0.138
ASP01B4744_001  -0.040  -2.320  -2.360
ASP01B4744_002  -0.040  -2.320  -2.360
ASP02B4744_003  -0.009  -2.315  -2.324
ASP02B4744_004  -0.009  -2.315  -2.324
ASP-1B4744_005  -0.040  -2.221  -2.262
LEU01B4745_001   1.460  -6.249  -4.789
ALA01B4746_001   0.000  -0.670  -0.670
SER01B4747_001   0.000  -1.154  -1.154
SER01B4747_002   0.000  -1.154  -1.154
LEU01B4748_001   1.458  -5.834  -4.375
GLU01B4749_001   0.498  -2.515  -2.017
GLU01B4749_002   0.498  -2.515  -2.017
GLU02B4749_003   0.665  -2.541  -1.876
GLU02B4749_004   0.665  -2.541  -1.876
GLU-1B4749_005   0.467  -2.446  -1.979
ILE01B4750_001   0.944  -1.648  -0.704
THR01B4751_001   0.152  -4.953  -4.802
ALA01B4752_001   0.000  -2.814  -2.814
HIS01B4753_001  -0.354  -1.777  -2.130
HIS01B4753_002  -0.345  -1.615  -1.959
HIS02B4753_003  -0.363  -1.777  -2.140
HIS02B4753_004  -0.356  -1.615  -1.970
HIS+1B4753_005  -0.383  -1.777  -2.159
HIS+1B4753_006  -0.375  -1.615  -1.989
ASN01B4754_001  -0.020  -0.811  -0.831
ASN01B4754_002  -0.090  -0.764  -0.855
GLU01B4755_001   0.499  -1.990  -1.491
GLU01B4755_002   0.499  -1.990  -1.491
GLU02B4755_003   0.666  -1.961  -1.295
GLU02B4755_004   0.666  -1.961  -1.295
GLU-1B4755_005   0.468  -1.908  -1.440
ARG01B4756_0011192.354  -6.4521185.902
ARG02B4756_0021192.337  -6.4521185.885
ARG03B4756_0031192.370  -6.4521185.918
ARG03B4756_004 191.395  -6.452 184.943
ARG+1B4756_0051192.304  -6.4521185.852
LYS01B4757_001   3.779  -3.839  -0.059
LYS+1B4757_002   3.685  -3.839  -0.154
PRO01B4758_001   0.226  -6.090  -5.864
ASP01B4759_001  -0.040  -3.405  -3.445
ASP01B4759_002  -0.040  -3.405  -3.445
ASP02B4759_003  -0.009  -3.436  -3.445
ASP02B4759_004  -0.009  -3.436  -3.445
ASP-1B4759_005  -0.040  -3.350  -3.391
PRO01B4760_001   0.219  -6.570  -6.352
PRO01B4761_001   0.237  -6.952  -6.715
PRO01B4762_001   0.229  -5.631  -5.402
LEU01B4764_001   1.462  -4.652  -3.190
LEU01B4765_001   1.457  -4.240  -2.783
THR01B4766_001   0.202  -5.405  -5.203
THR01B4766_002   0.202  -5.405  -5.203
TRP01B4767_001   3.028  -7.248  -4.220
LEU01B4768_001   3.290  -6.677  -3.387
MET01B4769_001   0.197  -9.515  -9.318
SER01B4770_001   0.000  -3.425  -3.425
ILE01B4771_001   2.062  -4.118  -2.056
ASP01B4772_001   0.134  -1.927  -1.793
ASP01B4772_002   0.134  -1.927  -1.793
ASP02B4772_003   0.208  -2.012  -1.804
ASP02B4772_004   0.208  -2.012  -1.804
ASP-1B4772_005   0.124  -1.977  -1.853
VAL01B4773_001   0.655  -5.663  -5.008
LYS01B4774_001   1.063  -5.945  -4.883
LYS+1B4774_002   1.015  -5.945  -4.930
TYR01B4775_001   4.679  -0.818   3.861
TYR01B4775_002   4.679  -0.818   3.861
TYR-1B4775_003   4.679  -0.818   3.861
GLN01B4776_001   0.729  -1.918  -1.188
GLN01B4776_002   0.629  -1.835  -1.206
ILE01B4777_001   2.586  -4.288  -1.702
TRP01B4778_001   3.465   0.000   3.465
LYS01B4779_001   1.332  -4.071  -2.739
LYS+1B4779_002   1.285  -4.071  -2.785
PHE01B4780_001   4.723  -5.862  -1.139
VAL01B4782_001   1.130   0.000   1.130
ILE01B4783_001   2.127  -1.201   0.927
PHE01B4784_001   4.094  -6.694  -2.599
THR01B4785_001   0.165  -1.959  -1.795
THR01B4785_002   0.165  -1.959  -1.795
ASP01B4786_001   0.271  -0.906  -0.634
ASP01B4786_002   0.271  -0.906  -0.634
ASP02B4786_003   0.317  -0.792  -0.475
ASP02B4786_004   0.317  -0.792  -0.475
ASP-1B4786_005   0.231  -0.792  -0.561
ASN01B4787_001   0.493  -3.643  -3.150
ASN01B4787_002   0.237  -3.630  -3.393
SER01B4788_001   0.000  -2.442  -2.442
SER01B4788_002   0.000  -2.442  -2.442
PHE01B4789_001   5.183  -1.955   3.228
LEU01B4790_001   1.860  -5.354  -3.494
TYR01B4791_001   4.976  -4.363   0.613
TYR01B4791_002   4.976  -4.363   0.613
TYR-1B4791_003   4.976  -4.363   0.613
LEU01B4792_001   1.391  -1.030   0.361
TRP01B4794_001   3.243  -7.754  -4.510
TYR01B4795_001   4.793  -0.219   4.574
TYR-1B4795_002   4.793  -0.219   4.574
MET01B4796_001   2.866  -1.294   1.571
VAL01B4797_001   0.634  -3.776  -3.142
MET01B4798_001   0.058  -0.847  -0.789
SER01B4799_001   0.000   0.000   0.000
SER01B4799_002   0.000   0.000   0.000
SER01B4799_003   0.000   0.000   0.000
LEU01B4800_001   2.043  -5.853  -3.810
LEU01B4801_001   1.326  -3.416  -2.090
HIS01B4803_001  -0.179  -2.818  -2.997
HIS01B4803_002  -0.141  -2.963  -3.104
HIS02B4803_003  -0.197  -2.818  -3.015
HIS02B4803_004  -0.155  -2.963  -3.118
HIS+1B4803_005  -0.224  -2.818  -3.042
HIS+1B4803_006  -0.181  -2.963  -3.145
TYR01B4804_001   4.087  -9.504  -5.418
TYR-1B4804_002   4.087  -9.504  -5.418
ASN01B4805_001   0.144  -2.140  -1.996
ASN01B4805_002  -0.011  -1.900  -1.911
ASN01B4806_001   0.492  -2.097  -1.605
ASN01B4806_002   0.245  -2.151  -1.906
PHE01B4807_001   4.409 -11.232  -6.823
PHE01B4808_001   4.792  -3.353   1.439
PHE01B4809_001   4.465  -0.337   4.128
ALA01B4810_001   0.000  -1.784  -1.784
ALA01B4811_001   0.000  -1.030  -1.030
HIS01B4812_001  -0.103   0.000  -0.103
HIS01B4812_002  -0.037   0.000  -0.037
HIS02B4812_003  -0.124   0.000  -0.124
HIS02B4812_004  -0.049   0.000  -0.049
HIS+1B4812_005  -0.150   0.000  -0.150
HIS+1B4812_006  -0.076   0.000  -0.076
LEU01B4813_001   3.482  -2.695   0.787
LEU01B4814_001   1.459  -7.530  -6.072
ASP01B4815_001   0.343  -0.406  -0.063
ASP01B4815_002   0.343  -0.406  -0.063
ASP02B4815_003   0.434  -0.328   0.106
ASP02B4815_004   0.434  -0.328   0.106
ASP-1B4815_005   0.313  -0.323  -0.010
ILE01B4816_001   2.816  -0.103   2.713
ALA01B4817_001   0.000  -2.537  -2.537
MET01B4818_001   0.144  -4.710  -4.566
VAL01B4820_001   0.651  -3.297  -2.646
LYS01B4821_001   1.253  -7.938  -6.685
LYS+1B4821_002   1.205  -7.938  -6.733
THR01B4822_001   0.246  -4.765  -4.519
THR01B4822_002   0.246  -4.765  -4.519
LEU01B4823_001   1.260  -5.714  -4.455
ARG01B4824_001   3.363  -5.683  -2.320
ARG02B4824_002   3.323  -5.683  -2.360
ARG03B4824_003   3.331  -5.683  -2.351
ARG+1B4824_004   3.283  -5.683  -2.400
THR01B4825_001   0.230  -4.555  -4.325
THR01B4825_002   0.230  -4.555  -4.325
ILE01B4826_001   3.395  -5.901  -2.507
LEU01B4827_001   3.166  -5.096  -1.930
SER01B4828_001   0.000  -2.427  -2.427
SER01B4828_002   0.000  -2.427  -2.427
SER01B4828_003   0.000  -2.427  -2.427
SER01B4829_001   0.000  -0.048  -0.048
SER01B4829_002   0.000  -0.048  -0.048
VAL01B4830_001   0.566  -4.308  -3.742
THR01B4831_001   0.260  -4.482  -4.221
THR01B4831_002   0.260  -4.482  -4.221
THR01B4831_003   0.260  -4.482  -4.221
HIS01B4832_001  -0.160  -4.311  -4.472
HIS01B4832_002  -0.120  -4.102  -4.222
HIS02B4832_003  -0.178  -4.311  -4.490
HIS02B4832_004  -0.134  -4.102  -4.236
HIS+1B4832_005  -0.205  -4.311  -4.517
HIS+1B4832_006  -0.160  -4.102  -4.262
ASN01B4833_001   0.426  -0.487  -0.061
ASN01B4833_002   0.186  -0.591  -0.405
LYS01B4835_001   1.417  -8.287  -6.870
LYS+1B4835_002   1.371  -8.287  -6.916
GLN01B4836_001   2.615  -2.605   0.011
GLN01B4836_002   4.369  -2.331   2.038
LEU01B4837_001   1.915  -1.648   0.267
VAL01B4838_001   0.769  -5.611  -4.842
MET01B4839_001   0.000  -8.619  -8.619
THR01B4840_001   0.224  -0.447  -0.223
THR01B4840_002   0.224  -0.447  -0.223
VAL01B4841_001   0.732  -4.890  -4.158
LEU01B4843_001   2.926  -5.422  -2.496
LEU01B4844_001   3.812  -2.418   1.395
ALA01B4845_001   0.000  -2.093  -2.093
VAL01B4846_001   0.655  -4.926  -4.271
VAL01B4847_001   0.709  -1.133  -0.424
VAL01B4848_001   0.786   0.000   0.786
TYR01B4849_001   4.589  -7.105  -2.517
TYR-1B4849_002   4.589  -7.105  -2.517
LEU01B4850_001   1.789  -6.416  -4.627
TYR01B4851_001   4.388  -2.754   1.634
TYR-1B4851_002   4.388  -2.754   1.634
THR01B4852_001   0.261   0.000   0.261
THR01B4852_002   0.261   0.000   0.261
THR01B4852_003   0.261   0.000   0.261
VAL01B4853_001   0.769  -3.297  -2.528
VAL01B4854_001   0.594  -2.180  -1.585
ALA01B4855_001   0.000  -0.103  -0.103
PHE01B4856_001   4.605  -2.510   2.095
ASN01B4857_001   0.378  -2.267  -1.890
ASN01B4857_002   0.158  -2.260  -2.101
PHE01B4858_001   4.324  -9.225  -4.901
PHE01B4859_001   4.558  -0.574   3.984
ARG01B4860_001   2.897  -7.165  -4.268
ARG02B4860_002   2.867  -7.165  -4.298
ARG03B4860_003   2.933  -7.165  -4.232
ARG+1B4860_004   2.822  -7.165  -4.343
LYS01B4861_001   2.241  -7.654  -5.412
LYS+1B4861_002   2.179  -7.654  -5.475
PHE01B4862_001   4.963  -2.126   2.837
TYR01B4863_001   4.449   0.000   4.449
TYR01B4863_002   4.449   0.000   4.449
TYR-1B4863_003   4.449   0.000   4.449
ASN01B4864_001   0.248  -1.368  -1.120
ASN01B4864_002   0.443  -1.127  -0.684
LYS01B4865_001   3.055  -1.791   1.265
LYS+1B4865_002   3.007  -1.791   1.217
SER01B4866_001   0.000  -3.716  -3.716
GLU01B4867_001   3.596  -2.382   1.214
GLU01B4867_002   3.596  -2.382   1.214
GLU02B4867_003   2.920  -2.506   0.413
GLU02B4867_004   2.920  -2.506   0.413
GLU-1B4867_005   2.832  -2.371   0.460
ASP01B4868_001   0.393  -3.973  -3.579
ASP01B4868_002   0.393  -3.973  -3.579
ASP02B4868_003   0.446  -3.892  -3.446
ASP02B4868_004   0.446  -3.892  -3.446
ASP-1B4868_005   0.340  -3.776  -3.436
GLU01B4869_001   1.687  -3.868  -2.181
GLU01B4869_002   1.687  -3.868  -2.181
GLU02B4869_003   1.395  -3.924  -2.529
GLU02B4869_004   1.395  -3.924  -2.529
GLU-1B4869_005   1.303  -3.798  -2.494
ASP01B4870_001   0.210  -2.970  -2.760
ASP01B4870_002   0.210  -2.970  -2.760
ASP02B4870_003   0.304  -3.077  -2.773
ASP02B4870_004   0.304  -3.077  -2.773
ASP-1B4870_005   0.199  -2.963  -2.764
GLU01B4871_001   3.152  -1.762   1.390
GLU01B4871_002   3.152  -1.762   1.390
GLU02B4871_003   2.511  -1.666   0.845
GLU02B4871_004   2.511  -1.666   0.845
GLU-1B4871_005   2.444  -1.624   0.821
CTR01B4871_001  -0.021  -0.830  -0.851
CTR01B4871_002   0.089  -0.869  -0.780
CTR02B4871_003  -0.022  -0.830  -0.852
CTR02B4871_004   0.035  -0.830  -0.796
CTR-1B4871_005   0.000  -0.830  -0.830
NTR01B4872_001  -0.002  -0.711  -0.713
NTR+1B4872_002  -0.004  -0.711  -0.715
PRO01B4872_001   0.272  -5.508  -5.236
ASP01B4873_001   0.072  -1.855  -1.783
ASP01B4873_002   0.072  -1.855  -1.783
ASP02B4873_003   0.142  -1.817  -1.675
ASP02B4873_004   0.142  -1.817  -1.675
ASP-1B4873_005   0.068  -1.761  -1.693
MET01B4874_001   0.433  -1.525  -1.091
LYS01B4875_001   1.715  -1.317   0.399
LYS+1B4875_002   1.648  -1.317   0.331
CYS01B4876_001  -0.002   0.000  -0.002
CYS01B4876_002  -0.002   0.000  -0.002
CYS01B4876_003  -0.003   0.000  -0.003
CYS-1B4876_004   0.000   0.000   0.000
ASP01B4877_001   0.106  -1.788  -1.682
ASP01B4877_002   0.106  -1.788  -1.682
ASP02B4877_003   0.176  -1.942  -1.766
ASP02B4877_004   0.176  -1.942  -1.766
ASP-1B4877_005   0.098  -1.835  -1.737
ASP01B4878_001  -0.040  -2.019  -2.059
ASP01B4878_002  -0.040  -2.019  -2.059
ASP02B4878_003  -0.009  -2.144  -2.153
ASP02B4878_004  -0.009  -2.144  -2.153
ASP-1B4878_005  -0.041  -2.019  -2.060
MET01B4879_001   0.051  -3.955  -3.904
MET01B4880_001   1.135  -9.646  -8.511
THR01B4881_001   0.300  -2.215  -1.915
THR01B4881_002   0.300  -2.215  -1.915
THR01B4881_003   0.300  -2.215  -1.915
CYS01B4882_001  -0.002   0.000  -0.002
CYS01B4882_002  -0.002   0.000  -0.002
CYS01B4882_003  -0.002   0.000  -0.002
CYS-1B4882_004   0.000   0.000   0.000
TYR01B4883_001   4.753  -2.381   2.373
TYR01B4883_002   4.753  -2.381   2.373
TYR-1B4883_003   4.753  -2.381   2.373
LEU01B4884_001   1.735  -6.297  -4.562
PHE01B4885_001   5.031  -0.808   4.222
HIS01B4886_001  -0.152  -0.094  -0.246
HIS01B4886_002  -0.114   0.000  -0.114
HIS02B4886_003  -0.170  -0.094  -0.264
HIS02B4886_004  -0.128   0.000  -0.128
HIS+1B4886_005  -0.197  -0.094  -0.291
HIS+1B4886_006  -0.154   0.000  -0.154
MET01B4887_001   1.244  -3.632  -2.388
TYR01B4888_001   4.695  -8.720  -4.025
TYR-1B4888_002   4.695  -8.720  -4.025
VAL01B4889_001   0.658  -0.567   0.091
VAL01B4891_001   0.659  -1.098  -0.439
ARG01B4892_001   4.017  -7.151  -3.134
ARG02B4892_002   3.968  -7.151  -3.183
ARG03B4892_003   3.970  -7.151  -3.181
ARG+1B4892_004   3.922  -7.151  -3.229
ALA01B4893_001   0.000  -0.103  -0.103
ILE01B4897_001   1.900  -0.274   1.627
ASP01B4899_001   0.151  -2.076  -1.926
ASP01B4899_002   0.151  -2.076  -1.926
ASP02B4899_003   0.234  -2.164  -1.929
ASP02B4899_004   0.234  -2.164  -1.929
ASP-1B4899_005   0.143  -2.011  -1.868
GLU01B4900_001   3.536  -1.080   2.456
GLU01B4900_002   3.536  -1.080   2.456
GLU02B4900_003   2.824  -1.215   1.609
GLU02B4900_004   2.824  -1.215   1.609
GLU-1B4900_005   2.762  -1.080   1.682
ILE01B4901_001   3.827  -0.103   3.724
GLU01B4902_001   3.158  -1.843   1.315
GLU01B4902_002   3.158  -1.843   1.315
GLU02B4902_003   2.533  -1.904   0.628
GLU02B4902_004   2.533  -1.904   0.628
GLU-1B4902_005   2.454  -1.770   0.684
ASP01B4903_001   0.078  -3.191  -3.114
ASP01B4903_002   0.078  -3.191  -3.114
ASP02B4903_003   0.151  -3.260  -3.109
ASP02B4903_004   0.151  -3.260  -3.109
ASP-1B4903_005   0.075  -3.169  -3.095
PRO01B4904_001   0.265  -1.159  -0.894
ALA01B4905_001   0.000  -2.814  -2.814
ASP01B4907_001  -0.040  -3.190  -3.230
ASP01B4907_002  -0.040  -3.190  -3.230
ASP02B4907_003  -0.009  -3.244  -3.253
ASP02B4907_004  -0.009  -3.244  -3.253
ASP-1B4907_005  -0.041  -3.069  -3.110
GLU01B4908_001   0.500  -2.841  -2.341
GLU01B4908_002   0.500  -2.841  -2.341
GLU02B4908_003   0.666  -2.932  -2.265
GLU02B4908_004   0.666  -2.932  -2.265
GLU-1B4908_005   0.468  -2.829  -2.361
TYR01B4909_001   4.149  -7.395  -3.246
TYR-1B4909_002   4.149  -7.395  -3.246
GLU01B4910_001   0.500  -1.912  -1.412
GLU01B4910_002   0.500  -1.912  -1.412
GLU02B4910_003   0.667  -1.936  -1.269
GLU02B4910_004   0.667  -1.936  -1.269
GLU-1B4910_005   0.469  -1.839  -1.370
LEU01B4911_001   3.151  -8.973  -5.822
TYR01B4912_001   4.306  -8.796  -4.490
TYR-1B4912_002   4.306  -8.796  -4.490
ARG01B4913_001   1.826  -0.500   1.326
ARG02B4913_002   1.804  -0.500   1.304
ARG03B4913_003   1.896  -0.500   1.395
ARG+1B4913_004   1.761  -0.500   1.260
VAL01B4914_001   0.673  -3.519  -2.846
VAL01B4915_001   0.587  -5.219  -4.631
PHE01B4916_001   4.790  -1.621   3.168
ASP01B4917_001   0.377  -0.519  -0.142
ASP01B4917_002   0.377  -0.519  -0.142
ASP02B4917_003   0.428  -0.542  -0.113
ASP02B4917_004   0.428  -0.542  -0.113
ASP-1B4917_005   0.325  -0.517  -0.191
ILE01B4918_001   2.344  -5.631  -3.287
THR01B4919_001   0.217  -1.875  -1.658
THR01B4919_002   0.217  -1.875  -1.658
PHE01B4920_001   4.770   0.000   4.770
PHE01B4921_001   4.881  -2.206   2.674
PHE01B4922_001   4.308  -6.135  -1.827
PHE01B4923_001   4.254  -8.140  -3.886
VAL01B4924_001   0.889  -1.114  -0.225
ILE01B4925_001   3.047  -0.155   2.893
VAL01B4926_001   0.640  -4.066  -3.426
ILE01B4927_001   2.467  -4.803  -2.337
LEU01B4928_001   1.511  -0.103   1.408
LEU01B4929_001   1.961  -6.091  -4.130
ALA01B4930_001   0.000  -2.386  -2.386
ILE01B4931_001   1.565  -3.400  -1.835
ILE01B4932_001   4.907  -2.881   2.026
GLN01B4933_001   2.047  -2.958  -0.912
GLN01B4933_002   3.312  -3.259   0.053
LEU01B4935_001   1.740  -3.519  -1.779
ILE01B4936_001   3.478  -1.545   1.933
ILE01B4937_001   3.048  -7.173  -4.125
ASP01B4938_001   0.073  -3.054  -2.981
ASP01B4938_002   0.073  -3.054  -2.981
ASP02B4938_003   0.144  -2.959  -2.815
ASP02B4938_004   0.144  -2.959  -2.815
ASP-1B4938_005   0.069  -2.929  -2.860
ALA01B4939_001   0.000   0.000   0.000
PHE01B4940_001   4.975  -3.798   1.177
GLU01B4942_001   3.216  -1.933   1.283
GLU01B4942_002   3.216  -1.933   1.283
GLU02B4942_003   2.559  -2.028   0.531
GLU02B4942_004   2.559  -2.028   0.531
GLU-1B4942_005   2.497  -1.903   0.594
LEU01B4943_001   1.584  -2.627  -1.043
ARG01B4944_001   4.208 -10.406  -6.198
ARG02B4944_002   4.115 -10.406  -6.291
ARG03B4944_003   4.168 -10.406  -6.238
ARG+1B4944_004   4.124 -10.406  -6.282
ASP01B4945_001   0.451  -2.588  -2.137
ASP01B4945_002   0.451  -2.588  -2.137
ASP02B4945_003   0.481  -2.506  -2.026
ASP02B4945_004   0.481  -2.506  -2.026
ASP-1B4945_005   0.380  -2.481  -2.101
GLN01B4946_001   0.979  -1.037  -0.057
GLN01B4946_002   0.812  -0.987  -0.175
GLN01B4947_001   1.339  -1.906  -0.567
GLN01B4947_002   1.856  -2.154  -0.297
GLU01B4948_001   3.790  -2.074   1.716
GLU01B4948_002   3.790  -2.074   1.716
GLU02B4948_003   3.085  -2.107   0.978
GLU02B4948_004   3.085  -2.107   0.978
GLU-1B4948_005   2.988  -1.997   0.991
GLN01B4949_001   4.005  -1.905   2.100
VAL01B4950_001   0.587  -0.567   0.021
LYS01B4951_001   2.328  -8.546  -6.218
LYS+1B4951_002   2.270  -8.546  -6.276
GLU01B4952_001   4.186  -2.308   1.877
GLU01B4952_002   4.186  -2.308   1.877
GLU02B4952_003   3.363  -2.492   0.871
GLU02B4952_004   3.363  -2.492   0.871
GLU-1B4952_005   3.289  -2.295   0.994
ASP01B4953_001   0.443  -0.686  -0.243
ASP01B4953_002   0.443  -0.686  -0.243
ASP02B4953_003   0.490  -0.622  -0.132
ASP02B4953_004   0.490  -0.622  -0.132
ASP-1B4953_005   0.381  -0.655  -0.274
MET01B4954_001   0.036  -3.267  -3.231
GLU01B4955_001   0.498  -3.265  -2.767
GLU01B4955_002   0.498  -3.265  -2.767
GLU02B4955_003   0.665  -3.204  -2.539
GLU02B4955_004   0.665  -3.204  -2.539
GLU-1B4955_005   0.467  -3.136  -2.668
THR01B4956_001   0.230  -2.478  -2.248
THR01B4956_002   0.230  -2.478  -2.248
THR01B4956_003   0.230  -2.478  -2.248
LYS01B4957_001   2.533  -3.786  -1.252
LYS+1B4957_002   2.483  -3.786  -1.303
CYS01B4958_001  -0.002   0.000  -0.002
CYS01B4958_002  -0.002   0.000  -0.002
CYS01B4958_003  -0.002   0.000  -0.002
CYS-1B4958_004   0.000   0.000   0.000
PHE01B4959_001   5.001  -0.458   4.543
ILE01B4960_001   3.246   0.000   3.246
CYS01B4961_001  -0.002   0.000  -0.002
CYS01B4961_002  -0.002   0.000  -0.002
CYS01B4961_003  -0.003   0.000  -0.003
CYS-1B4961_004   0.000   0.000   0.000
ILE01B4963_001   2.687  -1.236   1.450
SER01B4965_001   0.000  -0.963  -0.963
SER01B4965_002   0.000  -0.963  -0.963
ASP01B4966_001   0.176  -3.697  -3.521
ASP01B4966_002   0.176  -3.697  -3.521
ASP02B4966_003   0.262  -3.840  -3.578
ASP02B4966_004   0.262  -3.840  -3.578
ASP-1B4966_005   0.165  -3.764  -3.599
TYR01B4967_001   5.135  -4.534   0.601
TYR01B4967_002   5.135  -4.534   0.601
TYR-1B4967_003   5.135  -4.534   0.601
PHE01B4968_001   5.650   0.000   5.650
ASP01B4969_001   0.274  -0.910  -0.635
ASP01B4969_002   0.274  -0.910  -0.635
ASP02B4969_003   0.380  -0.966  -0.586
ASP02B4969_004   0.380  -0.966  -0.586
ASP-1B4969_005   0.260  -0.904  -0.645
THR01B4970_001   0.253  -5.546  -5.293
THR01B4970_002   0.253  -5.546  -5.293
THR01B4971_001   0.233  -3.222  -2.989
PRO01B4972_001   0.285  -6.460  -6.175
HIS01B4973_001  -0.113  -7.223  -7.336
HIS01B4973_002  -0.059  -7.067  -7.126
HIS02B4973_003  -0.133  -7.223  -7.356
HIS02B4973_004  -0.071  -7.067  -7.139
HIS+1B4973_005  -0.160  -7.223  -7.383
HIS+1B4973_006  -0.098  -7.067  -7.165
PHE01B4975_001   5.227  -0.608   4.618
GLU01B4976_001   1.968  -2.236  -0.268
GLU01B4976_002   1.968  -2.236  -0.268
GLU02B4976_003   1.664  -2.220  -0.556
GLU02B4976_004   1.664  -2.220  -0.556
GLU-1B4976_005   1.546  -2.102  -0.556
THR01B4977_001   0.255  -3.526  -3.271
THR01B4977_002   0.255  -3.526  -3.271
HIS01B4978_001  -0.182   0.000  -0.182
HIS02B4978_002  -0.199   0.000  -0.199
HIS+1B4978_003  -0.226   0.000  -0.226
THR01B4979_001   0.268  -2.332  -2.064
THR01B4979_002   0.268  -2.332  -2.064
THR01B4979_003   0.268  -2.332  -2.064
LEU01B4980_001   1.943  -6.007  -4.064
GLU01B4981_001   2.536  -0.974   1.563
GLU01B4981_002   2.536  -0.974   1.563
GLU02B4981_003   2.158  -0.963   1.194
GLU02B4981_004   2.158  -0.963   1.194
GLU-1B4981_005   2.034  -0.980   1.053
GLU01B4982_001   2.695  -0.379   2.316
GLU01B4982_002   2.695  -0.379   2.316
GLU02B4982_003   2.142  -0.398   1.744
GLU02B4982_004   2.142  -0.398   1.744
GLU-1B4982_005   2.077  -0.379   1.698
HIS01B4983_001  -0.232   0.000  -0.232
HIS02B4983_002  -0.254   0.000  -0.254
HIS+1B4983_003  -0.281   0.000  -0.281
ASN01B4984_001   0.260  -1.723  -1.463
ASN01B4984_002   0.486  -1.732  -1.247
LEU01B4985_001   5.384  -2.762   2.622
ALA01B4986_001   0.000  -0.773  -0.773
ASN01B4987_001   0.142  -0.157  -0.015
TYR01B4988_001   4.398  -0.599   3.799
TYR-1B4988_002   4.398  -0.599   3.799
MET01B4989_001   3.602  -0.144   3.458
PHE01B4990_001   4.538  -0.303   4.235
PHE01B4991_001   4.880  -0.309   4.571
LEU01B4992_001   3.231  -0.927   2.303
MET01B4993_001   0.304  -0.534  -0.229
TYR01B4994_001   4.815  -3.144   1.671
TYR01B4994_002   4.815  -3.144   1.671
TYR-1B4994_003   4.815  -3.144   1.671
LEU01B4995_001   1.674  -0.721   0.953
ILE01B4996_001   2.643  -2.212   0.431
ASN01B4997_001   0.451  -1.689  -1.238
ASN01B4997_002   0.210  -1.966  -1.756
LYS01B4998_001   1.301  -1.067   0.233
LYS+1B4998_002   1.256  -1.067   0.188
ASP01B4999_001   0.139  -2.701  -2.562
ASP01B4999_002   0.139  -2.701  -2.562
ASP02B4999_003   0.214  -2.684  -2.470
ASP02B4999_004   0.214  -2.684  -2.470
ASP-1B4999_005   0.129  -2.666  -2.537
GLU01B5000_001   2.840  -2.744   0.097
GLU01B5000_002   2.840  -2.744   0.097
GLU02B5000_003   2.264  -2.868  -0.604
GLU02B5000_004   2.264  -2.868  -0.604
GLU-1B5000_005   2.198  -2.709  -0.511
THR01B5001_001   0.229  -4.473  -4.243
GLU01B5002_001   1.428  -2.393  -0.965
GLU01B5002_002   1.428  -2.393  -0.965
GLU02B5002_003   1.202  -2.591  -1.389
GLU02B5002_004   1.202  -2.591  -1.389
GLU-1B5002_005   1.103  -2.420  -1.318
HIS01B5003_001  -0.169  -0.283  -0.452
HIS01B5003_002  -0.129  -0.249  -0.378
HIS02B5003_003  -0.187  -0.283  -0.470
HIS02B5003_004  -0.143  -0.249  -0.391
HIS+1B5003_005  -0.214  -0.283  -0.497
HIS+1B5003_006  -0.169  -0.249  -0.418
THR01B5004_001   0.181  -1.844  -1.662
THR01B5004_002   0.181  -1.844  -1.662
THR01B5004_003   0.181  -1.844  -1.662
GLN01B5006_001   1.892  -0.446   1.446
GLN01B5006_002   3.096  -0.352   2.743
GLU01B5007_001   3.090  -0.531   2.558
GLU01B5007_002   3.090  -0.531   2.558
GLU02B5007_003   2.451  -0.591   1.861
GLU02B5007_004   2.451  -0.591   1.861
GLU-1B5007_005   2.388  -0.564   1.824
SER01B5008_001   0.000  -1.468  -1.468
TYR01B5009_001   5.086  -2.818   2.269
TYR-1B5009_002   5.086  -2.818   2.269
VAL01B5010_001   0.542  -0.721  -0.179
TRP01B5011_001   3.115  -2.779   0.336
LYS01B5012_001   2.534  -7.490  -4.956
LYS+1B5012_002   2.448  -7.490  -5.042
MET01B5013_001   0.046  -2.202  -2.155
TYR01B5014_001   4.495  -0.948   3.547
TYR01B5014_002   4.495  -0.948   3.547
TYR-1B5014_003   4.495  -0.948   3.547
GLN01B5015_001   0.668  -1.331  -0.662
GLU01B5016_001   1.558  -2.754  -1.196
GLU01B5016_002   1.558  -2.754  -1.196
GLU02B5016_003   1.308  -2.926  -1.618
GLU02B5016_004   1.308  -2.926  -1.618
GLU-1B5016_005   1.208  -2.821  -1.613
ARG01B5017_001   4.158  -0.768   3.390
ARG02B5017_002   4.074  -0.768   3.306
ARG02B5017_003   4.080  -0.768   3.312
ARG03B5017_004   4.079  -0.768   3.311
ARG+1B5017_005   4.035  -0.768   3.267
CYS01B5018_001  -0.002  -2.934  -2.935
CYS01B5018_002  -0.002  -2.934  -2.935
CYS01B5018_003  -0.002  -2.934  -2.936
CYS-1B5018_004   0.000  -2.934  -2.934
TRP01B5019_001   3.400  -1.292   2.108
ASP01B5020_001   0.497  -2.362  -1.865
ASP01B5020_002   0.497  -2.362  -1.865
ASP02B5020_003   0.554  -2.340  -1.787
ASP02B5020_004   0.554  -2.340  -1.787
ASP-1B5020_005   0.432  -2.309  -1.877
PHE01B5021_001   5.019  -0.556   4.463
PHE01B5022_001   5.392  -0.305   5.087
PRO01B5023_001   0.347   0.000   0.347
ALA01B5024_001   0.000  -3.071  -3.071
ASP01B5026_001   0.073  -0.741  -0.667
ASP01B5026_002   0.073  -0.741  -0.667
ASP02B5026_003   0.146  -0.786  -0.641
ASP02B5026_004   0.146  -0.786  -0.641
ASP-1B5026_005   0.071  -0.741  -0.670
CYS01B5027_001  -0.002   0.000  -0.002
CYS01B5027_002  -0.002   0.000  -0.002
CYS01B5027_003  -0.003   0.000  -0.003
CYS-1B5027_004   0.000   0.000   0.000
PHE01B5028_001   5.253  -1.483   3.770
ARG01B5029_001   2.658  -2.577   0.081
ARG02B5029_002   2.582  -2.577   0.005
ARG03B5029_003   2.588  -2.577   0.011
ARG03B5029_004   2.649  -2.577   0.072
ARG+1B5029_005   2.543  -2.577  -0.034
LYS01B5030_001   2.054  -4.848  -2.794
LYS+1B5030_002   1.969  -4.848  -2.879
GLN01B5031_001   0.919  -1.418  -0.499
GLN01B5031_002   0.791  -1.526  -0.734
TYR01B5032_001   4.364  -0.762   3.603
TYR-1B5032_002   4.364  -0.762   3.603
GLU01B5033_001   2.783  -1.933   0.850
GLU01B5033_002   2.783  -1.933   0.850
GLU02B5033_003   2.215  -1.871   0.345
GLU02B5033_004   2.215  -1.871   0.345
GLU-1B5033_005   2.150  -1.809   0.341
ASP01B5034_001  -0.040  -2.950  -2.990
ASP01B5034_002  -0.040  -2.950  -2.990
ASP02B5034_003  -0.009  -3.041  -3.051
ASP02B5034_004  -0.009  -3.041  -3.051
ASP-1B5034_005  -0.041  -2.889  -2.929
GLN01B5035_001   1.779  -2.031  -0.252
LEU01B5036_001   1.551  -2.881  -1.331
SER01B5037_001   0.000  -3.323  -3.323
SER01B5037_002   0.000  -3.323  -3.323
CTR01B5037_001  -0.021  -2.674  -2.695
CTR01B5037_002   0.109  -2.635  -2.527
CTR02B5037_003  -0.022  -2.674  -2.696
CTR02B5037_004   0.043  -2.751  -2.709
CTR-1B5037_005   0.000  -2.674  -2.674
_ZN+2B5101_001   0.000   0.000   0.000
_CA+2B5102_001   0.000  -0.473  -0.473
