   confID        vdw0    sas     sum
NTR01B3639_001  -0.003  -3.109  -3.113
NTR+1B3639_002  -0.005  -3.109  -3.115
THR01B3639_001   0.151  -4.065  -3.914
PRO01B3640_001   0.465  -3.581  -3.116
LEU01B3641_001   2.209  -9.938  -7.729
TYR01B3642_001   4.846 -10.377  -5.531
TYR-1B3642_002   4.846 -10.377  -5.531
ASN01B3643_001   0.640  -2.116  -1.476
ASN01B3643_002   0.299  -2.111  -1.812
LEU01B3644_001   1.790  -2.331  -0.541
PRO01B3645_001   0.257  -3.253  -2.995
THR01B3646_001   0.276  -7.221  -6.945
THR01B3646_002   0.276  -7.221  -6.945
HIS01B3647_001  -0.171  -8.614  -8.785
HIS01B3647_002  -0.128  -8.687  -8.815
HIS02B3647_003  -0.189  -8.614  -8.803
HIS02B3647_004  -0.142  -8.687  -8.828
HIS+1B3647_005  -0.216  -8.614  -8.830
HIS+1B3647_006  -0.168  -8.687  -8.855
ARG01B3648_001   3.030  -8.697  -5.667
ARG02B3648_002   3.006  -8.697  -5.691
ARG03B3648_003   3.015  -8.697  -5.683
ARG+1B3648_004   2.967  -8.697  -5.731
ALA01B3649_001   0.000  -1.046  -1.046
CYS01B3650_001  -0.002  -3.668  -3.669
CYS01B3650_002  -0.002  -3.668  -3.669
CYS01B3650_003  -0.003  -3.668  -3.670
CYS-1B3650_004   0.000  -3.668  -3.668
ASN01B3651_001   0.468  -2.808  -2.340
ASN01B3651_002   0.220  -2.739  -2.518
MET01B3652_001   0.259  -6.499  -6.240
PHE01B3653_001   4.582  -8.107  -3.525
LEU01B3654_001   2.078  -6.828  -4.750
GLU01B3655_001   1.375  -3.232  -1.857
GLU01B3655_002   1.375  -3.232  -1.857
GLU02B3655_003   1.180  -3.067  -1.887
GLU02B3655_004   1.180  -3.067  -1.887
GLU-1B3655_005   1.069  -3.057  -1.988
SER01B3656_001   0.000  -3.280  -3.280
SER01B3656_002   0.000  -3.280  -3.280
TYR01B3657_001   5.090  -5.509  -0.419
TYR-1B3657_002   5.090  -5.509  -0.419
LYS01B3658_001   4.083  -7.721  -3.638
LYS+1B3658_002   4.035  -7.721  -3.686
ALA01B3659_001   0.000  -4.823  -4.823
ALA01B3660_001   0.000  -2.679  -2.679
TRP01B3661_001   3.445  -4.226  -0.781
ILE01B3662_001   2.245 -10.038  -7.794
LEU01B3663_001   1.920  -5.045  -3.124
THR01B3664_001   0.197  -4.917  -4.720
GLU01B3665_001   1.532  -3.119  -1.588
GLU01B3665_002   1.532  -3.119  -1.588
GLU02B3665_003   1.286  -2.912  -1.626
GLU02B3665_004   1.286  -2.912  -1.626
GLU-1B3665_005   1.184  -2.957  -1.773
ASP01B3666_001   0.484  -1.954  -1.470
ASP01B3666_002   0.484  -1.954  -1.470
ASP02B3666_003   0.518  -1.861  -1.343
ASP02B3666_004   0.518  -1.861  -1.343
ASP-1B3666_005   0.410  -1.843  -1.433
HIS01B3667_001  -0.124  -4.483  -4.607
HIS01B3667_002  -0.063  -4.173  -4.235
HIS02B3667_003  -0.145  -4.483  -4.628
HIS02B3667_004  -0.075  -4.173  -4.247
HIS+1B3667_005  -0.172  -4.483  -4.655
HIS+1B3667_006  -0.101  -4.173  -4.274
SER01B3668_001   0.000  -3.390  -3.390
SER01B3668_002   0.000  -3.390  -3.390
PHE01B3669_001   4.489  -5.650  -1.161
GLU01B3670_001   0.552  -0.276   0.276
GLU01B3670_002   0.552  -0.276   0.276
GLU02B3670_003   0.481  -0.290   0.192
GLU02B3670_004   0.481  -0.290   0.192
GLU-1B3670_005   0.410  -0.276   0.134
ASP01B3671_001   0.136  -0.930  -0.794
ASP01B3671_002   0.136  -0.930  -0.794
ASP02B3671_003   0.225  -0.942  -0.716
ASP02B3671_004   0.225  -0.942  -0.716
ASP-1B3671_005   0.131  -0.930  -0.799
ARG01B3672_001  10.043  -9.553   0.490
ARG02B3672_002   9.985  -9.553   0.432
ARG03B3672_003   9.984  -9.553   0.431
ARG+1B3672_004   9.937  -9.553   0.384
MET01B3673_001   0.426  -3.894  -3.467
ILE01B3674_001   2.804  -0.052   2.753
ASP01B3675_001   0.219  -1.065  -0.846
ASP01B3675_002   0.219  -1.065  -0.846
ASP02B3675_003   0.316  -1.122  -0.806
ASP02B3675_004   0.316  -1.122  -0.806
ASP-1B3675_005   0.207  -1.072  -0.865
ASP01B3676_001   0.028  -1.577  -1.549
ASP01B3676_002   0.028  -1.577  -1.549
ASP02B3676_003   0.084  -1.668  -1.584
ASP02B3676_004   0.084  -1.668  -1.584
ASP-1B3676_005   0.024  -1.541  -1.517
LEU01B3677_001   3.076  -1.819   1.257
SER01B3678_001   0.000  -0.625  -0.625
SER01B3678_002   0.000  -0.625  -0.625
SER01B3678_003   0.000  -0.625  -0.625
LYS01B3679_001   2.212  -6.993  -4.782
LYS+1B3679_002   2.133  -6.993  -4.860
ALA01B3680_001   0.000  -3.397  -3.397
GLU01B3682_001   0.501  -3.266  -2.765
GLU01B3682_002   0.501  -3.266  -2.765
GLU02B3682_003   0.667  -3.157  -2.490
GLU02B3682_004   0.667  -3.157  -2.490
GLU-1B3682_005   0.469  -3.139  -2.670
GLN01B3683_001   0.454  -1.024  -0.570
GLU01B3684_001   0.498  -3.779  -3.281
GLU01B3684_002   0.498  -3.779  -3.281
GLU02B3684_003   0.664  -3.766  -3.103
GLU02B3684_004   0.664  -3.766  -3.103
GLU-1B3684_005   0.466  -3.725  -3.259
GLU01B3685_001   0.498  -4.290  -3.792
GLU01B3685_002   0.498  -4.290  -3.792
GLU02B3685_003   0.664  -4.350  -3.685
GLU02B3685_004   0.664  -4.350  -3.685
GLU-1B3685_005   0.467  -4.255  -3.788
GLU01B3686_001   0.499  -2.743  -2.243
GLU01B3686_002   0.499  -2.743  -2.243
GLU02B3686_003   0.666  -2.725  -2.060
GLU02B3686_004   0.666  -2.725  -2.060
GLU-1B3686_005   0.468  -2.657  -2.189
GLU01B3687_001   0.497  -2.531  -2.034
GLU01B3687_002   0.497  -2.531  -2.034
GLU02B3687_003   0.664  -2.525  -1.861
GLU02B3687_004   0.664  -2.525  -1.861
GLU-1B3687_005   0.466  -2.550  -2.084
GLU01B3688_001   0.498  -4.028  -3.530
GLU01B3688_002   0.498  -4.028  -3.530
GLU02B3688_003   0.665  -4.097  -3.433
GLU02B3688_004   0.665  -4.097  -3.433
GLU-1B3688_005   0.467  -3.919  -3.452
GLU01B3689_001   0.498  -4.295  -3.797
GLU01B3689_002   0.498  -4.295  -3.797
GLU02B3689_003   0.664  -4.250  -3.586
GLU02B3689_004   0.664  -4.250  -3.586
GLU-1B3689_005   0.467  -4.160  -3.694
VAL01B3690_001   0.504  -2.369  -1.866
GLU01B3691_001   0.498  -4.266  -3.769
GLU01B3691_002   0.498  -4.266  -3.769
GLU02B3691_003   0.664  -4.196  -3.532
GLU02B3691_004   0.664  -4.196  -3.532
GLU-1B3691_005   0.466  -4.199  -3.732
GLU01B3692_001   0.500  -3.501  -3.001
GLU01B3692_002   0.500  -3.501  -3.001
GLU02B3692_003   0.667  -3.655  -2.988
GLU02B3692_004   0.667  -3.655  -2.988
GLU-1B3692_005   0.469  -3.488  -3.020
LYS01B3693_001   3.789  -7.348  -3.560
LYS+1B3693_002   3.694  -7.348  -3.654
LYS01B3694_001   1.569  -5.087  -3.517
LYS+1B3694_002   1.492  -5.087  -3.594
PRO01B3695_001   0.296  -2.200  -1.904
ASP01B3696_001   0.166  -0.595  -0.428
ASP01B3696_002   0.166  -0.595  -0.428
ASP02B3696_003   0.252  -0.643  -0.392
ASP02B3696_004   0.252  -0.643  -0.392
ASP-1B3696_005   0.156  -0.586  -0.430
PRO01B3697_001   0.299  -2.695  -2.395
LEU01B3698_001   2.501   0.000   2.501
HIS01B3699_001  -0.116  -2.241  -2.357
HIS02B3699_002  -0.135  -2.241  -2.376
HIS+1B3699_003  -0.162  -2.241  -2.403
GLN01B3700_001   1.303  -2.225  -0.922
GLN01B3700_002   2.173  -2.313  -0.140
LEU01B3701_001   3.299  -1.751   1.548
VAL01B3702_001   0.669  -0.103   0.566
LEU01B3703_001   1.538  -4.102  -2.563
HIS01B3704_001  -0.146  -7.106  -7.252
HIS01B3704_002  -0.110  -7.487  -7.597
HIS02B3704_003  -0.164  -7.106  -7.270
HIS02B3704_004  -0.124  -7.487  -7.611
HIS+1B3704_005  -0.191  -7.106  -7.297
HIS+1B3704_006  -0.150  -7.487  -7.638
PHE01B3705_001   5.051  -0.068   4.983
SER01B3706_001   0.000  -1.480  -1.480
ARG01B3707_001   3.349 -10.978  -7.630
ARG02B3707_002   3.334 -10.978  -7.645
ARG03B3707_003   3.328 -10.978  -7.650
ARG+1B3707_004   3.285 -10.978  -7.694
THR01B3708_001   0.326  -2.415  -2.090
THR01B3708_002   0.326  -2.415  -2.090
ALA01B3709_001   0.000   0.000   0.000
LEU01B3710_001   1.679  -5.921  -4.242
THR01B3711_001   0.184  -4.763  -4.579
GLU01B3712_001   4.494  -3.976   0.519
GLU01B3712_002   4.494  -3.976   0.519
GLU02B3712_003   3.694  -3.990  -0.296
GLU02B3712_004   3.694  -3.990  -0.296
GLU-1B3712_005   3.609  -3.892  -0.283
LYS01B3713_001   3.905  -4.259  -0.354
LYS+1B3713_002   3.854  -4.259  -0.405
SER01B3714_001   0.000  -5.090  -5.090
SER01B3714_002   0.000  -5.090  -5.090
LYS01B3715_001   3.139  -9.066  -5.928
LYS+1B3715_002   3.091  -9.066  -5.975
LEU01B3716_001   1.818  -0.583   1.235
ASP01B3717_001   0.165  -2.165  -1.999
ASP01B3717_002   0.165  -2.165  -1.999
ASP02B3717_003   0.250  -2.268  -2.018
ASP02B3717_004   0.250  -2.268  -2.018
ASP-1B3717_005   0.156  -2.110  -1.954
GLU01B3718_001   1.937  -2.915  -0.978
GLU01B3718_002   1.937  -2.915  -0.978
GLU02B3718_003   1.578  -2.902  -1.324
GLU02B3718_004   1.578  -2.902  -1.324
GLU-1B3718_005   1.496  -2.854  -1.358
ASP01B3719_001   0.069  -0.893  -0.824
ASP01B3719_002   0.069  -0.893  -0.824
ASP02B3719_003   0.138  -0.807  -0.668
ASP02B3719_004   0.138  -0.807  -0.668
ASP-1B3719_005   0.065  -0.861  -0.796
TYR01B3720_001   4.452 -12.103  -7.651
TYR-1B3720_002   4.452 -12.103  -7.651
LEU01B3721_001   4.851  -5.904  -1.053
TYR01B3722_001   4.817  -0.068   4.750
TYR-1B3722_002   4.817  -0.068   4.750
MET01B3723_001   0.428  -1.011  -0.583
ALA01B3724_001   0.000  -1.475  -1.475
TYR01B3725_001   4.774  -3.297   1.476
TYR01B3725_002   4.774  -3.297   1.476
TYR-1B3725_003   4.774  -3.297   1.476
ALA01B3726_001   0.000   0.000   0.000
ASP01B3727_001   0.088  -1.775  -1.687
ASP01B3727_002   0.088  -1.775  -1.687
ASP02B3727_003   0.165  -1.761  -1.596
ASP02B3727_004   0.165  -1.761  -1.596
ASP-1B3727_005   0.085  -1.757  -1.672
ILE01B3728_001   2.011  -0.824   1.187
MET01B3729_001   0.099  -0.191  -0.092
ALA01B3730_001   0.000  -0.361  -0.361
LYS01B3731_001   4.770  -4.082   0.688
LYS+1B3731_002   4.694  -4.082   0.611
SER01B3732_001   0.000   0.000   0.000
SER01B3732_002   0.000   0.000   0.000
SER01B3732_003   0.000   0.000   0.000
CYS01B3733_001  -0.002   0.000  -0.002
CYS01B3733_002  -0.002   0.000  -0.002
CYS01B3733_003  -0.002   0.000  -0.002
CYS-1B3733_004   0.000   0.000   0.000
HIS01B3734_001  -0.354  -2.928  -3.282
HIS02B3734_002  -0.363  -2.928  -3.291
HIS+1B3734_003  -0.382  -2.928  -3.311
LEU01B3735_001   1.452  -1.803  -0.351
GLU01B3736_001   0.497  -0.120   0.377
GLU01B3736_002   0.497  -0.120   0.377
GLU02B3736_003   0.663  -0.118   0.545
GLU02B3736_004   0.663  -0.118   0.545
GLU-1B3736_005   0.466  -0.116   0.349
GLU01B3737_001   0.499  -1.496  -0.997
GLU01B3737_002   0.499  -1.496  -0.997
GLU02B3737_003   0.666  -1.427  -0.762
GLU02B3737_004   0.666  -1.427  -0.762
GLU-1B3737_005   0.468  -1.426  -0.958
GLU01B3740_001   0.501  -1.095  -0.594
GLU01B3740_002   0.501  -1.095  -0.594
GLU02B3740_003   0.668  -1.041  -0.373
GLU02B3740_004   0.668  -1.041  -0.373
GLU-1B3740_005   0.469  -1.059  -0.590
ASN01B3741_001  -0.021  -2.170  -2.190
CTR01B3741_001  -0.021  -4.672  -4.693
CTR01B3741_002   0.107  -4.750  -4.642
CTR02B3741_003  -0.022  -4.865  -4.888
CTR02B3741_004   0.042  -4.827  -4.785
CTR-1B3741_005   0.000  -4.672  -4.672
NTR01B3747_001  -0.003  -3.737  -3.740
NTR+1B3747_002  -0.005  -3.737  -3.742
GLU01B3747_001   0.496  -4.746  -4.250
GLU01B3747_002   0.496  -4.746  -4.250
GLU02B3747_003   0.662  -4.703  -4.041
GLU02B3747_004   0.662  -4.703  -4.041
GLU-1B3747_005   0.465  -4.607  -4.143
GLU01B3748_001   0.498  -3.986  -3.488
GLU01B3748_002   0.498  -3.986  -3.488
GLU02B3748_003   0.665  -3.898  -3.233
GLU02B3748_004   0.665  -3.898  -3.233
GLU-1B3748_005   0.467  -3.914  -3.447
VAL01B3749_001   0.503  -7.942  -7.439
GLU01B3750_001   1.638  -2.065  -0.428
GLU01B3750_002   1.638  -2.065  -0.428
GLU02B3750_003   1.379  -2.117  -0.738
GLU02B3750_004   1.379  -2.117  -0.738
GLU-1B3750_005   1.273  -2.065  -0.793
VAL01B3751_001   0.523  -4.375  -3.852
SER01B3752_001   0.000  -2.452  -2.452
SER01B3752_002   0.000  -2.452  -2.452
PHE01B3753_001   4.913  -7.240  -2.326
GLU01B3754_001   3.783  -2.706   1.077
GLU01B3754_002   3.783  -2.706   1.077
GLU02B3754_003   3.051  -2.668   0.383
GLU02B3754_004   3.051  -2.668   0.383
GLU-1B3754_005   2.972  -2.651   0.321
GLU01B3755_001   1.990  -0.729   1.261
GLU01B3755_002   1.990  -0.729   1.261
GLU02B3755_003   1.651  -0.841   0.810
GLU02B3755_004   1.651  -0.841   0.810
GLU-1B3755_005   1.551  -0.736   0.815
LYS01B3756_001   3.372  -4.415  -1.043
LYS+1B3756_002   3.323  -4.415  -1.091
GLU01B3757_001   2.275  -0.525   1.749
GLU01B3757_002   2.275  -0.525   1.749
GLU02B3757_003   1.773  -0.590   1.183
GLU02B3757_004   1.773  -0.590   1.183
GLU-1B3757_005   1.727  -0.482   1.245
MET01B3758_001   2.601  -1.245   1.357
GLU01B3759_001   3.374  -1.343   2.031
GLU01B3759_002   3.374  -1.343   2.031
GLU02B3759_003   2.705  -1.276   1.429
GLU02B3759_004   2.705  -1.276   1.429
GLU-1B3759_005   2.632  -1.240   1.392
LYS01B3760_001   5.302  -5.233   0.069
LYS+1B3760_002   5.256  -5.233   0.023
GLN01B3761_001   1.145  -1.147  -0.002
GLN01B3761_002   0.908  -1.235  -0.327
ARG01B3762_001   8.107  -0.617   7.491
ARG02B3762_002   8.051  -0.617   7.434
ARG02B3762_003   8.057  -0.617   7.440
ARG03B3762_004   8.044  -0.617   7.427
ARG03B3762_005   8.050  -0.617   7.433
ARG+1B3762_006   8.004  -0.617   7.387
LEU01B3763_001   2.591  -1.198   1.393
LEU01B3764_001   2.806  -1.391   1.415
TYR01B3765_001   5.340  -3.098   2.242
TYR01B3765_002   5.340  -3.098   2.242
TYR-1B3765_003   5.340  -3.098   2.242
GLN01B3766_001   3.883  -0.118   3.765
GLN01B3767_001   3.066  -0.065   3.000
SER01B3768_001   0.000  -2.979  -2.979
SER01B3768_002   0.000  -2.979  -2.979
SER01B3768_003   0.000  -2.979  -2.979
ARG01B3769_001   1.673  -3.047  -1.374
ARG02B3769_002   1.618  -3.047  -1.430
ARG02B3769_003   1.679  -3.047  -1.368
ARG03B3769_004   1.612  -3.047  -1.435
ARG03B3769_005   1.616  -3.047  -1.431
ARG+1B3769_006   1.573  -3.047  -1.474
LEU01B3770_001   3.272  -0.187   3.085
HIS01B3771_001  -0.180  -3.059  -3.239
HIS01B3771_002  -0.134  -2.803  -2.937
HIS02B3771_003  -0.198  -3.059  -3.257
HIS02B3771_004  -0.148  -2.803  -2.951
HIS+1B3771_005  -0.225  -3.059  -3.284
HIS+1B3771_006  -0.175  -2.803  -2.978
THR01B3772_001   0.507  -0.962  -0.455
THR01B3772_002   0.507  -0.962  -0.455
THR01B3772_003   0.507  -0.962  -0.455
ARG01B3773_001   2.027  -8.787  -6.760
ARG02B3773_002   2.106  -8.787  -6.681
ARG03B3773_003   2.007  -8.787  -6.780
ARG+1B3773_004   1.964  -8.787  -6.823
ALA01B3775_001   0.000   0.000   0.000
ALA01B3776_001   0.000   0.000   0.000
GLU01B3777_001   4.847  -1.171   3.676
GLU01B3777_002   4.847  -1.171   3.676
GLU02B3777_003   3.907  -1.196   2.710
GLU02B3777_004   3.907  -1.196   2.710
GLU-1B3777_005   3.822  -1.206   2.616
MET01B3778_001   0.677  -0.048   0.629
VAL01B3779_001   1.263  -0.103   1.160
LEU01B3780_001   2.434  -0.103   2.331
GLN01B3781_001   3.993  -0.484   3.509
GLN01B3781_002   6.606  -0.520   6.086
MET01B3782_001   1.847  -0.048   1.799
ILE01B3783_001   1.544  -0.309   1.235
SER01B3784_001   0.000  -1.553  -1.553
SER01B3784_002   0.000  -1.553  -1.553
ALA01B3785_001   0.000  -0.052  -0.052
CYS01B3786_001  -0.002   0.000  -0.002
CYS01B3786_002  -0.002   0.000  -0.002
CYS01B3786_003  -0.003   0.000  -0.003
CYS-1B3786_004   0.000   0.000   0.000
LYS01B3787_001   1.714  -5.382  -3.667
LYS+1B3787_002   1.664  -5.382  -3.718
GLU01B3789_001   1.341  -1.188   0.153
GLU01B3789_002   1.341  -1.188   0.153
GLU02B3789_003   1.176  -1.230  -0.054
GLU02B3789_004   1.176  -1.230  -0.054
GLU-1B3789_005   1.073  -1.243  -0.171
THR01B3790_001   0.266  -3.110  -2.844
ALA01B3792_001   0.000  -3.261  -3.261
MET01B3793_001  -0.021  -0.462  -0.483
VAL01B3794_001   0.966   0.000   0.966
SER01B3795_001   0.000  -0.965  -0.965
SER01B3795_002   0.000  -0.965  -0.965
SER01B3796_001   0.000  -0.590  -0.590
SER01B3796_002   0.000  -0.590  -0.590
SER01B3796_003   0.000  -0.590  -0.590
THR01B3797_001   0.217   0.000   0.217
THR01B3797_002   0.217   0.000   0.217
LEU01B3798_001   2.066  -0.258   1.809
LYS01B3799_001   1.502  -3.618  -2.115
LYS+1B3799_002   1.459  -3.618  -2.159
LEU01B3800_001   1.905  -0.052   1.854
ILE01B3802_001   1.362  -0.670   0.693
SER01B3803_001   0.000  -0.120  -0.120
SER01B3803_002   0.000  -0.120  -0.120
SER01B3803_003   0.000  -0.120  -0.120
ILE01B3804_001   3.241   0.000   3.241
LEU01B3805_001   3.637   0.000   3.637
ASN01B3806_001   0.155  -0.891  -0.736
ASN01B3806_002  -0.003  -0.970  -0.973
ASN01B3809_001   0.651  -0.620   0.031
ASN01B3809_002   0.342  -0.709  -0.367
ALA01B3810_001   0.000  -2.537  -2.537
GLU01B3811_001   1.122  -2.445  -1.322
GLU01B3811_002   1.122  -2.445  -1.322
GLU02B3811_003   0.996  -2.559  -1.564
GLU02B3811_004   0.996  -2.559  -1.564
GLU-1B3811_005   0.877  -2.428  -1.550
VAL01B3812_001   0.692  -0.052   0.641
GLN01B3813_001   3.470   0.000   3.470
GLN01B3813_002   5.709   0.000   5.709
GLN01B3814_001   1.012  -2.333  -1.321
GLN01B3814_002   0.872  -2.220  -1.348
LYS01B3815_001   1.592  -0.955   0.637
LYS+1B3815_002   1.547  -0.955   0.592
MET01B3816_001  12.844  -0.143  12.701
LEU01B3817_001   1.894  -0.515   1.379
ASP01B3818_001   0.558  -1.966  -1.407
ASP01B3818_002   0.558  -1.966  -1.407
ASP02B3818_003   0.581  -1.891  -1.310
ASP02B3818_004   0.581  -1.891  -1.310
ASP-1B3818_005   0.470  -1.861  -1.391
TYR01B3819_001   5.347  -2.603   2.744
TYR-1B3819_002   5.347  -2.603   2.744
LEU01B3820_001   2.930  -0.155   2.776
LYS01B3821_001   8.419  -4.636   3.783
LYS+1B3821_002   8.514  -4.636   3.878
ASP01B3822_001   0.500  -2.662  -2.162
ASP01B3822_002   0.500  -2.662  -2.162
ASP02B3822_003   0.542  -2.646  -2.104
ASP02B3822_004   0.542  -2.646  -2.104
ASP-1B3822_005   0.428  -2.584  -2.156
LYS01B3823_001   3.786  -2.538   1.249
LYS+1B3823_002   3.692  -2.538   1.155
LYS01B3824_001   3.289  -5.830  -2.541
LYS+1B3824_002   3.222  -5.830  -2.608
GLU01B3825_001   0.867  -0.503   0.364
GLU01B3825_002   0.867  -0.503   0.364
GLU02B3825_003   0.802  -0.550   0.252
GLU02B3825_004   0.802  -0.550   0.252
GLU-1B3825_005   0.698  -0.503   0.195
VAL01B3826_001   0.750  -2.778  -2.028
PHE01B3828_001   5.478  -0.202   5.276
PHE01B3829_001   5.205  -0.051   5.155
GLN01B3830_001   5.456  -2.035   3.421
SER01B3831_001   0.000   0.000   0.000
SER01B3831_002   0.000   0.000   0.000
ILE01B3832_001   2.190  -0.206   1.984
GLN01B3833_001   3.773  -1.757   2.016
GLN01B3833_002   6.218  -1.664   4.555
ALA01B3834_001   0.000  -1.854  -1.854
LEU01B3835_001   2.671   0.000   2.671
MET01B3836_001   0.243  -0.048   0.195
GLN01B3837_001   4.178  -2.539   1.639
THR01B3838_001   0.253  -2.960  -2.706
THR01B3838_002   0.253  -2.960  -2.706
THR01B3838_003   0.253  -2.960  -2.706
CYS01B3839_001  -0.002   0.000  -0.002
CYS01B3839_002  -0.002   0.000  -0.002
CYS01B3839_003  -0.002   0.000  -0.002
CYS-1B3839_004   0.000   0.000   0.000
SER01B3840_001   0.000  -1.575  -1.575
SER01B3840_002   0.000  -1.575  -1.575
SER01B3840_003   0.000  -1.575  -1.575
VAL01B3841_001   0.756  -1.391  -0.634
LEU01B3842_001   2.366   0.000   2.366
ASP01B3843_001   0.274  -1.839  -1.565
ASP01B3843_002   0.274  -1.839  -1.565
ASP02B3843_003   0.375  -1.801  -1.427
ASP02B3843_004   0.375  -1.801  -1.427
ASP-1B3843_005   0.258  -1.792  -1.534
LEU01B3844_001   1.817  -2.215  -0.397
ASN01B3845_001   0.315  -3.530  -3.214
ASN01B3845_002   0.494  -3.589  -3.094
ALA01B3846_001   0.000  -1.494  -1.494
PHE01B3847_001   4.620   0.000   4.620
GLU01B3848_001   1.044  -1.154  -0.110
GLU01B3848_002   1.044  -1.154  -0.110
GLU02B3848_003   0.956  -1.124  -0.168
GLU02B3848_004   0.956  -1.124  -0.168
GLU-1B3848_005   0.828  -1.080  -0.253
ARG01B3849_001   2.540  -9.993  -7.453
ARG02B3849_002   2.605  -9.993  -7.389
ARG03B3849_003   2.517  -9.993  -7.476
ARG+1B3849_004   2.478  -9.993  -7.515
GLN01B3850_001   3.128  -0.034   3.094
ASN01B3851_001   0.216  -1.265  -1.048
ASN01B3851_002   0.030  -1.230  -1.201
LYS01B3852_001   1.203  -8.333  -7.130
LYS+1B3852_002   1.152  -8.333  -7.180
ALA01B3853_001   0.000  -0.927  -0.927
GLU01B3854_001   0.496  -1.846  -1.350
GLU01B3854_002   0.496  -1.846  -1.350
GLU02B3854_003   0.662  -1.829  -1.167
GLU02B3854_004   0.662  -1.829  -1.167
GLU-1B3854_005   0.465  -1.817  -1.352
LEU01B3856_001   1.702  -7.447  -5.745
MET01B3858_001   0.143  -8.686  -8.543
VAL01B3859_001   0.502  -2.849  -2.348
ASN01B3860_001  -0.020  -3.025  -3.045
GLU01B3861_001   0.500  -2.935  -2.436
GLU01B3861_002   0.500  -2.935  -2.436
GLU02B3861_003   0.666  -2.970  -2.304
GLU02B3861_004   0.666  -2.970  -2.304
GLU-1B3861_005   0.469  -2.872  -2.403
ASP01B3862_001  -0.040  -2.377  -2.418
ASP01B3862_002  -0.040  -2.377  -2.418
ASP02B3862_003  -0.009  -2.398  -2.407
ASP02B3862_004  -0.009  -2.398  -2.407
ASP-1B3862_005  -0.041  -2.324  -2.365
THR01B3864_001   0.152  -1.824  -1.672
VAL01B3865_001   0.504  -5.438  -4.934
ILE01B3866_001   0.935  -5.306  -4.371
ASN01B3867_001  -0.020  -1.148  -1.168
ARG01B3868_0011190.778  -5.7971184.982
ARG02B3868_0021190.760  -5.7971184.964
ARG03B3868_0031190.794  -5.7971184.998
ARG03B3868_004 189.829  -5.797 184.032
ARG+1B3868_0051190.728  -5.7971184.932
GLN01B3869_001   0.453  -1.847  -1.394
ASN01B3870_001  -0.020  -0.165  -0.185
GLU01B3872_001   0.495  -3.945  -3.450
GLU01B3872_002   0.495  -3.945  -3.450
GLU02B3872_003   0.661  -3.907  -3.246
GLU02B3872_004   0.661  -3.907  -3.246
GLU-1B3872_005   0.464  -3.811  -3.348
LYS01B3873_001   1.653  -3.687  -2.035
LYS+1B3873_002   1.605  -3.687  -2.082
VAL01B3874_001   0.909   0.000   0.909
MET01B3875_001   0.015   0.000   0.015
ALA01B3876_001   0.000  -1.217  -1.217
ASP01B3877_001   0.115  -0.216  -0.101
ASP01B3877_002   0.115  -0.216  -0.101
ASP02B3877_003   0.196  -0.281  -0.085
ASP02B3877_004   0.196  -0.281  -0.085
ASP-1B3877_005   0.109  -0.276  -0.166
ASP01B3878_001   0.077  -1.515  -1.439
ASP01B3878_002   0.077  -1.515  -1.439
ASP02B3878_003   0.148  -1.483  -1.335
ASP02B3878_004   0.148  -1.483  -1.335
ASP-1B3878_005   0.073  -1.434  -1.361
GLU01B3879_001   0.499  -3.656  -3.156
GLU01B3879_002   0.499  -3.656  -3.156
GLU02B3879_003   0.666  -3.616  -2.950
GLU02B3879_004   0.666  -3.616  -2.950
GLU-1B3879_005   0.468  -3.540  -3.071
PHE01B3880_001   4.948  -1.062   3.886
THR01B3881_001   0.285   0.000   0.285
THR01B3881_002   0.285   0.000   0.285
THR01B3881_003   0.285   0.000   0.285
GLN01B3882_001   2.509  -1.516   0.994
GLN01B3882_002   4.159  -1.440   2.719
ASP01B3883_001   0.430  -0.616  -0.186
ASP01B3883_002   0.430  -0.616  -0.186
ASP02B3883_003   0.461  -0.586  -0.125
ASP02B3883_004   0.461  -0.586  -0.125
ASP-1B3883_005   0.362  -0.586  -0.223
LEU01B3884_001   1.876   0.000   1.876
PHE01B3885_001   4.951   0.000   4.951
ARG01B3886_001   2.750  -4.375  -1.624
ARG02B3886_002   2.713  -4.375  -1.662
ARG03B3886_003   2.715  -4.375  -1.660
ARG+1B3886_004   2.669  -4.375  -1.705
PHE01B3887_001   5.143  -0.422   4.721
LEU01B3888_001   1.842  -0.258   1.584
GLN01B3889_001   2.716  -0.817   1.899
GLN01B3889_002   4.454  -0.847   3.608
LEU01B3890_001   3.393  -0.258   3.136
LEU01B3891_001   2.511  -0.309   2.202
CYS01B3892_001  -0.002   0.000  -0.002
CYS01B3892_002  -0.002   0.000  -0.002
CYS01B3892_003  -0.002   0.000  -0.002
CYS-1B3892_004   0.000   0.000   0.000
GLU01B3893_001   1.480  -0.606   0.873
GLU01B3893_002   1.480  -0.606   0.873
GLU02B3893_003   1.250  -0.633   0.617
GLU02B3893_004   1.250  -0.633   0.617
GLU-1B3893_005   1.145  -0.594   0.551
HIS01B3895_001  -0.125  -2.527  -2.652
HIS02B3895_002  -0.144  -2.527  -2.671
HIS+1B3895_003  -0.171  -2.527  -2.698
ASN01B3896_001   0.100  -0.709  -0.608
ASN01B3896_002   0.315  -0.551  -0.236
ASN01B3897_001   0.469  -1.964  -1.495
ASN01B3897_002   0.187  -1.885  -1.698
ASP01B3898_001   0.008  -1.834  -1.826
ASP01B3898_002   0.008  -1.834  -1.826
ASP02B3898_003   0.058  -1.937  -1.878
ASP02B3898_004   0.058  -1.937  -1.878
ASP-1B3898_005   0.005  -1.834  -1.828
PHE01B3899_001   5.851  -0.051   5.800
GLN01B3900_001   1.431   0.000   1.431
GLN01B3900_002   2.308   0.000   2.308
ASN01B3901_001   0.644  -1.748  -1.104
TYR01B3902_001   5.264  -0.366   4.898
TYR01B3902_002   5.264  -0.366   4.898
TYR-1B3902_003   5.264  -0.366   4.898
LEU01B3903_001   2.018  -0.103   1.915
ARG01B3904_001   3.389  -3.324   0.065
ARG02B3904_002   3.352  -3.324   0.028
ARG02B3904_003   3.356  -3.324   0.032
ARG03B3904_004   3.361  -3.324   0.037
ARG03B3904_005   3.376  -3.324   0.052
ARG+1B3904_006   3.312  -3.324  -0.012
THR01B3905_001   0.217  -2.330  -2.112
THR01B3905_002   0.217  -2.330  -2.112
GLN01B3906_001   3.169   0.000   3.169
THR01B3907_001   0.227  -5.990  -5.763
ASN01B3909_001   0.632  -0.241   0.391
ASN01B3909_002   0.348  -0.394  -0.046
THR01B3910_001   0.210  -6.425  -6.214
THR01B3910_002   0.210  -6.425  -6.214
THR01B3911_001   0.207  -4.200  -3.992
THR01B3911_002   0.207  -4.200  -3.992
THR01B3912_001   0.267  -2.945  -2.677
ILE01B3913_001   1.359  -0.103   1.256
ASN01B3914_001   0.148  -0.525  -0.377
ASN01B3914_002  -0.008  -0.426  -0.434
ILE01B3915_001   1.817  -0.103   1.714
ILE01B3916_001   3.218   0.000   3.218
ILE01B3917_001   7.361  -5.541   1.820
CYS01B3918_001  -0.002  -1.435  -1.437
CYS01B3918_002  -0.002  -1.435  -1.437
CYS01B3918_003  -0.003  -1.435  -1.438
CYS-1B3918_004   0.000  -1.435  -1.435
THR01B3919_001   0.350   0.000   0.350
THR01B3919_002   0.350   0.000   0.350
VAL01B3920_001   0.588  -0.155   0.434
ASP01B3921_001   0.489  -1.370  -0.881
ASP01B3921_002   0.489  -1.370  -0.881
ASP02B3921_003   0.509  -1.347  -0.838
ASP02B3921_004   0.509  -1.347  -0.838
ASP-1B3921_005   0.409  -1.357  -0.948
TYR01B3922_001   4.556  -0.052   4.504
TYR01B3922_002   4.556  -0.052   4.504
TYR-1B3922_003   4.556  -0.052   4.504
LEU01B3923_001   2.008   0.000   2.008
LEU01B3924_001   2.067  -1.938   0.129
ARG01B3925_001   2.347  -5.155  -2.808
ARG02B3925_002   2.315  -5.155  -2.841
ARG03B3925_003   2.312  -5.155  -2.843
ARG+1B3925_004   2.269  -5.155  -2.887
LEU01B3926_001   2.046   0.000   2.046
GLN01B3927_001   2.710  -0.379   2.331
GLN01B3927_002   4.486  -0.290   4.195
GLU01B3928_001   3.178  -3.064   0.114
GLU01B3928_002   3.178  -3.064   0.114
GLU02B3928_003   2.523  -3.155  -0.631
GLU02B3928_004   2.523  -3.155  -0.631
GLU-1B3928_005   2.467  -3.079  -0.613
SER01B3929_001   0.000  -0.144  -0.144
SER01B3929_002   0.000  -0.144  -0.144
ILE01B3930_001   4.059  -0.206   3.853
SER01B3931_001   0.000  -1.009  -1.009
SER01B3931_002   0.000  -1.009  -1.009
ASP01B3932_001   0.155  -1.842  -1.687
ASP01B3932_002   0.155  -1.842  -1.687
ASP02B3932_003   0.239  -1.854  -1.616
ASP02B3932_004   0.239  -1.854  -1.616
ASP-1B3932_005   0.146  -1.843  -1.697
PHE01B3933_001   5.136  -0.051   5.085
TYR01B3934_001   5.034  -1.257   3.777
TYR-1B3934_002   5.034  -1.257   3.777
TRP01B3935_001   3.589  -8.930  -5.341
TYR01B3936_001   5.520  -3.820   1.700
TYR01B3936_002   5.520  -3.820   1.700
TYR-1B3936_003   5.520  -3.820   1.700
TYR01B3937_001   5.537   0.000   5.537
TYR01B3937_002   5.537   0.000   5.537
TYR-1B3937_003   5.537   0.000   5.537
SER01B3938_001   0.000  -1.095  -1.095
SER01B3938_002   0.000  -1.095  -1.095
SER01B3938_003   0.000  -1.095  -1.095
LYS01B3940_001   0.989  -4.251  -3.262
LYS+1B3940_002   0.947  -4.251  -3.304
ASP01B3941_001   0.063  -2.883  -2.820
ASP01B3941_002   0.063  -2.883  -2.820
ASP02B3941_003   0.129  -2.835  -2.706
ASP02B3941_004   0.129  -2.835  -2.706
ASP-1B3941_005   0.059  -2.855  -2.796
VAL01B3942_001   0.495  -4.803  -4.308
ILE01B3943_001   2.497   0.000   2.497
GLU01B3944_001   1.162  -2.298  -1.136
GLU01B3944_002   1.162  -2.298  -1.136
GLU02B3944_003   1.053  -2.458  -1.405
GLU02B3944_004   1.053  -2.458  -1.405
GLU-1B3944_005   0.920  -2.300  -1.380
GLU01B3945_001   3.631  -2.724   0.908
GLU01B3945_002   3.631  -2.724   0.908
GLU02B3945_003   2.921  -2.808   0.113
GLU02B3945_004   2.921  -2.808   0.113
GLU-1B3945_005   2.847  -2.763   0.084
GLN01B3946_001   0.983  -0.380   0.603
LYS01B3948_001   0.846  -1.419  -0.572
LYS+1B3948_002   0.802  -1.419  -0.617
ARG01B3949_001   3.145  -5.615  -2.470
ARG02B3949_002   3.121  -5.615  -2.494
ARG03B3949_003   3.199  -5.615  -2.416
ARG+1B3949_004   3.082  -5.615  -2.533
ASN01B3950_001   0.556  -0.034   0.521
ASN01B3950_002   0.286  -0.039   0.247
PHE01B3951_001   5.691   0.000   5.691
SER01B3952_001   0.000  -1.995  -1.995
SER01B3952_002   0.000  -1.995  -1.995
LYS01B3953_001   1.168  -1.828  -0.659
LYS+1B3953_002   1.121  -1.828  -0.706
ALA01B3954_001   0.000   0.000   0.000
MET01B3955_001   1.289   0.000   1.289
SER01B3956_001   0.000  -1.772  -1.772
SER01B3956_002   0.000  -1.772  -1.772
VAL01B3957_001   0.801   0.000   0.801
ALA01B3958_001   0.000   0.000   0.000
LYS01B3959_001  14.097  -3.359  10.737
LYS+1B3959_002  14.052  -3.359  10.693
GLN01B3960_001   1.199  -0.586   0.613
GLN01B3960_002   1.470  -0.709   0.762
VAL01B3961_001   0.783   0.000   0.783
PHE01B3962_001   5.696   0.000   5.696
ASN01B3963_001   0.594  -0.945  -0.351
ASN01B3963_002   0.293  -1.024  -0.731
SER01B3964_001   0.000   0.000   0.000
SER01B3964_002   0.000   0.000   0.000
SER01B3964_003   0.000   0.000   0.000
LEU01B3965_001   4.799   0.000   4.799
THR01B3966_001   0.238  -0.378  -0.140
THR01B3966_002   0.238  -0.378  -0.140
GLU01B3967_001   2.088  -0.276   1.812
GLU01B3967_002   2.088  -0.276   1.812
GLU02B3967_003   1.727  -0.290   1.437
GLU02B3967_004   1.727  -0.290   1.437
GLU-1B3967_005   1.630  -0.276   1.354
TYR01B3968_001   5.094   0.000   5.094
TYR-1B3968_002   5.094   0.000   5.094
ILE01B3969_001   3.081   0.000   3.081
GLN01B3970_001   3.333  -0.354   2.979
GLN01B3970_002   5.437  -0.315   5.122
PRO01B3972_001   0.301  -3.156  -2.855
CYS01B3973_001  -0.002  -0.071  -0.073
CYS01B3973_002  -0.002  -0.071  -0.073
CYS01B3973_003  -0.002  -0.071  -0.074
CYS-1B3973_004   0.000  -0.071  -0.071
THR01B3974_001   0.288  -5.332  -5.044
THR01B3974_002   0.288  -5.332  -5.044
ASN01B3976_001   0.338   0.000   0.338
ASN01B3976_002   0.119   0.000   0.119
GLN01B3977_001   2.003  -0.185   1.818
GLN01B3977_002   3.168  -0.249   2.919
GLN01B3978_001   1.183  -1.814  -0.632
GLN01B3978_002   0.914  -1.761  -0.847
SER01B3979_001   0.000  -0.998  -0.998
SER01B3979_002   0.000  -0.998  -0.998
LEU01B3980_001   2.620  -0.103   2.517
ALA01B3981_001   0.000  -0.258  -0.258
HIS01B3982_001  -0.162  -7.889  -8.050
HIS01B3982_002  -0.115  -7.814  -7.929
HIS02B3982_003  -0.180  -7.889  -8.069
HIS02B3982_004  -0.129  -7.814  -7.943
HIS+1B3982_005  -0.207  -7.889  -8.096
HIS+1B3982_006  -0.155  -7.814  -7.969
SER01B3983_001   0.000   0.000   0.000
SER01B3983_002   0.000   0.000   0.000
SER01B3983_003   0.000   0.000   0.000
ARG01B3984_001   1.465  -8.233  -6.768
ARG02B3984_002   1.419  -8.233  -6.814
ARG03B3984_003   1.425  -8.233  -6.808
ARG+1B3984_004   1.381  -8.233  -6.852
LEU01B3985_001   2.563  -0.052   2.511
TRP01B3986_001   3.811  -1.617   2.193
ASP01B3987_001   0.077  -2.556  -2.479
ASP01B3987_002   0.077  -2.556  -2.479
ASP02B3987_003   0.146  -2.637  -2.491
ASP02B3987_004   0.146  -2.637  -2.491
ASP-1B3987_005   0.071  -2.528  -2.457
ALA01B3988_001   0.000   0.000   0.000
VAL01B3989_001   1.105  -0.155   0.951
VAL01B3990_001   0.731  -0.927  -0.197
PHE01B3992_001   6.010  -0.152   5.858
LEU01B3993_001   2.570  -0.927   1.642
HIS01B3994_001  -0.132  -4.102  -4.234
HIS02B3994_002  -0.151  -4.102  -4.253
HIS+1B3994_003  -0.178  -4.102  -4.280
VAL01B3995_001   0.587  -0.052   0.536
PHE01B3996_001   5.041   0.000   5.041
ALA01B3997_001   0.000   0.000   0.000
HIS01B3998_001  -0.119  -2.189  -2.308
HIS02B3998_002  -0.138  -2.189  -2.328
HIS+1B3998_003  -0.165  -2.189  -2.355
MET01B3999_001  -0.036   0.000  -0.036
MET01B4000_001   1.353  -0.068   1.286
MET01B4001_001   0.069  -1.557  -1.488
LYS01B4002_001   1.040  -1.149  -0.109
LYS+1B4002_002   0.997  -1.149  -0.152
LEU01B4003_001   2.889  -0.052   2.837
ALA01B4004_001   0.000  -0.052  -0.052
GLN01B4005_001   1.835  -1.673   0.161
GLN01B4005_002   2.922  -1.673   1.249
ASP01B4006_001   0.075  -1.435  -1.360
ASP01B4006_002   0.075  -1.435  -1.360
ASP02B4006_003   0.148  -1.295  -1.147
ASP02B4006_004   0.148  -1.295  -1.147
ASP-1B4006_005   0.072  -1.314  -1.241
SER01B4007_001   0.000  -3.125  -3.125
SER01B4007_002   0.000  -3.125  -3.125
SER01B4008_001   0.000  -3.565  -3.565
SER01B4008_002   0.000  -3.565  -3.565
GLN01B4009_001   2.273  -0.079   2.195
GLN01B4009_002   3.791  -0.074   3.718
ILE01B4010_001   1.845  -2.318  -0.473
GLU01B4011_001   4.536  -2.920   1.616
GLU01B4011_002   4.536  -2.920   1.616
GLU02B4011_003   3.645  -2.882   0.763
GLU02B4011_004   3.645  -2.882   0.763
GLU-1B4011_005   3.568  -2.851   0.717
LEU01B4012_001   1.766  -0.258   1.508
LEU01B4013_001   2.694  -0.361   2.333
LYS01B4014_001   3.591  -5.839  -2.249
LYS+1B4014_002   3.546  -5.839  -2.293
GLU01B4015_001   3.482  -1.063   2.419
GLU01B4015_002   3.482  -1.063   2.419
GLU02B4015_003   2.801  -0.918   1.884
GLU02B4015_004   2.801  -0.918   1.884
GLU-1B4015_005   2.729  -0.926   1.803
LEU01B4016_001   3.267   0.000   3.267
LEU01B4017_001   1.504  -0.361   1.144
ASP01B4018_001   0.159  -1.204  -1.045
ASP01B4018_002   0.159  -1.204  -1.045
ASP02B4018_003   0.245  -1.274  -1.029
ASP02B4018_004   0.245  -1.274  -1.029
ASP-1B4018_005   0.150  -1.232  -1.081
LEU01B4019_001   1.771  -0.155   1.617
GLN01B4020_001   4.153  -0.157   3.996
GLN01B4020_002   6.784  -0.103   6.681
LYS01B4021_001   1.761  -3.721  -1.961
LYS+1B4021_002   1.710  -3.721  -2.011
ASP01B4022_001   0.143  -1.174  -1.031
ASP01B4022_002   0.143  -1.174  -1.031
ASP02B4022_003   0.224  -1.127  -0.903
ASP02B4022_004   0.224  -1.127  -0.903
ASP-1B4022_005   0.135  -1.172  -1.037
MET01B4023_001  -0.011  -0.071  -0.082
VAL01B4024_001   0.635  -0.618   0.016
VAL01B4025_001   0.760  -3.091  -2.331
MET01B4026_001   0.326   0.000   0.326
LEU01B4027_001   1.319  -0.496   0.823
LEU01B4028_001   1.798  -2.266  -0.468
SER01B4029_001   0.000  -0.241  -0.241
SER01B4029_002   0.000  -0.241  -0.241
LEU01B4030_001   2.448  -0.325   2.123
LEU01B4031_001   2.533  -0.309   2.224
GLU01B4032_001   1.868  -0.013   1.855
GLU01B4032_002   1.868  -0.013   1.855
GLU02B4032_003   1.457  -0.013   1.444
GLU02B4032_004   1.457  -0.013   1.444
GLU-1B4032_005   1.402  -0.013   1.389
ASN01B4034_001   0.040  -0.394  -0.354
ASN01B4034_002   0.231  -0.345  -0.113
VAL01B4035_001   1.200  -3.879  -2.679
VAL01B4036_001   1.627  -0.686   0.941
ASN01B4037_001   0.629  -1.110  -0.482
ASN01B4037_002   0.331  -0.994  -0.662
MET01B4039_001   0.666  -5.400  -4.735
ILE01B4040_001   2.858  -0.618   2.240
ALA01B4041_001   0.000   0.000   0.000
ARG01B4042_001   4.873  -7.453  -2.580
ARG02B4042_002   4.799  -7.453  -2.655
ARG03B4042_003   4.798  -7.453  -2.655
ARG+1B4042_004   4.753  -7.453  -2.700
GLN01B4043_001   1.942  -1.324   0.619
GLN01B4043_002   3.137  -1.299   1.838
MET01B4044_001   0.268   0.000   0.268
VAL01B4045_001   1.025   0.000   1.025
ASP01B4046_001   0.119  -2.097  -1.978
ASP01B4046_002   0.119  -2.097  -1.978
ASP02B4046_003   0.202  -2.290  -2.088
ASP02B4046_004   0.202  -2.290  -2.088
ASP-1B4046_005   0.114  -2.136  -2.022
MET01B4047_001   8.700  -0.167   8.532
LEU01B4048_001   1.998  -0.361   1.638
VAL01B4049_001   0.706  -2.881  -2.175
GLU01B4050_001   6.062  -2.105   3.957
GLU01B4050_002   6.062  -2.105   3.957
GLU02B4050_003   4.827  -2.024   2.803
GLU02B4050_004   4.827  -2.024   2.803
GLU-1B4050_005   4.774  -1.968   2.806
SER01B4051_001   0.000   0.000   0.000
SER01B4051_002   0.000   0.000   0.000
SER01B4051_003   0.000   0.000   0.000
SER01B4052_001   0.000  -1.149  -1.149
SER01B4052_002   0.000  -1.149  -1.149
SER01B4053_001   0.000  -4.182  -4.182
SER01B4053_002   0.000  -4.182  -4.182
ASN01B4054_001   0.404  -0.541  -0.137
ASN01B4054_002   0.517  -0.497   0.020
VAL01B4055_001   0.740  -0.309   0.431
GLU01B4056_001   6.631  -1.852   4.779
GLU01B4056_002   6.631  -1.852   4.779
GLU02B4056_003   5.298  -1.724   3.574
GLU02B4056_004   5.298  -1.724   3.574
GLU-1B4056_005   5.233  -1.792   3.442
MET01B4057_001   0.091  -2.768  -2.677
ILE01B4058_001   1.907  -0.773   1.135
LEU01B4059_001   2.588   0.000   2.588
LYS01B4060_001   1.455  -4.170  -2.715
LYS+1B4060_002   1.405  -4.170  -2.764
PHE01B4061_001   4.411  -0.455   3.956
PHE01B4062_001   5.427  -0.391   5.036
CTR01B4062_001  -0.022   0.000  -0.022
CTR01B4062_002   0.122   0.000   0.122
CTR02B4062_003  -0.023   0.000  -0.023
CTR02B4062_004   0.043   0.000   0.043
CTR-1B4062_005   0.000   0.000   0.000
NTR01B4063_001  -0.003   0.000  -0.003
NTR+1B4063_002  -0.005   0.000  -0.005
ASP01B4063_001   0.253  -0.583  -0.330
ASP01B4063_002   0.253  -0.583  -0.330
ASP02B4063_003   0.356  -0.531  -0.174
ASP02B4063_004   0.356  -0.531  -0.174
ASP-1B4063_005   0.240  -0.551  -0.311
MET01B4064_001   0.126  -0.048   0.078
PHE01B4065_001   4.730  -0.255   4.475
LEU01B4066_001   3.063  -0.464   2.600
LYS01B4067_001   1.335  -0.927   0.408
LYS+1B4067_002   1.290  -0.927   0.363
LEU01B4068_001   1.883   0.000   1.883
LYS01B4069_001   4.366  -5.730  -1.364
LYS+1B4069_002   4.305  -5.730  -1.425
ASP01B4070_001   0.214  -1.939  -1.726
ASP01B4070_002   0.214  -1.939  -1.726
ASP02B4070_003   0.307  -1.940  -1.633
ASP02B4070_004   0.307  -1.940  -1.633
ASP-1B4070_005   0.202  -1.912  -1.710
ILE01B4071_001   4.045  -0.718   3.327
VAL01B4072_001   0.629  -0.464   0.166
SER01B4074_001   0.000  -1.010  -1.010
GLU01B4075_001   1.714  -3.109  -1.395
GLU01B4075_002   1.714  -3.109  -1.395
GLU02B4075_003   1.418  -3.059  -1.641
GLU02B4075_004   1.418  -3.059  -1.641
GLU-1B4075_005   1.322  -2.991  -1.670
ALA01B4076_001   0.000  -2.849  -2.849
PHE01B4077_001   4.985   0.000   4.985
GLN01B4078_001   0.722  -1.767  -1.045
GLN01B4078_002   0.611  -1.580  -0.969
ASP01B4079_001   0.120  -2.729  -2.608
ASP01B4079_002   0.120  -2.729  -2.608
ASP02B4079_003   0.195  -2.663  -2.468
ASP02B4079_004   0.195  -2.663  -2.468
ASP-1B4079_005   0.112  -2.558  -2.446
TYR01B4080_001   6.133  -0.821   5.312
TYR-1B4080_002   6.133  -0.821   5.312
VAL01B4081_001   0.697  -0.258   0.440
THR01B4082_001   0.170  -6.591  -6.421
ASP01B4083_001   0.270  -0.723  -0.453
ASP01B4083_002   0.270  -0.723  -0.453
ASP02B4083_003   0.357  -0.693  -0.336
ASP02B4083_004   0.357  -0.693  -0.336
ASP-1B4083_005   0.249  -0.724  -0.475
PRO01B4084_001   0.259  -6.630  -6.370
ARG01B4085_001   6.498  -7.412  -0.915
ARG02B4085_002   6.422  -7.412  -0.991
ARG02B4085_003   6.482  -7.412  -0.930
ARG03B4085_004   6.417  -7.412  -0.996
ARG+1B4085_005   6.377  -7.412  -1.036
LEU01B4087_001   2.163  -4.102  -1.939
ILE01B4088_001   8.658   0.000   8.658
SER01B4089_001   0.000  -1.757  -1.757
SER01B4089_002   0.000  -1.757  -1.757
SER01B4089_003   0.000  -1.757  -1.757
LYS01B4090_001   5.415  -1.932   3.483
LYS+1B4090_002   5.362  -1.932   3.431
LYS01B4091_001   0.705  -8.283  -7.578
LYS+1B4091_002   0.659  -8.283  -7.624
ASP01B4092_001   0.054  -0.478  -0.423
ASP01B4092_002   0.054  -0.478  -0.423
ASP02B4092_003   0.116  -0.589  -0.473
ASP02B4092_004   0.116  -0.589  -0.473
ASP-1B4092_005   0.049  -0.546  -0.498
PHE01B4093_001   5.376   0.000   5.376
GLN01B4094_001   1.132  -1.274  -0.142
GLN01B4094_002   1.502  -1.357   0.145
LYS01B4095_001   3.623  -6.035  -2.412
LYS+1B4095_002   3.571  -6.035  -2.464
ALA01B4096_001   0.000   0.000   0.000
MET01B4097_001   0.140   0.000   0.140
ASP01B4098_001   0.526  -2.867  -2.341
ASP01B4098_002   0.526  -2.867  -2.341
ASP02B4098_003   0.561  -2.827  -2.266
ASP02B4098_004   0.561  -2.827  -2.266
ASP-1B4098_005   0.447  -2.825  -2.378
SER01B4099_001   0.000  -2.129  -2.129
SER01B4099_002   0.000  -2.129  -2.129
SER01B4099_003   0.000  -2.129  -2.129
GLN01B4100_001   2.012  -0.658   1.354
GLN01B4100_002   3.342  -0.810   2.532
LYS01B4101_001   1.159 -10.397  -9.238
LYS+1B4101_002   1.109 -10.397  -9.288
GLN01B4102_001   1.540  -3.181  -1.641
GLN01B4102_002   2.485  -3.269  -0.784
PHE01B4103_001   5.411  -0.206   5.205
THR01B4104_001   0.251  -3.521  -3.270
THR01B4104_002   0.251  -3.521  -3.270
PRO01B4106_001   0.322  -6.350  -6.028
GLU01B4107_001   2.828  -1.048   1.780
GLU01B4107_002   2.828  -1.048   1.780
GLU02B4107_003   2.279  -1.098   1.181
GLU02B4107_004   2.279  -1.098   1.181
GLU-1B4107_005   2.196  -1.047   1.150
ILE01B4108_001   1.689  -0.119   1.570
GLN01B4109_001   0.857  -2.247  -1.390
GLN01B4109_002   0.732  -2.148  -1.416
PHE01B4110_001   4.972  -0.460   4.512
LEU01B4111_001   4.034   0.000   4.034
LEU01B4112_001   1.454  -0.361   1.093
SER01B4113_001   0.000  -1.862  -1.862
SER01B4113_002   0.000  -1.862  -1.862
CYS01B4114_001  -0.002   0.000  -0.002
CYS01B4114_002  -0.002   0.000  -0.002
CYS01B4114_003  -0.002   0.000  -0.002
CYS-1B4114_004   0.000   0.000   0.000
SER01B4115_001   0.000   0.000   0.000
SER01B4115_002   0.000   0.000   0.000
GLU01B4116_001   1.559  -1.940  -0.381
GLU01B4116_002   1.559  -1.940  -0.381
GLU02B4116_003   1.304  -1.836  -0.532
GLU02B4116_004   1.304  -1.836  -0.532
GLU-1B4116_005   1.204  -1.847  -0.644
ALA01B4117_001   0.000  -2.386  -2.386
ASP01B4118_001   0.404  -2.082  -1.678
ASP01B4118_002   0.404  -2.082  -1.678
ASP02B4118_003   0.467  -1.987  -1.520
ASP02B4118_004   0.467  -1.987  -1.520
ASP-1B4118_005   0.354  -1.930  -1.576
GLU01B4119_001   2.501  -3.806  -1.305
GLU01B4119_002   2.501  -3.806  -1.305
GLU02B4119_003   2.086  -3.923  -1.836
GLU02B4119_004   2.086  -3.923  -1.836
GLU-1B4119_005   1.972  -3.803  -1.831
ASN01B4120_001   0.060  -1.739  -1.680
ASN01B4120_002   0.241  -1.970  -1.729
GLU01B4121_001   3.927  -2.791   1.137
GLU01B4121_002   3.927  -2.791   1.137
GLU02B4121_003   3.128  -2.815   0.313
GLU02B4121_004   3.128  -2.815   0.313
GLU-1B4121_005   3.069  -2.756   0.313
MET01B4122_001   0.141  -0.864  -0.723
ILE01B4123_001   3.614   0.000   3.614
ASN01B4124_001   0.152  -1.934  -1.782
ASN01B4124_002  -0.007  -1.634  -1.641
PHE01B4125_001   5.004  -1.870   3.134
GLU01B4126_001   0.501  -3.518  -3.017
GLU01B4126_002   0.501  -3.518  -3.017
GLU02B4126_003   0.668  -3.460  -2.792
GLU02B4126_004   0.668  -3.460  -2.792
GLU-1B4126_005   0.469  -3.458  -2.989
GLU01B4127_001   3.596  -1.380   2.216
GLU01B4127_002   3.596  -1.380   2.216
GLU02B4127_003   2.896  -1.461   1.435
GLU02B4127_004   2.896  -1.461   1.435
GLU-1B4127_005   2.819  -1.377   1.442
PHE01B4128_001   5.649   0.000   5.649
ALA01B4129_001   0.000   0.000   0.000
ASN01B4130_001   0.282  -1.973  -1.690
ARG01B4131_001   1.890  -0.762   1.128
ARG02B4131_002   1.870  -0.762   1.108
ARG03B4131_003   1.863  -0.762   1.101
ARG03B4131_004   1.868  -0.762   1.106
ARG+1B4131_005   1.824  -0.762   1.062
PHE01B4132_001   7.183  -0.051   7.133
GLN01B4133_001   0.930  -0.426   0.504
GLN01B4133_002   1.486  -0.457   1.029
GLU01B4134_001   3.694  -2.409   1.285
GLU01B4134_002   3.694  -2.409   1.285
GLU02B4134_003   2.984  -2.240   0.744
GLU02B4134_004   2.984  -2.240   0.744
GLU-1B4134_005   2.902  -2.208   0.694
PRO01B4135_001   0.334  -0.908  -0.574
ALA01B4136_001   0.000   0.000   0.000
ARG01B4137_001   3.121  -4.110  -0.989
ARG02B4137_002   3.066  -4.110  -1.044
ARG02B4137_003   3.072  -4.110  -1.038
ARG03B4137_004   3.142  -4.110  -0.968
ARG+1B4137_005   3.027  -4.110  -1.083
ASP01B4138_001   0.028  -1.351  -1.324
ASP01B4138_002   0.028  -1.351  -1.324
ASP02B4138_003   0.083  -1.477  -1.394
ASP02B4138_004   0.083  -1.477  -1.394
ASP-1B4138_005   0.024  -1.386  -1.362
ILE01B4139_001   2.601  -0.464   2.137
PHE01B4141_001   4.866  -0.254   4.612
ASN01B4142_001   0.477  -0.581  -0.104
VAL01B4143_001   0.598  -1.458  -0.860
ALA01B4144_001   0.000  -0.155  -0.155
VAL01B4145_001   0.586  -0.361   0.225
LEU01B4146_001   2.230  -0.444   1.786
LEU01B4147_001   3.108  -0.206   2.902
THR01B4148_001   0.230  -0.567  -0.337
THR01B4148_002   0.230  -0.567  -0.337
ASN01B4149_001   0.241  -0.079   0.162
LEU01B4150_001   2.364   0.000   2.364
SER01B4151_001   0.000  -1.036  -1.036
SER01B4151_002   0.000  -1.036  -1.036
GLU01B4152_001   3.434  -0.529   2.906
GLU01B4152_002   3.434  -0.529   2.906
GLU02B4152_003   2.730  -0.630   2.100
GLU02B4152_004   2.730  -0.630   2.100
GLU-1B4152_005   2.673  -0.538   2.135
HIS01B4153_001  -0.094  -0.337  -0.431
HIS02B4153_002  -0.114  -0.337  -0.451
HIS+1B4153_003  -0.141  -0.337  -0.478
VAL01B4154_001   0.890  -1.613  -0.723
PRO01B4155_001   0.291  -1.475  -1.184
HIS01B4156_001  -0.187  -6.268  -6.455
HIS01B4156_002  -0.139  -6.469  -6.608
HIS02B4156_003  -0.208  -6.268  -6.476
HIS02B4156_004  -0.148  -6.469  -6.618
HIS+1B4156_005  -0.235  -6.268  -6.503
HIS+1B4156_006  -0.175  -6.469  -6.644
ASP01B4157_001   0.100  -0.819  -0.719
ASP01B4157_002   0.100  -0.819  -0.719
ASP02B4157_003   0.179  -0.753  -0.574
ASP02B4157_004   0.179  -0.753  -0.574
ASP-1B4157_005   0.097  -0.784  -0.687
PRO01B4158_001   0.257  -6.660  -6.403
ARG01B4159_001   7.468  -6.071   1.397
ARG02B4159_002   7.460  -6.071   1.390
ARG02B4159_003   7.468  -6.071   1.397
ARG03B4159_004   7.465  -6.071   1.394
ARG+1B4159_005   7.421  -6.071   1.351
LEU01B4160_001   1.947   0.000   1.947
ARG01B4161_001   2.450  -7.316  -4.866
ARG02B4161_002   2.415  -7.316  -4.902
ARG03B4161_003   2.413  -7.316  -4.903
ARG+1B4161_004   2.370  -7.316  -4.947
ASN01B4162_001   0.334  -1.718  -1.384
ASN01B4162_002   0.101  -1.595  -1.494
PHE01B4163_001   5.586  -0.203   5.383
LEU01B4164_001   2.140  -1.236   0.904
GLU01B4165_001   4.687  -3.371   1.316
GLU01B4165_002   4.687  -3.371   1.316
GLU02B4165_003   3.759  -3.450   0.309
GLU02B4165_004   3.759  -3.450   0.309
GLU-1B4165_005   3.686  -3.320   0.365
LEU01B4166_001   2.668  -3.503  -0.835
ALA01B4167_001   0.000   0.000   0.000
GLU01B4168_001   2.693  -2.244   0.449
GLU01B4168_002   2.693  -2.244   0.449
GLU02B4168_003   2.291  -2.203   0.089
GLU02B4168_004   2.291  -2.203   0.089
GLU-1B4168_005   2.152  -2.148   0.004
SER01B4169_001   0.000  -1.628  -1.628
SER01B4169_002   0.000  -1.628  -1.628
ILE01B4170_001   3.825   0.000   3.825
LEU01B4171_001   2.238  -1.803   0.435
GLU01B4172_001   1.140  -2.372  -1.232
GLU01B4172_002   1.140  -2.372  -1.232
GLU02B4172_003   1.027  -2.366  -1.339
GLU02B4172_004   1.027  -2.366  -1.339
GLU-1B4172_005   0.896  -2.303  -1.407
TYR01B4173_001   5.541  -4.194   1.347
TYR01B4173_002   5.541  -4.194   1.347
TYR-1B4173_003   5.541  -4.194   1.347
PHE01B4174_001   5.319  -0.169   5.150
ARG01B4175_001   6.070  -6.394  -0.324
ARG02B4175_002   6.032  -6.394  -0.362
ARG02B4175_003   6.036  -6.394  -0.358
ARG03B4175_004   6.042  -6.394  -0.351
ARG+1B4175_005   5.991  -6.394  -0.403
PRO01B4176_001   0.510  -2.002  -1.492
TYR01B4177_001   5.861  -1.196   4.665
TYR-1B4177_002   5.861  -1.196   4.665
LEU01B4178_001   2.078  -1.082   0.996
ARG01B4180_001   4.278  -2.740   1.538
ARG02B4180_002   4.262  -2.740   1.522
ARG02B4180_003   4.295  -2.740   1.555
ARG03B4180_004   4.253  -2.740   1.513
ARG03B4180_005   4.257  -2.740   1.516
ARG+1B4180_006   4.214  -2.740   1.474
ILE01B4181_001   2.800  -0.052   2.748
GLU01B4182_001   4.209   0.000   4.209
GLU01B4182_002   4.209   0.000   4.209
GLU02B4182_003   3.374   0.000   3.374
GLU02B4182_004   3.374   0.000   3.374
GLU-1B4182_005   3.308   0.000   3.308
ILE01B4183_001   1.849  -0.119   1.730
MET01B4184_001   0.953  -2.452  -1.498
ALA01B4186_001   0.000  -2.711  -2.711
SER01B4187_001   0.000  -0.644  -0.644
SER01B4187_002   0.000  -0.644  -0.644
SER01B4187_003   0.000  -0.644  -0.644
ARG01B4188_001   1.393  -8.859  -7.466
ARG02B4188_002   1.377  -8.859  -7.482
ARG03B4188_003   1.372  -8.859  -7.487
ARG+1B4188_004   1.328  -8.859  -7.531
ARG01B4189_001   4.964  -3.447   1.517
ARG02B4189_002   5.001  -3.447   1.554
ARG03B4189_003   4.931  -3.447   1.483
ARG+1B4189_004   4.886  -3.447   1.438
ILE01B4190_001   4.183  -0.103   4.080
GLU01B4191_001   2.640  -0.185   2.455
GLU01B4191_002   2.640  -0.185   2.455
GLU02B4191_003   2.090  -0.194   1.896
GLU02B4191_004   2.090  -0.194   1.896
GLU-1B4191_005   2.031  -0.185   1.846
ARG01B4192_001   3.036  -0.899   2.137
ARG02B4192_002   2.964  -0.899   2.064
ARG02B4192_003   2.969  -0.899   2.070
ARG03B4192_004   2.970  -0.899   2.071
ARG03B4192_005   3.030  -0.899   2.131
ARG+1B4192_006   2.925  -0.899   2.025
ILE01B4193_001   5.795  -1.114   4.681
TYR01B4194_001   5.891  -0.970   4.921
TYR01B4194_002   5.891  -0.970   4.921
TYR-1B4194_003   5.891  -0.970   4.921
PHE01B4195_001   6.190   0.000   6.190
GLU01B4196_001   2.419  -1.071   1.349
GLU01B4196_002   2.419  -1.071   1.349
GLU02B4196_003   2.029  -1.152   0.877
GLU02B4196_004   2.029  -1.152   0.877
GLU-1B4196_005   1.926  -1.046   0.880
ILE01B4197_001   5.334  -0.171   5.164
SER01B4198_001   0.000  -2.277  -2.277
SER01B4198_002   0.000  -2.277  -2.277
GLU01B4199_001   1.514  -1.883  -0.368
GLU01B4199_002   1.514  -1.883  -0.368
GLU02B4199_003   1.330  -1.712  -0.382
GLU02B4199_004   1.330  -1.712  -0.382
GLU-1B4199_005   1.200  -1.734  -0.534
THR01B4200_001   0.337  -4.495  -4.158
THR01B4200_002   0.337  -4.495  -4.158
ASN01B4201_001   0.337  -0.817  -0.480
ASN01B4201_002   0.550  -0.817  -0.267
ARG01B4202_001   5.920  -3.503   2.416
ARG02B4202_002   5.871  -3.503   2.368
ARG03B4202_003   5.862  -3.503   2.359
ARG+1B4202_004   5.822  -3.503   2.319
ALA01B4203_001   0.000  -3.087  -3.087
GLN01B4204_001   1.148  -1.304  -0.156
GLN01B4204_002   0.991  -1.368  -0.377
TRP01B4205_001   3.785  -1.504   2.280
GLU01B4206_001   1.172  -2.517  -1.345
GLU01B4206_002   1.172  -2.517  -1.345
GLU02B4206_003   1.040  -2.469  -1.429
GLU02B4206_004   1.040  -2.469  -1.429
GLU-1B4206_005   0.919  -2.467  -1.548
MET01B4207_001   0.259  -3.169  -2.911
PRO01B4208_001   0.273  -7.215  -6.942
GLN01B4209_001   0.972  -2.139  -1.167
GLN01B4209_002   0.818  -2.069  -1.252
VAL01B4210_001   0.718   0.000   0.718
LYS01B4211_001   1.143  -5.984  -4.841
LYS+1B4211_002   1.097  -5.984  -4.887
GLU01B4212_001   1.162  -2.083  -0.921
GLU01B4212_002   1.162  -2.083  -0.921
GLU02B4212_003   1.057  -2.197  -1.140
GLU02B4212_004   1.057  -2.197  -1.140
GLU-1B4212_005   0.921  -2.131  -1.209
SER01B4213_001   0.000  -1.767  -1.767
LYS01B4214_001   4.938  -0.965   3.973
LYS+1B4214_002   4.837  -0.965   3.872
ARG01B4215_001   4.568  -7.852  -3.284
ARG02B4215_002   4.518  -7.852  -3.334
ARG03B4215_003   4.509  -7.852  -3.343
ARG+1B4215_004   4.468  -7.852  -3.383
GLN01B4216_001   2.111  -3.181  -1.070
GLN01B4216_002   3.415  -3.103   0.312
PHE01B4217_001   5.696  -0.864   4.833
ILE01B4218_001   3.334  -2.266   1.067
PHE01B4219_001   5.325  -2.199   3.127
ASP01B4220_001   0.285  -1.571  -1.285
ASP01B4220_002   0.285  -1.571  -1.285
ASP02B4220_003   0.396  -1.522  -1.126
ASP02B4220_004   0.396  -1.522  -1.126
ASP-1B4220_005   0.271  -1.516  -1.245
VAL01B4221_001   1.101  -0.412   0.689
VAL01B4222_001   0.864  -0.773   0.091
ASN01B4223_001   0.256  -1.732  -1.477
ASN01B4223_002   0.053  -1.841  -1.788
GLU01B4224_001   1.905  -3.643  -1.738
GLU01B4224_002   1.905  -3.643  -1.738
GLU02B4224_003   1.659  -3.644  -1.985
GLU02B4224_004   1.659  -3.644  -1.985
GLU-1B4224_005   1.517  -3.552  -2.035
GLU01B4227_001   1.590  -4.013  -2.423
GLU01B4227_002   1.590  -4.013  -2.423
GLU02B4227_003   1.404  -3.939  -2.535
GLU02B4227_004   1.404  -3.939  -2.535
GLU-1B4227_005   1.264  -3.824  -2.560
ALA01B4228_001   0.000  -2.917  -2.917
GLU01B4229_001   2.479  -2.766  -0.287
GLU01B4229_002   2.479  -2.766  -0.287
GLU02B4229_003   2.081  -2.778  -0.697
GLU02B4229_004   2.081  -2.778  -0.697
GLU-1B4229_005   1.962  -2.769  -0.807
LYS01B4230_001   2.076  -3.934  -1.858
LYS+1B4230_002   2.025  -3.934  -1.909
MET01B4231_001   0.170  -0.720  -0.550
GLU01B4232_001   3.758  -1.106   2.651
GLU01B4232_002   3.758  -1.106   2.651
GLU02B4232_003   3.036  -1.084   1.952
GLU02B4232_004   3.036  -1.084   1.952
GLU-1B4232_005   2.942  -1.076   1.866
LEU01B4233_001   2.993  -3.828  -0.835
PHE01B4234_001   5.128  -0.101   5.027
VAL01B4235_001   1.149  -0.206   0.943
SER01B4236_001   0.000  -2.260  -2.260
SER01B4236_002   0.000  -2.260  -2.260
PHE01B4237_001   6.093  -1.116   4.977
CYS01B4238_001  -0.002  -0.143  -0.145
CYS01B4238_002  -0.002  -0.143  -0.145
CYS01B4238_003  -0.003  -0.143  -0.145
CYS-1B4238_004   0.000  -0.143  -0.143
GLU01B4239_001   4.607  -0.069   4.538
GLU01B4239_002   4.607  -0.069   4.538
GLU02B4239_003   3.714  -0.072   3.642
GLU02B4239_004   3.714  -0.072   3.642
GLU-1B4239_005   3.649  -0.069   3.580
ASP01B4240_001   0.097  -0.794  -0.697
ASP01B4240_002   0.097  -0.794  -0.697
ASP02B4240_003   0.173  -0.831  -0.658
ASP02B4240_004   0.173  -0.831  -0.658
ASP-1B4240_005   0.092  -0.792  -0.700
THR01B4241_001   0.278  -0.052   0.226
THR01B4241_002   0.278  -0.052   0.226
ILE01B4242_001   3.201  -0.702   2.499
PHE01B4243_001   5.710  -0.606   5.104
GLU01B4244_001   2.423  -0.350   2.074
GLU01B4244_002   2.423  -0.350   2.074
GLU02B4244_003   1.927  -0.429   1.497
GLU02B4244_004   1.927  -0.429   1.497
GLU-1B4244_005   1.858  -0.379   1.479
MET01B4245_001   0.098  -0.251  -0.152
GLN01B4246_001   1.171  -2.108  -0.937
GLN01B4246_002   0.937  -2.334  -1.397
ILE01B4247_001   1.412  -1.304   0.108
ALA01B4248_001   0.000  -0.309  -0.309
ALA01B4249_001   0.000  -2.795  -2.795
GLN01B4250_001   2.842  -2.617   0.225
ILE01B4251_001   2.134  -1.510   0.624
SER01B4252_001   0.000  -3.291  -3.291
SER01B4252_002   0.000  -3.291  -3.291
GLU01B4253_001   0.498  -2.772  -2.273
GLU01B4253_002   0.498  -2.772  -2.273
GLU02B4253_003   0.665  -2.606  -1.941
GLU02B4253_004   0.665  -2.606  -1.941
GLU-1B4253_005   0.467  -2.566  -2.099
CTR01B4253_001  -0.021  -5.637  -5.658
CTR01B4253_002   0.104  -5.483  -5.379
CTR02B4253_003  -0.022  -5.541  -5.563
CTR02B4253_004   0.040  -5.599  -5.559
CTR-1B4253_005   0.000  -5.521  -5.521
NTR01B4540_001  -0.003  -2.973  -2.976
NTR+1B4540_002  -0.005  -2.973  -2.978
PHE01B4540_001   2.032  -3.063  -1.032
TRP01B4541_001   0.640 -14.253 -13.613
GLU01B4543_001   0.500  -3.418  -2.919
GLU01B4543_002   0.500  -3.418  -2.919
GLU02B4543_003   0.666  -3.527  -2.861
GLU02B4543_004   0.666  -3.527  -2.861
GLU-1B4543_005   0.468  -3.471  -3.003
LEU01B4544_001   1.454  -3.776  -2.322
GLU01B4545_001   0.501  -2.506  -2.005
GLU01B4545_002   0.501  -2.506  -2.005
GLU02B4545_003   0.669  -2.420  -1.751
GLU02B4545_004   0.669  -2.420  -1.751
GLU-1B4545_005   0.470  -2.390  -1.920
VAL01B4546_001   0.522  -6.020  -5.498
GLN01B4547_001   1.125  -2.720  -1.595
GLN01B4547_002   1.522  -2.746  -1.224
ARG01B4548_001   5.691  -6.784  -1.093
ARG02B4548_002   5.633  -6.784  -1.150
ARG02B4548_003   5.638  -6.784  -1.145
ARG03B4548_004   5.641  -6.784  -1.142
ARG+1B4548_005   5.593  -6.784  -1.191
VAL01B4549_001   1.470  -3.844  -2.374
LYS01B4550_001   3.796  -4.319  -0.523
LYS+1B4550_002   3.701  -4.319  -0.618
PHE01B4551_001   4.739  -7.012  -2.273
LEU01B4552_001   4.994  -1.391   3.603
ASN01B4553_001   0.329  -1.019  -0.689
ASN01B4553_002   0.489  -1.058  -0.569
TYR01B4554_001   4.685  -7.128  -2.443
TYR-1B4554_002   4.685  -7.128  -2.443
LEU01B4555_001   2.015  -0.361   1.655
SER01B4556_001   0.000   0.000   0.000
ARG01B4557_001   5.169  -3.936   1.233
ARG02B4557_002   5.129  -3.936   1.193
ARG02B4557_003   5.134  -3.936   1.198
ARG03B4557_004   5.136  -3.936   1.201
ARG03B4557_005   5.192  -3.936   1.257
ARG+1B4557_006   5.088  -3.936   1.153
ASN01B4558_001   0.200  -1.331  -1.131
PHE01B4559_001   4.745  -0.455   4.290
TYR01B4560_001   4.857  -7.433  -2.576
TYR-1B4560_002   4.857  -7.433  -2.576
THR01B4561_001   0.282  -4.441  -4.159
LEU01B4562_001   2.168  -1.182   0.986
ARG01B4563_001   1.662  -1.949  -0.287
ARG02B4563_002   1.615  -1.949  -0.334
ARG02B4563_003   1.620  -1.949  -0.329
ARG03B4563_004   1.620  -1.949  -0.329
ARG03B4563_005   1.680  -1.949  -0.269
ARG+1B4563_006   1.576  -1.949  -0.373
PHE01B4564_001   4.964  -8.268  -3.304
LEU01B4565_001   1.445  -3.689  -2.244
ALA01B4566_001   0.000   0.000   0.000
LEU01B4567_001   1.590  -2.489  -0.899
PHE01B4568_001   4.970  -8.329  -3.359
LEU01B4569_001   4.906  -0.258   4.648
ALA01B4570_001   0.000   0.000   0.000
PHE01B4571_001   4.569  -6.682  -2.113
ALA01B4572_001   0.000  -1.784  -1.784
ILE01B4573_001   1.874  -0.052   1.822
ASN01B4574_001   0.512  -0.242   0.270
ASN01B4574_002   0.282  -0.195   0.087
PHE01B4575_001   4.744  -8.653  -3.909
ILE01B4576_001   3.917  -1.011   2.906
LEU01B4577_001   4.346  -2.212   2.134
LEU01B4578_001   2.156  -6.178  -4.022
PHE01B4579_001   4.919  -3.690   1.229
TYR01B4580_001   4.415  -3.466   0.949
TYR-1B4580_002   4.415  -3.466   0.949
LYS01B4581_001   1.465  -5.990  -4.526
LYS+1B4581_002   1.415  -5.990  -4.575
VAL01B4582_001   0.535  -5.251  -4.716
SER01B4583_001   0.000  -0.356  -0.356
SER01B4583_002   0.000  -0.356  -0.356
SER01B4583_003   0.000  -0.356  -0.356
ASP01B4584_001  -0.040  -3.546  -3.586
ASP01B4584_002  -0.040  -3.546  -3.586
ASP02B4584_003  -0.009  -3.470  -3.479
ASP02B4584_004  -0.009  -3.470  -3.479
ASP-1B4584_005  -0.041  -3.450  -3.490
SER01B4585_001   0.000  -3.643  -3.643
SER01B4585_002   0.000  -3.643  -3.643
PRO01B4586_001   0.300  -5.447  -5.147
PRO01B4587_001   0.269  -4.690  -4.421
CTR01B4587_001  -0.021  -4.691  -4.712
CTR01B4587_002   0.081  -4.788  -4.707
CTR02B4587_003  -0.022  -4.691  -4.713
CTR02B4587_004   0.028  -4.788  -4.760
CTR-1B4587_005   0.000  -4.691  -4.691
NTR01B4626_001  -0.003  -3.551  -3.554
NTR+1B4626_002  -0.005  -3.551  -3.556
ASN01B4626_001  -0.020  -3.567  -3.587
MET01B4627_001   0.140  -3.323  -3.183
VAL01B4628_001   0.547  -2.933  -2.386
TYR01B4629_001   5.000  -8.412  -3.413
TYR-1B4629_002   5.000  -8.412  -3.413
TYR01B4630_001   4.973  -3.527   1.446
TYR-1B4630_002   4.973  -3.527   1.446
PHE01B4631_001   5.099  -2.688   2.411
LEU01B4632_001   2.373  -4.527  -2.154
GLU01B4633_001   3.447  -2.596   0.851
GLU01B4633_002   3.447  -2.596   0.851
GLU02B4633_003   2.745  -2.743   0.002
GLU02B4633_004   2.745  -2.743   0.002
GLU-1B4633_005   2.680  -2.653   0.027
GLU01B4634_001   2.369  -1.285   1.084
GLU01B4634_002   2.369  -1.285   1.084
GLU02B4634_003   1.883  -1.185   0.698
GLU02B4634_004   1.883  -1.185   0.698
GLU-1B4634_005   1.818  -1.176   0.642
SER01B4635_001   0.000  -5.324  -5.324
SER01B4635_002   0.000  -5.324  -5.324
THR01B4636_001   0.183  -1.475  -1.291
THR01B4636_002   0.183  -1.475  -1.291
THR01B4636_003   0.183  -1.475  -1.291
TYR01B4638_001   4.983  -9.859  -4.876
TYR01B4638_002   4.983  -9.859  -4.876
TYR-1B4638_003   4.983  -9.859  -4.876
MET01B4639_001  79.344   0.000  79.344
GLU01B4640_001   1.846  -2.278  -0.432
GLU01B4640_002   1.846  -2.278  -0.432
GLU02B4640_003   1.557  -2.298  -0.741
GLU02B4640_004   1.557  -2.298  -0.741
GLU-1B4640_005   1.445  -2.183  -0.738
PRO01B4641_001   0.287  -6.141  -5.854
ALA01B4642_001   0.000  -2.833  -2.833
LEU01B4643_001   3.756  -1.648   2.108
TRP01B4644_001   2.877  -7.793  -4.916
CYS01B4645_001  -0.002  -3.695  -3.696
CYS01B4645_002  -0.002  -3.695  -3.696
CYS01B4645_003  -0.002  -3.695  -3.697
CYS-1B4645_004   0.000  -3.695  -3.695
LEU01B4646_001   1.586  -3.277  -1.692
SER01B4647_001   0.000   0.000   0.000
SER01B4647_002   0.000   0.000   0.000
LEU01B4648_001   2.483  -5.132  -2.649
LEU01B4649_001   2.951  -3.535  -0.584
HIS01B4650_001  -0.135   0.000  -0.135
HIS02B4650_002  -0.154   0.000  -0.154
HIS+1B4650_003  -0.181   0.000  -0.181
THR01B4651_001   0.269  -1.476  -1.207
THR01B4651_002   0.269  -1.476  -1.207
LEU01B4652_001   4.535  -5.695  -1.160
VAL01B4653_001   0.789  -0.515   0.274
ALA01B4654_001   0.000   0.000   0.000
PHE01B4655_001   4.864  -8.164  -3.300
LEU01B4656_001   2.538  -2.572  -0.034
CYS01B4657_001  -0.002  -0.068  -0.069
CYS01B4657_002  -0.002  -0.068  -0.069
CYS01B4657_003  -0.003  -0.068  -0.070
CYS-1B4657_004   0.000  -0.068  -0.068
ILE01B4658_001   2.593  -1.854   0.739
ILE01B4659_001   1.800  -3.087  -1.287
TYR01B4661_001   5.305  -0.253   5.053
TYR01B4661_002   5.305  -0.253   5.053
TYR-1B4661_003   5.305  -0.253   5.053
ASN01B4662_001   0.201  -2.087  -1.886
ASN01B4662_002   0.025  -1.998  -1.973
CYS01B4663_001  -0.002  -1.241  -1.243
CYS01B4663_002  -0.002  -1.241  -1.243
CYS01B4663_003  -0.002  -1.241  -1.244
CYS-1B4663_004   0.000  -1.241  -1.241
LEU01B4664_001   2.011  -1.700   0.311
LYS01B4665_001   4.594  -3.533   1.061
LYS+1B4665_002   4.541  -3.533   1.008
VAL01B4666_001   0.355  -0.068   0.288
PRO01B4667_001   0.281  -1.854  -1.573
LEU01B4668_001   2.754  -1.542   1.212
VAL01B4669_001   0.519  -1.851  -1.332
ILE01B4670_001   1.585  -0.567   1.018
PHE01B4671_001   5.467  -0.051   5.417
LYS01B4672_001   1.427  -4.931  -3.504
LYS+1B4672_002   1.378  -4.931  -3.553
ARG01B4673_001   3.080  -0.720   2.360
ARG02B4673_002   3.045  -0.720   2.325
ARG02B4673_003   3.049  -0.720   2.329
ARG03B4673_004   3.054  -0.720   2.334
ARG03B4673_005   3.116  -0.720   2.396
ARG+1B4673_006   3.006  -0.720   2.286
GLU01B4674_001   2.455   0.000   2.455
GLU01B4674_002   2.455   0.000   2.455
GLU02B4674_003   1.972   0.000   1.972
GLU02B4674_004   1.972   0.000   1.972
GLU-1B4674_005   1.910   0.000   1.910
LYS01B4675_001   1.942  -0.747   1.195
LYS+1B4675_002   1.889  -0.747   1.143
GLU01B4676_001   4.590  -1.335   3.255
GLU01B4676_002   4.590  -1.335   3.255
GLU02B4676_003   3.694  -1.423   2.271
GLU02B4676_004   3.694  -1.423   2.271
GLU-1B4676_005   3.618  -1.378   2.239
LEU01B4677_001   1.361  -0.361   1.000
ALA01B4678_001   0.000  -0.309  -0.309
ARG01B4679_001   2.108  -2.410  -0.302
ARG02B4679_002   2.093  -2.410  -0.317
ARG02B4679_003   2.178  -2.410  -0.232
ARG03B4679_004   2.084  -2.410  -0.327
ARG03B4679_005   2.087  -2.410  -0.323
ARG+1B4679_006   2.044  -2.410  -0.366
LYS01B4680_001   1.045  -5.205  -4.160
LYS+1B4680_002   0.998  -5.205  -4.207
LEU01B4681_001   1.387  -0.222   1.165
GLU01B4682_001   2.708  -0.622   2.086
GLU01B4682_002   2.708  -0.622   2.086
GLU02B4682_003   2.178  -0.650   1.528
GLU02B4682_004   2.178  -0.650   1.528
GLU-1B4682_005   2.105  -0.620   1.485
PHE01B4683_001   5.358  -3.759   1.599
ASP01B4684_001   0.189  -2.448  -2.260
ASP01B4684_002   0.189  -2.448  -2.260
ASP02B4684_003   0.284  -2.272  -1.987
ASP02B4684_004   0.284  -2.272  -1.987
ASP-1B4684_005   0.181  -2.265  -2.085
LEU01B4686_001   2.352  -1.954   0.398
TYR01B4687_001   5.710  -0.152   5.558
TYR01B4687_002   5.710  -0.152   5.558
TYR-1B4687_003   5.710  -0.152   5.558
ILE01B4688_001   2.462   0.000   2.462
THR01B4689_001   0.232  -3.096  -2.864
GLU01B4690_001   5.323  -2.929   2.394
GLU01B4690_002   5.323  -2.929   2.394
GLU02B4690_003   4.272  -3.019   1.254
GLU02B4690_004   4.272  -3.019   1.254
GLU-1B4690_005   4.199  -2.989   1.211
GLN01B4691_001   1.809  -2.500  -0.691
GLN01B4691_002   2.627  -2.535   0.092
PRO01B4692_001   0.421  -0.151   0.270
ASP01B4694_001   0.198  -2.364  -2.166
ASP01B4694_002   0.198  -2.364  -2.166
ASP02B4694_003   0.291  -2.434  -2.143
ASP02B4694_004   0.291  -2.434  -2.143
ASP-1B4694_005   0.188  -2.377  -2.189
ASP01B4695_001   0.211  -3.220  -3.009
ASP01B4695_002   0.211  -3.220  -3.009
ASP02B4695_003   0.308  -3.358  -3.050
ASP02B4695_004   0.308  -3.358  -3.050
ASP-1B4695_005   0.200  -3.118  -2.918
ASP01B4696_001   0.180  -3.072  -2.892
ASP01B4696_002   0.180  -3.072  -2.892
ASP02B4696_003   0.269  -2.976  -2.707
ASP02B4696_004   0.269  -2.976  -2.707
ASP-1B4696_005   0.170  -2.963  -2.793
VAL01B4697_001   0.696  -6.983  -6.287
LYS01B4698_001   2.355  -5.621  -3.266
LYS+1B4698_002   2.303  -5.621  -3.318
GLN01B4700_001   2.203  -1.839   0.364
GLN01B4700_002   1.523  -2.050  -0.527
TRP01B4701_001   3.709  -3.995  -0.286
ASP01B4702_001   0.047  -0.034   0.013
ASP01B4702_002   0.047  -0.034   0.013
ASP02B4702_003   0.102  -0.036   0.066
ASP02B4702_004   0.102  -0.036   0.066
ASP-1B4702_005   0.041  -0.034   0.006
ARG01B4703_001   6.231  -5.041   1.190
ARG02B4703_002   6.173  -5.041   1.131
ARG03B4703_003   6.174  -5.041   1.132
ARG+1B4703_004   6.126  -5.041   1.085
LEU01B4704_001   3.844  -2.524   1.320
VAL01B4705_001   0.543  -0.052   0.491
LEU01B4706_001   2.068  -0.155   1.914
ASN01B4707_001   0.600  -1.222  -0.622
THR01B4708_001   0.307   0.000   0.307
THR01B4708_002   0.307   0.000   0.307
PRO01B4709_001   0.304  -4.644  -4.340
SER01B4710_001   0.000  -1.564  -1.564
SER01B4710_002   0.000  -1.564  -1.564
SER01B4710_003   0.000  -1.564  -1.564
PHE01B4711_001   5.054  -0.068   4.986
PRO01B4712_001   0.362  -0.373  -0.011
SER01B4713_001   0.000  -1.609  -1.609
SER01B4713_002   0.000  -1.609  -1.609
ASN01B4714_001   0.166  -0.956  -0.790
ASN01B4714_002   0.003  -0.943  -0.941
TYR01B4715_001   5.961  -0.805   5.156
TYR01B4715_002   5.961  -0.805   5.156
TYR-1B4715_003   5.961  -0.805   5.156
TRP01B4716_001   3.085  -2.907   0.178
ASP01B4717_001   0.318  -0.894  -0.576
ASP01B4717_002   0.318  -0.894  -0.576
ASP02B4717_003   0.387  -0.852  -0.466
ASP02B4717_004   0.387  -0.852  -0.466
ASP-1B4717_005   0.282  -0.857  -0.575
LYS01B4718_001   0.770  -4.051  -3.282
LYS+1B4718_002   0.727  -4.051  -3.324
PHE01B4719_001   6.077  -3.235   2.842
VAL01B4720_001   0.761  -0.206   0.555
LYS01B4721_001   0.974  -0.991  -0.017
LYS+1B4721_002   0.930  -0.991  -0.062
ARG01B4722_001   7.850  -4.938   2.912
ARG02B4722_002   7.781  -4.938   2.843
ARG03B4722_003   7.789  -4.938   2.851
ARG+1B4722_004   7.741  -4.938   2.803
LYS01B4723_001   1.790  -4.294  -2.504
LYS+1B4723_002   1.742  -4.294  -2.552
VAL01B4724_001   0.606   0.000   0.606
LEU01B4725_001   2.659  -0.515   2.143
ASP01B4726_001   0.147  -3.163  -3.015
ASP01B4726_002   0.147  -3.163  -3.015
ASP02B4726_003   0.241  -3.123  -2.882
ASP02B4726_004   0.241  -3.123  -2.882
ASP-1B4726_005   0.143  -3.079  -2.936
LYS01B4727_001   2.019  -3.717  -1.697
LYS+1B4727_002   1.970  -3.717  -1.746
HIS01B4728_001  -0.090  -1.162  -1.252
HIS01B4728_002  -0.034  -1.390  -1.425
HIS02B4728_003  -0.110  -1.162  -1.272
HIS02B4728_004  -0.047  -1.390  -1.438
HIS+1B4728_005  -0.137  -1.162  -1.299
HIS+1B4728_006  -0.074  -1.390  -1.464
ASP01B4730_001   0.089  -3.490  -3.400
ASP01B4730_002   0.089  -3.490  -3.400
ASP02B4730_003   0.164  -3.427  -3.263
ASP02B4730_004   0.164  -3.427  -3.263
ASP-1B4730_005   0.086  -3.428  -3.342
ILE01B4731_001   2.956  -4.958  -2.002
PHE01B4732_001   4.346  -3.916   0.430
ARG01B4734_001   2.525  -7.322  -4.797
ARG02B4734_002   2.505  -7.322  -4.817
ARG03B4734_003   2.510  -7.322  -4.812
ARG+1B4734_004   2.462  -7.322  -4.860
GLU01B4735_001   3.077  -3.145  -0.068
GLU01B4735_002   3.077  -3.145  -0.068
GLU02B4735_003   2.493  -3.052  -0.559
GLU02B4735_004   2.493  -3.052  -0.559
GLU-1B4735_005   2.404  -2.949  -0.544
ARG01B4736_001   5.397  -7.673  -2.276
ARG02B4736_002   5.337  -7.673  -2.336
ARG03B4736_003   5.438  -7.673  -2.235
ARG+1B4736_004   5.297  -7.673  -2.376
ILE01B4737_001   2.251   0.000   2.251
ALA01B4738_001   0.000  -0.052  -0.052
GLU01B4739_001   4.094  -2.410   1.684
GLU01B4739_002   4.094  -2.410   1.684
GLU02B4739_003   3.299  -2.501   0.798
GLU02B4739_004   3.299  -2.501   0.798
GLU-1B4739_005   3.225  -2.423   0.802
LEU01B4740_001   4.027  -2.041   1.986
LEU01B4741_001   1.574  -0.103   1.471
MET01B4743_001   1.050  -0.646   0.404
ASP01B4744_001  -0.041  -2.231  -2.272
ASP01B4744_002  -0.041  -2.231  -2.272
ASP02B4744_003  -0.009  -2.164  -2.174
ASP02B4744_004  -0.009  -2.164  -2.174
ASP-1B4744_005  -0.041  -2.136  -2.177
LEU01B4745_001   1.452  -5.972  -4.520
ALA01B4746_001   0.000  -0.927  -0.927
SER01B4747_001   0.000  -1.130  -1.130
LEU01B4748_001   1.459  -5.834  -4.375
GLU01B4749_001   0.500  -2.693  -2.193
GLU01B4749_002   0.500  -2.693  -2.193
GLU02B4749_003   0.667  -2.644  -1.978
GLU02B4749_004   0.667  -2.644  -1.978
GLU-1B4749_005   0.469  -2.619  -2.150
ILE01B4750_001   0.941  -1.751  -0.810
THR01B4751_001   0.151  -5.254  -5.103
ALA01B4752_001   0.000  -2.711  -2.711
HIS01B4753_001  -0.354  -3.152  -3.505
HIS02B4753_002  -0.363  -3.152  -3.515
HIS+1B4753_003  -0.382  -3.152  -3.534
ASN01B4754_001  -0.020  -0.591  -0.611
GLU01B4755_001   0.495  -2.347  -1.852
GLU01B4755_002   0.495  -2.347  -1.852
GLU02B4755_003   0.661  -2.324  -1.663
GLU02B4755_004   0.661  -2.324  -1.663
GLU-1B4755_005   0.464  -2.231  -1.767
ARG01B4756_0011192.203  -4.8461187.356
ARG02B4756_0021192.184  -4.8461187.338
ARG03B4756_0031192.218  -4.8461187.372
ARG03B4756_004 191.251  -4.846 186.405
ARG+1B4756_0051192.152  -4.8461187.306
LYS01B4757_001   3.793  -3.462   0.331
LYS+1B4757_002   3.699  -3.462   0.237
PRO01B4758_001   0.216  -5.692  -5.476
ASP01B4759_001  -0.040  -3.008  -3.048
ASP01B4759_002  -0.040  -3.008  -3.048
ASP02B4759_003  -0.009  -3.135  -3.144
ASP02B4759_004  -0.009  -3.135  -3.144
ASP-1B4759_005  -0.040  -3.087  -3.128
PRO01B4760_001   0.246  -6.538  -6.292
PRO01B4761_001   0.244  -7.032  -6.788
PRO01B4762_001   0.230  -5.631  -5.400
LEU01B4764_001   1.456  -4.874  -3.418
LEU01B4765_001   1.460  -4.446  -2.986
THR01B4766_001   0.229  -5.185  -4.956
THR01B4766_002   0.229  -5.185  -4.956
TRP01B4767_001   3.077  -6.939  -3.862
LEU01B4768_001   3.419  -5.837  -2.418
MET01B4769_001   0.117  -9.101  -8.984
SER01B4770_001   0.000  -3.257  -3.257
SER01B4770_002   0.000  -3.257  -3.257
ILE01B4771_001   1.946  -4.118  -2.172
ASP01B4772_001   0.106  -1.961  -1.855
ASP01B4772_002   0.106  -1.961  -1.855
ASP02B4772_003   0.172  -2.026  -1.854
ASP02B4772_004   0.172  -2.026  -1.854
ASP-1B4772_005   0.096  -1.908  -1.812
VAL01B4773_001   0.733  -5.441  -4.707
LYS01B4774_001   1.056  -6.245  -5.188
LYS+1B4774_002   1.007  -6.245  -5.238
TYR01B4775_001   4.993  -0.868   4.124
TYR-1B4775_002   4.993  -0.868   4.124
GLN01B4776_001   0.832  -1.888  -1.056
ILE01B4777_001   3.000  -4.649  -1.649
TRP01B4778_001   4.104  -0.068   4.036
LYS01B4779_001   2.561  -3.398  -0.837
LYS+1B4779_002   2.512  -3.398  -0.886
PHE01B4780_001   4.541  -5.707  -1.167
VAL01B4782_001   1.337   0.000   1.337
ILE01B4783_001   2.597  -1.407   1.190
PHE01B4784_001   3.950  -6.625  -2.675
THR01B4785_001   0.213  -2.187  -1.974
ASP01B4786_001   0.305  -0.978  -0.673
ASP01B4786_002   0.305  -0.978  -0.673
ASP02B4786_003   0.368  -0.861  -0.493
ASP02B4786_004   0.368  -0.861  -0.493
ASP-1B4786_005   0.268  -0.861  -0.593
ASN01B4787_001   0.359  -3.487  -3.128
ASN01B4787_002   0.513  -3.669  -3.156
SER01B4788_001   0.000  -2.418  -2.418
SER01B4788_002   0.000  -2.418  -2.418
SER01B4788_003   0.000  -2.418  -2.418
PHE01B4789_001   5.639  -1.871   3.769
LEU01B4790_001   2.412  -4.391  -1.979
TYR01B4791_001   5.242  -4.550   0.692
TYR01B4791_002   5.242  -4.550   0.692
TYR-1B4791_003   5.242  -4.550   0.692
LEU01B4792_001   1.406  -0.927   0.479
TRP01B4794_001   3.633  -8.158  -4.525
TYR01B4795_001   5.047  -0.101   4.946
TYR-1B4795_002   5.047  -0.101   4.946
MET01B4796_001   9.158  -1.195   7.963
VAL01B4797_001   0.906  -4.050  -3.144
MET01B4798_001   5.007  -0.907   4.100
SER01B4799_001   0.000   0.000   0.000
SER01B4799_002   0.000   0.000   0.000
SER01B4799_003   0.000   0.000   0.000
LEU01B4800_001   2.351  -5.904  -3.554
LEU01B4801_001   1.333  -3.709  -2.375
HIS01B4803_001  -0.175  -2.664  -2.839
HIS02B4803_002  -0.193  -2.664  -2.857
HIS+1B4803_003  -0.220  -2.664  -2.884
TYR01B4804_001   4.000  -9.721  -5.721
TYR-1B4804_002   4.000  -9.721  -5.721
ASN01B4805_001   0.153  -2.121  -1.968
ASN01B4805_002  -0.006  -1.866  -1.871
ASN01B4806_001   0.535  -1.974  -1.439
ASN01B4806_002   0.279  -1.841  -1.562
PHE01B4807_001   4.312 -10.704  -6.392
PHE01B4808_001   5.473  -3.992   1.482
PHE01B4809_001   4.546  -0.253   4.294
ALA01B4810_001   0.000  -1.185  -1.185
ALA01B4811_001   0.000  -1.236  -1.236
HIS01B4812_001  -0.089   0.000  -0.089
HIS02B4812_002  -0.109   0.000  -0.109
HIS+1B4812_003  -0.136   0.000  -0.136
LEU01B4813_001   2.213  -3.448  -1.235
LEU01B4814_001   1.790  -6.400  -4.610
ASP01B4815_001   0.329  -0.296   0.033
ASP01B4815_002   0.329  -0.296   0.033
ASP02B4815_003   0.420  -0.227   0.193
ASP02B4815_004   0.420  -0.227   0.193
ASP-1B4815_005   0.300  -0.220   0.081
ILE01B4816_001   3.038  -0.618   2.420
ALA01B4817_001   0.000  -2.608  -2.608
MET01B4818_001   0.076  -5.092  -5.017
VAL01B4820_001   0.657  -3.915  -3.258
LYS01B4821_001   8.677  -7.683   0.994
LYS+1B4821_002   8.602  -7.683   0.919
THR01B4822_001   0.365  -4.588  -4.223
THR01B4822_002   0.365  -4.588  -4.223
LEU01B4823_001   1.013  -5.441  -4.427
ARG01B4824_001   3.306  -5.571  -2.265
ARG02B4824_002   3.270  -5.571  -2.301
ARG03B4824_003   3.338  -5.571  -2.233
ARG+1B4824_004   3.230  -5.571  -2.341
THR01B4825_001   0.298  -3.329  -3.032
THR01B4825_002   0.298  -3.329  -3.032
ILE01B4826_001   4.545  -5.560  -1.015
LEU01B4827_001   2.916  -4.787  -1.872
SER01B4828_001   0.000  -2.207  -2.207
SER01B4828_002   0.000  -2.207  -2.207
SER01B4829_001   0.000  -0.048  -0.048
SER01B4829_002   0.000  -0.048  -0.048
VAL01B4830_001   0.598  -4.308  -3.709
THR01B4831_001   0.244  -4.522  -4.278
THR01B4831_002   0.244  -4.522  -4.278
HIS01B4832_001  -0.161  -4.362  -4.523
HIS01B4832_002  -0.121  -4.302  -4.422
HIS02B4832_003  -0.178  -4.362  -4.540
HIS02B4832_004  -0.135  -4.302  -4.436
HIS+1B4832_005  -0.205  -4.362  -4.567
HIS+1B4832_006  -0.161  -4.302  -4.463
ASN01B4833_001   0.486  -0.487  -0.002
ASN01B4833_002   0.229  -0.551  -0.322
LYS01B4835_001   2.193  -7.760  -5.566
LYS+1B4835_002   2.147  -7.760  -5.613
GLN01B4836_001   2.088  -2.552  -0.464
LEU01B4837_001   1.573  -1.442   0.131
VAL01B4838_001   0.904  -5.921  -5.017
MET01B4839_001   0.083  -8.337  -8.253
THR01B4840_001   0.210  -0.550  -0.340
THR01B4840_002   0.210  -0.550  -0.340
THR01B4840_003   0.210  -0.550  -0.340
VAL01B4841_001   0.981  -4.617  -3.636
LEU01B4843_001   4.563  -5.560  -0.997
LEU01B4844_001   5.107  -2.382   2.724
ALA01B4845_001   0.000  -2.572  -2.572
VAL01B4846_001   0.719  -4.771  -4.052
VAL01B4847_001   0.793  -1.133  -0.340
VAL01B4848_001   1.263   0.000   1.263
TYR01B4849_001   5.059  -7.108  -2.049
TYR-1B4849_002   5.059  -7.108  -2.049
LEU01B4850_001   1.846  -6.603  -4.757
TYR01B4851_001   4.609  -2.891   1.717
TYR-1B4851_002   4.609  -2.891   1.717
THR01B4852_001   0.302   0.000   0.302
THR01B4852_002   0.302   0.000   0.302
THR01B4852_003   0.302   0.000   0.302
VAL01B4853_001   0.841  -3.142  -2.301
VAL01B4854_001   0.586  -2.093  -1.507
ALA01B4855_001   0.000  -0.428  -0.428
PHE01B4856_001   4.474  -2.275   2.199
ASN01B4857_001   0.303  -2.004  -1.701
ASN01B4857_002   0.113  -1.929  -1.816
PHE01B4858_001   4.488 -10.020  -5.531
PHE01B4859_001   4.742  -0.405   4.337
ARG01B4860_001   2.433  -7.110  -4.678
ARG02B4860_002   2.398  -7.110  -4.712
ARG03B4860_003   2.407  -7.110  -4.704
ARG+1B4860_004   2.358  -7.110  -4.752
LYS01B4861_001   3.090  -5.979  -2.888
LYS+1B4861_002   3.049  -5.979  -2.929
PHE01B4862_001   5.128  -1.466   3.663
TYR01B4863_001   4.929   0.000   4.929
TYR01B4863_002   4.929   0.000   4.929
TYR-1B4863_003   4.929   0.000   4.929
ASN01B4864_001   0.121  -1.196  -1.075
ASN01B4864_002   0.310  -1.304  -0.994
LYS01B4865_001   3.069  -1.524   1.545
LYS+1B4865_002   3.018  -1.524   1.494
SER01B4866_001   0.000  -3.908  -3.908
GLU01B4867_001   3.261  -2.137   1.124
GLU01B4867_002   3.261  -2.137   1.124
GLU02B4867_003   2.663  -2.308   0.355
GLU02B4867_004   2.663  -2.308   0.355
GLU-1B4867_005   2.572  -2.139   0.433
ASP01B4868_001   0.414  -3.950  -3.536
ASP01B4868_002   0.414  -3.950  -3.536
ASP02B4868_003   0.469  -3.851  -3.382
ASP02B4868_004   0.469  -3.851  -3.382
ASP-1B4868_005   0.359  -3.806  -3.447
GLU01B4869_001   2.024  -3.937  -1.913
GLU01B4869_002   2.024  -3.937  -1.913
GLU02B4869_003   1.671  -3.960  -2.289
GLU02B4869_004   1.671  -3.960  -2.289
GLU-1B4869_005   1.576  -3.798  -2.221
ASP01B4870_001   0.262  -2.970  -2.709
ASP01B4870_002   0.262  -2.970  -2.709
ASP02B4870_003   0.368  -3.008  -2.640
ASP02B4870_004   0.368  -3.008  -2.640
ASP-1B4870_005   0.249  -2.825  -2.576
GLU01B4871_001   4.403  -1.575   2.828
GLU01B4871_002   4.403  -1.575   2.828
GLU02B4871_003   3.521  -1.646   1.875
GLU02B4871_004   3.521  -1.646   1.875
GLU-1B4871_005   3.450  -1.576   1.873
CTR01B4871_001  -0.021  -0.898  -0.919
CTR01B4871_002   0.091  -0.859  -0.769
CTR02B4871_003  -0.022  -0.898  -0.920
CTR02B4871_004   0.035  -0.898  -0.863
CTR-1B4871_005   0.000  -0.898  -0.898
NTR01B4872_001  -0.002  -0.634  -0.636
NTR+1B4872_002  -0.004  -0.634  -0.638
PRO01B4872_001   0.281  -5.389  -5.109
ASP01B4873_001   0.091  -1.773  -1.682
ASP01B4873_002   0.091  -1.773  -1.682
ASP02B4873_003   0.166  -1.783  -1.617
ASP02B4873_004   0.166  -1.783  -1.617
ASP-1B4873_005   0.086  -1.645  -1.559
MET01B4874_001   1.227  -1.525  -0.298
LYS01B4875_001   6.414  -1.281   5.132
LYS+1B4875_002   6.469  -1.281   5.188
CYS01B4876_001  -0.002   0.000  -0.002
CYS01B4876_002  -0.002   0.000  -0.002
CYS01B4876_003  -0.003   0.000  -0.003
CYS-1B4876_004   0.000   0.000   0.000
ASP01B4877_001   0.099  -1.931  -1.832
ASP01B4877_002   0.099  -1.931  -1.832
ASP02B4877_003   0.165  -1.885  -1.719
ASP02B4877_004   0.165  -1.885  -1.719
ASP-1B4877_005   0.090  -1.804  -1.714
ASP01B4878_001  -0.040  -1.972  -2.012
ASP01B4878_002  -0.040  -1.972  -2.012
ASP02B4878_003  -0.009  -2.094  -2.104
ASP02B4878_004  -0.009  -2.094  -2.104
ASP-1B4878_005  -0.041  -1.972  -2.012
MET01B4879_001   0.150  -3.944  -3.794
MET01B4880_001   0.952  -9.249  -8.297
THR01B4881_001   0.301  -2.044  -1.743
THR01B4881_002   0.301  -2.044  -1.743
THR01B4881_003   0.301  -2.044  -1.743
CYS01B4882_001  -0.002   0.000  -0.002
CYS01B4882_002  -0.002   0.000  -0.002
CYS01B4882_003  -0.003   0.000  -0.003
CYS-1B4882_004   0.000   0.000   0.000
TYR01B4883_001   5.673  -2.081   3.592
TYR01B4883_002   5.673  -2.081   3.592
TYR-1B4883_003   5.673  -2.081   3.592
LEU01B4884_001   2.266  -6.468  -4.202
PHE01B4885_001   6.057  -0.960   5.097
HIS01B4886_001  -0.138  -0.115  -0.252
HIS01B4886_002  -0.093  -0.064  -0.157
HIS02B4886_003  -0.156  -0.115  -0.271
HIS02B4886_004  -0.106  -0.064  -0.171
HIS+1B4886_005  -0.183  -0.115  -0.298
HIS+1B4886_006  -0.133  -0.064  -0.197
MET01B4887_001   0.889  -3.892  -3.002
TYR01B4888_001   4.928  -8.413  -3.484
TYR01B4888_002   4.928  -8.413  -3.484
TYR-1B4888_003   4.928  -8.413  -3.484
VAL01B4889_001   0.714  -0.567   0.148
VAL01B4891_001   0.840  -1.185  -0.345
ARG01B4892_001   9.868  -7.158   2.711
ARG02B4892_002   9.806  -7.158   2.648
ARG03B4892_003   9.891  -7.158   2.733
ARG+1B4892_004   9.758  -7.158   2.600
ALA01B4893_001   0.000   0.000   0.000
ILE01B4897_001   1.722  -0.512   1.210
ASP01B4899_001   0.167  -1.787  -1.620
ASP01B4899_002   0.167  -1.787  -1.620
ASP02B4899_003   0.259  -1.736  -1.477
ASP02B4899_004   0.259  -1.736  -1.477
ASP-1B4899_005   0.160  -1.770  -1.610
GLU01B4900_001   3.434  -1.140   2.294
GLU01B4900_002   3.434  -1.140   2.294
GLU02B4900_003   2.746  -1.181   1.565
GLU02B4900_004   2.746  -1.181   1.565
GLU-1B4900_005   2.685  -1.140   1.544
ILE01B4901_001   5.940  -0.567   5.373
GLU01B4902_001   3.957  -1.530   2.426
GLU01B4902_002   3.957  -1.530   2.426
GLU02B4902_003   3.269  -1.564   1.704
GLU02B4902_004   3.269  -1.564   1.704
GLU-1B4902_005   3.133  -1.464   1.669
ASP01B4903_001   0.089  -3.224  -3.135
ASP01B4903_002   0.089  -3.224  -3.135
ASP02B4903_003   0.166  -3.233  -3.067
ASP02B4903_004   0.166  -3.233  -3.067
ASP-1B4903_005   0.086  -3.161  -3.074
PRO01B4904_001   0.254  -0.940  -0.686
ALA01B4905_001   0.000  -2.798  -2.798
ASP01B4907_001  -0.040  -3.565  -3.605
ASP01B4907_002  -0.040  -3.565  -3.605
ASP02B4907_003  -0.009  -3.499  -3.508
ASP02B4907_004  -0.009  -3.499  -3.508
ASP-1B4907_005  -0.041  -3.513  -3.554
GLU01B4908_001   0.499  -2.605  -2.107
GLU01B4908_002   0.499  -2.605  -2.107
GLU02B4908_003   0.665  -2.713  -2.048
GLU02B4908_004   0.665  -2.713  -2.048
GLU-1B4908_005   0.467  -2.579  -2.112
TYR01B4909_001   4.041  -8.712  -4.671
TYR-1B4909_002   4.041  -8.712  -4.671
GLU01B4910_001   0.497  -1.331  -0.835
GLU01B4910_002   0.497  -1.331  -0.835
GLU02B4910_003   0.663  -1.429  -0.766
GLU02B4910_004   0.663  -1.429  -0.766
GLU-1B4910_005   0.466  -1.309  -0.844
LEU01B4911_001   2.866  -8.821  -5.955
TYR01B4912_001   4.072  -8.888  -4.816
TYR-1B4912_002   4.072  -8.888  -4.816
ARG01B4913_001  14.535  -0.899  13.637
ARG02B4913_002  14.490  -0.899  13.592
ARG03B4913_003  14.522  -0.899  13.624
ARG+1B4913_004  14.452  -0.899  13.553
VAL01B4914_001   0.780  -4.562  -3.782
VAL01B4915_001   0.651  -5.199  -4.549
PHE01B4916_001   4.906  -1.589   3.317
ASP01B4917_001   0.351  -0.550  -0.199
ASP01B4917_002   0.351  -0.550  -0.199
ASP02B4917_003   0.407  -0.540  -0.133
ASP02B4917_004   0.407  -0.540  -0.133
ASP-1B4917_005   0.305  -0.521  -0.216
ILE01B4918_001   3.908  -4.668  -0.760
THR01B4919_001   0.270  -1.732  -1.461
THR01B4919_002   0.270  -1.732  -1.461
PHE01B4920_001   5.069   0.000   5.069
PHE01B4921_001   5.150  -1.920   3.230
PHE01B4922_001   4.618  -5.934  -1.316
PHE01B4923_001   4.639  -9.033  -4.394
VAL01B4924_001   0.780  -2.402  -1.622
ILE01B4925_001   4.188  -0.155   4.034
VAL01B4926_001   0.618  -4.324  -3.706
ILE01B4927_001   1.135  -4.858  -3.723
LEU01B4928_001   2.132  -0.206   1.926
LEU01B4929_001   2.132  -6.127  -3.995
ALA01B4930_001   0.000  -2.968  -2.968
ILE01B4931_001   3.634  -3.348   0.286
ILE01B4932_001   3.828  -2.865   0.963
GLN01B4933_001   8.366  -2.749   5.617
LEU01B4935_001   2.484  -3.448  -0.964
ILE01B4936_001   7.155  -1.648   5.506
ILE01B4937_001   3.816  -6.226  -2.411
ASP01B4938_001   0.463  -2.681  -2.219
ASP01B4938_002   0.463  -2.681  -2.219
ASP02B4938_003   0.466  -2.766  -2.300
ASP02B4938_004   0.466  -2.766  -2.300
ASP-1B4938_005   0.379  -2.688  -2.309
ALA01B4939_001   0.000   0.000   0.000
PHE01B4940_001   5.613  -4.155   1.458
GLU01B4942_001   4.705  -1.924   2.781
GLU01B4942_002   4.705  -1.924   2.781
GLU02B4942_003   3.748  -1.989   1.759
GLU02B4942_004   3.748  -1.989   1.759
GLU-1B4942_005   3.689  -1.959   1.729
LEU01B4943_001   1.740  -2.730  -0.990
ARG01B4944_001   3.594  -8.644  -5.050
ARG02B4944_002   3.651  -8.644  -4.992
ARG03B4944_003   3.561  -8.644  -5.083
ARG+1B4944_004   3.521  -8.644  -5.123
ASP01B4945_001   0.168  -2.238  -2.071
ASP01B4945_002   0.168  -2.238  -2.071
ASP02B4945_003   0.256  -2.248  -1.992
ASP02B4945_004   0.256  -2.248  -1.992
ASP-1B4945_005   0.159  -2.170  -2.011
GLN01B4946_001   0.968  -1.457  -0.488
GLN01B4946_002   0.860  -1.237  -0.377
GLN01B4947_001   1.189  -1.884  -0.695
GLN01B4947_002   1.524  -1.756  -0.232
GLU01B4948_001   2.254  -1.994   0.260
GLU01B4948_002   2.254  -1.994   0.260
GLU02B4948_003   1.855  -1.981  -0.126
GLU02B4948_004   1.855  -1.981  -0.126
GLU-1B4948_005   1.757  -1.980  -0.223
GLN01B4949_001   4.915  -1.863   3.051
VAL01B4950_001   0.830  -0.634   0.195
LYS01B4951_001   4.166  -7.985  -3.819
LYS+1B4951_002   4.179  -7.985  -3.806
GLU01B4952_001   4.235  -2.268   1.967
GLU01B4952_002   4.235  -2.268   1.967
GLU02B4952_003   3.373  -2.395   0.979
GLU02B4952_004   3.373  -2.395   0.979
GLU-1B4952_005   3.313  -2.247   1.066
ASP01B4953_001   0.553  -0.580  -0.027
ASP01B4953_002   0.553  -0.580  -0.027
ASP02B4953_003   0.632  -0.482   0.150
ASP02B4953_004   0.632  -0.482   0.150
ASP-1B4953_005   0.490  -0.482   0.008
MET01B4954_001   0.192  -2.970  -2.778
GLU01B4955_001   0.497  -3.382  -2.884
GLU01B4955_002   0.497  -3.382  -2.884
GLU02B4955_003   0.663  -3.280  -2.617
GLU02B4955_004   0.663  -3.280  -2.617
GLU-1B4955_005   0.466  -3.217  -2.751
THR01B4956_001   0.306  -2.464  -2.158
THR01B4956_002   0.306  -2.464  -2.158
THR01B4956_003   0.306  -2.464  -2.158
LYS01B4957_001   1.931  -4.058  -2.127
LYS+1B4957_002   1.884  -4.058  -2.173
CYS01B4958_001  -0.002  -0.071  -0.073
CYS01B4958_002  -0.002  -0.071  -0.073
CYS01B4958_003  -0.003  -0.071  -0.074
CYS-1B4958_004   0.000  -0.071  -0.071
PHE01B4959_001   5.793  -0.289   5.505
ILE01B4960_001   2.258   0.000   2.258
CYS01B4961_001  -0.002   0.000  -0.002
CYS01B4961_002  -0.002   0.000  -0.002
CYS01B4961_003  -0.003   0.000  -0.003
CYS-1B4961_004   0.000   0.000   0.000
ILE01B4963_001   2.018  -1.185   0.833
SER01B4965_001   0.000  -0.831  -0.831
SER01B4965_002   0.000  -0.831  -0.831
SER01B4965_003   0.000  -0.831  -0.831
ASP01B4966_001   0.214  -3.149  -2.935
ASP01B4966_002   0.214  -3.149  -2.935
ASP02B4966_003   0.311  -3.342  -3.030
ASP02B4966_004   0.311  -3.342  -3.030
ASP-1B4966_005   0.203  -3.200  -2.997
TYR01B4967_001   6.110  -4.310   1.800
TYR01B4967_002   6.110  -4.310   1.800
TYR-1B4967_003   6.110  -4.310   1.800
PHE01B4968_001   6.412   0.000   6.412
ASP01B4969_001   0.370  -0.946  -0.576
ASP01B4969_002   0.370  -0.946  -0.576
ASP02B4969_003   0.499  -0.986  -0.487
ASP02B4969_004   0.499  -0.986  -0.487
ASP-1B4969_005   0.352  -0.939  -0.586
THR01B4970_001   0.332  -5.321  -4.989
THR01B4970_002   0.332  -5.321  -4.989
THR01B4971_001   0.224  -3.389  -3.165
PRO01B4972_001   0.364  -6.009  -5.645
HIS01B4973_001  -0.188  -7.543  -7.732
HIS01B4973_002  -0.156  -7.304  -7.460
HIS02B4973_003  -0.205  -7.543  -7.748
HIS02B4973_004  -0.170  -7.304  -7.474
HIS+1B4973_005  -0.232  -7.543  -7.775
HIS+1B4973_006  -0.196  -7.304  -7.501
PHE01B4975_001   5.822  -0.626   5.195
GLU01B4976_001   1.596  -1.998  -0.402
GLU01B4976_002   1.596  -1.998  -0.402
GLU02B4976_003   1.419  -2.068  -0.649
GLU02B4976_004   1.419  -2.068  -0.649
GLU-1B4976_005   1.271  -1.998  -0.728
THR01B4977_001   0.279  -3.603  -3.324
THR01B4977_002   0.279  -3.603  -3.324
THR01B4977_003   0.279  -3.603  -3.324
HIS01B4978_001  -0.178   0.000  -0.178
HIS02B4978_002  -0.196   0.000  -0.196
HIS+1B4978_003  -0.223   0.000  -0.223
THR01B4979_001   0.238  -2.009  -1.771
THR01B4979_002   0.238  -2.009  -1.771
THR01B4979_003   0.238  -2.009  -1.771
LEU01B4980_001   2.973  -6.230  -3.256
GLU01B4981_001   2.713  -0.656   2.057
GLU01B4981_002   2.713  -0.656   2.057
GLU02B4981_003   2.322  -0.637   1.686
GLU02B4981_004   2.322  -0.637   1.686
GLU-1B4981_005   2.202  -0.637   1.565
GLU01B4982_001   3.010  -0.276   2.735
GLU01B4982_002   3.010  -0.276   2.735
GLU02B4982_003   2.382  -0.290   2.092
GLU02B4982_004   2.382  -0.290   2.092
GLU-1B4982_005   2.327  -0.276   2.051
HIS01B4983_001  -0.242   0.000  -0.242
HIS02B4983_002  -0.263   0.000  -0.263
HIS+1B4983_003  -0.290   0.000  -0.290
ASN01B4984_001   0.051  -1.949  -1.898
ASN01B4984_002   0.253  -1.944  -1.691
LEU01B4985_001   5.355  -2.163   3.191
ALA01B4986_001   0.000  -0.721  -0.721
ASN01B4987_001   0.253  -0.192   0.061
TYR01B4988_001   5.142  -0.663   4.478
TYR-1B4988_002   5.142  -0.663   4.478
MET01B4989_001   0.909  -0.052   0.858
PHE01B4990_001   4.917  -0.556   4.361
PHE01B4991_001   5.795  -0.404   5.391
LEU01B4992_001   4.710  -0.773   3.937
MET01B4993_001  11.505  -0.355  11.150
TYR01B4994_001   5.299  -1.979   3.321
TYR01B4994_002   5.299  -1.979   3.321
TYR-1B4994_003   5.299  -1.979   3.321
LEU01B4995_001   1.810  -0.103   1.707
ILE01B4996_001   4.125  -1.922   2.203
ASN01B4997_001   0.517  -1.744  -1.227
ASN01B4997_002   0.233  -1.783  -1.550
LYS01B4998_001   1.291  -1.895  -0.604
LYS+1B4998_002   1.247  -1.895  -0.649
ASP01B4999_001   0.166  -2.451  -2.284
ASP01B4999_002   0.166  -2.451  -2.284
ASP02B4999_003   0.247  -2.571  -2.324
ASP02B4999_004   0.247  -2.571  -2.324
ASP-1B4999_005   0.155  -2.446  -2.292
GLU01B5000_001   3.409  -2.758   0.651
GLU01B5000_002   3.409  -2.758   0.651
GLU02B5000_003   2.731  -2.761  -0.030
GLU02B5000_004   2.731  -2.761  -0.030
GLU-1B5000_005   2.659  -2.674  -0.015
THR01B5001_001   0.230  -4.527  -4.297
GLU01B5002_001   0.996  -2.618  -1.622
GLU01B5002_002   0.996  -2.618  -1.622
GLU02B5002_003   0.907  -2.722  -1.815
GLU02B5002_004   0.907  -2.722  -1.815
GLU-1B5002_005   0.781  -2.674  -1.893
HIS01B5003_001  -0.194  -0.231  -0.425
HIS01B5003_002  -0.165  -0.197  -0.362
HIS02B5003_003  -0.210  -0.231  -0.442
HIS02B5003_004  -0.180  -0.197  -0.377
HIS+1B5003_005  -0.237  -0.231  -0.468
HIS+1B5003_006  -0.207  -0.197  -0.404
THR01B5004_001   0.177  -1.911  -1.734
THR01B5004_002   0.177  -1.911  -1.734
THR01B5004_003   0.177  -1.911  -1.734
GLN01B5006_001   2.159  -0.488   1.671
GLN01B5006_002   3.326  -0.331   2.995
GLU01B5007_001   3.321  -0.732   2.589
GLU01B5007_002   3.321  -0.732   2.589
GLU02B5007_003   2.649  -0.683   1.966
GLU02B5007_004   2.649  -0.683   1.966
GLU-1B5007_005   2.584  -0.655   1.929
SER01B5008_001   0.000  -1.680  -1.680
TYR01B5009_001   5.459  -2.678   2.781
TYR-1B5009_002   5.459  -2.678   2.781
VAL01B5010_001   0.650  -0.412   0.238
TRP01B5011_001   3.217  -2.663   0.554
LYS01B5012_001   5.610  -7.320  -1.710
LYS+1B5012_002   5.572  -7.320  -1.748
MET01B5013_001   0.060  -2.258  -2.198
TYR01B5014_001   4.742  -0.584   4.157
TYR01B5014_002   4.742  -0.584   4.157
TYR-1B5014_003   4.742  -0.584   4.157
GLN01B5015_001   0.726  -1.234  -0.508
GLU01B5016_001   1.383  -2.761  -1.378
GLU01B5016_002   1.383  -2.761  -1.378
GLU02B5016_003   1.215  -2.743  -1.527
GLU02B5016_004   1.215  -2.743  -1.527
GLU-1B5016_005   1.092  -2.705  -1.612
ARG01B5017_001   9.350  -1.176   8.175
ARG02B5017_002   9.260  -1.176   8.084
ARG03B5017_003   9.265  -1.176   8.089
ARG+1B5017_004   9.220  -1.176   8.044
CYS01B5018_001  -0.002  -2.863  -2.865
CYS01B5018_002  -0.002  -2.863  -2.865
CYS01B5018_003  -0.002  -2.863  -2.866
CYS-1B5018_004   0.000  -2.863  -2.863
TRP01B5019_001   3.981  -1.961   2.020
ASP01B5020_001   0.600  -2.400  -1.800
ASP01B5020_002   0.600  -2.400  -1.800
ASP02B5020_003   0.642  -2.304  -1.662
ASP02B5020_004   0.642  -2.304  -1.662
ASP-1B5020_005   0.515  -2.343  -1.828
PHE01B5021_001   5.573  -0.792   4.781
PHE01B5022_001   6.703  -0.457   6.246
PRO01B5023_001   0.395   0.000   0.395
ALA01B5024_001   0.000  -2.814  -2.814
ASP01B5026_001   0.136  -0.801  -0.664
ASP01B5026_002   0.136  -0.801  -0.664
ASP02B5026_003   0.226  -0.812  -0.586
ASP02B5026_004   0.226  -0.812  -0.586
ASP-1B5026_005   0.135  -0.801  -0.666
CYS01B5027_001  -0.002   0.000  -0.002
CYS01B5027_002  -0.002   0.000  -0.002
CYS01B5027_003  -0.002   0.000  -0.002
CYS-1B5027_004   0.000   0.000   0.000
PHE01B5028_001   6.175  -1.264   4.911
ARG01B5029_001   2.997  -2.679   0.318
ARG02B5029_002   2.930  -2.679   0.251
ARG03B5029_003   2.930  -2.679   0.252
ARG03B5029_004   2.992  -2.679   0.313
ARG+1B5029_005   2.885  -2.679   0.207
LYS01B5030_001   4.464  -3.970   0.494
LYS+1B5030_002   4.375  -3.970   0.405
GLN01B5031_001   1.480  -1.230   0.249
GLN01B5031_002   1.199  -1.304  -0.105
TYR01B5032_001   5.071  -0.712   4.359
TYR-1B5032_002   5.071  -0.712   4.359
GLU01B5033_001   4.516  -1.574   2.941
GLU01B5033_002   4.516  -1.574   2.941
GLU02B5033_003   3.635  -1.615   2.020
GLU02B5033_004   3.635  -1.615   2.020
GLU-1B5033_005   3.561  -1.555   2.006
ASP01B5034_001  -0.040  -3.022  -3.062
ASP01B5034_002  -0.040  -3.022  -3.062
ASP02B5034_003  -0.009  -3.054  -3.063
ASP02B5034_004  -0.009  -3.054  -3.063
ASP-1B5034_005  -0.040  -2.923  -2.963
GLN01B5035_001   1.081  -2.052  -0.971
LEU01B5036_001   4.027  -2.968   1.059
SER01B5037_001   0.000  -3.257  -3.257
SER01B5037_002   0.000  -3.257  -3.257
CTR01B5037_001  -0.021  -3.079  -3.100
CTR01B5037_002   0.105  -3.002  -2.897
CTR02B5037_003  -0.022  -2.983  -3.005
CTR02B5037_004   0.039  -3.099  -3.060
CTR-1B5037_005   0.000  -3.079  -3.079
_ZN+2B5101_001   0.000   0.000   0.000
_CA+2B5102_001   0.000  -0.676  -0.676
