   confID        vdw0    sas     sum
NTR01B3639_001  -0.003  -3.280  -3.283
NTR+1B3639_002  -0.005  -3.280  -3.285
THR01B3639_001   0.160  -4.117  -3.957
PRO01B3640_001   0.267  -3.485  -3.218
LEU01B3641_001   1.749  -9.971  -8.222
TYR01B3642_001   4.614  -9.913  -5.299
TYR-1B3642_002   4.614  -9.913  -5.299
ASN01B3643_001   0.384  -2.406  -2.022
ASN01B3643_002   0.143  -2.205  -2.062
LEU01B3644_001   1.744  -2.656  -0.913
PRO01B3645_001   0.249  -3.297  -3.048
THR01B3646_001   0.262  -7.042  -6.780
HIS01B3647_001  -0.159  -8.474  -8.633
HIS01B3647_002  -0.116  -8.794  -8.909
HIS02B3647_003  -0.177  -8.474  -8.651
HIS02B3647_004  -0.129  -8.794  -8.922
HIS+1B3647_005  -0.204  -8.474  -8.678
HIS+1B3647_006  -0.155  -8.794  -8.949
ARG01B3648_001   2.319  -8.154  -5.834
ARG02B3648_002   2.299  -8.154  -5.854
ARG03B3648_003   2.304  -8.154  -5.849
ARG+1B3648_004   2.256  -8.154  -5.897
ALA01B3649_001   0.000  -1.046  -1.046
CYS01B3650_001  -0.002  -3.859  -3.860
CYS01B3650_002  -0.002  -3.859  -3.860
CYS01B3650_003  -0.002  -3.859  -3.861
CYS-1B3650_004   0.000  -3.859  -3.859
ASN01B3651_001   0.468  -2.835  -2.367
ASN01B3651_002   0.226  -2.822  -2.596
MET01B3652_001   0.443  -5.990  -5.547
PHE01B3653_001   4.735  -8.982  -4.247
LEU01B3654_001   1.854  -7.173  -5.319
GLU01B3655_001   1.542  -3.261  -1.718
GLU01B3655_002   1.542  -3.261  -1.718
GLU02B3655_003   1.282  -3.270  -1.988
GLU02B3655_004   1.282  -3.270  -1.988
GLU-1B3655_005   1.188  -3.156  -1.968
SER01B3656_001   0.000  -3.280  -3.280
TYR01B3657_001   4.890  -5.569  -0.679
TYR-1B3657_002   4.890  -5.569  -0.679
LYS01B3658_001   1.912  -8.233  -6.321
LYS+1B3658_002   1.865  -8.233  -6.368
ALA01B3659_001   0.000  -5.029  -5.029
ALA01B3660_001   0.000  -2.576  -2.576
TRP01B3661_001   2.960  -4.750  -1.790
ILE01B3662_001   1.829 -10.209  -8.380
LEU01B3663_001   2.401  -5.425  -3.024
THR01B3664_001   0.183  -5.144  -4.961
GLU01B3665_001   1.599  -3.411  -1.812
GLU01B3665_002   1.599  -3.411  -1.812
GLU02B3665_003   1.321  -3.353  -2.032
GLU02B3665_004   1.321  -3.353  -2.032
GLU-1B3665_005   1.229  -3.327  -2.097
ASP01B3666_001   0.435  -2.135  -1.700
ASP01B3666_002   0.435  -2.135  -1.700
ASP02B3666_003   0.467  -2.129  -1.662
ASP02B3666_004   0.467  -2.129  -1.662
ASP-1B3666_005   0.367  -2.063  -1.696
HIS01B3667_001  -0.129  -4.697  -4.826
HIS01B3667_002  -0.079  -4.747  -4.826
HIS02B3667_003  -0.148  -4.697  -4.846
HIS02B3667_004  -0.092  -4.747  -4.839
HIS+1B3667_005  -0.175  -4.697  -4.873
HIS+1B3667_006  -0.119  -4.747  -4.865
SER01B3668_001   0.000  -3.642  -3.642
SER01B3668_002   0.000  -3.642  -3.642
PHE01B3669_001   4.782  -6.468  -1.685
GLU01B3670_001   1.113  -0.345   0.769
GLU01B3670_002   1.113  -0.345   0.769
GLU02B3670_003   0.942  -0.435   0.507
GLU02B3670_004   0.942  -0.435   0.507
GLU-1B3670_005   0.862  -0.345   0.517
ASP01B3671_001   0.100  -0.863  -0.763
ASP01B3671_002   0.100  -0.863  -0.763
ASP02B3671_003   0.178  -0.940  -0.762
ASP02B3671_004   0.178  -0.940  -0.762
ASP-1B3671_005   0.095  -0.896  -0.800
ARG01B3672_001   4.822  -9.932  -5.110
ARG02B3672_002   4.773  -9.932  -5.159
ARG03B3672_003   4.771  -9.932  -5.162
ARG+1B3672_004   4.725  -9.932  -5.207
MET01B3673_001   0.123  -3.606  -3.483
ILE01B3674_001   4.298  -0.171   4.127
ASP01B3675_001   0.169  -0.980  -0.810
ASP01B3675_002   0.169  -0.980  -0.810
ASP02B3675_003   0.254  -0.899  -0.645
ASP02B3675_004   0.254  -0.899  -0.645
ASP-1B3675_005   0.159  -0.969  -0.810
ASP01B3676_001   0.051  -1.698  -1.647
ASP01B3676_002   0.051  -1.698  -1.647
ASP02B3676_003   0.113  -1.797  -1.684
ASP02B3676_004   0.113  -1.797  -1.684
ASP-1B3676_005   0.047  -1.662  -1.615
LEU01B3677_001   2.171  -2.247  -0.076
SER01B3678_001   0.000  -0.745  -0.745
SER01B3678_002   0.000  -0.745  -0.745
LYS01B3679_001   1.470  -7.729  -6.259
LYS+1B3679_002   1.385  -7.729  -6.344
ALA01B3680_001   0.000  -3.174  -3.174
GLU01B3682_001   0.500  -3.059  -2.559
GLU01B3682_002   0.500  -3.059  -2.559
GLU02B3682_003   0.667  -3.047  -2.380
GLU02B3682_004   0.667  -3.047  -2.380
GLU-1B3682_005   0.469  -2.967  -2.498
GLN01B3683_001   0.454  -1.002  -0.548
GLU01B3684_001   0.499  -4.115  -3.617
GLU01B3684_002   0.499  -4.115  -3.617
GLU02B3684_003   0.665  -4.090  -3.425
GLU02B3684_004   0.665  -4.090  -3.425
GLU-1B3684_005   0.467  -4.044  -3.576
GLU01B3685_001   0.501  -4.339  -3.839
GLU01B3685_002   0.501  -4.339  -3.839
GLU02B3685_003   0.668  -4.444  -3.777
GLU02B3685_004   0.668  -4.444  -3.777
GLU-1B3685_005   0.470  -4.362  -3.893
GLU01B3686_001   0.499  -2.703  -2.204
GLU01B3686_002   0.499  -2.703  -2.204
GLU02B3686_003   0.665  -2.696  -2.031
GLU02B3686_004   0.665  -2.696  -2.031
GLU-1B3686_005   0.467  -2.588  -2.121
GLU01B3687_001   0.499  -2.666  -2.166
GLU01B3687_002   0.499  -2.666  -2.166
GLU02B3687_003   0.667  -2.706  -2.040
GLU02B3687_004   0.667  -2.706  -2.040
GLU-1B3687_005   0.468  -2.688  -2.219
GLU01B3688_001   0.497  -4.071  -3.575
GLU01B3688_002   0.497  -4.071  -3.575
GLU02B3688_003   0.663  -4.213  -3.550
GLU02B3688_004   0.663  -4.213  -3.550
GLU-1B3688_005   0.465  -4.065  -3.600
GLU01B3689_001   0.498  -4.430  -3.932
GLU01B3689_002   0.498  -4.430  -3.932
GLU02B3689_003   0.664  -4.501  -3.837
GLU02B3689_004   0.664  -4.501  -3.837
GLU-1B3689_005   0.467  -4.328  -3.861
VAL01B3690_001   0.496  -2.881  -2.385
GLU01B3691_001   0.497  -4.454  -3.957
GLU01B3691_002   0.497  -4.454  -3.957
GLU02B3691_003   0.663  -4.446  -3.783
GLU02B3691_004   0.663  -4.446  -3.783
GLU-1B3691_005   0.466  -4.345  -3.880
GLU01B3692_001   0.496  -3.438  -2.941
GLU01B3692_002   0.496  -3.438  -2.941
GLU02B3692_003   0.663  -3.531  -2.869
GLU02B3692_004   0.663  -3.531  -2.869
GLU-1B3692_005   0.465  -3.363  -2.898
LYS01B3693_001   3.792  -7.413  -3.621
LYS+1B3693_002   3.698  -7.413  -3.715
LYS01B3694_001   1.062  -5.058  -3.997
LYS+1B3694_002   0.987  -5.058  -4.072
PRO01B3695_001   0.271  -2.461  -2.191
ASP01B3696_001   0.186  -0.424  -0.238
ASP01B3696_002   0.186  -0.424  -0.238
ASP02B3696_003   0.276  -0.426  -0.150
ASP02B3696_004   0.276  -0.426  -0.150
ASP-1B3696_005   0.176  -0.413  -0.238
PRO01B3697_001   0.275  -2.746  -2.471
LEU01B3698_001   2.100   0.000   2.100
HIS01B3699_001  -0.130  -2.049  -2.179
HIS01B3699_002  -0.083  -2.185  -2.268
HIS02B3699_003  -0.149  -2.049  -2.198
HIS02B3699_004  -0.096  -2.185  -2.281
HIS+1B3699_005  -0.176  -2.049  -2.225
HIS+1B3699_006  -0.123  -2.185  -2.308
GLN01B3700_001   1.332  -2.302  -0.970
GLN01B3700_002   2.221  -2.293  -0.073
LEU01B3701_001   2.929  -1.751   1.178
VAL01B3702_001   0.672   0.000   0.672
LEU01B3703_001   1.792  -4.256  -2.464
HIS01B3704_001  -0.141  -7.298  -7.440
HIS01B3704_002  -0.098  -7.218  -7.316
HIS02B3704_003  -0.160  -7.298  -7.458
HIS02B3704_004  -0.112  -7.218  -7.330
HIS+1B3704_005  -0.187  -7.298  -7.485
HIS+1B3704_006  -0.138  -7.218  -7.356
PHE01B3705_001   4.485  -0.068   4.417
SER01B3706_001   0.000  -1.348  -1.348
SER01B3706_002   0.000  -1.348  -1.348
ARG01B3707_001   2.536 -11.158  -8.622
ARG02B3707_002   2.522 -11.158  -8.636
ARG03B3707_003   2.517 -11.158  -8.641
ARG+1B3707_004   2.474 -11.158  -8.684
THR01B3708_001   0.265  -2.585  -2.320
THR01B3708_002   0.265  -2.585  -2.320
ALA01B3709_001   0.000   0.000   0.000
LEU01B3710_001   2.005  -6.420  -4.415
THR01B3711_001   0.186  -4.866  -4.680
THR01B3711_002   0.186  -4.866  -4.680
GLU01B3712_001   4.140  -3.924   0.216
GLU01B3712_002   4.140  -3.924   0.216
GLU02B3712_003   3.369  -4.000  -0.631
GLU02B3712_004   3.369  -4.000  -0.631
GLU-1B3712_005   3.295  -3.879  -0.584
LYS01B3713_001   1.357  -4.401  -3.044
LYS+1B3713_002   1.309  -4.401  -3.092
SER01B3714_001   0.000  -5.230  -5.230
LYS01B3715_001   2.119  -9.176  -7.056
LYS+1B3715_002   2.072  -9.176  -7.103
LEU01B3716_001   1.941  -0.892   1.049
ASP01B3717_001   0.164  -2.368  -2.203
ASP01B3717_002   0.164  -2.368  -2.203
ASP02B3717_003   0.248  -2.365  -2.117
ASP02B3717_004   0.248  -2.365  -2.117
ASP-1B3717_005   0.155  -2.244  -2.089
GLU01B3718_001   1.901  -2.999  -1.098
GLU01B3718_002   1.901  -2.999  -1.098
GLU02B3718_003   1.548  -3.021  -1.473
GLU02B3718_004   1.548  -3.021  -1.473
GLU-1B3718_005   1.465  -2.936  -1.471
ASP01B3719_001   0.043  -0.966  -0.922
ASP01B3719_002   0.043  -0.966  -0.922
ASP02B3719_003   0.104  -0.874  -0.770
ASP02B3719_004   0.104  -0.874  -0.770
ASP-1B3719_005   0.039  -0.861  -0.822
TYR01B3720_001   4.384 -12.051  -7.668
TYR-1B3720_002   4.384 -12.051  -7.668
LEU01B3721_001   3.822  -5.747  -1.924
TYR01B3722_001   4.996   0.000   4.996
TYR01B3722_002   4.996   0.000   4.996
TYR-1B3722_003   4.996   0.000   4.996
MET01B3723_001   0.088  -1.297  -1.209
ALA01B3724_001   0.000  -1.748  -1.748
TYR01B3725_001   4.650  -3.138   1.512
TYR-1B3725_002   4.650  -3.138   1.512
ALA01B3726_001   0.000   0.000   0.000
ASP01B3727_001   0.064  -1.809  -1.746
ASP01B3727_002   0.064  -1.809  -1.746
ASP02B3727_003   0.133  -1.728  -1.595
ASP02B3727_004   0.133  -1.728  -1.595
ASP-1B3727_005   0.061  -1.688  -1.627
ILE01B3728_001   2.599  -0.618   1.981
MET01B3729_001   0.068  -0.219  -0.151
ALA01B3730_001   0.000  -0.274  -0.274
LYS01B3731_001   3.852  -3.899  -0.047
LYS+1B3731_002   3.762  -3.899  -0.136
SER01B3732_001   0.000  -0.060  -0.060
SER01B3732_002   0.000  -0.060  -0.060
SER01B3732_003   0.000  -0.060  -0.060
CYS01B3733_001  -0.002  -0.071  -0.073
CYS01B3733_002  -0.002  -0.071  -0.073
CYS01B3733_003  -0.002  -0.071  -0.074
CYS-1B3733_004   0.000  -0.071  -0.071
HIS01B3734_001  -0.354  -2.431  -2.785
HIS01B3734_002  -0.345  -2.288  -2.633
HIS02B3734_003  -0.363  -2.431  -2.794
HIS02B3734_004  -0.356  -2.288  -2.643
HIS+1B3734_005  -0.383  -2.431  -2.814
HIS+1B3734_006  -0.375  -2.288  -2.663
LEU01B3735_001   1.457  -1.030   0.427
GLU01B3736_001   0.501  -0.036   0.465
GLU01B3736_002   0.501  -0.036   0.465
GLU02B3736_003   0.668   0.000   0.668
GLU02B3736_004   0.668   0.000   0.668
GLU-1B3736_005   0.470   0.000   0.470
GLU01B3737_001   0.499  -1.125  -0.627
GLU01B3737_002   0.499  -1.125  -0.627
GLU02B3737_003   0.665  -1.109  -0.443
GLU02B3737_004   0.665  -1.109  -0.443
GLU-1B3737_005   0.468  -1.072  -0.605
GLU01B3740_001   0.499  -0.807  -0.308
GLU01B3740_002   0.499  -0.807  -0.308
GLU02B3740_003   0.666  -0.815  -0.149
GLU02B3740_004   0.666  -0.815  -0.149
GLU-1B3740_005   0.468  -0.810  -0.341
ASN01B3741_001  -0.020  -2.290  -2.310
CTR01B3741_001  -0.021  -4.614  -4.635
CTR01B3741_002   0.108  -4.595  -4.488
CTR02B3741_003  -0.022  -4.827  -4.849
CTR02B3741_004   0.042  -4.692  -4.649
CTR-1B3741_005   0.000  -4.614  -4.614
NTR01B3747_001  -0.003  -3.599  -3.601
NTR+1B3747_002  -0.005  -3.599  -3.603
GLU01B3747_001   0.499  -4.168  -3.670
GLU01B3747_002   0.499  -4.168  -3.670
GLU02B3747_003   0.665  -4.273  -3.607
GLU02B3747_004   0.665  -4.273  -3.607
GLU-1B3747_005   0.467  -4.116  -3.649
GLU01B3748_001   0.499  -3.758  -3.259
GLU01B3748_002   0.499  -3.758  -3.259
GLU02B3748_003   0.666  -3.624  -2.957
GLU02B3748_004   0.666  -3.624  -2.957
GLU-1B3748_005   0.468  -3.570  -3.102
VAL01B3749_001   0.501  -8.235  -7.734
GLU01B3750_001   1.584  -2.418  -0.834
GLU01B3750_002   1.584  -2.418  -0.834
GLU02B3750_003   1.316  -2.308  -0.991
GLU02B3750_004   1.316  -2.308  -0.991
GLU-1B3750_005   1.221  -2.285  -1.064
VAL01B3751_001   0.857  -2.624  -1.766
SER01B3752_001   0.000  -3.424  -3.424
PHE01B3753_001   4.679  -5.602  -0.923
GLU01B3754_001   3.319  -2.806   0.512
GLU01B3754_002   3.319  -2.806   0.512
GLU02B3754_003   2.631  -2.784  -0.152
GLU02B3754_004   2.631  -2.784  -0.152
GLU-1B3754_005   2.574  -2.782  -0.208
GLU01B3755_001   2.906  -1.166   1.740
GLU01B3755_002   2.906  -1.166   1.740
GLU02B3755_003   2.404  -1.248   1.156
GLU02B3755_004   2.404  -1.248   1.156
GLU-1B3755_005   2.290  -1.162   1.128
LYS01B3756_001   1.160  -3.604  -2.444
LYS+1B3756_002   1.114  -3.604  -2.490
GLU01B3757_001   4.692  -1.179   3.514
GLU01B3757_002   4.692  -1.179   3.514
GLU02B3757_003   3.765  -1.265   2.500
GLU02B3757_004   3.765  -1.265   2.500
GLU-1B3757_005   3.690  -1.197   2.492
MET01B3758_001   0.029  -2.023  -1.993
GLU01B3759_001   3.243  -0.459   2.785
GLU01B3759_002   3.243  -0.459   2.785
GLU02B3759_003   2.612  -0.424   2.187
GLU02B3759_004   2.612  -0.424   2.187
GLU-1B3759_005   2.531  -0.448   2.083
LYS01B3760_001   1.496  -5.545  -4.049
LYS+1B3760_002   1.448  -5.545  -4.097
GLN01B3761_001   0.932  -0.859   0.072
GLN01B3761_002   1.196  -0.856   0.340
ARG01B3762_001   2.600  -2.252   0.348
ARG02B3762_002   2.584  -2.252   0.333
ARG02B3762_003   2.670  -2.252   0.419
ARG03B3762_004   2.576  -2.252   0.324
ARG+1B3762_005   2.537  -2.252   0.285
LEU01B3763_001   1.468  -1.288   0.180
LEU01B3764_001   1.882  -4.581  -2.699
TYR01B3765_001   4.645  -4.309   0.336
TYR-1B3765_002   4.645  -4.309   0.336
GLN01B3766_001   1.502  -0.118   1.384
GLN01B3767_001   3.678   0.000   3.678
GLN01B3767_002   6.374   0.000   6.374
SER01B3768_001   0.000  -1.995  -1.995
ARG01B3769_001   3.162  -0.318   2.844
ARG02B3769_002   3.194  -0.318   2.876
ARG03B3769_003   3.127  -0.318   2.809
ARG+1B3769_004   3.087  -0.318   2.769
LEU01B3770_001   2.677  -0.155   2.522
HIS01B3771_001  -0.170  -3.546  -3.716
HIS01B3771_002  -0.134  -3.880  -4.014
HIS02B3771_003  -0.188  -3.546  -3.734
HIS02B3771_004  -0.148  -3.880  -4.028
HIS+1B3771_005  -0.215  -3.546  -3.761
HIS+1B3771_006  -0.175  -3.880  -4.054
THR01B3772_001   0.324  -1.177  -0.852
THR01B3772_002   0.324  -1.177  -0.852
THR01B3772_003   0.324  -1.177  -0.852
ARG01B3773_001   1.712  -8.810  -7.098
ARG02B3773_002   1.788  -8.810  -7.022
ARG03B3773_003   1.690  -8.810  -7.120
ARG+1B3773_004   1.651  -8.810  -7.159
ALA01B3775_001   0.000   0.000   0.000
ALA01B3776_001   0.000   0.000   0.000
GLU01B3777_001   3.622  -1.274   2.348
GLU01B3777_002   3.622  -1.274   2.348
GLU02B3777_003   2.892  -1.274   1.618
GLU02B3777_004   2.892  -1.274   1.618
GLU-1B3777_005   2.824  -1.206   1.618
MET01B3778_001   0.409   0.000   0.409
VAL01B3779_001   0.962  -0.155   0.807
LEU01B3780_001   2.384  -0.052   2.333
GLN01B3781_001   2.027  -0.557   1.470
GLN01B3781_002   3.303  -0.576   2.727
MET01B3782_001   0.725  -0.096   0.629
ILE01B3783_001   1.597  -0.155   1.442
SER01B3784_001   0.000  -1.565  -1.565
SER01B3784_002   0.000  -1.565  -1.565
ALA01B3785_001   0.000  -0.052  -0.052
CYS01B3786_001  -0.002   0.000  -0.002
CYS01B3786_002  -0.002   0.000  -0.002
CYS01B3786_003  -0.003   0.000  -0.003
CYS-1B3786_004   0.000   0.000   0.000
LYS01B3787_001   1.244  -5.825  -4.581
LYS+1B3787_002   1.196  -5.825  -4.629
GLU01B3789_001   2.593  -1.343   1.250
GLU01B3789_002   2.593  -1.343   1.250
GLU02B3789_003   2.136  -1.396   0.740
GLU02B3789_004   2.136  -1.396   0.740
GLU-1B3789_005   2.056  -1.304   0.752
THR01B3790_001   0.247  -2.598  -2.351
THR01B3790_002   0.247  -2.598  -2.351
ALA01B3792_001   0.000  -3.464  -3.464
MET01B3793_001   0.129  -0.469  -0.341
VAL01B3794_001   0.809   0.000   0.809
SER01B3795_001   0.000  -0.809  -0.809
SER01B3795_002   0.000  -0.809  -0.809
SER01B3796_001   0.000  -0.530  -0.530
SER01B3796_002   0.000  -0.530  -0.530
SER01B3796_003   0.000  -0.530  -0.530
THR01B3797_001   0.235   0.000   0.235
THR01B3797_002   0.235   0.000   0.235
LEU01B3798_001   2.035  -0.155   1.881
LYS01B3799_001   1.429  -4.200  -2.771
LYS+1B3799_002   1.383  -4.200  -2.816
LEU01B3800_001   1.578   0.000   1.578
ILE01B3802_001   2.125  -0.721   1.403
SER01B3803_001   0.000  -0.301  -0.301
SER01B3803_002   0.000  -0.301  -0.301
ILE01B3804_001   2.189   0.000   2.189
LEU01B3805_001   3.282   0.000   3.282
ASN01B3806_001   0.149  -0.724  -0.575
ASN01B3806_002  -0.008  -0.822  -0.830
ASN01B3809_001   0.531  -0.591  -0.059
ASN01B3809_002   0.266  -0.748  -0.482
ALA01B3810_001   0.000  -2.846  -2.846
GLU01B3811_001   1.535  -2.945  -1.411
GLU01B3811_002   1.535  -2.945  -1.411
GLU02B3811_003   1.306  -2.898  -1.592
GLU02B3811_004   1.306  -2.898  -1.592
GLU-1B3811_005   1.197  -2.867  -1.670
VAL01B3812_001   0.708  -0.052   0.656
GLN01B3813_001   2.187   0.000   2.187
GLN01B3813_002   3.604  -0.039   3.565
GLN01B3814_001   0.782  -2.233  -1.451
GLN01B3814_002   0.691  -2.268  -1.577
LYS01B3815_001   1.098  -1.208  -0.110
LYS+1B3815_002   1.052  -1.208  -0.157
MET01B3816_001   5.204  -0.071   5.132
LEU01B3817_001   1.874  -0.206   1.668
ASP01B3818_001   0.468  -2.069  -1.601
ASP01B3818_002   0.468  -2.069  -1.601
ASP02B3818_003   0.506  -2.036  -1.530
ASP02B3818_004   0.506  -2.036  -1.530
ASP-1B3818_005   0.398  -1.998  -1.600
TYR01B3819_001   4.821  -3.015   1.807
TYR01B3819_002   4.821  -3.015   1.807
TYR-1B3819_003   4.821  -3.015   1.807
LEU01B3820_001   2.138  -0.052   2.087
LYS01B3821_001   4.551  -4.992  -0.441
LYS+1B3821_002   4.484  -4.992  -0.508
ASP01B3822_001   0.452  -2.802  -2.350
ASP01B3822_002   0.452  -2.802  -2.350
ASP02B3822_003   0.505  -2.787  -2.282
ASP02B3822_004   0.505  -2.787  -2.282
ASP-1B3822_005   0.391  -2.756  -2.366
LYS01B3823_001   3.781  -2.901   0.880
LYS+1B3823_002   3.686  -2.901   0.785
LYS01B3824_001   3.161  -5.428  -2.267
LYS+1B3824_002   3.098  -5.428  -2.330
GLU01B3825_001   1.262  -0.481   0.781
GLU01B3825_002   1.262  -0.481   0.781
GLU02B3825_003   1.067  -0.526   0.540
GLU02B3825_004   1.067  -0.526   0.540
GLU-1B3825_005   0.987  -0.481   0.505
VAL01B3826_001   0.761  -2.762  -2.001
PHE01B3828_001   5.059  -0.051   5.009
PHE01B3829_001   4.883  -0.051   4.833
GLN01B3830_001   2.782  -2.201   0.580
GLN01B3830_002   4.583  -2.326   2.257
SER01B3831_001   0.000   0.000   0.000
ILE01B3832_001   2.795  -0.206   2.589
GLN01B3833_001   2.077  -1.678   0.399
GLN01B3833_002   3.362  -1.634   1.727
ALA01B3834_001   0.000  -1.700  -1.700
LEU01B3835_001   2.214   0.000   2.214
MET01B3836_001   0.038   0.000   0.038
GLN01B3837_001   2.119  -2.713  -0.593
GLN01B3837_002   3.531  -2.718   0.813
THR01B3838_001   0.251  -3.613  -3.361
THR01B3838_002   0.251  -3.613  -3.361
CYS01B3839_001  -0.002   0.000  -0.002
CYS01B3839_002  -0.002   0.000  -0.002
CYS01B3839_003  -0.002   0.000  -0.002
CYS-1B3839_004   0.000   0.000   0.000
SER01B3840_001   0.000  -1.691  -1.691
SER01B3840_002   0.000  -1.691  -1.691
SER01B3840_003   0.000  -1.691  -1.691
VAL01B3841_001   0.730  -1.597  -0.866
LEU01B3842_001   2.132   0.000   2.132
ASP01B3843_001   0.197  -2.117  -1.920
ASP01B3843_002   0.197  -2.117  -1.920
ASP02B3843_003   0.285  -2.055  -1.770
ASP02B3843_004   0.285  -2.055  -1.770
ASP-1B3843_005   0.185  -1.998  -1.814
LEU01B3844_001   1.839  -2.369  -0.530
ASN01B3845_001   0.298  -3.283  -2.984
ASN01B3845_002   0.461  -3.351  -2.890
ALA01B3846_001   0.000  -1.494  -1.494
PHE01B3847_001   4.611  -0.152   4.460
GLU01B3848_001   1.359  -1.203   0.156
GLU01B3848_002   1.359  -1.203   0.156
GLU02B3848_003   1.182  -1.128   0.054
GLU02B3848_004   1.182  -1.128   0.054
GLU-1B3848_005   1.063  -1.132  -0.068
ARG01B3849_001   2.322  -9.780  -7.458
ARG02B3849_002   2.308  -9.780  -7.472
ARG03B3849_003   2.303  -9.780  -7.477
ARG+1B3849_004   2.260  -9.780  -7.520
GLN01B3850_001   2.345   0.000   2.345
ASN01B3851_001   0.179  -1.186  -1.007
ASN01B3851_002   0.009  -1.117  -1.108
LYS01B3852_001   0.865  -9.272  -8.408
LYS+1B3852_002   0.818  -9.272  -8.454
ALA01B3853_001   0.000  -1.046  -1.046
GLU01B3854_001   0.501  -1.955  -1.454
GLU01B3854_002   0.501  -1.955  -1.454
GLU02B3854_003   0.667  -1.866  -1.199
GLU02B3854_004   0.667  -1.866  -1.199
GLU-1B3854_005   0.469  -1.890  -1.421
LEU01B3856_001   1.613  -7.533  -5.921
MET01B3858_001   0.141  -8.785  -8.645
VAL01B3859_001   0.499  -2.489  -1.990
ASN01B3860_001  -0.020  -3.042  -3.062
GLU01B3861_001   0.497  -2.791  -2.294
GLU01B3861_002   0.497  -2.791  -2.294
GLU02B3861_003   0.664  -2.681  -2.017
GLU02B3861_004   0.664  -2.681  -2.017
GLU-1B3861_005   0.466  -2.669  -2.203
ASP01B3862_001  -0.040  -2.306  -2.346
ASP01B3862_002  -0.040  -2.306  -2.346
ASP02B3862_003  -0.009  -2.336  -2.345
ASP02B3862_004  -0.009  -2.336  -2.345
ASP-1B3862_005  -0.041  -2.260  -2.300
THR01B3864_001   0.152  -1.935  -1.784
THR01B3864_002   0.152  -1.935  -1.784
VAL01B3865_001   0.503  -5.592  -5.089
ILE01B3866_001   0.939  -5.203  -4.264
ASN01B3867_001  -0.019  -1.245  -1.264
ARG01B3868_0011192.966  -5.5811187.385
ARG02B3868_0021192.949  -5.5811187.368
ARG03B3868_0031192.981  -5.5811187.401
ARG03B3868_004 191.995  -5.581 186.414
ARG+1B3868_0051192.915  -5.5811187.334
GLN01B3869_001   0.455  -1.800  -1.346
ASN01B3870_001  -0.020  -0.143  -0.163
GLU01B3872_001   0.500  -3.932  -3.432
GLU01B3872_002   0.500  -3.932  -3.432
GLU02B3872_003   0.667  -3.952  -3.285
GLU02B3872_004   0.667  -3.952  -3.285
GLU-1B3872_005   0.469  -3.846  -3.377
LYS01B3873_001   1.177  -3.536  -2.359
LYS+1B3873_002   1.130  -3.536  -2.406
VAL01B3874_001   0.839   0.000   0.839
MET01B3875_001   0.790   0.000   0.790
ALA01B3876_001   0.000  -1.030  -1.030
ASP01B3877_001   0.111  -0.250  -0.139
ASP01B3877_002   0.111  -0.250  -0.139
ASP02B3877_003   0.193  -0.281  -0.088
ASP02B3877_004   0.193  -0.281  -0.088
ASP-1B3877_005   0.106  -0.276  -0.169
ASP01B3878_001   0.065  -1.470  -1.405
ASP01B3878_002   0.065  -1.470  -1.405
ASP02B3878_003   0.133  -1.524  -1.391
ASP02B3878_004   0.133  -1.524  -1.391
ASP-1B3878_005   0.061  -1.421  -1.360
GLU01B3879_001   0.501  -3.521  -3.020
GLU01B3879_002   0.501  -3.521  -3.020
GLU02B3879_003   0.668  -3.645  -2.977
GLU02B3879_004   0.668  -3.645  -2.977
GLU-1B3879_005   0.470  -3.458  -2.988
PHE01B3880_001   4.746  -0.856   3.889
THR01B3881_001   0.210   0.000   0.210
THR01B3881_002   0.210   0.000   0.210
THR01B3881_003   0.210   0.000   0.210
GLN01B3882_001   2.057  -1.673   0.383
GLN01B3882_002   3.400  -1.560   1.840
ASP01B3883_001   0.403  -0.616  -0.213
ASP01B3883_002   0.403  -0.616  -0.213
ASP02B3883_003   0.447  -0.551  -0.104
ASP02B3883_004   0.447  -0.551  -0.104
ASP-1B3883_005   0.345  -0.551  -0.207
LEU01B3884_001   1.438  -0.052   1.386
PHE01B3885_001   4.844   0.000   4.844
ARG01B3886_001   2.069  -4.700  -2.631
ARG02B3886_002   2.026  -4.700  -2.674
ARG03B3886_003   2.093  -4.700  -2.607
ARG+1B3886_004   1.987  -4.700  -2.712
PHE01B3887_001   4.960  -0.354   4.606
LEU01B3888_001   1.884  -0.155   1.730
GLN01B3889_001   2.310  -0.625   1.685
LEU01B3890_001   1.692  -0.361   1.332
LEU01B3891_001   2.212  -0.222   1.990
CYS01B3892_001  -0.002   0.000  -0.002
CYS01B3892_002  -0.002   0.000  -0.002
CYS01B3892_003  -0.002   0.000  -0.002
CYS-1B3892_004   0.000   0.000   0.000
GLU01B3893_001   1.693  -0.552   1.141
GLU01B3893_002   1.693  -0.552   1.141
GLU02B3893_003   1.395  -0.662   0.733
GLU02B3893_004   1.395  -0.662   0.733
GLU-1B3893_005   1.304  -0.650   0.654
HIS01B3895_001  -0.152  -2.491  -2.643
HIS02B3895_002  -0.170  -2.491  -2.662
HIS+1B3895_003  -0.197  -2.491  -2.688
ASN01B3896_001   0.072  -0.827  -0.754
ASN01B3896_002   0.271  -0.586  -0.315
ASN01B3897_001   0.321  -2.229  -1.909
ASN01B3897_002   0.098  -2.003  -1.906
ASP01B3898_001   0.035  -1.851  -1.816
ASP01B3898_002   0.035  -1.851  -1.816
ASP02B3898_003   0.095  -1.906  -1.810
ASP02B3898_004   0.095  -1.906  -1.810
ASP-1B3898_005   0.033  -1.774  -1.741
PHE01B3899_001   5.404  -0.051   5.353
GLN01B3900_001   1.552   0.000   1.552
GLN01B3900_002   2.540   0.000   2.540
ASN01B3901_001   0.557  -1.784  -1.226
TYR01B3902_001   4.937  -0.406   4.531
TYR01B3902_002   4.937  -0.406   4.531
TYR-1B3902_003   4.937  -0.406   4.531
LEU01B3903_001   2.099   0.000   2.099
ARG01B3904_001   3.192  -3.031   0.161
ARG02B3904_002   3.157  -3.031   0.126
ARG02B3904_003   3.161  -3.031   0.130
ARG03B3904_004   3.166  -3.031   0.135
ARG03B3904_005   3.199  -3.031   0.168
ARG+1B3904_006   3.116  -3.031   0.085
THR01B3905_001   0.211  -2.827  -2.616
THR01B3905_002   0.211  -2.827  -2.616
GLN01B3906_001   2.727   0.000   2.727
GLN01B3906_002   4.595   0.000   4.595
THR01B3907_001   0.225  -6.028  -5.803
THR01B3907_002   0.225  -6.028  -5.803
ASN01B3909_001   0.458  -0.241   0.217
ASN01B3909_002   0.217  -0.315  -0.098
THR01B3910_001   0.203  -6.346  -6.143
THR01B3910_002   0.203  -6.346  -6.143
THR01B3911_001   0.187  -4.349  -4.162
THR01B3911_002   0.187  -4.349  -4.162
THR01B3912_001   0.249  -3.224  -2.975
THR01B3912_002   0.249  -3.224  -2.975
ILE01B3913_001   1.399  -0.258   1.142
ASN01B3914_001   0.130  -0.630  -0.500
ASN01B3914_002  -0.019  -0.482  -0.501
ILE01B3915_001   1.338   0.000   1.338
ILE01B3916_001   2.872  -0.052   2.820
ILE01B3917_001   4.764  -5.644  -0.880
CYS01B3918_001  -0.002  -1.243  -1.245
CYS01B3918_002  -0.002  -1.243  -1.245
CYS01B3918_003  -0.003  -1.243  -1.246
CYS-1B3918_004   0.000  -1.243  -1.243
THR01B3919_001   0.308   0.000   0.308
THR01B3919_002   0.308   0.000   0.308
THR01B3919_003   0.308   0.000   0.308
VAL01B3920_001   0.591  -0.206   0.385
ASP01B3921_001   0.445  -1.297  -0.853
ASP01B3921_002   0.445  -1.297  -0.853
ASP02B3921_003   0.482  -1.276  -0.795
ASP02B3921_004   0.482  -1.276  -0.795
ASP-1B3921_005   0.378  -1.288  -0.910
TYR01B3922_001   4.551  -0.052   4.499
TYR01B3922_002   4.551  -0.052   4.499
TYR-1B3922_003   4.551  -0.052   4.499
LEU01B3923_001   1.703   0.000   1.703
LEU01B3924_001   1.731  -2.025  -0.294
ARG01B3925_001   2.458  -4.631  -2.173
ARG02B3925_002   2.454  -4.631  -2.178
ARG03B3925_003   2.422  -4.631  -2.210
ARG+1B3925_004   2.377  -4.631  -2.255
LEU01B3926_001   1.847   0.000   1.847
GLN01B3927_001   2.675  -0.276   2.399
GLN01B3927_002   4.423  -0.285   4.137
GLU01B3928_001   3.435  -3.103   0.332
GLU01B3928_002   3.435  -3.103   0.332
GLU02B3928_003   2.733  -3.113  -0.380
GLU02B3928_004   2.733  -3.113  -0.380
GLU-1B3928_005   2.673  -3.023  -0.350
SER01B3929_001   0.000  -0.288  -0.288
SER01B3929_002   0.000  -0.288  -0.288
ILE01B3930_001   3.487  -0.155   3.332
SER01B3931_001   0.000  -1.076  -1.076
SER01B3931_002   0.000  -1.076  -1.076
SER01B3931_003   0.000  -1.076  -1.076
ASP01B3932_001   0.191  -1.970  -1.779
ASP01B3932_002   0.191  -1.970  -1.779
ASP02B3932_003   0.278  -1.938  -1.660
ASP02B3932_004   0.278  -1.938  -1.660
ASP-1B3932_005   0.179  -1.899  -1.720
PHE01B3933_001   4.799  -0.101   4.698
TYR01B3934_001   4.591  -1.630   2.961
TYR01B3934_002   4.591  -1.630   2.961
TYR-1B3934_003   4.591  -1.630   2.961
TRP01B3935_001   3.358  -9.184  -5.827
TYR01B3936_001   4.794  -4.698   0.096
TYR01B3936_002   4.794  -4.698   0.096
TYR-1B3936_003   4.794  -4.698   0.096
TYR01B3937_001   4.858   0.000   4.858
TYR01B3937_002   4.858   0.000   4.858
TYR-1B3937_003   4.858   0.000   4.858
SER01B3938_001   0.000  -1.172  -1.172
SER01B3938_002   0.000  -1.172  -1.172
SER01B3938_003   0.000  -1.172  -1.172
LYS01B3940_001   0.897  -4.058  -3.161
LYS+1B3940_002   0.853  -4.058  -3.205
ASP01B3941_001   0.061  -2.792  -2.731
ASP01B3941_002   0.061  -2.792  -2.731
ASP02B3941_003   0.127  -2.855  -2.728
ASP02B3941_004   0.127  -2.855  -2.728
ASP-1B3941_005   0.057  -2.691  -2.634
VAL01B3942_001   0.502  -4.581  -4.080
ILE01B3943_001   2.028  -0.052   1.976
GLU01B3944_001   1.649  -2.716  -1.066
GLU01B3944_002   1.649  -2.716  -1.066
GLU02B3944_003   1.413  -2.548  -1.134
GLU02B3944_004   1.413  -2.548  -1.134
GLU-1B3944_005   1.295  -2.468  -1.173
GLU01B3945_001   3.060  -2.742   0.318
GLU01B3945_002   3.060  -2.742   0.318
GLU02B3945_003   2.464  -2.876  -0.411
GLU02B3945_004   2.464  -2.876  -0.411
GLU-1B3945_005   2.389  -2.802  -0.413
GLN01B3946_001   0.717  -0.380   0.337
LYS01B3948_001   1.078  -1.326  -0.248
LYS+1B3948_002   1.032  -1.326  -0.294
ARG01B3949_001   2.684  -5.817  -3.133
ARG02B3949_002   2.664  -5.817  -3.153
ARG03B3949_003   2.742  -5.817  -3.075
ARG+1B3949_004   2.621  -5.817  -3.196
ASN01B3950_001   0.535   0.000   0.535
ASN01B3950_002   0.272  -0.039   0.233
PHE01B3951_001   5.149   0.000   5.149
SER01B3952_001   0.000  -1.788  -1.788
SER01B3952_002   0.000  -1.788  -1.788
SER01B3952_003   0.000  -1.788  -1.788
LYS01B3953_001   1.873  -2.246  -0.373
LYS+1B3953_002   1.827  -2.246  -0.418
ALA01B3954_001   0.000   0.000   0.000
MET01B3955_001   0.676   0.000   0.676
SER01B3956_001   0.000  -1.803  -1.803
SER01B3956_002   0.000  -1.803  -1.803
VAL01B3957_001   0.748   0.000   0.748
ALA01B3958_001   0.000   0.000   0.000
LYS01B3959_001   4.515  -3.217   1.298
LYS+1B3959_002   4.461  -3.217   1.244
GLN01B3960_001   1.131  -0.664   0.466
GLN01B3960_002   1.443  -0.709   0.734
VAL01B3961_001   0.671   0.000   0.671
PHE01B3962_001   5.052   0.000   5.052
ASN01B3963_001   0.533  -1.048  -0.516
ASN01B3963_002   0.258  -1.034  -0.776
SER01B3964_001   0.000   0.000   0.000
SER01B3964_002   0.000   0.000   0.000
LEU01B3965_001   2.743   0.000   2.743
THR01B3966_001   0.220  -0.619  -0.398
THR01B3966_002   0.220  -0.619  -0.398
GLU01B3967_001   1.674  -0.241   1.433
GLU01B3967_002   1.674  -0.241   1.433
GLU02B3967_003   1.390  -0.217   1.173
GLU02B3967_004   1.390  -0.217   1.173
GLU-1B3967_005   1.297  -0.241   1.056
TYR01B3968_001   4.688   0.000   4.688
TYR01B3968_002   4.688   0.000   4.688
TYR-1B3968_003   4.688   0.000   4.688
ILE01B3969_001   2.874   0.000   2.874
GLN01B3970_001   2.087  -0.345   1.743
GLN01B3970_002   3.427  -0.251   3.176
PRO01B3972_001   0.314  -3.017  -2.703
CYS01B3973_001  -0.002  -0.143  -0.145
CYS01B3973_002  -0.002  -0.143  -0.145
CYS01B3973_003  -0.002  -0.143  -0.145
CYS-1B3973_004   0.000  -0.143  -0.143
THR01B3974_001   0.281  -5.473  -5.192
ASN01B3976_001   0.297   0.000   0.297
GLN01B3977_001   1.825  -0.207   1.618
GLN01B3977_002   2.885  -0.236   2.649
GLN01B3978_001   1.086  -1.937  -0.851
GLN01B3978_002   0.850  -1.839  -0.988
SER01B3979_001   0.000  -0.998  -0.998
LEU01B3980_001   2.107  -0.052   2.056
ALA01B3981_001   0.000  -0.258  -0.258
HIS01B3982_001  -0.160  -8.378  -8.539
HIS01B3982_002  -0.118  -8.068  -8.186
HIS02B3982_003  -0.179  -8.378  -8.557
HIS02B3982_004  -0.131  -8.068  -8.199
HIS+1B3982_005  -0.206  -8.378  -8.584
HIS+1B3982_006  -0.158  -8.068  -8.226
SER01B3983_001   0.000  -0.096  -0.096
SER01B3983_002   0.000  -0.096  -0.096
ARG01B3984_001   1.452  -7.851  -6.400
ARG02B3984_002   1.412  -7.851  -6.439
ARG03B3984_003   1.413  -7.851  -6.438
ARG+1B3984_004   1.369  -7.851  -6.482
LEU01B3985_001   2.251  -0.052   2.200
TRP01B3986_001   3.468  -1.569   1.899
ASP01B3987_001   0.066  -2.345  -2.279
ASP01B3987_002   0.066  -2.345  -2.279
ASP02B3987_003   0.133  -2.528  -2.395
ASP02B3987_004   0.133  -2.528  -2.395
ASP-1B3987_005   0.061  -2.425  -2.363
ALA01B3988_001   0.000   0.000   0.000
VAL01B3989_001   1.012  -0.052   0.960
VAL01B3990_001   0.815  -1.149  -0.334
PHE01B3992_001   5.173   0.000   5.173
LEU01B3993_001   2.247  -1.133   1.114
HIS01B3994_001  -0.147  -3.609  -3.755
HIS02B3994_002  -0.165  -3.609  -3.774
HIS+1B3994_003  -0.192  -3.609  -3.801
VAL01B3995_001   0.671   0.000   0.671
PHE01B3996_001   4.541   0.000   4.541
ALA01B3997_001   0.000   0.000   0.000
HIS01B3998_001  -0.110  -2.187  -2.297
HIS02B3998_002  -0.130  -2.187  -2.317
HIS+1B3998_003  -0.157  -2.187  -2.344
MET01B3999_001   0.037   0.000   0.037
MET01B4000_001   0.441   0.000   0.441
MET01B4001_001  -0.040  -1.618  -1.658
LYS01B4002_001   0.876  -0.953  -0.077
LYS+1B4002_002   0.831  -0.953  -0.122
LEU01B4003_001   1.939   0.000   1.939
ALA01B4004_001   0.000  -0.309  -0.309
GLN01B4005_001   1.602  -1.580   0.022
GLN01B4005_002   2.607  -1.590   1.018
ASP01B4006_001   0.074  -1.388  -1.314
ASP01B4006_002   0.074  -1.388  -1.314
ASP02B4006_003   0.147  -1.412  -1.266
ASP02B4006_004   0.147  -1.412  -1.266
ASP-1B4006_005   0.071  -1.335  -1.264
SER01B4007_001   0.000  -3.006  -3.006
SER01B4007_002   0.000  -3.006  -3.006
SER01B4008_001   0.000  -3.654  -3.654
SER01B4008_002   0.000  -3.654  -3.654
GLN01B4009_001   1.952  -0.039   1.913
GLN01B4009_002   3.238  -0.074   3.165
ILE01B4010_001   1.653  -2.489  -0.836
GLU01B4011_001   3.228  -3.121   0.108
GLU01B4011_002   3.228  -3.121   0.108
GLU02B4011_003   2.585  -3.079  -0.495
GLU02B4011_004   2.585  -3.079  -0.495
GLU-1B4011_005   2.511  -3.011  -0.499
LEU01B4012_001   1.606  -0.206   1.400
LEU01B4013_001   2.151  -0.515   1.636
LYS01B4014_001   2.085  -5.209  -3.124
LYS+1B4014_002   2.040  -5.209  -3.170
GLU01B4015_001   3.449  -1.072   2.378
GLU01B4015_002   3.449  -1.072   2.378
GLU02B4015_003   2.752  -1.224   1.529
GLU02B4015_004   2.752  -1.224   1.529
GLU-1B4015_005   2.689  -1.154   1.535
LEU01B4016_001   2.730   0.000   2.730
LEU01B4017_001   1.713  -0.258   1.455
ASP01B4018_001   0.222  -1.265  -1.043
ASP01B4018_002   0.222  -1.265  -1.043
ASP02B4018_003   0.325  -1.247  -0.922
ASP02B4018_004   0.325  -1.247  -0.922
ASP-1B4018_005   0.213  -1.206  -0.993
LEU01B4019_001   1.897   0.000   1.897
GLN01B4020_001   2.575  -0.079   2.497
GLN01B4020_002   4.238  -0.138   4.100
LYS01B4021_001   1.633  -4.204  -2.571
LYS+1B4021_002   1.587  -4.204  -2.617
ASP01B4022_001   0.148  -1.103  -0.956
ASP01B4022_002   0.148  -1.103  -0.956
ASP02B4022_003   0.225  -1.089  -0.864
ASP02B4022_004   0.225  -1.089  -0.864
ASP-1B4022_005   0.138  -1.137  -0.999
MET01B4023_001  -0.007  -0.123  -0.130
VAL01B4024_001   0.687  -0.567   0.120
VAL01B4025_001   0.732  -2.782  -2.049
MET01B4026_001   0.136   0.000   0.136
LEU01B4027_001   1.780  -0.258   1.522
LEU01B4028_001   1.537  -1.133   0.404
SER01B4029_001   0.000  -0.241  -0.241
SER01B4029_002   0.000  -0.241  -0.241
SER01B4029_003   0.000  -0.241  -0.241
LEU01B4030_001   1.847  -0.155   1.692
LEU01B4031_001   2.388  -0.206   2.182
GLU01B4032_001   2.610  -0.026   2.584
GLU01B4032_002   2.610  -0.026   2.584
GLU02B4032_003   2.055  -0.026   2.029
GLU02B4032_004   2.055  -0.026   2.029
GLU-1B4032_005   1.997  -0.026   1.971
ASN01B4034_001   0.008  -0.354  -0.347
ASN01B4034_002   0.181  -0.310  -0.129
VAL01B4035_001   0.578  -3.709  -3.131
VAL01B4036_001   0.704  -0.531   0.173
ASN01B4037_001   0.538  -1.256  -0.718
ASN01B4037_002   0.275  -1.344  -1.069
MET01B4039_001   1.105  -5.120  -4.014
ILE01B4040_001   2.838  -0.412   2.426
ALA01B4041_001   0.000   0.000   0.000
ARG01B4042_001   3.033  -7.942  -4.909
ARG02B4042_002   2.949  -7.942  -4.993
ARG03B4042_003   2.955  -7.942  -4.987
ARG+1B4042_004   2.910  -7.942  -5.032
GLN01B4043_001   1.382  -1.285   0.097
GLN01B4043_002   2.270  -1.189   1.081
MET01B4044_001   0.124  -0.048   0.076
VAL01B4045_001   0.834  -0.206   0.628
ASP01B4046_001   0.088  -1.960  -1.871
ASP01B4046_002   0.088  -1.960  -1.871
ASP02B4046_003   0.164  -2.109  -1.945
ASP02B4046_004   0.164  -2.109  -1.945
ASP-1B4046_005   0.084  -2.033  -1.949
MET01B4047_001   3.822  -0.139   3.683
LEU01B4048_001   1.719  -0.361   1.358
VAL01B4049_001   0.630  -2.814  -2.183
GLU01B4050_001   3.878  -2.115   1.763
GLU01B4050_002   3.878  -2.115   1.763
GLU02B4050_003   3.080  -2.264   0.816
GLU02B4050_004   3.080  -2.264   0.816
GLU-1B4050_005   3.024  -2.054   0.969
SER01B4051_001   0.000   0.000   0.000
SER01B4052_001   0.000  -1.493  -1.493
SER01B4052_002   0.000  -1.493  -1.493
SER01B4053_001   0.000  -4.600  -4.600
ASN01B4054_001   0.293  -0.837  -0.544
ASN01B4054_002   0.457  -0.876  -0.419
VAL01B4055_001   0.823  -0.464   0.359
GLU01B4056_001   4.785  -1.776   3.009
GLU01B4056_002   4.785  -1.776   3.009
GLU02B4056_003   3.834  -1.834   2.000
GLU02B4056_004   3.834  -1.834   2.000
GLU-1B4056_005   3.762  -1.723   2.040
MET01B4057_001   0.087  -2.534  -2.447
ILE01B4058_001   2.843  -0.531   2.312
LEU01B4059_001   2.005  -0.206   1.799
LYS01B4060_001   1.479  -3.656  -2.177
LYS+1B4060_002   1.431  -3.656  -2.225
PHE01B4061_001   4.528  -0.455   4.074
PHE01B4062_001   5.126  -0.101   5.025
ASP01B4063_001   0.365  -0.727  -0.363
ASP01B4063_002   0.365  -0.727  -0.363
ASP02B4063_003   0.413  -0.686  -0.273
ASP02B4063_004   0.413  -0.686  -0.273
ASP-1B4063_005   0.313  -0.724  -0.410
MET01B4064_001   2.336  -1.386   0.949
PHE01B4065_001   4.024  -0.052   3.972
LEU01B4066_001   4.420  -0.103   4.317
LYS01B4067_001   1.143  -1.466  -0.323
LYS+1B4067_002   1.098  -1.466  -0.368
LEU01B4068_001   2.028  -0.052   1.977
LYS01B4069_001   2.649  -5.997  -3.348
LYS+1B4069_002   2.591  -5.997  -3.406
ASP01B4070_001   0.169  -1.483  -1.313
ASP01B4070_002   0.169  -1.483  -1.313
ASP02B4070_003   0.254  -1.436  -1.183
ASP02B4070_004   0.254  -1.436  -1.183
ASP-1B4070_005   0.159  -1.464  -1.305
ILE01B4071_001   1.629  -0.770   0.860
VAL01B4072_001   0.547  -0.618  -0.072
SER01B4074_001   0.000  -2.293  -2.293
GLU01B4075_001   1.534  -3.337  -1.803
GLU01B4075_002   1.534  -3.337  -1.803
GLU02B4075_003   1.270  -3.309  -2.039
GLU02B4075_004   1.270  -3.309  -2.039
GLU-1B4075_005   1.177  -3.202  -2.025
ALA01B4076_001   0.000  -2.901  -2.901
PHE01B4077_001   4.633   0.000   4.633
GLN01B4078_001   0.728  -1.727  -0.999
GLN01B4078_002   0.633  -1.583  -0.950
ASP01B4079_001   0.154  -2.621  -2.467
ASP01B4079_002   0.154  -2.621  -2.467
ASP02B4079_003   0.236  -2.650  -2.414
ASP02B4079_004   0.236  -2.650  -2.414
ASP-1B4079_005   0.145  -2.588  -2.443
TYR01B4080_001   5.137  -1.044   4.093
TYR01B4080_002   5.137  -1.044   4.093
TYR-1B4080_003   5.137  -1.044   4.093
VAL01B4081_001   0.738  -0.258   0.481
THR01B4082_001   0.201  -6.412  -6.211
THR01B4082_002   0.201  -6.412  -6.211
THR01B4082_003   0.201  -6.412  -6.211
ASP01B4083_001   0.261  -0.830  -0.569
ASP01B4083_002   0.261  -0.830  -0.569
ASP02B4083_003   0.357  -0.729  -0.372
ASP02B4083_004   0.357  -0.729  -0.372
ASP-1B4083_005   0.244  -0.724  -0.479
PRO01B4084_001   0.244  -6.562  -6.318
ARG01B4085_001   2.595  -7.524  -4.930
ARG02B4085_002   2.524  -7.524  -5.001
ARG02B4085_003   2.584  -7.524  -4.940
ARG03B4085_004   2.525  -7.524  -4.999
ARG+1B4085_005   2.479  -7.524  -5.045
LEU01B4087_001   1.945  -4.427  -2.481
ILE01B4088_001   4.674   0.000   4.674
SER01B4089_001   0.000  -2.005  -2.005
SER01B4089_002   0.000  -2.005  -2.005
SER01B4089_003   0.000  -2.005  -2.005
LYS01B4090_001   1.928  -2.288  -0.361
LYS+1B4090_002   1.881  -2.288  -0.407
LYS01B4091_001   0.732  -9.402  -8.671
LYS+1B4091_002   0.687  -9.402  -8.716
ASP01B4092_001   0.048  -0.624  -0.576
ASP01B4092_002   0.048  -0.624  -0.576
ASP02B4092_003   0.110  -0.708  -0.598
ASP02B4092_004   0.110  -0.708  -0.598
ASP-1B4092_005   0.044  -0.658  -0.615
PHE01B4093_001   4.714   0.000   4.714
GLN01B4094_001   1.072  -1.266  -0.194
GLN01B4094_002   1.413  -1.201   0.211
LYS01B4095_001   2.038  -6.955  -4.917
LYS+1B4095_002   1.991  -6.955  -4.964
ALA01B4096_001   0.000  -0.103  -0.103
MET01B4097_001   0.033   0.000   0.033
ASP01B4098_001   0.426  -2.684  -2.258
ASP01B4098_002   0.426  -2.684  -2.258
ASP02B4098_003   0.472  -2.693  -2.221
ASP02B4098_004   0.472  -2.693  -2.221
ASP-1B4098_005   0.366  -2.619  -2.253
SER01B4099_001   0.000  -2.129  -2.129
SER01B4099_002   0.000  -2.129  -2.129
GLN01B4100_001   2.377  -1.076   1.300
GLN01B4100_002   4.000  -0.956   3.044
LYS01B4101_001   0.877 -10.880 -10.002
LYS+1B4101_002   0.829 -10.880 -10.050
GLN01B4102_001   1.385  -1.958  -0.573
GLN01B4102_002   2.259  -2.065   0.195
PHE01B4103_001   4.698   0.000   4.698
THR01B4104_001   0.203  -3.668  -3.465
THR01B4104_002   0.203  -3.668  -3.465
PRO01B4106_001   0.287  -6.264  -5.977
GLU01B4107_001   3.047  -1.545   1.502
GLU01B4107_002   3.047  -1.545   1.502
GLU02B4107_003   2.423  -1.522   0.901
GLU02B4107_004   2.423  -1.522   0.901
GLU-1B4107_005   2.356  -1.460   0.896
ILE01B4108_001   1.843  -0.103   1.740
GLN01B4109_001   0.773  -2.684  -1.911
GLN01B4109_002   0.671  -2.624  -1.953
PHE01B4110_001   4.908  -0.480   4.428
LEU01B4111_001   2.008  -0.103   1.905
LEU01B4112_001   1.477  -0.531   0.945
SER01B4113_001   0.000  -1.754  -1.754
CYS01B4114_001  -0.002  -0.214  -0.216
CYS01B4114_002  -0.002  -0.214  -0.216
CYS01B4114_003  -0.003  -0.214  -0.217
CYS-1B4114_004   0.000  -0.214  -0.214
SER01B4115_001   0.000   0.000   0.000
SER01B4115_002   0.000   0.000   0.000
GLU01B4116_001   1.800  -1.828  -0.028
GLU01B4116_002   1.800  -1.828  -0.028
GLU02B4116_003   1.476  -1.853  -0.377
GLU02B4116_004   1.476  -1.853  -0.377
GLU-1B4116_005   1.388  -1.796  -0.407
ALA01B4117_001   0.000  -2.901  -2.901
ASP01B4118_001   0.408  -2.132  -1.725
ASP01B4118_002   0.408  -2.132  -1.725
ASP02B4118_003   0.456  -2.138  -1.682
ASP02B4118_004   0.456  -2.138  -1.682
ASP-1B4118_005   0.351  -2.080  -1.730
GLU01B4119_001   1.718  -3.968  -2.250
GLU01B4119_002   1.718  -3.968  -2.250
GLU02B4119_003   1.443  -4.041  -2.598
GLU02B4119_004   1.443  -4.041  -2.598
GLU-1B4119_005   1.338  -3.876  -2.538
ASN01B4120_001   0.024  -1.690  -1.666
ASN01B4120_002   0.199  -1.830  -1.632
GLU01B4121_001   2.895  -2.931  -0.036
GLU01B4121_002   2.895  -2.931  -0.036
GLU02B4121_003   2.304  -2.956  -0.651
GLU02B4121_004   2.304  -2.956  -0.651
GLU-1B4121_005   2.240  -2.889  -0.649
MET01B4122_001   0.140  -0.960  -0.820
ILE01B4123_001   2.721   0.000   2.721
ASN01B4124_001   0.129  -1.890  -1.761
ASN01B4124_002  -0.020  -1.639  -1.659
PHE01B4125_001   4.611  -1.651   2.960
GLU01B4126_001   0.497  -3.542  -3.046
GLU01B4126_002   0.497  -3.542  -3.046
GLU02B4126_003   0.663  -3.489  -2.825
GLU02B4126_004   0.663  -3.489  -2.825
GLU-1B4126_005   0.466  -3.445  -2.980
GLU01B4127_001   2.680  -1.863   0.817
GLU01B4127_002   2.680  -1.863   0.817
GLU02B4127_003   2.178  -1.905   0.273
GLU02B4127_004   2.178  -1.905   0.273
GLU-1B4127_005   2.094  -1.851   0.243
PHE01B4128_001   5.081  -0.068   5.013
ALA01B4129_001   0.000  -0.258  -0.258
ASN01B4130_001   0.465  -1.884  -1.419
ASN01B4130_002   0.225  -2.053  -1.828
ARG01B4131_001   1.756  -0.846   0.911
ARG02B4131_002   1.790  -0.846   0.944
ARG03B4131_003   1.715  -0.846   0.869
ARG+1B4131_004   1.671  -0.846   0.825
PHE01B4132_001   5.103  -0.271   4.832
GLN01B4133_001   0.932  -0.223   0.709
GLN01B4133_002   0.725  -0.189   0.535
GLU01B4134_001   4.298  -2.100   2.198
GLU01B4134_002   4.298  -2.100   2.198
GLU02B4134_003   3.467  -2.017   1.450
GLU02B4134_004   3.467  -2.017   1.450
GLU-1B4134_005   3.384  -1.997   1.387
PRO01B4135_001   0.282  -1.098  -0.816
ALA01B4136_001   0.000  -0.052  -0.052
ARG01B4137_001   3.928  -3.907   0.021
ARG02B4137_002   3.880  -3.907  -0.028
ARG03B4137_003   3.979  -3.907   0.072
ARG+1B4137_004   3.840  -3.907  -0.068
ASP01B4138_001   0.215  -1.952  -1.737
ASP01B4138_002   0.215  -1.952  -1.737
ASP02B4138_003   0.307  -1.941  -1.634
ASP02B4138_004   0.307  -1.941  -1.634
ASP-1B4138_005   0.203  -1.998  -1.796
ILE01B4139_001   2.215  -0.052   2.163
PHE01B4141_001   4.788  -0.206   4.582
ASN01B4142_001   0.400  -0.600  -0.201
VAL01B4143_001   0.599  -1.407  -0.808
ALA01B4144_001   0.000   0.000   0.000
VAL01B4145_001   0.492   0.000   0.492
LEU01B4146_001   1.779  -0.309   1.469
LEU01B4147_001   1.968  -0.103   1.865
THR01B4148_001   0.210  -0.987  -0.777
THR01B4148_002   0.210  -0.987  -0.777
ASN01B4149_001   0.162  -0.113   0.048
ASN01B4149_002   0.001  -0.069  -0.068
LEU01B4150_001   1.559   0.000   1.559
SER01B4151_001   0.000  -1.004  -1.004
SER01B4151_002   0.000  -1.004  -1.004
GLU01B4152_001   2.827  -0.380   2.447
GLU01B4152_002   2.827  -0.380   2.447
GLU02B4152_003   2.251  -0.452   1.798
GLU02B4152_004   2.251  -0.452   1.798
GLU-1B4152_005   2.187  -0.357   1.830
HIS01B4153_001  -0.156  -0.176  -0.331
HIS02B4153_002  -0.174  -0.176  -0.350
HIS+1B4153_003  -0.201  -0.176  -0.377
VAL01B4154_001   0.686  -1.819  -1.133
PRO01B4155_001   0.315  -1.935  -1.619
HIS01B4156_001  -0.236  -6.424  -6.661
HIS01B4156_002  -0.195  -7.020  -7.216
HIS02B4156_003  -0.257  -6.424  -6.681
HIS02B4156_004  -0.204  -7.020  -7.225
HIS+1B4156_005  -0.284  -6.424  -6.708
HIS+1B4156_006  -0.231  -7.020  -7.251
ASP01B4157_001   0.065  -0.959  -0.894
ASP01B4157_002   0.065  -0.959  -0.894
ASP02B4157_003   0.132  -0.896  -0.764
ASP02B4157_004   0.132  -0.896  -0.764
ASP-1B4157_005   0.061  -0.887  -0.826
PRO01B4158_001   0.251  -6.657  -6.406
ARG01B4159_001   3.015  -6.700  -3.686
ARG02B4159_002   2.930  -6.700  -3.770
ARG02B4159_003   2.937  -6.700  -3.763
ARG03B4159_004   2.935  -6.700  -3.765
ARG+1B4159_005   2.891  -6.700  -3.809
LEU01B4160_001   1.697  -0.052   1.646
ARG01B4161_001   1.803  -7.435  -5.632
ARG02B4161_002   1.826  -7.435  -5.609
ARG03B4161_003   1.759  -7.435  -5.676
ARG+1B4161_004   1.720  -7.435  -5.715
ASN01B4162_001   0.185  -1.949  -1.764
ASN01B4162_002   0.013  -1.728  -1.715
PHE01B4163_001   4.933  -0.203   4.730
LEU01B4164_001   1.400  -1.597  -0.197
GLU01B4165_001   2.985  -3.518  -0.533
GLU01B4165_002   2.985  -3.518  -0.533
GLU02B4165_003   2.381  -3.491  -1.111
GLU02B4165_004   2.381  -3.491  -1.111
GLU-1B4165_005   2.313  -3.320  -1.008
LEU01B4166_001   2.156  -2.369  -0.214
ALA01B4167_001   0.000  -0.052  -0.052
GLU01B4168_001   2.520  -2.290   0.230
GLU01B4168_002   2.520  -2.290   0.230
GLU02B4168_003   2.098  -2.295  -0.197
GLU02B4168_004   2.098  -2.295  -0.197
GLU-1B4168_005   1.983  -2.221  -0.238
SER01B4169_001   0.000  -0.951  -0.951
SER01B4169_002   0.000  -0.951  -0.951
SER01B4169_003   0.000  -0.951  -0.951
ILE01B4170_001   4.209   0.000   4.209
LEU01B4171_001   1.711  -1.578   0.133
GLU01B4172_001   1.416  -2.609  -1.193
GLU01B4172_002   1.416  -2.609  -1.193
GLU02B4172_003   1.222  -2.659  -1.437
GLU02B4172_004   1.222  -2.659  -1.437
GLU-1B4172_005   1.106  -2.579  -1.473
TYR01B4173_001   4.701  -3.157   1.543
TYR-1B4173_002   4.701  -3.157   1.543
PHE01B4174_001   4.916  -0.051   4.866
ARG01B4175_001   3.940  -6.042  -2.102
ARG02B4175_002   3.903  -6.042  -2.138
ARG02B4175_003   3.908  -6.042  -2.134
ARG03B4175_004   3.977  -6.042  -2.065
ARG+1B4175_005   3.863  -6.042  -2.179
PRO01B4176_001   0.471  -2.314  -1.844
TYR01B4177_001   4.945  -1.382   3.563
TYR01B4177_002   4.945  -1.382   3.563
TYR-1B4177_003   4.945  -1.382   3.563
LEU01B4178_001   2.375  -0.773   1.602
ARG01B4180_001   1.907  -2.673  -0.766
ARG02B4180_002   1.844  -2.673  -0.829
ARG03B4180_003   1.845  -2.673  -0.827
ARG03B4180_004   1.905  -2.673  -0.767
ARG+1B4180_005   1.800  -2.673  -0.872
ILE01B4181_001   3.295  -0.155   3.141
GLU01B4182_001   3.338   0.000   3.338
GLU01B4182_002   3.338   0.000   3.338
GLU02B4182_003   2.654   0.000   2.654
GLU02B4182_004   2.654   0.000   2.654
GLU-1B4182_005   2.594   0.000   2.594
ILE01B4183_001   1.641  -0.171   1.471
MET01B4184_001   1.146  -2.668  -1.522
ALA01B4186_001   0.000  -2.762  -2.762
SER01B4187_001   0.000  -0.624  -0.624
SER01B4187_002   0.000  -0.624  -0.624
SER01B4187_003   0.000  -0.624  -0.624
ARG01B4188_001   1.252  -8.783  -7.531
ARG02B4188_002   1.322  -8.783  -7.461
ARG03B4188_003   1.224  -8.783  -7.559
ARG+1B4188_004   1.184  -8.783  -7.599
ARG01B4189_001   4.209  -3.335   0.873
ARG02B4189_002   4.247  -3.335   0.912
ARG03B4189_003   4.172  -3.335   0.837
ARG+1B4189_004   4.132  -3.335   0.797
ILE01B4190_001   2.732  -0.052   2.680
GLU01B4191_001   1.820  -0.172   1.648
GLU01B4191_002   1.820  -0.172   1.648
GLU02B4191_003   1.428  -0.217   1.211
GLU02B4191_004   1.428  -0.217   1.211
GLU-1B4191_005   1.371  -0.172   1.198
ARG01B4192_001   1.868  -1.131   0.737
ARG02B4192_002   1.823  -1.131   0.692
ARG02B4192_003   1.828  -1.131   0.697
ARG03B4192_004   1.890  -1.131   0.759
ARG+1B4192_005   1.784  -1.131   0.653
ILE01B4193_001   5.079  -1.475   3.605
TYR01B4194_001   4.792  -1.648   3.144
TYR-1B4194_002   4.792  -1.648   3.144
PHE01B4195_001   5.423   0.000   5.423
GLU01B4196_001   3.814  -1.359   2.455
GLU01B4196_002   3.814  -1.359   2.455
GLU02B4196_003   3.051  -1.468   1.582
GLU02B4196_004   3.051  -1.468   1.582
GLU-1B4196_005   2.987  -1.413   1.575
ILE01B4197_001   4.780  -0.103   4.677
SER01B4198_001   0.000  -2.738  -2.738
SER01B4198_002   0.000  -2.738  -2.738
GLU01B4199_001   2.109  -2.021   0.089
GLU01B4199_002   2.109  -2.021   0.089
GLU02B4199_003   1.753  -1.926  -0.172
GLU02B4199_004   1.753  -1.926  -0.172
GLU-1B4199_005   1.649  -1.941  -0.292
THR01B4200_001   0.256  -5.289  -5.034
THR01B4200_002   0.256  -5.289  -5.034
ASN01B4201_001   0.281  -0.753  -0.472
ASN01B4201_002   0.494  -0.851  -0.357
ARG01B4202_001   3.443  -4.182  -0.739
ARG02B4202_002   3.363  -4.182  -0.819
ARG03B4202_003   3.364  -4.182  -0.818
ARG+1B4202_004   3.319  -4.182  -0.863
ALA01B4203_001   0.000  -3.158  -3.158
GLN01B4204_001   1.469  -0.866   0.603
GLN01B4204_002   2.144  -0.876   1.268
TRP01B4205_001   3.346  -1.306   2.040
GLU01B4206_001   1.540  -2.504  -0.964
GLU01B4206_002   1.540  -2.504  -0.964
GLU02B4206_003   1.302  -2.630  -1.328
GLU02B4206_004   1.302  -2.630  -1.328
GLU-1B4206_005   1.196  -2.510  -1.314
MET01B4207_001   0.589  -3.420  -2.831
PRO01B4208_001   0.252  -7.445  -7.194
GLN01B4209_001   0.744  -2.056  -1.312
GLN01B4209_002   0.654  -2.174  -1.521
VAL01B4210_001   0.683   0.000   0.683
LYS01B4211_001   1.156  -5.827  -4.672
LYS+1B4211_002   1.110  -5.827  -4.718
GLU01B4212_001   1.498  -2.148  -0.650
GLU01B4212_002   1.498  -2.148  -0.650
GLU02B4212_003   1.260  -2.106  -0.846
GLU02B4212_004   1.260  -2.106  -0.846
GLU-1B4212_005   1.159  -2.096  -0.937
SER01B4213_001   0.000  -1.815  -1.815
LYS01B4214_001   4.905  -1.649   3.256
LYS+1B4214_002   4.821  -1.649   3.172
ARG01B4215_001   2.984  -8.271  -5.287
ARG02B4215_002   3.029  -8.271  -5.242
ARG03B4215_003   2.935  -8.271  -5.335
ARG+1B4215_004   2.895  -8.271  -5.375
GLN01B4216_001   1.891  -3.185  -1.294
GLN01B4216_002   3.129  -3.085   0.044
PHE01B4217_001   5.067  -0.911   4.156
ILE01B4218_001   2.425  -1.700   0.726
PHE01B4219_001   4.835  -2.622   2.214
ASP01B4220_001   0.168  -1.636  -1.469
ASP01B4220_002   0.168  -1.636  -1.469
ASP02B4220_003   0.256  -1.597  -1.341
ASP02B4220_004   0.256  -1.597  -1.341
ASP-1B4220_005   0.159  -1.606  -1.447
VAL01B4221_001   0.970  -0.258   0.713
VAL01B4222_001   0.836  -0.670   0.167
ASN01B4223_001   0.193  -1.732  -1.540
ASN01B4223_002   0.016  -2.013  -1.997
GLU01B4224_001   1.930  -3.503  -1.574
GLU01B4224_002   1.930  -3.503  -1.574
GLU02B4224_003   1.614  -3.406  -1.791
GLU02B4224_004   1.614  -3.406  -1.791
GLU-1B4224_005   1.507  -3.466  -1.959
GLU01B4227_001   1.091  -3.981  -2.890
GLU01B4227_002   1.091  -3.981  -2.890
GLU02B4227_003   0.916  -3.978  -3.063
GLU02B4227_004   0.916  -3.978  -3.063
GLU-1B4227_005   0.830  -4.043  -3.213
ALA01B4228_001   0.000  -3.020  -3.020
GLU01B4229_001   2.550  -2.920  -0.369
GLU01B4229_002   2.550  -2.920  -0.369
GLU02B4229_003   2.109  -2.818  -0.708
GLU02B4229_004   2.109  -2.818  -0.708
GLU-1B4229_005   2.003  -2.851  -0.848
LYS01B4230_001   1.482  -3.602  -2.120
LYS+1B4230_002   1.433  -3.602  -2.169
MET01B4231_001   0.098  -1.003  -0.905
GLU01B4232_001   2.403  -1.193   1.210
GLU01B4232_002   2.403  -1.193   1.210
GLU02B4232_003   1.977  -1.117   0.861
GLU02B4232_004   1.977  -1.117   0.861
GLU-1B4232_005   1.880  -1.128   0.752
LEU01B4233_001   2.924  -4.050  -1.126
PHE01B4234_001   4.746  -0.101   4.645
VAL01B4235_001   0.690  -0.258   0.432
SER01B4236_001   0.000  -2.210  -2.210
SER01B4236_002   0.000  -2.210  -2.210
SER01B4236_003   0.000  -2.210  -2.210
PHE01B4237_001   5.265  -1.013   4.252
CYS01B4238_001  -0.002  -0.071  -0.073
CYS01B4238_002  -0.002  -0.071  -0.073
CYS01B4238_003  -0.003  -0.071  -0.074
CYS-1B4238_004   0.000  -0.071  -0.071
GLU01B4239_001   4.254   0.000   4.254
GLU01B4239_002   4.254   0.000   4.254
GLU02B4239_003   3.391   0.000   3.391
GLU02B4239_004   3.391   0.000   3.391
GLU-1B4239_005   3.335   0.000   3.335
ASP01B4240_001   0.088  -0.655  -0.566
ASP01B4240_002   0.088  -0.655  -0.566
ASP02B4240_003   0.162  -0.724  -0.563
ASP02B4240_004   0.162  -0.724  -0.563
ASP-1B4240_005   0.083  -0.655  -0.571
THR01B4241_001   0.273  -0.052   0.222
THR01B4241_002   0.273  -0.052   0.222
ILE01B4242_001   3.019  -0.325   2.694
PHE01B4243_001   5.171  -0.657   4.514
GLU01B4244_001   1.983  -0.502   1.481
GLU01B4244_002   1.983  -0.502   1.481
GLU02B4244_003   1.572  -0.549   1.023
GLU02B4244_004   1.572  -0.549   1.023
GLU-1B4244_005   1.507  -0.530   0.977
MET01B4245_001  -0.008  -0.155  -0.162
GLN01B4246_001   0.823  -1.743  -0.921
GLN01B4246_002   0.692  -2.181  -1.490
ILE01B4247_001   1.251  -1.252  -0.002
ALA01B4248_001   0.000  -0.258  -0.258
ALA01B4249_001   0.000  -2.846  -2.846
GLN01B4250_001   1.981  -2.733  -0.752
GLN01B4250_002   3.261  -2.718   0.543
ILE01B4251_001   2.491  -1.458   1.032
SER01B4252_001   0.000  -3.123  -3.123
SER01B4252_002   0.000  -3.123  -3.123
GLU01B4253_001   0.501  -2.819  -2.318
GLU01B4253_002   0.501  -2.819  -2.318
GLU02B4253_003   0.668  -2.606  -1.938
GLU02B4253_004   0.668  -2.606  -1.938
GLU-1B4253_005   0.470  -2.601  -2.131
CTR01B4253_001  -0.021  -5.319  -5.340
CTR01B4253_002   0.109  -5.203  -5.094
CTR02B4253_003  -0.022  -5.222  -5.245
CTR02B4253_004   0.043  -5.280  -5.238
CTR-1B4253_005   0.000  -5.241  -5.241
NTR01B4540_001  -0.003  -3.031  -3.034
NTR+1B4540_002  -0.005  -3.031  -3.036
PHE01B4540_001   2.035  -2.674  -0.639
TRP01B4541_001   0.641 -14.472 -13.831
GLU01B4543_001   0.500  -3.440  -2.940
GLU01B4543_002   0.500  -3.440  -2.940
GLU02B4543_003   0.668  -3.552  -2.885
GLU02B4543_004   0.668  -3.552  -2.885
GLU-1B4543_005   0.469  -3.390  -2.920
LEU01B4544_001   1.457  -3.657  -2.200
GLU01B4545_001   0.499  -2.488  -1.989
GLU01B4545_002   0.499  -2.488  -1.989
GLU02B4545_003   0.666  -2.395  -1.729
GLU02B4545_004   0.666  -2.395  -1.729
GLU-1B4545_005   0.468  -2.334  -1.866
VAL01B4546_001   0.537  -5.985  -5.448
GLN01B4547_001   1.175  -2.773  -1.598
GLN01B4547_002   1.626  -2.940  -1.314
ARG01B4548_001   3.824  -7.605  -3.782
ARG02B4548_002   3.775  -7.605  -3.831
ARG03B4548_003   3.778  -7.605  -3.828
ARG+1B4548_004   3.730  -7.605  -3.876
VAL01B4549_001   0.735  -3.709  -2.973
LYS01B4550_001   3.778  -4.132  -0.354
LYS+1B4550_002   3.684  -4.132  -0.448
PHE01B4551_001   4.707  -7.302  -2.595
LEU01B4552_001   2.732  -1.201   1.531
ASN01B4553_001   0.285  -0.940  -0.655
ASN01B4553_002   0.458  -0.950  -0.492
TYR01B4554_001   4.373  -7.621  -3.248
TYR-1B4554_002   4.373  -7.621  -3.248
LEU01B4555_001   1.777  -0.309   1.468
SER01B4556_001   0.000   0.000   0.000
ARG01B4557_001   5.022  -4.392   0.631
ARG02B4557_002   4.983  -4.392   0.591
ARG03B4557_003   4.986  -4.392   0.594
ARG+1B4557_004   4.937  -4.392   0.546
ASN01B4558_001   0.163  -1.036  -0.873
PHE01B4559_001   4.660  -0.758   3.902
TYR01B4560_001   4.688  -7.451  -2.763
TYR01B4560_002   4.688  -7.451  -2.763
TYR-1B4560_003   4.688  -7.451  -2.763
THR01B4561_001   0.255  -4.353  -4.098
LEU01B4562_001   1.998  -0.959   1.039
ARG01B4563_001   1.409  -1.853  -0.444
ARG02B4563_002   1.363  -1.853  -0.490
ARG02B4563_003   1.368  -1.853  -0.485
ARG03B4563_004   1.368  -1.853  -0.485
ARG03B4563_005   1.428  -1.853  -0.425
ARG+1B4563_006   1.324  -1.853  -0.529
PHE01B4564_001   4.781  -8.791  -4.009
LEU01B4565_001   1.564  -3.912  -2.348
ALA01B4566_001   0.000   0.000   0.000
LEU01B4567_001   1.529  -2.112  -0.583
PHE01B4568_001   4.759  -8.394  -3.635
LEU01B4569_001   2.741  -0.412   2.329
ALA01B4570_001   0.000   0.000   0.000
PHE01B4571_001   4.839  -6.703  -1.863
ALA01B4572_001   0.000  -1.974  -1.974
ILE01B4573_001   1.498  -0.052   1.446
ASN01B4574_001   0.425  -0.211   0.213
ASN01B4574_002   0.199  -0.234  -0.035
PHE01B4575_001   4.701  -9.006  -4.305
ILE01B4576_001   3.453  -0.686   2.767
LEU01B4577_001   3.567  -2.247   1.320
LEU01B4578_001   2.088  -6.246  -4.157
PHE01B4579_001   4.704  -3.065   1.639
TYR01B4580_001   4.486  -3.286   1.200
TYR-1B4580_002   4.486  -3.286   1.200
LYS01B4581_001   1.175  -6.135  -4.960
LYS+1B4581_002   1.128  -6.135  -5.007
VAL01B4582_001   0.517  -5.457  -4.940
SER01B4583_001   0.000  -0.615  -0.615
SER01B4583_002   0.000  -0.615  -0.615
ASP01B4584_001  -0.040  -3.572  -3.612
ASP01B4584_002  -0.040  -3.572  -3.612
ASP02B4584_003  -0.009  -3.565  -3.574
ASP02B4584_004  -0.009  -3.565  -3.574
ASP-1B4584_005  -0.041  -3.476  -3.516
SER01B4585_001   0.000  -3.243  -3.243
SER01B4585_002   0.000  -3.243  -3.243
PRO01B4586_001   0.260  -5.595  -5.335
PRO01B4587_001   0.250  -4.253  -4.003
CTR01B4587_001  -0.021  -4.643  -4.664
CTR01B4587_002   0.090  -4.547  -4.457
CTR02B4587_003  -0.022  -4.508  -4.530
CTR02B4587_004   0.033  -4.528  -4.495
CTR-1B4587_005   0.000  -4.508  -4.508
NTR01B4626_001  -0.003  -3.547  -3.550
NTR+1B4626_002  -0.005  -3.547  -3.552
ASN01B4626_001  -0.020  -3.370  -3.391
MET01B4627_001   0.141  -3.534  -3.393
VAL01B4628_001   0.558  -2.624  -2.065
TYR01B4629_001   4.693  -8.737  -4.043
TYR-1B4629_002   4.693  -8.737  -4.043
TYR01B4630_001   4.726  -3.826   0.900
TYR-1B4630_002   4.726  -3.826   0.900
PHE01B4631_001   4.817  -2.759   2.058
LEU01B4632_001   1.881  -4.646  -2.765
GLU01B4633_001   2.856  -2.524   0.332
GLU01B4633_002   2.856  -2.524   0.332
GLU02B4633_003   2.271  -2.751  -0.480
GLU02B4633_004   2.271  -2.751  -0.480
GLU-1B4633_005   2.207  -2.657  -0.450
GLU01B4634_001   2.326  -1.098   1.228
GLU01B4634_002   2.326  -1.098   1.228
GLU02B4634_003   1.841  -1.128   0.713
GLU02B4634_004   1.841  -1.128   0.713
GLU-1B4634_005   1.781  -1.051   0.730
SER01B4635_001   0.000  -5.399  -5.399
SER01B4635_002   0.000  -5.399  -5.399
THR01B4636_001   0.197  -1.935  -1.737
THR01B4636_002   0.197  -1.935  -1.737
THR01B4636_003   0.197  -1.935  -1.737
TYR01B4638_001   4.706  -8.854  -4.148
TYR-1B4638_002   4.706  -8.854  -4.148
MET01B4639_001  12.499   0.000  12.499
GLU01B4640_001   2.061  -2.455  -0.393
GLU01B4640_002   2.061  -2.455  -0.393
GLU02B4640_003   1.705  -2.585  -0.880
GLU02B4640_004   1.705  -2.585  -0.880
GLU-1B4640_005   1.604  -2.437  -0.833
PRO01B4641_001   0.251  -6.370  -6.119
ALA01B4642_001   0.000  -3.087  -3.087
LEU01B4643_001   3.351  -1.835   1.516
TRP01B4644_001   2.893  -7.918  -5.024
CYS01B4645_001  -0.002  -3.862  -3.864
CYS01B4645_002  -0.002  -3.862  -3.864
CYS01B4645_003  -0.002  -3.862  -3.864
CYS-1B4645_004   0.000  -3.862  -3.862
LEU01B4646_001   1.526  -3.245  -1.719
SER01B4647_001   0.000   0.000   0.000
SER01B4647_002   0.000   0.000   0.000
LEU01B4648_001   2.524  -4.807  -2.283
LEU01B4649_001   1.898  -3.586  -1.688
HIS01B4650_001  -0.147   0.000  -0.147
HIS02B4650_002  -0.166   0.000  -0.166
HIS+1B4650_003  -0.193   0.000  -0.193
THR01B4651_001   0.236  -1.325  -1.090
THR01B4651_002   0.236  -1.325  -1.090
THR01B4651_003   0.236  -1.325  -1.090
LEU01B4652_001   3.524  -5.611  -2.087
VAL01B4653_001   0.656  -0.464   0.192
ALA01B4654_001   0.000   0.000   0.000
PHE01B4655_001   4.718  -7.792  -3.074
LEU01B4656_001   2.232  -2.196   0.036
CYS01B4657_001  -0.002   0.000  -0.002
CYS01B4657_002  -0.002   0.000  -0.002
CYS01B4657_003  -0.002   0.000  -0.002
CYS-1B4657_004   0.000   0.000   0.000
ILE01B4658_001   2.693  -1.906   0.787
ILE01B4659_001   2.267  -3.397  -1.129
TYR01B4661_001   4.947  -0.202   4.745
TYR01B4661_002   4.947  -0.202   4.745
TYR-1B4661_003   4.947  -0.202   4.745
ASN01B4662_001   0.179  -1.974  -1.795
ASN01B4662_002   0.011  -1.816  -1.806
CYS01B4663_001  -0.002  -1.313  -1.314
CYS01B4663_002  -0.002  -1.313  -1.314
CYS01B4663_003  -0.002  -1.313  -1.315
CYS-1B4663_004   0.000  -1.313  -1.313
LEU01B4664_001   1.904  -1.819   0.085
LYS01B4665_001   2.645  -3.468  -0.824
LYS+1B4665_002   2.556  -3.468  -0.912
VAL01B4666_001   0.358   0.000   0.358
PRO01B4667_001   0.297  -1.597  -1.300
LEU01B4668_001   2.251  -1.542   0.709
VAL01B4669_001   0.525  -1.594  -1.069
ILE01B4670_001   1.655  -0.670   0.985
PHE01B4671_001   5.032  -0.051   4.982
LYS01B4672_001   1.039  -4.952  -3.913
LYS+1B4672_002   0.993  -4.952  -3.959
ARG01B4673_001   2.404  -0.553   1.852
ARG02B4673_002   2.363  -0.553   1.810
ARG02B4673_003   2.367  -0.553   1.814
ARG03B4673_004   2.370  -0.553   1.818
ARG03B4673_005   2.436  -0.553   1.883
ARG+1B4673_006   2.323  -0.553   1.771
GLU01B4674_001   2.800   0.000   2.800
GLU01B4674_002   2.800   0.000   2.800
GLU02B4674_003   2.267   0.000   2.267
GLU02B4674_004   2.267   0.000   2.267
GLU-1B4674_005   2.182   0.000   2.182
LYS01B4675_001   1.311  -0.849   0.462
LYS+1B4675_002   1.264  -0.849   0.415
GLU01B4676_001   3.636  -1.407   2.228
GLU01B4676_002   3.636  -1.407   2.228
GLU02B4676_003   2.891  -1.349   1.542
GLU02B4676_004   2.891  -1.349   1.542
GLU-1B4676_005   2.831  -1.344   1.487
LEU01B4677_001   1.378  -0.412   0.966
ALA01B4678_001   0.000  -0.258  -0.258
ARG01B4679_001   2.114  -2.443  -0.329
ARG02B4679_002   2.098  -2.443  -0.344
ARG02B4679_003   2.180  -2.443  -0.263
ARG03B4679_004   2.090  -2.443  -0.353
ARG03B4679_005   2.093  -2.443  -0.349
ARG+1B4679_006   2.050  -2.443  -0.392
LYS01B4680_001   0.955  -5.462  -4.507
LYS+1B4680_002   0.908  -5.462  -4.554
LEU01B4681_001   1.382  -0.103   1.279
GLU01B4682_001   2.198  -0.519   1.679
GLU01B4682_002   2.198  -0.519   1.679
GLU02B4682_003   1.788  -0.507   1.281
GLU02B4682_004   1.788  -0.507   1.281
GLU-1B4682_005   1.705  -0.482   1.223
PHE01B4683_001   4.917  -3.878   1.039
ASP01B4684_001   0.255  -2.462  -2.207
ASP01B4684_002   0.255  -2.462  -2.207
ASP02B4684_003   0.358  -2.469  -2.111
ASP02B4684_004   0.358  -2.469  -2.111
ASP-1B4684_005   0.242  -2.356  -2.114
LEU01B4686_001   2.077  -2.144  -0.067
TYR01B4687_001   5.119  -0.101   5.018
TYR-1B4687_002   5.119  -0.101   5.018
ILE01B4688_001   2.073   0.000   2.073
THR01B4689_001   0.209  -2.932  -2.723
GLU01B4690_001   3.106  -3.166  -0.061
GLU01B4690_002   3.106  -3.166  -0.061
GLU02B4690_003   2.475  -3.232  -0.757
GLU02B4690_004   2.475  -3.232  -0.757
GLU-1B4690_005   2.409  -3.066  -0.657
GLN01B4691_001   1.488  -2.622  -1.133
GLN01B4691_002   2.154  -2.612  -0.458
PRO01B4692_001   0.395  -0.244   0.152
ASP01B4694_001   0.182  -2.302  -2.119
ASP01B4694_002   0.182  -2.302  -2.119
ASP02B4694_003   0.271  -2.463  -2.192
ASP02B4694_004   0.271  -2.463  -2.192
ASP-1B4694_005   0.172  -2.308  -2.135
ASP01B4695_001   0.173  -3.267  -3.094
ASP01B4695_002   0.173  -3.267  -3.094
ASP02B4695_003   0.261  -3.476  -3.215
ASP02B4695_004   0.261  -3.476  -3.215
ASP-1B4695_005   0.164  -3.303  -3.139
ASP01B4696_001   0.137  -3.223  -3.086
ASP01B4696_002   0.137  -3.223  -3.086
ASP02B4696_003   0.215  -3.264  -3.049
ASP02B4696_004   0.215  -3.264  -3.049
ASP-1B4696_005   0.128  -3.183  -3.054
VAL01B4697_001   0.695  -6.828  -6.133
LYS01B4698_001   1.728  -5.734  -4.006
LYS+1B4698_002   1.678  -5.734  -4.056
GLN01B4700_001   1.318  -2.227  -0.909
GLN01B4700_002   1.025  -2.225  -1.200
TRP01B4701_001   3.295  -4.468  -1.173
ASP01B4702_001   0.173  -0.069   0.104
ASP01B4702_002   0.173  -0.069   0.104
ASP02B4702_003   0.257  -0.072   0.184
ASP02B4702_004   0.257  -0.072   0.184
ASP-1B4702_005   0.162  -0.069   0.093
ARG01B4703_001   3.070  -5.450  -2.380
ARG02B4703_002   3.026  -5.450  -2.424
ARG03B4703_003   3.118  -5.450  -2.332
ARG+1B4703_004   2.980  -5.450  -2.470
LEU01B4704_001   3.953  -2.901   1.052
VAL01B4705_001   0.568   0.000   0.568
LEU01B4706_001   1.300  -0.103   1.197
ASN01B4707_001   0.519  -1.488  -0.969
THR01B4708_001   0.256  -0.052   0.204
THR01B4708_002   0.256  -0.052   0.204
PRO01B4709_001   0.274  -4.522  -4.248
SER01B4710_001   0.000  -1.552  -1.552
SER01B4710_002   0.000  -1.552  -1.552
SER01B4710_003   0.000  -1.552  -1.552
PHE01B4711_001   4.854   0.000   4.854
PRO01B4712_001   0.353  -0.155   0.198
SER01B4713_001   0.000  -1.496  -1.496
SER01B4713_002   0.000  -1.496  -1.496
ASN01B4714_001   0.141  -1.007  -0.867
ASN01B4714_002  -0.012  -1.004  -1.016
TYR01B4715_001   5.118  -0.985   4.134
TYR01B4715_002   5.118  -0.985   4.134
TYR-1B4715_003   5.118  -0.985   4.134
TRP01B4716_001   3.036  -2.645   0.391
ASP01B4717_001   0.280  -1.006  -0.726
ASP01B4717_002   0.280  -1.006  -0.726
ASP02B4717_003   0.309  -0.976  -0.667
ASP02B4717_004   0.309  -0.976  -0.667
ASP-1B4717_005   0.232  -0.947  -0.715
LYS01B4718_001   0.515  -3.166  -2.651
LYS+1B4718_002   0.472  -3.166  -2.694
PHE01B4719_001   4.957  -2.043   2.913
VAL01B4720_001   0.553  -0.428   0.125
LYS01B4721_001   0.660  -1.043  -0.383
LYS+1B4721_002   0.615  -1.043  -0.427
ARG01B4722_001   3.247  -6.118  -2.870
ARG02B4722_002   3.200  -6.118  -2.918
ARG03B4722_003   3.286  -6.118  -2.831
ARG+1B4722_004   3.155  -6.118  -2.963
LYS01B4723_001   1.794  -3.851  -2.057
LYS+1B4723_002   1.747  -3.851  -2.104
VAL01B4724_001   0.715  -0.052   0.663
LEU01B4725_001   2.330  -0.515   1.815
ASP01B4726_001   0.100  -3.418  -3.319
ASP01B4726_002   0.100  -3.418  -3.319
ASP02B4726_003   0.179  -3.306  -3.127
ASP02B4726_004   0.179  -3.306  -3.127
ASP-1B4726_005   0.096  -3.230  -3.134
LYS01B4727_001   1.295  -4.235  -2.940
LYS+1B4727_002   1.246  -4.235  -2.989
HIS01B4728_001  -0.113  -1.200  -1.313
HIS01B4728_002  -0.061  -1.434  -1.495
HIS02B4728_003  -0.133  -1.200  -1.333
HIS02B4728_004  -0.074  -1.434  -1.508
HIS+1B4728_005  -0.160  -1.200  -1.359
HIS+1B4728_006  -0.101  -1.434  -1.534
ASP01B4730_001   0.084  -3.375  -3.291
ASP01B4730_002   0.084  -3.375  -3.291
ASP02B4730_003   0.158  -3.364  -3.205
ASP02B4730_004   0.158  -3.364  -3.205
ASP-1B4730_005   0.081  -3.209  -3.128
ILE01B4731_001   2.251  -5.608  -3.357
PHE01B4732_001   4.164  -4.153   0.011
ARG01B4734_001   2.161  -7.842  -5.681
ARG02B4734_002   2.137  -7.842  -5.705
ARG03B4734_003   2.145  -7.842  -5.697
ARG+1B4734_004   2.097  -7.842  -5.745
GLU01B4735_001   3.695  -3.256   0.440
GLU01B4735_002   3.695  -3.256   0.440
GLU02B4735_003   2.973  -3.303  -0.330
GLU02B4735_004   2.973  -3.303  -0.330
GLU-1B4735_005   2.895  -3.138  -0.244
ARG01B4736_001   3.687  -8.684  -4.997
ARG02B4736_002   3.639  -8.684  -5.044
ARG03B4736_003   3.730  -8.684  -4.953
ARG+1B4736_004   3.594  -8.684  -5.090
ILE01B4737_001   2.146   0.000   2.146
ALA01B4738_001   0.000  -0.103  -0.103
GLU01B4739_001   4.047  -2.690   1.357
GLU01B4739_002   4.047  -2.690   1.357
GLU02B4739_003   3.254  -2.810   0.444
GLU02B4739_004   3.254  -2.810   0.444
GLU-1B4739_005   3.180  -2.660   0.521
LEU01B4740_001   2.066  -2.366  -0.300
LEU01B4741_001   1.592   0.000   1.592
MET01B4743_001   0.538  -0.719  -0.181
ASP01B4744_001  -0.040  -2.143  -2.183
ASP01B4744_002  -0.040  -2.143  -2.183
ASP02B4744_003  -0.008  -2.195  -2.204
ASP02B4744_004  -0.008  -2.195  -2.204
ASP-1B4744_005  -0.040  -2.084  -2.124
LEU01B4745_001   1.459  -6.075  -4.616
ALA01B4746_001   0.000  -0.979  -0.979
SER01B4747_001   0.000  -1.275  -1.275
SER01B4747_002   0.000  -1.275  -1.275
LEU01B4748_001   1.457  -5.782  -4.326
GLU01B4749_001   0.500  -2.298  -1.798
GLU01B4749_002   0.500  -2.298  -1.798
GLU02B4749_003   0.667  -2.369  -1.702
GLU02B4749_004   0.667  -2.369  -1.702
GLU-1B4749_005   0.469  -2.309  -1.840
ILE01B4750_001   0.943  -2.009  -1.066
THR01B4751_001   0.152  -5.081  -4.929
THR01B4751_002   0.152  -5.081  -4.929
ALA01B4752_001   0.000  -2.711  -2.711
HIS01B4753_001  -0.354  -1.849  -2.203
HIS02B4753_002  -0.363  -1.849  -2.212
HIS+1B4753_003  -0.383  -1.849  -2.232
ASN01B4754_001  -0.020  -0.610  -0.631
ASN01B4754_002  -0.091  -0.517  -0.608
GLU01B4755_001   0.500  -2.544  -2.045
GLU01B4755_002   0.500  -2.544  -2.045
GLU02B4755_003   0.667  -2.550  -1.883
GLU02B4755_004   0.667  -2.550  -1.883
GLU-1B4755_005   0.468  -2.412  -1.943
ARG01B4756_0011191.684  -4.7151186.969
ARG02B4756_0021191.666  -4.7151186.951
ARG03B4756_0031191.700  -4.7151186.985
ARG03B4756_004 190.737  -4.715 186.022
ARG+1B4756_0051191.634  -4.7151186.919
LYS01B4757_001   3.787  -2.577   1.210
LYS+1B4757_002   3.692  -2.577   1.116
PRO01B4758_001   0.234  -4.498  -4.263
ASP01B4759_001  -0.040  -3.520  -3.561
ASP01B4759_002  -0.040  -3.520  -3.561
ASP02B4759_003  -0.009  -3.503  -3.512
ASP02B4759_004  -0.009  -3.503  -3.512
ASP-1B4759_005  -0.041  -3.415  -3.456
PRO01B4760_001   0.233  -6.188  -5.955
PRO01B4761_001   0.237  -6.881  -6.644
PRO01B4762_001   0.231  -5.599  -5.368
LEU01B4764_001   1.453  -4.755  -3.302
LEU01B4765_001   1.457  -4.704  -3.247
THR01B4766_001   0.209  -5.421  -5.211
THR01B4766_002   0.209  -5.421  -5.211
TRP01B4767_001   3.036  -7.281  -4.246
LEU01B4768_001   3.310  -6.780  -3.470
MET01B4769_001   0.192  -9.683  -9.490
SER01B4770_001   0.000  -3.197  -3.197
ILE01B4771_001   2.073  -4.375  -2.303
ASP01B4772_001   0.154  -2.137  -1.982
ASP01B4772_002   0.154  -2.137  -1.982
ASP02B4772_003   0.230  -2.064  -1.835
ASP02B4772_004   0.230  -2.064  -1.835
ASP-1B4772_005   0.142  -2.080  -1.938
VAL01B4773_001   0.651  -5.611  -4.961
LYS01B4774_001   1.200  -5.788  -4.588
LYS+1B4774_002   1.152  -5.788  -4.636
TYR01B4775_001   4.745  -0.767   3.977
TYR01B4775_002   4.745  -0.767   3.977
TYR-1B4775_003   4.745  -0.767   3.977
GLN01B4776_001   0.842  -1.935  -1.094
ILE01B4777_001   2.552  -4.153  -1.601
TRP01B4778_001   3.679   0.000   3.679
LYS01B4779_001   1.480  -3.594  -2.114
LYS+1B4779_002   1.434  -3.594  -2.161
PHE01B4780_001   4.773  -5.591  -0.818
VAL01B4782_001   1.061   0.000   1.061
ILE01B4783_001   1.754  -1.149   0.604
PHE01B4784_001   4.118  -6.575  -2.457
THR01B4785_001   0.195  -2.078  -1.883
THR01B4785_002   0.195  -2.078  -1.883
ASP01B4786_001   0.283  -0.761  -0.478
ASP01B4786_002   0.283  -0.761  -0.478
ASP02B4786_003   0.331  -0.724  -0.393
ASP02B4786_004   0.331  -0.724  -0.393
ASP-1B4786_005   0.242  -0.724  -0.481
ASN01B4787_001   0.478  -3.643  -3.165
ASN01B4787_002   0.225  -3.598  -3.373
SER01B4788_001   0.000  -2.413  -2.413
SER01B4788_002   0.000  -2.413  -2.413
SER01B4788_003   0.000  -2.413  -2.413
PHE01B4789_001   5.169  -2.090   3.079
LEU01B4790_001   1.583  -5.061  -3.478
TYR01B4791_001   5.153  -4.039   1.114
TYR01B4791_002   5.153  -4.039   1.114
TYR-1B4791_003   5.153  -4.039   1.114
LEU01B4792_001   1.375  -0.876   0.499
TRP01B4794_001   3.315  -8.742  -5.428
TYR01B4795_001   4.754  -0.270   4.484
TYR-1B4795_002   4.754  -0.270   4.484
MET01B4796_001   4.895  -1.218   3.677
VAL01B4797_001   0.690  -3.776  -3.086
MET01B4798_001  -0.000  -1.269  -1.270
SER01B4799_001   0.000   0.000   0.000
SER01B4799_002   0.000   0.000   0.000
SER01B4799_003   0.000   0.000   0.000
LEU01B4800_001   2.198  -6.162  -3.964
LEU01B4801_001   1.304  -3.297  -1.993
HIS01B4803_001  -0.175  -2.913  -3.088
HIS01B4803_002  -0.138  -2.885  -3.022
HIS02B4803_003  -0.193  -2.913  -3.105
HIS02B4803_004  -0.152  -2.885  -3.036
HIS+1B4803_005  -0.220  -2.913  -3.132
HIS+1B4803_006  -0.178  -2.885  -3.063
TYR01B4804_001   4.059  -9.349  -5.291
TYR-1B4804_002   4.059  -9.349  -5.291
ASN01B4805_001   0.147  -2.097  -1.951
ASN01B4805_002  -0.009  -1.779  -1.788
ASN01B4806_001   0.506  -1.856  -1.349
ASN01B4806_002   0.259  -1.954  -1.695
PHE01B4807_001   4.392 -11.452  -7.060
PHE01B4808_001   4.943  -3.268   1.675
PHE01B4809_001   4.284  -0.320   3.964
ALA01B4810_001   0.000  -1.645  -1.645
ALA01B4811_001   0.000  -0.876  -0.876
HIS01B4812_001  -0.115   0.000  -0.115
HIS01B4812_002  -0.053   0.000  -0.053
HIS02B4812_003  -0.135   0.000  -0.135
HIS02B4812_004  -0.065   0.000  -0.065
HIS+1B4812_005  -0.162   0.000  -0.162
HIS+1B4812_006  -0.091   0.000  -0.091
LEU01B4813_001   2.260  -3.364  -1.104
LEU01B4814_001   1.496  -7.910  -6.414
ASP01B4815_001   0.332  -0.396  -0.063
ASP01B4815_002   0.332  -0.396  -0.063
ASP02B4815_003   0.421  -0.390   0.031
ASP02B4815_004   0.421  -0.390   0.031
ASP-1B4815_005   0.303  -0.383  -0.080
ILE01B4816_001   2.849  -0.258   2.592
ALA01B4817_001   0.000  -2.608  -2.608
MET01B4818_001   0.161  -4.953  -4.792
VAL01B4820_001   0.711  -3.606  -2.894
LYS01B4821_001   3.417  -7.804  -4.387
LYS+1B4821_002   3.370  -7.804  -4.434
THR01B4822_001   0.251  -4.155  -3.904
LEU01B4823_001   1.307  -5.595  -4.288
ARG01B4824_001   3.532  -5.609  -2.077
ARG02B4824_002   3.498  -5.609  -2.111
ARG03B4824_003   3.545  -5.609  -2.064
ARG+1B4824_004   3.453  -5.609  -2.156
THR01B4825_001   0.245  -3.563  -3.319
THR01B4825_002   0.245  -3.563  -3.319
ILE01B4826_001   3.399  -5.644  -2.245
LEU01B4827_001   3.356  -5.438  -2.082
SER01B4828_001   0.000  -2.235  -2.235
SER01B4828_002   0.000  -2.235  -2.235
SER01B4829_001   0.000  -0.096  -0.096
SER01B4829_002   0.000  -0.096  -0.096
VAL01B4830_001   0.541  -4.188  -3.648
THR01B4831_001   0.314  -4.522  -4.208
THR01B4831_002   0.314  -4.522  -4.208
HIS01B4832_001  -0.157  -4.091  -4.248
HIS02B4832_002  -0.175  -4.091  -4.266
HIS+1B4832_003  -0.202  -4.091  -4.293
ASN01B4833_001   0.388  -0.640  -0.252
ASN01B4833_002   0.164  -0.625  -0.461
LYS01B4835_001   1.157 -10.067  -8.910
LYS+1B4835_002   1.091 -10.067  -8.975
GLN01B4836_001   2.610  -2.713  -0.102
GLN01B4836_002   4.389  -2.360   2.029
LEU01B4837_001   1.767  -1.957  -0.190
VAL01B4838_001   0.778  -5.251  -4.473
MET01B4839_001  -0.044  -8.148  -8.192
THR01B4840_001   0.228  -0.721  -0.493
THR01B4840_002   0.228  -0.721  -0.493
VAL01B4841_001   0.792  -4.752  -3.960
LEU01B4843_001   3.664  -5.457  -1.793
LEU01B4844_001   3.645  -2.469   1.176
ALA01B4845_001   0.000  -2.437  -2.437
VAL01B4846_001   0.602  -4.977  -4.375
VAL01B4847_001   0.807  -1.185  -0.378
VAL01B4848_001   0.872  -0.103   0.769
TYR01B4849_001   4.693  -7.361  -2.668
TYR01B4849_002   4.693  -7.361  -2.668
TYR-1B4849_003   4.693  -7.361  -2.668
LEU01B4850_001   1.864  -6.536  -4.671
TYR01B4851_001   4.507  -3.257   1.250
TYR01B4851_002   4.507  -3.257   1.250
TYR-1B4851_003   4.507  -3.257   1.250
THR01B4852_001   0.252   0.000   0.252
THR01B4852_002   0.252   0.000   0.252
THR01B4852_003   0.252   0.000   0.252
VAL01B4853_001   0.737  -3.348  -2.611
VAL01B4854_001   0.579  -2.093  -1.513
ALA01B4855_001   0.000  -0.412  -0.412
PHE01B4856_001   4.722  -2.409   2.313
ASN01B4857_001   0.350  -2.138  -1.788
ASN01B4857_002   0.140  -2.103  -1.963
PHE01B4858_001   4.433  -9.327  -4.894
PHE01B4859_001   4.432  -0.473   3.959
ARG01B4860_001   2.978  -7.152  -4.174
ARG02B4860_002   2.941  -7.152  -4.210
ARG03B4860_003   2.950  -7.152  -4.202
ARG+1B4860_004   2.902  -7.152  -4.250
LYS01B4861_001   2.192  -6.688  -4.497
LYS+1B4861_002   2.130  -6.688  -4.559
PHE01B4862_001   4.906  -2.006   2.899
TYR01B4863_001   4.755  -0.051   4.705
TYR01B4863_002   4.755  -0.051   4.705
TYR-1B4863_003   4.755  -0.051   4.705
ASN01B4864_001   0.238  -1.368  -1.130
ASN01B4864_002   0.434  -1.206  -0.772
LYS01B4865_001   3.172  -1.652   1.520
LYS+1B4865_002   3.124  -1.652   1.472
SER01B4866_001   0.000  -3.879  -3.879
SER01B4866_002   0.000  -3.879  -3.879
GLU01B4867_001   3.665  -2.300   1.365
GLU01B4867_002   3.665  -2.300   1.365
GLU02B4867_003   2.963  -2.506   0.457
GLU02B4867_004   2.963  -2.506   0.457
GLU-1B4867_005   2.880  -2.324   0.556
ASP01B4868_001   0.388  -3.862  -3.474
ASP01B4868_002   0.388  -3.862  -3.474
ASP02B4868_003   0.442  -3.786  -3.344
ASP02B4868_004   0.442  -3.786  -3.344
ASP-1B4868_005   0.336  -3.600  -3.264
GLU01B4869_001   1.609  -3.964  -2.355
GLU01B4869_002   1.609  -3.964  -2.355
GLU02B4869_003   1.331  -3.973  -2.641
GLU02B4869_004   1.331  -3.973  -2.641
GLU-1B4869_005   1.241  -3.893  -2.652
ASP01B4870_001   0.217  -3.005  -2.788
ASP01B4870_002   0.217  -3.005  -2.788
ASP02B4870_003   0.313  -3.045  -2.732
ASP02B4870_004   0.313  -3.045  -2.732
ASP-1B4870_005   0.206  -2.929  -2.723
GLU01B4871_001   3.284  -1.644   1.640
GLU01B4871_002   3.284  -1.644   1.640
GLU02B4871_003   2.616  -1.613   1.003
GLU02B4871_004   2.616  -1.613   1.003
GLU-1B4871_005   2.548  -1.576   0.972
CTR01B4871_001  -0.021  -0.830  -0.851
CTR01B4871_002   0.089  -0.869  -0.780
CTR02B4871_003  -0.022  -0.830  -0.852
CTR02B4871_004   0.035  -0.830  -0.796
CTR-1B4871_005   0.000  -0.830  -0.830
NTR01B4872_001  -0.002  -0.711  -0.713
NTR+1B4872_002  -0.004  -0.711  -0.715
PRO01B4872_001   0.264  -5.611  -5.347
ASP01B4873_001   0.073  -1.844  -1.771
ASP01B4873_002   0.073  -1.844  -1.771
ASP02B4873_003   0.143  -1.886  -1.743
ASP02B4873_004   0.143  -1.886  -1.743
ASP-1B4873_005   0.069  -1.817  -1.748
MET01B4874_001   0.650  -1.430  -0.780
LYS01B4875_001   1.905  -1.423   0.482
LYS+1B4875_002   1.838  -1.423   0.415
CYS01B4876_001  -0.002   0.000  -0.002
CYS01B4876_002  -0.002   0.000  -0.002
CYS01B4876_003  -0.003   0.000  -0.003
CYS-1B4876_004   0.000   0.000   0.000
ASP01B4877_001   0.103  -1.906  -1.803
ASP01B4877_002   0.103  -1.906  -1.803
ASP02B4877_003   0.171  -1.835  -1.665
ASP02B4877_004   0.171  -1.835  -1.665
ASP-1B4877_005   0.094  -1.847  -1.753
ASP01B4878_001  -0.041  -2.006  -2.047
ASP01B4878_002  -0.041  -2.006  -2.047
ASP02B4878_003  -0.010  -2.131  -2.140
ASP02B4878_004  -0.010  -2.131  -2.140
ASP-1B4878_005  -0.041  -2.006  -2.047
MET01B4879_001   0.046  -3.868  -3.822
MET01B4880_001   1.152  -9.790  -8.638
THR01B4881_001   0.300  -2.215  -1.915
THR01B4881_002   0.300  -2.215  -1.915
THR01B4881_003   0.300  -2.215  -1.915
CYS01B4882_001  -0.002   0.000  -0.002
CYS01B4882_002  -0.002   0.000  -0.002
CYS01B4882_003  -0.002   0.000  -0.002
CYS-1B4882_004   0.000   0.000   0.000
TYR01B4883_001   4.913  -2.354   2.559
TYR-1B4883_002   4.913  -2.354   2.559
LEU01B4884_001   1.786  -6.468  -4.682
PHE01B4885_001   5.014  -1.010   4.004
HIS01B4886_001  -0.153  -0.141  -0.294
HIS01B4886_002  -0.116   0.000  -0.116
HIS02B4886_003  -0.171  -0.141  -0.312
HIS02B4886_004  -0.129   0.000  -0.129
HIS+1B4886_005  -0.198  -0.141  -0.339
HIS+1B4886_006  -0.156   0.000  -0.156
MET01B4887_001   1.756  -3.604  -1.848
TYR01B4888_001   4.755  -8.500  -3.745
TYR-1B4888_002   4.755  -8.500  -3.745
VAL01B4889_001   0.645  -0.567   0.078
VAL01B4891_001   0.670  -1.098  -0.428
ARG01B4892_001   4.283  -7.218  -2.935
ARG02B4892_002   4.232  -7.218  -2.986
ARG03B4892_003   4.320  -7.218  -2.899
ARG+1B4892_004   4.187  -7.218  -3.032
ALA01B4893_001   0.000  -0.103  -0.103
ILE01B4897_001   1.796  -0.599   1.198
ASP01B4899_001   0.139  -2.029  -1.890
ASP01B4899_002   0.139  -2.029  -1.890
ASP02B4899_003   0.220  -2.091  -1.872
ASP02B4899_004   0.220  -2.091  -1.872
ASP-1B4899_005   0.131  -1.998  -1.867
GLU01B4900_001   3.723  -1.231   2.493
GLU01B4900_002   3.723  -1.231   2.493
GLU02B4900_003   2.969  -1.313   1.656
GLU02B4900_004   2.969  -1.313   1.656
GLU-1B4900_005   2.908  -1.231   1.677
ILE01B4901_001   4.072  -0.464   3.608
GLU01B4902_001   2.573  -1.607   0.966
GLU01B4902_002   2.573  -1.607   0.966
GLU02B4902_003   2.078  -1.549   0.529
GLU02B4902_004   2.078  -1.549   0.529
GLU-1B4902_005   1.991  -1.507   0.484
ASP01B4903_001   0.075  -3.045  -2.969
ASP01B4903_002   0.075  -3.045  -2.969
ASP02B4903_003   0.147  -3.081  -2.933
ASP02B4903_004   0.147  -3.081  -2.933
ASP-1B4903_005   0.072  -2.997  -2.925
PRO01B4904_001   0.263  -1.191  -0.928
ALA01B4905_001   0.000  -2.762  -2.762
ASP01B4907_001  -0.040  -3.192  -3.232
ASP01B4907_002  -0.040  -3.192  -3.232
ASP02B4907_003  -0.009  -3.278  -3.287
ASP02B4907_004  -0.009  -3.278  -3.287
ASP-1B4907_005  -0.041  -3.104  -3.144
GLU01B4908_001   0.500  -2.393  -1.894
GLU01B4908_002   0.500  -2.393  -1.894
GLU02B4908_003   0.666  -2.522  -1.856
GLU02B4908_004   0.666  -2.522  -1.856
GLU-1B4908_005   0.468  -2.407  -1.939
TYR01B4909_001   3.988  -7.652  -3.665
TYR-1B4909_002   3.988  -7.652  -3.665
GLU01B4910_001   0.498  -1.821  -1.323
GLU01B4910_002   0.498  -1.821  -1.323
GLU02B4910_003   0.665  -1.840  -1.176
GLU02B4910_004   0.665  -1.840  -1.176
GLU-1B4910_005   0.467  -1.749  -1.281
LEU01B4911_001   3.100  -8.651  -5.551
TYR01B4912_001   4.185  -8.800  -4.615
TYR-1B4912_002   4.185  -8.800  -4.615
ARG01B4913_001  10.425  -0.886   9.539
ARG02B4913_002  10.362  -0.886   9.476
ARG03B4913_003  10.328  -0.886   9.442
ARG+1B4913_004  10.323  -0.886   9.437
VAL01B4914_001   0.805  -4.085  -3.280
VAL01B4915_001   0.700  -5.457  -4.757
PHE01B4916_001   4.707  -1.624   3.083
ASP01B4917_001   0.382  -0.522  -0.140
ASP01B4917_002   0.382  -0.522  -0.140
ASP02B4917_003   0.432  -0.538  -0.106
ASP02B4917_004   0.432  -0.538  -0.106
ASP-1B4917_005   0.329  -0.517  -0.188
ILE01B4918_001   2.191  -5.647  -3.456
THR01B4919_001   0.235  -1.763  -1.528
PHE01B4920_001   5.116   0.000   5.116
PHE01B4921_001   4.922  -1.870   3.052
PHE01B4922_001   4.267  -6.150  -1.883
PHE01B4923_001   4.225  -8.410  -4.185
VAL01B4924_001   0.905  -1.217  -0.312
ILE01B4925_001   3.945  -0.258   3.687
VAL01B4926_001   0.712  -4.153  -3.441
ILE01B4927_001   2.872  -4.839  -1.967
LEU01B4928_001   1.881  -0.258   1.623
LEU01B4929_001   1.866  -6.333  -4.466
ALA01B4930_001   0.000  -3.242  -3.242
ILE01B4931_001   1.889  -3.879  -1.991
ILE01B4932_001   4.719  -3.036   1.684
GLN01B4933_001   3.700  -3.230   0.471
LEU01B4935_001   2.101  -2.266  -0.166
ILE01B4936_001   4.621  -2.215   2.406
ILE01B4937_001   3.414  -5.302  -1.888
ASP01B4938_001   0.380  -2.715  -2.335
ASP01B4938_002   0.380  -2.715  -2.335
ASP02B4938_003   0.405  -2.745  -2.341
ASP02B4938_004   0.405  -2.745  -2.341
ASP-1B4938_005   0.316  -2.593  -2.276
ALA01B4939_001   0.000   0.000   0.000
PHE01B4940_001   4.406  -5.719  -1.313
GLU01B4942_001   2.014  -2.152  -0.138
GLU01B4942_002   2.014  -2.152  -0.138
GLU02B4942_003   1.605  -2.294  -0.690
GLU02B4942_004   1.605  -2.294  -0.690
GLU-1B4942_005   1.535  -2.170  -0.635
LEU01B4943_001   1.561  -3.142  -1.581
ARG01B4944_001   5.213  -9.659  -4.445
ARG02B4944_002   5.168  -9.659  -4.491
ARG03B4944_003   5.161  -9.659  -4.498
ARG+1B4944_004   5.120  -9.659  -4.538
ASP01B4945_001   0.075  -2.468  -2.393
ASP01B4945_002   0.075  -2.468  -2.393
ASP02B4945_003   0.145  -2.577  -2.432
ASP02B4945_004   0.145  -2.577  -2.432
ASP-1B4945_005   0.071  -2.442  -2.371
GLN01B4946_001   1.192  -1.260  -0.068
GLN01B4946_002   0.954  -1.059  -0.105
GLN01B4947_001   1.290  -2.202  -0.912
GLN01B4947_002   1.701  -2.010  -0.308
GLU01B4948_001   4.763  -2.069   2.694
GLU01B4948_002   4.763  -2.069   2.694
GLU02B4948_003   3.850  -2.101   1.750
GLU02B4948_004   3.850  -2.101   1.750
GLU-1B4948_005   3.765  -2.019   1.746
GLN01B4949_001   3.068  -1.735   1.333
GLN01B4949_002   5.097  -1.788   3.310
VAL01B4950_001   0.849  -0.634   0.215
LYS01B4951_001   4.085  -8.305  -4.220
LYS+1B4951_002   4.010  -8.305  -4.295
GLU01B4952_001   4.438  -2.447   1.992
GLU01B4952_002   4.438  -2.447   1.992
GLU02B4952_003   3.579  -2.467   1.112
GLU02B4952_004   3.579  -2.467   1.112
GLU-1B4952_005   3.498  -2.377   1.122
ASP01B4953_001   0.419  -0.869  -0.450
ASP01B4953_002   0.419  -0.869  -0.450
ASP02B4953_003   0.461  -0.758  -0.297
ASP02B4953_004   0.461  -0.758  -0.297
ASP-1B4953_005   0.358  -0.792  -0.434
MET01B4954_001   2.778  -3.178  -0.401
GLU01B4955_001   0.500  -3.404  -2.904
GLU01B4955_002   0.500  -3.404  -2.904
GLU02B4955_003   0.666  -3.328  -2.662
GLU02B4955_004   0.666  -3.328  -2.662
GLU-1B4955_005   0.468  -3.346  -2.878
THR01B4956_001   0.209  -3.120  -2.910
THR01B4956_002   0.209  -3.120  -2.910
LYS01B4957_001   1.583  -3.714  -2.131
LYS+1B4957_002   1.538  -3.714  -2.176
CYS01B4958_001  -0.002   0.000  -0.002
CYS01B4958_002  -0.002   0.000  -0.002
CYS01B4958_003  -0.003   0.000  -0.003
CYS-1B4958_004   0.000   0.000   0.000
PHE01B4959_001   5.387  -0.271   5.116
ILE01B4960_001   2.518   0.000   2.518
CYS01B4961_001  -0.002   0.000  -0.002
CYS01B4961_002  -0.002   0.000  -0.002
CYS01B4961_003  -0.003   0.000  -0.003
CYS-1B4961_004   0.000   0.000   0.000
ILE01B4963_001   2.820  -1.236   1.584
SER01B4965_001   0.000  -0.903  -0.903
SER01B4965_002   0.000  -0.903  -0.903
SER01B4965_003   0.000  -0.903  -0.903
ASP01B4966_001   0.173  -3.370  -3.197
ASP01B4966_002   0.173  -3.370  -3.197
ASP02B4966_003   0.261  -3.383  -3.123
ASP02B4966_004   0.261  -3.383  -3.123
ASP-1B4966_005   0.163  -3.268  -3.105
TYR01B4967_001   5.332  -4.561   0.772
TYR01B4967_002   5.332  -4.561   0.772
TYR-1B4967_003   5.332  -4.561   0.772
PHE01B4968_001   5.778   0.000   5.778
ASP01B4969_001   0.262  -0.910  -0.647
ASP01B4969_002   0.262  -0.910  -0.647
ASP02B4969_003   0.365  -0.860  -0.495
ASP02B4969_004   0.365  -0.860  -0.495
ASP-1B4969_005   0.248  -0.870  -0.622
THR01B4970_001   0.269  -5.805  -5.535
THR01B4971_001   0.254  -3.318  -3.064
PRO01B4972_001   0.295  -6.254  -5.959
HIS01B4973_001  -0.107  -7.824  -7.931
HIS02B4973_002  -0.127  -7.824  -7.951
HIS+1B4973_003  -0.154  -7.824  -7.978
PHE01B4975_001   5.315  -0.724   4.591
GLU01B4976_001   1.694  -1.762  -0.069
GLU01B4976_002   1.694  -1.762  -0.069
GLU02B4976_003   1.369  -1.865  -0.496
GLU02B4976_004   1.369  -1.865  -0.496
GLU-1B4976_005   1.300  -1.760  -0.461
THR01B4977_001   0.274  -4.184  -3.911
THR01B4977_002   0.274  -4.184  -3.911
HIS01B4978_001  -0.170   0.000  -0.170
HIS02B4978_002  -0.188   0.000  -0.188
HIS+1B4978_003  -0.215   0.000  -0.215
THR01B4979_001   0.204  -1.623  -1.419
LEU01B4980_001   1.352  -8.049  -6.696
GLU01B4981_001   3.950  -0.484   3.466
GLU01B4981_002   3.950  -0.484   3.466
GLU02B4981_003   3.200  -0.560   2.640
GLU02B4981_004   3.200  -0.560   2.640
GLU-1B4981_005   3.114  -0.486   2.629
GLU01B4982_001   3.230  -0.207   3.023
GLU01B4982_002   3.230  -0.207   3.023
GLU02B4982_003   2.574  -0.217   2.357
GLU02B4982_004   2.574  -0.217   2.357
GLU-1B4982_005   2.508  -0.207   2.301
HIS01B4983_001  -0.263   0.000  -0.263
HIS02B4983_002  -0.283   0.000  -0.283
HIS+1B4983_003  -0.310   0.000  -0.310
ASN01B4984_001   0.356  -0.940  -0.584
ASN01B4984_002   0.125  -1.034  -0.909
LEU01B4985_001   5.294  -1.767   3.527
ALA01B4986_001   0.000  -0.583  -0.583
ASN01B4987_001   0.181  -0.079   0.102
TYR01B4988_001   4.492  -0.750   3.742
TYR-1B4988_002   4.492  -0.750   3.742
MET01B4989_001   0.503  -0.119   0.384
PHE01B4990_001   4.585  -0.303   4.282
PHE01B4991_001   5.269  -0.707   4.562
LEU01B4992_001   3.523  -0.876   2.647
MET01B4993_001   6.810  -0.527   6.283
TYR01B4994_001   4.944  -2.934   2.011
TYR01B4994_002   4.944  -2.934   2.011
TYR-1B4994_003   4.944  -2.934   2.011
LEU01B4995_001   1.970  -0.103   1.867
ILE01B4996_001   2.129  -1.645   0.484
ASN01B4997_001   0.381  -1.649  -1.268
ASN01B4997_002   0.156  -1.813  -1.657
LYS01B4998_001   1.006  -1.740  -0.734
LYS+1B4998_002   0.961  -1.740  -0.780
ASP01B4999_001   0.163  -2.688  -2.525
ASP01B4999_002   0.163  -2.688  -2.525
ASP02B4999_003   0.247  -2.711  -2.464
ASP02B4999_004   0.247  -2.711  -2.464
ASP-1B4999_005   0.154  -2.632  -2.478
GLU01B5000_001   2.686  -3.144  -0.458
GLU01B5000_002   2.686  -3.144  -0.458
GLU02B5000_003   2.137  -3.247  -1.110
GLU02B5000_004   2.137  -3.247  -1.110
GLU-1B5000_005   2.070  -3.053  -0.983
THR01B5001_001   0.230  -4.832  -4.602
THR01B5001_002   0.230  -4.832  -4.602
GLU01B5002_001   1.351  -3.122  -1.771
GLU01B5002_002   1.351  -3.122  -1.771
GLU02B5002_003   1.145  -3.152  -2.007
GLU02B5002_004   1.145  -3.152  -2.007
GLU-1B5002_005   1.042  -3.182  -2.140
HIS01B5003_001  -0.194  -0.347  -0.541
HIS01B5003_002  -0.158  -0.202  -0.359
HIS02B5003_003  -0.211  -0.347  -0.558
HIS02B5003_004  -0.172  -0.202  -0.373
HIS+1B5003_005  -0.238  -0.347  -0.585
HIS+1B5003_006  -0.198  -0.202  -0.400
THR01B5004_001   0.183  -2.492  -2.309
THR01B5004_002   0.183  -2.492  -2.309
THR01B5004_003   0.183  -2.492  -2.309
GLN01B5006_001   2.509  -0.217   2.292
GLN01B5006_002   4.130  -0.279   3.852
GLU01B5007_001   2.595  -0.488   2.107
GLU01B5007_002   2.595  -0.488   2.107
GLU02B5007_003   2.070  -0.433   1.637
GLU02B5007_004   2.070  -0.433   1.637
GLU-1B5007_005   2.000  -0.413   1.587
SER01B5008_001   0.000  -1.805  -1.805
TYR01B5009_001   5.077  -2.697   2.380
TYR-1B5009_002   5.077  -2.697   2.380
VAL01B5010_001   0.542  -0.412   0.130
TRP01B5011_001   3.156  -2.878   0.278
LYS01B5012_001   2.806  -7.644  -4.838
LYS+1B5012_002   2.720  -7.644  -4.924
MET01B5013_001   0.043  -2.018  -1.975
TYR01B5014_001   4.844  -0.474   4.370
TYR01B5014_002   4.844  -0.474   4.370
TYR-1B5014_003   4.844  -0.474   4.370
GLN01B5015_001   0.687  -1.178  -0.492
GLU01B5016_001   1.890  -2.716  -0.826
GLU01B5016_002   1.890  -2.716  -0.826
GLU02B5016_003   1.577  -2.844  -1.267
GLU02B5016_004   1.577  -2.844  -1.267
GLU-1B5016_005   1.475  -2.657  -1.183
ARG01B5017_001   3.886  -0.871   3.015
ARG02B5017_002   3.803  -0.871   2.932
ARG02B5017_003   3.809  -0.871   2.938
ARG03B5017_004   3.869  -0.871   2.998
ARG+1B5017_005   3.764  -0.871   2.893
CYS01B5018_001  -0.002  -3.173  -3.174
CYS01B5018_002  -0.002  -3.173  -3.174
CYS01B5018_003  -0.002  -3.173  -3.175
CYS-1B5018_004   0.000  -3.173  -3.173
TRP01B5019_001   3.568  -1.235   2.334
ASP01B5020_001   0.505  -2.223  -1.718
ASP01B5020_002   0.505  -2.223  -1.718
ASP02B5020_003   0.553  -2.128  -1.575
ASP02B5020_004   0.553  -2.128  -1.575
ASP-1B5020_005   0.435  -2.136  -1.701
PHE01B5021_001   4.779  -0.842   3.936
PHE01B5022_001   5.520  -0.255   5.266
PRO01B5023_001   0.322   0.000   0.322
ALA01B5024_001   0.000  -2.917  -2.917
ASP01B5026_001   0.060  -0.788  -0.728
ASP01B5026_002   0.060  -0.788  -0.728
ASP02B5026_003   0.129  -0.872  -0.743
ASP02B5026_004   0.129  -0.872  -0.743
ASP-1B5026_005   0.058  -0.788  -0.730
CYS01B5027_001  -0.002   0.000  -0.002
CYS01B5027_002  -0.002   0.000  -0.002
CYS01B5027_003  -0.003   0.000  -0.003
CYS-1B5027_004   0.000   0.000   0.000
PHE01B5028_001   5.520  -1.230   4.289
ARG01B5029_001   2.502  -2.526  -0.023
ARG02B5029_002   2.427  -2.526  -0.099
ARG03B5029_003   2.432  -2.526  -0.093
ARG03B5029_004   2.494  -2.526  -0.032
ARG+1B5029_005   2.388  -2.526  -0.138
LYS01B5030_001   2.498  -4.574  -2.076
LYS+1B5030_002   2.410  -4.574  -2.164
GLN01B5031_001   0.821  -1.373  -0.552
GLN01B5031_002   0.708  -1.501  -0.793
TYR01B5032_001   4.913  -0.670   4.243
TYR-1B5032_002   4.913  -0.670   4.243
GLU01B5033_001   2.824  -1.860   0.964
GLU01B5033_002   2.824  -1.860   0.964
GLU02B5033_003   2.249  -1.866   0.383
GLU02B5033_004   2.249  -1.866   0.383
GLU-1B5033_005   2.183  -1.908   0.275
ASP01B5034_001  -0.040  -2.884  -2.924
ASP01B5034_002  -0.040  -2.884  -2.924
ASP02B5034_003  -0.009  -3.018  -3.027
ASP02B5034_004  -0.009  -3.018  -3.027
ASP-1B5034_005  -0.040  -2.820  -2.860
GLN01B5035_001   2.121  -1.966   0.154
LEU01B5036_001   1.554  -2.968  -1.415
SER01B5037_001   0.000  -3.351  -3.351
SER01B5037_002   0.000  -3.351  -3.351
CTR01B5037_001  -0.021  -2.915  -2.936
CTR01B5037_002   0.108  -2.896  -2.788
CTR02B5037_003  -0.022  -2.915  -2.937
CTR02B5037_004   0.042  -2.993  -2.951
CTR-1B5037_005   0.000  -2.915  -2.915
_ZN+2B5101_001   0.000   0.000   0.000
_CA+2B5102_001   0.000  -0.609  -0.609
