   confID        vdw0    sas     sum
NTR01B3639_001  -0.003  -3.126  -3.129
NTR+1B3639_002  -0.005  -3.126  -3.131
THR01B3639_001   0.177  -3.507  -3.329
THR01B3639_002   0.177  -3.507  -3.329
PRO01B3640_001   0.285  -3.549  -3.264
LEU01B3641_001   2.215  -9.745  -7.531
TYR01B3642_001   4.733 -10.057  -5.324
TYR-1B3642_002   4.733 -10.057  -5.324
ASN01B3643_001   0.459  -2.375  -1.915
ASN01B3643_002   0.182  -2.243  -2.061
LEU01B3644_001   2.083  -2.521  -0.438
PRO01B3645_001   0.264  -3.027  -2.763
THR01B3646_001   0.260  -7.037  -6.777
THR01B3646_002   0.260  -7.037  -6.777
HIS01B3647_001  -0.172  -8.114  -8.286
HIS01B3647_002  -0.131  -8.167  -8.298
HIS02B3647_003  -0.190  -8.114  -8.304
HIS02B3647_004  -0.145  -8.167  -8.312
HIS+1B3647_005  -0.217  -8.114  -8.331
HIS+1B3647_006  -0.171  -8.167  -8.338
ARG01B3648_001   3.115  -8.945  -5.830
ARG02B3648_002   3.091  -8.945  -5.854
ARG03B3648_003   3.099  -8.945  -5.846
ARG+1B3648_004   3.052  -8.945  -5.893
ALA01B3649_001   0.000  -1.165  -1.165
CYS01B3650_001  -0.002  -3.838  -3.840
CYS01B3650_002  -0.002  -3.838  -3.840
CYS01B3650_003  -0.003  -3.838  -3.840
CYS-1B3650_004   0.000  -3.838  -3.838
ASN01B3651_001   0.464  -2.882  -2.418
ASN01B3651_002   0.223  -2.946  -2.723
MET01B3652_001   0.495  -6.460  -5.965
PHE01B3653_001   4.601  -9.048  -4.447
LEU01B3654_001   2.083  -6.642  -4.559
GLU01B3655_001   1.610  -3.105  -1.494
GLU01B3655_002   1.610  -3.105  -1.494
GLU02B3655_003   1.355  -3.073  -1.718
GLU02B3655_004   1.355  -3.073  -1.718
GLU-1B3655_005   1.251  -3.040  -1.789
SER01B3656_001   0.000  -3.552  -3.552
TYR01B3657_001   5.165  -5.846  -0.681
TYR-1B3657_002   5.165  -5.846  -0.681
LYS01B3658_001   3.214  -7.711  -4.497
LYS+1B3658_002   3.168  -7.711  -4.543
ALA01B3659_001   0.000  -5.009  -5.009
ALA01B3660_001   0.000  -2.643  -2.643
TRP01B3661_001   3.090  -4.132  -1.042
ILE01B3662_001   1.989 -10.621  -8.632
LEU01B3663_001   2.808  -5.579  -2.771
THR01B3664_001   0.209  -5.428  -5.218
GLU01B3665_001   1.333  -2.756  -1.424
GLU01B3665_002   1.333  -2.756  -1.424
GLU02B3665_003   1.116  -2.617  -1.501
GLU02B3665_004   1.116  -2.617  -1.501
GLU-1B3665_005   1.020  -2.612  -1.593
ASP01B3666_001   0.509  -1.599  -1.090
ASP01B3666_002   0.509  -1.599  -1.090
ASP02B3666_003   0.556  -1.574  -1.018
ASP02B3666_004   0.556  -1.574  -1.018
ASP-1B3666_005   0.438  -1.537  -1.100
HIS01B3667_001  -0.159  -5.061  -5.220
HIS01B3667_002  -0.110  -4.822  -4.932
HIS02B3667_003  -0.178  -5.061  -5.239
HIS02B3667_004  -0.123  -4.822  -4.945
HIS+1B3667_005  -0.205  -5.061  -5.266
HIS+1B3667_006  -0.149  -4.822  -4.971
SER01B3668_001   0.000  -3.009  -3.009
SER01B3668_002   0.000  -3.009  -3.009
SER01B3668_003   0.000  -3.009  -3.009
PHE01B3669_001   4.558  -4.799  -0.240
GLU01B3670_001   0.595  -0.323   0.272
GLU01B3670_002   0.595  -0.323   0.272
GLU02B3670_003   0.524  -0.411   0.113
GLU02B3670_004   0.524  -0.411   0.113
GLU-1B3670_005   0.446  -0.323   0.123
ASP01B3671_001   0.055  -0.345  -0.290
ASP01B3671_002   0.055  -0.345  -0.290
ASP02B3671_003   0.120  -0.398  -0.279
ASP02B3671_004   0.120  -0.398  -0.279
ASP-1B3671_005   0.051  -0.345  -0.293
ARG01B3672_001   4.178  -9.422  -5.245
ARG02B3672_002   4.221  -9.422  -5.202
ARG03B3672_003   4.123  -9.422  -5.300
ARG+1B3672_004   4.083  -9.422  -5.340
MET01B3673_001   0.747  -3.892  -3.146
ILE01B3674_001   3.898  -0.052   3.846
ASP01B3675_001   0.260  -1.231  -0.971
ASP01B3675_002   0.260  -1.231  -0.971
ASP02B3675_003   0.366  -1.259  -0.893
ASP02B3675_004   0.366  -1.259  -0.893
ASP-1B3675_005   0.247  -1.184  -0.937
ASP01B3676_001   0.036  -1.490  -1.454
ASP01B3676_002   0.036  -1.490  -1.454
ASP02B3676_003   0.093  -1.580  -1.487
ASP02B3676_004   0.093  -1.580  -1.487
ASP-1B3676_005   0.031  -1.490  -1.458
LEU01B3677_001   2.518  -2.060   0.457
SER01B3678_001   0.000  -0.853  -0.853
SER01B3678_002   0.000  -0.853  -0.853
LYS01B3679_001   1.784  -7.369  -5.585
LYS+1B3679_002   1.700  -7.369  -5.669
ALA01B3680_001   0.000  -3.055  -3.055
GLU01B3682_001   0.501  -2.760  -2.259
GLU01B3682_002   0.501  -2.760  -2.259
GLU02B3682_003   0.668  -2.723  -2.055
GLU02B3682_004   0.668  -2.723  -2.055
GLU-1B3682_005   0.470  -2.722  -2.252
GLN01B3683_001   0.453  -1.174  -0.721
GLU01B3684_001   0.499  -3.656  -3.157
GLU01B3684_002   0.499  -3.656  -3.157
GLU02B3684_003   0.666  -3.544  -2.878
GLU02B3684_004   0.666  -3.544  -2.878
GLU-1B3684_005   0.468  -3.535  -3.068
GLU01B3685_001   0.500  -4.281  -3.781
GLU01B3685_002   0.500  -4.281  -3.781
GLU02B3685_003   0.667  -4.240  -3.574
GLU02B3685_004   0.667  -4.240  -3.574
GLU-1B3685_005   0.469  -4.139  -3.670
GLU01B3686_001   0.498  -2.659  -2.161
GLU01B3686_002   0.498  -2.659  -2.161
GLU02B3686_003   0.664  -2.656  -1.992
GLU02B3686_004   0.664  -2.656  -1.992
GLU-1B3686_005   0.467  -2.588  -2.121
GLU01B3687_001   0.501  -2.433  -1.932
GLU01B3687_002   0.501  -2.433  -1.932
GLU02B3687_003   0.669  -2.377  -1.708
GLU02B3687_004   0.669  -2.377  -1.708
GLU-1B3687_005   0.470  -2.309  -1.838
GLU01B3688_001   0.497  -3.778  -3.281
GLU01B3688_002   0.497  -3.778  -3.281
GLU02B3688_003   0.663  -3.680  -3.017
GLU02B3688_004   0.663  -3.680  -3.017
GLU-1B3688_005   0.466  -3.596  -3.130
GLU01B3689_001   0.499  -4.201  -3.702
GLU01B3689_002   0.499  -4.201  -3.702
GLU02B3689_003   0.666  -4.212  -3.546
GLU02B3689_004   0.666  -4.212  -3.546
GLU-1B3689_005   0.468  -4.139  -3.671
VAL01B3690_001   0.501  -2.743  -2.242
GLU01B3691_001   0.497  -4.241  -3.744
GLU01B3691_002   0.497  -4.241  -3.744
GLU02B3691_003   0.663  -4.178  -3.515
GLU02B3691_004   0.663  -4.178  -3.515
GLU-1B3691_005   0.466  -4.095  -3.630
GLU01B3692_001   0.499  -3.781  -3.282
GLU01B3692_002   0.499  -3.781  -3.282
GLU02B3692_003   0.666  -3.832  -3.166
GLU02B3692_004   0.666  -3.832  -3.166
GLU-1B3692_005   0.468  -3.738  -3.270
LYS01B3693_001   3.779  -7.609  -3.829
LYS+1B3693_002   3.685  -7.609  -3.924
LYS01B3694_001   1.952  -4.429  -2.477
LYS+1B3694_002   1.868  -4.429  -2.561
PRO01B3695_001   0.301  -2.122  -1.822
ASP01B3696_001   0.135  -0.489  -0.354
ASP01B3696_002   0.135  -0.489  -0.354
ASP02B3696_003   0.214  -0.573  -0.359
ASP02B3696_004   0.214  -0.573  -0.359
ASP-1B3696_005   0.126  -0.482  -0.356
PRO01B3697_001   0.274  -2.695  -2.420
LEU01B3698_001   2.618   0.000   2.618
HIS01B3699_001  -0.137  -1.910  -2.047
HIS02B3699_002  -0.156  -1.910  -2.066
HIS+1B3699_003  -0.183  -1.910  -2.093
GLN01B3700_001   1.065  -2.060  -0.995
GLN01B3700_002   1.785  -2.274  -0.489
LEU01B3701_001   3.597  -1.664   1.932
VAL01B3702_001   0.726  -0.052   0.674
LEU01B3703_001   1.954  -4.720  -2.766
HIS01B3704_001  -0.136  -6.494  -6.630
HIS01B3704_002  -0.088  -6.526  -6.614
HIS02B3704_003  -0.155  -6.494  -6.649
HIS02B3704_004  -0.101  -6.526  -6.627
HIS+1B3704_005  -0.182  -6.494  -6.676
HIS+1B3704_006  -0.128  -6.526  -6.653
PHE01B3705_001   4.843  -0.051   4.793
SER01B3706_001   0.000  -1.155  -1.155
SER01B3706_002   0.000  -1.155  -1.155
ARG01B3707_001   2.948 -10.944  -7.996
ARG02B3707_002   3.023 -10.944  -7.921
ARG03B3707_003   2.924 -10.944  -8.020
ARG+1B3707_004   2.884 -10.944  -8.060
THR01B3708_001   0.234  -2.269  -2.036
ALA01B3709_001   0.000   0.000   0.000
LEU01B3710_001   1.281  -5.698  -4.417
THR01B3711_001   0.213  -4.561  -4.347
THR01B3711_002   0.213  -4.561  -4.347
GLU01B3712_001   7.841  -3.875   3.966
GLU01B3712_002   7.841  -3.875   3.966
GLU02B3712_003   6.306  -4.005   2.301
GLU02B3712_004   6.306  -4.005   2.301
GLU-1B3712_005   6.237  -3.832   2.405
LYS01B3713_001   2.802  -3.739  -0.937
LYS+1B3713_002   2.751  -3.739  -0.988
SER01B3714_001   0.000  -5.175  -5.175
LYS01B3715_001   2.214  -8.912  -6.698
LYS+1B3715_002   2.166  -8.912  -6.746
LEU01B3716_001   1.621  -0.361   1.261
ASP01B3717_001   0.146  -2.375  -2.229
ASP01B3717_002   0.146  -2.375  -2.229
ASP02B3717_003   0.226  -2.268  -2.042
ASP02B3717_004   0.226  -2.268  -2.042
ASP-1B3717_005   0.137  -2.304  -2.167
GLU01B3718_001   1.943  -2.693  -0.750
GLU01B3718_002   1.943  -2.693  -0.750
GLU02B3718_003   1.584  -2.662  -1.078
GLU02B3718_004   1.584  -2.662  -1.078
GLU-1B3718_005   1.500  -2.656  -1.155
ASP01B3719_001   0.058  -0.895  -0.837
ASP01B3719_002   0.058  -0.895  -0.837
ASP02B3719_003   0.125  -0.839  -0.715
ASP02B3719_004   0.125  -0.839  -0.715
ASP-1B3719_005   0.055  -0.861  -0.807
TYR01B3720_001   4.562 -11.459  -6.897
TYR-1B3720_002   4.562 -11.459  -6.897
LEU01B3721_001   3.907  -6.452  -2.545
TYR01B3722_001   4.948   0.000   4.948
TYR01B3722_002   4.948   0.000   4.948
TYR-1B3722_003   4.948   0.000   4.948
MET01B3723_001   0.326  -1.067  -0.741
ALA01B3724_001   0.000  -1.491  -1.491
TYR01B3725_001   4.765  -3.042   1.723
TYR-1B3725_002   4.765  -3.042   1.723
ALA01B3726_001   0.000   0.000   0.000
ASP01B3727_001   0.082  -1.882  -1.800
ASP01B3727_002   0.082  -1.882  -1.800
ASP02B3727_003   0.156  -1.866  -1.710
ASP02B3727_004   0.156  -1.866  -1.710
ASP-1B3727_005   0.078  -1.861  -1.782
ILE01B3728_001   3.217  -0.567   2.651
MET01B3729_001   0.075   0.000   0.075
ALA01B3730_001   0.000  -0.361  -0.361
LYS01B3731_001   1.726  -3.358  -1.632
LYS+1B3731_002   1.641  -3.358  -1.717
SER01B3732_001   0.000   0.000   0.000
SER01B3732_002   0.000   0.000   0.000
SER01B3732_003   0.000   0.000   0.000
CYS01B3733_001  -0.002   0.000  -0.002
CYS01B3733_002  -0.002   0.000  -0.002
CYS01B3733_003  -0.003   0.000  -0.003
CYS-1B3733_004   0.000   0.000   0.000
HIS01B3734_001  -0.354  -2.708  -3.062
HIS02B3734_002  -0.363  -2.708  -3.071
HIS+1B3734_003  -0.383  -2.708  -3.090
LEU01B3735_001   1.455  -0.927   0.528
GLU01B3736_001   0.502  -0.036   0.465
GLU01B3736_002   0.502  -0.036   0.465
GLU02B3736_003   0.668  -0.034   0.634
GLU02B3736_004   0.668  -0.034   0.634
GLU-1B3736_005   0.470  -0.034   0.436
GLU01B3737_001   0.499  -1.509  -1.010
GLU01B3737_002   0.499  -1.509  -1.010
GLU02B3737_003   0.666  -1.511  -0.845
GLU02B3737_004   0.666  -1.511  -0.845
GLU-1B3737_005   0.468  -1.507  -1.039
GLU01B3740_001   0.498  -1.278  -0.780
GLU01B3740_002   0.498  -1.278  -0.780
GLU02B3740_003   0.664  -1.297  -0.633
GLU02B3740_004   0.664  -1.297  -0.633
GLU-1B3740_005   0.467  -1.292  -0.825
ASN01B3741_001  -0.019  -2.201  -2.220
ASN01B3741_002  -0.090  -2.285  -2.375
CTR01B3741_001  -0.021  -5.049  -5.070
CTR01B3741_002   0.110  -5.223  -5.113
CTR02B3741_003  -0.022  -5.184  -5.206
CTR02B3741_004   0.043  -5.126  -5.083
CTR-1B3741_005   0.000  -5.049  -5.049
NTR01B3747_001  -0.003  -3.512  -3.515
NTR+1B3747_002  -0.005  -3.512  -3.517
GLU01B3747_001   0.501  -5.054  -4.553
GLU01B3747_002   0.501  -5.054  -4.553
GLU02B3747_003   0.668  -4.965  -4.297
GLU02B3747_004   0.668  -4.965  -4.297
GLU-1B3747_005   0.470  -4.827  -4.357
GLU01B3748_001   0.501  -3.888  -3.388
GLU01B3748_002   0.501  -3.888  -3.388
GLU02B3748_003   0.668  -3.875  -3.207
GLU02B3748_004   0.668  -3.875  -3.207
GLU-1B3748_005   0.470  -3.742  -3.272
VAL01B3749_001   0.501  -8.544  -8.043
GLU01B3750_001   1.872  -3.489  -1.616
GLU01B3750_002   1.872  -3.489  -1.616
GLU02B3750_003   1.536  -3.386  -1.850
GLU02B3750_004   1.536  -3.386  -1.850
GLU-1B3750_005   1.447  -3.422  -1.975
VAL01B3751_001   0.600  -3.809  -3.208
SER01B3752_001   0.000  -2.611  -2.611
PHE01B3753_001   5.068  -4.961   0.107
GLU01B3754_001   1.694  -1.864  -0.171
GLU01B3754_002   1.694  -1.864  -0.171
GLU02B3754_003   1.404  -1.964  -0.559
GLU02B3754_004   1.404  -1.964  -0.559
GLU-1B3754_005   1.309  -1.786  -0.477
GLU01B3755_001   1.228  -1.749  -0.521
GLU01B3755_002   1.228  -1.749  -0.521
GLU02B3755_003   1.054  -1.758  -0.704
GLU02B3755_004   1.054  -1.758  -0.704
GLU-1B3755_005   0.950  -1.761  -0.811
LYS01B3756_001   1.446  -4.477  -3.031
LYS+1B3756_002   1.399  -4.477  -3.078
GLU01B3757_001   1.599  -1.019   0.580
GLU01B3757_002   1.599  -1.019   0.580
GLU02B3757_003   1.345  -1.071   0.274
GLU02B3757_004   1.345  -1.071   0.274
GLU-1B3757_005   1.240  -1.025   0.215
MET01B3758_001   0.046  -1.526  -1.480
GLU01B3759_001   1.523  -0.517   1.006
GLU01B3759_002   1.523  -0.517   1.006
GLU02B3759_003   1.268  -0.598   0.670
GLU02B3759_004   1.268  -0.598   0.670
GLU-1B3759_005   1.193  -0.474   0.720
LYS01B3760_001   4.396  -3.248   1.148
LYS+1B3760_002   4.346  -3.248   1.098
GLN01B3761_001   0.920  -0.684   0.236
GLN01B3761_002   0.735  -0.876  -0.141
ARG01B3762_001   2.990  -1.703   1.288
ARG02B3762_002   2.932  -1.703   1.229
ARG03B3762_003   2.926  -1.703   1.223
ARG+1B3762_004   2.886  -1.703   1.184
LEU01B3763_001   1.451  -0.618   0.833
LEU01B3764_001   1.464  -4.291  -2.828
TYR01B3765_001   5.041  -2.381   2.660
TYR01B3765_002   5.041  -2.381   2.660
TYR-1B3765_003   5.041  -2.381   2.660
GLN01B3766_001   1.424  -0.039   1.384
GLN01B3766_002   2.149   0.000   2.149
GLN01B3767_001   1.186  -0.047   1.139
GLN01B3767_002   1.580  -0.013   1.567
SER01B3768_001   0.000  -2.632  -2.632
SER01B3768_002   0.000  -2.632  -2.632
SER01B3768_003   0.000  -2.632  -2.632
ARG01B3769_001   2.444  -0.670   1.774
ARG02B3769_002   2.410  -0.670   1.740
ARG03B3769_003   2.402  -0.670   1.733
ARG+1B3769_004   2.363  -0.670   1.693
LEU01B3770_001   1.763   0.000   1.763
HIS01B3771_001  -0.168  -2.574  -2.742
HIS01B3771_002  -0.132  -2.707  -2.838
HIS02B3771_003  -0.185  -2.574  -2.760
HIS02B3771_004  -0.146  -2.707  -2.853
HIS+1B3771_005  -0.212  -2.574  -2.787
HIS+1B3771_006  -0.173  -2.707  -2.879
THR01B3772_001   0.425  -1.494  -1.070
THR01B3772_002   0.425  -1.494  -1.070
THR01B3772_003   0.425  -1.494  -1.070
ARG01B3773_001   2.003  -9.591  -7.588
ARG02B3773_002   2.078  -9.591  -7.514
ARG03B3773_003   1.983  -9.591  -7.608
ARG+1B3773_004   1.940  -9.591  -7.652
ALA01B3775_001   0.000   0.000   0.000
ALA01B3776_001   0.000   0.000   0.000
GLU01B3777_001   3.287  -1.285   2.002
GLU01B3777_002   3.287  -1.285   2.002
GLU02B3777_003   2.642  -1.122   1.520
GLU02B3777_004   2.642  -1.122   1.520
GLU-1B3777_005   2.566  -1.172   1.395
MET01B3778_001   1.006   0.000   1.006
VAL01B3779_001   1.010  -0.103   0.906
LEU01B3780_001   2.225   0.000   2.225
GLN01B3781_001   2.548  -0.511   2.037
GLN01B3781_002   4.187  -0.515   3.672
MET01B3782_001   1.742  -0.048   1.694
ILE01B3783_001   1.566  -0.464   1.103
SER01B3784_001   0.000  -1.204  -1.204
SER01B3784_002   0.000  -1.204  -1.204
ALA01B3785_001   0.000  -0.206  -0.206
CYS01B3786_001  -0.002  -0.071  -0.073
CYS01B3786_002  -0.002  -0.071  -0.073
CYS01B3786_003  -0.003  -0.071  -0.074
CYS-1B3786_004   0.000  -0.071  -0.071
LYS01B3787_001   6.845  -4.943   1.903
LYS+1B3787_002   6.797  -4.943   1.854
GLU01B3789_001   0.789  -1.237  -0.448
GLU01B3789_002   0.789  -1.237  -0.448
GLU02B3789_003   0.744  -1.240  -0.495
GLU02B3789_004   0.744  -1.240  -0.495
GLU-1B3789_005   0.632  -1.234  -0.602
THR01B3790_001   0.246  -3.216  -2.969
ALA01B3792_001   0.000  -3.104  -3.104
MET01B3793_001   0.187  -0.299  -0.111
VAL01B3794_001   0.756   0.000   0.756
SER01B3795_001   0.000  -0.873  -0.873
SER01B3795_002   0.000  -0.873  -0.873
SER01B3796_001   0.000  -0.818  -0.818
SER01B3796_002   0.000  -0.818  -0.818
SER01B3796_003   0.000  -0.818  -0.818
THR01B3797_001   0.238  -0.052   0.187
THR01B3797_002   0.238  -0.052   0.187
LEU01B3798_001   2.410  -0.361   2.049
LYS01B3799_001   1.488  -4.047  -2.559
LYS+1B3799_002   1.441  -4.047  -2.606
LEU01B3800_001   1.859   0.000   1.859
ILE01B3802_001   4.142  -0.840   3.301
SER01B3803_001   0.000  -0.301  -0.301
SER01B3803_002   0.000  -0.301  -0.301
SER01B3803_003   0.000  -0.301  -0.301
ILE01B3804_001   3.980   0.000   3.980
LEU01B3805_001   2.371   0.000   2.371
ASN01B3806_001   0.175  -0.738  -0.564
ASN01B3806_002   0.006  -0.797  -0.791
ASN01B3809_001   0.445  -0.379   0.066
ASN01B3809_002   0.209  -0.512  -0.303
ALA01B3810_001   0.000  -2.624  -2.624
GLU01B3811_001   1.367  -2.521  -1.154
GLU01B3811_002   1.367  -2.521  -1.154
GLU02B3811_003   1.162  -2.575  -1.413
GLU02B3811_004   1.162  -2.575  -1.413
GLU-1B3811_005   1.059  -2.506  -1.447
VAL01B3812_001   0.576  -0.052   0.525
GLN01B3813_001   2.181   0.000   2.181
GLN01B3813_002   3.624   0.000   3.624
GLN01B3814_001   0.921  -2.269  -1.348
GLN01B3814_002   0.735  -2.072  -1.337
LYS01B3815_001   3.006  -0.579   2.427
LYS+1B3815_002   2.940  -0.579   2.361
MET01B3816_001   4.849  -0.191   4.658
LEU01B3817_001   1.803  -0.103   1.700
ASP01B3818_001   0.481  -2.029  -1.548
ASP01B3818_002   0.481  -2.029  -1.548
ASP02B3818_003   0.536  -1.930  -1.394
ASP02B3818_004   0.536  -1.930  -1.394
ASP-1B3818_005   0.417  -1.998  -1.581
TYR01B3819_001   5.312  -2.340   2.973
TYR01B3819_002   5.312  -2.340   2.973
TYR-1B3819_003   5.312  -2.340   2.973
LEU01B3820_001   2.568  -0.155   2.414
LYS01B3821_001   3.732  -4.723  -0.991
LYS+1B3821_002   3.679  -4.723  -1.044
ASP01B3822_001   0.468  -2.809  -2.341
ASP01B3822_002   0.468  -2.809  -2.341
ASP02B3822_003   0.522  -2.746  -2.224
ASP02B3822_004   0.522  -2.746  -2.224
ASP-1B3822_005   0.405  -2.619  -2.213
LYS01B3823_001   3.778  -2.126   1.652
LYS+1B3823_002   3.684  -2.126   1.558
LYS01B3824_001   3.515  -5.441  -1.926
LYS+1B3824_002   3.447  -5.441  -1.994
GLU01B3825_001   1.162  -0.339   0.822
GLU01B3825_002   1.162  -0.339   0.822
GLU02B3825_003   0.974  -0.343   0.631
GLU02B3825_004   0.974  -0.343   0.631
GLU-1B3825_005   0.901  -0.339   0.561
VAL01B3826_001   0.821  -3.310  -2.489
PHE01B3828_001   5.350  -0.657   4.693
PHE01B3829_001   5.235  -0.202   5.033
GLN01B3830_001   3.258  -1.879   1.378
GLN01B3830_002   5.226  -1.914   3.312
SER01B3831_001   0.000   0.000   0.000
ILE01B3832_001   2.463  -0.670   1.793
GLN01B3833_001   1.998  -1.545   0.452
GLN01B3833_002   3.230  -1.511   1.719
ALA01B3834_001   0.000  -2.077  -2.077
LEU01B3835_001   2.336   0.000   2.336
MET01B3836_001   1.119  -0.048   1.071
GLN01B3837_001   4.002  -2.946   1.057
THR01B3838_001   0.270  -2.514  -2.244
THR01B3838_002   0.270  -2.514  -2.244
CYS01B3839_001  -0.002   0.000  -0.002
CYS01B3839_002  -0.002   0.000  -0.002
CYS01B3839_003  -0.003   0.000  -0.003
CYS-1B3839_004   0.000   0.000   0.000
SER01B3840_001   0.000  -1.527  -1.527
SER01B3840_002   0.000  -1.527  -1.527
SER01B3840_003   0.000  -1.527  -1.527
VAL01B3841_001   0.715  -1.149  -0.434
LEU01B3842_001   1.874   0.000   1.874
ASP01B3843_001   0.222  -1.631  -1.409
ASP01B3843_002   0.222  -1.631  -1.409
ASP02B3843_003   0.314  -1.693  -1.379
ASP02B3843_004   0.314  -1.693  -1.379
ASP-1B3843_005   0.208  -1.688  -1.480
LEU01B3844_001   1.713  -2.556  -0.843
ASN01B3845_001   0.305  -3.272  -2.968
ASN01B3845_002   0.472  -3.571  -3.099
ALA01B3846_001   0.000  -1.030  -1.030
PHE01B3847_001   4.598   0.000   4.598
GLU01B3848_001   1.723  -1.371   0.351
GLU01B3848_002   1.723  -1.371   0.351
GLU02B3848_003   1.478  -1.406   0.071
GLU02B3848_004   1.478  -1.406   0.071
GLU-1B3848_005   1.358  -1.356   0.002
ARG01B3849_001   2.311  -9.939  -7.628
ARG02B3849_002   2.296  -9.939  -7.643
ARG03B3849_003   2.287  -9.939  -7.652
ARG+1B3849_004   2.248  -9.939  -7.691
GLN01B3850_001   2.712   0.000   2.712
GLN01B3850_002   4.445   0.000   4.445
ASN01B3851_001   0.216  -1.314  -1.098
ASN01B3851_002   0.030  -1.186  -1.156
LYS01B3852_001   0.895  -7.953  -7.058
LYS+1B3852_002   0.849  -7.953  -7.104
ALA01B3853_001   0.000  -0.876  -0.876
GLU01B3854_001   0.501  -2.071  -1.570
GLU01B3854_002   0.501  -2.071  -1.570
GLU02B3854_003   0.668  -1.960  -1.292
GLU02B3854_004   0.668  -1.960  -1.292
GLU-1B3854_005   0.470  -1.989  -1.520
LEU01B3856_001   1.644  -7.360  -5.716
MET01B3858_001   0.140  -8.414  -8.274
VAL01B3859_001   0.500  -2.679  -2.179
ASN01B3860_001  -0.020  -3.143  -3.163
GLU01B3861_001   0.502  -2.887  -2.385
GLU01B3861_002   0.502  -2.887  -2.385
GLU02B3861_003   0.669  -2.851  -2.182
GLU02B3861_004   0.669  -2.851  -2.182
GLU-1B3861_005   0.471  -2.872  -2.402
ASP01B3862_001  -0.041  -2.349  -2.390
ASP01B3862_002  -0.041  -2.349  -2.390
ASP02B3862_003  -0.010  -2.425  -2.434
ASP02B3862_004  -0.010  -2.425  -2.434
ASP-1B3862_005  -0.041  -2.385  -2.426
THR01B3864_001   0.151  -1.764  -1.613
THR01B3864_002   0.151  -1.764  -1.613
VAL01B3865_001   0.500  -5.096  -4.596
ILE01B3866_001   0.942  -5.615  -4.673
ASN01B3867_001  -0.020  -1.086  -1.106
ARG01B3868_0011192.016  -6.1671185.848
ARG02B3868_0021191.999  -6.1671185.831
ARG03B3868_0031192.031  -6.1671185.864
ARG03B3868_004 191.035  -6.167 184.867
ARG+1B3868_0051191.965  -6.1671185.798
GLN01B3869_001   0.453  -2.014  -1.561
ASN01B3870_001  -0.020  -0.321  -0.341
GLU01B3872_001   0.499  -3.889  -3.389
GLU01B3872_002   0.499  -3.889  -3.389
GLU02B3872_003   0.666  -3.860  -3.194
GLU02B3872_004   0.666  -3.860  -3.194
GLU-1B3872_005   0.468  -3.790  -3.322
LYS01B3873_001   2.512  -2.787  -0.275
LYS+1B3873_002   2.462  -2.787  -0.324
VAL01B3874_001   0.972   0.000   0.972
MET01B3875_001   0.446   0.000   0.446
ALA01B3876_001   0.000  -1.182  -1.182
ASP01B3877_001   0.103  -0.248  -0.146
ASP01B3877_002   0.103  -0.248  -0.146
ASP02B3877_003   0.181  -0.212  -0.031
ASP02B3877_004   0.181  -0.212  -0.031
ASP-1B3877_005   0.098  -0.241  -0.144
ASP01B3878_001   0.069  -1.261  -1.192
ASP01B3878_002   0.069  -1.261  -1.192
ASP02B3878_003   0.138  -1.356  -1.218
ASP02B3878_004   0.138  -1.356  -1.218
ASP-1B3878_005   0.065  -1.318  -1.252
GLU01B3879_001   0.500  -3.576  -3.076
GLU01B3879_002   0.500  -3.576  -3.076
GLU02B3879_003   0.666  -3.471  -2.805
GLU02B3879_004   0.666  -3.471  -2.805
GLU-1B3879_005   0.468  -3.479  -3.011
PHE01B3880_001   4.995  -0.959   4.035
THR01B3881_001   0.243   0.000   0.243
THR01B3881_002   0.243   0.000   0.243
THR01B3881_003   0.243   0.000   0.243
GLN01B3882_001   1.670  -1.462   0.209
GLN01B3882_002   2.747  -1.430   1.317
ASP01B3883_001   0.438  -0.652  -0.214
ASP01B3883_002   0.438  -0.652  -0.214
ASP02B3883_003   0.479  -0.620  -0.141
ASP02B3883_004   0.479  -0.620  -0.141
ASP-1B3883_005   0.374  -0.620  -0.246
LEU01B3884_001   1.795  -0.052   1.743
PHE01B3885_001   4.981   0.000   4.981
ARG01B3886_001   2.238  -4.841  -2.603
ARG02B3886_002   2.195  -4.841  -2.646
ARG03B3886_003   2.262  -4.841  -2.579
ARG+1B3886_004   2.156  -4.841  -2.685
PHE01B3887_001   5.064  -0.843   4.221
LEU01B3888_001   1.619  -0.155   1.464
GLN01B3889_001   2.147  -0.428   1.719
GLN01B3889_002   3.533  -0.325   3.208
LEU01B3890_001   1.431  -0.361   1.071
LEU01B3891_001   2.343  -0.361   1.983
CYS01B3892_001  -0.002   0.000  -0.002
CYS01B3892_002  -0.002   0.000  -0.002
CYS01B3892_003  -0.002   0.000  -0.002
CYS-1B3892_004   0.000   0.000   0.000
GLU01B3893_001   1.953  -0.202   1.752
GLU01B3893_002   1.953  -0.202   1.752
GLU02B3893_003   1.618  -0.156   1.462
GLU02B3893_004   1.618  -0.156   1.462
GLU-1B3893_005   1.517  -0.164   1.354
HIS01B3895_001  -0.157  -1.572  -1.729
HIS01B3895_002  -0.117  -1.563  -1.680
HIS02B3895_003  -0.175  -1.572  -1.747
HIS02B3895_004  -0.131  -1.563  -1.693
HIS+1B3895_005  -0.202  -1.572  -1.774
HIS+1B3895_006  -0.157  -1.563  -1.720
ASN01B3896_001   0.091  -0.512  -0.421
ASN01B3896_002   0.303  -0.448  -0.145
ASN01B3897_001   0.380  -1.998  -1.618
ASN01B3897_002   0.135  -1.782  -1.647
ASP01B3898_001   0.046  -1.593  -1.547
ASP01B3898_002   0.046  -1.593  -1.547
ASP02B3898_003   0.108  -1.766  -1.658
ASP02B3898_004   0.108  -1.766  -1.658
ASP-1B3898_005   0.043  -1.627  -1.585
PHE01B3899_001   6.193  -0.101   6.092
GLN01B3900_001   1.874   0.000   1.874
GLN01B3900_002   3.095   0.000   3.095
ASN01B3901_001   0.608  -1.780  -1.172
TYR01B3902_001   5.400  -0.323   5.077
TYR-1B3902_002   5.400  -0.323   5.077
LEU01B3903_001   1.893  -0.103   1.790
ARG01B3904_001   2.974  -3.407  -0.433
ARG02B3904_002   2.933  -3.407  -0.474
ARG02B3904_003   2.938  -3.407  -0.469
ARG03B3904_004   2.941  -3.407  -0.466
ARG03B3904_005   2.982  -3.407  -0.425
ARG+1B3904_006   2.893  -3.407  -0.514
THR01B3905_001   0.234  -2.348  -2.114
THR01B3905_002   0.234  -2.348  -2.114
GLN01B3906_001   2.731   0.000   2.731
THR01B3907_001   0.175  -5.398  -5.223
ASN01B3909_001   0.503  -0.310   0.193
ASN01B3909_002   0.251  -0.394  -0.143
THR01B3910_001   0.197  -6.001  -5.805
THR01B3910_002   0.197  -6.001  -5.805
THR01B3911_001   0.200  -3.651  -3.451
THR01B3912_001   0.171  -2.923  -2.752
THR01B3912_002   0.171  -2.923  -2.752
ILE01B3913_001   1.453  -0.103   1.350
ASN01B3914_001   0.151  -0.722  -0.571
ASN01B3914_002  -0.008  -0.530  -0.537
ILE01B3915_001   1.764  -0.052   1.712
ILE01B3916_001   4.354   0.000   4.354
ILE01B3917_001   5.165  -5.473  -0.308
CYS01B3918_001  -0.002  -1.387  -1.389
CYS01B3918_002  -0.002  -1.387  -1.389
CYS01B3918_003  -0.003  -1.387  -1.390
CYS-1B3918_004   0.000  -1.387  -1.387
THR01B3919_001   0.319   0.000   0.319
THR01B3919_002   0.319   0.000   0.319
THR01B3919_003   0.319   0.000   0.319
VAL01B3920_001   0.894  -0.052   0.842
ASP01B3921_001   0.500  -1.354  -0.854
ASP01B3921_002   0.500  -1.354  -0.854
ASP02B3921_003   0.542  -1.338  -0.796
ASP02B3921_004   0.542  -1.338  -0.796
ASP-1B3921_005   0.428  -1.309  -0.882
TYR01B3922_001   4.596  -0.103   4.493
TYR01B3922_002   4.596  -0.103   4.493
TYR-1B3922_003   4.596  -0.103   4.493
LEU01B3923_001   1.589   0.000   1.589
LEU01B3924_001   2.431  -1.854   0.577
ARG01B3925_001   2.501  -4.438  -1.937
ARG02B3925_002   2.477  -4.438  -1.962
ARG03B3925_003   2.474  -4.438  -1.965
ARG+1B3925_004   2.430  -4.438  -2.008
LEU01B3926_001   2.005   0.000   2.005
GLN01B3927_001   4.246  -0.409   3.837
GLN01B3927_002   7.131  -0.379   6.752
GLU01B3928_001   3.568  -3.167   0.401
GLU01B3928_002   3.568  -3.167   0.401
GLU02B3928_003   2.840  -3.260  -0.419
GLU02B3928_004   2.840  -3.260  -0.419
GLU-1B3928_005   2.780  -3.079  -0.300
SER01B3929_001   0.000  -0.336  -0.336
SER01B3929_002   0.000  -0.336  -0.336
ILE01B3930_001   4.647  -0.309   4.338
SER01B3931_001   0.000  -0.792  -0.792
SER01B3931_002   0.000  -0.792  -0.792
ASP01B3932_001   0.185  -1.894  -1.709
ASP01B3932_002   0.185  -1.894  -1.709
ASP02B3932_003   0.274  -1.979  -1.705
ASP02B3932_004   0.274  -1.979  -1.705
ASP-1B3932_005   0.175  -1.852  -1.677
PHE01B3933_001   4.976   0.000   4.976
TYR01B3934_001   4.976  -1.225   3.751
TYR-1B3934_002   4.976  -1.225   3.751
TRP01B3935_001   3.323  -8.320  -4.997
TYR01B3936_001   5.047  -2.989   2.058
TYR01B3936_002   5.047  -2.989   2.058
TYR-1B3936_003   5.047  -2.989   2.058
TYR01B3937_001   5.282   0.000   5.282
TYR01B3937_002   5.282   0.000   5.282
TYR-1B3937_003   5.282   0.000   5.282
SER01B3938_001   0.000  -0.768  -0.768
SER01B3938_002   0.000  -0.768  -0.768
LYS01B3940_001   1.020  -3.955  -2.935
LYS+1B3940_002   0.974  -3.955  -2.981
ASP01B3941_001   0.071  -2.883  -2.812
ASP01B3941_002   0.071  -2.883  -2.812
ASP02B3941_003   0.141  -2.932  -2.791
ASP02B3941_004   0.141  -2.932  -2.791
ASP-1B3941_005   0.067  -2.889  -2.822
VAL01B3942_001   0.484  -4.855  -4.371
ILE01B3943_001   4.490   0.000   4.490
GLU01B3944_001   1.975  -2.074  -0.098
GLU01B3944_002   1.975  -2.074  -0.098
GLU02B3944_003   1.643  -1.997  -0.353
GLU02B3944_004   1.643  -1.997  -0.353
GLU-1B3944_005   1.541  -1.861  -0.320
GLU01B3945_001   3.677  -2.699   0.978
GLU01B3945_002   3.677  -2.699   0.978
GLU02B3945_003   2.959  -2.676   0.283
GLU02B3945_004   2.959  -2.676   0.283
GLU-1B3945_005   2.882  -2.595   0.287
GLN01B3946_001   0.921  -0.472   0.448
LYS01B3948_001   0.909  -1.634  -0.725
LYS+1B3948_002   0.864  -1.634  -0.770
ARG01B3949_001   2.990  -7.990  -5.001
ARG02B3949_002   2.965  -7.990  -5.025
ARG03B3949_003   3.053  -7.990  -4.937
ARG+1B3949_004   2.926  -7.990  -5.064
ASN01B3950_001   0.467   0.000   0.467
ASN01B3950_002   0.217   0.000   0.217
PHE01B3951_001   5.361  -0.051   5.311
SER01B3952_001   0.000  -1.952  -1.952
SER01B3952_002   0.000  -1.952  -1.952
LYS01B3953_001   1.515  -2.229  -0.714
LYS+1B3953_002   1.468  -2.229  -0.761
ALA01B3954_001   0.000   0.000   0.000
MET01B3955_001   0.819   0.000   0.819
SER01B3956_001   0.000  -1.803  -1.803
SER01B3956_002   0.000  -1.803  -1.803
VAL01B3957_001   0.817   0.000   0.817
ALA01B3958_001   0.000   0.000   0.000
LYS01B3959_001   2.405  -3.512  -1.107
LYS+1B3959_002   2.363  -3.512  -1.149
GLN01B3960_001   1.202  -0.551   0.651
GLN01B3960_002   1.546  -0.669   0.877
VAL01B3961_001   0.784   0.000   0.784
PHE01B3962_001   5.518   0.000   5.518
ASN01B3963_001   0.592  -0.970  -0.378
ASN01B3963_002   0.300  -0.743  -0.443
SER01B3964_001   0.000   0.000   0.000
SER01B3964_002   0.000   0.000   0.000
SER01B3964_003   0.000   0.000   0.000
LEU01B3965_001   2.973   0.000   2.973
THR01B3966_001   0.190  -0.387  -0.197
THR01B3966_002   0.190  -0.387  -0.197
GLU01B3967_001   1.409  -0.138   1.271
GLU01B3967_002   1.409  -0.138   1.271
GLU02B3967_003   1.205  -0.145   1.060
GLU02B3967_004   1.205  -0.145   1.060
GLU-1B3967_005   1.095  -0.138   0.958
TYR01B3968_001   4.702   0.000   4.702
TYR-1B3968_002   4.702   0.000   4.702
ILE01B3969_001   2.162   0.000   2.162
GLN01B3970_001   2.872  -0.197   2.675
GLN01B3970_002   4.644  -0.256   4.388
PRO01B3972_001   0.299  -3.369  -3.070
CYS01B3973_001  -0.002  -0.071  -0.073
CYS01B3973_002  -0.002  -0.071  -0.073
CYS01B3973_003  -0.002  -0.071  -0.074
CYS-1B3973_004   0.000  -0.071  -0.071
THR01B3974_001   0.301  -5.164  -4.862
THR01B3974_002   0.301  -5.164  -4.862
ASN01B3976_001   0.361   0.000   0.361
ASN01B3976_002   0.136   0.000   0.136
GLN01B3977_001   1.686  -0.172   1.513
GLN01B3977_002   2.748  -0.236   2.512
GLN01B3978_001   1.105  -2.276  -1.172
GLN01B3978_002   0.894  -2.002  -1.109
SER01B3979_001   0.000  -0.264  -0.264
LEU01B3980_001   1.880   0.000   1.880
ALA01B3981_001   0.000  -0.155  -0.155
HIS01B3982_001  -0.160  -7.482  -7.642
HIS01B3982_002  -0.115  -7.469  -7.584
HIS02B3982_003  -0.178  -7.482  -7.661
HIS02B3982_004  -0.128  -7.469  -7.597
HIS+1B3982_005  -0.205  -7.482  -7.687
HIS+1B3982_006  -0.155  -7.469  -7.623
SER01B3983_001   0.000  -0.096  -0.096
ARG01B3984_001   1.732 -10.239  -8.507
ARG02B3984_002   1.698 -10.239  -8.540
ARG03B3984_003   1.700 -10.239  -8.539
ARG+1B3984_004   1.656 -10.239  -8.583
LEU01B3985_001   1.989  -0.052   1.937
TRP01B3986_001   3.520  -1.317   2.203
ASP01B3987_001   0.086  -2.375  -2.289
ASP01B3987_002   0.086  -2.375  -2.289
ASP02B3987_003   0.160  -2.468  -2.308
ASP02B3987_004   0.160  -2.468  -2.308
ASP-1B3987_005   0.082  -2.382  -2.300
ALA01B3988_001   0.000   0.000   0.000
VAL01B3989_001   1.099  -0.052   1.048
VAL01B3990_001   0.895  -0.979  -0.084
PHE01B3992_001   5.712  -0.051   5.661
LEU01B3993_001   2.304  -0.721   1.583
HIS01B3994_001  -0.123  -3.144  -3.268
HIS02B3994_002  -0.143  -3.144  -3.287
HIS+1B3994_003  -0.170  -3.144  -3.314
VAL01B3995_001   0.751  -0.052   0.699
PHE01B3996_001   4.633  -0.101   4.532
ALA01B3997_001   0.000   0.000   0.000
HIS01B3998_001  -0.135  -1.386  -1.521
HIS02B3998_002  -0.154  -1.386  -1.541
HIS+1B3998_003  -0.181  -1.386  -1.568
MET01B3999_001  -0.050   0.000  -0.050
MET01B4000_001   0.379   0.000   0.379
MET01B4001_001   0.026  -2.347  -2.322
LYS01B4002_001   0.953  -0.979  -0.026
LYS+1B4002_002   0.913  -0.979  -0.066
LEU01B4003_001   1.662   0.000   1.662
ALA01B4004_001   0.000  -0.052  -0.052
GLN01B4005_001   1.940  -1.659   0.282
GLN01B4005_002   3.224  -1.728   1.496
ASP01B4006_001   0.076  -1.602  -1.526
ASP01B4006_002   0.076  -1.602  -1.526
ASP02B4006_003   0.150  -1.590  -1.440
ASP02B4006_004   0.150  -1.590  -1.440
ASP-1B4006_005   0.074  -1.555  -1.481
SER01B4007_001   0.000  -3.203  -3.203
SER01B4007_002   0.000  -3.203  -3.203
SER01B4008_001   0.000  -3.316  -3.316
SER01B4008_002   0.000  -3.316  -3.316
GLN01B4009_001   2.724  -0.079   2.645
GLN01B4009_002   4.554  -0.074   4.480
ILE01B4010_001   2.178  -1.767   0.411
GLU01B4011_001   3.615  -3.465   0.150
GLU01B4011_002   3.615  -3.465   0.150
GLU02B4011_003   2.886  -3.295  -0.409
GLU02B4011_004   2.886  -3.295  -0.409
GLU-1B4011_005   2.821  -3.204  -0.384
LEU01B4012_001   1.849  -0.206   1.643
LEU01B4013_001   2.121  -0.876   1.246
LYS01B4014_001   2.218  -5.679  -3.461
LYS+1B4014_002   2.172  -5.679  -3.506
GLU01B4015_001   3.399  -1.088   2.311
GLU01B4015_002   3.399  -1.088   2.311
GLU02B4015_003   2.712  -1.098   1.614
GLU02B4015_004   2.712  -1.098   1.614
GLU-1B4015_005   2.651  -0.986   1.665
LEU01B4016_001   3.226   0.000   3.226
LEU01B4017_001   1.440  -0.412   1.028
ASP01B4018_001   0.151  -1.057  -0.906
ASP01B4018_002   0.151  -1.057  -0.906
ASP02B4018_003   0.231  -1.207  -0.976
ASP02B4018_004   0.231  -1.207  -0.976
ASP-1B4018_005   0.141  -1.103  -0.962
LEU01B4019_001   2.247  -0.119   2.128
GLN01B4020_001   3.276  -0.118   3.158
GLN01B4020_002   5.354  -0.103   5.251
LYS01B4021_001   1.783  -3.452  -1.669
LYS+1B4021_002   1.732  -3.452  -1.720
ASP01B4022_001   0.134  -1.069  -0.935
ASP01B4022_002   0.134  -1.069  -0.935
ASP02B4022_003   0.212  -1.020  -0.809
ASP02B4022_004   0.212  -1.020  -0.809
ASP-1B4022_005   0.125  -0.999  -0.874
MET01B4023_001   0.069  -0.214  -0.145
VAL01B4024_001   0.641  -0.567   0.075
VAL01B4025_001   0.843  -3.451  -2.608
MET01B4026_001   0.241   0.000   0.241
LEU01B4027_001   1.665  -0.393   1.272
LEU01B4028_001   2.619  -2.402   0.217
SER01B4029_001   0.000  -0.120  -0.120
SER01B4029_002   0.000  -0.120  -0.120
SER01B4029_003   0.000  -0.120  -0.120
LEU01B4030_001   2.845  -0.155   2.691
LEU01B4031_001   2.056   0.000   2.056
GLU01B4032_001   1.541   0.000   1.541
GLU01B4032_002   1.541   0.000   1.541
GLU02B4032_003   1.201  -0.036   1.165
GLU02B4032_004   1.201  -0.036   1.165
GLU-1B4032_005   1.144   0.000   1.144
ASN01B4034_001   0.018  -0.512  -0.494
VAL01B4035_001   0.755  -3.760  -3.006
VAL01B4036_001   0.875  -0.821   0.054
ASN01B4037_001   0.414  -1.312  -0.898
ASN01B4037_002   0.178  -1.108  -0.930
MET01B4039_001   3.612  -5.297  -1.686
ILE01B4040_001   1.851  -0.824   1.027
ALA01B4041_001   0.000   0.000   0.000
ARG01B4042_001   3.468  -7.019  -3.550
ARG02B4042_002   3.396  -7.019  -3.623
ARG03B4042_003   3.402  -7.019  -3.617
ARG+1B4042_004   3.356  -7.019  -3.662
GLN01B4043_001   2.105  -1.499   0.606
GLN01B4043_002   3.426  -1.507   1.918
MET01B4044_001   0.721   0.000   0.721
VAL01B4045_001   0.899   0.000   0.899
ASP01B4046_001   0.106  -2.130  -2.024
ASP01B4046_002   0.106  -2.130  -2.024
ASP02B4046_003   0.186  -2.149  -1.963
ASP02B4046_004   0.186  -2.149  -1.963
ASP-1B4046_005   0.101  -2.067  -1.966
MET01B4047_001   1.471  -0.048   1.423
LEU01B4048_001   1.715  -0.824   0.891
VAL01B4049_001   0.880  -2.643  -1.763
GLU01B4050_001   2.646  -1.747   0.899
GLU01B4050_002   2.646  -1.747   0.899
GLU02B4050_003   2.097  -1.806   0.291
GLU02B4050_004   2.097  -1.806   0.291
GLU-1B4050_005   2.037  -1.722   0.314
SER01B4051_001   0.000   0.000   0.000
SER01B4052_001   0.000  -1.980  -1.980
SER01B4052_002   0.000  -1.980  -1.980
SER01B4053_001   0.000  -4.832  -4.832
ASN01B4054_001   0.303  -0.738  -0.435
ASN01B4054_002   0.469  -0.822  -0.353
VAL01B4055_001   0.915  -0.206   0.709
GLU01B4056_001   2.361  -1.716   0.645
GLU01B4056_002   2.361  -1.716   0.645
GLU02B4056_003   1.961  -1.722   0.239
GLU02B4056_004   1.961  -1.722   0.239
GLU-1B4056_005   1.855  -1.657   0.198
MET01B4057_001   0.061  -3.517  -3.456
ILE01B4058_001   3.329  -0.927   2.402
LEU01B4059_001   3.481  -0.103   3.378
LYS01B4060_001   1.523  -3.100  -1.577
LYS+1B4060_002   1.475  -3.100  -1.625
PHE01B4061_001   5.150  -0.901   4.249
PHE01B4062_001   4.824   0.000   4.824
ASP01B4063_001   0.407  -1.157  -0.749
ASP01B4063_002   0.407  -1.157  -0.749
ASP02B4063_003   0.475  -1.077  -0.602
ASP02B4063_004   0.475  -1.077  -0.602
ASP-1B4063_005   0.359  -1.094  -0.735
MET01B4064_001   0.656  -0.262   0.393
PHE01B4065_001   5.417  -0.709   4.708
LEU01B4066_001   1.850  -0.155   1.696
LYS01B4067_001   0.650  -0.206   0.444
LYS+1B4067_002   0.603  -0.206   0.397
LEU01B4068_001   2.060   0.000   2.060
LYS01B4069_001   2.230  -6.779  -4.549
LYS+1B4069_002   2.169  -6.779  -4.610
ASP01B4070_001   0.175  -1.750  -1.576
ASP01B4070_002   0.175  -1.750  -1.576
ASP02B4070_003   0.262  -1.722  -1.459
ASP02B4070_004   0.262  -1.722  -1.459
ASP-1B4070_005   0.165  -1.735  -1.570
ILE01B4071_001   3.737  -0.258   3.480
VAL01B4072_001   0.607  -0.412   0.195
SER01B4074_001   0.000  -1.058  -1.058
GLU01B4075_001   1.225  -3.194  -1.969
GLU01B4075_002   1.225  -3.194  -1.969
GLU02B4075_003   1.022  -3.201  -2.179
GLU02B4075_004   1.022  -3.201  -2.179
GLU-1B4075_005   0.929  -3.129  -2.200
ALA01B4076_001   0.000  -2.659  -2.659
PHE01B4077_001   4.811   0.000   4.811
GLN01B4078_001   0.877  -1.748  -0.871
ASP01B4079_001   0.144  -2.505  -2.361
ASP01B4079_002   0.144  -2.505  -2.361
ASP02B4079_003   0.226  -2.505  -2.279
ASP02B4079_004   0.226  -2.505  -2.279
ASP-1B4079_005   0.136  -2.442  -2.305
TYR01B4080_001   5.368  -0.411   4.957
TYR01B4080_002   5.368  -0.411   4.957
TYR-1B4080_003   5.368  -0.411   4.957
VAL01B4081_001   0.566  -0.361   0.205
THR01B4082_001   0.192  -6.083  -5.891
ASP01B4083_001   0.300  -0.868  -0.568
ASP01B4083_002   0.300  -0.868  -0.568
ASP02B4083_003   0.397  -0.830  -0.433
ASP02B4083_004   0.397  -0.830  -0.433
ASP-1B4083_005   0.279  -0.792  -0.513
PRO01B4084_001   0.254  -6.550  -6.296
ARG01B4085_001   3.714  -7.852  -4.137
ARG02B4085_002   3.644  -7.852  -4.208
ARG02B4085_003   3.703  -7.852  -4.149
ARG03B4085_004   3.645  -7.852  -4.207
ARG+1B4085_005   3.599  -7.852  -4.253
LEU01B4087_001   1.692  -3.860  -2.168
ILE01B4088_001   2.579   0.000   2.579
SER01B4089_001   0.000  -1.684  -1.684
SER01B4089_002   0.000  -1.684  -1.684
SER01B4089_003   0.000  -1.684  -1.684
LYS01B4090_001   3.173  -1.787   1.386
LYS+1B4090_002   3.128  -1.787   1.341
LYS01B4091_001   1.634  -7.243  -5.609
LYS+1B4091_002   1.570  -7.243  -5.673
ASP01B4092_001   0.075  -0.305  -0.230
ASP01B4092_002   0.075  -0.305  -0.230
ASP02B4092_003   0.145  -0.312  -0.167
ASP02B4092_004   0.145  -0.312  -0.167
ASP-1B4092_005   0.071  -0.305  -0.234
PHE01B4093_001   4.482   0.000   4.482
GLN01B4094_001   1.424  -1.574  -0.150
GLN01B4094_002   1.953  -1.594   0.359
LYS01B4095_001   1.105  -6.128  -5.023
LYS+1B4095_002   1.057  -6.128  -5.071
ALA01B4096_001   0.000  -0.103  -0.103
MET01B4097_001  -0.013   0.000  -0.013
ASP01B4098_001   0.387  -2.723  -2.336
ASP01B4098_002   0.387  -2.723  -2.336
ASP02B4098_003   0.417  -2.607  -2.189
ASP02B4098_004   0.417  -2.607  -2.189
ASP-1B4098_005   0.325  -2.524  -2.199
SER01B4099_001   0.000  -2.676  -2.676
GLN01B4100_001   2.978  -0.445   2.533
GLN01B4100_002   4.863  -0.537   4.326
LYS01B4101_001   0.855  -8.791  -7.936
LYS+1B4101_002   0.808  -8.791  -7.983
GLN01B4102_001   1.590  -2.168  -0.578
GLN01B4102_002   2.608  -2.134   0.474
PHE01B4103_001   4.993  -0.052   4.942
THR01B4104_001   0.223  -4.088  -3.865
THR01B4104_002   0.223  -4.088  -3.865
PRO01B4106_001   0.285  -6.916  -6.631
GLU01B4107_001   2.007  -0.854   1.152
GLU01B4107_002   2.007  -0.854   1.152
GLU02B4107_003   1.590  -0.930   0.660
GLU02B4107_004   1.590  -0.930   0.660
GLU-1B4107_005   1.527  -0.853   0.674
ILE01B4108_001   1.848  -0.309   1.539
GLN01B4109_001   1.139  -2.584  -1.445
GLN01B4109_002   0.886  -2.640  -1.754
PHE01B4110_001   4.954  -1.361   3.593
LEU01B4111_001   2.637  -0.052   2.585
LEU01B4112_001   1.421  -0.618   0.802
SER01B4113_001   0.000  -1.538  -1.538
SER01B4113_002   0.000  -1.538  -1.538
CYS01B4114_001  -0.002  -0.240  -0.242
CYS01B4114_002  -0.002  -0.240  -0.242
CYS01B4114_003  -0.002  -0.240  -0.243
CYS-1B4114_004   0.000  -0.240  -0.240
SER01B4115_001   0.000   0.000   0.000
SER01B4115_002   0.000   0.000   0.000
GLU01B4116_001   1.379  -1.418  -0.038
GLU01B4116_002   1.379  -1.418  -0.038
GLU02B4116_003   1.162  -1.427  -0.265
GLU02B4116_004   1.162  -1.427  -0.265
GLU-1B4116_005   1.061  -1.391  -0.330
ALA01B4117_001   0.000  -2.798  -2.798
ASP01B4118_001   0.370  -2.018  -1.647
ASP01B4118_002   0.370  -2.018  -1.647
ASP02B4118_003   0.431  -1.802  -1.372
ASP02B4118_004   0.431  -1.802  -1.372
ASP-1B4118_005   0.324  -1.930  -1.606
GLU01B4119_001   1.844  -3.929  -2.085
GLU01B4119_002   1.844  -3.929  -2.085
GLU02B4119_003   1.539  -4.288  -2.748
GLU02B4119_004   1.539  -4.288  -2.748
GLU-1B4119_005   1.436  -3.957  -2.521
ASN01B4120_001   0.103  -2.021  -1.918
ASN01B4120_002   0.307  -2.184  -1.876
GLU01B4121_001   3.474  -2.909   0.565
GLU01B4121_002   3.474  -2.909   0.565
GLU02B4121_003   2.773  -2.895  -0.122
GLU02B4121_004   2.773  -2.895  -0.122
GLU-1B4121_005   2.707  -2.734  -0.027
MET01B4122_001   0.141  -0.743  -0.602
ILE01B4123_001   2.198   0.000   2.198
ASN01B4124_001   0.151  -1.629  -1.478
ASN01B4124_002  -0.005  -1.526  -1.531
PHE01B4125_001   4.778  -2.931   1.847
GLU01B4126_001   0.500  -3.510  -3.009
GLU01B4126_002   0.500  -3.510  -3.009
GLU02B4126_003   0.667  -3.451  -2.784
GLU02B4126_004   0.667  -3.451  -2.784
GLU-1B4126_005   0.469  -3.445  -2.976
GLU01B4127_001   4.498  -1.107   3.391
GLU01B4127_002   4.498  -1.107   3.391
GLU02B4127_003   3.605  -1.142   2.463
GLU02B4127_004   3.605  -1.142   2.463
GLU-1B4127_005   3.534  -1.110   2.424
PHE01B4128_001   4.802   0.000   4.802
ALA01B4129_001   0.000  -0.155  -0.155
ASN01B4130_001   0.441  -1.935  -1.494
ASN01B4130_002   0.201  -1.807  -1.606
ARG01B4131_001   2.740  -1.642   1.098
ARG02B4131_002   2.710  -1.642   1.068
ARG03B4131_003   2.703  -1.642   1.060
ARG03B4131_004   2.707  -1.642   1.065
ARG+1B4131_005   2.663  -1.642   1.021
PHE01B4132_001   5.949  -0.103   5.846
GLN01B4133_001   1.780  -0.323   1.457
GLN01B4133_002   2.714  -0.433   2.281
GLU01B4134_001   1.714  -2.850  -1.136
GLU01B4134_002   1.714  -2.850  -1.136
GLU02B4134_003   1.438  -2.969  -1.531
GLU02B4134_004   1.438  -2.969  -1.531
GLU-1B4134_005   1.331  -2.825  -1.494
PRO01B4135_001   0.313  -1.748  -1.435
ALA01B4136_001   0.000  -0.515  -0.515
ARG01B4137_001   2.616  -2.301   0.315
ARG02B4137_002   2.592  -2.301   0.291
ARG02B4137_003   2.596  -2.301   0.295
ARG03B4137_004   2.601  -2.301   0.299
ARG+1B4137_005   2.553  -2.301   0.252
ASP01B4138_001   0.130  -2.032  -1.902
ASP01B4138_002   0.130  -2.032  -1.902
ASP02B4138_003   0.206  -2.005  -1.799
ASP02B4138_004   0.206  -2.005  -1.799
ASP-1B4138_005   0.122  -2.016  -1.894
ILE01B4139_001   1.820  -0.618   1.202
PHE01B4141_001   6.225  -0.051   6.175
ASN01B4142_001   0.505  -0.738  -0.233
ASN01B4142_002   0.243  -0.689  -0.446
VAL01B4143_001   0.644  -1.304  -0.660
ALA01B4144_001   0.000   0.000   0.000
VAL01B4145_001   1.743  -0.583   1.160
LEU01B4146_001   2.236  -0.428   1.808
LEU01B4147_001   2.892  -0.309   2.582
THR01B4148_001   0.218  -1.048  -0.829
THR01B4148_002   0.218  -1.048  -0.829
ASN01B4149_001   0.219  -0.113   0.105
ASN01B4149_002   0.035  -0.138  -0.103
LEU01B4150_001   1.750   0.000   1.750
SER01B4151_001   0.000  -0.868  -0.868
SER01B4151_002   0.000  -0.868  -0.868
GLU01B4152_001   3.081  -1.029   2.053
GLU01B4152_002   3.081  -1.029   2.053
GLU02B4152_003   2.448  -1.060   1.388
GLU02B4152_004   2.448  -1.060   1.388
GLU-1B4152_005   2.382  -1.029   1.354
HIS01B4153_001  -0.173  -0.351  -0.524
HIS01B4153_002  -0.128  -0.158  -0.286
HIS02B4153_003  -0.191  -0.351  -0.542
HIS02B4153_004  -0.140  -0.158  -0.299
HIS+1B4153_005  -0.218  -0.351  -0.569
HIS+1B4153_006  -0.167  -0.158  -0.326
VAL01B4154_001   0.685  -1.217  -0.532
PRO01B4155_001   0.313  -1.384  -1.070
HIS01B4156_001  -0.232  -6.788  -7.020
HIS01B4156_002  -0.191  -7.085  -7.276
HIS02B4156_003  -0.253  -6.788  -7.041
HIS02B4156_004  -0.200  -7.085  -7.285
HIS+1B4156_005  -0.280  -6.788  -7.067
HIS+1B4156_006  -0.227  -7.085  -7.312
ASP01B4157_001   0.113  -0.785  -0.672
ASP01B4157_002   0.113  -0.785  -0.672
ASP02B4157_003   0.195  -0.753  -0.558
ASP02B4157_004   0.195  -0.753  -0.558
ASP-1B4157_005   0.109  -0.715  -0.606
PRO01B4158_001   0.276  -6.834  -6.558
ARG01B4159_001   4.093  -5.647  -1.554
ARG02B4159_002   4.009  -5.647  -1.637
ARG02B4159_003   4.016  -5.647  -1.631
ARG03B4159_004   4.076  -5.647  -1.570
ARG+1B4159_005   3.970  -5.647  -1.676
LEU01B4160_001   1.665   0.000   1.665
ARG01B4161_001   1.927  -6.236  -4.309
ARG02B4161_002   1.952  -6.236  -4.284
ARG03B4161_003   1.885  -6.236  -4.351
ARG+1B4161_004   1.846  -6.236  -4.390
ASN01B4162_001   0.248  -1.924  -1.676
ASN01B4162_002   0.049  -1.767  -1.718
PHE01B4163_001   4.981  -0.321   4.660
LEU01B4164_001   3.129  -1.236   1.892
GLU01B4165_001   5.464  -2.935   2.529
GLU01B4165_002   5.464  -2.935   2.529
GLU02B4165_003   4.380  -3.147   1.233
GLU02B4165_004   4.380  -3.147   1.233
GLU-1B4165_005   4.327  -2.898   1.429
LEU01B4166_001   1.948  -4.224  -2.276
ALA01B4167_001   0.000   0.000   0.000
GLU01B4168_001   2.034  -2.752  -0.718
GLU01B4168_002   2.034  -2.752  -0.718
GLU02B4168_003   1.740  -2.766  -1.026
GLU02B4168_004   1.740  -2.766  -1.026
GLU-1B4168_005   1.610  -2.626  -1.016
SER01B4169_001   0.000  -1.220  -1.220
SER01B4169_002   0.000  -1.220  -1.220
ILE01B4170_001   0.997  -0.103   0.894
LEU01B4171_001   2.292  -2.128   0.164
GLU01B4172_001   1.737  -2.515  -0.778
GLU01B4172_002   1.737  -2.515  -0.778
GLU02B4172_003   1.491  -2.473  -0.982
GLU02B4172_004   1.491  -2.473  -0.982
GLU-1B4172_005   1.366  -2.480  -1.114
TYR01B4173_001   5.084  -4.430   0.654
TYR01B4173_002   5.084  -4.430   0.654
TYR-1B4173_003   5.084  -4.430   0.654
PHE01B4174_001   5.376  -0.051   5.326
ARG01B4175_001   2.429  -6.866  -4.437
ARG02B4175_002   2.406  -6.866  -4.460
ARG02B4175_003   2.410  -6.866  -4.456
ARG03B4175_004   2.503  -6.866  -4.362
ARG+1B4175_005   2.367  -6.866  -4.499
PRO01B4176_001   0.381  -3.071  -2.690
TYR01B4177_001   4.857  -1.365   3.492
TYR01B4177_002   4.857  -1.365   3.492
TYR-1B4177_003   4.857  -1.365   3.492
LEU01B4178_001   3.124  -0.361   2.763
ARG01B4180_001   5.316  -0.899   4.416
ARG02B4180_002   5.296  -0.899   4.397
ARG03B4180_003   5.230  -0.899   4.330
ARG+1B4180_004   5.190  -0.899   4.291
ILE01B4181_001   5.292  -0.531   4.761
GLU01B4182_001   2.495   0.000   2.495
GLU01B4182_002   2.495   0.000   2.495
GLU02B4182_003   2.042   0.000   2.042
GLU02B4182_004   2.042   0.000   2.042
GLU-1B4182_005   1.945   0.000   1.945
ILE01B4183_001   1.938  -0.309   1.629
MET01B4184_001   1.374  -1.866  -0.492
ALA01B4186_001   0.000  -2.730  -2.730
SER01B4187_001   0.000  -0.528  -0.528
SER01B4187_002   0.000  -0.528  -0.528
ARG01B4188_001   6.747  -9.903  -3.156
ARG02B4188_002   6.724  -9.903  -3.180
ARG03B4188_003   6.676  -9.903  -3.227
ARG+1B4188_004   6.630  -9.903  -3.273
ARG01B4189_001   7.917  -5.205   2.712
ARG02B4189_002   7.947  -5.205   2.743
ARG03B4189_003   7.849  -5.205   2.644
ARG+1B4189_004   7.808  -5.205   2.603
ILE01B4190_001   3.921  -0.258   3.663
GLU01B4191_001   4.323  -0.118   4.205
GLU01B4191_002   4.323  -0.118   4.205
GLU02B4191_003   3.443  -0.192   3.251
GLU02B4191_004   3.443  -0.192   3.251
GLU-1B4191_005   3.386  -0.116   3.270
ARG01B4192_001   4.540  -0.264   4.276
ARG02B4192_002   4.494  -0.264   4.230
ARG03B4192_003   4.527  -0.264   4.264
ARG+1B4192_004   4.454  -0.264   4.191
ILE01B4193_001   2.176  -1.236   0.939
TYR01B4194_001   5.849  -0.203   5.646
TYR01B4194_002   5.849  -0.203   5.646
TYR-1B4194_003   5.849  -0.203   5.646
PHE01B4195_001   5.701  -2.881   2.819
GLU01B4196_001   1.396  -0.728   0.668
GLU01B4196_002   1.396  -0.728   0.668
GLU02B4196_003   1.170  -0.691   0.478
GLU02B4196_004   1.170  -0.691   0.478
GLU-1B4196_005   1.093  -0.710   0.383
ILE01B4197_001   4.364  -0.222   4.142
SER01B4198_001   0.000  -2.545  -2.545
SER01B4198_002   0.000  -2.545  -2.545
SER01B4198_003   0.000  -2.545  -2.545
GLU01B4199_001   2.808  -2.025   0.783
GLU01B4199_002   2.808  -2.025   0.783
GLU02B4199_003   2.279  -2.090   0.189
GLU02B4199_004   2.279  -2.090   0.189
GLU-1B4199_005   2.207  -2.014   0.193
THR01B4200_001   0.266  -4.573  -4.307
THR01B4200_002   0.266  -4.573  -4.307
ASN01B4201_001   0.302  -0.925  -0.623
ASN01B4201_002   0.514  -0.861  -0.347
ARG01B4202_001   3.994  -4.138  -0.144
ARG02B4202_002   3.926  -4.138  -0.212
ARG03B4202_003   3.956  -4.138  -0.182
ARG+1B4202_004   3.916  -4.138  -0.222
ALA01B4203_001   0.000  -2.814  -2.814
GLN01B4204_001   1.838  -1.555   0.282
GLN01B4204_002   1.388  -1.742  -0.354
TRP01B4205_001   3.554  -1.822   1.732
GLU01B4206_001   1.356  -2.575  -1.219
GLU01B4206_002   1.356  -2.575  -1.219
GLU02B4206_003   1.154  -2.523  -1.369
GLU02B4206_004   1.154  -2.523  -1.369
GLU-1B4206_005   1.049  -2.488  -1.439
MET01B4207_001   0.462  -3.144  -2.682
PRO01B4208_001   0.264  -7.615  -7.351
GLN01B4209_001   0.977  -1.544  -0.566
GLN01B4209_002   0.797  -1.537  -0.740
VAL01B4210_001   0.685   0.000   0.685
LYS01B4211_001   0.871  -5.388  -4.517
LYS+1B4211_002   0.827  -5.388  -4.561
GLU01B4212_001   1.517  -2.431  -0.914
GLU01B4212_002   1.517  -2.431  -0.914
GLU02B4212_003   1.307  -2.341  -1.034
GLU02B4212_004   1.307  -2.341  -1.034
GLU-1B4212_005   1.189  -2.342  -1.153
SER01B4213_001   0.000  -1.876  -1.876
SER01B4213_002   0.000  -1.876  -1.876
LYS01B4214_001   3.504  -1.533   1.970
LYS+1B4214_002   3.414  -1.533   1.880
ARG01B4215_001   9.052  -7.323   1.728
ARG02B4215_002   9.075  -7.323   1.752
ARG03B4215_003   8.989  -7.323   1.666
ARG+1B4215_004   8.943  -7.323   1.620
GLN01B4216_001   2.009  -3.436  -1.427
GLN01B4216_002   3.313  -3.295   0.018
PHE01B4217_001   5.226  -0.912   4.314
ILE01B4218_001   3.446  -1.819   1.627
PHE01B4219_001   4.867  -2.095   2.772
ASP01B4220_001   0.164  -1.541  -1.378
ASP01B4220_002   0.164  -1.541  -1.378
ASP02B4220_003   0.249  -1.541  -1.292
ASP02B4220_004   0.249  -1.541  -1.292
ASP-1B4220_005   0.155  -1.477  -1.322
VAL01B4221_001   0.795  -0.258   0.537
VAL01B4222_001   1.030  -0.824   0.206
ASN01B4223_001   0.199  -1.693  -1.494
ASN01B4223_002   0.021  -1.801  -1.781
GLU01B4224_001   1.707  -3.708  -2.002
GLU01B4224_002   1.707  -3.708  -2.002
GLU02B4224_003   1.463  -3.615  -2.152
GLU02B4224_004   1.463  -3.615  -2.152
GLU-1B4224_005   1.340  -3.586  -2.246
GLU01B4227_001   1.038  -3.979  -2.941
GLU01B4227_002   1.038  -3.979  -2.941
GLU02B4227_003   0.918  -3.989  -3.071
GLU02B4227_004   0.918  -3.989  -3.071
GLU-1B4227_005   0.805  -3.922  -3.118
ALA01B4228_001   0.000  -2.334  -2.334
GLU01B4229_001   3.431  -2.861   0.570
GLU01B4229_002   3.431  -2.861   0.570
GLU02B4229_003   2.814  -2.924  -0.110
GLU02B4229_004   2.814  -2.924  -0.110
GLU-1B4229_005   2.707  -2.911  -0.204
LYS01B4230_001   1.884  -2.941  -1.057
LYS+1B4230_002   1.837  -2.941  -1.104
MET01B4231_001   0.130  -0.240  -0.110
GLU01B4232_001   1.599  -0.973   0.626
GLU01B4232_002   1.599  -0.973   0.626
GLU02B4232_003   1.409  -0.870   0.539
GLU02B4232_004   1.409  -0.870   0.539
GLU-1B4232_005   1.273  -0.921   0.353
LEU01B4233_001   2.383  -3.757  -1.374
PHE01B4234_001   5.046  -0.152   4.895
VAL01B4235_001   0.794   0.000   0.794
SER01B4236_001   0.000  -2.084  -2.084
SER01B4236_002   0.000  -2.084  -2.084
PHE01B4237_001   5.448  -1.434   4.015
CYS01B4238_001  -0.002  -0.071  -0.073
CYS01B4238_002  -0.002  -0.071  -0.073
CYS01B4238_003  -0.003  -0.071  -0.074
CYS-1B4238_004   0.000  -0.071  -0.071
GLU01B4239_001   3.538  -0.036   3.502
GLU01B4239_002   3.538  -0.036   3.502
GLU02B4239_003   2.824  -0.034   2.789
GLU02B4239_004   2.824  -0.034   2.789
GLU-1B4239_005   2.761  -0.034   2.727
ASP01B4240_001   0.119  -0.622  -0.503
ASP01B4240_002   0.119  -0.622  -0.503
ASP02B4240_003   0.199  -0.616  -0.417
ASP02B4240_004   0.199  -0.616  -0.417
ASP-1B4240_005   0.112  -0.586  -0.474
THR01B4241_001   0.321  -0.060   0.261
THR01B4241_002   0.321  -0.060   0.261
THR01B4241_003   0.321  -0.060   0.261
ILE01B4242_001   2.165  -0.805   1.360
PHE01B4243_001   5.140  -1.010   4.129
GLU01B4244_001   1.877  -0.353   1.524
GLU01B4244_002   1.877  -0.353   1.524
GLU02B4244_003   1.490  -0.355   1.135
GLU02B4244_004   1.490  -0.355   1.135
GLU-1B4244_005   1.422  -0.310   1.111
MET01B4245_001  -0.027  -0.464  -0.490
GLN01B4246_001   1.174  -2.682  -1.508
GLN01B4246_002   0.944  -2.707  -1.763
ILE01B4247_001   1.241  -1.339  -0.098
ALA01B4248_001   0.000  -0.155  -0.155
ALA01B4249_001   0.000  -2.778  -2.778
GLN01B4250_001   2.073  -2.410  -0.337
GLN01B4250_002   3.392  -2.489   0.904
ILE01B4251_001   1.937  -1.526   0.411
SER01B4252_001   0.000  -2.857  -2.857
SER01B4252_002   0.000  -2.857  -2.857
GLU01B4253_001   0.498  -3.452  -2.954
GLU01B4253_002   0.498  -3.452  -2.954
GLU02B4253_003   0.664  -3.331  -2.667
GLU02B4253_004   0.664  -3.331  -2.667
GLU-1B4253_005   0.466  -3.200  -2.733
CTR01B4253_001  -0.021  -5.145  -5.166
CTR01B4253_002   0.108  -5.165  -5.057
CTR02B4253_003  -0.022  -5.164  -5.187
CTR02B4253_004   0.042  -5.049  -5.007
CTR-1B4253_005   0.000  -5.068  -5.068
NTR01B4540_001  -0.003  -2.407  -2.410
NTR+1B4540_002  -0.005  -2.407  -2.412
PHE01B4540_001   2.033  -2.340  -0.307
TRP01B4541_001   0.645 -13.861 -13.216
GLU01B4543_001   0.499  -3.584  -3.085
GLU01B4543_002   0.499  -3.584  -3.085
GLU02B4543_003   0.666  -3.612  -2.947
GLU02B4543_004   0.666  -3.612  -2.947
GLU-1B4543_005   0.468  -3.532  -3.064
LEU01B4544_001   1.455  -4.565  -3.110
GLU01B4545_001   0.499  -2.174  -1.674
GLU01B4545_002   0.499  -2.174  -1.674
GLU02B4545_003   0.667  -2.046  -1.379
GLU02B4545_004   0.667  -2.046  -1.379
GLU-1B4545_005   0.468  -2.076  -1.607
VAL01B4546_001   0.706  -5.953  -5.246
GLN01B4547_001   0.968  -3.020  -2.052
GLN01B4547_002   1.282  -2.788  -1.506
ARG01B4548_001   5.265  -6.935  -1.670
ARG02B4548_002   5.208  -6.935  -1.727
ARG02B4548_003   5.213  -6.935  -1.721
ARG03B4548_004   5.216  -6.935  -1.719
ARG+1B4548_005   5.168  -6.935  -1.767
VAL01B4549_001   0.940  -4.221  -3.281
LYS01B4550_001   3.788  -4.088  -0.300
LYS+1B4550_002   3.693  -4.088  -0.395
PHE01B4551_001   4.610  -7.318  -2.708
LEU01B4552_001   2.777  -1.990   0.787
ASN01B4553_001   0.328  -1.240  -0.913
ASN01B4553_002   0.490  -1.285  -0.795
TYR01B4554_001   4.671  -6.508  -1.837
TYR01B4554_002   4.671  -6.508  -1.837
TYR-1B4554_003   4.671  -6.508  -1.837
LEU01B4555_001   1.557  -0.361   1.196
SER01B4556_001   0.000   0.000   0.000
SER01B4556_002   0.000   0.000   0.000
ARG01B4557_001   3.724  -3.213   0.512
ARG02B4557_002   3.683  -3.213   0.471
ARG02B4557_003   3.688  -3.213   0.476
ARG03B4557_004   3.691  -3.213   0.479
ARG+1B4557_005   3.643  -3.213   0.431
ASN01B4558_001   0.179  -1.332  -1.153
PHE01B4559_001   5.127  -0.505   4.622
TYR01B4560_001   4.917  -6.992  -2.075
TYR-1B4560_002   4.917  -6.992  -2.075
THR01B4561_001   0.270  -4.579  -4.309
LEU01B4562_001   2.177  -1.352   0.825
ARG01B4563_001   1.670  -2.472  -0.802
ARG02B4563_002   1.623  -2.472  -0.849
ARG02B4563_003   1.628  -2.472  -0.844
ARG03B4563_004   1.628  -2.472  -0.844
ARG03B4563_005   1.689  -2.472  -0.784
ARG+1B4563_006   1.585  -2.472  -0.888
PHE01B4564_001   5.023  -8.086  -3.063
LEU01B4565_001   1.852  -4.427  -2.575
ALA01B4566_001   0.000   0.000   0.000
LEU01B4567_001   1.437  -2.421  -0.984
PHE01B4568_001   4.825  -8.378  -3.553
LEU01B4569_001   7.350  -0.258   7.092
ALA01B4570_001   0.000   0.000   0.000
PHE01B4571_001   4.736  -7.092  -2.355
ALA01B4572_001   0.000  -1.974  -1.974
ILE01B4573_001   1.666  -0.052   1.615
ASN01B4574_001   0.420  -0.208   0.212
ASN01B4574_002   0.198  -0.194   0.005
PHE01B4575_001   4.979  -9.543  -4.565
ILE01B4576_001   3.620  -1.011   2.609
LEU01B4577_001   3.801  -1.903   1.898
LEU01B4578_001   2.409  -7.102  -4.693
PHE01B4579_001   4.658  -3.487   1.170
TYR01B4580_001   4.627  -3.540   1.086
TYR-1B4580_002   4.627  -3.540   1.086
LYS01B4581_001   1.465  -6.688  -5.223
LYS+1B4581_002   1.416  -6.688  -5.272
VAL01B4582_001   0.481  -5.405  -4.924
SER01B4583_001   0.000  -0.471  -0.471
SER01B4583_002   0.000  -0.471  -0.471
ASP01B4584_001  -0.040  -3.488  -3.528
ASP01B4584_002  -0.040  -3.488  -3.528
ASP02B4584_003  -0.009  -3.565  -3.573
ASP02B4584_004  -0.009  -3.565  -3.573
ASP-1B4584_005  -0.040  -3.428  -3.469
SER01B4585_001   0.000  -3.564  -3.564
SER01B4585_002   0.000  -3.564  -3.564
PRO01B4586_001   0.286  -5.110  -4.824
PRO01B4587_001   0.264  -4.003  -3.739
CTR01B4587_001  -0.021  -4.807  -4.828
CTR01B4587_002   0.086  -4.846  -4.760
CTR02B4587_003  -0.022  -4.807  -4.829
CTR02B4587_004   0.031  -4.943  -4.912
CTR-1B4587_005   0.000  -4.807  -4.807
NTR01B4626_001  -0.003  -3.554  -3.557
NTR+1B4626_002  -0.005  -3.554  -3.559
ASN01B4626_001  -0.020  -3.622  -3.642
MET01B4627_001   0.141  -3.021  -2.880
VAL01B4628_001   0.603  -3.223  -2.619
TYR01B4629_001   4.704 -10.180  -5.476
TYR-1B4629_002   4.704 -10.180  -5.476
TYR01B4630_001   4.763  -3.374   1.388
TYR01B4630_002   4.763  -3.374   1.388
TYR-1B4630_003   4.763  -3.374   1.388
PHE01B4631_001   4.906  -2.492   2.414
LEU01B4632_001   1.853  -4.681  -2.828
GLU01B4633_001   3.543  -2.589   0.954
GLU01B4633_002   3.543  -2.589   0.954
GLU02B4633_003   2.835  -2.573   0.263
GLU02B4633_004   2.835  -2.573   0.263
GLU-1B4633_005   2.768  -2.550   0.218
GLU01B4634_001   2.067  -1.036   1.031
GLU01B4634_002   2.067  -1.036   1.031
GLU02B4634_003   1.659  -0.936   0.722
GLU02B4634_004   1.659  -0.936   0.722
GLU-1B4634_005   1.583  -0.969   0.614
SER01B4635_001   0.000  -5.232  -5.232
THR01B4636_001   0.199  -1.475  -1.275
THR01B4636_002   0.199  -1.475  -1.275
THR01B4636_003   0.199  -1.475  -1.275
TYR01B4638_001   4.780 -10.086  -5.306
TYR-1B4638_002   4.780 -10.086  -5.306
MET01B4639_001  59.666  -0.048  59.618
GLU01B4640_001   1.626  -2.355  -0.729
GLU01B4640_002   1.626  -2.355  -0.729
GLU02B4640_003   1.368  -2.545  -1.177
GLU02B4640_004   1.368  -2.545  -1.177
GLU-1B4640_005   1.263  -2.346  -1.083
PRO01B4641_001   0.267  -6.002  -5.735
ALA01B4642_001   0.000  -2.627  -2.627
LEU01B4643_001   3.070  -1.545   1.525
TRP01B4644_001   3.038  -7.657  -4.619
CYS01B4645_001  -0.002  -3.900  -3.902
CYS01B4645_002  -0.002  -3.900  -3.902
CYS01B4645_003  -0.003  -3.900  -3.903
CYS-1B4645_004   0.000  -3.900  -3.900
LEU01B4646_001   1.458  -2.936  -1.478
SER01B4647_001   0.000   0.000   0.000
SER01B4647_002   0.000   0.000   0.000
SER01B4647_003   0.000   0.000   0.000
LEU01B4648_001   2.292  -5.029  -2.737
LEU01B4649_001   2.166  -3.483  -1.318
HIS01B4650_001  -0.158   0.000  -0.158
HIS02B4650_002  -0.177   0.000  -0.177
HIS+1B4650_003  -0.204   0.000  -0.204
THR01B4651_001   0.292  -1.222  -0.930
THR01B4651_002   0.292  -1.222  -0.930
LEU01B4652_001   4.089  -4.926  -0.836
VAL01B4653_001   0.743  -0.309   0.434
ALA01B4654_001   0.000   0.000   0.000
PHE01B4655_001   4.717  -7.522  -2.805
LEU01B4656_001   2.406  -2.453  -0.047
CYS01B4657_001  -0.002   0.000  -0.002
CYS01B4657_002  -0.002   0.000  -0.002
CYS01B4657_003  -0.002   0.000  -0.002
CYS-1B4657_004   0.000   0.000   0.000
ILE01B4658_001   2.193  -2.006   0.187
ILE01B4659_001   3.389  -3.277   0.112
TYR01B4661_001   4.734  -1.080   3.653
TYR01B4661_002   4.734  -1.080   3.653
TYR-1B4661_003   4.734  -1.080   3.653
ASN01B4662_001   0.195  -1.821  -1.625
ASN01B4662_002   0.021  -1.777  -1.756
CYS01B4663_001  -0.002  -0.764  -0.765
CYS01B4663_002  -0.002  -0.764  -0.765
CYS01B4663_003  -0.003  -0.764  -0.766
CYS-1B4663_004   0.000  -0.764  -0.764
LEU01B4664_001   1.571  -1.236   0.335
LYS01B4665_001   1.321  -3.832  -2.512
LYS+1B4665_002   1.237  -3.832  -2.595
VAL01B4666_001   0.319   0.000   0.319
PRO01B4667_001   0.287  -1.957  -1.670
LEU01B4668_001   2.576  -1.165   1.410
VAL01B4669_001   0.565  -1.800  -1.234
ILE01B4670_001   2.131  -0.618   1.513
PHE01B4671_001   5.142  -0.101   5.041
LYS01B4672_001   1.385  -4.608  -3.224
LYS+1B4672_002   1.337  -4.608  -3.271
ARG01B4673_001   3.514  -1.002   2.511
ARG02B4673_002   3.470  -1.002   2.468
ARG02B4673_003   3.474  -1.002   2.472
ARG03B4673_004   3.479  -1.002   2.477
ARG03B4673_005   3.545  -1.002   2.543
ARG+1B4673_006   3.430  -1.002   2.428
GLU01B4674_001   3.552   0.000   3.552
GLU01B4674_002   3.552   0.000   3.552
GLU02B4674_003   2.905   0.000   2.905
GLU02B4674_004   2.905   0.000   2.905
GLU-1B4674_005   2.816   0.000   2.816
LYS01B4675_001   1.135  -0.721   0.414
LYS+1B4675_002   1.088  -0.721   0.367
GLU01B4676_001   3.427  -1.348   2.079
GLU01B4676_002   3.427  -1.348   2.079
GLU02B4676_003   2.739  -1.306   1.433
GLU02B4676_004   2.739  -1.306   1.433
GLU-1B4676_005   2.671  -1.301   1.370
LEU01B4677_001   1.440  -0.309   1.131
ALA01B4678_001   0.000  -0.361  -0.361
ARG01B4679_001   1.933  -2.383  -0.449
ARG02B4679_002   1.916  -2.383  -0.467
ARG02B4679_003   1.993  -2.383  -0.390
ARG03B4679_004   1.908  -2.383  -0.474
ARG+1B4679_005   1.869  -2.383  -0.514
LYS01B4680_001   1.292  -4.405  -3.114
LYS+1B4680_002   1.244  -4.405  -3.161
LEU01B4681_001   1.416   0.000   1.416
GLU01B4682_001   1.920  -0.773   1.148
GLU01B4682_002   1.920  -0.773   1.148
GLU02B4682_003   1.581  -0.808   0.773
GLU02B4682_004   1.581  -0.808   0.773
GLU-1B4682_005   1.490  -0.771   0.719
PHE01B4683_001   5.065  -4.232   0.833
ASP01B4684_001   0.277  -2.182  -1.905
ASP01B4684_002   0.277  -2.182  -1.905
ASP02B4684_003   0.386  -2.283  -1.896
ASP02B4684_004   0.386  -2.283  -1.896
ASP-1B4684_005   0.264  -2.175  -1.911
LEU01B4686_001   2.149  -2.418  -0.269
TYR01B4687_001   5.119  -0.303   4.815
TYR01B4687_002   5.119  -0.303   4.815
TYR-1B4687_003   5.119  -0.303   4.815
ILE01B4688_001   2.192   0.000   2.192
THR01B4689_001   0.198  -3.779  -3.581
THR01B4689_002   0.198  -3.779  -3.581
GLU01B4690_001   4.575  -2.980   1.595
GLU01B4690_002   4.575  -2.980   1.595
GLU02B4690_003   3.674  -3.043   0.632
GLU02B4690_004   3.674  -3.043   0.632
GLU-1B4690_005   3.600  -2.967   0.633
GLN01B4691_001   1.265  -2.290  -1.025
GLN01B4691_002   1.707  -2.354  -0.647
PRO01B4692_001   0.392  -0.096   0.296
ASP01B4694_001   0.126  -2.746  -2.620
ASP01B4694_002   0.126  -2.746  -2.620
ASP02B4694_003   0.201  -2.963  -2.763
ASP02B4694_004   0.201  -2.963  -2.763
ASP-1B4694_005   0.117  -2.756  -2.639
ASP01B4695_001   0.166  -3.269  -3.103
ASP01B4695_002   0.166  -3.269  -3.103
ASP02B4695_003   0.249  -3.348  -3.099
ASP02B4695_004   0.249  -3.348  -3.099
ASP-1B4695_005   0.156  -3.247  -3.092
ASP01B4696_001   0.197  -2.921  -2.724
ASP01B4696_002   0.197  -2.921  -2.724
ASP02B4696_003   0.289  -2.905  -2.616
ASP02B4696_004   0.289  -2.905  -2.616
ASP-1B4696_005   0.187  -2.838  -2.652
VAL01B4697_001   0.677  -6.761  -6.084
LYS01B4698_001   2.168  -5.040  -2.872
LYS+1B4698_002   2.117  -5.040  -2.922
GLN01B4700_001   1.462  -1.417   0.045
GLN01B4700_002   2.026  -1.598   0.429
TRP01B4701_001   3.562  -4.316  -0.755
ASP01B4702_001   0.116  -0.034   0.081
ASP01B4702_002   0.116  -0.034   0.081
ASP02B4702_003   0.188  -0.036   0.152
ASP02B4702_004   0.188  -0.036   0.152
ASP-1B4702_005   0.108  -0.034   0.073
ARG01B4703_001   5.217  -6.477  -1.260
ARG02B4703_002   5.163  -6.477  -1.314
ARG03B4703_003   5.254  -6.477  -1.223
ARG+1B4703_004   5.116  -6.477  -1.361
LEU01B4704_001   2.837  -1.854   0.982
VAL01B4705_001   0.565   0.000   0.565
LEU01B4706_001   2.174  -0.361   1.814
ASN01B4707_001   0.559  -1.247  -0.689
THR01B4708_001   0.283   0.000   0.283
THR01B4708_002   0.283   0.000   0.283
PRO01B4709_001   0.287  -4.701  -4.414
SER01B4710_001   0.000  -1.625  -1.625
SER01B4710_002   0.000  -1.625  -1.625
PHE01B4711_001   4.993   0.000   4.993
PRO01B4712_001   0.321  -0.254   0.066
SER01B4713_001   0.000  -1.832  -1.832
SER01B4713_002   0.000  -1.832  -1.832
ASN01B4714_001   0.182  -0.753  -0.571
ASN01B4714_002   0.012  -0.812  -0.800
TYR01B4715_001   5.804  -1.004   4.800
TYR01B4715_002   5.804  -1.004   4.800
TYR-1B4715_003   5.804  -1.004   4.800
TRP01B4716_001   3.385  -2.535   0.850
ASP01B4717_001   0.401  -0.696  -0.294
ASP01B4717_002   0.401  -0.696  -0.294
ASP02B4717_003   0.450  -0.651  -0.202
ASP02B4717_004   0.450  -0.651  -0.202
ASP-1B4717_005   0.345  -0.646  -0.301
LYS01B4718_001   0.523  -3.694  -3.171
LYS+1B4718_002   0.482  -3.694  -3.212
PHE01B4719_001   4.960  -2.288   2.672
VAL01B4720_001   0.746  -0.155   0.591
LYS01B4721_001   0.623  -1.107  -0.483
LYS+1B4721_002   0.581  -1.107  -0.526
ARG01B4722_001   9.169  -6.085   3.084
ARG02B4722_002   9.100  -6.085   3.015
ARG03B4722_003   9.108  -6.085   3.023
ARG+1B4722_004   9.060  -6.085   2.974
LYS01B4723_001   1.648  -4.471  -2.823
LYS+1B4723_002   1.600  -4.471  -2.871
VAL01B4724_001   0.772  -0.052   0.720
LEU01B4725_001   2.482  -0.618   1.864
ASP01B4726_001   0.143  -3.237  -3.094
ASP01B4726_002   0.143  -3.237  -3.094
ASP02B4726_003   0.235  -3.228  -2.993
ASP02B4726_004   0.235  -3.228  -2.993
ASP-1B4726_005   0.139  -3.045  -2.906
LYS01B4727_001   1.463  -4.132  -2.669
LYS+1B4727_002   1.417  -4.132  -2.715
HIS01B4728_001  -0.096  -0.811  -0.906
HIS01B4728_002  -0.039  -1.169  -1.208
HIS02B4728_003  -0.116  -0.811  -0.926
HIS02B4728_004  -0.052  -1.169  -1.221
HIS+1B4728_005  -0.143  -0.811  -0.953
HIS+1B4728_006  -0.078  -1.169  -1.247
ASP01B4730_001   0.077  -3.319  -3.242
ASP01B4730_002   0.077  -3.319  -3.242
ASP02B4730_003   0.149  -3.390  -3.242
ASP02B4730_004   0.149  -3.390  -3.242
ASP-1B4730_005   0.073  -3.252  -3.179
ILE01B4731_001   3.200  -5.830  -2.630
PHE01B4732_001   4.443  -3.156   1.287
ARG01B4734_001   2.162  -7.496  -5.334
ARG02B4734_002   2.138  -7.496  -5.358
ARG03B4734_003   2.146  -7.496  -5.350
ARG+1B4734_004   2.098  -7.496  -5.398
GLU01B4735_001   3.669  -2.987   0.681
GLU01B4735_002   3.669  -2.987   0.681
GLU02B4735_003   2.948  -3.016  -0.068
GLU02B4735_004   2.948  -3.016  -0.068
GLU-1B4735_005   2.873  -2.919  -0.046
ARG01B4736_001   3.085  -9.379  -6.295
ARG02B4736_002   3.009  -9.379  -6.370
ARG03B4736_003   3.009  -9.379  -6.371
ARG+1B4736_004   2.964  -9.379  -6.415
ILE01B4737_001   2.255  -0.155   2.101
ALA01B4738_001   0.000  -0.052  -0.052
GLU01B4739_001   4.551  -2.619   1.932
GLU01B4739_002   4.551  -2.619   1.932
GLU02B4739_003   3.671  -2.705   0.966
GLU02B4739_004   3.671  -2.705   0.966
GLU-1B4739_005   3.592  -2.556   1.035
LEU01B4740_001   2.123  -2.402  -0.279
LEU01B4741_001   1.828   0.000   1.828
MET01B4743_001   0.941  -0.671   0.270
ASP01B4744_001  -0.040  -2.477  -2.517
ASP01B4744_002  -0.040  -2.477  -2.517
ASP02B4744_003  -0.009  -2.477  -2.487
ASP02B4744_004  -0.009  -2.477  -2.487
ASP-1B4744_005  -0.041  -2.442  -2.482
LEU01B4745_001   1.464  -6.024  -4.560
ALA01B4746_001   0.000  -0.773  -0.773
SER01B4747_001   0.000  -0.937  -0.937
LEU01B4748_001   1.463  -5.869  -4.406
GLU01B4749_001   0.501  -2.664  -2.163
GLU01B4749_002   0.501  -2.664  -2.163
GLU02B4749_003   0.667  -2.677  -2.010
GLU02B4749_004   0.667  -2.677  -2.010
GLU-1B4749_005   0.469  -2.653  -2.184
ILE01B4750_001   0.943  -2.318  -1.375
THR01B4751_001   0.152  -4.945  -4.793
THR01B4751_002   0.152  -4.945  -4.793
ALA01B4752_001   0.000  -2.675  -2.675
HIS01B4753_001  -0.354  -4.651  -5.005
HIS02B4753_002  -0.363  -4.651  -5.014
HIS+1B4753_003  -0.382  -4.651  -5.033
ASN01B4754_001  -0.020  -0.547  -0.568
GLU01B4755_001   0.498  -1.655  -1.157
GLU01B4755_002   0.498  -1.655  -1.157
GLU02B4755_003   0.664  -1.564  -0.899
GLU02B4755_004   0.664  -1.564  -0.899
GLU-1B4755_005   0.467  -1.619  -1.153
ARG01B4756_0011189.950  -6.7791183.172
ARG02B4756_0021189.934  -6.7791183.155
ARG03B4756_0031189.966  -6.7791183.188
ARG03B4756_004 188.994  -6.779 182.215
ARG+1B4756_0051189.900  -6.7791183.122
LYS01B4757_001   3.788  -4.156  -0.369
LYS+1B4757_002   3.693  -4.156  -0.463
PRO01B4758_001   0.229  -5.574  -5.345
ASP01B4759_001  -0.040  -3.195  -3.235
ASP01B4759_002  -0.040  -3.195  -3.235
ASP02B4759_003  -0.008  -3.364  -3.372
ASP02B4759_004  -0.008  -3.364  -3.372
ASP-1B4759_005  -0.040  -3.100  -3.140
PRO01B4760_001   0.209  -6.643  -6.434
PRO01B4761_001   0.253  -7.093  -6.840
PRO01B4762_001   0.235  -5.361  -5.126
LEU01B4764_001   1.450  -4.411  -2.961
LEU01B4765_001   1.457  -3.194  -1.737
THR01B4766_001   0.204  -5.595  -5.391
THR01B4766_002   0.204  -5.595  -5.391
TRP01B4767_001   3.130  -6.809  -3.679
LEU01B4768_001   3.389  -5.302  -1.914
MET01B4769_001   0.059  -8.963  -8.904
SER01B4770_001   0.000  -3.317  -3.317
ILE01B4771_001   2.694  -4.050  -1.356
ASP01B4772_001   0.081  -1.861  -1.780
ASP01B4772_002   0.081  -1.861  -1.780
ASP02B4772_003   0.144  -1.809  -1.665
ASP02B4772_004   0.144  -1.809  -1.665
ASP-1B4772_005   0.073  -1.770  -1.697
VAL01B4773_001   0.716  -5.270  -4.554
LYS01B4774_001   0.934  -6.492  -5.558
LYS+1B4774_002   0.888  -6.492  -5.604
TYR01B4775_001   4.849  -0.404   4.445
TYR-1B4775_002   4.849  -0.404   4.445
GLN01B4776_001   1.034  -1.840  -0.806
GLN01B4776_002   0.887  -1.736  -0.849
ILE01B4777_001   2.192  -4.343  -2.151
TRP01B4778_001   3.885   0.000   3.885
LYS01B4779_001   1.910  -3.437  -1.527
LYS+1B4779_002   1.863  -3.437  -1.574
PHE01B4780_001   4.685  -6.048  -1.362
VAL01B4782_001   1.017  -0.052   0.966
ILE01B4783_001   2.417  -1.046   1.371
PHE01B4784_001   4.317  -6.674  -2.358
THR01B4785_001   0.190  -2.317  -2.127
THR01B4785_002   0.190  -2.317  -2.127
THR01B4785_003   0.190  -2.317  -2.127
ASP01B4786_001   0.302  -0.978  -0.676
ASP01B4786_002   0.302  -0.978  -0.676
ASP02B4786_003   0.347  -0.930  -0.584
ASP02B4786_004   0.347  -0.930  -0.584
ASP-1B4786_005   0.257  -0.930  -0.673
ASN01B4787_001   0.169  -3.502  -3.333
SER01B4788_001   0.000  -2.683  -2.683
SER01B4788_002   0.000  -2.683  -2.683
PHE01B4789_001   5.273  -1.955   3.319
LEU01B4790_001   1.966  -5.199  -3.234
TYR01B4791_001   5.135  -3.944   1.191
TYR01B4791_002   5.135  -3.944   1.191
TYR-1B4791_003   5.135  -3.944   1.191
LEU01B4792_001   1.329  -0.515   0.814
TRP01B4794_001   3.524  -8.567  -5.044
TYR01B4795_001   5.220  -0.101   5.119
TYR-1B4795_002   5.220  -0.101   5.119
MET01B4796_001   0.150  -0.990  -0.840
VAL01B4797_001   0.663  -3.879  -3.217
MET01B4798_001   0.030  -0.635  -0.605
SER01B4799_001   0.000   0.000   0.000
SER01B4799_002   0.000   0.000   0.000
SER01B4799_003   0.000   0.000   0.000
LEU01B4800_001   2.426  -6.143  -3.717
LEU01B4801_001   1.714  -3.123  -1.409
HIS01B4803_001  -0.183  -2.820  -3.003
HIS01B4803_002  -0.139  -2.974  -3.113
HIS02B4803_003  -0.201  -2.820  -3.021
HIS02B4803_004  -0.152  -2.974  -3.126
HIS+1B4803_005  -0.228  -2.820  -3.048
HIS+1B4803_006  -0.179  -2.974  -3.153
TYR01B4804_001   4.174  -9.762  -5.588
TYR01B4804_002   4.174  -9.762  -5.588
TYR-1B4804_003   4.174  -9.762  -5.588
ASN01B4805_001   0.169  -1.494  -1.325
ASN01B4806_001   0.449  -1.841  -1.391
ASN01B4806_002   0.214  -1.880  -1.666
PHE01B4807_001   4.802 -11.231  -6.430
PHE01B4808_001   4.877  -3.521   1.356
PHE01B4809_001   4.727   0.000   4.727
ALA01B4810_001   0.000  -1.458  -1.458
ALA01B4811_001   0.000  -1.304  -1.304
HIS01B4812_001  -0.099   0.000  -0.099
HIS02B4812_002  -0.119   0.000  -0.119
HIS+1B4812_003  -0.146   0.000  -0.146
LEU01B4813_001   4.457  -3.551   0.906
LEU01B4814_001   1.470  -8.544  -7.074
ASP01B4815_001   0.072  -0.194  -0.122
ASP01B4815_002   0.072  -0.194  -0.122
ASP02B4815_003   0.143  -0.151  -0.008
ASP02B4815_004   0.143  -0.151  -0.008
ASP-1B4815_005   0.068  -0.151  -0.082
ILE01B4816_001   3.050  -0.412   2.638
ALA01B4817_001   0.000  -1.494  -1.494
MET01B4818_001   0.140  -4.489  -4.350
VAL01B4820_001   0.728  -3.107  -2.379
LYS01B4821_001   1.985  -8.741  -6.756
LYS+1B4821_002   1.921  -8.741  -6.820
THR01B4822_001   0.227  -4.244  -4.018
LEU01B4823_001   1.427  -5.199  -3.772
ARG01B4824_001  12.370  -6.331   6.039
ARG02B4824_002  12.334  -6.331   6.002
ARG03B4824_003  12.339  -6.331   6.008
ARG+1B4824_004  12.294  -6.331   5.962
THR01B4825_001   0.293  -4.377  -4.084
THR01B4825_002   0.293  -4.377  -4.084
ILE01B4826_001   5.577  -6.091  -0.515
LEU01B4827_001   3.248  -3.638  -0.390
SER01B4828_001   0.000  -1.154  -1.154
SER01B4828_002   0.000  -1.154  -1.154
SER01B4828_003   0.000  -1.154  -1.154
SER01B4829_001   0.000   0.000   0.000
VAL01B4830_001   0.600  -5.216  -4.615
THR01B4831_001   0.214  -3.806  -3.593
THR01B4831_002   0.214  -3.806  -3.593
HIS01B4832_001  -0.197  -4.003  -4.200
HIS02B4832_002  -0.218  -4.003  -4.222
HIS+1B4832_003  -0.245  -4.003  -4.249
ASN01B4833_001   0.599  -0.876  -0.277
ASN01B4833_002   0.310  -1.053  -0.744
LYS01B4835_001   0.699 -10.355  -9.656
LYS+1B4835_002   0.652 -10.355  -9.703
GLN01B4836_001   0.859  -3.212  -2.353
GLN01B4836_002   0.709  -3.265  -2.556
LEU01B4837_001   2.060  -1.082   0.978
VAL01B4838_001   0.709  -5.096  -4.387
MET01B4839_001   0.005  -7.789  -7.784
THR01B4840_001   0.181  -0.404  -0.223
THR01B4840_002   0.181  -0.404  -0.223
VAL01B4841_001   0.652  -5.096  -4.444
LEU01B4843_001   3.413  -5.647  -2.234
LEU01B4844_001   4.232  -2.260   1.972
ALA01B4845_001   0.000  -2.382  -2.382
VAL01B4846_001   0.781  -5.199  -4.419
VAL01B4847_001   0.785  -1.082  -0.296
VAL01B4848_001   1.082   0.000   1.082
TYR01B4849_001   4.628  -7.563  -2.935
TYR-1B4849_002   4.628  -7.563  -2.935
LEU01B4850_001   1.457  -6.587  -5.130
TYR01B4851_001   4.270  -1.911   2.359
TYR01B4851_002   4.270  -1.911   2.359
TYR-1B4851_003   4.270  -1.911   2.359
THR01B4852_001   0.352   0.000   0.352
THR01B4852_002   0.352   0.000   0.352
THR01B4852_003   0.352   0.000   0.352
VAL01B4853_001   0.750  -2.952  -2.202
VAL01B4854_001   0.644  -2.453  -1.809
ALA01B4855_001   0.000  -0.222  -0.222
PHE01B4856_001   4.599  -2.358   2.241
ASN01B4857_001   0.466  -1.949  -1.483
ASN01B4857_002   0.229  -1.988  -1.759
PHE01B4858_001   4.342  -9.753  -5.411
PHE01B4859_001   4.527  -0.574   3.953
ARG01B4860_001   2.943  -7.685  -4.742
ARG02B4860_002   2.912  -7.685  -4.773
ARG03B4860_003   2.917  -7.685  -4.768
ARG+1B4860_004   2.867  -7.685  -4.818
LYS01B4861_001   6.108  -4.950   1.157
LYS+1B4861_002   6.141  -4.950   1.190
PHE01B4862_001   5.633  -0.960   4.673
TYR01B4863_001   4.532   0.000   4.532
TYR01B4863_002   4.532   0.000   4.532
TYR-1B4863_003   4.532   0.000   4.532
ASN01B4864_001   0.178  -1.181  -1.003
ASN01B4864_002   0.382  -1.102  -0.720
LYS01B4865_001   3.327  -1.825   1.502
LYS+1B4865_002   3.280  -1.825   1.455
SER01B4866_001   0.000  -3.675  -3.675
SER01B4866_002   0.000  -3.675  -3.675
GLU01B4867_001   2.452  -2.245   0.207
GLU01B4867_002   2.452  -2.245   0.207
GLU02B4867_003   2.035  -2.285  -0.250
GLU02B4867_004   2.035  -2.285  -0.250
GLU-1B4867_005   1.936  -2.208  -0.272
ASP01B4868_001   0.404  -3.587  -3.183
ASP01B4868_002   0.404  -3.587  -3.183
ASP02B4868_003   0.462  -3.551  -3.090
ASP02B4868_004   0.462  -3.551  -3.090
ASP-1B4868_005   0.352  -3.488  -3.136
GLU01B4869_001   1.742  -3.884  -2.142
GLU01B4869_002   1.742  -3.884  -2.142
GLU02B4869_003   1.452  -4.004  -2.552
GLU02B4869_004   1.452  -4.004  -2.552
GLU-1B4869_005   1.354  -3.776  -2.422
ASP01B4870_001   0.234  -3.005  -2.770
ASP01B4870_002   0.234  -3.005  -2.770
ASP02B4870_003   0.333  -3.041  -2.708
ASP02B4870_004   0.333  -3.041  -2.708
ASP-1B4870_005   0.222  -2.929  -2.707
GLU01B4871_001   3.842  -1.667   2.175
GLU01B4871_002   3.842  -1.667   2.175
GLU02B4871_003   3.086  -1.719   1.368
GLU02B4871_004   3.086  -1.719   1.368
GLU-1B4871_005   3.003  -1.611   1.392
CTR01B4871_001  -0.021  -0.830  -0.851
CTR01B4871_002   0.092  -0.772  -0.680
CTR02B4871_003  -0.022  -0.830  -0.852
CTR02B4871_004   0.036  -0.830  -0.794
CTR-1B4871_005   0.000  -0.830  -0.830
NTR01B4872_001  -0.002  -0.566  -0.569
NTR+1B4872_002  -0.004  -0.566  -0.570
PRO01B4872_001   0.313  -5.148  -4.835
ASP01B4873_001   0.053  -1.601  -1.548
ASP01B4873_002   0.053  -1.601  -1.548
ASP02B4873_003   0.118  -1.644  -1.526
ASP02B4873_004   0.118  -1.644  -1.526
ASP-1B4873_005   0.050  -1.654  -1.604
MET01B4874_001   1.115  -1.620  -0.505
LYS01B4875_001   1.407  -1.451  -0.044
LYS+1B4875_002   1.340  -1.451  -0.111
CYS01B4876_001  -0.002   0.000  -0.002
CYS01B4876_002  -0.002   0.000  -0.002
CYS01B4876_003  -0.003   0.000  -0.003
CYS-1B4876_004   0.000   0.000   0.000
ASP01B4877_001   0.089  -1.828  -1.739
ASP01B4877_002   0.089  -1.828  -1.739
ASP02B4877_003   0.159  -1.890  -1.731
ASP02B4877_004   0.159  -1.890  -1.731
ASP-1B4877_005   0.083  -1.778  -1.696
ASP01B4878_001  -0.040  -2.190  -2.230
ASP01B4878_002  -0.040  -2.190  -2.230
ASP02B4878_003  -0.009  -2.206  -2.214
ASP02B4878_004  -0.009  -2.206  -2.214
ASP-1B4878_005  -0.040  -2.118  -2.158
MET01B4879_001   0.102  -3.967  -3.865
MET01B4880_001   0.953  -9.870  -8.916
THR01B4881_001   0.243  -2.062  -1.819
THR01B4881_002   0.243  -2.062  -1.819
THR01B4881_003   0.243  -2.062  -1.819
CYS01B4882_001  -0.002   0.000  -0.002
CYS01B4882_002  -0.002   0.000  -0.002
CYS01B4882_003  -0.003   0.000  -0.003
CYS-1B4882_004   0.000   0.000   0.000
TYR01B4883_001   5.357  -2.303   3.054
TYR01B4883_002   5.357  -2.303   3.054
TYR-1B4883_003   5.357  -2.303   3.054
LEU01B4884_001   2.081  -6.725  -4.644
PHE01B4885_001   5.429  -0.404   5.025
HIS01B4886_001  -0.137  -0.047  -0.184
HIS02B4886_002  -0.156  -0.047  -0.203
HIS+1B4886_003  -0.183  -0.047  -0.230
MET01B4887_001   0.860  -3.745  -2.885
TYR01B4888_001   5.089  -7.877  -2.788
TYR-1B4888_002   5.089  -7.877  -2.788
VAL01B4889_001   0.891  -0.773   0.118
VAL01B4891_001   0.958  -0.773   0.185
ARG01B4892_001  10.515  -7.503   3.011
ARG02B4892_002  10.451  -7.503   2.947
ARG03B4892_003  10.534  -7.503   3.031
ARG+1B4892_004  10.403  -7.503   2.900
ALA01B4893_001   0.000  -0.052  -0.052
ILE01B4897_001   1.588  -0.258   1.330
ASP01B4899_001   0.158  -2.049  -1.890
ASP01B4899_002   0.158  -2.049  -1.890
ASP02B4899_003   0.247  -2.202  -1.955
ASP02B4899_004   0.247  -2.202  -1.955
ASP-1B4899_005   0.151  -2.020  -1.869
GLU01B4900_001   2.724  -0.976   1.748
GLU01B4900_002   2.724  -0.976   1.748
GLU02B4900_003   2.174  -1.012   1.163
GLU02B4900_004   2.174  -1.012   1.163
GLU-1B4900_005   2.114  -0.976   1.137
ILE01B4901_001   4.671  -0.464   4.208
GLU01B4902_001   2.897  -1.859   1.038
GLU01B4902_002   2.897  -1.859   1.038
GLU02B4902_003   2.313  -1.765   0.548
GLU02B4902_004   2.313  -1.765   0.548
GLU-1B4902_005   2.239  -1.735   0.504
ASP01B4903_001   0.076  -3.129  -3.053
ASP01B4903_002   0.076  -3.129  -3.053
ASP02B4903_003   0.149  -3.053  -2.905
ASP02B4903_004   0.149  -3.053  -2.905
ASP-1B4903_005   0.073  -2.937  -2.864
PRO01B4904_001   0.319  -1.233  -0.914
ALA01B4905_001   0.000  -3.004  -3.004
ASP01B4907_001  -0.041  -2.959  -2.999
ASP01B4907_002  -0.041  -2.959  -2.999
ASP02B4907_003  -0.009  -3.063  -3.072
ASP02B4907_004  -0.009  -3.063  -3.072
ASP-1B4907_005  -0.041  -3.005  -3.046
GLU01B4908_001   0.500  -2.957  -2.457
GLU01B4908_002   0.500  -2.957  -2.457
GLU02B4908_003   0.667  -3.080  -2.413
GLU02B4908_004   0.667  -3.080  -2.413
GLU-1B4908_005   0.469  -2.881  -2.412
TYR01B4909_001   4.191  -8.495  -4.304
TYR-1B4909_002   4.191  -8.495  -4.304
GLU01B4910_001   0.497  -1.698  -1.200
GLU01B4910_002   0.497  -1.698  -1.200
GLU02B4910_003   0.664  -1.808  -1.144
GLU02B4910_004   0.664  -1.808  -1.144
GLU-1B4910_005   0.466  -1.680  -1.213
LEU01B4911_001   3.345  -8.496  -5.152
TYR01B4912_001   4.660  -8.792  -4.132
TYR01B4912_002   4.660  -8.792  -4.132
TYR-1B4912_003   4.660  -8.792  -4.132
ARG01B4913_001   5.725  -0.642   5.083
ARG02B4913_002   5.696  -0.642   5.053
ARG03B4913_003   5.699  -0.642   5.056
ARG+1B4913_004   5.653  -0.642   5.011
VAL01B4914_001   0.808  -3.915  -3.107
VAL01B4915_001   0.696  -3.879  -3.183
PHE01B4916_001   4.951  -1.164   3.788
ASP01B4917_001   0.371  -0.370   0.000
ASP01B4917_002   0.371  -0.370   0.000
ASP02B4917_003   0.417  -0.401   0.016
ASP02B4917_004   0.417  -0.401   0.016
ASP-1B4917_005   0.318  -0.383  -0.065
ILE01B4918_001   1.057  -4.443  -3.386
THR01B4919_001   0.219  -3.449  -3.230
THR01B4919_002   0.219  -3.449  -3.230
PHE01B4920_001   4.838   0.000   4.838
PHE01B4921_001   5.333  -1.886   3.447
PHE01B4922_001   5.014  -6.385  -1.371
PHE01B4923_001   4.981  -8.434  -3.453
VAL01B4924_001   0.809   0.000   0.809
ILE01B4925_001   3.131  -0.206   2.925
VAL01B4926_001   0.683  -4.462  -3.780
ILE01B4927_001   2.298  -4.839  -2.541
LEU01B4928_001   1.520  -0.670   0.851
LEU01B4929_001   2.181  -5.869  -3.688
ALA01B4930_001   0.000  -2.949  -2.949
ILE01B4931_001   2.880  -4.720  -1.840
ILE01B4932_001   2.707  -3.432  -0.725
GLN01B4933_001   6.736  -2.659   4.078
LEU01B4935_001   4.838  -2.025   2.813
ILE01B4936_001   5.449  -1.854   3.594
ILE01B4937_001   4.292  -6.690  -2.398
ASP01B4938_001   0.064  -2.451  -2.387
ASP01B4938_002   0.064  -2.451  -2.387
ASP02B4938_003   0.132  -2.573  -2.441
ASP02B4938_004   0.132  -2.573  -2.441
ASP-1B4938_005   0.060  -2.481  -2.421
ALA01B4939_001   0.000   0.000   0.000
PHE01B4940_001   4.832  -3.077   1.755
GLU01B4942_001   1.345  -2.353  -1.008
GLU01B4942_002   1.345  -2.353  -1.008
GLU02B4942_003   1.173  -2.373  -1.200
GLU02B4942_004   1.173  -2.373  -1.200
GLU-1B4942_005   1.053  -2.351  -1.298
LEU01B4943_001   1.736  -2.524  -0.788
ARG01B4944_001   5.004  -8.824  -3.820
ARG02B4944_002   4.958  -8.824  -3.866
ARG03B4944_003   4.955  -8.824  -3.869
ARG+1B4944_004   4.909  -8.824  -3.915
ASP01B4945_001   0.058  -2.059  -2.001
ASP01B4945_002   0.058  -2.059  -2.001
ASP02B4945_003   0.126  -2.149  -2.023
ASP02B4945_004   0.126  -2.149  -2.023
ASP-1B4945_005   0.055  -2.033  -1.978
GLN01B4946_001   1.491  -1.442   0.049
GLN01B4946_002   1.159  -1.221  -0.061
GLN01B4947_001   1.344  -2.074  -0.730
GLN01B4947_002   1.834  -2.043  -0.209
GLU01B4948_001   3.843  -2.232   1.612
GLU01B4948_002   3.843  -2.232   1.612
GLU02B4948_003   3.075  -2.302   0.773
GLU02B4948_004   3.075  -2.302   0.773
GLU-1B4948_005   3.004  -2.183   0.821
GLN01B4949_001   1.454  -2.356  -0.902
GLN01B4949_002   1.886  -2.360  -0.474
VAL01B4950_001   0.821  -0.618   0.203
LYS01B4951_001   2.028  -8.701  -6.672
LYS+1B4951_002   1.949  -8.701  -6.752
GLU01B4952_001   2.524  -2.546  -0.021
GLU01B4952_002   2.524  -2.546  -0.021
GLU02B4952_003   2.030  -2.482  -0.452
GLU02B4952_004   2.030  -2.482  -0.452
GLU-1B4952_005   1.959  -2.535  -0.576
ASP01B4953_001   0.471  -0.761  -0.289
ASP01B4953_002   0.471  -0.761  -0.289
ASP02B4953_003   0.523  -0.724  -0.200
ASP02B4953_004   0.523  -0.724  -0.200
ASP-1B4953_005   0.407  -0.724  -0.316
MET01B4954_001   0.158  -2.891  -2.732
GLU01B4955_001   0.499  -3.166  -2.667
GLU01B4955_002   0.499  -3.166  -2.667
GLU02B4955_003   0.665  -3.190  -2.525
GLU02B4955_004   0.665  -3.190  -2.525
GLU-1B4955_005   0.467  -3.079  -2.612
THR01B4956_001   0.352  -2.370  -2.019
THR01B4956_002   0.352  -2.370  -2.019
THR01B4956_003   0.352  -2.370  -2.019
LYS01B4957_001   1.326  -2.769  -1.443
LYS+1B4957_002   1.280  -2.769  -1.489
CYS01B4958_001  -0.002   0.000  -0.002
CYS01B4958_002  -0.002   0.000  -0.002
CYS01B4958_003  -0.002   0.000  -0.002
CYS-1B4958_004   0.000   0.000   0.000
PHE01B4959_001   5.692  -0.271   5.422
ILE01B4960_001   2.559   0.000   2.559
CYS01B4961_001  -0.002   0.000  -0.002
CYS01B4961_002  -0.002   0.000  -0.002
CYS01B4961_003  -0.003   0.000  -0.003
CYS-1B4961_004   0.000   0.000   0.000
ILE01B4963_001   2.141  -1.545   0.595
SER01B4965_001   0.000  -0.781  -0.781
SER01B4965_002   0.000  -0.781  -0.781
ASP01B4966_001   0.240  -3.378  -3.138
ASP01B4966_002   0.240  -3.378  -3.138
ASP02B4966_003   0.340  -3.442  -3.101
ASP02B4966_004   0.340  -3.442  -3.101
ASP-1B4966_005   0.227  -3.385  -3.158
TYR01B4967_001   5.251  -4.024   1.227
TYR01B4967_002   5.251  -4.024   1.227
TYR-1B4967_003   5.251  -4.024   1.227
PHE01B4968_001   6.612   0.000   6.612
ASP01B4969_001   0.304  -0.935  -0.631
ASP01B4969_002   0.304  -0.935  -0.631
ASP02B4969_003   0.423  -0.965  -0.542
ASP02B4969_004   0.423  -0.965  -0.542
ASP-1B4969_005   0.291  -0.861  -0.570
THR01B4970_001   0.290  -5.719  -5.429
THR01B4971_001   0.208  -2.830  -2.622
THR01B4971_002   0.208  -2.830  -2.622
PRO01B4972_001   0.287  -6.070  -5.782
HIS01B4973_001  -0.113  -6.795  -6.908
HIS02B4973_002  -0.133  -6.795  -6.928
HIS+1B4973_003  -0.160  -6.795  -6.955
PHE01B4975_001   5.356  -0.606   4.750
GLU01B4976_001   0.954  -1.708  -0.754
GLU01B4976_002   0.954  -1.708  -0.754
GLU02B4976_003   0.779  -1.829  -1.050
GLU02B4976_004   0.779  -1.829  -1.050
GLU-1B4976_005   0.713  -1.701  -0.987
THR01B4977_001   0.247  -3.654  -3.407
THR01B4977_002   0.247  -3.654  -3.407
HIS01B4978_001  -0.153   0.000  -0.153
HIS02B4978_002  -0.171   0.000  -0.171
HIS+1B4978_003  -0.198   0.000  -0.198
THR01B4979_001   0.243  -1.863  -1.620
THR01B4979_002   0.243  -1.863  -1.620
LEU01B4980_001   2.502  -6.452  -3.950
GLU01B4981_001   2.887  -0.885   2.002
GLU01B4981_002   2.887  -0.885   2.002
GLU02B4981_003   2.372  -0.817   1.555
GLU02B4981_004   2.372  -0.817   1.555
GLU-1B4981_005   2.271  -0.848   1.423
GLU01B4982_001   3.149  -0.379   2.770
GLU01B4982_002   3.149  -0.379   2.770
GLU02B4982_003   2.503  -0.362   2.141
GLU02B4982_004   2.503  -0.362   2.141
GLU-1B4982_005   2.439  -0.379   2.060
HIS01B4983_001  -0.230   0.000  -0.230
HIS02B4983_002  -0.250   0.000  -0.250
HIS+1B4983_003  -0.278   0.000  -0.278
ASN01B4984_001   0.010  -1.910  -1.900
ASN01B4984_002   0.178  -2.052  -1.874
LEU01B4985_001   9.066  -2.592   6.475
ALA01B4986_001   0.000  -0.258  -0.258
ASN01B4987_001   0.144  -0.197  -0.053
TYR01B4988_001   5.172  -0.307   4.865
TYR-1B4988_002   5.172  -0.307   4.865
MET01B4989_001   0.032  -0.048  -0.016
PHE01B4990_001   4.833  -0.707   4.126
PHE01B4991_001   5.385  -0.515   4.870
LEU01B4992_001   3.143  -0.876   2.268
MET01B4993_001   0.013  -0.473  -0.460
TYR01B4994_001   4.700  -2.402   2.298
TYR01B4994_002   4.700  -2.402   2.298
TYR-1B4994_003   4.700  -2.402   2.298
LEU01B4995_001   1.673  -0.361   1.312
ILE01B4996_001   3.783  -2.865   0.918
ASN01B4997_001   0.535  -2.040  -1.505
ASN01B4997_002   0.267  -2.217  -1.950
LYS01B4998_001   0.925  -1.427  -0.502
LYS+1B4998_002   0.884  -1.427  -0.543
ASP01B4999_001   0.197  -2.637  -2.440
ASP01B4999_002   0.197  -2.637  -2.440
ASP02B4999_003   0.289  -2.633  -2.344
ASP02B4999_004   0.289  -2.633  -2.344
ASP-1B4999_005   0.186  -2.550  -2.364
GLU01B5000_001   3.309  -2.582   0.728
GLU01B5000_002   3.309  -2.582   0.728
GLU02B5000_003   2.631  -2.580   0.050
GLU02B5000_004   2.631  -2.580   0.050
GLU-1B5000_005   2.571  -2.554   0.018
THR01B5001_001   0.223  -3.088  -2.866
THR01B5001_002   0.223  -3.088  -2.866
GLU01B5002_001   1.398  -1.985  -0.587
GLU01B5002_002   1.398  -1.985  -0.587
GLU02B5002_003   1.207  -2.172  -0.965
GLU02B5002_004   1.207  -2.172  -0.965
GLU-1B5002_005   1.091  -2.063  -0.972
HIS01B5003_001  -0.181  -0.229  -0.410
HIS01B5003_002  -0.142  -0.193  -0.335
HIS02B5003_003  -0.198  -0.229  -0.427
HIS02B5003_004  -0.156  -0.193  -0.349
HIS+1B5003_005  -0.225  -0.229  -0.454
HIS+1B5003_006  -0.183  -0.193  -0.376
THR01B5004_001   0.193  -1.491  -1.297
THR01B5004_002   0.193  -1.491  -1.297
THR01B5004_003   0.193  -1.491  -1.297
GLN01B5006_001   4.495  -0.456   4.039
GLN01B5006_002   7.647  -0.642   7.005
GLU01B5007_001   3.820  -0.571   3.248
GLU01B5007_002   3.820  -0.571   3.248
GLU02B5007_003   3.046  -0.504   2.542
GLU02B5007_004   3.046  -0.504   2.542
GLU-1B5007_005   2.976  -0.530   2.446
SER01B5008_001   0.000  -1.800  -1.800
TYR01B5009_001   5.683  -2.851   2.832
TYR01B5009_002   5.683  -2.851   2.832
TYR-1B5009_003   5.683  -2.851   2.832
VAL01B5010_001   0.521  -0.927  -0.406
TRP01B5011_001   3.834  -2.418   1.416
LYS01B5012_001   2.533  -7.481  -4.948
LYS+1B5012_002   2.451  -7.481  -5.030
MET01B5013_001   0.057  -2.125  -2.068
TYR01B5014_001   4.273  -0.593   3.680
TYR01B5014_002   4.273  -0.593   3.680
TYR-1B5014_003   4.273  -0.593   3.680
GLN01B5015_001   0.779  -1.391  -0.612
GLN01B5015_002   0.689  -1.390  -0.701
GLU01B5016_001   1.221  -2.750  -1.528
GLU01B5016_002   1.221  -2.750  -1.528
GLU02B5016_003   1.062  -2.797  -1.735
GLU02B5016_004   1.062  -2.797  -1.735
GLU-1B5016_005   0.951  -2.795  -1.845
ARG01B5017_001   5.262  -1.609   3.652
ARG02B5017_002   5.198  -1.609   3.588
ARG02B5017_003   5.204  -1.609   3.595
ARG03B5017_004   5.205  -1.609   3.596
ARG+1B5017_005   5.157  -1.609   3.548
CYS01B5018_001  -0.002  -1.621  -1.623
CYS01B5018_002  -0.002  -1.621  -1.623
CYS01B5018_003  -0.002  -1.621  -1.623
CYS-1B5018_004   0.000  -1.621  -1.621
TRP01B5019_001   3.780  -2.192   1.589
ASP01B5020_001   0.550  -2.673  -2.123
ASP01B5020_002   0.550  -2.673  -2.123
ASP02B5020_003   0.610  -2.739  -2.128
ASP02B5020_004   0.610  -2.739  -2.128
ASP-1B5020_005   0.479  -2.619  -2.139
PHE01B5021_001   5.589  -0.505   5.084
PHE01B5022_001   5.784  -0.459   5.325
PRO01B5023_001   0.344   0.000   0.344
ALA01B5024_001   0.000  -3.052  -3.052
ASP01B5026_001   0.192  -0.814  -0.622
ASP01B5026_002   0.192  -0.814  -0.622
ASP02B5026_003   0.297  -0.885  -0.587
ASP02B5026_004   0.297  -0.885  -0.587
ASP-1B5026_005   0.189  -0.814  -0.624
CYS01B5027_001  -0.002   0.000  -0.002
CYS01B5027_002  -0.002   0.000  -0.002
CYS01B5027_003  -0.003   0.000  -0.003
CYS-1B5027_004   0.000   0.000   0.000
PHE01B5028_001   5.187  -1.465   3.722
ARG01B5029_001   2.588  -3.309  -0.721
ARG02B5029_002   2.514  -3.309  -0.795
ARG03B5029_003   2.520  -3.309  -0.789
ARG03B5029_004   2.581  -3.309  -0.728
ARG+1B5029_005   2.475  -3.309  -0.834
LYS01B5030_001   3.099  -4.585  -1.486
LYS+1B5030_002   3.011  -4.585  -1.574
GLN01B5031_001   1.017  -1.137  -0.120
GLN01B5031_002   0.861  -1.137  -0.276
TYR01B5032_001   4.892  -0.763   4.129
TYR-1B5032_002   4.892  -0.763   4.129
GLU01B5033_001   5.146  -1.641   3.505
GLU01B5033_002   5.146  -1.641   3.505
GLU02B5033_003   4.112  -1.683   2.429
GLU02B5033_004   4.112  -1.683   2.429
GLU-1B5033_005   4.048  -1.654   2.394
ASP01B5034_001  -0.040  -2.969  -3.009
ASP01B5034_002  -0.040  -2.969  -3.009
ASP02B5034_003  -0.009  -3.106  -3.115
ASP02B5034_004  -0.009  -3.106  -3.115
ASP-1B5034_005  -0.041  -3.010  -3.050
GLN01B5035_001   0.845  -1.752  -0.907
LEU01B5036_001   1.546  -2.968  -1.423
SER01B5037_001   0.000  -3.461  -3.461
SER01B5037_002   0.000  -3.461  -3.461
CTR01B5037_001  -0.021  -2.568  -2.589
CTR01B5037_002   0.110  -2.761  -2.651
CTR02B5037_003  -0.022  -2.568  -2.590
CTR02B5037_004   0.042  -2.761  -2.719
CTR-1B5037_005   0.000  -2.568  -2.568
_ZN+2B5101_001   0.000   0.000   0.000
_CA+2B5102_001   0.000  -0.203  -0.203
