   confID        vdw0    sas     sum
NTR01B3639_001  -0.003  -3.122  -3.126
NTR+1B3639_002  -0.005  -3.122  -3.128
THR01B3639_001   0.248  -3.493  -3.245
THR01B3639_002   0.248  -3.493  -3.245
PRO01B3640_001   0.309  -3.249  -2.940
LEU01B3641_001   3.250 -10.280  -7.030
TYR01B3642_001   4.707 -10.016  -5.309
TYR-1B3642_002   4.707 -10.016  -5.309
ASN01B3643_001   0.528  -2.454  -1.926
LEU01B3644_001   1.899  -3.361  -1.462
PRO01B3645_001   0.293  -3.461  -3.168
THR01B3646_001   0.295  -7.325  -7.030
THR01B3646_002   0.295  -7.325  -7.030
HIS01B3647_001  -0.168  -8.202  -8.371
HIS01B3647_002  -0.127  -7.862  -7.989
HIS02B3647_003  -0.187  -8.202  -8.389
HIS02B3647_004  -0.140  -7.862  -8.003
HIS+1B3647_005  -0.214  -8.202  -8.416
HIS+1B3647_006  -0.167  -7.862  -8.029
ARG01B3648_001   3.648  -8.942  -5.294
ARG02B3648_002   3.624  -8.942  -5.318
ARG03B3648_003   3.631  -8.942  -5.311
ARG+1B3648_004   3.585  -8.942  -5.357
ALA01B3649_001   0.000  -1.285  -1.285
CYS01B3650_001  -0.002  -3.789  -3.790
CYS01B3650_002  -0.002  -3.789  -3.790
CYS01B3650_003  -0.003  -3.789  -3.791
CYS-1B3650_004   0.000  -3.789  -3.789
ASN01B3651_001   0.470  -2.703  -2.233
ASN01B3651_002   0.234  -2.939  -2.705
MET01B3652_001   0.327  -6.185  -5.859
PHE01B3653_001   4.363  -7.754  -3.391
LEU01B3654_001   2.775  -6.864  -4.089
GLU01B3655_001   2.038  -2.955  -0.917
GLU01B3655_002   2.038  -2.955  -0.917
GLU02B3655_003   1.708  -2.965  -1.256
GLU02B3655_004   1.708  -2.965  -1.256
GLU-1B3655_005   1.601  -2.954  -1.353
SER01B3656_001   0.000  -3.171  -3.171
TYR01B3657_001   5.579  -6.245  -0.666
TYR01B3657_002   5.579  -6.245  -0.666
TYR-1B3657_003   5.579  -6.245  -0.666
LYS01B3658_001   6.294  -7.180  -0.886
LYS+1B3658_002   6.245  -7.180  -0.935
ALA01B3659_001   0.000  -5.096  -5.096
ALA01B3660_001   0.000  -2.524  -2.524
TRP01B3661_001   3.125  -4.797  -1.672
ILE01B3662_001   2.690 -10.280  -7.590
LEU01B3663_001   3.038  -5.734  -2.696
THR01B3664_001   0.225  -5.376  -5.150
GLU01B3665_001   1.063  -2.619  -1.556
GLU01B3665_002   1.063  -2.619  -1.556
GLU02B3665_003   0.897  -2.556  -1.659
GLU02B3665_004   0.897  -2.556  -1.659
GLU-1B3665_005   0.805  -2.569  -1.764
ASP01B3666_001   0.516  -1.539  -1.024
ASP01B3666_002   0.516  -1.539  -1.024
ASP02B3666_003   0.549  -1.473  -0.923
ASP02B3666_004   0.549  -1.473  -0.923
ASP-1B3666_005   0.438  -1.473  -1.035
HIS01B3667_001  -0.166  -4.943  -5.109
HIS02B3667_002  -0.184  -4.943  -5.127
HIS+1B3667_003  -0.211  -4.943  -5.154
SER01B3668_001   0.000  -3.129  -3.129
SER01B3668_002   0.000  -3.129  -3.129
PHE01B3669_001   4.419  -4.596  -0.176
GLU01B3670_001   1.200  -0.370   0.829
GLU01B3670_002   1.200  -0.370   0.829
GLU02B3670_003   1.009  -0.411   0.597
GLU02B3670_004   1.009  -0.411   0.597
GLU-1B3670_005   0.929  -0.370   0.559
ASP01B3671_001   0.056  -0.370  -0.314
ASP01B3671_002   0.056  -0.370  -0.314
ASP02B3671_003   0.121  -0.375  -0.254
ASP02B3671_004   0.121  -0.375  -0.254
ASP-1B3671_005   0.052  -0.370  -0.318
ARG01B3672_001   6.554  -9.449  -2.896
ARG02B3672_002   6.592  -9.449  -2.857
ARG03B3672_003   6.491  -9.449  -2.958
ARG+1B3672_004   6.450  -9.449  -2.999
MET01B3673_001   0.725  -3.990  -3.265
ILE01B3674_001   3.544  -0.103   3.441
ASP01B3675_001   0.308  -0.904  -0.596
ASP01B3675_002   0.308  -0.904  -0.596
ASP02B3675_003   0.425  -0.977  -0.552
ASP02B3675_004   0.425  -0.977  -0.552
ASP-1B3675_005   0.293  -0.900  -0.607
ASP01B3676_001   0.028  -1.347  -1.319
ASP01B3676_002   0.028  -1.347  -1.319
ASP02B3676_003   0.082  -1.399  -1.317
ASP02B3676_004   0.082  -1.399  -1.317
ASP-1B3676_005   0.024  -1.347  -1.324
LEU01B3677_001   2.848  -2.746   0.102
SER01B3678_001   0.000  -1.250  -1.250
SER01B3678_002   0.000  -1.250  -1.250
LYS01B3679_001   3.851  -7.192  -3.341
LYS+1B3679_002   3.818  -7.192  -3.375
ALA01B3680_001   0.000  -3.155  -3.155
GLU01B3682_001   0.499  -3.168  -2.669
GLU01B3682_002   0.499  -3.168  -2.669
GLU02B3682_003   0.666  -3.248  -2.582
GLU02B3682_004   0.666  -3.248  -2.582
GLU-1B3682_005   0.468  -3.118  -2.650
GLN01B3683_001   0.456  -0.630  -0.174
GLU01B3684_001   0.501  -3.642  -3.142
GLU01B3684_002   0.501  -3.642  -3.142
GLU02B3684_003   0.668  -3.652  -2.984
GLU02B3684_004   0.668  -3.652  -2.984
GLU-1B3684_005   0.470  -3.587  -3.118
GLU01B3685_001   0.498  -4.223  -3.725
GLU01B3685_002   0.498  -4.223  -3.725
GLU02B3685_003   0.664  -4.214  -3.550
GLU02B3685_004   0.664  -4.214  -3.550
GLU-1B3685_005   0.466  -4.199  -3.732
GLU01B3686_001   0.500  -2.471  -1.971
GLU01B3686_002   0.500  -2.471  -1.971
GLU02B3686_003   0.667  -2.506  -1.840
GLU02B3686_004   0.667  -2.506  -1.840
GLU-1B3686_005   0.469  -2.407  -1.938
GLU01B3687_001   0.498  -2.317  -1.820
GLU01B3687_002   0.498  -2.317  -1.820
GLU02B3687_003   0.664  -2.242  -1.579
GLU02B3687_004   0.664  -2.242  -1.579
GLU-1B3687_005   0.467  -2.205  -1.739
GLU01B3688_001   0.497  -4.068  -3.570
GLU01B3688_002   0.497  -4.068  -3.570
GLU02B3688_003   0.663  -4.023  -3.359
GLU02B3688_004   0.663  -4.023  -3.359
GLU-1B3688_005   0.466  -4.009  -3.543
GLU01B3689_001   0.499  -4.140  -3.641
GLU01B3689_002   0.499  -4.140  -3.641
GLU02B3689_003   0.665  -4.073  -3.408
GLU02B3689_004   0.665  -4.073  -3.408
GLU-1B3689_005   0.468  -3.970  -3.503
VAL01B3690_001   0.499  -3.345  -2.846
GLU01B3691_001   0.502  -3.978  -3.475
GLU01B3691_002   0.502  -3.978  -3.475
GLU02B3691_003   0.669  -4.040  -3.371
GLU02B3691_004   0.669  -4.040  -3.371
GLU-1B3691_005   0.471  -3.863  -3.392
GLU01B3692_001   0.498  -3.726  -3.228
GLU01B3692_002   0.498  -3.726  -3.228
GLU02B3692_003   0.664  -3.796  -3.132
GLU02B3692_004   0.664  -3.796  -3.132
GLU-1B3692_005   0.467  -3.674  -3.207
LYS01B3693_001   3.780  -6.486  -2.706
LYS+1B3693_002   3.685  -6.486  -2.801
LYS01B3694_001   2.064  -4.281  -2.217
LYS+1B3694_002   1.979  -4.281  -2.302
PRO01B3695_001   0.361  -1.557  -1.196
ASP01B3696_001   0.335  -0.312   0.023
ASP01B3696_002   0.335  -0.312   0.023
ASP02B3696_003   0.451  -0.360   0.090
ASP02B3696_004   0.451  -0.360   0.090
ASP-1B3696_005   0.316  -0.310   0.006
PRO01B3697_001   0.293  -2.798  -2.504
LEU01B3698_001   3.281  -0.171   3.110
HIS01B3699_001  -0.118  -1.804  -1.922
HIS01B3699_002  -0.068  -1.492  -1.560
HIS02B3699_003  -0.137  -1.804  -1.941
HIS02B3699_004  -0.081  -1.492  -1.573
HIS+1B3699_005  -0.164  -1.804  -1.968
HIS+1B3699_006  -0.107  -1.492  -1.599
GLN01B3700_001   1.413  -1.719  -0.306
GLN01B3700_002   2.213  -1.891   0.322
LEU01B3701_001   5.138  -1.854   3.284
VAL01B3702_001   0.874  -0.103   0.771
LEU01B3703_001   1.740  -4.736  -2.996
HIS01B3704_001  -0.114  -5.967  -6.081
HIS02B3704_002  -0.134  -5.967  -6.101
HIS+1B3704_003  -0.161  -5.967  -6.128
PHE01B3705_001   5.005  -0.186   4.819
SER01B3706_001   0.000  -0.962  -0.962
SER01B3706_002   0.000  -0.962  -0.962
ARG01B3707_001   4.420 -10.700  -6.280
ARG02B3707_002   4.479 -10.700  -6.221
ARG03B3707_003   4.398 -10.700  -6.303
ARG+1B3707_004   4.354 -10.700  -6.346
THR01B3708_001   0.197  -1.841  -1.644
ALA01B3709_001   0.000   0.000   0.000
LEU01B3710_001   2.511  -5.818  -3.307
THR01B3711_001   0.214  -4.339  -4.126
GLU01B3712_001   7.667  -3.938   3.729
GLU01B3712_002   7.667  -3.938   3.729
GLU02B3712_003   6.192  -4.088   2.104
GLU02B3712_004   6.192  -4.088   2.104
GLU-1B3712_005   6.120  -3.944   2.176
LYS01B3713_001   4.091  -3.443   0.648
LYS+1B3713_002   4.038  -3.443   0.594
SER01B3714_001   0.000  -5.148  -5.148
SER01B3714_002   0.000  -5.148  -5.148
LYS01B3715_001   2.773  -9.237  -6.464
LYS+1B3715_002   2.725  -9.237  -6.512
LEU01B3716_001   1.391  -0.412   0.978
ASP01B3717_001   0.174  -2.196  -2.021
ASP01B3717_002   0.174  -2.196  -2.021
ASP02B3717_003   0.260  -2.117  -1.857
ASP02B3717_004   0.260  -2.117  -1.857
ASP-1B3717_005   0.164  -2.166  -2.002
GLU01B3718_001   3.061  -2.622   0.439
GLU01B3718_002   3.061  -2.622   0.439
GLU02B3718_003   2.467  -2.834  -0.367
GLU02B3718_004   2.467  -2.834  -0.367
GLU-1B3718_005   2.389  -2.721  -0.331
ASP01B3719_001   0.060  -1.116  -1.056
ASP01B3719_002   0.060  -1.116  -1.056
ASP02B3719_003   0.128  -0.997  -0.869
ASP02B3719_004   0.128  -0.997  -0.869
ASP-1B3719_005   0.057  -0.978  -0.921
TYR01B3720_001   4.786 -11.686  -6.900
TYR-1B3720_002   4.786 -11.686  -6.900
LEU01B3721_001   4.478  -6.297  -1.819
TYR01B3722_001   5.389   0.000   5.389
TYR-1B3722_002   5.389   0.000   5.389
MET01B3723_001   0.593  -1.234  -0.641
ALA01B3724_001   0.000  -1.130  -1.130
TYR01B3725_001   5.169  -2.780   2.389
TYR01B3725_002   5.169  -2.780   2.389
TYR-1B3725_003   5.169  -2.780   2.389
ALA01B3726_001   0.000  -0.052  -0.052
ASP01B3727_001   0.114  -1.931  -1.817
ASP01B3727_002   0.114  -1.931  -1.817
ASP02B3727_003   0.198  -1.948  -1.750
ASP02B3727_004   0.198  -1.948  -1.750
ASP-1B3727_005   0.110  -1.908  -1.797
ILE01B3728_001   2.626  -0.876   1.750
MET01B3729_001   0.236  -0.096   0.140
ALA01B3730_001   0.000  -0.515  -0.515
LYS01B3731_001   1.089  -3.654  -2.564
LYS+1B3731_002   1.011  -3.654  -2.643
SER01B3732_001   0.000  -0.060  -0.060
SER01B3732_002   0.000  -0.060  -0.060
SER01B3732_003   0.000  -0.060  -0.060
CYS01B3733_001  -0.002   0.000  -0.002
CYS01B3733_002  -0.002   0.000  -0.002
CYS01B3733_003  -0.002   0.000  -0.002
CYS-1B3733_004   0.000   0.000   0.000
HIS01B3734_001  -0.354  -2.551  -2.905
HIS01B3734_002  -0.345  -2.205  -2.549
HIS02B3734_003  -0.363  -2.551  -2.914
HIS02B3734_004  -0.356  -2.205  -2.560
HIS+1B3734_005  -0.383  -2.551  -2.933
HIS+1B3734_006  -0.375  -2.205  -2.579
LEU01B3735_001   1.459  -0.464   0.995
GLU01B3736_001   0.499  -0.013   0.486
GLU01B3736_002   0.499  -0.013   0.486
GLU02B3736_003   0.666  -0.047   0.619
GLU02B3736_004   0.666  -0.047   0.619
GLU-1B3736_005   0.468  -0.047   0.421
GLU01B3737_001   0.497  -1.498  -1.001
GLU01B3737_002   0.497  -1.498  -1.001
GLU02B3737_003   0.663  -1.426  -0.762
GLU02B3737_004   0.663  -1.426  -0.762
GLU-1B3737_005   0.466  -1.426  -0.960
GLU01B3740_001   0.498  -1.201  -0.702
GLU01B3740_002   0.498  -1.201  -0.702
GLU02B3740_003   0.664  -1.175  -0.510
GLU02B3740_004   0.664  -1.175  -0.510
GLU-1B3740_005   0.467  -1.150  -0.682
ASN01B3741_001  -0.020  -1.997  -2.017
ASN01B3741_002  -0.091  -2.176  -2.266
CTR01B3741_001  -0.021  -4.720  -4.742
CTR01B3741_002   0.109  -4.798  -4.689
CTR02B3741_003  -0.022  -4.798  -4.820
CTR02B3741_004   0.042  -4.837  -4.794
CTR-1B3741_005   0.000  -4.682  -4.682
NTR01B3747_001  -0.003  -3.641  -3.644
NTR+1B3747_002  -0.005  -3.641  -3.645
GLU01B3747_001   0.500  -5.182  -4.682
GLU01B3747_002   0.500  -5.182  -4.682
GLU02B3747_003   0.667  -5.104  -4.437
GLU02B3747_004   0.667  -5.104  -4.437
GLU-1B3747_005   0.469  -4.896  -4.426
GLU01B3748_001   0.500  -3.801  -3.301
GLU01B3748_002   0.500  -3.801  -3.301
GLU02B3748_003   0.667  -3.954  -3.287
GLU02B3748_004   0.667  -3.954  -3.287
GLU-1B3748_005   0.469  -3.785  -3.316
VAL01B3749_001   0.500  -8.750  -8.250
GLU01B3750_001   1.834  -3.243  -1.409
GLU01B3750_002   1.834  -3.243  -1.409
GLU02B3750_003   1.505  -3.405  -1.900
GLU02B3750_004   1.505  -3.405  -1.900
GLU-1B3750_005   1.415  -3.236  -1.821
VAL01B3751_001   0.766  -3.210  -2.444
SER01B3752_001   0.000  -2.210  -2.210
SER01B3752_002   0.000  -2.210  -2.210
PHE01B3753_001   5.215  -4.769   0.446
GLU01B3754_001   2.594  -1.426   1.168
GLU01B3754_002   2.594  -1.426   1.168
GLU02B3754_003   2.129  -1.515   0.613
GLU02B3754_004   2.129  -1.515   0.613
GLU-1B3754_005   2.033  -1.481   0.552
GLU01B3755_001   1.809  -2.302  -0.493
GLU01B3755_002   1.809  -2.302  -0.493
GLU02B3755_003   1.541  -2.342  -0.801
GLU02B3755_004   1.541  -2.342  -0.801
GLU-1B3755_005   1.425  -2.291  -0.866
LYS01B3756_001   8.341  -5.067   3.273
LYS+1B3756_002   8.304  -5.067   3.236
GLU01B3757_001   1.728  -1.071   0.657
GLU01B3757_002   1.728  -1.071   0.657
GLU02B3757_003   1.518  -1.122   0.396
GLU02B3757_004   1.518  -1.122   0.396
GLU-1B3757_005   1.377  -1.068   0.309
MET01B3758_001   0.094  -1.723  -1.629
GLU01B3759_001   1.075  -0.600   0.475
GLU01B3759_002   1.075  -0.600   0.475
GLU02B3759_003   0.961  -0.699   0.262
GLU02B3759_004   0.961  -0.699   0.262
GLU-1B3759_005   0.857  -0.633   0.224
LYS01B3760_001   6.588  -3.154   3.434
LYS+1B3760_002   6.534  -3.154   3.380
GLN01B3761_001   1.565  -0.731   0.834
GLN01B3761_002   2.114  -0.667   1.446
ARG01B3762_001   3.663  -1.959   1.704
ARG02B3762_002   3.611  -1.959   1.652
ARG03B3762_003   3.610  -1.959   1.651
ARG+1B3762_004   3.565  -1.959   1.606
LEU01B3763_001   1.440  -0.309   1.131
LEU01B3764_001   4.063  -5.714  -1.651
TYR01B3765_001   6.089  -3.361   2.728
TYR-1B3765_002   6.089  -3.361   2.728
GLN01B3766_001   4.364   0.000   4.364
GLN01B3766_002   6.973   0.000   6.973
GLN01B3767_001   0.848  -0.208   0.640
GLN01B3767_002   0.705  -0.159   0.546
SER01B3768_001   0.000  -2.681  -2.681
SER01B3768_002   0.000  -2.681  -2.681
ARG01B3769_001   4.905  -0.144   4.761
ARG02B3769_002   4.858  -0.144   4.714
ARG03B3769_003   4.850  -0.144   4.706
ARG+1B3769_004   4.810  -0.144   4.666
LEU01B3770_001   8.873   0.000   8.873
HIS01B3771_001  -0.132  -2.673  -2.805
HIS01B3771_002  -0.089  -2.026  -2.115
HIS02B3771_003  -0.151  -2.673  -2.824
HIS02B3771_004  -0.102  -2.026  -2.128
HIS+1B3771_005  -0.178  -2.673  -2.851
HIS+1B3771_006  -0.129  -2.026  -2.155
THR01B3772_001   0.458  -0.730  -0.272
THR01B3772_002   0.458  -0.730  -0.272
THR01B3772_003   0.458  -0.730  -0.272
ARG01B3773_001   1.898  -9.412  -7.514
ARG02B3773_002   1.973  -9.412  -7.439
ARG03B3773_003   1.875  -9.412  -7.537
ARG+1B3773_004   1.835  -9.412  -7.577
ALA01B3775_001   0.000   0.000   0.000
ALA01B3776_001   0.000   0.000   0.000
GLU01B3777_001   4.107  -1.366   2.741
GLU01B3777_002   4.107  -1.366   2.741
GLU02B3777_003   3.320  -1.421   1.899
GLU02B3777_004   3.320  -1.421   1.899
GLU-1B3777_005   3.233  -1.357   1.876
MET01B3778_001   1.093  -0.048   1.045
VAL01B3779_001   1.447  -0.155   1.293
LEU01B3780_001   2.586  -0.103   2.483
GLN01B3781_001   3.152  -0.551   2.601
GLN01B3781_002   5.134  -0.610   4.523
MET01B3782_001   2.181  -0.096   2.085
ILE01B3783_001   2.371  -0.618   1.753
SER01B3784_001   0.000  -0.963  -0.963
SER01B3784_002   0.000  -0.963  -0.963
ALA01B3785_001   0.000  -0.258  -0.258
CYS01B3786_001  -0.002  -0.167  -0.169
CYS01B3786_002  -0.002  -0.167  -0.169
CYS01B3786_003  -0.002  -0.167  -0.170
CYS-1B3786_004   0.000  -0.167  -0.167
LYS01B3787_001   1.748  -5.605  -3.856
LYS+1B3787_002   1.700  -5.605  -3.905
GLU01B3789_001   0.577  -1.145  -0.568
GLU01B3789_002   0.577  -1.145  -0.568
GLU02B3789_003   0.549  -1.189  -0.640
GLU02B3789_004   0.549  -1.189  -0.640
GLU-1B3789_005   0.451  -1.105  -0.654
THR01B3790_001   0.298  -3.495  -3.197
THR01B3790_002   0.298  -3.495  -3.197
ALA01B3792_001   0.000  -3.190  -3.190
MET01B3793_001   0.347  -0.299   0.048
VAL01B3794_001   0.787   0.000   0.787
SER01B3795_001   0.000  -0.649  -0.649
SER01B3795_002   0.000  -0.649  -0.649
SER01B3796_001   0.000  -0.482  -0.482
SER01B3796_002   0.000  -0.482  -0.482
SER01B3796_003   0.000  -0.482  -0.482
THR01B3797_001   0.290  -0.052   0.239
THR01B3797_002   0.290  -0.052   0.239
THR01B3797_003   0.290  -0.052   0.239
LEU01B3798_001   3.682  -0.309   3.373
LYS01B3799_001   1.883  -3.949  -2.066
LYS+1B3799_002   1.835  -3.949  -2.114
LEU01B3800_001   2.231   0.000   2.231
ILE01B3802_001   3.827  -0.824   3.003
SER01B3803_001   0.000  -0.301  -0.301
SER01B3803_002   0.000  -0.301  -0.301
ILE01B3804_001   2.498   0.000   2.498
LEU01B3805_001   2.382   0.000   2.382
ASN01B3806_001   0.205  -0.477  -0.272
ASN01B3806_002   0.025  -0.541  -0.517
ASN01B3809_001   0.462  -0.413   0.049
ASN01B3809_002   0.235  -0.472  -0.238
ALA01B3810_001   0.000  -2.917  -2.917
GLU01B3811_001   1.522  -2.444  -0.922
GLU01B3811_002   1.522  -2.444  -0.922
GLU02B3811_003   1.270  -2.361  -1.091
GLU02B3811_004   1.270  -2.361  -1.091
GLU-1B3811_005   1.172  -2.312  -1.140
VAL01B3812_001   0.890   0.000   0.890
GLN01B3813_001   2.890  -0.069   2.821
GLN01B3813_002   4.852  -0.157   4.694
GLN01B3814_001   0.895  -2.081  -1.186
GLN01B3814_002   0.748  -2.073  -1.325
LYS01B3815_001   1.899  -0.759   1.140
LYS+1B3815_002   1.855  -0.759   1.096
MET01B3816_001   6.615  -0.214   6.400
LEU01B3817_001   1.638  -0.412   1.226
ASP01B3818_001   0.539  -2.214  -1.676
ASP01B3818_002   0.539  -2.214  -1.676
ASP02B3818_003   0.599  -2.137  -1.539
ASP02B3818_004   0.599  -2.137  -1.539
ASP-1B3818_005   0.469  -2.136  -1.667
TYR01B3819_001   5.504  -2.240   3.264
TYR01B3819_002   5.504  -2.240   3.264
TYR-1B3819_003   5.504  -2.240   3.264
LEU01B3820_001   4.330  -0.052   4.279
LYS01B3821_001   2.258  -3.412  -1.154
LYS+1B3821_002   2.171  -3.412  -1.242
ASP01B3822_001   0.499  -2.910  -2.411
ASP01B3822_002   0.499  -2.910  -2.411
ASP02B3822_003   0.558  -2.893  -2.334
ASP02B3822_004   0.558  -2.893  -2.334
ASP-1B3822_005   0.435  -2.756  -2.322
LYS01B3823_001   3.792  -1.846   1.945
LYS+1B3823_002   3.698  -1.846   1.851
LYS01B3824_001   2.545  -5.000  -2.454
LYS+1B3824_002   2.464  -5.000  -2.536
GLU01B3825_001   1.937  -0.652   1.285
GLU01B3825_002   1.937  -0.652   1.285
GLU02B3825_003   1.577  -0.573   1.004
GLU02B3825_004   1.577  -0.573   1.004
GLU-1B3825_005   1.514  -0.533   0.981
VAL01B3826_001   0.848  -3.207  -2.358
PHE01B3828_001   5.331  -0.657   4.674
PHE01B3829_001   5.950  -0.354   5.596
GLN01B3830_001   3.438  -1.711   1.727
GLN01B3830_002   5.239  -1.711   3.527
SER01B3831_001   0.000   0.000   0.000
SER01B3831_002   0.000   0.000   0.000
ILE01B3832_001   2.555  -0.515   2.040
GLN01B3833_001   2.904  -1.624   1.280
GLN01B3833_002   4.746  -1.541   3.205
ALA01B3834_001   0.000  -1.922  -1.922
LEU01B3835_001   2.081  -0.052   2.029
MET01B3836_001   1.640  -0.048   1.592
GLN01B3837_001   3.389  -2.616   0.773
THR01B3838_001   0.329  -2.549  -2.220
THR01B3838_002   0.329  -2.549  -2.220
CYS01B3839_001  -0.002   0.000  -0.002
CYS01B3839_002  -0.002   0.000  -0.002
CYS01B3839_003  -0.002   0.000  -0.002
CYS-1B3839_004   0.000   0.000   0.000
SER01B3840_001   0.000  -1.172  -1.172
SER01B3840_002   0.000  -1.172  -1.172
SER01B3840_003   0.000  -1.172  -1.172
VAL01B3841_001   0.944  -1.082  -0.138
LEU01B3842_001   2.507   0.000   2.507
ASP01B3843_001   0.228  -1.472  -1.243
ASP01B3843_002   0.228  -1.472  -1.243
ASP02B3843_003   0.318  -1.372  -1.054
ASP02B3843_004   0.318  -1.372  -1.054
ASP-1B3843_005   0.213  -1.357  -1.144
LEU01B3844_001   2.268  -3.036  -0.768
ASN01B3845_001   0.313  -3.028  -2.715
ASN01B3845_002   0.466  -3.084  -2.618
ALA01B3846_001   0.000  -0.824  -0.824
PHE01B3847_001   4.742   0.000   4.742
GLU01B3848_001   2.121  -1.492   0.628
GLU01B3848_002   2.121  -1.492   0.628
GLU02B3848_003   1.799  -1.424   0.374
GLU02B3848_004   1.799  -1.424   0.374
GLU-1B3848_005   1.677  -1.434   0.243
ARG01B3849_001   2.606  -9.978  -7.372
ARG02B3849_002   2.588  -9.978  -7.389
ARG03B3849_003   2.580  -9.978  -7.397
ARG+1B3849_004   2.541  -9.978  -7.437
GLN01B3850_001   3.287  -0.082   3.206
ASN01B3851_001   0.278  -1.619  -1.342
ASN01B3851_002   0.066  -1.462  -1.396
LYS01B3852_001   1.032  -7.458  -6.426
LYS+1B3852_002   0.986  -7.458  -6.472
ALA01B3853_001   0.000  -0.773  -0.773
GLU01B3854_001   0.500  -2.116  -1.617
GLU01B3854_002   0.500  -2.116  -1.617
GLU02B3854_003   0.666  -2.032  -1.366
GLU02B3854_004   0.666  -2.032  -1.366
GLU-1B3854_005   0.468  -2.015  -1.547
LEU01B3856_001   1.576  -7.138  -5.562
MET01B3858_001   0.143  -8.522  -8.379
VAL01B3859_001   0.498  -2.679  -2.180
ASN01B3860_001  -0.020  -3.086  -3.106
GLU01B3861_001   0.496  -2.943  -2.447
GLU01B3861_002   0.496  -2.943  -2.447
GLU02B3861_003   0.662  -2.926  -2.264
GLU02B3861_004   0.662  -2.926  -2.264
GLU-1B3861_005   0.465  -2.794  -2.329
ASP01B3862_001  -0.040  -2.407  -2.447
ASP01B3862_002  -0.040  -2.407  -2.447
ASP02B3862_003  -0.009  -2.410  -2.419
ASP02B3862_004  -0.009  -2.410  -2.419
ASP-1B3862_005  -0.041  -2.407  -2.447
THR01B3864_001   0.152  -1.700  -1.548
THR01B3864_002   0.152  -1.700  -1.548
VAL01B3865_001   0.501  -5.132  -4.631
ILE01B3866_001   0.937  -5.837  -4.899
ASN01B3867_001  -0.020  -1.237  -1.257
ARG01B3868_0011190.734  -6.0811184.653
ARG02B3868_0021190.716  -6.0811184.634
ARG03B3868_0031190.750  -6.0811184.669
ARG03B3868_004 189.786  -6.081 183.704
ARG+1B3868_0051190.684  -6.0811184.602
GLN01B3869_001   0.454  -2.388  -1.934
ASN01B3870_001  -0.020  -0.438  -0.458
GLU01B3872_001   0.501  -3.722  -3.220
GLU01B3872_002   0.501  -3.722  -3.220
GLU02B3872_003   0.669  -3.646  -2.977
GLU02B3872_004   0.669  -3.646  -2.977
GLU-1B3872_005   0.470  -3.639  -3.169
LYS01B3873_001   2.939  -2.706   0.233
LYS+1B3873_002   2.891  -2.706   0.185
VAL01B3874_001   1.277   0.000   1.277
MET01B3875_001   0.305   0.000   0.305
ALA01B3876_001   0.000  -1.130  -1.130
ASP01B3877_001   0.087  -0.428  -0.340
ASP01B3877_002   0.087  -0.428  -0.340
ASP02B3877_003   0.160  -0.421  -0.260
ASP02B3877_004   0.160  -0.421  -0.260
ASP-1B3877_005   0.082  -0.413  -0.331
ASP01B3878_001   0.061  -1.224  -1.163
ASP01B3878_002   0.061  -1.224  -1.163
ASP02B3878_003   0.129  -1.287  -1.158
ASP02B3878_004   0.129  -1.287  -1.158
ASP-1B3878_005   0.058  -1.244  -1.186
GLU01B3879_001   0.498  -3.593  -3.095
GLU01B3879_002   0.498  -3.593  -3.095
GLU02B3879_003   0.664  -3.701  -3.037
GLU02B3879_004   0.664  -3.701  -3.037
GLU-1B3879_005   0.467  -3.548  -3.082
PHE01B3880_001   5.538  -1.079   4.459
THR01B3881_001   0.248   0.000   0.248
THR01B3881_002   0.248   0.000   0.248
THR01B3881_003   0.248   0.000   0.248
GLN01B3882_001   1.721  -1.501   0.220
ASP01B3883_001   0.518  -0.652  -0.134
ASP01B3883_002   0.518  -0.652  -0.134
ASP02B3883_003   0.596  -0.620  -0.024
ASP02B3883_004   0.596  -0.620  -0.024
ASP-1B3883_005   0.459  -0.620  -0.161
LEU01B3884_001   2.544  -0.103   2.441
PHE01B3885_001   5.096   0.000   5.096
ARG01B3886_001   2.141  -4.692  -2.552
ARG02B3886_002   2.093  -4.692  -2.600
ARG03B3886_003   2.098  -4.692  -2.594
ARG+1B3886_004   2.054  -4.692  -2.639
PHE01B3887_001   5.745  -0.995   4.750
LEU01B3888_001   2.088  -0.206   1.882
GLN01B3889_001   3.716  -0.468   3.248
LEU01B3890_001   1.630  -0.377   1.253
LEU01B3891_001   2.020  -0.309   1.711
CYS01B3892_001  -0.002   0.000  -0.002
CYS01B3892_002  -0.002   0.000  -0.002
CYS01B3892_003  -0.002   0.000  -0.002
CYS-1B3892_004   0.000   0.000   0.000
GLU01B3893_001   2.345  -0.112   2.233
GLU01B3893_002   2.345  -0.112   2.233
GLU02B3893_003   1.923  -0.115   1.808
GLU02B3893_004   1.923  -0.115   1.808
GLU-1B3893_005   1.826  -0.112   1.715
HIS01B3895_001  -0.136  -1.197  -1.333
HIS02B3895_002  -0.155  -1.197  -1.352
HIS+1B3895_003  -0.182  -1.197  -1.379
ASN01B3896_001   0.138  -0.512  -0.374
ASN01B3896_002   0.372  -0.379  -0.007
ASN01B3897_001   0.417  -2.530  -2.112
ASN01B3897_002   0.161  -2.264  -2.104
ASP01B3898_001   0.050  -1.537  -1.487
ASP01B3898_002   0.050  -1.537  -1.487
ASP02B3898_003   0.112  -1.580  -1.468
ASP02B3898_004   0.112  -1.580  -1.468
ASP-1B3898_005   0.046  -1.537  -1.491
PHE01B3899_001   6.808  -0.320   6.488
GLN01B3900_001   3.061   0.000   3.061
GLN01B3900_002   4.944   0.000   4.944
ASN01B3901_001   0.605  -1.900  -1.295
TYR01B3902_001   5.743  -0.202   5.541
TYR01B3902_002   5.743  -0.202   5.541
TYR-1B3902_003   5.743  -0.202   5.541
LEU01B3903_001   2.021  -0.052   1.969
ARG01B3904_001   4.839  -2.864   1.976
ARG02B3904_002   4.797  -2.864   1.933
ARG02B3904_003   4.802  -2.864   1.938
ARG03B3904_004   4.806  -2.864   1.942
ARG03B3904_005   4.831  -2.864   1.967
ARG+1B3904_006   4.756  -2.864   1.892
THR01B3905_001   0.266  -2.241  -1.975
GLN01B3906_001   2.729   0.000   2.729
THR01B3907_001   0.146  -5.148  -5.002
THR01B3907_002   0.146  -5.148  -5.002
ASN01B3909_001   0.498  -0.207   0.291
ASN01B3909_002   0.241  -0.276  -0.035
THR01B3910_001   0.198  -5.496  -5.298
THR01B3910_002   0.198  -5.496  -5.298
THR01B3911_001   0.244  -3.294  -3.050
THR01B3912_001   0.267  -3.209  -2.942
THR01B3912_002   0.267  -3.209  -2.942
ILE01B3913_001   1.649  -0.103   1.546
ASN01B3914_001   0.189  -0.774  -0.585
ASN01B3914_002   0.015  -0.612  -0.597
ILE01B3915_001   1.952  -0.103   1.849
ILE01B3916_001   3.377   0.000   3.377
ILE01B3917_001   6.192  -5.180   1.012
CYS01B3918_001  -0.002  -1.531  -1.533
CYS01B3918_002  -0.002  -1.531  -1.533
CYS01B3918_003  -0.003  -1.531  -1.534
CYS-1B3918_004   0.000  -1.531  -1.531
THR01B3919_001   0.384   0.000   0.384
THR01B3919_002   0.384   0.000   0.384
VAL01B3920_001   1.272  -0.052   1.221
ASP01B3921_001   0.622  -1.809  -1.186
ASP01B3921_002   0.622  -1.809  -1.186
ASP02B3921_003   0.661  -1.727  -1.066
ASP02B3921_004   0.661  -1.727  -1.066
ASP-1B3921_005   0.533  -1.723  -1.190
TYR01B3922_001   5.053  -0.052   5.002
TYR01B3922_002   5.053  -0.052   5.002
TYR-1B3922_003   5.053  -0.052   5.002
LEU01B3923_001   2.055   0.000   2.055
LEU01B3924_001   3.071  -1.648   1.423
ARG01B3925_001   2.700  -4.792  -2.092
ARG02B3925_002   2.675  -4.792  -2.117
ARG03B3925_003   2.667  -4.792  -2.125
ARG+1B3925_004   2.629  -4.792  -2.163
LEU01B3926_001   2.485   0.000   2.485
GLN01B3927_001   4.318  -0.374   3.944
GLN01B3927_002   7.160  -0.310   6.850
GLU01B3928_001   3.740  -3.294   0.446
GLU01B3928_002   3.740  -3.294   0.446
GLU02B3928_003   2.987  -3.478  -0.490
GLU02B3928_004   2.987  -3.478  -0.490
GLU-1B3928_005   2.919  -3.334  -0.414
SER01B3929_001   0.000  -0.384  -0.384
SER01B3929_002   0.000  -0.384  -0.384
SER01B3929_003   0.000  -0.384  -0.384
ILE01B3930_001   3.732  -0.464   3.268
SER01B3931_001   0.000  -0.732  -0.732
SER01B3931_002   0.000  -0.732  -0.732
SER01B3931_003   0.000  -0.732  -0.732
ASP01B3932_001   0.258  -1.916  -1.657
ASP01B3932_002   0.258  -1.916  -1.657
ASP02B3932_003   0.365  -1.930  -1.565
ASP02B3932_004   0.365  -1.930  -1.565
ASP-1B3932_005   0.246  -1.874  -1.628
PHE01B3933_001   5.081  -0.051   5.030
TYR01B3934_001   5.069  -0.975   4.094
TYR-1B3934_002   5.069  -0.975   4.094
TRP01B3935_001   3.588  -8.056  -4.468
TYR01B3936_001   5.565  -2.697   2.868
TYR01B3936_002   5.565  -2.697   2.868
TYR-1B3936_003   5.565  -2.697   2.868
TYR01B3937_001   6.070   0.000   6.070
TYR01B3937_002   6.070   0.000   6.070
TYR-1B3937_003   6.070   0.000   6.070
SER01B3938_001   0.000  -0.711  -0.711
SER01B3938_002   0.000  -0.711  -0.711
SER01B3938_003   0.000  -0.711  -0.711
LYS01B3940_001   1.526  -4.186  -2.660
LYS+1B3940_002   1.480  -4.186  -2.706
ASP01B3941_001   0.074  -2.701  -2.627
ASP01B3941_002   0.074  -2.701  -2.627
ASP02B3941_003   0.144  -2.636  -2.492
ASP02B3941_004   0.144  -2.636  -2.492
ASP-1B3941_005   0.070  -2.597  -2.527
VAL01B3942_001   0.479  -5.235  -4.756
ILE01B3943_001   6.236  -0.155   6.082
GLU01B3944_001   2.667  -1.998   0.669
GLU01B3944_002   2.667  -1.998   0.669
GLU02B3944_003   2.200  -2.069   0.131
GLU02B3944_004   2.200  -2.069   0.131
GLU-1B3944_005   2.098  -1.998   0.100
GLU01B3945_001   2.946  -2.682   0.264
GLU01B3945_002   2.946  -2.682   0.264
GLU02B3945_003   2.360  -2.740  -0.380
GLU02B3945_004   2.360  -2.740  -0.380
GLU-1B3945_005   2.293  -2.620  -0.327
GLN01B3946_001   1.389  -0.630   0.759
GLN01B3946_002   1.030  -0.495   0.535
LYS01B3948_001   0.735  -1.994  -1.259
LYS+1B3948_002   0.692  -1.994  -1.303
ARG01B3949_001   3.353  -7.855  -4.503
ARG02B3949_002   3.328  -7.855  -4.528
ARG03B3949_003   3.425  -7.855  -4.430
ARG+1B3949_004   3.288  -7.855  -4.567
ASN01B3950_001   0.488   0.000   0.488
ASN01B3950_002   0.221  -0.039   0.181
PHE01B3951_001   5.889  -0.118   5.771
SER01B3952_001   0.000  -2.043  -2.043
SER01B3952_002   0.000  -2.043  -2.043
LYS01B3953_001   1.425  -2.010  -0.585
LYS+1B3953_002   1.378  -2.010  -0.633
ALA01B3954_001   0.000   0.000   0.000
MET01B3955_001   2.681  -0.048   2.633
SER01B3956_001   0.000  -1.875  -1.875
SER01B3956_002   0.000  -1.875  -1.875
SER01B3956_003   0.000  -1.875  -1.875
VAL01B3957_001   0.923   0.000   0.923
ALA01B3958_001   0.000   0.000   0.000
LYS01B3959_001   6.543  -2.637   3.906
LYS+1B3959_002   6.495  -2.637   3.858
GLN01B3960_001   1.310  -0.517   0.793
GLN01B3960_002   1.605  -0.630   0.975
VAL01B3961_001   0.790   0.000   0.790
PHE01B3962_001   6.281   0.000   6.281
ASN01B3963_001   0.509  -1.058  -0.549
ASN01B3963_002   0.250  -0.945  -0.695
SER01B3964_001   0.000   0.000   0.000
SER01B3964_002   0.000   0.000   0.000
SER01B3964_003   0.000   0.000   0.000
LEU01B3965_001   3.920   0.000   3.920
THR01B3966_001   0.397  -0.404  -0.007
THR01B3966_002   0.397  -0.404  -0.007
GLU01B3967_001   2.084  -0.172   1.912
GLU01B3967_002   2.084  -0.172   1.912
GLU02B3967_003   1.758  -0.181   1.577
GLU02B3967_004   1.758  -0.181   1.577
GLU-1B3967_005   1.644  -0.172   1.472
TYR01B3968_001   5.483   0.000   5.483
TYR01B3968_002   5.483   0.000   5.483
TYR-1B3968_003   5.483   0.000   5.483
ILE01B3969_001   3.591   0.000   3.591
GLN01B3970_001   3.884  -0.197   3.688
GLN01B3970_002   6.318  -0.256   6.063
PRO01B3972_001   0.394  -3.563  -3.169
CYS01B3973_001  -0.002  -0.214  -0.216
CYS01B3973_002  -0.002  -0.214  -0.216
CYS01B3973_003  -0.002  -0.214  -0.217
CYS-1B3973_004   0.000  -0.214  -0.214
THR01B3974_001   0.300  -5.158  -4.857
THR01B3974_002   0.300  -5.158  -4.857
ASN01B3976_001   0.365   0.000   0.365
GLN01B3977_001   1.946  -0.207   1.740
GLN01B3977_002   3.168  -0.197   2.971
GLN01B3978_001   1.069  -1.561  -0.492
GLN01B3978_002   0.891  -1.539  -0.648
SER01B3979_001   0.000  -0.096  -0.096
LEU01B3980_001   2.194   0.000   2.194
ALA01B3981_001   0.000  -0.052  -0.052
HIS01B3982_001  -0.168  -7.023  -7.191
HIS01B3982_002  -0.129  -7.178  -7.307
HIS02B3982_003  -0.186  -7.023  -7.209
HIS02B3982_004  -0.142  -7.178  -7.321
HIS+1B3982_005  -0.213  -7.023  -7.236
HIS+1B3982_006  -0.169  -7.178  -7.347
SER01B3983_001   0.000  -0.192  -0.192
SER01B3983_002   0.000  -0.192  -0.192
ARG01B3984_001   2.248  -9.958  -7.710
ARG02B3984_002   2.216  -9.958  -7.742
ARG03B3984_003   2.281  -9.958  -7.678
ARG+1B3984_004   2.174  -9.958  -7.785
LEU01B3985_001   3.007  -0.206   2.801
TRP01B3986_001   4.303  -1.317   2.986
ASP01B3987_001   0.100  -2.366  -2.267
ASP01B3987_002   0.100  -2.366  -2.267
ASP02B3987_003   0.178  -2.356  -2.178
ASP02B3987_004   0.178  -2.356  -2.178
ASP-1B3987_005   0.095  -2.326  -2.231
ALA01B3988_001   0.000   0.000   0.000
VAL01B3989_001   1.193  -0.206   0.987
VAL01B3990_001   0.900  -0.876   0.025
PHE01B3992_001   6.605   0.000   6.605
LEU01B3993_001   2.838  -1.030   1.808
HIS01B3994_001  -0.107  -3.611  -3.718
HIS01B3994_002  -0.041  -3.278  -3.319
HIS02B3994_003  -0.128  -3.611  -3.739
HIS02B3994_004  -0.054  -3.278  -3.332
HIS+1B3994_005  -0.155  -3.611  -3.766
HIS+1B3994_006  -0.080  -3.278  -3.358
VAL01B3995_001   0.753  -0.155   0.598
PHE01B3996_001   4.766  -0.202   4.564
ALA01B3997_001   0.000   0.000   0.000
HIS01B3998_001  -0.130  -2.475  -2.605
HIS02B3998_002  -0.149  -2.475  -2.625
HIS+1B3998_003  -0.176  -2.475  -2.652
MET01B3999_001   0.079  -0.048   0.031
MET01B4000_001   7.073   0.000   7.073
MET01B4001_001   0.024  -1.813  -1.789
LYS01B4002_001   1.251  -1.719  -0.468
LYS+1B4002_002   1.209  -1.719  -0.511
LEU01B4003_001   2.083  -0.052   2.031
ALA01B4004_001   0.000  -0.052  -0.052
GLN01B4005_001   2.234  -1.654   0.580
GLN01B4005_002   3.690  -1.723   1.967
ASP01B4006_001   0.040  -1.477  -1.437
ASP01B4006_002   0.040  -1.477  -1.437
ASP02B4006_003   0.102  -1.463  -1.360
ASP02B4006_004   0.102  -1.463  -1.360
ASP-1B4006_005   0.038  -1.473  -1.435
SER01B4007_001   0.000  -3.515  -3.515
SER01B4008_001   0.000  -3.093  -3.093
SER01B4008_002   0.000  -3.093  -3.093
GLN01B4009_001   2.468  -0.092   2.376
ILE01B4010_001   2.790  -2.849  -0.059
GLU01B4011_001   4.513  -3.606   0.907
GLU01B4011_002   4.513  -3.606   0.907
GLU02B4011_003   3.627  -3.610   0.017
GLU02B4011_004   3.627  -3.610   0.017
GLU-1B4011_005   3.552  -3.480   0.072
LEU01B4012_001   2.463  -0.361   2.102
LEU01B4013_001   2.499  -0.325   2.174
LYS01B4014_001   2.555  -5.006  -2.451
LYS+1B4014_002   2.513  -5.006  -2.493
GLU01B4015_001   5.086  -1.047   4.039
GLU01B4015_002   5.086  -1.047   4.039
GLU02B4015_003   4.083  -1.020   3.063
GLU02B4015_004   4.083  -1.020   3.063
GLU-1B4015_005   4.013  -1.046   2.967
LEU01B4016_001   5.031   0.000   5.031
LEU01B4017_001   1.734  -0.258   1.476
ASP01B4018_001   0.157  -1.266  -1.108
ASP01B4018_002   0.157  -1.266  -1.108
ASP02B4018_003   0.243  -1.272  -1.029
ASP02B4018_004   0.243  -1.272  -1.029
ASP-1B4018_005   0.148  -1.219  -1.071
LEU01B4019_001   2.128  -0.290   1.838
GLN01B4020_001   4.283  -0.118   4.165
GLN01B4020_002   7.014  -0.138   6.876
LYS01B4021_001   2.297  -2.518  -0.221
LYS+1B4021_002   2.248  -2.518  -0.270
ASP01B4022_001   0.122  -0.988  -0.866
ASP01B4022_002   0.122  -0.988  -0.866
ASP02B4022_003   0.202  -1.102  -0.900
ASP02B4022_004   0.202  -1.102  -0.900
ASP-1B4022_005   0.115  -0.965  -0.850
MET01B4023_001   0.812  -0.362   0.450
VAL01B4024_001   0.804  -0.531   0.272
VAL01B4025_001   0.942  -3.844  -2.902
MET01B4026_001   0.579   0.000   0.579
LEU01B4027_001   1.708  -0.683   1.025
LEU01B4028_001   3.136  -2.369   0.767
SER01B4029_001   0.000  -0.060  -0.060
SER01B4029_002   0.000  -0.060  -0.060
SER01B4029_003   0.000  -0.060  -0.060
LEU01B4030_001   3.035  -0.361   2.674
LEU01B4031_001   3.554  -0.103   3.451
GLU01B4032_001   0.948   0.000   0.948
GLU01B4032_002   0.948   0.000   0.948
GLU02B4032_003   0.775  -0.036   0.738
GLU02B4032_004   0.775  -0.036   0.738
GLU-1B4032_005   0.696   0.000   0.696
ASN01B4034_001  -0.033  -0.591  -0.623
ASN01B4034_002   0.104  -0.448  -0.344
VAL01B4035_001   0.569  -3.725  -3.156
VAL01B4036_001   1.041  -0.650   0.391
ASN01B4037_001   0.326  -1.482  -1.157
MET01B4039_001   3.406  -5.017  -1.612
ILE01B4040_001   3.482  -0.876   2.606
ALA01B4041_001   0.000   0.000   0.000
ARG01B4042_001   4.774  -6.668  -1.895
ARG02B4042_002   4.704  -6.668  -1.964
ARG03B4042_003   4.711  -6.668  -1.957
ARG+1B4042_004   4.665  -6.668  -2.003
GLN01B4043_001   3.040  -1.655   1.385
GLN01B4043_002   4.948  -1.564   3.384
MET01B4044_001   0.434  -0.048   0.386
VAL01B4045_001   1.510   0.000   1.510
ASP01B4046_001   0.119  -2.378  -2.259
ASP01B4046_002   0.119  -2.378  -2.259
ASP02B4046_003   0.201  -2.500  -2.299
ASP02B4046_004   0.201  -2.500  -2.299
ASP-1B4046_005   0.113  -2.377  -2.264
MET01B4047_001  10.789  -0.123  10.666
LEU01B4048_001   1.781  -0.721   1.060
VAL01B4049_001   1.192  -2.711  -1.519
GLU01B4050_001   3.793  -1.598   2.194
GLU01B4050_002   3.793  -1.598   2.194
GLU02B4050_003   3.016  -1.646   1.370
GLU02B4050_004   3.016  -1.646   1.370
GLU-1B4050_005   2.958  -1.537   1.421
SER01B4051_001   0.000   0.000   0.000
SER01B4051_002   0.000   0.000   0.000
SER01B4052_001   0.000  -1.463  -1.463
SER01B4052_002   0.000  -1.463  -1.463
SER01B4053_001   0.000  -3.874  -3.874
SER01B4053_002   0.000  -3.874  -3.874
ASN01B4054_001   0.433  -0.778  -0.345
ASN01B4054_002   0.564  -0.783  -0.218
VAL01B4055_001   1.057  -0.721   0.336
GLU01B4056_001   7.787  -1.620   6.167
GLU01B4056_002   7.787  -1.620   6.167
GLU02B4056_003   6.232  -1.667   4.565
GLU02B4056_004   6.232  -1.667   4.565
GLU-1B4056_005   6.162  -1.585   4.577
MET01B4057_001   0.639  -3.142  -2.503
ILE01B4058_001   3.635  -0.824   2.811
LEU01B4059_001   3.206  -0.222   2.984
LYS01B4060_001   1.524  -4.298  -2.774
LYS+1B4060_002   1.471  -4.298  -2.827
PHE01B4061_001   5.916  -0.101   5.815
PHE01B4062_001   6.518  -0.256   6.263
ASP01B4063_001   0.071  -0.283  -0.212
ASP01B4063_002   0.071  -0.283  -0.212
ASP02B4063_003   0.141  -0.355  -0.214
ASP02B4063_004   0.141  -0.355  -0.214
ASP-1B4063_005   0.067  -0.310  -0.243
MET01B4064_001   0.485  -0.659  -0.174
PHE01B4065_001   6.124  -0.051   6.074
LEU01B4066_001   2.059  -0.702   1.358
LYS01B4067_001   5.421  -1.763   3.658
LYS+1B4067_002   5.367  -1.763   3.604
LEU01B4068_001   2.519  -0.412   2.107
LYS01B4069_001   6.860  -4.344   2.516
LYS+1B4069_002   6.852  -4.344   2.508
ASP01B4070_001   0.122  -1.736  -1.614
ASP01B4070_002   0.122  -1.736  -1.614
ASP02B4070_003   0.199  -1.714  -1.515
ASP02B4070_004   0.199  -1.714  -1.515
ASP-1B4070_005   0.115  -1.679  -1.564
ILE01B4071_001   2.470  -0.103   2.367
VAL01B4072_001   0.615  -0.721  -0.106
SER01B4074_001   0.000  -1.287  -1.287
GLU01B4075_001   1.224  -3.175  -1.951
GLU01B4075_002   1.224  -3.175  -1.951
GLU02B4075_003   1.025  -3.244  -2.219
GLU02B4075_004   1.025  -3.244  -2.219
GLU-1B4075_005   0.934  -3.198  -2.264
ALA01B4076_001   0.000  -2.283  -2.283
PHE01B4077_001   4.898   0.000   4.898
GLN01B4078_001   0.986  -1.919  -0.934
ASP01B4079_001   0.224  -2.511  -2.288
ASP01B4079_002   0.224  -2.511  -2.288
ASP02B4079_003   0.321  -2.435  -2.114
ASP02B4079_004   0.321  -2.435  -2.114
ASP-1B4079_005   0.212  -2.446  -2.234
TYR01B4080_001   5.473  -0.515   4.958
TYR-1B4080_002   5.473  -0.515   4.958
VAL01B4081_001   0.568  -0.464   0.104
THR01B4082_001   0.205  -5.840  -5.634
THR01B4082_002   0.205  -5.840  -5.634
THR01B4082_003   0.205  -5.840  -5.634
ASP01B4083_001   0.346  -0.904  -0.557
ASP01B4083_002   0.346  -0.904  -0.557
ASP02B4083_003   0.445  -0.865  -0.420
ASP02B4083_004   0.445  -0.865  -0.420
ASP-1B4083_005   0.320  -0.861  -0.541
PRO01B4084_001   0.271  -6.356  -6.085
ARG01B4085_001   5.488  -7.296  -1.808
ARG02B4085_002   5.407  -7.296  -1.889
ARG02B4085_003   5.467  -7.296  -1.829
ARG03B4085_004   5.401  -7.296  -1.895
ARG+1B4085_005   5.362  -7.296  -1.934
LEU01B4087_001   1.888  -3.876  -1.988
ILE01B4088_001   4.352   0.000   4.352
SER01B4089_001   0.000  -1.335  -1.335
SER01B4089_002   0.000  -1.335  -1.335
LYS01B4090_001   2.752  -1.684   1.068
LYS+1B4090_002   2.711  -1.684   1.027
LYS01B4091_001   1.759  -6.815  -5.056
LYS+1B4091_002   1.691  -6.815  -5.124
ASP01B4092_001   0.050  -0.318  -0.268
ASP01B4092_002   0.050  -0.318  -0.268
ASP02B4092_003   0.110  -0.349  -0.239
ASP02B4092_004   0.110  -0.349  -0.239
ASP-1B4092_005   0.045  -0.318  -0.273
PHE01B4093_001   4.750  -0.135   4.614
GLN01B4094_001   1.368  -1.559  -0.191
GLN01B4094_002   1.769  -1.451   0.318
LYS01B4095_001   1.672  -6.374  -4.702
LYS+1B4095_002   1.629  -6.374  -4.745
ALA01B4096_001   0.000   0.000   0.000
MET01B4097_001   0.003   0.000   0.003
ASP01B4098_001   0.490  -2.508  -2.019
ASP01B4098_002   0.490  -2.508  -2.019
ASP02B4098_003   0.501  -2.458  -1.957
ASP02B4098_004   0.501  -2.458  -1.957
ASP-1B4098_005   0.405  -2.425  -2.019
SER01B4099_001   0.000  -2.327  -2.327
SER01B4099_002   0.000  -2.327  -2.327
GLN01B4100_001   2.885  -0.337   2.548
GLN01B4100_002   4.643  -0.393   4.250
LYS01B4101_001   1.092  -8.405  -7.313
LYS+1B4101_002   1.043  -8.405  -7.362
GLN01B4102_001   1.683  -2.145  -0.462
GLN01B4102_002   2.714  -2.435   0.278
PHE01B4103_001   5.473   0.000   5.473
THR01B4104_001   0.264  -3.761  -3.497
THR01B4104_002   0.264  -3.761  -3.497
PRO01B4106_001   0.318  -6.488  -6.170
GLU01B4107_001   2.018  -1.277   0.741
GLU01B4107_002   2.018  -1.277   0.741
GLU02B4107_003   1.602  -1.319   0.282
GLU02B4107_004   1.602  -1.319   0.282
GLU-1B4107_005   1.533  -1.266   0.267
ILE01B4108_001   3.270  -0.258   3.013
GLN01B4109_001   1.488  -2.501  -1.013
GLN01B4109_002   1.166  -2.523  -1.357
PHE01B4110_001   5.457  -1.157   4.300
LEU01B4111_001   2.456  -0.309   2.147
LEU01B4112_001   1.739  -0.480   1.260
SER01B4113_001   0.000  -1.429  -1.429
SER01B4113_002   0.000  -1.429  -1.429
CYS01B4114_001  -0.002  -0.279  -0.281
CYS01B4114_002  -0.002  -0.279  -0.281
CYS01B4114_003  -0.002  -0.279  -0.282
CYS-1B4114_004   0.000  -0.279  -0.279
SER01B4115_001   0.000  -0.144  -0.144
GLU01B4116_001   0.943  -1.368  -0.424
GLU01B4116_002   0.943  -1.368  -0.424
GLU02B4116_003   0.881  -1.396  -0.516
GLU02B4116_004   0.881  -1.396  -0.516
GLU-1B4116_005   0.748  -1.360  -0.612
ALA01B4117_001   0.000  -3.226  -3.226
ASP01B4118_001   0.361  -1.880  -1.519
ASP01B4118_002   0.361  -1.880  -1.519
ASP02B4118_003   0.401  -1.906  -1.504
ASP02B4118_004   0.401  -1.906  -1.504
ASP-1B4118_005   0.307  -1.895  -1.589
GLU01B4119_001   2.817  -3.843  -1.026
GLU01B4119_002   2.817  -3.843  -1.026
GLU02B4119_003   2.382  -3.676  -1.294
GLU02B4119_004   2.382  -3.676  -1.294
GLU-1B4119_005   2.249  -3.721  -1.472
ASN01B4120_001   0.160  -1.569  -1.409
GLU01B4121_001   3.861  -2.832   1.028
GLU01B4121_002   3.861  -2.832   1.028
GLU02B4121_003   3.093  -2.946   0.147
GLU02B4121_004   3.093  -2.946   0.147
GLU-1B4121_005   3.020  -2.760   0.260
MET01B4122_001   0.142  -1.056  -0.914
ILE01B4123_001   1.732  -0.222   1.510
ASN01B4124_001   0.158  -1.408  -1.250
ASN01B4124_002   0.000  -1.255  -1.255
PHE01B4125_001   4.755  -2.459   2.296
GLU01B4126_001   0.498  -3.364  -2.866
GLU01B4126_002   0.498  -3.364  -2.866
GLU02B4126_003   0.665  -3.248  -2.583
GLU02B4126_004   0.665  -3.248  -2.583
GLU-1B4126_005   0.467  -3.182  -2.715
GLU01B4127_001   8.315  -1.899   6.416
GLU01B4127_002   8.315  -1.899   6.416
GLU02B4127_003   6.670  -1.849   4.821
GLU02B4127_004   6.670  -1.849   4.821
GLU-1B4127_005   6.597  -1.846   4.751
PHE01B4128_001   5.651  -0.830   4.821
ALA01B4129_001   0.000  -0.341  -0.341
ASN01B4130_001   0.513  -1.942  -1.429
ASN01B4130_002   0.239  -1.940  -1.701
ARG01B4131_001   5.644  -1.853   3.791
ARG02B4131_002   5.597  -1.853   3.744
ARG03B4131_003   5.596  -1.853   3.742
ARG+1B4131_004   5.550  -1.853   3.696
PHE01B4132_001   5.209  -0.052   5.158
GLN01B4133_001   2.199  -0.643   1.556
GLN01B4133_002   3.397  -0.669   2.727
GLU01B4134_001   1.285  -2.882  -1.597
GLU01B4134_002   1.285  -2.882  -1.597
GLU02B4134_003   1.129  -2.953  -1.824
GLU02B4134_004   1.129  -2.953  -1.824
GLU-1B4134_005   1.002  -2.833  -1.831
PRO01B4135_001   0.364  -1.284  -0.920
ALA01B4136_001   0.000  -0.206  -0.206
ARG01B4137_001   3.634  -2.166   1.468
ARG02B4137_002   3.610  -2.166   1.444
ARG02B4137_003   3.613  -2.166   1.448
ARG03B4137_004   3.677  -2.166   1.512
ARG+1B4137_005   3.570  -2.166   1.405
ASP01B4138_001   0.065  -1.459  -1.394
ASP01B4138_002   0.065  -1.459  -1.394
ASP02B4138_003   0.133  -1.517  -1.384
ASP02B4138_004   0.133  -1.517  -1.384
ASP-1B4138_005   0.061  -1.459  -1.398
ILE01B4139_001   1.121  -0.103   1.018
PHE01B4141_001   5.451  -0.944   4.508
ASN01B4142_001   0.384  -0.458  -0.074
VAL01B4143_001   0.764  -1.526  -0.762
ALA01B4144_001   0.000  -0.258  -0.258
VAL01B4145_001   0.891  -0.309   0.582
LEU01B4146_001   2.102  -0.258   1.844
LEU01B4147_001   3.850  -0.222   3.628
THR01B4148_001   0.278  -1.305  -1.027
THR01B4148_002   0.278  -1.305  -1.027
ASN01B4149_001   0.188  -0.118   0.070
LEU01B4150_001   1.678   0.000   1.678
SER01B4151_001   0.000  -1.252  -1.252
SER01B4151_002   0.000  -1.252  -1.252
GLU01B4152_001   2.796  -1.143   1.653
GLU01B4152_002   2.796  -1.143   1.653
GLU02B4152_003   2.207  -1.243   0.965
GLU02B4152_004   2.207  -1.243   0.965
GLU-1B4152_005   2.155  -1.141   1.014
HIS01B4153_001  -0.107  -0.064  -0.171
HIS01B4153_002  -0.057  -0.270  -0.326
HIS02B4153_003  -0.127  -0.064  -0.191
HIS02B4153_004  -0.070  -0.270  -0.339
HIS+1B4153_005  -0.154  -0.064  -0.218
HIS+1B4153_006  -0.097  -0.270  -0.366
VAL01B4154_001   0.895  -1.011  -0.116
PRO01B4155_001   0.343  -1.542  -1.199
HIS01B4156_001  -0.239  -5.227  -5.466
HIS01B4156_002  -0.200  -5.339  -5.539
HIS02B4156_003  -0.259  -5.227  -5.487
HIS02B4156_004  -0.209  -5.339  -5.548
HIS+1B4156_005  -0.286  -5.227  -5.514
HIS+1B4156_006  -0.235  -5.339  -5.575
ASP01B4157_001   0.199  -0.786  -0.587
ASP01B4157_002   0.199  -0.786  -0.587
ASP02B4157_003   0.308  -0.717  -0.409
ASP02B4157_004   0.308  -0.717  -0.409
ASP-1B4157_005   0.195  -0.749  -0.554
PRO01B4158_001   0.283  -6.845  -6.562
ARG01B4159_001   3.671  -5.094  -1.423
ARG02B4159_002   3.588  -5.094  -1.506
ARG02B4159_003   3.594  -5.094  -1.499
ARG03B4159_004   3.594  -5.094  -1.500
ARG+1B4159_005   3.549  -5.094  -1.545
LEU01B4160_001   2.510  -0.052   2.459
ARG01B4161_001   1.704  -7.192  -5.488
ARG02B4161_002   1.717  -7.192  -5.475
ARG03B4161_003   1.654  -7.192  -5.539
ARG03B4161_004   1.659  -7.192  -5.534
ARG+1B4161_005   1.615  -7.192  -5.577
ASN01B4162_001   0.454  -1.900  -1.446
ASN01B4162_002   0.174  -1.772  -1.597
PHE01B4163_001   5.240  -0.253   4.988
LEU01B4164_001   3.251  -2.266   0.984
GLU01B4165_001  18.581  -2.850  15.730
GLU01B4165_002  18.581  -2.850  15.730
GLU02B4165_003  14.936  -2.971  11.965
GLU02B4165_004  14.936  -2.971  11.965
GLU-1B4165_005  14.888  -2.868  12.021
LEU01B4166_001   4.705  -1.974   2.731
ALA01B4167_001   0.000   0.000   0.000
GLU01B4168_001   1.634  -2.465  -0.830
GLU01B4168_002   1.634  -2.465  -0.830
GLU02B4168_003   1.489  -2.523  -1.034
GLU02B4168_004   1.489  -2.523  -1.034
GLU-1B4168_005   1.320  -2.355  -1.035
SER01B4169_001   0.000  -1.444  -1.444
SER01B4169_002   0.000  -1.444  -1.444
ILE01B4170_001   2.761   0.000   2.761
LEU01B4171_001   3.232  -1.716   1.516
GLU01B4172_001   3.499  -2.644   0.854
GLU01B4172_002   3.499  -2.644   0.854
GLU02B4172_003   2.897  -2.591   0.306
GLU02B4172_004   2.897  -2.591   0.306
GLU-1B4172_005   2.776  -2.566   0.210
TYR01B4173_001   5.589  -4.631   0.958
TYR01B4173_002   5.589  -4.631   0.958
TYR-1B4173_003   5.589  -4.631   0.958
PHE01B4174_001   6.091  -0.254   5.837
ARG01B4175_001   7.622  -6.109   1.514
ARG02B4175_002   7.537  -6.109   1.429
ARG03B4175_003   7.605  -6.109   1.496
ARG+1B4175_004   7.497  -6.109   1.389
PRO01B4176_001   0.610  -3.737  -3.128
TYR01B4177_001   5.974  -2.430   3.545
TYR01B4177_002   5.974  -2.430   3.545
TYR-1B4177_003   5.974  -2.430   3.545
LEU01B4178_001   3.659  -1.082   2.577
ARG01B4180_001   4.018  -0.929   3.090
ARG02B4180_002   3.992  -0.929   3.064
ARG02B4180_003   4.023  -0.929   3.094
ARG03B4180_004   3.987  -0.929   3.058
ARG+1B4180_005   3.942  -0.929   3.013
ILE01B4181_001   6.371  -0.103   6.268
GLU01B4182_001   3.781   0.000   3.781
GLU01B4182_002   3.781   0.000   3.781
GLU02B4182_003   3.048   0.000   3.048
GLU02B4182_004   3.048   0.000   3.048
GLU-1B4182_005   2.968   0.000   2.968
ILE01B4183_001   2.562  -0.412   2.149
MET01B4184_001   1.846  -2.505  -0.659
ALA01B4186_001   0.000  -3.207  -3.207
SER01B4187_001   0.000  -0.836  -0.836
SER01B4187_002   0.000  -0.836  -0.836
SER01B4187_003   0.000  -0.836  -0.836
ARG01B4188_001   3.401 -11.669  -8.269
ARG02B4188_002   3.358 -11.669  -8.311
ARG03B4188_003   3.356 -11.669  -8.313
ARG+1B4188_004   3.312 -11.669  -8.357
ARG01B4189_001   6.471  -4.535   1.936
ARG02B4189_002   6.437  -4.535   1.901
ARG03B4189_003   6.433  -4.535   1.898
ARG+1B4189_004   6.389  -4.535   1.853
ILE01B4190_001   5.472  -0.206   5.266
GLU01B4191_001   8.125  -0.141   7.983
GLU01B4191_002   8.125  -0.141   7.983
GLU02B4191_003   6.516  -0.141   6.375
GLU02B4191_004   6.516  -0.141   6.375
GLU-1B4191_005   6.430  -0.138   6.292
ARG01B4192_001   3.845  -0.052   3.793
ARG02B4192_002   3.779  -0.052   3.728
ARG02B4192_003   3.784  -0.052   3.732
ARG03B4192_004   3.786  -0.052   3.735
ARG03B4192_005   3.839  -0.052   3.788
ARG+1B4192_006   3.740  -0.052   3.688
ILE01B4193_001   2.152  -0.773   1.379
TYR01B4194_001   5.679  -0.409   5.270
TYR01B4194_002   5.679  -0.409   5.270
TYR-1B4194_003   5.679  -0.409   5.270
PHE01B4195_001   6.280   0.000   6.280
GLU01B4196_001   5.975  -1.136   4.839
GLU01B4196_002   5.975  -1.136   4.839
GLU02B4196_003   4.840  -1.177   3.663
GLU02B4196_004   4.840  -1.177   3.663
GLU-1B4196_005   4.752  -1.111   3.641
ILE01B4197_001   4.692  -0.052   4.640
SER01B4198_001   0.000  -2.026  -2.026
GLU01B4199_001   5.235  -2.653   2.582
GLU01B4199_002   5.235  -2.653   2.582
GLU02B4199_003   4.224  -2.759   1.465
GLU02B4199_004   4.224  -2.759   1.465
GLU-1B4199_005   4.137  -2.588   1.549
THR01B4200_001   0.281  -5.581  -5.300
ASN01B4201_001   0.385  -0.315   0.070
ASN01B4201_002   0.579  -0.281   0.299
ARG01B4202_001   6.410  -3.992   2.418
ARG02B4202_002   6.362  -3.992   2.369
ARG03B4202_003   6.360  -3.992   2.368
ARG+1B4202_004   6.313  -3.992   2.321
ALA01B4203_001   0.000  -1.990  -1.990
GLN01B4204_001   1.974  -0.937   1.037
GLN01B4204_002   3.256  -0.972   2.283
TRP01B4205_001   4.421  -1.506   2.914
GLU01B4206_001   1.802  -2.120  -0.319
GLU01B4206_002   1.802  -2.120  -0.319
GLU02B4206_003   1.476  -2.135  -0.660
GLU02B4206_004   1.476  -2.135  -0.660
GLU-1B4206_005   1.390  -2.062  -0.672
MET01B4207_001   3.616  -3.180   0.436
PRO01B4208_001   0.294  -7.531  -7.238
GLN01B4209_001   1.557  -1.165   0.392
GLN01B4209_002   1.210  -1.224  -0.013
VAL01B4210_001   0.734  -0.052   0.682
LYS01B4211_001   1.422  -4.801  -3.378
LYS+1B4211_002   1.373  -4.801  -3.428
GLU01B4212_001   1.704  -2.449  -0.745
GLU01B4212_002   1.704  -2.449  -0.745
GLU02B4212_003   1.465  -2.466  -1.001
GLU02B4212_004   1.465  -2.466  -1.001
GLU-1B4212_005   1.345  -2.458  -1.114
SER01B4213_001   0.000  -1.695  -1.695
SER01B4213_002   0.000  -1.695  -1.695
LYS01B4214_001   2.815  -2.062   0.753
LYS+1B4214_002   2.727  -2.062   0.665
ARG01B4215_001  15.825  -7.300   8.525
ARG02B4215_002  15.856  -7.300   8.556
ARG03B4215_003  15.764  -7.300   8.464
ARG+1B4215_004  15.717  -7.300   8.417
GLN01B4216_001   5.007  -2.956   2.051
PHE01B4217_001   6.284  -0.909   5.375
ILE01B4218_001   2.543  -1.906   0.637
PHE01B4219_001   5.098  -2.755   2.342
ASP01B4220_001   0.069  -1.243  -1.175
ASP01B4220_002   0.069  -1.243  -1.175
ASP02B4220_003   0.127  -1.374  -1.246
ASP02B4220_004   0.127  -1.374  -1.246
ASP-1B4220_005   0.060  -1.300  -1.240
VAL01B4221_001   1.073  -0.274   0.800
VAL01B4222_001   1.279  -0.670   0.609
ASN01B4223_001   0.178  -1.796  -1.618
ASN01B4223_002   0.010  -1.959  -1.949
GLU01B4224_001   1.593  -3.405  -1.811
GLU01B4224_002   1.593  -3.405  -1.811
GLU02B4224_003   1.408  -3.387  -1.980
GLU02B4224_004   1.408  -3.387  -1.980
GLU-1B4224_005   1.265  -3.393  -2.128
GLU01B4227_001   0.710  -4.333  -3.622
GLU01B4227_002   0.710  -4.333  -3.622
GLU02B4227_003   0.566  -4.265  -3.699
GLU02B4227_004   0.566  -4.265  -3.699
GLU-1B4227_005   0.502  -4.147  -3.644
ALA01B4228_001   0.000  -2.334  -2.334
GLU01B4229_001   2.978  -2.744   0.234
GLU01B4229_002   2.978  -2.744   0.234
GLU02B4229_003   2.538  -2.728  -0.190
GLU02B4229_004   2.538  -2.728  -0.190
GLU-1B4229_005   2.381  -2.666  -0.285
LYS01B4230_001   1.536  -3.853  -2.317
LYS+1B4230_002   1.491  -3.853  -2.362
MET01B4231_001   0.212  -0.384  -0.172
GLU01B4232_001   1.990  -0.863   1.127
GLU01B4232_002   1.990  -0.863   1.127
GLU02B4232_003   1.778  -0.804   0.973
GLU02B4232_004   1.778  -0.804   0.973
GLU-1B4232_005   1.612  -0.847   0.765
LEU01B4233_001   2.566  -3.107  -0.541
PHE01B4234_001   5.906  -0.303   5.602
VAL01B4235_001   1.165  -0.103   1.062
SER01B4236_001   0.000  -2.459  -2.459
SER01B4236_002   0.000  -2.459  -2.459
PHE01B4237_001   6.000  -1.300   4.700
CYS01B4238_001  -0.002  -0.143  -0.145
CYS01B4238_002  -0.002  -0.143  -0.145
CYS01B4238_003  -0.003  -0.143  -0.145
CYS-1B4238_004   0.000  -0.143  -0.143
GLU01B4239_001   4.143   0.000   4.143
GLU01B4239_002   4.143   0.000   4.143
GLU02B4239_003   3.336  -0.036   3.299
GLU02B4239_004   3.336  -0.036   3.299
GLU-1B4239_005   3.260   0.000   3.260
ASP01B4240_001   0.143  -0.620  -0.477
ASP01B4240_002   0.143  -0.620  -0.477
ASP02B4240_003   0.233  -0.652  -0.420
ASP02B4240_004   0.233  -0.652  -0.420
ASP-1B4240_005   0.137  -0.620  -0.483
THR01B4241_001   0.318   0.000   0.318
THR01B4241_002   0.318   0.000   0.318
ILE01B4242_001   2.200  -0.770   1.430
PHE01B4243_001   5.424  -1.061   4.363
GLU01B4244_001   2.382  -0.210   2.172
GLU01B4244_002   2.382  -0.210   2.172
GLU02B4244_003   1.893  -0.214   1.680
GLU02B4244_004   1.893  -0.214   1.680
GLU-1B4244_005   1.829  -0.207   1.622
MET01B4245_001   0.065  -0.361  -0.296
GLN01B4246_001   1.323  -2.623  -1.300
GLN01B4246_002   1.074  -2.766  -1.692
ILE01B4247_001   1.397  -1.355   0.041
ALA01B4248_001   0.000  -0.309  -0.309
ALA01B4249_001   0.000  -2.795  -2.795
GLN01B4250_001   2.432  -2.022   0.410
GLN01B4250_002   3.947  -2.189   1.757
ILE01B4251_001   2.317  -2.057   0.259
SER01B4252_001   0.000  -3.010  -3.010
SER01B4252_002   0.000  -3.010  -3.010
GLU01B4253_001   0.496  -3.031  -2.535
GLU01B4253_002   0.496  -3.031  -2.535
GLU02B4253_003   0.662  -2.980  -2.318
GLU02B4253_004   0.662  -2.980  -2.318
GLU-1B4253_005   0.465  -2.920  -2.455
CTR01B4253_001  -0.021  -5.406  -5.427
CTR01B4253_002   0.105  -5.155  -5.050
CTR02B4253_003  -0.022  -5.290  -5.312
CTR02B4253_004   0.040  -5.194  -5.153
CTR-1B4253_005   0.000  -5.251  -5.251
NTR01B4540_001  -0.003  -1.907  -1.910
NTR+1B4540_002  -0.005  -1.907  -1.912
PHE01B4540_001   2.031  -2.306  -0.275
TRP01B4541_001   0.645 -13.333 -12.689
GLU01B4543_001   0.499  -3.583  -3.084
GLU01B4543_002   0.499  -3.583  -3.084
GLU02B4543_003   0.666  -3.570  -2.905
GLU02B4543_004   0.666  -3.570  -2.905
GLU-1B4543_005   0.468  -3.527  -3.060
LEU01B4544_001   1.458  -5.286  -3.828
GLU01B4545_001   0.499  -1.754  -1.255
GLU01B4545_002   0.499  -1.754  -1.255
GLU02B4545_003   0.666  -1.687  -1.022
GLU02B4545_004   0.666  -1.687  -1.022
GLU-1B4545_005   0.468  -1.667  -1.199
VAL01B4546_001   0.883  -5.866  -4.983
GLN01B4547_001   0.793  -2.694  -1.901
GLN01B4547_002   1.000  -2.720  -1.719
ARG01B4548_001   8.113  -7.607   0.506
ARG02B4548_002   8.057  -7.607   0.450
ARG03B4548_003   8.060  -7.607   0.453
ARG+1B4548_004   8.012  -7.607   0.404
VAL01B4549_001   1.093  -4.015  -2.921
LYS01B4550_001   3.798  -3.943  -0.144
LYS+1B4550_002   3.704  -3.943  -0.238
PHE01B4551_001   4.577  -7.554  -2.977
LEU01B4552_001   3.892  -2.025   1.867
ASN01B4553_001   0.369  -1.083  -0.714
ASN01B4553_002   0.544  -0.970  -0.426
TYR01B4554_001   5.083  -6.426  -1.342
TYR01B4554_002   5.083  -6.426  -1.342
TYR-1B4554_003   5.083  -6.426  -1.342
LEU01B4555_001   1.476  -0.515   0.961
SER01B4556_001   0.000   0.000   0.000
ARG01B4557_001   3.749  -3.737   0.012
ARG02B4557_002   3.713  -3.737  -0.024
ARG03B4557_003   3.715  -3.737  -0.022
ARG+1B4557_004   3.667  -3.737  -0.069
ASN01B4558_001   0.243  -1.349  -1.106
PHE01B4559_001   5.375  -0.253   5.122
TYR01B4560_001   5.334  -7.189  -1.855
TYR-1B4560_002   5.334  -7.189  -1.855
THR01B4561_001   0.346  -4.183  -3.837
THR01B4561_002   0.346  -4.183  -3.837
LEU01B4562_001   2.465  -1.027   1.438
ARG01B4563_001   1.321  -2.579  -1.258
ARG02B4563_002   1.274  -2.579  -1.305
ARG02B4563_003   1.280  -2.579  -1.299
ARG03B4563_004   1.278  -2.579  -1.301
ARG03B4563_005   1.335  -2.579  -1.244
ARG+1B4563_006   1.234  -2.579  -1.345
PHE01B4564_001   5.351  -7.733  -2.382
LEU01B4565_001   1.984  -4.668  -2.684
ALA01B4566_001   0.000   0.000   0.000
LEU01B4567_001   1.450  -2.592  -1.141
PHE01B4568_001   4.830  -7.990  -3.160
LEU01B4569_001   4.762  -0.515   4.247
ALA01B4570_001   0.000   0.000   0.000
PHE01B4571_001   4.337  -6.974  -2.637
ALA01B4572_001   0.000  -2.247  -2.247
ILE01B4573_001   1.891   0.000   1.891
ASN01B4574_001   0.415  -0.243   0.172
ASN01B4574_002   0.192  -0.256  -0.064
PHE01B4575_001   5.208  -9.324  -4.116
ILE01B4576_001   4.788  -0.753   4.034
LEU01B4577_001   3.188  -2.418   0.770
LEU01B4578_001   3.277  -7.533  -4.256
PHE01B4579_001   4.704  -3.436   1.268
TYR01B4580_001   4.974  -3.067   1.907
TYR-1B4580_002   4.974  -3.067   1.907
LYS01B4581_001   2.795  -6.441  -3.647
LYS+1B4581_002   2.744  -6.441  -3.697
VAL01B4582_001   0.475  -5.714  -5.239
SER01B4583_001   0.000  -0.587  -0.587
SER01B4583_002   0.000  -0.587  -0.587
ASP01B4584_001  -0.040  -3.443  -3.483
ASP01B4584_002  -0.040  -3.443  -3.483
ASP02B4584_003  -0.009  -3.425  -3.434
ASP02B4584_004  -0.009  -3.425  -3.434
ASP-1B4584_005  -0.040  -3.415  -3.456
SER01B4585_001   0.000  -3.732  -3.732
SER01B4585_002   0.000  -3.732  -3.732
PRO01B4586_001   0.315  -4.555  -4.240
PRO01B4587_001   0.273  -3.867  -3.594
CTR01B4587_001  -0.021  -4.730  -4.751
CTR01B4587_002   0.096  -4.827  -4.731
CTR02B4587_003  -0.022  -4.634  -4.656
CTR02B4587_004   0.036  -4.827  -4.791
CTR-1B4587_005   0.000  -4.691  -4.691
NTR01B4626_001  -0.003  -3.361  -3.364
NTR+1B4626_002  -0.005  -3.361  -3.366
ASN01B4626_001  -0.020  -3.183  -3.203
MET01B4627_001   0.141  -3.982  -3.841
VAL01B4628_001   0.619  -2.933  -2.314
TYR01B4629_001   4.935  -9.719  -4.784
TYR01B4629_002   4.935  -9.719  -4.784
TYR-1B4629_003   4.935  -9.719  -4.784
TYR01B4630_001   4.957  -3.476   1.481
TYR-1B4630_002   4.957  -3.476   1.481
PHE01B4631_001   5.390  -2.976   2.415
LEU01B4632_001   2.890  -3.706  -0.816
GLU01B4633_001   5.147  -2.214   2.933
GLU01B4633_002   5.147  -2.214   2.933
GLU02B4633_003   4.148  -2.326   1.821
GLU02B4633_004   4.148  -2.326   1.821
GLU-1B4633_005   4.072  -2.218   1.854
GLU01B4634_001   1.700  -1.160   0.540
GLU01B4634_002   1.700  -1.160   0.540
GLU02B4634_003   1.374  -1.136   0.238
GLU02B4634_004   1.374  -1.136   0.238
GLU-1B4634_005   1.301  -1.133   0.168
SER01B4635_001   0.000  -5.363  -5.363
SER01B4635_002   0.000  -5.363  -5.363
THR01B4636_001   0.143  -1.388  -1.244
THR01B4636_002   0.143  -1.388  -1.244
THR01B4636_003   0.143  -1.388  -1.244
TYR01B4638_001   4.721 -10.013  -5.293
TYR-1B4638_002   4.721 -10.013  -5.293
MET01B4639_001 100.089   0.000 100.089
GLU01B4640_001   1.359  -2.180  -0.821
GLU01B4640_002   1.359  -2.180  -0.821
GLU02B4640_003   1.165  -2.203  -1.038
GLU02B4640_004   1.165  -2.203  -1.038
GLU-1B4640_005   1.055  -2.110  -1.055
PRO01B4641_001   0.279  -6.352  -6.073
ALA01B4642_001   0.000  -2.112  -2.112
LEU01B4643_001   3.531  -1.149   2.382
TRP01B4644_001   3.021  -9.462  -6.441
CYS01B4645_001  -0.002  -3.948  -3.950
CYS01B4645_002  -0.002  -3.948  -3.950
CYS01B4645_003  -0.003  -3.948  -3.951
CYS-1B4645_004   0.000  -3.948  -3.948
LEU01B4646_001   1.436  -2.936  -1.500
SER01B4647_001   0.000   0.000   0.000
SER01B4647_002   0.000   0.000   0.000
SER01B4647_003   0.000   0.000   0.000
LEU01B4648_001   2.322  -4.498  -2.175
LEU01B4649_001   2.432  -3.245  -0.813
HIS01B4650_001  -0.130   0.000  -0.130
HIS02B4650_002  -0.149   0.000  -0.149
HIS+1B4650_003  -0.176   0.000  -0.176
THR01B4651_001   0.290  -0.979  -0.689
THR01B4651_002   0.290  -0.979  -0.689
LEU01B4652_001   4.522  -5.013  -0.491
VAL01B4653_001   0.722  -0.464   0.258
ALA01B4654_001   0.000   0.000   0.000
PHE01B4655_001   4.623  -8.233  -3.611
LEU01B4656_001   2.883  -2.711   0.172
CYS01B4657_001  -0.002  -0.071  -0.073
CYS01B4657_002  -0.002  -0.071  -0.073
CYS01B4657_003  -0.002  -0.071  -0.074
CYS-1B4657_004   0.000  -0.071  -0.071
ILE01B4658_001   2.700  -2.212   0.488
ILE01B4659_001   5.070  -3.380   1.690
TYR01B4661_001   5.033  -0.842   4.191
TYR01B4661_002   5.033  -0.842   4.191
TYR-1B4661_003   5.033  -0.842   4.191
ASN01B4662_001   0.238  -1.939  -1.701
ASN01B4662_002   0.050  -1.782  -1.732
CYS01B4663_001  -0.002  -0.858  -0.860
CYS01B4663_002  -0.002  -0.858  -0.860
CYS01B4663_003  -0.003  -0.858  -0.861
CYS-1B4663_004   0.000  -0.858  -0.858
LEU01B4664_001   1.519  -1.185   0.334
LYS01B4665_001   2.690  -3.749  -1.059
LYS+1B4665_002   2.614  -3.749  -1.135
VAL01B4666_001   0.321   0.000   0.321
PRO01B4667_001   0.317  -1.803  -1.486
LEU01B4668_001   2.480  -1.011   1.469
VAL01B4669_001   0.459  -2.057  -1.598
ILE01B4670_001   1.667  -0.515   1.152
PHE01B4671_001   5.642  -0.051   5.592
LYS01B4672_001   1.716  -4.670  -2.954
LYS+1B4672_002   1.670  -4.670  -3.000
ARG01B4673_001   3.934  -1.054   2.880
ARG02B4673_002   3.897  -1.054   2.843
ARG03B4673_003   3.906  -1.054   2.852
ARG03B4673_004   3.938  -1.054   2.884
ARG+1B4673_005   3.858  -1.054   2.804
GLU01B4674_001   3.492   0.000   3.492
GLU01B4674_002   3.492   0.000   3.492
GLU02B4674_003   2.855   0.000   2.855
GLU02B4674_004   2.855   0.000   2.855
GLU-1B4674_005   2.783   0.000   2.783
LYS01B4675_001   0.907  -0.711   0.195
LYS+1B4675_002   0.863  -0.711   0.151
GLU01B4676_001   6.077  -1.479   4.598
GLU01B4676_002   6.077  -1.479   4.598
GLU02B4676_003   4.885  -1.391   3.494
GLU02B4676_004   4.885  -1.391   3.494
GLU-1B4676_005   4.809  -1.417   3.392
LEU01B4677_001   1.657  -0.155   1.503
ALA01B4678_001   0.000  -0.155  -0.155
ARG01B4679_001   1.862  -2.575  -0.712
ARG02B4679_002   1.844  -2.575  -0.731
ARG02B4679_003   1.909  -2.575  -0.666
ARG03B4679_004   1.841  -2.575  -0.734
ARG+1B4679_005   1.798  -2.575  -0.777
LYS01B4680_001   1.407  -4.046  -2.639
LYS+1B4680_002   1.359  -4.046  -2.687
LEU01B4681_001   1.497   0.000   1.497
GLU01B4682_001   2.454  -0.715   1.739
GLU01B4682_002   2.454  -0.715   1.739
GLU02B4682_003   2.021  -0.799   1.222
GLU02B4682_004   2.021  -0.799   1.222
GLU-1B4682_005   1.920  -0.728   1.193
PHE01B4683_001   5.895  -4.147   1.748
ASP01B4684_001   0.336  -2.030  -1.693
ASP01B4684_002   0.336  -2.030  -1.693
ASP02B4684_003   0.457  -2.092  -1.635
ASP02B4684_004   0.457  -2.092  -1.635
ASP-1B4684_005   0.320  -1.955  -1.635
LEU01B4686_001   1.897  -2.386  -0.489
TYR01B4687_001   5.212  -0.257   4.955
TYR01B4687_002   5.212  -0.257   4.955
TYR-1B4687_003   5.212  -0.257   4.955
ILE01B4688_001   2.173   0.000   2.173
THR01B4689_001   0.201  -3.854  -3.653
THR01B4689_002   0.201  -3.854  -3.653
GLU01B4690_001   4.512  -2.970   1.542
GLU01B4690_002   4.512  -2.970   1.542
GLU02B4690_003   3.640  -2.964   0.677
GLU02B4690_004   3.640  -2.964   0.677
GLU-1B4690_005   3.559  -2.847   0.713
GLN01B4691_001   0.878  -2.662  -1.785
GLN01B4691_002   1.090  -2.682  -1.592
PRO01B4692_001   0.524  -0.052   0.473
ASP01B4694_001   0.116  -2.838  -2.721
ASP01B4694_002   0.116  -2.838  -2.721
ASP02B4694_003   0.192  -3.005  -2.813
ASP02B4694_004   0.192  -3.005  -2.813
ASP-1B4694_005   0.109  -2.808  -2.699
ASP01B4695_001   0.165  -3.209  -3.044
ASP01B4695_002   0.165  -3.209  -3.044
ASP02B4695_003   0.250  -3.205  -2.955
ASP02B4695_004   0.250  -3.205  -2.955
ASP-1B4695_005   0.155  -3.109  -2.954
ASP01B4696_001   0.190  -2.536  -2.346
ASP01B4696_002   0.190  -2.536  -2.346
ASP02B4696_003   0.280  -2.518  -2.238
ASP02B4696_004   0.280  -2.518  -2.238
ASP-1B4696_005   0.180  -2.498  -2.318
VAL01B4697_001   0.840  -6.384  -5.544
LYS01B4698_001   2.972  -5.281  -2.309
LYS+1B4698_002   2.922  -5.281  -2.359
GLN01B4700_001   1.448  -2.002  -0.554
GLN01B4700_002   1.106  -1.990  -0.884
TRP01B4701_001   3.889  -4.201  -0.312
ASP01B4702_001   0.135  -0.034   0.100
ASP01B4702_002   0.135  -0.034   0.100
ASP02B4702_003   0.210  -0.036   0.174
ASP02B4702_004   0.210  -0.036   0.174
ASP-1B4702_005   0.125  -0.034   0.090
ARG01B4703_001  16.418  -5.279  11.139
ARG02B4703_002  16.356  -5.279  11.077
ARG03B4703_003  16.449  -5.279  11.171
ARG+1B4703_004  16.306  -5.279  11.027
LEU01B4704_001   3.869  -1.648   2.220
VAL01B4705_001   0.885   0.000   0.885
LEU01B4706_001   2.146  -0.206   1.940
ASN01B4707_001   0.664  -1.172  -0.508
THR01B4708_001   0.277   0.000   0.277
THR01B4708_002   0.277   0.000   0.277
PRO01B4709_001   0.304  -4.752  -4.449
SER01B4710_001   0.000  -1.853  -1.853
SER01B4710_002   0.000  -1.853  -1.853
PHE01B4711_001   5.316   0.000   5.316
PRO01B4712_001   0.338  -0.203   0.135
SER01B4713_001   0.000  -1.996  -1.996
SER01B4713_002   0.000  -1.996  -1.996
SER01B4713_003   0.000  -1.996  -1.996
ASN01B4714_001   0.281  -0.650  -0.368
ASN01B4714_002   0.068  -0.807  -0.739
TYR01B4715_001   6.055  -0.693   5.362
TYR01B4715_002   6.055  -0.693   5.362
TYR-1B4715_003   6.055  -0.693   5.362
TRP01B4716_001   4.016  -2.097   1.919
ASP01B4717_001   0.444  -0.721  -0.277
ASP01B4717_002   0.444  -0.721  -0.277
ASP02B4717_003   0.496  -0.624  -0.128
ASP02B4717_004   0.496  -0.624  -0.128
ASP-1B4717_005   0.384  -0.655  -0.271
LYS01B4718_001   0.536  -3.652  -3.116
LYS+1B4718_002   0.496  -3.652  -3.156
PHE01B4719_001   5.097  -2.269   2.828
VAL01B4720_001   0.655   0.000   0.655
LYS01B4721_001   0.930  -0.901   0.029
LYS+1B4721_002   0.887  -0.901  -0.014
ARG01B4722_001  14.837  -5.717   9.120
ARG02B4722_002  14.771  -5.717   9.053
ARG03B4722_003  14.877  -5.717   9.160
ARG+1B4722_004  14.729  -5.717   9.012
LYS01B4723_001   1.850  -4.754  -2.904
LYS+1B4723_002   1.804  -4.754  -2.950
VAL01B4724_001   0.899   0.000   0.899
LEU01B4725_001   2.640  -0.515   2.125
ASP01B4726_001   0.270  -2.701  -2.431
ASP01B4726_002   0.270  -2.701  -2.431
ASP02B4726_003   0.398  -2.661  -2.263
ASP02B4726_004   0.398  -2.661  -2.263
ASP-1B4726_005   0.266  -2.567  -2.301
LYS01B4727_001   1.782  -4.106  -2.324
LYS+1B4727_002   1.735  -4.106  -2.372
HIS01B4728_001  -0.097  -0.704  -0.801
HIS01B4728_002  -0.043  -0.880  -0.923
HIS02B4728_003  -0.117  -0.704  -0.820
HIS02B4728_004  -0.056  -0.880  -0.936
HIS+1B4728_005  -0.144  -0.704  -0.847
HIS+1B4728_006  -0.083  -0.880  -0.963
ASP01B4730_001   0.102  -3.130  -3.028
ASP01B4730_002   0.102  -3.130  -3.028
ASP02B4730_003   0.181  -3.128  -2.946
ASP02B4730_004   0.181  -3.128  -2.946
ASP-1B4730_005   0.098  -3.032  -2.935
ILE01B4731_001   2.894  -6.468  -3.574
PHE01B4732_001   4.607  -3.071   1.536
ARG01B4734_001   3.011  -7.205  -4.194
ARG02B4734_002   2.988  -7.205  -4.216
ARG03B4734_003   3.065  -7.205  -4.139
ARG+1B4734_004   2.945  -7.205  -4.260
GLU01B4735_001   4.581  -3.009   1.572
GLU01B4735_002   4.581  -3.009   1.572
GLU02B4735_003   3.659  -3.012   0.647
GLU02B4735_004   3.659  -3.012   0.647
GLU-1B4735_005   3.593  -2.966   0.627
ARG01B4736_001   3.761  -8.637  -4.876
ARG02B4736_002   3.731  -8.637  -4.906
ARG03B4736_003   3.764  -8.637  -4.873
ARG+1B4736_004   3.686  -8.637  -4.950
ILE01B4737_001   2.838  -0.052   2.786
ALA01B4738_001   0.000  -0.052  -0.052
GLU01B4739_001   5.518  -2.499   3.019
GLU01B4739_002   5.518  -2.499   3.019
GLU02B4739_003   4.462  -2.558   1.904
GLU02B4739_004   4.462  -2.558   1.904
GLU-1B4739_005   4.378  -2.471   1.908
LEU01B4740_001   2.814  -2.505   0.309
LEU01B4741_001   1.975   0.000   1.975
MET01B4743_001   2.451  -0.623   1.829
ASP01B4744_001  -0.040  -2.507  -2.547
ASP01B4744_002  -0.040  -2.507  -2.547
ASP02B4744_003  -0.009  -2.704  -2.713
ASP02B4744_004  -0.009  -2.704  -2.713
ASP-1B4744_005  -0.041  -2.678  -2.719
LEU01B4745_001   1.457  -5.917  -4.461
ALA01B4746_001   0.000  -1.030  -1.030
SER01B4747_001   0.000  -1.189  -1.189
SER01B4747_002   0.000  -1.189  -1.189
LEU01B4748_001   1.462  -5.628  -4.165
GLU01B4749_001   0.497  -2.921  -2.425
GLU01B4749_002   0.497  -2.921  -2.425
GLU02B4749_003   0.663  -2.820  -2.158
GLU02B4749_004   0.663  -2.820  -2.158
GLU-1B4749_005   0.465  -2.782  -2.317
ILE01B4750_001   0.938  -1.906  -0.968
THR01B4751_001   0.153  -4.988  -4.835
THR01B4751_002   0.153  -4.988  -4.835
ALA01B4752_001   0.000  -2.608  -2.608
HIS01B4753_001  -0.354  -3.606  -3.960
HIS02B4753_002  -0.363  -3.606  -3.969
HIS+1B4753_003  -0.382  -3.606  -3.989
ASN01B4754_001  -0.019  -1.113  -1.133
GLU01B4755_001   0.499  -1.908  -1.409
GLU01B4755_002   0.499  -1.908  -1.409
GLU02B4755_003   0.666  -1.946  -1.280
GLU02B4755_004   0.666  -1.946  -1.280
GLU-1B4755_005   0.468  -1.895  -1.427
ARG01B4756_0011190.226  -5.8511184.375
ARG02B4756_0021190.207  -5.8511184.356
ARG03B4756_0031190.241  -5.8511184.391
ARG03B4756_004 189.284  -5.851 183.433
ARG+1B4756_0051190.175  -5.8511184.325
LYS01B4757_001   3.790  -4.542  -0.752
LYS+1B4757_002   3.696  -4.542  -0.846
PRO01B4758_001   0.234  -6.296  -6.062
ASP01B4759_001  -0.040  -3.203  -3.243
ASP01B4759_002  -0.040  -3.203  -3.243
ASP02B4759_003  -0.009  -3.265  -3.273
ASP02B4759_004  -0.009  -3.265  -3.273
ASP-1B4759_005  -0.040  -3.182  -3.223
PRO01B4760_001   0.210  -6.890  -6.680
PRO01B4761_001   0.244  -7.011  -6.767
PRO01B4762_001   0.232  -5.841  -5.609
LEU01B4764_001   1.452  -3.999  -2.546
LEU01B4765_001   1.461  -2.318  -0.857
THR01B4766_001   0.201  -5.701  -5.500
THR01B4766_002   0.201  -5.701  -5.500
TRP01B4767_001   3.224  -6.842  -3.618
LEU01B4768_001   2.931  -5.183  -2.252
MET01B4769_001   0.613  -8.726  -8.113
SER01B4770_001   0.000  -3.473  -3.473
ILE01B4771_001   4.944  -4.221   0.723
ASP01B4772_001   0.060  -1.580  -1.520
ASP01B4772_002   0.060  -1.580  -1.520
ASP02B4772_003   0.120  -1.606  -1.486
ASP02B4772_004   0.120  -1.606  -1.486
ASP-1B4772_005   0.053  -1.482  -1.428
VAL01B4773_001   0.663  -5.888  -5.225
LYS01B4774_001   1.651  -6.214  -4.563
LYS+1B4774_002   1.606  -6.214  -4.609
TYR01B4775_001   5.097  -0.616   4.481
TYR-1B4775_002   5.097  -0.616   4.481
GLN01B4776_001   1.015  -1.636  -0.620
GLN01B4776_002   0.856  -1.490  -0.634
ILE01B4777_001   2.460  -4.514  -2.053
TRP01B4778_001   5.178  -0.051   5.128
LYS01B4779_001   1.939  -3.797  -1.858
LYS+1B4779_002   1.894  -3.797  -1.903
PHE01B4780_001   4.508  -5.823  -1.314
VAL01B4782_001   1.619  -0.052   1.568
ILE01B4783_001   3.157  -1.098   2.059
PHE01B4784_001   4.418  -6.922  -2.505
THR01B4785_001   0.254  -3.612  -3.357
THR01B4785_002   0.254  -3.612  -3.357
THR01B4785_003   0.254  -3.612  -3.357
ASP01B4786_001   0.081  -0.724  -0.644
ASP01B4786_002   0.081  -0.724  -0.644
ASP02B4786_003   0.155  -0.689  -0.534
ASP02B4786_004   0.155  -0.689  -0.534
ASP-1B4786_005   0.079  -0.689  -0.610
ASN01B4787_001   0.501  -3.760  -3.258
ASN01B4787_002   0.245  -3.889  -3.644
SER01B4788_001   0.000  -2.878  -2.878
SER01B4788_002   0.000  -2.878  -2.878
PHE01B4789_001   6.456  -1.803   4.652
LEU01B4790_001   1.778  -5.557  -3.779
TYR01B4791_001   6.325  -2.561   3.764
TYR01B4791_002   6.325  -2.561   3.764
TYR-1B4791_003   6.325  -2.561   3.764
LEU01B4792_001   1.691  -0.361   1.330
TRP01B4794_001   4.207  -7.003  -2.796
TYR01B4795_001   6.202   0.000   6.202
TYR01B4795_002   6.202   0.000   6.202
TYR-1B4795_003   6.202   0.000   6.202
MET01B4796_001   9.814  -1.490   8.324
VAL01B4797_001   0.531  -4.188  -3.657
MET01B4798_001  -0.010  -1.054  -1.064
SER01B4799_001   0.000   0.000   0.000
SER01B4799_002   0.000   0.000   0.000
SER01B4799_003   0.000   0.000   0.000
LEU01B4800_001   1.818  -6.745  -4.927
LEU01B4801_001   2.216  -3.071  -0.855
HIS01B4803_001  -0.181  -2.907  -3.089
HIS01B4803_002  -0.136  -3.045  -3.181
HIS02B4803_003  -0.199  -2.907  -3.107
HIS02B4803_004  -0.149  -3.045  -3.195
HIS+1B4803_005  -0.226  -2.907  -3.134
HIS+1B4803_006  -0.176  -3.045  -3.221
TYR01B4804_001   4.516  -9.262  -4.746
TYR01B4804_002   4.516  -9.262  -4.746
TYR-1B4804_003   4.516  -9.262  -4.746
ASN01B4805_001   0.170  -1.628  -1.457
ASN01B4806_001   0.524  -1.590  -1.066
ASN01B4806_002   0.285  -1.659  -1.374
PHE01B4807_001   4.843 -10.775  -5.932
PHE01B4808_001   5.389  -3.622   1.767
PHE01B4809_001   4.773  -0.152   4.622
ALA01B4810_001   0.000  -0.943  -0.943
ALA01B4811_001   0.000  -0.670  -0.670
HIS01B4812_001  -0.233   0.000  -0.233
HIS02B4812_002  -0.253   0.000  -0.253
HIS+1B4812_003  -0.280   0.000  -0.280
LEU01B4813_001   3.510  -3.654  -0.144
LEU01B4814_001   1.205  -6.484  -5.279
ASP01B4815_001   0.049  -0.288  -0.239
ASP01B4815_002   0.049  -0.288  -0.239
ASP02B4815_003   0.112  -0.278  -0.167
ASP02B4815_004   0.112  -0.278  -0.167
ASP-1B4815_005   0.045  -0.288  -0.242
ILE01B4816_001   5.043  -0.103   4.940
ALA01B4817_001   0.000  -3.139  -3.139
MET01B4818_001  -0.087  -3.726  -3.813
VAL01B4820_001   0.756  -3.400  -2.644
LYS01B4821_001   3.338  -8.488  -5.150
LYS+1B4821_002   3.274  -8.488  -5.214
THR01B4822_001   0.395  -4.179  -3.784
LEU01B4823_001   1.333  -4.874  -3.541
ARG01B4824_001  30.263  -5.299  24.963
ARG02B4824_002  30.223  -5.299  24.924
ARG03B4824_003  30.224  -5.299  24.925
ARG+1B4824_004  30.175  -5.299  24.876
THR01B4825_001   0.311  -4.272  -3.961
THR01B4825_002   0.311  -4.272  -3.961
ILE01B4826_001   3.852  -6.777  -2.925
LEU01B4827_001   4.165  -4.153   0.012
SER01B4828_001   0.000  -1.586  -1.586
SER01B4828_002   0.000  -1.586  -1.586
SER01B4828_003   0.000  -1.586  -1.586
SER01B4829_001   0.000  -0.048  -0.048
SER01B4829_002   0.000  -0.048  -0.048
SER01B4829_003   0.000  -0.048  -0.048
VAL01B4830_001   1.017  -4.649  -3.632
THR01B4831_001   0.211  -4.969  -4.758
HIS01B4832_001  -0.131  -7.831  -7.962
HIS01B4832_002  -0.094  -7.571  -7.664
HIS02B4832_003  -0.149  -7.831  -7.980
HIS02B4832_004  -0.108  -7.571  -7.678
HIS+1B4832_005  -0.176  -7.831  -8.007
HIS+1B4832_006  -0.134  -7.571  -7.705
ASN01B4833_001   0.389  -0.468  -0.079
ASN01B4833_002   0.132  -0.551  -0.419
LYS01B4835_001   0.803  -7.929  -7.126
LYS+1B4835_002   0.753  -7.929  -7.176
GLN01B4836_001   2.013  -2.530  -0.516
LEU01B4837_001   2.648  -1.442   1.206
VAL01B4838_001   0.800  -5.405  -4.605
MET01B4839_001  -0.030  -8.824  -8.854
THR01B4840_001   0.386  -0.593  -0.207
THR01B4840_002   0.386  -0.593  -0.207
VAL01B4841_001   1.031  -4.858  -3.827
LEU01B4843_001   3.303  -5.405  -2.102
LEU01B4844_001   4.949  -2.263   2.685
ALA01B4845_001   0.000  -2.608  -2.608
VAL01B4846_001   0.769  -5.164  -4.395
VAL01B4847_001   0.957  -0.773   0.185
VAL01B4848_001   1.483   0.000   1.483
TYR01B4849_001   4.892  -7.758  -2.866
TYR-1B4849_002   4.892  -7.758  -2.866
LEU01B4850_001   1.343  -6.397  -5.054
TYR01B4851_001   5.018  -1.680   3.338
TYR-1B4851_002   5.018  -1.680   3.338
THR01B4852_001   0.485   0.000   0.485
THR01B4852_002   0.485   0.000   0.485
THR01B4852_003   0.485   0.000   0.485
VAL01B4853_001   0.923  -2.952  -2.029
VAL01B4854_001   0.756  -2.231  -1.475
ALA01B4855_001   0.000  -0.444  -0.444
PHE01B4856_001   5.035  -2.561   2.474
ASN01B4857_001   0.610  -1.895  -1.285
ASN01B4857_002   0.336  -1.860  -1.524
PHE01B4858_001   4.559 -10.040  -5.480
PHE01B4859_001   4.948  -0.626   4.322
ARG01B4860_001   1.871  -7.443  -5.572
ARG02B4860_002   1.843  -7.443  -5.600
ARG03B4860_003   1.935  -7.443  -5.508
ARG+1B4860_004   1.796  -7.443  -5.647
LYS01B4861_001   6.365  -5.121   1.244
LYS+1B4861_002   6.362  -5.121   1.241
PHE01B4862_001   6.595  -1.515   5.080
TYR01B4863_001   5.625  -0.051   5.575
TYR01B4863_002   5.625  -0.051   5.575
TYR-1B4863_003   5.625  -0.051   5.575
ASN01B4864_001   0.226  -1.408  -1.182
ASN01B4864_002   0.442  -1.181  -0.739
LYS01B4865_001   3.791  -1.800   1.992
LYS+1B4865_002   3.744  -1.800   1.944
SER01B4866_001   0.000  -3.748  -3.748
GLU01B4867_001   2.111  -2.244  -0.133
GLU01B4867_002   2.111  -2.244  -0.133
GLU02B4867_003   1.758  -2.169  -0.410
GLU02B4867_004   1.758  -2.169  -0.410
GLU-1B4867_005   1.663  -2.160  -0.498
ASP01B4868_001   0.429  -3.527  -3.098
ASP01B4868_002   0.429  -3.527  -3.098
ASP02B4868_003   0.494  -3.530  -3.036
ASP02B4868_004   0.494  -3.530  -3.036
ASP-1B4868_005   0.376  -3.535  -3.159
GLU01B4869_001   1.720  -3.970  -2.251
GLU01B4869_002   1.720  -3.970  -2.251
GLU02B4869_003   1.462  -4.031  -2.569
GLU02B4869_004   1.462  -4.031  -2.569
GLU-1B4869_005   1.350  -3.849  -2.499
ASP01B4870_001   0.242  -3.146  -2.904
ASP01B4870_002   0.242  -3.146  -2.904
ASP02B4870_003   0.342  -3.008  -2.666
ASP02B4870_004   0.342  -3.008  -2.666
ASP-1B4870_005   0.229  -2.963  -2.734
GLU01B4871_001   5.918  -1.491   4.427
GLU01B4871_002   5.918  -1.491   4.427
GLU02B4871_003   4.725  -1.407   3.318
GLU02B4871_004   4.725  -1.407   3.318
GLU-1B4871_005   4.653  -1.482   3.172
CTR01B4871_001  -0.021  -1.130  -1.150
CTR01B4871_002   0.095  -1.149  -1.054
CTR02B4871_003  -0.022  -1.187  -1.209
CTR02B4871_004   0.038  -1.187  -1.150
CTR-1B4871_005   0.000  -1.187  -1.187
NTR01B4872_001  -0.002  -0.595  -0.598
NTR+1B4872_002  -0.004  -0.595  -0.599
PRO01B4872_001   0.311  -5.148  -4.837
ASP01B4873_001   0.055  -1.665  -1.611
ASP01B4873_002   0.055  -1.665  -1.611
ASP02B4873_003   0.119  -1.742  -1.622
ASP02B4873_004   0.119  -1.742  -1.622
ASP-1B4873_005   0.051  -1.580  -1.530
MET01B4874_001   1.624  -1.715  -0.091
LYS01B4875_001   1.292  -1.921  -0.630
LYS+1B4875_002   1.224  -1.921  -0.697
CYS01B4876_001  -0.002   0.000  -0.002
CYS01B4876_002  -0.002   0.000  -0.002
CYS01B4876_003  -0.003   0.000  -0.003
CYS-1B4876_004   0.000   0.000   0.000
ASP01B4877_001   0.110  -1.548  -1.438
ASP01B4877_002   0.110  -1.548  -1.438
ASP02B4877_003   0.192  -1.530  -1.338
ASP02B4877_004   0.192  -1.530  -1.338
ASP-1B4877_005   0.106  -1.511  -1.405
ASP01B4878_001  -0.040  -2.083  -2.123
ASP01B4878_002  -0.040  -2.083  -2.123
ASP02B4878_003  -0.009  -2.246  -2.255
ASP02B4878_004  -0.009  -2.246  -2.255
ASP-1B4878_005  -0.041  -2.083  -2.124
MET01B4879_001   0.065  -3.928  -3.863
MET01B4880_001   0.733 -10.701  -9.968
THR01B4881_001   0.194  -1.529  -1.335
THR01B4881_002   0.194  -1.529  -1.335
THR01B4881_003   0.194  -1.529  -1.335
CYS01B4882_001  -0.002   0.000  -0.002
CYS01B4882_002  -0.002   0.000  -0.002
CYS01B4882_003  -0.003   0.000  -0.003
CYS-1B4882_004   0.000   0.000   0.000
TYR01B4883_001   5.841  -2.030   3.810
TYR01B4883_002   5.841  -2.030   3.810
TYR-1B4883_003   5.841  -2.030   3.810
LEU01B4884_001   2.237  -7.086  -4.849
PHE01B4885_001   5.453  -0.505   4.947
HIS01B4886_001  -0.111  -0.094  -0.205
HIS01B4886_002  -0.064   0.000  -0.064
HIS02B4886_003  -0.130  -0.094  -0.225
HIS02B4886_004  -0.077   0.000  -0.077
HIS+1B4886_005  -0.157  -0.094  -0.252
HIS+1B4886_006  -0.104   0.000  -0.104
MET01B4887_001   3.683  -3.020   0.663
TYR01B4888_001   5.380  -7.732  -2.352
TYR-1B4888_002   5.380  -7.732  -2.352
VAL01B4889_001   0.619  -1.391  -0.772
VAL01B4891_001   1.007  -0.737   0.269
ARG01B4892_001  11.287  -6.977   4.310
ARG02B4892_002  11.212  -6.977   4.235
ARG03B4892_003  11.284  -6.977   4.307
ARG+1B4892_004  11.172  -6.977   4.195
ALA01B4893_001   0.000  -0.103  -0.103
ILE01B4897_001   1.317  -0.206   1.111
ASP01B4899_001   0.135  -2.362  -2.227
ASP01B4899_002   0.135  -2.362  -2.227
ASP02B4899_003   0.211  -2.417  -2.207
ASP02B4899_004   0.211  -2.417  -2.207
ASP-1B4899_005   0.125  -2.343  -2.218
GLU01B4900_001   1.694  -0.727   0.967
GLU01B4900_002   1.694  -0.727   0.967
GLU02B4900_003   1.390  -0.741   0.650
GLU02B4900_004   1.390  -0.741   0.650
GLU-1B4900_005   1.316  -0.727   0.589
ILE01B4901_001   7.283  -0.618   6.665
GLU01B4902_001   3.554  -1.711   1.844
GLU01B4902_002   3.554  -1.711   1.844
GLU02B4902_003   2.854  -1.622   1.232
GLU02B4902_004   2.854  -1.622   1.232
GLU-1B4902_005   2.767  -1.598   1.170
ASP01B4903_001   0.089  -3.522  -3.433
ASP01B4903_002   0.089  -3.522  -3.433
ASP02B4903_003   0.165  -3.457  -3.291
ASP02B4903_004   0.165  -3.457  -3.291
ASP-1B4903_005   0.086  -3.393  -3.307
PRO01B4904_001   0.327  -1.806  -1.479
ALA01B4905_001   0.000  -3.055  -3.055
ASP01B4907_001  -0.041  -2.906  -2.947
ASP01B4907_002  -0.041  -2.906  -2.947
ASP02B4907_003  -0.009  -3.085  -3.094
ASP02B4907_004  -0.009  -3.085  -3.094
ASP-1B4907_005  -0.041  -2.867  -2.908
GLU01B4908_001   0.499  -3.276  -2.777
GLU01B4908_002   0.499  -3.276  -2.777
GLU02B4908_003   0.666  -3.384  -2.718
GLU02B4908_004   0.666  -3.384  -2.718
GLU-1B4908_005   0.468  -3.213  -2.745
TYR01B4909_001   4.232  -8.486  -4.254
TYR-1B4909_002   4.232  -8.486  -4.254
GLU01B4910_001   0.499  -1.745  -1.246
GLU01B4910_002   0.499  -1.745  -1.246
GLU02B4910_003   0.665  -1.760  -1.095
GLU02B4910_004   0.665  -1.760  -1.095
GLU-1B4910_005   0.468  -1.645  -1.178
LEU01B4911_001   4.635  -8.393  -3.758
TYR01B4912_001   4.872  -7.260  -2.388
TYR-1B4912_002   4.872  -7.260  -2.388
ARG01B4913_001   2.112  -0.466   1.645
ARG02B4913_002   2.087  -0.466   1.621
ARG02B4913_003   2.091  -0.466   1.625
ARG03B4913_004   2.094  -0.466   1.628
ARG+1B4913_005   2.048  -0.466   1.581
VAL01B4914_001   0.847  -4.443  -3.596
VAL01B4915_001   0.631  -4.498  -3.866
PHE01B4916_001   5.084  -1.315   3.769
ASP01B4917_001   0.404  -0.536  -0.132
ASP01B4917_002   0.404  -0.536  -0.132
ASP02B4917_003   0.482  -0.557  -0.075
ASP02B4917_004   0.482  -0.557  -0.075
ASP-1B4917_005   0.360  -0.534  -0.174
ILE01B4918_001   2.652  -4.514  -1.861
THR01B4919_001   0.219  -2.991  -2.772
THR01B4919_002   0.219  -2.991  -2.772
THR01B4919_003   0.219  -2.991  -2.772
PHE01B4920_001   5.443   0.000   5.443
PHE01B4921_001   5.245  -3.083   2.162
PHE01B4922_001   4.527  -6.772  -2.245
PHE01B4923_001   5.463  -8.922  -3.459
VAL01B4924_001   1.400   0.000   1.400
ILE01B4925_001   3.458  -0.361   3.097
VAL01B4926_001   0.722  -4.530  -3.808
ILE01B4927_001   1.951  -4.308  -2.356
LEU01B4928_001   2.044  -0.773   1.271
LEU01B4929_001   2.476  -4.977  -2.501
ALA01B4930_001   0.000  -2.624  -2.624
ILE01B4931_001   5.830  -5.608   0.222
ILE01B4932_001   5.532  -2.849   2.683
GLN01B4933_001   4.938  -2.878   2.060
LEU01B4935_001   7.073  -1.648   5.424
ILE01B4936_001   8.427  -2.163   6.264
ILE01B4937_001   4.656  -7.411  -2.755
ASP01B4938_001   0.522  -2.749  -2.227
ASP01B4938_002   0.522  -2.749  -2.227
ASP02B4938_003   0.575  -2.594  -2.019
ASP02B4938_004   0.575  -2.594  -2.019
ASP-1B4938_005   0.452  -2.653  -2.201
ALA01B4939_001   0.000  -0.052  -0.052
PHE01B4940_001   5.978  -1.247   4.731
GLU01B4942_001   2.576  -2.307   0.269
GLU01B4942_002   2.576  -2.307   0.269
GLU02B4942_003   2.067  -2.330  -0.262
GLU02B4942_004   2.067  -2.330  -0.262
GLU-1B4942_005   1.990  -2.261  -0.271
LEU01B4943_001   2.723  -2.472   0.251
ARG01B4944_001   1.706  -9.793  -8.087
ARG02B4944_002   1.739  -9.793  -8.054
ARG03B4944_003   1.669  -9.793  -8.123
ARG+1B4944_004   1.625  -9.793  -8.168
ASP01B4945_001   0.072  -2.083  -2.011
ASP01B4945_002   0.072  -2.083  -2.011
ASP02B4945_003   0.143  -2.161  -2.018
ASP02B4945_004   0.143  -2.161  -2.018
ASP-1B4945_005   0.069  -2.102  -2.033
GLN01B4946_001   1.182  -1.176   0.005
GLN01B4946_002   0.971  -1.009  -0.038
GLN01B4947_001   2.055  -2.125  -0.070
GLN01B4947_002   2.931  -2.072   0.859
GLU01B4948_001   6.103  -2.427   3.676
GLU01B4948_002   6.103  -2.427   3.676
GLU02B4948_003   4.902  -2.472   2.430
GLU02B4948_004   4.902  -2.472   2.430
GLU-1B4948_005   4.845  -2.308   2.538
GLN01B4949_001   1.802  -2.048  -0.246
GLN01B4949_002   2.287  -2.004   0.284
VAL01B4950_001   0.850  -0.618   0.232
LYS01B4951_001   2.050  -7.784  -5.733
LYS+1B4951_002   1.999  -7.784  -5.785
GLU01B4952_001   4.035  -2.295   1.740
GLU01B4952_002   4.035  -2.295   1.740
GLU02B4952_003   3.228  -2.424   0.804
GLU02B4952_004   3.228  -2.424   0.804
GLU-1B4952_005   3.163  -2.337   0.826
ASP01B4953_001   0.449  -0.724  -0.275
ASP01B4953_002   0.449  -0.724  -0.275
ASP02B4953_003   0.448  -0.689  -0.241
ASP02B4953_004   0.448  -0.689  -0.241
ASP-1B4953_005   0.365  -0.689  -0.324
MET01B4954_001   0.146  -3.397  -3.251
GLU01B4955_001   0.499  -3.562  -3.063
GLU01B4955_002   0.499  -3.562  -3.063
GLU02B4955_003   0.666  -3.610  -2.944
GLU02B4955_004   0.666  -3.610  -2.944
GLU-1B4955_005   0.468  -3.493  -3.024
THR01B4956_001   0.358  -1.071  -0.713
THR01B4956_002   0.358  -1.071  -0.713
THR01B4956_003   0.358  -1.071  -0.713
LYS01B4957_001  12.836  -3.520   9.316
LYS+1B4957_002  12.786  -3.520   9.266
CYS01B4958_001  -0.002   0.000  -0.002
CYS01B4958_002  -0.002   0.000  -0.002
CYS01B4958_003  -0.003   0.000  -0.003
CYS-1B4958_004   0.000   0.000   0.000
PHE01B4959_001   6.520  -0.170   6.350
ILE01B4960_001   4.223   0.000   4.223
CYS01B4961_001  -0.002   0.000  -0.002
CYS01B4961_002  -0.002   0.000  -0.002
CYS01B4961_003  -0.003   0.000  -0.003
CYS-1B4961_004   0.000   0.000   0.000
ILE01B4963_001   4.081  -2.041   2.040
SER01B4965_001   0.000  -0.482  -0.482
SER01B4965_002   0.000  -0.482  -0.482
ASP01B4966_001   0.154  -3.233  -3.079
ASP01B4966_002   0.154  -3.233  -3.079
ASP02B4966_003   0.250  -3.346  -3.095
ASP02B4966_004   0.250  -3.346  -3.095
ASP-1B4966_005   0.150  -3.144  -2.994
TYR01B4967_001   6.256  -3.513   2.743
TYR01B4967_002   6.256  -3.513   2.743
TYR-1B4967_003   6.256  -3.513   2.743
PHE01B4968_001   7.996   0.000   7.996
ASP01B4969_001   0.201  -0.702  -0.501
ASP01B4969_002   0.201  -0.702  -0.501
ASP02B4969_003   0.283  -0.864  -0.581
ASP02B4969_004   0.283  -0.864  -0.581
ASP-1B4969_005   0.184  -0.736  -0.552
THR01B4970_001   0.340  -4.886  -4.545
THR01B4970_002   0.340  -4.886  -4.545
THR01B4971_001   0.199  -4.805  -4.606
THR01B4971_002   0.199  -4.805  -4.606
PRO01B4972_001   0.386  -6.078  -5.693
HIS01B4973_001  -0.131  -7.543  -7.674
HIS01B4973_002  -0.091  -7.372  -7.463
HIS02B4973_003  -0.149  -7.543  -7.692
HIS02B4973_004  -0.105  -7.372  -7.477
HIS+1B4973_005  -0.176  -7.543  -7.720
HIS+1B4973_006  -0.132  -7.372  -7.504
PHE01B4975_001   5.206  -1.432   3.774
GLU01B4976_001   0.706  -1.610  -0.904
GLU01B4976_002   0.706  -1.610  -0.904
GLU02B4976_003   0.552  -1.691  -1.139
GLU02B4976_004   0.552  -1.691  -1.139
GLU-1B4976_005   0.500  -1.610  -1.110
THR01B4977_001   0.256  -3.074  -2.818
THR01B4977_002   0.256  -3.074  -2.818
THR01B4977_003   0.256  -3.074  -2.818
HIS01B4978_001  -0.172   0.000  -0.172
HIS02B4978_002  -0.189   0.000  -0.189
HIS+1B4978_003  -0.216   0.000  -0.216
THR01B4979_001   0.318  -1.270  -0.952
THR01B4979_002   0.318  -1.270  -0.952
LEU01B4980_001   3.700  -6.606  -2.907
GLU01B4981_001   2.190  -1.624   0.566
GLU01B4981_002   2.190  -1.624   0.566
GLU02B4981_003   1.812  -1.679   0.133
GLU02B4981_004   1.812  -1.679   0.133
GLU-1B4981_005   1.709  -1.606   0.103
GLU01B4982_001   3.368  -0.241   3.127
GLU01B4982_002   3.368  -0.241   3.127
GLU02B4982_003   2.757  -0.254   2.504
GLU02B4982_004   2.757  -0.254   2.504
GLU-1B4982_005   2.662  -0.241   2.420
HIS01B4983_001  -0.218   0.000  -0.218
HIS02B4983_002  -0.240   0.000  -0.240
HIS+1B4983_003  -0.267   0.000  -0.267
ASN01B4984_001   0.414  -1.531  -1.116
ASN01B4984_002   0.614  -1.427  -0.814
LEU01B4985_001   6.689  -2.576   4.113
ALA01B4986_001   0.000  -0.721  -0.721
ASN01B4987_001   0.337  -0.556  -0.219
ASN01B4987_002   0.123  -0.630  -0.507
TYR01B4988_001   5.682  -0.357   5.326
TYR-1B4988_002   5.682  -0.357   5.326
MET01B4989_001   0.998   0.000   0.998
PHE01B4990_001   5.761  -0.202   5.559
PHE01B4991_001   6.543  -0.287   6.256
LEU01B4992_001   3.772  -0.824   2.947
MET01B4993_001   0.158  -0.938  -0.780
TYR01B4994_001   6.098  -2.677   3.420
TYR01B4994_002   6.098  -2.677   3.420
TYR-1B4994_003   6.098  -2.677   3.420
LEU01B4995_001   1.600  -0.171   1.430
ILE01B4996_001   3.489  -3.190   0.299
ASN01B4997_001   0.301  -1.863  -1.562
ASN01B4997_002   0.098  -2.061  -1.963
LYS01B4998_001   1.115  -2.558  -1.443
LYS+1B4998_002   1.070  -2.558  -1.487
ASP01B4999_001   0.294  -2.491  -2.197
ASP01B4999_002   0.294  -2.491  -2.197
ASP02B4999_003   0.406  -2.499  -2.093
ASP02B4999_004   0.406  -2.499  -2.093
ASP-1B4999_005   0.278  -2.412  -2.134
GLU01B5000_001   3.261  -2.543   0.718
GLU01B5000_002   3.261  -2.543   0.718
GLU02B5000_003   2.590  -2.505   0.085
GLU02B5000_004   2.590  -2.505   0.085
GLU-1B5000_005   2.535  -2.515   0.020
THR01B5001_001   0.228  -2.798  -2.570
GLU01B5002_001   1.726  -1.996  -0.269
GLU01B5002_002   1.726  -1.996  -0.269
GLU02B5002_003   1.513  -2.042  -0.529
GLU02B5002_004   1.513  -2.042  -0.529
GLU-1B5002_005   1.372  -1.968  -0.596
HIS01B5003_001  -0.196  -0.280  -0.476
HIS01B5003_002  -0.147  -0.308  -0.456
HIS02B5003_003  -0.214  -0.280  -0.494
HIS02B5003_004  -0.161  -0.308  -0.469
HIS+1B5003_005  -0.241  -0.280  -0.521
HIS+1B5003_006  -0.188  -0.308  -0.496
THR01B5004_001   0.258  -1.800  -1.542
THR01B5004_002   0.258  -1.800  -1.542
THR01B5004_003   0.258  -1.800  -1.542
GLN01B5006_001   7.864  -0.518   7.346
GLU01B5007_001   2.793  -0.596   2.196
GLU01B5007_002   2.793  -0.596   2.196
GLU02B5007_003   2.249  -0.573   1.676
GLU02B5007_004   2.249  -0.573   1.676
GLU-1B5007_005   2.173  -0.517   1.657
SER01B5008_001   0.000  -1.937  -1.937
TYR01B5009_001   6.860  -2.973   3.886
TYR-1B5009_002   6.860  -2.973   3.886
VAL01B5010_001   0.569  -0.309   0.260
TRP01B5011_001   3.987  -2.794   1.193
LYS01B5012_001   2.897  -7.199  -4.302
LYS+1B5012_002   2.823  -7.199  -4.376
MET01B5013_001   0.281  -1.711  -1.430
TYR01B5014_001   4.291  -0.203   4.088
TYR01B5014_002   4.291  -0.203   4.088
TYR-1B5014_003   4.291  -0.203   4.088
GLN01B5015_001   1.082  -1.392  -0.311
GLU01B5016_001   1.103  -2.655  -1.552
GLU01B5016_002   1.103  -2.655  -1.552
GLU02B5016_003   0.994  -2.713  -1.720
GLU02B5016_004   0.994  -2.713  -1.720
GLU-1B5016_005   0.868  -2.610  -1.742
ARG01B5017_001   6.553  -1.613   4.941
ARG02B5017_002   6.463  -1.613   4.851
ARG03B5017_003   6.469  -1.613   4.856
ARG+1B5017_004   6.424  -1.613   4.811
CYS01B5018_001  -0.002  -1.170  -1.172
CYS01B5018_002  -0.002  -1.170  -1.172
CYS01B5018_003  -0.002  -1.170  -1.172
CYS-1B5018_004   0.000  -1.170  -1.170
TRP01B5019_001   3.690  -1.834   1.856
ASP01B5020_001   0.620  -2.779  -2.159
ASP01B5020_002   0.620  -2.779  -2.159
ASP02B5020_003   0.686  -2.715  -2.030
ASP02B5020_004   0.686  -2.715  -2.030
ASP-1B5020_005   0.543  -2.666  -2.123
PHE01B5021_001   6.491  -0.253   6.239
PHE01B5022_001   6.347  -0.407   5.940
PRO01B5023_001   0.485   0.000   0.485
ALA01B5024_001   0.000  -2.968  -2.968
ASP01B5026_001   0.182  -0.870  -0.688
ASP01B5026_002   0.182  -0.870  -0.688
ASP02B5026_003   0.284  -0.934  -0.650
ASP02B5026_004   0.284  -0.934  -0.650
ASP-1B5026_005   0.179  -0.870  -0.691
CYS01B5027_001  -0.002   0.000  -0.002
CYS01B5027_002  -0.002   0.000  -0.002
CYS01B5027_003  -0.003   0.000  -0.003
CYS-1B5027_004   0.000   0.000   0.000
PHE01B5028_001   6.066  -0.927   5.139
ARG01B5029_001   1.864  -4.238  -2.374
ARG02B5029_002   1.800  -4.238  -2.437
ARG03B5029_003   1.860  -4.238  -2.378
ARG+1B5029_004   1.756  -4.238  -2.482
LYS01B5030_001   5.793  -4.272   1.521
LYS+1B5030_002   5.709  -4.272   1.437
GLN01B5031_001   0.929  -1.176  -0.248
GLN01B5031_002   0.741  -1.132  -0.391
TYR01B5032_001   5.334  -1.017   4.317
TYR-1B5032_002   5.334  -1.017   4.317
GLU01B5033_001   8.036  -1.849   6.187
GLU01B5033_002   8.036  -1.849   6.187
GLU02B5033_003   6.451  -1.947   4.504
GLU02B5033_004   6.451  -1.947   4.504
GLU-1B5033_005   6.374  -1.869   4.505
ASP01B5034_001  -0.040  -2.972  -3.013
ASP01B5034_002  -0.040  -2.972  -3.013
ASP02B5034_003  -0.009  -3.164  -3.173
ASP02B5034_004  -0.009  -3.164  -3.173
ASP-1B5034_005  -0.041  -3.044  -3.085
GLN01B5035_001   0.608  -1.649  -1.041
LEU01B5036_001   2.008  -3.087  -1.079
SER01B5037_001   0.000  -3.973  -3.973
SER01B5037_002   0.000  -3.973  -3.973
CTR01B5037_001  -0.021  -2.539  -2.560
CTR01B5037_002   0.099  -2.423  -2.325
CTR02B5037_003  -0.022  -2.404  -2.426
CTR02B5037_004   0.037  -2.423  -2.386
CTR-1B5037_005   0.000  -2.404  -2.404
_ZN+2B5101_001   0.000   0.000   0.000
_CA+2B5102_001   0.000  -0.406  -0.406
