   confID        vdw0    sas     sum
NTR01B3639_001  -0.003  -3.109  -3.113
NTR+1B3639_002  -0.005  -3.109  -3.115
THR01B3639_001   0.157  -3.953  -3.796
PRO01B3640_001   0.405  -3.444  -3.039
LEU01B3641_001   2.130  -9.626  -7.497
TYR01B3642_001   4.974 -10.147  -5.173
TYR-1B3642_002   4.974 -10.147  -5.173
ASN01B3643_001   0.623  -2.144  -1.521
ASN01B3643_002   0.288  -2.007  -1.718
LEU01B3644_001   1.829  -2.553  -0.724
PRO01B3645_001   0.272  -3.185  -2.913
THR01B3646_001   0.264  -7.112  -6.849
THR01B3646_002   0.264  -7.112  -6.849
HIS01B3647_001  -0.171  -8.523  -8.694
HIS01B3647_002  -0.127  -8.680  -8.808
HIS02B3647_003  -0.190  -8.523  -8.712
HIS02B3647_004  -0.140  -8.680  -8.821
HIS+1B3647_005  -0.216  -8.523  -8.739
HIS+1B3647_006  -0.167  -8.680  -8.847
ARG01B3648_001   3.410  -8.771  -5.361
ARG02B3648_002   3.385  -8.771  -5.386
ARG03B3648_003   3.394  -8.771  -5.377
ARG+1B3648_004   3.346  -8.771  -5.425
ALA01B3649_001   0.000  -1.098  -1.098
CYS01B3650_001  -0.002  -3.787  -3.789
CYS01B3650_002  -0.002  -3.787  -3.789
CYS01B3650_003  -0.003  -3.787  -3.790
CYS-1B3650_004   0.000  -3.787  -3.787
ASN01B3651_001   0.487  -3.100  -2.614
ASN01B3651_002   0.232  -2.860  -2.628
MET01B3652_001   0.542  -6.522  -5.980
PHE01B3653_001   4.714  -8.380  -3.666
LEU01B3654_001   2.244  -6.436  -4.192
GLU01B3655_001   1.406  -3.292  -1.886
GLU01B3655_002   1.406  -3.292  -1.886
GLU02B3655_003   1.211  -3.123  -1.912
GLU02B3655_004   1.211  -3.123  -1.912
GLU-1B3655_005   1.098  -3.100  -2.002
SER01B3656_001   0.000  -3.076  -3.076
TYR01B3657_001   5.361  -5.567  -0.205
TYR-1B3657_002   5.361  -5.567  -0.205
LYS01B3658_001   3.827  -7.878  -4.052
LYS+1B3658_002   3.778  -7.878  -4.100
ALA01B3659_001   0.000  -4.874  -4.874
ALA01B3660_001   0.000  -2.524  -2.524
TRP01B3661_001   3.668  -4.503  -0.836
ILE01B3662_001   2.542  -9.800  -7.258
LEU01B3663_001   1.813  -5.029  -3.216
THR01B3664_001   0.196  -4.828  -4.632
GLU01B3665_001   1.615  -3.331  -1.716
GLU01B3665_002   1.615  -3.331  -1.716
GLU02B3665_003   1.367  -3.255  -1.888
GLU02B3665_004   1.367  -3.255  -1.888
GLU-1B3665_005   1.257  -3.245  -1.988
ASP01B3666_001   0.498  -1.919  -1.421
ASP01B3666_002   0.498  -1.919  -1.421
ASP02B3666_003   0.522  -1.901  -1.379
ASP02B3666_004   0.522  -1.901  -1.379
ASP-1B3666_005   0.418  -1.774  -1.356
HIS01B3667_001  -0.110  -4.762  -4.872
HIS01B3667_002  -0.051  -4.230  -4.281
HIS02B3667_003  -0.130  -4.762  -4.892
HIS02B3667_004  -0.064  -4.230  -4.294
HIS+1B3667_005  -0.157  -4.762  -4.919
HIS+1B3667_006  -0.090  -4.230  -4.320
SER01B3668_001   0.000  -3.378  -3.378
SER01B3668_002   0.000  -3.378  -3.378
PHE01B3669_001   4.572  -5.991  -1.418
GLU01B3670_001   0.806  -0.310   0.495
GLU01B3670_002   0.806  -0.310   0.495
GLU02B3670_003   0.748  -0.398   0.349
GLU02B3670_004   0.748  -0.398   0.349
GLU-1B3670_005   0.637  -0.310   0.327
ASP01B3671_001   0.166  -0.972  -0.806
ASP01B3671_002   0.166  -0.972  -0.806
ASP02B3671_003   0.264  -0.973  -0.709
ASP02B3671_004   0.264  -0.973  -0.709
ASP-1B3671_005   0.161  -0.930  -0.770
ARG01B3672_001  12.458  -9.528   2.930
ARG02B3672_002  12.500  -9.528   2.972
ARG03B3672_003  12.400  -9.528   2.872
ARG+1B3672_004  12.353  -9.528   2.825
MET01B3673_001   0.304  -4.098  -3.794
ILE01B3674_001   4.774  -0.103   4.671
ASP01B3675_001   0.234  -1.067  -0.833
ASP01B3675_002   0.234  -1.067  -0.833
ASP02B3675_003   0.330  -1.171  -0.841
ASP02B3675_004   0.330  -1.171  -0.841
ASP-1B3675_005   0.219  -1.098  -0.879
ASP01B3676_001   0.001  -1.482  -1.481
ASP01B3676_002   0.001  -1.482  -1.481
ASP02B3676_003   0.046  -1.547  -1.501
ASP02B3676_004   0.046  -1.547  -1.501
ASP-1B3676_005  -0.004  -1.481  -1.484
LEU01B3677_001   4.242  -2.128   2.114
SER01B3678_001   0.000  -0.949  -0.949
SER01B3678_002   0.000  -0.949  -0.949
LYS01B3679_001   3.303  -6.524  -3.221
LYS+1B3679_002   3.255  -6.524  -3.269
ALA01B3680_001   0.000  -3.535  -3.535
GLU01B3682_001   0.500  -3.251  -2.751
GLU01B3682_002   0.500  -3.251  -2.751
GLU02B3682_003   0.667  -3.114  -2.447
GLU02B3682_004   0.667  -3.114  -2.447
GLU-1B3682_005   0.469  -3.161  -2.692
GLN01B3683_001   0.454  -0.933  -0.479
GLU01B3684_001   0.498  -4.045  -3.547
GLU01B3684_002   0.498  -4.045  -3.547
GLU02B3684_003   0.664  -4.034  -3.370
GLU02B3684_004   0.664  -4.034  -3.370
GLU-1B3684_005   0.467  -3.988  -3.521
GLU01B3685_001   0.500  -4.231  -3.731
GLU01B3685_002   0.500  -4.231  -3.731
GLU02B3685_003   0.667  -4.387  -3.720
GLU02B3685_004   0.667  -4.387  -3.720
GLU-1B3685_005   0.469  -4.194  -3.725
GLU01B3686_001   0.501  -2.563  -2.062
GLU01B3686_002   0.501  -2.563  -2.062
GLU02B3686_003   0.668  -2.600  -1.932
GLU02B3686_004   0.668  -2.600  -1.932
GLU-1B3686_005   0.470  -2.485  -2.015
GLU01B3687_001   0.498  -2.566  -2.068
GLU01B3687_002   0.498  -2.566  -2.068
GLU02B3687_003   0.665  -2.632  -1.967
GLU02B3687_004   0.665  -2.632  -1.967
GLU-1B3687_005   0.467  -2.515  -2.048
GLU01B3688_001   0.498  -4.112  -3.614
GLU01B3688_002   0.498  -4.112  -3.614
GLU02B3688_003   0.664  -4.203  -3.539
GLU02B3688_004   0.664  -4.203  -3.539
GLU-1B3688_005   0.467  -4.104  -3.637
GLU01B3689_001   0.498  -4.301  -3.803
GLU01B3689_002   0.498  -4.301  -3.803
GLU02B3689_003   0.665  -4.338  -3.674
GLU02B3689_004   0.665  -4.338  -3.674
GLU-1B3689_005   0.467  -4.134  -3.667
VAL01B3690_001   0.502  -2.524  -2.022
GLU01B3691_001   0.500  -4.270  -3.770
GLU01B3691_002   0.500  -4.270  -3.770
GLU02B3691_003   0.667  -4.265  -3.598
GLU02B3691_004   0.667  -4.265  -3.598
GLU-1B3691_005   0.469  -4.186  -3.717
GLU01B3692_001   0.502  -3.725  -3.223
GLU01B3692_002   0.502  -3.725  -3.223
GLU02B3692_003   0.669  -3.724  -3.056
GLU02B3692_004   0.669  -3.724  -3.056
GLU-1B3692_005   0.470  -3.587  -3.117
LYS01B3693_001   3.789  -7.146  -3.356
LYS+1B3693_002   3.695  -7.146  -3.451
LYS01B3694_001   1.673  -5.302  -3.629
LYS+1B3694_002   1.598  -5.302  -3.704
PRO01B3695_001   0.311  -2.591  -2.280
ASP01B3696_001   0.238  -0.524  -0.285
ASP01B3696_002   0.238  -0.524  -0.285
ASP02B3696_003   0.337  -0.643  -0.306
ASP02B3696_004   0.337  -0.643  -0.306
ASP-1B3696_005   0.224  -0.586  -0.361
PRO01B3697_001   0.324  -2.695  -2.371
LEU01B3698_001   3.855   0.000   3.855
HIS01B3699_001  -0.102  -3.956  -4.058
HIS01B3699_002  -0.052  -3.936  -3.988
HIS02B3699_003  -0.122  -3.956  -4.078
HIS02B3699_004  -0.065  -3.936  -4.002
HIS+1B3699_005  -0.149  -3.956  -4.105
HIS+1B3699_006  -0.092  -3.936  -4.028
GLN01B3700_001   1.208  -2.275  -1.067
GLN01B3700_002   1.953  -2.375  -0.423
LEU01B3701_001   3.672  -2.163   1.509
VAL01B3702_001   0.734  -0.464   0.270
CTR01B3702_001  -0.021  -1.670  -1.691
CTR01B3702_002   0.102  -1.670  -1.568
CTR02B3702_003  -0.022  -1.631  -1.653
CTR02B3702_004   0.039  -1.632  -1.592
CTR-1B3702_005   0.000  -1.631  -1.631
NTR01B3704_001  -0.003  -1.395  -1.398
NTR+1B3704_002  -0.005  -1.395  -1.400
CTR01B3704_001  -0.021  -3.736  -3.757
CTR01B3704_002   0.104  -3.601  -3.497
CTR02B3704_003  -0.022  -3.620  -3.642
CTR02B3704_004   0.041  -3.562  -3.521
CTR-1B3704_005   0.000  -3.620  -3.620
HIS01B3704_001  -0.140  -8.888  -9.028
HIS01B3704_002  -0.100  -9.019  -9.119
HIS02B3704_003  -0.158  -8.888  -9.047
HIS02B3704_004  -0.114  -9.019  -9.133
HIS+1B3704_005  -0.185  -8.888  -9.073
HIS+1B3704_006  -0.141  -9.019  -9.160
NTR01B3712_001  -0.003  -3.233  -3.236
NTR+1B3712_002  -0.005  -3.233  -3.238
GLU01B3712_001   4.104  -4.608  -0.504
GLU01B3712_002   4.104  -4.608  -0.504
GLU02B3712_003   3.379  -4.488  -1.108
GLU02B3712_004   3.379  -4.488  -1.108
GLU-1B3712_005   3.297  -4.555  -1.258
LYS01B3713_001   3.377  -4.894  -1.517
LYS+1B3713_002   3.326  -4.894  -1.568
SER01B3714_001   0.000  -4.790  -4.790
LYS01B3715_001   4.495  -8.645  -4.150
LYS+1B3715_002   4.447  -8.645  -4.198
LEU01B3716_001   2.060  -4.082  -2.023
ASP01B3717_001   0.145  -2.522  -2.377
ASP01B3717_002   0.145  -2.522  -2.377
ASP02B3717_003   0.223  -2.534  -2.311
ASP02B3717_004   0.223  -2.534  -2.311
ASP-1B3717_005   0.136  -2.480  -2.345
GLU01B3718_001   1.769  -2.866  -1.097
GLU01B3718_002   1.769  -2.866  -1.097
GLU02B3718_003   1.455  -2.914  -1.459
GLU02B3718_004   1.455  -2.914  -1.459
GLU-1B3718_005   1.369  -2.794  -1.425
ASP01B3719_001   0.052  -1.376  -1.323
ASP01B3719_002   0.052  -1.376  -1.323
ASP02B3719_003   0.114  -1.314  -1.199
ASP02B3719_004   0.114  -1.314  -1.199
ASP-1B3719_005   0.047  -1.275  -1.227
TYR01B3720_001   4.355 -11.731  -7.376
TYR-1B3720_002   4.355 -11.731  -7.376
LEU01B3721_001   5.306  -6.452  -1.146
TYR01B3722_001   4.950  -2.656   2.295
TYR-1B3722_002   4.950  -2.656   2.295
MET01B3723_001   0.759  -1.234  -0.475
ALA01B3724_001   0.000  -1.542  -1.542
TYR01B3725_001   5.000  -3.519   1.481
TYR-1B3725_002   5.000  -3.519   1.481
ALA01B3726_001   0.000   0.000   0.000
ASP01B3727_001   0.078  -1.809  -1.732
ASP01B3727_002   0.078  -1.809  -1.732
ASP02B3727_003   0.152  -1.833  -1.681
ASP02B3727_004   0.152  -1.833  -1.681
ASP-1B3727_005   0.075  -1.826  -1.751
ILE01B3728_001   2.390  -0.670   1.721
MET01B3729_001   0.124  -0.311  -0.188
ALA01B3730_001   0.000  -0.258  -0.258
LYS01B3731_001   5.091  -3.604   1.488
LYS+1B3731_002   4.988  -3.604   1.384
SER01B3732_001   0.000   0.000   0.000
SER01B3732_002   0.000   0.000   0.000
SER01B3732_003   0.000   0.000   0.000
CYS01B3733_001  -0.002   0.000  -0.002
CYS01B3733_002  -0.002   0.000  -0.002
CYS01B3733_003  -0.003   0.000  -0.003
CYS-1B3733_004   0.000   0.000   0.000
HIS01B3734_001  -0.354  -2.371  -2.725
HIS02B3734_002  -0.363  -2.371  -2.734
HIS+1B3734_003  -0.382  -2.371  -2.754
LEU01B3735_001   1.456  -1.133   0.323
GLU01B3736_001   0.499  -0.072   0.426
GLU01B3736_002   0.499  -0.072   0.426
GLU02B3736_003   0.665  -0.069   0.596
GLU02B3736_004   0.665  -0.069   0.596
GLU-1B3736_005   0.468  -0.069   0.399
GLU01B3737_001   0.499  -0.993  -0.494
GLU01B3737_002   0.499  -0.993  -0.494
GLU02B3737_003   0.666  -0.913  -0.247
GLU02B3737_004   0.666  -0.913  -0.247
GLU-1B3737_005   0.468  -0.913  -0.445
GLU01B3740_001   0.500  -0.903  -0.404
GLU01B3740_002   0.500  -0.903  -0.404
GLU02B3740_003   0.667  -0.808  -0.141
GLU02B3740_004   0.667  -0.808  -0.141
GLU-1B3740_005   0.468  -0.814  -0.345
ASN01B3741_001  -0.020  -2.261  -2.280
CTR01B3741_001  -0.021  -4.556  -4.577
CTR01B3741_002   0.108  -4.537  -4.429
CTR02B3741_003  -0.022  -4.672  -4.694
CTR02B3741_004   0.042  -4.634  -4.591
CTR-1B3741_005   0.000  -4.556  -4.556
NTR01B3747_001  -0.003  -3.624  -3.627
NTR+1B3747_002  -0.005  -3.624  -3.629
GLU01B3747_001   0.498  -4.212  -3.714
GLU01B3747_002   0.498  -4.212  -3.714
GLU02B3747_003   0.664  -4.163  -3.499
GLU02B3747_004   0.664  -4.163  -3.499
GLU-1B3747_005   0.466  -4.056  -3.590
GLU01B3748_001   0.499  -3.668  -3.169
GLU01B3748_002   0.499  -3.668  -3.169
GLU02B3748_003   0.666  -3.588  -2.922
GLU02B3748_004   0.666  -3.588  -2.922
GLU-1B3748_005   0.468  -3.527  -3.059
VAL01B3749_001   0.499  -8.097  -7.598
GLU01B3750_001   1.567  -2.249  -0.681
GLU01B3750_002   1.567  -2.249  -0.681
GLU02B3750_003   1.314  -2.085  -0.771
GLU02B3750_004   1.314  -2.085  -0.771
GLU-1B3750_005   1.213  -2.113  -0.900
VAL01B3751_001   0.790  -2.778  -1.988
SER01B3752_001   0.000  -3.465  -3.465
SER01B3752_002   0.000  -3.465  -3.465
PHE01B3753_001   4.298  -6.363  -2.066
GLU01B3754_001   3.592  -3.133   0.459
GLU01B3754_002   3.592  -3.133   0.459
GLU02B3754_003   2.869  -3.165  -0.296
GLU02B3754_004   2.869  -3.165  -0.296
GLU-1B3754_005   2.809  -3.066  -0.257
GLU01B3755_001   2.150  -1.190   0.960
GLU01B3755_002   2.150  -1.190   0.960
GLU02B3755_003   1.805  -1.263   0.542
GLU02B3755_004   1.805  -1.263   0.542
GLU-1B3755_005   1.692  -1.188   0.503
LYS01B3756_001   1.995  -4.093  -2.098
LYS+1B3756_002   1.946  -4.093  -2.147
GLU01B3757_001   1.379  -1.146   0.232
GLU01B3757_002   1.379  -1.146   0.232
GLU02B3757_003   1.211  -1.153   0.057
GLU02B3757_004   1.211  -1.153   0.057
GLU-1B3757_005   1.081  -1.051   0.030
MET01B3758_001   0.605  -1.248  -0.643
GLU01B3759_001   8.480  -0.319   8.161
GLU01B3759_002   8.480  -0.319   8.161
GLU02B3759_003   6.768  -0.317   6.451
GLU02B3759_004   6.768  -0.317   6.451
GLU-1B3759_005   6.703  -0.310   6.393
LYS01B3760_001   2.029  -5.057  -3.028
LYS+1B3760_002   1.982  -5.057  -3.076
GLN01B3761_001   0.995  -0.957   0.038
GLN01B3761_002   1.146  -0.997   0.149
ARG01B3762_001   2.730  -1.734   0.996
ARG02B3762_002   2.717  -1.734   0.982
ARG02B3762_003   2.814  -1.734   1.080
ARG03B3762_004   2.708  -1.734   0.974
ARG+1B3762_005   2.669  -1.734   0.934
LEU01B3763_001   1.518  -1.236   0.282
LEU01B3764_001   2.096  -4.839  -2.743
TYR01B3765_001   5.365  -2.211   3.154
TYR01B3765_002   5.365  -2.211   3.154
TYR-1B3765_003   5.365  -2.211   3.154
GLN01B3766_001   0.837  -0.236   0.600
GLN01B3767_001   3.644   0.000   3.644
SER01B3768_001   0.000  -2.326  -2.326
SER01B3768_002   0.000  -2.326  -2.326
ARG01B3769_001   4.848  -1.869   2.979
ARG02B3769_002   4.875  -1.869   3.006
ARG03B3769_003   4.803  -1.869   2.934
ARG03B3769_004   4.808  -1.869   2.940
ARG+1B3769_005   4.762  -1.869   2.893
LEU01B3770_001   2.799  -0.068   2.731
HIS01B3771_001  -0.200  -3.110  -3.311
HIS01B3771_002  -0.153  -2.968  -3.122
HIS02B3771_003  -0.218  -3.110  -3.328
HIS02B3771_004  -0.167  -2.968  -3.135
HIS+1B3771_005  -0.244  -3.110  -3.355
HIS+1B3771_006  -0.194  -2.968  -3.162
THR01B3772_001   0.350  -1.417  -1.068
THR01B3772_002   0.350  -1.417  -1.068
THR01B3772_003   0.350  -1.417  -1.068
ARG01B3773_001   2.340  -9.710  -7.370
ARG02B3773_002   2.421  -9.710  -7.290
ARG03B3773_003   2.317  -9.710  -7.393
ARG+1B3773_004   2.277  -9.710  -7.433
ALA01B3775_001   0.000   0.000   0.000
ALA01B3776_001   0.000  -0.052  -0.052
CTR01B3776_001  -0.021  -0.840  -0.861
CTR01B3776_002   0.090  -0.840  -0.750
CTR02B3776_003  -0.022  -0.840  -0.862
CTR02B3776_004   0.032  -0.840  -0.808
CTR-1B3776_005   0.000  -0.840  -0.840
NTR01B3778_001  -0.003  -1.216  -1.219
NTR+1B3778_002  -0.005  -1.187  -1.192
CTR01B3778_001  -0.021  -3.688  -3.709
CTR01B3778_002   0.090  -3.552  -3.462
CTR02B3778_003  -0.022  -3.514  -3.536
CTR02B3778_004   0.032  -3.533  -3.501
CTR-1B3778_005   0.000  -3.514  -3.514
MET01B3778_001   1.267  -1.860  -0.593
NTR01B3786_001  -0.003  -3.291  -3.294
NTR+1B3786_002  -0.005  -3.320  -3.325
CTR01B3786_001  -0.021  -2.153  -2.174
CTR01B3786_002   0.127  -2.095  -1.968
CTR02B3786_003  -0.022  -2.172  -2.195
CTR02B3786_004   0.053  -2.153  -2.100
CTR-1B3786_005   0.000  -2.076  -2.076
CYS01B3786_001  -0.002  -0.048  -0.050
CYS01B3786_002  -0.002  -0.048  -0.050
CYS01B3786_003  -0.003  -0.048  -0.051
CYS-1B3786_004   0.000  -0.048  -0.048
NTG01B3788_001  -0.004  -4.333  -4.338
NTG+1B3788_002  -0.010  -4.333  -4.343
GLU01B3789_001   1.605  -1.404   0.201
GLU01B3789_002   1.605  -1.404   0.201
GLU02B3789_003   1.401  -1.338   0.063
GLU02B3789_004   1.401  -1.338   0.063
GLU-1B3789_005   1.294  -1.317  -0.023
THR01B3790_001   0.274  -3.162  -2.889
ALA01B3792_001   0.000  -3.519  -3.519
MET01B3793_001  -0.063  -1.133  -1.197
VAL01B3794_001   0.988  -2.041  -1.053
SER01B3795_001   0.000  -0.977  -0.977
SER01B3795_002   0.000  -0.977  -0.977
SER01B3796_001   0.000  -0.638  -0.638
SER01B3796_002   0.000  -0.638  -0.638
SER01B3796_003   0.000  -0.638  -0.638
THR01B3797_001   0.183  -2.121  -1.938
THR01B3797_002   0.183  -2.121  -1.938
LEU01B3798_001   1.924  -1.648   0.275
LYS01B3799_001   1.575  -3.850  -2.275
LYS+1B3799_002   1.530  -3.850  -2.319
LEU01B3800_001   1.934  -0.206   1.728
ILE01B3802_001   1.556  -0.773   0.783
SER01B3803_001   0.000  -0.120  -0.120
SER01B3803_002   0.000  -0.120  -0.120
SER01B3803_003   0.000  -0.120  -0.120
ILE01B3804_001   3.331  -0.103   3.228
LEU01B3805_001   4.410   0.000   4.410
ASN01B3806_001   0.224  -0.896  -0.672
ASN01B3806_002   0.036  -1.048  -1.012
ASN01B3809_001   0.728  -0.660   0.068
ASN01B3809_002   0.396  -0.787  -0.391
ALA01B3810_001   0.000  -2.247  -2.247
GLU01B3811_001   1.407  -2.470  -1.063
GLU01B3811_002   1.407  -2.470  -1.063
GLU02B3811_003   1.213  -2.463  -1.250
GLU02B3811_004   1.213  -2.463  -1.250
GLU-1B3811_005   1.100  -2.380  -1.281
VAL01B3812_001   0.824  -0.052   0.773
GLN01B3813_001   3.310   0.000   3.310
GLN01B3813_002   5.484  -0.039   5.445
GLN01B3814_001   1.316  -2.200  -0.884
GLN01B3814_002   1.109  -2.238  -1.129
LYS01B3815_001   1.884  -0.990   0.894
LYS+1B3815_002   1.837  -0.990   0.847
MET01B3816_001  20.567  -1.857  18.709
LEU01B3817_001   1.950  -0.618   1.331
ASP01B3818_001   0.604  -2.031  -1.427
ASP01B3818_002   0.604  -2.031  -1.427
ASP02B3818_003   0.636  -2.036  -1.399
ASP02B3818_004   0.636  -2.036  -1.399
ASP-1B3818_005   0.514  -1.964  -1.450
TYR01B3819_001   5.585  -9.600  -4.015
TYR-1B3819_002   5.585  -9.600  -4.015
CTR01B3819_001  -0.021  -1.564  -1.585
CTR01B3819_002   0.099  -1.660  -1.561
CTR02B3819_003  -0.022  -1.564  -1.586
CTR02B3819_004   0.038  -1.641  -1.603
CTR-1B3819_005   0.000  -1.564  -1.564
NTR01B3821_001  -0.003  -0.634  -0.637
NTR+1B3821_002  -0.005  -0.634  -0.639
LYS01B3821_001  10.959  -5.403   5.556
LYS+1B3821_002  11.031  -5.403   5.627
ASP01B3822_001   0.616  -3.048  -2.432
ASP01B3822_002   0.616  -3.048  -2.432
ASP02B3822_003   0.664  -3.037  -2.374
ASP02B3822_004   0.664  -3.037  -2.374
ASP-1B3822_005   0.531  -2.929  -2.398
CTR01B3822_001  -0.021  -4.672  -4.693
CTR01B3822_002   0.108  -4.518  -4.410
CTR02B3822_003  -0.022  -4.479  -4.501
CTR02B3822_004   0.042  -4.576  -4.534
CTR-1B3822_005   0.000  -4.479  -4.479
NTR01B3836_001  -0.003  -2.056  -2.058
NTR01B3836_002  -0.002  -2.056  -2.058
NTR+1B3836_003  -0.005  -2.056  -2.060
CTR01B3836_001  -0.021  -1.390  -1.411
CTR01B3836_002   0.105  -1.390  -1.285
CTR02B3836_003  -0.022  -1.545  -1.567
CTR02B3836_004   0.041  -1.371  -1.329
CTR-1B3836_005   0.000  -1.390  -1.390
MET01B3836_001  -0.119  -6.440  -6.559
NTR01B3838_001  -0.003  -0.942  -0.945
NTR+1B3838_002  -0.005  -0.942  -0.947
THR01B3838_001   0.281  -4.430  -4.149
THR01B3838_002   0.281  -4.430  -4.149
THR01B3838_003   0.281  -4.430  -4.149
CYS01B3839_001  -0.002   0.000  -0.002
CYS01B3839_002  -0.002   0.000  -0.002
CYS01B3839_003  -0.002   0.000  -0.002
CYS-1B3839_004   0.000   0.000   0.000
SER01B3840_001   0.000  -1.643  -1.643
SER01B3840_002   0.000  -1.643  -1.643
SER01B3840_003   0.000  -1.643  -1.643
VAL01B3841_001   0.927  -1.236  -0.309
LEU01B3842_001   2.656   0.000   2.656
ASP01B3843_001   0.312  -1.876  -1.563
ASP01B3843_002   0.312  -1.876  -1.563
ASP02B3843_003   0.416  -1.838  -1.421
ASP02B3843_004   0.416  -1.838  -1.421
ASP-1B3843_005   0.292  -1.826  -1.534
LEU01B3844_001   1.779  -2.266  -0.487
ASN01B3845_001   0.324  -3.521  -3.197
ASN01B3845_002   0.507  -3.543  -3.036
ALA01B3846_001   0.000  -1.545  -1.545
PHE01B3847_001   4.709  -0.051   4.659
GLU01B3848_001   0.985  -1.132  -0.147
GLU01B3848_002   0.985  -1.132  -0.147
GLU02B3848_003   0.891  -1.041  -0.150
GLU02B3848_004   0.891  -1.041  -0.150
GLU-1B3848_005   0.773  -1.084  -0.311
ARG01B3849_001   2.582  -9.986  -7.405
ARG02B3849_002   2.569  -9.986  -7.418
ARG03B3849_003   2.563  -9.986  -7.424
ARG+1B3849_004   2.520  -9.986  -7.466
GLN01B3850_001   3.094  -0.034   3.059
ASN01B3851_001   0.255  -1.117  -0.862
ASN01B3851_002   0.053  -1.157  -1.104
LYS01B3852_001   1.149  -8.571  -7.422
LYS+1B3852_002   1.100  -8.571  -7.471
ALA01B3853_001   0.000  -0.927  -0.927
GLU01B3854_001   0.500  -1.773  -1.273
GLU01B3854_002   0.500  -1.773  -1.273
GLU02B3854_003   0.667  -1.746  -1.079
GLU02B3854_004   0.667  -1.746  -1.079
GLU-1B3854_005   0.469  -1.770  -1.301
LEU01B3856_001   1.777  -7.823  -6.046
MET01B3858_001   0.140  -8.727  -8.587
VAL01B3859_001   0.499  -2.782  -2.283
ASN01B3860_001  -0.020  -3.011  -3.032
GLU01B3861_001   0.498  -2.826  -2.328
GLU01B3861_002   0.498  -2.826  -2.328
GLU02B3861_003   0.665  -2.788  -2.123
GLU02B3861_004   0.665  -2.788  -2.123
GLU-1B3861_005   0.467  -2.704  -2.237
ASP01B3862_001  -0.040  -2.368  -2.408
ASP01B3862_002  -0.040  -2.368  -2.408
ASP02B3862_003  -0.009  -2.374  -2.383
ASP02B3862_004  -0.009  -2.374  -2.383
ASP-1B3862_005  -0.041  -2.285  -2.326
THR01B3864_001   0.152  -1.772  -1.621
VAL01B3865_001   0.504  -5.473  -4.969
ILE01B3866_001   0.941  -5.306  -4.364
ASN01B3867_001  -0.020  -1.115  -1.134
ARG01B3868_0011190.145  -5.7811184.365
ARG02B3868_0021190.127  -5.7811184.346
ARG03B3868_0031190.161  -5.7811184.381
ARG03B3868_004 189.210  -5.781 183.429
ARG+1B3868_0051190.095  -5.7811184.314
GLN01B3869_001   0.455  -1.895  -1.439
ASN01B3870_001  -0.020  -0.269  -0.289
GLU01B3872_001   0.498  -3.919  -3.421
GLU01B3872_002   0.498  -3.919  -3.421
GLU02B3872_003   0.664  -3.952  -3.288
GLU02B3872_004   0.664  -3.952  -3.288
GLU-1B3872_005   0.467  -3.833  -3.366
LYS01B3873_001   1.585  -3.410  -1.826
LYS+1B3873_002   1.537  -3.410  -1.873
VAL01B3874_001   0.861   0.000   0.861
MET01B3875_001   0.066   0.000   0.066
ALA01B3876_001   0.000  -1.046  -1.046
ASP01B3877_001   0.142  -0.216  -0.074
ASP01B3877_002   0.142  -0.216  -0.074
ASP02B3877_003   0.232  -0.281  -0.049
ASP02B3877_004   0.232  -0.281  -0.049
ASP-1B3877_005   0.136  -0.241  -0.105
ASP01B3878_001   0.099  -1.553  -1.454
ASP01B3878_002   0.099  -1.553  -1.454
ASP02B3878_003   0.177  -1.585  -1.407
ASP02B3878_004   0.177  -1.585  -1.407
ASP-1B3878_005   0.095  -1.503  -1.408
GLU01B3879_001   0.499  -3.531  -3.032
GLU01B3879_002   0.499  -3.531  -3.032
GLU02B3879_003   0.665  -3.569  -2.904
GLU02B3879_004   0.665  -3.569  -2.904
GLU-1B3879_005   0.467  -3.484  -3.016
PHE01B3880_001   5.288  -1.921   3.367
THR01B3881_001   0.250   0.000   0.250
THR01B3881_002   0.250   0.000   0.250
THR01B3881_003   0.250   0.000   0.250
GLN01B3882_001   3.035  -1.486   1.549
GLN01B3882_002   5.034  -1.388   3.646
ASP01B3883_001   0.439  -0.580  -0.140
ASP01B3883_002   0.439  -0.580  -0.140
ASP02B3883_003   0.470  -0.551  -0.081
ASP02B3883_004   0.470  -0.551  -0.081
ASP-1B3883_005   0.370  -0.551  -0.181
LEU01B3884_001   2.555  -1.391   1.164
PHE01B3885_001   5.680  -0.321   5.359
ARG01B3886_001   2.640  -4.725  -2.085
ARG02B3886_002   2.601  -4.725  -2.124
ARG03B3886_003   2.656  -4.725  -2.069
ARG+1B3886_004   2.558  -4.725  -2.167
PHE01B3887_001   5.698  -2.343   3.355
LEU01B3888_001   2.121  -2.283  -0.162
GLN01B3889_001   4.119  -0.827   3.292
GLN01B3889_002   6.787  -0.881   5.906
LEU01B3890_001   3.178  -0.206   2.972
LEU01B3891_001   3.644  -0.737   2.907
CYS01B3892_001  -0.002   0.000  -0.002
CYS01B3892_002  -0.002   0.000  -0.002
CYS01B3892_003  -0.003   0.000  -0.003
CYS-1B3892_004   0.000   0.000   0.000
GLU01B3893_001   1.635  -0.684   0.951
GLU01B3893_002   1.635  -0.684   0.951
GLU02B3893_003   1.401  -0.658   0.742
GLU02B3893_004   1.401  -0.658   0.742
GLU-1B3893_005   1.282  -0.637   0.644
HIS01B3895_001  -0.112  -2.662  -2.774
HIS02B3895_002  -0.131  -2.662  -2.793
HIS+1B3895_003  -0.158  -2.662  -2.820
ASN01B3896_001   0.133  -0.709  -0.576
ASN01B3896_002   0.378  -0.620  -0.242
ASN01B3897_001   0.522  -2.343  -1.820
ASN01B3897_002   0.215  -2.112  -1.897
ASP01B3898_001   0.022  -1.795  -1.773
ASP01B3898_002   0.022  -1.795  -1.773
ASP02B3898_003   0.076  -1.875  -1.799
ASP02B3898_004   0.076  -1.875  -1.799
ASP-1B3898_005   0.019  -1.795  -1.776
PHE01B3899_001   6.953  -0.573   6.380
GLN01B3900_001   1.684   0.000   1.684
GLN01B3900_002   2.692  -0.039   2.652
ASN01B3901_001   0.681  -1.812  -1.131
TYR01B3902_001   5.978  -5.361   0.617
TYR-1B3902_002   5.978  -5.361   0.617
LEU01B3903_001   2.133  -2.437  -0.304
ARG01B3904_001   3.415  -8.108  -4.693
ARG02B3904_002   3.380  -8.108  -4.728
ARG02B3904_003   3.385  -8.108  -4.724
ARG03B3904_004   3.389  -8.108  -4.719
ARG03B3904_005   3.420  -8.108  -4.688
ARG+1B3904_006   3.340  -8.108  -4.769
THR01B3905_001   0.210  -5.376  -5.165
THR01B3905_002   0.210  -5.376  -5.165
THR01B3905_003   0.210  -5.376  -5.165
CTR01B3905_001  -0.022  -1.458  -1.479
CTR01B3905_002   0.142  -1.458  -1.316
CTR02B3905_003  -0.023  -1.516  -1.538
CTR02B3905_004   0.056  -1.477  -1.421
CTR-1B3905_005   0.000  -1.458  -1.458
NTR01B3910_001  -0.003  -3.178  -3.182
NTR+1B3910_002  -0.005  -3.178  -3.184
THR01B3910_001   0.206  -7.281  -7.075
THR01B3911_001   0.222  -6.794  -6.572
THR01B3911_002   0.222  -6.794  -6.572
THR01B3911_003   0.222  -6.794  -6.572
CTR01B3911_001  -0.021  -5.155  -5.176
CTR01B3911_002   0.117  -5.058  -4.941
CTR02B3911_003  -0.022  -5.251  -5.274
CTR02B3911_004   0.046  -5.136  -5.089
CTR-1B3911_005   0.000  -5.155  -5.155
NTR01B3922_001  -0.003  -1.863  -1.866
NTR+1B3922_002  -0.005  -1.863  -1.868
TYR01B3922_001   4.664  -0.258   4.407
TYR01B3922_002   4.664  -0.258   4.407
TYR-1B3922_003   4.664  -0.258   4.407
LEU01B3923_001   2.955  -1.957   0.997
LEU01B3924_001   2.347  -3.586  -1.240
ARG01B3925_001   2.828  -7.030  -4.203
ARG02B3925_002   2.805  -7.030  -4.226
ARG03B3925_003   2.796  -7.030  -4.235
ARG+1B3925_004   2.753  -7.030  -4.278
LEU01B3926_001   2.105   0.000   2.105
GLN01B3927_001   2.429  -0.482   1.947
GLN01B3927_002   3.981  -0.369   3.612
GLU01B3928_001   5.411  -3.052   2.358
GLU01B3928_002   5.411  -3.052   2.358
GLU02B3928_003   4.319  -3.069   1.249
GLU02B3928_004   4.319  -3.069   1.249
GLU-1B3928_005   4.262  -2.998   1.265
SER01B3929_001   0.000  -0.288  -0.288
SER01B3929_002   0.000  -0.288  -0.288
ILE01B3930_001   3.231  -0.515   2.716
SER01B3931_001   0.000  -1.057  -1.057
SER01B3931_002   0.000  -1.057  -1.057
SER01B3931_003   0.000  -1.057  -1.057
ASP01B3932_001   0.169  -1.864  -1.695
ASP01B3932_002   0.169  -1.864  -1.695
ASP02B3932_003   0.256  -1.879  -1.624
ASP02B3932_004   0.256  -1.879  -1.624
ASP-1B3932_005   0.160  -1.830  -1.671
PHE01B3933_001   5.281  -0.051   5.231
TYR01B3934_001   5.009  -1.418   3.592
TYR-1B3934_002   5.009  -1.418   3.592
TRP01B3935_001   3.904  -9.160  -5.256
TYR01B3936_001   5.606  -4.154   1.453
TYR-1B3936_002   5.606  -4.154   1.453
TYR01B3937_001   6.201   0.000   6.201
TYR01B3937_002   6.201   0.000   6.201
TYR-1B3937_003   6.201   0.000   6.201
SER01B3938_001   0.000  -0.884  -0.884
SER01B3938_002   0.000  -0.884  -0.884
SER01B3938_003   0.000  -0.884  -0.884
LYS01B3940_001   1.404  -4.084  -2.680
LYS+1B3940_002   1.358  -4.084  -2.726
ASP01B3941_001   0.076  -2.862  -2.786
ASP01B3941_002   0.076  -2.862  -2.786
ASP02B3941_003   0.146  -2.921  -2.775
ASP02B3941_004   0.146  -2.921  -2.775
ASP-1B3941_005   0.071  -2.799  -2.727
VAL01B3942_001   0.512  -4.717  -4.205
ILE01B3943_001   2.560  -0.052   2.509
GLU01B3944_001   0.988  -2.281  -1.293
GLU01B3944_002   0.988  -2.281  -1.293
GLU02B3944_003   0.909  -2.366  -1.457
GLU02B3944_004   0.909  -2.366  -1.457
GLU-1B3944_005   0.780  -2.261  -1.481
GLU01B3945_001   4.128  -2.739   1.389
GLU01B3945_002   4.128  -2.739   1.389
GLU02B3945_003   3.323  -2.789   0.535
GLU02B3945_004   3.323  -2.789   0.535
GLU-1B3945_005   3.244  -2.780   0.464
GLN01B3946_001   1.047  -0.459   0.589
LYS01B3948_001   0.743  -1.351  -0.609
LYS+1B3948_002   0.699  -1.351  -0.652
ARG01B3949_001   3.473  -5.596  -2.123
ARG02B3949_002   3.449  -5.596  -2.147
ARG03B3949_003   3.457  -5.596  -2.139
ARG+1B3949_004   3.410  -5.596  -2.186
ASN01B3950_001   0.562   0.000   0.562
ASN01B3950_002   0.296  -0.039   0.256
PHE01B3951_001   6.214  -0.051   6.163
SER01B3952_001   0.000  -1.615  -1.615
SER01B3952_002   0.000  -1.615  -1.615
SER01B3952_003   0.000  -1.615  -1.615
LYS01B3953_001   1.674  -2.127  -0.453
LYS+1B3953_002   1.629  -2.127  -0.498
ALA01B3954_001   0.000   0.000   0.000
MET01B3955_001   2.941   0.000   2.941
SER01B3956_001   0.000  -1.803  -1.803
SER01B3956_002   0.000  -1.803  -1.803
VAL01B3957_001   0.827   0.000   0.827
ALA01B3958_001   0.000   0.000   0.000
LYS01B3959_001  13.056  -3.180   9.877
LYS+1B3959_002  13.014  -3.180   9.835
GLN01B3960_001   1.240  -0.586   0.654
GLN01B3960_002   1.479  -0.748   0.730
VAL01B3961_001   0.761  -0.103   0.657
PHE01B3962_001   5.931  -0.219   5.712
ASN01B3963_001   0.701  -1.063  -0.362
ASN01B3963_002   0.354  -0.984  -0.630
SER01B3964_001   0.000   0.000   0.000
SER01B3964_002   0.000   0.000   0.000
SER01B3964_003   0.000   0.000   0.000
LEU01B3965_001   5.823  -2.624   3.199
THR01B3966_001   0.302  -0.498  -0.196
THR01B3966_002   0.302  -0.498  -0.196
GLU01B3967_001   2.315  -0.276   2.040
GLU01B3967_002   2.315  -0.276   2.040
GLU02B3967_003   1.917  -0.290   1.627
GLU02B3967_004   1.917  -0.290   1.627
GLU-1B3967_005   1.818  -0.276   1.543
TYR01B3968_001   5.633  -2.912   2.721
TYR01B3968_002   5.633  -2.912   2.721
TYR-1B3968_003   5.633  -2.912   2.721
ILE01B3969_001   5.995  -2.659   3.336
GLN01B3970_001   4.087  -0.472   3.614
GLN01B3970_002   6.584  -0.566   6.018
CTR01B3971_001  -0.021  -1.487  -1.508
CTR01B3971_002   0.109  -1.487  -1.378
CTR02B3971_003  -0.022  -1.545  -1.567
CTR02B3971_004   0.044  -1.583  -1.540
CTR-1B3971_005   0.000  -1.487  -1.487
NTR01B3973_001  -0.003  -0.968  -0.970
NTR+1B3973_002  -0.005  -0.920  -0.924
CTR01B3973_001  -0.021  -4.421  -4.442
CTR01B3973_002   0.124  -4.653  -4.529
CTR02B3973_003  -0.022  -4.518  -4.540
CTR02B3973_004   0.049  -4.518  -4.469
CTR-1B3973_005   0.000  -4.421  -4.421
CYS01B3973_001  -0.002  -0.143  -0.145
CYS01B3973_002  -0.002  -0.143  -0.145
CYS01B3973_003  -0.002  -0.143  -0.145
CYS-1B3973_004   0.000  -0.143  -0.143
NTR01B3984_001  -0.003  -2.663  -2.666
NTR+1B3984_002  -0.005  -2.712  -2.716
CTR01B3984_001  -0.021  -1.564  -1.585
CTR01B3984_002   0.137  -1.564  -1.427
CTR02B3984_003  -0.023  -1.602  -1.625
CTR02B3984_004   0.056  -1.583  -1.527
CTR-1B3984_005   0.000  -1.564  -1.564
ARG01B3984_001   1.792  -9.703  -7.910
ARG02B3984_002   1.749  -9.703  -7.953
ARG03B3984_003   1.751  -9.703  -7.952
ARG+1B3984_004   1.706  -9.703  -7.996
NTR01B3986_001  -0.003  -0.257  -0.260
NTR+1B3986_002  -0.005  -0.257  -0.262
TRP01B3986_001   4.082  -3.710   0.371
ASP01B3987_001   0.094  -2.494  -2.401
ASP01B3987_002   0.094  -2.494  -2.401
ASP02B3987_003   0.168  -2.441  -2.274
ASP02B3987_004   0.168  -2.441  -2.274
ASP-1B3987_005   0.088  -2.403  -2.315
ALA01B3988_001   0.000  -0.531  -0.531
VAL01B3989_001   1.401  -1.165   0.235
VAL01B3990_001   0.833  -1.304  -0.471
PHE01B3992_001   6.134  -0.253   5.881
LEU01B3993_001   2.837  -1.082   1.756
HIS01B3994_001  -0.111  -3.831  -3.942
HIS02B3994_002  -0.130  -3.831  -3.962
HIS+1B3994_003  -0.158  -3.831  -3.989
VAL01B3995_001   0.697  -0.052   0.645
PHE01B3996_001   5.382  -0.303   5.079
ALA01B3997_001   0.000   0.000   0.000
HIS01B3998_001  -0.128  -2.158  -2.286
HIS02B3998_002  -0.146  -2.158  -2.305
HIS+1B3998_003  -0.173  -2.158  -2.332
MET01B3999_001  -0.049   0.000  -0.049
MET01B4000_001   1.773   0.000   1.773
MET01B4001_001  -0.034  -1.756  -1.790
LYS01B4002_001   1.055  -1.136  -0.081
LYS+1B4002_002   1.012  -1.136  -0.124
LEU01B4003_001   2.945   0.000   2.945
ALA01B4004_001   0.000  -0.155  -0.155
GLN01B4005_001   1.967  -1.678   0.289
GLN01B4005_002   3.128  -1.713   1.415
ASP01B4006_001   0.096  -1.399  -1.303
ASP01B4006_002   0.096  -1.399  -1.303
ASP02B4006_003   0.176  -1.318  -1.142
ASP02B4006_004   0.176  -1.318  -1.142
ASP-1B4006_005   0.093  -1.314  -1.220
SER01B4007_001   0.000  -3.541  -3.541
SER01B4007_002   0.000  -3.541  -3.541
SER01B4008_001   0.000  -3.545  -3.545
SER01B4008_002   0.000  -3.545  -3.545
GLN01B4009_001   2.538  -0.074   2.464
ILE01B4010_001   1.482  -2.369  -0.887
GLU01B4011_001   6.492  -3.170   3.323
GLU01B4011_002   6.492  -3.170   3.323
GLU02B4011_003   5.233  -3.341   1.892
GLU02B4011_004   5.233  -3.341   1.892
GLU-1B4011_005   5.145  -3.174   1.971
LEU01B4012_001   1.825  -0.258   1.567
LEU01B4013_001   2.592  -0.206   2.386
LYS01B4014_001   3.456  -6.078  -2.622
LYS+1B4014_002   3.411  -6.078  -2.667
GLU01B4015_001   5.017  -1.069   3.948
GLU01B4015_002   5.017  -1.069   3.948
GLU02B4015_003   4.052  -1.112   2.940
GLU02B4015_004   4.052  -1.112   2.940
GLU-1B4015_005   3.975  -1.042   2.933
LEU01B4016_001   4.021   0.000   4.021
LEU01B4017_001   2.244  -0.258   1.986
ASP01B4018_001   0.237  -1.110  -0.873
ASP01B4018_002   0.237  -1.110  -0.873
ASP02B4018_003   0.342  -1.184  -0.842
ASP02B4018_004   0.342  -1.184  -0.842
ASP-1B4018_005   0.226  -1.141  -0.915
LEU01B4019_001   1.656  -0.206   1.450
GLN01B4020_001   4.637  -0.118   4.518
LYS01B4021_001   3.067  -3.924  -0.858
LYS+1B4021_002   3.018  -3.924  -0.906
ASP01B4022_001   0.190  -1.102  -0.912
ASP01B4022_002   0.190  -1.102  -0.912
ASP02B4022_003   0.281  -1.057  -0.776
ASP02B4022_004   0.281  -1.057  -0.776
ASP-1B4022_005   0.180  -1.034  -0.854
MET01B4023_001   0.003  -0.167  -0.164
VAL01B4024_001   0.806  -0.618   0.188
VAL01B4025_001   0.969  -3.194  -2.225
MET01B4026_001   0.598  -1.462  -0.864
LEU01B4027_001   1.538  -0.599   0.939
LEU01B4028_001   1.700  -1.700  -0.000
CTR01B4028_001  -0.021  -1.670  -1.691
CTR01B4028_002   0.103  -1.593  -1.489
CTR02B4028_003  -0.022  -1.593  -1.615
CTR02B4028_004   0.041  -1.631  -1.590
CTR-1B4028_005   0.000  -1.593  -1.593
NTR01B4030_001  -0.003   0.000  -0.003
NTR01B4030_002  -0.002   0.000  -0.002
NTR+1B4030_003  -0.005   0.000  -0.005
CTR01B4030_001  -0.021  -1.390  -1.411
CTR01B4030_002   0.100  -1.487  -1.386
CTR02B4030_003  -0.022  -1.506  -1.528
CTR02B4030_004   0.038  -1.506  -1.468
CTR-1B4030_005   0.000  -1.506  -1.506
LEU01B4030_001   2.644  -1.990   0.655
NTR01B4032_001  -0.003  -0.868  -0.871
NTR+1B4032_002  -0.005  -0.868  -0.873
GLU01B4032_001   2.074  -0.515   1.559
GLU01B4032_002   2.074  -0.515   1.559
GLU02B4032_003   1.626  -0.545   1.082
GLU02B4032_004   1.626  -0.545   1.082
GLU-1B4032_005   1.567  -0.465   1.102
ASN01B4034_001   0.013  -1.592  -1.578
ASN01B4034_002   0.189  -1.441  -1.251
CTR01B4034_001  -0.021  -3.340  -3.361
CTR01B4034_002   0.113  -3.301  -3.188
CTR02B4034_003  -0.022  -3.282  -3.304
CTR02B4034_004   0.044  -3.398  -3.354
CTR-1B4034_005   0.000  -3.263  -3.263
NTG01B4038_001  -0.005  -3.438  -3.443
NTG+1B4038_002  -0.010  -3.438  -3.449
MET01B4039_001   0.698  -6.437  -5.738
ILE01B4040_001   2.151  -3.860  -1.710
ALA01B4041_001   0.000  -3.226  -3.226
ARG01B4042_001   8.094  -9.358  -1.264
ARG02B4042_002   8.013  -9.358  -1.345
ARG03B4042_003   8.073  -9.358  -1.285
ARG+1B4042_004   7.967  -9.358  -1.392
GLN01B4043_001   2.940  -2.405   0.535
MET01B4044_001   0.206  -1.146  -0.940
VAL01B4045_001   1.064  -0.876   0.188
ASP01B4046_001   0.152  -2.215  -2.063
ASP01B4046_002   0.152  -2.215  -2.063
ASP02B4046_003   0.243  -2.288  -2.046
ASP02B4046_004   0.243  -2.288  -2.046
ASP-1B4046_005   0.146  -2.184  -2.038
MET01B4047_001  44.471  -0.191  44.281
LEU01B4048_001   2.655  -1.851   0.804
VAL01B4049_001   0.805  -3.017  -2.211
GLU01B4050_001   9.462  -2.070   7.391
GLU01B4050_002   9.462  -2.070   7.391
GLU02B4050_003   7.531  -2.332   5.199
GLU02B4050_004   7.531  -2.332   5.199
GLU-1B4050_005   7.486  -2.084   5.402
SER01B4051_001   0.000   0.000   0.000
SER01B4052_001   0.000  -0.861  -0.861
SER01B4052_002   0.000  -0.861  -0.861
SER01B4053_001   0.000  -4.274  -4.274
SER01B4053_002   0.000  -4.274  -4.274
ASN01B4054_001   0.400  -0.655  -0.254
ASN01B4054_002   0.541  -0.802  -0.262
VAL01B4055_001   0.716  -0.789  -0.073
GLU01B4056_001   8.689  -1.810   6.879
GLU01B4056_002   8.689  -1.810   6.879
GLU02B4056_003   6.976  -1.872   5.104
GLU02B4056_004   6.976  -1.872   5.104
GLU-1B4056_005   6.905  -1.723   5.182
MET01B4057_001  -0.072  -3.140  -3.212
ILE01B4058_001   4.845  -0.567   4.279
LEU01B4059_001   3.026  -0.206   2.820
LYS01B4060_001   1.782  -3.461  -1.679
LYS+1B4060_002   1.732  -3.461  -1.729
PHE01B4061_001   4.648  -0.505   4.143
PHE01B4062_001   6.258  -0.308   5.950
ASP01B4063_001   0.270  -0.450  -0.180
ASP01B4063_002   0.270  -0.450  -0.180
ASP02B4063_003   0.323  -0.435  -0.112
ASP02B4063_004   0.323  -0.435  -0.112
ASP-1B4063_005   0.234  -0.413  -0.180
MET01B4064_001   0.161  -1.908  -1.747
PHE01B4065_001   4.509  -0.051   4.459
LEU01B4066_001   2.972  -0.773   2.199
LYS01B4067_001   5.046  -1.492   3.554
LYS+1B4067_002   4.995  -1.492   3.503
LEU01B4068_001   2.322  -0.155   2.167
LYS01B4069_001   7.231  -6.373   0.858
LYS+1B4069_002   7.227  -6.373   0.854
ASP01B4070_001   0.206  -1.555  -1.349
ASP01B4070_002   0.206  -1.555  -1.349
ASP02B4070_003   0.293  -1.576  -1.283
ASP02B4070_004   0.293  -1.576  -1.283
ASP-1B4070_005   0.192  -1.568  -1.376
ILE01B4071_001   3.230  -0.583   2.647
VAL01B4072_001   0.650  -0.464   0.187
SER01B4074_001   0.000  -1.455  -1.455
GLU01B4075_001   1.415  -3.057  -1.641
GLU01B4075_002   1.415  -3.057  -1.641
GLU02B4075_003   1.180  -3.028  -1.847
GLU02B4075_004   1.180  -3.028  -1.847
GLU-1B4075_005   1.084  -2.970  -1.885
ALA01B4076_001   0.000  -2.885  -2.885
PHE01B4077_001   4.820   0.000   4.820
GLN01B4078_001   0.816  -1.767  -0.951
GLN01B4078_002   0.690  -1.501  -0.811
ASP01B4079_001   0.121  -2.562  -2.441
ASP01B4079_002   0.121  -2.562  -2.441
ASP02B4079_003   0.197  -2.627  -2.430
ASP02B4079_004   0.197  -2.627  -2.430
ASP-1B4079_005   0.113  -2.537  -2.424
TYR01B4080_001   6.428  -0.922   5.506
TYR-1B4080_002   6.428  -0.922   5.506
VAL01B4081_001   0.818  -0.361   0.458
THR01B4082_001   0.193  -6.309  -6.116
THR01B4082_002   0.193  -6.309  -6.116
THR01B4082_003   0.193  -6.309  -6.116
ASP01B4083_001   0.333  -0.795  -0.462
ASP01B4083_002   0.333  -0.795  -0.462
ASP02B4083_003   0.440  -0.798  -0.358
ASP02B4083_004   0.440  -0.798  -0.358
ASP-1B4083_005   0.312  -0.724  -0.411
PRO01B4084_001   0.256  -6.308  -6.052
ARG01B4085_001   3.836  -7.255  -3.419
ARG02B4085_002   3.763  -7.255  -3.492
ARG02B4085_003   3.823  -7.255  -3.432
ARG03B4085_004   3.758  -7.255  -3.497
ARG+1B4085_005   3.718  -7.255  -3.537
LEU01B4087_001   2.509  -3.947  -1.438
ILE01B4088_001   9.568   0.000   9.568
SER01B4089_001   0.000  -1.872  -1.872
SER01B4089_002   0.000  -1.872  -1.872
SER01B4089_003   0.000  -1.872  -1.872
LYS01B4090_001   5.874  -2.134   3.739
LYS+1B4090_002   5.825  -2.134   3.690
LYS01B4091_001   0.846  -8.849  -8.004
LYS+1B4091_002   0.801  -8.849  -8.048
ASP01B4092_001   0.041  -0.615  -0.574
ASP01B4092_002   0.041  -0.615  -0.574
ASP02B4092_003   0.099  -0.747  -0.648
ASP02B4092_004   0.099  -0.747  -0.648
ASP-1B4092_005   0.036  -0.684  -0.648
PHE01B4093_001   5.260   0.000   5.260
GLN01B4094_001   1.210  -1.288  -0.078
GLN01B4094_002   1.593  -1.230   0.363
LYS01B4095_001   3.253  -6.145  -2.892
LYS+1B4095_002   3.205  -6.145  -2.940
ALA01B4096_001   0.000   0.000   0.000
MET01B4097_001   0.086   0.000   0.086
ASP01B4098_001   0.525  -2.829  -2.304
ASP01B4098_002   0.525  -2.829  -2.304
ASP02B4098_003   0.558  -2.831  -2.273
ASP02B4098_004   0.558  -2.831  -2.273
ASP-1B4098_005   0.446  -2.756  -2.311
SER01B4099_001   0.000  -1.933  -1.933
SER01B4099_002   0.000  -1.933  -1.933
SER01B4099_003   0.000  -1.933  -1.933
GLN01B4100_001   3.811  -1.003   2.808
LYS01B4101_001   1.213 -10.700  -9.487
LYS+1B4101_002   1.162 -10.700  -9.538
GLN01B4102_001   0.978  -1.787  -0.809
GLN01B4102_002   1.498  -1.979  -0.481
PHE01B4103_001   5.262   0.000   5.262
THR01B4104_001   0.331  -4.372  -4.041
PRO01B4106_001   0.303  -6.159  -5.857
GLU01B4107_001   3.255  -1.270   1.985
GLU01B4107_002   3.255  -1.270   1.985
GLU02B4107_003   2.607  -1.257   1.350
GLU02B4107_004   2.607  -1.257   1.350
GLU-1B4107_005   2.531  -1.232   1.300
ILE01B4108_001   2.869  -0.206   2.663
GLN01B4109_001   0.726  -2.222  -1.496
GLN01B4109_002   0.679  -2.140  -1.461
PHE01B4110_001   5.604  -0.324   5.279
LEU01B4111_001   3.992  -0.103   3.889
LEU01B4112_001   1.692  -0.361   1.332
SER01B4113_001   0.000  -1.550  -1.550
SER01B4113_002   0.000  -1.550  -1.550
CYS01B4114_001  -0.002  -0.517  -0.519
CYS01B4114_002  -0.002  -0.517  -0.519
CYS01B4114_003  -0.002  -0.517  -0.519
CYS-1B4114_004   0.000  -0.517  -0.517
SER01B4115_001   0.000   0.000   0.000
SER01B4115_002   0.000   0.000   0.000
GLU01B4116_001   1.550  -1.892  -0.342
GLU01B4116_002   1.550  -1.892  -0.342
GLU02B4116_003   1.299  -1.789  -0.489
GLU02B4116_004   1.299  -1.789  -0.489
GLU-1B4116_005   1.198  -1.731  -0.533
ALA01B4117_001   0.000  -2.695  -2.695
ASP01B4118_001   0.427  -2.238  -1.810
ASP01B4118_002   0.427  -2.238  -1.810
ASP02B4118_003   0.493  -2.139  -1.647
ASP02B4118_004   0.493  -2.139  -1.647
ASP-1B4118_005   0.375  -2.149  -1.774
GLU01B4119_001   3.062  -3.842  -0.780
GLU01B4119_002   3.062  -3.842  -0.780
GLU02B4119_003   2.538  -3.955  -1.418
GLU02B4119_004   2.538  -3.955  -1.418
GLU-1B4119_005   2.422  -3.768  -1.347
ASN01B4120_001   0.078  -1.584  -1.506
ASN01B4120_002   0.273  -1.773  -1.500
GLU01B4121_001   4.225  -2.747   1.478
GLU01B4121_002   4.225  -2.747   1.478
GLU02B4121_003   3.381  -2.808   0.573
GLU02B4121_004   3.381  -2.808   0.573
GLU-1B4121_005   3.316  -2.665   0.651
MET01B4122_001   0.142  -0.816  -0.674
ILE01B4123_001   3.489   0.000   3.489
ASN01B4124_001   0.124  -1.939  -1.815
ASN01B4124_002  -0.023  -1.733  -1.756
PHE01B4125_001   5.037  -1.886   3.151
GLU01B4126_001   0.500  -3.492  -2.992
GLU01B4126_002   0.500  -3.492  -2.992
GLU02B4126_003   0.667  -3.417  -2.751
GLU02B4126_004   0.667  -3.417  -2.751
GLU-1B4126_005   0.469  -3.363  -2.895
GLU01B4127_001   3.774  -1.440   2.334
GLU01B4127_002   3.774  -1.440   2.334
GLU02B4127_003   3.047  -1.399   1.649
GLU02B4127_004   3.047  -1.399   1.649
GLU-1B4127_005   2.965  -1.446   1.519
PHE01B4128_001   6.493   0.000   6.493
ALA01B4129_001   0.000  -0.052  -0.052
ASN01B4130_001   0.471  -1.784  -1.313
ASN01B4130_002   0.221  -1.757  -1.536
ARG01B4131_001   1.156  -1.399  -0.243
ARG02B4131_002   1.136  -1.399  -0.263
ARG02B4131_003   1.214  -1.399  -0.185
ARG03B4131_004   1.131  -1.399  -0.269
ARG03B4131_005   1.135  -1.399  -0.264
ARG+1B4131_006   1.091  -1.399  -0.309
PHE01B4132_001   5.637  -0.561   5.076
GLN01B4133_001   1.149  -0.354   0.795
GLN01B4133_002   0.828  -0.340   0.488
GLU01B4134_001   4.629  -2.262   2.366
GLU01B4134_002   4.629  -2.262   2.366
GLU02B4134_003   3.778  -2.190   1.588
GLU02B4134_004   3.778  -2.190   1.588
GLU-1B4134_005   3.673  -2.199   1.474
PRO01B4135_001   0.391  -1.149  -0.759
ALA01B4136_001   0.000  -0.155  -0.155
ARG01B4137_001   3.894  -4.634  -0.739
ARG02B4137_002   3.842  -4.634  -0.792
ARG02B4137_003   3.847  -4.634  -0.786
ARG03B4137_004   3.851  -4.634  -0.783
ARG+1B4137_005   3.802  -4.634  -0.831
ASP01B4138_001   0.122  -1.734  -1.613
ASP01B4138_002   0.122  -1.734  -1.613
ASP02B4138_003   0.205  -1.681  -1.477
ASP02B4138_004   0.205  -1.681  -1.477
ASP-1B4138_005   0.116  -1.632  -1.516
ILE01B4139_001   2.803  -0.103   2.700
PHE01B4141_001   5.389  -0.103   5.286
ASN01B4142_001   0.655  -0.541   0.114
VAL01B4143_001   0.502  -1.664  -1.162
CTR01B4143_001  -0.021  -0.405  -0.427
CTR01B4143_002   0.113  -0.405  -0.292
CTR02B4143_003  -0.022  -0.405  -0.428
CTR02B4143_004   0.044  -0.405  -0.361
CTR-1B4143_005   0.000  -0.405  -0.405
NTR01B4145_001  -0.003  -0.128  -0.131
NTR+1B4145_002  -0.005  -0.128  -0.133
VAL01B4145_001   0.758  -0.052   0.707
LEU01B4146_001   2.455  -1.903   0.553
CTR01B4146_001  -0.021  -2.085  -2.106
CTR01B4146_002   0.098  -2.008  -1.910
CTR02B4146_003  -0.022  -1.969  -1.991
CTR02B4146_004   0.038  -2.027  -1.989
CTR-1B4146_005   0.000  -1.969  -1.969
NTR01B4148_001  -0.003  -0.569  -0.572
NTR+1B4148_002  -0.005  -0.463  -0.468
CTR01B4148_001  -0.021  -1.303  -1.324
CTR01B4148_002   0.107  -1.226  -1.119
CTR02B4148_003  -0.022  -1.187  -1.210
CTR02B4148_004   0.042  -1.342  -1.301
CTR-1B4148_005   0.000  -1.187  -1.187
THR01B4148_001   0.124  -0.739  -0.614
THR01B4148_002   0.124  -0.739  -0.614
THR01B4148_003   0.124  -0.739  -0.614
NTR01B4152_001  -0.003  -1.507  -1.510
NTR+1B4152_002  -0.005  -1.430  -1.435
CTR01B4152_001  -0.021  -5.946  -5.967
CTR01B4152_002   0.095  -5.830  -5.735
CTR02B4152_003  -0.022  -5.850  -5.872
CTR02B4152_004   0.035  -5.888  -5.854
CTR-1B4152_005   0.000  -5.753  -5.753
GLU01B4152_001   2.719  -1.364   1.355
GLU01B4152_002   2.719  -1.364   1.355
GLU02B4152_003   2.163  -1.383   0.780
GLU02B4152_004   2.163  -1.383   0.780
GLU-1B4152_005   2.101  -1.369   0.732
NTR01B4156_001  -0.003  -1.395  -1.398
NTR+1B4156_002  -0.005  -1.395  -1.400
HIS01B4156_001  -0.164  -7.808  -7.972
HIS01B4156_002  -0.108  -7.600  -7.709
HIS02B4156_003  -0.186  -7.808  -7.993
HIS02B4156_004  -0.118  -7.600  -7.718
HIS+1B4156_005  -0.212  -7.808  -8.020
HIS+1B4156_006  -0.145  -7.600  -7.745
ASP01B4157_001   0.145  -0.935  -0.790
ASP01B4157_002   0.145  -0.935  -0.790
ASP02B4157_003   0.238  -0.892  -0.654
ASP02B4157_004   0.238  -0.892  -0.654
ASP-1B4157_005   0.142  -0.865  -0.724
PRO01B4158_001   0.301  -6.497  -6.195
ARG01B4159_001  10.812  -6.222   4.589
ARG02B4159_002  10.873  -6.222   4.651
ARG02B4159_003  10.881  -6.222   4.659
ARG03B4159_004  10.938  -6.222   4.716
ARG+1B4159_005  10.834  -6.222   4.612
LEU01B4160_001   2.029  -3.155  -1.126
ARG01B4161_001   2.645  -8.421  -5.777
ARG02B4161_002   2.666  -8.421  -5.755
ARG03B4161_003   2.606  -8.421  -5.815
ARG+1B4161_004   2.562  -8.421  -5.859
ASN01B4162_001   0.382  -1.683  -1.301
ASN01B4162_002   0.127  -1.668  -1.541
PHE01B4163_001   5.771  -0.667   5.105
LEU01B4164_001   1.297  -3.158  -1.861
GLU01B4165_001   7.129  -3.188   3.941
GLU01B4165_002   7.129  -3.188   3.941
GLU02B4165_003   5.723  -3.215   2.508
GLU02B4165_004   5.723  -3.215   2.508
GLU-1B4165_005   5.649  -3.113   2.536
LEU01B4166_001   2.232  -2.885  -0.653
ALA01B4167_001   0.000  -0.531  -0.531
GLU01B4168_001   3.093  -2.174   0.918
GLU01B4168_002   3.093  -2.174   0.918
GLU02B4168_003   2.628  -2.153   0.475
GLU02B4168_004   2.628  -2.153   0.475
GLU-1B4168_005   2.479  -2.074   0.405
SER01B4169_001   0.000  -1.364  -1.364
SER01B4169_002   0.000  -1.364  -1.364
ILE01B4170_001   3.213   0.000   3.213
LEU01B4171_001   1.750  -2.266  -0.516
GLU01B4172_001   1.311  -2.216  -0.905
GLU01B4172_002   1.311  -2.216  -0.905
GLU02B4172_003   1.223  -2.326  -1.103
GLU02B4172_004   1.223  -2.326  -1.103
GLU-1B4172_005   1.062  -2.191  -1.129
TYR01B4173_001   5.419  -3.657   1.762
TYR01B4173_002   5.419  -3.657   1.762
TYR-1B4173_003   5.419  -3.657   1.762
PHE01B4174_001   5.535  -0.475   5.060
ARG01B4175_001   6.833  -6.475   0.358
ARG02B4175_002   6.791  -6.475   0.316
ARG02B4175_003   6.795  -6.475   0.320
ARG03B4175_004   6.801  -6.475   0.326
ARG+1B4175_005   6.750  -6.475   0.275
PRO01B4176_001   0.565  -2.149  -1.585
TYR01B4177_001   6.280  -1.137   5.142
TYR-1B4177_002   6.280  -1.137   5.142
LEU01B4178_001   2.769  -1.407   1.362
ARG01B4180_001   2.187  -2.901  -0.715
ARG02B4180_002   2.150  -2.901  -0.752
ARG02B4180_003   2.211  -2.901  -0.690
ARG03B4180_004   2.144  -2.901  -0.758
ARG+1B4180_005   2.105  -2.901  -0.797
ILE01B4181_001   3.057  -0.103   2.954
GLU01B4182_001   6.070  -0.488   5.582
GLU01B4182_002   6.070  -0.488   5.582
GLU02B4182_003   4.861  -0.502   4.359
GLU02B4182_004   4.861  -0.502   4.359
GLU-1B4182_005   4.790  -0.482   4.308
ILE01B4183_001   1.797  -3.551  -1.754
MET01B4184_001   2.013  -3.067  -1.054
CTR01B4185_001  -0.021  -3.552  -3.573
CTR01B4185_002   0.090  -3.495  -3.405
CTR02B4185_003  -0.022  -3.494  -3.516
CTR02B4185_004   0.033  -3.437  -3.403
CTR-1B4185_005   0.000  -3.514  -3.514
NTR01B4188_001  -0.003  -1.028  -1.031
NTR+1B4188_002  -0.005  -1.028  -1.033
CTR01B4188_001  -0.021  -2.220  -2.242
CTR01B4188_002   0.121  -2.240  -2.119
CTR02B4188_003  -0.022  -2.240  -2.262
CTR02B4188_004   0.048  -2.240  -2.192
CTR-1B4188_005   0.000  -2.240  -2.240
ARG01B4188_001   1.517 -10.878  -9.361
ARG02B4188_002   1.603 -10.878  -9.275
ARG03B4188_003   1.493 -10.878  -9.385
ARG03B4188_004   1.498 -10.878  -9.380
ARG+1B4188_005   1.453 -10.878  -9.424
NTR01B4190_001  -0.003  -0.193  -0.196
NTR+1B4190_002  -0.005  -0.193  -0.198
ILE01B4190_001   4.511  -2.472   2.039
GLU01B4191_001   2.454  -1.138   1.316
GLU01B4191_002   2.454  -1.138   1.316
GLU02B4191_003   1.915  -1.184   0.731
GLU02B4191_004   1.915  -1.184   0.731
GLU-1B4191_005   1.872  -1.133   0.739
ARG01B4192_001   2.487  -3.952  -1.465
ARG02B4192_002   2.442  -3.952  -1.510
ARG03B4192_003   2.448  -3.952  -1.504
ARG+1B4192_004   2.403  -3.952  -1.549
ILE01B4193_001   9.032  -1.491   7.541
TYR01B4194_001   5.814  -2.690   3.125
TYR-1B4194_002   5.814  -2.690   3.125
PHE01B4195_001   6.452   0.000   6.452
GLU01B4196_001  12.426  -1.314  11.113
GLU01B4196_002  12.426  -1.314  11.113
GLU02B4196_003   9.957  -1.267   8.690
GLU02B4196_004   9.957  -1.267   8.690
GLU-1B4196_005   9.903  -1.275   8.628
ILE01B4197_001   7.304  -0.103   7.201
SER01B4198_001   0.000  -2.649  -2.649
SER01B4198_002   0.000  -2.649  -2.649
GLU01B4199_001   2.120  -1.786   0.334
GLU01B4199_002   2.120  -1.786   0.334
GLU02B4199_003   1.805  -1.806  -0.001
GLU02B4199_004   1.805  -1.806  -0.001
GLU-1B4199_005   1.682  -1.709  -0.026
THR01B4200_001   0.329  -4.499  -4.170
THR01B4200_002   0.329  -4.499  -4.170
THR01B4200_003   0.329  -4.499  -4.170
ASN01B4201_001   0.325  -0.787  -0.462
ASN01B4201_002   0.577  -0.950  -0.373
ARG01B4202_001   8.890  -4.115   4.776
ARG02B4202_002   8.935  -4.115   4.820
ARG03B4202_003   8.878  -4.115   4.764
ARG+1B4202_004   8.831  -4.115   4.717
ALA01B4203_001   0.000  -3.190  -3.190
GLN01B4204_001   1.311  -1.418  -0.107
GLN01B4204_002   1.127  -1.368  -0.242
TRP01B4205_001   3.949  -1.633   2.316
GLU01B4206_001   1.111  -2.477  -1.365
GLU01B4206_002   1.111  -2.477  -1.365
GLU02B4206_003   0.984  -2.395  -1.411
GLU02B4206_004   0.984  -2.395  -1.411
GLU-1B4206_005   0.867  -2.428  -1.561
MET01B4207_001   0.775  -3.303  -2.528
PRO01B4208_001   0.306  -7.298  -6.992
GLN01B4209_001   1.152  -1.896  -0.744
GLN01B4209_002   0.943  -1.957  -1.014
VAL01B4210_001   0.748   0.000   0.748
LYS01B4211_001   1.406  -5.933  -4.527
LYS+1B4211_002   1.361  -5.933  -4.571
GLU01B4212_001   1.353  -2.013  -0.660
GLU01B4212_002   1.353  -2.013  -0.660
GLU02B4212_003   1.146  -2.106  -0.960
GLU02B4212_004   1.146  -2.106  -0.960
GLU-1B4212_005   1.042  -2.040  -0.998
SER01B4213_001   0.000  -2.091  -2.091
LYS01B4214_001   7.030  -1.943   5.087
LYS+1B4214_002   6.947  -1.943   5.004
ARG01B4215_001   4.243  -8.444  -4.201
ARG02B4215_002   4.197  -8.444  -4.247
ARG03B4215_003   4.188  -8.444  -4.256
ARG+1B4215_004   4.148  -8.444  -4.296
GLN01B4216_001   3.770  -3.138   0.631
PHE01B4217_001   6.225  -1.418   4.807
ILE01B4218_001   3.508  -5.164  -1.656
PHE01B4219_001   5.955  -2.908   3.047
ASP01B4220_001   0.251  -1.630  -1.380
ASP01B4220_002   0.251  -1.630  -1.380
ASP02B4220_003   0.355  -1.543  -1.188
ASP02B4220_004   0.355  -1.543  -1.188
ASP-1B4220_005   0.239  -1.503  -1.264
VAL01B4221_001   1.443  -0.721   0.722
VAL01B4222_001   1.057  -5.457  -4.400
ASN01B4223_001   0.274  -1.875  -1.602
GLU01B4224_001   2.029  -3.750  -1.721
GLU01B4224_002   2.029  -3.750  -1.721
GLU02B4224_003   1.787  -3.715  -1.928
GLU02B4224_004   1.787  -3.715  -1.928
GLU-1B4224_005   1.630  -3.573  -1.943
GLU01B4227_001   1.285  -4.205  -2.920
GLU01B4227_002   1.285  -4.205  -2.920
GLU02B4227_003   1.070  -4.205  -3.135
GLU02B4227_004   1.070  -4.205  -3.135
GLU-1B4227_005   0.979  -4.086  -3.107
ALA01B4228_001   0.000  -2.917  -2.917
GLU01B4229_001   4.558  -2.731   1.827
GLU01B4229_002   4.558  -2.731   1.827
GLU02B4229_003   3.733  -2.778   0.955
GLU02B4229_004   3.733  -2.778   0.955
GLU-1B4229_005   3.621  -2.632   0.989
LYS01B4230_001   2.636  -5.575  -2.939
LYS+1B4230_002   2.581  -5.575  -2.994
MET01B4231_001   0.152  -5.957  -5.805
GLU01B4232_001   4.389  -1.237   3.152
GLU01B4232_002   4.389  -1.237   3.152
GLU02B4232_003   3.632  -1.226   2.405
GLU02B4232_004   3.632  -1.226   2.405
GLU-1B4232_005   3.496  -1.184   2.312
LEU01B4233_001   3.970  -3.673   0.297
PHE01B4234_001   5.712  -2.766   2.946
VAL01B4235_001   1.249  -0.737   0.512
SER01B4236_001   0.000  -2.200  -2.200
SER01B4236_002   0.000  -2.200  -2.200
PHE01B4237_001   6.562  -1.217   5.345
CYS01B4238_001  -0.002  -0.214  -0.216
CYS01B4238_002  -0.002  -0.214  -0.216
CYS01B4238_003  -0.003  -0.214  -0.217
CYS-1B4238_004   0.000  -0.214  -0.214
GLU01B4239_001   6.651  -0.034   6.617
GLU01B4239_002   6.651  -0.034   6.617
GLU02B4239_003   5.343  -0.072   5.271
GLU02B4239_004   5.343  -0.072   5.271
GLU-1B4239_005   5.288  -0.034   5.253
ASP01B4240_001   0.092  -0.794  -0.702
ASP01B4240_002   0.092  -0.794  -0.702
ASP02B4240_003   0.167  -0.831  -0.664
ASP02B4240_004   0.167  -0.831  -0.664
ASP-1B4240_005   0.087  -0.792  -0.706
THR01B4241_001   0.342  -0.163   0.178
THR01B4241_002   0.342  -0.163   0.178
THR01B4241_003   0.342  -0.163   0.178
ILE01B4242_001   4.137  -0.274   3.863
PHE01B4243_001   6.075  -0.606   5.469
GLU01B4244_001   2.370  -0.526   1.845
GLU01B4244_002   2.370  -0.526   1.845
GLU02B4244_003   1.882  -0.607   1.275
GLU02B4244_004   1.882  -0.607   1.275
GLU-1B4244_005   1.815  -0.551   1.264
MET01B4245_001   0.148  -0.203  -0.054
GLN01B4246_001   1.196  -1.955  -0.759
GLN01B4246_002   0.951  -2.191  -1.241
ILE01B4247_001   1.707  -1.355   0.352
ALA01B4248_001   0.000  -0.309  -0.309
ALA01B4249_001   0.000  -2.727  -2.727
GLN01B4250_001   3.288  -2.393   0.894
GLN01B4250_002   5.251  -2.359   2.892
ILE01B4251_001   2.691  -1.407   1.284
SER01B4252_001   0.000  -3.351  -3.351
SER01B4252_002   0.000  -3.351  -3.351
GLU01B4253_001   0.500  -2.545  -2.045
GLU01B4253_002   0.500  -2.545  -2.045
GLU02B4253_003   0.666  -2.591  -1.925
GLU02B4253_004   0.666  -2.591  -1.925
GLU-1B4253_005   0.468  -2.506  -2.038
CTR01B4253_001  -0.021  -5.522  -5.543
CTR01B4253_002   0.105  -5.213  -5.108
CTR02B4253_003  -0.022  -5.406  -5.428
CTR02B4253_004   0.041  -5.387  -5.346
CTR-1B4253_005   0.000  -5.290  -5.290
NTR01B4540_001  -0.003  -3.083  -3.086
NTR+1B4540_002  -0.005  -3.083  -3.088
PHE01B4540_001   2.032  -3.162  -1.130
TRP01B4541_001   0.645 -14.222 -13.576
GLU01B4543_001   0.497  -3.455  -2.958
GLU01B4543_002   0.497  -3.455  -2.958
GLU02B4543_003   0.663  -3.563  -2.900
GLU02B4543_004   0.663  -3.563  -2.900
GLU-1B4543_005   0.466  -3.437  -2.971
LEU01B4544_001   1.452  -3.931  -2.479
GLU01B4545_001   0.500  -2.579  -2.079
GLU01B4545_002   0.500  -2.579  -2.079
GLU02B4545_003   0.667  -2.489  -1.822
GLU02B4545_004   0.667  -2.489  -1.822
GLU-1B4545_005   0.469  -2.494  -2.025
VAL01B4546_001   0.489  -5.934  -5.445
GLN01B4547_001   1.265  -2.804  -1.539
GLN01B4547_002   1.765  -2.741  -0.975
ARG01B4548_001   6.649  -7.093  -0.444
ARG02B4548_002   6.588  -7.093  -0.505
ARG02B4548_003   6.593  -7.093  -0.499
ARG03B4548_004   6.596  -7.093  -0.497
ARG+1B4548_005   6.547  -7.093  -0.545
VAL01B4549_001   1.201  -3.812  -2.610
LYS01B4550_001   3.785  -4.380  -0.595
LYS+1B4550_002   3.690  -4.380  -0.690
PHE01B4551_001   4.846  -7.399  -2.553
LEU01B4552_001   7.721  -1.442   6.279
ASN01B4553_001   0.354  -0.945  -0.591
ASN01B4553_002   0.519  -0.984  -0.465
TYR01B4554_001   4.748  -7.002  -2.254
TYR01B4554_002   4.748  -7.002  -2.254
TYR-1B4554_003   4.748  -7.002  -2.254
LEU01B4555_001   2.557  -0.309   2.248
SER01B4556_001   0.000   0.000   0.000
ARG01B4557_001   6.803  -3.756   3.047
ARG02B4557_002   6.757  -3.756   3.002
ARG02B4557_003   6.762  -3.756   3.006
ARG03B4557_004   6.765  -3.756   3.009
ARG03B4557_005   6.814  -3.756   3.058
ARG+1B4557_006   6.717  -3.756   2.961
ASN01B4558_001   0.210  -1.149  -0.939
PHE01B4559_001   5.026  -0.606   4.420
TYR01B4560_001   5.132  -7.366  -2.234
TYR-1B4560_002   5.132  -7.366  -2.234
THR01B4561_001   0.295  -4.120  -3.825
LEU01B4562_001   2.316  -1.268   1.047
ARG01B4563_001   1.934  -1.881   0.052
ARG02B4563_002   1.887  -1.881   0.006
ARG02B4563_003   1.892  -1.881   0.011
ARG03B4563_004   1.893  -1.881   0.011
ARG03B4563_005   1.953  -1.881   0.072
ARG+1B4563_006   1.848  -1.881  -0.033
PHE01B4564_001   5.147  -8.503  -3.356
LEU01B4565_001   1.530  -3.689  -2.160
ALA01B4566_001   0.000   0.000   0.000
LEU01B4567_001   1.994  -2.540  -0.546
PHE01B4568_001   5.064  -8.160  -3.096
LEU01B4569_001   7.696  -0.258   7.439
ALA01B4570_001   0.000   0.000   0.000
PHE01B4571_001   4.949  -6.648  -1.699
ALA01B4572_001   0.000  -1.681  -1.681
ILE01B4573_001   2.129  -0.052   2.077
ASN01B4574_001   0.508  -0.176   0.332
ASN01B4574_002   0.284  -0.286  -0.002
PHE01B4575_001   5.096  -8.587  -3.491
ILE01B4576_001   4.296  -0.908   3.388
LEU01B4577_001   3.517  -2.144   1.373
LEU01B4578_001   2.275  -6.007  -3.732
PHE01B4579_001   5.072  -3.286   1.786
TYR01B4580_001   4.653  -3.405   1.248
TYR-1B4580_002   4.653  -3.405   1.248
LYS01B4581_001   1.953  -5.945  -3.992
LYS+1B4581_002   1.903  -5.945  -4.042
VAL01B4582_001   0.580  -5.457  -4.877
SER01B4583_001   0.000  -0.260  -0.260
SER01B4583_002   0.000  -0.260  -0.260
SER01B4583_003   0.000  -0.260  -0.260
ASP01B4584_001  -0.040  -3.653  -3.693
ASP01B4584_002  -0.040  -3.653  -3.693
ASP02B4584_003  -0.009  -3.622  -3.632
ASP02B4584_004  -0.009  -3.622  -3.632
ASP-1B4584_005  -0.041  -3.553  -3.594
SER01B4585_001   0.000  -3.426  -3.426
SER01B4585_002   0.000  -3.426  -3.426
PRO01B4586_001   0.335  -5.399  -5.064
PRO01B4587_001   0.276  -4.639  -4.362
CTR01B4587_001  -0.021  -4.749  -4.770
CTR01B4587_002   0.078  -4.885  -4.807
CTR02B4587_003  -0.022  -4.730  -4.752
CTR02B4587_004   0.027  -4.962  -4.935
CTR-1B4587_005   0.000  -4.749  -4.749
NTR01B4626_001  -0.003  -3.696  -3.699
NTR+1B4626_002  -0.005  -3.696  -3.701
ASN01B4626_001  -0.020  -3.532  -3.551
MET01B4627_001   0.141  -3.705  -3.564
VAL01B4628_001   0.581  -2.762  -2.181
TYR01B4629_001   5.097  -7.853  -2.756
TYR-1B4629_002   5.097  -7.853  -2.756
TYR01B4630_001   5.170  -3.442   1.728
TYR-1B4630_002   5.170  -3.442   1.728
PHE01B4631_001   4.984  -2.838   2.146
LEU01B4632_001   2.677  -4.491  -1.814
GLU01B4633_001   4.188  -2.559   1.628
GLU01B4633_002   4.188  -2.559   1.628
GLU02B4633_003   3.349  -2.642   0.708
GLU02B4633_004   3.349  -2.642   0.708
GLU-1B4633_005   3.279  -2.515   0.764
GLU01B4634_001   2.477  -1.291   1.187
GLU01B4634_002   2.477  -1.291   1.187
GLU02B4634_003   1.962  -1.176   0.786
GLU02B4634_004   1.962  -1.176   0.786
GLU-1B4634_005   1.903  -1.133   0.771
SER01B4635_001   0.000  -5.236  -5.236
SER01B4635_002   0.000  -5.236  -5.236
THR01B4636_001   0.173  -1.523  -1.350
THR01B4636_002   0.173  -1.523  -1.350
THR01B4636_003   0.173  -1.523  -1.350
TYR01B4638_001   5.050  -9.773  -4.723
TYR01B4638_002   5.050  -9.773  -4.723
TYR-1B4638_003   5.050  -9.773  -4.723
MET01B4639_001 114.576   0.000 114.576
GLU01B4640_001   1.817  -2.228  -0.411
GLU01B4640_002   1.817  -2.228  -0.411
GLU02B4640_003   1.551  -2.176  -0.625
GLU02B4640_004   1.551  -2.176  -0.625
GLU-1B4640_005   1.430  -2.084  -0.654
PRO01B4641_001   0.282  -6.038  -5.756
ALA01B4642_001   0.000  -2.472  -2.472
LEU01B4643_001   4.116  -1.545   2.570
TRP01B4644_001   2.871  -8.250  -5.379
CYS01B4645_001  -0.002  -3.791  -3.792
CYS01B4645_002  -0.002  -3.791  -3.792
CYS01B4645_003  -0.002  -3.791  -3.793
CYS-1B4645_004   0.000  -3.791  -3.791
LEU01B4646_001   1.664  -3.380  -1.716
SER01B4647_001   0.000   0.000   0.000
SER01B4647_002   0.000   0.000   0.000
SER01B4647_003   0.000   0.000   0.000
LEU01B4648_001   2.642  -5.183  -2.542
LEU01B4649_001   3.756  -3.519   0.237
HIS01B4650_001  -0.131   0.000  -0.131
HIS02B4650_002  -0.150   0.000  -0.150
HIS+1B4650_003  -0.177   0.000  -0.177
THR01B4651_001   0.285  -1.476  -1.191
THR01B4651_002   0.285  -1.476  -1.191
LEU01B4652_001   5.151  -5.576  -0.425
VAL01B4653_001   0.863  -0.515   0.348
ALA01B4654_001   0.000   0.000   0.000
PHE01B4655_001   5.146  -8.130  -2.984
LEU01B4656_001   2.757  -2.572   0.185
CYS01B4657_001  -0.002   0.000  -0.002
CYS01B4657_002  -0.002   0.000  -0.002
CYS01B4657_003  -0.003   0.000  -0.003
CYS-1B4657_004   0.000   0.000   0.000
ILE01B4658_001   2.942  -1.854   1.087
ILE01B4659_001   1.864  -3.004  -1.140
TYR01B4661_001   5.188  -0.354   4.835
TYR01B4661_002   5.188  -0.354   4.835
TYR-1B4661_003   5.188  -0.354   4.835
ASN01B4662_001   0.225  -2.082  -1.857
ASN01B4662_002   0.039  -1.861  -1.822
CYS01B4663_001  -0.002  -1.313  -1.315
CYS01B4663_002  -0.002  -1.313  -1.315
CYS01B4663_003  -0.003  -1.313  -1.315
CYS-1B4663_004   0.000  -1.313  -1.313
LEU01B4664_001   2.364  -1.803   0.561
LYS01B4665_001   5.321  -3.291   2.029
LYS+1B4665_002   5.234  -3.291   1.942
VAL01B4666_001   0.347  -0.068   0.280
PRO01B4667_001   0.292  -1.767  -1.476
LEU01B4668_001   3.448  -1.748   1.700
VAL01B4669_001   0.588  -1.903  -1.315
ILE01B4670_001   1.769  -0.515   1.254
PHE01B4671_001   5.658   0.000   5.658
LYS01B4672_001   1.874  -5.174  -3.300
LYS+1B4672_002   1.824  -5.174  -3.350
ARG01B4673_001   3.031  -0.720   2.311
ARG02B4673_002   2.997  -0.720   2.277
ARG02B4673_003   3.000  -0.720   2.280
ARG03B4673_004   3.005  -0.720   2.285
ARG03B4673_005   3.063  -0.720   2.343
ARG+1B4673_006   2.957  -0.720   2.237
GLU01B4674_001   2.517   0.000   2.517
GLU01B4674_002   2.517   0.000   2.517
GLU02B4674_003   2.003   0.000   2.003
GLU02B4674_004   2.003   0.000   2.003
GLU-1B4674_005   1.949   0.000   1.949
LYS01B4675_001   1.413  -0.763   0.650
LYS+1B4675_002   1.362  -0.763   0.600
GLU01B4676_001   4.801  -1.406   3.395
GLU01B4676_002   4.801  -1.406   3.395
GLU02B4676_003   3.884  -1.387   2.496
GLU02B4676_004   3.884  -1.387   2.496
GLU-1B4676_005   3.798  -1.344   2.454
LEU01B4677_001   1.335  -0.309   1.026
ALA01B4678_001   0.000  -0.258  -0.258
ARG01B4679_001   2.259  -2.638  -0.379
ARG02B4679_002   2.242  -2.638  -0.396
ARG02B4679_003   2.326  -2.638  -0.312
ARG03B4679_004   2.234  -2.638  -0.404
ARG+1B4679_005   2.194  -2.638  -0.444
LYS01B4680_001   1.192  -5.259  -4.067
LYS+1B4680_002   1.146  -5.259  -4.114
LEU01B4681_001   1.326  -0.119   1.207
GLU01B4682_001   3.061  -0.624   2.437
GLU01B4682_002   3.061  -0.624   2.437
GLU02B4682_003   2.462  -0.648   1.813
GLU02B4682_004   2.462  -0.648   1.813
GLU-1B4682_005   2.391  -0.620   1.771
PHE01B4683_001   5.667  -4.149   1.518
ASP01B4684_001   0.336  -2.167  -1.831
ASP01B4684_002   0.336  -2.167  -1.831
ASP02B4684_003   0.463  -2.023  -1.560
ASP02B4684_004   0.463  -2.023  -1.560
ASP-1B4684_005   0.322  -2.093  -1.771
LEU01B4686_001   2.965  -2.022   0.943
TYR01B4687_001   5.840  -0.202   5.637
TYR01B4687_002   5.840  -0.202   5.637
TYR-1B4687_003   5.840  -0.202   5.637
ILE01B4688_001   2.906   0.000   2.906
THR01B4689_001   0.266  -3.079  -2.813
THR01B4689_002   0.266  -3.079  -2.813
GLU01B4690_001   7.402  -3.114   4.288
GLU01B4690_002   7.402  -3.114   4.288
GLU02B4690_003   5.940  -3.234   2.705
GLU02B4690_004   5.940  -3.234   2.705
GLU-1B4690_005   5.868  -3.126   2.742
GLN01B4691_001   1.859  -2.644  -0.785
GLN01B4691_002   2.606  -2.630  -0.024
PRO01B4692_001   0.538  -0.052   0.487
ASP01B4694_001   0.236  -2.333  -2.096
ASP01B4694_002   0.236  -2.333  -2.096
ASP02B4694_003   0.337  -2.322  -1.985
ASP02B4694_004   0.337  -2.322  -1.985
ASP-1B4694_005   0.225  -2.273  -2.049
ASP01B4695_001   0.222  -3.252  -3.030
ASP01B4695_002   0.222  -3.252  -3.030
ASP02B4695_003   0.324  -3.230  -2.906
ASP02B4695_004   0.324  -3.230  -2.906
ASP-1B4695_005   0.212  -3.200  -2.988
ASP01B4696_001   0.186  -3.143  -2.956
ASP01B4696_002   0.186  -3.143  -2.956
ASP02B4696_003   0.276  -3.012  -2.736
ASP02B4696_004   0.276  -3.012  -2.736
ASP-1B4696_005   0.176  -2.998  -2.822
VAL01B4697_001   0.707  -7.034  -6.328
LYS01B4698_001   2.972  -5.518  -2.546
LYS+1B4698_002   2.920  -5.518  -2.598
GLN01B4700_001   1.702  -1.741  -0.038
GLN01B4700_002   1.257  -2.042  -0.786
TRP01B4701_001   3.666  -4.216  -0.551
ASP01B4702_001   0.072  -0.034   0.038
ASP01B4702_002   0.072  -0.034   0.038
ASP02B4702_003   0.135  -0.072   0.062
ASP02B4702_004   0.135  -0.072   0.062
ASP-1B4702_005   0.065  -0.034   0.031
ARG01B4703_001   6.077  -5.176   0.901
ARG02B4703_002   6.016  -5.176   0.839
ARG03B4703_003   6.016  -5.176   0.839
ARG+1B4703_004   5.969  -5.176   0.792
LEU01B4704_001   3.550  -2.318   1.232
VAL01B4705_001   0.588   0.000   0.588
LEU01B4706_001   2.153  -0.361   1.793
ASN01B4707_001   0.637  -1.232  -0.595
THR01B4708_001   0.377   0.000   0.377
THR01B4708_002   0.377   0.000   0.377
PRO01B4709_001   0.324  -4.499  -4.174
SER01B4710_001   0.000  -1.396  -1.396
SER01B4710_002   0.000  -1.396  -1.396
SER01B4710_003   0.000  -1.396  -1.396
PHE01B4711_001   5.558  -0.118   5.439
PRO01B4712_001   0.370  -0.222   0.148
SER01B4713_001   0.000  -1.907  -1.907
SER01B4713_002   0.000  -1.907  -1.907
ASN01B4714_001   0.163  -0.925  -0.763
ASN01B4714_002   0.002  -0.891  -0.889
TYR01B4715_001   6.471  -0.935   5.536
TYR01B4715_002   6.471  -0.935   5.536
TYR-1B4715_003   6.471  -0.935   5.536
TRP01B4716_001   3.704  -2.828   0.876
ASP01B4717_001   0.317  -1.276  -0.959
ASP01B4717_002   0.317  -1.276  -0.959
ASP02B4717_003   0.313  -1.305  -0.992
ASP02B4717_004   0.313  -1.305  -0.992
ASP-1B4717_005   0.249  -1.296  -1.047
LYS01B4718_001   0.876  -3.382  -2.507
LYS+1B4718_002   0.833  -3.382  -2.549
PHE01B4719_001   6.307  -2.859   3.448
VAL01B4720_001   0.696  -0.361   0.335
LYS01B4721_001   1.016  -0.824   0.192
LYS+1B4721_002   0.970  -0.824   0.146
ARG01B4722_001   7.201  -6.188   1.012
ARG02B4722_002   7.132  -6.188   0.944
ARG03B4722_003   7.140  -6.188   0.952
ARG+1B4722_004   7.092  -6.188   0.903
LYS01B4723_001   1.999  -5.321  -3.322
LYS+1B4723_002   1.950  -5.321  -3.371
VAL01B4724_001   0.962   0.000   0.962
LEU01B4725_001   2.900  -0.464   2.436
ASP01B4726_001   0.169  -3.057  -2.888
ASP01B4726_002   0.169  -3.057  -2.888
ASP02B4726_003   0.270  -3.123  -2.852
ASP02B4726_004   0.270  -3.123  -2.852
ASP-1B4726_005   0.165  -3.045  -2.880
LYS01B4727_001   2.118  -3.418  -1.299
LYS+1B4727_002   2.068  -3.418  -1.350
HIS01B4728_001  -0.083  -1.226  -1.309
HIS01B4728_002  -0.027  -1.531  -1.559
HIS02B4728_003  -0.103  -1.226  -1.329
HIS02B4728_004  -0.040  -1.531  -1.572
HIS+1B4728_005  -0.130  -1.226  -1.356
HIS+1B4728_006  -0.067  -1.531  -1.598
ASP01B4730_001   0.102  -3.517  -3.415
ASP01B4730_002   0.102  -3.517  -3.415
ASP02B4730_003   0.181  -3.440  -3.259
ASP02B4730_004   0.181  -3.440  -3.259
ASP-1B4730_005   0.099  -3.441  -3.342
ILE01B4731_001   3.102  -4.597  -1.495
PHE01B4732_001   4.402  -3.968   0.435
ARG01B4734_001   2.690  -7.598  -4.908
ARG02B4734_002   2.666  -7.598  -4.932
ARG03B4734_003   2.675  -7.598  -4.923
ARG+1B4734_004   2.626  -7.598  -4.971
GLU01B4735_001   3.411  -2.782   0.629
GLU01B4735_002   3.411  -2.782   0.629
GLU02B4735_003   2.770  -2.715   0.055
GLU02B4735_004   2.770  -2.715   0.055
GLU-1B4735_005   2.674  -2.648   0.027
ARG01B4736_001   6.517  -7.442  -0.925
ARG02B4736_002   6.460  -7.442  -0.982
ARG03B4736_003   6.462  -7.442  -0.980
ARG+1B4736_004   6.413  -7.442  -1.029
ILE01B4737_001   2.293   0.000   2.293
ALA01B4738_001   0.000  -0.052  -0.052
GLU01B4739_001   4.176  -2.257   1.919
GLU01B4739_002   4.176  -2.257   1.919
GLU02B4739_003   3.375  -2.410   0.965
GLU02B4739_004   3.375  -2.410   0.965
GLU-1B4739_005   3.298  -2.316   0.982
LEU01B4740_001   5.210  -2.247   2.962
LEU01B4741_001   1.618  -0.052   1.566
MET01B4743_001   1.837  -0.694   1.143
ASP01B4744_001  -0.040  -2.077  -2.117
ASP01B4744_002  -0.040  -2.077  -2.117
ASP02B4744_003  -0.009  -2.151  -2.161
ASP02B4744_004  -0.009  -2.151  -2.161
ASP-1B4744_005  -0.041  -2.054  -2.095
LEU01B4745_001   1.454  -6.007  -4.554
ALA01B4746_001   0.000  -0.979  -0.979
SER01B4747_001   0.000  -1.130  -1.130
SER01B4747_002   0.000  -1.130  -1.130
LEU01B4748_001   1.454  -5.750  -4.296
GLU01B4749_001   0.500  -2.610  -2.110
GLU01B4749_002   0.500  -2.610  -2.110
GLU02B4749_003   0.666  -2.603  -1.936
GLU02B4749_004   0.666  -2.603  -1.936
GLU-1B4749_005   0.468  -2.541  -2.073
ILE01B4750_001   0.938  -1.700  -0.762
THR01B4751_001   0.150  -5.138  -4.988
THR01B4751_002   0.150  -5.138  -4.988
ALA01B4752_001   0.000  -2.814  -2.814
HIS01B4753_001  -0.354  -3.817  -4.171
HIS02B4753_002  -0.363  -3.817  -4.180
HIS+1B4753_003  -0.382  -3.817  -4.199
ASN01B4754_001  -0.020  -0.394  -0.414
GLU01B4755_001   0.498  -3.262  -2.764
GLU01B4755_002   0.498  -3.262  -2.764
GLU02B4755_003   0.664  -3.319  -2.655
GLU02B4755_004   0.664  -3.319  -2.655
GLU-1B4755_005   0.467  -3.122  -2.655
ARG01B4756_0011192.671  -5.3201187.352
ARG02B4756_0021192.654  -5.3201187.335
ARG03B4756_0031192.687  -5.3201187.367
ARG03B4756_004 191.711  -5.320 186.391
ARG+1B4756_0051192.621  -5.3201187.301
LYS01B4757_001   3.791  -3.490   0.301
LYS+1B4757_002   3.697  -3.490   0.207
PRO01B4758_001   0.236  -4.775  -4.539
ASP01B4759_001  -0.040  -2.999  -3.039
ASP01B4759_002  -0.040  -2.999  -3.039
ASP02B4759_003  -0.009  -3.127  -3.136
ASP02B4759_004  -0.009  -3.127  -3.136
ASP-1B4759_005  -0.041  -2.872  -2.912
PRO01B4760_001   0.258  -6.490  -6.231
PRO01B4761_001   0.241  -6.980  -6.739
PRO01B4762_001   0.240  -5.801  -5.562
LEU01B4764_001   1.458  -4.823  -3.365
LEU01B4765_001   1.460  -4.549  -3.089
THR01B4766_001   0.247  -4.963  -4.716
THR01B4766_002   0.247  -4.963  -4.716
TRP01B4767_001   3.182  -6.668  -3.486
LEU01B4768_001   3.567  -5.734  -2.166
MET01B4769_001   0.198  -9.173  -8.974
SER01B4770_001   0.000  -3.300  -3.300
SER01B4770_002   0.000  -3.300  -3.300
ILE01B4771_001   1.969  -4.427  -2.458
ASP01B4772_001   0.100  -2.028  -1.928
ASP01B4772_002   0.100  -2.028  -1.928
ASP02B4772_003   0.164  -2.088  -1.924
ASP02B4772_004   0.164  -2.088  -1.924
ASP-1B4772_005   0.090  -1.977  -1.887
VAL01B4773_001   0.720  -5.338  -4.618
LYS01B4774_001   1.241  -6.197  -4.956
LYS+1B4774_002   1.190  -6.197  -5.007
TYR01B4775_001   5.178  -0.969   4.208
TYR-1B4775_002   5.178  -0.969   4.208
GLN01B4776_001   1.027  -1.804  -0.777
ILE01B4777_001   3.569  -4.546  -0.977
TRP01B4778_001   4.674  -0.068   4.606
LYS01B4779_001   3.258  -3.241   0.017
LYS+1B4779_002   3.208  -3.241  -0.032
PHE01B4780_001   4.267  -5.875  -1.608
VAL01B4782_001   1.327   0.000   1.327
ILE01B4783_001   2.084  -1.252   0.831
PHE01B4784_001   4.174  -6.740  -2.566
THR01B4785_001   0.240  -2.371  -2.132
THR01B4785_002   0.240  -2.371  -2.132
ASP01B4786_001   0.298  -0.869  -0.571
ASP01B4786_002   0.298  -0.869  -0.571
ASP02B4786_003   0.357  -0.827  -0.470
ASP02B4786_004   0.357  -0.827  -0.470
ASP-1B4786_005   0.260  -0.827  -0.567
ASN01B4787_001   0.528  -3.578  -3.050
ASN01B4787_002   0.257  -3.413  -3.156
SER01B4788_001   0.000  -2.443  -2.443
SER01B4788_002   0.000  -2.443  -2.443
SER01B4788_003   0.000  -2.443  -2.443
PHE01B4789_001   5.922  -1.837   4.085
LEU01B4790_001   3.584  -4.720  -1.135
TYR01B4791_001   5.635  -4.255   1.380
TYR01B4791_002   5.635  -4.255   1.380
TYR-1B4791_003   5.635  -4.255   1.380
LEU01B4792_001   1.301  -0.892   0.409
TRP01B4794_001   3.865  -8.210  -4.344
TYR01B4795_001   5.324  -0.051   5.273
TYR-1B4795_002   5.324  -0.051   5.273
MET01B4796_001  13.778  -1.007  12.771
VAL01B4797_001   0.758  -3.519  -2.761
MET01B4798_001  -0.032  -1.054  -1.086
SER01B4799_001   0.000   0.000   0.000
SER01B4799_002   0.000   0.000   0.000
SER01B4799_003   0.000   0.000   0.000
LEU01B4800_001   2.419  -5.904  -3.485
LEU01B4801_001   1.386  -3.194  -1.808
HIS01B4803_001  -0.173  -3.193  -3.366
HIS01B4803_002  -0.134  -2.772  -2.905
HIS02B4803_003  -0.191  -3.193  -3.384
HIS02B4803_004  -0.147  -2.772  -2.919
HIS+1B4803_005  -0.218  -3.193  -3.411
HIS+1B4803_006  -0.174  -2.772  -2.946
TYR01B4804_001   4.071  -9.220  -5.149
TYR-1B4804_002   4.071  -9.220  -5.149
ASN01B4805_001   0.145  -2.353  -2.208
ASN01B4805_002  -0.011  -2.069  -2.080
ASN01B4806_001   0.475  -1.905  -1.429
ASN01B4806_002   0.240  -1.801  -1.561
PHE01B4807_001   4.511 -10.978  -6.467
PHE01B4808_001   5.738  -3.419   2.319
PHE01B4809_001   3.997  -0.152   3.845
ALA01B4810_001   0.000  -1.578  -1.578
ALA01B4811_001   0.000  -0.824  -0.824
HIS01B4812_001  -0.104   0.000  -0.104
HIS02B4812_002  -0.124   0.000  -0.124
HIS+1B4812_003  -0.151   0.000  -0.151
LEU01B4813_001   4.225  -3.500   0.725
LEU01B4814_001   2.325  -6.590  -4.265
ASP01B4815_001   0.335  -0.319   0.016
ASP01B4815_002   0.335  -0.319   0.016
ASP02B4815_003   0.402  -0.319   0.083
ASP02B4815_004   0.402  -0.319   0.083
ASP-1B4815_005   0.295  -0.310  -0.015
ILE01B4816_001   3.011  -0.721   2.289
ALA01B4817_001   0.000  -2.865  -2.865
MET01B4818_001   0.098  -5.544  -5.446
VAL01B4820_001   0.750  -4.085  -3.335
LYS01B4821_001   7.533  -7.696  -0.163
LYS+1B4821_002   7.457  -7.696  -0.239
THR01B4822_001   0.360  -4.561  -4.201
LEU01B4823_001   0.965  -5.219  -4.253
ARG01B4824_001   3.624  -5.366  -1.742
ARG02B4824_002   3.592  -5.366  -1.774
ARG03B4824_003   3.652  -5.366  -1.714
ARG+1B4824_004   3.548  -5.366  -1.819
THR01B4825_001   0.393  -3.261  -2.867
THR01B4825_002   0.393  -3.261  -2.867
ILE01B4826_001   3.834  -5.711  -1.878
LEU01B4827_001   2.720  -4.736  -2.016
SER01B4828_001   0.000  -2.040  -2.040
SER01B4828_002   0.000  -2.040  -2.040
SER01B4829_001   0.000  -0.144  -0.144
SER01B4829_002   0.000  -0.144  -0.144
VAL01B4830_001   0.672  -4.684  -4.013
THR01B4831_001   0.315  -4.265  -3.950
THR01B4831_002   0.315  -4.265  -3.950
HIS01B4832_001  -0.151  -4.044  -4.195
HIS02B4832_002  -0.169  -4.044  -4.213
HIS+1B4832_003  -0.196  -4.044  -4.240
ASN01B4833_001   0.467  -0.674  -0.207
ASN01B4833_002   0.221  -0.743  -0.522
LYS01B4835_001   1.924  -7.988  -6.064
LYS+1B4835_002   1.879  -7.988  -6.109
GLN01B4836_001   2.746  -2.587   0.159
LEU01B4837_001   2.449  -1.597   0.853
VAL01B4838_001   1.111  -5.611  -4.501
MET01B4839_001   0.536  -8.094  -7.558
THR01B4840_001   0.384  -0.824  -0.440
THR01B4840_002   0.384  -0.824  -0.440
VAL01B4841_001   1.097  -4.684  -3.587
LEU01B4843_001   4.906  -5.441  -0.534
LEU01B4844_001   5.257  -2.949   2.308
ALA01B4845_001   0.000  -2.386  -2.386
VAL01B4846_001   0.782  -4.565  -3.783
VAL01B4847_001   0.816  -1.339  -0.524
VAL01B4848_001   1.640  -0.155   1.486
TYR01B4849_001   5.083  -7.293  -2.210
TYR-1B4849_002   5.083  -7.293  -2.210
LEU01B4850_001   1.628  -6.278  -4.650
TYR01B4851_001   4.685  -3.623   1.061
TYR01B4851_002   4.685  -3.623   1.061
TYR-1B4851_003   4.685  -3.623   1.061
THR01B4852_001   0.375   0.000   0.375
THR01B4852_002   0.375   0.000   0.375
THR01B4852_003   0.375   0.000   0.375
VAL01B4853_001   0.889  -2.988  -2.099
VAL01B4854_001   0.586  -2.025  -1.439
ALA01B4855_001   0.000  -0.428  -0.428
PHE01B4856_001   4.558  -2.157   2.401
ASN01B4857_001   0.314  -2.108  -1.794
ASN01B4857_002   0.125  -2.003  -1.878
PHE01B4858_001   4.323  -9.986  -5.664
PHE01B4859_001   4.513  -0.422   4.091
ARG01B4860_001   2.771  -7.108  -4.336
ARG02B4860_002   2.735  -7.108  -4.372
ARG03B4860_003   2.743  -7.108  -4.364
ARG+1B4860_004   2.695  -7.108  -4.413
LYS01B4861_001   3.110  -5.808  -2.697
LYS+1B4861_002   3.065  -5.808  -2.742
PHE01B4862_001   5.709  -1.499   4.210
TYR01B4863_001   4.885   0.000   4.885
TYR01B4863_002   4.885   0.000   4.885
TYR-1B4863_003   4.885   0.000   4.885
ASN01B4864_001   0.183  -1.309  -1.126
ASN01B4864_002   0.413  -1.339  -0.926
LYS01B4865_001   3.246  -1.319   1.928
LYS+1B4865_002   3.196  -1.319   1.877
SER01B4866_001   0.000  -3.812  -3.812
SER01B4866_002   0.000  -3.812  -3.812
GLU01B4867_001   3.233  -2.088   1.146
GLU01B4867_002   3.233  -2.088   1.146
GLU02B4867_003   2.648  -2.190   0.458
GLU02B4867_004   2.648  -2.190   0.458
GLU-1B4867_005   2.554  -2.057   0.497
ASP01B4868_001   0.417  -4.034  -3.617
ASP01B4868_002   0.417  -4.034  -3.617
ASP02B4868_003   0.472  -3.924  -3.452
ASP02B4868_004   0.472  -3.924  -3.452
ASP-1B4868_005   0.362  -3.875  -3.514
GLU01B4869_001   1.996  -3.890  -1.894
GLU01B4869_002   1.996  -3.890  -1.894
GLU02B4869_003   1.648  -3.876  -2.228
GLU02B4869_004   1.648  -3.876  -2.228
GLU-1B4869_005   1.554  -3.819  -2.265
ASP01B4870_001   0.281  -2.967  -2.686
ASP01B4870_002   0.281  -2.967  -2.686
ASP02B4870_003   0.393  -3.010  -2.617
ASP02B4870_004   0.393  -3.010  -2.617
ASP-1B4870_005   0.268  -2.860  -2.591
GLU01B4871_001   5.297  -1.528   3.770
GLU01B4871_002   5.297  -1.528   3.770
GLU02B4871_003   4.231  -1.526   2.705
GLU02B4871_004   4.231  -1.526   2.705
GLU-1B4871_005   4.161  -1.494   2.667
CTR01B4871_001  -0.021  -0.772  -0.793
CTR01B4871_002   0.090  -0.772  -0.683
CTR02B4871_003  -0.022  -0.772  -0.794
CTR02B4871_004   0.035  -0.772  -0.737
CTR-1B4871_005   0.000  -0.772  -0.772
NTR01B4872_001  -0.002  -0.673  -0.675
NTR+1B4872_002  -0.004  -0.673  -0.676
PRO01B4872_001   0.272  -5.560  -5.288
ASP01B4873_001   0.130  -1.831  -1.701
ASP01B4873_002   0.130  -1.831  -1.701
ASP02B4873_003   0.217  -1.824  -1.607
ASP02B4873_004   0.217  -1.824  -1.607
ASP-1B4873_005   0.125  -1.805  -1.679
MET01B4874_001   1.069  -1.477  -0.408
LYS01B4875_001   7.810  -1.388   6.422
LYS+1B4875_002   7.965  -1.388   6.578
CYS01B4876_001  -0.002   0.000  -0.002
CYS01B4876_002  -0.002   0.000  -0.002
CYS01B4876_003  -0.003   0.000  -0.003
CYS-1B4876_004   0.000   0.000   0.000
ASP01B4877_001   0.094  -1.885  -1.790
ASP01B4877_002   0.094  -1.885  -1.790
ASP02B4877_003   0.160  -1.782  -1.622
ASP02B4877_004   0.160  -1.782  -1.622
ASP-1B4877_005   0.087  -1.774  -1.687
ASP01B4878_001  -0.040  -1.937  -1.978
ASP01B4878_002  -0.040  -1.937  -1.978
ASP02B4878_003  -0.009  -2.131  -2.140
ASP02B4878_004  -0.009  -2.131  -2.140
ASP-1B4878_005  -0.041  -1.937  -1.978
MET01B4879_001   0.074  -4.181  -4.107
MET01B4880_001   0.813  -9.460  -8.646
THR01B4881_001   0.276  -2.001  -1.725
THR01B4881_002   0.276  -2.001  -1.725
THR01B4881_003   0.276  -2.001  -1.725
CYS01B4882_001  -0.002   0.000  -0.002
CYS01B4882_002  -0.002   0.000  -0.002
CYS01B4882_003  -0.003   0.000  -0.003
CYS-1B4882_004   0.000   0.000   0.000
TYR01B4883_001   5.609  -1.768   3.841
TYR01B4883_002   5.609  -1.768   3.841
TYR-1B4883_003   5.609  -1.768   3.841
LEU01B4884_001   2.610  -5.988  -3.379
PHE01B4885_001   6.298  -0.859   5.439
HIS01B4886_001  -0.129  -0.182  -0.311
HIS01B4886_002  -0.080  -0.064  -0.145
HIS02B4886_003  -0.148  -0.182  -0.330
HIS02B4886_004  -0.094  -0.064  -0.158
HIS+1B4886_005  -0.174  -0.182  -0.357
HIS+1B4886_006  -0.120  -0.064  -0.184
MET01B4887_001   0.849  -3.656  -2.807
TYR01B4888_001   4.825  -8.731  -3.906
TYR01B4888_002   4.825  -8.731  -3.906
TYR-1B4888_003   4.825  -8.731  -3.906
VAL01B4889_001   0.696  -0.840  -0.145
VAL01B4891_001   1.006  -0.979   0.027
ARG01B4892_001  10.611  -7.483   3.129
ARG02B4892_002  10.541  -7.483   3.059
ARG03B4892_003  10.550  -7.483   3.067
ARG+1B4892_004  10.501  -7.483   3.018
ALA01B4893_001   0.000  -0.052  -0.052
ILE01B4897_001   1.603  -0.531   1.072
ASP01B4899_001   0.137  -1.917  -1.779
ASP01B4899_002   0.137  -1.917  -1.779
ASP02B4899_003   0.221  -1.736  -1.515
ASP02B4899_004   0.221  -1.736  -1.515
ASP-1B4899_005   0.131  -1.770  -1.639
GLU01B4900_001   3.106  -1.308   1.798
GLU01B4900_002   3.106  -1.308   1.798
GLU02B4900_003   2.495  -1.379   1.116
GLU02B4900_004   2.495  -1.379   1.116
GLU-1B4900_005   2.426  -1.308   1.119
ILE01B4901_001  10.603  -0.567  10.036
GLU01B4902_001   7.649  -1.416   6.232
GLU01B4902_002   7.649  -1.416   6.232
GLU02B4902_003   6.216  -1.462   4.754
GLU02B4902_004   6.216  -1.462   4.754
GLU-1B4902_005   6.081  -1.360   4.721
ASP01B4903_001   0.100  -3.054  -2.953
ASP01B4903_002   0.100  -3.054  -2.953
ASP02B4903_003   0.177  -3.136  -2.958
ASP02B4903_004   0.177  -3.136  -2.958
ASP-1B4903_005   0.096  -2.963  -2.867
PRO01B4904_001   0.332  -1.075  -0.743
ALA01B4905_001   0.000  -2.608  -2.608
ASP01B4907_001  -0.040  -3.063  -3.103
ASP01B4907_002  -0.040  -3.063  -3.103
ASP02B4907_003  -0.009  -3.247  -3.256
ASP02B4907_004  -0.009  -3.247  -3.256
ASP-1B4907_005  -0.040  -3.078  -3.119
GLU01B4908_001   0.499  -2.469  -1.970
GLU01B4908_002   0.499  -2.469  -1.970
GLU02B4908_003   0.666  -2.414  -1.748
GLU02B4908_004   0.666  -2.414  -1.748
GLU-1B4908_005   0.468  -2.325  -1.857
TYR01B4909_001   4.011  -8.210  -4.199
TYR-1B4909_002   4.011  -8.210  -4.199
GLU01B4910_001   0.497  -1.627  -1.130
GLU01B4910_002   0.497  -1.627  -1.130
GLU02B4910_003   0.664  -1.692  -1.028
GLU02B4910_004   0.664  -1.692  -1.028
GLU-1B4910_005   0.466  -1.529  -1.063
LEU01B4911_001   3.398  -8.496  -5.098
TYR01B4912_001   4.179  -8.487  -4.308
TYR-1B4912_002   4.179  -8.487  -4.308
ARG01B4913_001  12.524  -0.834  11.689
ARG02B4913_002  12.473  -0.834  11.639
ARG03B4913_003  12.473  -0.834  11.638
ARG+1B4913_004  12.426  -0.834  11.592
VAL01B4914_001   1.184  -3.912  -2.728
VAL01B4915_001   0.831  -5.235  -4.404
PHE01B4916_001   5.114  -1.775   3.339
ASP01B4917_001   0.315  -0.689  -0.374
ASP01B4917_002   0.315  -0.689  -0.374
ASP02B4917_003   0.365  -0.636  -0.271
ASP02B4917_004   0.365  -0.636  -0.271
ASP-1B4917_005   0.271  -0.612  -0.340
ILE01B4918_001   3.438  -5.373  -1.935
THR01B4919_001   0.307  -1.973  -1.666
PHE01B4920_001   5.619   0.000   5.619
PHE01B4921_001   5.264  -1.970   3.294
PHE01B4922_001   4.889  -5.257  -0.368
PHE01B4923_001   4.403  -9.254  -4.851
VAL01B4924_001   1.484  -1.217   0.267
ILE01B4925_001   5.145  -0.464   4.682
VAL01B4926_001   0.771  -4.256  -3.485
ILE01B4927_001   4.063  -4.720  -0.657
LEU01B4928_001   2.849  -0.412   2.437
LEU01B4929_001   3.325  -5.869  -2.544
ALA01B4930_001   0.000  -3.294  -3.294
ILE01B4931_001   3.868  -3.947  -0.079
ILE01B4932_001   6.526  -2.814   3.712
GLN01B4933_001   5.820  -2.754   3.067
LEU01B4935_001   2.129  -2.266  -0.137
ILE01B4936_001   4.027  -2.163   1.864
ILE01B4937_001   4.779  -5.624  -0.845
ASP01B4938_001   0.342  -3.234  -2.893
ASP01B4938_002   0.342  -3.234  -2.893
ASP02B4938_003   0.365  -3.189  -2.824
ASP02B4938_004   0.365  -3.189  -2.824
ASP-1B4938_005   0.282  -3.127  -2.845
ALA01B4939_001   0.000   0.000   0.000
PHE01B4940_001   5.663  -5.474   0.188
GLU01B4942_001   2.160  -2.140   0.020
GLU01B4942_002   2.160  -2.140   0.020
GLU02B4942_003   1.751  -2.087  -0.335
GLU02B4942_004   1.751  -2.087  -0.335
GLU-1B4942_005   1.666  -2.188  -0.522
LEU01B4943_001   1.648  -3.245  -1.597
ARG01B4944_001   4.977  -9.066  -4.089
ARG02B4944_002   4.997  -9.066  -4.069
ARG03B4944_003   4.918  -9.066  -4.148
ARG+1B4944_004   4.878  -9.066  -4.187
ASP01B4945_001   0.129  -2.656  -2.526
ASP01B4945_002   0.129  -2.656  -2.526
ASP02B4945_003   0.216  -2.723  -2.507
ASP02B4945_004   0.216  -2.723  -2.507
ASP-1B4945_005   0.124  -2.619  -2.495
GLN01B4946_001   1.442  -1.777  -0.334
GLN01B4946_002   1.149  -1.630  -0.481
GLN01B4947_001   1.004  -2.728  -1.725
GLN01B4947_002   1.185  -2.580  -1.396
GLU01B4948_001   7.776  -2.658   5.118
GLU01B4948_002   7.776  -2.658   5.118
GLU02B4948_003   6.260  -2.611   3.649
GLU02B4948_004   6.260  -2.611   3.649
GLU-1B4948_005   6.174  -2.510   3.664
CTR01B4948_001  -0.021  -1.805  -1.826
CTR01B4948_002   0.099  -1.612  -1.514
CTR02B4948_003  -0.022  -1.631  -1.653
CTR02B4948_004   0.038  -1.689  -1.651
CTR-1B4948_005   0.000  -1.631  -1.631
NTR01B4952_001  -0.003  -2.835  -2.837
NTR+1B4952_002  -0.005  -2.729  -2.733
CTR01B4952_001  -0.021  -5.029  -5.050
CTR01B4952_002   0.101  -4.547  -4.445
CTR02B4952_003  -0.022  -4.836  -4.858
CTR02B4952_004   0.039  -4.643  -4.604
CTR-1B4952_005   0.000  -4.836  -4.836
GLU01B4952_001   7.772  -3.290   4.482
GLU01B4952_002   7.772  -3.290   4.482
GLU02B4952_003   6.178  -3.452   2.726
GLU02B4952_004   6.178  -3.452   2.726
GLU-1B4952_005   6.121  -3.319   2.802
NTR01B4957_001  -0.003  -3.236  -3.239
NTR+1B4957_002  -0.005  -3.236  -3.241
LYS01B4957_001   3.015 -10.531  -7.516
LYS+1B4957_002   2.967 -10.531  -7.564
CYS01B4958_001  -0.002  -3.826  -3.827
CYS01B4958_002  -0.002  -3.826  -3.827
CYS01B4958_003  -0.002  -3.826  -3.828
CYS-1B4958_004   0.000  -3.826  -3.826
CTR01B4958_001  -0.021  -3.716  -3.738
CTR01B4958_002   0.127  -3.813  -3.686
CTR02B4958_003  -0.023  -3.813  -3.835
CTR02B4958_004   0.050  -3.832  -3.782
CTR-1B4958_005   0.000  -3.716  -3.716
NTR01B4981_001  -0.003  -3.746  -3.750
NTR+1B4981_002  -0.005  -3.746  -3.752
GLU01B4981_001   3.312  -1.131   2.180
GLU01B4981_002   3.312  -1.131   2.180
GLU02B4981_003   2.846  -1.152   1.694
GLU02B4981_004   2.846  -1.152   1.694
GLU-1B4981_005   2.700  -1.152   1.547
GLU01B4982_001   3.647  -2.487   1.160
GLU01B4982_002   3.647  -2.487   1.160
GLU02B4982_003   2.893  -2.395   0.498
GLU02B4982_004   2.893  -2.395   0.498
GLU-1B4982_005   2.832  -2.309   0.524
CTR01B4982_001  -0.021  -2.442  -2.463
CTR01B4982_002   0.117  -2.520  -2.402
CTR02B4982_003  -0.022  -2.500  -2.523
CTR02B4982_004   0.047  -2.365  -2.318
CTR-1B4982_005   0.000  -2.442  -2.442
NTR01B4986_001  -0.003  -1.349  -1.352
NTR+1B4986_002  -0.005  -1.349  -1.354
ALA01B4986_001   0.000  -1.391  -1.391
ASN01B4987_001   0.220  -1.043  -0.824
TYR01B4988_001   5.848  -4.862   0.986
TYR-1B4988_002   5.848  -4.862   0.986
MET01B4989_001   1.141  -0.382   0.759
PHE01B4990_001   5.427  -0.606   4.821
PHE01B4991_001   6.310  -2.139   4.171
LEU01B4992_001   4.369  -0.876   3.493
MET01B4993_001  10.491  -0.479  10.012
TYR01B4994_001   5.881  -2.697   3.184
TYR01B4994_002   5.881  -2.697   3.184
TYR-1B4994_003   5.881  -2.697   3.184
LEU01B4995_001   3.049  -1.149   1.900
ILE01B4996_001   5.208  -2.981   2.227
ASN01B4997_001   0.470  -1.775  -1.305
ASN01B4997_002   0.207  -1.760  -1.552
LYS01B4998_001   1.295  -1.451  -0.156
LYS+1B4998_002   1.251  -1.451  -0.200
ASP01B4999_001   0.156  -2.704  -2.548
ASP01B4999_002   0.156  -2.704  -2.548
ASP02B4999_003   0.232  -2.812  -2.580
ASP02B4999_004   0.232  -2.812  -2.580
ASP-1B4999_005   0.143  -2.722  -2.579
GLU01B5000_001   3.382  -3.401  -0.019
GLU01B5000_002   3.382  -3.401  -0.019
GLU02B5000_003   2.722  -3.544  -0.821
GLU02B5000_004   2.722  -3.544  -0.821
GLU-1B5000_005   2.643  -3.363  -0.721
THR01B5001_001   0.273  -5.028  -4.755
THR01B5001_002   0.273  -5.028  -4.755
GLU01B5002_001   0.869  -2.784  -1.915
GLU01B5002_002   0.869  -2.784  -1.915
GLU02B5002_003   0.788  -2.816  -2.028
GLU02B5002_004   0.788  -2.816  -2.028
GLU-1B5002_005   0.675  -2.730  -2.056
HIS01B5003_001  -0.219  -1.168  -1.386
HIS01B5003_002  -0.179  -1.484  -1.663
HIS02B5003_003  -0.235  -1.168  -1.403
HIS02B5003_004  -0.193  -1.484  -1.677
HIS+1B5003_005  -0.262  -1.168  -1.430
HIS+1B5003_006  -0.220  -1.484  -1.704
THR01B5004_001   0.226  -2.530  -2.303
THR01B5004_002   0.226  -2.530  -2.303
THR01B5004_003   0.226  -2.530  -2.303
GLN01B5006_001   2.673  -0.698   1.974
GLN01B5006_002   4.259  -0.752   3.507
GLU01B5007_001   4.018  -0.640   3.378
GLU01B5007_002   4.018  -0.640   3.378
GLU02B5007_003   3.212  -0.612   2.600
GLU02B5007_004   3.212  -0.612   2.600
GLU-1B5007_005   3.147  -0.564   2.583
SER01B5008_001   0.000  -1.933  -1.933
SER01B5008_002   0.000  -1.933  -1.933
SER01B5008_003   0.000  -1.933  -1.933
CTR01B5008_001  -0.021  -1.525  -1.546
CTR01B5008_002   0.090  -1.371  -1.281
CTR02B5008_003  -0.022  -1.448  -1.470
CTR02B5008_004   0.034  -1.525  -1.491
CTR-1B5008_005   0.000  -1.448  -1.448
NTR01B5012_001  -0.003  -1.453  -1.456
NTR+1B5012_002  -0.005  -1.453  -1.458
CTR01B5012_001  -0.021  -1.525  -1.546
CTR01B5012_002   0.112  -1.332  -1.220
CTR02B5012_003  -0.022  -1.390  -1.412
CTR02B5012_004   0.045  -1.390  -1.345
CTR-1B5012_005   0.000  -1.332  -1.332
LYS01B5012_001   6.588  -9.176  -2.588
LYS+1B5012_002   6.630  -9.176  -2.546
NTR01B5014_001  -0.003  -0.838  -0.841
NTR01B5014_002  -0.002  -0.838  -0.841
NTR+1B5014_003  -0.005  -0.838  -0.843
CTR01B5014_001  -0.021  -1.100  -1.121
CTR01B5014_002   0.096  -1.178  -1.082
CTR02B5014_003  -0.022  -1.100  -1.122
CTR02B5014_004   0.037  -1.313  -1.276
CTR-1B5014_005   0.000  -1.100  -1.100
TYR01B5014_001   5.282  -3.312   1.970
TYR01B5014_002   5.282  -3.312   1.970
TYR-1B5014_003   5.282  -3.312   1.970
NTR01B5016_001  -0.003  -0.913  -0.916
NTR+1B5016_002  -0.005  -0.913  -0.918
GLU01B5016_001   1.711  -2.830  -1.119
GLU01B5016_002   1.711  -2.830  -1.119
GLU02B5016_003   1.501  -2.922  -1.421
GLU02B5016_004   1.501  -2.922  -1.421
GLU-1B5016_005   1.365  -2.885  -1.521
ARG01B5017_001  15.068  -1.366  13.702
ARG02B5017_002  14.991  -1.366  13.625
ARG03B5017_003  15.049  -1.366  13.683
ARG+1B5017_004  14.943  -1.366  13.577
CYS01B5018_001  -0.002  -3.415  -3.416
CYS01B5018_002  -0.002  -3.415  -3.416
CYS01B5018_003  -0.002  -3.415  -3.417
CYS-1B5018_004   0.000  -3.415  -3.415
TRP01B5019_001   4.843  -3.147   1.697
ASP01B5020_001   0.616  -2.896  -2.280
ASP01B5020_002   0.616  -2.896  -2.280
ASP02B5020_003   0.642  -2.843  -2.201
ASP02B5020_004   0.642  -2.843  -2.201
ASP-1B5020_005   0.522  -2.799  -2.277
CTR01B5020_001  -0.021  -2.674  -2.695
CTR01B5020_002   0.106  -2.655  -2.548
CTR02B5020_003  -0.022  -2.771  -2.793
CTR02B5020_004   0.041  -2.693  -2.652
CTR-1B5020_005   0.000  -2.616  -2.616
NTR01B5027_001  -0.003  -1.966  -1.969
NTR+1B5027_002  -0.005  -1.995  -1.999
CTR01B5027_001  -0.021  -2.317  -2.338
CTR01B5027_002   0.137  -2.336  -2.199
CTR02B5027_003  -0.023  -2.317  -2.339
CTR02B5027_004   0.057  -2.240  -2.183
CTR-1B5027_005   0.000  -2.317  -2.317
CYS01B5027_001  -0.002  -3.386  -3.388
CYS01B5027_002  -0.002  -3.386  -3.388
CYS01B5027_003  -0.003  -3.386  -3.388
CYS-1B5027_004   0.000  -3.386  -3.386
NTR01B5031_001  -0.003  -2.561  -2.564
NTR+1B5031_002  -0.005  -2.561  -2.566
GLN01B5031_001   1.509  -1.865  -0.357
GLN01B5031_002   1.196  -1.983  -0.787
TYR01B5032_001   5.685  -7.917  -2.232
TYR-1B5032_002   5.685  -7.917  -2.232
GLU01B5033_001   5.197  -3.917   1.280
GLU01B5033_002   5.197  -3.917   1.280
GLU02B5033_003   4.162  -3.843   0.319
GLU02B5033_004   4.162  -3.843   0.319
GLU-1B5033_005   4.096  -3.742   0.353
ASP01B5034_001  -0.040  -3.061  -3.101
ASP01B5034_002  -0.040  -3.061  -3.101
ASP02B5034_003  -0.008  -3.213  -3.222
ASP02B5034_004  -0.008  -3.213  -3.222
ASP-1B5034_005  -0.040  -3.044  -3.084
GLN01B5035_001   1.441  -2.507  -1.066
LEU01B5036_001   2.717  -5.801  -3.084
SER01B5037_001   0.000  -3.220  -3.220
SER01B5037_002   0.000  -3.220  -3.220
SER01B5037_003   0.000  -3.220  -3.220
CTR01B5037_001  -0.021  -4.035  -4.056
CTR01B5037_002   0.099  -4.112  -4.013
CTR02B5037_003  -0.022  -4.190  -4.212
CTR02B5037_004   0.036  -4.170  -4.134
CTR-1B5037_005   0.000  -4.035  -4.035
_ZN+2B5101_001   0.000  -2.826  -2.826
_CA+2B5102_001   0.000  -0.744  -0.744
