   confID        vdw0    sas     sum
NTR01B3639_001  -0.003  -3.161  -3.164
NTR+1B3639_002  -0.005  -3.161  -3.166
THR01B3639_001   0.169  -4.198  -4.029
PRO01B3640_001   0.273  -3.144  -2.871
LEU01B3641_001   2.053  -9.832  -7.779
TYR01B3642_001   4.463 -10.093  -5.629
TYR01B3642_002   4.463 -10.093  -5.629
TYR-1B3642_003   4.463 -10.093  -5.629
ASN01B3643_001   0.321  -2.755  -2.434
ASN01B3643_002   0.099  -2.532  -2.433
LEU01B3644_001   1.786  -2.727  -0.941
PRO01B3645_001   0.259  -3.413  -3.154
THR01B3646_001   0.248  -7.035  -6.787
HIS01B3647_001  -0.166  -8.318  -8.483
HIS01B3647_002  -0.126  -8.604  -8.730
HIS02B3647_003  -0.184  -8.318  -8.501
HIS02B3647_004  -0.139  -8.604  -8.743
HIS+1B3647_005  -0.211  -8.318  -8.528
HIS+1B3647_006  -0.165  -8.604  -8.770
ARG01B3648_001   2.159  -8.411  -6.252
ARG02B3648_002   2.135  -8.411  -6.276
ARG03B3648_003   2.144  -8.411  -6.268
ARG+1B3648_004   2.096  -8.411  -6.315
ALA01B3649_001   0.000  -1.320  -1.320
CYS01B3650_001  -0.002  -4.021  -4.023
CYS01B3650_002  -0.002  -4.021  -4.023
CYS01B3650_003  -0.002  -4.021  -4.024
CYS-1B3650_004   0.000  -4.021  -4.021
ASN01B3651_001   0.464  -2.852  -2.388
ASN01B3651_002   0.223  -3.054  -2.831
MET01B3652_001   0.395  -6.680  -6.285
PHE01B3653_001   4.528  -9.115  -4.587
LEU01B3654_001   1.795  -7.379  -5.584
GLU01B3655_001   1.708  -3.171  -1.463
GLU01B3655_002   1.708  -3.171  -1.463
GLU02B3655_003   1.408  -3.260  -1.852
GLU02B3655_004   1.408  -3.260  -1.852
GLU-1B3655_005   1.318  -3.070  -1.752
SER01B3656_001   0.000  -3.540  -3.540
SER01B3656_002   0.000  -3.540  -3.540
TYR01B3657_001   4.728  -5.849  -1.121
TYR-1B3657_002   4.728  -5.849  -1.121
LYS01B3658_001   1.945  -7.824  -5.878
LYS+1B3658_002   1.898  -7.824  -5.925
ALA01B3659_001   0.000  -4.926  -4.926
ALA01B3660_001   0.000  -2.489  -2.489
TRP01B3661_001   2.836  -4.823  -1.987
ILE01B3662_001   1.688 -10.811  -9.123
LEU01B3663_001   2.738  -6.040  -3.301
THR01B3664_001   0.187  -5.242  -5.055
THR01B3664_002   0.187  -5.242  -5.055
GLU01B3665_001   1.450  -2.836  -1.386
GLU01B3665_002   1.450  -2.836  -1.386
GLU02B3665_003   1.198  -2.932  -1.734
GLU02B3665_004   1.198  -2.932  -1.734
GLU-1B3665_005   1.109  -2.810  -1.701
ASP01B3666_001   0.444  -1.618  -1.174
ASP01B3666_002   0.444  -1.618  -1.174
ASP02B3666_003   0.495  -1.651  -1.156
ASP02B3666_004   0.495  -1.651  -1.156
ASP-1B3666_005   0.383  -1.572  -1.188
HIS01B3667_001  -0.150  -5.546  -5.697
HIS01B3667_002  -0.105  -5.662  -5.767
HIS02B3667_003  -0.169  -5.546  -5.716
HIS02B3667_004  -0.118  -5.662  -5.780
HIS+1B3667_005  -0.196  -5.546  -5.742
HIS+1B3667_006  -0.144  -5.662  -5.806
SER01B3668_001   0.000  -3.365  -3.365
SER01B3668_002   0.000  -3.365  -3.365
PHE01B3669_001   4.503  -6.189  -1.686
GLU01B3670_001   0.770  -0.357   0.412
GLU01B3670_002   0.770  -0.357   0.412
GLU02B3670_003   0.636  -0.339   0.297
GLU02B3670_004   0.636  -0.339   0.297
GLU-1B3670_005   0.569  -0.357   0.211
ASP01B3671_001   0.073  -0.461  -0.388
ASP01B3671_002   0.073  -0.461  -0.388
ASP02B3671_003   0.144  -0.471  -0.327
ASP02B3671_004   0.144  -0.471  -0.327
ASP-1B3671_005   0.069  -0.461  -0.392
ARG01B3672_001   3.080 -10.196  -7.116
ARG02B3672_002   3.036 -10.196  -7.159
ARG03B3672_003   3.028 -10.196  -7.167
ARG+1B3672_004   2.988 -10.196  -7.207
MET01B3673_001   0.205  -3.505  -3.299
ILE01B3674_001   4.381   0.000   4.381
ASP01B3675_001   0.194  -0.724  -0.530
ASP01B3675_002   0.194  -0.724  -0.530
ASP02B3675_003   0.283  -0.807  -0.524
ASP02B3675_004   0.283  -0.807  -0.524
ASP-1B3675_005   0.183  -0.754  -0.571
ASP01B3676_001   0.053  -1.767  -1.714
ASP01B3676_002   0.053  -1.767  -1.714
ASP02B3676_003   0.117  -1.797  -1.680
ASP02B3676_004   0.117  -1.797  -1.680
ASP-1B3676_005   0.049  -1.731  -1.681
LEU01B3677_001   1.868  -2.369  -0.501
SER01B3678_001   0.000  -0.637  -0.637
SER01B3678_002   0.000  -0.637  -0.637
LYS01B3679_001   1.352  -8.236  -6.884
LYS+1B3679_002   1.267  -8.236  -6.969
ALA01B3680_001   0.000  -3.242  -3.242
GLU01B3682_001   0.500  -3.228  -2.728
GLU01B3682_002   0.500  -3.228  -2.728
GLU02B3682_003   0.666  -3.063  -2.397
GLU02B3682_004   0.666  -3.063  -2.397
GLU-1B3682_005   0.468  -3.152  -2.684
GLN01B3683_001   0.453  -0.986  -0.533
GLU01B3684_001   0.497  -3.871  -3.374
GLU01B3684_002   0.497  -3.871  -3.374
GLU02B3684_003   0.664  -3.857  -3.193
GLU02B3684_004   0.664  -3.857  -3.193
GLU-1B3684_005   0.466  -3.816  -3.349
GLU01B3685_001   0.498  -4.456  -3.957
GLU01B3685_002   0.498  -4.456  -3.957
GLU02B3685_003   0.665  -4.468  -3.803
GLU02B3685_004   0.665  -4.468  -3.803
GLU-1B3685_005   0.467  -4.341  -3.873
GLU01B3686_001   0.498  -2.850  -2.351
GLU01B3686_002   0.498  -2.850  -2.351
GLU02B3686_003   0.665  -2.845  -2.180
GLU02B3686_004   0.665  -2.845  -2.180
GLU-1B3686_005   0.467  -2.726  -2.259
GLU01B3687_001   0.499  -2.355  -1.856
GLU01B3687_002   0.499  -2.355  -1.856
GLU02B3687_003   0.665  -2.239  -1.573
GLU02B3687_004   0.665  -2.239  -1.573
GLU-1B3687_005   0.468  -2.309  -1.841
GLU01B3688_001   0.497  -4.126  -3.629
GLU01B3688_002   0.497  -4.126  -3.629
GLU02B3688_003   0.663  -3.987  -3.323
GLU02B3688_004   0.663  -3.987  -3.323
GLU-1B3688_005   0.466  -3.953  -3.487
GLU01B3689_001   0.499  -4.151  -3.652
GLU01B3689_002   0.499  -4.151  -3.652
GLU02B3689_003   0.666  -4.104  -3.438
GLU02B3689_004   0.666  -4.104  -3.438
GLU-1B3689_005   0.468  -4.087  -3.619
VAL01B3690_001   0.499  -3.123  -2.624
GLU01B3691_001   0.500  -4.526  -4.026
GLU01B3691_002   0.500  -4.526  -4.026
GLU02B3691_003   0.666  -4.457  -3.791
GLU02B3691_004   0.666  -4.457  -3.791
GLU-1B3691_005   0.469  -4.349  -3.881
GLU01B3692_001   0.496  -3.869  -3.373
GLU01B3692_002   0.496  -3.869  -3.373
GLU02B3692_003   0.662  -3.754  -3.091
GLU02B3692_004   0.662  -3.754  -3.091
GLU-1B3692_005   0.465  -3.501  -3.036
LYS01B3693_001   3.775  -7.599  -3.824
LYS+1B3693_002   3.680  -7.599  -3.919
LYS01B3694_001   1.477  -4.493  -3.016
LYS+1B3694_002   1.392  -4.493  -3.101
PRO01B3695_001   0.271  -2.046  -1.774
ASP01B3696_001   0.164  -0.457  -0.293
ASP01B3696_002   0.164  -0.457  -0.293
ASP02B3696_003   0.248  -0.500  -0.252
ASP02B3696_004   0.248  -0.500  -0.252
ASP-1B3696_005   0.154  -0.413  -0.259
PRO01B3697_001   0.256  -2.849  -2.593
LEU01B3698_001   1.978   0.000   1.978
HIS01B3699_001  -0.146  -1.978  -2.124
HIS01B3699_002  -0.103  -2.242  -2.345
HIS02B3699_003  -0.165  -1.978  -2.143
HIS02B3699_004  -0.116  -2.242  -2.358
HIS+1B3699_005  -0.192  -1.978  -2.170
HIS+1B3699_006  -0.142  -2.242  -2.384
GLN01B3700_001   1.304  -2.445  -1.141
GLN01B3700_002   2.175  -2.435  -0.261
LEU01B3701_001   3.359  -1.442   1.917
VAL01B3702_001   0.699   0.000   0.699
LEU01B3703_001   1.698  -4.752  -3.054
HIS01B3704_001  -0.141  -6.805  -6.946
HIS01B3704_002  -0.095  -6.525  -6.619
HIS02B3704_003  -0.160  -6.805  -6.965
HIS02B3704_004  -0.108  -6.525  -6.632
HIS+1B3704_005  -0.187  -6.805  -6.992
HIS+1B3704_006  -0.134  -6.525  -6.659
PHE01B3705_001   4.409  -0.101   4.308
SER01B3706_001   0.000  -1.529  -1.529
SER01B3706_002   0.000  -1.529  -1.529
ARG01B3707_001   2.310 -11.002  -8.693
ARG02B3707_002   2.295 -11.002  -8.707
ARG03B3707_003   2.290 -11.002  -8.712
ARG+1B3707_004   2.248 -11.002  -8.755
THR01B3708_001   0.210  -2.461  -2.251
ALA01B3709_001   0.000   0.000   0.000
LEU01B3710_001   1.503  -6.400  -4.897
THR01B3711_001   0.194  -4.873  -4.679
GLU01B3712_001   4.500  -3.851   0.649
GLU01B3712_002   4.500  -3.851   0.649
GLU02B3712_003   3.622  -3.922  -0.300
GLU02B3712_004   3.622  -3.922  -0.300
GLU-1B3712_005   3.558  -3.810  -0.252
LYS01B3713_001   1.790  -4.513  -2.724
LYS+1B3713_002   1.742  -4.513  -2.772
SER01B3714_001   0.000  -4.931  -4.931
LYS01B3715_001   1.522  -9.289  -7.766
LYS+1B3715_002   1.475  -9.289  -7.813
LEU01B3716_001   1.673  -0.686   0.987
ASP01B3717_001   0.151  -2.387  -2.236
ASP01B3717_002   0.151  -2.387  -2.236
ASP02B3717_003   0.232  -2.508  -2.276
ASP02B3717_004   0.232  -2.508  -2.276
ASP-1B3717_005   0.142  -2.403  -2.261
GLU01B3718_001   1.960  -2.773  -0.813
GLU01B3718_002   1.960  -2.773  -0.813
GLU02B3718_003   1.595  -2.807  -1.212
GLU02B3718_004   1.595  -2.807  -1.212
GLU-1B3718_005   1.513  -2.794  -1.281
ASP01B3719_001   0.054  -0.897  -0.843
ASP01B3719_002   0.054  -0.897  -0.843
ASP02B3719_003   0.120  -0.908  -0.788
ASP02B3719_004   0.120  -0.908  -0.788
ASP-1B3719_005   0.051  -0.861  -0.810
TYR01B3720_001   4.510 -12.016  -7.507
TYR-1B3720_002   4.510 -12.016  -7.507
LEU01B3721_001   3.085  -6.075  -2.990
TYR01B3722_001   4.668   0.000   4.668
TYR-1B3722_002   4.668   0.000   4.668
MET01B3723_001   0.117  -1.388  -1.271
ALA01B3724_001   0.000  -1.320  -1.320
TYR01B3725_001   4.588  -2.883   1.705
TYR-1B3725_002   4.588  -2.883   1.705
ALA01B3726_001   0.000   0.000   0.000
ASP01B3727_001   0.069  -1.737  -1.668
ASP01B3727_002   0.069  -1.737  -1.668
ASP02B3727_003   0.139  -1.797  -1.658
ASP02B3727_004   0.139  -1.797  -1.658
ASP-1B3727_005   0.065  -1.723  -1.657
ILE01B3728_001   2.969  -0.515   2.454
MET01B3729_001   0.080  -0.071   0.008
ALA01B3730_001   0.000  -0.412  -0.412
LYS01B3731_001   1.594  -3.641  -2.048
LYS+1B3731_002   1.509  -3.641  -2.132
SER01B3732_001   0.000   0.000   0.000
SER01B3732_002   0.000   0.000   0.000
SER01B3732_003   0.000   0.000   0.000
CYS01B3733_001  -0.002   0.000  -0.002
CYS01B3733_002  -0.002   0.000  -0.002
CYS01B3733_003  -0.002   0.000  -0.002
CYS-1B3733_004   0.000   0.000   0.000
HIS01B3734_001  -0.354  -2.491  -2.845
HIS02B3734_002  -0.363  -2.491  -2.854
HIS+1B3734_003  -0.383  -2.491  -2.874
LEU01B3735_001   1.457  -1.046   0.411
GLU01B3736_001   0.500  -0.036   0.464
GLU01B3736_002   0.500  -0.036   0.464
GLU02B3736_003   0.666  -0.034   0.632
GLU02B3736_004   0.666  -0.034   0.632
GLU-1B3736_005   0.468  -0.034   0.434
GLU01B3737_001   0.500  -1.353  -0.853
GLU01B3737_002   0.500  -1.353  -0.853
GLU02B3737_003   0.667  -1.322  -0.655
GLU02B3737_004   0.667  -1.322  -0.655
GLU-1B3737_005   0.469  -1.322  -0.854
GLU01B3740_001   0.498  -1.220  -0.722
GLU01B3740_002   0.498  -1.220  -0.722
GLU02B3740_003   0.665  -1.241  -0.576
GLU02B3740_004   0.665  -1.241  -0.576
GLU-1B3740_005   0.467  -1.201  -0.734
ASN01B3741_001  -0.020  -1.972  -1.992
CTR01B3741_001  -0.021  -4.740  -4.761
CTR01B3741_002   0.109  -4.837  -4.728
CTR02B3741_003  -0.022  -4.836  -4.859
CTR02B3741_004   0.043  -4.952  -4.910
CTR-1B3741_005   0.000  -4.740  -4.740
NTR01B3747_001  -0.003  -3.908  -3.911
NTR+1B3747_002  -0.005  -3.908  -3.913
GLU01B3747_001   0.495  -4.876  -4.381
GLU01B3747_002   0.495  -4.876  -4.381
GLU02B3747_003   0.661  -4.858  -4.196
GLU02B3747_004   0.661  -4.858  -4.196
GLU-1B3747_005   0.464  -4.698  -4.234
GLU01B3748_001   0.501  -3.561  -3.059
GLU01B3748_002   0.501  -3.561  -3.059
GLU02B3748_003   0.668  -3.433  -2.765
GLU02B3748_004   0.668  -3.433  -2.765
GLU-1B3748_005   0.470  -3.363  -2.893
VAL01B3749_001   0.498  -8.754  -8.256
GLU01B3750_001   1.700  -3.264  -1.564
GLU01B3750_002   1.700  -3.264  -1.564
GLU02B3750_003   1.400  -3.395  -1.996
GLU02B3750_004   1.400  -3.395  -1.996
GLU-1B3750_005   1.309  -3.345  -2.035
VAL01B3751_001   0.687  -3.432  -2.745
SER01B3752_001   0.000  -2.996  -2.996
SER01B3752_002   0.000  -2.996  -2.996
PHE01B3753_001   4.710  -4.617   0.093
GLU01B3754_001   1.715  -1.474   0.241
GLU01B3754_002   1.715  -1.474   0.241
GLU02B3754_003   1.418  -1.515  -0.097
GLU02B3754_004   1.418  -1.515  -0.097
GLU-1B3754_005   1.325  -1.515  -0.189
GLU01B3755_001   1.773  -2.344  -0.570
GLU01B3755_002   1.773  -2.344  -0.570
GLU02B3755_003   1.464  -2.354  -0.889
GLU02B3755_004   1.464  -2.354  -0.889
GLU-1B3755_005   1.371  -2.300  -0.928
LYS01B3756_001   2.974  -4.056  -1.083
LYS+1B3756_002   2.910  -4.056  -1.146
GLU01B3757_001   1.905  -1.133   0.772
GLU01B3757_002   1.905  -1.133   0.772
GLU02B3757_003   1.559  -1.028   0.532
GLU02B3757_004   1.559  -1.028   0.532
GLU-1B3757_005   1.471  -1.034   0.438
MET01B3758_001   0.009  -1.567  -1.558
GLU01B3759_001   3.189  -0.667   2.522
GLU01B3759_002   3.189  -0.667   2.522
GLU02B3759_003   2.600  -0.676   1.924
GLU02B3759_004   2.600  -0.676   1.924
GLU-1B3759_005   2.528  -0.655   1.874
LYS01B3760_001   2.899  -2.838   0.061
LYS+1B3760_002   2.852  -2.838   0.013
GLN01B3761_001   0.717  -0.926  -0.210
GLN01B3761_002   0.605  -0.981  -0.375
ARG01B3762_001   2.521  -2.200   0.321
ARG02B3762_002   2.533  -2.200   0.333
ARG03B3762_003   2.470  -2.200   0.270
ARG+1B3762_004   2.425  -2.200   0.226
LEU01B3763_001   1.517  -0.428   1.089
LEU01B3764_001   1.383  -5.013  -3.630
TYR01B3765_001   4.801  -3.743   1.059
TYR01B3765_002   4.801  -3.743   1.059
TYR-1B3765_003   4.801  -3.743   1.059
GLN01B3766_001   2.324  -0.039   2.285
GLN01B3766_002   3.891  -0.034   3.857
GLN01B3767_001   1.293  -0.078   1.215
GLN01B3767_002   0.948  -0.039   0.909
SER01B3768_001   0.000  -3.259  -3.259
SER01B3768_002   0.000  -3.259  -3.259
ARG01B3769_001   2.269  -0.193   2.077
ARG02B3769_002   2.263  -0.193   2.070
ARG03B3769_003   2.196  -0.193   2.003
ARG03B3769_004   2.201  -0.193   2.009
ARG+1B3769_005   2.157  -0.193   1.964
LEU01B3770_001   1.540   0.000   1.540
HIS01B3771_001  -0.132  -2.805  -2.937
HIS01B3771_002  -0.084  -2.478  -2.562
HIS02B3771_003  -0.151  -2.805  -2.956
HIS02B3771_004  -0.097  -2.478  -2.575
HIS+1B3771_005  -0.178  -2.805  -2.983
HIS+1B3771_006  -0.123  -2.478  -2.601
THR01B3772_001   0.224  -1.091  -0.867
THR01B3772_002   0.224  -1.091  -0.867
THR01B3772_003   0.224  -1.091  -0.867
ARG01B3773_001   1.721  -9.112  -7.391
ARG02B3773_002   1.792  -9.112  -7.320
ARG03B3773_003   1.701  -9.112  -7.411
ARG+1B3773_004   1.658  -9.112  -7.454
ALA01B3775_001   0.000   0.000   0.000
ALA01B3776_001   0.000   0.000   0.000
GLU01B3777_001   2.820  -1.421   1.400
GLU01B3777_002   2.820  -1.421   1.400
GLU02B3777_003   2.247  -1.267   0.980
GLU02B3777_004   2.247  -1.267   0.980
GLU-1B3777_005   2.180  -1.378   0.802
MET01B3778_001   0.372   0.000   0.372
VAL01B3779_001   0.783  -0.052   0.732
LEU01B3780_001   2.176   0.000   2.176
GLN01B3781_001   1.834  -0.480   1.353
GLN01B3781_002   3.017  -0.512   2.505
MET01B3782_001   0.911  -0.096   0.815
ILE01B3783_001   2.231  -0.206   2.025
SER01B3784_001   0.000  -1.204  -1.204
SER01B3784_002   0.000  -1.204  -1.204
ALA01B3785_001   0.000  -0.155  -0.155
CYS01B3786_001  -0.002  -0.071  -0.073
CYS01B3786_002  -0.002  -0.071  -0.073
CYS01B3786_003  -0.002  -0.071  -0.074
CYS-1B3786_004   0.000  -0.071  -0.071
LYS01B3787_001   1.048  -6.054  -5.006
LYS+1B3787_002   1.001  -6.054  -5.053
GLU01B3789_001   1.820  -1.522   0.298
GLU01B3789_002   1.820  -1.522   0.298
GLU02B3789_003   1.505  -1.537  -0.032
GLU02B3789_004   1.505  -1.537  -0.032
GLU-1B3789_005   1.429  -1.545  -0.116
THR01B3790_001   0.222  -2.656  -2.434
ALA01B3792_001   0.000  -3.258  -3.258
MET01B3793_001   0.390  -0.299   0.092
VAL01B3794_001   0.629   0.000   0.629
SER01B3795_001   0.000  -0.989  -0.989
SER01B3795_002   0.000  -0.989  -0.989
SER01B3796_001   0.000  -0.898  -0.898
SER01B3796_002   0.000  -0.898  -0.898
SER01B3796_003   0.000  -0.898  -0.898
THR01B3797_001   0.234  -0.052   0.183
THR01B3797_002   0.234  -0.052   0.183
LEU01B3798_001   2.157  -0.155   2.003
LYS01B3799_001   1.348  -4.380  -3.033
LYS+1B3799_002   1.301  -4.380  -3.079
LEU01B3800_001   1.803   0.000   1.803
ILE01B3802_001   2.744  -0.686   2.058
SER01B3803_001   0.000  -0.241  -0.241
SER01B3803_002   0.000  -0.241  -0.241
SER01B3803_003   0.000  -0.241  -0.241
ILE01B3804_001   3.341   0.000   3.341
LEU01B3805_001   2.197   0.000   2.197
ASN01B3806_001   0.149  -0.556  -0.407
ASN01B3806_002  -0.008  -0.541  -0.549
ASN01B3809_001   0.427  -0.276   0.151
ASN01B3809_002   0.194  -0.433  -0.239
ALA01B3810_001   0.000  -2.917  -2.917
GLU01B3811_001   1.709  -2.859  -1.150
GLU01B3811_002   1.709  -2.859  -1.150
GLU02B3811_003   1.410  -2.794  -1.384
GLU02B3811_004   1.410  -2.794  -1.384
GLU-1B3811_005   1.318  -2.786  -1.467
VAL01B3812_001   0.711   0.000   0.711
GLN01B3813_001   2.072  -0.034   2.037
GLN01B3813_002   3.437  -0.039   3.398
GLN01B3814_001   0.722  -2.089  -1.367
GLN01B3814_002   0.617  -2.145  -1.528
LYS01B3815_001   0.910  -1.003  -0.093
LYS+1B3815_002   0.865  -1.003  -0.138
MET01B3816_001   1.044   0.000   1.044
LEU01B3817_001   1.703  -0.206   1.497
ASP01B3818_001   0.426  -2.173  -1.746
ASP01B3818_002   0.426  -2.173  -1.746
ASP02B3818_003   0.478  -2.141  -1.663
ASP02B3818_004   0.478  -2.141  -1.663
ASP-1B3818_005   0.368  -2.136  -1.768
TYR01B3819_001   4.668  -2.560   2.108
TYR-1B3819_002   4.668  -2.560   2.108
LEU01B3820_001   2.042  -0.052   1.990
LYS01B3821_001   2.388  -4.025  -1.637
LYS+1B3821_002   2.302  -4.025  -1.723
ASP01B3822_001   0.421  -3.083  -2.662
ASP01B3822_002   0.421  -3.083  -2.662
ASP02B3822_003   0.478  -3.106  -2.629
ASP02B3822_004   0.478  -3.106  -2.629
ASP-1B3822_005   0.366  -2.998  -2.632
LYS01B3823_001   3.787  -2.188   1.599
LYS+1B3823_002   3.692  -2.188   1.505
LYS01B3824_001   1.860  -5.216  -3.355
LYS+1B3824_002   1.773  -5.216  -3.443
GLU01B3825_001   1.890  -0.570   1.320
GLU01B3825_002   1.890  -0.570   1.320
GLU02B3825_003   1.555  -0.556   1.000
GLU02B3825_004   1.555  -0.556   1.000
GLU-1B3825_005   1.482  -0.567   0.915
VAL01B3826_001   0.642  -3.036  -2.394
PHE01B3828_001   4.845  -0.152   4.694
PHE01B3829_001   5.008  -0.051   4.958
GLN01B3830_001   2.144  -2.185  -0.042
GLN01B3830_002   3.477  -2.131   1.346
SER01B3831_001   0.000   0.000   0.000
ILE01B3832_001   2.028  -0.258   1.771
GLN01B3833_001   1.701  -1.309   0.392
GLN01B3833_002   2.788  -1.368   1.420
ALA01B3834_001   0.000  -1.803  -1.803
LEU01B3835_001   1.732   0.000   1.732
MET01B3836_001   0.341   0.000   0.341
GLN01B3837_001   1.815  -2.654  -0.839
GLN01B3837_002   3.037  -2.761   0.276
THR01B3838_001   0.255  -3.073  -2.818
THR01B3838_002   0.255  -3.073  -2.818
CYS01B3839_001  -0.002   0.000  -0.002
CYS01B3839_002  -0.002   0.000  -0.002
CYS01B3839_003  -0.003   0.000  -0.003
CYS-1B3839_004   0.000   0.000   0.000
SER01B3840_001   0.000  -1.479  -1.479
SER01B3840_002   0.000  -1.479  -1.479
SER01B3840_003   0.000  -1.479  -1.479
VAL01B3841_001   0.671  -1.510  -0.839
LEU01B3842_001   1.840   0.000   1.840
ASP01B3843_001   0.165  -1.765  -1.601
ASP01B3843_002   0.165  -1.765  -1.601
ASP02B3843_003   0.249  -1.771  -1.522
ASP02B3843_004   0.249  -1.771  -1.522
ASP-1B3843_005   0.155  -1.723  -1.568
LEU01B3844_001   1.694  -2.472  -0.779
ASN01B3845_001   0.303  -3.572  -3.269
ASN01B3845_002   0.449  -3.720  -3.271
ALA01B3846_001   0.000  -1.030  -1.030
PHE01B3847_001   4.636   0.000   4.636
GLU01B3848_001   1.703  -1.409   0.294
GLU01B3848_002   1.703  -1.409   0.294
GLU02B3848_003   1.443  -1.473  -0.030
GLU02B3848_004   1.443  -1.473  -0.030
GLU-1B3848_005   1.332  -1.425  -0.093
ARG01B3849_001   1.972 -10.015  -8.043
ARG02B3849_002   2.039 -10.015  -7.976
ARG03B3849_003   1.952 -10.015  -8.062
ARG+1B3849_004   1.910 -10.015  -8.105
GLN01B3850_001   2.203   0.000   2.203
GLN01B3850_002   3.640   0.000   3.640
ASN01B3851_001   0.172  -1.078  -0.905
ASN01B3851_002   0.005  -1.112  -1.108
LYS01B3852_001   0.830  -8.848  -8.018
LYS+1B3852_002   0.783  -8.848  -8.065
ALA01B3853_001   0.000  -1.030  -1.030
GLU01B3854_001   0.499  -1.880  -1.381
GLU01B3854_002   0.499  -1.880  -1.381
GLU02B3854_003   0.666  -1.900  -1.235
GLU02B3854_004   0.666  -1.900  -1.235
GLU-1B3854_005   0.468  -1.817  -1.349
LEU01B3856_001   1.583  -7.395  -5.812
MET01B3858_001   0.141  -8.611  -8.470
VAL01B3859_001   0.502  -2.472  -1.970
ASN01B3860_001  -0.020  -3.250  -3.270
GLU01B3861_001   0.495  -2.852  -2.357
GLU01B3861_002   0.495  -2.852  -2.357
GLU02B3861_003   0.661  -2.952  -2.290
GLU02B3861_004   0.661  -2.952  -2.290
GLU-1B3861_005   0.464  -2.880  -2.416
ASP01B3862_001  -0.040  -2.200  -2.240
ASP01B3862_002  -0.040  -2.200  -2.240
ASP02B3862_003  -0.009  -2.321  -2.330
ASP02B3862_004  -0.009  -2.321  -2.330
ASP-1B3862_005  -0.040  -2.152  -2.193
THR01B3864_001   0.152  -1.760  -1.608
VAL01B3865_001   0.504  -5.798  -5.294
ILE01B3866_001   0.939  -5.270  -4.331
ASN01B3867_001  -0.019  -1.086  -1.105
ARG01B3868_0011191.851  -5.8931185.958
ARG02B3868_0021191.833  -5.8931185.939
ARG03B3868_0031191.867  -5.8931185.973
ARG03B3868_004 190.886  -5.893 184.993
ARG+1B3868_0051191.801  -5.8931185.907
GLN01B3869_001   0.454  -1.919  -1.466
ASN01B3870_001  -0.019  -0.268  -0.288
GLU01B3872_001   0.499  -3.934  -3.436
GLU01B3872_002   0.499  -3.934  -3.436
GLU02B3872_003   0.666  -3.920  -3.254
GLU02B3872_004   0.666  -3.920  -3.254
GLU-1B3872_005   0.468  -3.850  -3.382
LYS01B3873_001   1.497  -3.134  -1.637
LYS+1B3873_002   1.449  -3.134  -1.685
VAL01B3874_001   0.766   0.000   0.766
MET01B3875_001   1.182   0.000   1.182
ALA01B3876_001   0.000  -1.217  -1.217
ASP01B3877_001   0.087  -0.250  -0.163
ASP01B3877_002   0.087  -0.250  -0.163
ASP02B3877_003   0.162  -0.246  -0.084
ASP02B3877_004   0.162  -0.246  -0.084
ASP-1B3877_005   0.083  -0.276  -0.193
ASP01B3878_001   0.060  -1.386  -1.326
ASP01B3878_002   0.060  -1.386  -1.326
ASP02B3878_003   0.127  -1.361  -1.235
ASP02B3878_004   0.127  -1.361  -1.235
ASP-1B3878_005   0.056  -1.270  -1.214
GLU01B3879_001   0.499  -3.516  -3.017
GLU01B3879_002   0.499  -3.516  -3.017
GLU02B3879_003   0.666  -3.344  -2.678
GLU02B3879_004   0.666  -3.344  -2.678
GLU-1B3879_005   0.468  -3.320  -2.852
PHE01B3880_001   4.694  -1.027   3.667
THR01B3881_001   0.228   0.000   0.228
THR01B3881_002   0.228   0.000   0.228
THR01B3881_003   0.228   0.000   0.228
GLN01B3882_001   1.668  -1.417   0.251
GLN01B3882_002   2.751  -1.388   1.363
ASP01B3883_001   0.415  -0.688  -0.273
ASP01B3883_002   0.415  -0.688  -0.273
ASP02B3883_003   0.459  -0.655  -0.195
ASP02B3883_004   0.459  -0.655  -0.195
ASP-1B3883_005   0.355  -0.655  -0.299
LEU01B3884_001   1.756  -0.103   1.653
PHE01B3885_001   4.705   0.000   4.705
ARG01B3886_001   1.662  -5.175  -3.513
ARG02B3886_002   1.619  -5.175  -3.556
ARG03B3886_003   1.624  -5.175  -3.551
ARG+1B3886_004   1.580  -5.175  -3.595
PHE01B3887_001   4.793  -0.591   4.203
LEU01B3888_001   1.876  -0.052   1.825
GLN01B3889_001   1.980  -0.271   1.709
LEU01B3890_001   1.522  -0.206   1.316
LEU01B3891_001   1.994  -0.171   1.824
CYS01B3892_001  -0.002   0.000  -0.002
CYS01B3892_002  -0.002   0.000  -0.002
CYS01B3892_003  -0.002   0.000  -0.002
CYS-1B3892_004   0.000   0.000   0.000
GLU01B3893_001   1.680  -0.191   1.489
GLU01B3893_002   1.680  -0.191   1.489
GLU02B3893_003   1.379  -0.182   1.197
GLU02B3893_004   1.379  -0.182   1.197
GLU-1B3893_005   1.291  -0.224   1.067
HIS01B3895_001  -0.176  -1.146  -1.321
HIS01B3895_002  -0.140  -1.132  -1.271
HIS02B3895_003  -0.193  -1.146  -1.339
HIS02B3895_004  -0.153  -1.132  -1.285
HIS+1B3895_005  -0.220  -1.146  -1.366
HIS+1B3895_006  -0.180  -1.132  -1.311
ASN01B3896_001   0.054  -0.709  -0.654
ASN01B3896_002   0.243  -0.660  -0.417
ASN01B3897_001   0.204  -2.520  -2.316
ASN01B3897_002   0.025  -2.412  -2.386
ASP01B3898_001   0.050  -1.631  -1.581
ASP01B3898_002   0.050  -1.631  -1.581
ASP02B3898_003   0.114  -1.562  -1.448
ASP02B3898_004   0.114  -1.562  -1.448
ASP-1B3898_005   0.047  -1.593  -1.546
PHE01B3899_001   5.379  -0.051   5.328
GLN01B3900_001   1.580   0.000   1.580
GLN01B3900_002   2.587   0.000   2.587
ASN01B3901_001   0.509  -1.940  -1.430
TYR01B3902_001   4.792  -0.153   4.640
TYR01B3902_002   4.792  -0.153   4.640
TYR-1B3902_003   4.792  -0.153   4.640
LEU01B3903_001   1.903   0.000   1.903
ARG01B3904_001   3.483  -3.121   0.362
ARG02B3904_002   3.442  -3.121   0.322
ARG02B3904_003   3.447  -3.121   0.326
ARG03B3904_004   3.451  -3.121   0.330
ARG03B3904_005   3.476  -3.121   0.355
ARG+1B3904_006   3.402  -3.121   0.282
THR01B3905_001   0.205  -2.789  -2.585
GLN01B3906_001   2.367   0.000   2.367
GLN01B3906_002   3.944   0.000   3.944
THR01B3907_001   0.185  -5.661  -5.477
THR01B3907_002   0.185  -5.661  -5.477
ASN01B3909_001   0.451  -0.172   0.279
ASN01B3909_002   0.209  -0.276  -0.066
THR01B3910_001   0.201  -5.932  -5.731
THR01B3910_002   0.201  -5.932  -5.731
THR01B3911_001   0.201  -3.255  -3.054
THR01B3912_001   0.206  -3.448  -3.242
THR01B3912_002   0.206  -3.448  -3.242
ILE01B3913_001   1.710  -0.155   1.556
ASN01B3914_001   0.169  -0.906  -0.736
ASN01B3914_002   0.005  -0.724  -0.718
ILE01B3915_001   4.283   0.000   4.283
ILE01B3916_001   2.887   0.000   2.887
ILE01B3917_001   5.511  -5.383   0.128
CYS01B3918_001  -0.002  -1.095  -1.097
CYS01B3918_002  -0.002  -1.095  -1.097
CYS01B3918_003  -0.003  -1.095  -1.098
CYS-1B3918_004   0.000  -1.095  -1.095
THR01B3919_001   0.247   0.000   0.247
THR01B3919_002   0.247   0.000   0.247
THR01B3919_003   0.247   0.000   0.247
VAL01B3920_001   0.774  -0.103   0.671
ASP01B3921_001   0.424  -1.285  -0.861
ASP01B3921_002   0.424  -1.285  -0.861
ASP02B3921_003   0.469  -1.267  -0.798
ASP02B3921_004   0.469  -1.267  -0.798
ASP-1B3921_005   0.363  -1.240  -0.877
TYR01B3922_001   4.454   0.000   4.454
TYR01B3922_002   4.454   0.000   4.454
TYR-1B3922_003   4.454   0.000   4.454
LEU01B3923_001   1.528   0.000   1.528
LEU01B3924_001   1.879  -1.458   0.420
ARG01B3925_001   2.254  -4.605  -2.351
ARG02B3925_002   2.226  -4.605  -2.379
ARG03B3925_003   2.223  -4.605  -2.382
ARG+1B3925_004   2.179  -4.605  -2.426
LEU01B3926_001   1.837   0.000   1.837
GLN01B3927_001   3.334  -0.349   2.984
GLN01B3927_002   5.466  -0.182   5.284
GLU01B3928_001   2.850  -3.011  -0.161
GLU01B3928_002   2.850  -3.011  -0.161
GLU02B3928_003   2.260  -3.186  -0.926
GLU02B3928_004   2.260  -3.186  -0.926
GLU-1B3928_005   2.200  -3.023  -0.823
SER01B3929_001   0.000  -0.336  -0.336
SER01B3929_002   0.000  -0.336  -0.336
ILE01B3930_001   3.819  -0.052   3.768
SER01B3931_001   0.000  -0.892  -0.892
SER01B3931_002   0.000  -0.892  -0.892
ASP01B3932_001   0.176  -2.084  -1.908
ASP01B3932_002   0.176  -2.084  -1.908
ASP02B3932_003   0.263  -2.055  -1.792
ASP02B3932_004   0.263  -2.055  -1.792
ASP-1B3932_005   0.166  -1.998  -1.832
PHE01B3933_001   4.676  -0.152   4.524
TYR01B3934_001   4.564  -0.956   3.608
TYR01B3934_002   4.564  -0.956   3.608
TYR-1B3934_003   4.564  -0.956   3.608
TRP01B3935_001   3.112  -8.463  -5.350
TYR01B3936_001   4.636  -3.705   0.931
TYR01B3936_002   4.636  -3.705   0.931
TYR-1B3936_003   4.636  -3.705   0.931
TYR01B3937_001   4.838   0.000   4.838
TYR-1B3937_002   4.838   0.000   4.838
SER01B3938_001   0.000  -0.932  -0.932
SER01B3938_002   0.000  -0.932  -0.932
SER01B3938_003   0.000  -0.932  -0.932
LYS01B3940_001   0.907  -4.093  -3.186
LYS+1B3940_002   0.861  -4.093  -3.231
ASP01B3941_001   0.065  -2.741  -2.676
ASP01B3941_002   0.065  -2.741  -2.676
ASP02B3941_003   0.133  -2.861  -2.728
ASP02B3941_004   0.133  -2.861  -2.728
ASP-1B3941_005   0.061  -2.739  -2.677
VAL01B3942_001   0.498  -4.874  -4.376
ILE01B3943_001   3.496  -0.377   3.119
GLU01B3944_001   1.971  -2.260  -0.289
GLU01B3944_002   1.971  -2.260  -0.289
GLU02B3944_003   1.628  -2.265  -0.637
GLU02B3944_004   1.628  -2.265  -0.637
GLU-1B3944_005   1.532  -2.205  -0.674
GLU01B3945_001   3.090  -2.778   0.312
GLU01B3945_002   3.090  -2.778   0.312
GLU02B3945_003   2.492  -2.719  -0.227
GLU02B3945_004   2.492  -2.719  -0.227
GLU-1B3945_005   2.414  -2.776  -0.362
GLN01B3946_001   0.711  -0.249   0.462
LYS01B3948_001   1.094  -1.814  -0.720
LYS+1B3948_002   1.048  -1.814  -0.767
ARG01B3949_001   2.318  -7.111  -4.793
ARG02B3949_002   2.294  -7.111  -4.817
ARG03B3949_003   2.382  -7.111  -4.729
ARG+1B3949_004   2.255  -7.111  -4.856
ASN01B3950_001   0.431   0.000   0.431
ASN01B3950_002   0.193   0.000   0.193
PHE01B3951_001   4.837  -0.068   4.769
SER01B3952_001   0.000  -1.915  -1.915
SER01B3952_002   0.000  -1.915  -1.915
SER01B3952_003   0.000  -1.915  -1.915
LYS01B3953_001   1.391  -1.975  -0.584
LYS+1B3953_002   1.345  -1.975  -0.630
ALA01B3954_001   0.000   0.000   0.000
MET01B3955_001   0.684  -0.068   0.617
SER01B3956_001   0.000  -1.751  -1.751
SER01B3956_002   0.000  -1.751  -1.751
VAL01B3957_001   0.702   0.000   0.702
ALA01B3958_001   0.000   0.000   0.000
LYS01B3959_001   1.694  -3.100  -1.406
LYS+1B3959_002   1.647  -3.100  -1.453
GLN01B3960_001   1.184  -0.517   0.667
GLN01B3960_002   1.518  -0.669   0.849
VAL01B3961_001   0.678   0.000   0.678
PHE01B3962_001   4.914   0.000   4.914
ASN01B3963_001   0.492  -0.906  -0.414
ASN01B3963_002   0.241  -0.896  -0.655
SER01B3964_001   0.000   0.000   0.000
SER01B3964_002   0.000   0.000   0.000
LEU01B3965_001   2.296   0.000   2.296
THR01B3966_001   0.219  -0.456  -0.236
THR01B3966_002   0.219  -0.456  -0.236
GLU01B3967_001   1.496  -0.172   1.324
GLU01B3967_002   1.496  -0.172   1.324
GLU02B3967_003   1.236  -0.181   1.055
GLU02B3967_004   1.236  -0.181   1.055
GLU-1B3967_005   1.147  -0.172   0.975
TYR01B3968_001   4.370   0.000   4.370
TYR01B3968_002   4.370   0.000   4.370
TYR-1B3968_003   4.370   0.000   4.370
ILE01B3969_001   2.239   0.000   2.239
GLN01B3970_001   2.211  -0.197   2.014
GLN01B3970_002   3.644  -0.217   3.428
PRO01B3972_001   0.284  -3.415  -3.131
CYS01B3973_001  -0.002  -0.071  -0.073
CYS01B3973_002  -0.002  -0.071  -0.073
CYS01B3973_003  -0.002  -0.071  -0.074
CYS-1B3973_004   0.000  -0.071  -0.071
THR01B3974_001   0.222  -5.095  -4.874
ASN01B3976_001   0.424   0.000   0.424
ASN01B3976_002   0.187   0.000   0.187
GLN01B3977_001   1.553  -0.276   1.277
GLN01B3977_002   2.574  -0.276   2.298
GLN01B3978_001   0.776  -1.726  -0.950
GLN01B3978_002   0.656  -1.769  -1.113
SER01B3979_001   0.000  -0.192  -0.192
SER01B3979_002   0.000  -0.192  -0.192
LEU01B3980_001   1.789   0.000   1.789
ALA01B3981_001   0.000  -0.103  -0.103
HIS01B3982_001  -0.164  -7.650  -7.814
HIS01B3982_002  -0.122  -7.550  -7.672
HIS02B3982_003  -0.182  -7.650  -7.832
HIS02B3982_004  -0.135  -7.550  -7.685
HIS+1B3982_005  -0.209  -7.650  -7.859
HIS+1B3982_006  -0.162  -7.550  -7.711
SER01B3983_001   0.000  -0.096  -0.096
ARG01B3984_001   1.785  -9.538  -7.753
ARG02B3984_002   1.745  -9.538  -7.793
ARG02B3984_003   1.750  -9.538  -7.789
ARG03B3984_004   1.751  -9.538  -7.787
ARG+1B3984_005   1.707  -9.538  -7.831
LEU01B3985_001   2.057  -0.052   2.006
TRP01B3986_001   3.221  -1.301   1.920
ASP01B3987_001   0.079  -2.387  -2.308
ASP01B3987_002   0.079  -2.387  -2.308
ASP02B3987_003   0.151  -2.430  -2.279
ASP02B3987_004   0.151  -2.430  -2.279
ASP-1B3987_005   0.075  -2.334  -2.259
ALA01B3988_001   0.000   0.000   0.000
VAL01B3989_001   0.921  -0.103   0.818
VAL01B3990_001   0.849  -1.098  -0.249
PHE01B3992_001   5.062   0.000   5.062
LEU01B3993_001   1.900  -0.773   1.127
HIS01B3994_001  -0.154  -3.277  -3.431
HIS02B3994_002  -0.173  -3.277  -3.450
HIS+1B3994_003  -0.200  -3.277  -3.477
VAL01B3995_001   0.650  -0.052   0.598
PHE01B3996_001   4.271   0.000   4.271
ALA01B3997_001   0.000   0.000   0.000
HIS01B3998_001  -0.138  -2.858  -2.996
HIS02B3998_002  -0.157  -2.858  -3.016
HIS+1B3998_003  -0.184  -2.858  -3.042
MET01B3999_001   0.029  -0.288  -0.259
MET01B4000_001   0.554   0.000   0.554
MET01B4001_001  -0.031  -2.428  -2.459
LYS01B4002_001   1.061  -1.120  -0.060
LYS+1B4002_002   1.015  -1.120  -0.106
LEU01B4003_001   1.627  -0.155   1.473
ALA01B4004_001   0.000   0.000   0.000
GLN01B4005_001   1.662  -1.555   0.106
GLN01B4005_002   2.764  -1.713   1.051
ASP01B4006_001   0.062  -1.160  -1.098
ASP01B4006_002   0.062  -1.160  -1.098
ASP02B4006_003   0.130  -1.200  -1.070
ASP02B4006_004   0.130  -1.200  -1.070
ASP-1B4006_005   0.059  -1.150  -1.091
SER01B4007_001   0.000  -3.315  -3.315
SER01B4008_001   0.000  -3.454  -3.454
SER01B4008_002   0.000  -3.454  -3.454
GLN01B4009_001   1.694  -0.118   1.576
GLN01B4009_002   2.832  -0.148   2.684
ILE01B4010_001   2.471  -2.524  -0.053
GLU01B4011_001   2.637  -3.824  -1.187
GLU01B4011_002   2.637  -3.824  -1.187
GLU02B4011_003   2.095  -3.742  -1.647
GLU02B4011_004   2.095  -3.742  -1.647
GLU-1B4011_005   2.031  -3.652  -1.621
LEU01B4012_001   1.665  -0.206   1.459
LEU01B4013_001   1.831  -0.325   1.506
LYS01B4014_001   1.225  -5.431  -4.206
LYS+1B4014_002   1.179  -5.431  -4.252
GLU01B4015_001   2.878  -1.422   1.456
GLU01B4015_002   2.878  -1.422   1.456
GLU02B4015_003   2.286  -1.458   0.828
GLU02B4015_004   2.286  -1.458   0.828
GLU-1B4015_005   2.225  -1.352   0.873
LEU01B4016_001   3.148   0.000   3.148
LEU01B4017_001   1.456  -0.258   1.199
ASP01B4018_001   0.196  -1.265  -1.069
ASP01B4018_002   0.196  -1.265  -1.069
ASP02B4018_003   0.287  -1.247  -0.959
ASP02B4018_004   0.287  -1.247  -0.959
ASP-1B4018_005   0.185  -1.240  -1.055
LEU01B4019_001   1.720   0.000   1.720
GLN01B4020_001   2.066  -0.039   2.026
GLN01B4020_002   3.410  -0.034   3.376
LYS01B4021_001   1.380  -3.073  -1.692
LYS+1B4021_002   1.332  -3.073  -1.741
ASP01B4022_001   0.129  -0.855  -0.727
ASP01B4022_002   0.129  -0.855  -0.727
ASP02B4022_003   0.206  -0.986  -0.780
ASP02B4022_004   0.206  -0.986  -0.780
ASP-1B4022_005   0.121  -0.896  -0.775
MET01B4023_001   0.173  -0.071   0.102
VAL01B4024_001   0.568  -0.258   0.310
VAL01B4025_001   0.692  -2.988  -2.296
MET01B4026_001   0.043   0.000   0.043
LEU01B4027_001   1.857  -0.393   1.464
LEU01B4028_001   1.821  -1.545   0.276
SER01B4029_001   0.000  -0.060  -0.060
SER01B4029_002   0.000  -0.060  -0.060
SER01B4029_003   0.000  -0.060  -0.060
LEU01B4030_001   2.169  -0.052   2.118
LEU01B4031_001   2.682  -0.103   2.579
GLU01B4032_001   2.010  -0.013   1.998
GLU01B4032_002   2.010  -0.013   1.998
GLU02B4032_003   1.593  -0.013   1.580
GLU02B4032_004   1.593  -0.013   1.580
GLU-1B4032_005   1.527  -0.013   1.515
ASN01B4034_001  -0.022  -0.433  -0.455
ASN01B4034_002   0.126  -0.345  -0.218
VAL01B4035_001   0.429  -3.725  -3.296
VAL01B4036_001   0.664  -0.650   0.013
ASN01B4037_001   0.408  -1.759  -1.351
ASN01B4037_002   0.184  -1.712  -1.528
MET01B4039_001   0.680  -5.475  -4.794
ILE01B4040_001   2.732  -0.361   2.372
ALA01B4041_001   0.000   0.000   0.000
ARG01B4042_001   2.195  -7.359  -5.165
ARG02B4042_002   2.125  -7.359  -5.235
ARG03B4042_003   2.192  -7.359  -5.168
ARG+1B4042_004   2.086  -7.359  -5.274
GLN01B4043_001   1.571  -1.171   0.400
GLN01B4043_002   2.582  -1.071   1.511
MET01B4044_001   0.116  -0.048   0.068
VAL01B4045_001   0.765  -0.052   0.713
ASP01B4046_001   0.078  -1.998  -1.919
ASP01B4046_002   0.078  -1.998  -1.919
ASP02B4046_003   0.151  -2.178  -2.027
ASP02B4046_004   0.151  -2.178  -2.027
ASP-1B4046_005   0.075  -2.033  -1.958
MET01B4047_001   2.990  -0.071   2.919
LEU01B4048_001   1.579  -0.567   1.012
VAL01B4049_001   0.962  -2.933  -1.971
GLU01B4050_001   2.822  -1.836   0.986
GLU01B4050_002   2.822  -1.836   0.986
GLU02B4050_003   2.235  -1.954   0.281
GLU02B4050_004   2.235  -1.954   0.281
GLU-1B4050_005   2.176  -1.847   0.328
SER01B4051_001   0.000   0.000   0.000
SER01B4051_002   0.000   0.000   0.000
SER01B4052_001   0.000  -1.714  -1.714
SER01B4052_002   0.000  -1.714  -1.714
SER01B4053_001   0.000  -4.468  -4.468
SER01B4053_002   0.000  -4.468  -4.468
ASN01B4054_001   0.356  -0.763  -0.407
ASN01B4054_002   0.478  -0.866  -0.389
VAL01B4055_001   0.943  -0.412   0.531
GLU01B4056_001   3.231  -1.734   1.496
GLU01B4056_002   3.231  -1.734   1.496
GLU02B4056_003   2.575  -1.591   0.984
GLU02B4056_004   2.575  -1.591   0.984
GLU-1B4056_005   2.509  -1.585   0.924
MET01B4057_001   0.110  -3.407  -3.297
ILE01B4058_001   2.634  -0.412   2.222
LEU01B4059_001   1.443  -0.052   1.391
LYS01B4060_001   2.353  -3.075  -0.721
LYS+1B4060_002   2.296  -3.075  -0.778
PHE01B4061_001   4.604  -0.101   4.503
PHE01B4062_001   4.879  -0.152   4.727
ASP01B4063_001   0.353  -0.620  -0.267
ASP01B4063_002   0.353  -0.620  -0.267
ASP02B4063_003   0.400  -0.616  -0.216
ASP02B4063_004   0.400  -0.616  -0.216
ASP-1B4063_005   0.303  -0.620  -0.318
MET01B4064_001   0.076  -0.568  -0.492
PHE01B4065_001   4.762  -0.202   4.560
LEU01B4066_001   1.525  -0.618   0.907
LYS01B4067_001   1.448  -1.605  -0.157
LYS+1B4067_002   1.401  -1.605  -0.204
LEU01B4068_001   1.576  -0.670   0.906
LYS01B4069_001   1.807  -3.527  -1.720
LYS+1B4069_002   1.740  -3.527  -1.787
ASP01B4070_001   0.162  -2.091  -1.930
ASP01B4070_002   0.162  -2.091  -1.930
ASP02B4070_003   0.245  -2.100  -1.854
ASP02B4070_004   0.245  -2.100  -1.854
ASP-1B4070_005   0.152  -1.977  -1.824
ILE01B4071_001   2.644  -0.464   2.181
VAL01B4072_001   0.564  -0.979  -0.414
SER01B4074_001   0.000  -1.673  -1.673
SER01B4074_002   0.000  -1.673  -1.673
GLU01B4075_001   1.622  -3.457  -1.835
GLU01B4075_002   1.622  -3.457  -1.835
GLU02B4075_003   1.338  -3.440  -2.102
GLU02B4075_004   1.338  -3.440  -2.102
GLU-1B4075_005   1.247  -3.357  -2.110
ALA01B4076_001   0.000  -2.849  -2.849
PHE01B4077_001   4.529   0.000   4.529
GLN01B4078_001   0.761  -2.064  -1.304
ASP01B4079_001   0.165  -2.624  -2.458
ASP01B4079_002   0.165  -2.624  -2.458
ASP02B4079_003   0.250  -2.658  -2.408
ASP02B4079_004   0.250  -2.658  -2.408
ASP-1B4079_005   0.156  -2.571  -2.415
TYR01B4080_001   4.802  -1.367   3.435
TYR-1B4080_002   4.802  -1.367   3.435
VAL01B4081_001   0.547  -0.361   0.186
THR01B4082_001   0.199  -6.361  -6.162
ASP01B4083_001   0.235  -0.904  -0.669
ASP01B4083_002   0.235  -0.904  -0.669
ASP02B4083_003   0.329  -0.796  -0.467
ASP02B4083_004   0.329  -0.796  -0.467
ASP-1B4083_005   0.221  -0.758  -0.537
PRO01B4084_001   0.247  -6.446  -6.199
ARG01B4085_001   2.501  -7.460  -4.959
ARG02B4085_002   2.435  -7.460  -5.024
ARG02B4085_003   2.496  -7.460  -4.964
ARG03B4085_004   2.436  -7.460  -5.024
ARG+1B4085_005   2.391  -7.460  -5.069
LEU01B4087_001   1.655  -4.391  -2.736
ILE01B4088_001   2.679   0.000   2.679
SER01B4089_001   0.000  -1.710  -1.710
SER01B4089_002   0.000  -1.710  -1.710
SER01B4089_003   0.000  -1.710  -1.710
LYS01B4090_001   1.591  -2.378  -0.787
LYS+1B4090_002   1.544  -2.378  -0.834
LYS01B4091_001   0.825  -8.836  -8.011
LYS+1B4091_002   0.779  -8.836  -8.057
ASP01B4092_001   0.049  -0.374  -0.325
ASP01B4092_002   0.049  -0.374  -0.325
ASP02B4092_003   0.112  -0.481  -0.369
ASP02B4092_004   0.112  -0.481  -0.369
ASP-1B4092_005   0.046  -0.374  -0.328
PHE01B4093_001   4.585  -0.203   4.382
GLN01B4094_001   1.154  -1.439  -0.285
GLN01B4094_002   1.581  -1.351   0.230
LYS01B4095_001   1.395  -8.047  -6.652
LYS+1B4095_002   1.348  -8.047  -6.699
ALA01B4096_001   0.000  -0.103  -0.103
MET01B4097_001  -0.060   0.000  -0.060
ASP01B4098_001   0.396  -2.529  -2.133
ASP01B4098_002   0.396  -2.529  -2.133
ASP02B4098_003   0.439  -2.321  -1.882
ASP02B4098_004   0.439  -2.321  -1.882
ASP-1B4098_005   0.338  -2.369  -2.030
SER01B4099_001   0.000  -2.182  -2.182
SER01B4099_002   0.000  -2.182  -2.182
SER01B4099_003   0.000  -2.182  -2.182
GLN01B4100_001   1.854  -0.701   1.153
GLN01B4100_002   3.092  -0.567   2.525
LYS01B4101_001   0.755  -8.722  -7.967
LYS+1B4101_002   0.709  -8.722  -8.014
GLN01B4102_001   1.490  -2.810  -1.320
GLN01B4102_002   2.453  -2.848  -0.395
PHE01B4103_001   4.830   0.000   4.830
THR01B4104_001   0.219  -4.260  -4.041
THR01B4104_002   0.219  -4.260  -4.041
PRO01B4106_001   0.264  -6.881  -6.617
GLU01B4107_001   2.318  -1.045   1.273
GLU01B4107_002   2.318  -1.045   1.273
GLU02B4107_003   1.835  -1.105   0.729
GLU02B4107_004   1.835  -1.105   0.729
GLU-1B4107_005   1.772  -1.072   0.700
ILE01B4108_001   2.477  -0.206   2.271
GLN01B4109_001   0.840  -2.554  -1.714
GLN01B4109_002   0.684  -2.505  -1.821
PHE01B4110_001   4.763  -1.207   3.556
LEU01B4111_001   1.858  -0.258   1.601
LEU01B4112_001   1.540  -0.531   1.009
SER01B4113_001   0.000  -1.647  -1.647
SER01B4113_002   0.000  -1.647  -1.647
CYS01B4114_001  -0.002  -0.384  -0.386
CYS01B4114_002  -0.002  -0.384  -0.386
CYS01B4114_003  -0.002  -0.384  -0.387
CYS-1B4114_004   0.000  -0.384  -0.384
SER01B4115_001   0.000  -0.192  -0.192
SER01B4115_002   0.000  -0.192  -0.192
GLU01B4116_001   1.369  -1.801  -0.431
GLU01B4116_002   1.369  -1.801  -0.431
GLU02B4116_003   1.163  -1.777  -0.614
GLU02B4116_004   1.163  -1.777  -0.614
GLU-1B4116_005   1.057  -1.774  -0.717
ALA01B4117_001   0.000  -2.968  -2.968
ASP01B4118_001   0.352  -2.192  -1.840
ASP01B4118_002   0.352  -2.192  -1.840
ASP02B4118_003   0.393  -1.982  -1.589
ASP02B4118_004   0.393  -1.982  -1.589
ASP-1B4118_005   0.299  -1.998  -1.699
GLU01B4119_001   1.739  -3.951  -2.212
GLU01B4119_002   1.739  -3.951  -2.212
GLU02B4119_003   1.442  -4.023  -2.581
GLU02B4119_004   1.442  -4.023  -2.581
GLU-1B4119_005   1.346  -3.931  -2.586
ASN01B4120_001   0.003  -1.733  -1.730
ASN01B4120_002   0.168  -1.928  -1.760
GLU01B4121_001   3.000  -3.034  -0.034
GLU01B4121_002   3.000  -3.034  -0.034
GLU02B4121_003   2.393  -2.950  -0.556
GLU02B4121_004   2.393  -2.950  -0.556
GLU-1B4121_005   2.326  -2.954  -0.628
MET01B4122_001   0.142  -0.932  -0.790
ILE01B4123_001   2.696  -0.206   2.490
ASN01B4124_001   0.165  -1.634  -1.469
ASN01B4124_002   0.002  -1.526  -1.524
PHE01B4125_001   4.457  -2.476   1.980
GLU01B4126_001   0.498  -3.325  -2.827
GLU01B4126_002   0.498  -3.325  -2.827
GLU02B4126_003   0.664  -3.286  -2.622
GLU02B4126_004   0.664  -3.286  -2.622
GLU-1B4126_005   0.466  -3.286  -2.819
GLU01B4127_001   4.526  -1.552   2.974
GLU01B4127_002   4.526  -1.552   2.974
GLU02B4127_003   3.659  -1.692   1.967
GLU02B4127_004   3.659  -1.692   1.967
GLU-1B4127_005   3.577  -1.609   1.967
PHE01B4128_001   4.718  -0.937   3.781
ALA01B4129_001   0.000  -0.103  -0.103
ASN01B4130_001   0.457  -1.885  -1.428
ASN01B4130_002   0.212  -2.021  -1.808
ARG01B4131_001   4.769  -1.293   3.476
ARG02B4131_002   4.717  -1.293   3.424
ARG03B4131_003   4.716  -1.293   3.424
ARG+1B4131_004   4.672  -1.293   3.379
PHE01B4132_001   4.998  -0.052   4.947
GLN01B4133_001   1.736  -1.542   0.194
GLN01B4133_002   2.919  -1.642   1.277
GLU01B4134_001   1.708  -3.049  -1.340
GLU01B4134_002   1.708  -3.049  -1.340
GLU02B4134_003   1.411  -3.065  -1.654
GLU02B4134_004   1.411  -3.065  -1.654
GLU-1B4134_005   1.317  -3.005  -1.688
PRO01B4135_001   0.311  -1.442  -1.131
ALA01B4136_001   0.000  -0.103  -0.103
ARG01B4137_001   2.566  -2.016   0.550
ARG02B4137_002   2.543  -2.016   0.527
ARG02B4137_003   2.547  -2.016   0.531
ARG03B4137_004   2.552  -2.016   0.536
ARG+1B4137_005   2.504  -2.016   0.488
ASP01B4138_001   0.061  -1.399  -1.338
ASP01B4138_002   0.061  -1.399  -1.338
ASP02B4138_003   0.128  -1.455  -1.328
ASP02B4138_004   0.128  -1.455  -1.328
ASP-1B4138_005   0.057  -1.399  -1.342
ILE01B4139_001   1.710  -0.052   1.659
PHE01B4141_001   4.895  -0.101   4.794
ASN01B4142_001   0.457  -0.458  -0.000
ASN01B4142_002   0.218  -0.556  -0.338
VAL01B4143_001   0.595  -1.217  -0.622
ALA01B4144_001   0.000   0.000   0.000
VAL01B4145_001   0.541  -0.052   0.490
LEU01B4146_001   1.695  -0.361   1.335
LEU01B4147_001   1.927  -0.258   1.669
THR01B4148_001   0.230  -1.133  -0.903
THR01B4148_002   0.230  -1.133  -0.903
ASN01B4149_001   0.161  -0.079   0.083
ASN01B4149_002   0.000  -0.103  -0.103
LEU01B4150_001   1.400   0.000   1.400
SER01B4151_001   0.000  -1.108  -1.108
SER01B4151_002   0.000  -1.108  -1.108
GLU01B4152_001   2.089  -0.940   1.149
GLU01B4152_002   2.089  -0.940   1.149
GLU02B4152_003   1.644  -0.963   0.682
GLU02B4152_004   1.644  -0.963   0.682
GLU-1B4152_005   1.588  -0.938   0.650
HIS01B4153_001  -0.158  -0.047  -0.206
HIS01B4153_002  -0.117  -0.223  -0.340
HIS02B4153_003  -0.177  -0.047  -0.224
HIS02B4153_004  -0.131  -0.223  -0.353
HIS+1B4153_005  -0.204  -0.047  -0.251
HIS+1B4153_006  -0.157  -0.223  -0.380
VAL01B4154_001   0.544  -1.114  -0.570
PRO01B4155_001   0.275  -1.732  -1.457
HIS01B4156_001  -0.255  -6.326  -6.580
HIS01B4156_002  -0.220  -6.563  -6.783
HIS02B4156_003  -0.275  -6.326  -6.601
HIS02B4156_004  -0.229  -6.563  -6.792
HIS+1B4156_005  -0.302  -6.326  -6.627
HIS+1B4156_006  -0.256  -6.563  -6.818
ASP01B4157_001   0.070  -0.803  -0.733
ASP01B4157_002   0.070  -0.803  -0.733
ASP02B4157_003   0.142  -0.778  -0.636
ASP02B4157_004   0.142  -0.778  -0.636
ASP-1B4157_005   0.067  -0.805  -0.738
PRO01B4158_001   0.249  -6.845  -6.597
ARG01B4159_001   2.236  -5.335  -3.099
ARG02B4159_002   2.161  -5.335  -3.174
ARG02B4159_003   2.167  -5.335  -3.168
ARG03B4159_004   2.228  -5.335  -3.107
ARG+1B4159_005   2.122  -5.335  -3.213
LEU01B4160_001   1.978  -0.052   1.927
ARG01B4161_001   1.352  -7.694  -6.342
ARG02B4161_002   1.311  -7.694  -6.383
ARG03B4161_003   1.310  -7.694  -6.384
ARG+1B4161_004   1.267  -7.694  -6.427
ASN01B4162_001   0.183  -1.737  -1.554
ASN01B4162_002   0.012  -1.688  -1.677
PHE01B4163_001   4.770   0.000   4.770
LEU01B4164_001   2.208  -1.716   0.492
GLU01B4165_001   3.724  -3.328   0.396
GLU01B4165_002   3.724  -3.328   0.396
GLU02B4165_003   2.960  -3.270  -0.310
GLU02B4165_004   2.960  -3.270  -0.310
GLU-1B4165_005   2.904  -3.174  -0.269
LEU01B4166_001   2.022  -2.437  -0.415
ALA01B4167_001   0.000   0.000   0.000
GLU01B4168_001   1.904  -3.068  -1.164
GLU01B4168_002   1.904  -3.068  -1.164
GLU02B4168_003   1.583  -2.951  -1.368
GLU02B4168_004   1.583  -2.951  -1.368
GLU-1B4168_005   1.482  -2.953  -1.472
SER01B4169_001   0.000  -1.316  -1.316
SER01B4169_002   0.000  -1.316  -1.316
SER01B4169_003   0.000  -1.316  -1.316
ILE01B4170_001   4.336   0.000   4.336
LEU01B4171_001   2.194  -1.974   0.220
GLU01B4172_001   2.110  -2.693  -0.584
GLU01B4172_002   2.110  -2.693  -0.584
GLU02B4172_003   1.736  -2.771  -1.034
GLU02B4172_004   1.736  -2.771  -1.034
GLU-1B4172_005   1.642  -2.738  -1.097
TYR01B4173_001   4.620  -3.074   1.546
TYR01B4173_002   4.620  -3.074   1.546
TYR-1B4173_003   4.620  -3.074   1.546
PHE01B4174_001   4.536   0.000   4.536
ARG01B4175_001   2.396  -7.711  -5.315
ARG02B4175_002   2.372  -7.711  -5.339
ARG02B4175_003   2.376  -7.711  -5.335
ARG03B4175_004   2.381  -7.711  -5.331
ARG+1B4175_005   2.333  -7.711  -5.378
PRO01B4176_001   0.351  -4.240  -3.889
TYR01B4177_001   4.899  -2.828   2.071
TYR01B4177_002   4.899  -2.828   2.071
TYR-1B4177_003   4.899  -2.828   2.071
LEU01B4178_001   2.818  -0.258   2.560
ARG01B4180_001   3.133  -1.257   1.876
ARG02B4180_002   3.146  -1.257   1.889
ARG03B4180_003   3.097  -1.257   1.840
ARG+1B4180_004   3.057  -1.257   1.800
ILE01B4181_001   4.785  -0.892   3.893
GLU01B4182_001   3.543   0.000   3.543
GLU01B4182_002   3.543   0.000   3.543
GLU02B4182_003   2.819   0.000   2.819
GLU02B4182_004   2.819   0.000   2.819
GLU-1B4182_005   2.757   0.000   2.757
ILE01B4183_001   1.855  -0.258   1.597
MET01B4184_001   0.603  -1.545  -0.941
ALA01B4186_001   0.000  -3.004  -3.004
SER01B4187_001   0.000  -0.740  -0.740
SER01B4187_002   0.000  -0.740  -0.740
SER01B4187_003   0.000  -0.740  -0.740
ARG01B4188_001   1.847 -10.122  -8.275
ARG02B4188_002   1.916 -10.122  -8.206
ARG03B4188_003   1.817 -10.122  -8.305
ARG+1B4188_004   1.778 -10.122  -8.344
ARG01B4189_001   2.232  -4.475  -2.243
ARG02B4189_002   2.222  -4.475  -2.253
ARG03B4189_003   2.155  -4.475  -2.320
ARG+1B4189_004   2.116  -4.475  -2.359
ILE01B4190_001   3.142  -0.052   3.090
GLU01B4191_001   2.385  -0.140   2.246
GLU01B4191_002   2.385  -0.140   2.246
GLU02B4191_003   1.892  -0.109   1.783
GLU02B4191_004   1.892  -0.109   1.783
GLU-1B4191_005   1.828  -0.138   1.690
ARG01B4192_001   2.604  -0.193   2.412
ARG02B4192_002   2.531  -0.193   2.339
ARG02B4192_003   2.537  -0.193   2.344
ARG03B4192_004   2.537  -0.193   2.344
ARG+1B4192_005   2.492  -0.193   2.299
ILE01B4193_001   3.196  -1.442   1.754
TYR01B4194_001   4.922  -0.878   4.043
TYR-1B4194_002   4.922  -0.878   4.043
PHE01B4195_001   5.199  -3.034   2.165
GLU01B4196_001   5.026  -1.432   3.593
GLU01B4196_002   5.026  -1.432   3.593
GLU02B4196_003   4.030  -1.466   2.564
GLU02B4196_004   4.030  -1.466   2.564
GLU-1B4196_005   3.962  -1.447   2.515
ILE01B4197_001   2.228  -0.103   2.125
SER01B4198_001   0.000  -2.123  -2.123
SER01B4198_002   0.000  -2.123  -2.123
GLU01B4199_001   4.110  -2.936   1.175
GLU01B4199_002   4.110  -2.936   1.175
GLU02B4199_003   3.297  -3.094   0.203
GLU02B4199_004   3.297  -3.094   0.203
GLU-1B4199_005   3.224  -2.950   0.275
THR01B4200_001   0.229  -5.085  -4.857
THR01B4200_002   0.229  -5.085  -4.857
ASN01B4201_001   0.289  -0.723  -0.435
ASN01B4201_002   0.452  -0.689  -0.237
ARG01B4202_001   3.061  -3.894  -0.833
ARG02B4202_002   3.019  -3.894  -0.875
ARG03B4202_003   3.017  -3.894  -0.878
ARG+1B4202_004   2.972  -3.894  -0.923
ALA01B4203_001   0.000  -3.139  -3.139
GLN01B4204_001   1.716  -0.842   0.874
GLN01B4204_002   2.849  -0.868   1.981
TRP01B4205_001   3.231  -1.303   1.929
GLU01B4206_001   1.500  -2.451  -0.951
GLU01B4206_002   1.500  -2.451  -0.951
GLU02B4206_003   1.258  -2.531  -1.273
GLU02B4206_004   1.258  -2.531  -1.273
GLU-1B4206_005   1.158  -2.480  -1.322
MET01B4207_001   0.882  -3.434  -2.551
PRO01B4208_001   0.239  -7.277  -7.038
GLN01B4209_001   0.761  -1.216  -0.455
GLN01B4209_002   0.654  -1.165  -0.510
VAL01B4210_001   0.602  -0.068   0.535
LYS01B4211_001   0.735  -5.135  -4.400
LYS+1B4211_002   0.690  -5.135  -4.445
GLU01B4212_001   1.775  -1.894  -0.119
GLU01B4212_002   1.775  -1.894  -0.119
GLU02B4212_003   1.461  -1.923  -0.462
GLU02B4212_004   1.461  -1.923  -0.462
GLU-1B4212_005   1.371  -1.903  -0.532
SER01B4213_001   0.000  -1.864  -1.864
SER01B4213_002   0.000  -1.864  -1.864
SER01B4213_003   0.000  -1.864  -1.864
LYS01B4214_001   1.959  -1.803   0.156
LYS+1B4214_002   1.873  -1.803   0.070
ARG01B4215_001   3.660  -8.157  -4.497
ARG02B4215_002   3.614  -8.157  -4.543
ARG03B4215_003   3.606  -8.157  -4.551
ARG+1B4215_004   3.566  -8.157  -4.591
GLN01B4216_001   1.613  -2.934  -1.321
GLN01B4216_002   2.669  -2.821  -0.152
PHE01B4217_001   5.052  -0.810   4.242
ILE01B4218_001   3.174  -1.391   1.783
PHE01B4219_001   4.671  -2.872   1.799
ASP01B4220_001   0.158  -1.668  -1.510
ASP01B4220_002   0.158  -1.668  -1.510
ASP02B4220_003   0.241  -1.685  -1.444
ASP02B4220_004   0.241  -1.685  -1.444
ASP-1B4220_005   0.149  -1.585  -1.436
VAL01B4221_001   0.894   0.000   0.894
VAL01B4222_001   0.802  -0.721   0.081
ASN01B4223_001   0.155  -1.728  -1.573
ASN01B4223_002  -0.005  -1.944  -1.950
GLU01B4224_001   1.815  -3.779  -1.965
GLU01B4224_002   1.815  -3.779  -1.965
GLU02B4224_003   1.507  -3.646  -2.139
GLU02B4224_004   1.507  -3.646  -2.139
GLU-1B4224_005   1.408  -3.703  -2.295
GLU01B4227_001   1.045  -3.969  -2.925
GLU01B4227_002   1.045  -3.969  -2.925
GLU02B4227_003   0.853  -3.893  -3.040
GLU02B4227_004   0.853  -3.893  -3.040
GLU-1B4227_005   0.779  -3.871  -3.092
ALA01B4228_001   0.000  -2.659  -2.659
GLU01B4229_001   2.503  -3.049  -0.546
GLU01B4229_002   2.503  -3.049  -0.546
GLU02B4229_003   2.064  -3.128  -1.064
GLU02B4229_004   2.064  -3.128  -1.064
GLU-1B4229_005   1.962  -2.980  -1.018
LYS01B4230_001   1.260  -3.037  -1.777
LYS+1B4230_002   1.213  -3.037  -1.823
MET01B4231_001   0.007  -0.452  -0.445
GLU01B4232_001   2.887  -1.163   1.723
GLU01B4232_002   2.887  -1.163   1.723
GLU02B4232_003   2.339  -1.249   1.090
GLU02B4232_004   2.339  -1.249   1.090
GLU-1B4232_005   2.252  -1.162   1.089
LEU01B4233_001   2.605  -4.066  -1.461
PHE01B4234_001   4.835  -0.152   4.683
VAL01B4235_001   0.788  -0.052   0.736
SER01B4236_001   0.000  -2.017  -2.017
SER01B4236_002   0.000  -2.017  -2.017
PHE01B4237_001   4.978  -0.980   3.998
CYS01B4238_001  -0.002  -0.071  -0.073
CYS01B4238_002  -0.002  -0.071  -0.073
CYS01B4238_003  -0.003  -0.071  -0.074
CYS-1B4238_004   0.000  -0.071  -0.071
GLU01B4239_001   3.048  -0.034   3.013
GLU01B4239_002   3.048  -0.034   3.013
GLU02B4239_003   2.428  -0.036   2.392
GLU02B4239_004   2.428  -0.036   2.392
GLU-1B4239_005   2.364  -0.034   2.330
ASP01B4240_001   0.076  -0.517  -0.441
ASP01B4240_002   0.076  -0.517  -0.441
ASP02B4240_003   0.147  -0.543  -0.397
ASP02B4240_004   0.147  -0.543  -0.397
ASP-1B4240_005   0.072  -0.517  -0.445
THR01B4241_001   0.245   0.000   0.245
THR01B4241_002   0.245   0.000   0.245
ILE01B4242_001   2.243  -0.805   1.439
PHE01B4243_001   4.784  -1.212   3.571
GLU01B4244_001   2.321  -0.245   2.076
GLU01B4244_002   2.321  -0.245   2.076
GLU02B4244_003   1.835  -0.322   1.513
GLU02B4244_004   1.835  -0.322   1.513
GLU-1B4244_005   1.774  -0.241   1.533
MET01B4245_001  -0.051  -0.361  -0.412
GLN01B4246_001   0.812  -2.431  -1.619
GLN01B4246_002   0.689  -2.713  -2.024
ILE01B4247_001   0.975  -1.201  -0.226
ALA01B4248_001   0.000  -0.103  -0.103
ALA01B4249_001   0.000  -2.711  -2.711
GLN01B4250_001   1.715  -2.765  -1.049
GLN01B4250_002   2.840  -2.640   0.200
ILE01B4251_001   2.235  -1.700   0.535
SER01B4252_001   0.000  -3.451  -3.451
GLU01B4253_001   0.498  -3.309  -2.811
GLU01B4253_002   0.498  -3.309  -2.811
GLU02B4253_003   0.665  -3.231  -2.567
GLU02B4253_004   0.665  -3.231  -2.567
GLU-1B4253_005   0.467  -3.122  -2.655
CTR01B4253_001  -0.021  -5.078  -5.099
CTR01B4253_002   0.109  -5.155  -5.046
CTR02B4253_003  -0.022  -5.116  -5.138
CTR02B4253_004   0.043  -5.097  -5.054
CTR-1B4253_005   0.000  -5.039  -5.039
NTR01B4540_001  -0.003  -2.992  -2.995
NTR+1B4540_002  -0.005  -2.992  -2.997
PHE01B4540_001   2.031  -2.273  -0.242
TRP01B4541_001   0.641 -14.821 -14.179
GLU01B4543_001   0.499  -3.487  -2.989
GLU01B4543_002   0.499  -3.487  -2.989
GLU02B4543_003   0.665  -3.554  -2.889
GLU02B4543_004   0.665  -3.554  -2.889
GLU-1B4543_005   0.468  -3.471  -3.004
LEU01B4544_001   1.456  -3.554  -2.099
GLU01B4545_001   0.498  -1.992  -1.494
GLU01B4545_002   0.498  -1.992  -1.494
GLU02B4545_003   0.664  -1.923  -1.260
GLU02B4545_004   0.664  -1.923  -1.260
GLU-1B4545_005   0.467  -1.955  -1.489
VAL01B4546_001   0.661  -5.934  -5.272
GLN01B4547_001   1.026  -3.038  -2.011
GLN01B4547_002   1.401  -3.049  -1.648
ARG01B4548_001   3.174  -7.578  -4.403
ARG02B4548_002   3.124  -7.578  -4.454
ARG02B4548_003   3.129  -7.578  -4.449
ARG03B4548_004   3.220  -7.578  -4.358
ARG+1B4548_005   3.084  -7.578  -4.494
VAL01B4549_001   0.760  -4.205  -3.445
LYS01B4550_001   3.799  -3.560   0.239
LYS+1B4550_002   3.705  -3.560   0.144
PHE01B4551_001   4.590  -6.881  -2.291
LEU01B4552_001   2.258  -1.835   0.423
ASN01B4553_001   0.294  -0.940  -0.646
ASN01B4553_002   0.454  -0.989  -0.535
TYR01B4554_001   4.461  -7.551  -3.090
TYR01B4554_002   4.461  -7.551  -3.090
TYR-1B4554_003   4.461  -7.551  -3.090
LEU01B4555_001   1.614  -0.361   1.254
SER01B4556_001   0.000   0.000   0.000
SER01B4556_002   0.000   0.000   0.000
ARG01B4557_001   2.837  -4.884  -2.047
ARG02B4557_002   2.802  -4.884  -2.082
ARG03B4557_003   2.833  -4.884  -2.051
ARG+1B4557_004   2.758  -4.884  -2.126
ASN01B4558_001   0.159  -1.140  -0.981
PHE01B4559_001   4.783  -0.606   4.176
TYR01B4560_001   4.604  -7.515  -2.911
TYR-1B4560_002   4.604  -7.515  -2.911
THR01B4561_001   0.247  -4.156  -3.908
THR01B4561_002   0.247  -4.156  -3.908
LEU01B4562_001   1.813  -0.840   0.973
ARG01B4563_001   1.271  -2.135  -0.864
ARG02B4563_002   1.232  -2.135  -0.903
ARG03B4563_003   1.233  -2.135  -0.902
ARG+1B4563_004   1.189  -2.135  -0.946
PHE01B4564_001   4.683  -8.624  -3.942
LEU01B4565_001   1.646  -4.324  -2.677
ALA01B4566_001   0.000   0.000   0.000
LEU01B4567_001   1.608  -1.767  -0.160
PHE01B4568_001   4.609  -8.141  -3.533
LEU01B4569_001   2.183  -0.567   1.617
ALA01B4570_001   0.000   0.000   0.000
PHE01B4571_001   4.768  -6.250  -1.482
ALA01B4572_001   0.000  -2.556  -2.556
ILE01B4573_001   2.192  -0.052   2.141
ASN01B4574_001   0.430  -0.256   0.174
ASN01B4574_002   0.203  -0.294  -0.091
PHE01B4575_001   4.699  -8.936  -4.237
ILE01B4576_001   3.381  -0.737   2.644
LEU01B4577_001   3.150  -2.299   0.852
LEU01B4578_001   1.996  -7.308  -5.312
PHE01B4579_001   4.423  -3.218   1.206
TYR01B4580_001   4.561  -3.404   1.157
TYR-1B4580_002   4.561  -3.404   1.157
LYS01B4581_001   0.988  -6.483  -5.495
LYS+1B4581_002   0.941  -6.483  -5.542
VAL01B4582_001   0.458  -5.286  -4.828
SER01B4583_001   0.000  -0.987  -0.987
SER01B4583_002   0.000  -0.987  -0.987
ASP01B4584_001  -0.040  -3.454  -3.494
ASP01B4584_002  -0.040  -3.454  -3.494
ASP02B4584_003  -0.009  -3.345  -3.354
ASP02B4584_004  -0.009  -3.345  -3.354
ASP-1B4584_005  -0.040  -3.359  -3.400
SER01B4585_001   0.000  -3.220  -3.220
PRO01B4586_001   0.257  -5.158  -4.901
PRO01B4587_001   0.252  -4.054  -3.802
CTR01B4587_001  -0.021  -4.469  -4.490
CTR01B4587_002   0.088  -4.431  -4.343
CTR02B4587_003  -0.022  -4.392  -4.414
CTR02B4587_004   0.032  -4.489  -4.457
CTR-1B4587_005   0.000  -4.392  -4.392
NTR01B4626_001  -0.003  -3.647  -3.650
NTR+1B4626_002  -0.005  -3.647  -3.652
ASN01B4626_001  -0.020  -3.483  -3.503
MET01B4627_001   0.141  -3.605  -3.464
VAL01B4628_001   0.581  -2.640  -2.059
TYR01B4629_001   4.588  -9.835  -5.247
TYR-1B4629_002   4.588  -9.835  -5.247
TYR01B4630_001   4.549  -3.967   0.582
TYR01B4630_002   4.549  -3.967   0.582
TYR-1B4630_003   4.549  -3.967   0.582
PHE01B4631_001   4.731  -2.439   2.292
LEU01B4632_001   1.786  -4.491  -2.705
GLU01B4633_001   2.826  -2.552   0.274
GLU01B4633_002   2.826  -2.552   0.274
GLU02B4633_003   2.242  -2.538  -0.297
GLU02B4633_004   2.242  -2.538  -0.297
GLU-1B4633_005   2.181  -2.515  -0.334
GLU01B4634_001   2.238  -1.180   1.059
GLU01B4634_002   2.238  -1.180   1.059
GLU02B4634_003   1.776  -1.103   0.673
GLU02B4634_004   1.776  -1.103   0.673
GLU-1B4634_005   1.713  -1.098   0.614
SER01B4635_001   0.000  -5.340  -5.340
THR01B4636_001   0.203  -2.038  -1.834
THR01B4636_002   0.203  -2.038  -1.834
THR01B4636_003   0.203  -2.038  -1.834
TYR01B4638_001   4.527  -9.627  -5.100
TYR-1B4638_002   4.527  -9.627  -5.100
MET01B4639_001   8.619   0.000   8.619
GLU01B4640_001   1.623  -2.778  -1.154
GLU01B4640_002   1.623  -2.778  -1.154
GLU02B4640_003   1.340  -2.728  -1.389
GLU02B4640_004   1.340  -2.728  -1.389
GLU-1B4640_005   1.248  -2.682  -1.434
PRO01B4641_001   0.276  -6.315  -6.039
ALA01B4642_001   0.000  -3.055  -3.055
LEU01B4643_001   2.897  -1.681   1.217
TRP01B4644_001   2.932  -8.601  -5.669
CYS01B4645_001  -0.002  -3.909  -3.911
CYS01B4645_002  -0.002  -3.909  -3.911
CYS01B4645_003  -0.002  -3.909  -3.911
CYS-1B4645_004   0.000  -3.909  -3.909
LEU01B4646_001   1.614  -2.885  -1.270
SER01B4647_001   0.000   0.000   0.000
SER01B4647_002   0.000   0.000   0.000
SER01B4647_003   0.000   0.000   0.000
LEU01B4648_001   2.172  -4.977  -2.805
LEU01B4649_001   1.755  -3.622  -1.866
HIS01B4650_001  -0.153   0.000  -0.153
HIS02B4650_002  -0.172   0.000  -0.172
HIS+1B4650_003  -0.199   0.000  -0.199
THR01B4651_001   0.244  -1.238  -0.994
THR01B4651_002   0.244  -1.238  -0.994
LEU01B4652_001   2.904  -5.389  -2.485
VAL01B4653_001   0.648  -0.361   0.288
ALA01B4654_001   0.000   0.000   0.000
PHE01B4655_001   4.564  -7.978  -3.414
LEU01B4656_001   1.972  -2.196  -0.224
CYS01B4657_001  -0.002   0.000  -0.002
CYS01B4657_002  -0.002   0.000  -0.002
CYS01B4657_003  -0.002   0.000  -0.002
CYS-1B4657_004   0.000   0.000   0.000
ILE01B4658_001   2.291  -2.196   0.096
ILE01B4659_001   3.880  -3.519   0.361
TYR01B4661_001   4.654  -0.623   4.030
TYR01B4661_002   4.654  -0.623   4.030
TYR-1B4661_003   4.654  -0.623   4.030
ASN01B4662_001   0.172  -1.777  -1.604
ASN01B4662_002   0.005  -1.629  -1.624
CYS01B4663_001  -0.002  -1.026  -1.028
CYS01B4663_002  -0.002  -1.026  -1.028
CYS01B4663_003  -0.002  -1.026  -1.028
CYS-1B4663_004   0.000  -1.026  -1.026
LEU01B4664_001   1.685  -0.979   0.706
LYS01B4665_001   1.345  -3.762  -2.416
LYS+1B4665_002   1.260  -3.762  -2.502
VAL01B4666_001   0.339   0.000   0.339
PRO01B4667_001   0.303  -1.819  -1.516
LEU01B4668_001   2.011  -1.011   1.000
VAL01B4669_001   0.526  -1.491  -0.965
ILE01B4670_001   2.202  -0.618   1.583
PHE01B4671_001   4.792   0.000   4.792
LYS01B4672_001   0.976  -5.480  -4.503
LYS+1B4672_002   0.930  -5.480  -4.550
ARG01B4673_001   2.699  -0.861   1.838
ARG02B4673_002   2.660  -0.861   1.799
ARG03B4673_003   2.663  -0.861   1.802
ARG03B4673_004   2.729  -0.861   1.868
ARG+1B4673_005   2.616  -0.861   1.755
GLU01B4674_001   2.650   0.000   2.650
GLU01B4674_002   2.650   0.000   2.650
GLU02B4674_003   2.175   0.000   2.175
GLU02B4674_004   2.175   0.000   2.175
GLU-1B4674_005   2.078   0.000   2.078
LYS01B4675_001   1.167  -0.824   0.343
LYS+1B4675_002   1.120  -0.824   0.296
GLU01B4676_001   2.686  -1.562   1.124
GLU01B4676_002   2.686  -1.562   1.124
GLU02B4676_003   2.137  -1.578   0.559
GLU02B4676_004   2.137  -1.578   0.559
GLU-1B4676_005   2.072  -1.533   0.539
LEU01B4677_001   1.360  -0.206   1.154
ALA01B4678_001   0.000  -0.155  -0.155
ARG01B4679_001   1.849  -2.738  -0.889
ARG02B4679_002   1.832  -2.738  -0.906
ARG02B4679_003   1.906  -2.738  -0.832
ARG03B4679_004   1.824  -2.738  -0.914
ARG03B4679_005   1.828  -2.738  -0.910
ARG+1B4679_006   1.785  -2.738  -0.953
LYS01B4680_001   0.874  -5.179  -4.305
LYS+1B4680_002   0.828  -5.179  -4.351
LEU01B4681_001   1.405   0.000   1.405
GLU01B4682_001   1.804  -0.555   1.248
GLU01B4682_002   1.804  -0.555   1.248
GLU02B4682_003   1.478  -0.582   0.896
GLU02B4682_004   1.478  -0.582   0.896
GLU-1B4682_005   1.391  -0.555   0.835
PHE01B4683_001   4.889  -3.775   1.115
ASP01B4684_001   0.200  -2.490  -2.290
ASP01B4684_002   0.200  -2.490  -2.290
ASP02B4684_003   0.292  -2.512  -2.220
ASP02B4684_004   0.292  -2.512  -2.220
ASP-1B4684_005   0.189  -2.403  -2.214
LEU01B4686_001   1.930  -2.109  -0.179
TYR01B4687_001   4.772  -0.051   4.721
TYR01B4687_002   4.772  -0.051   4.721
TYR-1B4687_003   4.772  -0.051   4.721
ILE01B4688_001   1.953   0.000   1.953
THR01B4689_001   0.194  -3.435  -3.241
GLU01B4690_001   3.002  -2.983   0.019
GLU01B4690_002   3.002  -2.983   0.019
GLU02B4690_003   2.387  -3.139  -0.752
GLU02B4690_004   2.387  -3.139  -0.752
GLU-1B4690_005   2.326  -3.066  -0.741
GLN01B4691_001   1.044  -2.486  -1.442
GLN01B4691_002   1.436  -2.647  -1.211
PRO01B4692_001   0.296  -0.199   0.097
ASP01B4694_001   0.144  -2.583  -2.439
ASP01B4694_002   0.144  -2.583  -2.439
ASP02B4694_003   0.224  -2.641  -2.417
ASP02B4694_004   0.224  -2.641  -2.417
ASP-1B4694_005   0.135  -2.515  -2.380
ASP01B4695_001   0.168  -3.455  -3.288
ASP01B4695_002   0.168  -3.455  -3.288
ASP02B4695_003   0.252  -3.462  -3.210
ASP02B4695_004   0.252  -3.462  -3.210
ASP-1B4695_005   0.158  -3.394  -3.236
ASP01B4696_001   0.166  -3.110  -2.944
ASP01B4696_002   0.166  -3.110  -2.944
ASP02B4696_003   0.251  -3.148  -2.897
ASP02B4696_004   0.251  -3.148  -2.897
ASP-1B4696_005   0.157  -3.067  -2.910
VAL01B4697_001   0.653  -7.051  -6.398
LYS01B4698_001   1.431  -5.371  -3.941
LYS+1B4698_002   1.383  -5.371  -3.988
GLN01B4700_001   0.888  -2.444  -1.556
GLN01B4700_002   0.752  -2.526  -1.775
TRP01B4701_001   3.147  -4.401  -1.254
ASP01B4702_001   0.160  -0.069   0.092
ASP01B4702_002   0.160  -0.069   0.092
ASP02B4702_003   0.244  -0.072   0.171
ASP02B4702_004   0.244  -0.072   0.171
ASP-1B4702_005   0.151  -0.069   0.082
ARG01B4703_001   4.180  -6.310  -2.130
ARG02B4703_002   4.128  -6.310  -2.182
ARG03B4703_003   4.131  -6.310  -2.179
ARG+1B4703_004   4.083  -6.310  -2.227
LEU01B4704_001   3.992  -2.814   1.178
VAL01B4705_001   0.531   0.000   0.531
LEU01B4706_001   1.601  -0.206   1.395
ASN01B4707_001   0.477  -1.464  -0.987
THR01B4708_001   0.221   0.000   0.221
THR01B4708_002   0.221   0.000   0.221
PRO01B4709_001   0.261  -4.678  -4.417
SER01B4710_001   0.000  -1.830  -1.830
SER01B4710_002   0.000  -1.830  -1.830
SER01B4710_003   0.000  -1.830  -1.830
PHE01B4711_001   4.637   0.000   4.637
PRO01B4712_001   0.311  -0.274   0.037
SER01B4713_001   0.000  -1.489  -1.489
SER01B4713_002   0.000  -1.489  -1.489
ASN01B4714_001   0.146  -0.714  -0.568
ASN01B4714_002  -0.009  -0.773  -0.782
TYR01B4715_001   4.850  -0.884   3.966
TYR01B4715_002   4.850  -0.884   3.966
TYR-1B4715_003   4.850  -0.884   3.966
TRP01B4716_001   3.042  -2.088   0.954
ASP01B4717_001   0.395  -0.672  -0.278
ASP01B4717_002   0.395  -0.672  -0.278
ASP02B4717_003   0.453  -0.630  -0.176
ASP02B4717_004   0.453  -0.630  -0.176
ASP-1B4717_005   0.344  -0.624  -0.280
LYS01B4718_001   0.600  -4.189  -3.589
LYS+1B4718_002   0.556  -4.189  -3.633
PHE01B4719_001   4.575  -1.426   3.149
VAL01B4720_001   0.590  -0.258   0.332
LYS01B4721_001   0.677  -0.721  -0.045
LYS+1B4721_002   0.632  -0.721  -0.089
ARG01B4722_001   3.682  -4.601  -0.919
ARG02B4722_002   3.632  -4.601  -0.969
ARG03B4722_003   3.635  -4.601  -0.966
ARG+1B4722_004   3.587  -4.601  -1.014
LYS01B4723_001   1.419  -4.532  -3.113
LYS+1B4723_002   1.373  -4.532  -3.160
VAL01B4724_001   0.752   0.000   0.752
LEU01B4725_001   1.986  -0.515   1.471
ASP01B4726_001   0.088  -3.077  -2.989
ASP01B4726_002   0.088  -3.077  -2.989
ASP02B4726_003   0.164  -3.023  -2.859
ASP02B4726_004   0.164  -3.023  -2.859
ASP-1B4726_005   0.085  -2.976  -2.891
LYS01B4727_001   0.984  -4.827  -3.843
LYS+1B4727_002   0.938  -4.827  -3.889
HIS01B4728_001  -0.117  -0.848  -0.965
HIS01B4728_002  -0.065  -0.842  -0.907
HIS02B4728_003  -0.137  -0.848  -0.984
HIS02B4728_004  -0.078  -0.842  -0.920
HIS+1B4728_005  -0.164  -0.848  -1.011
HIS+1B4728_006  -0.105  -0.842  -0.947
ASP01B4730_001   0.063  -3.185  -3.121
ASP01B4730_002   0.063  -3.185  -3.121
ASP02B4730_003   0.132  -3.170  -3.038
ASP02B4730_004   0.132  -3.170  -3.038
ASP-1B4730_005   0.060  -3.114  -3.054
ILE01B4731_001   2.541  -6.416  -3.875
PHE01B4732_001   4.368  -3.409   0.959
ARG01B4734_001   1.917  -7.249  -5.332
ARG02B4734_002   1.897  -7.249  -5.352
ARG03B4734_003   1.985  -7.249  -5.264
ARG+1B4734_004   1.854  -7.249  -5.395
GLU01B4735_001   3.910  -3.132   0.778
GLU01B4735_002   3.910  -3.132   0.778
GLU02B4735_003   3.136  -3.022   0.115
GLU02B4735_004   3.136  -3.022   0.115
GLU-1B4735_005   3.064  -2.987   0.077
ARG01B4736_001   2.794  -8.797  -6.003
ARG02B4736_002   2.751  -8.797  -6.047
ARG03B4736_003   2.840  -8.797  -5.957
ARG+1B4736_004   2.706  -8.797  -6.092
ILE01B4737_001   2.470  -0.103   2.367
ALA01B4738_001   0.000  -0.103  -0.103
GLU01B4739_001   3.661  -2.685   0.976
GLU01B4739_002   3.661  -2.685   0.976
GLU02B4739_003   2.962  -2.634   0.328
GLU02B4739_004   2.962  -2.634   0.328
GLU-1B4739_005   2.880  -2.613   0.267
LEU01B4740_001   1.841  -2.521  -0.680
LEU01B4741_001   1.735  -0.052   1.683
MET01B4743_001   0.633  -0.671  -0.038
ASP01B4744_001  -0.040  -2.693  -2.733
ASP01B4744_002  -0.040  -2.693  -2.733
ASP02B4744_003  -0.009  -2.644  -2.653
ASP02B4744_004  -0.009  -2.644  -2.653
ASP-1B4744_005  -0.040  -2.618  -2.658
LEU01B4745_001   1.464  -6.178  -4.714
ALA01B4746_001   0.000  -0.927  -0.927
SER01B4747_001   0.000  -0.782  -0.782
LEU01B4748_001   1.456  -5.885  -4.430
GLU01B4749_001   0.499  -3.133  -2.635
GLU01B4749_002   0.499  -3.133  -2.635
GLU02B4749_003   0.665  -3.198  -2.533
GLU02B4749_004   0.665  -3.198  -2.533
GLU-1B4749_005   0.468  -3.092  -2.625
ILE01B4750_001   0.940  -1.597  -0.657
THR01B4751_001   0.153  -5.048  -4.895
THR01B4751_002   0.153  -5.048  -4.895
ALA01B4752_001   0.000  -2.711  -2.711
HIS01B4753_001  -0.354  -2.457  -2.811
HIS02B4753_002  -0.363  -2.457  -2.820
HIS+1B4753_003  -0.382  -2.457  -2.839
ASN01B4754_001  -0.020  -0.899  -0.919
ASN01B4754_002  -0.091  -0.800  -0.891
GLU01B4755_001   0.500  -2.120  -1.621
GLU01B4755_002   0.500  -2.120  -1.621
GLU02B4755_003   0.666  -2.086  -1.420
GLU02B4755_004   0.666  -2.086  -1.420
GLU-1B4755_005   0.468  -2.033  -1.565
ARG01B4756_0011190.548  -6.0471184.501
ARG02B4756_0021190.531  -6.0471184.484
ARG03B4756_0031190.564  -6.0471184.517
ARG03B4756_004 189.607  -6.047 183.559
ARG+1B4756_0051190.498  -6.0471184.451
LYS01B4757_001   3.790  -4.105  -0.315
LYS+1B4757_002   3.695  -4.105  -0.409
PRO01B4758_001   0.232  -5.987  -5.755
ASP01B4759_001  -0.040  -3.513  -3.553
ASP01B4759_002  -0.040  -3.513  -3.553
ASP02B4759_003  -0.009  -3.559  -3.568
ASP02B4759_004  -0.009  -3.559  -3.568
ASP-1B4759_005  -0.041  -3.381  -3.421
PRO01B4760_001   0.211  -6.853  -6.641
PRO01B4761_001   0.238  -6.897  -6.659
PRO01B4762_001   0.228  -5.769  -5.541
LEU01B4764_001   1.460  -4.395  -2.934
LEU01B4765_001   1.462  -3.451  -1.989
THR01B4766_001   0.191  -5.555  -5.364
THR01B4766_002   0.191  -5.555  -5.364
TRP01B4767_001   2.988  -7.485  -4.497
LEU01B4768_001   3.231  -6.043  -2.811
MET01B4769_001   0.349  -9.344  -8.995
SER01B4770_001   0.000  -3.473  -3.473
ILE01B4771_001   2.422  -4.359  -1.938
ASP01B4772_001   0.117  -1.758  -1.641
ASP01B4772_002   0.117  -1.758  -1.641
ASP02B4772_003   0.189  -1.756  -1.567
ASP02B4772_004   0.189  -1.756  -1.567
ASP-1B4772_005   0.109  -1.736  -1.627
VAL01B4773_001   0.625  -5.698  -5.073
LYS01B4774_001   1.203  -5.720  -4.517
LYS+1B4774_002   1.156  -5.720  -4.564
TYR01B4775_001   4.562  -0.707   3.855
TYR01B4775_002   4.562  -0.707   3.855
TYR-1B4775_003   4.562  -0.707   3.855
GLN01B4776_001   0.786  -1.957  -1.171
GLN01B4776_002   0.681  -1.900  -1.218
ILE01B4777_001   2.335  -4.240  -1.905
TRP01B4778_001   3.468   0.000   3.468
LYS01B4779_001   1.304  -3.655  -2.351
LYS+1B4779_002   1.258  -3.655  -2.397
PHE01B4780_001   4.655  -5.908  -1.254
VAL01B4782_001   0.873   0.000   0.873
ILE01B4783_001   2.898  -0.892   2.006
PHE01B4784_001   4.204  -6.843  -2.639
THR01B4785_001   0.174  -2.928  -2.754
ASP01B4786_001   0.080  -0.761  -0.681
ASP01B4786_002   0.080  -0.761  -0.681
ASP02B4786_003   0.153  -0.655  -0.502
ASP02B4786_004   0.153  -0.655  -0.502
ASP-1B4786_005   0.077  -0.655  -0.578
ASN01B4787_001   0.423  -3.788  -3.365
ASN01B4787_002   0.190  -3.871  -3.680
SER01B4788_001   0.000  -2.863  -2.863
SER01B4788_002   0.000  -2.863  -2.863
PHE01B4789_001   4.921  -1.972   2.949
LEU01B4790_001   1.766  -5.389  -3.623
TYR01B4791_001   4.741  -3.368   1.373
TYR01B4791_002   4.741  -3.368   1.373
TYR-1B4791_003   4.741  -3.368   1.373
LEU01B4792_001   1.578  -0.515   1.063
TRP01B4794_001   3.420  -7.620  -4.200
TYR01B4795_001   4.874   0.000   4.874
TYR01B4795_002   4.874   0.000   4.874
TYR-1B4795_003   4.874   0.000   4.874
MET01B4796_001   0.811  -1.525  -0.714
VAL01B4797_001   0.611  -4.324  -3.713
MET01B4798_001  -0.012  -0.863  -0.875
SER01B4799_001   0.000   0.000   0.000
SER01B4799_002   0.000   0.000   0.000
SER01B4799_003   0.000   0.000   0.000
LEU01B4800_001   1.830  -6.761  -4.930
LEU01B4801_001   1.509  -3.174  -1.665
HIS01B4803_001  -0.177  -3.001  -3.178
HIS01B4803_002  -0.137  -3.219  -3.356
HIS02B4803_003  -0.195  -3.001  -3.196
HIS02B4803_004  -0.151  -3.219  -3.369
HIS+1B4803_005  -0.222  -3.001  -3.223
HIS+1B4803_006  -0.177  -3.219  -3.396
TYR01B4804_001   4.150  -9.247  -5.097
TYR-1B4804_002   4.150  -9.247  -5.097
ASN01B4805_001   0.142  -1.710  -1.568
ASN01B4805_002  -0.012  -1.648  -1.661
ASN01B4806_001   0.428  -1.865  -1.437
ASN01B4806_002   0.199  -1.954  -1.755
PHE01B4807_001   4.794 -11.212  -6.418
PHE01B4808_001   4.672  -3.453   1.219
PHE01B4809_001   4.471  -0.169   4.302
ALA01B4810_001   0.000  -1.526  -1.526
ALA01B4811_001   0.000  -0.618  -0.618
HIS01B4812_001  -0.213  -0.047  -0.260
HIS01B4812_002  -0.169  -0.064  -0.233
HIS02B4812_003  -0.233  -0.047  -0.280
HIS02B4812_004  -0.178  -0.064  -0.243
HIS+1B4812_005  -0.260  -0.047  -0.307
HIS+1B4812_006  -0.205  -0.064  -0.269
LEU01B4813_001   3.457  -3.345   0.112
LEU01B4814_001   1.633  -6.809  -5.176
ASP01B4815_001   0.061  -0.077  -0.016
ASP01B4815_002   0.061  -0.077  -0.016
ASP02B4815_003   0.128  -0.077   0.051
ASP02B4815_004   0.128  -0.077   0.051
ASP-1B4815_005   0.058  -0.077  -0.020
ILE01B4816_001   3.306  -0.052   3.254
ALA01B4817_001   0.000  -2.418  -2.418
MET01B4818_001   0.127  -3.733  -3.606
VAL01B4820_001   0.659  -2.833  -2.174
LYS01B4821_001   1.548  -8.027  -6.479
LYS+1B4821_002   1.463  -8.027  -6.564
THR01B4822_001   0.228  -4.836  -4.608
LEU01B4823_001   1.418  -4.704  -3.286
ARG01B4824_001   6.597  -6.954  -0.357
ARG02B4824_002   6.543  -6.954  -0.411
ARG03B4824_003   6.643  -6.954  -0.312
ARG+1B4824_004   6.503  -6.954  -0.452
THR01B4825_001   0.239  -5.048  -4.809
THR01B4825_002   0.239  -5.048  -4.809
ILE01B4826_001   3.057  -6.503  -3.447
LEU01B4827_001   1.942  -4.427  -2.484
SER01B4828_001   0.000  -1.601  -1.601
SER01B4828_002   0.000  -1.601  -1.601
SER01B4828_003   0.000  -1.601  -1.601
SER01B4829_001   0.000  -0.048  -0.048
SER01B4829_002   0.000  -0.048  -0.048
SER01B4829_003   0.000  -0.048  -0.048
VAL01B4830_001   0.680  -3.860  -3.180
THR01B4831_001   0.208  -5.540  -5.332
HIS01B4832_001  -0.169  -8.281  -8.450
HIS01B4832_002  -0.132  -8.281  -8.413
HIS02B4832_003  -0.187  -8.281  -8.467
HIS02B4832_004  -0.146  -8.281  -8.427
HIS+1B4832_005  -0.214  -8.281  -8.494
HIS+1B4832_006  -0.172  -8.281  -8.453
ASN01B4833_001   0.207  -0.507  -0.300
ASN01B4833_002   0.025  -0.723  -0.699
LYS01B4835_001   0.675  -9.096  -8.421
LYS+1B4835_002   0.628  -9.096  -8.468
GLN01B4836_001   1.805  -2.646  -0.840
LEU01B4837_001   2.349  -1.545   0.803
VAL01B4838_001   0.759  -4.993  -4.234
MET01B4839_001  -0.064  -8.550  -8.614
THR01B4840_001   0.211  -0.789  -0.578
THR01B4840_002   0.211  -0.789  -0.578
VAL01B4841_001   0.694  -4.498  -3.804
LEU01B4843_001   2.773  -5.045  -2.272
LEU01B4844_001   3.288  -1.835   1.453
ALA01B4845_001   0.000  -2.485  -2.485
VAL01B4846_001   0.671  -5.286  -4.615
VAL01B4847_001   0.718  -0.979  -0.261
VAL01B4848_001   0.778   0.000   0.778
TYR01B4849_001   4.613  -7.848  -3.235
TYR-1B4849_002   4.613  -7.848  -3.235
LEU01B4850_001   1.569  -6.226  -4.658
TYR01B4851_001   4.187  -3.329   0.858
TYR-1B4851_002   4.187  -3.329   0.858
THR01B4852_001   0.252   0.000   0.252
THR01B4852_002   0.252   0.000   0.252
THR01B4852_003   0.252   0.000   0.252
VAL01B4853_001   0.845  -3.039  -2.194
VAL01B4854_001   0.614  -2.093  -1.479
ALA01B4855_001   0.000  -0.428  -0.428
PHE01B4856_001   4.582  -2.646   1.937
ASN01B4857_001   0.407  -2.088  -1.681
ASN01B4857_002   0.182  -2.062  -1.881
PHE01B4858_001   4.357  -8.670  -4.312
PHE01B4859_001   4.445  -0.929   3.516
ARG01B4860_001   3.364  -7.418  -4.053
ARG02B4860_002   3.326  -7.418  -4.091
ARG03B4860_003   3.335  -7.418  -4.083
ARG+1B4860_004   3.286  -7.418  -4.132
LYS01B4861_001   2.288  -6.283  -3.995
LYS+1B4861_002   2.227  -6.283  -4.056
PHE01B4862_001   5.153  -2.296   2.857
TYR01B4863_001   4.319  -0.202   4.117
TYR01B4863_002   4.319  -0.202   4.117
TYR-1B4863_003   4.319  -0.202   4.117
ASN01B4864_001   0.246  -1.334  -1.087
ASN01B4864_002   0.424  -1.201  -0.777
LYS01B4865_001   2.893  -2.150   0.743
LYS+1B4865_002   2.847  -2.150   0.696
SER01B4866_001   0.000  -3.643  -3.643
SER01B4866_002   0.000  -3.643  -3.643
GLU01B4867_001   3.321  -2.238   1.083
GLU01B4867_002   3.321  -2.238   1.083
GLU02B4867_003   2.700  -2.381   0.320
GLU02B4867_004   2.700  -2.381   0.320
GLU-1B4867_005   2.614  -2.273   0.341
ASP01B4868_001   0.397  -3.525  -3.128
ASP01B4868_002   0.397  -3.525  -3.128
ASP02B4868_003   0.453  -3.658  -3.205
ASP02B4868_004   0.453  -3.658  -3.205
ASP-1B4868_005   0.345  -3.591  -3.246
GLU01B4869_001   1.605  -3.926  -2.320
GLU01B4869_002   1.605  -3.926  -2.320
GLU02B4869_003   1.333  -4.052  -2.719
GLU02B4869_004   1.333  -4.052  -2.719
GLU-1B4869_005   1.240  -3.957  -2.718
ASP01B4870_001   0.195  -2.969  -2.774
ASP01B4870_002   0.195  -2.969  -2.774
ASP02B4870_003   0.284  -3.113  -2.829
ASP02B4870_004   0.284  -3.113  -2.829
ASP-1B4870_005   0.184  -2.998  -2.814
GLU01B4871_001   2.622  -1.608   1.014
GLU01B4871_002   2.622  -1.608   1.014
GLU02B4871_003   2.083  -1.581   0.503
GLU02B4871_004   2.083  -1.581   0.503
GLU-1B4871_005   2.017  -1.611   0.406
CTR01B4871_001  -0.021  -1.014  -1.034
CTR01B4871_002   0.091  -1.072  -0.981
CTR02B4871_003  -0.022  -1.014  -1.036
CTR02B4871_004   0.035  -1.014  -0.978
CTR-1B4871_005   0.000  -1.014  -1.014
NTR01B4872_001  -0.002  -0.595  -0.598
NTR+1B4872_002  -0.004  -0.595  -0.599
PRO01B4872_001   0.275  -5.508  -5.233
ASP01B4873_001   0.062  -1.643  -1.581
ASP01B4873_002   0.062  -1.643  -1.581
ASP02B4873_003   0.130  -1.674  -1.545
ASP02B4873_004   0.130  -1.674  -1.545
ASP-1B4873_005   0.059  -1.624  -1.565
MET01B4874_001   0.511  -1.521  -1.010
LYS01B4875_001   1.167  -1.635  -0.468
LYS+1B4875_002   1.101  -1.635  -0.534
CYS01B4876_001  -0.002   0.000  -0.002
CYS01B4876_002  -0.002   0.000  -0.002
CYS01B4876_003  -0.003   0.000  -0.003
CYS-1B4876_004   0.000   0.000   0.000
ASP01B4877_001   0.098  -2.012  -1.914
ASP01B4877_002   0.098  -2.012  -1.914
ASP02B4877_003   0.167  -2.028  -1.862
ASP02B4877_004   0.167  -2.028  -1.862
ASP-1B4877_005   0.090  -1.955  -1.865
ASP01B4878_001  -0.040  -2.083  -2.124
ASP01B4878_002  -0.040  -2.083  -2.124
ASP02B4878_003  -0.009  -2.146  -2.155
ASP02B4878_004  -0.009  -2.146  -2.155
ASP-1B4878_005  -0.041  -2.083  -2.124
MET01B4879_001   0.058  -4.003  -3.945
MET01B4880_001   0.952  -9.845  -8.893
THR01B4881_001   0.270  -1.803  -1.534
THR01B4881_002   0.270  -1.803  -1.534
THR01B4881_003   0.270  -1.803  -1.534
CYS01B4882_001  -0.002   0.000  -0.002
CYS01B4882_002  -0.002   0.000  -0.002
CYS01B4882_003  -0.002   0.000  -0.002
CYS-1B4882_004   0.000   0.000   0.000
TYR01B4883_001   4.815  -2.639   2.176
TYR01B4883_002   4.815  -2.639   2.176
TYR-1B4883_003   4.815  -2.639   2.176
LEU01B4884_001   1.796  -7.086  -5.290
PHE01B4885_001   4.889  -0.556   4.334
HIS01B4886_001  -0.143  -0.141  -0.284
HIS01B4886_002  -0.100   0.000  -0.100
HIS02B4886_003  -0.161  -0.141  -0.303
HIS02B4886_004  -0.113   0.000  -0.113
HIS+1B4886_005  -0.188  -0.141  -0.330
HIS+1B4886_006  -0.140   0.000  -0.140
MET01B4887_001   1.705  -3.046  -1.341
TYR01B4888_001   4.812  -8.847  -4.035
TYR-1B4888_002   4.812  -8.847  -4.035
VAL01B4889_001   0.829  -0.464   0.366
VAL01B4891_001   0.652  -0.927  -0.275
ARG01B4892_001   4.643  -8.104  -3.461
ARG02B4892_002   4.585  -8.104  -3.520
ARG03B4892_003   4.677  -8.104  -3.427
ARG+1B4892_004   4.545  -8.104  -3.560
ALA01B4893_001   0.000  -0.103  -0.103
ILE01B4897_001   2.307  -0.531   1.776
ASP01B4899_001   0.158  -2.097  -1.940
ASP01B4899_002   0.158  -2.097  -1.940
ASP02B4899_003   0.243  -2.161  -1.919
ASP02B4899_004   0.243  -2.161  -1.919
ASP-1B4899_005   0.149  -1.994  -1.845
GLU01B4900_001   2.552  -1.187   1.364
GLU01B4900_002   2.552  -1.187   1.364
GLU02B4900_003   2.034  -1.229   0.805
GLU02B4900_004   2.034  -1.229   0.805
GLU-1B4900_005   1.973  -1.187   0.786
ILE01B4901_001   4.458  -0.258   4.200
GLU01B4902_001   2.594  -2.118   0.476
GLU01B4902_002   2.594  -2.118   0.476
GLU02B4902_003   2.056  -2.116  -0.060
GLU02B4902_004   2.056  -2.116  -0.060
GLU-1B4902_005   1.992  -2.101  -0.109
ASP01B4903_001   0.069  -3.316  -3.247
ASP01B4903_002   0.069  -3.316  -3.247
ASP02B4903_003   0.139  -3.308  -3.169
ASP02B4903_004   0.139  -3.308  -3.169
ASP-1B4903_005   0.066  -3.152  -3.087
PRO01B4904_001   0.234  -1.374  -1.140
ALA01B4905_001   0.000  -3.020  -3.020
ASP01B4907_001  -0.040  -3.154  -3.194
ASP01B4907_002  -0.040  -3.154  -3.194
ASP02B4907_003  -0.009  -3.244  -3.253
ASP02B4907_004  -0.009  -3.244  -3.253
ASP-1B4907_005  -0.040  -3.104  -3.144
GLU01B4908_001   0.498  -2.779  -2.280
GLU01B4908_002   0.498  -2.779  -2.280
GLU02B4908_003   0.664  -2.835  -2.171
GLU02B4908_004   0.664  -2.835  -2.171
GLU-1B4908_005   0.467  -2.769  -2.302
TYR01B4909_001   4.116  -7.445  -3.329
TYR-1B4909_002   4.116  -7.445  -3.329
GLU01B4910_001   0.499  -2.018  -1.520
GLU01B4910_002   0.499  -2.018  -1.520
GLU02B4910_003   0.665  -2.007  -1.342
GLU02B4910_004   0.665  -2.007  -1.342
GLU-1B4910_005   0.467  -1.908  -1.441
LEU01B4911_001   3.372  -8.271  -4.899
TYR01B4912_001   4.366  -8.982  -4.616
TYR-1B4912_002   4.366  -8.982  -4.616
ARG01B4913_001   2.452  -0.463   1.989
ARG02B4913_002   2.427  -0.463   1.964
ARG02B4913_003   2.431  -0.463   1.968
ARG03B4913_004   2.435  -0.463   1.972
ARG03B4913_005   2.465  -0.463   2.002
ARG+1B4913_006   2.388  -0.463   1.925
VAL01B4914_001   0.562  -4.581  -4.019
VAL01B4915_001   0.610  -5.679  -5.070
PHE01B4916_001   4.639  -2.688   1.951
ASP01B4917_001   0.376  -0.250   0.126
ASP01B4917_002   0.376  -0.250   0.126
ASP02B4917_003   0.416  -0.279   0.137
ASP02B4917_004   0.416  -0.279   0.137
ASP-1B4917_005   0.319  -0.276   0.044
ILE01B4918_001   3.649  -4.153  -0.504
THR01B4919_001   0.176  -4.024  -3.848
THR01B4919_002   0.176  -4.024  -3.848
PHE01B4920_001   4.661  -0.187   4.474
PHE01B4921_001   4.925  -1.820   3.106
PHE01B4922_001   4.314  -6.767  -2.453
PHE01B4923_001   4.699  -8.653  -3.954
VAL01B4924_001   0.839   0.000   0.839
ILE01B4925_001   4.665  -0.103   4.562
VAL01B4926_001   0.659  -4.205  -3.546
ILE01B4927_001   2.079  -4.993  -2.915
LEU01B4928_001   1.586  -0.670   0.917
LEU01B4929_001   1.886  -5.096  -3.210
ALA01B4930_001   0.000  -3.258  -3.258
ILE01B4931_001   2.673  -4.153  -1.480
ILE01B4932_001   3.162  -3.207  -0.044
GLN01B4933_001   3.293  -2.731   0.563
LEU01B4935_001   4.258  -2.299   1.960
ILE01B4936_001   3.977  -1.957   2.020
ILE01B4937_001   3.296  -6.896  -3.600
ASP01B4938_001   0.409  -2.917  -2.508
ASP01B4938_002   0.409  -2.917  -2.508
ASP02B4938_003   0.463  -2.779  -2.316
ASP02B4938_004   0.463  -2.779  -2.316
ASP-1B4938_005   0.355  -2.761  -2.406
ALA01B4939_001   0.000  -0.052  -0.052
PHE01B4940_001   4.544  -2.365   2.180
GLU01B4942_001   2.681  -2.459   0.222
GLU01B4942_002   2.681  -2.459   0.222
GLU02B4942_003   2.128  -2.567  -0.439
GLU02B4942_004   2.128  -2.567  -0.439
GLU-1B4942_005   2.065  -2.446  -0.381
LEU01B4943_001   1.612  -2.679  -1.067
ARG01B4944_001   2.010  -9.286  -7.276
ARG02B4944_002   2.056  -9.286  -7.230
ARG03B4944_003   1.970  -9.286  -7.315
ARG+1B4944_004   1.926  -9.286  -7.360
ASP01B4945_001   0.064  -2.373  -2.309
ASP01B4945_002   0.064  -2.373  -2.309
ASP02B4945_003   0.132  -2.333  -2.201
ASP02B4945_004   0.132  -2.333  -2.201
ASP-1B4945_005   0.061  -2.240  -2.179
GLN01B4946_001   0.847  -1.166  -0.320
GLN01B4946_002   0.713  -1.014  -0.301
GLN01B4947_001   1.375  -2.152  -0.778
GLN01B4947_002   1.904  -2.021  -0.116
GLU01B4948_001   3.138  -2.468   0.670
GLU01B4948_002   3.138  -2.468   0.670
GLU02B4948_003   2.496  -2.604  -0.107
GLU02B4948_004   2.496  -2.604  -0.107
GLU-1B4948_005   2.436  -2.394   0.042
GLN01B4949_001   1.317  -2.359  -1.041
GLN01B4949_002   1.790  -2.187  -0.397
VAL01B4950_001   0.640  -0.567   0.073
LYS01B4951_001   1.921  -8.394  -6.473
LYS+1B4951_002   1.858  -8.394  -6.536
GLU01B4952_001   3.639  -2.160   1.479
GLU01B4952_002   3.639  -2.160   1.479
GLU02B4952_003   2.935  -2.243   0.692
GLU02B4952_004   2.935  -2.243   0.692
GLU-1B4952_005   2.857  -2.101   0.756
ASP01B4953_001   0.407  -0.616  -0.209
ASP01B4953_002   0.407  -0.616  -0.209
ASP02B4953_003   0.448  -0.551  -0.103
ASP02B4953_004   0.448  -0.551  -0.103
ASP-1B4953_005   0.347  -0.551  -0.205
MET01B4954_001   0.030  -3.257  -3.227
GLU01B4955_001   0.499  -3.377  -2.878
GLU01B4955_002   0.499  -3.377  -2.878
GLU02B4955_003   0.667  -3.405  -2.738
GLU02B4955_004   0.667  -3.405  -2.738
GLU-1B4955_005   0.468  -3.295  -2.826
THR01B4956_001   0.252  -1.929  -1.677
THR01B4956_002   0.252  -1.929  -1.677
THR01B4956_003   0.252  -1.929  -1.677
LYS01B4957_001   3.109  -3.498  -0.388
LYS+1B4957_002   3.061  -3.498  -0.437
CYS01B4958_001  -0.002   0.000  -0.002
CYS01B4958_002  -0.002   0.000  -0.002
CYS01B4958_003  -0.003   0.000  -0.003
CYS-1B4958_004   0.000   0.000   0.000
PHE01B4959_001   4.983  -0.102   4.881
ILE01B4960_001   3.221   0.000   3.221
CYS01B4961_001  -0.002   0.000  -0.002
CYS01B4961_002  -0.002   0.000  -0.002
CYS01B4961_003  -0.003   0.000  -0.003
CYS-1B4961_004   0.000   0.000   0.000
ILE01B4963_001   2.246  -1.597   0.649
SER01B4965_001   0.000  -0.722  -0.722
SER01B4965_002   0.000  -0.722  -0.722
ASP01B4966_001   0.084  -3.588  -3.504
ASP01B4966_002   0.084  -3.588  -3.504
ASP02B4966_003   0.158  -3.490  -3.332
ASP02B4966_004   0.158  -3.490  -3.332
ASP-1B4966_005   0.080  -3.428  -3.348
TYR01B4967_001   4.666  -4.206   0.459
TYR01B4967_002   4.666  -4.206   0.459
TYR-1B4967_003   4.666  -4.206   0.459
PHE01B4968_001   5.694   0.000   5.694
ASP01B4969_001   0.201  -1.029  -0.828
ASP01B4969_002   0.201  -1.029  -0.828
ASP02B4969_003   0.292  -1.090  -0.798
ASP02B4969_004   0.292  -1.090  -0.798
ASP-1B4969_005   0.190  -1.020  -0.830
THR01B4970_001   0.216  -5.152  -4.937
THR01B4970_002   0.216  -5.152  -4.937
THR01B4971_001   0.209  -3.222  -3.013
THR01B4971_002   0.209  -3.222  -3.013
PRO01B4972_001   0.256  -6.716  -6.461
HIS01B4973_001  -0.129  -7.593  -7.722
HIS01B4973_002  -0.083  -7.710  -7.792
HIS02B4973_003  -0.148  -7.593  -7.741
HIS02B4973_004  -0.096  -7.710  -7.806
HIS+1B4973_005  -0.175  -7.593  -7.768
HIS+1B4973_006  -0.122  -7.710  -7.832
PHE01B4975_001   4.843  -1.010   3.832
GLU01B4976_001   1.976  -2.105  -0.129
GLU01B4976_002   1.976  -2.105  -0.129
GLU02B4976_003   1.582  -2.192  -0.610
GLU02B4976_004   1.582  -2.192  -0.610
GLU-1B4976_005   1.517  -2.097  -0.579
THR01B4977_001   0.263  -3.204  -2.940
THR01B4977_002   0.263  -3.204  -2.940
HIS01B4978_001  -0.198   0.000  -0.198
HIS02B4978_002  -0.215   0.000  -0.215
HIS+1B4978_003  -0.242   0.000  -0.242
THR01B4979_001   0.202  -1.495  -1.293
LEU01B4980_001   1.974  -7.292  -5.318
GLU01B4981_001   1.984  -1.360   0.623
GLU01B4981_002   1.984  -1.360   0.623
GLU02B4981_003   1.631  -1.364   0.267
GLU02B4981_004   1.631  -1.364   0.267
GLU-1B4981_005   1.538  -1.318   0.220
GLU01B4982_001   2.516  -0.345   2.171
GLU01B4982_002   2.516  -0.345   2.171
GLU02B4982_003   1.990  -0.362   1.627
GLU02B4982_004   1.990  -0.362   1.627
GLU-1B4982_005   1.929  -0.345   1.585
HIS01B4983_001  -0.256   0.000  -0.256
HIS02B4983_002  -0.276   0.000  -0.276
HIS+1B4983_003  -0.303   0.000  -0.303
ASN01B4984_001   0.364  -1.398  -1.034
ASN01B4984_002   0.476  -1.171  -0.696
LEU01B4985_001   4.430  -2.266   2.164
ALA01B4986_001   0.000  -0.515  -0.515
ASN01B4987_001   0.138  -0.118   0.020
TYR01B4988_001   4.724  -0.205   4.519
TYR-1B4988_002   4.724  -0.205   4.519
MET01B4989_001   0.137   0.000   0.137
PHE01B4990_001   4.488  -0.455   4.034
PHE01B4991_001   4.699  -0.721   3.977
LEU01B4992_001   2.866  -0.927   1.939
MET01B4993_001   0.042  -0.363  -0.321
TYR01B4994_001   4.392  -2.079   2.313
TYR01B4994_002   4.392  -2.079   2.313
TYR-1B4994_003   4.392  -2.079   2.313
LEU01B4995_001   1.156  -0.309   0.847
ILE01B4996_001   2.770  -2.917  -0.147
ASN01B4997_001   0.507  -1.981  -1.474
ASN01B4997_002   0.245  -1.986  -1.740
LYS01B4998_001   0.734  -1.608  -0.874
LYS+1B4998_002   0.690  -1.608  -0.918
ASP01B4999_001   0.176  -2.808  -2.632
ASP01B4999_002   0.176  -2.808  -2.632
ASP02B4999_003   0.263  -2.758  -2.495
ASP02B4999_004   0.263  -2.758  -2.495
ASP-1B4999_005   0.166  -2.700  -2.534
GLU01B5000_001   2.469  -2.666  -0.197
GLU01B5000_002   2.469  -2.666  -0.197
GLU02B5000_003   1.956  -2.659  -0.703
GLU02B5000_004   1.956  -2.659  -0.703
GLU-1B5000_005   1.896  -2.674  -0.778
THR01B5001_001   0.203  -2.775  -2.572
GLU01B5002_001   1.757  -1.842  -0.085
GLU01B5002_002   1.757  -1.842  -0.085
GLU02B5002_003   1.461  -1.848  -0.387
GLU02B5002_004   1.461  -1.848  -0.387
GLU-1B5002_005   1.363  -1.835  -0.472
HIS01B5003_001  -0.188  -0.280  -0.468
HIS01B5003_002  -0.156  -0.308  -0.464
HIS02B5003_003  -0.205  -0.280  -0.485
HIS02B5003_004  -0.170  -0.308  -0.478
HIS+1B5003_005  -0.232  -0.280  -0.512
HIS+1B5003_006  -0.196  -0.308  -0.505
THR01B5004_001   0.214  -2.192  -1.978
THR01B5004_002   0.214  -2.192  -1.978
GLN01B5006_001   1.984  -0.468   1.516
GLN01B5006_002   3.285  -0.357   2.927
GLU01B5007_001   2.825  -0.508   2.317
GLU01B5007_002   2.825  -0.508   2.317
GLU02B5007_003   2.242  -0.484   1.758
GLU02B5007_004   2.242  -0.484   1.758
GLU-1B5007_005   2.179  -0.508   1.670
SER01B5008_001   0.000  -1.998  -1.998
TYR01B5009_001   5.024  -2.539   2.485
TYR-1B5009_002   5.024  -2.539   2.485
VAL01B5010_001   0.556  -1.597  -1.041
TRP01B5011_001   3.333  -2.645   0.688
LYS01B5012_001   2.348  -7.516  -5.169
LYS+1B5012_002   2.262  -7.516  -5.255
MET01B5013_001   0.050  -1.586  -1.536
TYR01B5014_001   4.223  -0.473   3.750
TYR01B5014_002   4.223  -0.473   3.750
TYR-1B5014_003   4.223  -0.473   3.750
GLN01B5015_001   0.772  -1.498  -0.726
GLN01B5015_002   0.667  -1.263  -0.596
GLU01B5016_001   1.395  -2.906  -1.511
GLU01B5016_002   1.395  -2.906  -1.511
GLU02B5016_003   1.179  -2.893  -1.714
GLU02B5016_004   1.179  -2.893  -1.714
GLU-1B5016_005   1.078  -2.855  -1.777
ARG01B5017_001   2.682  -1.028   1.654
ARG02B5017_002   2.600  -1.028   1.572
ARG02B5017_003   2.606  -1.028   1.577
ARG03B5017_004   2.666  -1.028   1.637
ARG+1B5017_005   2.561  -1.028   1.533
CYS01B5018_001  -0.002  -2.146  -2.147
CYS01B5018_002  -0.002  -2.146  -2.147
CYS01B5018_003  -0.002  -2.146  -2.148
CYS-1B5018_004   0.000  -2.146  -2.146
TRP01B5019_001   3.184  -0.702   2.482
ASP01B5020_001   0.465  -2.575  -2.109
ASP01B5020_002   0.465  -2.575  -2.109
ASP02B5020_003   0.526  -2.589  -2.063
ASP02B5020_004   0.526  -2.589  -2.063
ASP-1B5020_005   0.406  -2.550  -2.144
PHE01B5021_001   5.242  -0.253   4.989
PHE01B5022_001   5.035  -0.357   4.678
PRO01B5023_001   0.303   0.000   0.303
ALA01B5024_001   0.000  -2.898  -2.898
ASP01B5026_001   0.053  -0.986  -0.933
ASP01B5026_002   0.053  -0.986  -0.933
ASP02B5026_003   0.119  -0.993  -0.874
ASP02B5026_004   0.119  -0.993  -0.874
ASP-1B5026_005   0.051  -0.986  -0.935
CYS01B5027_001  -0.002   0.000  -0.002
CYS01B5027_002  -0.002   0.000  -0.002
CYS01B5027_003  -0.003   0.000  -0.003
CYS-1B5027_004   0.000   0.000   0.000
PHE01B5028_001   4.770  -1.146   3.624
ARG01B5029_001   2.596  -2.600  -0.004
ARG02B5029_002   2.526  -2.600  -0.074
ARG03B5029_003   2.526  -2.600  -0.075
ARG03B5029_004   2.587  -2.600  -0.013
ARG+1B5029_005   2.481  -2.600  -0.119
LYS01B5030_001   2.072  -4.884  -2.812
LYS+1B5030_002   1.984  -4.884  -2.900
GLN01B5031_001   0.602  -1.034  -0.432
GLN01B5031_002   0.566  -1.230  -0.664
TYR01B5032_001   4.303  -0.661   3.642
TYR01B5032_002   4.303  -0.661   3.642
TYR-1B5032_003   4.303  -0.661   3.642
GLU01B5033_001   2.790  -1.902   0.888
GLU01B5033_002   2.790  -1.902   0.888
GLU02B5033_003   2.215  -1.910   0.305
GLU02B5033_004   2.215  -1.910   0.305
GLU-1B5033_005   2.153  -1.908   0.245
ASP01B5034_001  -0.040  -2.885  -2.926
ASP01B5034_002  -0.040  -2.885  -2.926
ASP02B5034_003  -0.009  -2.986  -2.995
ASP02B5034_004  -0.009  -2.986  -2.995
ASP-1B5034_005  -0.041  -2.893  -2.934
GLN01B5035_001   1.000  -1.884  -0.885
LEU01B5036_001   1.647  -2.608  -0.960
SER01B5037_001   0.000  -3.387  -3.387
SER01B5037_002   0.000  -3.387  -3.387
SER01B5037_003   0.000  -3.387  -3.387
CTR01B5037_001  -0.021  -2.626  -2.647
CTR01B5037_002   0.112  -2.529  -2.417
CTR02B5037_003  -0.022  -2.626  -2.648
CTR02B5037_004   0.044  -2.665  -2.621
CTR-1B5037_005   0.000  -2.626  -2.626
_ZN+2B5101_001   0.000   0.000   0.000
_CA+2B5102_001   0.000  -0.406  -0.406
