   confID        vdw0    sas     sum
NTR01B3639_001  -0.003  -3.187  -3.190
NTR+1B3639_002  -0.005  -3.187  -3.192
THR01B3639_001   0.209  -4.122  -3.914
PRO01B3640_001   0.318  -3.301  -2.982
LEU01B3641_001   2.070 -10.157  -8.087
TYR01B3642_001   4.869 -10.288  -5.419
TYR-1B3642_002   4.869 -10.288  -5.419
ASN01B3643_001   0.436  -2.325  -1.889
LEU01B3644_001   1.681  -3.413  -1.732
PRO01B3645_001   0.282  -3.320  -3.038
THR01B3646_001   0.266  -7.076  -6.810
HIS01B3647_001  -0.170  -8.138  -8.307
HIS01B3647_002  -0.129  -8.377  -8.507
HIS02B3647_003  -0.188  -8.138  -8.326
HIS02B3647_004  -0.143  -8.377  -8.520
HIS+1B3647_005  -0.214  -8.138  -8.352
HIS+1B3647_006  -0.169  -8.377  -8.546
ARG01B3648_001   2.641  -9.070  -6.430
ARG02B3648_002   2.618  -9.070  -6.453
ARG03B3648_003   2.707  -9.070  -6.364
ARG+1B3648_004   2.579  -9.070  -6.492
ALA01B3649_001   0.000  -1.423  -1.423
CYS01B3650_001  -0.002  -3.590  -3.592
CYS01B3650_002  -0.002  -3.590  -3.592
CYS01B3650_003  -0.003  -3.590  -3.593
CYS-1B3650_004   0.000  -3.590  -3.590
ASN01B3651_001   0.484  -2.920  -2.435
ASN01B3651_002   0.240  -2.929  -2.689
MET01B3652_001   0.253  -6.456  -6.203
PHE01B3653_001   4.374  -7.953  -3.579
LEU01B3654_001   2.141  -7.221  -5.081
GLU01B3655_001   2.065  -2.952  -0.886
GLU01B3655_002   2.065  -2.952  -0.886
GLU02B3655_003   1.708  -2.794  -1.086
GLU02B3655_004   1.708  -2.794  -1.086
GLU-1B3655_005   1.610  -2.794  -1.184
SER01B3656_001   0.000  -3.172  -3.172
TYR01B3657_001   5.072  -6.085  -1.013
TYR-1B3657_002   5.072  -6.085  -1.013
LYS01B3658_001   4.781  -7.724  -2.943
LYS+1B3658_002   4.735  -7.724  -2.989
ALA01B3659_001   0.000  -5.045  -5.045
ALA01B3660_001   0.000  -2.524  -2.524
TRP01B3661_001   2.985  -4.949  -1.964
ILE01B3662_001   2.145 -10.347  -8.202
LEU01B3663_001   2.567  -6.194  -3.627
THR01B3664_001   0.204  -5.459  -5.256
GLU01B3665_001   1.188  -2.717  -1.529
GLU01B3665_002   1.188  -2.717  -1.529
GLU02B3665_003   1.003  -2.691  -1.688
GLU02B3665_004   1.003  -2.691  -1.688
GLU-1B3665_005   0.906  -2.612  -1.706
ASP01B3666_001   0.503  -1.597  -1.094
ASP01B3666_002   0.503  -1.597  -1.094
ASP02B3666_003   0.520  -1.599  -1.079
ASP02B3666_004   0.520  -1.599  -1.079
ASP-1B3666_005   0.420  -1.559  -1.139
HIS01B3667_001  -0.157  -5.105  -5.262
HIS01B3667_002  -0.121  -5.052  -5.173
HIS02B3667_003  -0.176  -5.105  -5.280
HIS02B3667_004  -0.135  -5.052  -5.186
HIS+1B3667_005  -0.202  -5.105  -5.307
HIS+1B3667_006  -0.161  -5.052  -5.212
SER01B3668_001   0.000  -3.241  -3.241
SER01B3668_002   0.000  -3.241  -3.241
PHE01B3669_001   4.559  -5.664  -1.105
GLU01B3670_001   0.648  -0.383   0.265
GLU01B3670_002   0.648  -0.383   0.265
GLU02B3670_003   0.597  -0.437   0.160
GLU02B3670_004   0.597  -0.437   0.160
GLU-1B3670_005   0.497  -0.383   0.113
ASP01B3671_001   0.060  -0.461  -0.401
ASP01B3671_002   0.060  -0.461  -0.401
ASP02B3671_003   0.125  -0.484  -0.358
ASP02B3671_004   0.125  -0.484  -0.358
ASP-1B3671_005   0.056  -0.461  -0.405
ARG01B3672_001   5.335  -9.742  -4.407
ARG02B3672_002   5.376  -9.742  -4.367
ARG03B3672_003   5.276  -9.742  -4.467
ARG+1B3672_004   5.235  -9.742  -4.507
MET01B3673_001   0.346  -3.638  -3.292
ILE01B3674_001   5.110  -0.119   4.990
ASP01B3675_001   0.190  -0.787  -0.597
ASP01B3675_002   0.190  -0.787  -0.597
ASP02B3675_003   0.281  -0.832  -0.551
ASP02B3675_004   0.281  -0.832  -0.551
ASP-1B3675_005   0.179  -0.797  -0.617
ASP01B3676_001   0.036  -1.425  -1.388
ASP01B3676_002   0.036  -1.425  -1.388
ASP02B3676_003   0.094  -1.461  -1.367
ASP02B3676_004   0.094  -1.461  -1.367
ASP-1B3676_005   0.033  -1.425  -1.392
LEU01B3677_001   2.143  -2.592  -0.448
SER01B3678_001   0.000  -1.178  -1.178
SER01B3678_002   0.000  -1.178  -1.178
LYS01B3679_001   1.890  -7.651  -5.761
LYS+1B3679_002   1.805  -7.651  -5.846
ALA01B3680_001   0.000  -2.968  -2.968
GLU01B3682_001   0.499  -3.461  -2.962
GLU01B3682_002   0.499  -3.461  -2.962
GLU02B3682_003   0.666  -3.483  -2.817
GLU02B3682_004   0.666  -3.483  -2.817
GLU-1B3682_005   0.468  -3.368  -2.900
GLN01B3683_001   0.455  -0.623  -0.168
GLU01B3684_001   0.500  -3.820  -3.320
GLU01B3684_002   0.500  -3.820  -3.320
GLU02B3684_003   0.666  -3.723  -3.057
GLU02B3684_004   0.666  -3.723  -3.057
GLU-1B3684_005   0.468  -3.643  -3.175
GLU01B3685_001   0.497  -4.127  -3.630
GLU01B3685_002   0.497  -4.127  -3.630
GLU02B3685_003   0.663  -4.202  -3.539
GLU02B3685_004   0.663  -4.202  -3.539
GLU-1B3685_005   0.466  -4.022  -3.557
GLU01B3686_001   0.500  -2.678  -2.178
GLU01B3686_002   0.500  -2.678  -2.178
GLU02B3686_003   0.667  -2.709  -2.042
GLU02B3686_004   0.667  -2.709  -2.042
GLU-1B3686_005   0.469  -2.648  -2.179
GLU01B3687_001   0.497  -2.279  -1.782
GLU01B3687_002   0.497  -2.279  -1.782
GLU02B3687_003   0.663  -2.282  -1.619
GLU02B3687_004   0.663  -2.282  -1.619
GLU-1B3687_005   0.466  -2.171  -1.705
GLU01B3688_001   0.498  -4.148  -3.650
GLU01B3688_002   0.498  -4.148  -3.650
GLU02B3688_003   0.664  -4.155  -3.492
GLU02B3688_004   0.664  -4.155  -3.492
GLU-1B3688_005   0.466  -4.104  -3.637
GLU01B3689_001   0.499  -4.082  -3.583
GLU01B3689_002   0.499  -4.082  -3.583
GLU02B3689_003   0.665  -4.063  -3.398
GLU02B3689_004   0.665  -4.063  -3.398
GLU-1B3689_005   0.468  -3.979  -3.512
VAL01B3690_001   0.501  -3.158  -2.657
GLU01B3691_001   0.499  -4.185  -3.685
GLU01B3691_002   0.499  -4.185  -3.685
GLU02B3691_003   0.666  -4.181  -3.515
GLU02B3691_004   0.666  -4.181  -3.515
GLU-1B3691_005   0.468  -4.151  -3.683
GLU01B3692_001   0.499  -3.657  -3.158
GLU01B3692_002   0.499  -3.657  -3.158
GLU02B3692_003   0.666  -3.435  -2.769
GLU02B3692_004   0.666  -3.435  -2.769
GLU-1B3692_005   0.468  -3.467  -2.999
LYS01B3693_001   3.784  -6.876  -3.091
LYS+1B3693_002   3.690  -6.876  -3.186
LYS01B3694_001   1.454  -4.148  -2.694
LYS+1B3694_002   1.371  -4.148  -2.777
PRO01B3695_001   0.267  -1.859  -1.593
ASP01B3696_001   0.211  -0.491  -0.280
ASP01B3696_002   0.211  -0.491  -0.280
ASP02B3696_003   0.306  -0.498  -0.193
ASP02B3696_004   0.306  -0.498  -0.193
ASP-1B3696_005   0.200  -0.482  -0.283
PRO01B3697_001   0.283  -3.055  -2.772
LEU01B3698_001   2.966   0.000   2.966
HIS01B3699_001  -0.124  -1.899  -2.023
HIS01B3699_002  -0.077  -1.581  -1.659
HIS02B3699_003  -0.143  -1.899  -2.042
HIS02B3699_004  -0.090  -1.581  -1.672
HIS+1B3699_005  -0.170  -1.899  -2.069
HIS+1B3699_006  -0.117  -1.581  -1.698
GLN01B3700_001   1.401  -2.163  -0.762
GLN01B3700_002   2.247  -2.239   0.008
LEU01B3701_001   4.203  -1.648   2.554
VAL01B3702_001   0.777   0.000   0.777
LEU01B3703_001   1.703  -4.530  -2.827
HIS01B3704_001  -0.128  -6.507  -6.635
HIS01B3704_002  -0.080  -6.361  -6.441
HIS02B3704_003  -0.147  -6.507  -6.655
HIS02B3704_004  -0.093  -6.361  -6.454
HIS+1B3704_005  -0.174  -6.507  -6.681
HIS+1B3704_006  -0.120  -6.361  -6.480
PHE01B3705_001   4.586  -0.118   4.468
SER01B3706_001   0.000  -1.276  -1.276
SER01B3706_002   0.000  -1.276  -1.276
ARG01B3707_001   3.390 -10.912  -7.522
ARG02B3707_002   3.375 -10.912  -7.537
ARG03B3707_003   3.369 -10.912  -7.543
ARG+1B3707_004   3.326 -10.912  -7.586
THR01B3708_001   0.221  -1.889  -1.668
ALA01B3709_001   0.000   0.000   0.000
LEU01B3710_001   2.056  -6.213  -4.158
THR01B3711_001   0.202  -4.580  -4.378
THR01B3711_002   0.202  -4.580  -4.378
GLU01B3712_001   4.508  -3.761   0.748
GLU01B3712_002   4.508  -3.761   0.748
GLU02B3712_003   3.650  -3.781  -0.131
GLU02B3712_004   3.650  -3.781  -0.131
GLU-1B3712_005   3.579  -3.741  -0.162
LYS01B3713_001   3.234  -3.754  -0.520
LYS+1B3713_002   3.184  -3.754  -0.570
SER01B3714_001   0.000  -4.991  -4.991
SER01B3714_002   0.000  -4.991  -4.991
LYS01B3715_001   1.899  -9.189  -7.290
LYS+1B3715_002   1.852  -9.189  -7.337
LEU01B3716_001   1.512  -0.531   0.981
ASP01B3717_001   0.177  -2.375  -2.198
ASP01B3717_002   0.177  -2.375  -2.198
ASP02B3717_003   0.262  -2.278  -2.016
ASP02B3717_004   0.262  -2.278  -2.016
ASP-1B3717_005   0.166  -2.291  -2.125
GLU01B3718_001   2.653  -2.716  -0.063
GLU01B3718_002   2.653  -2.716  -0.063
GLU02B3718_003   2.148  -2.834  -0.686
GLU02B3718_004   2.148  -2.834  -0.686
GLU-1B3718_005   2.066  -2.790  -0.723
ASP01B3719_001   0.051  -0.895  -0.844
ASP01B3719_002   0.051  -0.895  -0.844
ASP02B3719_003   0.115  -0.876  -0.761
ASP02B3719_004   0.115  -0.876  -0.761
ASP-1B3719_005   0.047  -0.896  -0.849
TYR01B3720_001   4.618 -11.865  -7.247
TYR-1B3720_002   4.618 -11.865  -7.247
LEU01B3721_001   3.461  -6.075  -2.614
TYR01B3722_001   4.910   0.000   4.910
TYR01B3722_002   4.910   0.000   4.910
TYR-1B3722_003   4.910   0.000   4.910
MET01B3723_001   0.274  -1.309  -1.035
ALA01B3724_001   0.000  -1.320  -1.320
TYR01B3725_001   4.869  -2.985   1.885
TYR-1B3725_002   4.869  -2.985   1.885
ALA01B3726_001   0.000   0.000   0.000
ASP01B3727_001   0.089  -1.858  -1.770
ASP01B3727_002   0.089  -1.858  -1.770
ASP02B3727_003   0.165  -1.879  -1.714
ASP02B3727_004   0.165  -1.879  -1.714
ASP-1B3727_005   0.085  -1.839  -1.754
ILE01B3728_001   2.252  -0.567   1.685
MET01B3729_001   0.223  -0.119   0.104
ALA01B3730_001   0.000  -0.155  -0.155
LYS01B3731_001   2.572  -3.658  -1.086
LYS+1B3731_002   2.494  -3.658  -1.164
SER01B3732_001   0.000   0.000   0.000
SER01B3732_002   0.000   0.000   0.000
SER01B3732_003   0.000   0.000   0.000
CYS01B3733_001  -0.002   0.000  -0.002
CYS01B3733_002  -0.002   0.000  -0.002
CYS01B3733_003  -0.003   0.000  -0.003
CYS-1B3733_004   0.000   0.000   0.000
HIS01B3734_001  -0.354  -2.421  -2.775
HIS02B3734_002  -0.363  -2.421  -2.784
HIS+1B3734_003  -0.382  -2.421  -2.803
LEU01B3735_001   1.453  -0.567   0.886
GLU01B3736_001   0.500  -0.069   0.431
GLU01B3736_002   0.500  -0.069   0.431
GLU02B3736_003   0.667  -0.072   0.594
GLU02B3736_004   0.667  -0.072   0.594
GLU-1B3736_005   0.469  -0.069   0.400
GLU01B3737_001   0.498  -0.955  -0.457
GLU01B3737_002   0.498  -0.955  -0.457
GLU02B3737_003   0.664  -0.945  -0.281
GLU02B3737_004   0.664  -0.945  -0.281
GLU-1B3737_005   0.466  -0.909  -0.442
GLU01B3740_001   0.498  -0.983  -0.485
GLU01B3740_002   0.498  -0.983  -0.485
GLU02B3740_003   0.665  -0.904  -0.239
GLU02B3740_004   0.665  -0.904  -0.239
GLU-1B3740_005   0.467  -0.939  -0.471
ASN01B3741_001  -0.020  -1.817  -1.837
ASN01B3741_002  -0.091  -1.994  -2.085
CTR01B3741_001  -0.021  -4.518  -4.539
CTR01B3741_002   0.104  -4.634  -4.530
CTR02B3741_003  -0.022  -4.537  -4.559
CTR02B3741_004   0.041  -4.673  -4.631
CTR-1B3741_005   0.000  -4.518  -4.518
NTR01B3747_001  -0.003  -3.772  -3.775
NTR+1B3747_002  -0.005  -3.772  -3.777
GLU01B3747_001   0.501  -4.960  -4.459
GLU01B3747_002   0.501  -4.960  -4.459
GLU02B3747_003   0.668  -4.871  -4.203
GLU02B3747_004   0.668  -4.871  -4.203
GLU-1B3747_005   0.470  -4.805  -4.336
GLU01B3748_001   0.499  -3.970  -3.470
GLU01B3748_002   0.499  -3.970  -3.470
GLU02B3748_003   0.666  -3.954  -3.288
GLU02B3748_004   0.666  -3.954  -3.288
GLU-1B3748_005   0.468  -3.729  -3.261
VAL01B3749_001   0.503  -8.306  -7.803
GLU01B3750_001   1.612  -3.129  -1.517
GLU01B3750_002   1.612  -3.129  -1.517
GLU02B3750_003   1.331  -3.245  -1.914
GLU02B3750_004   1.331  -3.245  -1.914
GLU-1B3750_005   1.239  -3.086  -1.847
VAL01B3751_001   0.704  -2.849  -2.145
SER01B3752_001   0.000  -2.804  -2.804
SER01B3752_002   0.000  -2.804  -2.804
PHE01B3753_001   4.743  -4.132   0.611
GLU01B3754_001   3.047  -1.865   1.182
GLU01B3754_002   3.047  -1.865   1.182
GLU02B3754_003   2.421  -1.921   0.500
GLU02B3754_004   2.421  -1.921   0.500
GLU-1B3754_005   2.359  -1.792   0.568
GLU01B3755_001   1.924  -2.094  -0.170
GLU01B3755_002   1.924  -2.094  -0.170
GLU02B3755_003   1.610  -2.145  -0.535
GLU02B3755_004   1.610  -2.145  -0.535
GLU-1B3755_005   1.503  -2.084  -0.581
LYS01B3756_001   6.267  -4.443   1.824
LYS+1B3756_002   6.214  -4.443   1.770
GLU01B3757_001   2.489  -1.143   1.346
GLU01B3757_002   2.489  -1.143   1.346
GLU02B3757_003   2.070  -1.088   0.982
GLU02B3757_004   2.070  -1.088   0.982
GLU-1B3757_005   1.958  -1.034   0.924
MET01B3758_001  -0.029  -2.145  -2.174
GLU01B3759_001   4.033  -0.551   3.481
GLU01B3759_002   4.033  -0.551   3.481
GLU02B3759_003   3.222  -0.580   2.643
GLU02B3759_004   3.222  -0.580   2.643
GLU-1B3759_005   3.166  -0.551   2.615
LYS01B3760_001   0.894  -3.429  -2.535
LYS+1B3760_002   0.847  -3.429  -2.582
GLN01B3761_001   0.558  -0.997  -0.439
GLN01B3761_002   0.520  -0.979  -0.458
ARG01B3762_001   3.796  -2.656   1.141
ARG02B3762_002   3.786  -2.656   1.130
ARG03B3762_003   3.721  -2.656   1.065
ARG+1B3762_004   3.682  -2.656   1.026
LEU01B3763_001   2.096  -0.155   1.941
LEU01B3764_001   2.562  -6.436  -3.874
TYR01B3765_001   5.490  -3.630   1.861
TYR-1B3765_002   5.490  -3.630   1.861
GLN01B3766_001   3.554   0.000   3.554
GLN01B3766_002   5.872   0.000   5.872
GLN01B3767_001   0.950  -0.195   0.755
GLN01B3767_002   0.743  -0.185   0.558
SER01B3768_001   0.000  -2.309  -2.309
ARG01B3769_001   4.317  -0.260   4.057
ARG02B3769_002   4.353  -0.260   4.093
ARG03B3769_003   4.264  -0.260   4.004
ARG+1B3769_004   4.224  -0.260   3.965
LEU01B3770_001   3.637   0.000   3.637
HIS01B3771_001  -0.128  -2.417  -2.546
HIS01B3771_002  -0.085  -2.448  -2.533
HIS02B3771_003  -0.147  -2.417  -2.564
HIS02B3771_004  -0.099  -2.448  -2.547
HIS+1B3771_005  -0.174  -2.417  -2.591
HIS+1B3771_006  -0.125  -2.448  -2.574
THR01B3772_001   0.332  -0.928  -0.596
THR01B3772_002   0.332  -0.928  -0.596
THR01B3772_003   0.332  -0.928  -0.596
ARG01B3773_001   1.924  -9.334  -7.410
ARG02B3773_002   1.998  -9.334  -7.336
ARG03B3773_003   1.905  -9.334  -7.428
ARG+1B3773_004   1.862  -9.334  -7.472
ALA01B3775_001   0.000   0.000   0.000
ALA01B3776_001   0.000   0.000   0.000
GLU01B3777_001   3.919  -1.317   2.602
GLU01B3777_002   3.919  -1.317   2.602
GLU02B3777_003   3.150  -1.441   1.709
GLU02B3777_004   3.150  -1.441   1.709
GLU-1B3777_005   3.071  -1.413   1.658
MET01B3778_001   0.326  -0.100   0.227
VAL01B3779_001   1.145  -0.103   1.042
LEU01B3780_001   2.618  -0.052   2.566
GLN01B3781_001   2.384  -0.502   1.882
GLN01B3781_002   3.919  -0.615   3.304
MET01B3782_001   1.525  -0.048   1.477
ILE01B3783_001   2.741  -0.309   2.432
SER01B3784_001   0.000  -1.011  -1.011
SER01B3784_002   0.000  -1.011  -1.011
SER01B3784_003   0.000  -1.011  -1.011
ALA01B3785_001   0.000  -0.155  -0.155
CYS01B3786_001  -0.002  -0.143  -0.145
CYS01B3786_002  -0.002  -0.143  -0.145
CYS01B3786_003  -0.003  -0.143  -0.145
CYS-1B3786_004   0.000  -0.143  -0.143
LYS01B3787_001   1.567  -5.774  -4.207
LYS+1B3787_002   1.517  -5.774  -4.257
GLU01B3789_001   0.947  -1.325  -0.378
GLU01B3789_002   0.947  -1.325  -0.378
GLU02B3789_003   0.845  -1.279  -0.434
GLU02B3789_004   0.845  -1.279  -0.434
GLU-1B3789_005   0.749  -1.295  -0.546
THR01B3790_001   0.224  -3.056  -2.832
ALA01B3792_001   0.000  -3.207  -3.207
MET01B3793_001   0.479  -0.347   0.132
VAL01B3794_001   0.707   0.000   0.707
SER01B3795_001   0.000  -0.953  -0.953
SER01B3795_002   0.000  -0.953  -0.953
SER01B3796_001   0.000  -0.662  -0.662
SER01B3796_002   0.000  -0.662  -0.662
SER01B3796_003   0.000  -0.662  -0.662
THR01B3797_001   0.268  -0.052   0.216
THR01B3797_002   0.268  -0.052   0.216
THR01B3797_003   0.268  -0.052   0.216
LEU01B3798_001   2.652  -0.309   2.343
LYS01B3799_001   1.302  -4.313  -3.011
LYS+1B3799_002   1.256  -4.313  -3.056
LEU01B3800_001   2.027   0.000   2.027
ILE01B3802_001   3.432  -0.824   2.608
SER01B3803_001   0.000  -0.301  -0.301
SER01B3803_002   0.000  -0.301  -0.301
SER01B3803_003   0.000  -0.301  -0.301
ILE01B3804_001   2.357   0.000   2.357
LEU01B3805_001   2.762   0.000   2.762
ASN01B3806_001   0.178  -0.399  -0.221
ASN01B3806_002   0.010  -0.354  -0.344
ASN01B3809_001   0.460  -0.413   0.047
ASN01B3809_002   0.225  -0.472  -0.247
ALA01B3810_001   0.000  -2.865  -2.865
GLU01B3811_001   1.858  -2.598  -0.740
GLU01B3811_002   1.858  -2.598  -0.740
GLU02B3811_003   1.562  -2.553  -0.991
GLU02B3811_004   1.562  -2.553  -0.991
GLU-1B3811_005   1.452  -2.489  -1.037
VAL01B3812_001   1.000   0.000   1.000
GLN01B3813_001   2.634  -0.069   2.565
GLN01B3813_002   4.364  -0.157   4.207
GLN01B3814_001   1.035  -2.614  -1.580
GLN01B3814_002   0.848  -2.450  -1.602
LYS01B3815_001   1.448  -1.071   0.378
LYS+1B3815_002   1.401  -1.071   0.330
MET01B3816_001   1.484   0.000   1.484
LEU01B3817_001   1.748  -0.309   1.439
ASP01B3818_001   0.524  -2.250  -1.726
ASP01B3818_002   0.524  -2.250  -1.726
ASP02B3818_003   0.561  -2.172  -1.611
ASP02B3818_004   0.561  -2.172  -1.611
ASP-1B3818_005   0.446  -2.102  -1.656
TYR01B3819_001   4.990  -2.158   2.832
TYR-1B3819_002   4.990  -2.158   2.832
LEU01B3820_001   2.834   0.000   2.834
LYS01B3821_001   3.196  -3.791  -0.595
LYS+1B3821_002   3.125  -3.791  -0.666
ASP01B3822_001   0.462  -2.976  -2.514
ASP01B3822_002   0.462  -2.976  -2.514
ASP02B3822_003   0.512  -2.967  -2.455
ASP02B3822_004   0.512  -2.967  -2.455
ASP-1B3822_005   0.398  -2.929  -2.530
LYS01B3823_001   3.785  -2.062   1.723
LYS+1B3823_002   3.691  -2.062   1.628
LYS01B3824_001   1.977  -5.482  -3.505
LYS+1B3824_002   1.892  -5.482  -3.590
GLU01B3825_001   2.283  -0.758   1.526
GLU01B3825_002   2.283  -0.758   1.526
GLU02B3825_003   1.865  -0.716   1.149
GLU02B3825_004   1.865  -0.716   1.149
GLU-1B3825_005   1.797  -0.671   1.126
VAL01B3826_001   0.751  -2.814  -2.063
PHE01B3828_001   5.264  -0.253   5.011
PHE01B3829_001   5.269  -0.051   5.219
GLN01B3830_001   3.484  -1.917   1.567
GLN01B3830_002   5.659  -1.955   3.704
SER01B3831_001   0.000   0.000   0.000
ILE01B3832_001   2.081  -0.361   1.721
GLN01B3833_001   2.498  -1.309   1.189
GLN01B3833_002   4.062  -1.339   2.723
ALA01B3834_001   0.000  -1.957  -1.957
LEU01B3835_001   1.811   0.000   1.811
MET01B3836_001   1.244   0.000   1.244
GLN01B3837_001   2.766  -3.020  -0.254
GLN01B3837_002   4.746  -2.838   1.908
THR01B3838_001   0.275  -2.729  -2.454
THR01B3838_002   0.275  -2.729  -2.454
CYS01B3839_001  -0.002   0.000  -0.002
CYS01B3839_002  -0.002   0.000  -0.002
CYS01B3839_003  -0.003   0.000  -0.003
CYS-1B3839_004   0.000   0.000   0.000
SER01B3840_001   0.000  -1.124  -1.124
SER01B3840_002   0.000  -1.124  -1.124
SER01B3840_003   0.000  -1.124  -1.124
VAL01B3841_001   0.822  -1.391  -0.569
LEU01B3842_001   1.812   0.000   1.812
ASP01B3843_001   0.238  -1.528  -1.290
ASP01B3843_002   0.238  -1.528  -1.290
ASP02B3843_003   0.332  -1.551  -1.220
ASP02B3843_004   0.332  -1.551  -1.220
ASP-1B3843_005   0.223  -1.447  -1.224
LEU01B3844_001   2.126  -2.830  -0.704
ASN01B3845_001   0.347  -3.365  -3.018
ASN01B3845_002   0.473  -3.562  -3.088
ALA01B3846_001   0.000  -0.927  -0.927
PHE01B3847_001   4.913   0.000   4.913
GLU01B3848_001   1.774  -1.432   0.342
GLU01B3848_002   1.774  -1.432   0.342
GLU02B3848_003   1.509  -1.315   0.195
GLU02B3848_004   1.509  -1.315   0.195
GLU-1B3848_005   1.393  -1.292   0.101
ARG01B3849_001   2.272 -10.241  -7.969
ARG02B3849_002   2.332 -10.241  -7.909
ARG03B3849_003   2.247 -10.241  -7.993
ARG+1B3849_004   2.208 -10.241  -8.033
GLN01B3850_001   2.787  -0.034   2.752
ASN01B3851_001   0.202  -1.388  -1.186
ASN01B3851_002   0.022  -1.324  -1.302
LYS01B3852_001   0.944  -8.408  -7.464
LYS+1B3852_002   0.897  -8.408  -7.510
ALA01B3853_001   0.000  -0.927  -0.927
GLU01B3854_001   0.500  -1.964  -1.464
GLU01B3854_002   0.500  -1.964  -1.464
GLU02B3854_003   0.666  -1.898  -1.233
GLU02B3854_004   0.666  -1.898  -1.233
GLU-1B3854_005   0.468  -1.933  -1.465
LEU01B3856_001   1.398  -7.086  -5.688
MET01B3858_001   0.140  -8.766  -8.625
VAL01B3859_001   0.506  -2.421  -1.915
ASN01B3860_001  -0.020  -3.072  -3.093
GLU01B3861_001   0.497  -2.849  -2.352
GLU01B3861_002   0.497  -2.849  -2.352
GLU02B3861_003   0.664  -2.808  -2.144
GLU02B3861_004   0.664  -2.808  -2.144
GLU-1B3861_005   0.466  -2.760  -2.294
ASP01B3862_001  -0.040  -2.299  -2.340
ASP01B3862_002  -0.040  -2.299  -2.340
ASP02B3862_003  -0.009  -2.376  -2.386
ASP02B3862_004  -0.009  -2.376  -2.386
ASP-1B3862_005  -0.041  -2.286  -2.327
THR01B3864_001   0.151  -1.712  -1.561
VAL01B3865_001   0.501  -5.544  -5.043
ILE01B3866_001   0.941  -5.425  -4.484
ASN01B3867_001  -0.020  -1.176  -1.196
ARG01B3868_0011192.489  -5.9521186.537
ARG02B3868_0021192.472  -5.9521186.520
ARG03B3868_0031192.505  -5.9521186.552
ARG03B3868_004 191.518  -5.952 185.565
ARG+1B3868_0051192.439  -5.9521186.486
GLN01B3869_001   0.456  -2.183  -1.728
ASN01B3870_001  -0.020  -0.364  -0.384
GLU01B3872_001   0.498  -3.756  -3.258
GLU01B3872_002   0.498  -3.756  -3.258
GLU02B3872_003   0.665  -3.812  -3.148
GLU02B3872_004   0.665  -3.812  -3.148
GLU-1B3872_005   0.467  -3.661  -3.194
LYS01B3873_001   2.292  -3.002  -0.710
LYS+1B3873_002   2.244  -3.002  -0.758
VAL01B3874_001   0.861   0.000   0.861
MET01B3875_001   0.715   0.000   0.715
ALA01B3876_001   0.000  -1.114  -1.114
ASP01B3877_001   0.090  -0.355  -0.265
ASP01B3877_002   0.090  -0.355  -0.265
ASP02B3877_003   0.164  -0.352  -0.188
ASP02B3877_004   0.164  -0.352  -0.188
ASP-1B3877_005   0.085  -0.345  -0.260
ASP01B3878_001   0.051  -1.155  -1.104
ASP01B3878_002   0.051  -1.155  -1.104
ASP02B3878_003   0.116  -1.276  -1.160
ASP02B3878_004   0.116  -1.276  -1.160
ASP-1B3878_005   0.048  -1.175  -1.127
GLU01B3879_001   0.498  -3.485  -2.987
GLU01B3879_002   0.498  -3.485  -2.987
GLU02B3879_003   0.666  -3.533  -2.867
GLU02B3879_004   0.666  -3.533  -2.867
GLU-1B3879_005   0.468  -3.471  -3.003
PHE01B3880_001   5.108  -1.027   4.080
THR01B3881_001   0.249   0.000   0.249
THR01B3881_002   0.249   0.000   0.249
THR01B3881_003   0.249   0.000   0.249
GLN01B3882_001   1.986  -1.536   0.451
ASP01B3883_001   0.510  -0.616  -0.106
ASP01B3883_002   0.510  -0.616  -0.106
ASP02B3883_003   0.570  -0.586  -0.016
ASP02B3883_004   0.570  -0.586  -0.016
ASP-1B3883_005   0.445  -0.586  -0.141
LEU01B3884_001   2.112  -0.052   2.061
PHE01B3885_001   4.949   0.000   4.949
ARG01B3886_001   2.301  -4.841  -2.540
ARG02B3886_002   2.255  -4.841  -2.586
ARG03B3886_003   2.261  -4.841  -2.580
ARG+1B3886_004   2.217  -4.841  -2.624
PHE01B3887_001   5.201  -0.523   4.678
LEU01B3888_001   2.687   0.000   2.687
GLN01B3889_001   3.088  -0.310   2.778
GLN01B3889_002   5.045  -0.256   4.789
LEU01B3890_001   1.486  -0.206   1.280
LEU01B3891_001   2.035  -0.274   1.762
CYS01B3892_001  -0.002   0.000  -0.002
CYS01B3892_002  -0.002   0.000  -0.002
CYS01B3892_003  -0.003   0.000  -0.003
CYS-1B3892_004   0.000   0.000   0.000
GLU01B3893_001   1.949  -0.157   1.792
GLU01B3893_002   1.949  -0.157   1.792
GLU02B3893_003   1.599  -0.146   1.453
GLU02B3893_004   1.599  -0.146   1.453
GLU-1B3893_005   1.506  -0.155   1.351
HIS01B3895_001  -0.142  -1.281  -1.423
HIS02B3895_002  -0.161  -1.281  -1.443
HIS+1B3895_003  -0.188  -1.281  -1.470
ASN01B3896_001   0.128  -0.591  -0.463
ASN01B3896_002   0.355  -0.482  -0.127
ASN01B3897_001   0.370  -2.638  -2.268
ASN01B3897_002   0.125  -2.491  -2.366
ASP01B3898_001   0.039  -1.440  -1.401
ASP01B3898_002   0.039  -1.440  -1.401
ASP02B3898_003   0.100  -1.619  -1.519
ASP02B3898_004   0.100  -1.619  -1.519
ASP-1B3898_005   0.036  -1.403  -1.367
PHE01B3899_001   5.900  -0.202   5.698
GLN01B3900_001   2.154   0.000   2.154
GLN01B3900_002   3.472   0.000   3.472
ASN01B3901_001   0.569  -1.874  -1.304
TYR01B3902_001   5.081  -0.303   4.778
TYR01B3902_002   5.081  -0.303   4.778
TYR-1B3902_003   5.081  -0.303   4.778
LEU01B3903_001   1.912  -0.103   1.809
ARG01B3904_001   4.422  -2.832   1.590
ARG02B3904_002   4.380  -2.832   1.548
ARG02B3904_003   4.385  -2.832   1.553
ARG03B3904_004   4.389  -2.832   1.557
ARG03B3904_005   4.394  -2.832   1.562
ARG+1B3904_006   4.340  -2.832   1.508
THR01B3905_001   0.218  -2.374  -2.156
GLN01B3906_001   1.995   0.000   1.995
GLN01B3906_002   3.138   0.000   3.138
THR01B3907_001   0.175  -5.608  -5.433
ASN01B3909_001   0.402  -0.241   0.161
ASN01B3909_002   0.177  -0.276  -0.099
THR01B3910_001   0.236  -5.681  -5.445
THR01B3911_001   0.216  -2.853  -2.637
THR01B3912_001   0.219  -3.589  -3.370
ILE01B3913_001   1.970  -0.052   1.919
ASN01B3914_001   0.189  -0.906  -0.717
ASN01B3914_002   0.017  -0.771  -0.754
ILE01B3915_001   2.772   0.000   2.772
ILE01B3916_001   2.045   0.000   2.045
ILE01B3917_001   5.299  -4.974   0.325
CYS01B3918_001  -0.002  -1.124  -1.125
CYS01B3918_002  -0.002  -1.124  -1.125
CYS01B3918_003  -0.003  -1.124  -1.126
CYS-1B3918_004   0.000  -1.124  -1.124
THR01B3919_001   0.268   0.000   0.268
THR01B3919_002   0.268   0.000   0.268
VAL01B3920_001   0.991  -0.103   0.888
ASP01B3921_001   0.506  -1.216  -0.709
ASP01B3921_002   0.506  -1.216  -0.709
ASP02B3921_003   0.527  -1.156  -0.630
ASP02B3921_004   0.527  -1.156  -0.630
ASP-1B3921_005   0.424  -1.137  -0.713
TYR01B3922_001   4.678   0.000   4.678
TYR01B3922_002   4.678   0.000   4.678
TYR-1B3922_003   4.678   0.000   4.678
LEU01B3923_001   1.948   0.000   1.948
LEU01B3924_001   2.340  -1.700   0.641
ARG01B3925_001   2.225  -4.808  -2.583
ARG02B3925_002   2.194  -4.808  -2.615
ARG03B3925_003   2.191  -4.808  -2.617
ARG+1B3925_004   2.148  -4.808  -2.661
LEU01B3926_001   2.181   0.000   2.181
GLN01B3927_001   3.142  -0.413   2.728
GLN01B3927_002   5.155  -0.374   4.781
GLU01B3928_001   3.065  -3.172  -0.107
GLU01B3928_002   3.065  -3.172  -0.107
GLU02B3928_003   2.439  -3.132  -0.693
GLU02B3928_004   2.439  -3.132  -0.693
GLU-1B3928_005   2.374  -3.140  -0.766
SER01B3929_001   0.000  -0.336  -0.336
SER01B3929_002   0.000  -0.336  -0.336
ILE01B3930_001   4.558  -0.052   4.506
SER01B3931_001   0.000  -0.780  -0.780
SER01B3931_002   0.000  -0.780  -0.780
ASP01B3932_001   0.213  -2.082  -1.869
ASP01B3932_002   0.213  -2.082  -1.869
ASP02B3932_003   0.309  -2.164  -1.855
ASP02B3932_004   0.309  -2.164  -1.855
ASP-1B3932_005   0.202  -2.033  -1.831
PHE01B3933_001   4.891  -0.051   4.841
TYR01B3934_001   4.807  -0.855   3.953
TYR01B3934_002   4.807  -0.855   3.953
TYR-1B3934_003   4.807  -0.855   3.953
TRP01B3935_001   3.452  -8.037  -4.586
TYR01B3936_001   5.108  -3.374   1.734
TYR01B3936_002   5.108  -3.374   1.734
TYR-1B3936_003   5.108  -3.374   1.734
TYR01B3937_001   5.598   0.000   5.598
TYR-1B3937_002   5.598   0.000   5.598
SER01B3938_001   0.000  -0.836  -0.836
SER01B3938_002   0.000  -0.836  -0.836
SER01B3938_003   0.000  -0.836  -0.836
LYS01B3940_001   1.002  -3.932  -2.931
LYS+1B3940_002   0.956  -3.932  -2.976
ASP01B3941_001   0.075  -2.981  -2.906
ASP01B3941_002   0.075  -2.981  -2.906
ASP02B3941_003   0.146  -2.977  -2.831
ASP02B3941_004   0.146  -2.977  -2.831
ASP-1B3941_005   0.071  -2.911  -2.840
VAL01B3942_001   0.486  -4.910  -4.424
ILE01B3943_001   4.725  -0.155   4.570
GLU01B3944_001   2.668  -2.008   0.659
GLU01B3944_002   2.668  -2.008   0.659
GLU02B3944_003   2.210  -1.990   0.221
GLU02B3944_004   2.210  -1.990   0.221
GLU-1B3944_005   2.101  -1.895   0.206
GLU01B3945_001   2.751  -2.587   0.164
GLU01B3945_002   2.751  -2.587   0.164
GLU02B3945_003   2.209  -2.660  -0.451
GLU02B3945_004   2.209  -2.660  -0.451
GLU-1B3945_005   2.138  -2.552  -0.414
GLN01B3946_001   0.972  -0.472   0.499
GLN01B3946_002   0.780  -0.379   0.401
LYS01B3948_001   0.766  -2.046  -1.280
LYS+1B3948_002   0.721  -2.046  -1.325
ARG01B3949_001   2.846  -6.850  -4.005
ARG02B3949_002   2.825  -6.850  -4.025
ARG03B3949_003   2.916  -6.850  -3.934
ARG+1B3949_004   2.782  -6.850  -4.068
ASN01B3950_001   0.437   0.000   0.437
ASN01B3950_002   0.191   0.000   0.191
PHE01B3951_001   5.309  -0.068   5.241
SER01B3952_001   0.000  -1.795  -1.795
SER01B3952_002   0.000  -1.795  -1.795
LYS01B3953_001   1.387  -2.010  -0.623
LYS+1B3953_002   1.340  -2.010  -0.670
ALA01B3954_001   0.000   0.000   0.000
MET01B3955_001   1.064   0.000   1.064
SER01B3956_001   0.000  -1.551  -1.551
SER01B3956_002   0.000  -1.551  -1.551
SER01B3956_003   0.000  -1.551  -1.551
VAL01B3957_001   0.758   0.000   0.758
ALA01B3958_001   0.000   0.000   0.000
LYS01B3959_001   4.729  -2.522   2.207
LYS+1B3959_002   4.682  -2.522   2.160
GLN01B3960_001   1.447  -0.551   0.896
GLN01B3960_002   1.785  -0.669   1.116
VAL01B3961_001   0.754   0.000   0.754
PHE01B3962_001   5.507   0.000   5.507
ASN01B3963_001   0.541  -1.299  -0.759
ASN01B3963_002   0.277  -1.048  -0.771
SER01B3964_001   0.000   0.000   0.000
SER01B3964_002   0.000   0.000   0.000
LEU01B3965_001   3.653   0.000   3.653
THR01B3966_001   0.322  -0.516  -0.194
THR01B3966_002   0.322  -0.516  -0.194
GLU01B3967_001   1.816  -0.172   1.643
GLU01B3967_002   1.816  -0.172   1.643
GLU02B3967_003   1.482  -0.145   1.338
GLU02B3967_004   1.482  -0.145   1.338
GLU-1B3967_005   1.399  -0.172   1.226
TYR01B3968_001   4.980   0.000   4.980
TYR-1B3968_002   4.980   0.000   4.980
ILE01B3969_001   2.136   0.000   2.136
GLN01B3970_001   2.975  -0.315   2.660
GLN01B3970_002   4.847  -0.261   4.586
PRO01B3972_001   0.308  -3.241  -2.933
CYS01B3973_001  -0.002  -0.071  -0.073
CYS01B3973_002  -0.002  -0.071  -0.073
CYS01B3973_003  -0.002  -0.071  -0.074
CYS-1B3973_004   0.000  -0.071  -0.071
THR01B3974_001   0.238  -4.888  -4.649
ASN01B3976_001   0.423   0.000   0.423
ASN01B3976_002   0.181   0.000   0.181
GLN01B3977_001   1.946  -0.276   1.670
GLN01B3977_002   3.205  -0.315   2.890
GLN01B3978_001   1.023  -1.757  -0.734
GLN01B3978_002   0.818  -1.597  -0.779
SER01B3979_001   0.000  -0.144  -0.144
LEU01B3980_001   2.000   0.000   2.000
ALA01B3981_001   0.000  -0.052  -0.052
HIS01B3982_001  -0.146  -7.373  -7.519
HIS01B3982_002  -0.100  -7.040  -7.140
HIS02B3982_003  -0.166  -7.373  -7.538
HIS02B3982_004  -0.113  -7.040  -7.153
HIS+1B3982_005  -0.192  -7.373  -7.565
HIS+1B3982_006  -0.140  -7.040  -7.180
SER01B3983_001   0.000  -0.144  -0.144
ARG01B3984_001   1.994  -9.663  -7.670
ARG02B3984_002   1.958  -9.663  -7.705
ARG03B3984_003   1.959  -9.663  -7.704
ARG+1B3984_004   1.915  -9.663  -7.748
LEU01B3985_001   2.490  -0.103   2.387
TRP01B3986_001   4.065  -1.471   2.594
ASP01B3987_001   0.096  -2.439  -2.342
ASP01B3987_002   0.096  -2.439  -2.342
ASP02B3987_003   0.174  -2.394  -2.220
ASP02B3987_004   0.174  -2.394  -2.220
ASP-1B3987_005   0.092  -2.360  -2.268
ALA01B3988_001   0.000   0.000   0.000
VAL01B3989_001   0.856  -0.155   0.701
VAL01B3990_001   0.912  -1.082  -0.170
PHE01B3992_001   5.828  -0.051   5.777
LEU01B3993_001   3.147  -0.773   2.374
HIS01B3994_001  -0.113  -3.820  -3.933
HIS01B3994_002  -0.054  -3.738  -3.792
HIS02B3994_003  -0.133  -3.820  -3.953
HIS02B3994_004  -0.067  -3.738  -3.804
HIS+1B3994_005  -0.160  -3.820  -3.980
HIS+1B3994_006  -0.093  -3.738  -3.831
VAL01B3995_001   0.644   0.000   0.644
PHE01B3996_001   4.421  -0.051   4.370
ALA01B3997_001   0.000   0.000   0.000
HIS01B3998_001  -0.144  -2.827  -2.970
HIS02B3998_002  -0.163  -2.827  -2.990
HIS+1B3998_003  -0.190  -2.827  -3.016
MET01B3999_001  -0.008  -0.096  -0.104
MET01B4000_001   0.623   0.000   0.623
MET01B4001_001   0.046  -1.914  -1.868
LYS01B4002_001   1.833  -1.339   0.494
LYS+1B4002_002   1.787  -1.339   0.448
LEU01B4003_001   1.305  -0.052   1.254
ALA01B4004_001   0.000  -0.052  -0.052
GLN01B4005_001   1.853  -1.772   0.081
GLN01B4005_002   3.082  -1.865   1.217
ASP01B4006_001   0.081  -1.317  -1.237
ASP01B4006_002   0.081  -1.317  -1.237
ASP02B4006_003   0.156  -1.177  -1.021
ASP02B4006_004   0.156  -1.177  -1.021
ASP-1B4006_005   0.078  -1.176  -1.098
SER01B4007_001   0.000  -3.544  -3.544
SER01B4007_002   0.000  -3.544  -3.544
SER01B4008_001   0.000  -3.454  -3.454
SER01B4008_002   0.000  -3.454  -3.454
GLN01B4009_001   1.408  -0.197   1.211
GLN01B4009_002   2.361  -0.182   2.179
ILE01B4010_001   3.350  -3.535  -0.185
GLU01B4011_001   3.014  -3.762  -0.748
GLU01B4011_002   3.014  -3.762  -0.748
GLU02B4011_003   2.410  -3.619  -1.210
GLU02B4011_004   2.410  -3.619  -1.210
GLU-1B4011_005   2.338  -3.562  -1.224
LEU01B4012_001   2.059  -0.309   1.750
LEU01B4013_001   2.618  -0.686   1.932
LYS01B4014_001   0.996  -4.688  -3.692
LYS+1B4014_002   0.953  -4.688  -3.736
GLU01B4015_001   3.472  -1.249   2.224
GLU01B4015_002   3.472  -1.249   2.224
GLU02B4015_003   2.779  -1.180   1.599
GLU02B4015_004   2.779  -1.180   1.599
GLU-1B4015_005   2.709  -1.081   1.628
LEU01B4016_001   4.131   0.000   4.131
LEU01B4017_001   1.771  -0.258   1.514
ASP01B4018_001   0.176  -1.305  -1.129
ASP01B4018_002   0.176  -1.305  -1.129
ASP02B4018_003   0.266  -1.373  -1.108
ASP02B4018_004   0.266  -1.373  -1.108
ASP-1B4018_005   0.166  -1.322  -1.156
LEU01B4019_001   2.216  -0.171   2.045
GLN01B4020_001   3.139  -0.157   2.981
GLN01B4020_002   5.123  -0.172   4.950
LYS01B4021_001   1.848  -2.588  -0.740
LYS+1B4021_002   1.799  -2.588  -0.789
ASP01B4022_001   0.081  -1.138  -1.057
ASP01B4022_002   0.081  -1.138  -1.057
ASP02B4022_003   0.148  -0.988  -0.840
ASP02B4022_004   0.148  -0.988  -0.840
ASP-1B4022_005   0.075  -0.999  -0.925
MET01B4023_001   0.611  -0.048   0.563
VAL01B4024_001   0.710  -0.361   0.349
VAL01B4025_001   0.803  -3.400  -2.596
MET01B4026_001   0.196   0.000   0.196
LEU01B4027_001   1.715  -0.666   1.049
LEU01B4028_001   2.810  -1.906   0.905
SER01B4029_001   0.000  -0.120  -0.120
SER01B4029_002   0.000  -0.120  -0.120
SER01B4029_003   0.000  -0.120  -0.120
LEU01B4030_001   2.572  -0.206   2.366
LEU01B4031_001   3.829  -0.206   3.623
GLU01B4032_001   1.362  -0.060   1.302
GLU01B4032_002   1.362  -0.060   1.302
GLU02B4032_003   1.107  -0.098   1.009
GLU02B4032_004   1.107  -0.098   1.009
GLU-1B4032_005   1.028  -0.060   0.968
ASN01B4034_001  -0.035  -0.433  -0.468
ASN01B4034_002   0.104  -0.379  -0.275
VAL01B4035_001   0.619  -3.503  -2.884
VAL01B4036_001   0.724  -0.821  -0.097
ASN01B4037_001   0.380  -1.845  -1.465
ASN01B4037_002   0.166  -1.838  -1.672
MET01B4039_001   1.571  -5.584  -4.014
ILE01B4040_001   3.006  -0.464   2.543
ALA01B4041_001   0.000   0.000   0.000
ARG01B4042_001   4.163  -7.272  -3.110
ARG02B4042_002   4.088  -7.272  -3.185
ARG03B4042_003   4.094  -7.272  -3.178
ARG+1B4042_004   4.048  -7.272  -3.224
GLN01B4043_001   2.277  -1.253   1.024
GLN01B4043_002   3.726  -1.305   2.420
MET01B4044_001   0.470   0.000   0.470
VAL01B4045_001   0.881  -0.052   0.829
ASP01B4046_001   0.090  -2.244  -2.154
ASP01B4046_002   0.090  -2.244  -2.154
ASP02B4046_003   0.165  -2.390  -2.225
ASP02B4046_004   0.165  -2.390  -2.225
ASP-1B4046_005   0.085  -2.274  -2.189
MET01B4047_001   2.895  -0.103   2.792
LEU01B4048_001   1.753  -0.721   1.032
VAL01B4049_001   1.029  -2.727  -1.698
GLU01B4050_001   3.407  -1.785   1.622
GLU01B4050_002   3.407  -1.785   1.622
GLU02B4050_003   2.713  -1.907   0.806
GLU02B4050_004   2.713  -1.907   0.806
GLU-1B4050_005   2.650  -1.744   0.906
SER01B4051_001   0.000   0.000   0.000
SER01B4051_002   0.000   0.000   0.000
SER01B4052_001   0.000  -1.590  -1.590
SER01B4052_002   0.000  -1.590  -1.590
SER01B4053_001   0.000  -4.758  -4.758
SER01B4053_002   0.000  -4.758  -4.758
ASN01B4054_001   0.465  -0.400   0.065
ASN01B4054_002   0.173  -0.401  -0.228
VAL01B4055_001   1.067  -0.464   0.603
GLU01B4056_001   5.362  -1.839   3.523
GLU01B4056_002   5.362  -1.839   3.523
GLU02B4056_003   4.313  -1.769   2.545
GLU02B4056_004   4.313  -1.769   2.545
GLU-1B4056_005   4.236  -1.757   2.479
MET01B4057_001   0.519  -3.267  -2.748
ILE01B4058_001   3.180  -0.567   2.613
LEU01B4059_001   1.468   0.000   1.468
LYS01B4060_001   1.376  -3.684  -2.307
LYS+1B4060_002   1.329  -3.684  -2.355
PHE01B4061_001   5.195  -0.253   4.942
PHE01B4062_001   4.717  -0.068   4.649
ASP01B4063_001   0.351  -0.517  -0.166
ASP01B4063_002   0.351  -0.517  -0.166
ASP02B4063_003   0.377  -0.543  -0.166
ASP02B4063_004   0.377  -0.543  -0.166
ASP-1B4063_005   0.292  -0.517  -0.225
MET01B4064_001   2.732  -0.888   1.844
PHE01B4065_001   5.455  -0.152   5.303
LEU01B4066_001   1.705  -0.309   1.396
LYS01B4067_001   1.593  -1.093   0.500
LYS+1B4067_002   1.545  -1.093   0.451
LEU01B4068_001   3.600  -0.618   2.982
LYS01B4069_001   2.096  -5.674  -3.578
LYS+1B4069_002   2.032  -5.674  -3.643
ASP01B4070_001   0.194  -1.625  -1.432
ASP01B4070_002   0.194  -1.625  -1.432
ASP02B4070_003   0.288  -1.622  -1.333
ASP02B4070_004   0.288  -1.622  -1.333
ASP-1B4070_005   0.185  -1.550  -1.366
ILE01B4071_001   2.984  -0.309   2.675
VAL01B4072_001   0.598  -0.927  -0.329
SER01B4074_001   0.000  -1.528  -1.528
GLU01B4075_001   1.411  -3.289  -1.878
GLU01B4075_002   1.411  -3.289  -1.878
GLU02B4075_003   1.176  -3.385  -2.209
GLU02B4075_004   1.176  -3.385  -2.209
GLU-1B4075_005   1.083  -3.254  -2.171
ALA01B4076_001   0.000  -2.695  -2.695
PHE01B4077_001   4.665   0.000   4.665
GLN01B4078_001   0.820  -1.980  -1.159
ASP01B4079_001   0.261  -2.732  -2.471
ASP01B4079_002   0.261  -2.732  -2.471
ASP02B4079_003   0.368  -2.578  -2.210
ASP02B4079_004   0.368  -2.578  -2.210
ASP-1B4079_005   0.248  -2.489  -2.241
TYR01B4080_001   5.246  -0.941   4.304
TYR01B4080_002   5.246  -0.941   4.304
TYR-1B4080_003   5.246  -0.941   4.304
VAL01B4081_001   0.479  -0.206   0.273
THR01B4082_001   0.204  -6.245  -6.041
THR01B4082_002   0.204  -6.245  -6.041
ASP01B4083_001   0.246  -0.686  -0.441
ASP01B4083_002   0.246  -0.686  -0.441
ASP02B4083_003   0.334  -0.765  -0.431
ASP02B4083_004   0.334  -0.765  -0.431
ASP-1B4083_005   0.228  -0.689  -0.461
PRO01B4084_001   0.269  -6.350  -6.081
ARG01B4085_001   2.509  -7.541  -5.032
ARG02B4085_002   2.434  -7.541  -5.106
ARG02B4085_003   2.494  -7.541  -5.046
ARG03B4085_004   2.429  -7.541  -5.111
ARG+1B4085_005   2.390  -7.541  -5.151
LEU01B4087_001   1.749  -3.947  -2.199
ILE01B4088_001   6.450   0.000   6.450
SER01B4089_001   0.000  -1.544  -1.544
SER01B4089_002   0.000  -1.544  -1.544
SER01B4089_003   0.000  -1.544  -1.544
LYS01B4090_001   2.936  -2.134   0.802
LYS+1B4090_002   2.891  -2.134   0.757
LYS01B4091_001   1.093  -7.890  -6.797
LYS+1B4091_002   1.045  -7.890  -6.845
ASP01B4092_001   0.033  -0.534  -0.501
ASP01B4092_002   0.033  -0.534  -0.501
ASP02B4092_003   0.090  -0.553  -0.463
ASP02B4092_004   0.090  -0.553  -0.463
ASP-1B4092_005   0.029  -0.534  -0.504
PHE01B4093_001   4.956  -0.118   4.838
GLN01B4094_001   1.093  -1.315  -0.223
GLN01B4094_002   1.432  -1.257   0.175
LYS01B4095_001   1.711  -7.600  -5.889
LYS+1B4095_002   1.664  -7.600  -5.936
ALA01B4096_001   0.000   0.000   0.000
MET01B4097_001  -0.077   0.000  -0.077
ASP01B4098_001   0.419  -2.474  -2.055
ASP01B4098_002   0.419  -2.474  -2.055
ASP02B4098_003   0.437  -2.492  -2.055
ASP02B4098_004   0.437  -2.492  -2.055
ASP-1B4098_005   0.347  -2.459  -2.112
SER01B4099_001   0.000  -1.822  -1.822
SER01B4099_002   0.000  -1.822  -1.822
GLN01B4100_001   2.257  -0.703   1.553
GLN01B4100_002   3.652  -0.595   3.057
LYS01B4101_001   0.783  -8.646  -7.863
LYS+1B4101_002   0.737  -8.646  -7.909
GLN01B4102_001   1.615  -2.189  -0.574
GLN01B4102_002   2.642  -2.293   0.349
PHE01B4103_001   5.201   0.000   5.201
THR01B4104_001   0.261  -4.267  -4.007
THR01B4104_002   0.261  -4.267  -4.007
PRO01B4106_001   0.294  -6.514  -6.220
GLU01B4107_001   2.445  -1.488   0.957
GLU01B4107_002   2.445  -1.488   0.957
GLU02B4107_003   1.974  -1.575   0.398
GLU02B4107_004   1.974  -1.575   0.398
GLU-1B4107_005   1.891  -1.512   0.379
ILE01B4108_001   3.180  -0.155   3.026
GLN01B4109_001   1.032  -2.199  -1.167
GLN01B4109_002   0.859  -2.033  -1.174
PHE01B4110_001   5.023  -1.342   3.681
LEU01B4111_001   1.494  -0.052   1.442
LEU01B4112_001   1.934  -0.290   1.644
SER01B4113_001   0.000  -1.574  -1.574
CYS01B4114_001  -0.002  -0.359  -0.361
CYS01B4114_002  -0.002  -0.359  -0.361
CYS01B4114_003  -0.002  -0.359  -0.362
CYS-1B4114_004   0.000  -0.359  -0.359
SER01B4115_001   0.000  -0.096  -0.096
SER01B4115_002   0.000  -0.096  -0.096
GLU01B4116_001   1.381  -1.707  -0.327
GLU01B4116_002   1.381  -1.707  -0.327
GLU02B4116_003   1.179  -1.675  -0.496
GLU02B4116_004   1.179  -1.675  -0.496
GLU-1B4116_005   1.070  -1.632  -0.562
ALA01B4117_001   0.000  -3.020  -3.020
ASP01B4118_001   0.381  -2.123  -1.742
ASP01B4118_002   0.381  -2.123  -1.742
ASP02B4118_003   0.408  -1.945  -1.538
ASP02B4118_004   0.408  -1.945  -1.538
ASP-1B4118_005   0.318  -2.033  -1.715
GLU01B4119_001   1.721  -4.020  -2.299
GLU01B4119_002   1.721  -4.020  -2.299
GLU02B4119_003   1.440  -3.958  -2.518
GLU02B4119_004   1.440  -3.958  -2.518
GLU-1B4119_005   1.338  -3.798  -2.460
ASN01B4120_001   0.026  -1.698  -1.672
ASN01B4120_002   0.204  -1.830  -1.627
GLU01B4121_001   4.453  -2.957   1.496
GLU01B4121_002   4.453  -2.957   1.496
GLU02B4121_003   3.567  -2.768   0.800
GLU02B4121_004   3.567  -2.768   0.800
GLU-1B4121_005   3.497  -2.846   0.651
MET01B4122_001   0.142  -1.316  -1.174
ILE01B4123_001   2.147  -0.206   1.941
ASN01B4124_001   0.173  -1.526  -1.352
ASN01B4124_002   0.008  -1.368  -1.361
PHE01B4125_001   4.752  -1.536   3.217
GLU01B4126_001   0.499  -3.456  -2.956
GLU01B4126_002   0.499  -3.456  -2.956
GLU02B4126_003   0.665  -3.340  -2.675
GLU02B4126_004   0.665  -3.340  -2.675
GLU-1B4126_005   0.468  -3.286  -2.818
GLU01B4127_001   6.218  -1.700   4.518
GLU01B4127_002   6.218  -1.700   4.518
GLU02B4127_003   4.996  -1.748   3.248
GLU02B4127_004   4.996  -1.748   3.248
GLU-1B4127_005   4.919  -1.730   3.188
PHE01B4128_001   5.317  -0.878   4.440
ALA01B4129_001   0.000  -0.222  -0.222
ASN01B4130_001   0.450  -2.010  -1.560
ASN01B4130_002   0.211  -2.111  -1.900
ARG01B4131_001   6.339  -2.931   3.409
ARG02B4131_002   6.298  -2.931   3.368
ARG03B4131_003   6.290  -2.931   3.360
ARG+1B4131_004   6.250  -2.931   3.320
PHE01B4132_001   4.726  -0.305   4.421
GLN01B4133_001   1.417  -0.310   1.107
GLN01B4133_002   2.309  -0.394   1.915
GLU01B4134_001   1.554  -3.168  -1.614
GLU01B4134_002   1.554  -3.168  -1.614
GLU02B4134_003   1.335  -3.162  -1.828
GLU02B4134_004   1.335  -3.162  -1.828
GLU-1B4134_005   1.217  -3.195  -1.979
PRO01B4135_001   0.337  -0.885  -0.548
ALA01B4136_001   0.000  -0.052  -0.052
ARG01B4137_001   2.037  -7.401  -5.364
ARG02B4137_002   2.015  -7.401  -5.387
ARG03B4137_003   2.023  -7.401  -5.378
ARG+1B4137_004   1.975  -7.401  -5.426
ASP01B4138_001   0.056  -1.352  -1.295
ASP01B4138_002   0.056  -1.352  -1.295
ASP02B4138_003   0.120  -1.350  -1.229
ASP02B4138_004   0.120  -1.350  -1.229
ASP-1B4138_005   0.052  -1.352  -1.300
ILE01B4139_001   1.195   0.000   1.195
PHE01B4141_001   5.186  -0.861   4.325
ASN01B4142_001   0.663  -0.497   0.166
ASN01B4142_002   0.394  -0.512  -0.118
VAL01B4143_001   0.687  -1.391  -0.704
ALA01B4144_001   0.000  -0.155  -0.155
VAL01B4145_001   0.758  -0.103   0.655
LEU01B4146_001   1.912  -0.361   1.552
LEU01B4147_001   3.185  -0.361   2.824
THR01B4148_001   0.320  -1.133  -0.813
THR01B4148_002   0.320  -1.133  -0.813
ASN01B4149_001   0.189  -0.079   0.110
ASN01B4149_002   0.019  -0.103  -0.085
LEU01B4150_001   1.443   0.000   1.443
SER01B4151_001   0.000  -1.019  -1.019
SER01B4151_002   0.000  -1.019  -1.019
SER01B4151_003   0.000  -1.019  -1.019
GLU01B4152_001   3.850  -1.140   2.710
GLU01B4152_002   3.850  -1.140   2.710
GLU02B4152_003   3.057  -1.120   1.937
GLU02B4152_004   3.057  -1.120   1.937
GLU-1B4152_005   3.003  -1.098   1.905
HIS01B4153_001  -0.127  -0.317  -0.444
HIS01B4153_002  -0.081  -0.400  -0.481
HIS02B4153_003  -0.146  -0.317  -0.463
HIS02B4153_004  -0.094  -0.400  -0.494
HIS+1B4153_005  -0.173  -0.317  -0.490
HIS+1B4153_006  -0.121  -0.400  -0.521
VAL01B4154_001   0.646  -0.840  -0.194
PRO01B4155_001   0.323  -1.355  -1.033
HIS01B4156_001  -0.256  -5.462  -5.718
HIS01B4156_002  -0.219  -5.725  -5.944
HIS02B4156_003  -0.277  -5.462  -5.738
HIS02B4156_004  -0.228  -5.725  -5.953
HIS+1B4156_005  -0.303  -5.462  -5.765
HIS+1B4156_006  -0.254  -5.725  -5.979
ASP01B4157_001   0.101  -0.879  -0.778
ASP01B4157_002   0.101  -0.879  -0.778
ASP02B4157_003   0.183  -0.740  -0.557
ASP02B4157_004   0.183  -0.740  -0.557
ASP-1B4157_005   0.099  -0.771  -0.672
PRO01B4158_001   0.294  -6.472  -6.178
ARG01B4159_001   3.247  -4.561  -1.314
ARG02B4159_002   3.173  -4.561  -1.388
ARG02B4159_003   3.178  -4.561  -1.383
ARG03B4159_004   3.178  -4.561  -1.383
ARG+1B4159_005   3.134  -4.561  -1.428
LEU01B4160_001   2.741  -0.155   2.586
ARG01B4161_001   1.723  -6.932  -5.209
ARG02B4161_002   1.679  -6.932  -5.254
ARG03B4161_003   1.679  -6.932  -5.253
ARG+1B4161_004   1.635  -6.932  -5.298
ASN01B4162_001   0.240  -1.816  -1.576
ASN01B4162_002   0.044  -1.688  -1.644
PHE01B4163_001   5.013  -0.101   4.912
LEU01B4164_001   2.110  -2.163  -0.053
GLU01B4165_001   7.668  -3.110   4.557
GLU01B4165_002   7.668  -3.110   4.557
GLU02B4165_003   6.131  -3.172   2.959
GLU02B4165_004   6.131  -3.172   2.959
GLU-1B4165_005   6.084  -3.022   3.061
LEU01B4166_001   2.782  -1.957   0.825
ALA01B4167_001   0.000   0.000   0.000
GLU01B4168_001   1.574  -2.549  -0.975
GLU01B4168_002   1.574  -2.549  -0.975
GLU02B4168_003   1.378  -2.646  -1.268
GLU02B4168_004   1.378  -2.646  -1.268
GLU-1B4168_005   1.243  -2.518  -1.276
SER01B4169_001   0.000  -1.316  -1.316
SER01B4169_002   0.000  -1.316  -1.316
SER01B4169_003   0.000  -1.316  -1.316
ILE01B4170_001   2.906  -0.103   2.802
LEU01B4171_001   2.188  -1.304   0.884
GLU01B4172_001   2.800  -2.585   0.215
GLU01B4172_002   2.800  -2.585   0.215
GLU02B4172_003   2.312  -2.662  -0.350
GLU02B4172_004   2.312  -2.662  -0.350
GLU-1B4172_005   2.203  -2.545  -0.341
TYR01B4173_001   5.099  -4.634   0.465
TYR-1B4173_002   5.099  -4.634   0.465
PHE01B4174_001   5.067  -0.154   4.914
ARG01B4175_001   3.416  -6.698  -3.282
ARG02B4175_002   3.342  -6.698  -3.356
ARG03B4175_003   3.402  -6.698  -3.296
ARG+1B4175_004   3.297  -6.698  -3.400
PRO01B4176_001   0.468  -3.670  -3.201
TYR01B4177_001   5.280  -1.917   3.362
TYR01B4177_002   5.280  -1.917   3.362
TYR-1B4177_003   5.280  -1.917   3.362
LEU01B4178_001   1.686  -0.824   0.862
ARG01B4180_001   3.694  -0.668   3.025
ARG02B4180_002   3.669  -0.668   3.000
ARG02B4180_003   3.685  -0.668   3.016
ARG03B4180_004   3.659  -0.668   2.991
ARG+1B4180_005   3.619  -0.668   2.950
ILE01B4181_001   4.898  -0.052   4.847
GLU01B4182_001   3.342   0.000   3.342
GLU01B4182_002   3.342   0.000   3.342
GLU02B4182_003   2.683   0.000   2.683
GLU02B4182_004   2.683   0.000   2.683
GLU-1B4182_005   2.608   0.000   2.608
ILE01B4183_001   1.862  -0.103   1.758
MET01B4184_001   1.315  -3.002  -1.688
ALA01B4186_001   0.000  -3.036  -3.036
SER01B4187_001   0.000  -1.287  -1.287
SER01B4187_002   0.000  -1.287  -1.287
SER01B4187_003   0.000  -1.287  -1.287
ARG01B4188_001   2.815 -11.264  -8.450
ARG02B4188_002   2.800 -11.264  -8.464
ARG03B4188_003   2.791 -11.264  -8.473
ARG+1B4188_004   2.751 -11.264  -8.513
ARG01B4189_001   3.678  -3.851  -0.173
ARG02B4189_002   3.731  -3.851  -0.120
ARG03B4189_003   3.653  -3.851  -0.198
ARG+1B4189_004   3.614  -3.851  -0.237
ILE01B4190_001   4.637  -0.258   4.379
GLU01B4191_001   5.218  -0.082   5.136
GLU01B4191_002   5.218  -0.082   5.136
GLU02B4191_003   4.165  -0.085   4.079
GLU02B4191_004   4.165  -0.085   4.079
GLU-1B4191_005   4.100  -0.082   4.018
ARG01B4192_001   5.328   0.000   5.328
ARG02B4192_002   5.268   0.000   5.268
ARG02B4192_003   5.274   0.000   5.274
ARG03B4192_004   5.355   0.000   5.355
ARG+1B4192_005   5.228   0.000   5.228
ILE01B4193_001   2.030  -1.133   0.897
TYR01B4194_001   5.406  -0.615   4.790
TYR01B4194_002   5.406  -0.615   4.790
TYR-1B4194_003   5.406  -0.615   4.790
PHE01B4195_001   5.377   0.000   5.377
GLU01B4196_001   3.871  -1.024   2.847
GLU01B4196_002   3.871  -1.024   2.847
GLU02B4196_003   3.154  -1.109   2.045
GLU02B4196_004   3.154  -1.109   2.045
GLU-1B4196_005   3.064  -1.003   2.061
ILE01B4197_001   3.532   0.000   3.532
SER01B4198_001   0.000  -1.926  -1.926
SER01B4198_002   0.000  -1.926  -1.926
GLU01B4199_001   2.835  -2.714   0.122
GLU01B4199_002   2.835  -2.714   0.122
GLU02B4199_003   2.293  -2.664  -0.371
GLU02B4199_004   2.293  -2.664  -0.371
GLU-1B4199_005   2.214  -2.588  -0.374
THR01B4200_001   0.284  -4.783  -4.498
THR01B4200_002   0.284  -4.783  -4.498
ASN01B4201_001   0.220  -0.807  -0.587
ASN01B4201_002   0.422  -0.753  -0.331
ARG01B4202_001   3.541  -4.251  -0.710
ARG02B4202_002   3.496  -4.251  -0.755
ARG03B4202_003   3.488  -4.251  -0.763
ARG+1B4202_004   3.448  -4.251  -0.803
ALA01B4203_001   0.000  -2.592  -2.592
GLN01B4204_001   1.890  -0.910   0.980
GLN01B4204_002   3.143  -0.947   2.196
TRP01B4205_001   3.692  -1.401   2.291
GLU01B4206_001   1.555  -2.172  -0.616
GLU01B4206_002   1.555  -2.172  -0.616
GLU02B4206_003   1.292  -2.341  -1.049
GLU02B4206_004   1.292  -2.341  -1.049
GLU-1B4206_005   1.199  -2.123  -0.924
MET01B4207_001   1.973  -3.606  -1.633
PRO01B4208_001   0.259  -7.558  -7.299
GLN01B4209_001   1.113  -1.086   0.027
GLN01B4209_002   0.924  -0.968  -0.044
VAL01B4210_001   0.652  -0.119   0.533
LYS01B4211_001   1.133  -4.853  -3.720
LYS+1B4211_002   1.089  -4.853  -3.764
GLU01B4212_001   2.161  -2.259  -0.098
GLU01B4212_002   2.161  -2.259  -0.098
GLU02B4212_003   1.772  -2.220  -0.447
GLU02B4212_004   1.772  -2.220  -0.447
GLU-1B4212_005   1.682  -2.290  -0.608
SER01B4213_001   0.000  -1.691  -1.691
LYS01B4214_001   1.189  -2.216  -1.027
LYS+1B4214_002   1.112  -2.216  -1.104
ARG01B4215_001   9.826  -7.046   2.780
ARG02B4215_002   9.770  -7.046   2.724
ARG03B4215_003   9.762  -7.046   2.716
ARG+1B4215_004   9.721  -7.046   2.675
GLN01B4216_001   2.528  -2.850  -0.322
GLN01B4216_002   4.158  -2.906   1.252
PHE01B4217_001   5.804  -0.810   4.993
ILE01B4218_001   2.461  -1.339   1.122
PHE01B4219_001   5.216  -3.345   1.871
ASP01B4220_001   0.188  -1.469  -1.281
ASP01B4220_002   0.188  -1.469  -1.281
ASP02B4220_003   0.277  -1.576  -1.299
ASP02B4220_004   0.277  -1.576  -1.299
ASP-1B4220_005   0.177  -1.468  -1.291
VAL01B4221_001   1.298  -0.103   1.195
VAL01B4222_001   1.156  -0.567   0.590
ASN01B4223_001   0.169  -1.924  -1.756
ASN01B4223_002   0.004  -2.308  -2.304
GLU01B4224_001   1.574  -3.508  -1.934
GLU01B4224_002   1.574  -3.508  -1.934
GLU02B4224_003   1.353  -3.462  -2.108
GLU02B4224_004   1.353  -3.462  -2.108
GLU-1B4224_005   1.232  -3.393  -2.160
GLU01B4227_001   0.762  -3.984  -3.222
GLU01B4227_002   0.762  -3.984  -3.222
GLU02B4227_003   0.658  -4.163  -3.505
GLU02B4227_004   0.658  -4.163  -3.505
GLU-1B4227_005   0.570  -3.927  -3.356
ALA01B4228_001   0.000  -2.798  -2.798
GLU01B4229_001   2.925  -2.875   0.050
GLU01B4229_002   2.925  -2.875   0.050
GLU02B4229_003   2.450  -2.675  -0.225
GLU02B4229_004   2.450  -2.675  -0.225
GLU-1B4229_005   2.322  -2.774  -0.451
LYS01B4230_001   1.373  -4.088  -2.715
LYS+1B4230_002   1.326  -4.088  -2.762
MET01B4231_001   0.089  -0.452  -0.363
GLU01B4232_001   2.949  -0.969   1.980
GLU01B4232_002   2.949  -0.969   1.980
GLU02B4232_003   2.485  -0.991   1.494
GLU02B4232_004   2.485  -0.991   1.494
GLU-1B4232_005   2.348  -0.934   1.414
LEU01B4233_001   2.092  -3.245  -1.153
PHE01B4234_001   5.603  -0.421   5.182
VAL01B4235_001   0.771   0.000   0.771
SER01B4236_001   0.000  -2.056  -2.056
SER01B4236_002   0.000  -2.056  -2.056
SER01B4236_003   0.000  -2.056  -2.056
PHE01B4237_001   5.517  -1.080   4.438
CYS01B4238_001  -0.002  -0.143  -0.145
CYS01B4238_002  -0.002  -0.143  -0.145
CYS01B4238_003  -0.002  -0.143  -0.145
CYS-1B4238_004   0.000  -0.143  -0.143
GLU01B4239_001   3.102  -0.034   3.067
GLU01B4239_002   3.102  -0.034   3.067
GLU02B4239_003   2.485  -0.072   2.412
GLU02B4239_004   2.485  -0.072   2.412
GLU-1B4239_005   2.414  -0.034   2.380
ASP01B4240_001   0.102  -0.655  -0.553
ASP01B4240_002   0.102  -0.655  -0.553
ASP02B4240_003   0.178  -0.652  -0.474
ASP02B4240_004   0.178  -0.652  -0.474
ASP-1B4240_005   0.096  -0.655  -0.559
THR01B4241_001   0.359  -0.060   0.299
THR01B4241_002   0.359  -0.060   0.299
THR01B4241_003   0.359  -0.060   0.299
ILE01B4242_001   4.637  -1.149   3.487
PHE01B4243_001   5.171  -1.263   3.908
GLU01B4244_001   2.290  -0.210   2.080
GLU01B4244_002   2.290  -0.210   2.080
GLU02B4244_003   1.804  -0.286   1.518
GLU02B4244_004   1.804  -0.286   1.518
GLU-1B4244_005   1.746  -0.276   1.470
MET01B4245_001   0.006  -0.464  -0.458
GLN01B4246_001   1.006  -2.623  -1.617
ILE01B4247_001   1.094  -1.355  -0.261
ALA01B4248_001   0.000  -0.258  -0.258
ALA01B4249_001   0.000  -2.778  -2.778
GLN01B4250_001   1.990  -2.433  -0.443
GLN01B4250_002   3.240  -2.392   0.848
ILE01B4251_001   2.503  -1.751   0.752
SER01B4252_001   0.000  -3.291  -3.291
GLU01B4253_001   0.499  -3.448  -2.948
GLU01B4253_002   0.499  -3.448  -2.948
GLU02B4253_003   0.666  -3.419  -2.753
GLU02B4253_004   0.666  -3.419  -2.753
GLU-1B4253_005   0.468  -3.298  -2.830
CTR01B4253_001  -0.021  -5.242  -5.263
CTR01B4253_002   0.107  -5.126  -5.019
CTR02B4253_003  -0.022  -5.106  -5.129
CTR02B4253_004   0.042  -5.068  -5.026
CTR-1B4253_005   0.000  -5.145  -5.145
NTR01B4540_001  -0.003  -2.867  -2.870
NTR+1B4540_002  -0.005  -2.867  -2.872
PHE01B4540_001   2.032  -1.919   0.113
TRP01B4541_001   0.644 -14.932 -14.288
GLU01B4543_001   0.497  -3.451  -2.954
GLU01B4543_002   0.497  -3.451  -2.954
GLU02B4543_003   0.663  -3.518  -2.854
GLU02B4543_004   0.663  -3.518  -2.854
GLU-1B4543_005   0.466  -3.402  -2.936
LEU01B4544_001   1.457  -3.776  -2.320
GLU01B4545_001   0.498  -1.790  -1.292
GLU01B4545_002   0.498  -1.790  -1.292
GLU02B4545_003   0.664  -1.708  -1.044
GLU02B4545_004   0.664  -1.708  -1.044
GLU-1B4545_005   0.466  -1.723  -1.256
VAL01B4546_001   0.679  -5.727  -5.048
GLN01B4547_001   0.863  -2.888  -2.025
GLN01B4547_002   1.134  -2.818  -1.684
ARG01B4548_001   5.415  -7.797  -2.383
ARG02B4548_002   5.360  -7.797  -2.437
ARG03B4548_003   5.460  -7.797  -2.337
ARG+1B4548_004   5.319  -7.797  -2.478
VAL01B4549_001   0.860  -4.015  -3.155
LYS01B4550_001   3.780  -3.898  -0.118
LYS+1B4550_002   3.685  -3.898  -0.212
PHE01B4551_001   4.598  -7.335  -2.737
LEU01B4552_001   3.173  -1.990   1.183
ASN01B4553_001   0.347  -0.822  -0.475
ASN01B4553_002   0.504  -0.866  -0.362
TYR01B4554_001   4.690  -6.960  -2.270
TYR-1B4554_002   4.690  -6.960  -2.270
LEU01B4555_001   1.382  -0.361   1.021
SER01B4556_001   0.000   0.000   0.000
ARG01B4557_001   3.131  -4.424  -1.293
ARG02B4557_002   3.096  -4.424  -1.327
ARG03B4557_003   3.135  -4.424  -1.288
ARG+1B4557_004   3.052  -4.424  -1.372
ASN01B4558_001   0.180  -1.258  -1.078
PHE01B4559_001   5.031  -0.455   4.577
TYR01B4560_001   4.915  -7.034  -2.119
TYR-1B4560_002   4.915  -7.034  -2.119
THR01B4561_001   0.299  -4.356  -4.056
LEU01B4562_001   2.042  -1.098   0.944
ARG01B4563_001   1.272  -2.303  -1.030
ARG02B4563_002   1.230  -2.303  -1.072
ARG02B4563_003   1.234  -2.303  -1.068
ARG03B4563_004   1.236  -2.303  -1.067
ARG+1B4563_005   1.192  -2.303  -1.111
PHE01B4564_001   5.083  -8.321  -3.239
LEU01B4565_001   1.798  -4.256  -2.458
ALA01B4566_001   0.000   0.000   0.000
LEU01B4567_001   1.378  -2.334  -0.956
PHE01B4568_001   4.739  -8.344  -3.605
LEU01B4569_001   3.129  -0.464   2.665
ALA01B4570_001   0.000   0.000   0.000
PHE01B4571_001   4.884  -6.757  -1.873
ALA01B4572_001   0.000  -2.624  -2.624
ILE01B4573_001   2.431  -0.052   2.379
ASN01B4574_001   0.451  -0.211   0.240
ASN01B4574_002   0.226  -0.261  -0.034
PHE01B4575_001   4.835  -8.851  -4.017
ILE01B4576_001   3.322  -0.464   2.859
LEU01B4577_001   2.733  -2.469   0.263
LEU01B4578_001   2.673  -7.653  -4.980
PHE01B4579_001   4.387  -3.284   1.103
TYR01B4580_001   4.877  -2.839   2.037
TYR01B4580_002   4.877  -2.839   2.037
TYR-1B4580_003   4.877  -2.839   2.037
LYS01B4581_001   1.477  -6.515  -5.038
LYS+1B4581_002   1.430  -6.515  -5.085
VAL01B4582_001   0.570  -5.885  -5.315
SER01B4583_001   0.000  -0.751  -0.751
SER01B4583_002   0.000  -0.751  -0.751
ASP01B4584_001  -0.040  -3.456  -3.496
ASP01B4584_002  -0.040  -3.456  -3.496
ASP02B4584_003  -0.009  -3.494  -3.503
ASP02B4584_004  -0.009  -3.494  -3.503
ASP-1B4584_005  -0.041  -3.359  -3.400
SER01B4585_001   0.000  -3.504  -3.504
PRO01B4586_001   0.283  -4.654  -4.372
PRO01B4587_001   0.258  -4.038  -3.780
CTR01B4587_001  -0.021  -4.450  -4.471
CTR01B4587_002   0.083  -4.605  -4.522
CTR02B4587_003  -0.022  -4.450  -4.472
CTR02B4587_004   0.029  -4.643  -4.614
CTR-1B4587_005   0.000  -4.450  -4.450
NTR01B4626_001  -0.003  -3.554  -3.557
NTR+1B4626_002  -0.005  -3.554  -3.559
ASN01B4626_001  -0.020  -3.248  -3.268
MET01B4627_001   0.141  -4.226  -4.085
VAL01B4628_001   0.608  -2.675  -2.068
TYR01B4629_001   4.822  -8.986  -4.164
TYR-1B4629_002   4.822  -8.986  -4.164
TYR01B4630_001   4.640  -3.927   0.713
TYR-1B4630_002   4.640  -3.927   0.713
PHE01B4631_001   4.893  -2.706   2.187
LEU01B4632_001   2.303  -3.757  -1.455
GLU01B4633_001   4.045  -2.413   1.632
GLU01B4633_002   4.045  -2.413   1.632
GLU02B4633_003   3.227  -2.435   0.792
GLU02B4633_004   3.227  -2.435   0.792
GLU-1B4633_005   3.164  -2.343   0.821
GLU01B4634_001   2.101  -1.336   0.766
GLU01B4634_002   2.101  -1.336   0.766
GLU02B4634_003   1.667  -1.252   0.415
GLU02B4634_004   1.667  -1.252   0.415
GLU-1B4634_005   1.605  -1.279   0.326
SER01B4635_001   0.000  -5.531  -5.531
THR01B4636_001   0.186  -1.732  -1.546
THR01B4636_002   0.186  -1.732  -1.546
THR01B4636_003   0.186  -1.732  -1.546
TYR01B4638_001   4.632  -9.866  -5.234
TYR-1B4638_002   4.632  -9.866  -5.234
MET01B4639_001  65.065   0.000  65.065
GLU01B4640_001   2.031  -2.503  -0.472
GLU01B4640_002   2.031  -2.503  -0.472
GLU02B4640_003   1.671  -2.551  -0.880
GLU02B4640_004   1.671  -2.551  -0.880
GLU-1B4640_005   1.575  -2.385  -0.810
PRO01B4641_001   0.278  -6.215  -5.937
ALA01B4642_001   0.000  -2.695  -2.695
LEU01B4643_001   3.016  -1.664   1.352
TRP01B4644_001   2.906  -9.512  -6.606
CYS01B4645_001  -0.002  -3.857  -3.859
CYS01B4645_002  -0.002  -3.857  -3.859
CYS01B4645_003  -0.002  -3.857  -3.860
CYS-1B4645_004   0.000  -3.857  -3.857
LEU01B4646_001   1.518  -2.782  -1.264
SER01B4647_001   0.000   0.000   0.000
SER01B4647_002   0.000   0.000   0.000
SER01B4647_003   0.000   0.000   0.000
LEU01B4648_001   2.216  -4.910  -2.694
LEU01B4649_001   2.077  -3.261  -1.185
HIS01B4650_001  -0.163   0.000  -0.163
HIS02B4650_002  -0.182   0.000  -0.182
HIS+1B4650_003  -0.209   0.000  -0.209
THR01B4651_001   0.274  -1.043  -0.769
THR01B4651_002   0.274  -1.043  -0.769
LEU01B4652_001   2.884  -5.544  -2.660
VAL01B4653_001   0.675  -0.412   0.263
ALA01B4654_001   0.000   0.000   0.000
PHE01B4655_001   4.643  -7.743  -3.101
LEU01B4656_001   2.086  -2.299  -0.213
CYS01B4657_001  -0.002  -0.071  -0.073
CYS01B4657_002  -0.002  -0.071  -0.073
CYS01B4657_003  -0.002  -0.071  -0.074
CYS-1B4657_004   0.000  -0.071  -0.071
ILE01B4658_001   2.177  -2.263  -0.086
ILE01B4659_001   4.540  -3.448   1.092
TYR01B4661_001   4.786  -0.505   4.281
TYR01B4661_002   4.786  -0.505   4.281
TYR-1B4661_003   4.786  -0.505   4.281
ASN01B4662_001   0.223  -1.506  -1.283
ASN01B4662_002   0.037  -1.462  -1.425
CYS01B4663_001  -0.002  -1.026  -1.028
CYS01B4663_002  -0.002  -1.026  -1.028
CYS01B4663_003  -0.002  -1.026  -1.028
CYS-1B4663_004   0.000  -1.026  -1.026
LEU01B4664_001   1.619  -0.979   0.640
LYS01B4665_001   2.225  -3.768  -1.544
LYS+1B4665_002   2.139  -3.768  -1.629
VAL01B4666_001   0.314   0.000   0.314
PRO01B4667_001   0.312  -1.870  -1.559
LEU01B4668_001   2.424  -1.217   1.207
VAL01B4669_001   0.490  -1.748  -1.258
ILE01B4670_001   2.206  -0.515   1.691
PHE01B4671_001   5.266  -0.101   5.165
LYS01B4672_001   1.187  -5.004  -3.817
LYS+1B4672_002   1.139  -5.004  -3.864
ARG01B4673_001   3.072  -0.925   2.146
ARG02B4673_002   3.040  -0.925   2.114
ARG03B4673_003   3.044  -0.925   2.118
ARG03B4673_004   3.093  -0.925   2.168
ARG+1B4673_005   2.996  -0.925   2.071
GLU01B4674_001   3.973   0.000   3.973
GLU01B4674_002   3.973   0.000   3.973
GLU02B4674_003   3.442   0.000   3.442
GLU02B4674_004   3.442   0.000   3.442
GLU-1B4674_005   3.245   0.000   3.245
LYS01B4675_001   0.813  -0.827  -0.014
LYS+1B4675_002   0.767  -0.827  -0.060
GLU01B4676_001   4.303  -1.422   2.881
GLU01B4676_002   4.303  -1.422   2.881
GLU02B4676_003   3.440  -1.375   2.065
GLU02B4676_004   3.440  -1.375   2.065
GLU-1B4676_005   3.375  -1.370   2.006
LEU01B4677_001   1.425  -0.309   1.116
ALA01B4678_001   0.000  -0.155  -0.155
ARG01B4679_001   1.752  -2.440  -0.688
ARG02B4679_002   1.734  -2.440  -0.705
ARG02B4679_003   1.807  -2.440  -0.633
ARG03B4679_004   1.727  -2.440  -0.712
ARG03B4679_005   1.731  -2.440  -0.709
ARG+1B4679_006   1.688  -2.440  -0.752
LYS01B4680_001   1.153  -4.662  -3.509
LYS+1B4680_002   1.106  -4.662  -3.556
LEU01B4681_001   1.339   0.000   1.339
GLU01B4682_001   2.841  -0.656   2.185
GLU01B4682_002   2.841  -0.656   2.185
GLU02B4682_003   2.311  -0.723   1.589
GLU02B4682_004   2.311  -0.723   1.589
GLU-1B4682_005   2.220  -0.655   1.565
PHE01B4683_001   5.471  -3.759   1.712
ASP01B4684_001   0.287  -2.329  -2.042
ASP01B4684_002   0.287  -2.329  -2.042
ASP02B4684_003   0.397  -2.166  -1.770
ASP02B4684_004   0.397  -2.166  -1.770
ASP-1B4684_005   0.272  -2.162  -1.890
LEU01B4686_001   2.117  -2.331  -0.214
TYR01B4687_001   5.091  -0.154   4.937
TYR01B4687_002   5.091  -0.154   4.937
TYR-1B4687_003   5.091  -0.154   4.937
ILE01B4688_001   1.988   0.000   1.988
THR01B4689_001   0.190  -3.646  -3.457
GLU01B4690_001   3.580  -3.072   0.508
GLU01B4690_002   3.580  -3.072   0.508
GLU02B4690_003   2.861  -3.132  -0.271
GLU02B4690_004   2.861  -3.132  -0.271
GLU-1B4690_005   2.794  -3.088  -0.293
GLN01B4691_001   0.868  -2.708  -1.840
GLN01B4691_002   1.140  -2.689  -1.548
PRO01B4692_001   0.360  -0.199   0.160
ASP01B4694_001   0.127  -2.663  -2.536
ASP01B4694_002   0.127  -2.663  -2.536
ASP02B4694_003   0.204  -2.861  -2.657
ASP02B4694_004   0.204  -2.861  -2.657
ASP-1B4694_005   0.119  -2.657  -2.538
ASP01B4695_001   0.160  -3.160  -3.000
ASP01B4695_002   0.160  -3.160  -3.000
ASP02B4695_003   0.243  -3.230  -2.987
ASP02B4695_004   0.243  -3.230  -2.987
ASP-1B4695_005   0.150  -3.097  -2.946
ASP01B4696_001   0.170  -2.856  -2.687
ASP01B4696_002   0.170  -2.856  -2.687
ASP02B4696_003   0.256  -2.771  -2.516
ASP02B4696_004   0.256  -2.771  -2.516
ASP-1B4696_005   0.160  -2.782  -2.622
VAL01B4697_001   0.831  -6.674  -5.843
LYS01B4698_001   2.592  -4.927  -2.335
LYS+1B4698_002   2.541  -4.927  -2.386
GLN01B4700_001   1.252  -2.238  -0.987
GLN01B4700_002   0.974  -2.414  -1.440
TRP01B4701_001   3.704  -4.944  -1.239
ASP01B4702_001   0.172  -0.103   0.069
ASP01B4702_002   0.172  -0.103   0.069
ASP02B4702_003   0.257  -0.109   0.148
ASP02B4702_004   0.257  -0.109   0.148
ASP-1B4702_005   0.162  -0.103   0.058
ARG01B4703_001  16.150  -5.722  10.428
ARG02B4703_002  16.080  -5.722  10.358
ARG03B4703_003  16.087  -5.722  10.365
ARG+1B4703_004  16.039  -5.722  10.317
LEU01B4704_001   7.328  -2.679   4.649
VAL01B4705_001   0.727   0.000   0.727
LEU01B4706_001   1.459  -0.206   1.253
ASN01B4707_001   0.606  -1.346  -0.739
THR01B4708_001   0.236   0.000   0.236
THR01B4708_002   0.236   0.000   0.236
PRO01B4709_001   0.286  -4.637  -4.351
SER01B4710_001   0.000  -2.310  -2.310
SER01B4710_002   0.000  -2.310  -2.310
PHE01B4711_001   4.731   0.000   4.731
PRO01B4712_001   0.341  -0.222   0.119
SER01B4713_001   0.000  -1.789  -1.789
SER01B4713_002   0.000  -1.789  -1.789
ASN01B4714_001   0.200  -0.620  -0.420
ASN01B4714_002   0.023  -0.655  -0.632
TYR01B4715_001   5.613  -0.703   4.910
TYR01B4715_002   5.613  -0.703   4.910
TYR-1B4715_003   5.613  -0.703   4.910
TRP01B4716_001   3.707  -1.770   1.937
ASP01B4717_001   0.439  -0.602  -0.163
ASP01B4717_002   0.439  -0.602  -0.163
ASP02B4717_003   0.504  -0.617  -0.113
ASP02B4717_004   0.504  -0.617  -0.113
ASP-1B4717_005   0.385  -0.577  -0.192
LYS01B4718_001   0.559  -3.572  -3.013
LYS+1B4718_002   0.516  -3.572  -3.056
PHE01B4719_001   4.733  -2.086   2.648
VAL01B4720_001   0.828  -0.052   0.776
LYS01B4721_001   0.835  -0.785   0.049
LYS+1B4721_002   0.791  -0.785   0.005
ARG01B4722_001  13.477  -4.363   9.115
ARG02B4722_002  13.413  -4.363   9.051
ARG03B4722_003  13.414  -4.363   9.051
ARG+1B4722_004  13.365  -4.363   9.003
LYS01B4723_001   1.602  -4.773  -3.171
LYS+1B4723_002   1.556  -4.773  -3.217
VAL01B4724_001   0.831   0.000   0.831
LEU01B4725_001   2.358  -0.361   1.997
ASP01B4726_001   0.127  -3.289  -3.163
ASP01B4726_002   0.127  -3.289  -3.163
ASP02B4726_003   0.213  -3.287  -3.074
ASP02B4726_004   0.213  -3.287  -3.074
ASP-1B4726_005   0.122  -3.273  -3.151
LYS01B4727_001   1.268  -4.836  -3.568
LYS+1B4727_002   1.221  -4.836  -3.615
HIS01B4728_001  -0.111  -0.768  -0.878
HIS01B4728_002  -0.057  -0.941  -0.998
HIS02B4728_003  -0.130  -0.768  -0.898
HIS02B4728_004  -0.070  -0.941  -1.010
HIS+1B4728_005  -0.157  -0.768  -0.925
HIS+1B4728_006  -0.096  -0.941  -1.037
ASP01B4730_001   0.079  -3.130  -3.051
ASP01B4730_002   0.079  -3.130  -3.051
ASP02B4730_003   0.151  -3.093  -2.942
ASP02B4730_004   0.151  -3.093  -2.942
ASP-1B4730_005   0.075  -3.032  -2.957
ILE01B4731_001   2.727  -6.725  -3.999
PHE01B4732_001   4.654  -3.289   1.365
ARG01B4734_001   2.177  -7.192  -5.015
ARG02B4734_002   2.157  -7.192  -5.035
ARG03B4734_003   2.250  -7.192  -4.942
ARG+1B4734_004   2.115  -7.192  -5.077
GLU01B4735_001   3.154  -2.916   0.238
GLU01B4735_002   3.154  -2.916   0.238
GLU02B4735_003   2.536  -3.028  -0.492
GLU02B4735_004   2.536  -3.028  -0.492
GLU-1B4735_005   2.461  -2.867  -0.405
ARG01B4736_001   3.860  -9.046  -5.186
ARG02B4736_002   3.813  -9.046  -5.233
ARG03B4736_003   3.906  -9.046  -5.140
ARG+1B4736_004   3.767  -9.046  -5.279
ILE01B4737_001   2.194  -0.103   2.091
ALA01B4738_001   0.000  -0.052  -0.052
GLU01B4739_001   5.225  -2.738   2.487
GLU01B4739_002   5.225  -2.738   2.487
GLU02B4739_003   4.225  -2.621   1.604
GLU02B4739_004   4.225  -2.621   1.604
GLU-1B4739_005   4.141  -2.565   1.576
LEU01B4740_001   2.071  -2.228  -0.157
LEU01B4741_001   1.745  -0.103   1.642
MET01B4743_001   1.410  -0.599   0.811
ASP01B4744_001  -0.040  -2.628  -2.668
ASP01B4744_002  -0.040  -2.628  -2.668
ASP02B4744_003  -0.009  -2.563  -2.572
ASP02B4744_004  -0.009  -2.563  -2.572
ASP-1B4744_005  -0.041  -2.523  -2.564
LEU01B4745_001   1.462  -5.937  -4.475
ALA01B4746_001   0.000  -1.082  -1.082
SER01B4747_001   0.000  -1.022  -1.022
LEU01B4748_001   1.454  -5.695  -4.241
GLU01B4749_001   0.499  -2.838  -2.339
GLU01B4749_002   0.499  -2.838  -2.339
GLU02B4749_003   0.666  -2.786  -2.120
GLU02B4749_004   0.666  -2.786  -2.120
GLU-1B4749_005   0.468  -2.769  -2.302
ILE01B4750_001   0.939  -1.648  -0.709
THR01B4751_001   0.151  -5.256  -5.105
ALA01B4752_001   0.000  -2.659  -2.659
HIS01B4753_001  -0.354  -3.724  -4.078
HIS02B4753_002  -0.363  -3.724  -4.087
HIS+1B4753_003  -0.382  -3.724  -4.106
ASN01B4754_001  -0.020  -0.886  -0.906
ASN01B4754_002  -0.091  -0.853  -0.944
GLU01B4755_001   0.499  -2.086  -1.587
GLU01B4755_002   0.499  -2.086  -1.587
GLU02B4755_003   0.666  -2.063  -1.396
GLU02B4755_004   0.666  -2.063  -1.396
GLU-1B4755_005   0.468  -2.046  -1.578
ARG01B4756_0011190.527  -6.4461184.082
ARG02B4756_0021190.509  -6.4461184.063
ARG03B4756_0031190.543  -6.4461184.097
ARG03B4756_004 189.565  -6.446 183.119
ARG+1B4756_0051190.477  -6.4461184.031
LYS01B4757_001   3.784  -5.301  -1.517
LYS+1B4757_002   3.690  -5.301  -1.611
PRO01B4758_001   0.233  -6.019  -5.786
ASP01B4759_001  -0.040  -3.168  -3.209
ASP01B4759_002  -0.040  -3.168  -3.209
ASP02B4759_003  -0.009  -3.361  -3.370
ASP02B4759_004  -0.009  -3.361  -3.370
ASP-1B4759_005  -0.041  -3.114  -3.154
PRO01B4760_001   0.211  -6.769  -6.559
PRO01B4761_001   0.247  -7.126  -6.879
PRO01B4762_001   0.224  -5.725  -5.501
LEU01B4764_001   1.454  -3.725  -2.271
LEU01B4765_001   1.459  -2.730  -1.271
THR01B4766_001   0.189  -5.701  -5.512
THR01B4766_002   0.189  -5.701  -5.512
TRP01B4767_001   3.060  -7.004  -3.944
LEU01B4768_001   3.276  -5.663  -2.387
MET01B4769_001   0.940  -9.077  -8.137
SER01B4770_001   0.000  -3.546  -3.546
SER01B4770_002   0.000  -3.546  -3.546
ILE01B4771_001   3.668  -4.137  -0.469
ASP01B4772_001   0.092  -1.581  -1.489
ASP01B4772_002   0.092  -1.581  -1.489
ASP02B4772_003   0.162  -1.677  -1.515
ASP02B4772_004   0.162  -1.677  -1.515
ASP-1B4772_005   0.085  -1.516  -1.431
VAL01B4773_001   0.591  -5.837  -5.246
LYS01B4774_001   1.294  -6.621  -5.327
LYS+1B4774_002   1.248  -6.621  -5.373
TYR01B4775_001   4.824  -0.253   4.572
TYR01B4775_002   4.824  -0.253   4.572
TYR-1B4775_003   4.824  -0.253   4.572
GLN01B4776_001   0.924  -1.211  -0.287
GLN01B4776_002   0.818  -1.161  -0.343
ILE01B4777_001   2.864  -5.473  -2.609
TRP01B4778_001   3.705   0.000   3.705
LYS01B4779_001   1.389  -2.651  -1.262
LYS+1B4779_002   1.339  -2.651  -1.312
PHE01B4780_001   4.480  -5.916  -1.437
VAL01B4782_001   1.281  -0.052   1.229
ILE01B4783_001   3.657  -0.361   3.297
PHE01B4784_001   4.454  -7.489  -3.035
THR01B4785_001   0.244  -3.308  -3.064
ASP01B4786_001   0.404  -0.797  -0.393
ASP01B4786_002   0.404  -0.797  -0.393
ASP02B4786_003   0.430  -0.758  -0.328
ASP02B4786_004   0.430  -0.758  -0.328
ASP-1B4786_005   0.337  -0.758  -0.421
ASN01B4787_001   0.342  -3.586  -3.244
ASN01B4787_002   0.491  -3.713  -3.222
SER01B4788_001   0.000  -2.871  -2.871
SER01B4788_002   0.000  -2.871  -2.871
PHE01B4789_001   5.252  -2.377   2.876
LEU01B4790_001   1.859  -5.679  -3.820
TYR01B4791_001   4.889  -2.915   1.974
TYR01B4791_002   4.889  -2.915   1.974
TYR-1B4791_003   4.889  -2.915   1.974
LEU01B4792_001   1.365  -0.412   0.953
TRP01B4794_001   3.921  -7.493  -3.572
TYR01B4795_001   5.670  -0.118   5.552
TYR01B4795_002   5.670  -0.118   5.552
TYR-1B4795_003   5.670  -0.118   5.552
MET01B4796_001   2.631  -1.445   1.185
VAL01B4797_001   0.617  -4.272  -3.656
MET01B4798_001  -0.030  -1.173  -1.204
SER01B4799_001   0.000   0.000   0.000
SER01B4799_002   0.000   0.000   0.000
SER01B4799_003   0.000   0.000   0.000
LEU01B4800_001   1.795  -6.658  -4.863
LEU01B4801_001   1.754  -3.226  -1.471
HIS01B4803_001  -0.188  -2.972  -3.161
HIS01B4803_002  -0.146  -3.021  -3.167
HIS02B4803_003  -0.206  -2.972  -3.178
HIS02B4803_004  -0.159  -3.021  -3.181
HIS+1B4803_005  -0.233  -2.972  -3.205
HIS+1B4803_006  -0.186  -3.021  -3.207
TYR01B4804_001   4.421  -8.874  -4.453
TYR-1B4804_002   4.421  -8.874  -4.453
ASN01B4805_001   0.135  -1.672  -1.537
ASN01B4805_002  -0.016  -1.565  -1.582
ASN01B4806_001   0.475  -2.116  -1.642
ASN01B4806_002   0.238  -1.949  -1.711
PHE01B4807_001   4.761 -11.044  -6.283
PHE01B4808_001   5.062  -3.403   1.660
PHE01B4809_001   4.370  -0.253   4.117
ALA01B4810_001   0.000  -1.201  -1.201
ALA01B4811_001   0.000  -0.824  -0.824
HIS01B4812_001  -0.235   0.000  -0.235
HIS01B4812_002  -0.199   0.000  -0.199
HIS02B4812_003  -0.255   0.000  -0.255
HIS02B4812_004  -0.209   0.000  -0.209
HIS+1B4812_005  -0.282   0.000  -0.282
HIS+1B4812_006  -0.235   0.000  -0.235
LEU01B4813_001   3.110  -3.087   0.022
LEU01B4814_001   1.262  -6.964  -5.701
ASP01B4815_001   0.055  -0.180  -0.125
ASP01B4815_002   0.055  -0.180  -0.125
ASP02B4815_003   0.119  -0.217  -0.098
ASP02B4815_004   0.119  -0.217  -0.098
ASP-1B4815_005   0.051  -0.180  -0.129
ILE01B4816_001   4.084  -0.103   3.981
ALA01B4817_001   0.000  -2.608  -2.608
MET01B4818_001  -0.022  -3.308  -3.330
VAL01B4820_001   0.655  -3.622  -2.966
LYS01B4821_001   1.466  -8.099  -6.633
LYS+1B4821_002   1.380  -8.099  -6.719
THR01B4822_001   0.192  -5.480  -5.288
THR01B4822_002   0.192  -5.480  -5.288
LEU01B4823_001   1.628  -4.617  -2.989
ARG01B4824_001   2.193  -6.882  -4.689
ARG02B4824_002   2.173  -6.882  -4.709
ARG03B4824_003   2.178  -6.882  -4.704
ARG+1B4824_004   2.130  -6.882  -4.752
THR01B4825_001   0.338  -3.554  -3.216
THR01B4825_002   0.338  -3.554  -3.216
ILE01B4826_001   2.732  -6.349  -3.617
LEU01B4827_001   2.334  -4.272  -1.938
SER01B4828_001   0.000  -1.531  -1.531
SER01B4828_002   0.000  -1.531  -1.531
SER01B4829_001   0.000   0.000   0.000
SER01B4829_002   0.000   0.000   0.000
SER01B4829_003   0.000   0.000   0.000
VAL01B4830_001   0.735  -3.999  -3.264
THR01B4831_001   0.231  -6.483  -6.252
HIS01B4832_001  -0.148  -7.361  -7.509
HIS01B4832_002  -0.111  -7.843  -7.953
HIS02B4832_003  -0.165  -7.361  -7.527
HIS02B4832_004  -0.124  -7.843  -7.967
HIS+1B4832_005  -0.192  -7.361  -7.554
HIS+1B4832_006  -0.151  -7.843  -7.994
ASN01B4833_001   0.769  -0.482   0.287
ASN01B4833_002   0.422  -0.551  -0.130
LYS01B4835_001   1.164 -10.443  -9.279
LYS+1B4835_002   1.118 -10.443  -9.325
GLN01B4836_001   1.323  -3.036  -1.713
GLN01B4836_002   1.819  -3.165  -1.346
LEU01B4837_001   3.854  -1.732   2.122
VAL01B4838_001   0.720  -3.860  -3.140
MET01B4839_001  -0.042  -8.415  -8.458
THR01B4840_001   0.260  -0.721  -0.461
THR01B4840_002   0.260  -0.721  -0.461
VAL01B4841_001   0.856  -4.069  -3.213
LEU01B4843_001   3.078  -5.338  -2.259
LEU01B4844_001   1.632  -2.505  -0.872
ALA01B4845_001   0.000  -2.608  -2.608
VAL01B4846_001   0.674  -5.663  -4.989
VAL01B4847_001   0.936  -0.773   0.163
VAL01B4848_001   1.061   0.000   1.061
TYR01B4849_001   5.167  -7.688  -2.521
TYR-1B4849_002   5.167  -7.688  -2.521
LEU01B4850_001   1.914  -6.639  -4.724
TYR01B4851_001   5.341  -1.550   3.791
TYR-1B4851_002   5.341  -1.550   3.791
THR01B4852_001   0.324   0.000   0.324
THR01B4852_002   0.324   0.000   0.324
THR01B4852_003   0.324   0.000   0.324
VAL01B4853_001   0.869  -2.782  -1.913
VAL01B4854_001   0.675  -2.505  -1.829
ALA01B4855_001   0.000  -0.103  -0.103
PHE01B4856_001   4.979  -2.578   2.401
ASN01B4857_001   0.444  -1.983  -1.540
ASN01B4857_002   0.216  -2.028  -1.812
PHE01B4858_001   4.654  -9.176  -4.522
PHE01B4859_001   4.494  -0.658   3.836
ARG01B4860_001   3.295  -7.215  -3.920
ARG02B4860_002   3.260  -7.215  -3.955
ARG03B4860_003   3.293  -7.215  -3.922
ARG+1B4860_004   3.219  -7.215  -3.996
LYS01B4861_001   3.215  -4.922  -1.707
LYS+1B4861_002   3.164  -4.922  -1.758
PHE01B4862_001   6.001  -1.705   4.296
TYR01B4863_001   4.813  -0.051   4.763
TYR01B4863_002   4.813  -0.051   4.763
TYR-1B4863_003   4.813  -0.051   4.763
ASN01B4864_001   0.225  -1.334  -1.108
ASN01B4864_002   0.425  -1.240  -0.816
LYS01B4865_001   4.075  -2.198   1.877
LYS+1B4865_002   4.029  -2.198   1.830
SER01B4866_001   0.000  -3.908  -3.908
GLU01B4867_001   2.487  -2.244   0.243
GLU01B4867_002   2.487  -2.244   0.243
GLU02B4867_003   2.045  -2.343  -0.298
GLU02B4867_004   2.045  -2.343  -0.298
GLU-1B4867_005   1.954  -2.264  -0.310
ASP01B4868_001   0.416  -3.572  -3.156
ASP01B4868_002   0.416  -3.572  -3.156
ASP02B4868_003   0.478  -3.651  -3.174
ASP02B4868_004   0.478  -3.651  -3.174
ASP-1B4868_005   0.364  -3.535  -3.172
GLU01B4869_001   1.649  -3.996  -2.347
GLU01B4869_002   1.649  -3.996  -2.347
GLU02B4869_003   1.383  -4.010  -2.627
GLU02B4869_004   1.383  -4.010  -2.627
GLU-1B4869_005   1.282  -3.910  -2.628
ASP01B4870_001   0.209  -3.075  -2.866
ASP01B4870_002   0.209  -3.075  -2.866
ASP02B4870_003   0.303  -3.045  -2.742
ASP02B4870_004   0.303  -3.045  -2.742
ASP-1B4870_005   0.198  -2.963  -2.765
GLU01B4871_001   3.844  -1.611   2.233
GLU01B4871_002   3.844  -1.611   2.233
GLU02B4871_003   3.070  -1.530   1.541
GLU02B4871_004   3.070  -1.530   1.541
GLU-1B4871_005   2.999  -1.529   1.470
CTR01B4871_001  -0.021  -1.255  -1.276
CTR01B4871_002   0.095  -1.429  -1.334
CTR02B4871_003  -0.022  -1.313  -1.335
CTR02B4871_004   0.037  -1.313  -1.276
CTR-1B4871_005   0.000  -1.313  -1.313
NTR01B4872_001  -0.002  -0.711  -0.713
NTR+1B4872_002  -0.004  -0.711  -0.715
PRO01B4872_001   0.272  -5.405  -5.133
ASP01B4873_001   0.091  -1.572  -1.481
ASP01B4873_002   0.091  -1.572  -1.481
ASP02B4873_003   0.167  -1.638  -1.471
ASP02B4873_004   0.167  -1.638  -1.471
ASP-1B4873_005   0.087  -1.589  -1.502
MET01B4874_001   0.678  -1.429  -0.751
LYS01B4875_001   1.695  -1.825  -0.130
LYS+1B4875_002   1.627  -1.825  -0.198
CYS01B4876_001  -0.002   0.000  -0.002
CYS01B4876_002  -0.002   0.000  -0.002
CYS01B4876_003  -0.003   0.000  -0.003
CYS-1B4876_004   0.000   0.000   0.000
ASP01B4877_001   0.094  -1.633  -1.539
ASP01B4877_002   0.094  -1.633  -1.539
ASP02B4877_003   0.166  -1.689  -1.523
ASP02B4877_004   0.166  -1.689  -1.523
ASP-1B4877_005   0.088  -1.679  -1.591
ASP01B4878_001  -0.040  -2.079  -2.119
ASP01B4878_002  -0.040  -2.079  -2.119
ASP02B4878_003  -0.009  -2.156  -2.165
ASP02B4878_004  -0.009  -2.156  -2.165
ASP-1B4878_005  -0.041  -2.079  -2.120
MET01B4879_001   0.066  -4.063  -3.997
MET01B4880_001   1.448  -9.865  -8.417
THR01B4881_001   0.210  -2.010  -1.800
THR01B4881_002   0.210  -2.010  -1.800
THR01B4881_003   0.210  -2.010  -1.800
CYS01B4882_001  -0.002   0.000  -0.002
CYS01B4882_002  -0.002   0.000  -0.002
CYS01B4882_003  -0.002   0.000  -0.002
CYS-1B4882_004   0.000   0.000   0.000
TYR01B4883_001   4.943  -2.502   2.441
TYR01B4883_002   4.943  -2.502   2.441
TYR-1B4883_003   4.943  -2.502   2.441
LEU01B4884_001   1.848  -7.224  -5.377
PHE01B4885_001   5.184  -0.606   4.578
HIS01B4886_001  -0.108  -0.162  -0.270
HIS01B4886_002  -0.057  -0.064  -0.122
HIS02B4886_003  -0.128  -0.162  -0.290
HIS02B4886_004  -0.070  -0.064  -0.135
HIS+1B4886_005  -0.155  -0.162  -0.317
HIS+1B4886_006  -0.097  -0.064  -0.161
MET01B4887_001   8.200  -3.004   5.196
TYR01B4888_001   5.242  -8.582  -3.340
TYR-1B4888_002   5.242  -8.582  -3.340
VAL01B4889_001   0.573  -1.030  -0.457
VAL01B4891_001   1.266  -0.618   0.648
ARG01B4892_001   6.086  -7.249  -1.162
ARG02B4892_002   6.028  -7.249  -1.221
ARG03B4892_003   6.030  -7.249  -1.219
ARG+1B4892_004   5.982  -7.249  -1.267
ALA01B4893_001   0.000  -0.052  -0.052
ILE01B4897_001   1.851   0.000   1.851
ASP01B4899_001   0.124  -2.257  -2.134
ASP01B4899_002   0.124  -2.257  -2.134
ASP02B4899_003   0.200  -2.321  -2.121
ASP02B4899_004   0.200  -2.321  -2.121
ASP-1B4899_005   0.116  -2.226  -2.110
GLU01B4900_001   2.824  -0.929   1.895
GLU01B4900_002   2.824  -0.929   1.895
GLU02B4900_003   2.282  -0.947   1.334
GLU02B4900_004   2.282  -0.947   1.334
GLU-1B4900_005   2.211  -0.929   1.282
ILE01B4901_001   6.634  -0.206   6.428
GLU01B4902_001   1.675  -1.730  -0.054
GLU01B4902_002   1.675  -1.730  -0.054
GLU02B4902_003   1.388  -1.716  -0.327
GLU02B4902_004   1.388  -1.716  -0.327
GLU-1B4902_005   1.286  -1.675  -0.389
ASP01B4903_001   0.077  -3.374  -3.297
ASP01B4903_002   0.077  -3.374  -3.297
ASP02B4903_003   0.149  -3.480  -3.331
ASP02B4903_004   0.149  -3.480  -3.331
ASP-1B4903_005   0.074  -3.354  -3.280
PRO01B4904_001   0.271  -1.248  -0.976
ALA01B4905_001   0.000  -3.190  -3.190
ASP01B4907_001  -0.041  -3.179  -3.220
ASP01B4907_002  -0.041  -3.179  -3.220
ASP02B4907_003  -0.009  -3.289  -3.299
ASP02B4907_004  -0.009  -3.289  -3.299
ASP-1B4907_005  -0.041  -3.198  -3.239
GLU01B4908_001   0.499  -2.875  -2.376
GLU01B4908_002   0.499  -2.875  -2.376
GLU02B4908_003   0.665  -2.955  -2.290
GLU02B4908_004   0.665  -2.955  -2.290
GLU-1B4908_005   0.468  -2.825  -2.357
TYR01B4909_001   4.296  -8.125  -3.829
TYR-1B4909_002   4.296  -8.125  -3.829
GLU01B4910_001   0.498  -1.915  -1.418
GLU01B4910_002   0.498  -1.915  -1.418
GLU02B4910_003   0.664  -1.933  -1.269
GLU02B4910_004   0.664  -1.933  -1.269
GLU-1B4910_005   0.466  -1.908  -1.441
LEU01B4911_001   4.171  -8.599  -4.428
TYR01B4912_001   4.914  -7.989  -3.075
TYR-1B4912_002   4.914  -7.989  -3.075
ARG01B4913_001   2.344  -0.283   2.061
ARG02B4913_002   2.324  -0.283   2.041
ARG03B4913_003   2.415  -0.283   2.132
ARG+1B4913_004   2.281  -0.283   1.998
VAL01B4914_001   0.662  -4.890  -4.228
VAL01B4915_001   0.677  -4.874  -4.197
PHE01B4916_001   4.867  -0.810   4.057
ASP01B4917_001   0.380  -0.482  -0.103
ASP01B4917_002   0.380  -0.482  -0.103
ASP02B4917_003   0.459  -0.543  -0.085
ASP02B4917_004   0.459  -0.543  -0.085
ASP-1B4917_005   0.340  -0.482  -0.143
ILE01B4918_001   4.576  -5.818  -1.242
THR01B4919_001   0.207  -2.764  -2.557
THR01B4919_002   0.207  -2.764  -2.557
THR01B4919_003   0.207  -2.764  -2.557
PHE01B4920_001   5.388   0.000   5.388
PHE01B4921_001   5.137  -4.871   0.266
PHE01B4922_001   4.969  -7.469  -2.500
PHE01B4923_001   5.230  -6.646  -1.416
VAL01B4924_001   0.857   0.000   0.857
ILE01B4925_001   3.742  -0.464   3.278
VAL01B4926_001   0.519  -4.427  -3.908
ILE01B4927_001   2.192  -3.603  -1.411
LEU01B4928_001   1.789  -0.515   1.274
LEU01B4929_001   2.188  -4.736  -2.548
ALA01B4930_001   0.000  -3.087  -3.087
ILE01B4931_001   2.325  -4.137  -1.812
ILE01B4932_001   4.231  -2.505   1.726
GLN01B4933_001   1.635  -2.976  -1.341
GLN01B4933_002   2.622  -3.238  -0.616
LEU01B4935_001   3.574  -2.112   1.462
ILE01B4936_001   6.443  -2.060   4.382
ILE01B4937_001   4.221  -7.311  -3.091
ASP01B4938_001   0.476  -2.848  -2.373
ASP01B4938_002   0.476  -2.848  -2.373
ASP02B4938_003   0.532  -2.880  -2.348
ASP02B4938_004   0.532  -2.880  -2.348
ASP-1B4938_005   0.413  -2.791  -2.378
ALA01B4939_001   0.000  -0.155  -0.155
PHE01B4940_001   5.225  -1.688   3.537
GLU01B4942_001   2.677  -2.263   0.414
GLU01B4942_002   2.677  -2.263   0.414
GLU02B4942_003   2.129  -2.358  -0.229
GLU02B4942_004   2.129  -2.358  -0.229
GLU-1B4942_005   2.063  -2.317  -0.254
LEU01B4943_001   1.945  -2.782  -0.837
ARG01B4944_001   2.203  -9.156  -6.954
ARG02B4944_002   2.164  -9.156  -6.992
ARG03B4944_003   2.162  -9.156  -6.994
ARG+1B4944_004   2.118  -9.156  -7.039
ASP01B4945_001   0.390  -2.479  -2.089
ASP01B4945_002   0.390  -2.479  -2.089
ASP02B4945_003   0.424  -2.331  -1.906
ASP02B4945_004   0.424  -2.331  -1.906
ASP-1B4945_005   0.329  -2.377  -2.048
GLN01B4946_001   4.858  -0.674   4.184
GLN01B4947_001   1.649  -1.846  -0.197
GLN01B4947_002   2.239  -1.758   0.481
GLU01B4948_001   3.412  -2.296   1.115
GLU01B4948_002   3.412  -2.296   1.115
GLU02B4948_003   2.721  -2.336   0.385
GLU02B4948_004   2.721  -2.336   0.385
GLU-1B4948_005   2.652  -2.295   0.357
GLN01B4949_001   1.794  -2.442  -0.649
GLN01B4949_002   2.429  -2.378   0.050
VAL01B4950_001   0.590  -0.824  -0.234
LYS01B4951_001   1.219  -7.533  -6.313
LYS+1B4951_002   1.171  -7.533  -6.361
GLU01B4952_001   1.923  -2.243  -0.321
GLU01B4952_002   1.923  -2.243  -0.321
GLU02B4952_003   1.570  -2.183  -0.613
GLU02B4952_004   1.570  -2.183  -0.613
GLU-1B4952_005   1.485  -2.089  -0.604
ASP01B4953_001   0.440  -0.686  -0.247
ASP01B4953_002   0.440  -0.686  -0.247
ASP02B4953_003   0.430  -0.656  -0.227
ASP02B4953_004   0.430  -0.656  -0.227
ASP-1B4953_005   0.353  -0.655  -0.302
MET01B4954_001   0.051  -3.413  -3.362
GLU01B4955_001   0.499  -3.443  -2.944
GLU01B4955_002   0.499  -3.443  -2.944
GLU02B4955_003   0.666  -3.398  -2.732
GLU02B4955_004   0.666  -3.398  -2.732
GLU-1B4955_005   0.468  -3.342  -2.874
THR01B4956_001   0.239  -2.489  -2.250
THR01B4956_002   0.239  -2.489  -2.250
LYS01B4957_001   7.270  -3.060   4.211
LYS+1B4957_002   7.221  -3.060   4.161
CYS01B4958_001  -0.002  -0.071  -0.073
CYS01B4958_002  -0.002  -0.071  -0.073
CYS01B4958_003  -0.002  -0.071  -0.074
CYS-1B4958_004   0.000  -0.071  -0.071
PHE01B4959_001   5.902  -0.068   5.834
ILE01B4960_001   3.359   0.000   3.359
CYS01B4961_001  -0.002   0.000  -0.002
CYS01B4961_002  -0.002   0.000  -0.002
CYS01B4961_003  -0.003   0.000  -0.003
CYS-1B4961_004   0.000   0.000   0.000
ILE01B4963_001   3.917  -3.001   0.917
SER01B4965_001   0.000  -0.530  -0.530
SER01B4965_002   0.000  -0.530  -0.530
ASP01B4966_001   0.478  -3.238  -2.760
ASP01B4966_002   0.478  -3.238  -2.760
ASP02B4966_003   0.517  -3.268  -2.751
ASP02B4966_004   0.517  -3.268  -2.751
ASP-1B4966_005   0.408  -3.139  -2.732
TYR01B4967_001   5.427  -3.258   2.169
TYR01B4967_002   5.427  -3.258   2.169
TYR-1B4967_003   5.427  -3.258   2.169
PHE01B4968_001   6.469   0.000   6.469
ASP01B4969_001   0.234  -1.110  -0.876
ASP01B4969_002   0.234  -1.110  -0.876
ASP02B4969_003   0.331  -1.244  -0.913
ASP02B4969_004   0.331  -1.244  -0.913
ASP-1B4969_005   0.221  -1.098  -0.877
THR01B4970_001   0.273  -5.704  -5.430
THR01B4971_001   0.225  -4.332  -4.107
PRO01B4972_001   0.352  -6.938  -6.586
HIS01B4973_001  -0.135  -7.657  -7.792
HIS02B4973_002  -0.154  -7.657  -7.811
HIS+1B4973_003  -0.181  -7.657  -7.838
PHE01B4975_001   5.322  -1.821   3.502
GLU01B4976_001   4.348  -2.414   1.934
GLU01B4976_002   4.348  -2.414   1.934
GLU02B4976_003   3.523  -2.486   1.037
GLU02B4976_004   3.523  -2.486   1.037
GLU-1B4976_005   3.433  -2.360   1.073
THR01B4977_001   0.287  -2.809  -2.521
THR01B4977_002   0.287  -2.809  -2.521
THR01B4977_003   0.287  -2.809  -2.521
HIS01B4978_001  -0.178   0.000  -0.178
HIS02B4978_002  -0.196   0.000  -0.196
HIS+1B4978_003  -0.223   0.000  -0.223
THR01B4979_001   0.272  -1.371  -1.100
THR01B4979_002   0.272  -1.371  -1.100
THR01B4979_003   0.272  -1.371  -1.100
LEU01B4980_001   1.808  -6.107  -4.300
GLU01B4981_001   1.355  -1.494  -0.139
GLU01B4981_002   1.355  -1.494  -0.139
GLU02B4981_003   1.169  -1.494  -0.325
GLU02B4981_004   1.169  -1.494  -0.325
GLU-1B4981_005   1.056  -1.499  -0.442
GLU01B4982_001   2.613  -0.207   2.406
GLU01B4982_002   2.613  -0.207   2.406
GLU02B4982_003   2.149  -0.217   1.931
GLU02B4982_004   2.149  -0.217   1.931
GLU-1B4982_005   2.056  -0.207   1.850
HIS01B4983_001  -0.261   0.000  -0.261
HIS02B4983_002  -0.281   0.000  -0.281
HIS+1B4983_003  -0.308   0.000  -0.308
ASN01B4984_001   0.483  -0.591  -0.107
ASN01B4984_002   0.538  -0.561  -0.024
LEU01B4985_001   4.546  -2.060   2.486
ALA01B4986_001   0.000  -1.201  -1.201
ASN01B4987_001   0.264  -0.473  -0.208
ASN01B4987_002   0.459  -0.423   0.035
TYR01B4988_001   5.127  -0.152   4.976
TYR-1B4988_002   5.127  -0.152   4.976
MET01B4989_001  -0.012  -0.103  -0.115
PHE01B4990_001   5.369  -0.152   5.217
PHE01B4991_001   5.886  -0.320   5.566
LEU01B4992_001   3.198  -0.309   2.889
MET01B4993_001   0.360  -0.676  -0.315
TYR01B4994_001   5.334  -2.259   3.074
TYR01B4994_002   5.334  -2.259   3.074
TYR-1B4994_003   5.334  -2.259   3.074
LEU01B4995_001   1.272  -0.119   1.153
ILE01B4996_001   4.543  -2.711   1.832
ASN01B4997_001   0.371  -1.737  -1.366
ASN01B4997_002   0.152  -1.908  -1.757
LYS01B4998_001   0.812  -2.400  -1.588
LYS+1B4998_002   0.769  -2.400  -1.631
ASP01B4999_001   0.173  -2.520  -2.347
ASP01B4999_002   0.173  -2.520  -2.347
ASP02B4999_003   0.255  -2.468  -2.212
ASP02B4999_004   0.255  -2.468  -2.212
ASP-1B4999_005   0.161  -2.446  -2.286
GLU01B5000_001   1.964  -2.969  -1.005
GLU01B5000_002   1.964  -2.969  -1.005
GLU02B5000_003   1.542  -2.783  -1.242
GLU02B5000_004   1.542  -2.783  -1.242
GLU-1B5000_005   1.486  -2.877  -1.390
THR01B5001_001   0.166  -2.820  -2.654
GLU01B5002_001   1.884  -1.906  -0.022
GLU01B5002_002   1.884  -1.906  -0.022
GLU02B5002_003   1.605  -1.953  -0.348
GLU02B5002_004   1.605  -1.953  -0.348
GLU-1B5002_005   1.483  -1.985  -0.503
HIS01B5003_001  -0.209  -0.229  -0.437
HIS01B5003_002  -0.167  -0.257  -0.424
HIS02B5003_003  -0.225  -0.229  -0.454
HIS02B5003_004  -0.181  -0.257  -0.438
HIS+1B5003_005  -0.253  -0.229  -0.481
HIS+1B5003_006  -0.208  -0.257  -0.465
THR01B5004_001   0.240  -2.031  -1.790
THR01B5004_002   0.240  -2.031  -1.790
THR01B5004_003   0.240  -2.031  -1.790
GLN01B5006_001   2.124  -0.295   1.829
GLU01B5007_001   2.703  -0.417   2.286
GLU01B5007_002   2.703  -0.417   2.286
GLU02B5007_003   2.156  -0.504   1.653
GLU02B5007_004   2.156  -0.504   1.653
GLU-1B5007_005   2.090  -0.448   1.642
SER01B5008_001   0.000  -1.902  -1.902
TYR01B5009_001   5.989  -2.305   3.684
TYR01B5009_002   5.989  -2.305   3.684
TYR-1B5009_003   5.989  -2.305   3.684
VAL01B5010_001   0.601  -0.103   0.498
TRP01B5011_001   3.674  -2.233   1.441
LYS01B5012_001   2.118  -7.246  -5.129
LYS+1B5012_002   2.032  -7.246  -5.215
MET01B5013_001   0.149  -1.759  -1.610
TYR01B5014_001   4.214  -0.304   3.910
TYR01B5014_002   4.214  -0.304   3.910
TYR-1B5014_003   4.214  -0.304   3.910
GLN01B5015_001   1.084  -1.542  -0.458
GLU01B5016_001   1.088  -2.799  -1.711
GLU01B5016_002   1.088  -2.799  -1.711
GLU02B5016_003   0.985  -2.850  -1.866
GLU02B5016_004   0.985  -2.850  -1.866
GLU-1B5016_005   0.858  -2.743  -1.885
ARG01B5017_001   3.481  -1.659   1.822
ARG02B5017_002   3.405  -1.659   1.746
ARG03B5017_003   3.404  -1.659   1.746
ARG+1B5017_004   3.360  -1.659   1.701
CYS01B5018_001  -0.002  -1.526  -1.528
CYS01B5018_002  -0.002  -1.526  -1.528
CYS01B5018_003  -0.002  -1.526  -1.528
CYS-1B5018_004   0.000  -1.526  -1.526
TRP01B5019_001   3.443  -0.745   2.698
ASP01B5020_001   0.535  -2.810  -2.276
ASP01B5020_002   0.535  -2.810  -2.276
ASP02B5020_003   0.589  -2.706  -2.117
ASP02B5020_004   0.589  -2.706  -2.117
ASP-1B5020_005   0.463  -2.756  -2.293
PHE01B5021_001   6.079  -0.253   5.826
PHE01B5022_001   5.491  -0.205   5.286
PRO01B5023_001   0.400   0.000   0.400
ALA01B5024_001   0.000  -2.881  -2.881
ASP01B5026_001   0.189  -0.874  -0.685
ASP01B5026_002   0.189  -0.874  -0.685
ASP02B5026_003   0.294  -0.972  -0.679
ASP02B5026_004   0.294  -0.972  -0.679
ASP-1B5026_005   0.186  -0.874  -0.688
CYS01B5027_001  -0.002   0.000  -0.002
CYS01B5027_002  -0.002   0.000  -0.002
CYS01B5027_003  -0.003   0.000  -0.003
CYS-1B5027_004   0.000   0.000   0.000
PHE01B5028_001   5.190  -0.893   4.297
ARG01B5029_001   2.662  -3.968  -1.306
ARG02B5029_002   2.583  -3.968  -1.385
ARG03B5029_003   2.649  -3.968  -1.320
ARG+1B5029_004   2.544  -3.968  -1.424
LYS01B5030_001   3.208  -4.168  -0.960
LYS+1B5030_002   3.122  -4.168  -1.047
GLN01B5031_001   0.671  -1.275  -0.604
GLN01B5031_002   0.604  -1.481  -0.877
TYR01B5032_001   4.589  -0.881   3.708
TYR01B5032_002   4.589  -0.881   3.708
TYR-1B5032_003   4.589  -0.881   3.708
GLU01B5033_001   4.551  -2.125   2.425
GLU01B5033_002   4.551  -2.125   2.425
GLU02B5033_003   3.630  -2.158   1.472
GLU02B5033_004   3.630  -2.158   1.472
GLU-1B5033_005   3.566  -2.140   1.425
ASP01B5034_001  -0.040  -2.862  -2.902
ASP01B5034_002  -0.040  -2.862  -2.902
ASP02B5034_003  -0.009  -3.001  -3.010
ASP02B5034_004  -0.009  -3.001  -3.010
ASP-1B5034_005  -0.041  -2.906  -2.947
GLN01B5035_001   0.736  -1.704  -0.968
LEU01B5036_001   1.719  -2.608  -0.889
SER01B5037_001   0.000  -3.626  -3.626
SER01B5037_002   0.000  -3.626  -3.626
CTR01B5037_001  -0.021  -3.022  -3.043
CTR01B5037_002   0.105  -3.215  -3.110
CTR02B5037_003  -0.022  -3.041  -3.063
CTR02B5037_004   0.040  -3.060  -3.020
CTR-1B5037_005   0.000  -3.002  -3.002
_ZN+2B5101_001   0.000   0.000   0.000
_CA+2B5102_001   0.000  -0.406  -0.406
