CONFORMER         crg  vdw0  vdw1  tors  epol  self   occ  Hb     history    ASA
NTR01B3639_001  0.000 -3.26  0.02  0.00  0.00 -3.24 1.000  00  01O000M000  0.322
NTR+1B3639_002  1.000 -3.26 -0.04  0.00  0.00 -3.30 1.000  00  +1O000M000  0.322
THR01B3639_001  0.000 -4.36 -0.20  0.38  0.00 -4.18 0.664  00  01O000M000  0.456
PRO01B3640_001  0.000 -2.87 -2.04  0.00  0.00 -4.91 1.000  00  01O000M000  0.322
LEU01B3641_001  0.000 -7.59  0.13  0.45  0.00 -7.01 1.000  00  01O000M000  0.800
TYR01B3642_001  0.000 -5.80 -2.04  0.01  0.00 -7.83 1.000  00  01O000M000  0.713
TYR-1B3642_002 -1.000 -5.80 -2.04  0.01  0.00 -7.83 1.000  00  -1O000M000  0.713
ASN01B3643_001  0.000 -1.85 -0.15  0.66  0.00 -1.34 0.749  00  01O000M000  0.509
ASN01B3643_002  0.000 -1.82  2.01  0.72  0.00  0.91 0.751  00  01R001M000  0.441
LEU01B3644_001  0.000 -0.63 -5.05  0.66  0.00 -5.03 1.000  00  01O000M000  0.203
PRO01B3645_001  0.000 -2.97 -0.09  0.00  0.00 -3.06 1.000  00  01O000M000  0.341
THR01B3646_001  0.000 -6.84 -0.70  0.39  0.00 -7.15 0.663  00  01O000M000  0.839
THR01B3646_002  0.000 -6.84 -0.70  0.01  0.00 -7.53 0.663  00  01O000M000  0.839
HIS01B3647_001  0.000 -8.94 -2.94  0.15  0.00-11.73 0.742  00  01O000M000  0.752
HIS01B3647_002  0.000 -8.80 -2.95  0.15  0.00-11.60 0.758  00  01R001M000  0.755
HIS02B3647_003  0.000 -8.96 -3.00  0.15  0.00-11.81 0.742  00  02O000M000  0.752
HIS02B3647_004  0.000 -8.81 -2.98  0.15  0.00-11.65 0.758  00  02R001M000  0.755
HIS+1B3647_005  1.000 -8.99 -3.01  0.15  0.00-11.85 0.742  00  +1O000M000  0.752
HIS+1B3647_006  1.000 -8.84 -3.00  0.15  0.00-11.69 0.758  00  +1R001M000  0.755
ARG01B3648_001  0.000 -4.69 -1.07  0.40  0.00 -5.36 1.000  00  01O000M000  0.521
ARG02B3648_002  0.000 -4.71 -1.08  0.40  0.00 -5.39 1.000  00  02O000M000  0.521
ARG03B3648_003  0.000 -4.70 -1.08  0.40  0.00 -5.38 1.000  00  03O000M000  0.521
ARG+1B3648_004  1.000 -4.75 -1.08  0.40  0.00 -5.43 1.000  00  +1O000M000  0.521
ALA01B3649_001  0.000 -0.94  0.86  0.00  0.00 -0.08 1.000  00  01O000M000  0.170
CYS01B3650_001  0.000 -3.84 -2.33  0.10  0.00 -6.07 1.000  00  01O000M000  0.540
CYS01B3650_002  0.000 -3.84 -2.30  0.10  0.00 -6.04 1.000  00  01O000M000  0.540
CYS01B3650_003  0.000 -3.84 -2.28  0.10  0.00 -6.02 1.000  00  01O000M000  0.540
CYS-1B3650_004 -1.000 -3.84 -2.27  0.10  0.00 -6.01 1.000  00  -1O000M000  0.540
ASN01B3651_001  0.000 -2.19 -2.66  0.78  0.00 -4.07 0.755  00  01O000M000  0.587
ASN01B3651_002  0.000 -2.53 -2.16  0.82  0.00 -3.86 0.745  00  01R001M000  0.589
MET01B3652_001  0.000 -5.49 -0.83  0.40  0.00 -5.92 1.000  00  01O000M000  0.561
PHE01B3653_001  0.000 -3.83 -3.41  0.16  0.00 -7.07 1.000  00  01O000M000  0.608
LEU01B3654_001  0.000 -4.59 -1.38  0.67  0.00 -5.30 1.000  00  01O000M000  0.596
GLU01B3655_001  0.000 -1.79 -1.26  3.09  0.00  0.04 1.000  00  01O000M000  0.731
GLU01B3655_002  0.000 -1.79 -1.26  0.37  0.00 -2.68 1.000  00  01O000M000  0.731
GLU02B3655_003  0.000 -2.18 -1.35  3.09  0.00 -0.44 1.000  00  02O000M000  0.739
GLU02B3655_004  0.000 -2.18 -1.35  0.37  0.00 -3.16 1.000  00  02O000M000  0.739
GLU-1B3655_005 -1.000 -2.12 -1.31  0.37  0.00 -3.06 1.000  00  -1O000M000  0.719
SER01B3656_001  0.000 -3.32  6.19  0.47  0.00  3.35 0.666  00  01O000M000  0.585
TYR01B3657_001  0.000 -0.60 -4.86  0.08  0.00 -5.38 1.000  00  01O000M000  0.412
TYR01B3657_002  0.000 -0.60 -4.86  0.08  0.00 -5.38 1.000  00  01O000M000  0.412
TYR-1B3657_003 -1.000 -0.60 -4.86  0.08  0.00 -5.38 1.000  00  -1O000M000  0.412
LYS01B3658_001  0.000 -5.95 -1.86  1.12  0.00 -6.68 1.000  00  01O000M000  0.669
LYS+1B3658_002  1.000 -5.99 -1.86  1.12  0.00 -6.73 1.000  00  +1O000M000  0.669
ALA01B3659_001  0.000 -4.98 -0.50  0.00  0.00 -5.47 1.000  00  01O000M000  0.898
ALA01B3660_001  0.000 -2.63  0.89  0.00  0.00 -1.74 1.000  00  01O000M000  0.505
TRP01B3661_001  0.000 -1.24  3.49  0.85  0.00  3.10 1.000  00  01O000M000  0.266
ILE01B3662_001  0.000 -8.04  1.49  1.00  0.00 -5.54 1.000  00  01O000M000  0.832
LEU01B3663_001  0.000 -3.30 13.72  1.99  0.00 12.41 1.000  00  01O000M000  0.479
THR01B3664_001  0.000 -4.89 -1.57  0.45  0.00 -6.00 0.673  00  01O000M000  0.590
GLU01B3665_001  0.000 -2.33 -0.79  3.42  0.00  0.29 1.000  00  01O000M000  0.836
GLU01B3665_002  0.000 -2.33 -0.79  0.70  0.00 -2.43 1.000  00  01O000M000  0.836
GLU02B3665_003  0.000 -2.38 -0.82  3.42  0.00  0.22 1.000  00  02O000M000  0.803
GLU02B3665_004  0.000 -2.38 -0.82  0.70  0.00 -2.50 1.000  00  02O000M000  0.803
GLU-1B3665_005 -1.000 -2.46 -0.77  0.70  0.00 -2.52 1.000  00  -1O000M000  0.820
ASP01B3666_001  0.000 -1.23 -1.68  4.03  0.00  1.13 1.000  00  01O000M000  0.381
ASP01B3666_002  0.000 -1.23 -1.68  1.31  0.00 -1.59 1.000  00  01O000M000  0.381
ASP02B3666_003  0.000 -1.08 -1.61  4.03  0.00  1.35 1.000  00  02O000M000  0.362
ASP02B3666_004  0.000 -1.08 -1.61  1.31  0.00 -1.37 1.000  00  02O000M000  0.362
ASP-1B3666_005 -1.000 -1.17 -1.68  1.31  0.00 -1.54 1.000  00  -1O000M000  0.366
HIS01B3667_001  0.000 -5.01 -1.46  0.18  0.00 -6.29 0.752  00  01O000M000  0.437
HIS01B3667_002  0.000 -5.08 -1.45  0.18  0.00 -6.35 0.748  00  01R001M000  0.446
HIS02B3667_003  0.000 -5.03 -1.52  0.18  0.00 -6.37 0.752  00  02O000M000  0.437
HIS02B3667_004  0.000 -5.09 -1.45  0.18  0.00 -6.37 0.748  00  02R001M000  0.446
HIS+1B3667_005  1.000 -5.06 -1.53  0.18  0.00 -6.41 0.752  00  +1O000M000  0.437
HIS+1B3667_006  1.000 -5.12 -1.47  0.18  0.00 -6.41 0.748  00  +1R001M000  0.446
SER01B3668_001  0.000 -3.49 -0.15  0.47  0.00 -3.17 0.659  00  01O000M000  0.551
SER01B3668_002  0.000 -3.49 -0.15  0.10  0.00 -3.54 0.659  00  01O000M000  0.551
PHE01B3669_001  0.000 -4.42 -1.86  0.01  0.00 -6.27 1.000  00  01O000M000  0.660
GLU01B3670_001  0.000  0.52 11.28  3.88  0.00 15.68 1.000  00  01O000M000  0.166
GLU01B3670_002  0.000  0.52 11.28  1.16  0.00 12.96 1.000  00  01O000M000  0.166
GLU02B3670_003  0.000  0.26  7.59  3.88  0.00 11.73 1.000  00  02O000M000  0.180
GLU02B3670_004  0.000  0.26  7.59  1.16  0.00  9.01 1.000  00  02O000M000  0.180
GLU-1B3670_005 -1.000  0.24  7.58  1.16  0.00  8.98 1.000  00  -1O000M000  0.169
ASP01B3671_001  0.000 -2.01  2.15  3.22  0.00  3.36 1.000  00  01O000M000  0.486
ASP01B3671_002  0.000 -2.01  2.15  0.50  0.00  0.64 1.000  00  01O000M000  0.486
ASP02B3671_003  0.000 -2.02  1.45  3.22  0.00  2.66 1.000  00  02O000M000  0.500
ASP02B3671_004  0.000 -2.02  1.45  0.50  0.00 -0.06 1.000  00  02O000M000  0.500
ASP-1B3671_005 -1.000 -2.01  1.49  0.50  0.00 -0.02 1.000  00  -1O000M000  0.499
ARG01B3672_001  0.000 -2.85 -2.54  0.50  0.00 -4.89 1.000  00  01O000M000  0.741
ARG02B3672_002  0.000 -2.82 -2.59  0.50  0.00 -4.91 1.000  00  02O000M000  0.741
ARG03B3672_003  0.000 -2.91 -2.58  0.50  0.00 -4.99 1.000  00  03O000M000  0.741
ARG+1B3672_004  1.000 -2.96 -2.59  0.50  0.00 -5.05 1.000  00  +1O000M000  0.741
CTR01B3672_001  0.000 -4.01 -0.70  2.72  0.00 -1.99 1.000  00  01O000M000  0.386
CTR01B3672_002  0.000 -3.92 -0.98  0.00  0.00 -4.90 1.000  00  01O000M000  0.385
CTR02B3672_003  0.000 -3.91 -1.09  2.72  0.00 -2.28 1.000  00  02O000M000  0.369
CTR02B3672_004  0.000 -3.95 -1.01  0.00  0.00 -4.96 1.000  00  02O000M000  0.383
CTR-1B3672_005 -1.000 -3.89 -0.91  0.00  0.00 -4.80 1.000  00  -1O000M000  0.377
NTR01B3679_001  0.000 -2.98 -0.21  0.00  0.00 -3.20 1.000  00  01O000M000  0.299
NTR+1B3679_002  1.000 -2.99 -0.29  0.00  0.00 -3.28 1.000  00  +1O000M000  0.299
LYS01B3679_001  0.000 -7.92 -0.76  1.01  0.00 -7.67 1.000  00  01O000M000  0.732
LYS+1B3679_002  1.000 -7.99 -0.80  1.01  0.00 -7.78 1.000  00  +1O000M000  0.732
ALA01B3680_001  0.000 -5.15 -0.24  0.00  0.00 -5.38 1.000  00  01O000M000  0.943
GLU01B3682_001  0.000 -3.25 92.56  3.22  0.00 92.53 1.000  00  01O000M000  0.802
GLU01B3682_002  0.000 -3.25 92.56  0.50  0.00 89.81 1.000  00  01O000M000  0.802
GLU02B3682_003  0.000 -3.07 92.56  3.22  0.00 92.71 1.000  00  02O000M000  0.808
GLU02B3682_004  0.000 -3.07 92.56  0.50  0.00 89.99 1.000  00  02O000M000  0.808
GLU-1B3682_005 -1.000 -3.22 92.58  0.50  0.00 89.86 1.000  00  -1O000M000  0.798
GLN01B3683_001  0.000 -1.09999.00  1.70  0.00999.00 1.000  00  01O000M000  0.282
GLU01B3684_001  0.000 -3.45 34.62  3.22  0.00 34.39 1.000  00  01O000M000  0.846
GLU01B3684_002  0.000 -3.45 34.62  0.50  0.00 31.67 1.000  00  01O000M000  0.846
GLU02B3684_003  0.000 -3.38 34.62  3.22  0.00 34.46 1.000  00  02O000M000  0.860
GLU02B3684_004  0.000 -3.38 34.62  0.50  0.00 31.74 1.000  00  02O000M000  0.860
GLU-1B3684_005 -1.000 -3.43 34.64  0.50  0.00 31.71 1.000  00  -1O000M000  0.853
GLU01B3685_001  0.000 -3.70  0.23  3.22  0.00 -0.25 1.000  00  01O000M000  0.902
GLU01B3685_002  0.000 -3.70  0.23  0.50  0.00 -2.97 1.000  00  01O000M000  0.902
GLU02B3685_003  0.000 -3.52  0.23  3.22  0.00 -0.07 1.000  00  02O000M000  0.900
GLU02B3685_004  0.000 -3.52  0.23  0.50  0.00 -2.79 1.000  00  02O000M000  0.900
GLU-1B3685_005 -1.000 -3.66  0.25  0.50  0.00 -2.91 1.000  00  -1O000M000  0.900
GLU01B3686_001  0.000 -3.29  4.06  3.22  0.00  3.99 1.000  00  01O000M000  0.824
GLU01B3686_002  0.000 -3.29  4.06  0.50  0.00  1.27 1.000  00  01O000M000  0.824
GLU02B3686_003  0.000 -3.16  4.06  3.22  0.00  4.12 1.000  00  02O000M000  0.808
GLU02B3686_004  0.000 -3.16  4.06  0.50  0.00  1.40 1.000  00  02O000M000  0.808
GLU-1B3686_005 -1.000 -3.35  4.08  0.50  0.00  1.23 1.000  00  -1O000M000  0.822
GLU01B3687_001  0.000 -1.89 -1.57  3.22  0.00 -0.24 1.000  00  01O000M000  0.523
GLU01B3687_002  0.000 -1.89 -1.57  0.50  0.00 -2.96 1.000  00  01O000M000  0.523
GLU02B3687_003  0.000 -1.83 -1.60  3.22  0.00 -0.21 1.000  00  02O000M000  0.529
GLU02B3687_004  0.000 -1.83 -1.60  0.50  0.00 -2.93 1.000  00  02O000M000  0.529
GLU-1B3687_005 -1.000 -1.91 -1.54  0.50  0.00 -2.95 1.000  00  -1O000M000  0.522
GLU01B3688_001  0.000 -3.76  0.65  3.22  0.00  0.11 1.000  00  01O000M000  0.916
GLU01B3688_002  0.000 -3.76  0.65  0.50  0.00 -2.61 1.000  00  01O000M000  0.916
GLU02B3688_003  0.000 -3.46  0.64  3.22  0.00  0.40 1.000  00  02O000M000  0.897
GLU02B3688_004  0.000 -3.46  0.64  0.50  0.00 -2.32 1.000  00  02O000M000  0.897
GLU-1B3688_005 -1.000 -3.58  0.67  0.50  0.00 -2.41 1.000  00  -1O000M000  0.912
GLU01B3689_001  0.000 -3.70 50.05  3.22  0.00 49.58 1.000  00  01O000M000  0.922
GLU01B3689_002  0.000 -3.70 50.05  0.50  0.00 46.86 1.000  00  01O000M000  0.922
GLU02B3689_003  0.000 -3.60 50.05  3.22  0.00 49.67 1.000  00  02O000M000  0.937
GLU02B3689_004  0.000 -3.60 50.05  0.50  0.00 46.95 1.000  00  02O000M000  0.937
GLU-1B3689_005 -1.000 -3.65 50.07  0.50  0.00 46.92 1.000  00  -1O000M000  0.921
VAL01B3690_001  0.000 -4.18 11.78  0.00  0.00  7.59 1.000  00  01O000M000  0.440
GLU01B3691_001  0.000 -3.97 -0.27  3.22  0.00 -1.02 1.000  00  01O000M000  0.902
GLU01B3691_002  0.000 -3.97 -0.27  0.50  0.00 -3.74 1.000  00  01O000M000  0.902
GLU02B3691_003  0.000 -3.76 -0.28  3.22  0.00 -0.81 1.000  00  02O000M000  0.887
GLU02B3691_004  0.000 -3.76 -0.28  0.50  0.00 -3.53 1.000  00  02O000M000  0.887
GLU-1B3691_005 -1.000 -3.75 -0.26  0.50  0.00 -3.51 1.000  00  -1O000M000  0.892
CTR01B3691_001  0.000 -3.94  0.03  2.72  0.00 -1.19 1.000  00  01O000M000  0.384
CTR01B3691_002  0.000 -3.96 -0.14  0.00  0.00 -4.09 1.000  00  01O000M000  0.398
CTR02B3691_003  0.000 -3.94  0.12  2.72  0.00 -1.11 1.000  00  02O000M000  0.380
CTR02B3691_004  0.000 -4.08 -0.16  0.00  0.00 -4.24 1.000  00  02O000M000  0.402
CTR-1B3691_005 -1.000 -3.92 -0.09  0.00  0.00 -4.01 1.000  00  -1O000M000  0.389
NTR01B3720_001  0.000 -3.80  0.00  0.00  0.00 -3.80 1.000  00  01O000M000  0.380
NTR01B3720_002  0.000 -3.69  0.00  0.00  0.00 -3.69 1.000  00  01O000M000  0.376
NTR+1B3720_003  1.000 -3.69  0.00  0.00  0.00 -3.69 1.000  00  +1O000M000  0.376
CTR01B3720_001  0.000 -5.26  0.00  2.72  0.00 -2.54 1.000  00  01O000M000  0.516
CTR01B3720_002  0.000 -5.19  0.00  0.00  0.00 -5.19 1.000  00  01O000M000  0.514
CTR02B3720_003  0.000 -5.36  0.00  2.72  0.00 -2.64 1.000  00  02O000M000  0.509
CTR02B3720_004  0.000 -5.19  0.00  0.00  0.00 -5.19 1.000  00  02O000M000  0.511
CTR-1B3720_005 -1.000 -5.18  0.00  0.00  0.00 -5.18 1.000  00  -1O000M000  0.509
TYR01B3720_001  0.000-10.53  0.00  0.08  0.00-10.46 1.000  00  01O000M000  0.784
TYR01B3720_002  0.000-10.53  0.00  0.08  0.00-10.46 1.000  00  01O000M000  0.784
TYR-1B3720_003 -1.000-10.53  0.00  0.08  0.00-10.46 1.000  00  -1O000M000  0.784
NTR01B3733_001  0.000 -1.27  1.24  0.00  0.00 -0.02 1.000  00  01O000M000  0.128
NTR+1B3733_002  1.000 -1.27  1.15  0.00  0.00 -0.12 1.000  00  +1O000M000  0.128
CYS01B3733_001  0.000 -6.92 -0.41  0.07  0.00 -7.26 1.000  00  01O000M000  0.805
CYS01B3733_002  0.000 -6.92 -0.41  0.07  0.00 -7.26 1.000  00  01O000M000  0.805
CYS01B3733_003  0.000 -6.92 -0.41  0.07  0.00 -7.25 1.000  00  01O000M000  0.805
CYS-1B3733_004 -1.000 -6.92 -0.41  0.07  0.00 -7.25 1.000  00  -1O000M000  0.805
HIS01B3734_001  0.000 -8.10  2.38  0.00  0.00 -5.72 1.000  00  01O000M000  0.651
HIS02B3734_002  0.000 -8.11  2.27  0.00  0.00 -5.83 1.000  00  02O000M000  0.651
HIS+1B3734_003  1.000 -8.13  2.27  0.00  0.00 -5.86 1.000  00  +1O000M000  0.651
LEU01B3735_001  0.000 -2.03999.00  2.94  0.00999.00 1.000  00  01O000M000  0.290
GLU01B3736_001  0.000 -0.18  4.63  3.22  0.00  7.66 1.000  00  01O000M000  0.144
GLU01B3736_002  0.000 -0.18  4.63  0.50  0.00  4.94 1.000  00  01O000M000  0.144
GLU02B3736_003  0.000  0.06  5.68  3.22  0.00  8.97 1.000  00  02O000M000  0.127
GLU02B3736_004  0.000  0.06  5.68  0.50  0.00  6.25 1.000  00  02O000M000  0.127
GLU-1B3736_005 -1.000 -0.21  4.72  0.50  0.00  5.02 1.000  00  -1O000M000  0.143
GLU01B3737_001  0.000 -2.75  5.35  3.22  0.00  5.82 1.000  00  01O000M000  0.709
GLU01B3737_002  0.000 -2.75  5.35  0.50  0.00  3.10 1.000  00  01O000M000  0.709
GLU02B3737_003  0.000 -2.68  5.33  3.22  0.00  5.87 1.000  00  02O000M000  0.718
GLU02B3737_004  0.000 -2.68  5.33  0.50  0.00  3.15 1.000  00  02O000M000  0.718
GLU-1B3737_005 -1.000 -2.79  5.38  0.50  0.00  3.09 1.000  00  -1O000M000  0.709
GLU01B3740_001  0.000 -0.82  0.48  3.22  0.00  2.88 1.000  00  01O000M000  0.284
GLU01B3740_002  0.000 -0.82  0.48  0.50  0.00  0.16 1.000  00  01O000M000  0.284
GLU02B3740_003  0.000 -0.68  0.45  3.22  0.00  2.99 1.000  00  02O000M000  0.292
GLU02B3740_004  0.000 -0.68  0.45  0.50  0.00  0.27 1.000  00  02O000M000  0.292
GLU-1B3740_005 -1.000 -0.83  0.52  0.50  0.00  0.19 1.000  00  -1O000M000  0.291
ASN01B3741_001  0.000 -3.10 -0.77  0.30  0.00 -3.57 1.000  00  01O000M000  0.603
CTR01B3741_001  0.000 -4.30  2.78  2.72  0.00  1.20 1.000  00  01O000M000  0.414
CTR01B3741_002  0.000 -4.29 -0.15  0.00  0.00 -4.44 1.000  00  01O000M000  0.426
CTR02B3741_003  0.000 -4.53 -0.06  2.72  0.00 -1.87 1.000  00  02O000M000  0.432
CTR02B3741_004  0.000 -4.31 -0.10  0.00  0.00 -4.41 1.000  00  02O000M000  0.424
CTR-1B3741_005 -1.000 -4.28 -0.06  0.00  0.00 -4.34 1.000  00  -1O000M000  0.420
NTR01B3747_001  0.000 -3.68  0.15  0.00  0.00 -3.53 1.000  00  01O000M000  0.366
NTR+1B3747_002  1.000 -3.68  0.08  0.00  0.00 -3.60 1.000  00  +1O000M000  0.366
GLU01B3747_001  0.000 -3.97  0.97  3.22  0.00  0.21 1.000  00  01O000M000  0.883
GLU01B3747_002  0.000 -3.97  0.97  0.50  0.00 -2.51 1.000  00  01O000M000  0.883
GLU02B3747_003  0.000 -3.75  0.97  3.22  0.00  0.44 1.000  00  02O000M000  0.873
GLU02B3747_004  0.000 -3.75  0.97  0.50  0.00 -2.28 1.000  00  02O000M000  0.873
GLU-1B3747_005 -1.000 -3.80  0.98  0.50  0.00 -2.32 1.000  00  -1O000M000  0.867
GLU01B3748_001  0.000 -3.05  1.51  3.22  0.00  1.67 1.000  00  01O000M000  0.766
GLU01B3748_002  0.000 -3.05  1.51  0.50  0.00 -1.05 1.000  00  01O000M000  0.766
GLU02B3748_003  0.000 -2.89  1.51  3.22  0.00  1.83 1.000  00  02O000M000  0.777
GLU02B3748_004  0.000 -2.89  1.51  0.50  0.00 -0.89 1.000  00  02O000M000  0.777
GLU-1B3748_005 -1.000 -2.98  1.53  0.50  0.00 -0.95 1.000  00  -1O000M000  0.772
VAL01B3749_001  0.000 -6.62  1.65  0.00  0.00 -4.98 1.000  00  01O000M000  0.721
GLU01B3750_001  0.000 -1.36 -1.76  3.39  0.00  0.27 1.000  00  01O000M000  0.648
GLU01B3750_002  0.000 -1.36 -1.76  0.67  0.00 -2.45 1.000  00  01O000M000  0.648
GLU02B3750_003  0.000 -1.62 -1.82  3.39  0.00 -0.05 1.000  00  02O000M000  0.629
GLU02B3750_004  0.000 -1.62 -1.82  0.67  0.00 -2.77 1.000  00  02O000M000  0.629
GLU-1B3750_005 -1.000 -1.73 -1.76  0.67  0.00 -2.83 1.000  00  -1O000M000  0.641
VAL01B3751_001  0.000 -2.48  3.05  0.17  0.00  0.73 1.000  00  01O000M000  0.310
SER01B3752_001  0.000 -2.81  1.78  0.57  0.00 -0.47 0.662  00  01O000M000  0.450
SER01B3752_002  0.000 -2.81  1.78  0.57  0.00 -0.47 0.662  00  01O000M000  0.450
SER01B3752_003  0.000 -2.81  1.78  0.19  0.00 -0.84 0.662  00  01O000M000  0.450
PHE01B3753_001  0.000 -6.04 -1.99  0.03  0.00 -7.99 1.000  00  01O000M000  0.763
GLU01B3754_001  0.000 -0.32 -0.71  3.28  0.00  2.25 1.000  00  01O000M000  0.567
GLU01B3754_002  0.000 -0.32 -0.71  0.56  0.00 -0.47 1.000  00  01O000M000  0.567
GLU02B3754_003  0.000 -0.78 -0.78  3.28  0.00  1.72 1.000  00  02O000M000  0.575
GLU02B3754_004  0.000 -0.78 -0.78  0.56  0.00 -1.00 1.000  00  02O000M000  0.575
GLU-1B3754_005 -1.000 -0.82 -0.75  0.56  0.00 -1.00 1.000  00  -1O000M000  0.571
GLU01B3755_001  0.000  0.48 -2.60  3.13  0.00  1.01 1.000  00  01O000M000  0.216
GLU01B3755_002  0.000  0.48 -2.60  0.41  0.00 -1.71 1.000  00  01O000M000  0.216
GLU02B3755_003  0.000  0.20 -2.73  3.13  0.00  0.60 1.000  00  02O000M000  0.229
GLU02B3755_004  0.000  0.20 -2.73  0.41  0.00 -2.12 1.000  00  02O000M000  0.229
GLU-1B3755_005 -1.000  0.16 -2.65  0.41  0.00 -2.08 1.000  00  -1O000M000  0.221
LYS01B3756_001  0.000 -7.27 -0.90  1.13  0.00 -7.04 1.000  00  01O000M000  0.694
LYS+1B3756_002  1.000 -7.34 -0.90  1.13  0.00 -7.11 1.000  00  +1O000M000  0.694
GLU01B3757_001  0.000  1.16 -2.26  3.62  0.00  2.52 1.000  00  01O000M000  0.504
GLU01B3757_002  0.000  1.16 -2.26  0.90  0.00 -0.20 1.000  00  01O000M000  0.504
GLU02B3757_003  0.000  0.38 -2.25  3.62  0.00  1.75 1.000  00  02O000M000  0.520
GLU02B3757_004  0.000  0.38 -2.25  0.90  0.00 -0.97 1.000  00  02O000M000  0.520
GLU-1B3757_005 -1.000  0.43 -2.23  0.90  0.00 -0.91 1.000  00  -1O000M000  0.515
MET01B3758_001  0.000 -1.56  7.50  1.09  0.00  7.03 1.000  00  01O000M000  0.176
GLU01B3759_001  0.000  3.17  0.78  3.38  0.00  7.33 1.000  00  01O000M000  0.236
GLU01B3759_002  0.000  3.17  0.78  0.66  0.00  4.61 1.000  00  01O000M000  0.236
GLU02B3759_003  0.000  2.41  0.78  3.38  0.00  6.57 1.000  00  02O000M000  0.231
GLU02B3759_004  0.000  2.41  0.78  0.66  0.00  3.85 1.000  00  02O000M000  0.231
GLU-1B3759_005 -1.000  2.36  0.85  0.66  0.00  3.87 1.000  00  -1O000M000  0.220
LYS01B3760_001  0.000 -7.36 -3.09  1.74  0.00 -8.71 1.000  00  01O000M000  0.707
LYS+1B3760_002  1.000 -7.41 -3.09  1.74  0.00 -8.76 1.000  00  +1O000M000  0.707
GLN01B3761_001  0.000 -2.11 -1.42  1.53  0.00 -1.99 0.751  00  01O000M000  0.568
GLN01B3761_002  0.000 -2.11 -1.17  1.50  0.00 -1.79 0.749  00  01R001M000  0.545
ARG01B3762_001  0.000  1.88 96.34  0.47  0.00 98.69 1.000  00  01O000M000  0.129
ARG02B3762_002  0.000  1.86 96.25  0.47  0.00 98.59 1.000  00  02O000M000  0.129
ARG03B3762_003  0.000  1.87 96.19  0.47  0.00 98.53 1.000  00  03O000M000  0.129
ARG03B3762_004  0.000  1.97 96.21  0.47  0.00 98.65 1.000  00  03O000M000  0.129
ARG+1B3762_005  1.000  1.82 96.18  0.47  0.00 98.47 1.000  00  +1O000M000  0.129
CTR01B3762_001  0.000 -1.70 -2.38  2.72  0.00 -1.36 1.000  00  01O000M000  0.161
CTR01B3762_002  0.000 -1.63 -2.76  0.00  0.00 -4.40 1.000  00  01O000M000  0.168
CTR02B3762_003  0.000 -1.70 -2.42  2.72  0.00 -1.41 1.000  00  02O000M000  0.161
CTR02B3762_004  0.000 -1.68 -2.68  0.00  0.00 -4.36 1.000  00  02O000M000  0.167
CTR-1B3762_005 -1.000 -1.68 -2.55  0.00  0.00 -4.23 1.000  00  -1O000M000  0.164
NTR01B3814_001  0.000 -3.78  0.00  0.00  0.00 -3.78 1.000  00  01O000M000  0.382
NTR+1B3814_002  1.000 -3.79  0.00  0.00  0.00 -3.79 1.000  00  +1O000M000  0.382
CTR01B3814_001  0.000 -5.39  0.00  2.72  0.00 -2.67 1.000  00  01O000M000  0.512
CTR01B3814_002  0.000 -5.46  0.00  0.00  0.00 -5.46 1.000  00  01O000M000  0.526
CTR02B3814_003  0.000 -5.35  0.00  2.72  0.00 -2.63 1.000  00  02O000M000  0.512
CTR02B3814_004  0.000 -5.50  0.00  0.00  0.00 -5.50 1.000  00  02O000M000  0.526
CTR-1B3814_005 -1.000 -5.27  0.00  0.00  0.00 -5.27 1.000  00  -1O000M000  0.513
GLN01B3814_001  0.000 -3.94  0.00  1.13  0.00 -2.81 0.744  00  01O000M000  0.831
GLN01B3814_002  0.000 -4.09  0.00  1.10  0.00 -2.99 0.756  00  01R001M000  0.829
NTR01B3845_001  0.000 -1.80 -0.49  0.00  0.00 -2.29 1.000  00  01O000M000  0.182
NTR+1B3845_002  1.000 -1.80 -0.58  0.00  0.00 -2.38 1.000  00  +1O000M000  0.182
ASN01B3845_001  0.000 -3.81 -0.63  0.94  0.00 -3.50 0.745  00  01O000M000  0.833
ASN01B3845_002  0.000 -3.62 -0.61  0.92  0.00 -3.32 0.755  00  01R001M000  0.837
ALA01B3846_001  0.000 -2.85 -0.74  0.00  0.00 -3.59 1.000  00  01O000M000  0.517
PHE01B3847_001  0.000 -3.26 -2.79  0.00  0.00 -6.05 1.000  00  01O000M000  0.573
GLU01B3848_001  0.000 -1.23 -1.61  3.14  0.00  0.30 1.000  00  01O000M000  0.554
GLU01B3848_002  0.000 -1.23 -1.61  0.42  0.00 -2.42 1.000  00  01O000M000  0.554
GLU02B3848_003  0.000 -1.37 -1.67  3.14  0.00  0.10 1.000  00  02O000M000  0.538
GLU02B3848_004  0.000 -1.37 -1.67  0.42  0.00 -2.62 1.000  00  02O000M000  0.538
GLU-1B3848_005 -1.000 -1.41 -1.63  0.42  0.00 -2.62 1.000  00  -1O000M000  0.539
ARG01B3849_001  0.000 -7.31  4.69  0.60  0.00 -2.02 1.000  00  01O000M000  0.665
ARG02B3849_002  0.000 -7.24  4.68  0.60  0.00 -1.96 1.000  00  02O000M000  0.665
ARG03B3849_003  0.000 -7.33  4.67  0.60  0.00 -2.05 1.000  00  03O000M000  0.665
ARG+1B3849_004  1.000 -7.37  4.67  0.60  0.00 -2.10 1.000  00  +1O000M000  0.665
GLN01B3850_001  0.000  1.79 -4.82  0.23  0.00 -2.79 1.000  00  01O000M000  0.096
ASN01B3851_001  0.000 -1.57  0.07  0.86  0.00 -0.65 0.746  00  01O000M000  0.394
ASN01B3851_002  0.000 -1.83  1.79  0.86  0.00  0.81 0.754  00  01R001M000  0.396
LYS01B3852_001  0.000 -8.23 -2.27  0.89  0.00 -9.61 1.000  00  01O000M000  0.746
LYS+1B3852_002  1.000 -8.28 -2.27  0.89  0.00 -9.66 1.000  00  +1O000M000  0.746
ALA01B3853_001  0.000 -1.10  0.14  0.00  0.00 -0.96 1.000  00  01O000M000  0.197
GLU01B3854_001  0.000 -2.96  0.21  3.22  0.00  0.47 1.000  00  01O000M000  0.743
GLU01B3854_002  0.000 -2.96  0.21  0.50  0.00 -2.25 1.000  00  01O000M000  0.743
GLU02B3854_003  0.000 -2.71  0.19  3.22  0.00  0.70 1.000  00  02O000M000  0.723
GLU02B3854_004  0.000 -2.71  0.19  0.50  0.00 -2.02 1.000  00  02O000M000  0.723
GLU-1B3854_005 -1.000 -2.85  0.24  0.50  0.00 -2.11 1.000  00  -1O000M000  0.724
LEU01B3856_001  0.000 -6.07 -0.14  0.43  0.00 -5.78 1.000  00  01O000M000  0.657
MET01B3858_001  0.000 -8.83303.15  0.00  0.00294.32 1.000  00  01O000M000  0.763
VAL01B3859_001  0.000 -2.14885.41  0.00  0.00883.26 1.000  00  01O000M000  0.256
ASN01B3860_001  0.000 -3.04  4.36  0.30  0.00  1.62 1.000  00  01O000M000  0.647
GLU01B3861_001  0.000 -2.12  0.51  3.22  0.00  1.61 1.000  00  01O000M000  0.548
GLU01B3861_002  0.000 -2.12  0.51  0.50  0.00 -1.11 1.000  00  01O000M000  0.548
GLU02B3861_003  0.000 -1.99  0.50  3.22  0.00  1.73 1.000  00  02O000M000  0.568
GLU02B3861_004  0.000 -1.99  0.50  0.50  0.00 -0.99 1.000  00  02O000M000  0.568
GLU-1B3861_005 -1.000 -2.16  0.52  0.50  0.00 -1.14 1.000  00  -1O000M000  0.566
ASP01B3862_001  0.000 -2.20531.86  2.97  0.00532.63 1.000  00  01O000M000  0.487
ASP01B3862_002  0.000 -2.20531.86  0.25  0.00529.91 1.000  00  01O000M000  0.487
ASP02B3862_003  0.000 -2.09429.14  2.97  0.00430.01 1.000  00  02O000M000  0.479
ASP02B3862_004  0.000 -2.09429.14  0.25  0.00427.29 1.000  00  02O000M000  0.479
ASP-1B3862_005 -1.000 -2.15429.18  0.25  0.00427.27 1.000  00  -1O000M000  0.487
THR01B3864_001  0.000 -1.43836.28  0.37  0.00835.23 0.671  00  01O000M000  0.185
VAL01B3865_001  0.000 -5.19  2.19  0.00  0.00 -3.01 1.000  00  01O000M000  0.564
ILE01B3866_001  0.000 -4.16999.00  0.33  0.00999.00 1.000  00  01O000M000  0.412
ASN01B3867_001  0.000 -1.29 17.32  0.30  0.00 16.33 1.000  00  01O000M000  0.266
ARG01B3868_001  0.000999.00999.00  2.94  0.00999.00 1.000  00  01O000M000  0.408
ARG02B3868_002  0.000999.00999.00  2.94  0.00999.00 1.000  00  02O000M000  0.408
ARG03B3868_003  0.000999.00999.00  2.94  0.00999.00 1.000  00  03O000M000  0.408
ARG03B3868_004  0.000184.42999.00  2.94  0.00999.00 1.000  00  03O000M000  0.408
ARG+1B3868_005  1.000999.00999.00  2.94  0.00999.00 1.000  00  +1O000M000  0.408
GLN01B3869_001  0.000 -1.76999.00  1.70  0.00999.00 1.000  00  01O000M000  0.428
ASN01B3870_001  0.000 -0.69378.50  0.30  0.00378.11 1.000  00  01O000M000  0.141
GLU01B3872_001  0.000 -4.14 78.20  3.22  0.00 77.27 1.000  00  01O000M000  0.997
GLU01B3872_002  0.000 -4.14 78.20  0.50  0.00 74.55 1.000  00  01O000M000  0.997
GLU02B3872_003  0.000 -4.03 78.20  3.22  0.00 77.39 1.000  00  02O000M000  0.997
GLU02B3872_004  0.000 -4.03 78.20  0.50  0.00 74.67 1.000  00  02O000M000  0.997
GLU-1B3872_005 -1.000 -4.10 78.22  0.50  0.00 74.62 1.000  00  -1O000M000  0.989
LYS01B3873_001  0.000 -2.81 -5.02  1.19  0.00 -6.64 1.000  00  01O000M000  0.289
LYS+1B3873_002  1.000 -2.86 -5.08  1.19  0.00 -6.75 1.000  00  +1O000M000  0.289
VAL01B3874_001  0.000 -4.10  0.79  0.00  0.00 -3.30 1.000  00  01O000M000  0.441
CTR01B3874_001  0.000 -4.50 -1.11  2.72  0.00 -2.89 1.000  00  01O000M000  0.436
CTR01B3874_002  0.000 -4.41 -1.35  0.00  0.00 -5.77 1.000  00  01O000M000  0.444
CTR02B3874_003  0.000 -4.52 -1.40  2.72  0.00 -3.20 1.000  00  02O000M000  0.431
CTR02B3874_004  0.000 -4.44 -1.36  0.00  0.00 -5.80 1.000  00  02O000M000  0.442
CTR-1B3874_005 -1.000 -4.46 -1.30  0.00  0.00 -5.76 1.000  00  -1O000M000  0.441
NTR01B3895_001  0.000 -3.02 -0.01  0.00  0.00 -3.03 1.000  00  01O000M000  0.307
NTR+1B3895_002  1.000 -3.03 -0.01  0.00  0.00 -3.03 1.000  00  +1O000M000  0.307
CTR01B3895_001  0.000 -6.14 -0.01  2.72  0.00 -3.43 1.000  00  01O000M000  0.580
CTR01B3895_002  0.000 -6.01 -0.01  0.00  0.00 -6.02 1.000  00  01O000M000  0.584
CTR02B3895_003  0.000 -6.22 -0.01  2.72  0.00 -3.51 1.000  00  02O000M000  0.585
CTR02B3895_004  0.000 -6.21 -0.01  0.00  0.00 -6.23 1.000  00  02O000M000  0.590
CTR-1B3895_005 -1.000 -6.02 -0.01  0.00  0.00 -6.03 1.000  00  -1O000M000  0.580
HIS01B3895_001  0.000 -9.55 -0.07  0.01  0.00 -9.61 0.748  00  01O000M000  0.590
HIS01B3895_002  0.000 -8.57 -0.07  0.01  0.00 -8.63 0.752  00  01R001M000  0.550
HIS02B3895_003  0.000 -9.57 -0.07  0.01  0.00 -9.63 0.748  00  02O000M000  0.590
HIS02B3895_004  0.000 -8.59 -0.07  0.01  0.00 -8.64 0.752  00  02R001M000  0.550
HIS+1B3895_005  1.000 -9.60 -0.07  0.01  0.00 -9.65 0.748  00  +1O000M000  0.590
HIS+1B3895_006  1.000 -8.61 -0.07  0.01  0.00 -8.67 0.752  00  +1R001M000  0.550
NTR01B3919_001  0.000 -3.65  0.00  0.00  0.00 -3.65 1.000  00  01O000M000  0.365
NTR01B3919_002  0.000 -3.63  0.00  0.00  0.00 -3.63 1.000  00  01O000M000  0.364
NTR+1B3919_003  1.000 -3.65  0.00  0.00  0.00 -3.65 1.000  00  +1O000M000  0.365
CTR01B3919_001  0.000 -5.46  0.00  2.72  0.00 -2.74 1.000  00  01O000M000  0.519
CTR01B3919_002  0.000 -5.29  0.00  0.00  0.00 -5.29 1.000  00  01O000M000  0.519
CTR02B3919_003  0.000 -5.46  0.00  2.72  0.00 -2.74 1.000  00  02O000M000  0.519
CTR02B3919_004  0.000 -5.30  0.00  0.00  0.00 -5.30 1.000  00  02O000M000  0.512
CTR-1B3919_005 -1.000 -5.26  0.00  0.00  0.00 -5.26 1.000  00  -1O000M000  0.513
THR01B3919_001  0.000 -7.99  0.00  0.41  0.00 -7.58 0.663  00  01O000M000  0.652
THR01B3919_002  0.000 -7.99  0.00  0.41  0.00 -7.58 0.663  00  01O000M000  0.652
THR01B3919_003  0.000 -7.99  0.00  0.04  0.00 -7.96 0.663  00  01O000M000  0.652
NTR01B3972_001  0.000 -1.41999.00  0.00  0.00999.00 1.000  00  01O000M000  0.142
NTR01B3972_002  0.000 -1.39999.00  0.00  0.00999.00 1.000  00  01O000M000  0.140
NTR+1B3972_003  1.000 -1.41999.00  0.00  0.00999.00 1.000  00  +1O000M000  0.142
CTR01B3972_001  0.000 -6.03  5.12  2.72  0.00  1.81 1.000  00  01O000M000  0.546
CTR01B3972_002  0.000 -5.79  5.15  0.00  0.00 -0.63 1.000  00  01O000M000  0.553
CTR02B3972_003  0.000 -6.12  5.14  2.72  0.00  1.74 1.000  00  02O000M000  0.557
CTR02B3972_004  0.000 -5.92  5.16  0.00  0.00 -0.76 1.000  00  02O000M000  0.555
CTR-1B3972_005 -1.000 -5.97  5.17  0.00  0.00 -0.80 1.000  00  -1O000M000  0.555
PRO01B3972_001  0.000 -8.34  1.80  0.00  0.00 -6.54 1.000  00  01O000M000  0.771
NTR01B3985_001  0.000 -3.48  0.00  0.00  0.00 -3.48 1.000  00  01O000M000  0.349
NTR01B3985_002  0.000 -3.36  0.00  0.00  0.00 -3.36 1.000  00  01O000M000  0.340
NTR+1B3985_003  1.000 -3.48  0.00  0.00  0.00 -3.48 1.000  00  +1O000M000  0.349
CTR01B3985_001  0.000 -5.26  0.00  2.72  0.00 -2.54 1.000  00  01O000M000  0.506
CTR01B3985_002  0.000 -5.16  0.00  0.00  0.00 -5.16 1.000  00  01O000M000  0.513
CTR02B3985_003  0.000 -5.28  0.00  2.72  0.00 -2.56 1.000  00  02O000M000  0.517
CTR02B3985_004  0.000 -5.16  0.00  0.00  0.00 -5.16 1.000  00  02O000M000  0.510
CTR-1B3985_005 -1.000 -5.18  0.00  0.00  0.00 -5.18 1.000  00  -1O000M000  0.509
LEU01B3985_001  0.000 -7.79  0.00  0.49  0.00 -7.30 1.000  00  01O000M000  0.693
NTR01B4037_001  0.000 -3.59 -0.21  0.00  0.00 -3.80 1.000  00  01O000M000  0.358
NTR+1B4037_002  1.000 -3.59 -0.22  0.00  0.00 -3.80 1.000  00  +1O000M000  0.358
CTR01B4037_001  0.000 -6.18 -0.09  2.72  0.00 -3.55 1.000  00  01O000M000  0.588
CTR01B4037_002  0.000 -5.91 -0.08  0.00  0.00 -5.99 1.000  00  01O000M000  0.589
CTR02B4037_003  0.000 -6.16 -0.08  2.72  0.00 -3.53 1.000  00  02O000M000  0.587
CTR02B4037_004  0.000 -6.00 -0.08  0.00  0.00 -6.08 1.000  00  02O000M000  0.590
CTR-1B4037_005 -1.000 -6.04 -0.08  0.00  0.00 -6.13 1.000  00  -1O000M000  0.590
ASN01B4037_001  0.000 -3.24 13.70  0.45  0.00 10.92 1.000  00  01O000M000  0.667
NTR01B4064_001  0.000 -3.92 -0.08  0.00  0.00 -3.99 1.000  00  01O000M000  0.392
NTR+1B4064_002  1.000 -3.75 -0.07  0.00  0.00 -3.83 1.000  00  +1O000M000  0.378
CTR01B4064_001  0.000 -3.67 -0.21  2.72  0.00 -1.16 1.000  00  01O000M000  0.352
CTR01B4064_002  0.000 -3.68 -0.20  0.00  0.00 -3.88 1.000  00  01O000M000  0.365
CTR02B4064_003  0.000 -3.77 -0.19  2.72  0.00 -1.24 1.000  00  02O000M000  0.357
CTR02B4064_004  0.000 -3.80 -0.20  0.00  0.00 -4.00 1.000  00  02O000M000  0.370
CTR-1B4064_005 -1.000 -3.61 -0.19  0.00  0.00 -3.80 1.000  00  -1O000M000  0.352
MET01B4064_001  0.000 -2.68 -2.51  1.74  0.00 -3.45 1.000  00  01O000M000  0.169
NTR01B4069_001  0.000 -2.12  0.82  0.00  0.00 -1.30 1.000  00  01O000M000  0.215
NTR+1B4069_002  1.000 -2.12  0.73  0.00  0.00 -1.40 1.000  00  +1O000M000  0.215
LYS01B4069_001  0.000 -6.35 -0.48  1.60  0.00 -5.24 1.000  00  01O000M000  0.680
LYS+1B4069_002  1.000 -6.41 -0.49  1.60  0.00 -5.30 1.000  00  +1O000M000  0.680
ASP01B4070_001  0.000 -3.16  2.00  3.36  0.00  2.19 1.000  00  01O000M000  0.718
ASP01B4070_002  0.000 -3.16  2.00  0.64  0.00 -0.53 1.000  00  01O000M000  0.718
ASP02B4070_003  0.000 -3.17  1.20  3.36  0.00  1.39 1.000  00  02O000M000  0.748
ASP02B4070_004  0.000 -3.17  1.20  0.64  0.00 -1.33 1.000  00  02O000M000  0.748
ASP-1B4070_005 -1.000 -3.06  1.23  0.64  0.00 -1.18 1.000  00  -1O000M000  0.735
ILE01B4071_001  0.000  0.47  3.24  0.51  0.00  4.21 1.000  00  01O000M000  0.186
VAL01B4072_001  0.000 -0.36  2.44  0.13  0.00  2.22 1.000  00  01O000M000  0.093
SER01B4074_001  0.000 -2.61 -2.25  0.38  0.00 -4.49 0.665  00  01O000M000  0.424
GLU01B4075_001  0.000 -1.43 -1.24  3.28  0.00  0.61 1.000  00  01O000M000  0.666
GLU01B4075_002  0.000 -1.43 -1.24  0.56  0.00 -2.11 1.000  00  01O000M000  0.666
GLU02B4075_003  0.000 -1.72 -1.28  3.28  0.00  0.28 1.000  00  02O000M000  0.670
GLU02B4075_004  0.000 -1.72 -1.28  0.56  0.00 -2.44 1.000  00  02O000M000  0.670
GLU-1B4075_005 -1.000 -1.81 -1.22  0.56  0.00 -2.48 1.000  00  -1O000M000  0.678
ALA01B4076_001  0.000 -2.85 -0.66  0.00  0.00 -3.51 1.000  00  01O000M000  0.535
PHE01B4077_001  0.000  4.55 -5.06  0.03  0.00 -0.48 1.000  00  01O000M000  0.000
GLN01B4078_001  0.000 -0.71  2.86  0.93  0.00  3.08 1.000  00  01O000M000  0.360
ASP01B4079_001  0.000 -2.77 -0.47  3.25  0.00  0.01 1.000  00  01O000M000  0.650
ASP01B4079_002  0.000 -2.77 -0.47  0.53  0.00 -2.71 1.000  00  01O000M000  0.650
ASP02B4079_003  0.000 -2.62 -1.07  3.25  0.00 -0.45 1.000  00  02O000M000  0.659
ASP02B4079_004  0.000 -2.62 -1.07  0.53  0.00 -3.17 1.000  00  02O000M000  0.659
ASP-1B4079_005 -1.000 -2.57 -1.02  0.53  0.00 -3.06 1.000  00  -1O000M000  0.632
TYR01B4080_001  0.000  3.93 -2.59  0.07  0.00  1.41 1.000  00  01O000M000  0.092
TYR01B4080_002  0.000  3.93 -2.59  0.07  0.00  1.41 1.000  00  01O000M000  0.092
TYR-1B4080_003 -1.000  3.93 -2.59  0.07  0.00  1.41 1.000  00  -1O000M000  0.092
VAL01B4081_001  0.000  0.22 -1.96  0.13  0.00 -1.60 1.000  00  01O000M000  0.041
THR01B4082_001  0.000 -6.23  2.07  0.38  0.00 -3.78 0.670  00  01O000M000  0.755
THR01B4082_002  0.000 -6.23  2.07  0.38  0.00 -3.78 0.670  00  01O000M000  0.755
THR01B4082_003  0.000 -6.23  2.07  0.00  0.00 -4.16 0.670  00  01O000M000  0.755
ASP01B4083_001  0.000 -0.99 -2.11  3.11  0.00  0.01 1.000  00  01O000M000  0.269
ASP01B4083_002  0.000 -0.99 -2.11  0.39  0.00 -2.71 1.000  00  01O000M000  0.269
ASP02B4083_003  0.000 -0.94 -2.70  3.11  0.00 -0.53 1.000  00  02O000M000  0.272
ASP02B4083_004  0.000 -0.94 -2.70  0.39  0.00 -3.25 1.000  00  02O000M000  0.272
ASP-1B4083_005 -1.000 -0.99 -2.71  0.39  0.00 -3.31 1.000  00  -1O000M000  0.270
PRO01B4084_001  0.000 -6.12 -0.85  0.00  0.00 -6.97 1.000  00  01O000M000  0.639
ARG01B4085_001  0.000 -3.28 -1.00  1.49  0.00 -2.79 1.000  00  01O000M000  0.588
ARG02B4085_002  0.000 -3.35 -0.96  1.49  0.00 -2.82 1.000  00  02O000M000  0.588
ARG03B4085_003  0.000 -3.35 -1.01  1.49  0.00 -2.87 1.000  00  03O000M000  0.588
ARG+1B4085_004  1.000 -3.40 -1.02  1.49  0.00 -2.92 1.000  00  +1O000M000  0.588
LEU01B4087_001  0.000 -2.70 -2.20  1.52  0.00 -3.38 1.000  00  01O000M000  0.394
ILE01B4088_001  0.000  3.71 -3.53  0.69  0.00  0.87 1.000  00  01O000M000  0.000
SER01B4089_001  0.000 -2.04 -0.16  0.75  0.00 -1.45 0.667  00  01O000M000  0.330
SER01B4089_002  0.000 -2.04 -0.16  0.75  0.00 -1.45 0.667  00  01O000M000  0.330
SER01B4089_003  0.000 -2.04 -0.16  0.38  0.00 -1.82 0.667  00  01O000M000  0.330
LYS01B4090_001  0.000 -0.88 -2.28  1.11  0.00 -2.05 1.000  00  01O000M000  0.178
LYS+1B4090_002  1.000 -0.92 -2.29  1.11  0.00 -2.10 1.000  00  +1O000M000  0.178
LYS01B4091_001  0.000 -7.92  4.99  0.88  0.00 -2.05 1.000  00  01O000M000  0.673
LYS+1B4091_002  1.000 -7.97  4.99  0.88  0.00 -2.10 1.000  00  +1O000M000  0.673
ASP01B4092_001  0.000 -0.53  9.15  2.79  0.00 11.41 1.000  00  01O000M000  0.136
ASP01B4092_002  0.000 -0.53  9.15  0.07  0.00  8.69 1.000  00  01O000M000  0.136
ASP02B4092_003  0.000 -0.52  5.69  2.79  0.00  7.97 1.000  00  02O000M000  0.149
ASP02B4092_004  0.000 -0.52  5.69  0.07  0.00  5.25 1.000  00  02O000M000  0.149
ASP-1B4092_005 -1.000 -0.57  5.82  0.07  0.00  5.33 1.000  00  -1O000M000  0.145
PHE01B4093_001  0.000  4.77 -3.86  0.00  0.00  0.91 1.000  00  01O000M000  0.004
GLN01B4094_001  0.000 -0.18  0.97  0.63  0.00  1.42 0.752  00  01O000M000  0.285
GLN01B4094_002  0.000  0.32  1.00  0.62  0.00  1.94 0.748  00  01R001M000  0.268
LYS01B4095_001  0.000 -5.43 -2.42  1.18  0.00 -6.67 1.000  00  01O000M000  0.579
LYS+1B4095_002  1.000 -5.47 -2.43  1.18  0.00 -6.73 1.000  00  +1O000M000  0.579
ALA01B4096_001  0.000 -0.21 -0.95  0.00  0.00 -1.16 1.000  00  01O000M000  0.038
MET01B4097_001  0.000 -0.07 -1.11  2.18  0.00  0.99 1.000  00  01O000M000  0.012
ASP01B4098_001  0.000 -2.35 -2.53  4.19  0.00 -0.69 1.000  00  01O000M000  0.624
ASP01B4098_002  0.000 -2.35 -2.53  1.47  0.00 -3.41 1.000  00  01O000M000  0.624
ASP02B4098_003  0.000 -2.40 -2.47  4.19  0.00 -0.68 1.000  00  02O000M000  0.643
ASP02B4098_004  0.000 -2.40 -2.47  1.47  0.00 -3.40 1.000  00  02O000M000  0.643
ASP-1B4098_005 -1.000 -2.32 -2.53  1.47  0.00 -3.38 1.000  00  -1O000M000  0.639
SER01B4099_001  0.000 -2.37  3.64  0.42  0.00  1.70 0.669  00  01O000M000  0.393
SER01B4099_002  0.000 -2.37  3.64  0.42  0.00  1.70 0.669  00  01O000M000  0.393
GLN01B4100_001  0.000  0.84 -1.53  0.42  0.00 -0.28 0.745  00  01O000M000  0.215
GLN01B4100_002  0.000  2.15 -1.48  0.42  0.00  1.08 0.755  00  01R001M000  0.189
LYS01B4101_001  0.000 -9.85 11.23  0.99  0.00  2.37 1.000  00  01O000M000  0.837
LYS+1B4101_002  1.000 -9.90 11.22  0.99  0.00  2.31 1.000  00  +1O000M000  0.837
GLN01B4102_001  0.000 -1.30  0.83  0.36  0.00 -0.10 0.752  00  01O000M000  0.592
GLN01B4102_002  0.000 -0.62  0.83  0.37  0.00  0.58 0.748  00  01R001M000  0.651
PHE01B4103_001  0.000  4.41 -4.66  0.03  0.00 -0.21 1.000  00  01O000M000  0.058
CTR01B4103_001  0.000 -2.90  0.73  2.72  0.00  0.55 1.000  00  01O000M000  0.279
CTR01B4103_002  0.000 -2.96 -0.74  0.00  0.00 -3.69 1.000  00  01O000M000  0.297
CTR02B4103_003  0.000 -3.01 -0.70  2.72  0.00 -1.00 1.000  00  02O000M000  0.290
CTR02B4103_004  0.000 -2.95 -0.19  0.00  0.00 -3.14 1.000  00  02O000M000  0.286
CTR-1B4103_005 -1.000 -2.99 -0.65  0.00  0.00 -3.65 1.000  00  -1O000M000  0.292
NTR01B4106_001  0.000 -0.26514.66  0.00  0.00514.40 1.000  00  01O000M000  0.026
NTR+1B4106_002  1.000 -0.26726.13  0.00  0.00725.87 1.000  00  +1O000M000  0.026
PRO01B4106_001  0.000 -7.04  1.09  0.00  0.00 -5.95 1.000  00  01O000M000  0.813
GLU01B4107_001  0.000 -0.59 -0.33  3.25  0.00  2.32 1.000  00  01O000M000  0.638
GLU01B4107_002  0.000 -0.59 -0.33  0.53  0.00 -0.40 1.000  00  01O000M000  0.638
GLU02B4107_003  0.000 -1.21 -0.31  3.25  0.00  1.72 1.000  00  02O000M000  0.667
GLU02B4107_004  0.000 -1.21 -0.31  0.53  0.00 -1.00 1.000  00  02O000M000  0.667
GLU-1B4107_005 -1.000 -1.13 -0.30  0.53  0.00 -0.90 1.000  00  -1O000M000  0.649
ILE01B4108_001  0.000  3.26 -2.18  0.65  0.00  1.72 1.000  00  01O000M000  0.081
GLN01B4109_001  0.000 -1.56 -0.18  1.04  0.00 -0.70 0.747  00  01O000M000  0.477
GLN01B4109_002  0.000 -1.46 -0.09  1.02  0.00 -0.53 0.753  00  01R001M000  0.443
PHE01B4110_001  0.000 -2.45 -0.34  0.03  0.00 -2.76 1.000  00  01O000M000  0.565
LEU01B4111_001  0.000  0.61  2.25  0.46  0.00  3.32 1.000  00  01O000M000  0.125
LEU01B4112_001  0.000  1.28 -0.39  0.41  0.00  1.29 1.000  00  01O000M000  0.017
SER01B4113_001  0.000 -3.03  6.82  0.67  0.00  4.46 0.668  00  01O000M000  0.516
SER01B4113_002  0.000 -3.03  6.82  0.67  0.00  4.46 0.668  00  01O000M000  0.516
CYS01B4114_001  0.000 -2.77 -2.40  0.01  0.00 -5.16 1.000  00  01O000M000  0.385
CYS01B4114_002  0.000 -2.77 -2.49  0.01  0.00 -5.24 1.000  00  01O000M000  0.385
CYS01B4114_003  0.000 -2.77 -2.39  0.01  0.00 -5.15 1.000  00  01O000M000  0.385
CYS-1B4114_004 -1.000 -2.77 -2.37  0.01  0.00 -5.12 1.000  00  -1O000M000  0.385
SER01B4115_001  0.000 -0.06  7.63  0.75  0.00  8.32 0.668  00  01O000M000  0.010
SER01B4115_002  0.000 -0.06  7.63  0.37  0.00  7.94 0.668  00  01O000M000  0.010
GLU01B4116_001  0.000 -0.83 -2.57  3.21  0.00 -0.20 1.000  00  01O000M000  0.607
GLU01B4116_002  0.000 -0.83 -2.57  0.49  0.00 -2.92 1.000  00  01O000M000  0.607
GLU02B4116_003  0.000 -1.19 -2.66  3.21  0.00 -0.65 1.000  00  02O000M000  0.588
GLU02B4116_004  0.000 -1.19 -2.66  0.49  0.00 -3.37 1.000  00  02O000M000  0.588
GLU-1B4116_005 -1.000 -1.19 -2.59  0.49  0.00 -3.29 1.000  00  -1O000M000  0.598
ALA01B4117_001  0.000 -3.48 -0.18  0.00  0.00 -3.66 1.000  00  01O000M000  0.604
ASP01B4118_001  0.000 -1.92 -0.95  3.82  0.00  0.94 1.000  00  01O000M000  0.530
ASP01B4118_002  0.000 -1.92 -0.95  1.10  0.00 -1.78 1.000  00  01O000M000  0.530
ASP02B4118_003  0.000 -1.99 -0.91  3.82  0.00  0.92 1.000  00  02O000M000  0.544
ASP02B4118_004  0.000 -1.99 -0.91  1.10  0.00 -1.80 1.000  00  02O000M000  0.544
ASP-1B4118_005 -1.000 -1.96 -0.99  1.10  0.00 -1.85 1.000  00  -1O000M000  0.537
GLU01B4119_001  0.000 -2.18  2.05  3.15  0.00  3.02 1.000  00  01O000M000  0.841
GLU01B4119_002  0.000 -2.18  2.05  0.43  0.00  0.30 1.000  00  01O000M000  0.841
GLU02B4119_003  0.000 -2.52  1.95  3.15  0.00  2.57 1.000  00  02O000M000  0.860
GLU02B4119_004  0.000 -2.52  1.95  0.43  0.00 -0.15 1.000  00  02O000M000  0.860
GLU-1B4119_005 -1.000 -2.55  1.98  0.43  0.00 -0.14 1.000  00  -1O000M000  0.852
ASN01B4120_001  0.000 -1.78  3.76  1.51  0.00  3.49 0.000  00  01O000M000  0.383
ASN01B4120_002  0.000 -1.85  1.51  1.50  0.00  1.17 1.000  00  01R001M000  0.431
GLU01B4121_001  0.000  1.03  2.11  3.40  0.00  6.54 1.000  00  01O000M000  0.639
GLU01B4121_002  0.000  1.03  2.11  0.68  0.00  3.82 1.000  00  01O000M000  0.639
GLU02B4121_003  0.000  0.35  2.13  3.40  0.00  5.88 1.000  00  02O000M000  0.636
GLU02B4121_004  0.000  0.35  2.13  0.68  0.00  3.16 1.000  00  02O000M000  0.636
GLU-1B4121_005 -1.000  0.28  2.18  0.68  0.00  3.13 1.000  00  -1O000M000  0.636
MET01B4122_001  0.000 -0.87380.45  0.00  0.00379.59 1.000  00  01O000M000  0.086
ILE01B4123_001  0.000  1.86 -1.49  0.44  0.00  0.81 1.000  00  01O000M000  0.000
ASN01B4124_001  0.000 -1.88 -0.41  0.43  0.00 -1.86 0.746  00  01O000M000  0.431
ASN01B4124_002  0.000 -1.90  0.80  0.43  0.00 -0.67 0.754  00  01R001M000  0.393
PHE01B4125_001  0.000  2.96 -4.90  0.03  0.00 -1.91 1.000  00  01O000M000  0.143
GLU01B4126_001  0.000 -3.00 -0.16  3.22  0.00  0.06 1.000  00  01O000M000  0.731
GLU01B4126_002  0.000 -3.00 -0.16  0.50  0.00 -2.66 1.000  00  01O000M000  0.731
GLU02B4126_003  0.000 -2.92 -0.17  3.22  0.00  0.14 1.000  00  02O000M000  0.729
GLU02B4126_004  0.000 -2.92 -0.17  0.50  0.00 -2.58 1.000  00  02O000M000  0.729
GLU-1B4126_005 -1.000 -3.01 -0.14  0.50  0.00 -2.65 1.000  00  -1O000M000  0.734
GLU01B4127_001  0.000 -0.04 -2.77  4.16  0.00  1.35 1.000  00  01O000M000  0.472
GLU01B4127_002  0.000 -0.04 -2.77  1.44  0.00 -1.37 1.000  00  01O000M000  0.472
GLU02B4127_003  0.000 -0.33 -2.88  4.16  0.00  0.94 1.000  00  02O000M000  0.457
GLU02B4127_004  0.000 -0.33 -2.88  1.44  0.00 -1.78 1.000  00  02O000M000  0.457
GLU-1B4127_005 -1.000 -0.38 -2.83  1.44  0.00 -1.77 1.000  00  -1O000M000  0.456
PHE01B4128_001  0.000  3.44 -4.92  0.12  0.00 -1.36 1.000  00  01O000M000  0.109
ALA01B4129_001  0.000 -0.61 -1.19  0.00  0.00 -1.81 1.000  00  01O000M000  0.113
ASN01B4130_001  0.000 -1.97  4.20  0.43  0.00  2.66 0.000  00  01O000M000  0.484
ASN01B4130_002  0.000 -2.22  2.25  0.46  0.00  0.49 1.000  00  01R001M000  0.478
CTR01B4130_001  0.000 -4.48 -1.61  2.72  0.00 -3.38 1.000  00  01O000M000  0.424
CTR01B4130_002  0.000 -4.26 -1.81  0.00  0.00 -6.07 1.000  00  01O000M000  0.425
CTR02B4130_003  0.000 -4.35 -1.62  2.72  0.00 -3.25 1.000  00  02O000M000  0.414
CTR02B4130_004  0.000 -4.46 -1.85  0.00  0.00 -6.31 1.000  00  02O000M000  0.431
CTR-1B4130_005 -1.000 -4.32 -1.76  0.00  0.00 -6.08 1.000  00  -1O000M000  0.422
NTR01B4148_001  0.000 -3.33  0.87  0.00  0.00 -2.45 1.000  00  01O000M000  0.339
NTR+1B4148_002  1.000 -3.33  0.81  0.00  0.00 -2.52 1.000  00  +1O000M000  0.339
THR01B4148_001  0.000 -7.90  0.05  0.96  0.00 -6.89 0.662  00  01O000M000  0.817
THR01B4148_002  0.000 -7.90  0.05  0.96  0.00 -6.89 0.662  00  01O000M000  0.817
THR01B4148_003  0.000 -7.90  0.05  0.59  0.00 -7.26 0.662  00  01O000M000  0.817
ASN01B4149_001  0.000 -4.26  1.56  0.93  0.00 -1.77 1.000  00  01O000M000  0.905
CTR01B4149_001  0.000 -4.86  0.80  2.72  0.00 -1.33 1.000  00  01O000M000  0.464
CTR01B4149_002  0.000 -4.84  0.58  0.00  0.00 -4.26 1.000  00  01O000M000  0.477
CTR02B4149_003  0.000 -4.80  1.04  2.72  0.00 -1.04 1.000  00  02O000M000  0.466
CTR02B4149_004  0.000 -4.83  0.57  0.00  0.00 -4.26 1.000  00  02O000M000  0.473
CTR-1B4149_005 -1.000 -4.76  0.63  0.00  0.00 -4.13 1.000  00  -1O000M000  0.467
NTR01B4155_001  0.000 -1.89227.34  0.00  0.00225.45 1.000  00  01O000M000  0.190
NTR+1B4155_002  1.000 -1.71419.10  0.00  0.00417.39 1.000  00  +1O000M000  0.173
CTR01B4155_001  0.000 -5.37  0.26  2.72  0.00 -2.39 1.000  00  01O000M000  0.505
CTR01B4155_002  0.000 -5.42  0.31  0.00  0.00 -5.11 1.000  00  01O000M000  0.519
CTR02B4155_003  0.000 -5.52  0.34  2.72  0.00 -2.46 1.000  00  02O000M000  0.517
CTR02B4155_004  0.000 -5.37  0.34  0.00  0.00 -5.02 1.000  00  02O000M000  0.514
CTR-1B4155_005 -1.000 -5.41  0.36  0.00  0.00 -5.05 1.000  00  -1O000M000  0.514
PRO01B4155_001  0.000 -6.86  0.16  0.00  0.00 -6.70 1.000  00  01O000M000  0.698
NTR01B4253_001  0.000 -3.05 -0.08  0.00  0.00 -3.13 1.000  00  01O000M000  0.304
NTR+1B4253_002  1.000 -3.05 -0.08  0.00  0.00 -3.13 1.000  00  +1O000M000  0.304
CTR01B4253_001  0.000 -5.44 -0.02  2.72  0.00 -2.74 1.000  00  01O000M000  0.517
CTR01B4253_002  0.000 -5.36 -0.02  0.00  0.00 -5.39 1.000  00  01O000M000  0.525
CTR02B4253_003  0.000 -5.24 -0.03  2.72  0.00 -2.55 1.000  00  02O000M000  0.504
CTR02B4253_004  0.000 -5.45 -0.02  0.00  0.00 -5.48 1.000  00  02O000M000  0.526
CTR-1B4253_005 -1.000 -5.24 -0.02  0.00  0.00 -5.27 1.000  00  -1O000M000  0.514
GLU01B4253_001  0.000 -2.22 -0.97  3.22  0.00  0.03 1.000  00  01O000M000  0.470
GLU01B4253_002  0.000 -2.22 -0.97  0.50  0.00 -2.69 1.000  00  01O000M000  0.470
GLU02B4253_003  0.000 -1.98 -1.01  3.22  0.00  0.23 1.000  00  02O000M000  0.466
GLU02B4253_004  0.000 -1.98 -1.01  0.50  0.00 -2.49 1.000  00  02O000M000  0.466
GLU-1B4253_005 -1.000 -2.16 -0.96  0.50  0.00 -2.61 1.000  00  -1O000M000  0.469
NTR01B4540_001  0.000 -2.94 -0.37  0.00  0.00 -3.31 1.000  00  01O000M000  0.297
NTR+1B4540_002  1.000 -2.94 -0.44  0.00  0.00 -3.38 1.000  00  +1O000M000  0.297
PHE01B4540_001  0.000 -1.30999.00  0.00  0.00999.00 1.000  00  01O000M000  0.207
TRP01B4541_001  0.000-13.54190.38  0.00  0.00176.84 1.000  00  01O000M000  0.834
GLU01B4543_001  0.000 -2.97  5.78  3.22  0.00  6.03 1.000  00  01O000M000  0.742
GLU01B4543_002  0.000 -2.97  5.78  0.50  0.00  3.31 1.000  00  01O000M000  0.742
GLU02B4543_003  0.000 -2.93  5.78  3.22  0.00  6.06 1.000  00  02O000M000  0.768
GLU02B4543_004  0.000 -2.93  5.78  0.50  0.00  3.34 1.000  00  02O000M000  0.768
GLU-1B4543_005 -1.000 -2.95  5.80  0.50  0.00  3.35 1.000  00  -1O000M000  0.745
LEU01B4544_001  0.000 -2.47999.00  2.94  0.00999.00 1.000  00  01O000M000  0.334
GLU01B4545_001  0.000 -2.13  0.43  3.22  0.00  1.52 1.000  00  01O000M000  0.570
GLU01B4545_002  0.000 -2.13  0.43  0.50  0.00 -1.20 1.000  00  01O000M000  0.570
GLU02B4545_003  0.000 -1.93  0.42  3.22  0.00  1.72 1.000  00  02O000M000  0.553
GLU02B4545_004  0.000 -1.93  0.42  0.50  0.00 -1.00 1.000  00  02O000M000  0.553
GLU-1B4545_005 -1.000 -2.15  0.45  0.50  0.00 -1.19 1.000  00  -1O000M000  0.565
VAL01B4546_001  0.000 -5.51  0.59  0.04  0.00 -4.88 1.000  00  01O000M000  0.584
GLN01B4547_001  0.000 -1.48 -2.32  0.72  0.00 -3.09 0.747  00  01O000M000  0.557
GLN01B4547_002  0.000 -0.96 -2.29  0.69  0.00 -2.56 0.753  00  01R001M000  0.576
ARG01B4548_001  0.000 -3.94 -3.63  0.42  0.00 -7.15 1.000  00  01O000M000  0.567
ARG02B4548_002  0.000 -4.00 -3.69  0.42  0.00 -7.27 1.000  00  02O000M000  0.567
ARG03B4548_003  0.000 -3.99 -3.69  0.42  0.00 -7.26 1.000  00  03O000M000  0.567
ARG+1B4548_004  1.000 -4.04 -3.69  0.42  0.00 -7.31 1.000  00  +1O000M000  0.567
VAL01B4549_001  0.000 -2.51  0.95  0.00  0.00 -1.56 1.000  00  01O000M000  0.325
LYS01B4550_001  0.000 -0.57999.00  0.95  0.00999.00 1.000  00  01O000M000  0.368
LYS+1B4550_002  1.000 -0.66999.00  0.95  0.00999.00 1.000  00  +1O000M000  0.368
PHE01B4551_001  0.000 -2.27 -3.42  0.04  0.00 -5.65 1.000  00  01O000M000  0.521
LEU01B4552_001  0.000  2.54 -0.34  0.53  0.00  2.73 1.000  00  01O000M000  0.110
ASN01B4553_001  0.000 -1.79 -2.64  0.94  0.00 -3.48 0.753  00  01O000M000  0.462
ASN01B4553_002  0.000 -1.55 -2.57  0.94  0.00 -3.18 0.747  00  01R001M000  0.447
TYR01B4554_001  0.000 -4.53 -2.15  0.00  0.00 -6.67 1.000  00  01O000M000  0.641
TYR-1B4554_002 -1.000 -4.53 -2.15  0.00  0.00 -6.67 1.000  00  -1O000M000  0.641
LEU01B4555_001  0.000  1.89 -0.14  0.62  0.00  2.37 1.000  00  01O000M000  0.022
SER01B4556_001  0.000 -1.46 -0.21  0.38  0.00 -1.30 0.661  00  01O000M000  0.242
SER01B4556_002  0.000 -1.46 -0.21  0.00  0.00 -1.67 0.661  00  01O000M000  0.242
ARG01B4557_001  0.000  1.78 -2.08  0.59  0.00  0.29 1.000  00  01O000M000  0.379
ARG02B4557_002  0.000  1.73 -2.06  0.59  0.00  0.26 1.000  00  02O000M000  0.379
ARG02B4557_003  0.000  1.73 -2.08  0.59  0.00  0.25 1.000  00  02O000M000  0.379
ARG03B4557_004  0.000  1.79 -2.04  0.59  0.00  0.34 1.000  00  03O000M000  0.379
ARG+1B4557_005  1.000  1.69 -2.09  0.59  0.00  0.19 1.000  00  +1O000M000  0.379
CTR01B4557_001  0.000 -2.28 -1.26  2.72  0.00 -0.82 1.000  00  01O000M000  0.212
CTR01B4557_002  0.000 -2.09 -1.54  0.00  0.00 -3.63 1.000  00  01O000M000  0.206
CTR02B4557_003  0.000 -2.22 -1.62  2.72  0.00 -1.12 1.000  00  02O000M000  0.207
CTR02B4557_004  0.000 -2.20 -1.57  0.00  0.00 -3.77 1.000  00  02O000M000  0.208
CTR-1B4557_005 -1.000 -2.20 -1.46  0.00  0.00 -3.66 1.000  00  -1O000M000  0.207
NTR01B4559_001  0.000 -0.00 -0.76  0.00  0.00 -0.76 1.000  00  01O000M000  0.000
NTR+1B4559_002  1.000 -0.00 -0.86  0.00  0.00 -0.87 1.000  00  +1O000M000  0.000
PHE01B4559_001  0.000  2.75 -3.97  0.01  0.00 -1.22 1.000  00  01O000M000  0.126
TYR01B4560_001  0.000 -6.55 -1.55  0.15  0.00 -7.95 1.000  00  01O000M000  0.762
TYR-1B4560_002 -1.000 -6.55 -1.55  0.15  0.00 -7.95 1.000  00  -1O000M000  0.762
THR01B4561_001  0.000 -5.62  0.55  0.69  0.00 -4.38 0.667  00  01O000M000  0.685
THR01B4561_002  0.000 -5.62  0.55  0.69  0.00 -4.38 0.667  00  01O000M000  0.685
LEU01B4562_001  0.000  1.07 -1.02  0.44  0.00  0.49 1.000  00  01O000M000  0.092
ARG01B4563_001  0.000 -0.73 -1.19  0.81  0.00 -1.11 1.000  00  01O000M000  0.179
ARG02B4563_002  0.000 -0.77 -1.19  0.81  0.00 -1.16 1.000  00  02O000M000  0.179
ARG02B4563_003  0.000 -0.77 -1.18  0.81  0.00 -1.15 1.000  00  02O000M000  0.179
ARG03B4563_004  0.000 -0.71 -1.19  0.81  0.00 -1.09 1.000  00  03O000M000  0.179
ARG+1B4563_005  1.000 -0.81 -1.21  0.81  0.00 -1.21 1.000  00  +1O000M000  0.179
PHE01B4564_001  0.000 -3.52 -0.92  0.00  0.00 -4.44 1.000  00  01O000M000  0.641
LEU01B4565_001  0.000 -1.74  0.73  0.50  0.00 -0.51 1.000  00  01O000M000  0.293
ALA01B4566_001  0.000 -0.07 -1.68  0.00  0.00 -1.75 1.000  00  01O000M000  0.012
LEU01B4567_001  0.000 -0.05  3.66  0.71  0.00  4.32 1.000  00  01O000M000  0.273
PHE01B4568_001  0.000 -3.45 -3.07  0.07  0.00 -6.45 1.000  00  01O000M000  0.612
LEU01B4569_001  0.000  2.74 -3.11  0.44  0.00  0.07 1.000  00  01O000M000  0.049
ALA01B4570_001  0.000  0.00 -1.57  0.00  0.00 -1.57 1.000  00  01O000M000  0.000
PHE01B4571_001  0.000 -1.20  1.99  1.00  0.00  1.79 1.000  00  01O000M000  0.449
ALA01B4572_001  0.000 -2.56 -0.70  0.00  0.00 -3.26 1.000  00  01O000M000  0.461
ILE01B4573_001  0.000  3.32  3.15  0.68  0.00  7.15 1.000  00  01O000M000  0.013
ASN01B4574_001  0.000  0.14 13.18  0.95  0.00 14.27 0.000  00  01O000M000  0.089
ASN01B4574_002  0.000 -0.16  4.61  1.00  0.00  5.46 1.000  00  01R001M000  0.098
PHE01B4575_001  0.000 -4.10  9.77  0.27  0.00  5.94 1.000  00  01O000M000  0.635
ILE01B4576_001  0.000  2.19  1.21  0.40  0.00  3.80 1.000  00  01O000M000  0.078
LEU01B4577_001  0.000  0.85 -1.38  1.72  0.00  1.18 1.000  00  01O000M000  0.198
LEU01B4578_001  0.000 -3.90  2.86  0.45  0.00 -0.59 1.000  00  01O000M000  0.519
PHE01B4579_001  0.000  1.98 -0.86  0.18  0.00  1.30 1.000  00  01O000M000  0.207
TYR01B4580_001  0.000  0.62 -4.75  0.22  0.00 -3.90 1.000  00  01O000M000  0.265
TYR-1B4580_002 -1.000  0.62 -4.75  0.22  0.00 -3.90 1.000  00  -1O000M000  0.265
LYS01B4581_001  0.000 -5.25 -1.87  0.93  0.00 -6.20 1.000  00  01O000M000  0.548
LYS+1B4581_002  1.000 -5.30 -1.88  0.93  0.00 -6.25 1.000  00  +1O000M000  0.548
VAL01B4582_001  0.000 -4.96 -0.19  0.06  0.00 -5.10 1.000  00  01O000M000  0.534
SER01B4583_001  0.000 -0.88 21.55  0.51  0.00 21.17 0.660  00  01O000M000  0.151
SER01B4583_002  0.000 -0.88 21.55  0.13  0.00 20.79 0.660  00  01O000M000  0.151
ASP01B4584_001  0.000 -3.75  9.94  2.97  0.00  9.16 1.000  00  01O000M000  0.806
ASP01B4584_002  0.000 -3.75  9.94  0.25  0.00  6.44 1.000  00  01O000M000  0.806
ASP02B4584_003  0.000 -3.67  7.54  2.97  0.00  6.84 1.000  00  02O000M000  0.821
ASP02B4584_004  0.000 -3.67  7.54  0.25  0.00  4.12 1.000  00  02O000M000  0.821
ASP-1B4584_005 -1.000 -3.65  7.58  0.25  0.00  4.18 1.000  00  -1O000M000  0.827
SER01B4585_001  0.000 -3.00  0.77  0.37  0.00 -1.85 0.664  00  01O000M000  0.515
SER01B4585_002  0.000 -3.00  0.77  0.38  0.00 -1.85 0.664  00  01O000M000  0.515
PRO01B4586_001  0.000 -5.13  0.36  0.00  0.00 -4.77 1.000  00  01O000M000  0.556
PRO01B4587_001  0.000 -4.30 -0.60  0.00  0.00 -4.90 1.000  00  01O000M000  0.440
CTR01B4587_001  0.000 -4.71  2.75  2.72  0.00  0.76 1.000  00  01O000M000  0.442
CTR01B4587_002  0.000 -4.82  2.46  0.00  0.00 -2.35 1.000  00  01O000M000  0.458
CTR02B4587_003  0.000 -4.71 23.49  2.72  0.00 21.49 1.000  00  02O000M000  0.442
CTR02B4587_004  0.000 -4.89  2.43  0.00  0.00 -2.46 1.000  00  02O000M000  0.459
CTR-1B4587_005 -1.000 -4.69  2.51  0.00  0.00 -2.18 1.000  00  -1O000M000  0.447
NTR01B4626_001  0.000 -3.49 -0.71  0.00  0.00 -4.20 1.000  00  01O000M000  0.357
NTR+1B4626_002  1.000 -3.49 -0.77  0.00  0.00 -4.26 1.000  00  +1O000M000  0.357
ASN01B4626_001  0.000 -3.17221.40  0.30  0.00218.53 1.000  00  01O000M000  0.625
MET01B4627_001  0.000 -4.30999.00  0.00  0.00999.00 1.000  00  01O000M000  0.391
VAL01B4628_001  0.000 -2.11 -1.23  0.00  0.00 -3.34 1.000  00  01O000M000  0.264
TYR01B4629_001  0.000 -3.59 -2.37  0.10  0.00 -5.86 1.000  00  01O000M000  0.569
TYR-1B4629_002 -1.000 -3.59 -2.37  0.10  0.00 -5.86 1.000  00  -1O000M000  0.569
TYR01B4630_001  0.000  0.83 -3.97  0.05  0.00 -3.09 1.000  00  01O000M000  0.269
TYR01B4630_002  0.000  0.83 -3.97  0.05  0.00 -3.09 1.000  00  01O000M000  0.269
TYR-1B4630_003 -1.000  0.83 -3.97  0.05  0.00 -3.09 1.000  00  -1O000M000  0.269
PHE01B4631_001  0.000  1.44 -6.11  0.20  0.00 -4.47 1.000  00  01O000M000  0.258
LEU01B4632_001  0.000 -2.30 -1.46  0.44  0.00 -3.33 1.000  00  01O000M000  0.362
GLU01B4633_001  0.000  0.66 -1.14  3.00  0.00  2.53 1.000  00  01O000M000  0.569
GLU01B4633_002  0.000  0.66 -1.14  0.28  0.00 -0.19 1.000  00  01O000M000  0.569
GLU02B4633_003  0.000 -0.07 -1.11  3.00  0.00  1.82 1.000  00  02O000M000  0.580
GLU02B4633_004  0.000 -0.07 -1.11  0.28  0.00 -0.90 1.000  00  02O000M000  0.580
GLU-1B4633_005 -1.000 -0.12 -1.08  0.28  0.00 -0.92 1.000  00  -1O000M000  0.580
GLU01B4634_001  0.000  0.75 -0.85  3.01  0.00  2.92 1.000  00  01O000M000  0.262
GLU01B4634_002  0.000  0.75 -0.85  0.29  0.00  0.20 1.000  00  01O000M000  0.262
GLU02B4634_003  0.000  0.39 -0.84  3.01  0.00  2.55 1.000  00  02O000M000  0.255
GLU02B4634_004  0.000  0.39 -0.84  0.29  0.00 -0.17 1.000  00  02O000M000  0.255
GLU-1B4634_005 -1.000  0.31 -0.81  0.29  0.00 -0.21 1.000  00  -1O000M000  0.254
SER01B4635_001  0.000 -4.92  1.51  0.42  0.00 -2.99 0.662  00  01O000M000  0.845
THR01B4636_001  0.000 -2.58  0.51  0.38  0.00 -1.69 0.665  00  01O000M000  0.309
THR01B4636_002  0.000 -2.58  0.51  0.38  0.00 -1.69 0.665  00  01O000M000  0.309
THR01B4636_003  0.000 -2.58  0.51  0.01  0.00 -2.06 0.665  00  01O000M000  0.309
TYR01B4638_001  0.000 -3.89  0.18  0.03  0.00 -3.69 1.000  00  01O000M000  0.595
TYR01B4638_002  0.000 -3.89  0.18  0.03  0.00 -3.69 1.000  00  01O000M000  0.595
TYR-1B4638_003 -1.000 -3.89  0.18  0.03  0.00 -3.69 1.000  00  -1O000M000  0.595
MET01B4639_001  0.000 16.62 -2.36  0.41  0.00 14.67 1.000  00  01O000M000  0.000
GLU01B4640_001  0.000 -0.34 -1.92  3.33  0.00  1.07 1.000  00  01O000M000  0.512
GLU01B4640_002  0.000 -0.34 -1.92  0.61  0.00 -1.65 1.000  00  01O000M000  0.512
GLU02B4640_003  0.000 -0.74 -1.76  3.33  0.00  0.83 1.000  00  02O000M000  0.508
GLU02B4640_004  0.000 -0.74 -1.76  0.61  0.00 -1.89 1.000  00  02O000M000  0.508
GLU-1B4640_005 -1.000 -0.73 -1.90  0.61  0.00 -2.02 1.000  00  -1O000M000  0.505
PRO01B4641_001  0.000 -5.94 -1.71  0.00  0.00 -7.65 1.000  00  01O000M000  0.645
ALA01B4642_001  0.000 -2.76 -1.22  0.00  0.00 -3.98 1.000  00  01O000M000  0.492
LEU01B4643_001  0.000  0.56 -3.96  0.73  0.00 -2.67 1.000  00  01O000M000  0.211
TRP01B4644_001  0.000 -7.67 -1.85  0.05  0.00 -9.47 1.000  00  01O000M000  0.637
CYS01B4645_001  0.000 -3.81 -1.51  0.05  0.00 -5.27 1.000  00  01O000M000  0.519
CYS01B4645_002  0.000 -3.81 -1.61  0.05  0.00 -5.37 1.000  00  01O000M000  0.519
CYS01B4645_003  0.000 -3.81 -1.50  0.05  0.00 -5.27 1.000  00  01O000M000  0.519
CYS-1B4645_004 -1.000 -3.81 -1.48  0.05  0.00 -5.24 1.000  00  -1O000M000  0.519
LEU01B4646_001  0.000 -2.28  0.68  0.59  0.00 -1.01 1.000  00  01O000M000  0.313
SER01B4647_001  0.000 -0.31  6.72  0.43  0.00  6.85 0.670  00  01O000M000  0.052
SER01B4647_002  0.000 -0.31  6.72  0.06  0.00  6.47 0.670  00  01O000M000  0.052
LEU01B4648_001  0.000 -2.65 -3.02  0.92  0.00 -4.75 1.000  00  01O000M000  0.453
LEU01B4649_001  0.000 -1.18 -1.49  0.51  0.00 -2.16 1.000  00  01O000M000  0.295
HIS01B4650_001  0.000 -0.12 -5.68  0.35  0.00 -5.45 1.000  00  01O000M000  0.000
HIS02B4650_002  0.000 -0.14 -5.71  0.35  0.00 -5.50 1.000  00  02O000M000  0.000
HIS+1B4650_003  1.000 -0.17 -5.74  0.35  0.00 -5.55 1.000  00  +1O000M000  0.000
THR01B4651_001  0.000 -1.15  0.09  0.48  0.00 -0.59 0.668  00  01O000M000  0.165
THR01B4651_002  0.000 -1.15  0.09  0.10  0.00 -0.96 0.668  00  01O000M000  0.165
LEU01B4652_001  0.000 -1.15 -2.90  0.86  0.00 -3.19 1.000  00  01O000M000  0.455
VAL01B4653_001  0.000  0.43  0.86  0.02  0.00  1.31 1.000  00  01O000M000  0.031
ALA01B4654_001  0.000  0.00 -1.95  0.00  0.00 -1.95 1.000  00  01O000M000  0.000
PHE01B4655_001  0.000 -2.48 -2.71  0.08  0.00 -5.11 1.000  00  01O000M000  0.537
LEU01B4656_001  0.000  0.22 -2.61  2.11  0.00 -0.28 1.000  00  01O000M000  0.170
CYS01B4657_001  0.000 -0.00 -3.49  0.22  0.00 -3.26 1.000  00  01O000M000  0.000
CYS01B4657_002  0.000 -0.00 -3.53  0.22  0.00 -3.31 1.000  00  01O000M000  0.000
CYS01B4657_003  0.000 -0.00 -3.46  0.22  0.00 -3.24 1.000  00  01O000M000  0.000
CYS-1B4657_004 -1.000  0.00 -3.41  0.22  0.00 -3.19 1.000  00  -1O000M000  0.000
ILE01B4658_001  0.000  0.09  0.75  0.51  0.00  1.34 1.000  00  01O000M000  0.205
ILE01B4659_001  0.000 -0.76  5.38  0.76  0.00  5.38 1.000  00  01O000M000  0.261
TYR01B4661_001  0.000  2.72 -3.64  0.09  0.00 -0.83 1.000  00  01O000M000  0.177
TYR-1B4661_002 -1.000  2.72 -3.64  0.09  0.00 -0.83 1.000  00  -1O000M000  0.177
ASN01B4662_001  0.000 -2.22  0.25  0.32  0.00 -1.65 0.755  00  01O000M000  0.511
ASN01B4662_002  0.000 -2.31  1.66  0.33  0.00 -0.33 0.745  00  01R001M000  0.502
CYS01B4663_001  0.000 -1.96 -1.57  0.32  0.00 -3.21 1.000  00  01O000M000  0.252
CYS01B4663_002  0.000 -1.96 -1.60  0.32  0.00 -3.24 1.000  00  01O000M000  0.252
CYS01B4663_003  0.000 -1.96 -1.57  0.32  0.00 -3.21 1.000  00  01O000M000  0.252
CYS-1B4663_004 -1.000 -1.96 -1.55  0.32  0.00 -3.19 1.000  00  -1O000M000  0.252
CTR01B4663_001  0.000 -3.61 -1.00  2.72  0.00 -1.90 1.000  00  01O000M000  0.347
CTR01B4663_002  0.000 -3.54 -1.30  0.00  0.00 -4.84 1.000  00  01O000M000  0.346
CTR02B4663_003  0.000 -3.46 -0.84  2.72  0.00 -1.57 1.000  00  02O000M000  0.329
CTR02B4663_004  0.000 -3.62 -1.36  0.00  0.00 -4.98 1.000  00  02O000M000  0.348
CTR-1B4663_005 -1.000 -3.44 -1.24  0.00  0.00 -4.68 1.000  00  -1O000M000  0.336
NTR01B4692_001  0.000 -1.75999.00  0.00  0.00999.00 1.000  00  01O000M000  0.181
NTR+1B4692_002  1.000 -1.75999.00  0.00  0.00999.00 1.000  00  +1O000M000  0.181
PRO01B4692_001  0.000 -1.69 -0.06  0.00  0.00 -1.75 1.000  00  01O000M000  0.219
ASP01B4694_001  0.000 -2.02  3.29  3.02  0.00  4.29 1.000  00  01O000M000  0.502
ASP01B4694_002  0.000 -2.02  3.29  0.30  0.00  1.57 1.000  00  01O000M000  0.502
ASP02B4694_003  0.000 -2.20  2.01  3.02  0.00  2.83 1.000  00  02O000M000  0.558
ASP02B4694_004  0.000 -2.20  2.01  0.30  0.00  0.11 1.000  00  02O000M000  0.558
ASP-1B4694_005 -1.000 -2.01  2.09  0.30  0.00  0.38 1.000  00  -1O000M000  0.522
ASP01B4695_001  0.000 -3.11  2.05  2.94  0.00  1.88 1.000  00  01O000M000  0.718
ASP01B4695_002  0.000 -3.11  2.05  0.22  0.00 -0.84 1.000  00  01O000M000  0.718
ASP02B4695_003  0.000 -3.03  1.29  2.94  0.00  1.20 1.000  00  02O000M000  0.737
ASP02B4695_004  0.000 -3.03  1.29  0.22  0.00 -1.52 1.000  00  02O000M000  0.737
ASP-1B4695_005 -1.000 -3.08  1.35  0.22  0.00 -1.52 1.000  00  -1O000M000  0.732
ASP01B4696_001  0.000 -3.18  3.00  3.53  0.00  3.34 1.000  00  01O000M000  0.757
ASP01B4696_002  0.000 -3.18  3.00  0.81  0.00  0.62 1.000  00  01O000M000  0.757
ASP02B4696_003  0.000 -3.12  2.23  3.53  0.00  2.64 1.000  00  02O000M000  0.753
ASP02B4696_004  0.000 -3.12  2.23  0.81  0.00 -0.08 1.000  00  02O000M000  0.753
ASP-1B4696_005 -1.000 -3.05  2.27  0.81  0.00  0.04 1.000  00  -1O000M000  0.760
VAL01B4697_001  0.000 -6.26  4.39  0.09  0.00 -1.77 1.000  00  01O000M000  0.683
LYS01B4698_001  0.000 -6.05  1.30  1.49  0.00 -3.25 1.000  00  01O000M000  0.677
LYS+1B4698_002  1.000 -6.09  1.30  1.49  0.00 -3.31 1.000  00  +1O000M000  0.677
GLN01B4700_001  0.000  0.15 -1.12  0.88  0.00 -0.09 0.745  00  01O000M000  0.350
GLN01B4700_002  0.000 -0.49 -1.27  0.82  0.00 -0.94 0.755  00  01R001M000  0.375
TRP01B4701_001  0.000 -0.37 -4.73  0.08  0.00 -5.01 1.000  00  01O000M000  0.243
ASP01B4702_001  0.000 -1.14  0.32  2.88  0.00  2.06 1.000  00  01O000M000  0.288
ASP01B4702_002  0.000 -1.14  0.32  0.16  0.00 -0.66 1.000  00  01O000M000  0.288
ASP02B4702_003  0.000 -1.15 -0.52  2.88  0.00  1.21 1.000  00  02O000M000  0.296
ASP02B4702_004  0.000 -1.15 -0.52  0.16  0.00 -1.51 1.000  00  02O000M000  0.296
ASP-1B4702_005 -1.000 -1.15 -0.48  0.16  0.00 -1.48 1.000  00  -1O000M000  0.288
ARG01B4703_001  0.000 -3.58 -3.18  0.43  0.00 -6.33 1.000  00  01O000M000  0.439
ARG02B4703_002  0.000 -3.62 -3.19  0.43  0.00 -6.38 1.000  00  02O000M000  0.439
ARG03B4703_003  0.000 -3.62 -3.18  0.43  0.00 -6.37 1.000  00  03O000M000  0.439
ARG+1B4703_004  1.000 -3.67 -3.19  0.43  0.00 -6.43 1.000  00  +1O000M000  0.439
LEU01B4704_001  0.000  0.89 -4.38  1.11  0.00 -2.38 1.000  00  01O000M000  0.263
VAL01B4705_001  0.000 -0.48  1.68  0.24  0.00  1.44 1.000  00  01O000M000  0.109
LEU01B4706_001  0.000 -2.16  1.68  0.42  0.00 -0.07 1.000  00  01O000M000  0.325
ASN01B4707_001  0.000 -0.85 -2.62  0.79  0.00 -2.68 0.747  00  01O000M000  0.304
ASN01B4707_002  0.000 -1.03  1.04  0.82  0.00  0.83 0.753  00  01R001M000  0.291
THR01B4708_001  0.000  0.06  2.55  0.51  0.00  3.12 0.668  00  01O000M000  0.022
THR01B4708_002  0.000  0.06  2.55  0.51  0.00  3.12 0.668  00  01O000M000  0.022
THR01B4708_003  0.000  0.06  2.55  0.14  0.00  2.74 0.668  00  01O000M000  0.022
CTR01B4708_001  0.000 -2.28 -0.77  2.72  0.00 -0.33 1.000  00  01O000M000  0.222
CTR01B4708_002  0.000 -2.14 -1.01  0.00  0.00 -3.15 1.000  00  01O000M000  0.222
CTR02B4708_003  0.000 -2.30 -0.97  2.72  0.00 -0.55 1.000  00  02O000M000  0.223
CTR02B4708_004  0.000 -2.24 -0.98  0.00  0.00 -3.22 1.000  00  02O000M000  0.224
CTR-1B4708_005 -1.000 -2.26 -0.91  0.00  0.00 -3.17 1.000  00  -1O000M000  0.226
NTR01B4710_001  0.000 -1.95 -0.45  0.00  0.00 -2.40 1.000  00  01O000M000  0.195
NTR+1B4710_002  1.000 -1.72 -0.47  0.00  0.00 -2.18 1.000  00  +1O000M000  0.171
CTR01B4710_001  0.000 -2.80 -0.40  2.72  0.00 -0.48 1.000  00  01O000M000  0.271
CTR01B4710_002  0.000 -2.73 -0.40  0.00  0.00 -3.14 1.000  00  01O000M000  0.277
CTR02B4710_003  0.000 -2.80 -0.42  2.72  0.00 -0.50 1.000  00  02O000M000  0.273
CTR02B4710_004  0.000 -2.76 -0.41  0.00  0.00 -3.17 1.000  00  02O000M000  0.275
CTR-1B4710_005 -1.000 -2.78 -0.39  0.00  0.00 -3.17 1.000  00  -1O000M000  0.277
SER01B4710_001  0.000 -1.96 -0.42  0.42  0.00 -1.96 0.668  00  01O000M000  0.194
SER01B4710_002  0.000 -1.96 -0.42  0.42  0.00 -1.96 0.668  00  01O000M000  0.194
SER01B4710_003  0.000 -1.96 -0.42  0.04  0.00 -2.34 0.668  00  01O000M000  0.194
NTR01B4730_001  0.000 -2.02 -0.72  0.00  0.00 -2.74 1.000  00  01O000M000  0.202
NTR+1B4730_002  1.000 -2.02 -0.79  0.00  0.00 -2.81 1.000  00  +1O000M000  0.202
ASP01B4730_001  0.000 -3.47  0.58  2.90  0.00  0.02 1.000  00  01O000M000  0.744
ASP01B4730_002  0.000 -3.47  0.58  0.18  0.00 -2.70 1.000  00  01O000M000  0.744
ASP02B4730_003  0.000 -3.46  0.40  2.90  0.00 -0.15 1.000  00  02O000M000  0.767
ASP02B4730_004  0.000 -3.46  0.40  0.18  0.00 -2.87 1.000  00  02O000M000  0.767
ASP-1B4730_005 -1.000 -3.43  0.43  0.18  0.00 -2.82 1.000  00  -1O000M000  0.758
ILE01B4731_001  0.000 -4.22  4.28  0.44  0.00  0.51 1.000  00  01O000M000  0.642
PHE01B4732_001  0.000 -5.08  4.67  0.09  0.00 -0.32 1.000  00  01O000M000  0.631
ARG01B4734_001  0.000 -6.80 -0.63  0.44  0.00 -6.99 1.000  00  01O000M000  0.637
ARG02B4734_002  0.000 -6.82 -0.63  0.44  0.00 -7.01 1.000  00  02O000M000  0.637
ARG03B4734_003  0.000 -6.73 -0.62  0.44  0.00 -6.90 1.000  00  03O000M000  0.637
ARG+1B4734_004  1.000 -6.87 -0.63  0.44  0.00 -7.05 1.000  00  +1O000M000  0.637
GLU01B4735_001  0.000  0.45 -0.75  4.20  0.00  3.91 1.000  00  01O000M000  0.712
GLU01B4735_002  0.000  0.45 -0.75  1.48  0.00  1.19 1.000  00  01O000M000  0.712
GLU02B4735_003  0.000 -0.23 -0.82  4.20  0.00  3.15 1.000  00  02O000M000  0.699
GLU02B4735_004  0.000 -0.23 -0.82  1.48  0.00  0.43 1.000  00  02O000M000  0.699
GLU-1B4735_005 -1.000 -0.28 -0.77  1.48  0.00  0.43 1.000  00  -1O000M000  0.706
ARG01B4736_001  0.000 -3.86  2.26  0.64  0.00 -0.96 1.000  00  01O000M000  0.587
ARG02B4736_002  0.000 -3.91  2.21  0.64  0.00 -1.07 1.000  00  02O000M000  0.587
ARG03B4736_003  0.000 -3.82  2.21  0.64  0.00 -0.97 1.000  00  03O000M000  0.587
ARG+1B4736_004  1.000 -3.95  2.21  0.64  0.00 -1.11 1.000  00  +1O000M000  0.587
ILE01B4737_001  0.000 -1.94  2.61  0.68  0.00  1.35 1.000  00  01O000M000  0.314
ALA01B4738_001  0.000 -0.82  2.50  0.00  0.00  1.67 1.000  00  01O000M000  0.147
GLU01B4739_001  0.000  1.23 -2.80  4.27  0.00  2.70 1.000  00  01O000M000  0.580
GLU01B4739_002  0.000  1.23 -2.80  1.55  0.00 -0.02 1.000  00  01O000M000  0.580
GLU02B4739_003  0.000  0.34 -3.01  4.27  0.00  1.61 1.000  00  02O000M000  0.595
GLU02B4739_004  0.000  0.34 -3.01  1.55  0.00 -1.11 1.000  00  02O000M000  0.595
GLU-1B4739_005 -1.000  0.39 -2.94  1.55  0.00 -1.00 1.000  00  -1O000M000  0.592
LEU01B4740_001  0.000 -2.22 -0.14  0.46  0.00 -1.90 1.000  00  01O000M000  0.394
LEU01B4741_001  0.000 -3.24  0.49  0.54  0.00 -2.21 1.000  00  01O000M000  0.411
MET01B4743_001  0.000 -2.62  3.37  0.38  0.00  1.14 1.000  00  01O000M000  0.358
ASP01B4744_001  0.000 -2.76999.00  2.97  0.00999.00 1.000  00  01O000M000  0.586
ASP01B4744_002  0.000 -2.76173.87  0.25  0.00171.36 1.000  00  01O000M000  0.586
ASP02B4744_003  0.000 -2.82138.84  2.97  0.00138.99 1.000  00  02O000M000  0.604
ASP02B4744_004  0.000 -2.82138.84  0.25  0.00136.27 1.000  00  02O000M000  0.604
ASP-1B4744_005 -1.000 -2.69138.89  0.25  0.00136.45 1.000  00  -1O000M000  0.581
LEU01B4745_001  0.000 -4.79999.00  2.94  0.00999.00 1.000  00  01O000M000  0.540
ALA01B4746_001  0.000 -1.08 -1.51  0.00  0.00 -2.59 1.000  00  01O000M000  0.200
SER01B4747_001  0.000 -1.47 -0.64  0.46  0.00 -1.65 0.672  00  01O000M000  0.241
SER01B4747_002  0.000 -1.47 -0.64  0.09  0.00 -2.02 0.672  00  01O000M000  0.241
LEU01B4748_001  0.000 -4.65999.00  2.94  0.00999.00 1.000  00  01O000M000  0.519
GLU01B4749_001  0.000 -1.88105.30  3.22  0.00106.64 1.000  00  01O000M000  0.511
GLU01B4749_002  0.000 -1.88105.30  0.50  0.00103.92 1.000  00  01O000M000  0.511
GLU02B4749_003  0.000 -1.78105.29  3.22  0.00106.73 1.000  00  02O000M000  0.526
GLU02B4749_004  0.000 -1.78105.29  0.50  0.00104.01 1.000  00  02O000M000  0.526
GLU-1B4749_005 -1.000 -1.89105.34  0.50  0.00103.95 1.000  00  -1O000M000  0.514
ILE01B4750_001  0.000 -2.53999.00  0.33  0.00999.00 1.000  00  01O000M000  0.282
THR01B4751_001  0.000 -5.47  0.07  0.38  0.00 -5.02 0.664  00  01O000M000  0.653
ALA01B4752_001  0.000 -3.02 -0.74  0.00  0.00 -3.75 1.000  00  01O000M000  0.560
HIS01B4753_001  0.000 -2.60999.00  0.00  0.00999.00 1.000  00  01O000M000  0.190
HIS02B4753_002  0.000 -2.61999.00  0.00  0.00999.00 1.000  00  02O000M000  0.190
HIS+1B4753_003  1.000 -2.63999.00  0.00  0.00999.00 1.000  00  +1O000M000  0.190
ASN01B4754_001  0.000 -1.89999.00  0.30  0.00999.00 0.000  00  01O000M000  0.386
ASN01B4754_002  0.000 -2.04867.85  0.30  0.00866.10 1.000  00  01R001M000  0.406
GLU01B4755_001  0.000 -2.43 -0.17  3.22  0.00  0.63 1.000  00  01O000M000  0.620
GLU01B4755_002  0.000 -2.43 -0.17  0.50  0.00 -2.09 1.000  00  01O000M000  0.620
GLU02B4755_003  0.000 -2.33 -0.17  3.22  0.00  0.72 1.000  00  02O000M000  0.630
GLU02B4755_004  0.000 -2.33 -0.17  0.50  0.00 -2.00 1.000  00  02O000M000  0.630
GLU-1B4755_005 -1.000 -2.49 -0.15  0.50  0.00 -2.13 1.000  00  -1O000M000  0.634
ARG01B4756_001  0.000999.00999.00  2.94  0.00999.00 1.000  00  01O000M000  0.441
ARG02B4756_002  0.000999.00999.00  2.94  0.00999.00 1.000  00  02O000M000  0.441
ARG03B4756_003  0.000999.00999.00  2.94  0.00999.00 1.000  00  03O000M000  0.441
ARG03B4756_004  0.000185.21999.00  2.94  0.00999.00 1.000  00  03O000M000  0.441
ARG+1B4756_005  1.000999.00999.00  2.94  0.00999.00 1.000  00  +1O000M000  0.441
LYS01B4757_001  0.000  2.76999.00  0.95  0.00999.00 1.000  00  01O000M000  0.086
LYS+1B4757_002  1.000  2.66999.00  0.95  0.00999.00 1.000  00  +1O000M000  0.086
PRO01B4758_001  0.000 -5.18 -0.52  0.00  0.00 -5.70 1.000  00  01O000M000  0.552
ASP01B4759_001  0.000 -3.28999.00  2.97  0.00999.00 1.000  00  01O000M000  0.687
ASP01B4759_002  0.000 -3.28282.46  0.25  0.00279.43 1.000  00  01O000M000  0.687
ASP02B4759_003  0.000 -3.25226.60  2.97  0.00226.32 1.000  00  02O000M000  0.694
ASP02B4759_004  0.000 -3.25226.60  0.25  0.00223.60 1.000  00  02O000M000  0.694
ASP-1B4759_005 -1.000 -3.08226.65  0.25  0.00223.82 1.000  00  -1O000M000  0.686
PRO01B4760_001  0.000 -6.53 -0.67  0.00  0.00 -7.20 1.000  00  01O000M000  0.702
PRO01B4761_001  0.000 -6.52 -0.55  0.00  0.00 -7.08 1.000  00  01O000M000  0.706
PRO01B4762_001  0.000 -5.54 -0.29  0.00  0.00 -5.83 1.000  00  01O000M000  0.606
LEU01B4764_001  0.000 -3.51999.00  2.94  0.00999.00 1.000  00  01O000M000  0.408
LEU01B4765_001  0.000 -3.58999.00  2.94  0.00999.00 1.000  00  01O000M000  0.433
THR01B4766_001  0.000 -4.77 23.44  0.41  0.00 19.09 0.668  00  01O000M000  0.568
THR01B4766_002  0.000 -4.77 23.44  0.04  0.00 18.71 0.668  00  01O000M000  0.568
TRP01B4767_001  0.000 -4.44 -2.12  0.00  0.00 -6.56 1.000  00  01O000M000  0.448
LEU01B4768_001  0.000 -4.03 -2.28  1.11  0.00 -5.20 1.000  00  01O000M000  0.651
MET01B4769_001  0.000 -9.60 -1.62  0.30  0.00-10.92 1.000  00  01O000M000  0.847
SER01B4770_001  0.000 -3.11 -0.49  0.38  0.00 -3.22 0.671  00  01O000M000  0.533
ILE01B4771_001  0.000 -2.71  0.19  0.46  0.00 -2.06 1.000  00  01O000M000  0.400
ASP01B4772_001  0.000 -2.42  1.00  3.20  0.00  1.78 1.000  00  01O000M000  0.562
ASP01B4772_002  0.000 -2.42  1.00  0.48  0.00 -0.94 1.000  00  01O000M000  0.562
ASP02B4772_003  0.000 -2.46  0.36  3.20  0.00  1.10 1.000  00  02O000M000  0.586
ASP02B4772_004  0.000 -2.46  0.36  0.48  0.00 -1.62 1.000  00  02O000M000  0.586
ASP-1B4772_005 -1.000 -2.37  0.40  0.48  0.00 -1.49 1.000  00  -1O000M000  0.557
VAL01B4773_001  0.000 -5.11  2.59  0.06  0.00 -2.46 1.000  00  01O000M000  0.559
LYS01B4774_001  0.000 -4.49 -2.20  1.37  0.00 -5.33 1.000  00  01O000M000  0.477
LYS+1B4774_002  1.000 -4.54 -2.21  1.37  0.00 -5.38 1.000  00  +1O000M000  0.477
TYR01B4775_001  0.000  1.07 -2.75  0.06  0.00 -1.62 1.000  00  01O000M000  0.276
TYR-1B4775_002 -1.000  1.07 -2.75  0.06  0.00 -1.62 1.000  00  -1O000M000  0.276
GLN01B4776_001  0.000 -0.95 -1.74  1.13  0.00 -1.56 0.748  00  01O000M000  0.398
GLN01B4776_002  0.000 -1.16 -1.67  1.11  0.00 -1.73 0.752  00  01R001M000  0.405
ILE01B4777_001  0.000 -1.30  6.27  0.84  0.00  5.81 1.000  00  01O000M000  0.373
TRP01B4778_001  0.000  1.06 -6.73  0.03  0.00 -5.64 1.000  00  01O000M000  0.178
LYS01B4779_001  0.000 -2.48  1.22  1.24  0.00 -0.02 1.000  00  01O000M000  0.341
LYS+1B4779_002  1.000 -2.53  1.21  1.24  0.00 -0.08 1.000  00  +1O000M000  0.341
PHE01B4780_001  0.000 -0.92 -5.20  0.05  0.00 -6.07 1.000  00  01O000M000  0.430
VAL01B4782_001  0.000 -1.81  4.23  0.48  0.00  2.91 1.000  00  01O000M000  0.301
ILE01B4783_001  0.000 -1.33  3.38  0.59  0.00  2.64 1.000  00  01O000M000  0.316
PHE01B4784_001  0.000 -3.23  1.83  0.61  0.00 -0.80 1.000  00  01O000M000  0.541
THR01B4785_001  0.000 -3.16 19.11  0.98  0.00 16.94 0.670  00  01O000M000  0.398
THR01B4785_002  0.000 -3.16 19.11  0.61  0.00 16.56 0.670  00  01O000M000  0.398
ASP01B4786_001  0.000 -1.61 12.95  3.63  0.00 14.97 1.000  00  01O000M000  0.445
ASP01B4786_002  0.000 -1.61 12.95  0.91  0.00 12.25 1.000  00  01O000M000  0.445
ASP02B4786_003  0.000 -1.47 18.38  3.63  0.00 20.54 1.000  00  02O000M000  0.422
ASP02B4786_004  0.000 -1.47 18.38  0.91  0.00 17.82 1.000  00  02O000M000  0.422
ASP-1B4786_005 -1.000 -1.56 12.94  0.91  0.00 12.29 1.000  00  -1O000M000  0.434
ASN01B4787_001  0.000 -3.40  0.21  0.83  0.00 -2.36 0.750  00  01O000M000  0.799
ASN01B4787_002  0.000 -3.56  1.70  0.81  0.00 -1.05 0.750  00  01R001M000  0.795
SER01B4788_001  0.000 -3.38 -0.48  0.41  0.00 -3.46 0.665  00  01O000M000  0.560
SER01B4788_002  0.000 -3.38 -0.48  0.03  0.00 -3.83 0.665  00  01O000M000  0.560
PHE01B4789_001  0.000  4.18 -2.23  0.34  0.00  2.29 1.000  00  01O000M000  0.108
LEU01B4790_001  0.000 -2.47 -0.73  0.40  0.00 -2.81 1.000  00  01O000M000  0.448
TYR01B4791_001  0.000  1.79 -3.99  0.01  0.00 -2.20 1.000  00  01O000M000  0.266
TYR01B4791_002  0.000  1.79 -3.99  0.01  0.00 -2.20 1.000  00  01O000M000  0.266
TYR-1B4791_003 -1.000  1.79 -3.99  0.01  0.00 -2.20 1.000  00  -1O000M000  0.266
LEU01B4792_001  0.000  1.11  2.88  1.82  0.00  5.81 1.000  00  01O000M000  0.022
TRP01B4794_001  0.000 -5.19 -4.46  0.15  0.00 -9.50 1.000  00  01O000M000  0.550
TYR01B4795_001  0.000  5.36 -5.88  0.04  0.00 -0.48 1.000  00  01O000M000  0.009
TYR-1B4795_002 -1.000  5.36 -5.88  0.04  0.00 -0.48 1.000  00  -1O000M000  0.009
MET01B4796_001  0.000 -1.12 -4.65  0.77  0.00 -5.00 1.000  00  01O000M000  0.098
VAL01B4797_001  0.000 -3.25  1.85  0.01  0.00 -1.39 1.000  00  01O000M000  0.399
MET01B4798_001  0.000 -1.37 -3.96  1.89  0.00 -3.44 1.000  00  01O000M000  0.110
SER01B4799_001  0.000  0.00 -2.48  0.49  0.00 -1.99 0.668  00  01O000M000  0.000
SER01B4799_002  0.000  0.00 -2.48  0.49  0.00 -1.99 0.668  00  01O000M000  0.000
SER01B4799_003  0.000  0.00 -2.48  0.11  0.00 -2.37 0.668  00  01O000M000  0.000
LEU01B4800_001  0.000 -3.99 -2.73  1.75  0.00 -4.97 1.000  00  01O000M000  0.524
LEU01B4801_001  0.000 -1.47 -2.52  2.11  0.00 -1.88 1.000  00  01O000M000  0.264
HIS01B4803_001  0.000 -3.51 -5.61  0.08  0.00 -9.04 0.749  00  01O000M000  0.292
HIS01B4803_002  0.000 -3.18 -5.70  0.08  0.00 -8.80 0.751  00  01R001M000  0.267
HIS02B4803_003  0.000 -3.53 -5.62  0.08  0.00 -9.07 0.749  00  02O000M000  0.292
HIS02B4803_004  0.000 -3.20 -5.70  0.08  0.00 -8.81 0.751  00  02R001M000  0.267
HIS+1B4803_005  1.000 -3.55 -5.66  0.08  0.00 -9.13 0.749  00  +1O000M000  0.292
HIS+1B4803_006  1.000 -3.23 -5.79  0.08  0.00 -8.93 0.751  00  +1R001M000  0.267
TYR01B4804_001  0.000 -5.00 -0.66  0.36  0.00 -5.31 1.000  00  01O000M000  0.608
TYR-1B4804_002 -1.000 -5.00 -0.66  0.36  0.00 -5.31 1.000  00  -1O000M000  0.608
ASN01B4805_001  0.000 -2.13  0.67  0.31  0.00 -1.15 0.742  00  01O000M000  0.487
ASN01B4805_002  0.000 -1.95  1.85  0.31  0.00  0.21 0.758  00  01R001M000  0.419
ASN01B4806_001  0.000 -1.21  0.58  1.43  0.00  0.81 0.000  00  01O000M000  0.352
ASN01B4806_002  0.000 -1.29  1.47  1.46  0.00  1.64 1.000  00  01R001M000  0.320
PHE01B4807_001  0.000 -6.64 -1.50  0.02  0.00 -8.11 1.000  00  01O000M000  0.834
PHE01B4808_001  0.000  1.38 -3.48  0.08  0.00 -2.02 1.000  00  01O000M000  0.300
PHE01B4809_001  0.000  5.06 -6.55  0.00  0.00 -1.49 1.000  00  01O000M000  0.022
ALA01B4810_001  0.000 -2.13 -0.42  0.00  0.00 -2.54 1.000  00  01O000M000  0.395
ALA01B4811_001  0.000 -1.39 -0.99  0.00  0.00 -2.38 1.000  00  01O000M000  0.255
HIS01B4812_001  0.000 -0.12 11.94  0.01  0.00 11.83 1.000  00  01O000M000  0.000
HIS02B4812_002  0.000 -0.14 35.62  0.01  0.00 35.50 1.000  00  02O000M000  0.000
HIS+1B4812_003  1.000 -0.16 35.47  0.01  0.00 35.31 1.000  00  +1O000M000  0.000
LEU01B4813_001  0.000 -0.27 -2.93  1.59  0.00 -1.62 1.000  00  01O000M000  0.282
LEU01B4814_001  0.000 -6.02  0.37  0.41  0.00 -5.24 1.000  00  01O000M000  0.686
ASP01B4815_001  0.000  0.30 -2.30  3.70  0.00  1.71 1.000  00  01O000M000  0.019
ASP01B4815_002  0.000  0.30 -2.30  0.98  0.00 -1.01 1.000  00  01O000M000  0.019
ASP02B4815_003  0.000  0.37 -2.31  3.70  0.00  1.76 1.000  00  02O000M000  0.019
ASP02B4815_004  0.000  0.37 -2.31  0.98  0.00 -0.96 1.000  00  02O000M000  0.019
ASP-1B4815_005 -1.000  0.26 -2.30  0.98  0.00 -1.05 1.000  00  -1O000M000  0.019
ILE01B4816_001  0.000  2.03  0.89  2.02  0.00  4.95 1.000  00  01O000M000  0.115
ALA01B4817_001  0.000 -4.20 -0.87  0.00  0.00 -5.07 1.000  00  01O000M000  0.788
MET01B4818_001  0.000 -6.48 -2.42  2.03  0.00 -6.87 1.000  00  01O000M000  0.570
CTR01B4819_001  0.000 -5.35 -1.05  2.72  0.00 -3.68 1.000  00  01O000M000  0.512
CTR01B4819_002  0.000 -5.07 -1.27  0.00  0.00 -6.34 1.000  00  01O000M000  0.499
CTR02B4819_003  0.000 -5.04 -1.05  2.72  0.00 -3.37 1.000  00  02O000M000  0.480
CTR02B4819_004  0.000 -4.98 -1.31  0.00  0.00 -6.28 1.000  00  02O000M000  0.492
CTR-1B4819_005 -1.000 -5.02 -1.21  0.00  0.00 -6.23 1.000  00  -1O000M000  0.492
NTR01B4852_001  0.000 -2.93 -0.42  0.00  0.00 -3.34 1.000  00  01O000M000  0.291
NTR+1B4852_002  1.000 -2.93 -0.49  0.00  0.00 -3.42 1.000  00  +1O000M000  0.291
THR01B4852_001  0.000 -0.50 -1.29  0.45  0.00 -1.33 0.661  00  01O000M000  0.077
THR01B4852_002  0.000 -0.50 -1.29  0.45  0.00 -1.33 0.661  00  01O000M000  0.077
THR01B4852_003  0.000 -0.50 -1.29  0.08  0.00 -1.71 0.661  00  01O000M000  0.077
VAL01B4853_001  0.000 -5.15  4.36  0.24  0.00 -0.55 1.000  00  01O000M000  0.575
VAL01B4854_001  0.000 -2.75  1.92  0.02  0.00 -0.82 1.000  00  01O000M000  0.341
ALA01B4855_001  0.000 -1.27 -0.97  0.00  0.00 -2.23 1.000  00  01O000M000  0.222
PHE01B4856_001  0.000  2.96 -6.00  0.08  0.00 -2.97 1.000  00  01O000M000  0.167
ASN01B4857_001  0.000 -1.91 -0.80  0.41  0.00 -2.30 1.000  00  01O000M000  0.487
PHE01B4858_001  0.000 -2.86  2.61  0.30  0.00  0.04 1.000  00  01O000M000  0.584
PHE01B4859_001  0.000 -1.74 -3.09  0.09  0.00 -4.74 1.000  00  01O000M000  0.077
ARG01B4860_001  0.000 -3.53 -4.33  0.58  0.00 -7.27 1.000  00  01O000M000  0.529
ARG02B4860_002  0.000 -3.57 -4.33  0.58  0.00 -7.32 1.000  00  02O000M000  0.529
ARG03B4860_003  0.000 -3.54 -4.28  0.58  0.00 -7.23 1.000  00  03O000M000  0.529
ARG+1B4860_004  1.000 -3.61 -4.34  0.58  0.00 -7.37 1.000  00  +1O000M000  0.529
LYS01B4861_001  0.000 -2.71 -0.01  1.06  0.00 -1.66 1.000  00  01O000M000  0.483
LYS+1B4861_002  1.000 -2.77 -0.03  1.06  0.00 -1.73 1.000  00  +1O000M000  0.483
PHE01B4862_001  0.000  3.49 -0.86  0.30  0.00  2.93 1.000  00  01O000M000  0.155
TYR01B4863_001  0.000  4.31  1.28  0.84  0.00  6.43 1.000  00  01O000M000  0.047
TYR01B4863_002  0.000  4.31  1.28  0.84  0.00  6.43 1.000  00  01O000M000  0.047
TYR-1B4863_003 -1.000  4.31  1.28  0.84  0.00  6.43 1.000  00  -1O000M000  0.047
ASN01B4864_001  0.000 -1.01 -1.90  0.80  0.00 -2.11 0.755  00  01O000M000  0.279
ASN01B4864_002  0.000 -0.70 -1.19  0.74  0.00 -1.15 0.745  00  01R001M000  0.259
LYS01B4865_001  0.000  0.89  2.56  1.10  0.00  4.54 1.000  00  01O000M000  0.192
LYS+1B4865_002  1.000  0.83  2.54  1.10  0.00  4.48 1.000  00  +1O000M000  0.192
SER01B4866_001  0.000 -3.82  6.13  0.39  0.00  2.70 0.666  00  01O000M000  0.660
SER01B4866_002  0.000 -3.82  6.13  0.02  0.00  2.32 0.666  00  01O000M000  0.660
GLU01B4867_001  0.000  1.45 27.72  4.52  0.00 33.70 1.000  00  01O000M000  0.483
GLU01B4867_002  0.000  1.45 27.72  1.80  0.00 30.98 1.000  00  01O000M000  0.483
GLU02B4867_003  0.000  0.62 27.40  4.52  0.00 32.54 1.000  00  02O000M000  0.497
GLU02B4867_004  0.000  0.62 27.40  1.80  0.00 29.82 1.000  00  02O000M000  0.497
GLU-1B4867_005 -1.000  0.67 27.43  1.80  0.00 29.90 1.000  00  -1O000M000  0.493
ASP01B4868_001  0.000 -3.51 -1.17  3.66  0.00 -1.03 1.000  00  01O000M000  0.860
ASP01B4868_002  0.000 -3.51 -1.17  0.94  0.00 -3.75 1.000  00  01O000M000  0.860
ASP02B4868_003  0.000 -3.34 -1.20  3.66  0.00 -0.88 1.000  00  02O000M000  0.860
ASP02B4868_004  0.000 -3.34 -1.20  0.94  0.00 -3.60 1.000  00  02O000M000  0.860
ASP-1B4868_005 -1.000 -3.40 -1.20  0.94  0.00 -3.66 1.000  00  -1O000M000  0.871
GLU01B4869_001  0.000 -2.40  0.05  3.07  0.00  0.72 1.000  00  01O000M000  0.867
GLU01B4869_002  0.000 -2.40  0.05  0.35  0.00 -2.00 1.000  00  01O000M000  0.867
GLU02B4869_003  0.000 -2.65 -0.02  3.07  0.00  0.40 1.000  00  02O000M000  0.873
GLU02B4869_004  0.000 -2.65 -0.02  0.35  0.00 -2.32 1.000  00  02O000M000  0.873
GLU-1B4869_005 -1.000 -2.73  0.02  0.35  0.00 -2.37 1.000  00  -1O000M000  0.865
ASP01B4870_001  0.000 -2.64 -0.19  3.09  0.00  0.25 1.000  00  01O000M000  0.652
ASP01B4870_002  0.000 -2.64 -0.19  0.37  0.00 -2.47 1.000  00  01O000M000  0.652
ASP02B4870_003  0.000 -2.61 -0.85  3.09  0.00 -0.37 1.000  00  02O000M000  0.652
ASP02B4870_004  0.000 -2.61 -0.85  0.37  0.00 -3.09 1.000  00  02O000M000  0.652
ASP-1B4870_005 -1.000 -2.54 -0.80  0.37  0.00 -2.97 1.000  00  -1O000M000  0.641
GLU01B4871_001  0.000  2.02 -5.41  3.40  0.00  0.01 1.000  00  01O000M000  0.308
GLU01B4871_002  0.000  2.02 -5.41  0.68  0.00 -2.71 1.000  00  01O000M000  0.308
GLU02B4871_003  0.000  1.44 -5.70  3.40  0.00 -0.86 1.000  00  02O000M000  0.285
GLU02B4871_004  0.000  1.44 -5.70  0.68  0.00 -3.58 1.000  00  02O000M000  0.285
GLU-1B4871_005 -1.000  1.43 -5.71  0.68  0.00 -3.59 1.000  00  -1O000M000  0.275
CTR01B4871_001  0.000 -1.02 22.80  2.72  0.00 24.50 1.000  00  01O000M000  0.094
CTR01B4871_002  0.000 -0.93 22.53  0.00  0.00 21.60 1.000  00  01O000M000  0.097
CTR02B4871_003  0.000 -1.03 77.67  2.72  0.00 79.37 1.000  00  02O000M000  0.095
CTR02B4871_004  0.000 -0.97 25.66  0.00  0.00 24.69 1.000  00  02O000M000  0.094
CTR-1B4871_005 -1.000 -1.00 22.75  0.00  0.00 21.75 1.000  00  -1O000M000  0.096
NTR01B4872_001  0.000 -0.64238.93  0.00  0.00238.29 1.000  00  01O000M000  0.062
NTR+1B4872_002  1.000 -0.64363.59  0.00  0.00362.95 1.000  00  +1O000M000  0.062
PRO01B4872_001  0.000 -5.45 -0.48  0.00  0.00 -5.93 1.000  00  01O000M000  0.645
ASP01B4873_001  0.000 -1.65  0.13  2.95  0.00  1.44 1.000  00  01O000M000  0.401
ASP01B4873_002  0.000 -1.65  0.13  0.23  0.00 -1.28 1.000  00  01O000M000  0.401
ASP02B4873_003  0.000 -1.63 -0.54  2.95  0.00  0.78 1.000  00  02O000M000  0.411
ASP02B4873_004  0.000 -1.63 -0.54  0.23  0.00 -1.94 1.000  00  02O000M000  0.411
ASP-1B4873_005 -1.000 -1.68 -0.48  0.23  0.00 -1.92 1.000  00  -1O000M000  0.404
MET01B4874_001  0.000 -1.45 -5.89  0.45  0.00 -6.90 1.000  00  01O000M000  0.146
LYS01B4875_001  0.000 -0.77 -0.56  1.21  0.00 -0.12 1.000  00  01O000M000  0.297
LYS+1B4875_002  1.000 -0.82 -0.59  1.21  0.00 -0.21 1.000  00  +1O000M000  0.297
CYS01B4876_001  0.000 -0.00  2.38  1.81  0.00  4.19 1.000  00  01O000M000  0.000
CYS01B4876_002  0.000 -0.00  2.47  1.81  0.00  4.28 1.000  00  01O000M000  0.000
CYS01B4876_003  0.000 -0.00  2.34  1.81  0.00  4.15 1.000  00  01O000M000  0.000
CYS-1B4876_004 -1.000  0.00  2.56  1.81  0.00  4.37 1.000  00  -1O000M000  0.000
ASP01B4877_001  0.000 -1.52 -1.10  2.89  0.00  0.27 1.000  00  01O000M000  0.355
ASP01B4877_002  0.000 -1.52 -1.10  0.17  0.00 -2.45 1.000  00  01O000M000  0.355
ASP02B4877_003  0.000 -1.50 -1.64  2.89  0.00 -0.26 1.000  00  02O000M000  0.372
ASP02B4877_004  0.000 -1.50 -1.64  0.17  0.00 -2.98 1.000  00  02O000M000  0.372
ASP-1B4877_005 -1.000 -1.49 -1.75  0.17  0.00 -3.07 1.000  00  -1O000M000  0.360
ASP01B4878_001  0.000 -2.09 33.91  2.97  0.00 34.79 1.000  00  01O000M000  0.444
ASP01B4878_002  0.000 -2.09 33.91  0.25  0.00 32.07 1.000  00  01O000M000  0.444
ASP02B4878_003  0.000 -2.23 25.80  2.97  0.00 26.55 1.000  00  02O000M000  0.481
ASP02B4878_004  0.000 -2.23 25.80  0.25  0.00 23.83 1.000  00  02O000M000  0.481
ASP-1B4878_005 -1.000 -2.09 25.88  0.25  0.00 24.04 1.000  00  -1O000M000  0.467
MET01B4879_001  0.000 -5.45 -2.05  0.39  0.00 -7.12 1.000  00  01O000M000  0.459
MET01B4880_001  0.000 -8.90 -0.92  0.63  0.00 -9.18 1.000  00  01O000M000  0.910
THR01B4881_001  0.000 -2.16 -1.95  0.40  0.00 -3.70 0.751  00  01O000M000  0.280
THR01B4881_002  0.000 -2.16 -1.95  0.40  0.00 -3.70 0.751  00  01O000M000  0.280
THR01B4881_003  0.000 -2.16 -1.95  0.03  0.00 -4.08 0.751  00  01O000M000  0.280
CYS01B4882_001  0.000 -0.14 -3.45  0.05  0.00 -3.55 1.000  00  01O000M000  0.020
CYS01B4882_002  0.000 -0.14 -3.43  0.05  0.00 -3.53 1.000  00  01O000M000  0.020
CYS01B4882_003  0.000 -0.15 -3.46  0.05  0.00 -3.56 1.000  00  01O000M000  0.020
CYS-1B4882_004 -1.000 -0.14 -3.38  0.05  0.00 -3.47 1.000  00  -1O000M000  0.020
TYR01B4883_001  0.000 -4.99 -1.62  0.10  0.00 -6.51 1.000  00  01O000M000  0.672
TYR-1B4883_002 -1.000 -4.99 -1.62  0.10  0.00 -6.51 1.000  00  -1O000M000  0.672
CTR01B4883_001  0.000 -3.60 -0.78  2.72  0.00 -1.67 1.000  00  01O000M000  0.329
CTR01B4883_002  0.000 -3.54 -1.06  0.00  0.00 -4.60 1.000  00  01O000M000  0.337
CTR02B4883_003  0.000 -3.51 -0.99  2.72  0.00 -1.78 1.000  00  02O000M000  0.326
CTR02B4883_004  0.000 -3.54 -1.11  0.00  0.00 -4.65 1.000  00  02O000M000  0.334
CTR-1B4883_005 -1.000 -3.48 -1.00  0.00  0.00 -4.49 1.000  00  -1O000M000  0.328
NTR01B4900_001  0.000 -2.33 -0.24  0.00  0.00 -2.57 1.000  00  01O000M000  0.237
NTR+1B4900_002  1.000 -2.33 -0.31  0.00  0.00 -2.64 1.000  00  +1O000M000  0.237
GLU01B4900_001  0.000 -1.07 -0.46  3.93  0.00  2.41 1.000  00  01O000M000  0.774
GLU01B4900_002  0.000 -1.07 -0.46  1.21  0.00 -0.31 1.000  00  01O000M000  0.774
GLU02B4900_003  0.000 -1.68 -0.44  3.93  0.00  1.81 1.000  00  02O000M000  0.788
GLU02B4900_004  0.000 -1.68 -0.44  1.21  0.00 -0.91 1.000  00  02O000M000  0.788
GLU-1B4900_005 -1.000 -1.70 -0.44  1.21  0.00 -0.93 1.000  00  -1O000M000  0.784
ILE01B4901_001  0.000 -0.07 -0.43  1.01  0.00  0.52 1.000  00  01O000M000  0.368
GLU01B4902_001  0.000  0.06 -1.58  2.94  0.00  1.42 1.000  00  01O000M000  0.428
GLU01B4902_002  0.000  0.06 -1.58  0.22  0.00 -1.30 1.000  00  01O000M000  0.428
GLU02B4902_003  0.000 -0.41 -1.38  2.94  0.00  1.15 1.000  00  02O000M000  0.429
GLU02B4902_004  0.000 -0.41 -1.38  0.22  0.00 -1.57 1.000  00  02O000M000  0.429
GLU-1B4902_005 -1.000 -0.35 -1.51  0.22  0.00 -1.64 1.000  00  -1O000M000  0.414
ASP01B4903_001  0.000 -2.97  0.16  2.98  0.00  0.17 1.000  00  01O000M000  0.688
ASP01B4903_002  0.000 -2.97  0.16  0.26  0.00 -2.55 1.000  00  01O000M000  0.688
ASP02B4903_003  0.000 -2.92 -0.65  2.98  0.00 -0.59 1.000  00  02O000M000  0.691
ASP02B4903_004  0.000 -2.92 -0.65  0.26  0.00 -3.31 1.000  00  02O000M000  0.691
ASP-1B4903_005 -1.000 -2.85 -0.59  0.26  0.00 -3.19 1.000  00  -1O000M000  0.677
PRO01B4904_001  0.000 -1.53 -0.36  0.00  0.00 -1.89 1.000  00  01O000M000  0.191
ALA01B4905_001  0.000 -2.92  0.62  0.00  0.00 -2.30 1.000  00  01O000M000  0.567
ASP01B4907_001  0.000 -3.23999.00  2.97  0.00999.00 1.000  00  01O000M000  0.697
ASP01B4907_002  0.000 -3.23723.29  0.25  0.00720.31 1.000  00  01O000M000  0.697
ASP02B4907_003  0.000 -3.29569.95  2.97  0.00569.63 1.000  00  02O000M000  0.709
ASP02B4907_004  0.000 -3.29569.95  0.25  0.00566.91 1.000  00  02O000M000  0.709
ASP-1B4907_005 -1.000 -3.08570.00  0.25  0.00567.17 1.000  00  -1O000M000  0.692
GLU01B4908_001  0.000 -2.11  0.34  3.22  0.00  1.45 1.000  00  01O000M000  0.562
GLU01B4908_002  0.000 -2.11  0.34  0.50  0.00 -1.27 1.000  00  01O000M000  0.562
GLU02B4908_003  0.000 -2.09  0.34  3.22  0.00  1.48 1.000  00  02O000M000  0.576
GLU02B4908_004  0.000 -2.09  0.34  0.50  0.00 -1.24 1.000  00  02O000M000  0.576
GLU-1B4908_005 -1.000 -2.14  0.37  0.50  0.00 -1.27 1.000  00  -1O000M000  0.568
TYR01B4909_001  0.000 -3.15  4.45  0.20  0.00  1.50 1.000  00  01O000M000  0.508
TYR-1B4909_002 -1.000 -3.15  4.45  0.20  0.00  1.50 1.000  00  -1O000M000  0.508
GLU01B4910_001  0.000 -1.66999.00  3.22  0.00999.00 1.000  00  01O000M000  0.458
GLU01B4910_002  0.000 -1.66999.00  0.50  0.00999.00 1.000  00  01O000M000  0.458
GLU02B4910_003  0.000 -1.44999.00  3.22  0.00999.00 1.000  00  02O000M000  0.446
GLU02B4910_004  0.000 -1.44999.00  0.50  0.00999.00 1.000  00  02O000M000  0.446
GLU-1B4910_005 -1.000 -1.61999.00  0.50  0.00999.00 1.000  00  -1O000M000  0.451
LEU01B4911_001  0.000 -3.76 -1.51  0.79  0.00 -4.48 1.000  00  01O000M000  0.732
TYR01B4912_001  0.000 -2.70 -3.55  0.17  0.00 -6.08 1.000  00  01O000M000  0.510
TYR-1B4912_002 -1.000 -2.70 -3.55  0.17  0.00 -6.08 1.000  00  -1O000M000  0.510
ARG01B4913_001  0.000 -0.39 11.82  1.85  0.00 13.28 1.000  00  01O000M000  0.073
ARG02B4913_002  0.000 -0.41 11.80  1.85  0.00 13.24 1.000  00  02O000M000  0.073
ARG03B4913_003  0.000 -0.40 11.78  1.85  0.00 13.22 1.000  00  03O000M000  0.073
ARG+1B4913_004  1.000 -0.44 11.79  1.85  0.00 13.20 1.000  00  +1O000M000  0.073
VAL01B4914_001  0.000 -4.56  1.30  0.24  0.00 -3.03 1.000  00  01O000M000  0.501
VAL01B4915_001  0.000 -5.35  0.46  0.29  0.00 -4.60 1.000  00  01O000M000  0.634
PHE01B4916_001  0.000 -0.97 -2.60  0.01  0.00 -3.57 1.000  00  01O000M000  0.472
ASP01B4917_001  0.000 -2.70 -1.32  3.68  0.00 -0.34 1.000  00  01O000M000  0.640
ASP01B4917_002  0.000 -2.70 -1.32  0.96  0.00 -3.06 1.000  00  01O000M000  0.640
ASP02B4917_003  0.000 -2.64 -1.39  3.68  0.00 -0.36 1.000  00  02O000M000  0.622
ASP02B4917_004  0.000 -2.64 -1.39  0.96  0.00 -3.08 1.000  00  02O000M000  0.622
ASP-1B4917_005 -1.000 -2.65 -1.38  0.96  0.00 -3.08 1.000  00  -1O000M000  0.638
CTR01B4917_001  0.000 -3.63 -0.66  2.72  0.00 -1.57 1.000  00  01O000M000  0.341
CTR01B4917_002  0.000 -3.65 -0.90  0.00  0.00 -4.54 1.000  00  01O000M000  0.353
CTR02B4917_003  0.000 -3.61 -0.91  2.72  0.00 -1.81 1.000  00  02O000M000  0.336
CTR02B4917_004  0.000 -3.71 -0.95  0.00  0.00 -4.65 1.000  00  02O000M000  0.353
CTR-1B4917_005 -1.000 -3.59 -0.84  0.00  0.00 -4.43 1.000  00  -1O000M000  0.344
NTR01B4966_001  0.000 -2.06  2.59  0.00  0.00  0.53 1.000  00  01O000M000  0.205
NTR+1B4966_002  1.000 -2.06  2.52  0.00  0.00  0.45 1.000  00  +1O000M000  0.205
ASP01B4966_001  0.000 -4.09 -0.51  2.96  0.00 -1.63 1.000  00  01O000M000  0.872
ASP01B4966_002  0.000 -4.09 -0.51  0.24  0.00 -4.35 1.000  00  01O000M000  0.872
ASP02B4966_003  0.000 -4.05 -0.50  2.96  0.00 -1.58 1.000  00  02O000M000  0.886
ASP02B4966_004  0.000 -4.05 -0.50  0.24  0.00 -4.30 1.000  00  02O000M000  0.886
ASP-1B4966_005 -1.000 -4.08 -0.49  0.24  0.00 -4.33 1.000  00  -1O000M000  0.876
TYR01B4967_001  0.000 -2.32 -0.79  0.07  0.00 -3.03 1.000  00  01O000M000  0.576
TYR01B4967_002  0.000 -2.32 -0.79  0.07  0.00 -3.03 1.000  00  01O000M000  0.576
TYR-1B4967_003 -1.000 -2.32 -0.79  0.07  0.00 -3.03 1.000  00  -1O000M000  0.576
CTR01B4967_001  0.000 -3.25  0.48  2.72  0.00 -0.05 1.000  00  01O000M000  0.313
CTR01B4967_002  0.000 -3.13  0.23  0.00  0.00 -2.91 1.000  00  01O000M000  0.314
CTR02B4967_003  0.000 -3.19  0.67  2.72  0.00  0.20 1.000  00  02O000M000  0.304
CTR02B4967_004  0.000 -3.24  0.22  0.00  0.00 -3.02 1.000  00  02O000M000  0.316
CTR-1B4967_005 -1.000 -3.15  0.28  0.00  0.00 -2.87 1.000  00  -1O000M000  0.310
NTR01B4972_001  0.000 -1.22999.00  0.00  0.00999.00 1.000  00  01O000M000  0.123
NTR+1B4972_002  1.000 -1.22999.00  0.00  0.00999.00 1.000  00  +1O000M000  0.123
PRO01B4972_001  0.000 -7.89  1.51  0.00  0.00 -6.38 1.000  00  01O000M000  0.838
HIS01B4973_001  0.000-10.25 -0.05  0.10  0.00-10.20 0.753  00  01O000M000  0.826
HIS01B4973_002  0.000-10.11 -0.03  0.10  0.00-10.04 0.747  00  01R001M000  0.824
HIS02B4973_003  0.000-10.27 -0.08  0.10  0.00-10.25 0.753  00  02O000M000  0.826
HIS02B4973_004  0.000-10.12 -0.05  0.10  0.00-10.07 0.747  00  02R001M000  0.824
HIS+1B4973_005  1.000-10.29 -0.09  0.10  0.00-10.28 0.753  00  +1O000M000  0.826
HIS+1B4973_006  1.000-10.15 -0.05  0.10  0.00-10.10 0.747  00  +1R001M000  0.824
CTR01B4973_001  0.000 -2.27  0.34  2.72  0.00  0.79 1.000  00  01O000M000  0.215
CTR01B4973_002  0.000 -2.27  0.14  0.00  0.00 -2.14 1.000  00  01O000M000  0.226
CTR02B4973_003  0.000 -2.41  0.68  2.72  0.00  1.00 1.000  00  02O000M000  0.226
CTR02B4973_004  0.000 -2.40  0.11  0.00  0.00 -2.29 1.000  00  02O000M000  0.232
CTR-1B4973_005 -1.000 -2.27  0.18  0.00  0.00 -2.09 1.000  00  -1O000M000  0.219
NTR01B4975_001  0.000 -1.54 -0.26  0.00  0.00 -1.80 1.000  00  01O000M000  0.156
NTR+1B4975_002  1.000 -1.50 -0.26  0.00  0.00 -1.76 1.000  00  +1O000M000  0.151
CTR01B4975_001  0.000 -4.02 -0.15  2.72  0.00 -1.45 1.000  00  01O000M000  0.386
CTR01B4975_002  0.000 -3.93 -0.15  0.00  0.00 -4.08 1.000  00  01O000M000  0.392
CTR02B4975_003  0.000 -3.88 -0.18  2.72  0.00 -1.34 1.000  00  02O000M000  0.379
CTR02B4975_004  0.000 -3.90 -0.15  0.00  0.00 -4.05 1.000  00  02O000M000  0.386
CTR-1B4975_005 -1.000 -3.86 -0.15  0.00  0.00 -4.01 1.000  00  -1O000M000  0.381
PHE01B4975_001  0.000 -5.58 -0.14  0.10  0.00 -5.62 1.000  00  01O000M000  0.683
NTR01B5009_001  0.000 -4.02 -0.00  0.00  0.00 -4.02 1.000  00  01O000M000  0.406
NTR+1B5009_002  1.000 -4.02 -0.00  0.00  0.00 -4.02 1.000  00  +1O000M000  0.406
CTR01B5009_001  0.000 -5.48  0.00  2.72  0.00 -2.76 1.000  00  01O000M000  0.517
CTR01B5009_002  0.000 -5.40  0.00  0.00  0.00 -5.40 1.000  00  01O000M000  0.523
CTR02B5009_003  0.000 -5.49  0.00  2.72  0.00 -2.77 1.000  00  02O000M000  0.520
CTR02B5009_004  0.000 -5.42  0.00  0.00  0.00 -5.42 1.000  00  02O000M000  0.521
CTR-1B5009_005 -1.000 -5.37  0.00  0.00  0.00 -5.37 1.000  00  -1O000M000  0.517
TYR01B5009_001  0.000 -7.96 -0.01  0.02  0.00 -7.96 1.000  00  01O000M000  0.748
TYR-1B5009_002 -1.000 -7.96 -0.01  0.02  0.00 -7.96 1.000  00  -1O000M000  0.748
NTR01B5019_001  0.000 -2.78  0.00  0.00  0.00 -2.78 1.000  00  01O000M000  0.285
NTR01B5019_002  0.000 -2.71  0.00  0.00  0.00 -2.71 1.000  00  01O000M000  0.280
NTR+1B5019_003  1.000 -2.78  0.00  0.00  0.00 -2.78 1.000  00  +1O000M000  0.285
CTR01B5019_001  0.000 -6.02  0.00  2.72  0.00 -3.30 1.000  00  01O000M000  0.577
CTR01B5019_002  0.000 -6.01  0.00  0.00  0.00 -6.01 1.000  00  01O000M000  0.585
CTR02B5019_003  0.000 -6.19  0.00  2.72  0.00 -3.47 1.000  00  02O000M000  0.580
CTR02B5019_004  0.000 -6.02  0.00  0.00  0.00 -6.02 1.000  00  02O000M000  0.583
CTR-1B5019_005 -1.000 -6.03  0.00  0.00  0.00 -6.03 1.000  00  -1O000M000  0.581
TRP01B5019_001  0.000-12.74  0.00  0.01  0.00-12.72 1.000  00  01O000M000  0.806
NTR01B5029_001  0.000 -2.92  1.66  0.00  0.00 -1.26 1.000  00  01O000M000  0.294
NTR+1B5029_002  1.000 -2.93  1.59  0.00  0.00 -1.34 1.000  00  +1O000M000  0.294
ARG01B5029_001  0.000 -8.55 -0.14  0.92  0.00 -7.77 1.000  00  01O000M000  0.806
ARG02B5029_002  0.000 -8.64 -0.15  0.92  0.00 -7.86 1.000  00  02O000M000  0.806
ARG03B5029_003  0.000 -8.57 -0.15  0.92  0.00 -7.80 1.000  00  03O000M000  0.806
ARG+1B5029_004  1.000 -8.68 -0.15  0.92  0.00 -7.91 1.000  00  +1O000M000  0.806
LYS01B5030_001  0.000 -6.06  0.00  0.91  0.00 -5.15 1.000  00  01O000M000  0.659
LYS+1B5030_002  1.000 -6.15 -0.00  0.91  0.00 -5.25 1.000  00  +1O000M000  0.659
CTR01B5030_001  0.000 -4.68  1.01  2.72  0.00 -0.95 1.000  00  01O000M000  0.448
CTR01B5030_002  0.000 -4.69  0.72  0.00  0.00 -3.97 1.000  00  01O000M000  0.461
CTR02B5030_003  0.000 -4.74  1.09  2.72  0.00 -0.93 1.000  00  02O000M000  0.448
CTR02B5030_004  0.000 -4.64  0.71  0.00  0.00 -3.93 1.000  00  02O000M000  0.455
CTR-1B5030_005 -1.000 -4.70  0.77  0.00  0.00 -3.93 1.000  00  -1O000M000  0.456
_CA+2B5102_001  2.000 -6.22  0.00  0.00  0.00 -6.22 0.752  00  +2O000M000  0.754
_CADMB5102_002  0.000  0.00  0.00  0.00  0.00  0.00 0.752  00  DMO000M000   -nan
