  pH           0     1     2     3     4     5     6     7     8     9    10    11    12    13    14
NTR+B3639_  1.00  1.00  1.00  1.00  1.00  1.00  0.97  0.81  0.30  0.04  0.00  0.00  0.00  0.00  0.00
TYR-B3642_ -0.00 -0.00 -0.00 -0.00 -0.00 -0.00 -0.00 -0.00 -0.02 -0.13 -0.60 -0.94 -0.99 -1.00 -1.00
HIS+B3647_  1.00  1.00  1.00  1.00  0.97  0.81  0.30  0.04  0.01  0.00  0.00  0.00  0.00  0.00  0.00
ARG+B3648_  1.00  1.00  1.00  1.00  1.00  1.00  1.00  1.00  1.00  1.00  1.00  1.00  0.97  0.76  0.25
CYS-B3650_ -0.00 -0.00 -0.00 -0.00 -0.00 -0.00 -0.00 -0.02 -0.15 -0.64 -0.94 -0.99 -1.00 -1.00 -1.00
GLU-B3655_ -0.00 -0.00 -0.00 -0.05 -0.32 -0.81 -0.97 -1.00 -1.00 -1.00 -1.00 -1.00 -1.00 -1.00 -1.00
TYR-B3657_ -0.00 -0.00 -0.00 -0.00 -0.00 -0.00 -0.00 -0.00 -0.00 -0.01 -0.05 -0.35 -0.83 -0.98 -1.00
LYS+B3658_  1.00  1.00  1.00  1.00  1.00  1.00  1.00  1.00  1.00  0.99  0.88  0.46  0.08  0.01  0.00
GLU-B3665_ -0.00 -0.01 -0.07 -0.29 -0.66 -0.89 -0.97 -1.00 -1.00 -1.00 -1.00 -1.00 -1.00 -1.00 -1.00
ASP-B3666_ -0.00 -0.01 -0.08 -0.32 -0.67 -0.90 -0.98 -1.00 -1.00 -1.00 -1.00 -1.00 -1.00 -1.00 -1.00
HIS+B3667_  1.00  1.00  1.00  1.00  1.00  1.00  1.00  0.99  0.92  0.53  0.11  0.02  0.00  0.00  0.00
GLU-B3670_ -0.00 -0.01 -0.09 -0.30 -0.43 -0.64 -0.89 -0.98 -1.00 -1.00 -1.00 -1.00 -1.00 -1.00 -1.00
ASP-B3671_ -0.01 -0.04 -0.21 -0.62 -0.88 -0.95 -0.99 -1.00 -1.00 -1.00 -1.00 -1.00 -1.00 -1.00 -1.00
ARG+B3672_  1.00  1.00  1.00  1.00  1.00  1.00  1.00  1.00  1.00  1.00  1.00  1.00  0.99  0.94  0.62
CTR-B3672_ -0.00 -0.00 -0.01 -0.07 -0.31 -0.69 -0.94 -0.99 -1.00 -1.00 -1.00 -1.00 -1.00 -1.00 -1.00
NTR+B3679_  1.00  1.00  1.00  1.00  0.99  0.97  0.86  0.45  0.08  0.01  0.00  0.00  0.00  0.00  0.00
LYS+B3679_  1.00  1.00  1.00  1.00  1.00  1.00  1.00  1.00  1.00  0.99  0.93  0.60  0.13  0.02  0.00
GLU-B3682_ -0.00 -0.00 -0.01 -0.06 -0.30 -0.71 -0.93 -0.99 -1.00 -1.00 -1.00 -1.00 -1.00 -1.00 -1.00
GLU-B3684_ -0.00 -0.00 -0.00 -0.03 -0.17 -0.51 -0.81 -0.96 -1.00 -1.00 -1.00 -1.00 -1.00 -1.00 -1.00
GLU-B3685_ -0.00 -0.00 -0.01 -0.05 -0.32 -0.72 -0.94 -0.99 -1.00 -1.00 -1.00 -1.00 -1.00 -1.00 -1.00
GLU-B3686_ -0.00 -0.00 -0.00 -0.04 -0.19 -0.60 -0.90 -0.98 -1.00 -1.00 -1.00 -1.00 -1.00 -1.00 -1.00
GLU-B3687_ -0.00 -0.00 -0.00 -0.01 -0.09 -0.26 -0.54 -0.87 -0.98 -1.00 -1.00 -1.00 -1.00 -1.00 -1.00
GLU-B3688_ -0.00 -0.00 -0.00 -0.02 -0.16 -0.51 -0.86 -0.99 -1.00 -1.00 -1.00 -1.00 -1.00 -1.00 -1.00
GLU-B3689_ -0.00 -0.00 -0.00 -0.02 -0.14 -0.54 -0.88 -0.98 -1.00 -1.00 -1.00 -1.00 -1.00 -1.00 -1.00
GLU-B3691_ -0.00 -0.00 -0.00 -0.01 -0.13 -0.44 -0.82 -0.98 -1.00 -1.00 -1.00 -1.00 -1.00 -1.00 -1.00
CTR-B3691_ -0.00 -0.00 -0.00 -0.04 -0.20 -0.58 -0.89 -0.99 -1.00 -1.00 -1.00 -1.00 -1.00 -1.00 -1.00
NTR+B3720_  0.00  0.00  0.00  0.00  0.00  0.00  0.00  0.00  0.00  0.00  0.00  0.00  0.00  0.00  0.00
CTR-B3720_ -0.00 -0.00 -0.00 -0.05 -0.31 -0.77 -0.97 -1.00 -1.00 -1.00 -1.00 -1.00 -1.00 -1.00 -1.00
TYR-B3720_ -0.00 -0.00 -0.00 -0.00 -0.00 -0.00 -0.00 -0.00 -0.01 -0.04 -0.26 -0.78 -0.97 -1.00 -1.00
NTR+B3733_  0.89  0.48  0.13  0.04  0.01  0.01  0.00  0.00  0.00  0.00  0.00  0.00  0.00  0.00  0.00
CYS-B3733_ -0.00 -0.00 -0.00 -0.00 -0.00 -0.00 -0.00 -0.00 -0.03 -0.21 -0.69 -0.95 -0.99 -1.00 -1.00
HIS+B3734_  1.00  0.98  0.95  0.88  0.69  0.40  0.13  0.02  0.00  0.00  0.00  0.00  0.00  0.00  0.00
GLU-B3736_ -0.04 -0.27 -0.72 -0.93 -0.98 -0.99 -0.99 -1.00 -1.00 -1.00 -1.00 -1.00 -1.00 -1.00 -1.00
GLU-B3737_ -0.00 -0.00 -0.01 -0.05 -0.24 -0.63 -0.91 -0.99 -1.00 -1.00 -1.00 -1.00 -1.00 -1.00 -1.00
GLU-B3740_ -0.00 -0.00 -0.00 -0.00 -0.00 -0.01 -0.01 -0.02 -0.00 -0.03 -0.00 -0.04 -0.05 -0.09 -0.27
CTR-B3741_ -0.00 -0.00 -0.00 -0.06 -0.30 -0.69 -0.93 -0.99 -1.00 -1.00 -1.00 -1.00 -1.00 -1.00 -1.00
NTR+B3747_  1.00  1.00  1.00  1.00  1.00  0.99  0.96  0.76  0.26  0.03  0.00  0.00  0.00  0.00  0.00
GLU-B3747_ -0.00 -0.00 -0.01 -0.06 -0.31 -0.72 -0.94 -0.99 -1.00 -1.00 -1.00 -1.00 -1.00 -1.00 -1.00
GLU-B3748_ -0.00 -0.00 -0.01 -0.05 -0.20 -0.53 -0.88 -0.98 -1.00 -1.00 -1.00 -1.00 -1.00 -1.00 -1.00
GLU-B3750_ -0.00 -0.00 -0.01 -0.09 -0.40 -0.75 -0.93 -0.99 -1.00 -1.00 -1.00 -1.00 -1.00 -1.00 -1.00
GLU-B3754_ -0.00 -0.00 -0.02 -0.12 -0.42 -0.74 -0.89 -0.97 -0.99 -1.00 -1.00 -1.00 -1.00 -1.00 -1.00
GLU-B3755_ -0.00 -0.00 -0.00 -0.00 -0.00 -0.00 -0.00 -0.00 -0.00 -0.00 -0.00 -0.00 -0.00 -0.00 -0.00
LYS+B3756_  1.00  1.00  1.00  1.00  1.00  1.00  1.00  1.00  1.00  1.00  0.97  0.82  0.41  0.09  0.01
GLU-B3757_ -0.00 -0.00 -0.00 -0.01 -0.06 -0.21 -0.53 -0.86 -0.98 -1.00 -1.00 -1.00 -1.00 -1.00 -1.00
GLU-B3759_ -0.00 -0.00 -0.01 -0.02 -0.10 -0.28 -0.65 -0.92 -0.99 -0.97 -1.00 -0.97 -0.97 -0.97 -1.00
LYS+B3760_  1.00  1.00  1.00  1.00  1.00  1.00  1.00  1.00  1.00  0.99  0.96  0.76  0.35  0.08  0.01
ARG+B3762_  1.00  1.00  1.00  1.00  1.00  1.00  1.00  1.00  1.00  1.00  1.00  1.00  1.00  1.00  1.00
CTR-B3762_ -0.00 -0.00 -0.00 -0.00 -0.00 -0.00 -0.00 -0.00 -0.00 -0.00 -0.01 -0.07 -0.35 -0.79 -0.95
NTR+B3814_  1.00  1.00  1.00  1.00  1.00  1.00  1.00  1.00  0.98  0.87  0.45  0.08  0.01  0.00  0.00
CTR-B3814_ -0.00 -0.01 -0.05 -0.33 -0.80 -0.97 -1.00 -1.00 -1.00 -1.00 -1.00 -1.00 -1.00 -1.00 -1.00
NTR+B3845_  1.00  1.00  0.99  0.95  0.77  0.33  0.06  0.01  0.00  0.00  0.00  0.00  0.00  0.00  0.00
GLU-B3848_ -0.00 -0.01 -0.06 -0.36 -0.80 -0.96 -0.99 -1.00 -1.00 -1.00 -1.00 -1.00 -1.00 -1.00 -1.00
ARG+B3849_  1.00  1.00  1.00  1.00  1.00  1.00  1.00  1.00  1.00  1.00  1.00  0.98  0.85  0.39  0.07
LYS+B3852_  1.00  1.00  1.00  1.00  1.00  1.00  1.00  1.00  1.00  0.98  0.83  0.33  0.05  0.01  0.00
GLU-B3854_ -0.00 -0.00 -0.00 -0.01 -0.07 -0.40 -0.84 -0.98 -1.00 -1.00 -1.00 -1.00 -1.00 -1.00 -1.00
GLU-B3861_ -0.00 -0.00 -0.01 -0.08 -0.45 -0.87 -0.98 -0.99 -1.00 -1.00 -1.00 -1.00 -1.00 -1.00 -1.00
ASP-B3862_ -0.00 -0.00 -0.00 -0.00 -0.01 -0.05 -0.28 -0.78 -0.96 -1.00 -1.00 -1.00 -1.00 -1.00 -1.00
ARG+B3868_  0.00  0.00  0.00  0.00  0.00  0.00  0.00  0.00  0.00  0.00  0.00  0.00  0.00  0.00  0.00
GLU-B3872_ -0.00 -0.00 -0.00 -0.04 -0.24 -0.67 -0.94 -1.00 -1.00 -1.00 -1.00 -1.00 -1.00 -1.00 -1.00
LYS+B3873_  1.00  1.00  1.00  1.00  1.00  0.99  0.95  0.68  0.18  0.02  0.00  0.00  0.00  0.00  0.00
CTR-B3874_ -0.00 -0.00 -0.02 -0.15 -0.57 -0.89 -0.98 -1.00 -1.00 -1.00 -1.00 -1.00 -1.00 -1.00 -1.00
NTR+B3895_  0.00  0.00  0.00  0.00  0.00  0.00  0.00  0.00  0.00  0.00  0.00  0.00  0.00  0.00  0.00
CTR-B3895_ -0.00 -0.01 -0.06 -0.33 -0.77 -0.96 -0.99 -1.00 -1.00 -1.00 -1.00 -1.00 -1.00 -1.00 -1.00
HIS+B3895_  1.00  1.00  1.00  0.98  0.92  0.65  0.18  0.02  0.00  0.00  0.00  0.00  0.00  0.00  0.00
NTR+B3919_  1.00  1.00  1.00  1.00  1.00  1.00  1.00  1.00  0.99  0.89  0.44  0.08  0.01  0.00  0.00
CTR-B3919_ -0.00 -0.01 -0.07 -0.40 -0.82 -0.98 -1.00 -1.00 -1.00 -1.00 -1.00 -1.00 -1.00 -1.00 -1.00
NTR+B3972_  1.00  1.00  1.00  1.00  1.00  1.00  1.00  1.00  0.98  0.84  0.42  0.08  0.01  0.00  0.00
CTR-B3972_ -0.00 -0.01 -0.12 -0.52 -0.87 -0.98 -1.00 -1.00 -1.00 -1.00 -1.00 -1.00 -1.00 -1.00 -1.00
NTR+B3985_  0.00  0.00  0.00  0.00  0.00  0.00  0.00  0.00  0.00  0.00  0.00  0.00  0.00  0.00  0.00
CTR-B3985_ -0.00 -0.00 -0.01 -0.11 -0.46 -0.87 -0.99 -1.00 -1.00 -1.00 -1.00 -1.00 -1.00 -1.00 -1.00
NTR+B4037_  1.00  1.00  1.00  1.00  1.00  1.00  1.00  1.00  0.96  0.74  0.24  0.03  0.00  0.00  0.00
CTR-B4037_ -0.00 -0.02 -0.14 -0.58 -0.90 -0.99 -1.00 -1.00 -1.00 -1.00 -1.00 -1.00 -1.00 -1.00 -1.00
NTR+B4064_  1.00  1.00  1.00  1.00  1.00  1.00  1.00  1.00  0.99  0.94  0.62  0.15  0.02  0.00  0.00
CTR-B4064_ -0.00 -0.00 -0.04 -0.28 -0.65 -0.91 -0.98 -1.00 -1.00 -1.00 -1.00 -1.00 -1.00 -1.00 -1.00
NTR+B4069_  1.00  1.00  1.00  1.00  0.99  0.97  0.86  0.46  0.09  0.01  0.00  0.00  0.00  0.00  0.00
LYS+B4069_  1.00  1.00  1.00  1.00  1.00  1.00  1.00  1.00  1.00  1.00  0.98  0.81  0.34  0.05  0.01
ASP-B4070_ -0.00 -0.01 -0.06 -0.33 -0.75 -0.96 -0.99 -1.00 -1.00 -1.00 -1.00 -1.00 -1.00 -1.00 -1.00
GLU-B4075_ -0.00 -0.00 -0.01 -0.05 -0.27 -0.69 -0.93 -0.99 -1.00 -1.00 -1.00 -1.00 -1.00 -1.00 -1.00
ASP-B4079_ -0.00 -0.00 -0.00 -0.01 -0.07 -0.29 -0.70 -0.96 -1.00 -1.00 -1.00 -1.00 -1.00 -1.00 -1.00
TYR-B4080_ -0.00 -0.00 -0.00 -0.00 -0.00 -0.00 -0.00 -0.00 -0.00 -0.00 -0.00 -0.00 -0.00 -0.00 -0.00
ASP-B4083_ -0.00 -0.00 -0.04 -0.17 -0.44 -0.80 -0.97 -1.00 -1.00 -1.00 -1.00 -1.00 -1.00 -1.00 -1.00
ARG+B4085_  1.00  1.00  1.00  1.00  1.00  1.00  1.00  1.00  1.00  1.00  0.99  0.89  0.44  0.07  0.01
LYS+B4090_  1.00  1.00  1.00  1.00  1.00  1.00  1.00  1.00  1.00  0.98  0.90  0.62  0.19  0.03  0.00
LYS+B4091_  1.00  1.00  1.00  1.00  1.00  1.00  1.00  1.00  0.99  0.86  0.42  0.12  0.03  0.00  0.00
ASP-B4092_ -0.00 -0.02 -0.17 -0.61 -0.82 -0.95 -0.99 -1.00 -1.00 -1.00 -1.00 -1.00 -1.00 -1.00 -1.00
LYS+B4095_  1.00  1.00  1.00  1.00  1.00  1.00  1.00  1.00  1.00  0.99  0.93  0.62  0.17  0.02  0.00
ASP-B4098_ -0.00 -0.00 -0.02 -0.15 -0.59 -0.89 -0.98 -1.00 -1.00 -1.00 -1.00 -1.00 -1.00 -1.00 -1.00
LYS+B4101_  1.00  1.00  1.00  1.00  1.00  1.00  1.00  1.00  1.00  0.99  0.92  0.59  0.14  0.02  0.00
CTR-B4103_ -0.00 -0.00 -0.01 -0.05 -0.18 -0.53 -0.90 -0.99 -1.00 -1.00 -1.00 -1.00 -1.00 -1.00 -1.00
NTR+B4106_  0.00  0.00  0.00  0.00  0.00  0.00  0.00  0.00  0.00  0.00  0.00  0.00  0.00  0.00  0.00
GLU-B4107_ -0.00 -0.00 -0.02 -0.13 -0.50 -0.84 -0.97 -1.00 -1.00 -1.00 -1.00 -1.00 -1.00 -1.00 -1.00
CYS-B4114_ -0.00 -0.00 -0.00 -0.00 -0.00 -0.00 -0.00 -0.00 -0.00 -0.00 -0.01 -0.10 -0.47 -0.89 -0.98
GLU-B4116_ -0.00 -0.00 -0.01 -0.04 -0.23 -0.61 -0.88 -0.97 -0.99 -1.00 -1.00 -1.00 -1.00 -1.00 -1.00
ASP-B4118_ -0.00 -0.00 -0.00 -0.02 -0.09 -0.35 -0.67 -0.92 -0.99 -1.00 -1.00 -1.00 -1.00 -1.00 -1.00
GLU-B4119_ -0.00 -0.00 -0.02 -0.19 -0.64 -0.93 -0.98 -1.00 -1.00 -1.00 -1.00 -1.00 -1.00 -1.00 -1.00
GLU-B4121_ -0.00 -0.00 -0.00 -0.01 -0.07 -0.23 -0.64 -0.92 -0.99 -1.00 -1.00 -1.00 -1.00 -1.00 -1.00
GLU-B4126_ -0.00 -0.00 -0.00 -0.04 -0.23 -0.66 -0.92 -0.99 -1.00 -1.00 -1.00 -1.00 -1.00 -1.00 -1.00
GLU-B4127_ -0.00 -0.00 -0.00 -0.01 -0.06 -0.15 -0.30 -0.72 -0.95 -0.99 -1.00 -1.00 -1.00 -1.00 -1.00
CTR-B4130_ -0.00 -0.00 -0.00 -0.03 -0.15 -0.46 -0.80 -0.93 -0.99 -1.00 -1.00 -1.00 -1.00 -1.00 -1.00
NTR+B4148_  1.00  1.00  1.00  1.00  1.00  1.00  0.98  0.83  0.35  0.05  0.01  0.00  0.00  0.00  0.00
CTR-B4149_ -0.00 -0.00 -0.02 -0.15 -0.54 -0.90 -0.99 -1.00 -1.00 -1.00 -1.00 -1.00 -1.00 -1.00 -1.00
NTR+B4155_  0.00  0.00  0.00  0.00  0.00  0.00  0.00  0.00  0.00  0.00  0.00  0.00  0.00  0.00  0.00
CTR-B4155_ -0.00 -0.00 -0.01 -0.10 -0.46 -0.86 -0.98 -1.00 -1.00 -1.00 -1.00 -1.00 -1.00 -1.00 -1.00
NTR+B4253_  1.00  1.00  1.00  1.00  1.00  1.00  1.00  0.97  0.79  0.28  0.05  0.01  0.00  0.00  0.00
CTR-B4253_ -0.00 -0.02 -0.12 -0.51 -0.87 -0.98 -1.00 -1.00 -1.00 -1.00 -1.00 -1.00 -1.00 -1.00 -1.00
GLU-B4253_ -0.00 -0.00 -0.02 -0.09 -0.35 -0.78 -0.96 -0.99 -1.00 -1.00 -1.00 -1.00 -1.00 -1.00 -1.00
NTR+B4540_  1.00  1.00  1.00  0.99  0.96  0.76  0.27  0.04  0.00  0.00  0.00  0.00  0.00  0.00  0.00
GLU-B4543_ -0.00 -0.00 -0.01 -0.10 -0.47 -0.84 -0.97 -1.00 -1.00 -1.00 -1.00 -1.00 -1.00 -1.00 -1.00
GLU-B4545_ -0.00 -0.01 -0.07 -0.40 -0.83 -0.97 -1.00 -1.00 -1.00 -1.00 -1.00 -1.00 -1.00 -1.00 -1.00
ARG+B4548_  1.00  1.00  1.00  1.00  1.00  1.00  1.00  1.00  1.00  1.00  1.00  0.98  0.88  0.50  0.10
LYS+B4550_  1.00  1.00  1.00  1.00  1.00  1.00  1.00  1.00  1.00  0.98  0.83  0.38  0.07  0.01  0.00
TYR-B4554_ -0.00 -0.00 -0.00 -0.00 -0.00 -0.00 -0.00 -0.00 -0.01 -0.09 -0.47 -0.87 -0.98 -1.00 -1.00
ARG+B4557_  1.00  1.00  1.00  1.00  1.00  1.00  1.00  1.00  1.00  1.00  1.00  1.00  1.00  0.97  0.81
CTR-B4557_ -0.01 -0.08 -0.40 -0.61 -0.67 -0.82 -0.94 -0.99 -1.00 -1.00 -1.00 -1.00 -1.00 -1.00 -1.00
NTR+B4559_  0.99  0.94  0.77  0.66  0.61  0.46  0.15  0.02  0.00  0.00  0.00  0.00  0.00  0.00  0.00
TYR-B4560_ -0.00 -0.00 -0.00 -0.00 -0.00 -0.00 -0.00 -0.00 -0.00 -0.03 -0.22 -0.72 -0.96 -0.99 -1.00
ARG+B4563_  1.00  1.00  1.00  1.00  1.00  1.00  1.00  1.00  1.00  1.00  1.00  1.00  1.00  0.99  0.95
TYR-B4580_ -0.00 -0.00 -0.00 -0.00 -0.00 -0.00 -0.00 -0.00 -0.00 -0.00 -0.02 -0.12 -0.48 -0.88 -0.99
LYS+B4581_  1.00  1.00  1.00  1.00  1.00  1.00  1.00  1.00  1.00  0.99  0.89  0.50  0.13  0.02  0.00
ASP-B4584_ -0.00 -0.00 -0.00 -0.02 -0.16 -0.63 -0.93 -0.99 -1.00 -1.00 -1.00 -1.00 -1.00 -1.00 -1.00
CTR-B4587_ -0.00 -0.00 -0.00 -0.07 -0.39 -0.83 -0.98 -1.00 -1.00 -1.00 -1.00 -1.00 -1.00 -1.00 -1.00
NTR+B4626_  1.00  1.00  1.00  1.00  1.00  1.00  0.99  0.95  0.65  0.16  0.02  0.00  0.00  0.00  0.00
TYR-B4629_ -0.00 -0.00 -0.00 -0.00 -0.00 -0.00 -0.00 -0.00 -0.01 -0.04 -0.25 -0.74 -0.95 -0.99 -1.00
TYR-B4630_ -0.00 -0.00 -0.00 -0.00 -0.00 -0.00 -0.00 -0.00 -0.00 -0.00 -0.04 -0.22 -0.63 -0.93 -0.99
GLU-B4633_ -0.00 -0.00 -0.00 -0.03 -0.20 -0.60 -0.90 -0.99 -1.00 -1.00 -1.00 -1.00 -1.00 -1.00 -1.00
GLU-B4634_ -0.00 -0.00 -0.00 -0.01 -0.05 -0.30 -0.79 -0.97 -1.00 -1.00 -1.00 -1.00 -1.00 -1.00 -1.00
TYR-B4638_ -0.00 -0.00 -0.00 -0.00 -0.00 -0.00 -0.00 -0.00 -0.01 -0.11 -0.49 -0.90 -0.99 -1.00 -1.00
GLU-B4640_ -0.00 -0.00 -0.00 -0.01 -0.10 -0.39 -0.80 -0.97 -1.00 -1.00 -1.00 -1.00 -1.00 -1.00 -1.00
CYS-B4645_ -0.00 -0.00 -0.00 -0.00 -0.00 -0.00 -0.00 -0.00 -0.03 -0.19 -0.66 -0.95 -0.99 -1.00 -1.00
HIS+B4650_  1.00  0.99  0.94  0.73  0.27  0.06  0.01  0.00  0.00  0.00  0.00  0.00  0.00  0.00  0.00
CYS-B4657_ -0.00 -0.00 -0.00 -0.00 -0.00 -0.00 -0.00 -0.00 -0.00 -0.00 -0.00 -0.00 -0.00 -0.02 -0.08
TYR-B4661_ -0.00 -0.00 -0.00 -0.00 -0.00 -0.00 -0.00 -0.00 -0.00 -0.00 -0.00 -0.00 -0.00 -0.02 -0.14
CYS-B4663_ -0.00 -0.00 -0.00 -0.00 -0.00 -0.00 -0.00 -0.00 -0.00 -0.00 -0.02 -0.13 -0.52 -0.85 -0.97
CTR-B4663_ -0.00 -0.00 -0.00 -0.00 -0.03 -0.17 -0.57 -0.91 -0.99 -1.00 -1.00 -1.00 -1.00 -1.00 -1.00
NTR+B4692_  1.00  0.98  0.87  0.46  0.15  0.06  0.01  0.00  0.00  0.00  0.00  0.00  0.00  0.00  0.00
ASP-B4694_ -0.00 -0.00 -0.01 -0.05 -0.16 -0.48 -0.88 -0.98 -1.00 -1.00 -1.00 -1.00 -1.00 -1.00 -1.00
ASP-B4695_ -0.00 -0.00 -0.01 -0.09 -0.38 -0.79 -0.97 -1.00 -1.00 -1.00 -1.00 -1.00 -1.00 -1.00 -1.00
ASP-B4696_ -0.00 -0.01 -0.06 -0.35 -0.79 -0.95 -0.99 -1.00 -1.00 -1.00 -1.00 -1.00 -1.00 -1.00 -1.00
LYS+B4698_  1.00  1.00  1.00  1.00  1.00  1.00  1.00  1.00  1.00  0.99  0.93  0.60  0.14  0.02  0.00
ASP-B4702_ -0.00 -0.00 -0.00 -0.00 -0.01 -0.06 -0.29 -0.76 -0.97 -1.00 -1.00 -1.00 -1.00 -1.00 -1.00
ARG+B4703_  1.00  1.00  1.00  1.00  1.00  1.00  1.00  1.00  1.00  1.00  1.00  0.99  0.95  0.70  0.20
CTR-B4708_ -0.00 -0.00 -0.00 -0.00 -0.02 -0.07 -0.19 -0.38 -0.64 -0.92 -0.98 -1.00 -1.00 -1.00 -1.00
NTR+B4710_  0.00  0.00  0.00  0.00  0.00  0.00  0.00  0.00  0.00  0.00  0.00  0.00  0.00  0.00  0.00
CTR-B4710_ -0.00 -0.00 -0.00 -0.00 -0.01 -0.05 -0.20 -0.48 -0.77 -0.94 -0.99 -1.00 -1.00 -1.00 -1.00
NTR+B4730_  1.00  1.00  1.00  0.99  0.98  0.88  0.49  0.10  0.01  0.00  0.00  0.00  0.00  0.00  0.00
ASP-B4730_ -0.00 -0.02 -0.17 -0.65 -0.93 -0.99 -1.00 -1.00 -1.00 -1.00 -1.00 -1.00 -1.00 -1.00 -1.00
ARG+B4734_  1.00  1.00  1.00  1.00  1.00  1.00  1.00  1.00  1.00  1.00  1.00  1.00  0.97  0.76  0.26
GLU-B4735_ -0.00 -0.01 -0.06 -0.37 -0.80 -0.96 -0.99 -1.00 -1.00 -1.00 -1.00 -1.00 -1.00 -1.00 -1.00
ARG+B4736_  1.00  1.00  1.00  1.00  1.00  1.00  1.00  1.00  1.00  1.00  1.00  0.98  0.85  0.35  0.07
GLU-B4739_ -0.00 -0.00 -0.00 -0.02 -0.08 -0.39 -0.80 -0.97 -0.99 -1.00 -1.00 -1.00 -1.00 -1.00 -1.00
ASP-B4744_ -0.00 -0.00 -0.00 -0.02 -0.09 -0.31 -0.65 -0.91 -0.98 -1.00 -1.00 -1.00 -1.00 -1.00 -1.00
GLU-B4749_ -0.00 -0.00 -0.00 -0.03 -0.13 -0.40 -0.72 -0.92 -0.99 -1.00 -1.00 -1.00 -1.00 -1.00 -1.00
HIS+B4753_  1.00  1.00  1.00  1.00  1.00  1.00  1.00  0.99  0.91  0.57  0.14  0.02  0.00  0.00  0.00
GLU-B4755_ -0.00 -0.00 -0.01 -0.04 -0.14 -0.42 -0.78 -0.96 -1.00 -1.00 -1.00 -1.00 -1.00 -1.00 -1.00
ARG+B4756_  0.00  0.00  0.00  0.00  0.00  0.00  0.00  0.00  0.00  0.00  0.00  0.00  0.00  0.00  0.00
LYS+B4757_  0.00  0.00  0.00  0.00  0.00  0.00  0.00  0.00  0.00  0.00  0.00  0.00  0.00  0.00  0.00
ASP-B4759_ -0.00 -0.00 -0.00 -0.02 -0.13 -0.48 -0.84 -0.97 -1.00 -1.00 -1.00 -1.00 -1.00 -1.00 -1.00
ASP-B4772_ -0.00 -0.01 -0.07 -0.39 -0.79 -0.95 -0.99 -1.00 -1.00 -1.00 -1.00 -1.00 -1.00 -1.00 -1.00
LYS+B4774_  1.00  1.00  1.00  1.00  1.00  1.00  1.00  1.00  1.00  0.98  0.88  0.42  0.07  0.01  0.00
TYR-B4775_ -0.00 -0.00 -0.00 -0.00 -0.00 -0.00 -0.00 -0.00 -0.00 -0.00 -0.00 -0.00 -0.02 -0.08 -0.36
LYS+B4779_  1.00  1.00  1.00  1.00  1.00  1.00  1.00  1.00  1.00  1.00  0.99  0.91  0.60  0.19  0.05
ASP-B4786_ -0.00 -0.01 -0.09 -0.43 -0.86 -0.98 -1.00 -1.00 -1.00 -1.00 -1.00 -1.00 -1.00 -1.00 -1.00
TYR-B4791_ -0.00 -0.00 -0.00 -0.00 -0.00 -0.00 -0.00 -0.00 -0.00 -0.00 -0.00 -0.00 -0.00 -0.00 -0.00
TYR-B4795_ -0.00 -0.00 -0.00 -0.00 -0.00 -0.00 -0.00 -0.00 -0.00 -0.00 -0.00 -0.00 -0.01 -0.05 -0.31
HIS+B4803_  1.00  1.00  1.00  1.00  0.99  0.94  0.66  0.17  0.02  0.00  0.00  0.00  0.00  0.00  0.00
TYR-B4804_ -0.00 -0.00 -0.00 -0.00 -0.00 -0.00 -0.00 -0.00 -0.01 -0.11 -0.54 -0.91 -0.99 -1.00 -1.00
HIS+B4812_  0.00  0.00  0.00  0.00  0.00  0.00  0.00  0.00  0.00  0.00  0.00  0.00  0.00  0.00  0.00
ASP-B4815_ -0.03 -0.21 -0.69 -0.92 -0.98 -1.00 -1.00 -1.00 -1.00 -1.00 -1.00 -1.00 -1.00 -1.00 -1.00
CTR-B4819_ -0.00 -0.00 -0.01 -0.06 -0.28 -0.77 -0.97 -1.00 -1.00 -1.00 -1.00 -1.00 -1.00 -1.00 -1.00
NTR+B4852_  1.00  1.00  1.00  1.00  0.99  0.94  0.72  0.25  0.04  0.00  0.00  0.00  0.00  0.00  0.00
ARG+B4860_  1.00  1.00  1.00  1.00  1.00  1.00  1.00  1.00  1.00  1.00  1.00  1.00  0.99  0.91  0.52
LYS+B4861_  1.00  1.00  1.00  1.00  1.00  1.00  1.00  1.00  1.00  1.00  0.98  0.88  0.46  0.10  0.02
TYR-B4863_ -0.00 -0.00 -0.00 -0.00 -0.00 -0.00 -0.00 -0.00 -0.00 -0.00 -0.00 -0.01 -0.04 -0.07 -0.05
LYS+B4865_  1.00  1.00  1.00  1.00  1.00  1.00  1.00  1.00  0.98  0.90  0.80  0.69  0.39  0.10  0.01
GLU-B4867_ -0.00 -0.00 -0.00 -0.00 -0.00 -0.01 -0.02 -0.13 -0.52 -0.89 -0.98 -1.00 -1.00 -1.00 -1.00
ASP-B4868_ -0.00 -0.00 -0.01 -0.09 -0.40 -0.82 -0.97 -0.99 -1.00 -1.00 -1.00 -1.00 -1.00 -1.00 -1.00
GLU-B4869_ -0.00 -0.00 -0.01 -0.08 -0.35 -0.73 -0.95 -0.99 -1.00 -1.00 -1.00 -1.00 -1.00 -1.00 -1.00
ASP-B4870_ -0.00 -0.00 -0.00 -0.02 -0.12 -0.44 -0.85 -0.97 -0.99 -1.00 -1.00 -1.00 -1.00 -1.00 -1.00
GLU-B4871_ -0.00 -0.00 -0.05 -0.30 -0.69 -0.90 -0.97 -0.99 -1.00 -1.00 -1.00 -1.00 -1.00 -1.00 -1.00
CTR-B4871_ -0.00 -0.00 -0.00 -0.00 -0.00 -0.01 -0.02 -0.11 -0.41 -0.82 -0.97 -1.00 -1.00 -1.00 -1.00
NTR+B4872_  0.00  0.00  0.00  0.00  0.00  0.00  0.00  0.00  0.00  0.00  0.00  0.00  0.00  0.00  0.00
ASP-B4873_ -0.28 -0.79 -0.97 -0.99 -1.00 -1.00 -1.00 -1.00 -1.00 -1.00 -1.00 -1.00 -1.00 -1.00 -1.00
LYS+B4875_  1.00  1.00  1.00  1.00  1.00  1.00  1.00  0.99  0.94  0.73  0.37  0.23  0.12  0.03  0.00
CYS-B4876_ -0.00 -0.00 -0.00 -0.00 -0.00 -0.00 -0.00 -0.00 -0.00 -0.00 -0.00 -0.00 -0.00 -0.00 -0.00
ASP-B4877_ -0.00 -0.00 -0.01 -0.05 -0.23 -0.60 -0.91 -0.98 -1.00 -1.00 -1.00 -1.00 -1.00 -1.00 -1.00
ASP-B4878_ -0.00 -0.00 -0.02 -0.16 -0.59 -0.88 -0.98 -1.00 -1.00 -1.00 -1.00 -1.00 -1.00 -1.00 -1.00
CYS-B4882_ -0.00 -0.00 -0.00 -0.00 -0.00 -0.00 -0.00 -0.00 -0.00 -0.00 -0.01 -0.05 -0.29 -0.69 -0.92
TYR-B4883_ -0.00 -0.00 -0.00 -0.00 -0.00 -0.00 -0.00 -0.00 -0.01 -0.08 -0.44 -0.88 -0.98 -1.00 -1.00
CTR-B4883_ -0.00 -0.00 -0.00 -0.02 -0.14 -0.52 -0.88 -0.98 -1.00 -1.00 -1.00 -1.00 -1.00 -1.00 -1.00
NTR+B4900_  1.00  1.00  1.00  1.00  1.00  1.00  1.00  0.98  0.87  0.46  0.10  0.01  0.00  0.00  0.00
GLU-B4900_ -0.00 -0.05 -0.35 -0.82 -0.96 -1.00 -1.00 -1.00 -1.00 -1.00 -1.00 -1.00 -1.00 -1.00 -1.00
GLU-B4902_ -0.00 -0.00 -0.00 -0.00 -0.00 -0.01 -0.04 -0.23 -0.72 -0.94 -0.99 -1.00 -1.00 -1.00 -1.00
ASP-B4903_ -0.00 -0.00 -0.03 -0.19 -0.61 -0.92 -0.98 -1.00 -1.00 -1.00 -1.00 -1.00 -1.00 -1.00 -1.00
ASP-B4907_ -0.00 -0.01 -0.09 -0.44 -0.83 -0.96 -1.00 -1.00 -1.00 -1.00 -1.00 -1.00 -1.00 -1.00 -1.00
GLU-B4908_ -0.00 -0.00 -0.01 -0.10 -0.35 -0.79 -0.95 -0.99 -1.00 -1.00 -1.00 -1.00 -1.00 -1.00 -1.00
TYR-B4909_ -0.00 -0.00 -0.00 -0.00 -0.00 -0.00 -0.00 -0.00 -0.01 -0.07 -0.36 -0.77 -0.96 -1.00 -1.00
GLU-B4910_ -0.00 -0.00 -0.00 -0.00 -0.00 -0.00 -0.00 -0.00 -0.00 -0.00 -0.00 -0.00 -0.01 -0.08 -0.44
TYR-B4912_ -0.00 -0.00 -0.00 -0.00 -0.00 -0.00 -0.00 -0.00 -0.01 -0.09 -0.42 -0.83 -0.97 -1.00 -1.00
ARG+B4913_  1.00  1.00  0.99  0.94  0.74  0.38  0.10  0.02  0.00  0.00  0.00  0.00  0.00  0.00  0.00
ASP-B4917_ -0.00 -0.00 -0.01 -0.09 -0.36 -0.65 -0.84 -0.96 -0.99 -1.00 -1.00 -1.00 -1.00 -1.00 -1.00
CTR-B4917_ -0.00 -0.00 -0.00 -0.02 -0.11 -0.32 -0.67 -0.93 -0.99 -1.00 -1.00 -1.00 -1.00 -1.00 -1.00
NTR+B4966_  1.00  1.00  1.00  1.00  1.00  1.00  1.00  0.97  0.80  0.31  0.05  0.01  0.00  0.00  0.00
ASP-B4966_ -0.01 -0.10 -0.52 -0.89 -0.98 -1.00 -1.00 -1.00 -1.00 -1.00 -1.00 -1.00 -1.00 -1.00 -1.00
TYR-B4967_ -0.00 -0.00 -0.00 -0.00 -0.00 -0.00 -0.00 -0.00 -0.00 -0.02 -0.14 -0.51 -0.82 -0.97 -1.00
CTR-B4967_ -0.00 -0.01 -0.06 -0.32 -0.75 -0.95 -0.99 -1.00 -1.00 -1.00 -1.00 -1.00 -1.00 -1.00 -1.00
NTR+B4972_  1.00  1.00  1.00  1.00  1.00  0.99  0.96  0.75  0.31  0.06  0.01  0.00  0.00  0.00  0.00
HIS+B4973_  1.00  1.00  1.00  1.00  1.00  1.00  0.97  0.84  0.43  0.08  0.01  0.00  0.00  0.00  0.00
CTR-B4973_ -0.00 -0.00 -0.01 -0.09 -0.26 -0.51 -0.87 -0.97 -1.00 -1.00 -1.00 -1.00 -1.00 -1.00 -1.00
NTR+B4975_  0.00  0.00  0.00  0.00  0.00  0.00  0.00  0.00  0.00  0.00  0.00  0.00  0.00  0.00  0.00
CTR-B4975_ -0.00 -0.00 -0.02 -0.14 -0.45 -0.77 -0.93 -0.99 -1.00 -1.00 -1.00 -1.00 -1.00 -1.00 -1.00
NTR+B5009_  1.00  1.00  1.00  1.00  1.00  1.00  1.00  0.99  0.93  0.64  0.22  0.04  0.01  0.00  0.00
CTR-B5009_ -0.00 -0.01 -0.08 -0.39 -0.82 -0.97 -1.00 -1.00 -1.00 -1.00 -1.00 -1.00 -1.00 -1.00 -1.00
TYR-B5009_ -0.00 -0.00 -0.00 -0.00 -0.00 -0.00 -0.00 -0.00 -0.01 -0.10 -0.41 -0.84 -0.98 -1.00 -1.00
NTR+B5019_  0.00  0.00  0.00  0.00  0.00  0.00  0.00  0.00  0.00  0.00  0.00  0.00  0.00  0.00  0.00
CTR-B5019_ -0.00 -0.00 -0.03 -0.21 -0.68 -0.94 -0.99 -1.00 -1.00 -1.00 -1.00 -1.00 -1.00 -1.00 -1.00
NTR+B5029_  1.00  1.00  1.00  1.00  0.99  0.96  0.75  0.25  0.04  0.00  0.00  0.00  0.00  0.00  0.00
ARG+B5029_  1.00  1.00  1.00  1.00  1.00  1.00  1.00  1.00  1.00  1.00  1.00  1.00  0.99  0.95  0.62
LYS+B5030_  1.00  1.00  1.00  1.00  1.00  1.00  1.00  1.00  1.00  0.99  0.92  0.68  0.29  0.05  0.01
CTR-B5030_ -0.00 -0.01 -0.06 -0.36 -0.82 -0.97 -1.00 -1.00 -1.00 -1.00 -1.00 -1.00 -1.00 -1.00 -1.00
_CA+B5102_  0.00  0.00  0.00  0.00  0.00  0.00  0.00  0.00  0.00  0.00  0.00  0.00  0.00  0.00  0.00
----------
Net_Charge 65.49 63.58 58.24 43.95 18.05 -12.18 -36.08 -50.52 -60.25 -69.59 -81.79 -96.24 -109.12 -118.23 -124.86
Protons    65.49 63.58 58.24 43.95 18.05 -12.18 -36.08 -50.52 -60.25 -69.59 -81.79 -96.24 -109.12 -118.23 -124.86
Electrons   0.00  0.00  0.00  0.00  0.00  0.00  0.00  0.00  0.00  0.00  0.00  0.00  0.00  0.00  0.00
