   confID        vdw0    sas     sum
NTR01B3639_001  -0.003  -3.254  -3.257
NTR+1B3639_002  -0.005  -3.254  -3.259
THR01B3639_001   0.185  -4.545  -4.361
THR01B3639_002   0.185  -4.545  -4.361
PRO01B3640_001   0.288  -3.155  -2.867
LEU01B3641_001   1.797  -9.388  -7.591
TYR01B3642_001   4.963 -10.766  -5.802
TYR-1B3642_002   4.963 -10.766  -5.802
ASN01B3643_001   0.462  -2.309  -1.848
ASN01B3643_002   0.193  -2.015  -1.821
LEU01B3644_001   1.734  -2.366  -0.632
PRO01B3645_001   0.259  -3.230  -2.971
THR01B3646_001   0.274  -7.112  -6.838
THR01B3646_002   0.274  -7.112  -6.838
HIS01B3647_001  -0.153  -8.786  -8.939
HIS01B3647_002  -0.108  -8.689  -8.797
HIS02B3647_003  -0.172  -8.786  -8.958
HIS02B3647_004  -0.121  -8.689  -8.810
HIS+1B3647_005  -0.199  -8.786  -8.985
HIS+1B3647_006  -0.147  -8.689  -8.836
ARG01B3648_001   2.563  -7.254  -4.690
ARG02B3648_002   2.540  -7.254  -4.714
ARG03B3648_003   2.549  -7.254  -4.705
ARG+1B3648_004   2.501  -7.254  -4.753
ALA01B3649_001   0.000  -0.943  -0.943
CYS01B3650_001  -0.002  -3.838  -3.840
CYS01B3650_002  -0.002  -3.838  -3.840
CYS01B3650_003  -0.002  -3.838  -3.840
CYS-1B3650_004   0.000  -3.838  -3.838
ASN01B3651_001   0.537  -2.726  -2.189
ASN01B3651_002   0.275  -2.800  -2.526
MET01B3652_001   0.903  -6.399  -5.497
PHE01B3653_001   4.917  -8.745  -3.828
LEU01B3654_001   2.396  -7.034  -4.638
GLU01B3655_001   1.646  -3.437  -1.790
GLU01B3655_002   1.646  -3.437  -1.790
GLU02B3655_003   1.374  -3.553  -2.179
GLU02B3655_004   1.374  -3.553  -2.179
GLU-1B3655_005   1.275  -3.397  -2.122
SER01B3656_001   0.000  -3.316  -3.316
TYR01B3657_001   5.382  -5.987  -0.605
TYR-1B3657_002   5.382  -5.987  -0.605
LYS01B3658_001   2.111  -8.059  -5.947
LYS+1B3658_002   2.063  -8.059  -5.996
ALA01B3659_001   0.000  -4.977  -4.977
ALA01B3660_001   0.000  -2.627  -2.627
TRP01B3661_001   3.167  -4.412  -1.244
ILE01B3662_001   2.001 -10.038  -8.037
LEU01B3663_001   2.190  -5.492  -3.302
THR01B3664_001   0.162  -5.049  -4.887
GLU01B3665_001   1.581  -3.918  -2.338
GLU01B3665_002   1.581  -3.918  -2.338
GLU02B3665_003   1.311  -3.694  -2.384
GLU02B3665_004   1.311  -3.694  -2.384
GLU-1B3665_005   1.219  -3.676  -2.458
ASP01B3666_001   0.514  -1.745  -1.232
ASP01B3666_002   0.514  -1.745  -1.232
ASP02B3666_003   0.531  -1.614  -1.083
ASP02B3666_004   0.531  -1.614  -1.083
ASP-1B3666_005   0.429  -1.602  -1.173
HIS01B3667_001  -0.125  -4.887  -5.012
HIS01B3667_002  -0.063  -5.017  -5.080
HIS02B3667_003  -0.145  -4.887  -5.033
HIS02B3667_004  -0.075  -5.017  -5.092
HIS+1B3667_005  -0.172  -4.887  -5.059
HIS+1B3667_006  -0.101  -5.017  -5.119
SER01B3668_001   0.000  -3.486  -3.486
SER01B3668_002   0.000  -3.486  -3.486
PHE01B3669_001   4.612  -9.028  -4.416
GLU01B3670_001   1.317  -0.796   0.521
GLU01B3670_002   1.317  -0.796   0.521
GLU02B3670_003   1.127  -0.866   0.261
GLU02B3670_004   1.127  -0.866   0.261
GLU-1B3670_005   1.040  -0.796   0.244
ASP01B3671_001   0.133  -2.146  -2.013
ASP01B3671_002   0.133  -2.146  -2.013
ASP02B3671_003   0.222  -2.238  -2.016
ASP02B3671_004   0.222  -2.238  -2.016
ASP-1B3671_005   0.128  -2.136  -2.008
ARG01B3672_001   7.854 -10.701  -2.846
ARG02B3672_002   7.883 -10.701  -2.818
ARG03B3672_003   7.794 -10.701  -2.906
ARG+1B3672_004   7.747 -10.701  -2.953
CTR01B3672_001  -0.021  -3.987  -4.008
CTR01B3672_002   0.105  -4.026  -3.921
CTR02B3672_003  -0.022  -3.890  -3.912
CTR02B3672_004   0.041  -3.987  -3.946
CTR-1B3672_005   0.000  -3.890  -3.890
NTR01B3679_001  -0.003  -2.981  -2.984
NTR+1B3679_002  -0.005  -2.981  -2.986
LYS01B3679_001   2.182 -10.099  -7.917
LYS+1B3679_002   2.107 -10.099  -7.992
ALA01B3680_001   0.000  -5.148  -5.148
GLU01B3682_001   0.499  -3.748  -3.249
GLU01B3682_002   0.499  -3.748  -3.249
GLU02B3682_003   0.666  -3.737  -3.071
GLU02B3682_004   0.666  -3.737  -3.071
GLU-1B3682_005   0.468  -3.691  -3.223
GLN01B3683_001   0.454  -1.543  -1.089
GLU01B3684_001   0.498  -3.951  -3.453
GLU01B3684_002   0.498  -3.951  -3.453
GLU02B3684_003   0.664  -4.041  -3.377
GLU02B3684_004   0.664  -4.041  -3.377
GLU-1B3684_005   0.466  -3.897  -3.431
GLU01B3685_001   0.498  -4.201  -3.703
GLU01B3685_002   0.498  -4.201  -3.703
GLU02B3685_003   0.665  -4.185  -3.520
GLU02B3685_004   0.665  -4.185  -3.520
GLU-1B3685_005   0.467  -4.130  -3.663
GLU01B3686_001   0.497  -3.790  -3.293
GLU01B3686_002   0.497  -3.790  -3.293
GLU02B3686_003   0.663  -3.826  -3.163
GLU02B3686_004   0.663  -3.826  -3.163
GLU-1B3686_005   0.466  -3.820  -3.354
GLU01B3687_001   0.499  -2.388  -1.889
GLU01B3687_002   0.499  -2.388  -1.889
GLU02B3687_003   0.667  -2.494  -1.828
GLU02B3687_004   0.667  -2.494  -1.828
GLU-1B3687_005   0.468  -2.377  -1.909
GLU01B3688_001   0.499  -4.256  -3.758
GLU01B3688_002   0.499  -4.256  -3.758
GLU02B3688_003   0.665  -4.126  -3.461
GLU02B3688_004   0.665  -4.126  -3.461
GLU-1B3688_005   0.467  -4.044  -3.576
GLU01B3689_001   0.500  -4.197  -3.697
GLU01B3689_002   0.500  -4.197  -3.697
GLU02B3689_003   0.667  -4.269  -3.602
GLU02B3689_004   0.667  -4.269  -3.602
GLU-1B3689_005   0.469  -4.122  -3.653
VAL01B3690_001   0.502  -4.736  -4.234
GLU01B3691_001   0.498  -4.469  -3.971
GLU01B3691_002   0.498  -4.469  -3.971
GLU02B3691_003   0.665  -4.421  -3.756
GLU02B3691_004   0.665  -4.421  -3.756
GLU-1B3691_005   0.467  -4.220  -3.753
CTR01B3691_001  -0.021  -3.919  -3.940
CTR01B3691_002   0.118  -4.074  -3.956
CTR02B3691_003  -0.022  -3.919  -3.941
CTR02B3691_004   0.048  -4.132  -4.084
CTR-1B3691_005   0.000  -3.919  -3.919
NTR01B3720_001  -0.003  -3.801  -3.804
NTR+1B3720_002  -0.005  -3.685  -3.690
CTR01B3720_001  -0.021  -5.242  -5.262
CTR01B3720_002   0.094  -5.280  -5.186
CTR02B3720_003  -0.022  -5.338  -5.360
CTR02B3720_004   0.036  -5.223  -5.186
CTR-1B3720_005   0.000  -5.184  -5.184
TYR01B3720_001   4.313 -14.848 -10.535
TYR-1B3720_002   4.313 -14.848 -10.535
NTR01B3733_001  -0.003  -1.263  -1.266
NTR+1B3733_002  -0.005  -1.263  -1.268
CYS01B3733_001  -0.002  -6.916  -6.917
CYS01B3733_002  -0.002  -6.916  -6.917
CYS01B3733_003  -0.002  -6.916  -6.918
CYS-1B3733_004   0.000  -6.916  -6.916
HIS01B3734_001  -0.354  -7.792  -8.145
HIS02B3734_002  -0.363  -7.792  -8.154
HIS+1B3734_003  -0.382  -7.792  -8.174
LEU01B3735_001   1.455  -3.483  -2.029
GLU01B3736_001   0.497  -0.682  -0.185
GLU01B3736_002   0.497  -0.682  -0.185
GLU02B3736_003   0.664  -0.602   0.062
GLU02B3736_004   0.664  -0.602   0.062
GLU-1B3736_005   0.466  -0.671  -0.205
GLU01B3737_001   0.499  -3.249  -2.750
GLU01B3737_002   0.499  -3.249  -2.750
GLU02B3737_003   0.665  -3.343  -2.678
GLU02B3737_004   0.665  -3.343  -2.678
GLU-1B3737_005   0.468  -3.260  -2.792
GLU01B3740_001   0.500  -1.317  -0.817
GLU01B3740_002   0.500  -1.317  -0.817
GLU02B3740_003   0.667  -1.349  -0.683
GLU02B3740_004   0.667  -1.349  -0.683
GLU-1B3740_005   0.469  -1.301  -0.832
ASN01B3741_001  -0.020  -3.083  -3.102
CTR01B3741_001  -0.021  -4.276  -4.297
CTR01B3741_002   0.102  -4.393  -4.290
CTR02B3741_003  -0.022  -4.508  -4.530
CTR02B3741_004   0.040  -4.354  -4.314
CTR-1B3741_005   0.000  -4.276  -4.276
NTR01B3747_001  -0.003  -3.673  -3.676
NTR+1B3747_002  -0.005  -3.673  -3.678
GLU01B3747_001   0.498  -4.469  -3.971
GLU01B3747_002   0.498  -4.469  -3.971
GLU02B3747_003   0.665  -4.413  -3.748
GLU02B3747_004   0.665  -4.413  -3.748
GLU-1B3747_005   0.467  -4.263  -3.796
GLU01B3748_001   0.497  -3.550  -3.053
GLU01B3748_002   0.497  -3.550  -3.053
GLU02B3748_003   0.663  -3.558  -2.896
GLU02B3748_004   0.663  -3.558  -2.896
GLU-1B3748_005   0.466  -3.445  -2.979
VAL01B3749_001   0.499  -7.121  -6.622
GLU01B3750_001   1.728  -3.086  -1.358
GLU01B3750_002   1.728  -3.086  -1.358
GLU02B3750_003   1.414  -3.035  -1.621
GLU02B3750_004   1.414  -3.035  -1.621
GLU-1B3750_005   1.330  -3.064  -1.734
VAL01B3751_001   0.638  -3.123  -2.485
SER01B3752_001   0.000  -2.811  -2.811
SER01B3752_002   0.000  -2.811  -2.811
SER01B3752_003   0.000  -2.811  -2.811
PHE01B3753_001   4.433 -10.471  -6.038
GLU01B3754_001   2.344  -2.663  -0.319
GLU01B3754_002   2.344  -2.663  -0.319
GLU02B3754_003   1.957  -2.736  -0.779
GLU02B3754_004   1.957  -2.736  -0.779
GLU-1B3754_005   1.845  -2.661  -0.816
GLU01B3755_001   1.501  -1.019   0.481
GLU01B3755_002   1.501  -1.019   0.481
GLU02B3755_003   1.288  -1.093   0.195
GLU02B3755_004   1.288  -1.093   0.195
GLU-1B3755_005   1.172  -1.016   0.156
LYS01B3756_001   1.364  -8.636  -7.271
LYS+1B3756_002   1.299  -8.636  -7.337
GLU01B3757_001   3.474  -2.318   1.156
GLU01B3757_002   3.474  -2.318   1.156
GLU02B3757_003   2.737  -2.361   0.376
GLU02B3757_004   2.737  -2.361   0.376
GLU-1B3757_005   2.692  -2.270   0.422
MET01B3758_001   0.469  -2.029  -1.560
GLU01B3759_001   4.242  -1.074   3.167
GLU01B3759_002   4.242  -1.074   3.167
GLU02B3759_003   3.456  -1.048   2.408
GLU02B3759_004   3.456  -1.048   2.408
GLU-1B3759_005   3.362  -0.999   2.363
LYS01B3760_001   1.762  -9.121  -7.360
LYS+1B3760_002   1.714  -9.121  -7.408
GLN01B3761_001   0.756  -2.865  -2.108
GLN01B3761_002   0.679  -2.794  -2.116
ARG01B3762_001   3.745  -1.863   1.883
ARG02B3762_002   3.727  -1.863   1.864
ARG03B3762_003   3.732  -1.863   1.869
ARG03B3762_004   3.834  -1.863   1.971
ARG+1B3762_005   3.684  -1.863   1.821
CTR01B3762_001  -0.021  -1.680  -1.701
CTR01B3762_002   0.103  -1.738  -1.635
CTR02B3762_003  -0.022  -1.680  -1.702
CTR02B3762_004   0.039  -1.718  -1.679
CTR-1B3762_005   0.000  -1.680  -1.680
NTR01B3814_001  -0.003  -3.781  -3.784
NTR01B3814_002  -0.002  -3.810  -3.813
NTR+1B3814_003  -0.005  -3.781  -3.786
CTR01B3814_001  -0.021  -5.367  -5.388
CTR01B3814_002   0.106  -5.561  -5.455
CTR02B3814_003  -0.022  -5.329  -5.351
CTR02B3814_004   0.041  -5.541  -5.500
CTR-1B3814_005   0.000  -5.271  -5.271
GLN01B3814_001   0.914  -4.854  -3.940
GLN01B3814_002   0.793  -4.874  -4.081
NTR01B3845_001  -0.003  -1.799  -1.802
NTR+1B3845_002  -0.005  -1.799  -1.804
ASN01B3845_001   0.309  -4.122  -3.812
ASN01B3845_002   0.476  -4.102  -3.625
ALA01B3846_001   0.000  -2.849  -2.849
PHE01B3847_001   4.798  -8.058  -3.261
GLU01B3848_001   1.355  -2.585  -1.230
GLU01B3848_002   1.355  -2.585  -1.230
GLU02B3848_003   1.173  -2.540  -1.367
GLU02B3848_004   1.173  -2.540  -1.367
GLU-1B3848_005   1.057  -2.467  -1.410
ARG01B3849_001   2.530  -9.842  -7.311
ARG02B3849_002   2.517  -9.842  -7.324
ARG03B3849_003   2.511  -9.842  -7.330
ARG+1B3849_004   2.469  -9.842  -7.373
GLN01B3850_001   2.255  -0.463   1.792
ASN01B3851_001   0.191  -1.762  -1.571
ASN01B3851_002   0.016  -1.851  -1.835
LYS01B3852_001   0.979  -9.211  -8.233
LYS+1B3852_002   0.932  -9.211  -8.280
ALA01B3853_001   0.000  -1.098  -1.098
GLU01B3854_001   0.499  -3.462  -2.963
GLU01B3854_002   0.499  -3.462  -2.963
GLU02B3854_003   0.666  -3.375  -2.709
GLU02B3854_004   0.666  -3.375  -2.709
GLU-1B3854_005   0.468  -3.320  -2.852
LEU01B3856_001   1.655  -7.720  -6.065
MET01B3858_001   0.142  -8.976  -8.834
VAL01B3859_001   0.499  -2.643  -2.144
ASN01B3860_001  -0.020  -3.024  -3.044
GLU01B3861_001   0.498  -2.613  -2.115
GLU01B3861_002   0.498  -2.613  -2.115
GLU02B3861_003   0.664  -2.656  -1.992
GLU02B3861_004   0.664  -2.656  -1.992
GLU-1B3861_005   0.467  -2.631  -2.164
ASP01B3862_001  -0.040  -2.161  -2.201
ASP01B3862_002  -0.040  -2.161  -2.201
ASP02B3862_003  -0.009  -2.085  -2.093
ASP02B3862_004  -0.009  -2.085  -2.093
ASP-1B3862_005  -0.040  -2.114  -2.154
THR01B3864_001   0.152  -1.578  -1.426
VAL01B3865_001   0.501  -5.695  -5.194
ILE01B3866_001   0.942  -5.100  -4.157
ASN01B3867_001  -0.020  -1.267  -1.287
ARG01B3868_0011191.231  -5.5621185.669
ARG02B3868_0021191.213  -5.5621185.651
ARG03B3868_0031191.247  -5.5621185.685
ARG03B3868_004 190.281  -5.562 184.719
ARG+1B3868_0051191.181  -5.5621185.619
GLN01B3869_001   0.456  -2.217  -1.762
ASN01B3870_001  -0.020  -0.669  -0.689
GLU01B3872_001   0.499  -4.644  -4.146
GLU01B3872_002   0.499  -4.644  -4.146
GLU02B3872_003   0.665  -4.695  -4.030
GLU02B3872_004   0.665  -4.695  -4.030
GLU-1B3872_005   0.468  -4.565  -4.097
LYS01B3873_001   0.886  -3.696  -2.811
LYS+1B3873_002   0.840  -3.696  -2.857
VAL01B3874_001   0.773  -4.871  -4.098
CTR01B3874_001  -0.021  -4.479  -4.500
CTR01B3874_002   0.103  -4.518  -4.415
CTR02B3874_003  -0.022  -4.498  -4.520
CTR02B3874_004   0.041  -4.441  -4.400
CTR-1B3874_005   0.000  -4.459  -4.459
NTR01B3895_001  -0.003  -3.020  -3.023
NTR01B3895_002  -0.002  -2.982  -2.984
NTR+1B3895_003  -0.005  -2.982  -2.987
CTR01B3895_001  -0.021  -6.120  -6.141
CTR01B3895_002   0.107  -6.120  -6.013
CTR02B3895_003  -0.022  -6.198  -6.220
CTR02B3895_004   0.042  -6.256  -6.213
CTR-1B3895_005   0.000  -6.023  -6.023
HIS01B3895_001  -0.109  -9.446  -9.554
HIS01B3895_002  -0.058  -8.514  -8.573
HIS02B3895_003  -0.128  -9.446  -9.574
HIS02B3895_004  -0.072  -8.514  -8.586
HIS+1B3895_005  -0.155  -9.446  -9.601
HIS+1B3895_006  -0.098  -8.514  -8.613
NTR01B3919_001  -0.003  -3.647  -3.650
NTR+1B3919_002  -0.005  -3.647  -3.652
CTR01B3919_001  -0.021  -5.435  -5.456
CTR01B3919_002   0.104  -5.396  -5.292
CTR02B3919_003  -0.022  -5.435  -5.457
CTR02B3919_004   0.041  -5.338  -5.297
CTR-1B3919_005   0.000  -5.261  -5.261
THR01B3919_001   0.327  -8.321  -7.994
THR01B3919_002   0.327  -8.321  -7.994
THR01B3919_003   0.327  -8.321  -7.994
NTR01B3972_001  -0.003  -1.405  -1.408
NTR+1B3972_002  -0.005  -1.386  -1.391
CTR01B3972_001  -0.021  -6.004  -6.025
CTR01B3972_002   0.122  -5.908  -5.786
CTR02B3972_003  -0.022  -6.101  -6.123
CTR02B3972_004   0.049  -5.966  -5.917
CTR-1B3972_005   0.000  -5.966  -5.966
PRO01B3972_001   0.493  -8.834  -8.342
NTR01B3985_001  -0.003  -3.473  -3.476
NTR01B3985_002  -0.002  -3.357  -3.360
NTR+1B3985_003  -0.005  -3.357  -3.362
CTR01B3985_001  -0.021  -5.242  -5.263
CTR01B3985_002   0.103  -5.261  -5.158
CTR02B3985_003  -0.022  -5.261  -5.283
CTR02B3985_004   0.039  -5.203  -5.165
CTR-1B3985_005   0.000  -5.184  -5.184
LEU01B3985_001   2.986 -10.779  -7.792
NTR01B4037_001  -0.003  -3.583  -3.586
NTR01B4037_002  -0.002  -3.564  -3.566
NTR+1B4037_003  -0.005  -3.583  -3.587
CTR01B4037_001  -0.021  -6.159  -6.180
CTR01B4037_002   0.118  -6.024  -5.906
CTR02B4037_003  -0.022  -6.140  -6.162
CTR02B4037_004   0.048  -6.043  -5.995
CTR-1B4037_005   0.000  -6.043  -6.043
ASN01B4037_001   0.558  -3.797  -3.239
NTR01B4064_001  -0.003  -3.914  -3.916
NTR+1B4064_002  -0.005  -3.914  -3.918
CTR01B4064_001  -0.021  -3.649  -3.670
CTR01B4064_002   0.102  -3.784  -3.682
CTR02B4064_003  -0.022  -3.745  -3.768
CTR02B4064_004   0.040  -3.842  -3.802
CTR-1B4064_005   0.000  -3.610  -3.610
MET01B4064_001   0.030  -2.662  -2.632
NTR01B4069_001  -0.003  -2.120  -2.123
NTR+1B4069_002  -0.005  -2.120  -2.125
LYS01B4069_001   2.856  -9.274  -6.418
LYS+1B4069_002   2.794  -9.274  -6.480
ASP01B4070_001   0.127  -3.290  -3.164
ASP01B4070_002   0.127  -3.290  -3.164
ASP02B4070_003   0.202  -3.370  -3.168
ASP02B4070_004   0.202  -3.370  -3.168
ASP-1B4070_005   0.118  -3.174  -3.056
ILE01B4071_001   2.750  -2.283   0.467
VAL01B4072_001   0.571  -0.927  -0.356
SER01B4074_001   0.000  -2.613  -2.613
GLU01B4075_001   1.651  -3.081  -1.429
GLU01B4075_002   1.651  -3.081  -1.429
GLU02B4075_003   1.374  -3.095  -1.722
GLU02B4075_004   1.374  -3.095  -1.722
GLU-1B4075_005   1.276  -3.090  -1.815
ALA01B4076_001   0.000  -2.849  -2.849
PHE01B4077_001   4.547   0.000   4.547
GLN01B4078_001   1.082  -1.787  -0.705
ASP01B4079_001   0.155  -2.920  -2.766
ASP01B4079_002   0.155  -2.920  -2.766
ASP02B4079_003   0.238  -2.862  -2.624
ASP02B4079_004   0.238  -2.862  -2.624
ASP-1B4079_005   0.146  -2.717  -2.571
TYR01B4080_001   5.269  -1.335   3.933
TYR-1B4080_002   5.269  -1.335   3.933
VAL01B4081_001   0.637  -0.412   0.224
THR01B4082_001   0.222  -6.452  -6.230
THR01B4082_002   0.222  -6.452  -6.230
ASP01B4083_001   0.195  -1.187  -0.991
ASP01B4083_002   0.195  -1.187  -0.991
ASP02B4083_003   0.283  -1.224  -0.940
ASP02B4083_004   0.283  -1.224  -0.940
ASP-1B4083_005   0.183  -1.172  -0.988
PRO01B4084_001   0.260  -6.379  -6.119
ARG01B4085_001   5.063  -8.340  -3.277
ARG02B4085_002   4.993  -8.340  -3.347
ARG03B4085_003   4.987  -8.340  -3.353
ARG+1B4085_004   4.948  -8.340  -3.392
LEU01B4087_001   1.878  -4.581  -2.703
ILE01B4088_001   3.710   0.000   3.710
SER01B4089_001   0.000  -2.041  -2.041
SER01B4089_002   0.000  -2.041  -2.041
SER01B4089_003   0.000  -2.041  -2.041
LYS01B4090_001   1.333  -2.210  -0.877
LYS+1B4090_002   1.287  -2.210  -0.923
LYS01B4091_001   0.837  -8.757  -7.920
LYS+1B4091_002   0.791  -8.757  -7.966
ASP01B4092_001   0.079  -0.611  -0.533
ASP01B4092_002   0.079  -0.611  -0.533
ASP02B4092_003   0.153  -0.672  -0.519
ASP02B4092_004   0.153  -0.672  -0.519
ASP-1B4092_005   0.076  -0.646  -0.570
PHE01B4093_001   4.815  -0.051   4.764
GLN01B4094_001   1.215  -1.398  -0.183
GLN01B4094_002   1.642  -1.321   0.321
LYS01B4095_001   1.700  -7.128  -5.428
LYS+1B4095_002   1.652  -7.128  -5.476
ALA01B4096_001   0.000  -0.206  -0.206
MET01B4097_001   0.070  -0.143  -0.072
ASP01B4098_001   0.439  -2.789  -2.351
ASP01B4098_002   0.439  -2.789  -2.351
ASP02B4098_003   0.469  -2.870  -2.401
ASP02B4098_004   0.469  -2.870  -2.401
ASP-1B4098_005   0.370  -2.688  -2.318
SER01B4099_001   0.000  -2.365  -2.365
SER01B4099_002   0.000  -2.365  -2.365
GLN01B4100_001   1.863  -1.066   0.797
GLN01B4100_002   3.049  -0.902   2.147
LYS01B4101_001   1.016 -10.867  -9.851
LYS+1B4101_002   0.967 -10.867  -9.900
GLN01B4102_001   1.554  -2.856  -1.301
GLN01B4102_002   2.484  -3.105  -0.621
PHE01B4103_001   5.288  -0.878   4.410
CTR01B4103_001  -0.021  -2.877  -2.898
CTR01B4103_002   0.112  -3.070  -2.957
CTR02B4103_003  -0.022  -2.992  -3.015
CTR02B4103_004   0.046  -2.992  -2.946
CTR-1B4103_005   0.000  -2.992  -2.992
NTR01B4106_001  -0.002  -0.257  -0.259
NTR+1B4106_002  -0.004  -0.257  -0.261
PRO01B4106_001   0.283  -7.318  -7.035
GLU01B4107_001   2.295  -2.888  -0.593
GLU01B4107_002   2.295  -2.888  -0.593
GLU02B4107_003   1.821  -3.035  -1.213
GLU02B4107_004   1.821  -3.035  -1.213
GLU-1B4107_005   1.752  -2.886  -1.133
ILE01B4108_001   4.248  -0.979   3.269
GLN01B4109_001   0.904  -2.457  -1.553
GLN01B4109_002   0.757  -2.218  -1.461
PHE01B4110_001   5.651  -8.100  -2.449
LEU01B4111_001   2.088  -1.475   0.613
LEU01B4112_001   1.482  -0.206   1.276
SER01B4113_001   0.000  -3.030  -3.030
SER01B4113_002   0.000  -3.030  -3.030
CYS01B4114_001  -0.002  -2.768  -2.770
CYS01B4114_002  -0.002  -2.768  -2.770
CYS01B4114_003  -0.003  -2.768  -2.771
CYS-1B4114_004   0.000  -2.768  -2.768
SER01B4115_001   0.000  -0.060  -0.060
SER01B4115_002   0.000  -0.060  -0.060
GLU01B4116_001   2.003  -2.839  -0.836
GLU01B4116_002   2.003  -2.839  -0.836
GLU02B4116_003   1.650  -2.847  -1.197
GLU02B4116_004   1.650  -2.847  -1.197
GLU-1B4116_005   1.554  -2.743  -1.189
ALA01B4117_001   0.000  -3.483  -3.483
ASP01B4118_001   0.409  -2.330  -1.921
ASP01B4118_002   0.409  -2.330  -1.921
ASP02B4118_003   0.461  -2.446  -1.985
ASP02B4118_004   0.461  -2.446  -1.985
ASP-1B4118_005   0.353  -2.309  -1.956
GLU01B4119_001   1.718  -3.901  -2.183
GLU01B4119_002   1.718  -3.901  -2.183
GLU02B4119_003   1.468  -3.991  -2.523
GLU02B4119_004   1.468  -3.991  -2.523
GLU-1B4119_005   1.349  -3.902  -2.552
ASN01B4120_001   0.014  -1.797  -1.783
ASN01B4120_002   0.185  -2.033  -1.848
GLU01B4121_001   4.006  -2.975   1.031
GLU01B4121_002   4.006  -2.975   1.031
GLU02B4121_003   3.214  -2.865   0.348
GLU02B4121_004   3.214  -2.865   0.348
GLU-1B4121_005   3.140  -2.868   0.272
MET01B4122_001   0.142  -1.008  -0.866
ILE01B4123_001   1.858   0.000   1.858
ASN01B4124_001   0.142  -2.026  -1.884
ASN01B4124_002  -0.012  -1.893  -1.905
PHE01B4125_001   4.913  -1.954   2.960
GLU01B4126_001   0.499  -3.497  -2.998
GLU01B4126_002   0.499  -3.497  -2.998
GLU02B4126_003   0.665  -3.583  -2.918
GLU02B4126_004   0.665  -3.583  -2.918
GLU-1B4126_005   0.467  -3.480  -3.012
GLU01B4127_001   2.199  -2.234  -0.035
GLU01B4127_002   2.199  -2.234  -0.035
GLU02B4127_003   1.783  -2.117  -0.333
GLU02B4127_004   1.783  -2.117  -0.333
GLU-1B4127_005   1.702  -2.083  -0.381
PHE01B4128_001   4.919  -1.485   3.435
ALA01B4129_001   0.000  -0.615  -0.615
ASN01B4130_001   0.451  -2.421  -1.970
ASN01B4130_002   0.208  -2.434  -2.225
CTR01B4130_001  -0.021  -4.460  -4.481
CTR01B4130_002   0.102  -4.363  -4.261
CTR02B4130_003  -0.022  -4.325  -4.347
CTR02B4130_004   0.040  -4.499  -4.458
CTR-1B4130_005   0.000  -4.325  -4.325
NTR01B4148_001  -0.003  -3.322  -3.325
NTR+1B4148_002  -0.005  -3.322  -3.327
THR01B4148_001   0.248  -8.151  -7.903
THR01B4148_002   0.248  -8.151  -7.903
THR01B4148_003   0.248  -8.151  -7.903
ASN01B4149_001   0.220  -4.477  -4.257
CTR01B4149_001  -0.021  -4.836  -4.857
CTR01B4149_002   0.108  -4.952  -4.844
CTR02B4149_003  -0.022  -4.778  -4.800
CTR02B4149_004   0.043  -4.875  -4.832
CTR-1B4149_005   0.000  -4.759  -4.759
NTR01B4155_001  -0.003  -1.891  -1.893
NTR+1B4155_002  -0.005  -1.891  -1.895
CTR01B4155_001  -0.021  -5.348  -5.369
CTR01B4155_002   0.103  -5.522  -5.419
CTR02B4155_003  -0.022  -5.503  -5.525
CTR02B4155_004   0.040  -5.406  -5.366
CTR-1B4155_005   0.000  -5.406  -5.406
PRO01B4155_001   0.307  -7.170  -6.863
NTR01B4253_001  -0.003  -3.043  -3.046
NTR+1B4253_002  -0.005  -3.043  -3.048
CTR01B4253_001  -0.021  -5.415  -5.437
CTR01B4253_002   0.109  -5.473  -5.365
CTR02B4253_003  -0.022  -5.222  -5.245
CTR02B4253_004   0.042  -5.493  -5.451
CTR-1B4253_005   0.000  -5.241  -5.241
GLU01B4253_001   0.499  -2.719  -2.221
GLU01B4253_002   0.499  -2.719  -2.221
GLU02B4253_003   0.665  -2.649  -1.984
GLU02B4253_004   0.665  -2.649  -1.984
GLU-1B4253_005   0.467  -2.622  -2.155
NTR01B4540_001  -0.003  -2.938  -2.941
NTR+1B4540_002  -0.005  -2.938  -2.943
PHE01B4540_001   2.034  -3.332  -1.298
TRP01B4541_001   0.643 -14.186 -13.543
GLU01B4543_001   0.498  -3.467  -2.969
GLU01B4543_002   0.498  -3.467  -2.969
GLU02B4543_003   0.665  -3.599  -2.935
GLU02B4543_004   0.665  -3.599  -2.935
GLU-1B4543_005   0.467  -3.415  -2.948
LEU01B4544_001   1.461  -3.931  -2.470
GLU01B4545_001   0.500  -2.634  -2.134
GLU01B4545_002   0.500  -2.634  -2.134
GLU02B4545_003   0.667  -2.594  -1.927
GLU02B4545_004   0.667  -2.594  -1.927
GLU-1B4545_005   0.469  -2.618  -2.150
VAL01B4546_001   0.494  -6.004  -5.510
GLN01B4547_001   1.342  -2.824  -1.482
GLN01B4547_002   1.928  -2.891  -0.963
ARG01B4548_001   3.955  -7.898  -3.944
ARG02B4548_002   3.903  -7.898  -3.996
ARG03B4548_003   3.905  -7.898  -3.993
ARG+1B4548_004   3.857  -7.898  -4.041
VAL01B4549_001   0.753  -3.261  -2.509
LYS01B4550_001   3.781  -4.348  -0.566
LYS+1B4550_002   3.687  -4.348  -0.661
PHE01B4551_001   4.878  -7.150  -2.273
LEU01B4552_001   3.796  -1.252   2.544
ASN01B4553_001   0.323  -2.111  -1.788
ASN01B4553_002   0.491  -2.038  -1.546
TYR01B4554_001   4.561  -9.088  -4.527
TYR-1B4554_002   4.561  -9.088  -4.527
LEU01B4555_001   2.143  -0.258   1.886
SER01B4556_001   0.000  -1.416  -1.416
SER01B4556_002   0.000  -1.416  -1.416
ARG01B4557_001   7.297  -5.517   1.780
ARG02B4557_002   7.248  -5.517   1.731
ARG02B4557_003   7.254  -5.517   1.736
ARG03B4557_004   7.304  -5.517   1.786
ARG+1B4557_005   7.208  -5.517   1.690
CTR01B4557_001  -0.021  -2.220  -2.241
CTR01B4557_002   0.107  -2.201  -2.094
CTR02B4557_003  -0.022  -2.201  -2.223
CTR02B4557_004   0.043  -2.239  -2.197
CTR-1B4557_005   0.000  -2.201  -2.201
NTR01B4559_001  -0.003   0.000  -0.003
NTR+1B4559_002  -0.005   0.000  -0.005
PHE01B4559_001   4.664  -1.917   2.747
TYR01B4560_001   4.810 -11.365  -6.555
TYR01B4560_002   4.810 -11.365  -6.555
TYR-1B4560_003   4.810 -11.365  -6.555
THR01B4561_001   0.262  -5.881  -5.618
THR01B4561_002   0.262  -5.881  -5.618
LEU01B4562_001   2.171  -1.098   1.073
ARG01B4563_001   1.851  -2.576  -0.725
ARG02B4563_002   1.806  -2.576  -0.771
ARG02B4563_003   1.810  -2.576  -0.766
ARG03B4563_004   1.811  -2.576  -0.765
ARG+1B4563_005   1.767  -2.576  -0.809
PHE01B4564_001   4.947  -8.471  -3.524
LEU01B4565_001   1.592  -3.329  -1.737
ALA01B4566_001   0.000  -0.068  -0.068
LEU01B4567_001   3.147  -3.194  -0.047
PHE01B4568_001   4.934  -8.382  -3.448
LEU01B4569_001   3.300  -0.567   2.734
ALA01B4570_001   0.000   0.000   0.000
PHE01B4571_001   5.063  -6.260  -1.197
ALA01B4572_001   0.000  -2.556  -2.556
ILE01B4573_001   3.471  -0.155   3.316
ASN01B4574_001   0.569  -0.428   0.142
ASN01B4574_002   0.304  -0.465  -0.161
PHE01B4575_001   4.626  -8.724  -4.098
ILE01B4576_001   3.090  -0.892   2.198
LEU01B4577_001   3.145  -2.299   0.846
LEU01B4578_001   2.136  -6.043  -3.906
PHE01B4579_001   4.772  -2.795   1.976
TYR01B4580_001   4.520  -3.894   0.626
TYR-1B4580_002   4.520  -3.894   0.626
LYS01B4581_001   1.456  -6.708  -5.252
LYS+1B4581_002   1.409  -6.708  -5.299
VAL01B4582_001   0.463  -5.422  -4.959
SER01B4583_001   0.000  -0.884  -0.884
SER01B4583_002   0.000  -0.884  -0.884
SER01B4583_003   0.000  -0.884  -0.884
ASP01B4584_001  -0.040  -3.710  -3.750
ASP01B4584_002  -0.040  -3.710  -3.750
ASP02B4584_003  -0.009  -3.657  -3.666
ASP02B4584_004  -0.009  -3.657  -3.666
ASP-1B4584_005  -0.041  -3.613  -3.654
SER01B4585_001   0.000  -2.998  -2.998
SER01B4585_002   0.000  -2.998  -2.998
PRO01B4586_001   0.290  -5.422  -5.132
PRO01B4587_001   0.261  -4.565  -4.304
CTR01B4587_001  -0.021  -4.691  -4.712
CTR01B4587_002   0.087  -4.904  -4.817
CTR02B4587_003  -0.022  -4.691  -4.713
CTR02B4587_004   0.031  -4.924  -4.892
CTR-1B4587_005   0.000  -4.691  -4.691
NTR01B4626_001  -0.003  -3.487  -3.489
NTR+1B4626_002  -0.005  -3.487  -3.491
ASN01B4626_001  -0.020  -3.148  -3.168
MET01B4627_001   0.144  -4.442  -4.298
VAL01B4628_001   0.568  -2.675  -2.107
TYR01B4629_001   4.619  -8.204  -3.584
TYR-1B4629_002   4.619  -8.204  -3.584
TYR01B4630_001   4.853  -4.027   0.826
TYR-1B4630_002   4.853  -4.027   0.826
PHE01B4631_001   4.990  -3.554   1.436
LEU01B4632_001   2.035  -4.337  -2.301
GLU01B4633_001   3.218  -2.558   0.661
GLU01B4633_002   3.218  -2.558   0.661
GLU02B4633_003   2.570  -2.640  -0.070
GLU02B4633_004   2.570  -2.640  -0.070
GLU-1B4633_005   2.501  -2.619  -0.118
GLU01B4634_001   1.975  -1.223   0.751
GLU01B4634_002   1.975  -1.223   0.751
GLU02B4634_003   1.554  -1.166   0.387
GLU02B4634_004   1.554  -1.166   0.387
GLU-1B4634_005   1.498  -1.189   0.310
SER01B4635_001   0.000  -4.920  -4.920
THR01B4636_001   0.185  -2.761  -2.576
THR01B4636_002   0.185  -2.761  -2.576
THR01B4636_003   0.185  -2.761  -2.576
TYR01B4638_001   4.778  -8.669  -3.891
TYR01B4638_002   4.778  -8.669  -3.891
TYR-1B4638_003   4.778  -8.669  -3.891
MET01B4639_001  16.607   0.000  16.607
GLU01B4640_001   2.116  -2.452  -0.337
GLU01B4640_002   2.116  -2.452  -0.337
GLU02B4640_003   1.745  -2.486  -0.742
GLU02B4640_004   1.745  -2.486  -0.742
GLU-1B4640_005   1.647  -2.377  -0.730
PRO01B4641_001   0.248  -6.190  -5.942
ALA01B4642_001   0.000  -2.762  -2.762
LEU01B4643_001   2.979  -2.418   0.561
TRP01B4644_001   2.707 -10.429  -7.722
CYS01B4645_001  -0.002  -3.810  -3.812
CYS01B4645_002  -0.002  -3.810  -3.812
CYS01B4645_003  -0.002  -3.810  -3.813
CYS-1B4645_004   0.000  -3.810  -3.810
LEU01B4646_001   1.407  -3.689  -2.282
SER01B4647_001   0.000  -0.308  -0.308
SER01B4647_002   0.000  -0.308  -0.308
LEU01B4648_001   2.707  -5.354  -2.647
LEU01B4649_001   2.235  -3.416  -1.181
HIS01B4650_001  -0.121   0.000  -0.121
HIS02B4650_002  -0.140   0.000  -0.140
HIS+1B4650_003  -0.167   0.000  -0.167
THR01B4651_001   0.257  -1.405  -1.148
THR01B4651_002   0.257  -1.405  -1.148
LEU01B4652_001   4.108  -5.251  -1.143
VAL01B4653_001   0.736  -0.309   0.426
ALA01B4654_001   0.000   0.000   0.000
PHE01B4655_001   4.953  -7.487  -2.534
LEU01B4656_001   2.177  -1.954   0.223
CYS01B4657_001  -0.002   0.000  -0.002
CYS01B4657_002  -0.002   0.000  -0.002
CYS01B4657_003  -0.002   0.000  -0.002
CYS-1B4657_004   0.000   0.000   0.000
ILE01B4658_001   2.536  -2.453   0.083
ILE01B4659_001   2.367  -3.123  -0.756
TYR01B4661_001   5.146  -2.429   2.717
TYR-1B4661_002   5.146  -2.429   2.717
ASN01B4662_001   0.200  -2.417  -2.217
ASN01B4662_002   0.023  -2.333  -2.309
CYS01B4663_001  -0.002  -1.957  -1.959
CYS01B4663_002  -0.002  -1.957  -1.959
CYS01B4663_003  -0.003  -1.957  -1.959
CYS-1B4663_004   0.000  -1.957  -1.957
CTR01B4663_001  -0.021  -3.630  -3.651
CTR01B4663_002   0.089  -3.630  -3.540
CTR02B4663_003  -0.022  -3.436  -3.458
CTR02B4663_004   0.032  -3.649  -3.617
CTR-1B4663_005   0.000  -3.436  -3.436
NTR01B4692_001  -0.003  -1.749  -1.752
NTR+1B4692_002  -0.004  -1.749  -1.754
PRO01B4692_001   0.297  -1.984  -1.687
ASP01B4694_001   0.177  -2.192  -2.015
ASP01B4694_002   0.177  -2.192  -2.015
ASP02B4694_003   0.264  -2.466  -2.202
ASP02B4694_004   0.264  -2.466  -2.202
ASP-1B4694_005   0.167  -2.175  -2.008
ASP01B4695_001   0.182  -3.292  -3.111
ASP01B4695_002   0.182  -3.292  -3.111
ASP02B4695_003   0.272  -3.306  -3.033
ASP02B4695_004   0.272  -3.306  -3.033
ASP-1B4695_005   0.172  -3.256  -3.084
ASP01B4696_001   0.145  -3.330  -3.184
ASP01B4696_002   0.145  -3.330  -3.184
ASP02B4696_003   0.224  -3.345  -3.122
ASP02B4696_004   0.224  -3.345  -3.122
ASP-1B4696_005   0.136  -3.183  -3.047
VAL01B4697_001   0.744  -6.999  -6.255
LYS01B4698_001   2.160  -8.246  -6.085
LYS+1B4698_002   2.112  -8.246  -6.134
GLN01B4700_001   1.858  -1.712   0.147
GLN01B4700_002   1.363  -1.852  -0.489
TRP01B4701_001   3.641  -4.012  -0.370
ASP01B4702_001   0.127  -1.268  -1.141
ASP01B4702_002   0.127  -1.268  -1.141
ASP02B4702_003   0.203  -1.351  -1.148
ASP02B4702_004   0.203  -1.351  -1.148
ASP-1B4702_005   0.118  -1.266  -1.148
ARG01B4703_001   2.515  -6.099  -3.584
ARG02B4703_002   2.474  -6.099  -3.625
ARG03B4703_003   2.566  -6.099  -3.534
ARG+1B4703_004   2.429  -6.099  -3.670
LEU01B4704_001   3.846  -2.952   0.893
VAL01B4705_001   0.597  -1.082  -0.485
LEU01B4706_001   1.715  -3.825  -2.110
ASN01B4707_001   0.581  -1.432  -0.851
ASN01B4707_002   0.303  -1.329  -1.026
THR01B4708_001   0.264  -0.203   0.062
THR01B4708_002   0.264  -0.203   0.062
THR01B4708_003   0.264  -0.203   0.062
CTR01B4708_001  -0.021  -2.259  -2.280
CTR01B4708_002   0.102  -2.239  -2.137
CTR02B4708_003  -0.022  -2.278  -2.300
CTR02B4708_004   0.039  -2.278  -2.239
CTR-1B4708_005   0.000  -2.259  -2.259
NTR01B4710_001  -0.003  -1.942  -1.945
NTR+1B4710_002  -0.005  -1.711  -1.716
CTR01B4710_001  -0.021  -2.780  -2.801
CTR01B4710_002   0.104  -2.838  -2.734
CTR02B4710_003  -0.022  -2.780  -2.803
CTR02B4710_004   0.039  -2.858  -2.819
CTR-1B4710_005   0.000  -2.780  -2.780
SER01B4710_001   0.000  -1.961  -1.961
SER01B4710_002   0.000  -1.961  -1.961
SER01B4710_003   0.000  -1.961  -1.961
NTR01B4730_001  -0.003  -2.017  -2.020
NTR+1B4730_002  -0.005  -2.017  -2.022
ASP01B4730_001   0.106  -3.571  -3.465
ASP01B4730_002   0.106  -3.571  -3.465
ASP02B4730_003   0.188  -3.646  -3.458
ASP02B4730_004   0.188  -3.646  -3.458
ASP-1B4730_005   0.103  -3.531  -3.429
ILE01B4731_001   3.396  -7.617  -4.221
PHE01B4732_001   4.173  -9.248  -5.075
ARG01B4734_001   2.272  -9.076  -6.803
ARG02B4734_002   2.247  -9.076  -6.828
ARG03B4734_003   2.346  -9.076  -6.729
ARG+1B4734_004   2.208  -9.076  -6.868
GLU01B4735_001   3.689  -3.232   0.457
GLU01B4735_002   3.689  -3.232   0.457
GLU02B4735_003   2.987  -3.218  -0.232
GLU02B4735_004   2.987  -3.218  -0.232
GLU-1B4735_005   2.897  -3.177  -0.280
ARG01B4736_001   4.172  -8.032  -3.860
ARG02B4736_002   4.123  -8.032  -3.910
ARG03B4736_003   4.125  -8.032  -3.907
ARG+1B4736_004   4.077  -8.032  -3.956
ILE01B4737_001   1.930  -3.863  -1.934
ALA01B4738_001   0.000  -0.824  -0.824
GLU01B4739_001   3.846  -2.606   1.240
GLU01B4739_002   3.846  -2.606   1.240
GLU02B4739_003   3.084  -2.728   0.356
GLU02B4739_004   3.084  -2.728   0.356
GLU-1B4739_005   3.014  -2.612   0.402
LEU01B4740_001   2.241  -4.459  -2.218
LEU01B4741_001   1.511  -4.755  -3.244
MET01B4743_001   1.343  -4.010  -2.667
ASP01B4744_001  -0.040  -2.721  -2.761
ASP01B4744_002  -0.040  -2.721  -2.761
ASP02B4744_003  -0.009  -2.809  -2.817
ASP02B4744_004  -0.009  -2.809  -2.817
ASP-1B4744_005  -0.040  -2.648  -2.688
LEU01B4745_001   1.454  -6.246  -4.792
ALA01B4746_001   0.000  -1.082  -1.082
SER01B4747_001   0.000  -1.468  -1.468
LEU01B4748_001   1.457  -6.110  -4.654
GLU01B4749_001   0.499  -2.380  -1.881
GLU01B4749_002   0.499  -2.380  -1.881
GLU02B4749_003   0.665  -2.446  -1.781
GLU02B4749_004   0.665  -2.446  -1.781
GLU-1B4749_005   0.467  -2.356  -1.888
ILE01B4750_001   0.943  -3.467  -2.525
THR01B4751_001   0.150  -5.617  -5.467
ALA01B4752_001   0.000  -3.017  -3.017
HIS01B4753_001  -0.354  -2.248  -2.602
HIS02B4753_002  -0.363  -2.248  -2.611
HIS+1B4753_003  -0.382  -2.248  -2.631
ASN01B4754_001  -0.020  -1.873  -1.893
ASN01B4754_002  -0.091  -1.952  -2.043
GLU01B4755_001   0.500  -2.925  -2.425
GLU01B4755_002   0.500  -2.925  -2.425
GLU02B4755_003   0.667  -3.001  -2.334
GLU02B4755_004   0.667  -3.001  -2.334
GLU-1B4755_005   0.469  -2.954  -2.486
ARG01B4756_0011192.186  -6.0121186.173
ARG02B4756_0021192.169  -6.0121186.156
ARG03B4756_0031192.202  -6.0121186.189
ARG03B4756_004 191.229  -6.012 185.216
ARG+1B4756_0051192.135  -6.0121186.123
LYS01B4757_001   3.795  -1.033   2.762
LYS+1B4757_002   3.701  -1.033   2.667
PRO01B4758_001   0.244  -5.427  -5.183
ASP01B4759_001  -0.040  -3.236  -3.277
ASP01B4759_002  -0.040  -3.236  -3.277
ASP02B4759_003  -0.009  -3.243  -3.252
ASP02B4759_004  -0.009  -3.243  -3.252
ASP-1B4759_005  -0.041  -3.044  -3.085
PRO01B4760_001   0.251  -6.733  -6.482
PRO01B4761_001   0.234  -6.759  -6.525
PRO01B4762_001   0.240  -5.778  -5.538
LEU01B4764_001   1.455  -4.961  -3.506
LEU01B4765_001   1.451  -5.029  -3.577
THR01B4766_001   0.235  -5.002  -4.767
THR01B4766_002   0.235  -5.002  -4.767
TRP01B4767_001   3.048  -7.486  -4.438
LEU01B4768_001   3.399  -7.430  -4.031
MET01B4769_001   0.292  -9.889  -9.598
SER01B4770_001   0.000  -3.109  -3.109
ILE01B4771_001   2.023  -4.736  -2.713
ASP01B4772_001   0.134  -2.557  -2.424
ASP01B4772_002   0.134  -2.557  -2.424
ASP02B4772_003   0.204  -2.666  -2.462
ASP02B4772_004   0.204  -2.666  -2.462
ASP-1B4772_005   0.123  -2.494  -2.371
VAL01B4773_001   0.625  -5.734  -5.109
LYS01B4774_001   1.286  -5.778  -4.492
LYS+1B4774_002   1.238  -5.778  -4.540
TYR01B4775_001   5.066  -3.995   1.071
TYR-1B4775_002   5.066  -3.995   1.071
GLN01B4776_001   1.015  -1.966  -0.951
GLN01B4776_002   0.834  -2.000  -1.165
ILE01B4777_001   2.952  -4.256  -1.304
TRP01B4778_001   3.874  -2.813   1.062
LYS01B4779_001   1.698  -4.177  -2.478
LYS+1B4779_002   1.650  -4.177  -2.527
PHE01B4780_001   4.874  -5.790  -0.917
VAL01B4782_001   1.227  -3.036  -1.809
ILE01B4783_001   2.398  -3.725  -1.326
PHE01B4784_001   4.188  -7.416  -3.228
THR01B4785_001   0.198  -3.360  -3.163
THR01B4785_002   0.198  -3.360  -3.163
THR01B4785_003   0.198  -3.360  -3.163
ASP01B4786_001   0.347  -1.954  -1.607
ASP01B4786_002   0.347  -1.954  -1.607
ASP02B4786_003   0.394  -1.868  -1.474
ASP02B4786_004   0.394  -1.868  -1.474
ASP-1B4786_005   0.298  -1.861  -1.563
ASN01B4787_001   0.413  -3.816  -3.403
ASN01B4787_002   0.180  -3.744  -3.564
SER01B4788_001   0.000  -3.383  -3.383
SER01B4788_002   0.000  -3.383  -3.383
PHE01B4789_001   5.693  -1.516   4.177
LEU01B4790_001   2.843  -5.315  -2.472
TYR01B4791_001   5.495  -3.710   1.786
TYR01B4791_002   5.495  -3.710   1.786
TYR-1B4791_003   5.495  -3.710   1.786
LEU01B4792_001   1.369  -0.309   1.060
TRP01B4794_001   3.538  -8.732  -5.193
TYR01B4795_001   5.490  -0.128   5.362
TYR01B4795_002   5.490  -0.128   5.362
TYR-1B4795_003   5.490  -0.128   5.362
MET01B4796_001   0.060  -1.177  -1.117
VAL01B4797_001   0.745  -3.995  -3.250
MET01B4798_001  -0.029  -1.341  -1.370
SER01B4799_001   0.000   0.000   0.000
SER01B4799_002   0.000   0.000   0.000
SER01B4799_003   0.000   0.000   0.000
LEU01B4800_001   2.236  -6.230  -3.994
LEU01B4801_001   1.673  -3.142  -1.469
HIS01B4803_001  -0.160  -3.349  -3.509
HIS01B4803_002  -0.123  -3.061  -3.185
HIS02B4803_003  -0.178  -3.349  -3.527
HIS02B4803_004  -0.137  -3.061  -3.198
HIS+1B4803_005  -0.205  -3.349  -3.554
HIS+1B4803_006  -0.164  -3.061  -3.225
TYR01B4804_001   4.337  -9.339  -5.002
TYR-1B4804_002   4.337  -9.339  -5.002
ASN01B4805_001   0.154  -2.279  -2.125
ASN01B4805_002  -0.005  -1.946  -1.951
ASN01B4806_001   0.477  -1.683  -1.206
ASN01B4806_002   0.240  -1.531  -1.291
PHE01B4807_001   4.817 -11.453  -6.636
PHE01B4808_001   5.440  -4.060   1.380
PHE01B4809_001   5.362  -0.309   5.053
ALA01B4810_001   0.000  -2.128  -2.128
ALA01B4811_001   0.000  -1.391  -1.391
HIS01B4812_001  -0.116   0.000  -0.116
HIS02B4812_002  -0.136   0.000  -0.136
HIS+1B4812_003  -0.163   0.000  -0.163
LEU01B4813_001   3.067  -3.345  -0.278
LEU01B4814_001   1.997  -8.013  -6.016
ASP01B4815_001   0.388  -0.085   0.302
ASP01B4815_002   0.388  -0.085   0.302
ASP02B4815_003   0.449  -0.082   0.367
ASP02B4815_004   0.449  -0.082   0.367
ASP-1B4815_005   0.339  -0.082   0.257
ILE01B4816_001   3.406  -1.372   2.034
ALA01B4817_001   0.000  -4.205  -4.205
MET01B4818_001   0.145  -6.621  -6.476
CTR01B4819_001  -0.021  -5.329  -5.350
CTR01B4819_002   0.107  -5.174  -5.067
CTR02B4819_003  -0.022  -5.019  -5.042
CTR02B4819_004   0.042  -5.020  -4.978
CTR-1B4819_005   0.000  -5.019  -5.019
NTR01B4852_001  -0.003  -2.924  -2.927
NTR+1B4852_002  -0.005  -2.924  -2.929
THR01B4852_001   0.275  -0.821  -0.546
THR01B4852_002   0.275  -0.821  -0.546
THR01B4852_003   0.275  -0.821  -0.546
VAL01B4853_001   0.695  -5.850  -5.155
VAL01B4854_001   0.629  -3.380  -2.752
ALA01B4855_001   0.000  -1.268  -1.268
PHE01B4856_001   5.183  -2.224   2.960
ASN01B4857_001   0.270  -2.183  -1.914
PHE01B4858_001   5.040  -7.904  -2.864
PHE01B4859_001  -0.208  -1.533  -1.742
ARG01B4860_001   3.636  -7.170  -3.534
ARG02B4860_002   3.596  -7.170  -3.573
ARG03B4860_003   3.605  -7.170  -3.565
ARG+1B4860_004   3.556  -7.170  -3.614
LYS01B4861_001   2.895  -5.534  -2.639
LYS+1B4861_002   2.836  -5.534  -2.698
PHE01B4862_001   5.616  -2.126   3.490
TYR01B4863_001   5.013  -0.699   4.314
TYR01B4863_002   5.013  -0.699   4.314
TYR-1B4863_003   5.013  -0.699   4.314
ASN01B4864_001   0.291  -1.299  -1.009
ASN01B4864_002   0.506  -1.206  -0.700
LYS01B4865_001   3.183  -2.297   0.885
LYS+1B4865_002   3.131  -2.297   0.834
SER01B4866_001   0.000  -3.824  -3.824
GLU01B4867_001   3.675  -2.227   1.447
GLU01B4867_002   3.675  -2.227   1.447
GLU02B4867_003   2.963  -2.346   0.617
GLU02B4867_004   2.963  -2.346   0.617
GLU-1B4867_005   2.882  -2.217   0.666
ASP01B4868_001   0.399  -3.912  -3.512
ASP01B4868_002   0.399  -3.912  -3.512
ASP02B4868_003   0.453  -3.794  -3.341
ASP02B4868_004   0.453  -3.794  -3.341
ASP-1B4868_005   0.346  -3.742  -3.396
GLU01B4869_001   1.651  -4.050  -2.398
GLU01B4869_002   1.651  -4.050  -2.398
GLU02B4869_003   1.368  -4.018  -2.650
GLU02B4869_004   1.368  -4.018  -2.650
GLU-1B4869_005   1.276  -4.009  -2.733
ASP01B4870_001   0.257  -2.898  -2.641
ASP01B4870_002   0.257  -2.898  -2.641
ASP02B4870_003   0.364  -2.974  -2.609
ASP02B4870_004   0.364  -2.974  -2.609
ASP-1B4870_005   0.245  -2.791  -2.546
GLU01B4871_001   3.484  -1.466   2.017
GLU01B4871_002   3.484  -1.466   2.017
GLU02B4871_003   2.791  -1.356   1.436
GLU02B4871_004   2.791  -1.356   1.436
GLU-1B4871_005   2.716  -1.288   1.428
CTR01B4871_001  -0.021  -1.004  -1.025
CTR01B4871_002   0.092  -1.023  -0.931
CTR02B4871_003  -0.022  -1.004  -1.026
CTR02B4871_004   0.036  -1.004  -0.968
CTR-1B4871_005   0.000  -1.004  -1.004
NTR01B4872_001  -0.002  -0.634  -0.636
NTR+1B4872_002  -0.004  -0.634  -0.638
PRO01B4872_001   0.266  -5.714  -5.448
ASP01B4873_001   0.095  -1.743  -1.648
ASP01B4873_002   0.095  -1.743  -1.648
ASP02B4873_003   0.171  -1.805  -1.634
ASP02B4873_004   0.171  -1.805  -1.634
ASP-1B4873_005   0.091  -1.766  -1.675
MET01B4874_001   0.220  -1.669  -1.449
LYS01B4875_001   2.869  -3.634  -0.765
LYS+1B4875_002   2.810  -3.634  -0.824
CYS01B4876_001  -0.002   0.000  -0.002
CYS01B4876_002  -0.002   0.000  -0.002
CYS01B4876_003  -0.003   0.000  -0.003
CYS-1B4876_004   0.000   0.000   0.000
ASP01B4877_001   0.097  -1.615  -1.518
ASP01B4877_002   0.097  -1.615  -1.518
ASP02B4877_003   0.166  -1.671  -1.505
ASP02B4877_004   0.166  -1.671  -1.505
ASP-1B4877_005   0.090  -1.576  -1.486
ASP01B4878_001  -0.040  -2.053  -2.094
ASP01B4878_002  -0.040  -2.053  -2.094
ASP02B4878_003  -0.009  -2.216  -2.225
ASP02B4878_004  -0.009  -2.216  -2.225
ASP-1B4878_005  -0.041  -2.053  -2.094
MET01B4879_001  -0.033  -5.417  -5.450
MET01B4880_001   1.352 -10.260  -8.908
THR01B4881_001   0.282  -2.439  -2.157
THR01B4881_002   0.282  -2.439  -2.157
THR01B4881_003   0.282  -2.439  -2.157
CYS01B4882_001  -0.002  -0.143  -0.145
CYS01B4882_002  -0.002  -0.143  -0.145
CYS01B4882_003  -0.002  -0.143  -0.145
CYS-1B4882_004   0.000  -0.143  -0.143
TYR01B4883_001   5.092 -10.081  -4.990
TYR-1B4883_002   5.092 -10.081  -4.990
CTR01B4883_001  -0.021  -3.581  -3.602
CTR01B4883_002   0.099  -3.639  -3.540
CTR02B4883_003  -0.022  -3.485  -3.507
CTR02B4883_004   0.038  -3.582  -3.543
CTR-1B4883_005   0.000  -3.485  -3.485
NTR01B4900_001  -0.003  -2.330  -2.333
NTR+1B4900_002  -0.005  -2.330  -2.335
GLU01B4900_001   2.882  -3.947  -1.065
GLU01B4900_002   2.882  -3.947  -1.065
GLU02B4900_003   2.310  -3.993  -1.683
GLU02B4900_004   2.310  -3.993  -1.683
GLU-1B4900_005   2.242  -3.944  -1.701
ILE01B4901_001   4.436  -4.514  -0.078
GLU01B4902_001   2.048  -1.985   0.063
GLU01B4902_002   2.048  -1.985   0.063
GLU02B4902_003   1.625  -2.038  -0.413
GLU02B4902_004   1.625  -2.038  -0.413
GLU-1B4902_005   1.557  -1.903  -0.347
ASP01B4903_001   0.087  -3.057  -2.970
ASP01B4903_002   0.087  -3.057  -2.970
ASP02B4903_003   0.164  -3.082  -2.918
ASP02B4903_004   0.164  -3.082  -2.918
ASP-1B4903_005   0.084  -2.937  -2.853
PRO01B4904_001   0.304  -1.833  -1.528
ALA01B4905_001   0.000  -2.917  -2.917
ASP01B4907_001  -0.040  -3.190  -3.230
ASP01B4907_002  -0.040  -3.190  -3.230
ASP02B4907_003  -0.009  -3.280  -3.289
ASP02B4907_004  -0.009  -3.280  -3.289
ASP-1B4907_005  -0.041  -3.035  -3.075
GLU01B4908_001   0.500  -2.613  -2.114
GLU01B4908_002   0.500  -2.613  -2.114
GLU02B4908_003   0.667  -2.753  -2.087
GLU02B4908_004   0.667  -2.753  -2.087
GLU-1B4908_005   0.469  -2.605  -2.137
TYR01B4909_001   4.231  -7.381  -3.150
TYR-1B4909_002   4.231  -7.381  -3.150
GLU01B4910_001   0.499  -2.158  -1.659
GLU01B4910_002   0.499  -2.158  -1.659
GLU02B4910_003   0.665  -2.110  -1.445
GLU02B4910_004   0.665  -2.110  -1.445
GLU-1B4910_005   0.468  -2.080  -1.612
LEU01B4911_001   4.517  -8.274  -3.757
TYR01B4912_001   4.563  -7.262  -2.698
TYR01B4912_002   4.563  -7.262  -2.698
TYR-1B4912_003   4.563  -7.262  -2.698
ARG01B4913_001   0.819  -1.205  -0.387
ARG02B4913_002   0.801  -1.205  -0.405
ARG03B4913_003   0.809  -1.205  -0.396
ARG+1B4913_004   0.769  -1.205  -0.436
VAL01B4914_001   0.549  -5.112  -4.563
VAL01B4915_001   1.077  -6.432  -5.355
PHE01B4916_001   5.504  -6.475  -0.971
ASP01B4917_001   0.324  -3.023  -2.699
ASP01B4917_002   0.324  -3.023  -2.699
ASP02B4917_003   0.376  -3.016  -2.640
ASP02B4917_004   0.376  -3.016  -2.640
ASP-1B4917_005   0.280  -2.933  -2.653
CTR01B4917_001  -0.021  -3.610  -3.631
CTR01B4917_002   0.100  -3.746  -3.646
CTR02B4917_003  -0.022  -3.591  -3.613
CTR02B4917_004   0.039  -3.746  -3.707
CTR-1B4917_005   0.000  -3.591  -3.591
NTR01B4966_001  -0.003  -2.060  -2.063
NTR+1B4966_002  -0.005  -2.060  -2.065
ASP01B4966_001   0.107  -4.197  -4.090
ASP01B4966_002   0.107  -4.197  -4.090
ASP02B4966_003   0.180  -4.226  -4.046
ASP02B4966_004   0.180  -4.226  -4.046
ASP-1B4966_005   0.100  -4.181  -4.082
TYR01B4967_001   6.275  -8.593  -2.318
TYR-1B4967_002   6.275  -8.593  -2.318
CTR01B4967_001  -0.021  -3.224  -3.245
CTR01B4967_002   0.109  -3.244  -3.134
CTR02B4967_003  -0.022  -3.166  -3.188
CTR02B4967_004   0.042  -3.282  -3.240
CTR-1B4967_005   0.000  -3.147  -3.147
NTR01B4972_001  -0.003  -1.219  -1.221
NTR+1B4972_002  -0.004  -1.219  -1.223
PRO01B4972_001   0.445  -8.338  -7.892
HIS01B4973_001  -0.181 -10.069 -10.250
HIS01B4973_002  -0.147 -10.026 -10.173
HIS02B4973_003  -0.198 -10.069 -10.267
HIS02B4973_004  -0.161 -10.026 -10.188
HIS+1B4973_005  -0.225 -10.069 -10.294
HIS+1B4973_006  -0.188 -10.026 -10.214
CTR01B4973_001  -0.021  -2.249  -2.270
CTR01B4973_002   0.110  -2.384  -2.274
CTR02B4973_003  -0.022  -2.384  -2.407
CTR02B4973_004   0.043  -2.442  -2.399
CTR-1B4973_005   0.000  -2.268  -2.268
NTR01B4975_001  -0.003  -1.536  -1.539
NTR+1B4975_002  -0.005  -1.498  -1.503
CTR01B4975_001  -0.021  -3.996  -4.018
CTR01B4975_002   0.107  -4.035  -3.929
CTR02B4975_003  -0.022  -3.861  -3.883
CTR02B4975_004   0.042  -3.939  -3.897
CTR-1B4975_005   0.000  -3.861  -3.861
PHE01B4975_001   5.934 -11.514  -5.580
NTR01B5009_001  -0.003  -4.016  -4.019
NTR01B5009_002  -0.002  -3.871  -3.873
NTR+1B5009_003  -0.005  -4.016  -4.021
CTR01B5009_001  -0.021  -5.464  -5.485
CTR01B5009_002   0.104  -5.502  -5.398
CTR02B5009_003  -0.022  -5.464  -5.486
CTR02B5009_004   0.041  -5.464  -5.423
CTR-1B5009_005   0.000  -5.367  -5.367
TYR01B5009_001   5.902 -13.864  -7.962
TYR-1B5009_002   5.902 -13.864  -7.962
NTR01B5019_001  -0.003  -2.779  -2.782
NTR+1B5019_002  -0.005  -2.712  -2.716
CTR01B5019_001  -0.021  -5.995  -6.016
CTR01B5019_002   0.124  -6.130  -6.006
CTR02B5019_003  -0.022  -6.169  -6.191
CTR02B5019_004   0.050  -6.072  -6.022
CTR-1B5019_005   0.000  -6.033  -6.033
TRP01B5019_001   4.168 -16.905 -12.736
NTR01B5029_001  -0.003  -2.921  -2.924
NTR+1B5029_002  -0.005  -2.921  -2.926
ARG01B5029_001   4.167 -12.720  -8.553
ARG02B5029_002   4.087 -12.720  -8.633
ARG03B5029_003   4.087 -12.720  -8.634
ARG+1B5029_004   4.041 -12.720  -8.679
LYS01B5030_001   2.426  -8.493  -6.066
LYS+1B5030_002   2.338  -8.493  -6.155
CTR01B5030_001  -0.021  -4.662  -4.683
CTR01B5030_002   0.105  -4.798  -4.693
CTR02B5030_003  -0.022  -4.720  -4.742
CTR02B5030_004   0.040  -4.682  -4.641
CTR-1B5030_005   0.000  -4.701  -4.701
_CA+2B5102_001   0.000  -6.222  -6.222
