forrtl: severe (174): SIGSEGV, segmentation fault occurred
Image              PC                Routine            Line        Source             
delphi             0000000000457839  Unknown               Unknown  Unknown
delphi             0000000000452D50  Unknown               Unknown  Unknown
delphi             0000000000404315  Unknown               Unknown  Unknown
delphi             000000000040372C  Unknown               Unknown  Unknown
libc.so.6          00002AC8B0CF8830  Unknown               Unknown  Unknown
delphi             0000000000403629  Unknown               Unknown  Unknown
forrtl: severe (174): SIGSEGV, segmentation fault occurred
Image              PC                Routine            Line        Source             
delphi             0000000000458A9A  Unknown               Unknown  Unknown
delphi             0000000000452D50  Unknown               Unknown  Unknown
delphi             0000000000404315  Unknown               Unknown  Unknown
delphi             000000000040372C  Unknown               Unknown  Unknown
libc.so.6          00002B2528B88830  Unknown               Unknown  Unknown
delphi             0000000000403629  Unknown               Unknown  Unknown
forrtl: severe (174): SIGSEGV, segmentation fault occurred
Image              PC                Routine            Line        Source             
delphi             0000000000457716  Unknown               Unknown  Unknown
delphi             0000000000452D50  Unknown               Unknown  Unknown
delphi             0000000000404315  Unknown               Unknown  Unknown
delphi             000000000040372C  Unknown               Unknown  Unknown
libc.so.6          00002ACEE2274830  Unknown               Unknown  Unknown
delphi             0000000000403629  Unknown               Unknown  Unknown
forrtl: severe (174): SIGSEGV, segmentation fault occurred
Image              PC                Routine            Line        Source             
delphi             0000000000457839  Unknown               Unknown  Unknown
delphi             0000000000452D50  Unknown               Unknown  Unknown
delphi             0000000000404315  Unknown               Unknown  Unknown
delphi             000000000040372C  Unknown               Unknown  Unknown
libc.so.6          00002B79863DD830  Unknown               Unknown  Unknown
delphi             0000000000403629  Unknown               Unknown  Unknown
forrtl: severe (174): SIGSEGV, segmentation fault occurred
Image              PC                Routine            Line        Source             
delphi             000000000045844C  Unknown               Unknown  Unknown
delphi             0000000000452D50  Unknown               Unknown  Unknown
delphi             0000000000404315  Unknown               Unknown  Unknown
delphi             000000000040372C  Unknown               Unknown  Unknown
libc.so.6          00002AAD8DA6B830  Unknown               Unknown  Unknown
delphi             0000000000403629  Unknown               Unknown  Unknown
forrtl: severe (174): SIGSEGV, segmentation fault occurred
Image              PC                Routine            Line        Source             
delphi             0000000000457603  Unknown               Unknown  Unknown
delphi             0000000000452D50  Unknown               Unknown  Unknown
delphi             0000000000404315  Unknown               Unknown  Unknown
delphi             000000000040372C  Unknown               Unknown  Unknown
libc.so.6          00002AF9A3457830  Unknown               Unknown  Unknown
delphi             0000000000403629  Unknown               Unknown  Unknown
forrtl: severe (174): SIGSEGV, segmentation fault occurred
Image              PC                Routine            Line        Source             
delphi             0000000000457839  Unknown               Unknown  Unknown
delphi             0000000000452D50  Unknown               Unknown  Unknown
delphi             0000000000404315  Unknown               Unknown  Unknown
delphi             000000000040372C  Unknown               Unknown  Unknown
libc.so.6          00002AF0D3DCB830  Unknown               Unknown  Unknown
delphi             0000000000403629  Unknown               Unknown  Unknown
forrtl: severe (174): SIGSEGV, segmentation fault occurred
Image              PC                Routine            Line        Source             
delphi             0000000000457A7C  Unknown               Unknown  Unknown
delphi             0000000000452D50  Unknown               Unknown  Unknown
delphi             0000000000404315  Unknown               Unknown  Unknown
delphi             000000000040372C  Unknown               Unknown  Unknown
libc.so.6          00002AE945830830  Unknown               Unknown  Unknown
delphi             0000000000403629  Unknown               Unknown  Unknown
forrtl: severe (174): SIGSEGV, segmentation fault occurred
Image              PC                Routine            Line        Source             
delphi             0000000000457839  Unknown               Unknown  Unknown
delphi             0000000000452D50  Unknown               Unknown  Unknown
delphi             0000000000404315  Unknown               Unknown  Unknown
delphi             000000000040372C  Unknown               Unknown  Unknown
libc.so.6          00002B09AE811830  Unknown               Unknown  Unknown
delphi             0000000000403629  Unknown               Unknown  Unknown
forrtl: severe (174): SIGSEGV, segmentation fault occurred
Image              PC                Routine            Line        Source             
delphi             0000000000458934  Unknown               Unknown  Unknown
delphi             0000000000452D50  Unknown               Unknown  Unknown
delphi             0000000000404315  Unknown               Unknown  Unknown
delphi             000000000040372C  Unknown               Unknown  Unknown
libc.so.6          00002B7F9323F830  Unknown               Unknown  Unknown
delphi             0000000000403629  Unknown               Unknown  Unknown
forrtl: severe (174): SIGSEGV, segmentation fault occurred
Image              PC                Routine            Line        Source             
delphi             0000000000457839  Unknown               Unknown  Unknown
delphi             0000000000452D50  Unknown               Unknown  Unknown
delphi             0000000000404315  Unknown               Unknown  Unknown
delphi             000000000040372C  Unknown               Unknown  Unknown
libc.so.6          00002B062FA4D830  Unknown               Unknown  Unknown
delphi             0000000000403629  Unknown               Unknown  Unknown
forrtl: severe (174): SIGSEGV, segmentation fault occurred
Image              PC                Routine            Line        Source             
delphi             0000000000457839  Unknown               Unknown  Unknown
delphi             0000000000452D50  Unknown               Unknown  Unknown
delphi             0000000000404315  Unknown               Unknown  Unknown
delphi             000000000040372C  Unknown               Unknown  Unknown
libc.so.6          00002B767F050830  Unknown               Unknown  Unknown
delphi             0000000000403629  Unknown               Unknown  Unknown
forrtl: severe (174): SIGSEGV, segmentation fault occurred
Image              PC                Routine            Line        Source             
delphi             0000000000457716  Unknown               Unknown  Unknown
delphi             0000000000452D50  Unknown               Unknown  Unknown
delphi             0000000000404315  Unknown               Unknown  Unknown
delphi             000000000040372C  Unknown               Unknown  Unknown
libc.so.6          00002AF9C82F2830  Unknown               Unknown  Unknown
delphi             0000000000403629  Unknown               Unknown  Unknown
forrtl: severe (174): SIGSEGV, segmentation fault occurred
Image              PC                Routine            Line        Source             
delphi             0000000000458A9A  Unknown               Unknown  Unknown
delphi             0000000000452D50  Unknown               Unknown  Unknown
delphi             0000000000404315  Unknown               Unknown  Unknown
delphi             000000000040372C  Unknown               Unknown  Unknown
libc.so.6          00002B44BBE3A830  Unknown               Unknown  Unknown
delphi             0000000000403629  Unknown               Unknown  Unknown
forrtl: severe (174): SIGSEGV, segmentation fault occurred
Image              PC                Routine            Line        Source             
delphi             0000000000457A7C  Unknown               Unknown  Unknown
delphi             0000000000452D50  Unknown               Unknown  Unknown
delphi             0000000000404315  Unknown               Unknown  Unknown
delphi             000000000040372C  Unknown               Unknown  Unknown
libc.so.6          00002BA78C75F830  Unknown               Unknown  Unknown
delphi             0000000000403629  Unknown               Unknown  Unknown
forrtl: severe (174): SIGSEGV, segmentation fault occurred
Image              PC                Routine            Line        Source             
delphi             0000000000457839  Unknown               Unknown  Unknown
delphi             0000000000452D50  Unknown               Unknown  Unknown
delphi             0000000000404315  Unknown               Unknown  Unknown
delphi             000000000040372C  Unknown               Unknown  Unknown
libc.so.6          00002B6D264FF830  Unknown               Unknown  Unknown
delphi             0000000000403629  Unknown               Unknown  Unknown
forrtl: severe (174): SIGSEGV, segmentation fault occurred
Image              PC                Routine            Line        Source             
delphi             0000000000457716  Unknown               Unknown  Unknown
delphi             0000000000452D50  Unknown               Unknown  Unknown
delphi             0000000000404315  Unknown               Unknown  Unknown
delphi             000000000040372C  Unknown               Unknown  Unknown
libc.so.6          00002B93363F7830  Unknown               Unknown  Unknown
delphi             0000000000403629  Unknown               Unknown  Unknown
forrtl: severe (174): SIGSEGV, segmentation fault occurred
Image              PC                Routine            Line        Source             
delphi             0000000000457716  Unknown               Unknown  Unknown
delphi             0000000000452D50  Unknown               Unknown  Unknown
delphi             0000000000404315  Unknown               Unknown  Unknown
delphi             000000000040372C  Unknown               Unknown  Unknown
libc.so.6          00002B8F03851830  Unknown               Unknown  Unknown
delphi             0000000000403629  Unknown               Unknown  Unknown
forrtl: severe (174): SIGSEGV, segmentation fault occurred
Image              PC                Routine            Line        Source             
delphi             0000000000458A9A  Unknown               Unknown  Unknown
delphi             0000000000452D50  Unknown               Unknown  Unknown
delphi             0000000000404315  Unknown               Unknown  Unknown
delphi             000000000040372C  Unknown               Unknown  Unknown
libc.so.6          00002AE0A025C830  Unknown               Unknown  Unknown
delphi             0000000000403629  Unknown               Unknown  Unknown
forrtl: severe (174): SIGSEGV, segmentation fault occurred
Image              PC                Routine            Line        Source             
delphi             0000000000457839  Unknown               Unknown  Unknown
delphi             0000000000452D50  Unknown               Unknown  Unknown
delphi             0000000000404315  Unknown               Unknown  Unknown
delphi             000000000040372C  Unknown               Unknown  Unknown
libc.so.6          00002AF32B15B830  Unknown               Unknown  Unknown
delphi             0000000000403629  Unknown               Unknown  Unknown
forrtl: severe (174): SIGSEGV, segmentation fault occurred
Image              PC                Routine            Line        Source             
delphi             0000000000457716  Unknown               Unknown  Unknown
delphi             0000000000452D50  Unknown               Unknown  Unknown
delphi             0000000000404315  Unknown               Unknown  Unknown
delphi             000000000040372C  Unknown               Unknown  Unknown
libc.so.6          00002B5FB64D2830  Unknown               Unknown  Unknown
delphi             0000000000403629  Unknown               Unknown  Unknown
forrtl: severe (174): SIGSEGV, segmentation fault occurred
Image              PC                Routine            Line        Source             
delphi             0000000000457839  Unknown               Unknown  Unknown
delphi             0000000000452D50  Unknown               Unknown  Unknown
delphi             0000000000404315  Unknown               Unknown  Unknown
delphi             000000000040372C  Unknown               Unknown  Unknown
libc.so.6          00002B985F037830  Unknown               Unknown  Unknown
delphi             0000000000403629  Unknown               Unknown  Unknown
forrtl: severe (174): SIGSEGV, segmentation fault occurred
Image              PC                Routine            Line        Source             
delphi             000000000045750C  Unknown               Unknown  Unknown
delphi             0000000000452D50  Unknown               Unknown  Unknown
delphi             0000000000404315  Unknown               Unknown  Unknown
delphi             000000000040372C  Unknown               Unknown  Unknown
libc.so.6          00002B6332818830  Unknown               Unknown  Unknown
delphi             0000000000403629  Unknown               Unknown  Unknown
forrtl: severe (174): SIGSEGV, segmentation fault occurred
Image              PC                Routine            Line        Source             
delphi             0000000000457839  Unknown               Unknown  Unknown
delphi             0000000000452D50  Unknown               Unknown  Unknown
delphi             0000000000404315  Unknown               Unknown  Unknown
delphi             000000000040372C  Unknown               Unknown  Unknown
libc.so.6          00002B734E472830  Unknown               Unknown  Unknown
delphi             0000000000403629  Unknown               Unknown  Unknown
forrtl: severe (174): SIGSEGV, segmentation fault occurred
Image              PC                Routine            Line        Source             
delphi             0000000000457839  Unknown               Unknown  Unknown
delphi             0000000000452D50  Unknown               Unknown  Unknown
delphi             0000000000404315  Unknown               Unknown  Unknown
delphi             000000000040372C  Unknown               Unknown  Unknown
libc.so.6          00002B6CAFB4E830  Unknown               Unknown  Unknown
delphi             0000000000403629  Unknown               Unknown  Unknown
forrtl: severe (174): SIGSEGV, segmentation fault occurred
Image              PC                Routine            Line        Source             
delphi             0000000000457839  Unknown               Unknown  Unknown
delphi             0000000000452D50  Unknown               Unknown  Unknown
delphi             0000000000404315  Unknown               Unknown  Unknown
delphi             000000000040372C  Unknown               Unknown  Unknown
libc.so.6          00002ADC1AB81830  Unknown               Unknown  Unknown
delphi             0000000000403629  Unknown               Unknown  Unknown
forrtl: severe (174): SIGSEGV, segmentation fault occurred
Image              PC                Routine            Line        Source             
delphi             000000000045795C  Unknown               Unknown  Unknown
delphi             0000000000452D50  Unknown               Unknown  Unknown
delphi             0000000000404315  Unknown               Unknown  Unknown
delphi             000000000040372C  Unknown               Unknown  Unknown
libc.so.6          00002AACDA293830  Unknown               Unknown  Unknown
delphi             0000000000403629  Unknown               Unknown  Unknown
forrtl: severe (174): SIGSEGV, segmentation fault occurred
Image              PC                Routine            Line        Source             
delphi             00000000004581D8  Unknown               Unknown  Unknown
delphi             0000000000452D50  Unknown               Unknown  Unknown
delphi             0000000000404315  Unknown               Unknown  Unknown
delphi             000000000040372C  Unknown               Unknown  Unknown
libc.so.6          00002AEBB921B830  Unknown               Unknown  Unknown
delphi             0000000000403629  Unknown               Unknown  Unknown
forrtl: severe (174): SIGSEGV, segmentation fault occurred
Image              PC                Routine            Line        Source             
delphi             0000000000458934  Unknown               Unknown  Unknown
delphi             0000000000452D50  Unknown               Unknown  Unknown
delphi             0000000000404315  Unknown               Unknown  Unknown
delphi             000000000040372C  Unknown               Unknown  Unknown
libc.so.6          00002B69B1E4C830  Unknown               Unknown  Unknown
delphi             0000000000403629  Unknown               Unknown  Unknown
forrtl: severe (174): SIGSEGV, segmentation fault occurred
Image              PC                Routine            Line        Source             
delphi             0000000000457839  Unknown               Unknown  Unknown
delphi             0000000000452D50  Unknown               Unknown  Unknown
delphi             0000000000404315  Unknown               Unknown  Unknown
delphi             000000000040372C  Unknown               Unknown  Unknown
libc.so.6          00002B32312BF830  Unknown               Unknown  Unknown
delphi             0000000000403629  Unknown               Unknown  Unknown
forrtl: severe (174): SIGSEGV, segmentation fault occurred
Image              PC                Routine            Line        Source             
delphi             0000000000458A9A  Unknown               Unknown  Unknown
delphi             0000000000452D50  Unknown               Unknown  Unknown
delphi             0000000000404315  Unknown               Unknown  Unknown
delphi             000000000040372C  Unknown               Unknown  Unknown
libc.so.6          00002AEEDFE0F830  Unknown               Unknown  Unknown
delphi             0000000000403629  Unknown               Unknown  Unknown
forrtl: severe (174): SIGSEGV, segmentation fault occurred
Image              PC                Routine            Line        Source             
delphi             0000000000458934  Unknown               Unknown  Unknown
delphi             0000000000452D50  Unknown               Unknown  Unknown
delphi             0000000000404315  Unknown               Unknown  Unknown
delphi             000000000040372C  Unknown               Unknown  Unknown
libc.so.6          00002B8860571830  Unknown               Unknown  Unknown
delphi             0000000000403629  Unknown               Unknown  Unknown
forrtl: severe (174): SIGSEGV, segmentation fault occurred
Image              PC                Routine            Line        Source             
delphi             0000000000457839  Unknown               Unknown  Unknown
delphi             0000000000452D50  Unknown               Unknown  Unknown
delphi             0000000000404315  Unknown               Unknown  Unknown
delphi             000000000040372C  Unknown               Unknown  Unknown
libc.so.6          00002B4F0953C830  Unknown               Unknown  Unknown
delphi             0000000000403629  Unknown               Unknown  Unknown
forrtl: severe (174): SIGSEGV, segmentation fault occurred
Image              PC                Routine            Line        Source             
delphi             000000000045750C  Unknown               Unknown  Unknown
delphi             0000000000452D50  Unknown               Unknown  Unknown
delphi             0000000000404315  Unknown               Unknown  Unknown
delphi             000000000040372C  Unknown               Unknown  Unknown
libc.so.6          00002B0643D5D830  Unknown               Unknown  Unknown
delphi             0000000000403629  Unknown               Unknown  Unknown
forrtl: severe (174): SIGSEGV, segmentation fault occurred
Image              PC                Routine            Line        Source             
delphi             000000000045750C  Unknown               Unknown  Unknown
delphi             0000000000452D50  Unknown               Unknown  Unknown
delphi             0000000000404315  Unknown               Unknown  Unknown
delphi             000000000040372C  Unknown               Unknown  Unknown
libc.so.6          00002B795FE8D830  Unknown               Unknown  Unknown
delphi             0000000000403629  Unknown               Unknown  Unknown
forrtl: severe (174): SIGSEGV, segmentation fault occurred
Image              PC                Routine            Line        Source             
delphi             000000000045750C  Unknown               Unknown  Unknown
delphi             0000000000452D50  Unknown               Unknown  Unknown
delphi             0000000000404315  Unknown               Unknown  Unknown
delphi             000000000040372C  Unknown               Unknown  Unknown
libc.so.6          00002B375503C830  Unknown               Unknown  Unknown
delphi             0000000000403629  Unknown               Unknown  Unknown
forrtl: severe (174): SIGSEGV, segmentation fault occurred
Image              PC                Routine            Line        Source             
delphi             0000000000457839  Unknown               Unknown  Unknown
delphi             0000000000452D50  Unknown               Unknown  Unknown
delphi             0000000000404315  Unknown               Unknown  Unknown
delphi             000000000040372C  Unknown               Unknown  Unknown
libc.so.6          00002B926FC01830  Unknown               Unknown  Unknown
delphi             0000000000403629  Unknown               Unknown  Unknown
forrtl: severe (174): SIGSEGV, segmentation fault occurred
Image              PC                Routine            Line        Source             
delphi             000000000045750C  Unknown               Unknown  Unknown
delphi             0000000000452D50  Unknown               Unknown  Unknown
delphi             0000000000404315  Unknown               Unknown  Unknown
delphi             000000000040372C  Unknown               Unknown  Unknown
libc.so.6          00002ACE83D98830  Unknown               Unknown  Unknown
delphi             0000000000403629  Unknown               Unknown  Unknown
forrtl: severe (174): SIGSEGV, segmentation fault occurred
Image              PC                Routine            Line        Source             
delphi             0000000000457716  Unknown               Unknown  Unknown
delphi             0000000000452D50  Unknown               Unknown  Unknown
delphi             0000000000404315  Unknown               Unknown  Unknown
delphi             000000000040372C  Unknown               Unknown  Unknown
libc.so.6          00002BA5EF70F830  Unknown               Unknown  Unknown
delphi             0000000000403629  Unknown               Unknown  Unknown
forrtl: severe (174): SIGSEGV, segmentation fault occurred
Image              PC                Routine            Line        Source             
delphi             0000000000458A9A  Unknown               Unknown  Unknown
delphi             0000000000452D50  Unknown               Unknown  Unknown
delphi             0000000000404315  Unknown               Unknown  Unknown
delphi             000000000040372C  Unknown               Unknown  Unknown
libc.so.6          00002B17929C5830  Unknown               Unknown  Unknown
delphi             0000000000403629  Unknown               Unknown  Unknown
forrtl: severe (174): SIGSEGV, segmentation fault occurred
Image              PC                Routine            Line        Source             
delphi             0000000000458A9A  Unknown               Unknown  Unknown
delphi             0000000000452D50  Unknown               Unknown  Unknown
delphi             0000000000404315  Unknown               Unknown  Unknown
delphi             000000000040372C  Unknown               Unknown  Unknown
libc.so.6          00002B30E3795830  Unknown               Unknown  Unknown
delphi             0000000000403629  Unknown               Unknown  Unknown
forrtl: severe (174): SIGSEGV, segmentation fault occurred
Image              PC                Routine            Line        Source             
delphi             0000000000457A7C  Unknown               Unknown  Unknown
delphi             0000000000452D50  Unknown               Unknown  Unknown
delphi             0000000000404315  Unknown               Unknown  Unknown
delphi             000000000040372C  Unknown               Unknown  Unknown
libc.so.6          00002AB8E15C9830  Unknown               Unknown  Unknown
delphi             0000000000403629  Unknown               Unknown  Unknown
forrtl: severe (174): SIGSEGV, segmentation fault occurred
Image              PC                Routine            Line        Source             
delphi             0000000000457839  Unknown               Unknown  Unknown
delphi             0000000000452D50  Unknown               Unknown  Unknown
delphi             0000000000404315  Unknown               Unknown  Unknown
delphi             000000000040372C  Unknown               Unknown  Unknown
libc.so.6          00002B18E3FC0830  Unknown               Unknown  Unknown
delphi             0000000000403629  Unknown               Unknown  Unknown
forrtl: severe (174): SIGSEGV, segmentation fault occurred
Image              PC                Routine            Line        Source             
delphi             0000000000457839  Unknown               Unknown  Unknown
delphi             0000000000452D50  Unknown               Unknown  Unknown
delphi             0000000000404315  Unknown               Unknown  Unknown
delphi             000000000040372C  Unknown               Unknown  Unknown
libc.so.6          00002ABAE2DC0830  Unknown               Unknown  Unknown
delphi             0000000000403629  Unknown               Unknown  Unknown
forrtl: severe (174): SIGSEGV, segmentation fault occurred
Image              PC                Routine            Line        Source             
delphi             0000000000458A9A  Unknown               Unknown  Unknown
delphi             0000000000452D50  Unknown               Unknown  Unknown
delphi             0000000000404315  Unknown               Unknown  Unknown
delphi             000000000040372C  Unknown               Unknown  Unknown
libc.so.6          00002AF2F7622830  Unknown               Unknown  Unknown
delphi             0000000000403629  Unknown               Unknown  Unknown
forrtl: severe (174): SIGSEGV, segmentation fault occurred
Image              PC                Routine            Line        Source             
delphi             0000000000457839  Unknown               Unknown  Unknown
delphi             0000000000452D50  Unknown               Unknown  Unknown
delphi             0000000000404315  Unknown               Unknown  Unknown
delphi             000000000040372C  Unknown               Unknown  Unknown
libc.so.6          00002AC770738830  Unknown               Unknown  Unknown
delphi             0000000000403629  Unknown               Unknown  Unknown
forrtl: severe (174): SIGSEGV, segmentation fault occurred
Image              PC                Routine            Line        Source             
delphi             0000000000457716  Unknown               Unknown  Unknown
delphi             0000000000452D50  Unknown               Unknown  Unknown
delphi             0000000000404315  Unknown               Unknown  Unknown
delphi             000000000040372C  Unknown               Unknown  Unknown
libc.so.6          00002AF9C9023830  Unknown               Unknown  Unknown
delphi             0000000000403629  Unknown               Unknown  Unknown
forrtl: severe (174): SIGSEGV, segmentation fault occurred
Image              PC                Routine            Line        Source             
delphi             000000000045750C  Unknown               Unknown  Unknown
delphi             0000000000452D50  Unknown               Unknown  Unknown
delphi             0000000000404315  Unknown               Unknown  Unknown
delphi             000000000040372C  Unknown               Unknown  Unknown
libc.so.6          00002B4D996A0830  Unknown               Unknown  Unknown
delphi             0000000000403629  Unknown               Unknown  Unknown
forrtl: severe (174): SIGSEGV, segmentation fault occurred
Image              PC                Routine            Line        Source             
delphi             000000000045750C  Unknown               Unknown  Unknown
delphi             0000000000452D50  Unknown               Unknown  Unknown
delphi             0000000000404315  Unknown               Unknown  Unknown
delphi             000000000040372C  Unknown               Unknown  Unknown
libc.so.6          00002BA6F0D9B830  Unknown               Unknown  Unknown
delphi             0000000000403629  Unknown               Unknown  Unknown
forrtl: severe (174): SIGSEGV, segmentation fault occurred
Image              PC                Routine            Line        Source             
delphi             0000000000458934  Unknown               Unknown  Unknown
delphi             0000000000452D50  Unknown               Unknown  Unknown
delphi             0000000000404315  Unknown               Unknown  Unknown
delphi             000000000040372C  Unknown               Unknown  Unknown
libc.so.6          00002B7FFB562830  Unknown               Unknown  Unknown
delphi             0000000000403629  Unknown               Unknown  Unknown
forrtl: severe (174): SIGSEGV, segmentation fault occurred
Image              PC                Routine            Line        Source             
delphi             0000000000457A7C  Unknown               Unknown  Unknown
delphi             0000000000452D50  Unknown               Unknown  Unknown
delphi             0000000000404315  Unknown               Unknown  Unknown
delphi             000000000040372C  Unknown               Unknown  Unknown
libc.so.6          00002AC0B9CDE830  Unknown               Unknown  Unknown
delphi             0000000000403629  Unknown               Unknown  Unknown
forrtl: severe (174): SIGSEGV, segmentation fault occurred
Image              PC                Routine            Line        Source             
delphi             0000000000457A7C  Unknown               Unknown  Unknown
delphi             0000000000452D50  Unknown               Unknown  Unknown
delphi             0000000000404315  Unknown               Unknown  Unknown
delphi             000000000040372C  Unknown               Unknown  Unknown
libc.so.6          00002B4CE4859830  Unknown               Unknown  Unknown
delphi             0000000000403629  Unknown               Unknown  Unknown
forrtl: severe (174): SIGSEGV, segmentation fault occurred
Image              PC                Routine            Line        Source             
delphi             0000000000458A9A  Unknown               Unknown  Unknown
delphi             0000000000452D50  Unknown               Unknown  Unknown
delphi             0000000000404315  Unknown               Unknown  Unknown
delphi             000000000040372C  Unknown               Unknown  Unknown
libc.so.6          00002B9D78720830  Unknown               Unknown  Unknown
delphi             0000000000403629  Unknown               Unknown  Unknown
forrtl: severe (174): SIGSEGV, segmentation fault occurred
Image              PC                Routine            Line        Source             
delphi             0000000000457839  Unknown               Unknown  Unknown
delphi             0000000000452D50  Unknown               Unknown  Unknown
delphi             0000000000404315  Unknown               Unknown  Unknown
delphi             000000000040372C  Unknown               Unknown  Unknown
libc.so.6          00002B3CF8A05830  Unknown               Unknown  Unknown
delphi             0000000000403629  Unknown               Unknown  Unknown
forrtl: severe (174): SIGSEGV, segmentation fault occurred
Image              PC                Routine            Line        Source             
delphi             0000000000457716  Unknown               Unknown  Unknown
delphi             0000000000452D50  Unknown               Unknown  Unknown
delphi             0000000000404315  Unknown               Unknown  Unknown
delphi             000000000040372C  Unknown               Unknown  Unknown
libc.so.6          00002B9EA64F2830  Unknown               Unknown  Unknown
delphi             0000000000403629  Unknown               Unknown  Unknown
forrtl: severe (174): SIGSEGV, segmentation fault occurred
Image              PC                Routine            Line        Source             
delphi             0000000000457839  Unknown               Unknown  Unknown
delphi             0000000000452D50  Unknown               Unknown  Unknown
delphi             0000000000404315  Unknown               Unknown  Unknown
delphi             000000000040372C  Unknown               Unknown  Unknown
libc.so.6          00002B574846D830  Unknown               Unknown  Unknown
delphi             0000000000403629  Unknown               Unknown  Unknown
forrtl: severe (174): SIGSEGV, segmentation fault occurred
Image              PC                Routine            Line        Source             
delphi             0000000000457716  Unknown               Unknown  Unknown
delphi             0000000000452D50  Unknown               Unknown  Unknown
delphi             0000000000404315  Unknown               Unknown  Unknown
delphi             000000000040372C  Unknown               Unknown  Unknown
libc.so.6          00002B6840FA1830  Unknown               Unknown  Unknown
delphi             0000000000403629  Unknown               Unknown  Unknown
forrtl: severe (174): SIGSEGV, segmentation fault occurred
Image              PC                Routine            Line        Source             
delphi             0000000000458A9A  Unknown               Unknown  Unknown
delphi             0000000000452D50  Unknown               Unknown  Unknown
delphi             0000000000404315  Unknown               Unknown  Unknown
delphi             000000000040372C  Unknown               Unknown  Unknown
libc.so.6          00002B71E61E9830  Unknown               Unknown  Unknown
delphi             0000000000403629  Unknown               Unknown  Unknown
forrtl: severe (174): SIGSEGV, segmentation fault occurred
Image              PC                Routine            Line        Source             
delphi             0000000000457A7C  Unknown               Unknown  Unknown
delphi             0000000000452D50  Unknown               Unknown  Unknown
delphi             0000000000404315  Unknown               Unknown  Unknown
delphi             000000000040372C  Unknown               Unknown  Unknown
libc.so.6          00002AF8DF4A7830  Unknown               Unknown  Unknown
delphi             0000000000403629  Unknown               Unknown  Unknown
forrtl: severe (174): SIGSEGV, segmentation fault occurred
Image              PC                Routine            Line        Source             
delphi             0000000000458312  Unknown               Unknown  Unknown
delphi             0000000000452D50  Unknown               Unknown  Unknown
delphi             0000000000404315  Unknown               Unknown  Unknown
delphi             000000000040372C  Unknown               Unknown  Unknown
libc.so.6          00002B4DD195B830  Unknown               Unknown  Unknown
delphi             0000000000403629  Unknown               Unknown  Unknown
forrtl: severe (174): SIGSEGV, segmentation fault occurred
Image              PC                Routine            Line        Source             
delphi             0000000000457CF0  Unknown               Unknown  Unknown
delphi             0000000000452D50  Unknown               Unknown  Unknown
delphi             0000000000404315  Unknown               Unknown  Unknown
delphi             000000000040372C  Unknown               Unknown  Unknown
libc.so.6          00002BA4EE3F3830  Unknown               Unknown  Unknown
delphi             0000000000403629  Unknown               Unknown  Unknown
forrtl: severe (174): SIGSEGV, segmentation fault occurred
Image              PC                Routine            Line        Source             
delphi             0000000000457A7C  Unknown               Unknown  Unknown
delphi             0000000000452D50  Unknown               Unknown  Unknown
delphi             0000000000404315  Unknown               Unknown  Unknown
delphi             000000000040372C  Unknown               Unknown  Unknown
libc.so.6          00002B185507B830  Unknown               Unknown  Unknown
delphi             0000000000403629  Unknown               Unknown  Unknown
forrtl: severe (174): SIGSEGV, segmentation fault occurred
Image              PC                Routine            Line        Source             
delphi             0000000000457A7C  Unknown               Unknown  Unknown
delphi             0000000000452D50  Unknown               Unknown  Unknown
delphi             0000000000404315  Unknown               Unknown  Unknown
delphi             000000000040372C  Unknown               Unknown  Unknown
libc.so.6          00002B9B06C61830  Unknown               Unknown  Unknown
delphi             0000000000403629  Unknown               Unknown  Unknown
forrtl: severe (174): SIGSEGV, segmentation fault occurred
Image              PC                Routine            Line        Source             
delphi             00000000004592EE  Unknown               Unknown  Unknown
delphi             0000000000452D50  Unknown               Unknown  Unknown
delphi             0000000000404315  Unknown               Unknown  Unknown
delphi             000000000040372C  Unknown               Unknown  Unknown
libc.so.6          00002BAA97507830  Unknown               Unknown  Unknown
delphi             0000000000403629  Unknown               Unknown  Unknown
forrtl: severe (174): SIGSEGV, segmentation fault occurred
Image              PC                Routine            Line        Source             
delphi             0000000000458312  Unknown               Unknown  Unknown
delphi             0000000000452D50  Unknown               Unknown  Unknown
delphi             0000000000404315  Unknown               Unknown  Unknown
delphi             000000000040372C  Unknown               Unknown  Unknown
libc.so.6          00002B20BFD4F830  Unknown               Unknown  Unknown
delphi             0000000000403629  Unknown               Unknown  Unknown
forrtl: severe (174): SIGSEGV, segmentation fault occurred
Image              PC                Routine            Line        Source             
delphi             0000000000457716  Unknown               Unknown  Unknown
delphi             0000000000452D50  Unknown               Unknown  Unknown
delphi             0000000000404315  Unknown               Unknown  Unknown
delphi             000000000040372C  Unknown               Unknown  Unknown
libc.so.6          00002B8D8559F830  Unknown               Unknown  Unknown
delphi             0000000000403629  Unknown               Unknown  Unknown
forrtl: severe (174): SIGSEGV, segmentation fault occurred
Image              PC                Routine            Line        Source             
delphi             0000000000457A7C  Unknown               Unknown  Unknown
delphi             0000000000452D50  Unknown               Unknown  Unknown
delphi             0000000000404315  Unknown               Unknown  Unknown
delphi             000000000040372C  Unknown               Unknown  Unknown
libc.so.6          00002B9B0B769830  Unknown               Unknown  Unknown
delphi             0000000000403629  Unknown               Unknown  Unknown
forrtl: severe (174): SIGSEGV, segmentation fault occurred
Image              PC                Routine            Line        Source             
delphi             0000000000457839  Unknown               Unknown  Unknown
delphi             0000000000452D50  Unknown               Unknown  Unknown
delphi             0000000000404315  Unknown               Unknown  Unknown
delphi             000000000040372C  Unknown               Unknown  Unknown
libc.so.6          00002B9C23954830  Unknown               Unknown  Unknown
delphi             0000000000403629  Unknown               Unknown  Unknown
forrtl: severe (174): SIGSEGV, segmentation fault occurred
Image              PC                Routine            Line        Source             
delphi             0000000000458A9A  Unknown               Unknown  Unknown
delphi             0000000000452D50  Unknown               Unknown  Unknown
delphi             0000000000404315  Unknown               Unknown  Unknown
delphi             000000000040372C  Unknown               Unknown  Unknown
libc.so.6          00002AC2C8F1C830  Unknown               Unknown  Unknown
delphi             0000000000403629  Unknown               Unknown  Unknown
forrtl: severe (174): SIGSEGV, segmentation fault occurred
Image              PC                Routine            Line        Source             
delphi             0000000000457716  Unknown               Unknown  Unknown
delphi             0000000000452D50  Unknown               Unknown  Unknown
delphi             0000000000404315  Unknown               Unknown  Unknown
delphi             000000000040372C  Unknown               Unknown  Unknown
libc.so.6          00002B2B79F48830  Unknown               Unknown  Unknown
delphi             0000000000403629  Unknown               Unknown  Unknown
forrtl: severe (174): SIGSEGV, segmentation fault occurred
Image              PC                Routine            Line        Source             
delphi             00000000004592EE  Unknown               Unknown  Unknown
delphi             0000000000452D50  Unknown               Unknown  Unknown
delphi             0000000000404315  Unknown               Unknown  Unknown
delphi             000000000040372C  Unknown               Unknown  Unknown
libc.so.6          00002B0D9549C830  Unknown               Unknown  Unknown
delphi             0000000000403629  Unknown               Unknown  Unknown
forrtl: severe (174): SIGSEGV, segmentation fault occurred
Image              PC                Routine            Line        Source             
delphi             0000000000458A9A  Unknown               Unknown  Unknown
delphi             0000000000452D50  Unknown               Unknown  Unknown
delphi             0000000000404315  Unknown               Unknown  Unknown
delphi             000000000040372C  Unknown               Unknown  Unknown
libc.so.6          00002ABEDC2EE830  Unknown               Unknown  Unknown
delphi             0000000000403629  Unknown               Unknown  Unknown
forrtl: severe (174): SIGSEGV, segmentation fault occurred
Image              PC                Routine            Line        Source             
delphi             0000000000457839  Unknown               Unknown  Unknown
delphi             0000000000452D50  Unknown               Unknown  Unknown
delphi             0000000000404315  Unknown               Unknown  Unknown
delphi             000000000040372C  Unknown               Unknown  Unknown
libc.so.6          00002B32CA128830  Unknown               Unknown  Unknown
delphi             0000000000403629  Unknown               Unknown  Unknown
forrtl: severe (174): SIGSEGV, segmentation fault occurred
Image              PC                Routine            Line        Source             
delphi             00000000004591CE  Unknown               Unknown  Unknown
delphi             0000000000452D50  Unknown               Unknown  Unknown
delphi             0000000000404315  Unknown               Unknown  Unknown
delphi             000000000040372C  Unknown               Unknown  Unknown
libc.so.6          00002B8CF9A88830  Unknown               Unknown  Unknown
delphi             0000000000403629  Unknown               Unknown  Unknown
forrtl: severe (174): SIGSEGV, segmentation fault occurred
Image              PC                Routine            Line        Source             
delphi             0000000000458934  Unknown               Unknown  Unknown
delphi             0000000000452D50  Unknown               Unknown  Unknown
delphi             0000000000404315  Unknown               Unknown  Unknown
delphi             000000000040372C  Unknown               Unknown  Unknown
libc.so.6          00002B1C09131830  Unknown               Unknown  Unknown
delphi             0000000000403629  Unknown               Unknown  Unknown
forrtl: severe (174): SIGSEGV, segmentation fault occurred
Image              PC                Routine            Line        Source             
delphi             0000000000457839  Unknown               Unknown  Unknown
delphi             0000000000452D50  Unknown               Unknown  Unknown
delphi             0000000000404315  Unknown               Unknown  Unknown
delphi             000000000040372C  Unknown               Unknown  Unknown
libc.so.6          00002B4498A1B830  Unknown               Unknown  Unknown
delphi             0000000000403629  Unknown               Unknown  Unknown
forrtl: severe (174): SIGSEGV, segmentation fault occurred
Image              PC                Routine            Line        Source             
delphi             0000000000457839  Unknown               Unknown  Unknown
delphi             0000000000452D50  Unknown               Unknown  Unknown
delphi             0000000000404315  Unknown               Unknown  Unknown
delphi             000000000040372C  Unknown               Unknown  Unknown
libc.so.6          00002B0597CBD830  Unknown               Unknown  Unknown
delphi             0000000000403629  Unknown               Unknown  Unknown
forrtl: severe (174): SIGSEGV, segmentation fault occurred
Image              PC                Routine            Line        Source             
delphi             0000000000457A7C  Unknown               Unknown  Unknown
delphi             0000000000452D50  Unknown               Unknown  Unknown
delphi             0000000000404315  Unknown               Unknown  Unknown
delphi             000000000040372C  Unknown               Unknown  Unknown
libc.so.6          00002ABAE2B9B830  Unknown               Unknown  Unknown
delphi             0000000000403629  Unknown               Unknown  Unknown
forrtl: severe (174): SIGSEGV, segmentation fault occurred
Image              PC                Routine            Line        Source             
delphi             00000000004586C0  Unknown               Unknown  Unknown
delphi             0000000000452D50  Unknown               Unknown  Unknown
delphi             0000000000404315  Unknown               Unknown  Unknown
delphi             000000000040372C  Unknown               Unknown  Unknown
libc.so.6          00002BA9FDF41830  Unknown               Unknown  Unknown
delphi             0000000000403629  Unknown               Unknown  Unknown
forrtl: severe (174): SIGSEGV, segmentation fault occurred
Image              PC                Routine            Line        Source             
delphi             0000000000457A7C  Unknown               Unknown  Unknown
delphi             0000000000452D50  Unknown               Unknown  Unknown
delphi             0000000000404315  Unknown               Unknown  Unknown
delphi             000000000040372C  Unknown               Unknown  Unknown
libc.so.6          00002B6A4F627830  Unknown               Unknown  Unknown
delphi             0000000000403629  Unknown               Unknown  Unknown
forrtl: severe (174): SIGSEGV, segmentation fault occurred
Image              PC                Routine            Line        Source             
delphi             0000000000457A7C  Unknown               Unknown  Unknown
delphi             0000000000452D50  Unknown               Unknown  Unknown
delphi             0000000000404315  Unknown               Unknown  Unknown
delphi             000000000040372C  Unknown               Unknown  Unknown
libc.so.6          00002B7F06E8C830  Unknown               Unknown  Unknown
delphi             0000000000403629  Unknown               Unknown  Unknown
forrtl: severe (174): SIGSEGV, segmentation fault occurred
Image              PC                Routine            Line        Source             
delphi             0000000000457A7C  Unknown               Unknown  Unknown
delphi             0000000000452D50  Unknown               Unknown  Unknown
delphi             0000000000404315  Unknown               Unknown  Unknown
delphi             000000000040372C  Unknown               Unknown  Unknown
libc.so.6          00002B90D929B830  Unknown               Unknown  Unknown
delphi             0000000000403629  Unknown               Unknown  Unknown
forrtl: severe (174): SIGSEGV, segmentation fault occurred
Image              PC                Routine            Line        Source             
delphi             0000000000457A7C  Unknown               Unknown  Unknown
delphi             0000000000452D50  Unknown               Unknown  Unknown
delphi             0000000000404315  Unknown               Unknown  Unknown
delphi             000000000040372C  Unknown               Unknown  Unknown
libc.so.6          00002AD429E60830  Unknown               Unknown  Unknown
delphi             0000000000403629  Unknown               Unknown  Unknown
forrtl: severe (174): SIGSEGV, segmentation fault occurred
Image              PC                Routine            Line        Source             
delphi             0000000000458A9A  Unknown               Unknown  Unknown
delphi             0000000000452D50  Unknown               Unknown  Unknown
delphi             0000000000404315  Unknown               Unknown  Unknown
delphi             000000000040372C  Unknown               Unknown  Unknown
libc.so.6          00002B40FABCE830  Unknown               Unknown  Unknown
delphi             0000000000403629  Unknown               Unknown  Unknown
forrtl: severe (174): SIGSEGV, segmentation fault occurred
Image              PC                Routine            Line        Source             
delphi             0000000000457A7C  Unknown               Unknown  Unknown
delphi             0000000000452D50  Unknown               Unknown  Unknown
delphi             0000000000404315  Unknown               Unknown  Unknown
delphi             000000000040372C  Unknown               Unknown  Unknown
libc.so.6          00002B38128EE830  Unknown               Unknown  Unknown
delphi             0000000000403629  Unknown               Unknown  Unknown
forrtl: severe (174): SIGSEGV, segmentation fault occurred
Image              PC                Routine            Line        Source             
delphi             0000000000457A7C  Unknown               Unknown  Unknown
delphi             0000000000452D50  Unknown               Unknown  Unknown
delphi             0000000000404315  Unknown               Unknown  Unknown
delphi             000000000040372C  Unknown               Unknown  Unknown
libc.so.6          00002B66BC765830  Unknown               Unknown  Unknown
delphi             0000000000403629  Unknown               Unknown  Unknown
forrtl: severe (174): SIGSEGV, segmentation fault occurred
Image              PC                Routine            Line        Source             
delphi             0000000000457A7C  Unknown               Unknown  Unknown
delphi             0000000000452D50  Unknown               Unknown  Unknown
delphi             0000000000404315  Unknown               Unknown  Unknown
delphi             000000000040372C  Unknown               Unknown  Unknown
libc.so.6          00002B30A9E7E830  Unknown               Unknown  Unknown
delphi             0000000000403629  Unknown               Unknown  Unknown
forrtl: severe (174): SIGSEGV, segmentation fault occurred
Image              PC                Routine            Line        Source             
delphi             000000000045750C  Unknown               Unknown  Unknown
delphi             0000000000452D50  Unknown               Unknown  Unknown
delphi             0000000000404315  Unknown               Unknown  Unknown
delphi             000000000040372C  Unknown               Unknown  Unknown
libc.so.6          00002AD863909830  Unknown               Unknown  Unknown
delphi             0000000000403629  Unknown               Unknown  Unknown
forrtl: severe (174): SIGSEGV, segmentation fault occurred
Image              PC                Routine            Line        Source             
delphi             0000000000457A7C  Unknown               Unknown  Unknown
delphi             0000000000452D50  Unknown               Unknown  Unknown
delphi             0000000000404315  Unknown               Unknown  Unknown
delphi             000000000040372C  Unknown               Unknown  Unknown
libc.so.6          00002B70447B0830  Unknown               Unknown  Unknown
delphi             0000000000403629  Unknown               Unknown  Unknown
forrtl: severe (174): SIGSEGV, segmentation fault occurred
Image              PC                Routine            Line        Source             
delphi             0000000000458A9A  Unknown               Unknown  Unknown
delphi             0000000000452D50  Unknown               Unknown  Unknown
delphi             0000000000404315  Unknown               Unknown  Unknown
delphi             000000000040372C  Unknown               Unknown  Unknown
libc.so.6          00002B9EF13AB830  Unknown               Unknown  Unknown
delphi             0000000000403629  Unknown               Unknown  Unknown
forrtl: severe (174): SIGSEGV, segmentation fault occurred
Image              PC                Routine            Line        Source             
delphi             0000000000457603  Unknown               Unknown  Unknown
delphi             0000000000452D50  Unknown               Unknown  Unknown
delphi             0000000000404315  Unknown               Unknown  Unknown
delphi             000000000040372C  Unknown               Unknown  Unknown
libc.so.6          00002B9A296EF830  Unknown               Unknown  Unknown
delphi             0000000000403629  Unknown               Unknown  Unknown
forrtl: severe (174): SIGSEGV, segmentation fault occurred
Image              PC                Routine            Line        Source             
delphi             0000000000457A7C  Unknown               Unknown  Unknown
delphi             0000000000452D50  Unknown               Unknown  Unknown
delphi             0000000000404315  Unknown               Unknown  Unknown
delphi             000000000040372C  Unknown               Unknown  Unknown
libc.so.6          00002AE3BE7A6830  Unknown               Unknown  Unknown
delphi             0000000000403629  Unknown               Unknown  Unknown
forrtl: severe (174): SIGSEGV, segmentation fault occurred
Image              PC                Routine            Line        Source             
delphi             0000000000458A9A  Unknown               Unknown  Unknown
delphi             0000000000452D50  Unknown               Unknown  Unknown
delphi             0000000000404315  Unknown               Unknown  Unknown
delphi             000000000040372C  Unknown               Unknown  Unknown
libc.so.6          00002BA2B8931830  Unknown               Unknown  Unknown
delphi             0000000000403629  Unknown               Unknown  Unknown
forrtl: severe (174): SIGSEGV, segmentation fault occurred
Image              PC                Routine            Line        Source             
delphi             000000000045D24C  Unknown               Unknown  Unknown
delphi             000000000045ABEC  Unknown               Unknown  Unknown
delphi             0000000000452D50  Unknown               Unknown  Unknown
delphi             0000000000404315  Unknown               Unknown  Unknown
delphi             000000000040372C  Unknown               Unknown  Unknown
libc.so.6          00002B4AD684A830  Unknown               Unknown  Unknown
delphi             0000000000403629  Unknown               Unknown  Unknown
forrtl: severe (174): SIGSEGV, segmentation fault occurred
Image              PC                Routine            Line        Source             
delphi             000000000045D24C  Unknown               Unknown  Unknown
delphi             000000000045ABEC  Unknown               Unknown  Unknown
delphi             0000000000452D50  Unknown               Unknown  Unknown
delphi             0000000000404315  Unknown               Unknown  Unknown
delphi             000000000040372C  Unknown               Unknown  Unknown
libc.so.6          00002B669BA2E830  Unknown               Unknown  Unknown
delphi             0000000000403629  Unknown               Unknown  Unknown
forrtl: severe (174): SIGSEGV, segmentation fault occurred
Image              PC                Routine            Line        Source             
delphi             0000000000457839  Unknown               Unknown  Unknown
delphi             0000000000452D50  Unknown               Unknown  Unknown
delphi             0000000000404315  Unknown               Unknown  Unknown
delphi             000000000040372C  Unknown               Unknown  Unknown
libc.so.6          00002B81E9A4E830  Unknown               Unknown  Unknown
delphi             0000000000403629  Unknown               Unknown  Unknown
forrtl: severe (174): SIGSEGV, segmentation fault occurred
Image              PC                Routine            Line        Source             
delphi             000000000045D24C  Unknown               Unknown  Unknown
delphi             000000000045ABEC  Unknown               Unknown  Unknown
delphi             0000000000452D50  Unknown               Unknown  Unknown
delphi             0000000000404315  Unknown               Unknown  Unknown
delphi             000000000040372C  Unknown               Unknown  Unknown
libc.so.6          00002B2DA20EE830  Unknown               Unknown  Unknown
delphi             0000000000403629  Unknown               Unknown  Unknown
forrtl: severe (174): SIGSEGV, segmentation fault occurred
Image              PC                Routine            Line        Source             
delphi             000000000045D24C  Unknown               Unknown  Unknown
delphi             000000000045ABEC  Unknown               Unknown  Unknown
delphi             0000000000452D50  Unknown               Unknown  Unknown
delphi             0000000000404315  Unknown               Unknown  Unknown
delphi             000000000040372C  Unknown               Unknown  Unknown
libc.so.6          00002B44722A0830  Unknown               Unknown  Unknown
delphi             0000000000403629  Unknown               Unknown  Unknown
forrtl: severe (174): SIGSEGV, segmentation fault occurred
Image              PC                Routine            Line        Source             
delphi             000000000045D24C  Unknown               Unknown  Unknown
delphi             000000000045ABEC  Unknown               Unknown  Unknown
delphi             0000000000452D50  Unknown               Unknown  Unknown
delphi             0000000000404315  Unknown               Unknown  Unknown
delphi             000000000040372C  Unknown               Unknown  Unknown
libc.so.6          00002AE4A9C4C830  Unknown               Unknown  Unknown
delphi             0000000000403629  Unknown               Unknown  Unknown
forrtl: severe (174): SIGSEGV, segmentation fault occurred
Image              PC                Routine            Line        Source             
delphi             000000000045D24C  Unknown               Unknown  Unknown
delphi             000000000045ABEC  Unknown               Unknown  Unknown
delphi             0000000000452D50  Unknown               Unknown  Unknown
delphi             0000000000404315  Unknown               Unknown  Unknown
delphi             000000000040372C  Unknown               Unknown  Unknown
libc.so.6          00002B80220DA830  Unknown               Unknown  Unknown
delphi             0000000000403629  Unknown               Unknown  Unknown
forrtl: severe (174): SIGSEGV, segmentation fault occurred
Image              PC                Routine            Line        Source             
delphi             000000000045D24C  Unknown               Unknown  Unknown
delphi             000000000045ABEC  Unknown               Unknown  Unknown
delphi             0000000000452D50  Unknown               Unknown  Unknown
delphi             0000000000404315  Unknown               Unknown  Unknown
delphi             000000000040372C  Unknown               Unknown  Unknown
libc.so.6          00002B8A930B0830  Unknown               Unknown  Unknown
delphi             0000000000403629  Unknown               Unknown  Unknown
forrtl: severe (174): SIGSEGV, segmentation fault occurred
Image              PC                Routine            Line        Source             
delphi             000000000045D24C  Unknown               Unknown  Unknown
delphi             000000000045ABEC  Unknown               Unknown  Unknown
delphi             0000000000452D50  Unknown               Unknown  Unknown
delphi             0000000000404315  Unknown               Unknown  Unknown
delphi             000000000040372C  Unknown               Unknown  Unknown
libc.so.6          00002B98FBA6F830  Unknown               Unknown  Unknown
delphi             0000000000403629  Unknown               Unknown  Unknown
forrtl: severe (174): SIGSEGV, segmentation fault occurred
Image              PC                Routine            Line        Source             
delphi             000000000045D24C  Unknown               Unknown  Unknown
delphi             000000000045ABEC  Unknown               Unknown  Unknown
delphi             0000000000452D50  Unknown               Unknown  Unknown
delphi             0000000000404315  Unknown               Unknown  Unknown
delphi             000000000040372C  Unknown               Unknown  Unknown
libc.so.6          00002B5194E35830  Unknown               Unknown  Unknown
delphi             0000000000403629  Unknown               Unknown  Unknown
forrtl: severe (174): SIGSEGV, segmentation fault occurred
Image              PC                Routine            Line        Source             
delphi             0000000000457839  Unknown               Unknown  Unknown
delphi             0000000000452D50  Unknown               Unknown  Unknown
delphi             0000000000404315  Unknown               Unknown  Unknown
delphi             000000000040372C  Unknown               Unknown  Unknown
libc.so.6          00002B9E20BA0830  Unknown               Unknown  Unknown
delphi             0000000000403629  Unknown               Unknown  Unknown
forrtl: severe (174): SIGSEGV, segmentation fault occurred
Image              PC                Routine            Line        Source             
delphi             000000000045D24C  Unknown               Unknown  Unknown
delphi             000000000045ABEC  Unknown               Unknown  Unknown
delphi             0000000000452D50  Unknown               Unknown  Unknown
delphi             0000000000404315  Unknown               Unknown  Unknown
delphi             000000000040372C  Unknown               Unknown  Unknown
libc.so.6          00002BA80AB60830  Unknown               Unknown  Unknown
delphi             0000000000403629  Unknown               Unknown  Unknown
forrtl: severe (174): SIGSEGV, segmentation fault occurred
Image              PC                Routine            Line        Source             
delphi             000000000045D24C  Unknown               Unknown  Unknown
delphi             000000000045ABEC  Unknown               Unknown  Unknown
delphi             0000000000452D50  Unknown               Unknown  Unknown
delphi             0000000000404315  Unknown               Unknown  Unknown
delphi             000000000040372C  Unknown               Unknown  Unknown
libc.so.6          00002B31DB198830  Unknown               Unknown  Unknown
delphi             0000000000403629  Unknown               Unknown  Unknown
forrtl: severe (174): SIGSEGV, segmentation fault occurred
Image              PC                Routine            Line        Source             
delphi             000000000045D24C  Unknown               Unknown  Unknown
delphi             000000000045ABEC  Unknown               Unknown  Unknown
delphi             0000000000452D50  Unknown               Unknown  Unknown
delphi             0000000000404315  Unknown               Unknown  Unknown
delphi             000000000040372C  Unknown               Unknown  Unknown
libc.so.6          00002AD49E1F7830  Unknown               Unknown  Unknown
delphi             0000000000403629  Unknown               Unknown  Unknown
forrtl: severe (174): SIGSEGV, segmentation fault occurred
Image              PC                Routine            Line        Source             
delphi             000000000045D24C  Unknown               Unknown  Unknown
delphi             000000000045ABEC  Unknown               Unknown  Unknown
delphi             0000000000452D50  Unknown               Unknown  Unknown
delphi             0000000000404315  Unknown               Unknown  Unknown
delphi             000000000040372C  Unknown               Unknown  Unknown
libc.so.6          00002B30940B9830  Unknown               Unknown  Unknown
delphi             0000000000403629  Unknown               Unknown  Unknown
forrtl: severe (174): SIGSEGV, segmentation fault occurred
Image              PC                Routine            Line        Source             
delphi             000000000045D24C  Unknown               Unknown  Unknown
delphi             000000000045ABEC  Unknown               Unknown  Unknown
delphi             0000000000452D50  Unknown               Unknown  Unknown
delphi             0000000000404315  Unknown               Unknown  Unknown
delphi             000000000040372C  Unknown               Unknown  Unknown
libc.so.6          00002AB29E3AF830  Unknown               Unknown  Unknown
delphi             0000000000403629  Unknown               Unknown  Unknown
forrtl: severe (174): SIGSEGV, segmentation fault occurred
Image              PC                Routine            Line        Source             
delphi             000000000045D24C  Unknown               Unknown  Unknown
delphi             000000000045ABEC  Unknown               Unknown  Unknown
delphi             0000000000452D50  Unknown               Unknown  Unknown
delphi             0000000000404315  Unknown               Unknown  Unknown
delphi             000000000040372C  Unknown               Unknown  Unknown
libc.so.6          00002AC46DED3830  Unknown               Unknown  Unknown
delphi             0000000000403629  Unknown               Unknown  Unknown
forrtl: severe (174): SIGSEGV, segmentation fault occurred
Image              PC                Routine            Line        Source             
delphi             0000000000457A7C  Unknown               Unknown  Unknown
delphi             0000000000452D50  Unknown               Unknown  Unknown
delphi             0000000000404315  Unknown               Unknown  Unknown
delphi             000000000040372C  Unknown               Unknown  Unknown
libc.so.6          00002B48DA1D8830  Unknown               Unknown  Unknown
delphi             0000000000403629  Unknown               Unknown  Unknown
