   confID        vdw0    sas     sum
NTR01B3639_001  -0.003  -3.309  -3.312
NTR+1B3639_002  -0.005  -3.309  -3.314
THR01B3639_001   0.164  -3.905  -3.741
PRO01B3640_001   0.390  -3.393  -3.002
LEU01B3641_001   2.071  -9.385  -7.314
TYR01B3642_001   4.877 -10.394  -5.517
TYR-1B3642_002   4.877 -10.394  -5.517
ASN01B3643_001   0.628  -2.260  -1.632
ASN01B3643_002   0.294  -2.058  -1.765
LEU01B3644_001   1.771  -2.382  -0.612
PRO01B3645_001   0.267  -3.285  -3.018
THR01B3646_001   0.267  -7.061  -6.794
THR01B3646_002   0.267  -7.061  -6.794
HIS01B3647_001  -0.169  -8.617  -8.786
HIS01B3647_002  -0.126  -8.663  -8.789
HIS02B3647_003  -0.188  -8.617  -8.804
HIS02B3647_004  -0.139  -8.663  -8.802
HIS+1B3647_005  -0.214  -8.617  -8.831
HIS+1B3647_006  -0.165  -8.663  -8.828
ARG01B3648_001   3.122  -8.636  -5.514
ARG02B3648_002   3.101  -8.636  -5.534
ARG03B3648_003   3.193  -8.636  -5.443
ARG+1B3648_004   3.058  -8.636  -5.577
ALA01B3649_001   0.000  -1.098  -1.098
CYS01B3650_001  -0.002  -3.668  -3.669
CYS01B3650_002  -0.002  -3.668  -3.669
CYS01B3650_003  -0.003  -3.668  -3.670
CYS-1B3650_004   0.000  -3.668  -3.668
ASN01B3651_001   0.500  -2.798  -2.298
ASN01B3651_002   0.242  -2.778  -2.537
MET01B3652_001   0.633  -6.574  -5.940
PHE01B3653_001   4.650  -8.160  -3.510
LEU01B3654_001   2.146  -6.658  -4.512
GLU01B3655_001   1.455  -3.266  -1.811
GLU01B3655_002   1.455  -3.266  -1.811
GLU02B3655_003   1.265  -3.158  -1.893
GLU02B3655_004   1.265  -3.158  -1.893
GLU-1B3655_005   1.143  -3.122  -1.979
SER01B3656_001   0.000  -3.076  -3.076
SER01B3656_002   0.000  -3.076  -3.076
TYR01B3657_001   5.296  -5.635  -0.339
TYR-1B3657_002   5.296  -5.635  -0.339
LYS01B3658_001   3.717  -7.856  -4.139
LYS+1B3658_002   3.669  -7.856  -4.187
ALA01B3659_001   0.000  -4.874  -4.874
ALA01B3660_001   0.000  -2.472  -2.472
TRP01B3661_001   3.871  -4.665  -0.794
ILE01B3662_001   2.482 -10.038  -7.557
LEU01B3663_001   1.605  -5.045  -3.440
THR01B3664_001   0.177  -5.048  -4.871
THR01B3664_002   0.177  -5.048  -4.871
GLU01B3665_001   1.569  -3.380  -1.812
GLU01B3665_002   1.569  -3.380  -1.812
GLU02B3665_003   1.323  -3.304  -1.981
GLU02B3665_004   1.323  -3.304  -1.981
GLU-1B3665_005   1.218  -3.258  -2.040
ASP01B3666_001   0.528  -2.057  -1.529
ASP01B3666_002   0.528  -2.057  -1.529
ASP02B3666_003   0.542  -2.149  -1.607
ASP02B3666_004   0.542  -2.149  -1.607
ASP-1B3666_005   0.440  -2.016  -1.576
HIS01B3667_001  -0.106  -5.146  -5.252
HIS01B3667_002  -0.047  -4.478  -4.524
HIS02B3667_003  -0.127  -5.146  -5.273
HIS02B3667_004  -0.059  -4.478  -4.537
HIS+1B3667_005  -0.154  -5.146  -5.299
HIS+1B3667_006  -0.086  -4.478  -4.563
SER01B3668_001   0.000  -3.330  -3.330
SER01B3668_002   0.000  -3.330  -3.330
PHE01B3669_001   4.393  -5.854  -1.460
GLU01B3670_001   1.075  -0.345   0.731
GLU01B3670_002   1.075  -0.345   0.731
GLU02B3670_003   0.927  -0.435   0.493
GLU02B3670_004   0.927  -0.435   0.493
GLU-1B3670_005   0.843  -0.345   0.499
ASP01B3671_001   0.134  -1.104  -0.970
ASP01B3671_002   0.134  -1.104  -0.970
ASP02B3671_003   0.223  -1.159  -0.936
ASP02B3671_004   0.223  -1.159  -0.936
ASP-1B3671_005   0.130  -1.068  -0.938
ARG01B3672_001  11.147  -9.569   1.578
ARG02B3672_002  11.093  -9.569   1.524
ARG03B3672_003  11.091  -9.569   1.522
ARG+1B3672_004  11.044  -9.569   1.475
MET01B3673_001   0.322  -3.978  -3.656
ILE01B3674_001   3.755  -0.258   3.498
ASP01B3675_001   0.235  -1.120  -0.885
ASP01B3675_002   0.235  -1.120  -0.885
ASP02B3675_003   0.331  -1.155  -0.824
ASP02B3675_004   0.331  -1.155  -0.824
ASP-1B3675_005   0.220  -1.111  -0.891
ASP01B3676_001   0.017  -1.339  -1.321
ASP01B3676_002   0.017  -1.339  -1.321
ASP02B3676_003   0.069  -1.368  -1.299
ASP02B3676_004   0.069  -1.368  -1.299
ASP-1B3676_005   0.014  -1.339  -1.325
LEU01B3677_001   3.185  -2.193   0.992
SER01B3678_001   0.000  -0.793  -0.793
SER01B3678_002   0.000  -0.793  -0.793
LYS01B3679_001   2.763  -6.810  -4.046
LYS+1B3679_002   2.700  -6.810  -4.110
ALA01B3680_001   0.000  -3.380  -3.380
GLU01B3682_001   0.496  -3.079  -2.583
GLU01B3682_002   0.496  -3.079  -2.583
GLU02B3682_003   0.662  -2.969  -2.307
GLU02B3682_004   0.662  -2.969  -2.307
GLU-1B3682_005   0.465  -2.954  -2.490
GLN01B3683_001   0.452  -0.929  -0.477
GLU01B3684_001   0.499  -4.010  -3.511
GLU01B3684_002   0.499  -4.010  -3.511
GLU02B3684_003   0.666  -4.002  -3.336
GLU02B3684_004   0.666  -4.002  -3.336
GLU-1B3684_005   0.468  -3.906  -3.438
GLU01B3685_001   0.501  -4.145  -3.644
GLU01B3685_002   0.501  -4.145  -3.644
GLU02B3685_003   0.668  -4.265  -3.597
GLU02B3685_004   0.668  -4.265  -3.597
GLU-1B3685_005   0.470  -4.143  -3.673
GLU01B3686_001   0.497  -2.729  -2.232
GLU01B3686_002   0.497  -2.729  -2.232
GLU02B3686_003   0.663  -2.686  -2.023
GLU02B3686_004   0.663  -2.686  -2.023
GLU-1B3686_005   0.466  -2.579  -2.114
GLU01B3687_001   0.500  -2.510  -2.010
GLU01B3687_002   0.500  -2.510  -2.010
GLU02B3687_003   0.667  -2.576  -1.909
GLU02B3687_004   0.667  -2.576  -1.909
GLU-1B3687_005   0.469  -2.425  -1.956
GLU01B3688_001   0.498  -4.108  -3.609
GLU01B3688_002   0.498  -4.108  -3.609
GLU02B3688_003   0.664  -4.164  -3.500
GLU02B3688_004   0.664  -4.164  -3.500
GLU-1B3688_005   0.467  -4.134  -3.667
GLU01B3689_001   0.499  -4.479  -3.980
GLU01B3689_002   0.499  -4.479  -3.980
GLU02B3689_003   0.666  -4.467  -3.801
GLU02B3689_004   0.666  -4.467  -3.801
GLU-1B3689_005   0.468  -4.259  -3.791
VAL01B3690_001   0.500  -2.659  -2.159
GLU01B3691_001   0.500  -4.303  -3.802
GLU01B3691_002   0.500  -4.303  -3.802
GLU02B3691_003   0.667  -4.267  -3.599
GLU02B3691_004   0.667  -4.267  -3.599
GLU-1B3691_005   0.469  -4.151  -3.682
GLU01B3692_001   0.499  -3.441  -2.942
GLU01B3692_002   0.499  -3.441  -2.942
GLU02B3692_003   0.666  -3.495  -2.830
GLU02B3692_004   0.666  -3.495  -2.830
GLU-1B3692_005   0.468  -3.329  -2.861
LYS01B3693_001   3.803  -7.053  -3.250
LYS+1B3693_002   3.708  -7.053  -3.345
LYS01B3694_001   1.599  -5.514  -3.916
LYS+1B3694_002   1.525  -5.514  -3.990
PRO01B3695_001   0.308  -2.211  -1.903
ASP01B3696_001   0.254  -0.489  -0.236
ASP01B3696_002   0.254  -0.489  -0.236
ASP02B3696_003   0.354  -0.500  -0.146
ASP02B3696_004   0.354  -0.500  -0.146
ASP-1B3696_005   0.239  -0.482  -0.244
PRO01B3697_001   0.314  -2.643  -2.329
LEU01B3698_001   2.447  -0.258   2.190
HIS01B3699_001  -0.099  -2.175  -2.274
HIS01B3699_002  -0.047  -2.361  -2.408
HIS02B3699_003  -0.118  -2.175  -2.294
HIS02B3699_004  -0.061  -2.361  -2.421
HIS+1B3699_005  -0.145  -2.175  -2.321
HIS+1B3699_006  -0.087  -2.361  -2.448
GLN01B3700_001   1.282  -2.249  -0.968
GLN01B3700_002   2.089  -2.284  -0.194
LEU01B3701_001   3.302  -1.751   1.551
VAL01B3702_001   0.699  -0.155   0.545
LEU01B3703_001   1.723  -4.050  -2.327
HIS01B3704_001  -0.143  -7.392  -7.536
HIS01B3704_002  -0.105  -7.419  -7.523
HIS02B3704_003  -0.162  -7.392  -7.554
HIS02B3704_004  -0.118  -7.419  -7.537
HIS+1B3704_005  -0.189  -7.392  -7.581
HIS+1B3704_006  -0.145  -7.419  -7.563
PHE01B3705_001   5.251  -0.068   5.183
SER01B3706_001   0.000  -1.263  -1.263
SER01B3706_002   0.000  -1.263  -1.263
ARG01B3707_001   3.461 -10.802  -7.341
ARG02B3707_002   3.542 -10.802  -7.259
ARG03B3707_003   3.437 -10.802  -7.365
ARG+1B3707_004   3.397 -10.802  -7.405
THR01B3708_001   0.354  -2.355  -2.001
THR01B3708_002   0.354  -2.355  -2.001
ALA01B3709_001   0.000   0.000   0.000
LEU01B3710_001   1.554  -5.869  -4.315
THR01B3711_001   0.187  -4.814  -4.627
GLU01B3712_001   3.948  -4.006  -0.058
GLU01B3712_002   3.948  -4.006  -0.058
GLU02B3712_003   3.254  -3.944  -0.690
GLU02B3712_004   3.254  -3.944  -0.690
GLU-1B3712_005   3.172  -3.870  -0.698
LYS01B3713_001   3.509  -4.031  -0.522
LYS+1B3713_002   3.457  -4.031  -0.574
SER01B3714_001   0.000  -4.722  -4.722
LYS01B3715_001   4.105  -8.571  -4.466
LYS+1B3715_002   4.057  -8.571  -4.514
LEU01B3716_001   2.049  -0.753   1.296
ASP01B3717_001   0.189  -2.179  -1.990
ASP01B3717_002   0.189  -2.179  -1.990
ASP02B3717_003   0.279  -2.123  -1.844
ASP02B3717_004   0.279  -2.123  -1.844
ASP-1B3717_005   0.179  -2.123  -1.944
GLU01B3718_001   1.693  -2.779  -1.086
GLU01B3718_002   1.693  -2.779  -1.086
GLU02B3718_003   1.390  -2.902  -1.511
GLU02B3718_004   1.390  -2.902  -1.511
GLU-1B3718_005   1.305  -2.751  -1.446
ASP01B3719_001   0.055  -0.857  -0.802
ASP01B3719_002   0.055  -0.857  -0.802
ASP02B3719_003   0.119  -0.808  -0.689
ASP02B3719_004   0.119  -0.808  -0.689
ASP-1B3719_005   0.051  -0.827  -0.776
TYR01B3720_001   4.287 -11.948  -7.661
TYR-1B3720_002   4.287 -11.948  -7.661
LEU01B3721_001   5.293  -5.853  -0.560
TYR01B3722_001   5.007  -0.068   4.940
TYR-1B3722_002   5.007  -0.068   4.940
MET01B3723_001   0.641  -1.217  -0.577
ALA01B3724_001   0.000  -1.594  -1.594
TYR01B3725_001   5.040  -3.290   1.750
TYR01B3725_002   5.040  -3.290   1.750
TYR-1B3725_003   5.040  -3.290   1.750
ALA01B3726_001   0.000   0.000   0.000
ASP01B3727_001   0.076  -1.983  -1.907
ASP01B3727_002   0.076  -1.983  -1.907
ASP02B3727_003   0.150  -1.871  -1.721
ASP02B3727_004   0.150  -1.871  -1.721
ASP-1B3727_005   0.074  -1.895  -1.821
ILE01B3728_001   2.095  -0.618   1.477
MET01B3729_001   0.146  -0.311  -0.165
ALA01B3730_001   0.000  -0.274  -0.274
LYS01B3731_001   4.568  -3.745   0.823
LYS+1B3731_002   4.461  -3.745   0.716
SER01B3732_001   0.000  -0.060  -0.060
SER01B3732_002   0.000  -0.060  -0.060
SER01B3732_003   0.000  -0.060  -0.060
CYS01B3733_001  -0.002   0.000  -0.002
CYS01B3733_002  -0.002   0.000  -0.002
CYS01B3733_003  -0.002   0.000  -0.002
CYS-1B3733_004   0.000   0.000   0.000
HIS01B3734_001  -0.354  -2.231  -2.585
HIS01B3734_002  -0.345  -2.355  -2.700
HIS02B3734_003  -0.363  -2.231  -2.594
HIS02B3734_004  -0.356  -2.355  -2.711
HIS+1B3734_005  -0.383  -2.231  -2.614
HIS+1B3734_006  -0.375  -2.355  -2.730
LEU01B3735_001   1.460  -0.943   0.517
GLU01B3736_001   0.499  -0.034   0.465
GLU01B3736_002   0.499  -0.034   0.465
GLU02B3736_003   0.666  -0.072   0.593
GLU02B3736_004   0.666  -0.072   0.593
GLU-1B3736_005   0.468  -0.034   0.433
GLU01B3737_001   0.500  -1.015  -0.515
GLU01B3737_002   0.500  -1.015  -0.515
GLU02B3737_003   0.667  -0.936  -0.270
GLU02B3737_004   0.667  -0.936  -0.270
GLU-1B3737_005   0.469  -0.934  -0.466
GLU01B3740_001   0.499  -0.981  -0.482
GLU01B3740_002   0.499  -0.981  -0.482
GLU02B3740_003   0.665  -1.011  -0.346
GLU02B3740_004   0.665  -1.011  -0.346
GLU-1B3740_005   0.468  -0.986  -0.518
ASN01B3741_001  -0.020  -2.275  -2.295
CTR01B3741_001  -0.021  -4.498  -4.519
CTR01B3741_002   0.106  -4.595  -4.489
CTR02B3741_003  -0.022  -4.692  -4.714
CTR02B3741_004   0.041  -4.615  -4.573
CTR-1B3741_005   0.000  -4.498  -4.498
NTR01B3747_001  -0.003  -3.692  -3.695
NTR+1B3747_002  -0.005  -3.692  -3.697
GLU01B3747_001   0.499  -4.108  -3.608
GLU01B3747_002   0.499  -4.108  -3.608
GLU02B3747_003   0.667  -4.065  -3.399
GLU02B3747_004   0.667  -4.065  -3.399
GLU-1B3747_005   0.468  -4.065  -3.596
GLU01B3748_001   0.502  -3.577  -3.076
GLU01B3748_002   0.502  -3.577  -3.076
GLU02B3748_003   0.670  -3.550  -2.880
GLU02B3748_004   0.670  -3.550  -2.880
GLU-1B3748_005   0.471  -3.493  -3.022
VAL01B3749_001   0.501  -7.653  -7.152
GLU01B3750_001   1.630  -2.181  -0.551
GLU01B3750_002   1.630  -2.181  -0.551
GLU02B3750_003   1.389  -2.027  -0.638
GLU02B3750_004   1.389  -2.027  -0.638
GLU-1B3750_005   1.273  -2.138  -0.865
VAL01B3751_001   0.791  -5.183  -4.393
SER01B3752_001   0.000  -2.988  -2.988
SER01B3752_002   0.000  -2.988  -2.988
PHE01B3753_001   4.879  -7.596  -2.717
GLU01B3754_001   4.455  -2.059   2.396
GLU01B3754_002   4.455  -2.059   2.396
GLU02B3754_003   3.616  -1.938   1.677
GLU02B3754_004   3.616  -1.938   1.677
GLU-1B3754_005   3.516  -1.907   1.609
GLU01B3755_001   2.086  -1.050   1.036
GLU01B3755_002   2.086  -1.050   1.036
GLU02B3755_003   1.714  -1.078   0.636
GLU02B3755_004   1.714  -1.078   0.636
GLU-1B3755_005   1.620  -1.046   0.574
LYS01B3756_001   2.077  -5.278  -3.201
LYS+1B3756_002   1.987  -5.278  -3.291
GLU01B3757_001   2.609  -0.982   1.627
GLU01B3757_002   2.609  -0.982   1.627
GLU02B3757_003   2.077  -0.962   1.115
GLU02B3757_004   2.077  -0.962   1.115
GLU-1B3757_005   2.010  -0.930   1.080
MET01B3758_001   0.060  -0.573  -0.513
GLU01B3759_001   2.387  -0.382   2.005
GLU01B3759_002   2.387  -0.382   2.005
GLU02B3759_003   2.027  -0.420   1.607
GLU02B3759_004   2.027  -0.420   1.607
GLU-1B3759_005   1.889  -0.378   1.511
LYS01B3760_001   0.989  -5.271  -4.282
LYS+1B3760_002   0.938  -5.271  -4.333
GLN01B3761_001   0.689  -0.976  -0.287
GLN01B3761_002   0.639  -1.034  -0.395
ARG01B3762_001   4.490  -2.248   2.242
ARG02B3762_002   4.448  -2.248   2.200
ARG03B3762_003   4.455  -2.248   2.206
ARG03B3762_004   4.507  -2.248   2.259
ARG+1B3762_005   4.409  -2.248   2.161
LEU01B3763_001   1.361  -0.721   0.640
LEU01B3764_001   1.926  -3.912  -1.986
TYR01B3765_001   5.074  -4.584   0.490
TYR01B3765_002   5.074  -4.584   0.490
TYR-1B3765_003   5.074  -4.584   0.490
GLN01B3766_001   0.872  -0.118   0.753
GLN01B3767_001   4.052   0.000   4.052
SER01B3768_001   0.000  -1.983  -1.983
ARG01B3769_001   3.766  -0.100   3.666
ARG02B3769_002   3.751  -0.100   3.652
ARG03B3769_003   3.688  -0.100   3.588
ARG03B3769_004   3.692  -0.100   3.593
ARG+1B3769_005   3.649  -0.100   3.549
LEU01B3770_001   4.516  -0.464   4.052
HIS01B3771_001  -0.192  -2.857  -3.049
HIS01B3771_002  -0.157  -3.097  -3.254
HIS02B3771_003  -0.208  -2.857  -3.066
HIS02B3771_004  -0.171  -3.097  -3.268
HIS+1B3771_005  -0.235  -2.857  -3.092
HIS+1B3771_006  -0.198  -3.097  -3.295
THR01B3772_001   0.329  -1.366  -1.037
THR01B3772_002   0.329  -1.366  -1.037
ARG01B3773_001   1.812  -9.273  -7.461
ARG02B3773_002   1.892  -9.273  -7.381
ARG03B3773_003   1.789  -9.273  -7.484
ARG+1B3773_004   1.750  -9.273  -7.523
ALA01B3775_001   0.000   0.000   0.000
ALA01B3776_001   0.000   0.000   0.000
GLU01B3777_001   4.014  -1.205   2.809
GLU01B3777_002   4.014  -1.205   2.809
GLU02B3777_003   3.261  -1.202   2.059
GLU02B3777_004   3.261  -1.202   2.059
GLU-1B3777_005   3.169  -1.103   2.066
MET01B3778_001   1.059   0.000   1.059
VAL01B3779_001   1.803  -0.155   1.648
LEU01B3780_001   2.884  -0.103   2.781
GLN01B3781_001   3.859  -0.509   3.349
GLN01B3781_002   6.326  -0.558   5.767
MET01B3782_001   1.073  -0.096   0.977
ILE01B3783_001   1.634  -0.206   1.428
SER01B3784_001   0.000  -1.505  -1.505
SER01B3784_002   0.000  -1.505  -1.505
ALA01B3785_001   0.000  -0.103  -0.103
CYS01B3786_001  -0.002   0.000  -0.002
CYS01B3786_002  -0.002   0.000  -0.002
CYS01B3786_003  -0.003   0.000  -0.003
CYS-1B3786_004   0.000   0.000   0.000
LYS01B3787_001   1.950  -5.202  -3.252
LYS+1B3787_002   1.898  -5.202  -3.304
GLU01B3789_001   1.657  -1.260   0.398
GLU01B3789_002   1.657  -1.260   0.398
GLU02B3789_003   1.451  -1.272   0.178
GLU02B3789_004   1.451  -1.272   0.178
GLU-1B3789_005   1.340  -1.179   0.161
THR01B3790_001   0.286  -3.265  -2.979
ALA01B3792_001   0.000  -3.586  -3.586
MET01B3793_001  -0.103  -0.517  -0.620
VAL01B3794_001   1.082   0.000   1.082
SER01B3795_001   0.000  -0.753  -0.753
SER01B3795_002   0.000  -0.753  -0.753
SER01B3796_001   0.000  -0.638  -0.638
SER01B3796_002   0.000  -0.638  -0.638
SER01B3796_003   0.000  -0.638  -0.638
THR01B3797_001   0.228   0.000   0.228
THR01B3797_002   0.228   0.000   0.228
LEU01B3798_001   2.056  -0.206   1.850
LYS01B3799_001   1.536  -3.914  -2.378
LYS+1B3799_002   1.491  -3.914  -2.423
LEU01B3800_001   1.658   0.000   1.658
ILE01B3802_001   1.398  -1.030   0.368
SER01B3803_001   0.000  -0.120  -0.120
SER01B3803_002   0.000  -0.120  -0.120
SER01B3803_003   0.000  -0.120  -0.120
ILE01B3804_001   2.630   0.000   2.630
LEU01B3805_001   3.710   0.000   3.710
ASN01B3806_001   0.209  -0.792  -0.583
ASN01B3806_002   0.029  -0.930  -0.901
ASN01B3809_001   0.794  -0.660   0.134
ASN01B3809_002   0.443  -0.748  -0.305
ALA01B3810_001   0.000  -2.247  -2.247
GLU01B3811_001   1.576  -2.602  -1.026
GLU01B3811_002   1.576  -2.602  -1.026
GLU02B3811_003   1.371  -2.450  -1.079
GLU02B3811_004   1.371  -2.450  -1.079
GLU-1B3811_005   1.244  -2.389  -1.146
VAL01B3812_001   0.890  -0.103   0.787
GLN01B3813_001   3.656   0.000   3.656
GLN01B3813_002   6.027  -0.039   5.988
GLN01B3814_001   1.300  -2.320  -1.020
GLN01B3814_002   1.112  -2.299  -1.187
LYS01B3815_001   1.363  -1.022   0.341
LYS+1B3815_002   1.318  -1.022   0.295
MET01B3816_001  20.296  -0.191  20.106
LEU01B3817_001   1.737  -0.618   1.119
ASP01B3818_001   0.588  -1.998  -1.411
ASP01B3818_002   0.588  -1.998  -1.411
ASP02B3818_003   0.615  -1.963  -1.348
ASP02B3818_004   0.615  -1.963  -1.348
ASP-1B3818_005   0.498  -1.895  -1.397
TYR01B3819_001   5.431  -2.756   2.676
TYR-1B3819_002   5.431  -2.756   2.676
LEU01B3820_001   3.057  -0.155   2.903
LYS01B3821_001  10.070  -4.704   5.366
LYS+1B3821_002  10.141  -4.704   5.437
ASP01B3822_001   0.588  -2.662  -2.074
ASP01B3822_002   0.588  -2.662  -2.074
ASP02B3822_003   0.634  -2.787  -2.153
ASP02B3822_004   0.634  -2.787  -2.153
ASP-1B3822_005   0.506  -2.619  -2.112
LYS01B3823_001   3.797  -2.264   1.533
LYS+1B3823_002   3.703  -2.264   1.438
LYS01B3824_001   3.412  -5.740  -2.328
LYS+1B3824_002   3.351  -5.740  -2.389
GLU01B3825_001   0.929  -0.684   0.245
GLU01B3825_002   0.929  -0.684   0.245
GLU02B3825_003   0.894  -0.736   0.159
GLU02B3825_004   0.894  -0.736   0.159
GLU-1B3825_005   0.769  -0.684   0.085
VAL01B3826_001   0.958  -2.556  -1.598
PHE01B3828_001   5.894  -0.455   5.439
PHE01B3829_001   5.870  -0.202   5.668
GLN01B3830_001   7.680  -2.222   5.458
SER01B3831_001   0.000   0.000   0.000
SER01B3831_002   0.000   0.000   0.000
ILE01B3832_001   2.807  -0.155   2.652
GLN01B3833_001   3.919  -1.826   2.093
GLN01B3833_002   6.428  -1.669   4.759
ALA01B3834_001   0.000  -1.751  -1.751
LEU01B3835_001   3.440   0.000   3.440
MET01B3836_001  -0.057  -0.096  -0.153
GLN01B3837_001   3.594  -2.489   1.104
THR01B3838_001   0.247  -3.277  -3.030
THR01B3838_002   0.247  -3.277  -3.030
CYS01B3839_001  -0.002   0.000  -0.002
CYS01B3839_002  -0.002   0.000  -0.002
CYS01B3839_003  -0.003   0.000  -0.003
CYS-1B3839_004   0.000   0.000   0.000
SER01B3840_001   0.000  -1.643  -1.643
SER01B3840_002   0.000  -1.643  -1.643
SER01B3840_003   0.000  -1.643  -1.643
VAL01B3841_001   0.906  -1.288  -0.381
LEU01B3842_001   2.502   0.000   2.502
ASP01B3843_001   0.318  -1.596  -1.278
ASP01B3843_002   0.318  -1.596  -1.278
ASP02B3843_003   0.421  -1.836  -1.415
ASP02B3843_004   0.421  -1.836  -1.415
ASP-1B3843_005   0.297  -1.654  -1.357
LEU01B3844_001   1.847  -2.369  -0.523
ASN01B3845_001   0.337  -3.665  -3.328
ASN01B3845_002   0.520  -3.620  -3.100
ALA01B3846_001   0.000  -1.597  -1.597
PHE01B3847_001   4.777  -0.051   4.726
GLU01B3848_001   1.012  -1.119  -0.108
GLU01B3848_002   1.012  -1.119  -0.108
GLU02B3848_003   0.911  -1.062  -0.152
GLU02B3848_004   0.911  -1.062  -0.152
GLU-1B3848_005   0.792  -1.106  -0.314
ARG01B3849_001   2.631  -9.878  -7.247
ARG02B3849_002   2.617  -9.878  -7.260
ARG03B3849_003   2.608  -9.878  -7.270
ARG+1B3849_004   2.569  -9.878  -7.309
GLN01B3850_001   2.902  -0.034   2.867
ASN01B3851_001   0.238  -1.152  -0.913
ASN01B3851_002   0.043  -1.196  -1.153
LYS01B3852_001   1.067  -8.777  -7.710
LYS+1B3852_002   1.019  -8.777  -7.758
ALA01B3853_001   0.000  -0.927  -0.927
GLU01B3854_001   0.498  -1.859  -1.361
GLU01B3854_002   0.498  -1.859  -1.361
GLU02B3854_003   0.664  -1.829  -1.165
GLU02B3854_004   0.664  -1.829  -1.165
GLU-1B3854_005   0.466  -1.783  -1.316
LEU01B3856_001   1.737  -7.772  -6.034
MET01B3858_001   0.141  -8.926  -8.785
VAL01B3859_001   0.499  -2.782  -2.282
ASN01B3860_001  -0.020  -2.934  -2.954
GLU01B3861_001   0.500  -2.875  -2.375
GLU01B3861_002   0.500  -2.875  -2.375
GLU02B3861_003   0.667  -2.848  -2.181
GLU02B3861_004   0.667  -2.848  -2.181
GLU-1B3861_005   0.469  -2.786  -2.317
ASP01B3862_001  -0.040  -2.387  -2.428
ASP01B3862_002  -0.040  -2.387  -2.428
ASP02B3862_003  -0.009  -2.364  -2.373
ASP02B3862_004  -0.009  -2.364  -2.373
ASP-1B3862_005  -0.041  -2.354  -2.395
THR01B3864_001   0.152  -1.621  -1.469
VAL01B3865_001   0.499  -5.592  -5.093
ILE01B3866_001   0.943  -5.100  -4.157
ASN01B3867_001  -0.020  -1.127  -1.148
ARG01B3868_0011190.293  -5.8291184.465
ARG02B3868_0021190.276  -5.8291184.448
ARG03B3868_0031190.309  -5.8291184.480
ARG03B3868_004 189.344  -5.829 183.516
ARG+1B3868_0051190.243  -5.8291184.415
GLN01B3869_001   0.454  -1.895  -1.441
ASN01B3870_001  -0.019  -0.248  -0.267
GLU01B3872_001   0.499  -3.919  -3.420
GLU01B3872_002   0.499  -3.919  -3.420
GLU02B3872_003   0.666  -3.952  -3.285
GLU02B3872_004   0.666  -3.952  -3.285
GLU-1B3872_005   0.468  -3.833  -3.365
LYS01B3873_001   1.449  -3.426  -1.977
LYS+1B3873_002   1.402  -3.426  -2.025
VAL01B3874_001   0.825   0.000   0.825
MET01B3875_001   0.093   0.000   0.093
ALA01B3876_001   0.000  -1.046  -1.046
ASP01B3877_001   0.138  -0.145  -0.007
ASP01B3877_002   0.138  -0.145  -0.007
ASP02B3877_003   0.227  -0.246  -0.020
ASP02B3877_004   0.227  -0.246  -0.020
ASP-1B3877_005   0.132  -0.172  -0.040
ASP01B3878_001   0.097  -1.414  -1.317
ASP01B3878_002   0.097  -1.414  -1.317
ASP02B3878_003   0.174  -1.478  -1.304
ASP02B3878_004   0.174  -1.478  -1.304
ASP-1B3878_005   0.092  -1.399  -1.307
GLU01B3879_001   0.499  -3.653  -3.154
GLU01B3879_002   0.499  -3.653  -3.154
GLU02B3879_003   0.665  -3.577  -2.912
GLU02B3879_004   0.665  -3.577  -2.912
GLU-1B3879_005   0.468  -3.535  -3.068
PHE01B3880_001   5.202  -1.062   4.140
THR01B3881_001   0.231   0.000   0.231
THR01B3881_002   0.231   0.000   0.231
THR01B3881_003   0.231   0.000   0.231
GLN01B3882_001   3.035  -1.629   1.406
GLN01B3882_002   5.058  -1.457   3.601
ASP01B3883_001   0.450  -0.543  -0.093
ASP01B3883_002   0.450  -0.543  -0.093
ASP02B3883_003   0.475  -0.551  -0.077
ASP02B3883_004   0.475  -0.551  -0.077
ASP-1B3883_005   0.377  -0.551  -0.174
LEU01B3884_001   2.237   0.000   2.237
PHE01B3885_001   5.380   0.000   5.380
ARG01B3886_001   2.488  -4.725  -2.237
ARG02B3886_002   2.445  -4.725  -2.280
ARG03B3886_003   2.452  -4.725  -2.274
ARG+1B3886_004   2.407  -4.725  -2.319
PHE01B3887_001   5.540  -0.455   5.084
LEU01B3888_001   2.345  -0.206   2.139
GLN01B3889_001   3.533  -0.787   2.746
GLN01B3889_002   5.828  -0.916   4.912
LEU01B3890_001   3.145  -0.325   2.819
LEU01B3891_001   2.932  -0.480   2.452
CYS01B3892_001  -0.002   0.000  -0.002
CYS01B3892_002  -0.002   0.000  -0.002
CYS01B3892_003  -0.003   0.000  -0.003
CYS-1B3892_004   0.000   0.000   0.000
GLU01B3893_001   1.717  -0.693   1.023
GLU01B3893_002   1.717  -0.693   1.023
GLU02B3893_003   1.461  -0.696   0.764
GLU02B3893_004   1.461  -0.696   0.764
GLU-1B3893_005   1.345  -0.685   0.661
HIS01B3895_001  -0.108  -2.576  -2.683
HIS02B3895_002  -0.127  -2.576  -2.703
HIS+1B3895_003  -0.154  -2.576  -2.730
ASN01B3896_001   0.126  -0.709  -0.583
ASN01B3896_002   0.362  -0.620  -0.258
ASN01B3897_001   0.540  -2.116  -1.576
ASN01B3897_002   0.224  -1.885  -1.661
ASP01B3898_001   0.028  -1.782  -1.754
ASP01B3898_002   0.028  -1.782  -1.754
ASP02B3898_003   0.087  -1.885  -1.798
ASP02B3898_004   0.087  -1.885  -1.798
ASP-1B3898_005   0.027  -1.782  -1.755
PHE01B3899_001   6.086  -0.101   5.985
GLN01B3900_001   1.401   0.000   1.401
GLN01B3900_002   2.256   0.000   2.256
ASN01B3901_001   0.663  -1.709  -1.046
TYR01B3902_001   5.951  -0.406   5.545
TYR-1B3902_002   5.951  -0.406   5.545
LEU01B3903_001   2.182  -0.052   2.130
ARG01B3904_001   4.047  -3.179   0.868
ARG02B3904_002   4.011  -3.179   0.832
ARG02B3904_003   4.016  -3.179   0.837
ARG03B3904_004   4.022  -3.179   0.842
ARG03B3904_005   4.008  -3.179   0.828
ARG+1B3904_006   3.972  -3.179   0.793
THR01B3905_001   0.193  -2.552  -2.359
THR01B3905_002   0.193  -2.552  -2.359
GLN01B3906_001   3.079   0.000   3.079
THR01B3907_001   0.265  -5.901  -5.636
ASN01B3909_001   0.622  -0.207   0.415
ASN01B3909_002   0.332  -0.276   0.056
THR01B3910_001   0.197  -6.476  -6.279
THR01B3911_001   0.212  -4.324  -4.111
THR01B3912_001   0.311  -2.618  -2.307
THR01B3912_002   0.311  -2.618  -2.307
ILE01B3913_001   1.395  -0.206   1.189
ASN01B3914_001   0.173  -0.485  -0.312
ILE01B3915_001   1.735  -0.103   1.632
ILE01B3916_001   2.731   0.000   2.731
ILE01B3917_001   7.767  -5.624   2.143
CYS01B3918_001  -0.002  -1.430  -1.432
CYS01B3918_002  -0.002  -1.430  -1.432
CYS01B3918_003  -0.003  -1.430  -1.433
CYS-1B3918_004   0.000  -1.430  -1.430
THR01B3919_001   0.402   0.000   0.402
THR01B3919_002   0.402   0.000   0.402
THR01B3919_003   0.402   0.000   0.402
VAL01B3920_001   0.720  -0.206   0.514
ASP01B3921_001   0.472  -1.359  -0.887
ASP01B3921_002   0.472  -1.359  -0.887
ASP02B3921_003   0.491  -1.336  -0.845
ASP02B3921_004   0.491  -1.336  -0.845
ASP-1B3921_005   0.393  -1.206  -0.813
TYR01B3922_001   4.768  -0.052   4.717
TYR01B3922_002   4.768  -0.052   4.717
TYR-1B3922_003   4.768  -0.052   4.717
LEU01B3923_001   2.464   0.000   2.464
LEU01B3924_001   2.099  -2.144  -0.045
ARG01B3925_001   2.786  -5.033  -2.246
ARG02B3925_002   2.755  -5.033  -2.278
ARG03B3925_003   2.748  -5.033  -2.285
ARG+1B3925_004   2.709  -5.033  -2.324
LEU01B3926_001   1.964   0.000   1.964
GLN01B3927_001   2.418  -0.413   2.004
GLN01B3927_002   3.993  -0.335   3.658
GLU01B3928_001   4.132  -3.065   1.067
GLU01B3928_002   4.132  -3.065   1.067
GLU02B3928_003   3.296  -3.082   0.214
GLU02B3928_004   3.296  -3.082   0.214
GLU-1B3928_005   3.239  -3.011   0.228
SER01B3929_001   0.000  -0.144  -0.144
SER01B3929_002   0.000  -0.144  -0.144
ILE01B3930_001   3.126  -0.361   2.766
SER01B3931_001   0.000  -0.853  -0.853
SER01B3931_002   0.000  -0.853  -0.853
ASP01B3932_001   0.144  -1.879  -1.734
ASP01B3932_002   0.144  -1.879  -1.734
ASP02B3932_003   0.223  -1.856  -1.633
ASP02B3932_004   0.223  -1.856  -1.633
ASP-1B3932_005   0.135  -1.878  -1.743
PHE01B3933_001   5.255   0.000   5.255
TYR01B3934_001   4.921  -1.367   3.554
TYR-1B3934_002   4.921  -1.367   3.554
TRP01B3935_001   3.882  -9.194  -5.312
TYR01B3936_001   5.719  -4.043   1.676
TYR01B3936_002   5.719  -4.043   1.676
TYR-1B3936_003   5.719  -4.043   1.676
TYR01B3937_001   5.981   0.000   5.981
TYR01B3937_002   5.981   0.000   5.981
TYR-1B3937_003   5.981   0.000   5.981
SER01B3938_001   0.000  -0.980  -0.980
SER01B3938_002   0.000  -0.980  -0.980
SER01B3938_003   0.000  -0.980  -0.980
LYS01B3940_001   1.290  -3.917  -2.626
LYS+1B3940_002   1.245  -3.917  -2.672
ASP01B3941_001   0.074  -2.965  -2.891
ASP01B3941_002   0.074  -2.965  -2.891
ASP02B3941_003   0.143  -2.885  -2.741
ASP02B3941_004   0.143  -2.885  -2.741
ASP-1B3941_005   0.069  -2.902  -2.833
VAL01B3942_001   0.531  -4.803  -4.273
ILE01B3943_001   2.324   0.000   2.324
GLU01B3944_001   0.986  -2.355  -1.369
GLU01B3944_002   0.986  -2.355  -1.369
GLU02B3944_003   0.915  -2.506  -1.591
GLU02B3944_004   0.915  -2.506  -1.591
GLU-1B3944_005   0.783  -2.317  -1.534
GLU01B3945_001   4.145  -2.728   1.417
GLU01B3945_002   4.145  -2.728   1.417
GLU02B3945_003   3.325  -2.860   0.466
GLU02B3945_004   3.325  -2.860   0.466
GLU-1B3945_005   3.252  -2.746   0.506
GLN01B3946_001   0.949  -0.432   0.517
LYS01B3948_001   0.702  -1.235  -0.533
LYS+1B3948_002   0.659  -1.235  -0.576
ARG01B3949_001   3.113  -5.676  -2.563
ARG02B3949_002   3.093  -5.676  -2.583
ARG03B3949_003   3.168  -5.676  -2.508
ARG+1B3949_004   3.050  -5.676  -2.627
ASN01B3950_001   0.560   0.000   0.560
ASN01B3950_002   0.296  -0.039   0.257
PHE01B3951_001   6.159   0.000   6.159
SER01B3952_001   0.000  -1.771  -1.771
SER01B3952_002   0.000  -1.771  -1.771
SER01B3952_003   0.000  -1.771  -1.771
LYS01B3953_001   1.912  -2.217  -0.305
LYS+1B3953_002   1.866  -2.217  -0.352
ALA01B3954_001   0.000   0.000   0.000
MET01B3955_001   2.617   0.000   2.617
SER01B3956_001   0.000  -1.832  -1.832
SER01B3956_002   0.000  -1.832  -1.832
VAL01B3957_001   0.834   0.000   0.834
ALA01B3958_001   0.000   0.000   0.000
LYS01B3959_001  14.873  -3.157  11.716
LYS+1B3959_002  14.834  -3.157  11.676
GLN01B3960_001   1.275  -0.586   0.690
GLN01B3960_002   1.469  -0.709   0.760
VAL01B3961_001   0.710   0.000   0.710
PHE01B3962_001   5.841   0.000   5.841
ASN01B3963_001   0.627  -1.102  -0.475
ASN01B3963_002   0.313  -1.058  -0.745
SER01B3964_001   0.000   0.000   0.000
SER01B3964_002   0.000   0.000   0.000
SER01B3964_003   0.000   0.000   0.000
LEU01B3965_001   5.112   0.000   5.112
THR01B3966_001   0.295  -0.550  -0.255
THR01B3966_002   0.295  -0.550  -0.255
GLU01B3967_001   2.243  -0.276   1.967
GLU01B3967_002   2.243  -0.276   1.967
GLU02B3967_003   1.840  -0.290   1.550
GLU02B3967_004   1.840  -0.290   1.550
GLU-1B3967_005   1.751  -0.276   1.475
TYR01B3968_001   5.542   0.000   5.542
TYR-1B3968_002   5.542   0.000   5.542
ILE01B3969_001   5.376   0.000   5.376
GLN01B3970_001   3.220  -0.389   2.831
GLN01B3970_002   5.157  -0.394   4.763
PRO01B3972_001   0.311  -3.419  -3.108
CYS01B3973_001  -0.002  -0.071  -0.073
CYS01B3973_002  -0.002  -0.071  -0.073
CYS01B3973_003  -0.002  -0.071  -0.074
CYS-1B3973_004   0.000  -0.071  -0.071
THR01B3974_001   0.412  -5.454  -5.043
ASN01B3976_001   0.284   0.000   0.284
ASN01B3976_002   0.088   0.000   0.088
GLN01B3977_001   2.324  -0.116   2.208
GLN01B3977_002   3.677  -0.210   3.467
GLN01B3978_001   1.460  -1.781  -0.322
GLN01B3978_002   1.064  -1.761  -0.697
SER01B3979_001   0.000  -1.239  -1.239
LEU01B3980_001   2.969  -0.052   2.918
ALA01B3981_001   0.000  -0.206  -0.206
HIS01B3982_001  -0.155  -7.494  -7.650
HIS01B3982_002  -0.106  -8.010  -8.117
HIS02B3982_003  -0.174  -7.494  -7.669
HIS02B3982_004  -0.120  -8.010  -8.130
HIS+1B3982_005  -0.201  -7.494  -7.696
HIS+1B3982_006  -0.146  -8.010  -8.156
SER01B3983_001   0.000  -0.048  -0.048
SER01B3983_002   0.000  -0.048  -0.048
ARG01B3984_001   1.578  -7.954  -6.376
ARG02B3984_002   1.536  -7.954  -6.417
ARG03B3984_003   1.537  -7.954  -6.416
ARG+1B3984_004   1.493  -7.954  -6.461
LEU01B3985_001   3.174  -0.103   3.071
TRP01B3986_001   4.269  -1.669   2.600
ASP01B3987_001   0.092  -2.554  -2.462
ASP01B3987_002   0.092  -2.554  -2.462
ASP02B3987_003   0.166  -2.481  -2.315
ASP02B3987_004   0.166  -2.481  -2.315
ASP-1B3987_005   0.087  -2.390  -2.304
ALA01B3988_001   0.000   0.000   0.000
VAL01B3989_001   1.277  -0.103   1.174
VAL01B3990_001   0.780  -1.423  -0.643
PHE01B3992_001   5.959  -0.101   5.858
LEU01B3993_001   2.849  -1.082   1.767
HIS01B3994_001  -0.128  -3.974  -4.102
HIS02B3994_002  -0.147  -3.974  -4.121
HIS+1B3994_003  -0.174  -3.974  -4.148
VAL01B3995_001   0.630   0.000   0.630
PHE01B3996_001   5.205  -0.051   5.155
ALA01B3997_001   0.000   0.000   0.000
HIS01B3998_001  -0.115  -2.302  -2.418
HIS02B3998_002  -0.135  -2.302  -2.437
HIS+1B3998_003  -0.162  -2.302  -2.464
MET01B3999_001  -0.056   0.000  -0.056
MET01B4000_001   1.384   0.000   1.384
MET01B4001_001  -0.031  -1.821  -1.852
LYS01B4002_001   1.256  -1.175   0.081
LYS+1B4002_002   1.211  -1.175   0.036
LEU01B4003_001   2.956  -0.052   2.904
ALA01B4004_001   0.000  -0.258  -0.258
GLN01B4005_001   1.553  -1.742  -0.189
GLN01B4005_002   2.468  -1.723   0.746
ASP01B4006_001   0.082  -1.350  -1.268
ASP01B4006_002   0.082  -1.350  -1.268
ASP02B4006_003   0.159  -1.269  -1.111
ASP02B4006_004   0.159  -1.269  -1.111
ASP-1B4006_005   0.080  -1.301  -1.221
SER01B4007_001   0.000  -3.638  -3.638
SER01B4007_002   0.000  -3.638  -3.638
SER01B4008_001   0.000  -3.497  -3.497
SER01B4008_002   0.000  -3.497  -3.497
GLN01B4009_001   2.097  -0.074   2.023
ILE01B4010_001   1.162  -2.833  -1.671
GLU01B4011_001   5.999  -2.992   3.007
GLU01B4011_002   5.999  -2.992   3.007
GLU02B4011_003   4.838  -2.989   1.849
GLU02B4011_004   4.838  -2.989   1.849
GLU-1B4011_005   4.749  -2.920   1.829
LEU01B4012_001   1.617  -0.258   1.359
LEU01B4013_001   2.452  -0.464   1.988
LYS01B4014_001   3.717  -5.653  -1.936
LYS+1B4014_002   3.671  -5.653  -1.981
GLU01B4015_001   5.338  -1.168   4.169
GLU01B4015_002   5.338  -1.168   4.169
GLU02B4015_003   4.316  -1.151   3.164
GLU02B4015_004   4.316  -1.151   3.164
GLU-1B4015_005   4.238  -1.158   3.079
LEU01B4016_001   3.091   0.000   3.091
LEU01B4017_001   1.864  -0.258   1.606
ASP01B4018_001   0.209  -1.108  -0.899
ASP01B4018_002   0.209  -1.108  -0.899
ASP02B4018_003   0.309  -1.151  -0.842
ASP02B4018_004   0.309  -1.151  -0.842
ASP-1B4018_005   0.200  -1.141  -0.942
LEU01B4019_001   1.716  -0.206   1.510
GLN01B4020_001   5.262  -0.118   5.144
LYS01B4021_001   2.742  -3.873  -1.130
LYS+1B4021_002   2.695  -3.873  -1.177
ASP01B4022_001   0.153  -1.102  -0.949
ASP01B4022_002   0.153  -1.102  -0.949
ASP02B4022_003   0.235  -1.057  -0.822
ASP02B4022_004   0.235  -1.057  -0.822
ASP-1B4022_005   0.144  -1.034  -0.890
MET01B4023_001   0.002  -0.071  -0.070
VAL01B4024_001   1.029  -0.567   0.462
VAL01B4025_001   0.936  -3.091  -2.154
MET01B4026_001   0.580   0.000   0.580
LEU01B4027_001   1.098  -0.412   0.686
LEU01B4028_001   1.980  -2.369  -0.389
SER01B4029_001   0.000  -0.241  -0.241
SER01B4029_002   0.000  -0.241  -0.241
LEU01B4030_001   2.396  -0.325   2.070
LEU01B4031_001   3.433  -0.412   3.020
GLU01B4032_001   2.633  -0.013   2.620
GLU01B4032_002   2.633  -0.013   2.620
GLU02B4032_003   2.084  -0.013   2.071
GLU02B4032_004   2.084  -0.013   2.071
GLU-1B4032_005   2.018  -0.013   2.005
ASN01B4034_001  -0.014  -0.276  -0.289
ASN01B4034_002   0.144  -0.379  -0.235
VAL01B4035_001   1.295  -3.709  -2.413
VAL01B4036_001   1.740  -0.634   1.106
ASN01B4037_001   0.636  -1.005  -0.369
ASN01B4037_002   0.353  -1.050  -0.697
MET01B4039_001   0.784  -5.203  -4.419
ILE01B4040_001   2.667  -0.618   2.049
ALA01B4041_001   0.000   0.000   0.000
ARG01B4042_001   7.350  -7.357  -0.007
ARG02B4042_002   7.267  -7.357  -0.090
ARG03B4042_003   7.266  -7.357  -0.091
ARG+1B4042_004   7.221  -7.357  -0.136
GLN01B4043_001   2.418  -1.253   1.165
GLN01B4043_002   3.896  -1.305   2.591
MET01B4044_001   0.189  -0.048   0.141
VAL01B4045_001   0.984  -0.103   0.881
ASP01B4046_001   0.145  -2.130  -1.985
ASP01B4046_002   0.145  -2.130  -1.985
ASP02B4046_003   0.234  -2.219  -1.985
ASP02B4046_004   0.234  -2.219  -1.985
ASP-1B4046_005   0.139  -2.136  -1.998
MET01B4047_001  21.388  -0.191  21.197
LEU01B4048_001   1.925  -0.464   1.462
VAL01B4049_001   0.810  -2.862  -2.052
GLU01B4050_001   8.995  -2.137   6.858
GLU01B4050_002   8.995  -2.137   6.858
GLU02B4050_003   7.158  -2.274   4.884
GLU02B4050_004   7.158  -2.274   4.884
GLU-1B4050_005   7.113  -2.106   5.007
SER01B4051_001   0.000   0.000   0.000
SER01B4052_001   0.000  -0.897  -0.897
SER01B4052_002   0.000  -0.897  -0.897
SER01B4053_001   0.000  -4.134  -4.134
ASN01B4054_001   0.382  -0.655  -0.272
ASN01B4054_002   0.519  -0.723  -0.204
VAL01B4055_001   0.698  -0.737  -0.040
GLU01B4056_001   5.999  -1.843   4.156
GLU01B4056_002   5.999  -1.843   4.156
GLU02B4056_003   4.829  -1.872   2.957
GLU02B4056_004   4.829  -1.872   2.957
GLU-1B4056_005   4.750  -1.757   2.993
MET01B4057_001  -0.004  -2.712  -2.717
ILE01B4058_001   2.248  -0.670   1.579
LEU01B4059_001   2.029  -0.103   1.926
LYS01B4060_001   1.533  -4.934  -3.401
LYS+1B4060_002   1.486  -4.934  -3.447
PHE01B4061_001   4.953  -0.404   4.549
PHE01B4062_001   5.022  -0.051   4.971
ASP01B4063_001   0.353  -0.620  -0.267
ASP01B4063_002   0.353  -0.620  -0.267
ASP02B4063_003   0.418  -0.724  -0.307
ASP02B4063_004   0.418  -0.724  -0.307
ASP-1B4063_005   0.311  -0.620  -0.310
MET01B4064_001   0.823  -0.702   0.120
PHE01B4065_001   7.365  -0.052   7.314
LEU01B4066_001   1.792  -0.103   1.689
LYS01B4067_001   2.870  -1.286   1.584
LYS+1B4067_002   2.822  -1.286   1.536
LEU01B4068_001   1.478  -0.052   1.427
LYS01B4069_001   4.235  -5.690  -1.455
LYS+1B4069_002   4.201  -5.690  -1.489
ASP01B4070_001   0.140  -1.282  -1.142
ASP01B4070_002   0.140  -1.282  -1.142
ASP02B4070_003   0.215  -1.301  -1.086
ASP02B4070_004   0.215  -1.301  -1.086
ASP-1B4070_005   0.130  -1.283  -1.154
ILE01B4071_001  11.513  -0.444  11.069
VAL01B4072_001   0.624  -0.464   0.160
SER01B4074_001   0.000  -1.804  -1.804
GLU01B4075_001   1.291  -3.089  -1.798
GLU01B4075_002   1.291  -3.089  -1.798
GLU02B4075_003   1.074  -3.138  -2.064
GLU02B4075_004   1.074  -3.138  -2.064
GLU-1B4075_005   0.983  -2.991  -2.008
ALA01B4076_001   0.000  -2.833  -2.833
PHE01B4077_001   4.881   0.000   4.881
GLN01B4078_001   0.689  -1.688  -0.999
GLN01B4078_002   0.623  -1.549  -0.926
ASP01B4079_001   0.132  -2.562  -2.430
ASP01B4079_002   0.132  -2.562  -2.430
ASP02B4079_003   0.212  -2.607  -2.395
ASP02B4079_004   0.212  -2.607  -2.395
ASP-1B4079_005   0.124  -2.537  -2.412
TYR01B4080_001   6.261  -1.024   5.237
TYR01B4080_002   6.261  -1.024   5.237
TYR-1B4080_003   6.261  -1.024   5.237
VAL01B4081_001   0.909  -0.361   0.548
THR01B4082_001   0.185  -6.292  -6.107
ASP01B4083_001   0.343  -0.866  -0.523
ASP01B4083_002   0.343  -0.866  -0.523
ASP02B4083_003   0.454  -0.798  -0.344
ASP02B4083_004   0.454  -0.798  -0.344
ASP-1B4083_005   0.322  -0.792  -0.470
PRO01B4084_001   0.250  -6.582  -6.331
ARG01B4085_001   2.634  -7.551  -4.917
ARG02B4085_002   2.557  -7.551  -4.994
ARG02B4085_003   2.617  -7.551  -4.934
ARG03B4085_004   2.552  -7.551  -4.999
ARG+1B4085_005   2.512  -7.551  -5.039
LEU01B4087_001   2.313  -4.118  -1.805
ILE01B4088_001   8.976   0.000   8.976
SER01B4089_001   0.000  -1.872  -1.872
SER01B4089_002   0.000  -1.872  -1.872
SER01B4089_003   0.000  -1.872  -1.872
LYS01B4090_001   4.496  -2.057   2.439
LYS+1B4090_002   4.448  -2.057   2.391
LYS01B4091_001   0.746  -8.425  -7.678
LYS+1B4091_002   0.703  -8.425  -7.722
ASP01B4092_001   0.049  -0.693  -0.644
ASP01B4092_002   0.049  -0.693  -0.644
ASP02B4092_003   0.110  -0.745  -0.634
ASP02B4092_004   0.110  -0.745  -0.634
ASP-1B4092_005   0.044  -0.706  -0.662
PHE01B4093_001   5.458  -0.051   5.407
GLN01B4094_001   1.161  -1.245  -0.084
GLN01B4094_002   1.450  -1.245   0.206
LYS01B4095_001   3.706  -6.167  -2.461
LYS+1B4095_002   3.658  -6.167  -2.509
ALA01B4096_001   0.000   0.000   0.000
MET01B4097_001   0.018  -0.143  -0.125
ASP01B4098_001   0.463  -2.753  -2.290
ASP01B4098_002   0.463  -2.753  -2.290
ASP02B4098_003   0.498  -2.798  -2.301
ASP02B4098_004   0.498  -2.798  -2.301
ASP-1B4098_005   0.392  -2.756  -2.364
SER01B4099_001   0.000  -2.029  -2.029
SER01B4099_002   0.000  -2.029  -2.029
SER01B4099_003   0.000  -2.029  -2.029
GLN01B4100_001   3.601  -0.895   2.705
LYS01B4101_001   1.171 -10.559  -9.388
LYS+1B4101_002   1.120 -10.559  -9.439
GLN01B4102_001   1.588  -1.742  -0.154
GLN01B4102_002   2.438  -1.917   0.521
PHE01B4103_001   5.345  -0.068   5.278
THR01B4104_001   0.267  -4.261  -3.994
THR01B4104_002   0.267  -4.261  -3.994
PRO01B4106_001   0.299  -6.270  -5.970
GLU01B4107_001   2.508  -1.264   1.244
GLU01B4107_002   2.508  -1.264   1.244
GLU02B4107_003   2.008  -1.343   0.666
GLU02B4107_004   2.008  -1.343   0.666
GLU-1B4107_005   1.928  -1.288   0.640
ILE01B4108_001   2.445  -0.206   2.239
GLN01B4109_001   0.763  -2.312  -1.550
GLN01B4109_002   0.674  -2.370  -1.697
PHE01B4110_001   5.444  -0.444   4.999
LEU01B4111_001   2.123  -0.258   1.866
LEU01B4112_001   1.427  -0.412   1.015
SER01B4113_001   0.000  -1.454  -1.454
SER01B4113_002   0.000  -1.454  -1.454
CYS01B4114_001  -0.002  -0.143  -0.145
CYS01B4114_002  -0.002  -0.143  -0.145
CYS01B4114_003  -0.003  -0.143  -0.145
CYS-1B4114_004   0.000  -0.143  -0.143
SER01B4115_001   0.000   0.000   0.000
SER01B4115_002   0.000   0.000   0.000
GLU01B4116_001   1.688  -1.779  -0.091
GLU01B4116_002   1.688  -1.779  -0.091
GLU02B4116_003   1.388  -1.697  -0.309
GLU02B4116_004   1.388  -1.697  -0.309
GLU-1B4116_005   1.298  -1.679  -0.382
ALA01B4117_001   0.000  -2.865  -2.865
ASP01B4118_001   0.441  -2.344  -1.903
ASP01B4118_002   0.441  -2.344  -1.903
ASP02B4118_003   0.503  -2.348  -1.844
ASP02B4118_004   0.503  -2.348  -1.844
ASP-1B4118_005   0.386  -2.253  -1.867
GLU01B4119_001   2.762  -3.847  -1.085
GLU01B4119_002   2.762  -3.847  -1.085
GLU02B4119_003   2.298  -3.778  -1.479
GLU02B4119_004   2.298  -3.778  -1.479
GLU-1B4119_005   2.183  -3.665  -1.482
ASN01B4120_001   0.062  -1.532  -1.470
ASN01B4120_002   0.248  -1.818  -1.569
GLU01B4121_001   4.231  -2.830   1.400
GLU01B4121_002   4.231  -2.830   1.400
GLU02B4121_003   3.384  -2.697   0.687
GLU02B4121_004   3.384  -2.697   0.687
GLU-1B4121_005   3.321  -2.618   0.703
MET01B4122_001   0.141  -0.912  -0.771
ILE01B4123_001   2.641   0.000   2.641
ASN01B4124_001   0.118  -1.860  -1.743
ASN01B4124_002  -0.027  -1.619  -1.646
PHE01B4125_001   5.129  -1.482   3.646
GLU01B4126_001   0.498  -3.393  -2.895
GLU01B4126_002   0.498  -3.393  -2.895
GLU02B4126_003   0.665  -3.342  -2.677
GLU02B4126_004   0.665  -3.342  -2.677
GLU-1B4126_005   0.467  -3.265  -2.798
GLU01B4127_001   3.039  -1.961   1.078
GLU01B4127_002   3.039  -1.961   1.078
GLU02B4127_003   2.458  -2.009   0.450
GLU02B4127_004   2.458  -2.009   0.450
GLU-1B4127_005   2.376  -1.941   0.435
PHE01B4128_001   5.499   0.000   5.499
ALA01B4129_001   0.000   0.000   0.000
ASN01B4130_001   0.492  -1.690  -1.199
ASN01B4130_002   0.231  -1.728  -1.496
ARG01B4131_001   1.720  -0.930   0.790
ARG02B4131_002   1.685  -0.930   0.755
ARG02B4131_003   1.762  -0.930   0.832
ARG03B4131_004   1.677  -0.930   0.747
ARG03B4131_005   1.682  -0.930   0.752
ARG+1B4131_006   1.638  -0.930   0.708
PHE01B4132_001   5.778  -0.102   5.676
GLN01B4133_001   2.031  -0.288   1.743
GLN01B4133_002   1.366  -0.284   1.082
GLU01B4134_001   4.952  -2.397   2.556
GLU01B4134_002   4.952  -2.397   2.556
GLU02B4134_003   3.989  -2.329   1.660
GLU02B4134_004   3.989  -2.329   1.660
GLU-1B4134_005   3.907  -2.303   1.605
PRO01B4135_001   0.359  -1.046  -0.687
ALA01B4136_001   0.000  -0.103  -0.103
ARG01B4137_001   6.671  -4.403   2.268
ARG02B4137_002   6.621  -4.403   2.218
ARG03B4137_003   6.715  -4.403   2.312
ARG+1B4137_004   6.574  -4.403   2.172
ASP01B4138_001   0.151  -1.664  -1.513
ASP01B4138_002   0.151  -1.664  -1.513
ASP02B4138_003   0.230  -1.636  -1.406
ASP02B4138_004   0.230  -1.636  -1.406
ASP-1B4138_005   0.141  -1.649  -1.509
ILE01B4139_001   3.929  -0.103   3.826
PHE01B4141_001   5.044  -0.355   4.689
ASN01B4142_001   0.537  -0.620  -0.084
ASN01B4142_002   0.274  -0.689  -0.415
VAL01B4143_001   0.527  -1.236  -0.709
ALA01B4144_001   0.000  -0.103  -0.103
VAL01B4145_001   0.559  -0.309   0.250
LEU01B4146_001   2.251  -0.650   1.601
LEU01B4147_001   3.333  -0.258   3.075
THR01B4148_001   0.222  -0.567  -0.344
THR01B4148_002   0.222  -0.567  -0.344
THR01B4148_003   0.222  -0.567  -0.344
ASN01B4149_001   0.255  -0.079   0.176
LEU01B4150_001   1.897   0.000   1.897
SER01B4151_001   0.000  -1.152  -1.152
SER01B4151_002   0.000  -1.152  -1.152
GLU01B4152_001   4.578  -0.511   4.067
GLU01B4152_002   4.578  -0.511   4.067
GLU02B4152_003   3.649  -0.549   3.100
GLU02B4152_004   3.649  -0.549   3.100
GLU-1B4152_005   3.592  -0.473   3.119
HIS01B4153_001  -0.074  -0.290  -0.364
HIS02B4153_002  -0.094  -0.290  -0.384
HIS+1B4153_003  -0.121  -0.290  -0.412
VAL01B4154_001   0.831  -1.664  -0.834
PRO01B4155_001   0.341  -1.641  -1.301
HIS01B4156_001  -0.179  -6.270  -6.448
HIS01B4156_002  -0.126  -6.376  -6.502
HIS02B4156_003  -0.200  -6.270  -6.469
HIS02B4156_004  -0.135  -6.376  -6.511
HIS+1B4156_005  -0.227  -6.270  -6.496
HIS+1B4156_006  -0.162  -6.376  -6.538
ASP01B4157_001   0.166  -0.866  -0.700
ASP01B4157_002   0.166  -0.866  -0.700
ASP02B4157_003   0.265  -0.789  -0.524
ASP02B4157_004   0.265  -0.789  -0.524
ASP-1B4157_005   0.162  -0.797  -0.634
PRO01B4158_001   0.291  -6.493  -6.202
ARG01B4159_001   9.445  -6.627   2.818
ARG02B4159_002   9.537  -6.627   2.909
ARG02B4159_003   9.545  -6.627   2.918
ARG03B4159_004   9.601  -6.627   2.973
ARG+1B4159_005   9.497  -6.627   2.870
LEU01B4160_001   2.028   0.000   2.028
ARG01B4161_001   2.371  -7.573  -5.202
ARG02B4161_002   2.393  -7.573  -5.181
ARG03B4161_003   2.331  -7.573  -5.242
ARG+1B4161_004   2.288  -7.573  -5.285
ASN01B4162_001   0.349  -1.792  -1.442
ASN01B4162_002   0.107  -1.772  -1.665
PHE01B4163_001   5.675  -0.305   5.370
LEU01B4164_001   1.495  -1.391   0.105
GLU01B4165_001   5.789  -3.246   2.543
GLU01B4165_002   5.789  -3.246   2.543
GLU02B4165_003   4.628  -3.212   1.417
GLU02B4165_004   4.628  -3.212   1.417
GLU-1B4165_005   4.561  -3.122   1.439
LEU01B4166_001   2.352  -2.524  -0.172
ALA01B4167_001   0.000   0.000   0.000
GLU01B4168_001   2.498  -1.838   0.660
GLU01B4168_002   2.498  -1.838   0.660
GLU02B4168_003   2.215  -1.802   0.414
GLU02B4168_004   2.215  -1.802   0.414
GLU-1B4168_005   2.033  -1.777   0.256
SER01B4169_001   0.000  -1.479  -1.479
SER01B4169_002   0.000  -1.479  -1.479
SER01B4169_003   0.000  -1.479  -1.479
ILE01B4170_001   4.036   0.000   4.036
LEU01B4171_001   1.433  -1.751  -0.318
GLU01B4172_001   1.331  -2.564  -1.233
GLU01B4172_002   1.331  -2.564  -1.233
GLU02B4172_003   1.169  -2.328  -1.159
GLU02B4172_004   1.169  -2.328  -1.159
GLU-1B4172_005   1.045  -2.325  -1.280
TYR01B4173_001   5.430  -3.217   2.214
TYR-1B4173_002   5.430  -3.217   2.214
PHE01B4174_001   5.589  -0.202   5.387
ARG01B4175_001   4.759  -6.629  -1.870
ARG02B4175_002   4.720  -6.629  -1.909
ARG02B4175_003   4.725  -6.629  -1.904
ARG03B4175_004   4.730  -6.629  -1.899
ARG+1B4175_005   4.679  -6.629  -1.950
PRO01B4176_001   0.499  -2.359  -1.860
TYR01B4177_001   5.853  -1.573   4.280
TYR-1B4177_002   5.853  -1.573   4.280
LEU01B4178_001   3.105  -1.236   1.869
ARG01B4180_001   2.541  -2.962  -0.421
ARG02B4180_002   2.504  -2.962  -0.458
ARG02B4180_003   2.564  -2.962  -0.398
ARG03B4180_004   2.502  -2.962  -0.460
ARG+1B4180_005   2.459  -2.962  -0.504
ILE01B4181_001   2.855  -0.052   2.803
GLU01B4182_001   4.466   0.000   4.466
GLU01B4182_002   4.466   0.000   4.466
GLU02B4182_003   3.558   0.000   3.558
GLU02B4182_004   3.558   0.000   3.558
GLU-1B4182_005   3.498   0.000   3.498
ILE01B4183_001   1.722   0.000   1.722
MET01B4184_001   2.235  -2.554  -0.320
ALA01B4186_001   0.000  -2.968  -2.968
SER01B4187_001   0.000  -0.452  -0.452
SER01B4187_002   0.000  -0.452  -0.452
ARG01B4188_001   1.763  -9.164  -7.401
ARG02B4188_002   1.751  -9.164  -7.413
ARG03B4188_003   1.741  -9.164  -7.424
ARG+1B4188_004   1.701  -9.164  -7.463
ARG01B4189_001   3.754  -3.942  -0.188
ARG02B4189_002   3.733  -3.942  -0.209
ARG03B4189_003   3.724  -3.942  -0.218
ARG+1B4189_004   3.684  -3.942  -0.258
ILE01B4190_001   4.016  -0.187   3.829
GLU01B4191_001   2.252  -0.383   1.869
GLU01B4191_002   2.252  -0.383   1.869
GLU02B4191_003   1.778  -0.360   1.418
GLU02B4191_004   1.778  -0.360   1.418
GLU-1B4191_005   1.722  -0.345   1.377
ARG01B4192_001   6.218  -0.260   5.957
ARG02B4192_002   6.148  -0.260   5.888
ARG02B4192_003   6.155  -0.260   5.894
ARG03B4192_004   6.156  -0.260   5.896
ARG03B4192_005   6.224  -0.260   5.964
ARG+1B4192_006   6.109  -0.260   5.848
ILE01B4193_001   7.813  -1.165   6.648
TYR01B4194_001   6.210  -1.174   5.036
TYR01B4194_002   6.210  -1.174   5.036
TYR-1B4194_003   6.210  -1.174   5.036
PHE01B4195_001   6.385   0.000   6.385
GLU01B4196_001   6.746  -1.317   5.429
GLU01B4196_002   6.746  -1.317   5.429
GLU02B4196_003   5.410  -1.439   3.970
GLU02B4196_004   5.410  -1.439   3.970
GLU-1B4196_005   5.352  -1.378   3.974
ILE01B4197_001   7.121  -0.155   6.967
SER01B4198_001   0.000  -2.731  -2.731
SER01B4198_002   0.000  -2.731  -2.731
GLU01B4199_001   1.893  -1.867   0.026
GLU01B4199_002   1.893  -1.867   0.026
GLU02B4199_003   1.621  -2.011  -0.390
GLU02B4199_004   1.621  -2.011  -0.390
GLU-1B4199_005   1.497  -1.820  -0.324
THR01B4200_001   0.334  -4.553  -4.218
THR01B4200_002   0.334  -4.553  -4.218
ASN01B4201_001   0.241  -0.719  -0.478
ASN01B4201_002   0.500  -0.694  -0.194
ARG01B4202_001   5.798  -3.651   2.147
ARG02B4202_002   5.837  -3.651   2.185
ARG03B4202_003   5.748  -3.651   2.096
ARG+1B4202_004   5.701  -3.651   2.049
ALA01B4203_001   0.000  -3.139  -3.139
GLN01B4204_001   1.988  -1.071   0.917
GLN01B4204_002   2.826  -0.940   1.886
TRP01B4205_001   3.941  -1.503   2.439
GLU01B4206_001   1.258  -2.561  -1.303
GLU01B4206_002   1.258  -2.561  -1.303
GLU02B4206_003   1.092  -2.507  -1.415
GLU02B4206_004   1.092  -2.507  -1.415
GLU-1B4206_005   0.977  -2.506  -1.529
MET01B4207_001   0.698  -3.205  -2.506
PRO01B4208_001   0.274  -7.376  -7.102
GLN01B4209_001   0.993  -2.091  -1.098
GLN01B4209_002   0.859  -1.970  -1.111
VAL01B4210_001   0.753   0.000   0.753
LYS01B4211_001   1.332  -6.236  -4.904
LYS+1B4211_002   1.287  -6.236  -4.949
GLU01B4212_001   1.370  -2.038  -0.668
GLU01B4212_002   1.370  -2.038  -0.668
GLU02B4212_003   1.163  -2.007  -0.844
GLU02B4212_004   1.163  -2.007  -0.844
GLU-1B4212_005   1.057  -1.911  -0.855
SER01B4213_001   0.000  -2.163  -2.163
LYS01B4214_001   6.268  -0.926   5.342
LYS+1B4214_002   6.160  -0.926   5.234
ARG01B4215_001   3.918  -8.315  -4.398
ARG02B4215_002   3.943  -8.315  -4.372
ARG03B4215_003   3.864  -8.315  -4.451
ARG+1B4215_004   3.823  -8.315  -4.492
GLN01B4216_001   3.167  -3.121   0.045
GLN01B4216_002   5.095  -3.029   2.066
PHE01B4217_001   5.971  -0.864   5.107
ILE01B4218_001   3.905  -1.922   1.983
PHE01B4219_001   5.624  -2.115   3.509
ASP01B4220_001   0.395  -1.609  -1.214
ASP01B4220_002   0.395  -1.609  -1.214
ASP02B4220_003   0.534  -1.520  -0.986
ASP02B4220_004   0.534  -1.520  -0.986
ASP-1B4220_005   0.379  -1.516  -1.137
VAL01B4221_001   1.398  -0.412   0.986
VAL01B4222_001   0.864  -1.046  -0.182
ASN01B4223_001   0.276  -1.723  -1.446
GLU01B4224_001   1.946  -3.750  -1.804
GLU01B4224_002   1.946  -3.750  -1.804
GLU02B4224_003   1.717  -3.657  -1.939
GLU02B4224_004   1.717  -3.657  -1.939
GLU-1B4224_005   1.562  -3.586  -2.025
GLU01B4227_001   1.171  -4.190  -3.020
GLU01B4227_002   1.171  -4.190  -3.020
GLU02B4227_003   0.981  -4.263  -3.281
GLU02B4227_004   0.981  -4.263  -3.281
GLU-1B4227_005   0.890  -4.017  -3.127
ALA01B4228_001   0.000  -2.865  -2.865
GLU01B4229_001   4.063  -2.755   1.308
GLU01B4229_002   4.063  -2.755   1.308
GLU02B4229_003   3.348  -2.764   0.584
GLU02B4229_004   3.348  -2.764   0.584
GLU-1B4229_005   3.228  -2.653   0.575
LYS01B4230_001   2.174  -3.471  -1.297
LYS+1B4230_002   2.120  -3.471  -1.351
MET01B4231_001   0.151  -0.862  -0.712
GLU01B4232_001   5.712  -1.102   4.610
GLU01B4232_002   5.712  -1.102   4.610
GLU02B4232_003   4.714  -1.198   3.516
GLU02B4232_004   4.714  -1.198   3.516
GLU-1B4232_005   4.567  -1.106   3.461
LEU01B4233_001   3.442  -3.709  -0.267
PHE01B4234_001   5.529  -0.101   5.428
VAL01B4235_001   1.112  -0.361   0.751
SER01B4236_001   0.000  -2.253  -2.253
SER01B4236_002   0.000  -2.253  -2.253
PHE01B4237_001   6.547  -0.965   5.582
CYS01B4238_001  -0.002  -0.214  -0.216
CYS01B4238_002  -0.002  -0.214  -0.216
CYS01B4238_003  -0.003  -0.214  -0.217
CYS-1B4238_004   0.000  -0.214  -0.214
GLU01B4239_001   7.632   0.000   7.632
GLU01B4239_002   7.632   0.000   7.632
GLU02B4239_003   6.186   0.000   6.186
GLU02B4239_004   6.186   0.000   6.186
GLU-1B4239_005   6.117   0.000   6.117
ASP01B4240_001   0.097  -0.830  -0.734
ASP01B4240_002   0.097  -0.830  -0.734
ASP02B4240_003   0.173  -0.902  -0.729
ASP02B4240_004   0.173  -0.902  -0.729
ASP-1B4240_005   0.092  -0.827  -0.735
THR01B4241_001   0.302  -0.163   0.138
THR01B4241_002   0.302  -0.163   0.138
THR01B4241_003   0.302  -0.163   0.138
ILE01B4242_001   5.277  -0.309   4.968
PHE01B4243_001   6.090  -0.657   5.433
GLU01B4244_001   2.351  -0.526   1.826
GLU01B4244_002   2.351  -0.526   1.826
GLU02B4244_003   1.866  -0.502   1.365
GLU02B4244_004   1.866  -0.502   1.365
GLU-1B4244_005   1.799  -0.517   1.282
MET01B4245_001   0.175  -0.100   0.075
GLN01B4246_001   1.084  -1.965  -0.881
GLN01B4246_002   0.895  -2.157  -1.262
ILE01B4247_001   1.675  -1.201   0.474
ALA01B4248_001   0.000  -0.206  -0.206
ALA01B4249_001   0.000  -2.933  -2.933
GLN01B4250_001   3.020  -2.600   0.420
ILE01B4251_001   2.511  -1.304   1.207
SER01B4252_001   0.000  -3.231  -3.231
SER01B4252_002   0.000  -3.231  -3.231
GLU01B4253_001   0.498  -2.406  -1.907
GLU01B4253_002   0.498  -2.406  -1.907
GLU02B4253_003   0.665  -2.402  -1.737
GLU02B4253_004   0.665  -2.402  -1.737
GLU-1B4253_005   0.467  -2.334  -1.867
CTR01B4253_001  -0.021  -5.425  -5.446
CTR01B4253_002   0.106  -5.367  -5.261
CTR02B4253_003  -0.022  -5.328  -5.351
CTR02B4253_004   0.042  -5.348  -5.306
CTR-1B4253_005   0.000  -5.290  -5.290
NTR01B4540_001  -0.003  -3.015  -3.018
NTR+1B4540_002  -0.005  -3.015  -3.020
PHE01B4540_001   2.030  -3.213  -1.183
TRP01B4541_001   0.648 -14.035 -13.387
GLU01B4543_001   0.499  -3.384  -2.884
GLU01B4543_002   0.499  -3.384  -2.884
GLU02B4543_003   0.666  -3.529  -2.863
GLU02B4543_004   0.666  -3.529  -2.863
GLU-1B4543_005   0.468  -3.402  -2.934
LEU01B4544_001   1.455  -3.982  -2.527
GLU01B4545_001   0.498  -2.628  -2.130
GLU01B4545_002   0.498  -2.628  -2.130
GLU02B4545_003   0.664  -2.523  -1.859
GLU02B4545_004   0.664  -2.523  -1.859
GLU-1B4545_005   0.467  -2.576  -2.109
VAL01B4546_001   0.481  -6.191  -5.710
GLN01B4547_001   1.250  -2.951  -1.702
GLN01B4547_002   1.720  -2.775  -1.055
ARG01B4548_001   6.120  -7.002  -0.882
ARG02B4548_002   6.060  -7.002  -0.942
ARG02B4548_003   6.066  -7.002  -0.937
ARG03B4548_004   6.154  -7.002  -0.848
ARG+1B4548_005   6.020  -7.002  -0.982
VAL01B4549_001   1.287  -3.915  -2.628
LYS01B4550_001   3.783  -4.328  -0.546
LYS+1B4550_002   3.688  -4.328  -0.640
PHE01B4551_001   4.911  -7.383  -2.471
LEU01B4552_001   6.862  -1.236   5.625
ASN01B4553_001   0.310  -0.945  -0.635
ASN01B4553_002   0.492  -0.945  -0.453
TYR01B4554_001   4.712  -7.613  -2.901
TYR-1B4554_002   4.712  -7.613  -2.901
LEU01B4555_001   3.046  -0.309   2.737
SER01B4556_001   0.000   0.000   0.000
ARG01B4557_001   7.457  -3.859   3.599
ARG02B4557_002   7.411  -3.859   3.553
ARG02B4557_003   7.416  -3.859   3.557
ARG03B4557_004   7.419  -3.859   3.560
ARG03B4557_005   7.464  -3.859   3.605
ARG+1B4557_006   7.371  -3.859   3.512
ASN01B4558_001   0.246  -1.110  -0.863
PHE01B4559_001   4.605  -0.657   3.949
TYR01B4560_001   4.921  -7.639  -2.718
TYR-1B4560_002   4.921  -7.639  -2.718
THR01B4561_001   0.275  -4.068  -3.793
LEU01B4562_001   2.264  -1.046   1.217
ARG01B4563_001   1.763  -1.981  -0.218
ARG02B4563_002   1.716  -1.981  -0.264
ARG02B4563_003   1.722  -1.981  -0.259
ARG03B4563_004   1.721  -1.981  -0.259
ARG03B4563_005   1.782  -1.981  -0.199
ARG+1B4563_006   1.678  -1.981  -0.303
PHE01B4564_001   5.145  -8.351  -3.207
LEU01B4565_001   1.362  -3.689  -2.328
ALA01B4566_001   0.000   0.000   0.000
LEU01B4567_001   1.938  -2.489  -0.550
PHE01B4568_001   5.148  -8.278  -3.131
LEU01B4569_001   6.678  -0.258   6.421
ALA01B4570_001   0.000   0.000   0.000
PHE01B4571_001   4.901  -6.413  -1.512
ALA01B4572_001   0.000  -1.526  -1.526
ILE01B4573_001   1.703   0.000   1.703
ASN01B4574_001   0.410  -0.264   0.146
ASN01B4574_002   0.190  -0.242  -0.052
PHE01B4575_001   4.943  -8.874  -3.931
ILE01B4576_001   4.803  -0.805   3.998
LEU01B4577_001   3.943  -2.263   1.680
LEU01B4578_001   2.147  -5.904  -3.758
PHE01B4579_001   5.319  -3.217   2.102
TYR01B4580_001   4.687  -3.415   1.272
TYR-1B4580_002   4.687  -3.415   1.272
LYS01B4581_001   1.885  -5.881  -3.996
LYS+1B4581_002   1.836  -5.881  -4.045
VAL01B4582_001   0.481  -5.766  -5.285
SER01B4583_001   0.000  -0.356  -0.356
SER01B4583_002   0.000  -0.356  -0.356
SER01B4583_003   0.000  -0.356  -0.356
ASP01B4584_001  -0.040  -3.559  -3.599
ASP01B4584_002  -0.040  -3.559  -3.599
ASP02B4584_003  -0.009  -3.565  -3.574
ASP02B4584_004  -0.009  -3.565  -3.574
ASP-1B4584_005  -0.041  -3.463  -3.503
SER01B4585_001   0.000  -3.378  -3.378
SER01B4585_002   0.000  -3.378  -3.378
PRO01B4586_001   0.330  -5.602  -5.272
PRO01B4587_001   0.271  -4.665  -4.394
CTR01B4587_001  -0.021  -4.827  -4.848
CTR01B4587_002   0.080  -5.117  -5.037
CTR02B4587_003  -0.022  -4.827  -4.849
CTR02B4587_004   0.027  -5.020  -4.993
CTR-1B4587_005   0.000  -4.827  -4.827
NTR01B4626_001  -0.003  -3.696  -3.699
NTR+1B4626_002  -0.005  -3.696  -3.701
ASN01B4626_001  -0.020  -3.492  -3.512
MET01B4627_001   0.142  -3.705  -3.563
VAL01B4628_001   0.561  -2.814  -2.253
TYR01B4629_001   5.027  -7.904  -2.878
TYR-1B4629_002   5.027  -7.904  -2.878
TYR01B4630_001   5.115  -3.401   1.714
TYR-1B4630_002   5.115  -3.401   1.714
PHE01B4631_001   5.183  -2.823   2.360
LEU01B4632_001   2.448  -4.407  -1.959
GLU01B4633_001   3.913  -2.559   1.353
GLU01B4633_002   3.913  -2.559   1.353
GLU02B4633_003   3.131  -2.674   0.457
GLU02B4633_004   3.131  -2.674   0.457
GLU-1B4633_005   3.061  -2.584   0.477
GLU01B4634_001   2.412  -1.253   1.160
GLU01B4634_002   2.412  -1.253   1.160
GLU02B4634_003   1.911  -1.210   0.701
GLU02B4634_004   1.911  -1.210   0.701
GLU-1B4634_005   1.852  -1.201   0.650
SER01B4635_001   0.000  -5.216  -5.216
SER01B4635_002   0.000  -5.216  -5.216
THR01B4636_001   0.184  -1.423  -1.239
THR01B4636_002   0.184  -1.423  -1.239
THR01B4636_003   0.184  -1.423  -1.239
TYR01B4638_001   4.991  -9.569  -4.577
TYR01B4638_002   4.991  -9.569  -4.577
TYR-1B4638_003   4.991  -9.569  -4.577
MET01B4639_001 109.342   0.000 109.342
GLU01B4640_001   1.966  -2.237  -0.271
GLU01B4640_002   1.966  -2.237  -0.271
GLU02B4640_003   1.654  -2.143  -0.489
GLU02B4640_004   1.654  -2.143  -0.489
GLU-1B4640_005   1.541  -2.084  -0.543
PRO01B4641_001   0.289  -5.989  -5.701
ALA01B4642_001   0.000  -2.421  -2.421
LEU01B4643_001   3.751  -1.545   2.206
TRP01B4644_001   2.844  -8.435  -5.590
CYS01B4645_001  -0.002  -3.743  -3.744
CYS01B4645_002  -0.002  -3.743  -3.744
CYS01B4645_003  -0.002  -3.743  -3.745
CYS-1B4645_004   0.000  -3.743  -3.743
LEU01B4646_001   1.555  -3.210  -1.655
SER01B4647_001   0.000   0.000   0.000
SER01B4647_002   0.000   0.000   0.000
SER01B4647_003   0.000   0.000   0.000
LEU01B4648_001   2.544  -5.080  -2.536
LEU01B4649_001   3.377  -3.519  -0.142
HIS01B4650_001  -0.128   0.000  -0.128
HIS02B4650_002  -0.147   0.000  -0.147
HIS+1B4650_003  -0.174   0.000  -0.174
THR01B4651_001   0.258  -1.476  -1.218
THR01B4651_002   0.258  -1.476  -1.218
THR01B4651_003   0.258  -1.476  -1.218
LEU01B4652_001   4.557  -5.663  -1.106
VAL01B4653_001   0.838  -0.515   0.323
ALA01B4654_001   0.000   0.000   0.000
PHE01B4655_001   5.056  -7.995  -2.939
LEU01B4656_001   2.489  -2.572  -0.084
CYS01B4657_001  -0.002   0.000  -0.002
CYS01B4657_002  -0.002   0.000  -0.002
CYS01B4657_003  -0.002   0.000  -0.002
CYS-1B4657_004   0.000   0.000   0.000
ILE01B4658_001   3.116  -2.176   0.940
ILE01B4659_001   3.530  -3.445   0.085
TYR01B4661_001   5.318  -0.455   4.864
TYR01B4661_002   5.318  -0.455   4.864
TYR-1B4661_003   5.318  -0.455   4.864
ASN01B4662_001   0.216  -1.974  -1.758
ASN01B4662_002   0.033  -1.900  -1.867
CYS01B4663_001  -0.002  -1.313  -1.315
CYS01B4663_002  -0.002  -1.313  -1.315
CYS01B4663_003  -0.003  -1.313  -1.315
CYS-1B4663_004   0.000  -1.313  -1.313
LEU01B4664_001   2.098  -1.854   0.244
LYS01B4665_001   4.148  -3.487   0.661
LYS+1B4665_002   4.060  -3.487   0.573
VAL01B4666_001   0.295  -0.068   0.227
PRO01B4667_001   0.288  -1.716  -1.428
LEU01B4668_001   3.128  -1.764   1.363
VAL01B4669_001   0.558  -1.903  -1.345
ILE01B4670_001   1.730  -0.618   1.112
PHE01B4671_001   5.399   0.000   5.399
LYS01B4672_001   1.551  -5.046  -3.494
LYS+1B4672_002   1.503  -5.046  -3.543
ARG01B4673_001   3.245  -0.720   2.525
ARG02B4673_002   3.211  -0.720   2.491
ARG02B4673_003   3.215  -0.720   2.495
ARG03B4673_004   3.220  -0.720   2.500
ARG03B4673_005   3.275  -0.720   2.555
ARG+1B4673_006   3.172  -0.720   2.452
GLU01B4674_001   2.215   0.000   2.215
GLU01B4674_002   2.215   0.000   2.215
GLU02B4674_003   1.770   0.000   1.770
GLU02B4674_004   1.770   0.000   1.770
GLU-1B4674_005   1.711   0.000   1.711
LYS01B4675_001   1.494  -0.814   0.680
LYS+1B4675_002   1.443  -0.814   0.629
GLU01B4676_001   5.057  -1.406   3.651
GLU01B4676_002   5.057  -1.406   3.651
GLU02B4676_003   4.069  -1.351   2.718
GLU02B4676_004   4.069  -1.351   2.718
GLU-1B4676_005   3.991  -1.344   2.647
LEU01B4677_001   1.396  -0.361   1.035
ALA01B4678_001   0.000  -0.309  -0.309
ARG01B4679_001   2.213  -2.539  -0.326
ARG02B4679_002   2.198  -2.539  -0.340
ARG02B4679_003   2.284  -2.539  -0.255
ARG03B4679_004   2.189  -2.539  -0.349
ARG+1B4679_005   2.149  -2.539  -0.389
LYS01B4680_001   1.159  -5.536  -4.377
LYS+1B4680_002   1.111  -5.536  -4.425
LEU01B4681_001   1.399  -0.155   1.244
GLU01B4682_001   2.516  -0.555   1.961
GLU01B4682_002   2.516  -0.555   1.961
GLU02B4682_003   2.033  -0.576   1.457
GLU02B4682_004   2.033  -0.576   1.457
GLU-1B4682_005   1.958  -0.551   1.406
PHE01B4683_001   5.675  -3.710   1.965
ASP01B4684_001   0.277  -2.459  -2.182
ASP01B4684_002   0.277  -2.459  -2.182
ASP02B4684_003   0.389  -2.306  -1.917
ASP02B4684_004   0.389  -2.306  -1.917
ASP-1B4684_005   0.264  -2.300  -2.036
LEU01B4686_001   2.462  -2.025   0.437
TYR01B4687_001   5.983  -0.202   5.781
TYR01B4687_002   5.983  -0.202   5.781
TYR-1B4687_003   5.983  -0.202   5.781
ILE01B4688_001   2.625   0.000   2.625
THR01B4689_001   0.253  -3.127  -2.875
THR01B4689_002   0.253  -3.127  -2.875
GLU01B4690_001   5.442  -2.965   2.476
GLU01B4690_002   5.442  -2.965   2.476
GLU02B4690_003   4.363  -3.078   1.285
GLU02B4690_004   4.363  -3.078   1.285
GLU-1B4690_005   4.291  -2.907   1.384
GLN01B4691_001   1.874  -2.676  -0.803
GLN01B4691_002   2.670  -2.692  -0.021
PRO01B4692_001   0.486  -0.100   0.387
ASP01B4694_001   0.230  -2.284  -2.053
ASP01B4694_002   0.230  -2.284  -2.053
ASP02B4694_003   0.329  -2.227  -1.898
ASP02B4694_004   0.329  -2.227  -1.898
ASP-1B4694_005   0.219  -2.192  -1.973
ASP01B4695_001   0.223  -3.252  -3.029
ASP01B4695_002   0.223  -3.252  -3.029
ASP02B4695_003   0.325  -3.299  -2.974
ASP02B4695_004   0.325  -3.299  -2.974
ASP-1B4695_005   0.213  -3.200  -2.987
ASP01B4696_001   0.177  -3.106  -2.929
ASP01B4696_002   0.177  -3.106  -2.929
ASP02B4696_003   0.264  -3.119  -2.855
ASP02B4696_004   0.264  -3.119  -2.855
ASP-1B4696_005   0.167  -3.032  -2.866
VAL01B4697_001   0.747  -6.880  -6.133
LYS01B4698_001   2.693  -5.583  -2.889
LYS+1B4698_002   2.642  -5.583  -2.941
GLN01B4700_001   1.853  -1.836   0.017
GLN01B4700_002   1.352  -2.051  -0.699
TRP01B4701_001   3.770  -4.149  -0.379
ASP01B4702_001   0.040  -0.034   0.006
ASP01B4702_002   0.040  -0.034   0.006
ASP02B4702_003   0.095  -0.036   0.059
ASP02B4702_004   0.095  -0.036   0.059
ASP-1B4702_005   0.035  -0.034   0.000
ARG01B4703_001   5.334  -5.112   0.221
ARG02B4703_002   5.269  -5.112   0.157
ARG03B4703_003   5.276  -5.112   0.164
ARG+1B4703_004   5.229  -5.112   0.116
LEU01B4704_001   4.012  -2.524   1.488
VAL01B4705_001   0.620   0.000   0.620
LEU01B4706_001   1.890  -0.309   1.581
ASN01B4707_001   0.611  -1.340  -0.729
THR01B4708_001   0.340   0.000   0.340
THR01B4708_002   0.340   0.000   0.340
PRO01B4709_001   0.330  -4.602  -4.271
SER01B4710_001   0.000  -1.456  -1.456
SER01B4710_002   0.000  -1.456  -1.456
SER01B4710_003   0.000  -1.456  -1.456
PHE01B4711_001   5.335  -0.236   5.099
PRO01B4712_001   0.370  -0.222   0.148
SER01B4713_001   0.000  -1.724  -1.724
SER01B4713_002   0.000  -1.724  -1.724
SER01B4713_003   0.000  -1.724  -1.724
ASN01B4714_001   0.160  -1.043  -0.883
ASN01B4714_002   0.000  -1.077  -1.077
TYR01B4715_001   6.017  -0.916   5.101
TYR01B4715_002   6.017  -0.916   5.101
TYR-1B4715_003   6.017  -0.916   5.101
TRP01B4716_001   3.696  -2.856   0.839
ASP01B4717_001   0.311  -0.714  -0.402
ASP01B4717_002   0.311  -0.714  -0.402
ASP02B4717_003   0.302  -0.681  -0.379
ASP02B4717_004   0.302  -0.681  -0.379
ASP-1B4717_005   0.242  -0.689  -0.447
LYS01B4718_001   0.449  -4.077  -3.628
LYS+1B4718_002   0.407  -4.077  -3.669
PHE01B4719_001   4.582  -2.302   2.280
VAL01B4720_001   0.820  -0.464   0.356
LYS01B4721_001   0.845  -0.979  -0.134
LYS+1B4721_002   0.801  -0.979  -0.178
ARG01B4722_001   5.675  -6.134  -0.459
ARG02B4722_002   5.612  -6.134  -0.521
ARG03B4722_003   5.621  -6.134  -0.513
ARG+1B4722_004   5.572  -6.134  -0.562
LYS01B4723_001   2.041  -3.921  -1.880
LYS+1B4723_002   1.995  -3.921  -1.927
VAL01B4724_001   0.674   0.000   0.674
LEU01B4725_001   2.548  -0.670   1.878
ASP01B4726_001   0.171  -3.126  -2.955
ASP01B4726_002   0.171  -3.126  -2.955
ASP02B4726_003   0.273  -3.159  -2.886
ASP02B4726_004   0.273  -3.159  -2.886
ASP-1B4726_005   0.167  -3.079  -2.913
LYS01B4727_001   1.945  -3.482  -1.537
LYS+1B4727_002   1.895  -3.482  -1.587
HIS01B4728_001  -0.086  -1.242  -1.328
HIS01B4728_002  -0.030  -1.511  -1.541
HIS02B4728_003  -0.106  -1.242  -1.348
HIS02B4728_004  -0.043  -1.511  -1.554
HIS+1B4728_005  -0.133  -1.242  -1.375
HIS+1B4728_006  -0.070  -1.511  -1.581
ASP01B4730_001   0.108  -3.434  -3.326
ASP01B4730_002   0.108  -3.434  -3.326
ASP02B4730_003   0.189  -3.460  -3.271
ASP02B4730_004   0.189  -3.460  -3.271
ASP-1B4730_005   0.104  -3.359  -3.255
ILE01B4731_001   3.385  -4.700  -1.316
PHE01B4732_001   4.364  -4.018   0.346
ARG01B4734_001   2.626  -7.610  -4.984
ARG02B4734_002   2.606  -7.610  -5.004
ARG03B4734_003   2.611  -7.610  -4.999
ARG+1B4734_004   2.562  -7.610  -5.048
GLU01B4735_001   3.483  -3.005   0.478
GLU01B4735_002   3.483  -3.005   0.478
GLU02B4735_003   2.835  -2.896  -0.062
GLU02B4735_004   2.835  -2.896  -0.062
GLU-1B4735_005   2.736  -2.858  -0.122
ARG01B4736_001   6.238  -7.490  -1.251
ARG02B4736_002   6.177  -7.490  -1.313
ARG03B4736_003   6.276  -7.490  -1.214
ARG+1B4736_004   6.136  -7.490  -1.354
ILE01B4737_001   2.659   0.000   2.659
ALA01B4738_001   0.000  -0.052  -0.052
GLU01B4739_001   3.943  -2.378   1.565
GLU01B4739_002   3.943  -2.378   1.565
GLU02B4739_003   3.204  -2.397   0.808
GLU02B4739_004   3.204  -2.397   0.808
GLU-1B4739_005   3.120  -2.350   0.770
LEU01B4740_001   4.745  -2.299   2.446
LEU01B4741_001   1.804  -0.052   1.752
MET01B4743_001   2.086  -0.671   1.415
ASP01B4744_001  -0.040  -2.066  -2.106
ASP01B4744_002  -0.040  -2.066  -2.106
ASP02B4744_003  -0.008  -2.173  -2.181
ASP02B4744_004  -0.008  -2.173  -2.181
ASP-1B4744_005  -0.040  -2.041  -2.081
LEU01B4745_001   1.458  -6.024  -4.566
ALA01B4746_001   0.000  -0.979  -0.979
SER01B4747_001   0.000  -1.142  -1.142
LEU01B4748_001   1.456  -5.714  -4.259
GLU01B4749_001   0.498  -2.584  -2.086
GLU01B4749_002   0.498  -2.584  -2.086
GLU02B4749_003   0.665  -2.581  -1.916
GLU02B4749_004   0.665  -2.581  -1.916
GLU-1B4749_005   0.467  -2.515  -2.048
ILE01B4750_001   0.939  -2.163  -1.225
THR01B4751_001   0.152  -4.948  -4.796
ALA01B4752_001   0.000  -2.968  -2.968
HIS01B4753_001  -0.354  -2.372  -2.725
HIS01B4753_002  -0.345  -2.360  -2.705
HIS02B4753_003  -0.363  -2.372  -2.735
HIS02B4753_004  -0.356  -2.360  -2.716
HIS+1B4753_005  -0.383  -2.372  -2.754
HIS+1B4753_006  -0.375  -2.360  -2.735
ASN01B4754_001  -0.020  -0.733  -0.753
ASN01B4754_002  -0.091  -0.605  -0.696
GLU01B4755_001   0.497  -2.017  -1.520
GLU01B4755_002   0.497  -2.017  -1.520
GLU02B4755_003   0.663  -2.015  -1.352
GLU02B4755_004   0.663  -2.015  -1.352
GLU-1B4755_005   0.466  -1.998  -1.533
ARG01B4756_0011192.431  -5.1981187.233
ARG02B4756_0021192.412  -5.1981187.215
ARG03B4756_0031192.447  -5.1981187.249
ARG03B4756_004 191.472  -5.198 186.275
ARG+1B4756_0051192.380  -5.1981187.183
LYS01B4757_001   3.782  -1.284   2.497
LYS+1B4757_002   3.687  -1.284   2.403
PRO01B4758_001   0.241  -5.217  -4.976
ASP01B4759_001  -0.040  -3.278  -3.319
ASP01B4759_002  -0.040  -3.278  -3.319
ASP02B4759_003  -0.009  -3.172  -3.181
ASP02B4759_004  -0.009  -3.172  -3.181
ASP-1B4759_005  -0.041  -3.182  -3.223
PRO01B4760_001   0.246  -6.695  -6.448
PRO01B4761_001   0.246  -7.045  -6.798
PRO01B4762_001   0.235  -5.519  -5.283
LEU01B4764_001   1.462  -4.858  -3.396
LEU01B4765_001   1.461  -4.446  -2.985
THR01B4766_001   0.242  -4.950  -4.709
THR01B4766_002   0.242  -4.950  -4.709
TRP01B4767_001   3.163  -7.005  -3.842
LEU01B4768_001   3.524  -6.249  -2.724
MET01B4769_001   0.198  -9.315  -9.117
SER01B4770_001   0.000  -3.252  -3.252
ILE01B4771_001   2.018  -4.324  -2.306
ASP01B4772_001   0.107  -2.028  -1.921
ASP01B4772_002   0.107  -2.028  -1.921
ASP02B4772_003   0.172  -2.158  -1.986
ASP02B4772_004   0.172  -2.158  -1.986
ASP-1B4772_005   0.097  -2.011  -1.915
VAL01B4773_001   0.708  -5.389  -4.681
LYS01B4774_001   1.213  -6.103  -4.890
LYS+1B4774_002   1.163  -6.103  -4.940
TYR01B4775_001   5.062  -0.919   4.143
TYR01B4775_002   5.062  -0.919   4.143
TYR-1B4775_003   5.062  -0.919   4.143
GLN01B4776_001   0.955  -1.857  -0.902
ILE01B4777_001   3.168  -4.169  -1.001
TRP01B4778_001   4.497  -0.068   4.429
LYS01B4779_001   3.351  -3.090   0.261
LYS+1B4779_002   3.299  -3.090   0.210
PHE01B4780_001   4.636  -5.976  -1.340
VAL01B4782_001   1.370   0.000   1.370
ILE01B4783_001   2.155  -1.252   0.903
PHE01B4784_001   4.134  -6.843  -2.709
THR01B4785_001   0.244  -2.311  -2.067
THR01B4785_002   0.244  -2.311  -2.067
ASP01B4786_001   0.310  -0.940  -0.630
ASP01B4786_002   0.310  -0.940  -0.630
ASP02B4786_003   0.359  -0.932  -0.574
ASP02B4786_004   0.359  -0.932  -0.574
ASP-1B4786_005   0.266  -0.930  -0.664
ASN01B4787_001   0.509  -3.591  -3.082
ASN01B4787_002   0.244  -3.448  -3.203
SER01B4788_001   0.000  -2.551  -2.551
SER01B4788_002   0.000  -2.551  -2.551
SER01B4788_003   0.000  -2.551  -2.551
PHE01B4789_001   5.819  -1.972   3.847
LEU01B4790_001   2.661  -4.665  -2.004
TYR01B4791_001   5.702  -4.418   1.284
TYR01B4791_002   5.702  -4.418   1.284
TYR-1B4791_003   5.702  -4.418   1.284
LEU01B4792_001   1.452  -0.309   1.143
TRP01B4794_001   3.734  -8.906  -5.172
TYR01B4795_001   5.207  -0.101   5.106
TYR01B4795_002   5.207  -0.101   5.106
TYR-1B4795_003   5.207  -0.101   5.106
MET01B4796_001  17.818  -1.012  16.806
VAL01B4797_001   0.688  -3.519  -2.831
MET01B4798_001  -0.008  -1.173  -1.182
SER01B4799_001   0.000   0.000   0.000
SER01B4799_002   0.000   0.000   0.000
SER01B4799_003   0.000   0.000   0.000
LEU01B4800_001   2.664  -5.853  -3.189
LEU01B4801_001   1.353  -3.451  -2.098
HIS01B4803_001  -0.169  -3.025  -3.194
HIS01B4803_002  -0.130  -2.713  -2.844
HIS02B4803_003  -0.187  -3.025  -3.212
HIS02B4803_004  -0.144  -2.713  -2.857
HIS+1B4803_005  -0.214  -3.025  -3.239
HIS+1B4803_006  -0.171  -2.713  -2.884
TYR01B4804_001   4.026  -9.051  -5.025
TYR-1B4804_002   4.026  -9.051  -5.025
ASN01B4805_001   0.162  -2.072  -1.911
ASN01B4805_002  -0.001  -1.879  -1.880
ASN01B4806_001   0.508  -1.831  -1.323
ASN01B4806_002   0.266  -1.801  -1.536
PHE01B4807_001   4.541 -11.115  -6.575
PHE01B4808_001   5.768  -3.351   2.417
PHE01B4809_001   3.952  -0.202   3.750
ALA01B4810_001   0.000  -1.423  -1.423
ALA01B4811_001   0.000  -0.876  -0.876
HIS01B4812_001  -0.130   0.000  -0.130
HIS01B4812_002  -0.065   0.000  -0.065
HIS02B4812_003  -0.149   0.000  -0.149
HIS02B4812_004  -0.076   0.000  -0.076
HIS+1B4812_005  -0.177   0.000  -0.177
HIS+1B4812_006  -0.103   0.000  -0.103
LEU01B4813_001   2.954  -3.451  -0.497
LEU01B4814_001   1.808  -7.550  -5.741
ASP01B4815_001   0.259  -0.437  -0.178
ASP01B4815_002   0.259  -0.437  -0.178
ASP02B4815_003   0.330  -0.334  -0.004
ASP02B4815_004   0.330  -0.334  -0.004
ASP-1B4815_005   0.231  -0.323  -0.092
ILE01B4816_001   3.261  -0.412   2.849
ALA01B4817_001   0.000  -2.814  -2.814
MET01B4818_001   0.076  -5.309  -5.233
VAL01B4820_001   0.758  -4.034  -3.276
LYS01B4821_001   4.400  -7.981  -3.581
LYS+1B4821_002   4.350  -7.981  -3.631
THR01B4822_001   0.426  -3.990  -3.565
LEU01B4823_001   1.237  -5.373  -4.136
ARG01B4824_001   3.807  -5.648  -1.841
ARG02B4824_002   3.773  -5.648  -1.876
ARG03B4824_003   3.777  -5.648  -1.871
ARG+1B4824_004   3.728  -5.648  -1.920
THR01B4825_001   0.405  -3.592  -3.187
THR01B4825_002   0.405  -3.592  -3.187
ILE01B4826_001   4.473  -6.020  -1.548
LEU01B4827_001   2.769  -4.923  -2.154
SER01B4828_001   0.000  -2.120  -2.120
SER01B4828_002   0.000  -2.120  -2.120
SER01B4828_003   0.000  -2.120  -2.120
SER01B4829_001   0.000  -0.144  -0.144
SER01B4829_002   0.000  -0.144  -0.144
VAL01B4830_001   0.660  -4.427  -3.766
THR01B4831_001   0.336  -4.577  -4.242
THR01B4831_002   0.336  -4.577  -4.242
HIS01B4832_001  -0.151  -4.217  -4.367
HIS01B4832_002  -0.114  -4.214  -4.328
HIS02B4832_003  -0.169  -4.217  -4.385
HIS02B4832_004  -0.128  -4.214  -4.342
HIS+1B4832_005  -0.196  -4.217  -4.412
HIS+1B4832_006  -0.155  -4.214  -4.369
ASN01B4833_001   0.488  -0.669  -0.182
ASN01B4833_002   0.229  -0.704  -0.475
LYS01B4835_001   1.008  -9.921  -8.913
LYS+1B4835_002   0.964  -9.921  -8.957
GLN01B4836_001   2.989  -2.488   0.501
LEU01B4837_001   2.940  -1.700   1.240
VAL01B4838_001   1.112  -4.240  -3.128
MET01B4839_001   0.030  -7.937  -7.908
THR01B4840_001   0.329  -0.876  -0.547
THR01B4840_002   0.329  -0.876  -0.547
VAL01B4841_001   1.001  -4.684  -3.684
LEU01B4843_001   4.666  -5.869  -1.203
LEU01B4844_001   4.428  -2.743   1.685
ALA01B4845_001   0.000  -2.437  -2.437
VAL01B4846_001   0.795  -4.720  -3.924
VAL01B4847_001   0.820  -1.391  -0.571
VAL01B4848_001   1.565  -0.052   1.514
TYR01B4849_001   5.146  -7.134  -1.989
TYR01B4849_002   5.146  -7.134  -1.989
TYR-1B4849_003   5.146  -7.134  -1.989
LEU01B4850_001   1.832  -6.140  -4.308
TYR01B4851_001   4.638  -3.111   1.527
TYR-1B4851_002   4.638  -3.111   1.527
THR01B4852_001   0.341   0.000   0.341
THR01B4852_002   0.341   0.000   0.341
THR01B4852_003   0.341   0.000   0.341
VAL01B4853_001   0.961  -3.091  -2.130
VAL01B4854_001   0.581  -1.854  -1.274
ALA01B4855_001   0.000  -0.515  -0.515
PHE01B4856_001   4.741  -2.258   2.483
ASN01B4857_001   0.333  -2.004  -1.671
ASN01B4857_002   0.135  -1.929  -1.794
PHE01B4858_001   4.381  -9.851  -5.470
PHE01B4859_001   4.298  -0.523   3.775
ARG01B4860_001   3.760  -7.297  -3.537
ARG02B4860_002   3.721  -7.297  -3.576
ARG03B4860_003   3.731  -7.297  -3.566
ARG+1B4860_004   3.681  -7.297  -3.616
LYS01B4861_001   2.847  -5.675  -2.828
LYS+1B4861_002   2.794  -5.675  -2.882
PHE01B4862_001   5.556  -1.854   3.702
TYR01B4863_001   4.965   0.000   4.965
TYR01B4863_002   4.965   0.000   4.965
TYR-1B4863_003   4.965   0.000   4.965
ASN01B4864_001   0.101  -1.275  -1.173
ASN01B4864_002   0.282  -1.226  -0.944
LYS01B4865_001   5.027  -1.652   3.375
LYS+1B4865_002   4.974  -1.652   3.322
SER01B4866_001   0.000  -3.812  -3.812
SER01B4866_002   0.000  -3.812  -3.812
GLU01B4867_001   2.967  -2.289   0.677
GLU01B4867_002   2.967  -2.289   0.677
GLU02B4867_003   2.416  -2.394   0.022
GLU02B4867_004   2.416  -2.394   0.022
GLU-1B4867_005   2.329  -2.242   0.087
ASP01B4868_001   0.403  -4.059  -3.657
ASP01B4868_002   0.403  -4.059  -3.657
ASP02B4868_003   0.454  -3.949  -3.496
ASP02B4868_004   0.454  -3.949  -3.496
ASP-1B4868_005   0.347  -3.901  -3.553
GLU01B4869_001   1.825  -3.986  -2.161
GLU01B4869_002   1.825  -3.986  -2.161
GLU02B4869_003   1.514  -3.996  -2.483
GLU02B4869_004   1.514  -3.996  -2.483
GLU-1B4869_005   1.418  -3.811  -2.392
ASP01B4870_001   0.268  -2.894  -2.626
ASP01B4870_002   0.268  -2.894  -2.626
ASP02B4870_003   0.378  -2.977  -2.599
ASP02B4870_004   0.378  -2.977  -2.599
ASP-1B4870_005   0.256  -2.791  -2.535
GLU01B4871_001   5.289  -1.636   3.653
GLU01B4871_002   5.289  -1.636   3.653
GLU02B4871_003   4.217  -1.584   2.633
GLU02B4871_004   4.217  -1.584   2.633
GLU-1B4871_005   4.153  -1.482   2.671
CTR01B4871_001  -0.021  -0.956  -0.977
CTR01B4871_002   0.091  -0.840  -0.749
CTR02B4871_003  -0.022  -0.956  -0.978
CTR02B4871_004   0.035  -0.956  -0.921
CTR-1B4871_005   0.000  -0.956  -0.956
NTR01B4872_001  -0.002  -0.821  -0.823
NTR+1B4872_002  -0.004  -0.821  -0.825
PRO01B4872_001   0.449  -5.606  -5.157
ASP01B4873_001   0.121  -1.889  -1.768
ASP01B4873_002   0.121  -1.889  -1.768
ASP02B4873_003   0.206  -1.862  -1.657
ASP02B4873_004   0.206  -1.862  -1.657
ASP-1B4873_005   0.116  -1.895  -1.779
MET01B4874_001   1.847  -1.453   0.394
LYS01B4875_001  10.927  -1.426   9.501
LYS+1B4875_002  11.566  -1.426  10.139
CYS01B4876_001  -0.002   0.000  -0.002
CYS01B4876_002  -0.002   0.000  -0.002
CYS01B4876_003  -0.003   0.000  -0.003
CYS-1B4876_004   0.000   0.000   0.000
ASP01B4877_001   0.103  -1.836  -1.733
ASP01B4877_002   0.103  -1.836  -1.733
ASP02B4877_003   0.170  -1.827  -1.656
ASP02B4877_004   0.170  -1.827  -1.656
ASP-1B4877_005   0.094  -1.817  -1.723
ASP01B4878_001  -0.041  -1.950  -1.991
ASP01B4878_002  -0.041  -1.950  -1.991
ASP02B4878_003  -0.009  -2.058  -2.068
ASP02B4878_004  -0.009  -2.058  -2.068
ASP-1B4878_005  -0.041  -1.950  -1.991
MET01B4879_001   0.038  -3.960  -3.922
MET01B4880_001   0.962  -9.368  -8.406
THR01B4881_001   0.313  -2.001  -1.689
THR01B4881_002   0.313  -2.001  -1.689
THR01B4881_003   0.313  -2.001  -1.689
CYS01B4882_001  -0.002   0.000  -0.002
CYS01B4882_002  -0.002   0.000  -0.002
CYS01B4882_003  -0.003   0.000  -0.003
CYS-1B4882_004   0.000   0.000   0.000
TYR01B4883_001   5.803  -1.869   3.934
TYR01B4883_002   5.803  -1.869   3.934
TYR-1B4883_003   5.803  -1.869   3.934
LEU01B4884_001   2.182  -6.313  -4.131
PHE01B4885_001   6.110  -0.910   5.199
HIS01B4886_001  -0.133  -0.135  -0.269
HIS01B4886_002  -0.087  -0.128  -0.215
HIS02B4886_003  -0.152  -0.135  -0.288
HIS02B4886_004  -0.100  -0.128  -0.228
HIS+1B4886_005  -0.179  -0.135  -0.314
HIS+1B4886_006  -0.126  -0.128  -0.255
MET01B4887_001   1.159  -3.653  -2.494
TYR01B4888_001   4.974  -8.965  -3.991
TYR-1B4888_002   4.974  -8.965  -3.991
VAL01B4889_001   0.766  -0.515   0.251
VAL01B4891_001   0.985  -1.082  -0.097
ARG01B4892_001   9.407  -7.380   2.027
ARG02B4892_002   9.335  -7.380   1.955
ARG03B4892_003   9.414  -7.380   2.034
ARG+1B4892_004   9.295  -7.380   1.915
ALA01B4893_001   0.000  -0.052  -0.052
ILE01B4897_001   1.621  -0.496   1.125
ASP01B4899_001   0.150  -1.882  -1.733
ASP01B4899_002   0.150  -1.882  -1.733
ASP02B4899_003   0.237  -2.075  -1.838
ASP02B4899_004   0.237  -2.075  -1.838
ASP-1B4899_005   0.143  -1.895  -1.752
GLU01B4900_001   3.291  -1.282   2.009
GLU01B4900_002   3.291  -1.282   2.009
GLU02B4900_003   2.631  -1.340   1.291
GLU02B4900_004   2.631  -1.340   1.291
GLU-1B4900_005   2.568  -1.282   1.286
ILE01B4901_001   8.114  -0.618   7.496
GLU01B4902_001   4.653  -1.577   3.075
GLU01B4902_002   4.653  -1.577   3.075
GLU02B4902_003   3.819  -1.459   2.360
GLU02B4902_004   3.819  -1.459   2.360
GLU-1B4902_005   3.683  -1.408   2.275
ASP01B4903_001   0.098  -2.964  -2.865
ASP01B4903_002   0.098  -2.964  -2.865
ASP02B4903_003   0.176  -2.845  -2.669
ASP02B4903_004   0.176  -2.845  -2.669
ASP-1B4903_005   0.094  -2.932  -2.838
PRO01B4904_001   0.333  -1.075  -0.743
ALA01B4905_001   0.000  -2.814  -2.814
ASP01B4907_001  -0.040  -3.200  -3.240
ASP01B4907_002  -0.040  -3.200  -3.240
ASP02B4907_003  -0.008  -3.163  -3.172
ASP02B4907_004  -0.008  -3.163  -3.172
ASP-1B4907_005  -0.040  -3.074  -3.114
GLU01B4908_001   0.501  -2.611  -2.110
GLU01B4908_002   0.501  -2.611  -2.110
GLU02B4908_003   0.668  -2.637  -1.969
GLU02B4908_004   0.668  -2.637  -1.969
GLU-1B4908_005   0.470  -2.532  -2.062
TYR01B4909_001   4.255  -8.286  -4.031
TYR01B4909_002   4.255  -8.286  -4.031
TYR-1B4909_003   4.255  -8.286  -4.031
GLU01B4910_001   0.499  -1.658  -1.159
GLU01B4910_002   0.499  -1.658  -1.159
GLU02B4910_003   0.665  -1.764  -1.099
GLU02B4910_004   0.665  -1.764  -1.099
GLU-1B4910_005   0.467  -1.598  -1.131
LEU01B4911_001   4.002  -8.409  -4.407
TYR01B4912_001   4.043  -8.483  -4.440
TYR-1B4912_002   4.043  -8.483  -4.440
ARG01B4913_001  10.958  -1.034   9.924
ARG02B4913_002  10.901  -1.034   9.867
ARG03B4913_003  10.959  -1.034   9.925
ARG+1B4913_004  10.862  -1.034   9.828
VAL01B4914_001   0.704  -4.530  -3.826
VAL01B4915_001   0.715  -5.592  -4.877
PHE01B4916_001   5.051  -1.927   3.124
ASP01B4917_001   0.325  -0.517  -0.192
ASP01B4917_002   0.325  -0.517  -0.192
ASP02B4917_003   0.371  -0.490  -0.118
ASP02B4917_004   0.371  -0.490  -0.118
ASP-1B4917_005   0.278  -0.474  -0.196
ILE01B4918_001   5.165  -6.500  -1.335
THR01B4919_001   0.303  -1.735  -1.432
THR01B4919_002   0.303  -1.735  -1.432
PHE01B4920_001   5.920  -0.068   5.853
PHE01B4921_001   4.934  -3.351   1.583
PHE01B4922_001   5.789  -6.609  -0.820
PHE01B4923_001   4.447  -7.128  -2.681
VAL01B4924_001   1.138  -0.805   0.333
ILE01B4925_001   3.664  -0.206   3.458
VAL01B4926_001   0.738  -3.123  -2.385
ILE01B4927_001   4.452  -4.134   0.318
LEU01B4928_001   1.710  -0.480   1.230
LEU01B4929_001   2.709  -5.560  -2.851
ALA01B4930_001   0.000  -3.361  -3.361
ILE01B4931_001   2.813  -3.931  -1.118
ILE01B4932_001   5.500  -2.727   2.773
GLN01B4933_001   4.923  -2.701   2.221
LEU01B4935_001   2.389  -2.421  -0.032
ILE01B4936_001   4.801  -2.266   2.534
ILE01B4937_001   5.411  -5.248   0.163
ASP01B4938_001   0.022  -2.857  -2.835
ASP01B4938_002   0.022  -2.857  -2.835
ASP02B4938_003   0.077  -2.815  -2.738
ASP02B4938_004   0.077  -2.815  -2.738
ASP-1B4938_005   0.019  -2.752  -2.733
ALA01B4939_001   0.000   0.000   0.000
PHE01B4940_001   5.446  -5.396   0.050
GLU01B4942_001   2.675  -1.728   0.947
GLU01B4942_002   2.675  -1.728   0.947
GLU02B4942_003   2.127  -1.898   0.229
GLU02B4942_004   2.127  -1.898   0.229
GLU-1B4942_005   2.059  -1.757   0.302
LEU01B4943_001   1.633  -3.142  -1.509
ARG01B4944_001  15.710  -9.669   6.042
ARG02B4944_002  15.731  -9.669   6.062
ARG03B4944_003  15.660  -9.669   5.991
ARG+1B4944_004  15.619  -9.669   5.950
ASP01B4945_001   0.127  -2.512  -2.385
ASP01B4945_002   0.127  -2.512  -2.385
ASP02B4945_003   0.213  -2.450  -2.237
ASP02B4945_004   0.213  -2.450  -2.237
ASP-1B4945_005   0.122  -2.382  -2.260
GLN01B4946_001   1.285  -1.378  -0.093
GLN01B4946_002   1.056  -1.271  -0.215
GLN01B4947_001   1.142  -1.887  -0.746
GLN01B4947_002   1.407  -1.920  -0.513
GLU01B4948_001   5.501  -2.037   3.464
GLU01B4948_002   5.501  -2.037   3.464
GLU02B4948_003   4.441  -2.019   2.422
GLU02B4948_004   4.441  -2.019   2.422
GLU-1B4948_005   4.356  -1.976   2.380
GLN01B4949_001   3.869  -1.807   2.061
VAL01B4950_001   1.410  -0.464   0.947
LYS01B4951_001   6.346  -8.209  -1.863
LYS+1B4951_002   6.267  -8.209  -1.942
GLU01B4952_001   5.099  -2.324   2.775
GLU01B4952_002   5.099  -2.324   2.775
GLU02B4952_003   4.062  -2.376   1.686
GLU02B4952_004   4.062  -2.376   1.686
GLU-1B4952_005   3.999  -2.299   1.701
ASP01B4953_001   0.624  -0.688  -0.064
ASP01B4953_002   0.624  -0.688  -0.064
ASP02B4953_003   0.723  -0.588   0.136
ASP02B4953_004   0.723  -0.588   0.136
ASP-1B4953_005   0.561  -0.586  -0.024
MET01B4954_001   3.489  -3.426   0.064
GLU01B4955_001   0.500  -3.444  -2.944
GLU01B4955_002   0.500  -3.444  -2.944
GLU02B4955_003   0.667  -3.303  -2.635
GLU02B4955_004   0.667  -3.303  -2.635
GLU-1B4955_005   0.469  -3.346  -2.878
THR01B4956_001   0.247  -2.574  -2.327
THR01B4956_002   0.247  -2.574  -2.327
THR01B4956_003   0.247  -2.574  -2.327
LYS01B4957_001   2.453  -3.719  -1.266
LYS+1B4957_002   2.403  -3.719  -1.316
CYS01B4958_001  -0.002  -0.071  -0.073
CYS01B4958_002  -0.002  -0.071  -0.073
CYS01B4958_003  -0.002  -0.071  -0.074
CYS-1B4958_004   0.000  -0.071  -0.071
PHE01B4959_001   6.629  -0.392   6.237
ILE01B4960_001   2.361   0.000   2.361
CYS01B4961_001  -0.002   0.000  -0.002
CYS01B4961_002  -0.002   0.000  -0.002
CYS01B4961_003  -0.003   0.000  -0.003
CYS-1B4961_004   0.000   0.000   0.000
ILE01B4963_001   2.301  -1.133   1.168
SER01B4965_001   0.000  -0.891  -0.891
SER01B4965_002   0.000  -0.891  -0.891
SER01B4965_003   0.000  -0.891  -0.891
ASP01B4966_001   0.192  -3.235  -3.043
ASP01B4966_002   0.192  -3.235  -3.043
ASP02B4966_003   0.286  -3.349  -3.063
ASP02B4966_004   0.286  -3.349  -3.063
ASP-1B4966_005   0.182  -3.260  -3.078
TYR01B4967_001   6.694  -4.885   1.809
TYR01B4967_002   6.694  -4.885   1.809
TYR-1B4967_003   6.694  -4.885   1.809
PHE01B4968_001   7.054   0.000   7.054
ASP01B4969_001   0.382  -0.887  -0.505
ASP01B4969_002   0.382  -0.887  -0.505
ASP02B4969_003   0.504  -0.939  -0.434
ASP02B4969_004   0.504  -0.939  -0.434
ASP-1B4969_005   0.359  -0.844  -0.485
THR01B4970_001   0.373  -6.400  -6.026
THR01B4971_001   0.219  -3.676  -3.457
THR01B4971_002   0.219  -3.676  -3.457
PRO01B4972_001   0.380  -6.135  -5.755
HIS01B4973_001  -0.177  -7.168  -7.345
HIS01B4973_002  -0.146  -7.201  -7.347
HIS02B4973_003  -0.193  -7.168  -7.362
HIS02B4973_004  -0.160  -7.201  -7.360
HIS+1B4973_005  -0.221  -7.168  -7.389
HIS+1B4973_006  -0.186  -7.201  -7.387
PHE01B4975_001   5.964  -0.407   5.557
GLU01B4976_001   1.039  -2.229  -1.190
GLU01B4976_002   1.039  -2.229  -1.190
GLU02B4976_003   0.904  -2.219  -1.315
GLU02B4976_004   0.904  -2.219  -1.315
GLU-1B4976_005   0.796  -2.209  -1.413
THR01B4977_001   0.205  -3.575  -3.370
THR01B4977_002   0.205  -3.575  -3.370
HIS01B4978_001  -0.168   0.000  -0.168
HIS02B4978_002  -0.186   0.000  -0.186
HIS+1B4978_003  -0.214   0.000  -0.214
THR01B4979_001   0.412  -2.208  -1.797
LEU01B4980_001   6.652  -5.750   0.902
GLU01B4981_001   3.444  -0.841   2.603
GLU01B4981_002   3.444  -0.841   2.603
GLU02B4981_003   2.881  -0.792   2.089
GLU02B4981_004   2.881  -0.792   2.089
GLU-1B4981_005   2.765  -0.800   1.965
GLU01B4982_001   3.423  -0.345   3.079
GLU01B4982_002   3.423  -0.345   3.079
GLU02B4982_003   2.718  -0.362   2.356
GLU02B4982_004   2.718  -0.362   2.356
GLU-1B4982_005   2.660  -0.345   2.315
HIS01B4983_001  -0.260   0.000  -0.260
HIS02B4983_002  -0.280   0.000  -0.280
HIS+1B4983_003  -0.307   0.000  -0.307
ASN01B4984_001   0.256  -2.027  -1.771
ASN01B4984_002   0.552  -1.970  -1.418
LEU01B4985_001   9.435  -1.803   7.632
ALA01B4986_001   0.000  -0.464  -0.464
ASN01B4987_001   0.143  -0.231  -0.089
TYR01B4988_001   5.291  -0.781   4.510
TYR01B4988_002   5.291  -0.781   4.510
TYR-1B4988_003   5.291  -0.781   4.510
MET01B4989_001   1.040  -0.048   0.992
PHE01B4990_001   5.215  -0.606   4.609
PHE01B4991_001   6.083  -0.657   5.426
LEU01B4992_001   3.999  -0.927   3.072
MET01B4993_001   0.167  -0.479  -0.312
TYR01B4994_001   5.510  -2.622   2.888
TYR01B4994_002   5.510  -2.622   2.888
TYR-1B4994_003   5.510  -2.622   2.888
LEU01B4995_001   1.961  -0.103   1.858
ILE01B4996_001   3.587  -2.057   1.530
ASN01B4997_001   0.518  -1.711  -1.193
ASN01B4997_002   0.229  -1.750  -1.521
LYS01B4998_001   1.634  -1.966  -0.332
LYS+1B4998_002   1.590  -1.966  -0.376
ASP01B4999_001   0.122  -2.242  -2.120
ASP01B4999_002   0.122  -2.242  -2.120
ASP02B4999_003   0.193  -2.249  -2.055
ASP02B4999_004   0.193  -2.249  -2.055
ASP-1B4999_005   0.112  -2.171  -2.059
GLU01B5000_001   2.814  -2.803   0.011
GLU01B5000_002   2.814  -2.803   0.011
GLU02B5000_003   2.245  -2.947  -0.702
GLU02B5000_004   2.245  -2.947  -0.702
GLU-1B5000_005   2.176  -2.786  -0.610
THR01B5001_001   0.276  -5.268  -4.992
GLU01B5002_001   1.242  -3.044  -1.802
GLU01B5002_002   1.242  -3.044  -1.802
GLU02B5002_003   1.076  -3.081  -2.005
GLU02B5002_004   1.076  -3.081  -2.005
GLU-1B5002_005   0.965  -3.023  -2.058
HIS01B5003_001  -0.252  -0.180  -0.432
HIS02B5003_002  -0.268  -0.180  -0.448
HIS+1B5003_003  -0.295  -0.180  -0.475
THR01B5004_001   0.265  -1.990  -1.724
THR01B5004_002   0.265  -1.990  -1.724
THR01B5004_003   0.265  -1.990  -1.724
GLN01B5006_001   2.262  -0.407   1.856
GLN01B5006_002   3.580  -0.331   3.250
GLU01B5007_001   2.471  -0.595   1.877
GLU01B5007_002   2.471  -0.595   1.877
GLU02B5007_003   1.972  -0.538   1.434
GLU02B5007_004   1.972  -0.538   1.434
GLU-1B5007_005   1.907  -0.551   1.356
SER01B5008_001   0.000  -1.639  -1.639
SER01B5008_002   0.000  -1.639  -1.639
TYR01B5009_001   5.855  -2.687   3.169
TYR01B5009_002   5.855  -2.687   3.169
TYR-1B5009_003   5.855  -2.687   3.169
VAL01B5010_001   0.681  -0.567   0.115
TRP01B5011_001   3.509  -3.057   0.451
LYS01B5012_001   5.036  -7.445  -2.409
LYS+1B5012_002   5.022  -7.445  -2.423
MET01B5013_001   0.043  -2.326  -2.283
TYR01B5014_001   5.267  -0.661   4.607
TYR01B5014_002   5.267  -0.661   4.607
TYR-1B5014_003   5.267  -0.661   4.607
GLN01B5015_001   1.038  -1.030   0.008
GLN01B5015_002   0.896  -0.970  -0.074
GLU01B5016_001   1.533  -2.736  -1.203
GLU01B5016_002   1.533  -2.736  -1.203
GLU02B5016_003   1.330  -2.712  -1.381
GLU02B5016_004   1.330  -2.712  -1.381
GLU-1B5016_005   1.208  -2.601  -1.393
ARG01B5017_001  10.488  -1.224   9.264
ARG02B5017_002  10.399  -1.224   9.175
ARG02B5017_003  10.406  -1.224   9.182
ARG03B5017_004  10.404  -1.224   9.180
ARG+1B5017_005  10.359  -1.224   9.135
CYS01B5018_001  -0.002  -2.791  -2.792
CYS01B5018_002  -0.002  -2.791  -2.792
CYS01B5018_003  -0.002  -2.791  -2.793
CYS-1B5018_004   0.000  -2.791  -2.791
TRP01B5019_001   4.635  -1.837   2.799
ASP01B5020_001   0.626  -2.399  -1.773
ASP01B5020_002   0.626  -2.399  -1.773
ASP02B5020_003   0.649  -2.270  -1.620
ASP02B5020_004   0.649  -2.270  -1.620
ASP-1B5020_005   0.529  -2.343  -1.814
PHE01B5021_001   6.077  -0.860   5.217
PHE01B5022_001   6.379  -0.456   5.923
PRO01B5023_001   0.404   0.000   0.404
ALA01B5024_001   0.000  -2.762  -2.762
ASP01B5026_001   0.085  -0.848  -0.763
ASP01B5026_002   0.085  -0.848  -0.763
ASP02B5026_003   0.160  -0.874  -0.714
ASP02B5026_004   0.160  -0.874  -0.714
ASP-1B5026_005   0.084  -0.848  -0.764
CYS01B5027_001  -0.002   0.000  -0.002
CYS01B5027_002  -0.002   0.000  -0.002
CYS01B5027_003  -0.003   0.000  -0.003
CYS-1B5027_004   0.000   0.000   0.000
PHE01B5028_001   7.062  -1.584   5.478
ARG01B5029_001   2.908  -2.952  -0.044
ARG02B5029_002   2.839  -2.952  -0.113
ARG03B5029_003   2.845  -2.952  -0.107
ARG+1B5029_004   2.799  -2.952  -0.153
LYS01B5030_001   2.307  -4.464  -2.157
LYS+1B5030_002   2.218  -4.464  -2.246
GLN01B5031_001   1.290  -1.270   0.020
GLN01B5031_002   1.025  -1.413  -0.387
TYR01B5032_001   5.491  -0.822   4.669
TYR-1B5032_002   5.491  -0.822   4.669
GLU01B5033_001   4.248  -1.949   2.299
GLU01B5033_002   4.248  -1.949   2.299
GLU02B5033_003   3.432  -2.039   1.393
GLU02B5033_004   3.432  -2.039   1.393
GLU-1B5033_005   3.349  -1.977   1.372
ASP01B5034_001  -0.040  -2.960  -3.000
ASP01B5034_002  -0.040  -2.960  -3.000
ASP02B5034_003  -0.009  -3.128  -3.136
ASP02B5034_004  -0.009  -3.128  -3.136
ASP-1B5034_005  -0.040  -2.906  -2.947
GLN01B5035_001   1.459  -1.980  -0.521
LEU01B5036_001   3.225  -2.762   0.463
SER01B5037_001   0.000  -3.220  -3.220
SER01B5037_002   0.000  -3.220  -3.220
CTR01B5037_001  -0.021  -3.031  -3.052
CTR01B5037_002   0.099  -2.993  -2.894
CTR02B5037_003  -0.022  -2.973  -2.995
CTR02B5037_004   0.036  -3.089  -3.053
CTR-1B5037_005   0.000  -3.031  -3.031
_ZN+2B5101_001   0.000   0.000   0.000
_CA+2B5102_001   0.000  -0.879  -0.879
