  pH           0     1     2     3     4     5     6     7     8     9    10    11    12    13    14
NTR+B3639_  1.00  1.00  1.00  1.00  1.00  1.00  0.98  0.86  0.38  0.06  0.01  0.00  0.00  0.00  0.00
TYR-B3642_ -0.00 -0.00 -0.00 -0.00 -0.00 -0.00 -0.00 -0.00 -0.02 -0.13 -0.59 -0.93 -0.99 -1.00 -1.00
HIS+B3647_  1.00  1.00  1.00  1.00  0.98  0.86  0.41  0.07  0.01  0.00  0.00  0.00  0.00  0.00  0.00
ARG+B3648_  1.00  1.00  1.00  1.00  1.00  1.00  1.00  1.00  1.00  1.00  1.00  1.00  0.98  0.80  0.28
CYS-B3650_ -0.00 -0.00 -0.00 -0.00 -0.00 -0.00 -0.00 -0.03 -0.19 -0.71 -0.95 -0.99 -1.00 -1.00 -1.00
GLU-B3655_ -0.00 -0.00 -0.00 -0.05 -0.30 -0.76 -0.96 -1.00 -1.00 -1.00 -1.00 -1.00 -1.00 -1.00 -1.00
TYR-B3657_ -0.00 -0.00 -0.00 -0.00 -0.00 -0.00 -0.00 -0.00 -0.00 -0.00 -0.03 -0.22 -0.73 -0.96 -1.00
LYS+B3658_  1.00  1.00  1.00  1.00  1.00  1.00  1.00  1.00  1.00  0.99  0.91  0.55  0.12  0.01  0.00
GLU-B3665_ -0.02 -0.11 -0.42 -0.73 -0.90 -0.97 -0.99 -1.00 -1.00 -1.00 -1.00 -1.00 -1.00 -1.00 -1.00
ASP-B3666_ -0.00 -0.01 -0.08 -0.34 -0.74 -0.93 -0.99 -1.00 -1.00 -1.00 -1.00 -1.00 -1.00 -1.00 -1.00
HIS+B3667_  1.00  1.00  1.00  1.00  1.00  1.00  0.99  0.97  0.87  0.54  0.14  0.02  0.00  0.00  0.00
GLU-B3670_ -0.00 -0.03 -0.09 -0.15 -0.18 -0.29 -0.53 -0.85 -0.97 -0.99 -1.00 -1.00 -1.00 -1.00 -1.00
ASP-B3671_ -0.02 -0.12 -0.47 -0.77 -0.88 -0.94 -0.98 -0.99 -0.99 -1.00 -1.00 -1.00 -1.00 -1.00 -1.00
ARG+B3672_  1.00  1.00  1.00  1.00  1.00  1.00  1.00  1.00  1.00  1.00  1.00  1.00  0.99  0.94  0.64
ASP-B3675_ -0.00 -0.00 -0.01 -0.01 -0.01 -0.02 -0.03 -0.12 -0.47 -0.83 -0.97 -1.00 -1.00 -1.00 -1.00
ASP-B3676_ -0.00 -0.00 -0.01 -0.09 -0.39 -0.80 -0.96 -1.00 -1.00 -1.00 -1.00 -1.00 -1.00 -1.00 -1.00
LYS+B3679_  1.00  1.00  1.00  1.00  1.00  1.00  1.00  1.00  1.00  1.00  0.97  0.82  0.36  0.08  0.01
GLU-B3682_ -0.00 -0.00 -0.02 -0.09 -0.35 -0.69 -0.91 -0.98 -1.00 -1.00 -1.00 -1.00 -1.00 -1.00 -1.00
GLU-B3684_ -0.00 -0.00 -0.00 -0.04 -0.19 -0.53 -0.85 -0.97 -1.00 -1.00 -1.00 -1.00 -1.00 -1.00 -1.00
GLU-B3685_ -0.00 -0.00 -0.01 -0.05 -0.25 -0.69 -0.94 -0.99 -1.00 -1.00 -1.00 -1.00 -1.00 -1.00 -1.00
GLU-B3686_ -0.00 -0.00 -0.02 -0.14 -0.51 -0.84 -0.97 -0.99 -1.00 -1.00 -1.00 -1.00 -1.00 -1.00 -1.00
GLU-B3687_ -0.00 -0.00 -0.00 -0.03 -0.14 -0.40 -0.75 -0.95 -0.99 -1.00 -1.00 -1.00 -1.00 -1.00 -1.00
GLU-B3688_ -0.00 -0.00 -0.00 -0.03 -0.22 -0.62 -0.91 -0.99 -1.00 -1.00 -1.00 -1.00 -1.00 -1.00 -1.00
GLU-B3689_ -0.00 -0.00 -0.00 -0.02 -0.13 -0.48 -0.86 -0.98 -1.00 -1.00 -1.00 -1.00 -1.00 -1.00 -1.00
GLU-B3691_ -0.00 -0.00 -0.00 -0.02 -0.13 -0.54 -0.90 -0.98 -1.00 -1.00 -1.00 -1.00 -1.00 -1.00 -1.00
GLU-B3692_ -0.00 -0.00 -0.01 -0.06 -0.32 -0.71 -0.94 -0.99 -1.00 -1.00 -1.00 -1.00 -1.00 -1.00 -1.00
LYS+B3693_  1.00  1.00  1.00  1.00  1.00  1.00  1.00  1.00  1.00  1.00  0.99  0.94  0.68  0.24  0.06
LYS+B3694_  1.00  1.00  1.00  1.00  1.00  1.00  1.00  1.00  1.00  1.00  1.00  1.00  0.97  0.83  0.39
ASP-B3696_ -0.24 -0.71 -0.93 -0.98 -0.99 -1.00 -1.00 -1.00 -1.00 -1.00 -1.00 -1.00 -1.00 -1.00 -1.00
HIS+B3699_  1.00  0.99  0.96  0.83  0.49  0.17  0.04  0.01  0.00  0.00  0.00  0.00  0.00  0.00  0.00
HIS+B3704_  1.00  1.00  1.00  1.00  1.00  1.00  0.97  0.84  0.40  0.08  0.01  0.00  0.00  0.00  0.00
CTR-B3705_ -0.00 -0.00 -0.00 -0.00 -0.01 -0.04 -0.18 -0.55 -0.84 -0.96 -1.00 -1.00 -1.00 -1.00 -1.00
NTR+B3713_  1.00  1.00  1.00  1.00  1.00  1.00  0.98  0.90  0.54  0.14  0.02  0.00  0.00  0.00  0.00
LYS+B3713_  1.00  1.00  1.00  1.00  1.00  1.00  1.00  1.00  1.00  0.99  0.95  0.70  0.24  0.04  0.00
LYS+B3715_  1.00  1.00  1.00  1.00  1.00  1.00  1.00  1.00  1.00  0.99  0.94  0.68  0.21  0.03  0.00
ASP-B3717_ -0.08 -0.41 -0.84 -0.96 -0.99 -1.00 -1.00 -1.00 -1.00 -1.00 -1.00 -1.00 -1.00 -1.00 -1.00
GLU-B3718_ -0.00 -0.00 -0.03 -0.13 -0.36 -0.78 -0.96 -0.99 -1.00 -1.00 -1.00 -1.00 -1.00 -1.00 -1.00
ASP-B3719_ -0.00 -0.03 -0.11 -0.46 -0.83 -0.96 -0.99 -1.00 -1.00 -1.00 -1.00 -1.00 -1.00 -1.00 -1.00
TYR-B3720_ -0.00 -0.00 -0.00 -0.00 -0.00 -0.00 -0.00 -0.00 -0.00 -0.03 -0.18 -0.64 -0.93 -0.99 -1.00
TYR-B3722_ -0.00 -0.00 -0.00 -0.00 -0.00 -0.00 -0.00 -0.00 -0.00 -0.00 -0.00 -0.00 -0.00 -0.00 -0.00
TYR-B3725_ -0.00 -0.00 -0.00 -0.00 -0.00 -0.00 -0.00 -0.00 -0.00 -0.01 -0.04 -0.25 -0.73 -0.96 -0.99
ASP-B3727_ -0.00 -0.04 -0.20 -0.48 -0.72 -0.90 -0.96 -0.99 -1.00 -1.00 -1.00 -1.00 -1.00 -1.00 -1.00
LYS+B3731_  1.00  1.00  1.00  1.00  1.00  1.00  1.00  1.00  1.00  1.00  1.00  0.99  0.92  0.58  0.15
CYS-B3733_ -0.00 -0.00 -0.00 -0.00 -0.00 -0.00 -0.00 -0.00 -0.00 -0.00 -0.00 -0.00 -0.00 -0.00 -0.00
HIS+B3734_  0.99  0.93  0.81  0.69  0.54  0.37  0.23  0.09  0.02  0.01  0.00  0.00  0.00  0.00  0.00
GLU-B3736_ -1.00 -1.00 -1.00 -1.00 -1.00 -1.00 -1.00 -1.00 -1.00 -1.00 -1.00 -1.00 -1.00 -1.00 -1.00
GLU-B3737_ -0.00 -0.00 -0.02 -0.05 -0.14 -0.25 -0.49 -0.80 -0.95 -0.99 -1.00 -1.00 -1.00 -1.00 -1.00
GLU-B3740_ -0.00 -0.00 -0.00 -0.00 -0.00 -0.00 -0.00 -0.00 -0.01 -0.08 -0.35 -0.77 -0.95 -0.99 -1.00
CTR-B3741_ -0.00 -0.00 -0.02 -0.06 -0.20 -0.48 -0.78 -0.94 -0.99 -1.00 -1.00 -1.00 -1.00 -1.00 -1.00
NTR+B3747_  1.00  1.00  1.00  1.00  1.00  1.00  0.98  0.90  0.52  0.11  0.02  0.00  0.00  0.00  0.00
GLU-B3747_ -0.00 -0.00 -0.02 -0.09 -0.35 -0.73 -0.93 -0.99 -1.00 -1.00 -1.00 -1.00 -1.00 -1.00 -1.00
GLU-B3748_ -0.00 -0.00 -0.02 -0.11 -0.31 -0.61 -0.86 -0.97 -0.99 -1.00 -1.00 -1.00 -1.00 -1.00 -1.00
GLU-B3750_ -0.00 -0.01 -0.04 -0.15 -0.35 -0.63 -0.87 -0.97 -0.99 -1.00 -1.00 -1.00 -1.00 -1.00 -1.00
GLU-B3754_ -0.00 -0.00 -0.00 -0.01 -0.06 -0.16 -0.39 -0.76 -0.94 -0.99 -1.00 -1.00 -1.00 -1.00 -1.00
GLU-B3755_ -1.00 -1.00 -1.00 -1.00 -1.00 -1.00 -1.00 -1.00 -1.00 -1.00 -1.00 -1.00 -1.00 -1.00 -1.00
LYS+B3756_  1.00  1.00  1.00  1.00  1.00  1.00  1.00  1.00  1.00  1.00  1.00  1.00  0.99  0.95  0.80
GLU-B3757_ -0.01 -0.01 -0.02 -0.04 -0.08 -0.22 -0.49 -0.83 -0.96 -1.00 -1.00 -1.00 -1.00 -1.00 -1.00
GLU-B3759_ -0.00 -0.00 -0.00 -0.00 -0.00 -0.00 -0.00 -0.00 -0.00 -0.00 -0.00 -0.00 -0.00 -0.00 -0.00
LYS+B3760_  1.00  1.00  1.00  1.00  1.00  1.00  1.00  1.00  1.00  1.00  0.98  0.90  0.63  0.24  0.07
ARG+B3762_  1.00  1.00  1.00  1.00  1.00  1.00  1.00  1.00  1.00  1.00  1.00  1.00  1.00  1.00  1.00
TYR-B3765_ -0.00 -0.00 -0.00 -0.00 -0.00 -0.00 -0.00 -0.00 -0.00 -0.00 -0.01 -0.06 -0.27 -0.68 -0.93
ARG+B3769_  1.00  1.00  1.00  1.00  1.00  1.00  1.00  1.00  1.00  1.00  1.00  1.00  1.00  1.00  1.00
HIS+B3771_  1.00  1.00  1.00  1.00  1.00  1.00  0.99  0.94  0.74  0.29  0.05  0.01  0.00  0.00  0.00
ARG+B3773_  1.00  1.00  1.00  1.00  1.00  1.00  1.00  1.00  1.00  1.00  1.00  1.00  0.97  0.87  0.53
CTR-B3774_ -0.19 -0.62 -0.88 -0.94 -0.96 -0.97 -0.99 -0.99 -1.00 -1.00 -1.00 -1.00 -1.00 -1.00 -1.00
NTR+B3776_  1.00  1.00  1.00  1.00  1.00  1.00  1.00  1.00  1.00  1.00  1.00  1.00  1.00  1.00  1.00
CTR-B3776_ -0.00 -0.01 -0.03 -0.08 -0.21 -0.51 -0.78 -0.92 -0.97 -0.99 -1.00 -1.00 -1.00 -1.00 -1.00
NTR+B3778_  0.00  0.00  0.00  0.00  0.00  0.00  0.00  0.00  0.00  0.00  0.00  0.00  0.00  0.00  0.00
CTR-B3778_ -0.00 -0.01 -0.01 -0.04 -0.08 -0.15 -0.28 -0.53 -0.82 -0.94 -0.99 -1.00 -1.00 -1.00 -1.00
NTR+B3782_  1.00  1.00  1.00  1.00  1.00  1.00  1.00  1.00  1.00  1.00  1.00  0.99  0.92  0.60  0.15
CTR-B3782_ -0.00 -0.03 -0.13 -0.36 -0.62 -0.81 -0.93 -0.98 -1.00 -1.00 -1.00 -1.00 -1.00 -1.00 -1.00
NTR+B3786_  0.00  0.00  0.00  0.00  0.00  0.00  0.00  0.00  0.00  0.00  0.00  0.00  0.00  0.00  0.00
CTR-B3786_ -0.00 -0.02 -0.10 -0.29 -0.42 -0.68 -0.90 -0.97 -0.98 -0.99 -1.00 -1.00 -1.00 -1.00 -1.00
CYS-B3786_ -0.00 -0.00 -0.00 -0.00 -0.00 -0.00 -0.00 -0.00 -0.00 -0.00 -0.00 -0.00 -0.00 -0.00 -0.00
NTG+B3788_  1.00  1.00  1.00  1.00  0.99  0.99  0.98  0.95  0.83  0.47  0.12  0.02  0.00  0.00  0.00
GLU-B3789_ -0.00 -0.02 -0.11 -0.39 -0.72 -0.89 -0.98 -1.00 -1.00 -1.00 -1.00 -1.00 -1.00 -1.00 -1.00
LYS+B3799_  1.00  1.00  1.00  1.00  1.00  1.00  1.00  1.00  1.00  1.00  1.00  1.00  1.00  0.98  0.91
CTR-B3810_ -0.02 -0.13 -0.47 -0.82 -0.95 -0.98 -1.00 -1.00 -1.00 -1.00 -1.00 -1.00 -1.00 -1.00 -1.00
NTR+B3812_  1.00  1.00  1.00  1.00  1.00  1.00  1.00  1.00  1.00  0.99  0.99  0.98  0.94  0.76  0.36
CTR-B3812_ -0.00 -0.00 -0.00 -0.00 -0.00 -0.01 -0.03 -0.14 -0.51 -0.83 -0.95 -0.98 -0.99 -1.00 -1.00
NTR+B3816_  0.00  0.00  0.00  0.00  0.00  0.00  0.00  0.00  0.00  0.00  0.00  0.00  0.00  0.00  0.00
CTR-B3816_ -0.00 -0.01 -0.05 -0.21 -0.59 -0.87 -0.97 -0.99 -1.00 -1.00 -1.00 -1.00 -1.00 -1.00 -1.00
NTR+B3836_  0.00  0.00  0.00  0.00  0.00  0.00  0.00  0.00  0.00  0.00  0.00  0.00  0.00  0.00  0.00
CTR-B3836_ -0.07 -0.37 -0.80 -0.94 -0.95 -0.97 -1.00 -0.96 -0.97 -0.99 -0.99 -1.00 -1.00 -1.00 -1.00
NTR+B3838_  1.00  0.99  0.98  0.98  0.97  0.97  0.99  0.92  0.75  0.41  0.15  0.03  0.00  0.00  0.00
CYS-B3839_ -0.00 -0.00 -0.00 -0.00 -0.00 -0.00 -0.00 -0.00 -0.00 -0.00 -0.00 -0.00 -0.00 -0.00 -0.00
ASP-B3843_ -0.00 -0.00 -0.01 -0.08 -0.34 -0.75 -0.94 -0.99 -1.00 -1.00 -1.00 -1.00 -1.00 -1.00 -1.00
GLU-B3848_ -0.00 -0.00 -0.00 -0.01 -0.05 -0.21 -0.63 -0.91 -0.98 -1.00 -1.00 -1.00 -1.00 -1.00 -1.00
ARG+B3849_  1.00  1.00  1.00  1.00  1.00  1.00  1.00  1.00  1.00  1.00  1.00  0.98  0.92  0.57  0.13
LYS+B3852_  1.00  1.00  1.00  1.00  1.00  1.00  1.00  1.00  1.00  0.98  0.87  0.44  0.08  0.01  0.00
GLU-B3854_ -0.00 -0.00 -0.02 -0.08 -0.23 -0.64 -0.89 -0.98 -1.00 -1.00 -1.00 -1.00 -1.00 -1.00 -1.00
GLU-B3861_ -0.00 -0.00 -0.01 -0.09 -0.48 -0.88 -0.97 -0.99 -1.00 -1.00 -1.00 -1.00 -1.00 -1.00 -1.00
ASP-B3862_ -0.00 -0.00 -0.00 -0.00 -0.02 -0.09 -0.42 -0.87 -0.98 -1.00 -1.00 -1.00 -1.00 -1.00 -1.00
ARG+B3868_  0.00  0.00  0.00  0.00  0.00  0.00  0.00  0.00  0.00  0.00  0.00  0.00  0.00  0.00  0.00
GLU-B3872_ -0.00 -0.00 -0.03 -0.16 -0.48 -0.80 -0.95 -0.99 -1.00 -1.00 -1.00 -1.00 -1.00 -1.00 -1.00
LYS+B3873_  1.00  1.00  1.00  1.00  1.00  0.98  0.92  0.60  0.17  0.03  0.00  0.00  0.00  0.00  0.00
ASP-B3877_ -0.00 -0.00 -0.00 -0.00 -0.00 -0.00 -0.01 -0.04 -0.13 -0.28 -0.56 -0.88 -0.98 -1.00 -1.00
ASP-B3878_ -0.00 -0.02 -0.12 -0.31 -0.55 -0.77 -0.86 -0.92 -0.95 -0.99 -1.00 -1.00 -1.00 -1.00 -1.00
GLU-B3879_ -0.00 -0.02 -0.10 -0.33 -0.63 -0.83 -0.95 -0.99 -1.00 -1.00 -1.00 -1.00 -1.00 -1.00 -1.00
ASP-B3883_ -0.00 -0.00 -0.00 -0.00 -0.00 -0.01 -0.01 -0.03 -0.08 -0.28 -0.65 -0.90 -0.98 -1.00 -1.00
CTR-B3885_ -0.38 -0.75 -0.90 -0.96 -0.98 -0.98 -0.99 -0.99 -1.00 -1.00 -1.00 -1.00 -1.00 -1.00 -1.00
NTR+B3887_  1.00  1.00  1.00  1.00  1.00  1.00  1.00  1.00  1.00  1.00  1.00  1.00  1.00  1.00  1.00
CTR-B3887_ -0.03 -0.05 -0.08 -0.12 -0.28 -0.51 -0.79 -0.92 -0.97 -0.99 -1.00 -1.00 -1.00 -1.00 -1.00
NTR+B3890_  1.00  1.00  1.00  1.00  1.00  1.00  1.00  1.00  1.00  1.00  1.00  1.00  1.00  0.99  0.92
CTR-B3890_ -0.12 -0.39 -0.73 -0.84 -0.89 -0.90 -0.92 -0.93 -0.93 -0.94 -0.97 -0.99 -1.00 -1.00 -1.00
NTR+B3892_  1.00  0.99  0.98  0.97  0.96  0.94  0.93  0.89  0.82  0.61  0.29  0.09  0.02  0.00  0.00
CYS-B3892_ -0.00 -0.00 -0.00 -0.00 -0.00 -0.00 -0.00 -0.00 -0.00 -0.00 -0.00 -0.00 -0.00 -0.00 -0.02
GLU-B3893_ -0.00 -0.00 -0.00 -0.01 -0.07 -0.16 -0.26 -0.41 -0.51 -0.51 -0.62 -0.82 -0.96 -0.99 -1.00
CTR-B3893_ -0.00 -0.00 -0.02 -0.06 -0.29 -0.60 -0.79 -0.92 -0.97 -0.99 -1.00 -1.00 -1.00 -1.00 -1.00
NTR+B3901_  1.00  1.00  1.00  1.00  1.00  1.00  1.00  1.00  0.99  0.92  0.63  0.19  0.03  0.00  0.00
CTR-B3901_ -0.01 -0.04 -0.23 -0.66 -0.92 -0.99 -1.00 -1.00 -1.00 -1.00 -1.00 -1.00 -1.00 -1.00 -1.00
NTR+B3922_  0.00  0.00  0.00  0.00  0.00  0.00  0.00  0.00  0.00  0.00  0.00  0.00  0.00  0.00  0.00
CTR-B3922_ -0.02 -0.09 -0.27 -0.53 -0.71 -0.81 -0.85 -0.89 -0.94 -0.98 -1.00 -1.00 -1.00 -1.00 -1.00
TYR-B3922_ -0.00 -0.00 -0.00 -0.00 -0.00 -0.00 -0.00 -0.00 -0.00 -0.00 -0.00 -0.00 -0.00 -0.00 -0.00
NTR+B3925_  1.00  1.00  1.00  1.00  1.00  1.00  1.00  1.00  1.00  1.00  0.99  0.99  0.93  0.59  0.16
CTR-B3925_ -0.11 -0.15 -0.21 -0.25 -0.23 -0.23 -0.27 -0.46 -0.70 -0.91 -0.97 -0.99 -1.00 -1.00 -1.00
ARG+B3925_  1.00  1.00  1.00  1.00  1.00  1.00  1.00  1.00  1.00  1.00  1.00  1.00  1.00  0.99  0.98
NTR+B3927_  0.10  0.11  0.09  0.05  0.03  0.03  0.02  0.02  0.01  0.00  0.00  0.00  0.00  0.00  0.00
GLU-B3928_ -0.00 -0.01 -0.09 -0.38 -0.72 -0.91 -0.98 -1.00 -1.00 -1.00 -1.00 -1.00 -1.00 -1.00 -1.00
ASP-B3932_ -0.00 -0.00 -0.01 -0.07 -0.22 -0.54 -0.86 -0.97 -1.00 -1.00 -1.00 -1.00 -1.00 -1.00 -1.00
TYR-B3934_ -0.00 -0.00 -0.00 -0.00 -0.00 -0.00 -0.00 -0.00 -0.01 -0.02 -0.11 -0.41 -0.83 -0.96 -0.99
TYR-B3936_ -0.00 -0.00 -0.00 -0.00 -0.00 -0.00 -0.00 -0.00 -0.00 -0.00 -0.00 -0.01 -0.07 -0.35 -0.80
TYR-B3937_ -0.00 -0.00 -0.00 -0.00 -0.00 -0.00 -0.00 -0.00 -0.00 -0.00 -0.00 -0.00 -0.00 -0.00 -0.01
LYS+B3940_  1.00  1.00  1.00  1.00  1.00  1.00  1.00  1.00  0.94  0.68  0.23  0.05  0.01  0.00  0.00
ASP-B3941_ -0.00 -0.03 -0.14 -0.51 -0.86 -0.97 -1.00 -1.00 -1.00 -1.00 -1.00 -1.00 -1.00 -1.00 -1.00
GLU-B3944_ -0.01 -0.06 -0.32 -0.72 -0.92 -0.98 -1.00 -1.00 -1.00 -1.00 -1.00 -1.00 -1.00 -1.00 -1.00
GLU-B3945_ -0.00 -0.02 -0.08 -0.30 -0.65 -0.84 -0.96 -0.99 -1.00 -1.00 -1.00 -1.00 -1.00 -1.00 -1.00
LYS+B3948_  1.00  1.00  1.00  1.00  1.00  1.00  1.00  1.00  0.98  0.88  0.51  0.13  0.02  0.00  0.00
ARG+B3949_  1.00  1.00  1.00  1.00  1.00  1.00  1.00  1.00  1.00  1.00  1.00  1.00  1.00  0.98  0.88
LYS+B3953_  1.00  1.00  0.99  0.97  0.95  0.93  0.87  0.72  0.39  0.12  0.03  0.01  0.00  0.00  0.00
LYS+B3959_  1.00  1.00  1.00  1.00  1.00  1.00  1.00  1.00  1.00  1.00  1.00  1.00  0.99  0.94  0.74
CTR-B3959_ -0.00 -0.00 -0.01 -0.02 -0.05 -0.13 -0.25 -0.46 -0.74 -0.93 -0.98 -1.00 -1.00 -1.00 -1.00
NTR+B3967_  0.00  0.00  0.00  0.00  0.00  0.00  0.00  0.00  0.00  0.00  0.00  0.00  0.00  0.00  0.00
CTR-B3967_ -0.00 -0.00 -0.02 -0.10 -0.36 -0.70 -0.91 -0.98 -1.00 -1.00 -1.00 -1.00 -1.00 -1.00 -1.00
GLU-B3967_ -0.00 -0.00 -0.00 -0.01 -0.11 -0.14 -0.18 -0.31 -0.42 -0.54 -0.64 -0.82 -0.96 -0.99 -1.00
NTR+B3986_  1.00  1.00  1.00  0.99  0.98  0.92  0.76  0.41  0.10  0.02  0.00  0.00  0.00  0.00  0.00
ASP-B3987_ -0.00 -0.02 -0.13 -0.44 -0.77 -0.92 -0.98 -1.00 -1.00 -1.00 -1.00 -1.00 -1.00 -1.00 -1.00
CTR-B3988_ -0.01 -0.03 -0.07 -0.14 -0.28 -0.46 -0.71 -0.86 -0.94 -0.99 -1.00 -1.00 -1.00 -1.00 -1.00
NTR+B3993_  0.88  0.52  0.20  0.10  0.06  0.03  0.02  0.01  0.00  0.00  0.00  0.00  0.00  0.00  0.00
HIS+B3994_  1.00  1.00  1.00  1.00  0.98  0.95  0.89  0.73  0.38  0.08  0.01  0.00  0.00  0.00  0.00
HIS+B3998_  1.00  1.00  1.00  0.99  0.95  0.80  0.47  0.19  0.06  0.01  0.00  0.00  0.00  0.00  0.00
LYS+B4002_  1.00  1.00  1.00  1.00  1.00  1.00  1.00  1.00  1.00  1.00  0.99  0.99  0.98  0.96  0.86
ASP-B4006_ -0.04 -0.26 -0.68 -0.89 -0.96 -0.99 -1.00 -1.00 -1.00 -1.00 -1.00 -1.00 -1.00 -1.00 -1.00
GLU-B4011_ -0.01 -0.07 -0.29 -0.68 -0.88 -0.95 -0.99 -1.00 -1.00 -1.00 -1.00 -1.00 -1.00 -1.00 -1.00
LYS+B4014_  1.00  1.00  1.00  1.00  1.00  1.00  1.00  1.00  1.00  1.00  1.00  0.99  0.93  0.64  0.19
GLU-B4015_ -0.00 -0.01 -0.04 -0.10 -0.22 -0.42 -0.67 -0.88 -0.96 -1.00 -1.00 -1.00 -1.00 -1.00 -1.00
ASP-B4018_ -0.00 -0.03 -0.11 -0.22 -0.40 -0.57 -0.75 -0.87 -0.95 -1.00 -1.00 -1.00 -1.00 -1.00 -1.00
LYS+B4021_  1.00  1.00  1.00  1.00  1.00  1.00  1.00  1.00  1.00  1.00  1.00  1.00  0.99  0.95  0.79
ASP-B4022_ -0.00 -0.00 -0.03 -0.12 -0.28 -0.51 -0.69 -0.86 -0.95 -0.99 -1.00 -1.00 -1.00 -1.00 -1.00
CTR-B4023_ -0.00 -0.00 -0.01 -0.02 -0.07 -0.20 -0.45 -0.77 -0.94 -0.99 -1.00 -1.00 -1.00 -1.00 -1.00
NTG+B4033_  1.00  1.00  1.00  1.00  1.00  1.00  1.00  1.00  0.99  0.92  0.59  0.18  0.03  0.00  0.00
CTR-B4033_ -0.01 -0.07 -0.37 -0.78 -0.93 -0.99 -1.00 -1.00 -1.00 -1.00 -1.00 -1.00 -1.00 -1.00 -1.00
NTR+B4039_  1.00  1.00  0.99  0.97  0.86  0.50  0.13  0.02  0.00  0.00  0.00  0.00  0.00  0.00  0.00
ARG+B4042_  1.00  1.00  1.00  1.00  1.00  1.00  1.00  1.00  1.00  1.00  1.00  0.98  0.85  0.41  0.09
ASP-B4046_ -0.00 -0.01 -0.07 -0.34 -0.73 -0.93 -0.99 -1.00 -1.00 -1.00 -1.00 -1.00 -1.00 -1.00 -1.00
GLU-B4050_ -0.00 -0.01 -0.04 -0.15 -0.34 -0.66 -0.90 -0.97 -1.00 -1.00 -1.00 -1.00 -1.00 -1.00 -1.00
GLU-B4056_ -0.00 -0.00 -0.01 -0.04 -0.22 -0.58 -0.90 -0.98 -1.00 -1.00 -1.00 -1.00 -1.00 -1.00 -1.00
LYS+B4060_  1.00  1.00  1.00  1.00  1.00  1.00  1.00  1.00  0.99  0.96  0.79  0.32  0.06  0.01  0.00
CTR-B4062_ -0.11 -0.39 -0.61 -0.81 -0.92 -0.97 -0.99 -1.00 -1.00 -1.00 -1.00 -1.00 -1.00 -1.00 -1.00
NTR+B4063_  0.97  0.90  0.89  0.96  0.99  1.00  1.00  1.00  1.00  1.00  1.00  1.00  1.00  0.98  0.90
ASP-B4063_ -0.06 -0.23 -0.51 -0.81 -0.94 -0.99 -1.00 -1.00 -1.00 -1.00 -1.00 -1.00 -1.00 -1.00 -1.00
LYS+B4067_  1.00  1.00  1.00  1.00  1.00  1.00  0.99  0.93  0.59  0.14  0.02  0.01  0.00  0.00  0.00
LYS+B4069_  1.00  1.00  1.00  1.00  1.00  1.00  1.00  1.00  1.00  1.00  0.97  0.78  0.29  0.04  0.01
ASP-B4070_ -0.00 -0.01 -0.06 -0.28 -0.69 -0.93 -0.99 -1.00 -1.00 -1.00 -1.00 -1.00 -1.00 -1.00 -1.00
GLU-B4075_ -0.00 -0.00 -0.01 -0.05 -0.31 -0.68 -0.94 -0.99 -1.00 -1.00 -1.00 -1.00 -1.00 -1.00 -1.00
ASP-B4079_ -0.00 -0.00 -0.00 -0.03 -0.20 -0.62 -0.90 -0.99 -1.00 -1.00 -1.00 -1.00 -1.00 -1.00 -1.00
TYR-B4080_ -0.00 -0.00 -0.00 -0.00 -0.00 -0.00 -0.00 -0.00 -0.00 -0.00 -0.00 -0.00 -0.00 -0.00 -0.00
ASP-B4083_ -0.00 -0.06 -0.36 -0.82 -0.94 -0.98 -1.00 -1.00 -1.00 -1.00 -1.00 -1.00 -1.00 -1.00 -1.00
ARG+B4085_  1.00  1.00  1.00  1.00  1.00  1.00  1.00  1.00  1.00  1.00  0.99  0.96  0.74  0.21  0.03
LYS+B4090_  1.00  1.00  1.00  1.00  1.00  1.00  1.00  1.00  1.00  0.96  0.76  0.36  0.08  0.01  0.00
LYS+B4091_  1.00  1.00  1.00  1.00  1.00  1.00  1.00  1.00  1.00  0.96  0.77  0.36  0.08  0.01  0.00
ASP-B4092_ -0.00 -0.00 -0.02 -0.07 -0.26 -0.69 -0.93 -1.00 -1.00 -1.00 -1.00 -1.00 -1.00 -1.00 -1.00
LYS+B4095_  1.00  1.00  1.00  1.00  1.00  1.00  1.00  1.00  1.00  0.98  0.86  0.44  0.08  0.01  0.00
ASP-B4098_ -0.00 -0.00 -0.03 -0.25 -0.72 -0.95 -0.99 -1.00 -1.00 -1.00 -1.00 -1.00 -1.00 -1.00 -1.00
LYS+B4101_  1.00  1.00  1.00  1.00  1.00  1.00  1.00  1.00  1.00  0.99  0.87  0.46  0.09  0.01  0.00
GLU-B4107_ -0.00 -0.01 -0.05 -0.23 -0.64 -0.90 -0.97 -1.00 -1.00 -1.00 -1.00 -1.00 -1.00 -1.00 -1.00
CYS-B4114_ -0.00 -0.00 -0.00 -0.00 -0.00 -0.00 -0.00 -0.00 -0.00 -0.00 -0.00 -0.00 -0.00 -0.00 -0.00
GLU-B4116_ -0.00 -0.00 -0.03 -0.09 -0.31 -0.64 -0.86 -0.97 -0.99 -1.00 -1.00 -1.00 -1.00 -1.00 -1.00
ASP-B4118_ -0.00 -0.00 -0.00 -0.01 -0.04 -0.17 -0.45 -0.85 -0.98 -1.00 -1.00 -1.00 -1.00 -1.00 -1.00
GLU-B4119_ -0.00 -0.00 -0.02 -0.16 -0.58 -0.90 -0.98 -1.00 -1.00 -1.00 -1.00 -1.00 -1.00 -1.00 -1.00
GLU-B4121_ -0.00 -0.00 -0.00 -0.02 -0.10 -0.38 -0.77 -0.95 -0.99 -1.00 -1.00 -1.00 -1.00 -1.00 -1.00
GLU-B4126_ -0.00 -0.00 -0.01 -0.07 -0.31 -0.71 -0.94 -0.99 -1.00 -1.00 -1.00 -1.00 -1.00 -1.00 -1.00
GLU-B4127_ -0.00 -0.00 -0.02 -0.07 -0.19 -0.35 -0.62 -0.89 -0.98 -1.00 -1.00 -1.00 -1.00 -1.00 -1.00
ARG+B4131_  1.00  1.00  1.00  1.00  1.00  1.00  1.00  1.00  1.00  1.00  1.00  1.00  1.00  1.00  1.00
GLU-B4134_ -0.01 -0.07 -0.26 -0.63 -0.82 -0.92 -0.97 -0.99 -1.00 -1.00 -1.00 -1.00 -1.00 -1.00 -1.00
ARG+B4137_  1.00  1.00  1.00  1.00  1.00  1.00  1.00  1.00  1.00  1.00  1.00  1.00  0.99  0.97  0.81
ASP-B4138_ -0.00 -0.00 -0.02 -0.05 -0.07 -0.11 -0.17 -0.40 -0.76 -0.95 -1.00 -1.00 -1.00 -1.00 -1.00
CTR-B4138_ -0.02 -0.12 -0.41 -0.65 -0.79 -0.87 -0.93 -0.96 -0.99 -1.00 -1.00 -1.00 -1.00 -1.00 -1.00
NTG+B4140_  1.00  1.00  1.00  1.00  1.00  1.00  1.00  1.00  1.00  1.00  1.00  1.00  1.00  0.99  0.97
CTR-B4140_ -0.00 -0.03 -0.09 -0.24 -0.49 -0.77 -0.94 -0.99 -1.00 -1.00 -1.00 -1.00 -1.00 -1.00 -1.00
NTR+B4159_  1.00  1.00  0.99  0.90  0.57  0.16  0.03  0.00  0.00  0.00  0.00  0.00  0.00  0.00  0.00
ARG+B4159_  1.00  1.00  1.00  1.00  1.00  1.00  1.00  1.00  1.00  1.00  1.00  0.98  0.87  0.45  0.10
ARG+B4161_  1.00  1.00  1.00  1.00  1.00  1.00  1.00  1.00  1.00  1.00  1.00  0.99  0.92  0.61  0.16
CTR-B4163_ -0.00 -0.00 -0.01 -0.03 -0.12 -0.42 -0.83 -0.97 -1.00 -1.00 -1.00 -1.00 -1.00 -1.00 -1.00
NTR+B4190_  1.00  1.00  1.00  1.00  0.99  0.93  0.76  0.37  0.08  0.01  0.00  0.00  0.00  0.00  0.00
GLU-B4191_ -0.00 -0.01 -0.05 -0.19 -0.58 -0.89 -0.98 -1.00 -1.00 -1.00 -1.00 -1.00 -1.00 -1.00 -1.00
ARG+B4192_  1.00  1.00  1.00  1.00  1.00  1.00  1.00  1.00  1.00  1.00  1.00  1.00  0.99  0.90  0.50
TYR-B4194_ -0.00 -0.00 -0.00 -0.00 -0.00 -0.00 -0.00 -0.00 -0.00 -0.02 -0.11 -0.43 -0.84 -0.97 -1.00
CTR-B4194_ -0.00 -0.00 -0.06 -0.24 -0.59 -0.88 -0.98 -1.00 -1.00 -1.00 -1.00 -1.00 -1.00 -1.00 -1.00
NTR+B4205_  1.00  1.00  1.00  1.00  0.99  0.93  0.72  0.27  0.05  0.01  0.00  0.00  0.00  0.00  0.00
GLU-B4206_ -0.00 -0.00 -0.03 -0.20 -0.63 -0.90 -0.99 -1.00 -1.00 -1.00 -1.00 -1.00 -1.00 -1.00 -1.00
CTR-B4209_ -0.00 -0.00 -0.00 -0.02 -0.04 -0.08 -0.22 -0.51 -0.79 -0.95 -0.99 -1.00 -1.00 -1.00 -1.00
NTR+B4212_  0.00  0.00  0.00  0.00  0.00  0.00  0.00  0.00  0.00  0.00  0.00  0.00  0.00  0.00  0.00
CTR-B4212_ -0.00 -0.00 -0.01 -0.05 -0.10 -0.10 -0.18 -0.43 -0.76 -0.95 -0.99 -1.00 -1.00 -1.00 -1.00
GLU-B4212_ -0.00 -0.00 -0.01 -0.06 -0.25 -0.64 -0.90 -0.96 -0.99 -1.00 -1.00 -1.00 -1.00 -1.00 -1.00
NTR+B4215_  0.00  0.00  0.00  0.00  0.00  0.00  0.00  0.00  0.00  0.00  0.00  0.00  0.00  0.00  0.00
CTR-B4215_ -0.00 -0.01 -0.05 -0.28 -0.62 -0.88 -0.96 -0.99 -0.99 -1.00 -1.00 -1.00 -1.00 -1.00 -1.00
ARG+B4215_  1.00  1.00  1.00  1.00  1.00  1.00  1.00  1.00  1.00  1.00  1.00  1.00  1.00  0.97  0.80
NTR+B4223_  0.00  0.00  0.00  0.00  0.00  0.00  0.00  0.00  0.00  0.00  0.00  0.00  0.00  0.00  0.00
CTR-B4223_ -0.00 -0.00 -0.02 -0.13 -0.56 -0.90 -0.98 -1.00 -1.00 -1.00 -1.00 -1.00 -1.00 -1.00 -1.00
NTR+B4238_  1.00  1.00  1.00  0.98  0.95  0.77  0.38  0.15  0.09  0.04  0.01  0.00  0.00  0.00  0.00
CYS-B4238_ -0.00 -0.00 -0.00 -0.00 -0.00 -0.02 -0.06 -0.11 -0.25 -0.62 -0.90 -0.98 -1.00 -1.00 -1.00
GLU-B4239_ -0.04 -0.18 -0.51 -0.83 -0.95 -0.99 -1.00 -1.00 -1.00 -1.00 -1.00 -1.00 -1.00 -1.00 -1.00
ASP-B4240_ -0.10 -0.34 -0.72 -0.90 -0.96 -0.99 -1.00 -1.00 -1.00 -1.00 -1.00 -1.00 -1.00 -1.00 -1.00
GLU-B4244_ -0.00 -0.02 -0.09 -0.32 -0.67 -0.88 -0.94 -0.97 -0.99 -1.00 -1.00 -1.00 -1.00 -1.00 -1.00
GLU-B4253_ -0.00 -0.00 -0.02 -0.13 -0.42 -0.83 -0.97 -1.00 -1.00 -1.00 -1.00 -1.00 -1.00 -1.00 -1.00
CTR-B4253_ -0.00 -0.00 -0.03 -0.20 -0.57 -0.87 -0.98 -1.00 -1.00 -1.00 -1.00 -1.00 -1.00 -1.00 -1.00
NTR+B4540_  1.00  1.00  1.00  1.00  0.97  0.83  0.38  0.06  0.01  0.00  0.00  0.00  0.00  0.00  0.00
GLU-B4543_ -0.00 -0.00 -0.01 -0.11 -0.49 -0.88 -0.98 -1.00 -1.00 -1.00 -1.00 -1.00 -1.00 -1.00 -1.00
GLU-B4545_ -0.00 -0.01 -0.08 -0.45 -0.82 -0.96 -1.00 -1.00 -1.00 -1.00 -1.00 -1.00 -1.00 -1.00 -1.00
ARG+B4548_  1.00  1.00  1.00  1.00  1.00  0.99  0.94  0.65  0.17  0.02  0.00  0.00  0.00  0.00  0.00
LYS+B4550_  1.00  1.00  1.00  1.00  1.00  1.00  1.00  1.00  1.00  0.98  0.85  0.43  0.08  0.01  0.00
TYR-B4554_ -0.00 -0.00 -0.00 -0.00 -0.00 -0.00 -0.00 -0.00 -0.01 -0.06 -0.35 -0.80 -0.97 -1.00 -1.00
ARG+B4557_  1.00  1.00  1.00  1.00  1.00  1.00  1.00  1.00  1.00  1.00  1.00  1.00  1.00  0.96  0.79
TYR-B4560_ -0.00 -0.00 -0.00 -0.00 -0.00 -0.00 -0.00 -0.00 -0.01 -0.03 -0.15 -0.42 -0.80 -0.96 -0.99
ARG+B4563_  1.00  1.00  1.00  1.00  1.00  1.00  1.00  1.00  1.00  1.00  1.00  1.00  1.00  0.97  0.81
TYR-B4580_ -0.00 -0.00 -0.00 -0.00 -0.00 -0.00 -0.00 -0.00 -0.00 -0.00 -0.01 -0.07 -0.35 -0.82 -0.98
LYS+B4581_  1.00  1.00  1.00  1.00  1.00  1.00  1.00  1.00  1.00  0.99  0.89  0.53  0.15  0.02  0.00
ASP-B4584_ -0.00 -0.00 -0.00 -0.02 -0.19 -0.68 -0.95 -0.99 -1.00 -1.00 -1.00 -1.00 -1.00 -1.00 -1.00
CTR-B4587_ -0.00 -0.00 -0.00 -0.04 -0.30 -0.74 -0.97 -1.00 -1.00 -1.00 -1.00 -1.00 -1.00 -1.00 -1.00
NTR+B4626_  1.00  1.00  1.00  1.00  1.00  1.00  0.99  0.91  0.51  0.10  0.01  0.00  0.00  0.00  0.00
TYR-B4629_ -0.00 -0.00 -0.00 -0.00 -0.00 -0.00 -0.00 -0.00 -0.01 -0.07 -0.38 -0.83 -0.98 -1.00 -1.00
TYR-B4630_ -0.00 -0.00 -0.00 -0.00 -0.00 -0.00 -0.00 -0.00 -0.00 -0.01 -0.06 -0.33 -0.75 -0.96 -0.99
GLU-B4633_ -0.00 -0.00 -0.00 -0.04 -0.24 -0.63 -0.89 -0.99 -1.00 -1.00 -1.00 -1.00 -1.00 -1.00 -1.00
GLU-B4634_ -0.00 -0.00 -0.00 -0.01 -0.09 -0.40 -0.85 -0.98 -1.00 -1.00 -1.00 -1.00 -1.00 -1.00 -1.00
TYR-B4638_ -0.00 -0.00 -0.00 -0.00 -0.00 -0.00 -0.00 -0.00 -0.02 -0.13 -0.59 -0.93 -0.99 -1.00 -1.00
GLU-B4640_ -0.00 -0.00 -0.00 -0.02 -0.13 -0.49 -0.85 -0.98 -1.00 -1.00 -1.00 -1.00 -1.00 -1.00 -1.00
CYS-B4645_ -0.00 -0.00 -0.00 -0.00 -0.00 -0.00 -0.00 -0.00 -0.05 -0.30 -0.79 -0.97 -1.00 -1.00 -1.00
HIS+B4650_  0.10  0.02  0.02  0.10  0.09  0.08  0.04  0.01  0.00  0.00  0.00  0.00  0.00  0.00  0.00
CYS-B4657_ -0.00 -0.00 -0.00 -0.00 -0.00 -0.00 -0.00 -0.00 -0.00 -0.00 -0.00 -0.00 -0.00 -0.01 -0.03
TYR-B4661_ -0.00 -0.00 -0.00 -0.00 -0.00 -0.00 -0.00 -0.00 -0.00 -0.00 -0.00 -0.00 -0.00 -0.00 -0.00
CYS-B4663_ -0.00 -0.00 -0.00 -0.00 -0.00 -0.00 -0.00 -0.00 -0.00 -0.00 -0.04 -0.17 -0.55 -0.88 -0.97
LYS+B4665_  1.00  1.00  1.00  1.00  1.00  1.00  1.00  1.00  0.98  0.88  0.61  0.32  0.15  0.04  0.01
LYS+B4672_  1.00  1.00  1.00  1.00  1.00  1.00  1.00  1.00  0.99  0.97  0.88  0.70  0.41  0.14  0.03
ARG+B4673_  1.00  1.00  1.00  1.00  1.00  1.00  1.00  1.00  1.00  1.00  1.00  1.00  1.00  1.00  1.00
GLU-B4674_ -0.00 -0.00 -0.00 -0.00 -0.00 -0.00 -0.01 -0.01 -0.04 -0.13 -0.24 -0.40 -0.53 -0.63 -0.76
LYS+B4675_  1.00  1.00  1.00  1.00  1.00  1.00  1.00  1.00  1.00  0.99  0.97  0.87  0.63  0.30  0.08
GLU-B4676_ -0.27 -0.68 -0.91 -0.97 -0.99 -1.00 -1.00 -1.00 -1.00 -1.00 -1.00 -1.00 -1.00 -1.00 -1.00
ARG+B4679_  1.00  1.00  1.00  1.00  1.00  1.00  1.00  1.00  1.00  1.00  1.00  1.00  0.99  0.97  0.92
LYS+B4680_  1.00  1.00  1.00  1.00  1.00  1.00  1.00  1.00  1.00  0.99  0.97  0.87  0.57  0.18  0.03
GLU-B4682_ -0.00 -0.00 -0.01 -0.04 -0.05 -0.11 -0.31 -0.73 -0.95 -0.99 -0.99 -1.00 -1.00 -1.00 -1.00
ASP-B4684_ -0.00 -0.01 -0.07 -0.33 -0.70 -0.92 -0.99 -1.00 -1.00 -1.00 -1.00 -1.00 -1.00 -1.00 -1.00
TYR-B4687_ -0.00 -0.00 -0.00 -0.00 -0.00 -0.00 -0.00 -0.00 -0.00 -0.00 -0.00 -0.00 -0.00 -0.00 -0.00
GLU-B4690_ -0.00 -0.00 -0.02 -0.09 -0.40 -0.80 -0.96 -0.99 -1.00 -1.00 -1.00 -1.00 -1.00 -1.00 -1.00
ASP-B4694_ -0.00 -0.00 -0.00 -0.02 -0.13 -0.46 -0.87 -0.98 -1.00 -1.00 -1.00 -1.00 -1.00 -1.00 -1.00
ASP-B4695_ -0.00 -0.00 -0.02 -0.12 -0.46 -0.86 -0.97 -1.00 -1.00 -1.00 -1.00 -1.00 -1.00 -1.00 -1.00
ASP-B4696_ -0.00 -0.03 -0.17 -0.60 -0.89 -0.97 -1.00 -1.00 -1.00 -1.00 -1.00 -1.00 -1.00 -1.00 -1.00
LYS+B4698_  1.00  1.00  1.00  1.00  1.00  1.00  1.00  1.00  0.97  0.82  0.41  0.12  0.04  0.01  0.00
ASP-B4702_ -0.00 -0.01 -0.06 -0.17 -0.43 -0.77 -0.94 -0.99 -1.00 -1.00 -1.00 -1.00 -1.00 -1.00 -1.00
ARG+B4703_  1.00  1.00  1.00  1.00  1.00  1.00  1.00  1.00  1.00  1.00  1.00  0.98  0.88  0.49  0.11
TYR-B4715_ -0.00 -0.00 -0.00 -0.00 -0.00 -0.00 -0.00 -0.00 -0.00 -0.01 -0.04 -0.16 -0.31 -0.47 -0.60
ASP-B4717_ -0.41 -0.82 -0.94 -0.97 -0.98 -0.99 -1.00 -1.00 -1.00 -1.00 -1.00 -1.00 -1.00 -1.00 -1.00
LYS+B4718_  1.00  1.00  1.00  1.00  1.00  1.00  1.00  1.00  1.00  1.00  1.00  0.99  0.96  0.84  0.53
LYS+B4721_  1.00  1.00  1.00  1.00  0.99  0.99  0.97  0.95  0.82  0.45  0.19  0.08  0.02  0.01  0.00
ARG+B4722_  1.00  1.00  1.00  1.00  1.00  1.00  1.00  1.00  1.00  1.00  1.00  1.00  0.99  0.98  0.92
LYS+B4723_  1.00  1.00  1.00  1.00  1.00  1.00  1.00  1.00  1.00  1.00  1.00  0.98  0.92  0.74  0.41
ASP-B4726_ -0.01 -0.05 -0.26 -0.61 -0.88 -0.97 -0.99 -1.00 -1.00 -1.00 -1.00 -1.00 -1.00 -1.00 -1.00
LYS+B4727_  1.00  1.00  1.00  1.00  1.00  1.00  1.00  1.00  1.00  0.98  0.87  0.47  0.11  0.02  0.00
HIS+B4728_  1.00  0.98  0.89  0.63  0.29  0.09  0.03  0.01  0.00  0.00  0.00  0.00  0.00  0.00  0.00
ASP-B4730_ -0.00 -0.01 -0.11 -0.41 -0.82 -0.97 -1.00 -1.00 -1.00 -1.00 -1.00 -1.00 -1.00 -1.00 -1.00
ARG+B4734_  1.00  1.00  1.00  1.00  1.00  1.00  1.00  1.00  1.00  1.00  1.00  1.00  0.99  0.92  0.64
GLU-B4735_ -0.00 -0.01 -0.09 -0.41 -0.81 -0.97 -0.99 -1.00 -1.00 -1.00 -1.00 -1.00 -1.00 -1.00 -1.00
ARG+B4736_  1.00  1.00  1.00  1.00  1.00  1.00  1.00  1.00  1.00  1.00  1.00  0.99  0.96  0.72  0.23
GLU-B4739_ -0.00 -0.00 -0.01 -0.05 -0.24 -0.67 -0.92 -0.99 -1.00 -1.00 -1.00 -1.00 -1.00 -1.00 -1.00
ASP-B4744_ -0.00 -0.00 -0.01 -0.05 -0.18 -0.47 -0.80 -0.95 -1.00 -1.00 -1.00 -1.00 -1.00 -1.00 -1.00
GLU-B4749_ -0.00 -0.01 -0.05 -0.22 -0.52 -0.73 -0.86 -0.95 -0.99 -1.00 -1.00 -1.00 -1.00 -1.00 -1.00
HIS+B4753_  1.00  1.00  0.98  0.94  0.86  0.71  0.49  0.22  0.05  0.01  0.00  0.00  0.00  0.00  0.00
GLU-B4755_ -0.00 -0.01 -0.07 -0.21 -0.50 -0.81 -0.95 -0.99 -1.00 -1.00 -1.00 -1.00 -1.00 -1.00 -1.00
ARG+B4756_  0.00  0.00  0.00  0.00  0.00  0.00  0.00  0.00  0.00  0.00  0.00  0.00  0.00  0.00  0.00
LYS+B4757_  1.00  1.00  1.00  1.00  1.00  1.00  1.00  1.00  1.00  1.00  0.99  0.95  0.75  0.31  0.06
ASP-B4759_ -0.00 -0.00 -0.01 -0.04 -0.19 -0.60 -0.90 -0.98 -1.00 -1.00 -1.00 -1.00 -1.00 -1.00 -1.00
ASP-B4772_ -0.00 -0.03 -0.23 -0.67 -0.91 -0.98 -1.00 -1.00 -1.00 -1.00 -1.00 -1.00 -1.00 -1.00 -1.00
LYS+B4774_  1.00  1.00  1.00  1.00  1.00  1.00  1.00  1.00  1.00  0.97  0.77  0.28  0.05  0.01  0.00
TYR-B4775_ -0.00 -0.00 -0.00 -0.00 -0.00 -0.00 -0.00 -0.00 -0.00 -0.00 -0.00 -0.00 -0.00 -0.00 -0.00
LYS+B4779_  1.00  1.00  1.00  1.00  1.00  1.00  1.00  1.00  1.00  0.99  0.95  0.78  0.45  0.14  0.03
ASP-B4786_ -0.37 -0.76 -0.95 -0.99 -1.00 -1.00 -1.00 -1.00 -1.00 -1.00 -1.00 -1.00 -1.00 -1.00 -1.00
TYR-B4791_ -0.00 -0.00 -0.00 -0.00 -0.00 -0.00 -0.00 -0.00 -0.00 -0.00 -0.00 -0.00 -0.00 -0.00 -0.06
TYR-B4795_ -0.00 -0.00 -0.00 -0.00 -0.00 -0.00 -0.00 -0.00 -0.00 -0.00 -0.00 -0.00 -0.00 -0.00 -0.01
HIS+B4803_  1.00  1.00  0.99  0.96  0.78  0.54  0.28  0.05  0.01  0.00  0.00  0.00  0.00  0.00  0.00
TYR-B4804_ -0.00 -0.00 -0.00 -0.00 -0.00 -0.00 -0.00 -0.00 -0.03 -0.20 -0.69 -0.95 -0.99 -1.00 -1.00
HIS+B4812_  0.90  0.98  0.98  0.84  0.64  0.39  0.23  0.05  0.00  0.00  0.00  0.00  0.00  0.00  0.00
ASP-B4815_ -0.59 -0.89 -1.00 -1.00 -1.00 -1.00 -1.00 -1.00 -1.00 -1.00 -1.00 -1.00 -1.00 -1.00 -1.00
LYS+B4821_  1.00  1.00  1.00  1.00  1.00  1.00  1.00  1.00  0.99  0.91  0.55  0.13  0.02  0.00  0.00
ARG+B4824_  1.00  1.00  1.00  1.00  1.00  1.00  1.00  1.00  1.00  1.00  1.00  1.00  1.00  0.98  0.89
HIS+B4832_  1.00  1.00  1.00  1.00  1.00  0.99  0.98  0.91  0.54  0.15  0.03  0.00  0.00  0.00  0.00
LYS+B4835_  1.00  1.00  1.00  1.00  1.00  1.00  1.00  1.00  0.97  0.84  0.41  0.08  0.01  0.00  0.00
TYR-B4849_ -0.00 -0.00 -0.00 -0.00 -0.00 -0.00 -0.00 -0.00 -0.02 -0.16 -0.62 -0.94 -0.99 -1.00 -1.00
TYR-B4851_ -0.00 -0.00 -0.00 -0.00 -0.00 -0.00 -0.00 -0.00 -0.00 -0.02 -0.10 -0.45 -0.86 -0.98 -1.00
ARG+B4860_  1.00  1.00  1.00  1.00  1.00  1.00  1.00  1.00  1.00  1.00  1.00  1.00  0.98  0.89  0.50
LYS+B4861_  1.00  1.00  1.00  1.00  1.00  1.00  1.00  1.00  1.00  1.00  0.97  0.79  0.33  0.05  0.01
TYR-B4863_ -0.00 -0.00 -0.00 -0.00 -0.00 -0.00 -0.00 -0.00 -0.00 -0.00 -0.00 -0.00 -0.01 -0.03 -0.14
LYS+B4865_  1.00  1.00  1.00  1.00  1.00  0.99  0.95  0.75  0.42  0.23  0.16  0.11  0.03  0.00  0.00
GLU-B4867_ -0.00 -0.00 -0.00 -0.00 -0.00 -0.01 -0.04 -0.21 -0.62 -0.92 -0.99 -1.00 -1.00 -1.00 -1.00
ASP-B4868_ -0.00 -0.00 -0.01 -0.10 -0.44 -0.79 -0.97 -0.99 -1.00 -1.00 -1.00 -1.00 -1.00 -1.00 -1.00
GLU-B4869_ -0.00 -0.00 -0.01 -0.08 -0.31 -0.67 -0.93 -0.99 -1.00 -1.00 -1.00 -1.00 -1.00 -1.00 -1.00
ASP-B4870_ -0.00 -0.00 -0.00 -0.03 -0.16 -0.48 -0.85 -0.97 -1.00 -1.00 -1.00 -1.00 -1.00 -1.00 -1.00
GLU-B4871_ -0.00 -0.00 -0.01 -0.06 -0.26 -0.60 -0.81 -0.93 -0.97 -0.99 -1.00 -1.00 -1.00 -1.00 -1.00
CTR-B4871_ -0.00 -0.00 -0.00 -0.00 -0.01 -0.02 -0.03 -0.11 -0.38 -0.80 -0.97 -1.00 -1.00 -1.00 -1.00
NTR+B4872_  0.00  0.00  0.00  0.00  0.00  0.00  0.00  0.00  0.00  0.00  0.00  0.00  0.00  0.00  0.00
ASP-B4873_ -0.65 -0.94 -0.99 -1.00 -1.00 -1.00 -1.00 -1.00 -1.00 -1.00 -1.00 -1.00 -1.00 -1.00 -1.00
LYS+B4875_  1.00  1.00  1.00  1.00  1.00  1.00  0.99  0.97  0.90  0.85  0.79  0.55  0.16  0.02  0.00
CYS-B4876_ -0.00 -0.00 -0.00 -0.00 -0.00 -0.00 -0.00 -0.00 -0.00 -0.00 -0.00 -0.00 -0.00 -0.00 -0.00
ASP-B4877_ -0.00 -0.00 -0.00 -0.05 -0.30 -0.63 -0.91 -0.98 -0.99 -1.00 -1.00 -1.00 -1.00 -1.00 -1.00
ASP-B4878_ -0.00 -0.00 -0.01 -0.05 -0.28 -0.71 -0.94 -0.99 -1.00 -1.00 -1.00 -1.00 -1.00 -1.00 -1.00
CYS-B4882_ -0.00 -0.00 -0.00 -0.00 -0.00 -0.00 -0.00 -0.00 -0.00 -0.00 -0.00 -0.00 -0.00 -0.01 -0.04
TYR-B4883_ -0.00 -0.00 -0.00 -0.00 -0.00 -0.00 -0.00 -0.00 -0.00 -0.00 -0.00 -0.00 -0.00 -0.01 -0.08
HIS+B4886_  0.79  0.30  0.06  0.02  0.01  0.00  0.00  0.00  0.00  0.00  0.00  0.00  0.00  0.00  0.00
TYR-B4888_ -0.00 -0.00 -0.00 -0.00 -0.00 -0.00 -0.00 -0.00 -0.03 -0.17 -0.63 -0.93 -0.99 -1.00 -1.00
ARG+B4892_  1.00  1.00  1.00  1.00  1.00  1.00  1.00  1.00  1.00  1.00  1.00  1.00  1.00  1.00  0.99
ASP-B4899_ -0.00 -0.00 -0.00 -0.01 -0.06 -0.22 -0.67 -0.92 -0.98 -1.00 -1.00 -1.00 -1.00 -1.00 -1.00
GLU-B4900_ -0.00 -0.00 -0.00 -0.00 -0.00 -0.01 -0.03 -0.10 -0.32 -0.74 -0.95 -0.99 -1.00 -1.00 -1.00
GLU-B4902_ -0.00 -0.00 -0.00 -0.01 -0.03 -0.10 -0.27 -0.65 -0.92 -0.99 -1.00 -1.00 -1.00 -1.00 -1.00
ASP-B4903_ -0.00 -0.00 -0.02 -0.11 -0.48 -0.86 -0.98 -1.00 -1.00 -1.00 -1.00 -1.00 -1.00 -1.00 -1.00
ASP-B4907_ -0.00 -0.02 -0.14 -0.58 -0.89 -0.98 -1.00 -1.00 -1.00 -1.00 -1.00 -1.00 -1.00 -1.00 -1.00
GLU-B4908_ -0.00 -0.00 -0.02 -0.11 -0.43 -0.81 -0.98 -1.00 -1.00 -1.00 -1.00 -1.00 -1.00 -1.00 -1.00
TYR-B4909_ -0.00 -0.00 -0.00 -0.00 -0.00 -0.00 -0.00 -0.00 -0.01 -0.10 -0.43 -0.83 -0.97 -1.00 -1.00
GLU-B4910_ -0.00 -0.00 -0.00 -0.00 -0.00 -0.00 -0.00 -0.00 -0.00 -0.01 -0.06 -0.32 -0.80 -0.97 -1.00
TYR-B4912_ -0.00 -0.00 -0.00 -0.00 -0.00 -0.00 -0.00 -0.00 -0.02 -0.16 -0.59 -0.90 -0.99 -1.00 -1.00
ARG+B4913_  1.00  1.00  1.00  1.00  1.00  1.00  1.00  1.00  1.00  1.00  1.00  1.00  1.00  0.98  0.90
ASP-B4917_ -0.00 -0.02 -0.05 -0.26 -0.68 -0.90 -0.97 -0.99 -1.00 -1.00 -1.00 -1.00 -1.00 -1.00 -1.00
ASP-B4938_ -0.00 -0.00 -0.01 -0.09 -0.36 -0.71 -0.92 -0.98 -1.00 -1.00 -1.00 -1.00 -1.00 -1.00 -1.00
GLU-B4942_ -0.00 -0.00 -0.01 -0.04 -0.20 -0.45 -0.81 -0.97 -0.99 -1.00 -1.00 -1.00 -1.00 -1.00 -1.00
ARG+B4944_  1.00  1.00  1.00  1.00  1.00  1.00  1.00  1.00  1.00  1.00  1.00  1.00  1.00  0.96  0.72
CTR-B4944_ -0.00 -0.00 -0.00 -0.01 -0.10 -0.41 -0.85 -0.98 -1.00 -1.00 -1.00 -1.00 -1.00 -1.00 -1.00
NTR+B4993_  1.00  1.00  1.00  1.00  1.00  1.00  1.00  0.99  0.94  0.70  0.27  0.05  0.01  0.00  0.00
CTR-B4993_ -0.85 -0.87 -0.89 -0.94 -0.97 -0.99 -1.00 -1.00 -1.00 -1.00 -1.00 -1.00 -1.00 -1.00 -1.00
NTR+B4995_  0.86  0.85  0.75  0.51  0.22  0.06  0.01  0.00  0.00  0.00  0.00  0.00  0.00  0.00  0.00
LYS+B4998_  1.00  1.00  1.00  1.00  1.00  1.00  1.00  1.00  1.00  1.00  1.00  0.98  0.87  0.48  0.13
ASP-B4999_ -0.01 -0.07 -0.28 -0.59 -0.82 -0.93 -0.97 -0.99 -1.00 -1.00 -1.00 -1.00 -1.00 -1.00 -1.00
GLU-B5000_ -0.01 -0.05 -0.21 -0.56 -0.84 -0.95 -0.98 -1.00 -1.00 -1.00 -1.00 -1.00 -1.00 -1.00 -1.00
CTR-B5001_ -0.00 -0.00 -0.00 -0.12 -0.79 -0.99 -1.00 -1.00 -1.00 -1.00 -1.00 -1.00 -1.00 -1.00 -1.00
NTR+B5026_  1.00  1.00  1.00  1.00  1.00  1.00  1.00  1.00  0.98  0.87  0.49  0.10  0.02  0.00  0.00
CTR-B5026_ -0.02 -0.13 -0.53 -0.89 -0.98 -0.99 -1.00 -1.00 -1.00 -1.00 -1.00 -1.00 -1.00 -1.00 -1.00
ASP-B5026_ -0.00 -0.00 -0.00 -0.01 -0.04 -0.19 -0.54 -0.81 -0.94 -0.97 -0.99 -1.00 -1.00 -1.00 -1.00
NTR+B5030_  1.00  1.00  1.00  1.00  1.00  0.98  0.93  0.86  0.64  0.21  0.03  0.01  0.00  0.00  0.00
LYS+B5030_  1.00  1.00  1.00  1.00  1.00  1.00  1.00  1.00  1.00  0.99  0.95  0.76  0.25  0.04  0.00
CTR-B5031_ -0.14 -0.56 -0.81 -0.86 -0.92 -0.93 -0.94 -0.97 -0.99 -1.00 -1.00 -1.00 -1.00 -1.00 -1.00
NTR+B5033_  0.97  0.89  0.86  0.86  0.87  0.84  0.63  0.28  0.09  0.02  0.00  0.00  0.00  0.00  0.00
GLU-B5033_ -0.00 -0.01 -0.06 -0.34 -0.73 -0.96 -0.99 -1.00 -1.00 -1.00 -1.00 -1.00 -1.00 -1.00 -1.00
ASP-B5034_ -0.00 -0.00 -0.02 -0.13 -0.50 -0.87 -0.97 -0.99 -1.00 -1.00 -1.00 -1.00 -1.00 -1.00 -1.00
CTR-B5037_ -0.00 -0.01 -0.04 -0.23 -0.69 -0.94 -0.99 -1.00 -1.00 -1.00 -1.00 -1.00 -1.00 -1.00 -1.00
_ZN+B5101_  0.00  0.00  0.00  0.00  0.00  0.00  0.00  0.00  0.00  0.00  0.00  0.00  0.00  0.00  0.00
_CA+B5102_  0.00  0.00  0.00  0.00  0.00  0.00  0.00  0.00  0.00  0.00  0.00  0.00  0.00  0.00  0.00
----------
Net_Charge 113.48 105.06 91.86 69.58 35.21 -2.41 -31.10 -50.77 -66.65 -81.94 -98.76 -118.30 -136.41 -151.17 -165.26
Protons    113.48 105.06 91.86 69.58 35.21 -2.41 -31.10 -50.77 -66.65 -81.94 -98.76 -118.30 -136.41 -151.17 -165.26
Electrons   0.00  0.00  0.00  0.00  0.00  0.00  0.00  0.00  0.00  0.00  0.00  0.00  0.00  0.00  0.00
