   confID        vdw0    sas     sum
NTR01B3639_001  -0.003  -3.212  -3.215
NTR+1B3639_002  -0.005  -3.212  -3.217
THR01B3639_001   0.164  -4.129  -3.964
PRO01B3640_001   0.267  -3.485  -3.218
LEU01B3641_001   1.787  -9.848  -8.061
TYR01B3642_001   4.562 -10.109  -5.546
TYR01B3642_002   4.562 -10.109  -5.546
TYR-1B3642_003   4.562 -10.109  -5.546
ASN01B3643_001   0.328  -2.525  -2.197
ASN01B3643_002   0.104  -2.372  -2.268
LEU01B3644_001   1.721  -2.537  -0.816
PRO01B3645_001   0.251  -3.461  -3.210
THR01B3646_001   0.246  -6.883  -6.637
HIS01B3647_001  -0.161  -8.429  -8.590
HIS01B3647_002  -0.119  -8.774  -8.893
HIS02B3647_003  -0.179  -8.429  -8.608
HIS02B3647_004  -0.132  -8.774  -8.906
HIS+1B3647_005  -0.206  -8.429  -8.635
HIS+1B3647_006  -0.158  -8.774  -8.932
ARG01B3648_001   2.075  -8.025  -5.950
ARG02B3648_002   2.052  -8.025  -5.973
ARG03B3648_003   2.060  -8.025  -5.965
ARG+1B3648_004   2.013  -8.025  -6.012
ALA01B3649_001   0.000  -1.046  -1.046
CYS01B3650_001  -0.002  -3.882  -3.884
CYS01B3650_002  -0.002  -3.882  -3.884
CYS01B3650_003  -0.002  -3.882  -3.885
CYS-1B3650_004   0.000  -3.882  -3.882
ASN01B3651_001   0.450  -3.132  -2.682
ASN01B3651_002   0.214  -3.059  -2.846
MET01B3652_001   0.434  -6.204  -5.770
PHE01B3653_001   4.684  -9.403  -4.719
LEU01B3654_001   1.748  -7.379  -5.631
GLU01B3655_001   1.553  -3.349  -1.797
GLU01B3655_002   1.553  -3.349  -1.797
GLU02B3655_003   1.285  -3.428  -2.142
GLU02B3655_004   1.285  -3.428  -2.142
GLU-1B3655_005   1.194  -3.281  -2.087
SER01B3656_001   0.000  -3.436  -3.436
TYR01B3657_001   4.740  -5.415  -0.675
TYR01B3657_002   4.740  -5.415  -0.675
TYR-1B3657_003   4.740  -5.415  -0.675
LYS01B3658_001   1.627  -8.410  -6.783
LYS+1B3658_002   1.579  -8.410  -6.830
ALA01B3659_001   0.000  -5.096  -5.096
ALA01B3660_001   0.000  -2.524  -2.524
TRP01B3661_001   2.867  -4.952  -2.085
ILE01B3662_001   1.707 -10.518  -8.811
LEU01B3663_001   2.420  -5.576  -3.156
THR01B3664_001   0.193  -5.041  -4.848
GLU01B3665_001   1.712  -3.161  -1.450
GLU01B3665_002   1.712  -3.161  -1.450
GLU02B3665_003   1.411  -3.093  -1.682
GLU02B3665_004   1.411  -3.093  -1.682
GLU-1B3665_005   1.319  -3.107  -1.788
ASP01B3666_001   0.410  -1.793  -1.382
ASP01B3666_002   0.410  -1.793  -1.382
ASP02B3666_003   0.455  -1.888  -1.433
ASP02B3666_004   0.455  -1.888  -1.433
ASP-1B3666_005   0.351  -1.766  -1.414
HIS01B3667_001  -0.142  -4.904  -5.046
HIS01B3667_002  -0.091  -4.700  -4.790
HIS02B3667_003  -0.161  -4.904  -5.066
HIS02B3667_004  -0.103  -4.700  -4.803
HIS+1B3667_005  -0.188  -4.904  -5.092
HIS+1B3667_006  -0.130  -4.700  -4.829
SER01B3668_001   0.000  -3.474  -3.474
SER01B3668_002   0.000  -3.474  -3.474
PHE01B3669_001   4.674  -5.724  -1.050
GLU01B3670_001   1.186  -0.276   0.910
GLU01B3670_002   1.186  -0.276   0.910
GLU02B3670_003   0.970  -0.326   0.644
GLU02B3670_004   0.970  -0.326   0.644
GLU-1B3670_005   0.902  -0.276   0.627
ASP01B3671_001   0.093  -0.898  -0.804
ASP01B3671_002   0.093  -0.898  -0.804
ASP02B3671_003   0.170  -0.978  -0.808
ASP02B3671_004   0.170  -0.978  -0.808
ASP-1B3671_005   0.089  -0.861  -0.772
ARG01B3672_001   3.501 -10.167  -6.666
ARG02B3672_002   3.544 -10.167  -6.623
ARG03B3672_003   3.454 -10.167  -6.713
ARG+1B3672_004   3.409 -10.167  -6.758
MET01B3673_001   0.103  -3.437  -3.334
ILE01B3674_001   6.095  -0.119   5.976
ASP01B3675_001   0.194  -1.027  -0.832
ASP01B3675_002   0.194  -1.027  -0.832
ASP02B3675_003   0.285  -1.029  -0.745
ASP02B3675_004   0.285  -1.029  -0.745
ASP-1B3675_005   0.184  -1.016  -0.833
ASP01B3676_001   0.057  -1.883  -1.826
ASP01B3676_002   0.057  -1.883  -1.826
ASP02B3676_003   0.122  -1.883  -1.761
ASP02B3676_004   0.122  -1.883  -1.761
ASP-1B3676_005   0.053  -1.847  -1.794
LEU01B3677_001   1.923  -2.160  -0.237
SER01B3678_001   0.000  -0.469  -0.469
SER01B3678_002   0.000  -0.469  -0.469
SER01B3678_003   0.000  -0.469  -0.469
LYS01B3679_001   1.353  -8.072  -6.719
LYS+1B3679_002   1.268  -8.072  -6.804
ALA01B3680_001   0.000  -3.174  -3.174
GLU01B3682_001   0.500  -3.101  -2.601
GLU01B3682_002   0.500  -3.101  -2.601
GLU02B3682_003   0.668  -2.991  -2.323
GLU02B3682_004   0.668  -2.991  -2.323
GLU-1B3682_005   0.469  -3.049  -2.579
GLN01B3683_001   0.452  -0.943  -0.490
GLU01B3684_001   0.500  -3.903  -3.404
GLU01B3684_002   0.500  -3.903  -3.404
GLU02B3684_003   0.666  -3.896  -3.230
GLU02B3684_004   0.666  -3.896  -3.230
GLU-1B3684_005   0.469  -3.803  -3.334
GLU01B3685_001   0.502  -4.544  -4.043
GLU01B3685_002   0.502  -4.544  -4.043
GLU02B3685_003   0.669  -4.539  -3.870
GLU02B3685_004   0.669  -4.539  -3.870
GLU-1B3685_005   0.470  -4.526  -4.056
GLU01B3686_001   0.500  -2.730  -2.230
GLU01B3686_002   0.500  -2.730  -2.230
GLU02B3686_003   0.667  -2.693  -2.026
GLU02B3686_004   0.667  -2.693  -2.026
GLU-1B3686_005   0.469  -2.644  -2.175
GLU01B3687_001   0.499  -2.529  -2.030
GLU01B3687_002   0.499  -2.529  -2.030
GLU02B3687_003   0.665  -2.527  -1.861
GLU02B3687_004   0.665  -2.527  -1.861
GLU-1B3687_005   0.468  -2.481  -2.013
GLU01B3688_001   0.498  -3.963  -3.464
GLU01B3688_002   0.498  -3.963  -3.464
GLU02B3688_003   0.664  -4.006  -3.342
GLU02B3688_004   0.664  -4.006  -3.342
GLU-1B3688_005   0.467  -3.927  -3.460
GLU01B3689_001   0.499  -4.321  -3.822
GLU01B3689_002   0.499  -4.321  -3.822
GLU02B3689_003   0.665  -4.249  -3.583
GLU02B3689_004   0.665  -4.249  -3.583
GLU-1B3689_005   0.468  -4.220  -3.753
VAL01B3690_001   0.506  -2.659  -2.153
GLU01B3691_001   0.499  -4.643  -4.144
GLU01B3691_002   0.499  -4.643  -4.144
GLU02B3691_003   0.665  -4.517  -3.852
GLU02B3691_004   0.665  -4.517  -3.852
GLU-1B3691_005   0.467  -4.427  -3.960
GLU01B3692_001   0.500  -3.635  -3.135
GLU01B3692_002   0.500  -3.635  -3.135
GLU02B3692_003   0.666  -3.674  -3.008
GLU02B3692_004   0.666  -3.674  -3.008
GLU-1B3692_005   0.468  -3.570  -3.102
LYS01B3693_001   3.798  -7.490  -3.692
LYS+1B3693_002   3.703  -7.490  -3.786
LYS01B3694_001   1.214  -5.074  -3.860
LYS+1B3694_002   1.133  -5.074  -3.941
PRO01B3695_001   0.265  -2.307  -2.042
ASP01B3696_001   0.170  -0.562  -0.392
ASP01B3696_002   0.170  -0.562  -0.392
ASP02B3696_003   0.256  -0.641  -0.385
ASP02B3696_004   0.256  -0.641  -0.385
ASP-1B3696_005   0.160  -0.586  -0.425
PRO01B3697_001   0.269  -2.746  -2.478
LEU01B3698_001   1.924   0.000   1.924
HIS01B3699_001  -0.135  -2.052  -2.187
HIS02B3699_002  -0.155  -2.052  -2.207
HIS+1B3699_003  -0.181  -2.052  -2.233
GLN01B3700_001   1.415  -2.459  -1.044
GLN01B3700_002   2.365  -2.357   0.008
LEU01B3701_001   3.191  -1.442   1.749
VAL01B3702_001   0.681  -0.206   0.475
LEU01B3703_001   1.709  -5.148  -3.439
HIS01B3704_001  -0.141  -7.570  -7.711
HIS01B3704_002  -0.096  -7.695  -7.791
HIS02B3704_003  -0.160  -7.570  -7.730
HIS02B3704_004  -0.109  -7.695  -7.804
HIS+1B3704_005  -0.187  -7.570  -7.757
HIS+1B3704_006  -0.135  -7.695  -7.831
PHE01B3705_001   4.480  -0.253   4.227
CTR01B3705_001  -0.021  -2.616  -2.637
CTR01B3705_002   0.098  -2.693  -2.595
CTR02B3705_003  -0.022  -2.558  -2.580
CTR02B3705_004   0.038  -2.500  -2.462
CTR-1B3705_005   0.000  -2.558  -2.558
NTR01B3713_001  -0.003  -3.917  -3.920
NTR+1B3713_002  -0.005  -3.917  -3.921
LYS01B3713_001   1.389  -6.110  -4.722
LYS+1B3713_002   1.341  -6.110  -4.769
SER01B3714_001   0.000  -5.235  -5.235
LYS01B3715_001   1.697  -9.424  -7.727
LYS+1B3715_002   1.650  -9.424  -7.773
LEU01B3716_001   1.809  -3.277  -1.468
ASP01B3717_001   0.154  -2.723  -2.569
ASP01B3717_002   0.154  -2.723  -2.569
ASP02B3717_003   0.235  -2.726  -2.491
ASP02B3717_004   0.235  -2.726  -2.491
ASP-1B3717_005   0.145  -2.644  -2.500
GLU01B3718_001   1.890  -2.877  -0.987
GLU01B3718_002   1.890  -2.877  -0.987
GLU02B3718_003   1.538  -2.985  -1.446
GLU02B3718_004   1.538  -2.985  -1.446
GLU-1B3718_005   1.456  -2.863  -1.407
ASP01B3719_001   0.050  -1.241  -1.192
ASP01B3719_002   0.050  -1.241  -1.192
ASP02B3719_003   0.113  -1.127  -1.014
ASP02B3719_004   0.113  -1.127  -1.014
ASP-1B3719_005   0.046  -1.137  -1.091
TYR01B3720_001   4.436 -11.705  -7.269
TYR01B3720_002   4.436 -11.705  -7.269
TYR-1B3720_003   4.436 -11.705  -7.269
LEU01B3721_001   3.348  -5.869  -2.521
TYR01B3722_001   4.686  -0.068   4.618
TYR-1B3722_002   4.686  -0.068   4.618
MET01B3723_001   0.061  -1.317  -1.257
ALA01B3724_001   0.000  -1.697  -1.697
TYR01B3725_001   4.574  -3.182   1.393
TYR-1B3725_002   4.574  -3.182   1.393
ALA01B3726_001   0.000   0.000   0.000
ASP01B3727_001   0.058  -1.702  -1.644
ASP01B3727_002   0.058  -1.702  -1.644
ASP02B3727_003   0.124  -1.761  -1.636
ASP02B3727_004   0.124  -1.761  -1.636
ASP-1B3727_005   0.055  -1.688  -1.634
ILE01B3728_001   2.623  -0.670   1.953
MET01B3729_001   0.014  -0.071  -0.058
ALA01B3730_001   0.000  -0.309  -0.309
LYS01B3731_001   2.759  -4.609  -1.850
LYS+1B3731_002   2.674  -4.609  -1.936
SER01B3732_001   0.000   0.000   0.000
SER01B3732_002   0.000   0.000   0.000
CYS01B3733_001  -0.002  -0.048  -0.050
CYS01B3733_002  -0.002  -0.048  -0.050
CYS01B3733_003  -0.002  -0.048  -0.050
CYS-1B3733_004   0.000  -0.048  -0.048
HIS01B3734_001  -0.354  -3.137  -3.490
HIS02B3734_002  -0.363  -3.137  -3.499
HIS+1B3734_003  -0.382  -3.137  -3.519
LEU01B3735_001   1.459  -1.906  -0.447
GLU01B3736_001   0.499  -0.192   0.307
GLU01B3736_002   0.499  -0.192   0.307
GLU02B3736_003   0.666  -0.187   0.479
GLU02B3736_004   0.666  -0.187   0.479
GLU-1B3736_005   0.468  -0.185   0.283
GLU01B3737_001   0.500  -1.855  -1.355
GLU01B3737_002   0.500  -1.855  -1.355
GLU02B3737_003   0.667  -1.810  -1.143
GLU02B3737_004   0.667  -1.810  -1.143
GLU-1B3737_005   0.469  -1.805  -1.336
GLU01B3740_001   0.500  -1.053  -0.552
GLU01B3740_002   0.500  -1.053  -0.552
GLU02B3740_003   0.667  -1.168  -0.500
GLU02B3740_004   0.667  -1.168  -0.500
GLU-1B3740_005   0.469  -1.012  -0.543
ASN01B3741_001  -0.020  -2.318  -2.338
CTR01B3741_001  -0.021  -4.855  -4.877
CTR01B3741_002   0.109  -4.914  -4.805
CTR02B3741_003  -0.022  -4.894  -4.917
CTR02B3741_004   0.043  -4.972  -4.929
CTR-1B3741_005   0.000  -4.855  -4.855
NTR01B3747_001  -0.003  -3.801  -3.804
NTR+1B3747_002  -0.005  -3.801  -3.806
GLU01B3747_001   0.498  -4.701  -4.203
GLU01B3747_002   0.498  -4.701  -4.203
GLU02B3747_003   0.664  -4.545  -3.881
GLU02B3747_004   0.664  -4.545  -3.881
GLU-1B3747_005   0.467  -4.496  -4.029
GLU01B3748_001   0.498  -3.884  -3.385
GLU01B3748_002   0.498  -3.884  -3.385
GLU02B3748_003   0.665  -3.824  -3.159
GLU02B3748_004   0.665  -3.824  -3.159
GLU-1B3748_005   0.467  -3.850  -3.383
VAL01B3749_001   0.502  -7.959  -7.456
GLU01B3750_001   1.676  -2.201  -0.525
GLU01B3750_002   1.676  -2.201  -0.525
GLU02B3750_003   1.390  -2.137  -0.747
GLU02B3750_004   1.390  -2.137  -0.747
GLU-1B3750_005   1.294  -2.108  -0.814
VAL01B3751_001   0.587  -4.221  -3.634
SER01B3752_001   0.000  -2.919  -2.919
SER01B3752_002   0.000  -2.919  -2.919
SER01B3752_003   0.000  -2.919  -2.919
PHE01B3753_001   4.621  -7.275  -2.654
GLU01B3754_001   4.204  -2.319   1.886
GLU01B3754_002   4.204  -2.319   1.886
GLU02B3754_003   3.373  -2.266   1.107
GLU02B3754_004   3.373  -2.266   1.107
GLU-1B3754_005   3.301  -2.251   1.050
GLU01B3755_001   1.547  -0.724   0.822
GLU01B3755_002   1.547  -0.724   0.822
GLU02B3755_003   1.299  -0.771   0.528
GLU02B3755_004   1.299  -0.771   0.528
GLU-1B3755_005   1.198  -0.719   0.479
LYS01B3756_001   1.555  -3.759  -2.203
LYS+1B3756_002   1.508  -3.759  -2.251
GLU01B3757_001   2.575  -0.611   1.964
GLU01B3757_002   2.575  -0.611   1.964
GLU02B3757_003   2.030  -0.640   1.389
GLU02B3757_004   2.030  -0.640   1.389
GLU-1B3757_005   1.975  -0.607   1.368
MET01B3758_001   2.974  -1.530   1.444
GLU01B3759_001   2.550  -1.162   1.388
GLU01B3759_002   2.550  -1.162   1.388
GLU02B3759_003   2.026  -1.138   0.888
GLU02B3759_004   2.026  -1.138   0.888
GLU-1B3759_005   1.962  -1.137   0.825
LYS01B3760_001   1.734  -6.182  -4.448
LYS+1B3760_002   1.689  -6.182  -4.494
GLN01B3761_001   1.162  -1.455  -0.292
GLN01B3761_002   1.652  -1.353   0.300
ARG01B3762_001   8.319  -0.707   7.612
ARG02B3762_002   8.243  -0.707   7.536
ARG02B3762_003   8.302  -0.707   7.596
ARG03B3762_004   8.238  -0.707   7.531
ARG+1B3762_005   8.198  -0.707   7.491
LEU01B3763_001   2.046  -1.681   0.365
LEU01B3764_001   4.823  -0.650   4.173
TYR01B3765_001   4.635  -4.677  -0.042
TYR-1B3765_002   4.635  -4.677  -0.042
GLN01B3766_001   3.275  -0.118   3.157
GLN01B3766_002   5.397  -0.138   5.259
GLN01B3767_001   1.341  -0.013   1.328
GLN01B3767_002   1.021  -0.026   0.995
SER01B3768_001   0.000  -2.705  -2.705
ARG01B3769_001   1.880  -0.867   1.012
ARG02B3769_002   1.904  -0.867   1.037
ARG03B3769_003   1.845  -0.867   0.978
ARG+1B3769_004   1.806  -0.867   0.938
LEU01B3770_001   2.425  -0.258   2.167
HIS01B3771_001  -0.160  -3.163  -3.324
HIS01B3771_002  -0.120  -2.991  -3.111
HIS02B3771_003  -0.178  -3.163  -3.342
HIS02B3771_004  -0.133  -2.991  -3.124
HIS+1B3771_005  -0.205  -3.163  -3.368
HIS+1B3771_006  -0.160  -2.991  -3.151
THR01B3772_001   0.257  -2.750  -2.493
ARG01B3773_001   1.618 -12.874 -11.256
ARG02B3773_002   1.603 -12.874 -11.271
ARG03B3773_003   1.598 -12.874 -11.276
ARG+1B3773_004   1.555 -12.874 -11.318
CTR01B3774_001  -0.021  -0.367  -0.388
CTR01B3774_002   0.105  -0.290  -0.184
CTR02B3774_003  -0.022  -0.290  -0.312
CTR02B3774_004   0.041  -0.367  -0.326
CTR-1B3774_005   0.000  -0.290  -0.290
NTR01B3776_001  -0.003  -0.463  -0.466
NTR+1B3776_002  -0.005  -0.463  -0.468
CTR01B3776_001  -0.021  -1.940  -1.961
CTR01B3776_002   0.094  -2.018  -1.924
CTR02B3776_003  -0.022  -1.940  -1.962
CTR02B3776_004   0.036  -2.172  -2.137
CTR-1B3776_005   0.000  -1.940  -1.940
ALA01B3776_001   0.000  -0.258  -0.258
NTR01B3778_001  -0.003  -1.752  -1.755
NTR01B3778_002  -0.002  -1.704  -1.706
NTR+1B3778_003  -0.005  -1.704  -1.709
CTR01B3778_001  -0.021  -1.574  -1.595
CTR01B3778_002   0.092  -1.477  -1.385
CTR02B3778_003  -0.022  -1.477  -1.499
CTR02B3778_004   0.034  -1.496  -1.462
CTR-1B3778_005   0.000  -1.477  -1.477
MET01B3778_001   0.420  -1.083  -0.663
NTR01B3782_001  -0.003  -2.628  -2.631
NTR+1B3782_002  -0.005  -2.628  -2.633
CTR01B3782_001  -0.021  -3.340  -3.361
CTR01B3782_002   0.101  -3.301  -3.200
CTR02B3782_003  -0.022  -3.437  -3.459
CTR02B3782_004   0.040  -3.321  -3.281
CTR-1B3782_005   0.000  -3.340  -3.340
MET01B3782_001   0.658  -1.174  -0.516
NTR01B3786_001  -0.003  -2.803  -2.805
NTR+1B3786_002  -0.005  -2.668  -2.672
CTR01B3786_001  -0.021  -2.259  -2.280
CTR01B3786_002   0.118  -2.356  -2.238
CTR02B3786_003  -0.022  -2.414  -2.436
CTR02B3786_004   0.048  -2.414  -2.366
CTR-1B3786_005   0.000  -2.259  -2.259
CYS01B3786_001  -0.002  -0.119  -0.121
CYS01B3786_002  -0.002  -0.119  -0.121
CYS01B3786_003  -0.002  -0.119  -0.122
CYS-1B3786_004   0.000  -0.119  -0.119
NTG01B3788_001  -0.005  -4.117  -4.122
NTG+1B3788_002  -0.010  -4.117  -4.127
GLU01B3789_001   2.462  -1.541   0.921
GLU01B3789_002   2.462  -1.541   0.921
GLU02B3789_003   2.021  -1.478   0.543
GLU02B3789_004   2.021  -1.478   0.543
GLU-1B3789_005   1.945  -1.424   0.521
THR01B3790_001   0.231  -2.838  -2.608
THR01B3790_002   0.231  -2.838  -2.608
ALA01B3792_001   0.000  -3.345  -3.345
MET01B3793_001   0.234  -0.418  -0.183
VAL01B3794_001   0.647  -1.149  -0.503
SER01B3795_001   0.000  -0.809  -0.809
SER01B3795_002   0.000  -0.809  -0.809
SER01B3796_001   0.000  -0.578  -0.578
SER01B3796_002   0.000  -0.578  -0.578
SER01B3796_003   0.000  -0.578  -0.578
THR01B3797_001   0.214  -0.824  -0.610
THR01B3797_002   0.214  -0.824  -0.610
LEU01B3798_001   1.901  -1.664   0.237
LYS01B3799_001   1.413  -3.875  -2.462
LYS+1B3799_002   1.367  -3.875  -2.509
LEU01B3800_001   1.696  -0.428   1.268
ILE01B3802_001   2.669  -1.664   1.004
SER01B3803_001   0.000  -0.301  -0.301
SER01B3803_002   0.000  -0.301  -0.301
ILE01B3804_001   3.541  -0.515   3.026
LEU01B3805_001   2.737  -0.515   2.222
ASN01B3806_001   0.136  -0.847  -0.710
ASN01B3806_002  -0.015  -1.132  -1.147
ASN01B3809_001   0.487  -0.861  -0.375
ASN01B3809_002   0.234  -0.984  -0.751
ALA01B3810_001   0.000  -4.478  -4.478
CTR01B3810_001  -0.021  -3.118  -3.139
CTR01B3810_002   0.090  -3.234  -3.144
CTR02B3810_003  -0.022  -3.079  -3.101
CTR02B3810_004   0.034  -3.079  -3.046
CTR-1B3810_005   0.000  -3.021  -3.021
NTR01B3812_001  -0.003  -1.186  -1.189
NTR01B3812_002  -0.002  -1.177  -1.179
NTR+1B3812_003  -0.005  -1.186  -1.191
CTR01B3812_001  -0.021  -0.657  -0.677
CTR01B3812_002   0.095  -0.656  -0.562
CTR02B3812_003  -0.022  -0.656  -0.679
CTR02B3812_004   0.035  -0.753  -0.718
CTR-1B3812_005   0.000  -0.656  -0.656
VAL01B3812_001   0.685  -0.567   0.119
NTR01B3816_001  -0.003  -2.294  -2.297
NTR+1B3816_002  -0.005  -2.323  -2.328
CTR01B3816_001  -0.021  -5.946  -5.967
CTR01B3816_002   0.100  -5.715  -5.615
CTR02B3816_003  -0.022  -5.830  -5.853
CTR02B3816_004   0.039  -5.850  -5.811
CTR-1B3816_005   0.000  -5.772  -5.772
MET01B3816_001   1.856  -4.007  -2.151
NTR01B3836_001  -0.003  -1.863  -1.866
NTR+1B3836_002  -0.005  -1.863  -1.868
CTR01B3836_001  -0.021  -1.158  -1.179
CTR01B3836_002   0.100  -1.158  -1.058
CTR02B3836_003  -0.022  -1.274  -1.296
CTR02B3836_004   0.039  -1.216  -1.177
CTR-1B3836_005   0.000  -1.158  -1.158
MET01B3836_001   0.222  -6.448  -6.226
NTR01B3838_001  -0.003  -1.135  -1.138
NTR+1B3838_002  -0.005  -1.135  -1.139
THR01B3838_001   0.254  -5.112  -4.858
THR01B3838_002   0.254  -5.112  -4.858
THR01B3838_003   0.254  -5.112  -4.858
CYS01B3839_001  -0.002   0.000  -0.002
CYS01B3839_002  -0.002   0.000  -0.002
CYS01B3839_003  -0.003   0.000  -0.003
CYS-1B3839_004   0.000   0.000   0.000
SER01B3840_001   0.000  -1.691  -1.691
SER01B3840_002   0.000  -1.691  -1.691
SER01B3840_003   0.000  -1.691  -1.691
VAL01B3841_001   0.658  -1.957  -1.299
LEU01B3842_001   1.951   0.000   1.951
ASP01B3843_001   0.173  -2.222  -2.049
ASP01B3843_002   0.173  -2.222  -2.049
ASP02B3843_003   0.257  -2.231  -1.974
ASP02B3843_004   0.257  -2.231  -1.974
ASP-1B3843_005   0.162  -2.171  -2.008
LEU01B3844_001   1.787  -2.421  -0.634
ASN01B3845_001   0.291  -3.257  -2.966
ASN01B3845_002   0.447  -3.292  -2.845
ALA01B3846_001   0.000  -1.442  -1.442
PHE01B3847_001   4.600  -0.152   4.448
GLU01B3848_001   1.532  -1.209   0.323
GLU01B3848_002   1.532  -1.209   0.323
GLU02B3848_003   1.310  -1.218   0.092
GLU02B3848_004   1.310  -1.218   0.092
GLU-1B3848_005   1.197  -1.209  -0.013
ARG01B3849_001   2.096  -9.911  -7.816
ARG02B3849_002   2.165  -9.911  -7.746
ARG03B3849_003   2.072  -9.911  -7.839
ARG+1B3849_004   2.033  -9.911  -7.878
GLN01B3850_001   2.086   0.000   2.086
ASN01B3851_001   0.175  -1.034  -0.859
ASN01B3851_002   0.006  -1.009  -1.003
LYS01B3852_001   0.818  -9.028  -8.209
LYS+1B3852_002   0.772  -9.028  -8.256
ALA01B3853_001   0.000  -1.185  -1.185
GLU01B3854_001   0.500  -1.846  -1.346
GLU01B3854_002   0.500  -1.846  -1.346
GLU02B3854_003   0.667  -1.708  -1.041
GLU02B3854_004   0.667  -1.708  -1.041
GLU-1B3854_005   0.469  -1.770  -1.301
LEU01B3856_001   1.630  -7.498  -5.868
MET01B3858_001   0.142  -8.634  -8.493
VAL01B3859_001   0.501  -2.437  -1.936
ASN01B3860_001  -0.019  -3.085  -3.104
GLU01B3861_001   0.498  -2.848  -2.349
GLU01B3861_002   0.498  -2.848  -2.349
GLU02B3861_003   0.664  -2.767  -2.102
GLU02B3861_004   0.664  -2.767  -2.102
GLU-1B3861_005   0.467  -2.764  -2.297
ASP01B3862_001  -0.040  -2.274  -2.314
ASP01B3862_002  -0.040  -2.274  -2.314
ASP02B3862_003  -0.009  -2.257  -2.266
ASP02B3862_004  -0.009  -2.257  -2.266
ASP-1B3862_005  -0.041  -2.229  -2.270
THR01B3864_001   0.152  -2.095  -1.943
THR01B3864_002   0.152  -2.095  -1.943
VAL01B3865_001   0.503  -5.834  -5.330
ILE01B3866_001   0.942  -5.306  -4.363
ASN01B3867_001  -0.020  -1.101  -1.121
ARG01B3868_0011191.364  -5.6771185.686
ARG02B3868_0021191.345  -5.6771185.668
ARG03B3868_0031191.380  -5.6771185.702
ARG03B3868_004 190.408  -5.677 184.731
ARG+1B3868_0051191.313  -5.6771185.636
GLN01B3869_001   0.453  -1.813  -1.360
ASN01B3870_001  -0.020  -0.143  -0.164
GLU01B3872_001   0.498  -3.994  -3.495
GLU01B3872_002   0.498  -3.994  -3.495
GLU02B3872_003   0.665  -4.048  -3.383
GLU02B3872_004   0.665  -4.048  -3.383
GLU-1B3872_005   0.467  -3.906  -3.439
LYS01B3873_001   1.153  -3.616  -2.463
LYS+1B3873_002   1.106  -3.616  -2.511
VAL01B3874_001   0.779   0.000   0.779
MET01B3875_001   0.825  -0.096   0.729
ALA01B3876_001   0.000  -1.185  -1.185
ASP01B3877_001   0.086  -0.284  -0.198
ASP01B3877_002   0.086  -0.284  -0.198
ASP02B3877_003   0.161  -0.246  -0.086
ASP02B3877_004   0.161  -0.246  -0.086
ASP-1B3877_005   0.082  -0.276  -0.194
ASP01B3878_001   0.063  -1.533  -1.470
ASP01B3878_002   0.063  -1.533  -1.470
ASP02B3878_003   0.132  -1.602  -1.470
ASP02B3878_004   0.132  -1.602  -1.470
ASP-1B3878_005   0.060  -1.490  -1.430
GLU01B3879_001   0.501  -3.171  -2.671
GLU01B3879_002   0.501  -3.171  -2.671
GLU02B3879_003   0.668  -3.178  -2.511
GLU02B3879_004   0.668  -3.178  -2.511
GLU-1B3879_005   0.469  -3.156  -2.687
PHE01B3880_001   4.667  -1.529   3.138
THR01B3881_001   0.229   0.000   0.229
THR01B3881_002   0.229   0.000   0.229
THR01B3881_003   0.229   0.000   0.229
GLN01B3882_001   1.678  -2.203  -0.525
GLN01B3882_002   2.784  -2.034   0.750
ASP01B3883_001   0.409  -0.688  -0.279
ASP01B3883_002   0.409  -0.688  -0.279
ASP02B3883_003   0.450  -0.620  -0.171
ASP02B3883_004   0.450  -0.620  -0.171
ASP-1B3883_005   0.348  -0.620  -0.272
LEU01B3884_001   1.523  -2.163  -0.640
PHE01B3885_001   4.778  -4.613   0.165
CTR01B3885_001  -0.021  -2.220  -2.241
CTR01B3885_002   0.087  -2.143  -2.056
CTR02B3885_003  -0.022  -2.104  -2.126
CTR02B3885_004   0.032  -2.163  -2.130
CTR-1B3885_005   0.000  -2.104  -2.104
NTR01B3887_001  -0.003   0.000  -0.003
NTR01B3887_002  -0.002   0.000  -0.002
NTR+1B3887_003  -0.005   0.000  -0.005
CTR01B3887_001  -0.021  -1.390  -1.411
CTR01B3887_002   0.103  -1.448  -1.345
CTR02B3887_003  -0.022  -1.390  -1.412
CTR02B3887_004   0.041  -1.468  -1.427
CTR-1B3887_005   0.000  -1.390  -1.390
PHE01B3887_001   4.805  -4.213   0.592
NTR01B3890_001  -0.003  -0.578  -0.581
NTR+1B3890_002  -0.005  -0.578  -0.583
CTR01B3890_001  -0.021  -1.216  -1.237
CTR01B3890_002   0.091  -1.274  -1.183
CTR02B3890_003  -0.022  -1.178  -1.200
CTR02B3890_004   0.034  -1.255  -1.221
CTR-1B3890_005   0.000  -1.216  -1.216
LEU01B3890_001   1.636  -2.885  -1.248
NTR01B3892_001  -0.003  -2.007  -2.009
NTR+1B3892_002  -0.005  -2.007  -2.011
CYS01B3892_001  -0.002  -4.648  -4.649
CYS01B3892_002  -0.002  -4.648  -4.649
CYS01B3892_003  -0.002  -4.648  -4.650
CYS-1B3892_004   0.000  -4.648  -4.648
GLU01B3893_001   1.656  -1.491   0.165
GLU01B3893_002   1.656  -1.491   0.165
GLU02B3893_003   1.363  -1.550  -0.188
GLU02B3893_004   1.363  -1.550  -0.188
GLU-1B3893_005   1.273  -1.490  -0.217
CTR01B3893_001  -0.021  -3.253  -3.274
CTR01B3893_002   0.101  -3.466  -3.365
CTR02B3893_003  -0.022  -3.214  -3.236
CTR02B3893_004   0.040  -3.466  -3.426
CTR-1B3893_005   0.000  -3.253  -3.253
NTR01B3901_001  -0.003  -3.174  -3.177
NTR+1B3901_002  -0.005  -3.174  -3.179
CTR01B3901_001  -0.021  -6.352  -6.373
CTR01B3901_002   0.097  -6.371  -6.274
CTR02B3901_003  -0.022  -6.313  -6.335
CTR02B3901_004   0.038  -6.333  -6.295
CTR-1B3901_005   0.000  -6.255  -6.255
ASN01B3901_001   0.497  -4.772  -4.274
NTR01B3922_001  -0.003  -2.184  -2.187
NTR+1B3922_002  -0.005  -2.184  -2.189
CTR01B3922_001  -0.021  -2.490  -2.511
CTR01B3922_002   0.095  -2.548  -2.453
CTR02B3922_003  -0.022  -2.684  -2.706
CTR02B3922_004   0.036  -2.529  -2.493
CTR-1B3922_005   0.000  -2.490  -2.490
TYR01B3922_001   4.414  -1.210   3.204
TYR01B3922_002   4.414  -1.210   3.204
TYR-1B3922_003   4.414  -1.210   3.204
NTR01B3925_001  -0.003  -1.263  -1.265
NTR01B3925_002  -0.002  -1.224  -1.226
NTR+1B3925_003  -0.005  -1.263  -1.267
CTR01B3925_001  -0.021  -0.599  -0.619
CTR01B3925_002   0.096  -0.521  -0.425
CTR02B3925_003  -0.022  -0.521  -0.543
CTR02B3925_004   0.037  -0.444  -0.407
CTR-1B3925_005   0.000  -0.521  -0.521
ARG01B3925_001   2.317  -7.851  -5.534
ARG02B3925_002   2.316  -7.851  -5.535
ARG03B3925_003   2.278  -7.851  -5.573
ARG03B3925_004   2.283  -7.851  -5.568
ARG+1B3925_005   2.239  -7.851  -5.612
NTR01B3927_001  -0.003  -0.360  -0.363
NTR+1B3927_002  -0.005  -0.360  -0.365
GLN01B3927_001   2.814  -1.601   1.213
GLN01B3927_002   4.631  -1.743   2.888
GLU01B3928_001   3.060  -3.467  -0.408
GLU01B3928_002   3.060  -3.467  -0.408
GLU02B3928_003   2.429  -3.597  -1.168
GLU02B3928_004   2.429  -3.597  -1.168
GLU-1B3928_005   2.370  -3.450  -1.080
SER01B3929_001   0.000  -0.240  -0.240
SER01B3929_002   0.000  -0.240  -0.240
ILE01B3930_001   3.246  -1.391   1.855
SER01B3931_001   0.000  -1.065  -1.065
SER01B3931_002   0.000  -1.065  -1.065
ASP01B3932_001   0.179  -1.979  -1.800
ASP01B3932_002   0.179  -1.979  -1.800
ASP02B3932_003   0.265  -1.983  -1.718
ASP02B3932_004   0.265  -1.983  -1.718
ASP-1B3932_005   0.168  -1.895  -1.727
PHE01B3933_001   4.719  -0.152   4.567
TYR01B3934_001   4.547  -1.579   2.968
TYR-1B3934_002   4.547  -1.579   2.968
TRP01B3935_001   3.161  -9.083  -5.922
TYR01B3936_001   4.623  -4.978  -0.354
TYR01B3936_002   4.623  -4.978  -0.354
TYR-1B3936_003   4.623  -4.978  -0.354
TYR01B3937_001   4.755   0.000   4.755
TYR-1B3937_002   4.755   0.000   4.755
SER01B3938_001   0.000  -1.364  -1.364
SER01B3938_002   0.000  -1.364  -1.364
SER01B3938_003   0.000  -1.364  -1.364
LYS01B3940_001   0.873  -4.341  -3.468
LYS+1B3940_002   0.829  -4.341  -3.512
ASP01B3941_001   0.063  -2.710  -2.648
ASP01B3941_002   0.063  -2.710  -2.648
ASP02B3941_003   0.130  -2.783  -2.653
ASP02B3941_004   0.130  -2.783  -2.653
ASP-1B3941_005   0.059  -2.670  -2.611
VAL01B3942_001   0.511  -4.494  -3.984
ILE01B3943_001   2.918  -0.155   2.764
GLU01B3944_001   1.745  -2.663  -0.918
GLU01B3944_002   1.745  -2.663  -0.918
GLU02B3944_003   1.463  -2.736  -1.272
GLU02B3944_004   1.463  -2.736  -1.272
GLU-1B3944_005   1.358  -2.593  -1.234
GLU01B3945_001   3.077  -2.827   0.250
GLU01B3945_002   3.077  -2.827   0.250
GLU02B3945_003   2.482  -2.959  -0.477
GLU02B3945_004   2.482  -2.959  -0.477
GLU-1B3945_005   2.405  -2.884  -0.479
GLN01B3946_001   0.689  -0.380   0.309
LYS01B3948_001   1.086  -1.403  -0.317
LYS+1B3948_002   1.040  -1.403  -0.363
ARG01B3949_001   2.359  -5.929  -3.570
ARG02B3949_002   2.336  -5.929  -3.593
ARG03B3949_003   2.344  -5.929  -3.585
ARG+1B3949_004   2.297  -5.929  -3.632
ASN01B3950_001   0.461   0.000   0.461
ASN01B3950_002   0.221   0.000   0.221
PHE01B3951_001   4.928   0.000   4.928
SER01B3952_001   0.000  -1.776  -1.776
SER01B3952_002   0.000  -1.776  -1.776
SER01B3952_003   0.000  -1.776  -1.776
LYS01B3953_001   1.617  -2.023  -0.406
LYS+1B3953_002   1.571  -2.023  -0.452
ALA01B3954_001   0.000  -0.258  -0.258
MET01B3955_001   0.513   0.000   0.513
SER01B3956_001   0.000  -1.755  -1.755
SER01B3956_002   0.000  -1.755  -1.755
VAL01B3957_001   0.765  -0.361   0.405
ALA01B3958_001   0.000  -1.664  -1.664
LYS01B3959_001   1.962  -3.925  -1.963
LYS+1B3959_002   1.915  -3.925  -2.010
CTR01B3959_001  -0.021  -3.253  -3.274
CTR01B3959_002   0.102  -3.485  -3.383
CTR02B3959_003  -0.022  -3.195  -3.217
CTR02B3959_004   0.040  -3.408  -3.368
CTR-1B3959_005   0.000  -3.195  -3.195
NTR01B3967_001  -0.003  -3.001  -3.004
NTR+1B3967_002  -0.005  -2.904  -2.909
CTR01B3967_001  -0.021  -4.527  -4.548
CTR01B3967_002   0.088  -4.566  -4.478
CTR02B3967_003  -0.022  -4.643  -4.665
CTR02B3967_004   0.033  -4.605  -4.572
CTR-1B3967_005   0.000  -4.508  -4.508
GLU01B3967_001   1.853  -2.263  -0.410
GLU01B3967_002   1.853  -2.263  -0.410
GLU02B3967_003   1.524  -2.239  -0.716
GLU02B3967_004   1.524  -2.239  -0.716
GLU-1B3967_005   1.434  -2.148  -0.714
NTR01B3986_001  -0.003  -1.992  -1.995
NTR+1B3986_002  -0.005  -1.992  -1.997
TRP01B3986_001   3.269  -5.766  -2.497
ASP01B3987_001   0.071  -3.913  -3.842
ASP01B3987_002   0.071  -3.913  -3.842
ASP02B3987_003   0.140  -3.953  -3.812
ASP02B3987_004   0.140  -3.953  -3.812
ASP-1B3987_005   0.067  -3.906  -3.839
ALA01B3988_001   0.000  -4.134  -4.134
CTR01B3988_001  -0.021  -2.037  -2.058
CTR01B3988_002   0.099  -1.960  -1.860
CTR02B3988_003  -0.022  -2.056  -2.078
CTR02B3988_004   0.039  -1.882  -1.844
CTR-1B3988_005   0.000  -2.037  -2.037
NTR01B3993_001  -0.003  -0.578  -0.581
NTR+1B3993_002  -0.005  -0.578  -0.583
LEU01B3993_001   1.796  -2.163  -0.367
HIS01B3994_001  -0.176  -5.548  -5.724
HIS01B3994_002  -0.138  -5.629  -5.767
HIS02B3994_003  -0.194  -5.548  -5.742
HIS02B3994_004  -0.152  -5.629  -5.781
HIS+1B3994_005  -0.221  -5.548  -5.769
HIS+1B3994_006  -0.178  -5.629  -5.807
VAL01B3995_001   0.612  -0.206   0.406
PHE01B3996_001   4.419  -1.012   3.407
ALA01B3997_001   0.000   0.000   0.000
HIS01B3998_001  -0.129  -2.430  -2.559
HIS02B3998_002  -0.149  -2.430  -2.579
HIS+1B3998_003  -0.175  -2.430  -2.606
MET01B3999_001   0.042  -0.096  -0.054
MET01B4000_001   1.160   0.000   1.160
MET01B4001_001  -0.071  -1.507  -1.578
LYS01B4002_001   0.769  -0.789  -0.020
LYS+1B4002_002   0.724  -0.789  -0.065
LEU01B4003_001   1.913   0.000   1.913
ALA01B4004_001   0.000  -0.103  -0.103
GLN01B4005_001   1.639  -1.575   0.064
GLN01B4005_002   2.689  -1.516   1.173
ASP01B4006_001   0.070  -1.506  -1.436
ASP01B4006_002   0.070  -1.506  -1.436
ASP02B4006_003   0.141  -1.423  -1.282
ASP02B4006_004   0.141  -1.423  -1.282
ASP-1B4006_005   0.067  -1.451  -1.384
SER01B4007_001   0.000  -3.122  -3.122
SER01B4007_002   0.000  -3.122  -3.122
SER01B4008_001   0.000  -3.938  -3.938
SER01B4008_002   0.000  -3.938  -3.938
GLN01B4009_001   1.870  -0.039   1.831
GLN01B4009_002   3.106  -0.074   3.032
ILE01B4010_001   2.099  -2.421  -0.322
GLU01B4011_001   2.806  -3.191  -0.385
GLU01B4011_002   2.806  -3.191  -0.385
GLU02B4011_003   2.237  -3.174  -0.937
GLU02B4011_004   2.237  -3.174  -0.937
GLU-1B4011_005   2.169  -3.204  -1.036
LEU01B4012_001   1.622  -0.206   1.416
LEU01B4013_001   2.004  -0.412   1.592
LYS01B4014_001   1.648  -5.260  -3.612
LYS+1B4014_002   1.603  -5.260  -3.658
GLU01B4015_001   3.053  -1.264   1.789
GLU01B4015_002   3.053  -1.264   1.789
GLU02B4015_003   2.427  -1.306   1.121
GLU02B4015_004   2.427  -1.306   1.121
GLU-1B4015_005   2.366  -1.236   1.130
LEU01B4016_001   2.727   0.000   2.727
LEU01B4017_001   1.635  -0.361   1.275
ASP01B4018_001   0.196  -1.265  -1.069
ASP01B4018_002   0.196  -1.265  -1.069
ASP02B4018_003   0.290  -1.248  -0.958
ASP02B4018_004   0.290  -1.248  -0.958
ASP-1B4018_005   0.187  -1.172  -0.985
LEU01B4019_001   1.683  -0.670   1.013
GLN01B4020_001   2.067  -0.551   1.516
GLN01B4020_002   3.415  -0.466   2.950
LYS01B4021_001   1.377  -5.287  -3.909
LYS+1B4021_002   1.331  -5.287  -3.956
ASP01B4022_001   0.149  -1.848  -1.699
ASP01B4022_002   0.149  -1.848  -1.699
ASP02B4022_003   0.228  -1.942  -1.715
ASP02B4022_004   0.228  -1.942  -1.715
ASP-1B4022_005   0.139  -1.843  -1.704
MET01B4023_001  -0.022  -4.819  -4.841
CTR01B4023_001  -0.021  -3.919  -3.940
CTR01B4023_002   0.103  -3.784  -3.681
CTR02B4023_003  -0.022  -3.764  -3.787
CTR02B4023_004   0.041  -3.823  -3.782
CTR-1B4023_005   0.000  -3.764  -3.764
NTG01B4033_001  -0.005  -3.476  -3.481
NTG+1B4033_002  -0.010  -3.476  -3.486
CTR01B4033_001  -0.021  -6.419  -6.441
CTR01B4033_002   0.110  -6.613  -6.503
CTR02B4033_003  -0.022  -6.574  -6.596
CTR02B4033_004   0.044  -6.536  -6.492
CTR-1B4033_005   0.000  -6.381  -6.381
NTR01B4039_001  -0.003  -1.863  -1.866
NTR+1B4039_002  -0.005  -1.863  -1.868
MET01B4039_001   1.215  -7.701  -6.487
ILE01B4040_001   2.579  -8.013  -5.434
ALA01B4041_001   0.000  -4.530  -4.530
ARG01B4042_001   2.612 -10.102  -7.490
ARG02B4042_002   2.537 -10.102  -7.564
ARG03B4042_003   2.537 -10.102  -7.565
ARG+1B4042_004   2.493 -10.102  -7.609
GLN01B4043_001   1.383  -2.313  -0.930
MET01B4044_001   0.070  -6.395  -6.326
VAL01B4045_001   0.796  -1.442  -0.646
ASP01B4046_001   0.083  -2.066  -1.983
ASP01B4046_002   0.083  -2.066  -1.983
ASP02B4046_003   0.157  -2.180  -2.022
ASP02B4046_004   0.157  -2.180  -2.022
ASP-1B4046_005   0.079  -2.102  -2.023
MET01B4047_001   1.895  -2.418  -0.523
LEU01B4048_001   1.706  -3.158  -1.453
VAL01B4049_001   0.684  -2.814  -2.130
GLU01B4050_001   3.153  -2.416   0.737
GLU01B4050_002   3.153  -2.416   0.737
GLU02B4050_003   2.499  -2.516  -0.017
GLU02B4050_004   2.499  -2.516  -0.017
GLU-1B4050_005   2.441  -2.390   0.052
SER01B4051_001   0.000  -0.588  -0.588
SER01B4051_002   0.000  -0.588  -0.588
SER01B4052_001   0.000  -1.377  -1.377
SER01B4052_002   0.000  -1.377  -1.377
SER01B4053_001   0.000  -5.227  -5.227
SER01B4053_002   0.000  -5.227  -5.227
ASN01B4054_001   0.205  -0.384  -0.179
ASN01B4054_002   0.026  -0.399  -0.373
VAL01B4055_001   0.841  -0.618   0.223
GLU01B4056_001   3.420  -2.160   1.260
GLU01B4056_002   3.420  -2.160   1.260
GLU02B4056_003   2.723  -2.298   0.425
GLU02B4056_004   2.723  -2.298   0.425
GLU-1B4056_005   2.660  -2.171   0.489
MET01B4057_001   0.004  -2.637  -2.633
ILE01B4058_001   2.518  -0.773   1.745
LEU01B4059_001   1.811  -3.432  -1.621
LYS01B4060_001   1.267  -3.542  -2.275
LYS+1B4060_002   1.219  -3.542  -2.322
PHE01B4061_001   4.254  -0.303   3.951
PHE01B4062_001   4.397  -2.707   1.690
CTR01B4062_001  -0.021  -0.415  -0.436
CTR01B4062_002   0.107  -0.415  -0.308
CTR02B4062_003  -0.022  -0.492  -0.515
CTR02B4062_004   0.040  -0.415  -0.375
CTR-1B4062_005   0.000  -0.415  -0.415
NTR01B4063_001  -0.003  -0.145  -0.148
NTR+1B4063_002  -0.005  -0.145  -0.150
ASP01B4063_001   0.207  -1.815  -1.607
ASP01B4063_002   0.207  -1.815  -1.607
ASP02B4063_003   0.300  -1.815  -1.516
ASP02B4063_004   0.300  -1.815  -1.516
ASP-1B4063_005   0.196  -1.753  -1.557
MET01B4064_001   0.026   0.000   0.026
PHE01B4065_001   4.833  -0.203   4.630
LEU01B4066_001   2.794  -5.405  -2.611
LYS01B4067_001   0.917  -0.927  -0.011
LYS+1B4067_002   0.873  -0.927  -0.055
LEU01B4068_001   4.924   0.000   4.924
LYS01B4069_001   1.603  -6.026  -4.424
LYS+1B4069_002   1.537  -6.026  -4.489
ASP01B4070_001   0.159  -2.598  -2.439
ASP01B4070_002   0.159  -2.598  -2.439
ASP02B4070_003   0.241  -2.462  -2.221
ASP02B4070_004   0.241  -2.462  -2.221
ASP-1B4070_005   0.150  -2.455  -2.305
ILE01B4071_001   2.082  -0.856   1.225
VAL01B4072_001   0.514  -0.670  -0.155
SER01B4074_001   0.000  -2.570  -2.570
SER01B4074_002   0.000  -2.570  -2.570
GLU01B4075_001   1.624  -3.303  -1.679
GLU01B4075_002   1.624  -3.303  -1.679
GLU02B4075_003   1.346  -3.285  -1.939
GLU02B4075_004   1.346  -3.285  -1.939
GLU-1B4075_005   1.251  -3.275  -2.025
ALA01B4076_001   0.000  -2.865  -2.865
PHE01B4077_001   4.567   0.000   4.567
GLN01B4078_001   0.718  -1.609  -0.891
GLN01B4078_002   0.618  -1.558  -0.940
ASP01B4079_001   0.162  -2.789  -2.627
ASP01B4079_002   0.162  -2.789  -2.627
ASP02B4079_003   0.246  -2.843  -2.598
ASP02B4079_004   0.246  -2.843  -2.598
ASP-1B4079_005   0.153  -2.700  -2.547
TYR01B4080_001   4.921  -1.111   3.810
TYR-1B4080_002   4.921  -1.111   3.810
VAL01B4081_001   0.650  -0.309   0.341
THR01B4082_001   0.204  -6.583  -6.379
THR01B4082_002   0.204  -6.583  -6.379
THR01B4082_003   0.204  -6.583  -6.379
ASP01B4083_001   0.258  -0.793  -0.535
ASP01B4083_002   0.258  -0.793  -0.535
ASP02B4083_003   0.358  -0.727  -0.369
ASP02B4083_004   0.358  -0.727  -0.369
ASP-1B4083_005   0.244  -0.758  -0.514
PRO01B4084_001   0.252  -6.446  -6.194
ARG01B4085_001   2.950  -7.717  -4.767
ARG02B4085_002   2.882  -7.717  -4.835
ARG02B4085_003   2.942  -7.717  -4.775
ARG03B4085_004   2.877  -7.717  -4.840
ARG+1B4085_005   2.838  -7.717  -4.879
LEU01B4087_001   1.868  -4.462  -2.594
ILE01B4088_001   3.432   0.000   3.432
SER01B4089_001   0.000  -2.077  -2.077
SER01B4089_002   0.000  -2.077  -2.077
SER01B4089_003   0.000  -2.077  -2.077
LYS01B4090_001   1.681  -2.391  -0.710
LYS+1B4090_002   1.635  -2.391  -0.757
LYS01B4091_001   0.703  -9.312  -8.609
LYS+1B4091_002   0.657  -9.312  -8.655
ASP01B4092_001   0.058  -0.594  -0.535
ASP01B4092_002   0.058  -0.594  -0.535
ASP02B4092_003   0.124  -0.649  -0.525
ASP02B4092_004   0.124  -0.649  -0.525
ASP-1B4092_005   0.055  -0.594  -0.539
PHE01B4093_001   4.723   0.000   4.723
GLN01B4094_001   1.095  -1.540  -0.445
GLN01B4094_002   1.481  -1.404   0.077
LYS01B4095_001   1.789  -6.900  -5.111
LYS+1B4095_002   1.742  -6.900  -5.158
ALA01B4096_001   0.000  -0.103  -0.103
MET01B4097_001   0.042   0.000   0.042
ASP01B4098_001   0.431  -2.860  -2.429
ASP01B4098_002   0.431  -2.860  -2.429
ASP02B4098_003   0.480  -2.829  -2.349
ASP02B4098_004   0.480  -2.829  -2.349
ASP-1B4098_005   0.371  -2.825  -2.454
SER01B4099_001   0.000  -2.298  -2.298
SER01B4099_002   0.000  -2.298  -2.298
SER01B4099_003   0.000  -2.298  -2.298
GLN01B4100_001   1.943  -1.042   0.901
LYS01B4101_001   0.876 -10.297  -9.421
LYS+1B4101_002   0.829 -10.297  -9.469
GLN01B4102_001   1.452  -3.435  -1.983
GLN01B4102_002   2.394  -3.420  -1.026
PHE01B4103_001   4.737  -0.206   4.531
THR01B4104_001   0.208  -3.074  -2.866
THR01B4104_002   0.208  -3.074  -2.866
PRO01B4106_001   0.271  -6.562  -6.292
GLU01B4107_001   2.425  -0.978   1.447
GLU01B4107_002   2.425  -0.978   1.447
GLU02B4107_003   1.931  -1.063   0.868
GLU02B4107_004   1.931  -1.063   0.868
GLU-1B4107_005   1.862  -0.978   0.885
ILE01B4108_001   1.800  -0.206   1.594
GLN01B4109_001   0.749  -2.672  -1.924
GLN01B4109_002   0.630  -2.689  -2.060
PHE01B4110_001   4.780  -0.515   4.265
LEU01B4111_001   1.980   0.000   1.980
LEU01B4112_001   1.476  -0.515   0.961
SER01B4113_001   0.000  -2.075  -2.075
CYS01B4114_001  -0.002   0.000  -0.002
CYS01B4114_002  -0.002   0.000  -0.002
CYS01B4114_003  -0.003   0.000  -0.003
CYS-1B4114_004   0.000   0.000   0.000
SER01B4115_001   0.000   0.000   0.000
SER01B4115_002   0.000   0.000   0.000
GLU01B4116_001   1.811  -1.957  -0.146
GLU01B4116_002   1.811  -1.957  -0.146
GLU02B4116_003   1.487  -1.981  -0.495
GLU02B4116_004   1.487  -1.981  -0.495
GLU-1B4116_005   1.396  -1.989  -0.593
ALA01B4117_001   0.000  -2.798  -2.798
ASP01B4118_001   0.376  -2.154  -1.778
ASP01B4118_002   0.376  -2.154  -1.778
ASP02B4118_003   0.426  -2.021  -1.595
ASP02B4118_004   0.426  -2.021  -1.595
ASP-1B4118_005   0.324  -1.964  -1.640
GLU01B4119_001   1.782  -4.009  -2.226
GLU01B4119_002   1.782  -4.009  -2.226
GLU02B4119_003   1.483  -4.086  -2.603
GLU02B4119_004   1.483  -4.086  -2.603
GLU-1B4119_005   1.384  -3.918  -2.535
ASN01B4120_001   0.008  -1.713  -1.705
ASN01B4120_002   0.174  -1.766  -1.592
GLU01B4121_001   2.704  -3.270  -0.566
GLU01B4121_002   2.704  -3.270  -0.566
GLU02B4121_003   2.147  -3.166  -1.019
GLU02B4121_004   2.147  -3.166  -1.019
GLU-1B4121_005   2.085  -3.070  -0.985
MET01B4122_001   0.142  -1.099  -0.957
ILE01B4123_001   3.113   0.000   3.113
ASN01B4124_001   0.136  -1.821  -1.685
ASN01B4124_002  -0.016  -1.629  -1.645
PHE01B4125_001   4.596  -2.106   2.490
GLU01B4126_001   0.497  -3.695  -3.198
GLU01B4126_002   0.497  -3.695  -3.198
GLU02B4126_003   0.664  -3.705  -3.042
GLU02B4126_004   0.664  -3.705  -3.042
GLU-1B4126_005   0.466  -3.721  -3.255
GLU01B4127_001   3.302  -1.144   2.159
GLU01B4127_002   3.302  -1.144   2.159
GLU02B4127_003   2.671  -1.188   1.483
GLU02B4127_004   2.671  -1.188   1.483
GLU-1B4127_005   2.591  -1.153   1.437
PHE01B4128_001   4.678  -0.051   4.627
ALA01B4129_001   0.000  -0.547  -0.547
ASN01B4130_001   0.461  -2.087  -1.626
ASN01B4130_002   0.219  -2.092  -1.873
ARG01B4131_001   2.025  -0.814   1.212
ARG02B4131_002   2.080  -0.814   1.266
ARG03B4131_003   1.999  -0.814   1.186
ARG03B4131_004   2.004  -0.814   1.190
ARG+1B4131_005   1.960  -0.814   1.146
PHE01B4132_001   4.691  -0.691   4.000
GLN01B4133_001   1.055  -1.441  -0.386
GLN01B4133_002   0.814  -1.173  -0.360
GLU01B4134_001   4.659  -2.106   2.552
GLU01B4134_002   4.659  -2.106   2.552
GLU02B4134_003   3.740  -1.954   1.787
GLU02B4134_004   3.740  -1.954   1.787
GLU-1B4134_005   3.667  -1.967   1.700
PRO01B4135_001   0.370  -0.480  -0.110
ALA01B4136_001   0.000   0.000   0.000
ARG01B4137_001   2.862  -9.386  -6.524
ARG02B4137_002   2.818  -9.386  -6.568
ARG03B4137_003   2.904  -9.386  -6.482
ARG+1B4137_004   2.773  -9.386  -6.613
ASP01B4138_001   0.053  -1.365  -1.312
ASP01B4138_002   0.053  -1.365  -1.312
ASP02B4138_003   0.116  -1.397  -1.281
ASP02B4138_004   0.116  -1.397  -1.281
ASP-1B4138_005   0.049  -1.399  -1.351
CTR01B4138_001  -0.021  -2.027  -2.048
CTR01B4138_002   0.102  -1.892  -1.790
CTR02B4138_003  -0.022  -1.911  -1.933
CTR02B4138_004   0.040  -2.008  -1.967
CTR-1B4138_005   0.000  -1.911  -1.911
NTG01B4140_001  -0.005  -0.984  -0.988
NTG+1B4140_002  -0.010  -0.984  -0.994
CTR01B4140_001  -0.021  -5.329  -5.350
CTR01B4140_002   0.100  -5.541  -5.442
CTR02B4140_003  -0.022  -5.232  -5.254
CTR02B4140_004   0.039  -5.387  -5.348
CTR-1B4140_005   0.000  -5.232  -5.232
NTR01B4159_001  -0.003  -1.773  -1.776
NTR+1B4159_002  -0.005  -1.773  -1.778
ARG01B4159_001   2.434  -8.581  -6.147
ARG02B4159_002   2.364  -8.581  -6.217
ARG03B4159_003   2.363  -8.581  -6.218
ARG+1B4159_004   2.319  -8.581  -6.262
LEU01B4160_001   1.788  -7.550  -5.762
ARG01B4161_001   1.633 -13.137 -11.504
ARG02B4161_002   1.596 -13.137 -11.541
ARG03B4161_003   1.590 -13.137 -11.547
ARG+1B4161_004   1.551 -13.137 -11.585
ASN01B4162_001   0.178  -2.577  -2.399
ASN01B4162_002   0.009  -2.577  -2.568
PHE01B4163_001   4.777  -0.823   3.954
CTR01B4163_001  -0.021  -3.600  -3.621
CTR01B4163_002   0.094  -3.775  -3.680
CTR02B4163_003  -0.022  -3.600  -3.622
CTR02B4163_004   0.036  -3.871  -3.836
CTR-1B4163_005   0.000  -3.600  -3.600
NTR01B4190_001  -0.003  -1.234  -1.236
NTR+1B4190_002  -0.005  -1.234  -1.238
ILE01B4190_001   2.368  -5.711  -3.343
GLU01B4191_001   1.877  -3.239  -1.363
GLU01B4191_002   1.877  -3.239  -1.363
GLU02B4191_003   1.477  -3.269  -1.792
GLU02B4191_004   1.477  -3.269  -1.792
GLU-1B4191_005   1.418  -3.208  -1.791
ARG01B4192_001   1.748 -13.138 -11.390
ARG02B4192_002   1.709 -13.138 -11.429
ARG03B4192_003   1.710 -13.138 -11.428
ARG+1B4192_004   1.666 -13.138 -11.473
ILE01B4193_001   4.423  -5.937  -1.514
TYR01B4194_001   4.711 -13.327  -8.617
TYR-1B4194_002   4.711 -13.327  -8.617
CTR01B4194_001  -0.021  -4.103  -4.124
CTR01B4194_002   0.100  -4.257  -4.157
CTR02B4194_003  -0.022  -4.257  -4.279
CTR02B4194_004   0.039  -4.161  -4.122
CTR-1B4194_005   0.000  -4.103  -4.103
NTR01B4205_001  -0.003  -1.799  -1.802
NTR+1B4205_002  -0.005  -1.799  -1.804
TRP01B4205_001   3.143 -11.722  -8.578
GLU01B4206_001   1.614  -3.960  -2.346
GLU01B4206_002   1.614  -3.960  -2.346
GLU02B4206_003   1.350  -3.908  -2.558
GLU02B4206_004   1.350  -3.908  -2.558
GLU-1B4206_005   1.249  -3.796  -2.547
MET01B4207_001   0.438  -4.982  -4.544
PRO01B4208_001   0.245  -7.613  -7.368
GLN01B4209_001   0.727  -1.925  -1.198
GLN01B4209_002   0.631  -2.118  -1.487
CTR01B4209_001  -0.021  -1.390  -1.411
CTR01B4209_002   0.103  -1.429  -1.326
CTR02B4209_003  -0.022  -1.390  -1.412
CTR02B4209_004   0.040  -1.622  -1.582
CTR-1B4209_005   0.000  -1.390  -1.390
NTR01B4212_001  -0.003  -1.352  -1.355
NTR+1B4212_002  -0.005  -1.352  -1.357
CTR01B4212_001  -0.021  -2.143  -2.164
CTR01B4212_002   0.094  -2.317  -2.223
CTR02B4212_003  -0.022  -2.143  -2.165
CTR02B4212_004   0.037  -2.336  -2.300
CTR-1B4212_005   0.000  -2.143  -2.143
GLU01B4212_001   1.576  -2.559  -0.983
GLU01B4212_002   1.576  -2.559  -0.983
GLU02B4212_003   1.309  -2.647  -1.338
GLU02B4212_004   1.309  -2.647  -1.338
GLU-1B4212_005   1.215  -2.600  -1.385
NTR01B4215_001  -0.003  -2.950  -2.953
NTR+1B4215_002  -0.005  -2.854  -2.858
CTR01B4215_001  -0.021  -4.807  -4.828
CTR01B4215_002   0.099  -4.711  -4.612
CTR02B4215_003  -0.022  -4.730  -4.752
CTR02B4215_004   0.039  -4.846  -4.807
CTR-1B4215_005   0.000  -4.730  -4.730
ARG01B4215_001   2.737 -10.894  -8.157
ARG02B4215_002   2.782 -10.894  -8.112
ARG03B4215_003   2.689 -10.894  -8.205
ARG+1B4215_004   2.649 -10.894  -8.245
NTR01B4223_001  -0.003  -3.891  -3.894
NTR+1B4223_002  -0.005  -3.756  -3.761
CTR01B4223_001  -0.021  -5.753  -5.774
CTR01B4223_002   0.105  -5.811  -5.707
CTR02B4223_003  -0.022  -5.734  -5.756
CTR02B4223_004   0.042  -5.908  -5.866
CTR-1B4223_005   0.000  -5.676  -5.676
ASN01B4223_001   0.173  -4.124  -3.951
NTR01B4238_001  -0.003  -2.525  -2.528
NTR+1B4238_002  -0.005  -2.525  -2.530
CYS01B4238_001  -0.002  -6.746  -6.748
CYS01B4238_002  -0.002  -6.746  -6.748
CYS01B4238_003  -0.003  -6.746  -6.749
CYS-1B4238_004   0.000  -6.746  -6.746
GLU01B4239_001   3.588  -1.435   2.153
GLU01B4239_002   3.588  -1.435   2.153
GLU02B4239_003   2.855  -1.422   1.434
GLU02B4239_004   2.855  -1.422   1.434
GLU-1B4239_005   2.797  -1.370   1.427
ASP01B4240_001   0.077  -1.451  -1.374
ASP01B4240_002   0.077  -1.451  -1.374
ASP02B4240_003   0.147  -1.524  -1.376
ASP02B4240_004   0.147  -1.524  -1.376
ASP-1B4240_005   0.072  -1.451  -1.379
THR01B4241_001   0.274  -2.477  -2.202
THR01B4241_002   0.274  -2.477  -2.202
ILE01B4242_001   2.421  -1.597   0.825
PHE01B4243_001   5.014  -0.909   4.104
GLU01B4244_001   2.037  -0.959   1.078
GLU01B4244_002   2.037  -0.959   1.078
GLU02B4244_003   1.609  -1.024   0.585
GLU02B4244_004   1.609  -1.024   0.585
GLU-1B4244_005   1.547  -0.930   0.617
MET01B4245_001  -0.046  -1.307  -1.353
GLN01B4246_001   0.756  -1.874  -1.119
GLN01B4246_002   0.647  -2.081  -1.434
ILE01B4247_001   1.150  -1.201  -0.051
ALA01B4248_001   0.000  -0.892  -0.892
ALA01B4249_001   0.000  -3.397  -3.397
GLN01B4250_001   1.812  -3.050  -1.239
GLN01B4250_002   2.992  -3.021  -0.029
ILE01B4251_001   2.346  -1.391   0.956
SER01B4252_001   0.000  -3.291  -3.291
GLU01B4253_001   0.500  -2.959  -2.459
GLU01B4253_002   0.500  -2.959  -2.459
GLU02B4253_003   0.667  -2.849  -2.182
GLU02B4253_004   0.667  -2.849  -2.182
GLU-1B4253_005   0.469  -2.855  -2.386
CTR01B4253_001  -0.021  -4.904  -4.925
CTR01B4253_002   0.108  -5.097  -4.989
CTR02B4253_003  -0.022  -5.039  -5.061
CTR02B4253_004   0.042  -5.097  -5.055
CTR-1B4253_005   0.000  -4.962  -4.962
NTR01B4540_001  -0.003  -3.095  -3.098
NTR+1B4540_002  -0.005  -3.095  -3.100
PHE01B4540_001   2.029  -2.608  -0.579
TRP01B4541_001   0.641 -14.991 -14.350
GLU01B4543_001   0.500  -3.451  -2.951
GLU01B4543_002   0.500  -3.451  -2.951
GLU02B4543_003   0.667  -3.518  -2.851
GLU02B4543_004   0.667  -3.518  -2.851
GLU-1B4543_005   0.469  -3.437  -2.968
LEU01B4544_001   1.463  -3.673  -2.210
GLU01B4545_001   0.500  -2.372  -1.871
GLU01B4545_002   0.500  -2.372  -1.871
GLU02B4545_003   0.667  -2.286  -1.619
GLU02B4545_004   0.667  -2.286  -1.619
GLU-1B4545_005   0.469  -2.253  -1.784
VAL01B4546_001   0.555  -6.191  -5.636
GLN01B4547_001   1.142  -2.770  -1.627
GLN01B4547_002   1.576  -2.962  -1.386
ARG01B4548_001   3.081  -7.831  -4.750
ARG02B4548_002   3.031  -7.831  -4.800
ARG02B4548_003   3.036  -7.831  -4.795
ARG03B4548_004   3.125  -7.831  -4.706
ARG+1B4548_005   2.991  -7.831  -4.840
VAL01B4549_001   0.706  -3.896  -3.189
LYS01B4550_001   3.793  -3.791   0.002
LYS+1B4550_002   3.698  -3.791  -0.093
PHE01B4551_001   4.652  -6.898  -2.246
LEU01B4552_001   2.348  -1.252   1.096
ASN01B4553_001   0.273  -0.901  -0.628
ASN01B4553_002   0.443  -0.920  -0.477
TYR01B4554_001   4.362  -7.593  -3.232
TYR-1B4554_002   4.362  -7.593  -3.232
LEU01B4555_001   1.810  -0.258   1.552
SER01B4556_001   0.000   0.000   0.000
ARG01B4557_001   3.610  -4.456  -0.846
ARG02B4557_002   3.574  -4.456  -0.882
ARG03B4557_003   3.619  -4.456  -0.837
ARG+1B4557_004   3.529  -4.456  -0.927
ASN01B4558_001   0.155  -1.036  -0.881
PHE01B4559_001   4.675  -0.893   3.782
TYR01B4560_001   4.631  -7.738  -3.106
TYR-1B4560_002   4.631  -7.738  -3.106
THR01B4561_001   0.246  -4.482  -4.236
LEU01B4562_001   1.847  -1.046   0.800
ARG01B4563_001   1.363  -1.850  -0.486
ARG02B4563_002   1.318  -1.850  -0.532
ARG02B4563_003   1.323  -1.850  -0.527
ARG03B4563_004   1.323  -1.850  -0.526
ARG03B4563_005   1.383  -1.850  -0.466
ARG+1B4563_006   1.279  -1.850  -0.570
PHE01B4564_001   4.697  -8.656  -3.959
LEU01B4565_001   1.617  -3.603  -1.985
ALA01B4566_001   0.000  -0.052  -0.052
LEU01B4567_001   1.570  -2.266  -0.697
PHE01B4568_001   4.631  -8.410  -3.780
LEU01B4569_001   2.250  -0.464   1.787
ALA01B4570_001   0.000   0.000   0.000
PHE01B4571_001   4.841  -6.652  -1.811
ALA01B4572_001   0.000  -2.212  -2.212
ILE01B4573_001   2.180  -0.103   2.077
ASN01B4574_001   0.466  -0.190   0.275
ASN01B4574_002   0.240  -0.130   0.111
PHE01B4575_001   4.687  -8.482  -3.795
ILE01B4576_001   3.255  -0.737   2.517
LEU01B4577_001   3.385  -2.434   0.951
LEU01B4578_001   2.138  -6.606  -4.469
PHE01B4579_001   4.529  -3.082   1.447
TYR01B4580_001   4.506  -3.218   1.288
TYR-1B4580_002   4.506  -3.218   1.288
LYS01B4581_001   0.984  -6.173  -5.190
LYS+1B4581_002   0.937  -6.173  -5.236
VAL01B4582_001   0.508  -5.441  -4.932
SER01B4583_001   0.000  -0.731  -0.731
ASP01B4584_001  -0.041  -3.797  -3.837
ASP01B4584_002  -0.041  -3.797  -3.837
ASP02B4584_003  -0.009  -3.708  -3.717
ASP02B4584_004  -0.009  -3.708  -3.717
ASP-1B4584_005  -0.041  -3.626  -3.667
SER01B4585_001   0.000  -3.376  -3.376
SER01B4585_002   0.000  -3.376  -3.376
PRO01B4586_001   0.252  -5.618  -5.365
PRO01B4587_001   0.249  -3.963  -3.715
CTR01B4587_001  -0.021  -4.653  -4.674
CTR01B4587_002   0.090  -4.769  -4.679
CTR02B4587_003  -0.022  -4.634  -4.656
CTR02B4587_004   0.033  -4.750  -4.717
CTR-1B4587_005   0.000  -4.634  -4.634
NTR01B4626_001  -0.003  -3.567  -3.570
NTR+1B4626_002  -0.005  -3.567  -3.572
ASN01B4626_001  -0.020  -3.527  -3.547
MET01B4627_001   0.139  -3.486  -3.346
VAL01B4628_001   0.579  -2.572  -1.993
TYR01B4629_001   4.596  -8.934  -4.339
TYR-1B4629_002   4.596  -8.934  -4.339
TYR01B4630_001   4.585  -3.965   0.619
TYR-1B4630_002   4.585  -3.965   0.619
PHE01B4631_001   4.772  -2.657   2.114
LEU01B4632_001   1.811  -4.733  -2.922
GLU01B4633_001   2.645  -2.554   0.090
GLU01B4633_002   2.645  -2.554   0.090
GLU02B4633_003   2.097  -2.678  -0.581
GLU02B4633_004   2.097  -2.678  -0.581
GLU-1B4633_005   2.035  -2.584  -0.549
GLU01B4634_001   2.379  -1.160   1.218
GLU01B4634_002   2.379  -1.160   1.218
GLU02B4634_003   1.883  -1.118   0.765
GLU02B4634_004   1.883  -1.118   0.765
GLU-1B4634_005   1.823  -1.076   0.746
SER01B4635_001   0.000  -5.312  -5.312
SER01B4635_002   0.000  -5.312  -5.312
THR01B4636_001   0.200  -2.038  -1.838
THR01B4636_002   0.200  -2.038  -1.838
THR01B4636_003   0.200  -2.038  -1.838
TYR01B4638_001   4.614  -9.125  -4.510
TYR-1B4638_002   4.614  -9.125  -4.510
MET01B4639_001   5.669   0.000   5.669
GLU01B4640_001   1.810  -2.575  -0.765
GLU01B4640_002   1.810  -2.575  -0.765
GLU02B4640_003   1.494  -2.659  -1.165
GLU02B4640_004   1.494  -2.659  -1.165
GLU-1B4640_005   1.400  -2.682  -1.283
PRO01B4641_001   0.269  -6.627  -6.358
ALA01B4642_001   0.000  -3.310  -3.310
LEU01B4643_001   3.141  -1.767   1.374
TRP01B4644_001   2.904  -7.876  -4.971
CYS01B4645_001  -0.002  -3.958  -3.960
CYS01B4645_002  -0.002  -3.958  -3.960
CYS01B4645_003  -0.002  -3.958  -3.960
CYS-1B4645_004   0.000  -3.958  -3.958
LEU01B4646_001   1.606  -3.245  -1.639
SER01B4647_001   0.000   0.000   0.000
SER01B4647_002   0.000   0.000   0.000
LEU01B4648_001   2.310  -4.977  -2.668
LEU01B4649_001   1.817  -3.586  -1.770
HIS01B4650_001  -0.159   0.000  -0.159
HIS02B4650_002  -0.177   0.000  -0.177
HIS+1B4650_003  -0.204   0.000  -0.204
THR01B4651_001   0.242  -1.270  -1.029
THR01B4651_002   0.242  -1.270  -1.029
LEU01B4652_001   3.244  -5.576  -2.332
VAL01B4653_001   0.626  -0.464   0.162
ALA01B4654_001   0.000   0.000   0.000
PHE01B4655_001   4.612  -7.961  -3.349
LEU01B4656_001   1.992  -2.247  -0.255
CYS01B4657_001  -0.002   0.000  -0.002
CYS01B4657_002  -0.002   0.000  -0.002
CYS01B4657_003  -0.002   0.000  -0.002
CYS-1B4657_004   0.000   0.000   0.000
ILE01B4658_001   2.822  -1.751   1.070
ILE01B4659_001   2.636  -3.432  -0.796
TYR01B4661_001   4.740  -0.152   4.589
TYR01B4661_002   4.740  -0.152   4.589
TYR-1B4661_003   4.740  -0.152   4.589
ASN01B4662_001   0.164  -1.998  -1.834
ASN01B4662_002   0.001  -1.787  -1.786
CYS01B4663_001  -0.002  -1.623  -1.625
CYS01B4663_002  -0.002  -1.623  -1.625
CYS01B4663_003  -0.002  -1.623  -1.626
CYS-1B4663_004   0.000  -1.623  -1.623
LEU01B4664_001   1.828  -2.009  -0.181
LYS01B4665_001   1.882  -3.607  -1.725
LYS+1B4665_002   1.793  -3.607  -1.814
VAL01B4666_001   0.328   0.000   0.328
PRO01B4667_001   0.295  -1.597  -1.301
LEU01B4668_001   2.091  -1.182   0.909
VAL01B4669_001   0.542  -1.542  -1.001
ILE01B4670_001   2.067  -0.567   1.500
PHE01B4671_001   4.877   0.000   4.877
LYS01B4672_001   0.952  -5.210  -4.257
LYS+1B4672_002   0.906  -5.210  -4.304
ARG01B4673_001   2.491  -0.733   1.758
ARG02B4673_002   2.446  -0.733   1.714
ARG02B4673_003   2.451  -0.733   1.718
ARG03B4673_004   2.454  -0.733   1.722
ARG03B4673_005   2.525  -0.733   1.792
ARG+1B4673_006   2.407  -0.733   1.674
GLU01B4674_001   2.275   0.000   2.275
GLU01B4674_002   2.275   0.000   2.275
GLU02B4674_003   1.850   0.000   1.850
GLU02B4674_004   1.850   0.000   1.850
GLU-1B4674_005   1.765   0.000   1.765
LYS01B4675_001   1.505  -2.790  -1.285
LYS+1B4675_002   1.458  -2.790  -1.333
GLU01B4676_001   2.790  -1.407   1.383
GLU01B4676_002   2.790  -1.407   1.383
GLU02B4676_003   2.218  -1.388   0.830
GLU02B4676_004   2.218  -1.388   0.830
GLU-1B4676_005   2.155  -1.382   0.772
LEU01B4677_001   1.313  -0.309   1.004
ALA01B4678_001   0.000  -0.206  -0.206
ARG01B4679_001   1.966  -5.410  -3.444
ARG02B4679_002   1.950  -5.410  -3.460
ARG02B4679_003   2.030  -5.410  -3.380
ARG03B4679_004   1.942  -5.410  -3.468
ARG03B4679_005   1.945  -5.410  -3.465
ARG+1B4679_006   1.902  -5.410  -3.508
LYS01B4680_001   0.864  -5.382  -4.518
LYS+1B4680_002   0.818  -5.382  -4.564
LEU01B4681_001   1.450  -0.155   1.296
GLU01B4682_001   1.976  -0.543   1.433
GLU01B4682_002   1.976  -0.543   1.433
GLU02B4682_003   1.611  -0.533   1.078
GLU02B4682_004   1.611  -0.533   1.078
GLU-1B4682_005   1.527  -0.543   0.984
PHE01B4683_001   4.796  -7.669  -2.873
ASP01B4684_001   0.209  -2.245  -2.036
ASP01B4684_002   0.209  -2.245  -2.036
ASP02B4684_003   0.303  -2.333  -2.030
ASP02B4684_004   0.303  -2.333  -2.030
ASP-1B4684_005   0.198  -2.265  -2.067
LEU01B4686_001   1.927  -2.144  -0.217
TYR01B4687_001   4.852  -0.101   4.751
TYR01B4687_002   4.852  -0.101   4.751
TYR-1B4687_003   4.852  -0.101   4.751
ILE01B4688_001   1.926   0.000   1.926
THR01B4689_001   0.211  -3.094  -2.883
THR01B4689_002   0.211  -3.094  -2.883
GLU01B4690_001   2.894  -3.445  -0.551
GLU01B4690_002   2.894  -3.445  -0.551
GLU02B4690_003   2.301  -3.517  -1.216
GLU02B4690_004   2.301  -3.517  -1.216
GLU-1B4690_005   2.237  -3.355  -1.118
GLN01B4691_001   1.320  -2.761  -1.441
GLN01B4691_002   1.896  -2.638  -0.742
PRO01B4692_001   0.294  -0.343  -0.049
ASP01B4694_001   0.165  -2.584  -2.420
ASP01B4694_002   0.165  -2.584  -2.420
ASP02B4694_003   0.250  -2.768  -2.518
ASP02B4694_004   0.250  -2.768  -2.518
ASP-1B4694_005   0.156  -2.515  -2.359
ASP01B4695_001   0.168  -3.443  -3.275
ASP01B4695_002   0.168  -3.443  -3.275
ASP02B4695_003   0.254  -3.455  -3.201
ASP02B4695_004   0.254  -3.455  -3.201
ASP-1B4695_005   0.159  -3.282  -3.123
ASP01B4696_001   0.148  -3.318  -3.170
ASP01B4696_002   0.148  -3.318  -3.170
ASP02B4696_003   0.229  -3.296  -3.067
ASP02B4696_004   0.229  -3.296  -3.067
ASP-1B4696_005   0.139  -3.204  -3.065
VAL01B4697_001   0.649  -6.880  -6.230
LYS01B4698_001   1.364  -5.734  -4.371
LYS+1B4698_002   1.315  -5.734  -4.419
GLN01B4700_001   1.042  -2.201  -1.159
GLN01B4700_002   0.854  -2.197  -1.343
TRP01B4701_001   3.120  -4.316  -1.196
ASP01B4702_001   0.180  -0.034   0.146
ASP01B4702_002   0.180  -0.034   0.146
ASP02B4702_003   0.267  -0.036   0.231
ASP02B4702_004   0.267  -0.036   0.231
ASP-1B4702_005   0.170  -0.034   0.135
ARG01B4703_001   2.944  -5.710  -2.766
ARG02B4703_002   2.898  -5.710  -2.812
ARG03B4703_003   2.901  -5.710  -2.809
ARG+1B4703_004   2.853  -5.710  -2.856
LEU01B4704_001   3.331  -2.901   0.430
VAL01B4705_001   0.499   0.000   0.499
LEU01B4706_001   1.517  -0.103   1.414
ASN01B4707_001   0.475  -1.345  -0.870
THR01B4708_001   0.239   0.000   0.239
THR01B4708_002   0.239   0.000   0.239
PRO01B4709_001   0.255  -4.307  -4.052
SER01B4710_001   0.000  -1.745  -1.745
SER01B4710_002   0.000  -1.745  -1.745
SER01B4710_003   0.000  -1.745  -1.745
PHE01B4711_001   4.786   0.000   4.786
PRO01B4712_001   0.315  -0.274   0.042
SER01B4713_001   0.000  -1.532  -1.532
SER01B4713_002   0.000  -1.532  -1.532
SER01B4713_003   0.000  -1.532  -1.532
ASN01B4714_001   0.146  -0.925  -0.779
ASN01B4714_002  -0.009  -0.965  -0.974
TYR01B4715_001   4.799  -1.365   3.433
TYR01B4715_002   4.799  -1.365   3.433
TYR-1B4715_003   4.799  -1.365   3.433
TRP01B4716_001   2.907  -3.040  -0.133
ASP01B4717_001   0.332  -1.278  -0.946
ASP01B4717_002   0.332  -1.278  -0.946
ASP02B4717_003   0.364  -1.290  -0.927
ASP02B4717_004   0.364  -1.290  -0.927
ASP-1B4717_005   0.278  -1.283  -1.006
LYS01B4718_001   0.631  -4.244  -3.612
LYS+1B4718_002   0.587  -4.244  -3.657
PHE01B4719_001   4.908  -2.440   2.468
VAL01B4720_001   0.582  -0.480   0.103
LYS01B4721_001   0.686  -0.876  -0.190
LYS+1B4721_002   0.641  -0.876  -0.235
ARG01B4722_001   3.054  -4.820  -1.766
ARG02B4722_002   3.007  -4.820  -1.813
ARG03B4722_003   3.088  -4.820  -1.732
ARG+1B4722_004   2.962  -4.820  -1.858
LYS01B4723_001   1.569  -5.746  -4.177
LYS+1B4723_002   1.523  -5.746  -4.224
VAL01B4724_001   0.642  -0.052   0.591
LEU01B4725_001   2.102  -0.412   1.690
ASP01B4726_001   0.083  -3.266  -3.183
ASP01B4726_002   0.083  -3.266  -3.183
ASP02B4726_003   0.157  -3.199  -3.042
ASP02B4726_004   0.157  -3.199  -3.042
ASP-1B4726_005   0.079  -3.183  -3.104
LYS01B4727_001   1.079  -4.299  -3.220
LYS+1B4727_002   1.032  -4.299  -3.267
HIS01B4728_001  -0.118  -1.083  -1.202
HIS01B4728_002  -0.066  -1.340  -1.406
HIS02B4728_003  -0.138  -1.083  -1.221
HIS02B4728_004  -0.079  -1.340  -1.419
HIS+1B4728_005  -0.165  -1.083  -1.248
HIS+1B4728_006  -0.106  -1.340  -1.445
ASP01B4730_001   0.076  -3.326  -3.250
ASP01B4730_002   0.076  -3.326  -3.250
ASP02B4730_003   0.147  -3.365  -3.218
ASP02B4730_004   0.147  -3.365  -3.218
ASP-1B4730_005   0.072  -3.196  -3.124
ILE01B4731_001   2.167  -5.763  -3.596
PHE01B4732_001   4.151  -3.816   0.335
ARG01B4734_001   1.976  -7.601  -5.625
ARG02B4734_002   1.952  -7.601  -5.649
ARG03B4734_003   1.960  -7.601  -5.640
ARG+1B4734_004   1.913  -7.601  -5.688
GLU01B4735_001   3.787  -2.861   0.925
GLU01B4735_002   3.787  -2.861   0.925
GLU02B4735_003   3.040  -3.014   0.026
GLU02B4735_004   3.040  -3.014   0.026
GLU-1B4735_005   2.966  -2.905   0.060
ARG01B4736_001   3.071  -8.972  -5.901
ARG02B4736_002   3.026  -8.972  -5.946
ARG03B4736_003   3.116  -8.972  -5.856
ARG+1B4736_004   2.981  -8.972  -5.991
ILE01B4737_001   2.453  -0.052   2.402
ALA01B4738_001   0.000  -0.103  -0.103
GLU01B4739_001   3.763  -2.625   1.137
GLU01B4739_002   3.763  -2.625   1.137
GLU02B4739_003   3.038  -2.627   0.411
GLU02B4739_004   3.038  -2.627   0.411
GLU-1B4739_005   2.958  -2.570   0.388
LEU01B4740_001   1.860  -2.160  -0.301
LEU01B4741_001   1.733   0.000   1.733
MET01B4743_001   0.438  -0.719  -0.281
ASP01B4744_001  -0.040  -2.192  -2.232
ASP01B4744_002  -0.040  -2.192  -2.232
ASP02B4744_003  -0.009  -2.301  -2.310
ASP02B4744_004  -0.009  -2.301  -2.310
ASP-1B4744_005  -0.041  -2.200  -2.240
LEU01B4745_001   1.461  -6.265  -4.804
ALA01B4746_001   0.000  -0.773  -0.773
SER01B4747_001   0.000  -1.275  -1.275
SER01B4747_002   0.000  -1.275  -1.275
LEU01B4748_001   1.456  -5.988  -4.532
GLU01B4749_001   0.499  -2.541  -2.042
GLU01B4749_002   0.499  -2.541  -2.042
GLU02B4749_003   0.665  -2.603  -1.938
GLU02B4749_004   0.665  -2.603  -1.938
GLU-1B4749_005   0.468  -2.541  -2.073
ILE01B4750_001   0.945  -1.545  -0.600
THR01B4751_001   0.151  -4.907  -4.755
ALA01B4752_001   0.000  -3.052  -3.052
HIS01B4753_001  -0.354  -1.270  -1.624
HIS02B4753_002  -0.363  -1.270  -1.633
HIS+1B4753_003  -0.382  -1.270  -1.653
ASN01B4754_001  -0.020  -0.576  -0.596
ASN01B4754_002  -0.091  -0.433  -0.524
GLU01B4755_001   0.497  -1.981  -1.484
GLU01B4755_002   0.497  -1.981  -1.484
GLU02B4755_003   0.663  -1.981  -1.318
GLU02B4755_004   0.663  -1.981  -1.318
GLU-1B4755_005   0.465  -1.964  -1.499
ARG01B4756_0011192.635  -6.4431186.192
ARG02B4756_0021192.617  -6.4431186.174
ARG03B4756_0031192.651  -6.4431186.208
ARG03B4756_004 191.669  -6.443 185.226
ARG+1B4756_0051192.585  -6.4431186.142
LYS01B4757_001   3.791  -2.909   0.882
LYS+1B4757_002   3.697  -2.909   0.788
PRO01B4758_001   0.234  -5.682  -5.448
ASP01B4759_001  -0.040  -3.474  -3.514
ASP01B4759_002  -0.040  -3.474  -3.514
ASP02B4759_003  -0.009  -3.485  -3.494
ASP02B4759_004  -0.009  -3.485  -3.494
ASP-1B4759_005  -0.041  -3.419  -3.460
PRO01B4760_001   0.231  -6.481  -6.250
PRO01B4761_001   0.236  -6.952  -6.716
PRO01B4762_001   0.230  -5.643  -5.413
LEU01B4764_001   1.454  -4.739  -3.285
LEU01B4765_001   1.459  -4.378  -2.919
THR01B4766_001   0.204  -5.513  -5.309
THR01B4766_002   0.204  -5.513  -5.309
TRP01B4767_001   2.993  -7.481  -4.488
LEU01B4768_001   3.161  -7.070  -3.909
MET01B4769_001   0.229  -9.611  -9.382
SER01B4770_001   0.000  -3.257  -3.257
ILE01B4771_001   2.161  -4.221  -2.060
ASP01B4772_001   0.144  -1.914  -1.770
ASP01B4772_002   0.144  -1.914  -1.770
ASP02B4772_003   0.220  -2.048  -1.828
ASP02B4772_004   0.220  -2.048  -1.828
ASP-1B4772_005   0.134  -1.964  -1.830
VAL01B4773_001   0.637  -5.560  -4.923
LYS01B4774_001   1.075  -5.968  -4.893
LYS+1B4774_002   1.028  -5.968  -4.940
TYR01B4775_001   4.626  -0.868   3.758
TYR01B4775_002   4.626  -0.868   3.758
TYR-1B4775_003   4.626  -0.868   3.758
GLN01B4776_001   0.778  -1.992  -1.214
GLN01B4776_002   0.664  -1.934  -1.270
ILE01B4777_001   2.699  -4.153  -1.454
TRP01B4778_001   3.389   0.000   3.389
LYS01B4779_001   1.300  -4.045  -2.745
LYS+1B4779_002   1.254  -4.045  -2.791
PHE01B4780_001   4.672  -5.674  -1.002
VAL01B4782_001   0.986   0.000   0.986
ILE01B4783_001   2.111  -1.098   1.013
PHE01B4784_001   4.097  -6.423  -2.326
THR01B4785_001   0.181  -2.027  -1.846
THR01B4785_002   0.181  -2.027  -1.846
ASP01B4786_001   0.342  -0.869  -0.528
ASP01B4786_002   0.342  -0.869  -0.528
ASP02B4786_003   0.394  -0.792  -0.398
ASP02B4786_004   0.394  -0.792  -0.398
ASP-1B4786_005   0.295  -0.792  -0.497
ASN01B4787_001   0.454  -3.683  -3.229
ASN01B4787_002   0.211  -3.443  -3.232
SER01B4788_001   0.000  -2.522  -2.522
SER01B4788_002   0.000  -2.522  -2.522
PHE01B4789_001   4.852  -2.056   2.796
LEU01B4790_001   1.735  -5.251  -3.516
TYR01B4791_001   4.996  -4.490   0.506
TYR01B4791_002   4.996  -4.490   0.506
TYR-1B4791_003   4.996  -4.490   0.506
LEU01B4792_001   1.343  -0.979   0.364
TRP01B4794_001   3.231  -8.551  -5.320
TYR01B4795_001   4.643  -0.118   4.524
TYR-1B4795_002   4.643  -0.118   4.524
MET01B4796_001   2.860  -1.223   1.636
VAL01B4797_001   0.692  -4.494  -3.803
MET01B4798_001   1.618  -0.959   0.659
SER01B4799_001   0.000   0.000   0.000
SER01B4799_002   0.000   0.000   0.000
SER01B4799_003   0.000   0.000   0.000
LEU01B4800_001   1.876  -5.766  -3.890
LEU01B4801_001   1.288  -3.673  -2.385
HIS01B4803_001  -0.175  -2.676  -2.850
HIS01B4803_002  -0.137  -3.058  -3.195
HIS02B4803_003  -0.192  -2.676  -2.868
HIS02B4803_004  -0.151  -3.058  -3.208
HIS+1B4803_005  -0.219  -2.676  -2.895
HIS+1B4803_006  -0.177  -3.058  -3.235
TYR01B4804_001   4.059  -8.833  -4.774
TYR-1B4804_002   4.059  -8.833  -4.774
ASN01B4805_001   0.139  -2.252  -2.113
ASN01B4805_002  -0.014  -2.002  -2.016
ASN01B4806_001   0.479  -1.885  -1.406
ASN01B4806_002   0.234  -1.993  -1.759
PHE01B4807_001   4.669 -11.010  -6.342
PHE01B4808_001   4.718  -4.042   0.676
PHE01B4809_001   4.626  -0.303   4.323
ALA01B4810_001   0.000  -1.252  -1.252
ALA01B4811_001   0.000  -1.236  -1.236
HIS01B4812_001  -0.112   0.000  -0.112
HIS02B4812_002  -0.132   0.000  -0.132
HIS+1B4812_003  -0.159   0.000  -0.159
LEU01B4813_001   2.271  -3.467  -1.196
LEU01B4814_001   1.610  -6.809  -5.199
ASP01B4815_001   0.335  -0.440  -0.105
ASP01B4815_002   0.335  -0.440  -0.105
ASP02B4815_003   0.417  -0.261   0.155
ASP02B4815_004   0.417  -0.261   0.155
ASP-1B4815_005   0.302  -0.323  -0.021
ILE01B4816_001   2.519  -0.155   2.365
ALA01B4817_001   0.000  -2.489  -2.489
MET01B4818_001   0.155  -4.895  -4.740
VAL01B4820_001   0.640  -3.400  -2.759
LYS01B4821_001   4.599  -7.922  -3.323
LYS+1B4821_002   4.524  -7.922  -3.398
THR01B4822_001   0.222  -4.837  -4.615
THR01B4822_002   0.222  -4.837  -4.615
LEU01B4823_001   1.262  -4.823  -3.561
ARG01B4824_001   2.667  -5.206  -2.538
ARG02B4824_002   2.617  -5.206  -2.589
ARG03B4824_003   2.625  -5.206  -2.581
ARG+1B4824_004   2.577  -5.206  -2.628
THR01B4825_001   0.237  -3.670  -3.433
THR01B4825_002   0.237  -3.670  -3.433
ILE01B4826_001   3.052  -6.037  -2.985
LEU01B4827_001   3.328  -5.850  -2.521
SER01B4828_001   0.000  -2.379  -2.379
SER01B4828_002   0.000  -2.379  -2.379
SER01B4829_001   0.000  -0.048  -0.048
SER01B4829_002   0.000  -0.048  -0.048
VAL01B4830_001   0.555  -4.324  -3.768
THR01B4831_001   0.265  -4.220  -3.955
THR01B4831_002   0.265  -4.220  -3.955
THR01B4831_003   0.265  -4.220  -3.955
HIS01B4832_001  -0.162  -4.743  -4.905
HIS01B4832_002  -0.123  -4.348  -4.470
HIS02B4832_003  -0.180  -4.743  -4.923
HIS02B4832_004  -0.136  -4.348  -4.484
HIS+1B4832_005  -0.207  -4.743  -4.950
HIS+1B4832_006  -0.163  -4.348  -4.510
ASN01B4833_001   0.396  -0.527  -0.131
ASN01B4833_002   0.169  -0.664  -0.496
LYS01B4835_001   1.656  -8.676  -7.019
LYS+1B4835_002   1.610  -8.676  -7.066
GLN01B4836_001   0.774  -3.391  -2.617
GLN01B4836_002   0.655  -3.412  -2.757
LEU01B4837_001   2.018  -1.648   0.369
VAL01B4838_001   0.700  -5.611  -4.912
MET01B4839_001   0.202  -8.145  -7.943
THR01B4840_001   0.220  -1.098  -0.878
THR01B4840_002   0.220  -1.098  -0.878
VAL01B4841_001   0.756  -4.617  -3.861
LEU01B4843_001   2.867  -5.183  -2.316
LEU01B4844_001   3.358  -2.180   1.178
ALA01B4845_001   0.000  -2.366  -2.366
VAL01B4846_001   0.609  -4.926  -4.317
VAL01B4847_001   0.738  -1.545  -0.808
VAL01B4848_001   0.720  -0.052   0.668
TYR01B4849_001   4.593  -7.115  -2.522
TYR01B4849_002   4.593  -7.115  -2.522
TYR-1B4849_003   4.593  -7.115  -2.522
LEU01B4850_001   1.636  -6.606  -4.970
TYR01B4851_001   4.297  -2.814   1.483
TYR01B4851_002   4.297  -2.814   1.483
TYR-1B4851_003   4.297  -2.814   1.483
THR01B4852_001   0.241   0.000   0.241
THR01B4852_002   0.241   0.000   0.241
THR01B4852_003   0.241   0.000   0.241
VAL01B4853_001   0.769  -3.400  -2.630
VAL01B4854_001   0.598  -2.247  -1.649
ALA01B4855_001   0.000  -0.309  -0.309
PHE01B4856_001   4.583  -2.813   1.770
ASN01B4857_001   0.399  -2.590  -2.191
ASN01B4857_002   0.171  -2.620  -2.449
PHE01B4858_001   4.415  -9.310  -4.895
PHE01B4859_001   4.279  -0.574   3.705
ARG01B4860_001   2.472  -7.299  -4.827
ARG02B4860_002   2.436  -7.299  -4.863
ARG03B4860_003   2.493  -7.299  -4.806
ARG+1B4860_004   2.397  -7.299  -4.902
LYS01B4861_001   2.059  -6.949  -4.890
LYS+1B4861_002   1.995  -6.949  -4.954
PHE01B4862_001   4.850  -2.006   2.844
TYR01B4863_001   4.405  -0.101   4.304
TYR01B4863_002   4.405  -0.101   4.304
TYR-1B4863_003   4.405  -0.101   4.304
ASN01B4864_001   0.237  -1.334  -1.097
ASN01B4864_002   0.417  -1.280  -0.863
LYS01B4865_001   2.143  -1.910   0.233
LYS+1B4865_002   2.096  -1.910   0.186
SER01B4866_001   0.000  -3.940  -3.940
SER01B4866_002   0.000  -3.940  -3.940
GLU01B4867_001   3.626  -2.110   1.516
GLU01B4867_002   3.626  -2.110   1.516
GLU02B4867_003   2.938  -2.247   0.691
GLU02B4867_004   2.938  -2.247   0.691
GLU-1B4867_005   2.853  -2.117   0.736
ASP01B4868_001   0.398  -3.789  -3.391
ASP01B4868_002   0.398  -3.789  -3.391
ASP02B4868_003   0.452  -3.720  -3.268
ASP02B4868_004   0.452  -3.720  -3.268
ASP-1B4868_005   0.344  -3.617  -3.273
GLU01B4869_001   1.615  -3.928  -2.313
GLU01B4869_002   1.615  -3.928  -2.313
GLU02B4869_003   1.331  -3.951  -2.620
GLU02B4869_004   1.331  -3.951  -2.620
GLU-1B4869_005   1.243  -3.893  -2.649
ASP01B4870_001   0.196  -2.970  -2.774
ASP01B4870_002   0.196  -2.970  -2.774
ASP02B4870_003   0.287  -3.043  -2.755
ASP02B4870_004   0.287  -3.043  -2.755
ASP-1B4870_005   0.186  -2.894  -2.709
GLU01B4871_001   2.639  -1.740   0.898
GLU01B4871_002   2.639  -1.740   0.898
GLU02B4871_003   2.097  -1.675   0.422
GLU02B4871_004   2.097  -1.675   0.422
GLU-1B4871_005   2.031  -1.671   0.360
CTR01B4871_001  -0.021  -0.830  -0.851
CTR01B4871_002   0.090  -0.908  -0.818
CTR02B4871_003  -0.022  -0.830  -0.852
CTR02B4871_004   0.035  -0.830  -0.796
CTR-1B4871_005   0.000  -0.830  -0.830
NTR01B4872_001  -0.002  -0.702  -0.704
NTR+1B4872_002  -0.004  -0.702  -0.705
PRO01B4872_001   0.268  -5.560  -5.292
ASP01B4873_001   0.065  -1.855  -1.791
ASP01B4873_002   0.065  -1.855  -1.791
ASP02B4873_003   0.133  -1.817  -1.685
ASP02B4873_004   0.133  -1.817  -1.685
ASP-1B4873_005   0.061  -1.761  -1.700
MET01B4874_001   0.865  -1.548  -0.684
LYS01B4875_001   1.417  -1.306   0.111
LYS+1B4875_002   1.350  -1.306   0.044
CYS01B4876_001  -0.002   0.000  -0.002
CYS01B4876_002  -0.002   0.000  -0.002
CYS01B4876_003  -0.003   0.000  -0.003
CYS-1B4876_004   0.000   0.000   0.000
ASP01B4877_001   0.120  -1.860  -1.741
ASP01B4877_002   0.120  -1.860  -1.741
ASP02B4877_003   0.193  -1.834  -1.641
ASP02B4877_004   0.193  -1.834  -1.641
ASP-1B4877_005   0.111  -1.813  -1.702
ASP01B4878_001  -0.040  -2.006  -2.046
ASP01B4878_002  -0.040  -2.006  -2.046
ASP02B4878_003  -0.009  -2.094  -2.104
ASP02B4878_004  -0.009  -2.094  -2.104
ASP-1B4878_005  -0.041  -2.006  -2.047
MET01B4879_001   0.040  -3.804  -3.763
MET01B4880_001   0.970  -9.832  -8.863
THR01B4881_001   0.301  -2.224  -1.923
THR01B4881_002   0.301  -2.224  -1.923
THR01B4881_003   0.301  -2.224  -1.923
CYS01B4882_001  -0.002   0.000  -0.002
CYS01B4882_002  -0.002   0.000  -0.002
CYS01B4882_003  -0.002   0.000  -0.002
CYS-1B4882_004   0.000   0.000   0.000
TYR01B4883_001   4.834  -2.371   2.464
TYR01B4883_002   4.834  -2.371   2.464
TYR-1B4883_003   4.834  -2.371   2.464
LEU01B4884_001   1.808  -6.349  -4.541
PHE01B4885_001   4.910  -0.960   3.950
HIS01B4886_001  -0.162  -0.094  -0.256
HIS01B4886_002  -0.126  -0.064  -0.190
HIS02B4886_003  -0.180  -0.094  -0.274
HIS02B4886_004  -0.140  -0.064  -0.204
HIS+1B4886_005  -0.207  -0.094  -0.301
HIS+1B4886_006  -0.166  -0.064  -0.231
MET01B4887_001   1.326  -3.406  -2.080
TYR01B4888_001   4.613  -9.205  -4.591
TYR-1B4888_002   4.613  -9.205  -4.591
VAL01B4889_001   0.650  -0.412   0.238
VAL01B4891_001   0.616  -1.201  -0.585
ARG01B4892_001   3.328  -7.218  -3.890
ARG02B4892_002   3.277  -7.218  -3.941
ARG03B4892_003   3.285  -7.218  -3.933
ARG+1B4892_004   3.237  -7.218  -3.981
ALA01B4893_001   0.000  -0.206  -0.206
ILE01B4897_001   1.899  -0.702   1.197
ASP01B4899_001   0.138  -2.159  -2.021
ASP01B4899_002   0.138  -2.159  -2.021
ASP02B4899_003   0.218  -2.089  -1.871
ASP02B4899_004   0.218  -2.089  -1.871
ASP-1B4899_005   0.130  -2.067  -1.937
GLU01B4900_001   3.605  -1.162   2.443
GLU01B4900_002   3.605  -1.162   2.443
GLU02B4900_003   2.875  -1.240   1.635
GLU02B4900_004   2.875  -1.240   1.635
GLU-1B4900_005   2.815  -1.162   1.653
ILE01B4901_001   4.164  -0.567   3.597
GLU01B4902_001   2.808  -1.919   0.890
GLU01B4902_002   2.808  -1.919   0.890
GLU02B4902_003   2.238  -1.760   0.479
GLU02B4902_004   2.238  -1.760   0.479
GLU-1B4902_005   2.168  -1.688   0.480
ASP01B4903_001   0.068  -3.070  -3.002
ASP01B4903_002   0.068  -3.070  -3.002
ASP02B4903_003   0.138  -3.066  -2.928
ASP02B4903_004   0.138  -3.066  -2.928
ASP-1B4903_005   0.065  -2.984  -2.919
PRO01B4904_001   0.249  -1.333  -1.084
ALA01B4905_001   0.000  -2.762  -2.762
ASP01B4907_001  -0.041  -3.201  -3.242
ASP01B4907_002  -0.041  -3.201  -3.242
ASP02B4907_003  -0.009  -3.433  -3.443
ASP02B4907_004  -0.009  -3.433  -3.443
ASP-1B4907_005  -0.041  -3.280  -3.321
GLU01B4908_001   0.500  -2.524  -2.025
GLU01B4908_002   0.500  -2.524  -2.025
GLU02B4908_003   0.667  -2.635  -1.968
GLU02B4908_004   0.667  -2.635  -1.968
GLU-1B4908_005   0.469  -2.502  -2.033
TYR01B4909_001   4.001  -7.265  -3.263
TYR-1B4909_002   4.001  -7.265  -3.263
GLU01B4910_001   0.499  -1.855  -1.357
GLU01B4910_002   0.499  -1.855  -1.357
GLU02B4910_003   0.665  -1.839  -1.174
GLU02B4910_004   0.665  -1.839  -1.174
GLU-1B4910_005   0.467  -1.817  -1.350
LEU01B4911_001   2.848  -8.960  -6.112
TYR01B4912_001   4.220  -9.438  -5.218
TYR-1B4912_002   4.220  -9.438  -5.218
ARG01B4913_001  11.338  -0.947  10.391
ARG02B4913_002  11.281  -0.947  10.335
ARG03B4913_003  11.353  -0.947  10.406
ARG+1B4913_004  11.242  -0.947  10.295
VAL01B4914_001   0.734  -3.947  -3.213
VAL01B4915_001   0.673  -5.405  -4.732
PHE01B4916_001   4.684  -1.775   2.909
ASP01B4917_001   0.382  -0.558  -0.177
ASP01B4917_002   0.382  -0.558  -0.177
ASP02B4917_003   0.436  -0.609  -0.173
ASP02B4917_004   0.436  -0.609  -0.173
ASP-1B4917_005   0.331  -0.551  -0.221
ILE01B4918_001   1.957  -5.595  -3.639
THR01B4919_001   0.220  -1.937  -1.717
PHE01B4920_001   4.861   0.000   4.861
PHE01B4921_001   4.716  -2.594   2.122
PHE01B4922_001   4.156  -6.639  -2.483
PHE01B4923_001   4.177  -7.685  -3.508
VAL01B4924_001   0.875  -0.428   0.447
ILE01B4925_001   3.641  -0.206   3.435
VAL01B4926_001   0.648  -4.153  -3.505
ILE01B4927_001   3.412  -5.045  -1.633
LEU01B4928_001   1.689  -0.927   0.762
LEU01B4929_001   1.977  -4.890  -2.913
ALA01B4930_001   0.000  -3.139  -3.139
ILE01B4931_001   3.173  -3.828  -0.655
ILE01B4932_001   2.894  -2.833   0.061
GLN01B4933_001   2.270  -2.723  -0.452
GLN01B4933_002   3.588  -2.712   0.877
LEU01B4935_001   2.051  -2.025   0.026
ILE01B4936_001   4.302  -1.442   2.860
ILE01B4937_001   3.223  -6.484  -3.261
ASP01B4938_001   0.370  -2.800  -2.430
ASP01B4938_002   0.370  -2.800  -2.430
ASP02B4938_003   0.407  -2.645  -2.239
ASP02B4938_004   0.407  -2.645  -2.239
ASP-1B4938_005   0.313  -2.567  -2.254
ALA01B4939_001   0.000   0.000   0.000
PHE01B4940_001   4.288  -5.519  -1.231
GLU01B4942_001   2.152  -2.192  -0.041
GLU01B4942_002   2.152  -2.192  -0.041
GLU02B4942_003   1.721  -2.101  -0.380
GLU02B4942_004   1.721  -2.101  -0.380
GLU-1B4942_005   1.650  -2.050  -0.400
LEU01B4943_001   1.376  -4.427  -3.051
ARG01B4944_001   4.132 -11.478  -7.346
ARG02B4944_002   4.179 -11.478  -7.299
ARG03B4944_003   4.082 -11.478  -7.396
ARG+1B4944_004   4.042 -11.478  -7.436
CTR01B4944_001  -0.021  -3.475  -3.496
CTR01B4944_002   0.104  -3.495  -3.390
CTR02B4944_003  -0.022  -3.417  -3.439
CTR02B4944_004   0.041  -3.456  -3.415
CTR-1B4944_005   0.000  -3.417  -3.417
NTR01B4993_001  -0.003  -1.670  -1.673
NTR01B4993_002  -0.002  -1.670  -1.672
NTR+1B4993_003  -0.005  -1.670  -1.675
CTR01B4993_001  -0.021  -1.989  -2.010
CTR01B4993_002   0.103  -1.989  -1.886
CTR02B4993_003  -0.022  -2.008  -2.030
CTR02B4993_004   0.041  -2.008  -1.967
CTR-1B4993_005   0.000  -1.989  -1.989
MET01B4993_001   0.303  -5.625  -5.322
NTR01B4995_001  -0.003  -0.450  -0.453
NTR+1B4995_002  -0.005  -0.450  -0.455
LEU01B4995_001   1.889  -9.748  -7.860
ILE01B4996_001   2.433  -4.681  -2.248
ASN01B4997_001   0.387  -2.412  -2.025
ASN01B4997_002   0.164  -2.457  -2.293
LYS01B4998_001   1.066  -8.658  -7.592
LYS+1B4998_002   1.021  -8.658  -7.637
ASP01B4999_001   0.151  -2.659  -2.508
ASP01B4999_002   0.151  -2.659  -2.508
ASP02B4999_003   0.230  -2.729  -2.498
ASP02B4999_004   0.230  -2.729  -2.498
ASP-1B4999_005   0.141  -2.632  -2.490
GLU01B5000_001   2.636  -3.268  -0.632
GLU01B5000_002   2.636  -3.268  -0.632
GLU02B5000_003   2.096  -3.361  -1.264
GLU02B5000_004   2.096  -3.361  -1.264
GLU-1B5000_005   2.032  -3.268  -1.237
THR01B5001_001   0.225  -5.740  -5.515
THR01B5001_002   0.225  -5.740  -5.515
CTR01B5001_001  -0.021  -1.429  -1.450
CTR01B5001_002   0.103  -1.255  -1.152
CTR02B5001_003  -0.022  -1.332  -1.354
CTR02B5001_004   0.040  -1.236  -1.195
CTR-1B5001_005   0.000  -1.332  -1.332
NTR01B5026_001  -0.003  -3.151  -3.154
NTR01B5026_002  -0.002  -3.151  -3.153
NTR+1B5026_003  -0.005  -3.151  -3.156
CTR01B5026_001  -0.021  -2.983  -3.004
CTR01B5026_002   0.103  -3.060  -2.957
CTR02B5026_003  -0.022  -3.079  -3.102
CTR02B5026_004   0.039  -3.080  -3.040
CTR-1B5026_005   0.000  -2.925  -2.925
ASP01B5026_001   0.057  -1.351  -1.295
ASP01B5026_002   0.057  -1.351  -1.295
ASP02B5026_003   0.124  -1.412  -1.288
ASP02B5026_004   0.124  -1.412  -1.288
ASP-1B5026_005   0.054  -1.304  -1.250
NTR01B5030_001  -0.003  -2.162  -2.165
NTR+1B5030_002  -0.005  -2.162  -2.166
LYS01B5030_001   1.876  -8.675  -6.799
LYS+1B5030_002   1.791  -8.675  -6.884
GLN01B5031_001   0.732  -3.024  -2.292
GLN01B5031_002   0.646  -3.115  -2.470
CTR01B5031_001  -0.021  -1.332  -1.353
CTR01B5031_002   0.104  -1.216  -1.112
CTR02B5031_003  -0.022  -1.216  -1.238
CTR02B5031_004   0.040  -1.293  -1.253
CTR-1B5031_005   0.000  -1.216  -1.216
NTR01B5033_001  -0.003  -0.440  -0.444
NTR+1B5033_002  -0.005  -0.440  -0.446
GLU01B5033_001   2.828  -3.366  -0.538
GLU01B5033_002   2.828  -3.366  -0.538
GLU02B5033_003   2.249  -3.407  -1.158
GLU02B5033_004   2.249  -3.407  -1.158
GLU-1B5033_005   2.185  -3.334  -1.149
ASP01B5034_001  -0.040  -2.795  -2.835
ASP01B5034_002  -0.040  -2.795  -2.835
ASP02B5034_003  -0.009  -2.965  -2.974
ASP02B5034_004  -0.009  -2.965  -2.974
ASP-1B5034_005  -0.041  -2.803  -2.843
GLN01B5035_001   1.924  -2.790  -0.866
LEU01B5036_001   1.611  -9.507  -7.896
SER01B5037_001   0.000  -3.883  -3.883
SER01B5037_002   0.000  -3.883  -3.883
CTR01B5037_001  -0.021  -4.180  -4.201
CTR01B5037_002   0.109  -4.103  -3.994
CTR02B5037_003  -0.022  -4.392  -4.414
CTR02B5037_004   0.043  -4.238  -4.195
CTR-1B5037_005   0.000  -4.180  -4.180
_ZN+2B5101_001   0.000  -7.837  -7.837
_CA+2B5102_001   0.000  -3.787  -3.787
