CONFORMER         crg  vdw0  vdw1  tors  epol  self   occ  Hb     history    ASA
NTR01B3639_001  0.000 -3.19 -0.04  0.00  0.00 -3.23 1.000  00  01O000M000  0.313
NTR+1B3639_002  1.000 -3.20 -0.10  0.00  0.00 -3.29 1.000  00  +1O000M000  0.313
THR01B3639_001  0.000 -4.30 -0.38  0.38  0.00 -4.31 0.671  00  01O000M000  0.459
PRO01B3640_001  0.000 -2.59 -2.09  0.00  0.00 -4.67 1.000  00  01O000M000  0.300
LEU01B3641_001  0.000 -7.82 -0.26  0.47  0.00 -7.62 1.000  00  01O000M000  0.804
TYR01B3642_001  0.000 -6.19 -2.35  0.01  0.00 -8.54 1.000  00  01O000M000  0.722
TYR-1B3642_002 -1.000 -6.19 -2.35  0.01  0.00 -8.54 1.000  00  -1O000M000  0.722
ASN01B3643_001  0.000 -2.10 -0.17  0.66  0.00 -1.61 0.749  00  01O000M000  0.536
ASN01B3643_002  0.000 -2.05  2.02  0.68  0.00  0.64 0.751  00  01R001M000  0.478
LEU01B3644_001  0.000 -1.14 -5.31  0.56  0.00 -5.89 1.000  00  01O000M000  0.246
PRO01B3645_001  0.000 -3.17 -0.11  0.00  0.00 -3.28 1.000  00  01O000M000  0.348
THR01B3646_001  0.000 -7.06 -0.50  0.38  0.00 -7.18 0.669  00  01O000M000  0.860
THR01B3646_002  0.000 -7.06 -0.50  0.38  0.00 -7.18 0.669  00  01O000M000  0.860
HIS01B3647_001  0.000 -8.92 -3.03  0.16  0.00-11.79 0.751  00  01O000M000  0.749
HIS01B3647_002  0.000 -8.82 -3.04  0.16  0.00-11.70 0.749  00  01R001M000  0.757
HIS02B3647_003  0.000 -8.94 -3.10  0.16  0.00-11.88 0.751  00  02O000M000  0.749
HIS02B3647_004  0.000 -8.83 -3.07  0.16  0.00-11.75 0.749  00  02R001M000  0.757
HIS+1B3647_005  1.000 -8.97 -3.11  0.16  0.00-11.91 0.751  00  +1O000M000  0.749
HIS+1B3647_006  1.000 -8.86 -3.09  0.16  0.00-11.79 0.749  00  +1R001M000  0.757
ARG01B3648_001  0.000 -5.80 -1.64  0.45  0.00 -7.00 1.000  00  01O000M000  0.555
ARG02B3648_002  0.000 -5.83 -1.64  0.45  0.00 -7.02 1.000  00  02O000M000  0.555
ARG03B3648_003  0.000 -5.73 -1.64  0.45  0.00 -6.93 1.000  00  03O000M000  0.555
ARG+1B3648_004  1.000 -5.87 -1.65  0.45  0.00 -7.06 1.000  00  +1O000M000  0.555
ALA01B3649_001  0.000 -0.84 -0.17  0.00  0.00 -1.01 1.000  00  01O000M000  0.153
CYS01B3650_001  0.000 -4.03 -2.23  0.02  0.00 -6.24 1.000  00  01O000M000  0.565
CYS01B3650_002  0.000 -4.03 -2.19  0.02  0.00 -6.20 1.000  00  01O000M000  0.565
CYS01B3650_003  0.000 -4.03 -2.18  0.02  0.00 -6.19 1.000  00  01O000M000  0.565
CYS-1B3650_004 -1.000 -4.03 -2.16  0.02  0.00 -6.17 1.000  00  -1O000M000  0.565
ASN01B3651_001  0.000 -2.40 -2.75  0.74  0.00 -4.41 0.746  00  01O000M000  0.616
ASN01B3651_002  0.000 -2.70 -2.27  0.78  0.00 -4.20 0.754  00  01R001M000  0.622
MET01B3652_001  0.000 -6.07 -1.47  0.48  0.00 -7.06 1.000  00  01O000M000  0.557
PHE01B3653_001  0.000 -3.91 -3.54  0.08  0.00 -7.37 1.000  00  01O000M000  0.630
LEU01B3654_001  0.000 -4.75 -2.14  0.56  0.00 -6.34 1.000  00  01O000M000  0.606
GLU01B3655_001  0.000 -1.88 -1.47  3.08  0.00 -0.27 1.000  00  01O000M000  0.770
GLU01B3655_002  0.000 -1.88 -1.47  0.36  0.00 -2.99 1.000  00  01O000M000  0.770
GLU02B3655_003  0.000 -2.14 -1.56  3.08  0.00 -0.61 1.000  00  02O000M000  0.749
GLU02B3655_004  0.000 -2.14 -1.56  0.36  0.00 -3.33 1.000  00  02O000M000  0.749
GLU-1B3655_005 -1.000 -2.09 -1.51  0.36  0.00 -3.23 1.000  00  -1O000M000  0.740
SER01B3656_001  0.000 -3.49  7.01  0.43  0.00  3.94 0.663  00  01O000M000  0.602
TYR01B3657_001  0.000 -1.09 -4.78  0.05  0.00 -5.82 1.000  00  01O000M000  0.417
TYR01B3657_002  0.000 -1.09 -4.78  0.05  0.00 -5.82 1.000  00  01O000M000  0.417
TYR-1B3657_003 -1.000 -1.09 -4.78  0.05  0.00 -5.82 1.000  00  -1O000M000  0.417
LYS01B3658_001  0.000 -6.16 -2.03  1.14  0.00 -7.06 1.000  00  01O000M000  0.671
LYS+1B3658_002  1.000 -6.21 -2.03  1.14  0.00 -7.11 1.000  00  +1O000M000  0.671
ALA01B3659_001  0.000 -4.98 -0.48  0.00  0.00 -5.46 1.000  00  01O000M000  0.898
ALA01B3660_001  0.000 -2.52  0.79  0.00  0.00 -1.74 1.000  00  01O000M000  0.476
TRP01B3661_001  0.000 -1.12  2.53  0.91  0.00  2.32 1.000  00  01O000M000  0.264
ILE01B3662_001  0.000 -8.09  1.68  1.02  0.00 -5.39 1.000  00  01O000M000  0.848
LEU01B3663_001  0.000 -3.06 14.37  1.97  0.00 13.29 1.000  00  01O000M000  0.481
THR01B3664_001  0.000 -4.76 -1.73  0.44  0.00 -6.04 0.664  00  01O000M000  0.576
GLU01B3665_001  0.000 -2.08 -0.82  3.33  0.00  0.43 1.000  00  01O000M000  0.820
GLU01B3665_002  0.000 -2.08 -0.82  0.61  0.00 -2.29 1.000  00  01O000M000  0.820
GLU02B3665_003  0.000 -2.28 -0.85  3.33  0.00  0.20 1.000  00  02O000M000  0.813
GLU02B3665_004  0.000 -2.28 -0.85  0.61  0.00 -2.52 1.000  00  02O000M000  0.813
GLU-1B3665_005 -1.000 -2.33 -0.81  0.61  0.00 -2.52 1.000  00  -1O000M000  0.825
ASP01B3666_001  0.000 -1.43 -2.21  3.81  0.00  0.18 1.000  00  01O000M000  0.429
ASP01B3666_002  0.000 -1.43 -2.21  1.09  0.00 -2.54 1.000  00  01O000M000  0.429
ASP02B3666_003  0.000 -1.34 -2.19  3.81  0.00  0.28 1.000  00  02O000M000  0.426
ASP02B3666_004  0.000 -1.34 -2.19  1.09  0.00 -2.44 1.000  00  02O000M000  0.426
ASP-1B3666_005 -1.000 -1.36 -2.21  1.09  0.00 -2.48 1.000  00  -1O000M000  0.417
HIS01B3667_001  0.000 -5.17 -0.95  0.29  0.00 -5.83 0.747  00  01O000M000  0.438
HIS01B3667_002  0.000 -4.91 -0.85  0.29  0.00 -5.47 0.753  00  01R001M000  0.437
HIS02B3667_003  0.000 -5.19 -1.02  0.29  0.00 -5.92 0.747  00  02O000M000  0.438
HIS02B3667_004  0.000 -4.92 -0.86  0.29  0.00 -5.49 0.753  00  02R001M000  0.437
HIS+1B3667_005  1.000 -5.22 -1.03  0.29  0.00 -5.96 0.747  00  +1O000M000  0.438
HIS+1B3667_006  1.000 -4.95 -0.87  0.29  0.00 -5.53 0.753  00  +1R001M000  0.437
SER01B3668_001  0.000 -3.71 -0.28  0.42  0.00 -3.58 0.670  00  01O000M000  0.602
SER01B3668_002  0.000 -3.71 -0.28  0.42  0.00 -3.58 0.670  00  01O000M000  0.602
PHE01B3669_001  0.000 -4.26 -1.77  0.00  0.00 -6.04 1.000  00  01O000M000  0.671
GLU01B3670_001  0.000  0.20  7.65  3.77  0.00 11.62 1.000  00  01O000M000  0.174
GLU01B3670_002  0.000  0.20  7.65  1.05  0.00  8.90 1.000  00  01O000M000  0.174
GLU02B3670_003  0.000  0.01  4.63  3.77  0.00  8.41 1.000  00  02O000M000  0.186
GLU02B3670_004  0.000  0.01  4.63  1.05  0.00  5.69 1.000  00  02O000M000  0.186
GLU-1B3670_005 -1.000 -0.04  4.71  1.05  0.00  5.72 1.000  00  -1O000M000  0.180
ASP01B3671_001  0.000 -2.48  1.63  3.33  0.00  2.48 1.000  00  01O000M000  0.527
ASP01B3671_002  0.000 -2.48  1.63  0.61  0.00 -0.24 1.000  00  01O000M000  0.527
ASP02B3671_003  0.000 -2.41  1.06  3.33  0.00  1.98 1.000  00  02O000M000  0.536
ASP02B3671_004  0.000 -2.41  1.06  0.61  0.00 -0.74 1.000  00  02O000M000  0.536
ASP-1B3671_005 -1.000 -2.43  1.08  0.61  0.00 -0.74 1.000  00  -1O000M000  0.540
CTR01B3671_001  0.000 -4.39 -0.55  2.72  0.00 -2.23 1.000  00  01O000M000  0.415
CTR01B3671_002  0.000 -4.35 -0.84  0.00  0.00 -5.19 1.000  00  01O000M000  0.421
CTR02B3671_003  0.000 -4.36 -0.87  2.72  0.00 -2.50 1.000  00  02O000M000  0.411
CTR02B3671_004  0.000 -4.30 -0.84  0.00  0.00 -5.14 1.000  00  02O000M000  0.415
CTR-1B3671_005 -1.000 -4.31 -0.77  0.00  0.00 -5.09 1.000  00  -1O000M000  0.413
NTR01B3679_001  0.000 -3.05 -0.10  0.00  0.00 -3.15 1.000  00  01O000M000  0.304
NTR+1B3679_002  1.000 -3.05 -0.18  0.00  0.00 -3.23 1.000  00  +1O000M000  0.304
LYS01B3679_001  0.000 -8.13 -0.63  1.04  0.00 -7.73 1.000  00  01O000M000  0.723
LYS+1B3679_002  1.000 -8.22 -0.66  1.04  0.00 -7.84 1.000  00  +1O000M000  0.723
ALA01B3680_001  0.000 -4.99 -0.22  0.00  0.00 -5.21 1.000  00  01O000M000  0.924
GLU01B3682_001  0.000 -3.57 79.29  3.22  0.00 78.94 1.000  00  01O000M000  0.863
GLU01B3682_002  0.000 -3.57 79.29  0.50  0.00 76.22 1.000  00  01O000M000  0.863
GLU02B3682_003  0.000 -3.44 79.29  3.22  0.00 79.06 1.000  00  02O000M000  0.868
GLU02B3682_004  0.000 -3.44 79.29  0.50  0.00 76.34 1.000  00  02O000M000  0.868
GLU-1B3682_005 -1.000 -3.47 79.31  0.50  0.00 76.34 1.000  00  -1O000M000  0.856
GLN01B3683_001  0.000 -0.95999.00  1.70  0.00999.00 1.000  00  01O000M000  0.259
GLU01B3684_001  0.000 -3.60 48.76  3.22  0.00 48.38 1.000  00  01O000M000  0.874
GLU01B3684_002  0.000 -3.60 48.76  0.50  0.00 45.66 1.000  00  01O000M000  0.874
GLU02B3684_003  0.000 -3.32 48.76  3.22  0.00 48.66 1.000  00  02O000M000  0.865
GLU02B3684_004  0.000 -3.32 48.76  0.50  0.00 45.94 1.000  00  02O000M000  0.865
GLU-1B3684_005 -1.000 -3.49 48.78  0.50  0.00 45.79 1.000  00  -1O000M000  0.860
GLU01B3685_001  0.000 -3.55  0.25  3.22  0.00 -0.08 1.000  00  01O000M000  0.875
GLU01B3685_002  0.000 -3.55  0.25  0.50  0.00 -2.80 1.000  00  01O000M000  0.875
GLU02B3685_003  0.000 -3.44  0.25  3.22  0.00  0.03 1.000  00  02O000M000  0.864
GLU02B3685_004  0.000 -3.44  0.25  0.50  0.00 -2.69 1.000  00  02O000M000  0.864
GLU-1B3685_005 -1.000 -3.48  0.27  0.50  0.00 -2.71 1.000  00  -1O000M000  0.875
GLU01B3686_001  0.000 -3.44  3.69  3.22  0.00  3.47 1.000  00  01O000M000  0.848
GLU01B3686_002  0.000 -3.44  3.69  0.50  0.00  0.75 1.000  00  01O000M000  0.848
GLU02B3686_003  0.000 -3.30  3.69  3.22  0.00  3.60 1.000  00  02O000M000  0.841
GLU02B3686_004  0.000 -3.30  3.69  0.50  0.00  0.88 1.000  00  02O000M000  0.841
GLU-1B3686_005 -1.000 -3.42  3.71  0.50  0.00  0.79 1.000  00  -1O000M000  0.843
GLU01B3687_001  0.000 -1.99 -1.55  3.22  0.00 -0.32 1.000  00  01O000M000  0.532
GLU01B3687_002  0.000 -1.99 -1.55  0.50  0.00 -3.04 1.000  00  01O000M000  0.532
GLU02B3687_003  0.000 -1.80 -1.58  3.22  0.00 -0.15 1.000  00  02O000M000  0.512
GLU02B3687_004  0.000 -1.80 -1.58  0.50  0.00 -2.87 1.000  00  02O000M000  0.512
GLU-1B3687_005 -1.000 -1.95 -1.52  0.50  0.00 -2.96 1.000  00  -1O000M000  0.517
GLU01B3688_001  0.000 -3.70  0.57  3.22  0.00  0.09 1.000  00  01O000M000  0.916
GLU01B3688_002  0.000 -3.70  0.57  0.50  0.00 -2.63 1.000  00  01O000M000  0.916
GLU02B3688_003  0.000 -3.48  0.56  3.22  0.00  0.31 1.000  00  02O000M000  0.929
GLU02B3688_004  0.000 -3.48  0.56  0.50  0.00 -2.41 1.000  00  02O000M000  0.929
GLU-1B3688_005 -1.000 -3.66  0.59  0.50  0.00 -2.57 1.000  00  -1O000M000  0.925
GLU01B3689_001  0.000 -3.70 41.66  3.22  0.00 41.18 1.000  00  01O000M000  0.906
GLU01B3689_002  0.000 -3.70 41.66  0.50  0.00 38.46 1.000  00  01O000M000  0.906
GLU02B3689_003  0.000 -3.47 41.66  3.22  0.00 41.40 1.000  00  02O000M000  0.902
GLU02B3689_004  0.000 -3.47 41.66  0.50  0.00 38.68 1.000  00  02O000M000  0.902
GLU-1B3689_005 -1.000 -3.51 41.68  0.50  0.00 38.66 1.000  00  -1O000M000  0.900
VAL01B3690_001  0.000 -4.08 13.99  0.00  0.00  9.91 1.000  00  01O000M000  0.439
GLU01B3691_001  0.000 -3.92 -0.23  3.22  0.00 -0.93 1.000  00  01O000M000  0.888
GLU01B3691_002  0.000 -3.92 -0.23  0.50  0.00 -3.65 1.000  00  01O000M000  0.888
GLU02B3691_003  0.000 -3.67 -0.24  3.22  0.00 -0.69 1.000  00  02O000M000  0.885
GLU02B3691_004  0.000 -3.67 -0.24  0.50  0.00 -3.41 1.000  00  02O000M000  0.885
GLU-1B3691_005 -1.000 -3.84 -0.22  0.50  0.00 -3.56 1.000  00  -1O000M000  0.894
CTR01B3691_001  0.000 -4.12  0.01  2.72  0.00 -1.39 1.000  00  01O000M000  0.397
CTR01B3691_002  0.000 -4.14 -0.15  0.00  0.00 -4.30 1.000  00  01O000M000  0.414
CTR02B3691_003  0.000 -4.12  0.13  2.72  0.00 -1.28 1.000  00  02O000M000  0.399
CTR02B3691_004  0.000 -4.31 -0.18  0.00  0.00 -4.48 1.000  00  02O000M000  0.419
CTR-1B3691_005 -1.000 -4.10 -0.10  0.00  0.00 -4.21 1.000  00  -1O000M000  0.405
NTR01B3720_001  0.000 -3.98  0.00  0.00  0.00 -3.98 1.000  00  01O000M000  0.394
NTR+1B3720_002  1.000 -3.98  0.00  0.00  0.00 -3.98 1.000  00  +1O000M000  0.394
CTR01B3720_001  0.000 -5.36  0.00  2.72  0.00 -2.64 1.000  00  01O000M000  0.517
CTR01B3720_002  0.000 -5.26  0.00  0.00  0.00 -5.26 1.000  00  01O000M000  0.517
CTR02B3720_003  0.000 -5.46  0.00  2.72  0.00 -2.74 1.000  00  02O000M000  0.511
CTR02B3720_004  0.000 -5.26  0.00  0.00  0.00 -5.26 1.000  00  02O000M000  0.514
CTR-1B3720_005 -1.000 -5.32  0.00  0.00  0.00 -5.32 1.000  00  -1O000M000  0.515
TYR01B3720_001  0.000-10.61  0.00  0.06  0.00-10.55 1.000  00  01O000M000  0.786
TYR-1B3720_002 -1.000-10.61  0.00  0.06  0.00-10.55 1.000  00  -1O000M000  0.786
NTR01B3734_001  0.000 -1.42  0.34  0.00  0.00 -1.08 1.000  00  01O000M000  0.140
NTR+1B3734_002  1.000 -1.42  0.25  0.00  0.00 -1.17 1.000  00  +1O000M000  0.140
HIS01B3734_001  0.000 -8.15  1.98  0.00  0.00 -6.17 1.000  00  01O000M000  0.591
HIS02B3734_002  0.000 -8.16  1.93  0.00  0.00 -6.23 1.000  00  02O000M000  0.591
HIS+1B3734_003  1.000 -8.18  1.93  0.00  0.00 -6.25 1.000  00  +1O000M000  0.591
LEU01B3735_001  0.000 -3.42999.00  2.94  0.00999.00 1.000  00  01O000M000  0.401
GLU01B3736_001  0.000 -0.31  2.59  3.22  0.00  5.50 1.000  00  01O000M000  0.171
GLU01B3736_002  0.000 -0.31  2.59  0.50  0.00  2.78 1.000  00  01O000M000  0.171
GLU02B3736_003  0.000 -0.15  3.55  3.22  0.00  6.62 1.000  00  02O000M000  0.173
GLU02B3736_004  0.000 -0.15  3.55  0.50  0.00  3.90 1.000  00  02O000M000  0.173
GLU-1B3736_005 -1.000 -0.32  2.52  0.50  0.00  2.69 1.000  00  -1O000M000  0.172
GLU01B3737_001  0.000 -2.72 -0.28  3.22  0.00  0.22 1.000  00  01O000M000  0.710
GLU01B3737_002  0.000 -2.72 -0.28  0.50  0.00 -2.50 1.000  00  01O000M000  0.710
GLU02B3737_003  0.000 -2.76 -0.29  3.22  0.00  0.18 1.000  00  02O000M000  0.717
GLU02B3737_004  0.000 -2.76 -0.29  0.50  0.00 -2.54 1.000  00  02O000M000  0.717
GLU-1B3737_005 -1.000 -2.85 -0.26  0.50  0.00 -2.61 1.000  00  -1O000M000  0.719
GLU01B3740_001  0.000 -0.61  0.53  3.22  0.00  3.14 1.000  00  01O000M000  0.239
GLU01B3740_002  0.000 -0.61  0.53  0.50  0.00  0.42 1.000  00  01O000M000  0.239
GLU02B3740_003  0.000 -0.44  0.50  3.22  0.00  3.28 1.000  00  02O000M000  0.238
GLU02B3740_004  0.000 -0.44  0.50  0.50  0.00  0.56 1.000  00  02O000M000  0.238
GLU-1B3740_005 -1.000 -0.59  0.58  0.50  0.00  0.49 1.000  00  -1O000M000  0.232
ASN01B3741_001  0.000 -2.62 -0.89  0.30  0.00 -3.21 1.000  00  01O000M000  0.512
CTR01B3741_001  0.000 -3.94  2.45  2.72  0.00  1.23 1.000  00  01O000M000  0.374
CTR01B3741_002  0.000 -3.97 -0.33  0.00  0.00 -4.30 1.000  00  01O000M000  0.391
CTR02B3741_003  0.000 -4.06 -0.23  2.72  0.00 -1.57 1.000  00  02O000M000  0.387
CTR02B3741_004  0.000 -4.05 -0.27  0.00  0.00 -4.33 1.000  00  02O000M000  0.392
CTR-1B3741_005 -1.000 -3.92 -0.24  0.00  0.00 -4.16 1.000  00  -1O000M000  0.382
NTR01B3747_001  0.000 -3.27  0.09  0.00  0.00 -3.18 1.000  00  01O000M000  0.328
NTR+1B3747_002  1.000 -3.27  0.02  0.00  0.00 -3.25 1.000  00  +1O000M000  0.328
GLU01B3747_001  0.000 -4.28  0.80  3.22  0.00 -0.26 1.000  00  01O000M000  0.940
GLU01B3747_002  0.000 -4.28  0.80  0.50  0.00 -2.98 1.000  00  01O000M000  0.940
GLU02B3747_003  0.000 -4.15  0.80  3.22  0.00 -0.12 1.000  00  02O000M000  0.958
GLU02B3747_004  0.000 -4.15  0.80  0.50  0.00 -2.84 1.000  00  02O000M000  0.958
GLU-1B3747_005 -1.000 -4.13  0.81  0.50  0.00 -2.82 1.000  00  -1O000M000  0.932
GLU01B3748_001  0.000 -3.41  0.68  3.22  0.00  0.49 1.000  00  01O000M000  0.827
GLU01B3748_002  0.000 -3.41  0.68  0.50  0.00 -2.23 1.000  00  01O000M000  0.827
GLU02B3748_003  0.000 -3.21  0.68  3.22  0.00  0.69 1.000  00  02O000M000  0.826
GLU02B3748_004  0.000 -3.21  0.68  0.50  0.00 -2.03 1.000  00  02O000M000  0.826
GLU-1B3748_005 -1.000 -3.34  0.70  0.50  0.00 -2.14 1.000  00  -1O000M000  0.829
VAL01B3749_001  0.000 -6.63  1.49  0.00  0.00 -5.14 1.000  00  01O000M000  0.715
GLU01B3750_001  0.000 -1.17 -0.37  3.11  0.00  1.57 1.000  00  01O000M000  0.566
GLU01B3750_002  0.000 -1.17 -0.37  0.39  0.00 -1.15 1.000  00  01O000M000  0.566
GLU02B3750_003  0.000 -1.58 -0.28  3.11  0.00  1.25 1.000  00  02O000M000  0.584
GLU02B3750_004  0.000 -1.58 -0.28  0.39  0.00 -1.47 1.000  00  02O000M000  0.584
GLU-1B3750_005 -1.000 -1.53 -0.38  0.39  0.00 -1.51 1.000  00  -1O000M000  0.577
VAL01B3751_001  0.000 -2.91 -0.74  0.00  0.00 -3.64 1.000  00  01O000M000  0.345
SER01B3752_001  0.000 -3.38 -1.12  0.52  0.00 -3.98 0.670  00  01O000M000  0.565
PHE01B3753_001  0.000 -5.94 -1.93  0.00  0.00 -7.87 1.000  00  01O000M000  0.760
GLU01B3754_001  0.000 -1.13 -1.82  3.10  0.00  0.16 1.000  00  01O000M000  0.535
GLU01B3754_002  0.000 -1.13 -1.82  0.38  0.00 -2.56 1.000  00  01O000M000  0.535
GLU02B3754_003  0.000 -1.40 -1.91  3.10  0.00 -0.22 1.000  00  02O000M000  0.555
GLU02B3754_004  0.000 -1.40 -1.91  0.38  0.00 -2.94 1.000  00  02O000M000  0.555
GLU-1B3754_005 -1.000 -1.37 -1.85  0.38  0.00 -2.84 1.000  00  -1O000M000  0.534
GLU01B3755_001  0.000  0.53 -2.04  3.27  0.00  1.76 1.000  00  01O000M000  0.240
GLU01B3755_002  0.000  0.53 -2.04  0.55  0.00 -0.96 1.000  00  01O000M000  0.240
GLU02B3755_003  0.000  0.20 -2.12  3.27  0.00  1.34 1.000  00  02O000M000  0.249
GLU02B3755_004  0.000  0.20 -2.12  0.55  0.00 -1.38 1.000  00  02O000M000  0.249
GLU-1B3755_005 -1.000  0.21 -2.05  0.55  0.00 -1.30 1.000  00  -1O000M000  0.233
LYS01B3756_001  0.000 -5.69 -2.29  1.02  0.00 -6.97 1.000  00  01O000M000  0.560
LYS+1B3756_002  1.000 -5.78 -2.30  1.02  0.00 -7.06 1.000  00  +1O000M000  0.560
GLU01B3757_001  0.000  0.62 -0.94  3.55  0.00  3.23 1.000  00  01O000M000  0.484
GLU01B3757_002  0.000  0.62 -0.94  0.83  0.00  0.51 1.000  00  01O000M000  0.484
GLU02B3757_003  0.000  0.01 -0.90  3.55  0.00  2.65 1.000  00  02O000M000  0.504
GLU02B3757_004  0.000  0.01 -0.90  0.83  0.00 -0.07 1.000  00  02O000M000  0.504
GLU-1B3757_005 -1.000  0.13 -0.88  0.83  0.00  0.08 1.000  00  -1O000M000  0.479
MET01B3758_001  0.000 -0.67  0.66  1.41  0.00  1.40 1.000  00  01O000M000  0.073
GLU01B3759_001  0.000  1.51 -1.14  3.32  0.00  3.69 1.000  00  01O000M000  0.061
GLU01B3759_002  0.000  1.51 -1.14  0.60  0.00  0.97 1.000  00  01O000M000  0.061
GLU02B3759_003  0.000  1.25 -1.11  3.32  0.00  3.46 1.000  00  02O000M000  0.060
GLU02B3759_004  0.000  1.25 -1.11  0.60  0.00  0.74 1.000  00  02O000M000  0.060
GLU-1B3759_005 -1.000  1.13 -1.14  0.60  0.00  0.59 1.000  00  -1O000M000  0.062
LYS01B3760_001  0.000 -5.55 -1.95  3.35  0.00 -4.16 1.000  00  01O000M000  0.572
LYS+1B3760_002  1.000 -5.60 -2.01  3.35  0.00 -4.27 1.000  00  +1O000M000  0.572
GLN01B3761_001  0.000 -1.91  6.76  1.02  0.00  5.87 0.752  00  01O000M000  0.537
GLN01B3761_002  0.000 -1.98  6.92  1.00  0.00  5.95 0.748  00  01R001M000  0.523
ARG01B3762_001  0.000  0.64  1.91  1.24  0.00  3.79 1.000  00  01O000M000  0.147
ARG02B3762_002  0.000  0.60  1.88  1.24  0.00  3.72 1.000  00  02O000M000  0.147
ARG03B3762_003  0.000  0.61  1.90  1.24  0.00  3.74 1.000  00  03O000M000  0.147
ARG03B3762_004  0.000  0.67  1.88  1.24  0.00  3.79 1.000  00  03O000M000  0.147
ARG+1B3762_005  1.000  0.56  1.86  1.24  0.00  3.66 1.000  00  +1O000M000  0.147
CTR01B3762_001  0.000 -1.93  0.16  2.72  0.00  0.94 1.000  00  01O000M000  0.187
CTR01B3762_002  0.000 -1.78  0.02  0.00  0.00 -1.76 1.000  00  01O000M000  0.184
CTR02B3762_003  0.000 -1.95  2.94  2.72  0.00  3.71 1.000  00  02O000M000  0.192
CTR02B3762_004  0.000 -1.91  0.03  0.00  0.00 -1.87 1.000  00  02O000M000  0.190
CTR-1B3762_005 -1.000 -1.91  0.16  0.00  0.00 -1.76 1.000  00  -1O000M000  0.190
NTR01B3814_001  0.000 -3.75  0.00  0.00  0.00 -3.75 1.000  00  01O000M000  0.377
NTR+1B3814_002  1.000 -3.68  0.00  0.00  0.00 -3.68 1.000  00  +1O000M000  0.365
CTR01B3814_001  0.000 -5.26  0.00  2.72  0.00 -2.54 1.000  00  01O000M000  0.511
CTR01B3814_002  0.000 -5.31  0.00  0.00  0.00 -5.31 1.000  00  01O000M000  0.522
CTR02B3814_003  0.000 -5.32  0.00  2.72  0.00 -2.60 1.000  00  02O000M000  0.518
CTR02B3814_004  0.000 -5.36  0.00  0.00  0.00 -5.36 1.000  00  02O000M000  0.521
CTR-1B3814_005 -1.000 -5.18  0.00  0.00  0.00 -5.18 1.000  00  -1O000M000  0.511
GLN01B3814_001  0.000 -3.90  0.00  1.06  0.00 -2.84 0.747  00  01O000M000  0.825
GLN01B3814_002  0.000 -4.08  0.00  1.03  0.00 -3.04 0.753  00  01R001M000  0.830
NTR01B3828_001  0.000 -3.66  0.00  0.00  0.00 -3.66 1.000  00  01O000M000  0.373
NTR+1B3828_002  1.000 -3.66  0.00  0.00  0.00 -3.66 1.000  00  +1O000M000  0.373
CTR01B3828_001  0.000 -5.28  0.00  2.72  0.00 -2.56 1.000  00  01O000M000  0.505
CTR01B3828_002  0.000 -5.27  0.00  0.00  0.00 -5.27 1.000  00  01O000M000  0.512
CTR02B3828_003  0.000 -5.26  0.00  2.72  0.00 -2.54 1.000  00  02O000M000  0.504
CTR02B3828_004  0.000 -5.31  0.00  0.00  0.00 -5.31 1.000  00  02O000M000  0.511
CTR-1B3828_005 -1.000 -5.15  0.00  0.00  0.00 -5.15 1.000  00  -1O000M000  0.501
PHE01B3828_001  0.000 -7.31 -0.01  0.12  0.00 -7.19 1.000  00  01O000M000  0.697
NTR01B3844_001  0.000 -2.06 -0.43  0.00  0.00 -2.49 1.000  00  01O000M000  0.207
NTR+1B3844_002  1.000 -2.06 -0.52  0.00  0.00 -2.58 1.000  00  +1O000M000  0.207
LEU01B3844_001  0.000 -7.92 -0.76  0.56  0.00 -8.13 1.000  00  01O000M000  0.749
ASN01B3845_001  0.000 -3.24 -0.40  0.95  0.00 -2.69 0.750  00  01O000M000  0.746
ASN01B3845_002  0.000 -3.12 -0.71  0.92  0.00 -2.91 0.750  00  01R001M000  0.755
ALA01B3846_001  0.000 -2.81 -1.00  0.00  0.00 -3.82 1.000  00  01O000M000  0.516
PHE01B3847_001  0.000  0.18 -2.74  0.00  0.00 -2.56 1.000  00  01O000M000  0.322
GLU01B3848_001  0.000 -0.67 -0.49  3.18  0.00  2.02 1.000  00  01O000M000  0.439
GLU01B3848_002  0.000 -0.67 -0.49  0.46  0.00 -0.70 1.000  00  01O000M000  0.439
GLU02B3848_003  0.000 -0.88 -0.56  3.18  0.00  1.74 1.000  00  02O000M000  0.453
GLU02B3848_004  0.000 -0.88 -0.56  0.46  0.00 -0.98 1.000  00  02O000M000  0.453
GLU-1B3848_005 -1.000 -0.98 -0.50  0.46  0.00 -1.03 1.000  00  -1O000M000  0.448
ARG01B3849_001  0.000 -7.29  4.32  0.60  0.00 -2.37 1.000  00  01O000M000  0.656
ARG02B3849_002  0.000 -7.22  4.31  0.60  0.00 -2.31 1.000  00  02O000M000  0.656
ARG03B3849_003  0.000 -7.31  4.31  0.60  0.00 -2.40 1.000  00  03O000M000  0.656
ARG+1B3849_004  1.000 -7.35  4.30  0.60  0.00 -2.45 1.000  00  +1O000M000  0.656
GLN01B3850_001  0.000  2.00 -5.22  0.25  0.00 -2.96 1.000  00  01O000M000  0.049
ASN01B3851_001  0.000 -1.37 -0.38  0.73  0.00 -1.02 0.746  00  01O000M000  0.337
ASN01B3851_002  0.000 -1.60  1.29  0.73  0.00  0.43 0.754  00  01R001M000  0.337
LYS01B3852_001  0.000 -8.32 -2.41  0.86  0.00 -9.86 1.000  00  01O000M000  0.728
LYS+1B3852_002  1.000 -8.37 -2.41  0.86  0.00 -9.91 1.000  00  +1O000M000  0.728
ALA01B3853_001  0.000 -0.94  0.92  0.00  0.00 -0.03 1.000  00  01O000M000  0.169
GLU01B3854_001  0.000 -2.17  0.77  3.22  0.00  1.82 1.000  00  01O000M000  0.568
GLU01B3854_002  0.000 -2.17  0.77  0.50  0.00 -0.90 1.000  00  01O000M000  0.568
GLU02B3854_003  0.000 -1.98  0.74  3.22  0.00  1.99 1.000  00  02O000M000  0.566
GLU02B3854_004  0.000 -1.98  0.74  0.50  0.00 -0.73 1.000  00  02O000M000  0.566
GLU-1B3854_005 -1.000 -2.09  0.79  0.50  0.00 -0.80 1.000  00  -1O000M000  0.566
LEU01B3856_001  0.000 -6.31 -0.64  0.45  0.00 -6.49 1.000  00  01O000M000  0.678
MET01B3858_001  0.000 -8.74282.77  0.00  0.00274.02 1.000  00  01O000M000  0.762
VAL01B3859_001  0.000 -2.34754.50  0.00  0.00752.16 1.000  00  01O000M000  0.270
ASN01B3860_001  0.000 -3.17  3.96  0.30  0.00  1.09 1.000  00  01O000M000  0.680
GLU01B3861_001  0.000 -2.19  0.47  3.22  0.00  1.50 1.000  00  01O000M000  0.563
GLU01B3861_002  0.000 -2.19  0.47  0.50  0.00 -1.22 1.000  00  01O000M000  0.563
GLU02B3861_003  0.000 -2.01  0.47  3.22  0.00  1.67 1.000  00  02O000M000  0.575
GLU02B3861_004  0.000 -2.01  0.47  0.50  0.00 -1.05 1.000  00  02O000M000  0.575
GLU-1B3861_005 -1.000 -2.23  0.49  0.50  0.00 -1.24 1.000  00  -1O000M000  0.581
ASP01B3862_001  0.000 -2.29550.33  2.97  0.00551.01 1.000  00  01O000M000  0.499
ASP01B3862_002  0.000 -2.29550.33  0.25  0.00548.29 1.000  00  01O000M000  0.499
ASP02B3862_003  0.000 -2.20444.05  2.97  0.00444.82 1.000  00  02O000M000  0.492
ASP02B3862_004  0.000 -2.20444.05  0.25  0.00442.10 1.000  00  02O000M000  0.492
ASP-1B3862_005 -1.000 -2.30444.09  0.25  0.00442.04 1.000  00  -1O000M000  0.506
THR01B3864_001  0.000 -1.26545.88  0.38  0.00544.99 0.664  00  01O000M000  0.161
THR01B3864_002  0.000 -1.26545.88  0.00  0.00544.61 0.664  00  01O000M000  0.161
VAL01B3865_001  0.000 -5.08  2.03  0.00  0.00 -3.04 1.000  00  01O000M000  0.558
ILE01B3866_001  0.000 -4.31999.00  0.33  0.00999.00 1.000  00  01O000M000  0.415
ASN01B3867_001  0.000 -1.34 18.26  0.30  0.00 17.21 1.000  00  01O000M000  0.277
ARG01B3868_001  0.000999.00999.00  2.94  0.00999.00 1.000  00  01O000M000  0.414
ARG02B3868_002  0.000999.00999.00  2.94  0.00999.00 1.000  00  02O000M000  0.414
ARG03B3868_003  0.000999.00999.00  2.94  0.00999.00 1.000  00  03O000M000  0.414
ARG03B3868_004  0.000185.04999.00  2.94  0.00999.00 1.000  00  03O000M000  0.414
ARG+1B3868_005  1.000999.00999.00  2.94  0.00999.00 1.000  00  +1O000M000  0.414
GLN01B3869_001  0.000 -1.78999.00  1.70  0.00999.00 1.000  00  01O000M000  0.426
ASN01B3870_001  0.000 -0.57346.07  0.30  0.00345.80 1.000  00  01O000M000  0.117
GLU01B3872_001  0.000 -3.43 88.32  3.22  0.00 88.12 1.000  00  01O000M000  0.842
GLU01B3872_002  0.000 -3.43 88.32  0.50  0.00 85.40 1.000  00  01O000M000  0.842
GLU02B3872_003  0.000 -3.32 88.32  3.22  0.00 88.22 1.000  00  02O000M000  0.862
GLU02B3872_004  0.000 -3.32 88.32  0.50  0.00 85.50 1.000  00  02O000M000  0.862
GLU-1B3872_005 -1.000 -3.39 88.35  0.50  0.00 85.46 1.000  00  -1O000M000  0.838
LYS01B3873_001  0.000 -2.51 -5.22  1.30  0.00 -6.43 1.000  00  01O000M000  0.281
LYS+1B3873_002  1.000 -2.56 -5.27  1.30  0.00 -6.53 1.000  00  +1O000M000  0.281
VAL01B3874_001  0.000 -0.22  1.23  0.07  0.00  1.07 1.000  00  01O000M000  0.101
MET01B3875_001  0.000 -7.28 -0.52  0.15  0.00 -7.65 1.000  00  01O000M000  0.695
ALA01B3876_001  0.000 -1.27  2.79  0.00  0.00  1.52 1.000  00  01O000M000  0.202
CTR01B3876_001  0.000 -4.95 -0.26  2.72  0.00 -2.50 1.000  00  01O000M000  0.476
CTR01B3876_002  0.000 -4.95 -0.43  0.00  0.00 -5.39 1.000  00  01O000M000  0.480
CTR02B3876_003  0.000 -4.94 -0.21  2.72  0.00 -2.43 1.000  00  02O000M000  0.467
CTR02B3876_004  0.000 -4.89 -0.45  0.00  0.00 -5.34 1.000  00  02O000M000  0.473
CTR-1B3876_005 -1.000 -4.91 -0.38  0.00  0.00 -5.30 1.000  00  -1O000M000  0.472
NTR01B3886_001  0.000 -2.69  0.49  0.00  0.00 -2.20 1.000  00  01O000M000  0.271
NTR+1B3886_002  1.000 -2.69  0.41  0.00  0.00 -2.28 1.000  00  +1O000M000  0.271
ARG01B3886_001  0.000-12.54 -0.20  0.54  0.00-12.20 1.000  00  01O000M000  0.892
ARG02B3886_002  0.000-12.58 -0.20  0.54  0.00-12.25 1.000  00  02O000M000  0.892
ARG03B3886_003  0.000-12.52 -0.20  0.54  0.00-12.18 1.000  00  03O000M000  0.892
ARG+1B3886_004  1.000-12.62 -0.20  0.54  0.00-12.29 1.000  00  +1O000M000  0.892
PHE01B3887_001  0.000 -5.15 -1.44  0.00  0.00 -6.59 1.000  00  01O000M000  0.753
LEU01B3888_001  0.000 -7.05  3.32  0.43  0.00 -3.30 1.000  00  01O000M000  0.742
CTR01B3888_001  0.000 -4.79 -0.16  2.72  0.00 -2.23 1.000  00  01O000M000  0.456
CTR01B3888_002  0.000 -4.57 -0.44  0.00  0.00 -5.01 1.000  00  01O000M000  0.450
CTR02B3888_003  0.000 -4.62 -0.37  2.72  0.00 -2.26 1.000  00  02O000M000  0.441
CTR02B3888_004  0.000 -4.75 -0.46  0.00  0.00 -5.21 1.000  00  02O000M000  0.456
CTR-1B3888_005 -1.000 -4.59 -0.38  0.00  0.00 -4.98 1.000  00  -1O000M000  0.446
NTR01B3895_001  0.000 -3.14  0.00  0.00  0.00 -3.14 1.000  00  01O000M000  0.319
NTR+1B3895_002  1.000 -3.04  0.00  0.00  0.00 -3.04 1.000  00  +1O000M000  0.310
CTR01B3895_001  0.000 -6.08  0.00  2.72  0.00 -3.36 1.000  00  01O000M000  0.588
CTR01B3895_002  0.000 -5.95  0.00  0.00  0.00 -5.95 1.000  00  01O000M000  0.590
CTR02B3895_003  0.000 -6.08  0.00  2.72  0.00 -3.36 1.000  00  02O000M000  0.582
CTR02B3895_004  0.000 -6.15  0.00  0.00  0.00 -6.15 1.000  00  02O000M000  0.595
CTR-1B3895_005 -1.000 -5.97  0.00  0.00  0.00 -5.97 1.000  00  -1O000M000  0.586
HIS01B3895_001  0.000 -9.74  0.00  0.00  0.00 -9.74 0.746  00  01O000M000  0.627
HIS01B3895_002  0.000 -9.87  0.00  0.00  0.00 -9.87 0.754  00  01R001M000  0.622
HIS02B3895_003  0.000 -9.75  0.00  0.00  0.00 -9.75 0.746  00  02O000M000  0.627
HIS02B3895_004  0.000 -9.88  0.00  0.00  0.00 -9.88 0.754  00  02R001M000  0.622
HIS+1B3895_005  1.000 -9.78  0.00  0.00  0.00 -9.78 0.746  00  +1O000M000  0.627
HIS+1B3895_006  1.000 -9.91  0.00  0.00  0.00 -9.91 0.754  00  +1R001M000  0.622
NTR01B3941_001  0.000 -3.18 -0.02  0.00  0.00 -3.20 1.000  00  01O000M000  0.321
NTR+1B3941_002  1.000 -3.18 -0.02  0.00  0.00 -3.20 1.000  00  +1O000M000  0.321
CTR01B3941_001  0.000 -3.10 -0.09  2.72  0.00 -0.47 1.000  00  01O000M000  0.294
CTR01B3941_002  0.000 -2.87 -0.09  0.00  0.00 -2.96 1.000  00  01O000M000  0.285
CTR02B3941_003  0.000 -2.99 -0.09  2.72  0.00 -0.35 1.000  00  02O000M000  0.287
CTR02B3941_004  0.000 -2.95 -0.10  0.00  0.00 -3.04 1.000  00  02O000M000  0.288
CTR-1B3941_005 -1.000 -2.96 -0.09  0.00  0.00 -3.05 1.000  00  -1O000M000  0.289
ASP01B3941_001  0.000 -4.10 -0.02  3.03  0.00 -1.08 1.000  00  01O000M000  0.769
ASP01B3941_002  0.000 -4.10 -0.02  0.31  0.00 -3.80 1.000  00  01O000M000  0.769
ASP02B3941_003  0.000 -4.10 -0.02  3.03  0.00 -1.08 1.000  00  02O000M000  0.785
ASP02B3941_004  0.000 -4.10 -0.02  0.31  0.00 -3.80 1.000  00  02O000M000  0.785
ASP-1B3941_005 -1.000 -4.10 -0.02  0.31  0.00 -3.80 1.000  00  -1O000M000  0.781
NTR01B3943_001  0.000 -1.18  0.77  0.00  0.00 -0.40 1.000  00  01O000M000  0.118
NTR+1B3943_002  1.000 -1.18  0.71  0.00  0.00 -0.47 1.000  00  +1O000M000  0.118
ILE01B3943_001  0.000 -8.05 -0.29  0.56  0.00 -7.79 1.000  00  01O000M000  0.715
GLU01B3944_001  0.000 -2.30  1.79  3.30  0.00  2.79 1.000  00  01O000M000  0.815
GLU01B3944_002  0.000 -2.30  1.79  0.58  0.00  0.07 1.000  00  01O000M000  0.815
GLU02B3944_003  0.000 -2.63  1.72  3.30  0.00  2.38 1.000  00  02O000M000  0.830
GLU02B3944_004  0.000 -2.63  1.72  0.58  0.00 -0.34 1.000  00  02O000M000  0.830
GLU-1B3944_005 -1.000 -2.64  1.74  0.58  0.00 -0.33 1.000  00  -1O000M000  0.816
CTR01B3944_001  0.000 -4.63  2.18  2.72  0.00  0.27 1.000  00  01O000M000  0.436
CTR01B3944_002  0.000 -4.72  0.85  0.00  0.00 -3.87 1.000  00  01O000M000  0.453
CTR02B3944_003  0.000 -4.72  0.93  2.72  0.00 -1.07 1.000  00  02O000M000  0.443
CTR02B3944_004  0.000 -4.81  0.88  0.00  0.00 -3.93 1.000  00  02O000M000  0.454
CTR-1B3944_005 -1.000 -4.60  0.92  0.00  0.00 -3.68 1.000  00  -1O000M000  0.441
NTR01B3950_001  0.000 -3.26 -0.09  0.00  0.00 -3.35 1.000  00  01O000M000  0.328
NTR+1B3950_002  1.000 -3.26 -0.09  0.00  0.00 -3.35 1.000  00  +1O000M000  0.328
CTR01B3950_001  0.000 -5.05 -0.08  2.72  0.00 -2.41 1.000  00  01O000M000  0.486
CTR01B3950_002  0.000 -4.94 -0.07  0.00  0.00 -5.01 1.000  00  01O000M000  0.490
CTR02B3950_003  0.000 -5.17 -0.07  2.72  0.00 -2.52 1.000  00  02O000M000  0.490
CTR02B3950_004  0.000 -5.09 -0.07  0.00  0.00 -5.16 1.000  00  02O000M000  0.495
CTR-1B3950_005 -1.000 -4.97 -0.07  0.00  0.00 -5.04 1.000  00  -1O000M000  0.488
ASN01B3950_001  0.000 -1.20 -0.90  0.82  0.00 -1.28 0.751  00  01O000M000  0.317
ASN01B3950_002  0.000 -1.50 -0.94  0.88  0.00 -1.57 0.749  00  01R001M000  0.323
NTR01B4007_001  0.000 -2.77 -0.11  0.00  0.00 -2.87 1.000  00  01O000M000  0.276
NTR01B4007_002  0.000 -2.76 -0.11  0.00  0.00 -2.87 1.000  00  01O000M000  0.276
NTR+1B4007_003  1.000 -2.77 -0.11  0.00  0.00 -2.88 1.000  00  +1O000M000  0.276
CTR01B4007_001  0.000 -3.87 -0.02  2.72  0.00 -1.17 1.000  00  01O000M000  0.367
CTR01B4007_002  0.000 -3.99 -0.02  0.00  0.00 -4.01 1.000  00  01O000M000  0.393
CTR02B4007_003  0.000 -4.09 -0.02  2.72  0.00 -1.39 1.000  00  02O000M000  0.394
CTR02B4007_004  0.000 -4.16 -0.02  0.00  0.00 -4.18 1.000  00  02O000M000  0.403
CTR-1B4007_005 -1.000 -3.91 -0.02  0.00  0.00 -3.93 1.000  00  -1O000M000  0.385
SER01B4007_001  0.000 -3.57 -0.10  0.38  0.00 -3.30 0.669  00  01O000M000  0.350
SER01B4007_002  0.000 -3.57 -0.10  0.00  0.00 -3.67 0.669  00  01O000M000  0.350
NTR01B4010_001  0.000 -2.10 -0.01  0.00  0.00 -2.11 1.000  00  01O000M000  0.212
NTR+1B4010_002  1.000 -2.13 -0.01  0.00  0.00 -2.15 1.000  00  +1O000M000  0.212
CTR01B4010_001  0.000 -5.71 -0.02  2.72  0.00 -3.00 1.000  00  01O000M000  0.550
CTR01B4010_002  0.000 -5.60 -0.02  0.00  0.00 -5.62 1.000  00  01O000M000  0.560
CTR02B4010_003  0.000 -5.67 -0.02  2.72  0.00 -2.96 1.000  00  02O000M000  0.550
CTR02B4010_004  0.000 -5.66 -0.02  0.00  0.00 -5.68 1.000  00  02O000M000  0.560
CTR-1B4010_005 -1.000 -5.59 -0.02  0.00  0.00 -5.60 1.000  00  -1O000M000  0.555
ILE01B4010_001  0.000 -3.63 -0.21  0.50  0.00 -3.35 1.000  00  01O000M000  0.325
NTR01B4064_001  0.000 -2.43  0.62  0.00  0.00 -1.81 1.000  00  01O000M000  0.244
NTR+1B4064_002  1.000 -2.43  0.53  0.00  0.00 -1.90 1.000  00  +1O000M000  0.244
MET01B4064_001  0.000 -4.42 -1.52  0.98  0.00 -4.97 1.000  00  01O000M000  0.332
PHE01B4065_001  0.000  1.93 -2.73  0.00  0.00 -0.80 1.000  00  01O000M000  0.206
LEU01B4066_001  0.000 -5.87 -0.69  1.06  0.00 -5.49 1.000  00  01O000M000  0.639
LYS01B4067_001  0.000 -1.66 -3.24  1.86  0.00 -3.04 1.000  00  01O000M000  0.251
LYS+1B4067_002  1.000 -1.71 -3.27  1.86  0.00 -3.13 1.000  00  +1O000M000  0.251
LEU01B4068_001  0.000  1.85 -3.67  1.03  0.00 -0.79 1.000  00  01O000M000  0.022
LYS01B4069_001  0.000 -4.48 -2.07  1.24  0.00 -5.31 1.000  00  01O000M000  0.514
LYS+1B4069_002  1.000 -4.56 -2.08  1.24  0.00 -5.40 1.000  00  +1O000M000  0.514
ASP01B4070_001  0.000 -2.64  0.39  3.36  0.00  1.11 1.000  00  01O000M000  0.610
ASP01B4070_002  0.000 -2.64  0.39  0.64  0.00 -1.61 1.000  00  01O000M000  0.610
ASP02B4070_003  0.000 -2.49 -0.30  3.36  0.00  0.57 1.000  00  02O000M000  0.591
ASP02B4070_004  0.000 -2.49 -0.30  0.64  0.00 -2.15 1.000  00  02O000M000  0.591
ASP-1B4070_005 -1.000 -2.52 -0.26  0.64  0.00 -2.14 1.000  00  -1O000M000  0.610
ILE01B4071_001  0.000  1.59  4.37  0.47  0.00  6.42 1.000  00  01O000M000  0.057
VAL01B4072_001  0.000 -0.25  1.33  0.13  0.00  1.21 1.000  00  01O000M000  0.076
SER01B4074_001  0.000 -1.94  4.87  0.38  0.00  3.30 0.663  00  01O000M000  0.316
GLU01B4075_001  0.000 -1.55 -1.63  3.29  0.00  0.11 1.000  00  01O000M000  0.673
GLU01B4075_002  0.000 -1.55 -1.63  0.57  0.00 -2.61 1.000  00  01O000M000  0.673
GLU02B4075_003  0.000 -1.88 -1.66  3.29  0.00 -0.25 1.000  00  02O000M000  0.682
GLU02B4075_004  0.000 -1.88 -1.66  0.57  0.00 -2.97 1.000  00  02O000M000  0.682
GLU-1B4075_005 -1.000 -1.84 -1.61  0.57  0.00 -2.88 1.000  00  -1O000M000  0.683
ALA01B4076_001  0.000 -2.63 -0.65  0.00  0.00 -3.28 1.000  00  01O000M000  0.492
PHE01B4077_001  0.000  4.56 -5.21  0.03  0.00 -0.61 1.000  00  01O000M000  0.000
GLN01B4078_001  0.000 -0.92  1.30  0.98  0.00  1.36 1.000  00  01O000M000  0.360
ASP01B4079_001  0.000 -2.68 -0.61  3.24  0.00 -0.06 1.000  00  01O000M000  0.634
ASP01B4079_002  0.000 -2.68 -0.61  0.52  0.00 -2.78 1.000  00  01O000M000  0.634
ASP02B4079_003  0.000 -2.65 -1.18  3.24  0.00 -0.59 1.000  00  02O000M000  0.673
ASP02B4079_004  0.000 -2.65 -1.18  0.52  0.00 -3.31 1.000  00  02O000M000  0.673
ASP-1B4079_005 -1.000 -2.60 -1.13  0.52  0.00 -3.22 1.000  00  -1O000M000  0.640
TYR01B4080_001  0.000  4.09 -4.06  0.04  0.00  0.07 1.000  00  01O000M000  0.071
TYR-1B4080_002 -1.000  4.09 -4.06  0.04  0.00  0.07 1.000  00  -1O000M000  0.071
VAL01B4081_001  0.000  0.20 -1.41  0.29  0.00 -0.92 1.000  00  01O000M000  0.046
THR01B4082_001  0.000 -5.94  1.49  0.38  0.00 -4.07 0.660  00  01O000M000  0.724
ASP01B4083_001  0.000 -1.18 -1.94  3.10  0.00 -0.02 1.000  00  01O000M000  0.310
ASP01B4083_002  0.000 -1.18 -1.94  0.38  0.00 -2.74 1.000  00  01O000M000  0.310
ASP02B4083_003  0.000 -1.09 -2.38  3.10  0.00 -0.37 1.000  00  02O000M000  0.299
ASP02B4083_004  0.000 -1.09 -2.38  0.38  0.00 -3.09 1.000  00  02O000M000  0.299
ASP-1B4083_005 -1.000 -1.17 -2.50  0.38  0.00 -3.29 1.000  00  -1O000M000  0.305
PRO01B4084_001  0.000 -6.06 -0.85  0.00  0.00 -6.91 1.000  00  01O000M000  0.646
ARG01B4085_001  0.000 -5.39 -1.99  1.30  0.00 -6.08 1.000  00  01O000M000  0.599
ARG02B4085_002  0.000 -5.45 -1.96  1.30  0.00 -6.12 1.000  00  02O000M000  0.599
ARG03B4085_003  0.000 -5.45 -2.00  1.30  0.00 -6.16 1.000  00  03O000M000  0.599
ARG+1B4085_004  1.000 -5.50 -2.01  1.30  0.00 -6.21 1.000  00  +1O000M000  0.599
LEU01B4087_001  0.000 -2.88 -2.52  1.44  0.00 -3.96 1.000  00  01O000M000  0.403
ILE01B4088_001  0.000  3.49 -3.93  0.55  0.00  0.12 1.000  00  01O000M000  0.000
SER01B4089_001  0.000 -2.14 -0.79  0.63  0.00 -2.30 0.669  00  01O000M000  0.347
SER01B4089_002  0.000 -2.14 -0.79  0.63  0.00 -2.30 0.669  00  01O000M000  0.347
SER01B4089_003  0.000 -2.14 -0.79  0.26  0.00 -2.67 0.669  00  01O000M000  0.347
LYS01B4090_001  0.000 -0.81 -2.01  1.17  0.00 -1.64 1.000  00  01O000M000  0.180
LYS+1B4090_002  1.000 -0.85 -2.02  1.17  0.00 -1.70 1.000  00  +1O000M000  0.180
LYS01B4091_001  0.000 -7.24  9.32  0.92  0.00  3.01 1.000  00  01O000M000  0.627
LYS+1B4091_002  1.000 -7.28  9.31  0.92  0.00  2.95 1.000  00  +1O000M000  0.627
ASP01B4092_001  0.000 -0.40  7.68  2.80  0.00 10.08 1.000  00  01O000M000  0.107
ASP01B4092_002  0.000 -0.40  7.68  0.08  0.00  7.36 1.000  00  01O000M000  0.107
ASP02B4092_003  0.000 -0.42  4.55  2.80  0.00  6.93 1.000  00  02O000M000  0.129
ASP02B4092_004  0.000 -0.42  4.55  0.08  0.00  4.21 1.000  00  02O000M000  0.129
ASP-1B4092_005 -1.000 -0.44  4.68  0.08  0.00  4.33 1.000  00  -1O000M000  0.115
PHE01B4093_001  0.000  4.65 -4.10  0.01  0.00  0.56 1.000  00  01O000M000  0.004
GLN01B4094_001  0.000  0.27  1.94  0.59  0.00  2.80 0.748  00  01O000M000  0.199
GLN01B4094_002  0.000  0.87  1.96  0.58  0.00  3.42 0.752  00  01R001M000  0.177
LYS01B4095_001  0.000 -4.56 -2.08  1.07  0.00 -5.56 1.000  00  01O000M000  0.517
LYS+1B4095_002  1.000 -4.60 -2.09  1.07  0.00 -5.62 1.000  00  +1O000M000  0.517
ALA01B4096_001  0.000 -0.21 -1.00  0.00  0.00 -1.20 1.000  00  01O000M000  0.038
MET01B4097_001  0.000 -0.17 -1.71  1.90  0.00  0.02 1.000  00  01O000M000  0.016
ASP01B4098_001  0.000 -2.41 -2.79  4.11  0.00 -1.09 1.000  00  01O000M000  0.632
ASP01B4098_002  0.000 -2.41 -2.79  1.39  0.00 -3.81 1.000  00  01O000M000  0.632
ASP02B4098_003  0.000 -2.33 -2.76  4.11  0.00 -0.98 1.000  00  02O000M000  0.621
ASP02B4098_004  0.000 -2.33 -2.76  1.39  0.00 -3.70 1.000  00  02O000M000  0.621
ASP-1B4098_005 -1.000 -2.41 -2.79  1.39  0.00 -3.81 1.000  00  -1O000M000  0.628
SER01B4099_001  0.000 -2.27  1.67  0.38  0.00 -0.22 0.663  00  01O000M000  0.383
SER01B4099_002  0.000 -2.27  1.67  0.38  0.00 -0.22 0.663  00  01O000M000  0.383
SER01B4099_003  0.000 -2.27  1.67  0.00  0.00 -0.59 0.663  00  01O000M000  0.383
GLN01B4100_001  0.000  0.95 -2.29  0.28  0.00 -1.06 0.750  00  01O000M000  0.257
GLN01B4100_002  0.000  2.40 -2.27  0.28  0.00  0.40 0.750  00  01R001M000  0.259
LYS01B4101_001  0.000-10.12  6.45  0.97  0.00 -2.70 1.000  00  01O000M000  0.850
LYS+1B4101_002  1.000-10.16  6.44  0.97  0.00 -2.76 1.000  00  +1O000M000  0.850
GLN01B4102_001  0.000 -0.46  0.56  0.59  0.00  0.69 0.748  00  01O000M000  0.425
GLN01B4102_002  0.000  0.17  0.58  0.59  0.00  1.34 0.752  00  01R001M000  0.484
PHE01B4103_001  0.000  4.85 -5.07  0.07  0.00 -0.15 1.000  00  01O000M000  0.007
THR01B4104_001  0.000 -3.62 -0.47  0.39  0.00 -3.70 0.669  00  01O000M000  0.437
THR01B4104_002  0.000 -3.62 -0.47  0.01  0.00 -4.07 0.669  00  01O000M000  0.437
PRO01B4106_001  0.000 -6.36 -1.84  0.00  0.00 -8.20 1.000  00  01O000M000  0.691
GLU01B4107_001  0.000 -0.19  0.25  3.00  0.00  3.06 1.000  00  01O000M000  0.483
GLU01B4107_002  0.000 -0.19  0.25  0.28  0.00  0.34 1.000  00  01O000M000  0.483
GLU02B4107_003  0.000 -0.68  0.28  3.00  0.00  2.60 1.000  00  02O000M000  0.503
GLU02B4107_004  0.000 -0.68  0.28  0.28  0.00 -0.12 1.000  00  02O000M000  0.503
GLU-1B4107_005 -1.000 -0.62  0.31  0.28  0.00 -0.04 1.000  00  -1O000M000  0.490
ILE01B4108_001  0.000  3.90 -2.69  0.62  0.00  1.83 1.000  00  01O000M000  0.021
GLN01B4109_001  0.000 -1.62  0.92  1.13  0.00  0.43 0.743  00  01O000M000  0.477
GLN01B4109_002  0.000 -1.40  0.98  1.12  0.00  0.70 0.757  00  01R001M000  0.422
PHE01B4110_001  0.000 -0.59 -1.90  0.00  0.00 -2.49 1.000  00  01O000M000  0.406
LEU01B4111_001  0.000  2.42  2.71  0.45  0.00  5.58 1.000  00  01O000M000  0.013
LEU01B4112_001  0.000  1.14  1.06  0.41  0.00  2.61 1.000  00  01O000M000  0.017
SER01B4113_001  0.000 -3.12  2.71  0.51  0.00  0.11 0.665  00  01O000M000  0.532
CYS01B4114_001  0.000 -0.48 -2.23  0.00  0.00 -2.71 1.000  00  01O000M000  0.064
CYS01B4114_002  0.000 -0.48 -2.33  0.00  0.00 -2.80 1.000  00  01O000M000  0.064
CYS01B4114_003  0.000 -0.48 -2.22  0.00  0.00 -2.70 1.000  00  01O000M000  0.064
CYS-1B4114_004 -1.000 -0.48 -2.20  0.00  0.00 -2.67 1.000  00  -1O000M000  0.064
SER01B4115_001  0.000 -0.06  5.96  0.75  0.00  6.66 0.670  00  01O000M000  0.010
SER01B4115_002  0.000 -0.06  5.96  0.75  0.00  6.66 0.670  00  01O000M000  0.010
GLU01B4116_001  0.000  0.16 -2.86  3.18  0.00  0.49 1.000  00  01O000M000  0.340
GLU01B4116_002  0.000  0.16 -2.86  0.46  0.00 -2.23 1.000  00  01O000M000  0.340
GLU02B4116_003  0.000 -0.05 -2.93  3.18  0.00  0.20 1.000  00  02O000M000  0.313
GLU02B4116_004  0.000 -0.05 -2.93  0.46  0.00 -2.52 1.000  00  02O000M000  0.313
GLU-1B4116_005 -1.000 -0.10 -2.87  0.46  0.00 -2.51 1.000  00  -1O000M000  0.317
ALA01B4117_001  0.000 -3.65 -0.34  0.00  0.00 -4.00 1.000  00  01O000M000  0.638
ASP01B4118_001  0.000 -1.97 -1.19  3.87  0.00  0.71 1.000  00  01O000M000  0.531
ASP01B4118_002  0.000 -1.97 -1.19  1.15  0.00 -2.01 1.000  00  01O000M000  0.531
ASP02B4118_003  0.000 -1.89 -1.16  3.87  0.00  0.81 1.000  00  02O000M000  0.524
ASP02B4118_004  0.000 -1.89 -1.16  1.15  0.00 -1.91 1.000  00  02O000M000  0.524
ASP-1B4118_005 -1.000 -1.90 -1.22  1.15  0.00 -1.97 1.000  00  -1O000M000  0.522
GLU01B4119_001  0.000 -2.32  1.69  3.17  0.00  2.54 1.000  00  01O000M000  0.868
GLU01B4119_002  0.000 -2.32  1.69  0.45  0.00 -0.18 1.000  00  01O000M000  0.868
GLU02B4119_003  0.000 -2.53  1.61  3.17  0.00  2.25 1.000  00  02O000M000  0.878
GLU02B4119_004  0.000 -2.53  1.61  0.45  0.00 -0.47 1.000  00  02O000M000  0.878
GLU-1B4119_005 -1.000 -2.63  1.64  0.45  0.00 -0.53 1.000  00  -1O000M000  0.869
ASN01B4120_001  0.000 -1.78  4.57  1.72  0.00  4.51 0.000  00  01O000M000  0.385
ASN01B4120_002  0.000 -1.81  2.00  1.71  0.00  1.90 1.000  00  01R001M000  0.425
GLU01B4121_001  0.000  0.62  1.68  3.24  0.00  5.53 1.000  00  01O000M000  0.631
GLU01B4121_002  0.000  0.62  1.68  0.52  0.00  2.81 1.000  00  01O000M000  0.631
GLU02B4121_003  0.000 -0.15  1.70  3.24  0.00  4.79 1.000  00  02O000M000  0.639
GLU02B4121_004  0.000 -0.15  1.70  0.52  0.00  2.07 1.000  00  02O000M000  0.639
GLU-1B4121_005 -1.000 -0.15  1.75  0.52  0.00  2.11 1.000  00  -1O000M000  0.629
MET01B4122_001  0.000 -0.87638.78  0.00  0.00637.91 1.000  00  01O000M000  0.085
ILE01B4123_001  0.000  1.89 -2.54  0.47  0.00 -0.18 1.000  00  01O000M000  0.000
ASN01B4124_001  0.000 -1.81 -0.64  0.48  0.00 -1.97 0.752  00  01O000M000  0.401
ASN01B4124_002  0.000 -1.72  0.60  0.48  0.00 -0.63 0.748  00  01R001M000  0.354
PHE01B4125_001  0.000  2.78 -5.24  0.00  0.00 -2.46 1.000  00  01O000M000  0.145
GLU01B4126_001  0.000 -2.93 -0.23  3.22  0.00  0.06 1.000  00  01O000M000  0.718
GLU01B4126_002  0.000 -2.93 -0.23  0.50  0.00 -2.66 1.000  00  01O000M000  0.718
GLU02B4126_003  0.000 -2.81 -0.24  3.22  0.00  0.17 1.000  00  02O000M000  0.713
GLU02B4126_004  0.000 -2.81 -0.24  0.50  0.00 -2.55 1.000  00  02O000M000  0.713
GLU-1B4126_005 -1.000 -2.86 -0.21  0.50  0.00 -2.57 1.000  00  -1O000M000  0.711
GLU01B4127_001  0.000  1.40 -3.20  4.32  0.00  2.52 1.000  00  01O000M000  0.272
GLU01B4127_002  0.000  1.40 -3.20  1.60  0.00 -0.20 1.000  00  01O000M000  0.272
GLU02B4127_003  0.000  0.92 -3.28  4.32  0.00  1.95 1.000  00  02O000M000  0.271
GLU02B4127_004  0.000  0.92 -3.28  1.60  0.00 -0.77 1.000  00  02O000M000  0.271
GLU-1B4127_005 -1.000  0.82 -3.22  1.60  0.00 -0.80 1.000  00  -1O000M000  0.274
PHE01B4128_001  0.000  4.71 -5.13  0.13  0.00 -0.29 1.000  00  01O000M000  0.005
ALA01B4129_001  0.000 -0.34 -0.90  0.00  0.00 -1.24 1.000  00  01O000M000  0.062
ASN01B4130_001  0.000 -1.20 10.96  0.43  0.00 10.19 0.000  00  01O000M000  0.347
ASN01B4130_002  0.000 -1.40  6.63  0.44  0.00  5.67 1.000  00  01R001M000  0.326
ARG01B4131_001  0.000 -1.53 -0.11  0.54  0.00 -1.10 1.000  00  01O000M000  0.187
ARG02B4131_002  0.000 -1.59 -0.05  0.54  0.00 -1.09 1.000  00  02O000M000  0.187
ARG03B4131_003  0.000 -1.59 -0.12  0.54  0.00 -1.17 1.000  00  03O000M000  0.187
ARG+1B4131_004  1.000 -1.63 -0.13  0.54  0.00 -1.22 1.000  00  +1O000M000  0.187
PHE01B4132_001  0.000  1.69 -5.76  0.17  0.00 -3.90 1.000  00  01O000M000  0.236
GLN01B4133_001  0.000  0.02 -3.01  1.97  0.00 -1.01 0.753  00  01O000M000  0.558
GLN01B4133_002  0.000  1.85 -2.93  1.98  0.00  0.91 0.747  00  01R001M000  0.525
GLU01B4134_001  0.000  0.44 -1.85  3.14  0.00  1.74 1.000  00  01O000M000  0.529
GLU01B4134_002  0.000  0.44 -1.85  0.42  0.00 -0.98 1.000  00  01O000M000  0.529
GLU02B4134_003  0.000 -0.32 -1.80  3.14  0.00  1.02 1.000  00  02O000M000  0.562
GLU02B4134_004  0.000 -0.32 -1.80  0.42  0.00 -1.70 1.000  00  02O000M000  0.562
GLU-1B4134_005 -1.000 -0.30 -1.80  0.42  0.00 -1.68 1.000  00  -1O000M000  0.558
CTR01B4134_001  0.000 -5.15  0.08  2.72  0.00 -2.34 1.000  00  01O000M000  0.482
CTR01B4134_002  0.000 -5.11 -0.48  0.00  0.00 -5.58 1.000  00  01O000M000  0.488
CTR02B4134_003  0.000 -5.13 -0.51  2.72  0.00 -2.92 1.000  00  02O000M000  0.478
CTR02B4134_004  0.000 -5.23 -0.47  0.00  0.00 -5.71 1.000  00  02O000M000  0.492
CTR-1B4134_005 -1.000 -5.13 -0.41  0.00  0.00 -5.54 1.000  00  -1O000M000  0.485
NTR01B4253_001  0.000 -3.79 -0.06  0.00  0.00 -3.85 1.000  00  01O000M000  0.384
NTR01B4253_002  0.000 -3.62 -0.06  0.00  0.00 -3.69 1.000  00  01O000M000  0.368
NTR+1B4253_003  1.000 -3.63 -0.06  0.00  0.00 -3.69 1.000  00  +1O000M000  0.368
CTR01B4253_001  0.000 -5.98 -0.02  2.72  0.00 -3.28 1.000  00  01O000M000  0.557
CTR01B4253_002  0.000 -5.73 -0.02  0.00  0.00 -5.75 1.000  00  01O000M000  0.556
CTR02B4253_003  0.000 -5.84 -0.02  2.72  0.00 -3.15 1.000  00  02O000M000  0.558
CTR02B4253_004  0.000 -5.78 -0.02  0.00  0.00 -5.80 1.000  00  02O000M000  0.556
CTR-1B4253_005 -1.000 -5.78 -0.02  0.00  0.00 -5.80 1.000  00  -1O000M000  0.554
GLU01B4253_001  0.000 -2.39 -0.89  3.22  0.00 -0.06 1.000  00  01O000M000  0.493
GLU01B4253_002  0.000 -2.39 -0.89  0.50  0.00 -2.78 1.000  00  01O000M000  0.493
GLU02B4253_003  0.000 -2.20 -0.92  3.22  0.00  0.10 1.000  00  02O000M000  0.508
GLU02B4253_004  0.000 -2.20 -0.92  0.50  0.00 -2.62 1.000  00  02O000M000  0.508
GLU-1B4253_005 -1.000 -2.34 -0.88  0.50  0.00 -2.72 1.000  00  -1O000M000  0.499
NTR01B4540_001  0.000 -2.67 -0.53  0.00  0.00 -3.20 1.000  00  01O000M000  0.265
NTR+1B4540_002  1.000 -2.67 -0.60  0.00  0.00 -3.27 1.000  00  +1O000M000  0.265
PHE01B4540_001  0.000 -1.47999.00  0.00  0.00999.00 1.000  00  01O000M000  0.220
TRP01B4541_001  0.000-12.51206.19  0.00  0.00193.67 1.000  00  01O000M000  0.797
GLU01B4543_001  0.000 -2.88  4.19  3.22  0.00  4.53 1.000  00  01O000M000  0.726
GLU01B4543_002  0.000 -2.88  4.19  0.50  0.00  1.81 1.000  00  01O000M000  0.726
GLU02B4543_003  0.000 -2.86  4.19  3.22  0.00  4.55 1.000  00  02O000M000  0.747
GLU02B4543_004  0.000 -2.86  4.19  0.50  0.00  1.83 1.000  00  02O000M000  0.747
GLU-1B4543_005 -1.000 -2.87  4.21  0.50  0.00  1.85 1.000  00  -1O000M000  0.741
LEU01B4544_001  0.000 -2.58999.00  2.94  0.00999.00 1.000  00  01O000M000  0.340
GLU01B4545_001  0.000 -2.20  0.04  3.22  0.00  1.06 1.000  00  01O000M000  0.581
GLU01B4545_002  0.000 -2.20  0.04  0.50  0.00 -1.66 1.000  00  01O000M000  0.581
GLU02B4545_003  0.000 -1.98  0.03  3.22  0.00  1.27 1.000  00  02O000M000  0.566
GLU02B4545_004  0.000 -1.98  0.03  0.50  0.00 -1.45 1.000  00  02O000M000  0.566
GLU-1B4545_005 -1.000 -2.18  0.06  0.50  0.00 -1.62 1.000  00  -1O000M000  0.570
VAL01B4546_001  0.000 -5.10 -0.01  0.00  0.00 -5.10 1.000  00  01O000M000  0.567
GLN01B4547_001  0.000 -1.42 -0.79  0.61  0.00 -1.61 0.757  00  01O000M000  0.556
GLN01B4547_002  0.000 -0.85 -0.75  0.59  0.00 -1.00 0.743  00  01R001M000  0.562
ARG01B4548_001  0.000 -4.20 -3.19  0.41  0.00 -6.97 1.000  00  01O000M000  0.549
ARG02B4548_002  0.000 -4.25 -3.23  0.41  0.00 -7.07 1.000  00  02O000M000  0.549
ARG02B4548_003  0.000 -4.24 -3.22  0.41  0.00 -7.05 1.000  00  02O000M000  0.549
ARG03B4548_004  0.000 -4.24 -3.23  0.41  0.00 -7.06 1.000  00  03O000M000  0.549
ARG+1B4548_005  1.000 -4.29 -3.24  0.41  0.00 -7.12 1.000  00  +1O000M000  0.549
VAL01B4549_001  0.000 -2.70 -0.00  0.06  0.00 -2.65 1.000  00  01O000M000  0.342
LYS01B4550_001  0.000 -0.39999.00  0.95  0.00999.00 1.000  00  01O000M000  0.355
LYS+1B4550_002  1.000 -0.48999.00  0.95  0.00999.00 1.000  00  +1O000M000  0.355
PHE01B4551_001  0.000 -3.37 -3.21  0.01  0.00 -6.56 1.000  00  01O000M000  0.592
LEU01B4552_001  0.000 -0.03  1.86  0.54  0.00  2.38 1.000  00  01O000M000  0.252
ASN01B4553_001  0.000 -2.33 -2.60  1.02  0.00 -3.90 0.747  00  01O000M000  0.567
ASN01B4553_002  0.000 -1.90 -2.56  1.03  0.00 -3.43 0.753  00  01R001M000  0.518
TYR01B4554_001  0.000 -6.26 -1.82  0.00  0.00 -8.08 1.000  00  01O000M000  0.743
TYR01B4554_002  0.000 -6.26 -1.82  0.00  0.00 -8.08 1.000  00  01O000M000  0.743
TYR-1B4554_003 -1.000 -6.26 -1.82  0.00  0.00 -8.08 1.000  00  -1O000M000  0.743
LEU01B4555_001  0.000  0.65  0.18  0.53  0.00  1.36 1.000  00  01O000M000  0.097
CTR01B4555_001  0.000 -2.10  0.43  2.72  0.00  1.06 1.000  00  01O000M000  0.196
CTR01B4555_002  0.000 -2.13  0.16  0.00  0.00 -1.97 1.000  00  01O000M000  0.212
CTR02B4555_003  0.000 -2.06 18.66  2.72  0.00 19.32 1.000  00  02O000M000  0.195
CTR02B4555_004  0.000 -2.11  0.11  0.00  0.00 -2.01 1.000  00  02O000M000  0.205
CTR-1B4555_005 -1.000 -2.04  0.25  0.00  0.00 -1.79 1.000  00  -1O000M000  0.196
NTR01B4561_001  0.000 -1.93 -0.33  0.00  0.00 -2.27 1.000  00  01O000M000  0.194
NTR+1B4561_002  1.000 -1.94 -0.43  0.00  0.00 -2.37 1.000  00  +1O000M000  0.194
THR01B4561_001  0.000 -6.29 -0.47  0.63  0.00 -6.13 0.667  00  01O000M000  0.663
THR01B4561_002  0.000 -6.29 -0.47  0.63  0.00 -6.13 0.667  00  01O000M000  0.663
THR01B4561_003  0.000 -6.29 -0.47  0.25  0.00 -6.51 0.667  00  01O000M000  0.663
LEU01B4562_001  0.000 -1.62 -0.70  0.45  0.00 -1.87 1.000  00  01O000M000  0.352
ARG01B4563_001  0.000 -5.02 -0.55  0.67  0.00 -4.91 1.000  00  01O000M000  0.468
ARG02B4563_002  0.000 -5.07 -0.55  0.67  0.00 -4.95 1.000  00  02O000M000  0.468
ARG02B4563_003  0.000 -5.06 -0.55  0.67  0.00 -4.95 1.000  00  02O000M000  0.468
ARG03B4563_004  0.000 -5.06 -0.55  0.67  0.00 -4.95 1.000  00  03O000M000  0.468
ARG03B4563_005  0.000 -5.00 -0.55  0.67  0.00 -4.89 1.000  00  03O000M000  0.468
ARG+1B4563_006  1.000 -5.11 -0.56  0.67  0.00 -5.00 1.000  00  +1O000M000  0.468
PHE01B4564_001  0.000 -4.25 -1.88  0.00  0.00 -6.13 1.000  00  01O000M000  0.664
LEU01B4565_001  0.000 -1.92 -0.77  0.49  0.00 -2.19 1.000  00  01O000M000  0.318
ALA01B4566_001  0.000 -0.34 -1.72  0.00  0.00 -2.06 1.000  00  01O000M000  0.061
LEU01B4567_001  0.000 -0.64  1.78  0.78  0.00  1.91 1.000  00  01O000M000  0.277
PHE01B4568_001  0.000 -3.44 -3.55  0.01  0.00 -6.97 1.000  00  01O000M000  0.638
LEU01B4569_001  0.000  2.02 -4.08  0.45  0.00 -1.61 1.000  00  01O000M000  0.059
ALA01B4570_001  0.000  0.00 -1.20  0.00  0.00 -1.20 1.000  00  01O000M000  0.000
PHE01B4571_001  0.000 -1.13  1.35  0.87  0.00  1.10 1.000  00  01O000M000  0.410
ALA01B4572_001  0.000 -2.78 -0.70  0.00  0.00 -3.48 1.000  00  01O000M000  0.491
ILE01B4573_001  0.000  2.24  0.72  0.79  0.00  3.75 1.000  00  01O000M000  0.009
ASN01B4574_001  0.000  0.07  6.66  0.95  0.00  7.68 0.000  00  01O000M000  0.090
ASN01B4574_002  0.000 -0.09  2.29  0.98  0.00  3.18 1.000  00  01R001M000  0.074
PHE01B4575_001  0.000 -4.46  7.43  0.19  0.00  3.16 1.000  00  01O000M000  0.643
ILE01B4576_001  0.000  2.19  3.82  0.47  0.00  6.48 1.000  00  01O000M000  0.061
LEU01B4577_001  0.000  1.32 -1.08  1.42  0.00  1.65 1.000  00  01O000M000  0.178
LEU01B4578_001  0.000 -4.03  0.27  0.41  0.00 -3.35 1.000  00  01O000M000  0.505
PHE01B4579_001  0.000  2.14 -1.43  0.14  0.00  0.86 1.000  00  01O000M000  0.191
TYR01B4580_001  0.000  0.28 -4.85  0.24  0.00 -4.33 1.000  00  01O000M000  0.281
TYR-1B4580_002 -1.000  0.28 -4.85  0.24  0.00 -4.33 1.000  00  -1O000M000  0.281
LYS01B4581_001  0.000 -5.45 -1.91  0.95  0.00 -6.41 1.000  00  01O000M000  0.539
LYS+1B4581_002  1.000 -5.50 -1.91  0.95  0.00 -6.46 1.000  00  +1O000M000  0.539
VAL01B4582_001  0.000 -5.16  0.44  0.04  0.00 -4.68 1.000  00  01O000M000  0.578
SER01B4583_001  0.000 -0.57  3.14  0.46  0.00  3.04 0.669  00  01O000M000  0.094
SER01B4583_002  0.000 -0.57  3.14  0.09  0.00  2.66 0.669  00  01O000M000  0.094
ASP01B4584_001  0.000 -3.83  9.71  2.97  0.00  8.85 1.000  00  01O000M000  0.832
ASP01B4584_002  0.000 -3.83  9.71  0.25  0.00  6.13 1.000  00  01O000M000  0.832
ASP02B4584_003  0.000 -3.82  7.37  2.97  0.00  6.52 1.000  00  02O000M000  0.840
ASP02B4584_004  0.000 -3.82  7.37  0.25  0.00  3.80 1.000  00  02O000M000  0.840
ASP-1B4584_005 -1.000 -3.76  7.41  0.25  0.00  3.90 1.000  00  -1O000M000  0.841
SER01B4585_001  0.000 -3.29  0.59  0.37  0.00 -2.33 0.666  00  01O000M000  0.554
SER01B4585_002  0.000 -3.29  0.59  0.38  0.00 -2.33 0.666  00  01O000M000  0.554
PRO01B4586_001  0.000 -4.65  0.46  0.00  0.00 -4.19 1.000  00  01O000M000  0.503
PRO01B4587_001  0.000 -4.26 -0.79  0.00  0.00 -5.04 1.000  00  01O000M000  0.437
CTR01B4587_001  0.000 -4.58  1.60  2.72  0.00 -0.26 1.000  00  01O000M000  0.430
CTR01B4587_002  0.000 -4.36  1.30  0.00  0.00 -3.06 1.000  00  01O000M000  0.428
CTR02B4587_003  0.000 -4.52  7.80  2.72  0.00  6.00 1.000  00  02O000M000  0.422
CTR02B4587_004  0.000 -4.60  1.26  0.00  0.00 -3.34 1.000  00  02O000M000  0.438
CTR-1B4587_005 -1.000 -4.50  1.34  0.00  0.00 -3.16 1.000  00  -1O000M000  0.431
NTR01B4626_001  0.000 -3.59 -0.72  0.00  0.00 -4.31 1.000  00  01O000M000  0.354
NTR+1B4626_002  1.000 -3.59 -0.78  0.00  0.00 -4.38 1.000  00  +1O000M000  0.354
ASN01B4626_001  0.000 -3.29144.86  0.30  0.00141.87 1.000  00  01O000M000  0.606
MET01B4627_001  0.000 -4.85999.00  0.00  0.00999.00 1.000  00  01O000M000  0.431
VAL01B4628_001  0.000 -2.18 -2.15  0.01  0.00 -4.32 1.000  00  01O000M000  0.271
TYR01B4629_001  0.000 -3.06 -2.74  0.06  0.00 -5.74 1.000  00  01O000M000  0.518
TYR-1B4629_002 -1.000 -3.06 -2.74  0.06  0.00 -5.74 1.000  00  -1O000M000  0.518
TYR01B4630_001  0.000  0.80 -4.99  0.10  0.00 -4.09 1.000  00  01O000M000  0.266
TYR-1B4630_002 -1.000  0.80 -4.99  0.10  0.00 -4.09 1.000  00  -1O000M000  0.266
PHE01B4631_001  0.000  1.69 -6.52  0.09  0.00 -4.75 1.000  00  01O000M000  0.249
LEU01B4632_001  0.000 -2.35 -2.14  0.47  0.00 -4.02 1.000  00  01O000M000  0.363
GLU01B4633_001  0.000  0.52 -1.90  3.02  0.00  1.63 1.000  00  01O000M000  0.562
GLU01B4633_002  0.000  0.52 -1.90  0.30  0.00 -1.09 1.000  00  01O000M000  0.562
GLU02B4633_003  0.000 -0.12 -1.88  3.02  0.00  1.02 1.000  00  02O000M000  0.559
GLU02B4633_004  0.000 -0.12 -1.88  0.30  0.00 -1.70 1.000  00  02O000M000  0.559
GLU-1B4633_005 -1.000 -0.20 -1.84  0.30  0.00 -1.74 1.000  00  -1O000M000  0.563
GLU01B4634_001  0.000  1.14 -0.89  3.00  0.00  3.25 1.000  00  01O000M000  0.274
GLU01B4634_002  0.000  1.14 -0.89  0.28  0.00  0.53 1.000  00  01O000M000  0.274
GLU02B4634_003  0.000  0.69 -0.89  3.00  0.00  2.81 1.000  00  02O000M000  0.265
GLU02B4634_004  0.000  0.69 -0.89  0.28  0.00  0.09 1.000  00  02O000M000  0.265
GLU-1B4634_005 -1.000  0.65 -0.85  0.28  0.00  0.08 1.000  00  -1O000M000  0.263
SER01B4635_001  0.000 -4.96  2.53  0.43  0.00 -1.99 0.667  00  01O000M000  0.853
THR01B4636_001  0.000 -2.51  0.03  0.38  0.00 -2.10 0.677  00  01O000M000  0.309
THR01B4636_002  0.000 -2.51  0.03  0.38  0.00 -2.10 0.677  00  01O000M000  0.309
THR01B4636_003  0.000 -2.51  0.03  0.00  0.00 -2.48 0.677  00  01O000M000  0.309
TYR01B4638_001  0.000 -4.11 -0.82  0.02  0.00 -4.91 1.000  00  01O000M000  0.587
TYR01B4638_002  0.000 -4.11 -0.82  0.02  0.00 -4.91 1.000  00  01O000M000  0.587
TYR-1B4638_003 -1.000 -4.11 -0.82  0.02  0.00 -4.91 1.000  00  -1O000M000  0.587
MET01B4639_001  0.000  9.11 -2.43  0.39  0.00  7.07 1.000  00  01O000M000  0.000
GLU01B4640_001  0.000 -0.19 -2.11  3.28  0.00  0.98 1.000  00  01O000M000  0.512
GLU01B4640_002  0.000 -0.19 -2.11  0.56  0.00 -1.74 1.000  00  01O000M000  0.512
GLU02B4640_003  0.000 -0.65 -1.97  3.28  0.00  0.66 1.000  00  02O000M000  0.509
GLU02B4640_004  0.000 -0.65 -1.97  0.56  0.00 -2.06 1.000  00  02O000M000  0.509
GLU-1B4640_005 -1.000 -0.79 -2.10  0.56  0.00 -2.32 1.000  00  -1O000M000  0.522
PRO01B4641_001  0.000 -5.86 -1.81  0.00  0.00 -7.67 1.000  00  01O000M000  0.631
ALA01B4642_001  0.000 -2.71 -1.23  0.00  0.00 -3.94 1.000  00  01O000M000  0.479
LEU01B4643_001  0.000  0.60 -4.10  0.75  0.00 -2.75 1.000  00  01O000M000  0.207
TRP01B4644_001  0.000 -7.84 -1.65  0.03  0.00 -9.46 1.000  00  01O000M000  0.653
CYS01B4645_001  0.000 -3.74 -1.03  0.14  0.00 -4.63 1.000  00  01O000M000  0.519
CYS01B4645_002  0.000 -3.74 -1.11  0.14  0.00 -4.72 1.000  00  01O000M000  0.519
CYS01B4645_003  0.000 -3.74 -1.02  0.14  0.00 -4.62 1.000  00  01O000M000  0.519
CYS-1B4645_004 -1.000 -3.74 -1.00  0.14  0.00 -4.60 1.000  00  -1O000M000  0.519
LEU01B4646_001  0.000 -2.22 -1.57  0.74  0.00 -3.05 1.000  00  01O000M000  0.313
SER01B4647_001  0.000 -0.14  2.80  0.42  0.00  3.08 0.666  00  01O000M000  0.025
SER01B4647_002  0.000 -0.14  2.80  0.42  0.00  3.08 0.666  00  01O000M000  0.025
SER01B4647_003  0.000 -0.14  2.80  0.05  0.00  2.71 0.666  00  01O000M000  0.025
LEU01B4648_001  0.000 -2.42 -2.56  0.91  0.00 -4.08 1.000  00  01O000M000  0.428
LEU01B4649_001  0.000 -1.36 -2.52  0.48  0.00 -3.40 1.000  00  01O000M000  0.304
HIS01B4650_001  0.000 -0.14 -5.88  0.22  0.00 -5.80 1.000  00  01O000M000  0.000
HIS02B4650_002  0.000 -0.16 -5.92  0.22  0.00 -5.86 1.000  00  02O000M000  0.000
HIS+1B4650_003  1.000 -0.19 -5.95  0.22  0.00 -5.91 1.000  00  +1O000M000  0.000
THR01B4651_001  0.000 -1.16  1.55  0.55  0.00  0.94 0.663  00  01O000M000  0.165
THR01B4651_002  0.000 -1.16  1.55  0.18  0.00  0.56 0.663  00  01O000M000  0.165
LEU01B4652_001  0.000 -2.47 -2.80  0.86  0.00 -4.42 1.000  00  01O000M000  0.547
VAL01B4653_001  0.000  0.20  0.50  0.01  0.00  0.71 1.000  00  01O000M000  0.052
ALA01B4654_001  0.000  0.00 -1.81  0.00  0.00 -1.81 1.000  00  01O000M000  0.000
PHE01B4655_001  0.000 -4.30 -1.67  0.10  0.00 -5.86 1.000  00  01O000M000  0.624
CTR01B4655_001  0.000 -0.83 -1.37  2.72  0.00  0.52 1.000  00  01O000M000  0.079
CTR01B4655_002  0.000 -0.66 -1.61  0.00  0.00 -2.26 1.000  00  01O000M000  0.072
CTR02B4655_003  0.000 -0.77 -1.43  2.72  0.00  0.52 1.000  00  02O000M000  0.071
CTR02B4655_004  0.000 -0.73 -1.66  0.00  0.00 -2.39 1.000  00  02O000M000  0.074
CTR-1B4655_005 -1.000 -0.75 -1.54  0.00  0.00 -2.30 1.000  00  -1O000M000  0.073
NTR01B4659_001  0.000 -1.35  1.41  0.00  0.00  0.06 1.000  00  01O000M000  0.137
NTR+1B4659_002  1.000 -1.35  1.34  0.00  0.00 -0.01 1.000  00  +1O000M000  0.137
ILE01B4659_001  0.000 -1.58 -0.66  0.97  0.00 -1.27 1.000  00  01O000M000  0.286
CTR01B4660_001  0.000 -4.47  0.38  2.72  0.00 -1.37 1.000  00  01O000M000  0.426
CTR01B4660_002  0.000 -4.28  0.13  0.00  0.00 -4.15 1.000  00  01O000M000  0.418
CTR02B4660_003  0.000 -4.47  0.30  2.72  0.00 -1.45 1.000  00  02O000M000  0.422
CTR02B4660_004  0.000 -4.47  0.13  0.00  0.00 -4.34 1.000  00  02O000M000  0.429
CTR-1B4660_005 -1.000 -4.33  0.19  0.00  0.00 -4.15 1.000  00  -1O000M000  0.418
NTR01B4662_001  0.000 -1.66 -0.58  0.00  0.00 -2.24 1.000  00  01O000M000  0.167
NTR01B4662_002  0.000 -1.64 -0.63  0.00  0.00 -2.27 1.000  00  01O000M000  0.167
NTR+1B4662_003  1.000 -1.64 -0.62  0.00  0.00 -2.27 1.000  00  +1O000M000  0.167
CTR01B4662_001  0.000 -4.25  0.84  2.72  0.00 -0.69 1.000  00  01O000M000  0.410
CTR01B4662_002  0.000 -3.97  0.83  0.00  0.00 -3.14 1.000  00  01O000M000  0.401
CTR02B4662_003  0.000 -4.08 16.07  2.72  0.00 14.72 1.000  00  02O000M000  0.391
CTR02B4662_004  0.000 -4.07  0.80  0.00  0.00 -3.27 1.000  00  02O000M000  0.403
CTR-1B4662_005 -1.000 -4.05  0.84  0.00  0.00 -3.21 1.000  00  -1O000M000  0.400
ASN01B4662_001  0.000 -2.64 -0.14  0.41  0.00 -2.37 1.000  00  01O000M000  0.512
NTR01B4686_001  0.000 -1.45  0.20  0.00  0.00 -1.26 1.000  00  01O000M000  0.140
NTR+1B4686_002  1.000 -1.46  0.11  0.00  0.00 -1.34 1.000  00  +1O000M000  0.140
LEU01B4686_001  0.000 -4.19 -1.11  0.55  0.00 -4.74 1.000  00  01O000M000  0.482
TYR01B4687_001  0.000  3.37 -4.05  0.00  0.00 -0.67 1.000  00  01O000M000  0.108
TYR-1B4687_002 -1.000  3.37 -4.05  0.00  0.00 -0.67 1.000  00  -1O000M000  0.108
ILE01B4688_001  0.000 -1.13  0.42  1.15  0.00  0.45 1.000  00  01O000M000  0.232
CTR01B4688_001  0.000 -1.37 -0.88  2.72  0.00  0.47 1.000  00  01O000M000  0.127
CTR01B4688_002  0.000 -1.37 -1.04  0.00  0.00 -2.41 1.000  00  01O000M000  0.143
CTR02B4688_003  0.000 -1.49 -1.01  2.72  0.00  0.22 1.000  00  02O000M000  0.140
CTR02B4688_004  0.000 -1.44 -1.03  0.00  0.00 -2.47 1.000  00  02O000M000  0.141
CTR-1B4688_005 -1.000 -1.45 -0.96  0.00  0.00 -2.41 1.000  00  -1O000M000  0.139
NTR01B4690_001  0.000 -1.29 -1.03  0.00  0.00 -2.33 1.000  00  01O000M000  0.130
NTR+1B4690_002  1.000 -1.29 -1.10  0.00  0.00 -2.39 1.000  00  +1O000M000  0.130
GLU01B4690_001  0.000  0.27  1.80  3.15  0.00  5.22 1.000  00  01O000M000  0.695
GLU01B4690_002  0.000  0.27  1.80  0.43  0.00  2.50 1.000  00  01O000M000  0.695
GLU02B4690_003  0.000 -0.48  1.82  3.15  0.00  4.48 1.000  00  02O000M000  0.704
GLU02B4690_004  0.000 -0.48  1.82  0.43  0.00  1.76 1.000  00  02O000M000  0.704
GLU-1B4690_005 -1.000 -0.52  1.84  0.43  0.00  1.74 1.000  00  -1O000M000  0.696
GLN01B4691_001  0.000 -1.38  2.39  0.62  0.00  1.64 0.753  00  01O000M000  0.571
GLN01B4691_002  0.000 -0.68  2.59  0.61  0.00  2.52 0.747  00  01R001M000  0.555
PRO01B4692_001  0.000  0.04 -2.00  0.00  0.00 -1.96 1.000  00  01O000M000  0.036
ASP01B4694_001  0.000 -2.06  1.14  2.92  0.00  2.00 1.000  00  01O000M000  0.492
ASP01B4694_002  0.000 -2.06  1.14  0.20  0.00 -0.72 1.000  00  01O000M000  0.492
ASP02B4694_003  0.000 -2.02  0.57  2.92  0.00  1.47 1.000  00  02O000M000  0.493
ASP02B4694_004  0.000 -2.02  0.57  0.20  0.00 -1.25 1.000  00  02O000M000  0.493
ASP-1B4694_005 -1.000 -2.05  0.64  0.20  0.00 -1.22 1.000  00  -1O000M000  0.499
ASP01B4695_001  0.000 -3.09  1.57  2.95  0.00  1.43 1.000  00  01O000M000  0.712
ASP01B4695_002  0.000 -3.09  1.57  0.23  0.00 -1.29 1.000  00  01O000M000  0.712
ASP02B4695_003  0.000 -3.17  0.79  2.95  0.00  0.57 1.000  00  02O000M000  0.740
ASP02B4695_004  0.000 -3.17  0.79  0.23  0.00 -2.15 1.000  00  02O000M000  0.740
ASP-1B4695_005 -1.000 -3.06  0.84  0.23  0.00 -2.00 1.000  00  -1O000M000  0.715
ASP01B4696_001  0.000 -3.14  1.87  3.18  0.00  1.91 1.000  00  01O000M000  0.744
ASP01B4696_002  0.000 -3.14  1.87  0.46  0.00 -0.81 1.000  00  01O000M000  0.744
ASP02B4696_003  0.000 -3.18  1.35  3.18  0.00  1.35 1.000  00  02O000M000  0.763
ASP02B4696_004  0.000 -3.18  1.35  0.46  0.00 -1.37 1.000  00  02O000M000  0.763
ASP-1B4696_005 -1.000 -3.11  1.39  0.46  0.00 -1.25 1.000  00  -1O000M000  0.756
VAL01B4697_001  0.000 -6.30  2.18  0.04  0.00 -4.08 1.000  00  01O000M000  0.672
LYS01B4698_001  0.000 -6.96  0.73  1.44  0.00 -4.79 1.000  00  01O000M000  0.697
LYS+1B4698_002  1.000 -7.01  0.73  1.44  0.00 -4.84 1.000  00  +1O000M000  0.697
GLN01B4700_001  0.000 -0.07 -1.90  1.00  0.00 -0.96 0.751  00  01O000M000  0.352
GLN01B4700_002  0.000 -0.59 -2.14  0.94  0.00 -1.80 0.749  00  01R001M000  0.364
TRP01B4701_001  0.000 -1.13 -7.32  0.02  0.00 -8.43 1.000  00  01O000M000  0.270
ASP01B4702_001  0.000 -0.98 -0.31  2.87  0.00  1.58 1.000  00  01O000M000  0.239
ASP01B4702_002  0.000 -0.98 -0.31  0.15  0.00 -1.14 1.000  00  01O000M000  0.239
ASP02B4702_003  0.000 -0.92 -1.03  2.87  0.00  0.92 1.000  00  02O000M000  0.247
ASP02B4702_004  0.000 -0.92 -1.03  0.15  0.00 -1.80 1.000  00  02O000M000  0.247
ASP-1B4702_005 -1.000 -0.98 -0.97  0.15  0.00 -1.81 1.000  00  -1O000M000  0.246
ARG01B4703_001  0.000 -2.12 -3.22  0.44  0.00 -4.90 1.000  00  01O000M000  0.355
ARG02B4703_002  0.000 -2.17 -3.23  0.44  0.00 -4.96 1.000  00  02O000M000  0.355
ARG03B4703_003  0.000 -2.09 -3.22  0.44  0.00 -4.86 1.000  00  03O000M000  0.355
ARG+1B4703_004  1.000 -2.22 -3.23  0.44  0.00 -5.01 1.000  00  +1O000M000  0.355
LEU01B4704_001  0.000  0.88 -4.52  0.99  0.00 -2.65 1.000  00  01O000M000  0.270
VAL01B4705_001  0.000 -0.63  1.19  0.20  0.00  0.76 1.000  00  01O000M000  0.120
LEU01B4706_001  0.000 -0.16 -1.30  0.41  0.00 -1.06 1.000  00  01O000M000  0.151
ASN01B4707_001  0.000 -1.04  0.47  0.98  0.00  0.42 1.000  00  01O000M000  0.326
THR01B4708_001  0.000 -0.05  7.51  0.48  0.00  7.94 0.661  00  01O000M000  0.037
THR01B4708_002  0.000 -0.05  7.51  0.48  0.00  7.94 0.661  00  01O000M000  0.037
THR01B4708_003  0.000 -0.05  7.51  0.11  0.00  7.57 0.661  00  01O000M000  0.037
PRO01B4709_001  0.000 -4.19  1.07  0.00  0.00 -3.12 1.000  00  01O000M000  0.455
SER01B4710_001  0.000 -1.56 -0.46  0.43  0.00 -1.59 0.668  00  01O000M000  0.232
SER01B4710_002  0.000 -1.56 -0.46  0.43  0.00 -1.59 0.668  00  01O000M000  0.232
SER01B4710_003  0.000 -1.56 -0.46  0.05  0.00 -1.97 0.668  00  01O000M000  0.232
CTR01B4710_001  0.000 -2.64 -1.06  2.72  0.00 -0.97 1.000  00  01O000M000  0.251
CTR01B4710_002  0.000 -2.53 -1.30  0.00  0.00 -3.83 1.000  00  01O000M000  0.250
CTR02B4710_003  0.000 -2.50 -0.83  2.72  0.00 -0.61 1.000  00  02O000M000  0.243
CTR02B4710_004  0.000 -2.61 -1.35  0.00  0.00 -3.96 1.000  00  02O000M000  0.253
CTR-1B4710_005 -1.000 -2.54 -1.25  0.00  0.00 -3.79 1.000  00  -1O000M000  0.247
NTR01B4725_001  0.000 -1.80 -0.91  0.00  0.00 -2.72 1.000  00  01O000M000  0.180
NTR+1B4725_002  1.000 -1.80 -0.92  0.00  0.00 -2.73 1.000  00  +1O000M000  0.180
CTR01B4725_001  0.000 -3.38  1.25  2.72  0.00  0.59 1.000  00  01O000M000  0.328
CTR01B4725_002  0.000 -3.32 -0.46  0.00  0.00 -3.78 1.000  00  01O000M000  0.335
CTR02B4725_003  0.000 -3.42 -0.38  2.72  0.00 -1.08 1.000  00  02O000M000  0.335
CTR02B4725_004  0.000 -3.49 -0.38  0.00  0.00 -3.87 1.000  00  02O000M000  0.345
CTR-1B4725_005 -1.000 -3.36 -0.37  0.00  0.00 -3.73 1.000  00  -1O000M000  0.334
LEU01B4725_001  0.000 -0.20 -3.11  0.49  0.00 -2.81 1.000  00  01O000M000  0.183
NTR01B4728_001  0.000 -1.53  0.17  0.00  0.00 -1.36 1.000  00  01O000M000  0.153
NTR+1B4728_002  1.000 -1.53  0.09  0.00  0.00 -1.44 1.000  00  +1O000M000  0.153
HIS01B4728_001  0.000 -5.82  0.00  0.19  0.00 -5.62 0.000  00  01O000M000  0.456
HIS01B4728_002  0.000 -6.08  0.01  0.19  0.00 -5.87 1.000  00  01R001M000  0.491
HIS02B4728_003  0.000 -5.84  0.00  0.19  0.00 -5.65 0.000  00  02O000M000  0.456
HIS02B4728_004  0.000 -6.09  0.00  0.19  0.00 -5.89 1.000  00  02R001M000  0.491
HIS+1B4728_005  1.000 -5.87 -0.00  0.19  0.00 -5.68 0.000  00  +1O000M000  0.456
HIS+1B4728_006  1.000 -6.12  0.00  0.19  0.00 -5.92 1.000  00  +1R001M000  0.491
ASP01B4730_001  0.000 -3.59  1.45  2.93  0.00  0.79 1.000  00  01O000M000  0.811
ASP01B4730_002  0.000 -3.59  1.45  0.21  0.00 -1.93 1.000  00  01O000M000  0.811
ASP02B4730_003  0.000 -3.65  0.90  2.93  0.00  0.18 1.000  00  02O000M000  0.857
ASP02B4730_004  0.000 -3.65  0.90  0.21  0.00 -2.54 1.000  00  02O000M000  0.857
ASP-1B4730_005 -1.000 -3.58  0.94  0.21  0.00 -2.43 1.000  00  -1O000M000  0.848
ILE01B4731_001  0.000 -1.94  1.84  0.44  0.00  0.34 1.000  00  01O000M000  0.472
PHE01B4732_001  0.000 -1.86  4.58  0.17  0.00  2.90 1.000  00  01O000M000  0.423
ARG01B4734_001  0.000 -5.91 -2.11  0.44  0.00 -7.58 1.000  00  01O000M000  0.565
ARG02B4734_002  0.000 -5.93 -2.12  0.44  0.00 -7.61 1.000  00  02O000M000  0.565
ARG03B4734_003  0.000 -5.84 -2.11  0.44  0.00 -7.50 1.000  00  03O000M000  0.565
ARG+1B4734_004  1.000 -5.97 -2.12  0.44  0.00 -7.65 1.000  00  +1O000M000  0.565
GLU01B4735_001  0.000  1.07 -1.24  4.27  0.00  4.10 1.000  00  01O000M000  0.640
GLU01B4735_002  0.000  1.07 -1.24  1.55  0.00  1.38 1.000  00  01O000M000  0.640
GLU02B4735_003  0.000  0.09 -1.33  4.27  0.00  3.04 1.000  00  02O000M000  0.669
GLU02B4735_004  0.000  0.09 -1.33  1.55  0.00  0.32 1.000  00  02O000M000  0.669
GLU-1B4735_005 -1.000  0.18 -1.26  1.55  0.00  0.47 1.000  00  -1O000M000  0.659
ARG01B4736_001  0.000 -4.68  0.18  0.43  0.00 -4.07 1.000  00  01O000M000  0.595
ARG02B4736_002  0.000 -4.73  0.13  0.43  0.00 -4.18 1.000  00  02O000M000  0.595
ARG03B4736_003  0.000 -4.72  0.13  0.43  0.00 -4.17 1.000  00  03O000M000  0.595
ARG+1B4736_004  1.000 -4.77  0.12  0.43  0.00 -4.22 1.000  00  +1O000M000  0.595
ILE01B4737_001  0.000  2.09  0.64  0.59  0.00  3.32 1.000  00  01O000M000  0.000
ALA01B4738_001  0.000 -0.10  1.91  0.00  0.00  1.80 1.000  00  01O000M000  0.018
GLU01B4739_001  0.000  1.46 -3.35  4.36  0.00  2.47 1.000  00  01O000M000  0.532
GLU01B4739_002  0.000  1.46 -3.35  1.64  0.00 -0.25 1.000  00  01O000M000  0.532
GLU02B4739_003  0.000  0.65 -3.43  4.36  0.00  1.58 1.000  00  02O000M000  0.542
GLU02B4739_004  0.000  0.65 -3.43  1.64  0.00 -1.14 1.000  00  02O000M000  0.542
GLU-1B4739_005 -1.000  0.72 -3.36  1.64  0.00 -1.00 1.000  00  -1O000M000  0.533
LEU01B4740_001  0.000 -0.41 -1.70  0.56  0.00 -1.54 1.000  00  01O000M000  0.215
LEU01B4741_001  0.000 -2.14  0.69  0.41  0.00 -1.04 1.000  00  01O000M000  0.340
MET01B4743_001  0.000 -2.12  0.44  0.38  0.00 -1.30 1.000  00  01O000M000  0.217
ASP01B4744_001  0.000 -2.30999.00  2.97  0.00999.00 1.000  00  01O000M000  0.490
ASP01B4744_002  0.000 -2.30195.65  0.25  0.00193.59 1.000  00  01O000M000  0.490
ASP02B4744_003  0.000 -2.23156.34  2.97  0.00157.09 1.000  00  02O000M000  0.484
ASP02B4744_004  0.000 -2.23156.34  0.25  0.00154.37 1.000  00  02O000M000  0.484
ASP-1B4744_005 -1.000 -2.20156.40  0.25  0.00154.45 1.000  00  -1O000M000  0.474
LEU01B4745_001  0.000 -4.72999.00  2.94  0.00999.00 1.000  00  01O000M000  0.519
ALA01B4746_001  0.000 -1.03 -1.56  0.00  0.00 -2.59 1.000  00  01O000M000  0.196
SER01B4747_001  0.000 -1.36 -0.64  0.48  0.00 -1.52 0.665  00  01O000M000  0.223
SER01B4747_002  0.000 -1.36 -0.64  0.10  0.00 -1.89 0.665  00  01O000M000  0.223
LEU01B4748_001  0.000 -4.34999.00  2.94  0.00999.00 1.000  00  01O000M000  0.484
GLU01B4749_001  0.000 -2.02134.21  3.22  0.00135.40 1.000  00  01O000M000  0.542
GLU01B4749_002  0.000 -2.02134.21  0.50  0.00132.68 1.000  00  01O000M000  0.542
GLU02B4749_003  0.000 -1.90134.20  3.22  0.00135.52 1.000  00  02O000M000  0.550
GLU02B4749_004  0.000 -1.90134.20  0.50  0.00132.80 1.000  00  02O000M000  0.550
GLU-1B4749_005 -1.000 -2.00134.25  0.50  0.00132.75 1.000  00  -1O000M000  0.537
ILE01B4750_001  0.000 -2.20999.00  0.33  0.00999.00 1.000  00  01O000M000  0.251
THR01B4751_001  0.000 -4.92 -0.05  0.38  0.00 -4.59 0.665  00  01O000M000  0.603
ALA01B4752_001  0.000 -3.19 -0.98  0.00  0.00 -4.17 1.000  00  01O000M000  0.585
HIS01B4753_001  0.000 -2.38999.00  0.00  0.00999.00 0.750  00  01O000M000  0.177
HIS01B4753_002  0.000 -2.49999.00  0.00  0.00999.00 0.750  00  01R001M000  0.183
HIS02B4753_003  0.000 -2.39999.00  0.00  0.00999.00 0.750  00  02O000M000  0.177
HIS02B4753_004  0.000 -2.50999.00  0.00  0.00999.00 0.750  00  02R001M000  0.183
HIS+1B4753_005  1.000 -2.41999.00  0.00  0.00999.00 0.750  00  +1O000M000  0.177
HIS+1B4753_006  1.000 -2.52999.00  0.00  0.00999.00 0.750  00  +1R001M000  0.183
ASN01B4754_001  0.000 -2.05135.44  0.30  0.00133.69 0.000  00  01O000M000  0.426
ASN01B4754_002  0.000 -2.09126.10  0.30  0.00124.31 1.000  00  01R001M000  0.414
GLU01B4755_001  0.000 -2.55  0.15  3.22  0.00  0.82 1.000  00  01O000M000  0.634
GLU01B4755_002  0.000 -2.55  0.15  0.50  0.00 -1.90 1.000  00  01O000M000  0.634
GLU02B4755_003  0.000 -2.31  0.14  3.22  0.00  1.05 1.000  00  02O000M000  0.643
GLU02B4755_004  0.000 -2.31  0.14  0.50  0.00 -1.67 1.000  00  02O000M000  0.643
GLU-1B4755_005 -1.000 -2.45  0.17  0.50  0.00 -1.78 1.000  00  -1O000M000  0.636
ARG01B4756_001  0.000999.00999.00  2.94  0.00999.00 1.000  00  01O000M000  0.423
ARG02B4756_002  0.000999.00999.00  2.94  0.00999.00 1.000  00  02O000M000  0.423
ARG03B4756_003  0.000999.00999.00  2.94  0.00999.00 1.000  00  03O000M000  0.423
ARG03B4756_004  0.000184.88999.00  2.94  0.00999.00 1.000  00  03O000M000  0.423
ARG+1B4756_005  1.000999.00999.00  2.94  0.00999.00 1.000  00  +1O000M000  0.423
LYS01B4757_001  0.000  2.79999.00  0.95  0.00999.00 1.000  00  01O000M000  0.086
LYS+1B4757_002  1.000  2.70999.00  0.95  0.00999.00 1.000  00  +1O000M000  0.086
PRO01B4758_001  0.000 -5.05 -0.40  0.00  0.00 -5.45 1.000  00  01O000M000  0.548
ASP01B4759_001  0.000 -3.41999.00  2.97  0.00999.00 1.000  00  01O000M000  0.723
ASP01B4759_002  0.000 -3.41249.09  0.25  0.00245.93 1.000  00  01O000M000  0.723
ASP02B4759_003  0.000 -3.42199.49  2.97  0.00199.04 1.000  00  02O000M000  0.749
ASP02B4759_004  0.000 -3.42199.49  0.25  0.00196.32 1.000  00  02O000M000  0.749
ASP-1B4759_005 -1.000 -3.37199.54  0.25  0.00196.42 1.000  00  -1O000M000  0.720
PRO01B4760_001  0.000 -6.61 -0.38  0.00  0.00 -6.99 1.000  00  01O000M000  0.703
PRO01B4761_001  0.000 -6.57 -0.68  0.00  0.00 -7.25 1.000  00  01O000M000  0.709
PRO01B4762_001  0.000 -5.42 -0.33  0.00  0.00 -5.75 1.000  00  01O000M000  0.594
LEU01B4764_001  0.000 -3.40999.00  2.94  0.00999.00 1.000  00  01O000M000  0.406
LEU01B4765_001  0.000 -3.57999.00  2.94  0.00999.00 1.000  00  01O000M000  0.433
THR01B4766_001  0.000 -4.95 21.04  0.39  0.00 16.47 0.665  00  01O000M000  0.583
THR01B4766_002  0.000 -4.95 21.04  0.39  0.00 16.47 0.665  00  01O000M000  0.583
TRP01B4767_001  0.000 -4.48 -2.23  0.00  0.00 -6.70 1.000  00  01O000M000  0.453
LEU01B4768_001  0.000 -4.14 -2.26  1.08  0.00 -5.32 1.000  00  01O000M000  0.644
MET01B4769_001  0.000 -9.51 -1.62  0.31  0.00-10.82 1.000  00  01O000M000  0.846
SER01B4770_001  0.000 -3.24 -0.54  0.40  0.00 -3.39 0.669  00  01O000M000  0.546
ILE01B4771_001  0.000 -2.59 -0.06  0.45  0.00 -2.20 1.000  00  01O000M000  0.395
ASP01B4772_001  0.000 -2.12  0.14  3.22  0.00  1.24 1.000  00  01O000M000  0.507
ASP01B4772_002  0.000 -2.12  0.14  0.50  0.00 -1.48 1.000  00  01O000M000  0.507
ASP02B4772_003  0.000 -2.08 -0.44  3.22  0.00  0.70 1.000  00  02O000M000  0.508
ASP02B4772_004  0.000 -2.08 -0.44  0.50  0.00 -2.02 1.000  00  02O000M000  0.508
ASP-1B4772_005 -1.000 -2.11 -0.38  0.50  0.00 -1.99 1.000  00  -1O000M000  0.506
VAL01B4773_001  0.000 -5.01  1.93  0.04  0.00 -3.04 1.000  00  01O000M000  0.553
LYS01B4774_001  0.000 -4.82 -2.48  1.28  0.00 -6.02 1.000  00  01O000M000  0.483
LYS+1B4774_002  1.000 -4.86 -2.49  1.28  0.00 -6.07 1.000  00  +1O000M000  0.483
TYR01B4775_001  0.000  1.19 -4.34  0.01  0.00 -3.15 1.000  00  01O000M000  0.264
TYR-1B4775_002 -1.000  1.19 -4.34  0.01  0.00 -3.15 1.000  00  -1O000M000  0.264
GLN01B4776_001  0.000 -0.98 -1.81  1.19  0.00 -1.59 0.746  00  01O000M000  0.395
GLN01B4776_002  0.000 -1.16 -1.75  1.17  0.00 -1.74 0.754  00  01R001M000  0.398
ILE01B4777_001  0.000 -1.25  4.82  0.73  0.00  4.30 1.000  00  01O000M000  0.360
TRP01B4778_001  0.000  0.80 -8.54  0.00  0.00 -7.74 1.000  00  01O000M000  0.173
LYS01B4779_001  0.000 -2.57 -0.23  1.12  0.00 -1.67 1.000  00  01O000M000  0.326
LYS+1B4779_002  1.000 -2.61 -0.23  1.12  0.00 -1.72 1.000  00  +1O000M000  0.326
PHE01B4780_001  0.000 -0.76 -5.33  0.02  0.00 -6.07 1.000  00  01O000M000  0.411
VAL01B4782_001  0.000 -1.94  2.77  0.40  0.00  1.23 1.000  00  01O000M000  0.299
ILE01B4783_001  0.000 -1.47  3.40  0.55  0.00  2.49 1.000  00  01O000M000  0.336
PHE01B4784_001  0.000 -2.64  0.84  0.49  0.00 -1.31 1.000  00  01O000M000  0.497
THR01B4785_001  0.000 -3.38 13.82  0.72  0.00 11.16 0.670  00  01O000M000  0.416
THR01B4785_002  0.000 -3.38 13.82  0.34  0.00 10.78 0.670  00  01O000M000  0.416
ASP01B4786_001  0.000 -1.92 14.85  3.65  0.00 16.59 1.000  00  01O000M000  0.522
ASP01B4786_002  0.000 -1.92 14.85  0.93  0.00 13.87 1.000  00  01O000M000  0.522
ASP02B4786_003  0.000 -1.84 20.77  3.65  0.00 22.58 1.000  00  02O000M000  0.495
ASP02B4786_004  0.000 -1.84 20.77  0.93  0.00 19.86 1.000  00  02O000M000  0.495
ASP-1B4786_005 -1.000 -1.91 14.86  0.93  0.00 13.89 1.000  00  -1O000M000  0.512
ASN01B4787_001  0.000 -3.44 -0.25  0.85  0.00 -2.84 0.750  00  01O000M000  0.786
ASN01B4787_002  0.000 -3.55  0.96  0.83  0.00 -1.76 0.750  00  01R001M000  0.780
SER01B4788_001  0.000 -4.99 -0.02  0.46  0.00 -4.55 0.665  00  01O000M000  0.834
SER01B4788_002  0.000 -4.99 -0.02  0.08  0.00 -4.92 0.665  00  01O000M000  0.834
PHE01B4789_001  0.000  0.58 -6.04  0.21  0.00 -5.24 1.000  00  01O000M000  0.341
LEU01B4790_001  0.000 -3.14  0.43  0.40  0.00 -2.31 1.000  00  01O000M000  0.435
TYR01B4791_001  0.000  1.24 -4.27  0.06  0.00 -2.97 1.000  00  01O000M000  0.298
TYR01B4791_002  0.000  1.24 -4.27  0.06  0.00 -2.97 1.000  00  01O000M000  0.298
TYR-1B4791_003 -1.000  1.24 -4.27  0.06  0.00 -2.97 1.000  00  -1O000M000  0.298
LEU01B4792_001  0.000 -3.26  2.94  1.82  0.00  1.51 1.000  00  01O000M000  0.384
TRP01B4794_001  0.000 -5.91 -4.59  0.13  0.00-10.37 1.000  00  01O000M000  0.574
TYR01B4795_001  0.000  5.05 -6.03  0.08  0.00 -0.90 1.000  00  01O000M000  0.011
TYR-1B4795_002 -1.000  5.05 -6.03  0.08  0.00 -0.90 1.000  00  -1O000M000  0.011
MET01B4796_001  0.000  2.31 -1.46  0.18  0.00  1.02 1.000  00  01O000M000  0.179
VAL01B4797_001  0.000 -3.59  1.63  0.01  0.00 -1.96 1.000  00  01O000M000  0.419
MET01B4798_001  0.000 -1.44 -4.64  1.79  0.00 -4.28 1.000  00  01O000M000  0.114
SER01B4799_001  0.000  0.00 -2.80  0.42  0.00 -2.38 0.665  00  01O000M000  0.000
SER01B4799_002  0.000  0.00 -2.80  0.42  0.00 -2.38 0.665  00  01O000M000  0.000
SER01B4799_003  0.000  0.00 -2.80  0.05  0.00 -2.75 0.665  00  01O000M000  0.000
LEU01B4800_001  0.000 -4.53 -3.21  1.79  0.00 -5.95 1.000  00  01O000M000  0.551
LEU01B4801_001  0.000 -1.50 -2.18  2.15  0.00 -1.53 1.000  00  01O000M000  0.262
HIS01B4803_001  0.000 -3.47 -5.36  0.09  0.00 -8.74 0.755  00  01O000M000  0.288
HIS01B4803_002  0.000 -3.13 -5.86  0.09  0.00 -8.90 0.745  00  01R001M000  0.262
HIS02B4803_003  0.000 -3.49 -5.37  0.09  0.00 -8.77 0.755  00  02O000M000  0.288
HIS02B4803_004  0.000 -3.14 -5.81  0.09  0.00 -8.87 0.745  00  02R001M000  0.262
HIS+1B4803_005  1.000 -3.51 -5.41  0.09  0.00 -8.83 0.755  00  +1O000M000  0.288
HIS+1B4803_006  1.000 -3.17 -5.94  0.09  0.00 -9.02 0.745  00  +1R001M000  0.262
TYR01B4804_001  0.000 -4.13 -0.11  0.40  0.00 -3.84 1.000  00  01O000M000  0.590
TYR-1B4804_002 -1.000 -4.13 -0.11  0.40  0.00 -3.84 1.000  00  -1O000M000  0.590
ASN01B4805_001  0.000 -1.95  0.91  0.47  0.00 -0.58 0.750  00  01O000M000  0.448
ASN01B4805_002  0.000 -1.92  2.16  0.47  0.00  0.71 0.750  00  01R001M000  0.419
ASN01B4806_001  0.000 -1.33  0.70  1.51  0.00  0.88 0.751  00  01O000M000  0.374
ASN01B4806_002  0.000 -1.47  1.63  1.52  0.00  1.68 0.749  00  01R001M000  0.355
PHE01B4807_001  0.000 -6.42 -1.54  0.02  0.00 -7.94 1.000  00  01O000M000  0.818
PHE01B4808_001  0.000  1.01 -3.58  0.09  0.00 -2.49 1.000  00  01O000M000  0.306
PHE01B4809_001  0.000  4.97 -6.83  0.00  0.00 -1.85 1.000  00  01O000M000  0.027
ALA01B4810_001  0.000 -2.03 -0.35  0.00  0.00 -2.38 1.000  00  01O000M000  0.376
ALA01B4811_001  0.000 -1.49 -0.98  0.00  0.00 -2.47 1.000  00  01O000M000  0.278
HIS01B4812_001  0.000 -0.12  1.59  0.02  0.00  1.49 1.000  00  01O000M000  0.000
HIS02B4812_002  0.000 -0.14 11.12  0.02  0.00 11.01 1.000  00  02O000M000  0.000
HIS+1B4812_003  1.000 -0.17 10.93  0.02  0.00 10.79 1.000  00  +1O000M000  0.000
LEU01B4813_001  0.000  0.01 -3.25  1.21  0.00 -2.03 1.000  00  01O000M000  0.302
LEU01B4814_001  0.000 -7.11  2.73  0.40  0.00 -3.99 1.000  00  01O000M000  0.728
ASP01B4815_001  0.000  0.04 -1.33  3.57  0.00  2.28 1.000  00  01O000M000  0.070
ASP01B4815_002  0.000  0.04 -1.33  0.85  0.00 -0.44 1.000  00  01O000M000  0.070
ASP02B4815_003  0.000  0.16 -1.49  3.57  0.00  2.24 1.000  00  02O000M000  0.060
ASP02B4815_004  0.000  0.16 -1.49  0.85  0.00 -0.48 1.000  00  02O000M000  0.060
ASP-1B4815_005 -1.000  0.05 -1.44  0.85  0.00 -0.54 1.000  00  -1O000M000  0.060
ILE01B4816_001  0.000  1.30 -3.58  0.82  0.00 -1.46 1.000  00  01O000M000  0.088
CTR01B4816_001  0.000 -2.51 -0.93  2.72  0.00 -0.72 1.000  00  01O000M000  0.239
CTR01B4816_002  0.000 -2.44 -1.18  0.00  0.00 -3.62 1.000  00  01O000M000  0.243
CTR02B4816_003  0.000 -2.45 -1.28  2.72  0.00 -1.01 1.000  00  02O000M000  0.234
CTR02B4816_004  0.000 -2.49 -1.23  0.00  0.00 -3.72 1.000  00  02O000M000  0.241
CTR-1B4816_005 -1.000 -2.43 -1.11  0.00  0.00 -3.55 1.000  00  -1O000M000  0.237
NTR01B4818_001  0.000 -1.21 -0.10  0.00  0.00 -1.31 1.000  00  01O000M000  0.126
NTR+1B4818_002  1.000 -1.12 -0.08  0.00  0.00 -1.20 1.000  00  +1O000M000  0.116
CTR01B4818_001  0.000 -3.71  1.59  2.72  0.00  0.60 1.000  00  01O000M000  0.356
CTR01B4818_002  0.000 -3.55  1.59  0.00  0.00 -1.96 1.000  00  01O000M000  0.360
CTR02B4818_003  0.000 -3.65 14.93  2.72  0.00 14.00 1.000  00  02O000M000  0.354
CTR02B4818_004  0.000 -3.69  1.55  0.00  0.00 -2.14 1.000  00  02O000M000  0.364
CTR-1B4818_005 -1.000 -3.63  1.60  0.00  0.00 -2.03 1.000  00  -1O000M000  0.359
MET01B4818_001  0.000 -6.41 -1.62  1.89  0.00 -6.13 1.000  00  01O000M000  0.434
NTR01B4852_001  0.000 -1.87 -0.45  0.00  0.00 -2.32 1.000  00  01O000M000  0.192
NTR+1B4852_002  1.000 -1.87 -0.53  0.00  0.00 -2.39 1.000  00  +1O000M000  0.192
THR01B4852_001  0.000 -0.20 -1.82  0.38  0.00 -1.65 0.667  00  01O000M000  0.047
THR01B4852_002  0.000 -0.20 -1.82  0.38  0.00 -1.65 0.667  00  01O000M000  0.047
THR01B4852_003  0.000 -0.20 -1.82  0.00  0.00 -2.02 0.667  00  01O000M000  0.047
VAL01B4853_001  0.000 -5.03  3.62  0.20  0.00 -1.21 1.000  00  01O000M000  0.551
VAL01B4854_001  0.000 -3.06  1.33  0.01  0.00 -1.72 1.000  00  01O000M000  0.365
ALA01B4855_001  0.000 -0.46 -0.85  0.00  0.00 -1.32 1.000  00  01O000M000  0.087
PHE01B4856_001  0.000  2.58 -5.10  0.07  0.00 -2.46 1.000  00  01O000M000  0.184
ASN01B4857_001  0.000 -2.34 -1.18  0.37  0.00 -3.14 0.748  00  01O000M000  0.567
ASN01B4857_002  0.000 -2.31 -0.39  0.34  0.00 -2.36 0.752  00  01R001M000  0.522
PHE01B4858_001  0.000 -5.17  8.28  0.81  0.00  3.92 1.000  00  01O000M000  0.675
PHE01B4859_001  0.000  3.33 20.63  0.21  0.00 24.18 1.000  00  01O000M000  0.060
ARG01B4860_001  0.000 -3.70 -0.82  0.67  0.00 -3.85 1.000  00  01O000M000  0.547
ARG02B4860_002  0.000 -3.74 -0.83  0.67  0.00 -3.90 1.000  00  02O000M000  0.547
ARG03B4860_003  0.000 -3.73 -0.82  0.67  0.00 -3.88 1.000  00  03O000M000  0.547
ARG+1B4860_004  1.000 -3.78 -0.84  0.67  0.00 -3.95 1.000  00  +1O000M000  0.547
LYS01B4861_001  0.000 -2.28  0.49  1.12  0.00 -0.67 1.000  00  01O000M000  0.399
LYS+1B4861_002  1.000 -2.34  0.47  1.12  0.00 -0.74 1.000  00  +1O000M000  0.399
PHE01B4862_001  0.000  3.54  1.57  0.34  0.00  5.45 1.000  00  01O000M000  0.151
TYR01B4863_001  0.000  4.78 -0.79  0.68  0.00  4.68 1.000  00  01O000M000  0.012
TYR01B4863_002  0.000  4.78 -0.79  0.68  0.00  4.68 1.000  00  01O000M000  0.012
TYR-1B4863_003 -1.000  4.78 -0.79  0.68  0.00  4.68 1.000  00  -1O000M000  0.012
ASN01B4864_001  0.000 -1.02 -2.12  0.90  0.00 -2.25 0.000  00  01O000M000  0.287
ASN01B4864_002  0.000 -0.77 -1.38  0.88  0.00 -1.27 1.000  00  01R001M000  0.263
LYS01B4865_001  0.000  0.72  0.76  1.11  0.00  2.58 1.000  00  01O000M000  0.120
LYS+1B4865_002  1.000  0.67  0.74  1.11  0.00  2.52 1.000  00  +1O000M000  0.120
SER01B4866_001  0.000 -3.97  5.36  0.38  0.00  1.78 0.670  00  01O000M000  0.679
GLU01B4867_001  0.000  1.04 17.61  4.49  0.00 23.14 1.000  00  01O000M000  0.463
GLU01B4867_002  0.000  1.04 17.61  1.77  0.00 20.42 1.000  00  01O000M000  0.463
GLU02B4867_003  0.000  0.24 17.31  4.49  0.00 22.04 1.000  00  02O000M000  0.490
GLU02B4867_004  0.000  0.24 17.31  1.77  0.00 19.32 1.000  00  02O000M000  0.490
GLU-1B4867_005 -1.000  0.30 17.35  1.77  0.00 19.43 1.000  00  -1O000M000  0.480
ASP01B4868_001  0.000 -3.75 -1.19  3.68  0.00 -1.27 1.000  00  01O000M000  0.916
ASP01B4868_002  0.000 -3.75 -1.19  0.96  0.00 -3.99 1.000  00  01O000M000  0.916
ASP02B4868_003  0.000 -3.54 -1.24  3.68  0.00 -1.10 1.000  00  02O000M000  0.911
ASP02B4868_004  0.000 -3.54 -1.24  0.96  0.00 -3.82 1.000  00  02O000M000  0.911
ASP-1B4868_005 -1.000 -3.59 -1.23  0.96  0.00 -3.86 1.000  00  -1O000M000  0.899
GLU01B4869_001  0.000 -2.50 -0.08  3.09  0.00  0.51 1.000  00  01O000M000  0.871
GLU01B4869_002  0.000 -2.50 -0.08  0.37  0.00 -2.21 1.000  00  01O000M000  0.871
GLU02B4869_003  0.000 -2.71 -0.14  3.09  0.00  0.23 1.000  00  02O000M000  0.866
GLU02B4869_004  0.000 -2.71 -0.14  0.37  0.00 -2.49 1.000  00  02O000M000  0.866
GLU-1B4869_005 -1.000 -2.74 -0.11  0.37  0.00 -2.48 1.000  00  -1O000M000  0.862
ASP01B4870_001  0.000 -2.79 -0.12  3.17  0.00  0.26 1.000  00  01O000M000  0.669
ASP01B4870_002  0.000 -2.79 -0.12  0.45  0.00 -2.46 1.000  00  01O000M000  0.669
ASP02B4870_003  0.000 -2.80 -0.80  3.17  0.00 -0.43 1.000  00  02O000M000  0.690
ASP02B4870_004  0.000 -2.80 -0.80  0.45  0.00 -3.15 1.000  00  02O000M000  0.690
ASP-1B4870_005 -1.000 -2.79 -0.75  0.45  0.00 -3.09 1.000  00  -1O000M000  0.673
GLU01B4871_001  0.000  1.38 -6.37  3.46  0.00 -1.53 1.000  00  01O000M000  0.317
GLU01B4871_002  0.000  1.38 -6.37  0.74  0.00 -4.25 1.000  00  01O000M000  0.317
GLU02B4871_003  0.000  0.78 -6.46  3.46  0.00 -2.23 1.000  00  02O000M000  0.325
GLU02B4871_004  0.000  0.78 -6.46  0.74  0.00 -4.95 1.000  00  02O000M000  0.325
GLU-1B4871_005 -1.000  0.74 -6.45  0.74  0.00 -4.98 1.000  00  -1O000M000  0.323
CTR01B4871_001  0.000 -1.08 21.21  2.72  0.00 22.85 1.000  00  01O000M000  0.102
CTR01B4871_002  0.000 -1.04 20.95  0.00  0.00 19.91 1.000  00  01O000M000  0.109
CTR02B4871_003  0.000 -1.08 78.34  2.72  0.00 79.97 1.000  00  02O000M000  0.101
CTR02B4871_004  0.000 -1.02 23.26  0.00  0.00 22.24 1.000  00  02O000M000  0.101
CTR-1B4871_005 -1.000 -1.06 21.16  0.00  0.00 20.10 1.000  00  -1O000M000  0.102
NTR01B4872_001  0.000 -0.64250.68  0.00  0.00250.05 1.000  00  01O000M000  0.064
NTR+1B4872_002  1.000 -0.64376.70  0.00  0.00376.06 1.000  00  +1O000M000  0.064
PRO01B4872_001  0.000 -5.51 -0.29  0.00  0.00 -5.80 1.000  00  01O000M000  0.647
ASP01B4873_001  0.000 -1.78  0.16  3.09  0.00  1.47 1.000  00  01O000M000  0.404
ASP01B4873_002  0.000 -1.78  0.16  0.37  0.00 -1.25 1.000  00  01O000M000  0.404
ASP02B4873_003  0.000 -1.76 -0.45  3.09  0.00  0.89 1.000  00  02O000M000  0.415
ASP02B4873_004  0.000 -1.76 -0.45  0.37  0.00 -1.83 1.000  00  02O000M000  0.415
ASP-1B4873_005 -1.000 -1.73 -0.39  0.37  0.00 -1.74 1.000  00  -1O000M000  0.412
MET01B4874_001  0.000 -0.23 -6.91  0.56  0.00 -6.59 1.000  00  01O000M000  0.138
LYS01B4875_001  0.000 -0.31 -0.07  1.27  0.00  0.89 1.000  00  01O000M000  0.153
LYS+1B4875_002  1.000 -0.38 -0.10  1.27  0.00  0.79 1.000  00  +1O000M000  0.153
CYS01B4876_001  0.000 -0.00  0.43  1.44  0.00  1.87 1.000  00  01O000M000  0.000
CYS01B4876_002  0.000 -0.00  0.49  1.44  0.00  1.93 1.000  00  01O000M000  0.000
CYS01B4876_003  0.000 -0.00  0.70  1.44  0.00  2.14 1.000  00  01O000M000  0.000
CYS-1B4876_004 -1.000  0.00  0.59  1.44  0.00  2.03 1.000  00  -1O000M000  0.000
ASP01B4877_001  0.000 -1.74 -1.27  3.03  0.00  0.01 1.000  00  01O000M000  0.410
ASP01B4877_002  0.000 -1.74 -1.27  0.31  0.00 -2.71 1.000  00  01O000M000  0.410
ASP02B4877_003  0.000 -1.57 -1.80  3.03  0.00 -0.34 1.000  00  02O000M000  0.385
ASP02B4877_004  0.000 -1.57 -1.80  0.31  0.00 -3.06 1.000  00  02O000M000  0.385
ASP-1B4877_005 -1.000 -1.57 -1.89  0.31  0.00 -3.16 1.000  00  -1O000M000  0.387
ASP01B4878_001  0.000 -1.99 73.62  2.97  0.00 74.60 1.000  00  01O000M000  0.425
ASP01B4878_002  0.000 -1.99 73.62  0.25  0.00 71.88 1.000  00  01O000M000  0.425
ASP02B4878_003  0.000 -2.07 57.73  2.97  0.00 58.63 1.000  00  02O000M000  0.449
ASP02B4878_004  0.000 -2.07 57.73  0.25  0.00 55.91 1.000  00  02O000M000  0.449
ASP-1B4878_005 -1.000 -1.99 57.81  0.25  0.00 56.07 1.000  00  -1O000M000  0.437
MET01B4879_001  0.000 -5.25 -2.26  0.31  0.00 -7.20 1.000  00  01O000M000  0.447
MET01B4880_001  0.000 -8.46 -1.06  0.65  0.00 -8.87 1.000  00  01O000M000  0.887
THR01B4881_001  0.000 -1.65 -1.99  0.41  0.00 -3.24 0.664  00  01O000M000  0.224
THR01B4881_002  0.000 -1.65 -1.99  0.41  0.00 -3.24 0.664  00  01O000M000  0.224
THR01B4881_003  0.000 -1.65 -1.99  0.03  0.00 -3.62 0.664  00  01O000M000  0.224
CYS01B4882_001  0.000 -0.00 -4.11  0.08  0.00 -4.04 1.000  00  01O000M000  0.000
CYS01B4882_002  0.000 -0.00 -4.09  0.08  0.00 -4.02 1.000  00  01O000M000  0.000
CYS01B4882_003  0.000 -0.00 -4.14  0.08  0.00 -4.06 1.000  00  01O000M000  0.000
CYS-1B4882_004 -1.000  0.00 -4.03  0.08  0.00 -3.96 1.000  00  -1O000M000  0.000
TYR01B4883_001  0.000 -3.03 -3.20  0.19  0.00 -6.04 1.000  00  01O000M000  0.536
TYR01B4883_002  0.000 -3.03 -3.20  0.19  0.00 -6.04 1.000  00  01O000M000  0.536
TYR-1B4883_003 -1.000 -3.03 -3.20  0.19  0.00 -6.04 1.000  00  -1O000M000  0.536
LEU01B4884_001  0.000 -5.89 -1.24  0.47  0.00 -6.66 1.000  00  01O000M000  0.669
PHE01B4885_001  0.000  2.96 -2.42  0.03  0.00  0.57 1.000  00  01O000M000  0.151
HIS01B4886_001  0.000 -1.70  6.95  0.25  0.00  5.50 0.000  00  01O000M000  0.135
HIS01B4886_002  0.000 -1.74 -4.71  0.25  0.00 -6.20 1.000  00  01R001M000  0.139
HIS02B4886_003  0.000 -1.72  6.97  0.25  0.00  5.50 0.000  00  02O000M000  0.135
HIS02B4886_004  0.000 -1.75 -4.86  0.25  0.00 -6.36 1.000  00  02R001M000  0.139
HIS+1B4886_005  1.000 -1.74  6.92  0.25  0.00  5.42 0.000  00  +1O000M000  0.135
HIS+1B4886_006  1.000 -1.78 -4.88  0.25  0.00 -6.41 1.000  00  +1R001M000  0.139
MET01B4887_001  0.000 -3.95 -2.95  0.13  0.00 -6.77 1.000  00  01O000M000  0.414
CTR01B4887_001  0.000 -4.22 -1.00  2.72  0.00 -2.50 1.000  00  01O000M000  0.406
CTR01B4887_002  0.000 -4.04 -1.24  0.00  0.00 -5.28 1.000  00  01O000M000  0.402
CTR02B4887_003  0.000 -4.03 -1.11  2.72  0.00 -2.42 1.000  00  02O000M000  0.392
CTR02B4887_004  0.000 -4.14 -1.29  0.00  0.00 -5.43 1.000  00  02O000M000  0.405
CTR-1B4887_005 -1.000 -4.01 -1.18  0.00  0.00 -5.18 1.000  00  -1O000M000  0.394
NTR01B4897_001  0.000 -2.20  0.79  0.00  0.00 -1.41 1.000  00  01O000M000  0.224
NTR+1B4897_002  1.000 -2.20  0.71  0.00  0.00 -1.50 1.000  00  +1O000M000  0.224
ILE01B4897_001  0.000 -1.12 -0.48  1.80  0.00  0.21 1.000  00  01O000M000  0.215
ASP01B4899_001  0.000 -3.33  0.75  2.99  0.00  0.41 1.000  00  01O000M000  0.778
ASP01B4899_002  0.000 -3.33  0.75  0.27  0.00 -2.31 1.000  00  01O000M000  0.778
ASP02B4899_003  0.000 -3.20  0.21  2.99  0.00  0.00 1.000  00  02O000M000  0.772
ASP02B4899_004  0.000 -3.20  0.21  0.27  0.00 -2.72 1.000  00  02O000M000  0.772
ASP-1B4899_005 -1.000 -3.20  0.25  0.27  0.00 -2.69 1.000  00  -1O000M000  0.764
GLU01B4900_001  0.000  1.10 -0.93  4.04  0.00  4.20 1.000  00  01O000M000  0.492
GLU01B4900_002  0.000  1.10 -0.93  1.32  0.00  1.48 1.000  00  01O000M000  0.492
GLU02B4900_003  0.000  0.27 -1.51  4.04  0.00  2.79 1.000  00  02O000M000  0.500
GLU02B4900_004  0.000  0.27 -1.51  1.32  0.00  0.07 1.000  00  02O000M000  0.500
GLU-1B4900_005 -1.000  0.32 -1.46  1.32  0.00  0.17 1.000  00  -1O000M000  0.494
ILE01B4901_001  0.000  3.59 -1.66  1.03  0.00  2.96 1.000  00  01O000M000  0.074
GLU01B4902_001  0.000  1.47 -0.72  3.20  0.00  3.94 1.000  00  01O000M000  0.358
GLU01B4902_002  0.000  1.47 -0.72  0.48  0.00  1.22 1.000  00  01O000M000  0.358
GLU02B4902_003  0.000  0.92 -0.55  3.20  0.00  3.57 1.000  00  02O000M000  0.349
GLU02B4902_004  0.000  0.92 -0.55  0.48  0.00  0.85 1.000  00  02O000M000  0.349
GLU-1B4902_005 -1.000  0.82 -0.65  0.48  0.00  0.65 1.000  00  -1O000M000  0.353
ASP01B4903_001  0.000 -3.15 -0.14  2.84  0.00 -0.46 1.000  00  01O000M000  0.711
ASP01B4903_002  0.000 -3.15 -0.14  0.12  0.00 -3.18 1.000  00  01O000M000  0.711
ASP02B4903_003  0.000 -3.21 -0.75  2.84  0.00 -1.13 1.000  00  02O000M000  0.752
ASP02B4903_004  0.000 -3.21 -0.75  0.12  0.00 -3.85 1.000  00  02O000M000  0.752
ASP-1B4903_005 -1.000 -3.12 -0.70  0.12  0.00 -3.70 1.000  00  -1O000M000  0.728
PRO01B4904_001  0.000 -1.38  0.65  0.00  0.00 -0.73 1.000  00  01O000M000  0.173
ALA01B4905_001  0.000 -3.26  0.29  0.00  0.00 -2.97 1.000  00  01O000M000  0.623
ASP01B4907_001  0.000 -3.26999.00  2.97  0.00999.00 1.000  00  01O000M000  0.709
ASP01B4907_002  0.000 -3.26264.53  0.25  0.00261.51 1.000  00  01O000M000  0.709
ASP02B4907_003  0.000 -3.37212.81  2.97  0.00212.40 1.000  00  02O000M000  0.736
ASP02B4907_004  0.000 -3.37212.81  0.25  0.00209.68 1.000  00  02O000M000  0.736
ASP-1B4907_005 -1.000 -3.26212.86  0.25  0.00209.84 1.000  00  -1O000M000  0.723
GLU01B4908_001  0.000 -2.02  1.10  3.22  0.00  2.30 1.000  00  01O000M000  0.542
GLU01B4908_002  0.000 -2.02  1.10  0.50  0.00 -0.42 1.000  00  01O000M000  0.542
GLU02B4908_003  0.000 -1.94  1.10  3.22  0.00  2.38 1.000  00  02O000M000  0.562
GLU02B4908_004  0.000 -1.94  1.10  0.50  0.00 -0.34 1.000  00  02O000M000  0.562
GLU-1B4908_005 -1.000 -2.08  1.12  0.50  0.00 -0.46 1.000  00  -1O000M000  0.558
TYR01B4909_001  0.000 -3.48  4.81  0.28  0.00  1.60 1.000  00  01O000M000  0.548
TYR-1B4909_002 -1.000 -3.48  4.81  0.28  0.00  1.60 1.000  00  -1O000M000  0.548
GLU01B4910_001  0.000 -1.27999.00  3.22  0.00999.00 1.000  00  01O000M000  0.374
GLU01B4910_002  0.000 -1.27999.00  0.50  0.00999.00 1.000  00  01O000M000  0.374
GLU02B4910_003  0.000 -1.07999.00  3.22  0.00999.00 1.000  00  02O000M000  0.369
GLU02B4910_004  0.000 -1.07999.00  0.50  0.00999.00 1.000  00  02O000M000  0.369
GLU-1B4910_005 -1.000 -1.19999.00  0.50  0.00999.00 1.000  00  -1O000M000  0.359
LEU01B4911_001  0.000 -4.39 -1.93  0.84  0.00 -5.49 1.000  00  01O000M000  0.728
TYR01B4912_001  0.000 -3.00 -3.43  0.03  0.00 -6.40 1.000  00  01O000M000  0.511
TYR-1B4912_002 -1.000 -3.00 -3.43  0.03  0.00 -6.40 1.000  00  -1O000M000  0.511
ARG01B4913_001  0.000  3.67 -7.22  0.77  0.00 -2.77 1.000  00  01O000M000  0.049
ARG02B4913_002  0.000  3.65 -7.16  0.77  0.00 -2.75 1.000  00  02O000M000  0.049
ARG03B4913_003  0.000  3.56 -7.23  0.77  0.00 -2.90 1.000  00  03O000M000  0.049
ARG+1B4913_004  1.000  3.61 -7.25  0.77  0.00 -2.87 1.000  00  +1O000M000  0.049
VAL01B4914_001  0.000 -4.65  0.19  0.18  0.00 -4.28 1.000  00  01O000M000  0.529
VAL01B4915_001  0.000 -5.91  0.15  0.19  0.00 -5.57 1.000  00  01O000M000  0.652
PHE01B4916_001  0.000  0.42 -4.37  0.00  0.00 -3.95 1.000  00  01O000M000  0.328
ASP01B4917_001  0.000 -1.34  0.26  3.64  0.00  2.56 1.000  00  01O000M000  0.354
ASP01B4917_002  0.000 -1.34  0.26  0.92  0.00 -0.16 1.000  00  01O000M000  0.354
ASP02B4917_003  0.000 -1.29 -0.68  3.64  0.00  1.68 1.000  00  02O000M000  0.352
ASP02B4917_004  0.000 -1.29 -0.68  0.92  0.00 -1.04 1.000  00  02O000M000  0.352
ASP-1B4917_005 -1.000 -1.34 -0.65  0.92  0.00 -1.06 1.000  00  -1O000M000  0.357
CTR01B4917_001  0.000 -3.68 -1.43  2.72  0.00 -2.39 1.000  00  01O000M000  0.352
CTR01B4917_002  0.000 -3.68 -1.68  0.00  0.00 -5.36 1.000  00  01O000M000  0.364
CTR02B4917_003  0.000 -3.74 -1.77  2.72  0.00 -2.78 1.000  00  02O000M000  0.360
CTR02B4917_004  0.000 -3.78 -1.72  0.00  0.00 -5.50 1.000  00  02O000M000  0.367
CTR-1B4917_005 -1.000 -3.72 -1.62  0.00  0.00 -5.33 1.000  00  -1O000M000  0.361
NTR01B4970_001  0.000 -3.52  0.00  0.00  0.00 -3.52 1.000  00  01O000M000  0.360
NTR01B4970_002  0.000 -3.36  0.00  0.00  0.00 -3.36 1.000  00  01O000M000  0.342
NTR+1B4970_003  1.000 -3.52  0.00  0.00  0.00 -3.52 1.000  00  +1O000M000  0.360
CTR01B4970_001  0.000 -5.88  0.00  2.72  0.00 -3.16 1.000  00  01O000M000  0.561
CTR01B4970_002  0.000 -5.68  0.00  0.00  0.00 -5.68 1.000  00  01O000M000  0.557
CTR02B4970_003  0.000 -5.69  0.00  2.72  0.00 -2.97 1.000  00  02O000M000  0.552
CTR02B4970_004  0.000 -5.63  0.00  0.00  0.00 -5.63 1.000  00  02O000M000  0.552
CTR-1B4970_005 -1.000 -5.65  0.00  0.00  0.00 -5.65 1.000  00  -1O000M000  0.551
THR01B4970_001  0.000 -7.98  0.00  0.55  0.00 -7.42 0.661  00  01O000M000  0.656
THR01B4970_002  0.000 -7.98  0.00  0.55  0.00 -7.42 0.661  00  01O000M000  0.656
THR01B4970_003  0.000 -7.98  0.00  0.18  0.00 -7.80 0.661  00  01O000M000  0.656
NTR01B4975_001  0.000 -3.73  0.00  0.00  0.00 -3.73 1.000  00  01O000M000  0.376
NTR01B4975_002  0.000 -3.69  0.00  0.00  0.00 -3.69 1.000  00  01O000M000  0.372
NTR+1B4975_003  1.000 -3.73  0.00  0.00  0.00 -3.73 1.000  00  +1O000M000  0.376
CTR01B4975_001  0.000 -5.15  0.00  2.72  0.00 -2.43 1.000  00  01O000M000  0.499
CTR01B4975_002  0.000 -5.12  0.00  0.00  0.00 -5.12 1.000  00  01O000M000  0.508
CTR02B4975_003  0.000 -5.19  0.00  2.72  0.00 -2.47 1.000  00  02O000M000  0.502
CTR02B4975_004  0.000 -5.26  0.00  0.00  0.00 -5.26 1.000  00  02O000M000  0.512
CTR-1B4975_005 -1.000 -5.15  0.00  0.00  0.00 -5.15 1.000  00  -1O000M000  0.504
PHE01B4975_001  0.000 -7.49  0.00  0.03  0.00 -7.46 1.000  00  01O000M000  0.772
_CA+2B5102_001  2.000 -6.42  0.00  0.00  0.00 -6.42 0.749  00  +2O000M000  0.779
_CADMB5102_002  0.000  0.00  0.00  0.00  0.00  0.00 0.749  00  DMO000M000   -nan
