  pH           0     1     2     3     4     5     6     7     8     9    10    11    12    13    14
NTR+B3639_  1.00  1.00  1.00  1.00  1.00  1.00  0.98  0.85  0.39  0.06  0.01  0.00  0.00  0.00  0.00
TYR-B3642_ -0.00 -0.00 -0.00 -0.00 -0.00 -0.00 -0.00 -0.00 -0.01 -0.12 -0.56 -0.92 -0.99 -1.00 -1.00
HIS+B3647_  1.00  1.00  1.00  1.00  0.98  0.87  0.42  0.07  0.01  0.00  0.00  0.00  0.00  0.00  0.00
ARG+B3648_  1.00  1.00  1.00  1.00  1.00  1.00  1.00  1.00  1.00  1.00  1.00  0.99  0.95  0.64  0.15
CYS-B3650_ -0.00 -0.00 -0.00 -0.00 -0.00 -0.00 -0.00 -0.02 -0.18 -0.69 -0.95 -0.99 -1.00 -1.00 -1.00
GLU-B3655_ -0.00 -0.00 -0.01 -0.06 -0.33 -0.80 -0.97 -1.00 -1.00 -1.00 -1.00 -1.00 -1.00 -1.00 -1.00
TYR-B3657_ -0.00 -0.00 -0.00 -0.00 -0.00 -0.00 -0.00 -0.00 -0.00 -0.00 -0.04 -0.29 -0.79 -0.97 -1.00
LYS+B3658_  1.00  1.00  1.00  1.00  1.00  1.00  1.00  1.00  1.00  0.99  0.92  0.58  0.14  0.02  0.00
GLU-B3665_ -0.02 -0.10 -0.35 -0.71 -0.92 -0.98 -0.99 -1.00 -1.00 -1.00 -1.00 -1.00 -1.00 -1.00 -1.00
ASP-B3666_ -0.01 -0.12 -0.49 -0.87 -0.98 -1.00 -1.00 -1.00 -1.00 -1.00 -1.00 -1.00 -1.00 -1.00 -1.00
HIS+B3667_  1.00  1.00  1.00  1.00  1.00  1.00  0.99  0.96  0.83  0.41  0.08  0.01  0.00  0.00  0.00
GLU-B3670_ -0.00 -0.00 -0.01 -0.02 -0.04 -0.11 -0.38 -0.79 -0.95 -0.99 -1.00 -1.00 -1.00 -1.00 -1.00
ASP-B3671_ -0.03 -0.17 -0.54 -0.85 -0.93 -0.97 -0.98 -0.99 -1.00 -1.00 -1.00 -1.00 -1.00 -1.00 -1.00
ARG+B3672_  1.00  1.00  1.00  1.00  1.00  1.00  1.00  1.00  1.00  1.00  1.00  1.00  0.98  0.87  0.41
ASP-B3675_ -0.00 -0.00 -0.01 -0.02 -0.03 -0.06 -0.13 -0.44 -0.83 -0.96 -0.99 -1.00 -1.00 -1.00 -1.00
ASP-B3676_ -0.00 -0.00 -0.01 -0.04 -0.23 -0.65 -0.93 -0.98 -1.00 -1.00 -1.00 -1.00 -1.00 -1.00 -1.00
LYS+B3679_  1.00  1.00  1.00  1.00  1.00  1.00  1.00  1.00  1.00  1.00  0.97  0.79  0.30  0.05  0.01
GLU-B3682_ -0.00 -0.00 -0.02 -0.14 -0.44 -0.78 -0.95 -0.99 -1.00 -1.00 -1.00 -1.00 -1.00 -1.00 -1.00
GLU-B3684_ -0.00 -0.00 -0.01 -0.05 -0.22 -0.58 -0.87 -0.98 -1.00 -1.00 -1.00 -1.00 -1.00 -1.00 -1.00
GLU-B3685_ -0.00 -0.00 -0.00 -0.07 -0.33 -0.75 -0.95 -1.00 -1.00 -1.00 -1.00 -1.00 -1.00 -1.00 -1.00
GLU-B3686_ -0.00 -0.00 -0.02 -0.17 -0.57 -0.87 -0.97 -1.00 -1.00 -1.00 -1.00 -1.00 -1.00 -1.00 -1.00
GLU-B3687_ -0.00 -0.00 -0.00 -0.02 -0.09 -0.24 -0.58 -0.89 -0.99 -1.00 -1.00 -1.00 -1.00 -1.00 -1.00
GLU-B3688_ -0.00 -0.00 -0.00 -0.03 -0.19 -0.62 -0.92 -0.99 -1.00 -1.00 -1.00 -1.00 -1.00 -1.00 -1.00
GLU-B3689_ -0.00 -0.00 -0.00 -0.02 -0.15 -0.47 -0.85 -0.98 -1.00 -1.00 -1.00 -1.00 -1.00 -1.00 -1.00
GLU-B3691_ -0.00 -0.00 -0.00 -0.02 -0.13 -0.49 -0.89 -0.98 -1.00 -1.00 -1.00 -1.00 -1.00 -1.00 -1.00
GLU-B3692_ -0.00 -0.00 -0.01 -0.06 -0.31 -0.71 -0.94 -0.99 -1.00 -1.00 -1.00 -1.00 -1.00 -1.00 -1.00
LYS+B3693_  1.00  1.00  1.00  1.00  1.00  1.00  1.00  1.00  1.00  1.00  0.98  0.87  0.49  0.11  0.02
LYS+B3694_  1.00  1.00  1.00  1.00  1.00  1.00  1.00  1.00  1.00  1.00  1.00  1.00  0.99  0.91  0.55
ASP-B3696_ -0.25 -0.74 -0.95 -0.98 -0.99 -1.00 -1.00 -1.00 -1.00 -1.00 -1.00 -1.00 -1.00 -1.00 -1.00
HIS+B3699_  1.00  0.98  0.92  0.68  0.30  0.08  0.02  0.00  0.00  0.00  0.00  0.00  0.00  0.00  0.00
HIS+B3704_  1.00  1.00  1.00  1.00  1.00  0.97  0.79  0.33  0.07  0.00  0.00  0.00  0.00  0.00  0.00
ARG+B3707_  1.00  1.00  1.00  1.00  1.00  1.00  1.00  1.00  1.00  1.00  1.00  0.98  0.91  0.56  0.15
GLU-B3712_ -0.00 -0.00 -0.02 -0.13 -0.55 -0.91 -0.99 -1.00 -1.00 -1.00 -1.00 -1.00 -1.00 -1.00 -1.00
LYS+B3713_  1.00  1.00  1.00  1.00  1.00  1.00  1.00  1.00  1.00  0.99  0.88  0.51  0.14  0.02  0.00
LYS+B3715_  1.00  1.00  1.00  1.00  1.00  1.00  1.00  1.00  1.00  0.99  0.92  0.61  0.19  0.03  0.00
ASP-B3717_ -0.03 -0.25 -0.73 -0.96 -0.99 -1.00 -1.00 -1.00 -1.00 -1.00 -1.00 -1.00 -1.00 -1.00 -1.00
GLU-B3718_ -0.00 -0.01 -0.03 -0.16 -0.51 -0.87 -0.98 -1.00 -1.00 -1.00 -1.00 -1.00 -1.00 -1.00 -1.00
ASP-B3719_ -0.00 -0.00 -0.00 -0.00 -0.00 -0.00 -0.00 -0.00 -0.00 -0.00 -0.00 -0.01 -0.06 -0.26 -0.73
TYR-B3720_ -0.00 -0.00 -0.00 -0.00 -0.00 -0.00 -0.00 -0.00 -0.00 -0.02 -0.15 -0.57 -0.90 -0.98 -1.00
TYR-B3722_ -0.00 -0.00 -0.00 -0.00 -0.00 -0.00 -0.00 -0.00 -0.00 -0.00 -0.00 -0.00 -0.00 -0.00 -0.00
TYR-B3725_ -0.00 -0.00 -0.00 -0.00 -0.00 -0.00 -0.00 -0.00 -0.00 -0.00 -0.05 -0.28 -0.71 -0.95 -0.99
ASP-B3727_ -0.01 -0.04 -0.13 -0.29 -0.56 -0.82 -0.95 -0.98 -1.00 -1.00 -1.00 -1.00 -1.00 -1.00 -1.00
LYS+B3731_  1.00  1.00  1.00  1.00  1.00  1.00  1.00  1.00  1.00  1.00  1.00  1.00  0.98  0.89  0.52
CYS-B3733_ -0.00 -0.00 -0.00 -0.00 -0.00 -0.00 -0.00 -0.00 -0.00 -0.00 -0.00 -0.00 -0.00 -0.00 -0.00
HIS+B3734_  0.86  0.48  0.23  0.15  0.09  0.04  0.02  0.00  0.00  0.00  0.00  0.00  0.00  0.00  0.00
GLU-B3736_ -0.00 -0.00 -0.00 -0.00 -0.00 -0.00 -0.00 -0.00 -0.00 -0.00 -0.00 -0.00 -0.00 -0.00 -0.00
GLU-B3737_ -0.00 -0.00 -0.00 -0.00 -0.00 -0.00 -0.00 -0.00 -0.02 -0.08 -0.23 -0.54 -0.82 -0.94 -0.98
GLU-B3740_ -0.00 -0.00 -0.00 -0.00 -0.00 -0.00 -0.00 -0.00 -0.00 -0.00 -0.02 -0.06 -0.18 -0.50 -0.82
CTR-B3741_ -0.00 -0.01 -0.04 -0.14 -0.39 -0.72 -0.93 -0.99 -1.00 -1.00 -1.00 -1.00 -1.00 -1.00 -1.00
NTR+B3747_  1.00  1.00  1.00  1.00  1.00  1.00  0.98  0.85  0.42  0.08  0.01  0.00  0.00  0.00  0.00
GLU-B3747_ -0.00 -0.00 -0.02 -0.11 -0.35 -0.70 -0.91 -0.98 -1.00 -1.00 -1.00 -1.00 -1.00 -1.00 -1.00
GLU-B3748_ -0.00 -0.00 -0.01 -0.07 -0.20 -0.49 -0.75 -0.93 -0.99 -1.00 -1.00 -1.00 -1.00 -1.00 -1.00
GLU-B3750_ -0.00 -0.00 -0.02 -0.07 -0.24 -0.45 -0.74 -0.94 -0.99 -1.00 -1.00 -1.00 -1.00 -1.00 -1.00
GLU-B3754_ -0.02 -0.13 -0.46 -0.75 -0.89 -0.95 -0.98 -0.99 -1.00 -1.00 -1.00 -1.00 -1.00 -1.00 -1.00
GLU-B3755_ -1.00 -1.00 -1.00 -1.00 -1.00 -1.00 -1.00 -1.00 -1.00 -1.00 -1.00 -1.00 -1.00 -1.00 -1.00
LYS+B3756_  1.00  1.00  1.00  1.00  1.00  1.00  1.00  1.00  1.00  1.00  1.00  1.00  0.98  0.93  0.78
GLU-B3757_ -0.00 -0.01 -0.01 -0.02 -0.06 -0.17 -0.41 -0.75 -0.94 -0.99 -1.00 -1.00 -1.00 -1.00 -1.00
GLU-B3759_ -0.00 -0.00 -0.00 -0.00 -0.00 -0.00 -0.00 -0.00 -0.00 -0.00 -0.00 -0.00 -0.00 -0.00 -0.00
LYS+B3760_  1.00  1.00  1.00  1.00  1.00  1.00  1.00  1.00  0.99  0.97  0.88  0.60  0.24  0.08  0.03
ARG+B3762_  1.00  1.00  1.00  1.00  1.00  1.00  1.00  1.00  1.00  1.00  1.00  1.00  1.00  1.00  1.00
TYR-B3765_ -0.00 -0.00 -0.00 -0.00 -0.00 -0.00 -0.00 -0.00 -0.00 -0.00 -0.00 -0.00 -0.00 -0.01 -0.05
ARG+B3769_  1.00  1.00  1.00  1.00  1.00  1.00  1.00  1.00  1.00  1.00  1.00  1.00  1.00  1.00  1.00
HIS+B3771_  1.00  1.00  1.00  1.00  1.00  1.00  0.98  0.93  0.65  0.20  0.04  0.01  0.00  0.00  0.00
ARG+B3773_  1.00  1.00  1.00  1.00  1.00  1.00  1.00  1.00  1.00  1.00  1.00  0.99  0.99  0.98  0.92
GLU-B3777_ -0.00 -0.00 -0.00 -0.00 -0.00 -0.00 -0.00 -0.00 -0.00 -0.00 -0.00 -0.00 -0.00 -0.00 -0.01
CTR-B3778_ -0.03 -0.04 -0.04 -0.03 -0.03 -0.04 -0.05 -0.06 -0.14 -0.36 -0.72 -0.88 -0.95 -0.98 -1.00
NTR+B3780_  0.04  0.04  0.04  0.03  0.03  0.04  0.04  0.04  0.04  0.02  0.01  0.01  0.00  0.00  0.00
CYS-B3786_ -0.00 -0.00 -0.00 -0.00 -0.00 -0.00 -0.00 -0.00 -0.00 -0.00 -0.00 -0.00 -0.00 -0.00 -0.01
LYS+B3787_  1.00  1.00  1.00  1.00  1.00  1.00  1.00  1.00  1.00  0.99  0.94  0.66  0.23  0.03  0.00
GLU-B3789_ -0.00 -0.02 -0.14 -0.53 -0.86 -0.97 -0.99 -1.00 -1.00 -1.00 -1.00 -1.00 -1.00 -1.00 -1.00
LYS+B3799_  1.00  1.00  1.00  1.00  1.00  1.00  1.00  1.00  1.00  1.00  1.00  1.00  1.00  0.99  0.95
GLU-B3811_ -0.01 -0.07 -0.28 -0.63 -0.88 -0.97 -0.99 -1.00 -1.00 -1.00 -1.00 -1.00 -1.00 -1.00 -1.00
CTR-B3813_ -0.21 -0.32 -0.28 -0.27 -0.25 -0.23 -0.19 -0.19 -0.23 -0.43 -0.74 -0.82 -0.88 -0.96 -0.98
NTR+B3815_  0.76  0.63  0.52  0.43  0.33  0.25  0.19  0.17  0.15  0.12  0.09  0.08  0.05  0.02  0.00
LYS+B3815_  1.00  1.00  1.00  1.00  1.00  1.00  1.00  1.00  0.98  0.91  0.67  0.27  0.07  0.02  0.01
CTR-B3816_ -0.13 -0.26 -0.47 -0.61 -0.78 -0.86 -0.91 -0.92 -0.93 -0.90 -0.87 -0.88 -0.91 -0.95 -0.97
NTR+B3818_  0.97  0.95  0.93  0.92  0.94  0.94  0.94  0.93  0.92  0.85  0.74  0.61  0.41  0.19  0.08
ASP-B3818_ -0.01 -0.04 -0.17 -0.47 -0.78 -0.92 -0.98 -1.00 -1.00 -1.00 -1.00 -1.00 -1.00 -1.00 -1.00
TYR-B3819_ -0.00 -0.00 -0.00 -0.00 -0.00 -0.00 -0.00 -0.00 -0.00 -0.00 -0.00 -0.01 -0.03 -0.12 -0.43
CTR-B3819_ -0.00 -0.01 -0.02 -0.05 -0.09 -0.18 -0.47 -0.85 -0.97 -0.99 -1.00 -1.00 -1.00 -1.00 -1.00
NTR+B3822_  1.00  1.00  1.00  1.00  1.00  1.00  1.00  1.00  1.00  1.00  1.00  0.99  0.96  0.85  0.62
CTR-B3822_ -0.00 -0.02 -0.13 -0.47 -0.78 -0.91 -0.97 -0.99 -1.00 -1.00 -1.00 -1.00 -1.00 -1.00 -1.00
ASP-B3822_ -0.00 -0.00 -0.03 -0.11 -0.25 -0.58 -0.88 -0.98 -1.00 -1.00 -1.00 -1.00 -1.00 -1.00 -1.00
NTR+B3836_  1.00  1.00  1.00  0.99  0.96  0.83  0.48  0.13  0.03  0.01  0.00  0.00  0.00  0.00  0.00
CYS-B3839_ -0.00 -0.00 -0.00 -0.00 -0.00 -0.00 -0.00 -0.00 -0.00 -0.00 -0.00 -0.00 -0.00 -0.00 -0.00
ASP-B3843_ -0.00 -0.00 -0.02 -0.08 -0.35 -0.73 -0.93 -0.99 -1.00 -1.00 -1.00 -1.00 -1.00 -1.00 -1.00
GLU-B3848_ -0.00 -0.00 -0.00 -0.01 -0.04 -0.18 -0.56 -0.92 -0.98 -1.00 -1.00 -1.00 -1.00 -1.00 -1.00
ARG+B3849_  1.00  1.00  1.00  1.00  1.00  1.00  1.00  1.00  1.00  1.00  1.00  0.99  0.91  0.54  0.12
LYS+B3852_  1.00  1.00  1.00  1.00  1.00  1.00  1.00  1.00  1.00  0.98  0.87  0.45  0.09  0.01  0.00
GLU-B3854_ -0.00 -0.00 -0.02 -0.07 -0.24 -0.61 -0.91 -0.98 -1.00 -1.00 -1.00 -1.00 -1.00 -1.00 -1.00
GLU-B3861_ -0.00 -0.00 -0.01 -0.08 -0.44 -0.86 -0.97 -1.00 -1.00 -1.00 -1.00 -1.00 -1.00 -1.00 -1.00
ASP-B3862_ -0.00 -0.00 -0.00 -0.00 -0.01 -0.07 -0.35 -0.82 -0.98 -1.00 -1.00 -1.00 -1.00 -1.00 -1.00
ARG+B3868_  0.00  0.00  0.00  0.00  0.00  0.00  0.00  0.00  0.00  0.00  0.00  0.00  0.00  0.00  0.00
GLU-B3872_ -0.00 -0.00 -0.03 -0.14 -0.46 -0.81 -0.96 -1.00 -1.00 -1.00 -1.00 -1.00 -1.00 -1.00 -1.00
LYS+B3873_  1.00  1.00  1.00  1.00  1.00  1.00  0.99  0.92  0.59  0.15  0.02  0.00  0.00  0.00  0.00
ASP-B3877_ -0.00 -0.00 -0.00 -0.00 -0.00 -0.01 -0.02 -0.07 -0.26 -0.58 -0.86 -0.97 -1.00 -1.00 -1.00
ASP-B3878_ -0.00 -0.01 -0.06 -0.20 -0.40 -0.66 -0.85 -0.94 -0.96 -0.99 -0.99 -1.00 -1.00 -1.00 -1.00
GLU-B3879_ -0.00 -0.02 -0.14 -0.41 -0.72 -0.91 -0.97 -1.00 -1.00 -1.00 -1.00 -1.00 -1.00 -1.00 -1.00
ASP-B3883_ -0.00 -0.00 -0.00 -0.00 -0.00 -0.00 -0.01 -0.04 -0.19 -0.44 -0.68 -0.85 -0.94 -0.98 -1.00
CTR-B3885_ -0.00 -0.00 -0.00 -0.00 -0.00 -0.00 -0.00 -0.00 -0.00 -0.00 -0.00 -0.01 -0.00 -0.01 -0.00
NTR+B3887_  0.00  0.00  0.00  0.00  0.00  0.00  0.00  0.00  0.00  0.00  0.00  0.00  0.00  0.00  0.00
CTR-B3887_ -0.11 -0.12 -0.13 -0.14 -0.15 -0.15 -0.17 -0.16 -0.21 -0.29 -0.38 -0.59 -0.78 -0.90 -0.96
NTR+B3889_  0.27  0.15  0.14  0.14  0.15  0.15  0.17  0.15  0.16  0.16  0.14  0.12  0.08  0.04  0.02
CYS-B3892_ -0.00 -0.00 -0.00 -0.00 -0.00 -0.00 -0.00 -0.00 -0.00 -0.00 -0.00 -0.00 -0.00 -0.00 -0.00
GLU-B3893_ -0.00 -0.00 -0.00 -0.00 -0.00 -0.00 -0.00 -0.02 -0.10 -0.24 -0.44 -0.49 -0.54 -0.57 -0.67
CTR-B3893_ -0.00 -0.01 -0.03 -0.07 -0.15 -0.30 -0.59 -0.94 -0.99 -0.99 -1.00 -1.00 -1.00 -1.00 -1.00
NTR+B3897_  1.00  0.98  0.95  0.87  0.68  0.37  0.13  0.02  0.00  0.00  0.00  0.00  0.00  0.00  0.00
ASP-B3898_ -0.06 -0.26 -0.65 -0.88 -0.95 -0.98 -1.00 -1.00 -1.00 -1.00 -1.00 -1.00 -1.00 -1.00 -1.00
TYR-B3902_ -0.00 -0.00 -0.00 -0.00 -0.00 -0.00 -0.00 -0.00 -0.00 -0.00 -0.00 -0.02 -0.09 -0.28 -0.61
ARG+B3904_  1.00  1.00  1.00  1.00  1.00  1.00  1.00  1.00  1.00  1.00  1.00  0.99  0.99  0.97  0.93
CTR-B3910_ -0.00 -0.00 -0.00 -0.05 -0.29 -0.78 -0.97 -0.99 -1.00 -1.00 -1.00 -1.00 -1.00 -1.00 -1.00
NTR+B3922_  1.00  1.00  0.99  0.95  0.82  0.52  0.20  0.04  0.01  0.00  0.00  0.00  0.00  0.00  0.00
CTR-B3922_ -0.00 -0.00 -0.00 -0.00 -0.00 -0.00 -0.00 -0.00 -0.00 -0.00 -0.00 -0.00 -0.00 -0.00 -0.00
TYR-B3922_ -0.00 -0.00 -0.00 -0.00 -0.00 -0.00 -0.00 -0.00 -0.00 -0.00 -0.00 -0.00 -0.00 -0.00 -0.00
NTR+B3924_  0.02  0.00  0.00  0.00  0.00  0.00  0.00  0.00  0.00  0.00  0.00  0.00  0.00  0.00  0.00
ARG+B3925_  1.00  1.00  1.00  1.00  1.00  1.00  1.00  1.00  1.00  1.00  1.00  0.98  0.87  0.53  0.14
GLU-B3928_ -0.00 -0.00 -0.08 -0.35 -0.71 -0.88 -0.97 -0.99 -1.00 -1.00 -1.00 -1.00 -1.00 -1.00 -1.00
ASP-B3932_ -0.00 -0.00 -0.01 -0.06 -0.18 -0.45 -0.81 -0.96 -0.99 -1.00 -1.00 -1.00 -1.00 -1.00 -1.00
TYR-B3934_ -0.00 -0.00 -0.00 -0.00 -0.00 -0.00 -0.00 -0.00 -0.00 -0.02 -0.09 -0.37 -0.81 -0.97 -1.00
TYR-B3936_ -0.00 -0.00 -0.00 -0.00 -0.00 -0.00 -0.00 -0.00 -0.00 -0.00 -0.00 -0.01 -0.03 -0.18 -0.64
TYR-B3937_ -0.00 -0.00 -0.00 -0.00 -0.00 -0.00 -0.00 -0.00 -0.00 -0.00 -0.00 -0.00 -0.00 -0.00 -0.00
LYS+B3940_  1.00  1.00  1.00  1.00  1.00  1.00  1.00  1.00  0.98  0.85  0.43  0.11  0.02  0.00  0.00
ASP-B3941_ -0.00 -0.04 -0.21 -0.59 -0.91 -0.99 -1.00 -1.00 -1.00 -1.00 -1.00 -1.00 -1.00 -1.00 -1.00
GLU-B3944_ -0.00 -0.08 -0.40 -0.77 -0.94 -0.98 -1.00 -1.00 -1.00 -1.00 -1.00 -1.00 -1.00 -1.00 -1.00
GLU-B3945_ -0.00 -0.03 -0.17 -0.43 -0.75 -0.94 -0.99 -1.00 -1.00 -1.00 -1.00 -1.00 -1.00 -1.00 -1.00
LYS+B3948_  1.00  1.00  1.00  1.00  1.00  1.00  1.00  1.00  0.99  0.93  0.67  0.26  0.05  0.01  0.00
ARG+B3949_  1.00  1.00  1.00  1.00  1.00  1.00  1.00  1.00  1.00  1.00  1.00  1.00  1.00  0.98  0.86
LYS+B3953_  1.00  1.00  1.00  0.99  0.98  0.97  0.94  0.84  0.50  0.18  0.04  0.01  0.00  0.00  0.00
LYS+B3959_  1.00  0.99  0.97  0.95  0.93  0.91  0.91  0.93  0.91  0.85  0.66  0.36  0.13  0.03  0.01
CTR-B3960_ -0.00 -0.00 -0.00 -0.00 -0.00 -0.00 -0.00 -0.01 -0.02 -0.06 -0.15 -0.29 -0.53 -0.80 -0.93
NTR+B3962_  0.00  0.00  0.00  0.00  0.00  0.00  0.00  0.00  0.00  0.00  0.00  0.00  0.00  0.00  0.00
GLU-B3967_ -0.00 -0.00 -0.00 -0.00 -0.00 -0.00 -0.01 -0.03 -0.08 -0.25 -0.36 -0.44 -0.45 -0.49 -0.53
TYR-B3968_ -0.00 -0.00 -0.00 -0.00 -0.00 -0.00 -0.00 -0.00 -0.00 -0.00 -0.00 -0.01 -0.01 -0.02 -0.04
CYS-B3973_ -0.00 -0.00 -0.00 -0.00 -0.00 -0.00 -0.00 -0.00 -0.00 -0.01 -0.05 -0.28 -0.64 -0.89 -0.95
HIS+B3982_  1.00  1.00  1.00  1.00  1.00  0.99  0.93  0.61  0.16  0.02  0.00  0.00  0.00  0.00  0.00
ARG+B3984_  1.00  1.00  1.00  1.00  1.00  1.00  1.00  1.00  1.00  1.00  1.00  1.00  1.00  0.98  0.92
CTR-B3984_ -0.32 -0.35 -0.47 -0.65 -0.82 -0.91 -0.96 -0.99 -1.00 -1.00 -1.00 -1.00 -1.00 -1.00 -1.00
NTR+B3986_  0.32  0.32  0.30  0.20  0.12  0.06  0.03  0.01  0.00  0.00  0.00  0.00  0.00  0.00  0.00
ASP-B3987_ -0.00 -0.02 -0.12 -0.41 -0.72 -0.91 -0.97 -1.00 -1.00 -1.00 -1.00 -1.00 -1.00 -1.00 -1.00
HIS+B3994_  1.00  1.00  0.99  0.94  0.72  0.49  0.36  0.29  0.11  0.02  0.00  0.00  0.00  0.00  0.00
HIS+B3998_  1.00  1.00  1.00  0.97  0.90  0.77  0.67  0.52  0.18  0.03  0.01  0.00  0.00  0.00  0.00
LYS+B4002_  1.00  1.00  1.00  1.00  1.00  1.00  1.00  1.00  1.00  1.00  1.00  1.00  1.00  1.00  1.00
ASP-B4006_ -0.02 -0.13 -0.47 -0.78 -0.92 -0.98 -1.00 -1.00 -1.00 -1.00 -1.00 -1.00 -1.00 -1.00 -1.00
GLU-B4011_ -0.00 -0.04 -0.23 -0.56 -0.80 -0.93 -0.98 -1.00 -1.00 -1.00 -1.00 -1.00 -1.00 -1.00 -1.00
LYS+B4014_  1.00  1.00  1.00  1.00  1.00  1.00  1.00  1.00  1.00  1.00  1.00  1.00  0.98  0.86  0.45
GLU-B4015_ -0.00 -0.01 -0.00 -0.18 -0.38 -0.50 -0.82 -1.00 -0.98 -1.00 -1.00 -1.00 -1.00 -1.00 -1.00
ASP-B4018_ -0.00 -0.03 -0.11 -0.23 -0.35 -0.52 -0.65 -0.83 -0.94 -0.98 -0.99 -1.00 -1.00 -1.00 -1.00
LYS+B4021_  1.00  1.00  1.00  1.00  1.00  1.00  1.00  1.00  1.00  1.00  1.00  1.00  1.00  1.00  0.99
ASP-B4022_ -0.00 -0.02 -0.06 -0.13 -0.22 -0.30 -0.47 -0.76 -0.90 -0.93 -0.95 -0.97 -0.99 -1.00 -1.00
CTR-B4026_ -0.86 -0.94 -0.94 -0.94 -0.95 -0.93 -0.94 -0.90 -0.88 -0.83 -0.82 -0.82 -0.78 -0.75 -0.78
NTR+B4028_  0.95  0.95  0.95  0.94  0.95  0.93  0.95  0.90  0.88  0.82  0.79  0.77  0.70  0.64  0.53
CTR-B4029_ -0.00 -0.00 -0.01 -0.01 -0.02 -0.03 -0.06 -0.12 -0.20 -0.36 -0.45 -0.58 -0.80 -0.92 -0.95
NTR+B4032_  1.00  1.00  1.00  1.00  0.99  0.99  0.97  0.93  0.85  0.65  0.42  0.23  0.08  0.02  0.01
GLU-B4032_ -0.00 -0.00 -0.01 -0.03 -0.04 -0.09 -0.21 -0.54 -0.78 -0.83 -0.93 -0.96 -0.98 -0.99 -1.00
CTR-B4033_ -0.00 -0.05 -0.28 -0.64 -0.85 -0.95 -0.98 -1.00 -1.00 -1.00 -1.00 -1.00 -1.00 -1.00 -1.00
NTR+B4041_  1.00  1.00  0.98  0.94  0.81  0.51  0.18  0.05  0.01  0.00  0.00  0.00  0.00  0.00  0.00
ARG+B4042_  1.00  1.00  1.00  1.00  1.00  1.00  1.00  1.00  1.00  1.00  1.00  1.00  0.96  0.79  0.31
ASP-B4046_ -0.00 -0.01 -0.09 -0.41 -0.80 -0.96 -0.99 -1.00 -1.00 -1.00 -1.00 -1.00 -1.00 -1.00 -1.00
GLU-B4050_ -0.00 -0.00 -0.01 -0.04 -0.11 -0.27 -0.69 -0.94 -0.99 -1.00 -1.00 -1.00 -1.00 -1.00 -1.00
GLU-B4056_ -0.00 -0.00 -0.01 -0.09 -0.34 -0.72 -0.95 -0.99 -1.00 -1.00 -1.00 -1.00 -1.00 -1.00 -1.00
LYS+B4060_  1.00  1.00  1.00  1.00  1.00  1.00  1.00  1.00  1.00  1.00  1.00  0.99  0.98  0.96  0.81
ASP-B4063_ -0.00 -0.00 -0.00 -0.00 -0.00 -0.00 -0.02 -0.08 -0.32 -0.74 -0.89 -0.95 -0.98 -0.99 -0.98
LYS+B4067_  1.00  1.00  1.00  1.00  1.00  1.00  1.00  1.00  0.97  0.90  0.66  0.23  0.04  0.01  0.00
LYS+B4069_  1.00  1.00  1.00  1.00  1.00  1.00  1.00  1.00  1.00  1.00  0.98  0.84  0.41  0.08  0.01
ASP-B4070_ -0.00 -0.03 -0.12 -0.43 -0.77 -0.92 -0.98 -1.00 -1.00 -1.00 -1.00 -1.00 -1.00 -1.00 -1.00
GLU-B4075_ -0.00 -0.00 -0.01 -0.06 -0.28 -0.69 -0.91 -0.99 -1.00 -1.00 -1.00 -1.00 -1.00 -1.00 -1.00
ASP-B4079_ -0.00 -0.00 -0.00 -0.02 -0.12 -0.44 -0.83 -0.98 -1.00 -1.00 -1.00 -1.00 -1.00 -1.00 -1.00
TYR-B4080_ -0.00 -0.00 -0.00 -0.00 -0.00 -0.00 -0.00 -0.00 -0.00 -0.00 -0.00 -0.00 -0.00 -0.00 -0.00
ASP-B4083_ -0.00 -0.01 -0.07 -0.40 -0.77 -0.90 -0.97 -1.00 -1.00 -1.00 -1.00 -1.00 -1.00 -1.00 -1.00
ARG+B4085_  1.00  1.00  1.00  1.00  1.00  1.00  1.00  1.00  1.00  1.00  0.99  0.93  0.61  0.13  0.02
LYS+B4090_  1.00  1.00  1.00  1.00  1.00  1.00  1.00  1.00  1.00  0.99  0.90  0.66  0.21  0.03  0.00
LYS+B4091_  1.00  1.00  1.00  1.00  1.00  1.00  1.00  1.00  0.99  0.92  0.57  0.18  0.04  0.01  0.00
ASP-B4092_ -0.00 -0.00 -0.02 -0.09 -0.21 -0.56 -0.88 -0.98 -1.00 -1.00 -1.00 -1.00 -1.00 -1.00 -1.00
LYS+B4095_  1.00  1.00  1.00  1.00  1.00  1.00  1.00  1.00  1.00  0.99  0.93  0.61  0.16  0.02  0.00
ASP-B4098_ -0.00 -0.00 -0.02 -0.16 -0.59 -0.92 -0.99 -1.00 -1.00 -1.00 -1.00 -1.00 -1.00 -1.00 -1.00
LYS+B4101_  1.00  1.00  1.00  1.00  1.00  1.00  1.00  1.00  1.00  0.99  0.93  0.63  0.16  0.02  0.00
GLU-B4107_ -0.00 -0.00 -0.01 -0.09 -0.35 -0.73 -0.94 -0.99 -1.00 -1.00 -1.00 -1.00 -1.00 -1.00 -1.00
CYS-B4114_ -0.00 -0.00 -0.00 -0.00 -0.00 -0.00 -0.00 -0.00 -0.00 -0.00 -0.00 -0.00 -0.00 -0.00 -0.00
GLU-B4116_ -0.00 -0.00 -0.02 -0.06 -0.18 -0.37 -0.69 -0.92 -0.98 -1.00 -1.00 -1.00 -1.00 -1.00 -1.00
ASP-B4118_ -0.00 -0.00 -0.00 -0.02 -0.07 -0.24 -0.57 -0.90 -0.99 -1.00 -1.00 -1.00 -1.00 -1.00 -1.00
GLU-B4119_ -0.00 -0.00 -0.03 -0.18 -0.67 -0.92 -0.98 -1.00 -1.00 -1.00 -1.00 -1.00 -1.00 -1.00 -1.00
GLU-B4121_ -0.00 -0.00 -0.00 -0.02 -0.12 -0.41 -0.81 -0.97 -0.99 -1.00 -1.00 -1.00 -1.00 -1.00 -1.00
GLU-B4126_ -0.00 -0.00 -0.01 -0.08 -0.34 -0.71 -0.95 -0.99 -1.00 -1.00 -1.00 -1.00 -1.00 -1.00 -1.00
GLU-B4127_ -0.00 -0.02 -0.10 -0.32 -0.57 -0.76 -0.85 -0.94 -0.98 -1.00 -1.00 -1.00 -1.00 -1.00 -1.00
ARG+B4131_  1.00  1.00  1.00  1.00  1.00  1.00  1.00  1.00  1.00  1.00  1.00  1.00  1.00  1.00  1.00
GLU-B4134_ -0.00 -0.01 -0.03 -0.09 -0.15 -0.19 -0.35 -0.54 -0.83 -0.96 -0.99 -1.00 -1.00 -1.00 -1.00
CTR-B4135_ -0.97 -0.96 -0.93 -0.91 -0.86 -0.83 -0.84 -0.87 -0.92 -0.98 -1.00 -1.00 -1.00 -1.00 -1.00
NTR+B4136_  0.97  0.94  0.87  0.79  0.72  0.62  0.53  0.39  0.22  0.07  0.01  0.00  0.00  0.00  0.00
ARG+B4137_  1.00  1.00  1.00  1.00  1.00  1.00  1.00  1.00  1.00  1.00  1.00  1.00  1.00  1.00  1.00
ASP-B4138_ -0.01 -0.06 -0.21 -0.38 -0.58 -0.70 -0.79 -0.88 -0.95 -0.99 -1.00 -1.00 -1.00 -1.00 -1.00
CTR-B4142_ -0.00 -0.00 -0.00 -0.00 -0.00 -0.00 -0.00 -0.01 -0.03 -0.09 -0.30 -0.66 -0.88 -0.96 -0.99
NTR+B4146_  0.00  0.00  0.00  0.00  0.00  0.00  0.00  0.00  0.00  0.00  0.00  0.00  0.00  0.00  0.00
CTR-B4146_ -0.01 -0.06 -0.22 -0.53 -0.77 -0.90 -0.96 -0.99 -1.00 -1.00 -1.00 -1.00 -1.00 -1.00 -1.00
NTR+B4158_  0.00  0.00  0.00  0.00  0.00  0.00  0.00  0.00  0.00  0.00  0.00  0.00  0.00  0.00  0.00
ARG+B4159_  1.00  1.00  1.00  1.00  1.00  1.00  1.00  1.00  1.00  1.00  0.99  0.90  0.51  0.12  0.02
ARG+B4161_  1.00  1.00  1.00  1.00  1.00  1.00  1.00  1.00  1.00  1.00  1.00  0.99  0.95  0.72  0.25
GLU-B4165_ -0.00 -0.00 -0.01 -0.11 -0.47 -0.84 -0.97 -1.00 -1.00 -1.00 -1.00 -1.00 -1.00 -1.00 -1.00
GLU-B4168_ -0.00 -0.00 -0.00 -0.02 -0.09 -0.26 -0.63 -0.90 -0.98 -1.00 -1.00 -1.00 -1.00 -1.00 -1.00
GLU-B4172_ -0.00 -0.00 -0.01 -0.05 -0.19 -0.47 -0.82 -0.95 -0.99 -1.00 -1.00 -1.00 -1.00 -1.00 -1.00
CTR-B4172_ -0.12 -0.39 -0.75 -0.89 -0.94 -0.97 -0.99 -1.00 -1.00 -1.00 -1.00 -1.00 -1.00 -1.00 -1.00
NTR+B4174_  1.00  1.00  1.00  1.00  1.00  1.00  1.00  1.00  1.00  1.00  1.00  1.00  0.98  0.91  0.70
CTR-B4174_ -0.72 -0.88 -0.94 -0.96 -0.98 -0.99 -1.00 -1.00 -1.00 -1.00 -1.00 -1.00 -1.00 -1.00 -1.00
NTR+B4177_  1.00  1.00  1.00  1.00  1.00  1.00  1.00  1.00  1.00  1.00  1.00  1.00  0.99  0.95  0.85
CTR-B4177_ -0.02 -0.06 -0.12 -0.19 -0.31 -0.47 -0.65 -0.80 -0.91 -0.98 -1.00 -1.00 -1.00 -1.00 -1.00
TYR-B4177_ -0.00 -0.00 -0.00 -0.00 -0.00 -0.00 -0.00 -0.00 -0.00 -0.00 -0.00 -0.00 -0.00 -0.00 -0.00
NTR+B4181_  1.00  0.99  0.97  0.95  0.91  0.86  0.76  0.59  0.30  0.09  0.02  0.00  0.00  0.00  0.00
GLU-B4182_ -0.00 -0.00 -0.00 -0.01 -0.01 -0.01 -0.01 -0.00 -0.00 -0.03 -0.06 -0.07 -0.08 -0.18 -0.42
CTR-B4182_ -0.00 -0.00 -0.01 -0.02 -0.09 -0.26 -0.60 -0.87 -0.97 -0.99 -1.00 -1.00 -1.00 -1.00 -1.00
NTR+B4190_  1.00  1.00  1.00  1.00  1.00  1.00  0.99  0.95  0.74  0.29  0.05  0.00  0.00  0.00  0.00
GLU-B4191_ -0.00 -0.01 -0.05 -0.17 -0.47 -0.77 -0.92 -0.98 -1.00 -1.00 -1.00 -1.00 -1.00 -1.00 -1.00
ARG+B4192_  1.00  1.00  1.00  1.00  1.00  1.00  1.00  1.00  1.00  1.00  1.00  1.00  1.00  1.00  1.00
TYR-B4194_ -0.00 -0.00 -0.00 -0.00 -0.00 -0.00 -0.00 -0.00 -0.00 -0.00 -0.00 -0.01 -0.05 -0.23 -0.58
GLU-B4196_ -0.01 -0.05 -0.14 -0.23 -0.33 -0.43 -0.58 -0.78 -0.93 -0.98 -1.00 -1.00 -1.00 -1.00 -1.00
CTR-B4197_ -0.13 -0.19 -0.30 -0.52 -0.68 -0.79 -0.88 -0.95 -0.99 -1.00 -1.00 -1.00 -1.00 -1.00 -1.00
NTR+B4199_  0.13  0.12  0.08  0.06  0.05  0.03  0.02  0.01  0.00  0.00  0.00  0.00  0.00  0.00  0.00
GLU-B4199_ -0.00 -0.01 -0.04 -0.15 -0.32 -0.60 -0.86 -0.97 -1.00 -1.00 -1.00 -1.00 -1.00 -1.00 -1.00
ARG+B4202_  1.00  1.00  1.00  1.00  1.00  1.00  1.00  1.00  1.00  1.00  1.00  0.99  0.96  0.86  0.54
GLU-B4206_ -0.01 -0.07 -0.34 -0.75 -0.94 -0.99 -1.00 -1.00 -1.00 -1.00 -1.00 -1.00 -1.00 -1.00 -1.00
LYS+B4211_  1.00  1.00  1.00  1.00  1.00  1.00  0.99  0.93  0.80  0.70  0.64  0.44  0.15  0.03  0.01
GLU-B4212_ -0.00 -0.02 -0.10 -0.41 -0.78 -0.95 -0.99 -1.00 -1.00 -1.00 -1.00 -1.00 -1.00 -1.00 -1.00
LYS+B4214_  1.00  1.00  1.00  1.00  1.00  0.99  0.95  0.82  0.53  0.35  0.32  0.25  0.09  0.02  0.00
ARG+B4215_  1.00  1.00  1.00  1.00  1.00  1.00  1.00  1.00  1.00  1.00  1.00  1.00  0.98  0.91  0.60
CTR-B4216_ -0.01 -0.03 -0.11 -0.31 -0.58 -0.76 -0.92 -0.98 -0.99 -1.00 -1.00 -1.00 -1.00 -1.00 -1.00
NTR+B4221_  1.00  0.99  0.96  0.87  0.77  0.62  0.35  0.09  0.02  0.00  0.00  0.00  0.00  0.00  0.00
GLU-B4224_ -0.00 -0.01 -0.04 -0.15 -0.45 -0.78 -0.95 -0.99 -1.00 -1.00 -1.00 -1.00 -1.00 -1.00 -1.00
CTR-B4224_ -0.00 -0.01 -0.05 -0.21 -0.43 -0.65 -0.87 -0.96 -0.99 -1.00 -1.00 -1.00 -1.00 -1.00 -1.00
NTR+B4227_  1.00  1.00  1.00  1.00  1.00  1.00  0.99  0.94  0.67  0.18  0.03  0.00  0.00  0.00  0.00
GLU-B4227_ -0.00 -0.01 -0.10 -0.43 -0.83 -0.97 -0.99 -1.00 -1.00 -1.00 -1.00 -1.00 -1.00 -1.00 -1.00
GLU-B4229_ -0.00 -0.02 -0.09 -0.28 -0.53 -0.84 -0.96 -0.99 -1.00 -1.00 -1.00 -1.00 -1.00 -1.00 -1.00
LYS+B4230_  1.00  1.00  1.00  1.00  1.00  1.00  1.00  1.00  1.00  1.00  0.99  0.91  0.55  0.18  0.05
GLU-B4232_ -0.01 -0.07 -0.26 -0.61 -0.85 -0.95 -0.99 -1.00 -1.00 -1.00 -1.00 -1.00 -1.00 -1.00 -1.00
CYS-B4238_ -0.00 -0.00 -0.00 -0.00 -0.00 -0.00 -0.00 -0.00 -0.00 -0.00 -0.00 -0.00 -0.00 -0.00 -0.01
GLU-B4239_ -0.44 -0.78 -0.91 -0.97 -0.99 -1.00 -1.00 -1.00 -1.00 -1.00 -1.00 -1.00 -1.00 -1.00 -1.00
ASP-B4240_ -0.14 -0.38 -0.75 -0.88 -0.93 -0.97 -1.00 -1.00 -1.00 -1.00 -1.00 -1.00 -1.00 -1.00 -1.00
GLU-B4244_ -0.00 -0.01 -0.04 -0.11 -0.30 -0.69 -0.93 -0.98 -1.00 -1.00 -1.00 -1.00 -1.00 -1.00 -1.00
GLU-B4253_ -0.00 -0.00 -0.02 -0.11 -0.38 -0.78 -0.96 -0.99 -1.00 -1.00 -1.00 -1.00 -1.00 -1.00 -1.00
CTR-B4253_ -0.00 -0.00 -0.04 -0.21 -0.58 -0.88 -0.98 -1.00 -1.00 -1.00 -1.00 -1.00 -1.00 -1.00 -1.00
NTR+B4540_  1.00  1.00  0.99  0.92  0.62  0.20  0.03  0.00  0.00  0.00  0.00  0.00  0.00  0.00  0.00
GLU-B4543_ -0.00 -0.00 -0.01 -0.11 -0.44 -0.81 -0.97 -1.00 -1.00 -1.00 -1.00 -1.00 -1.00 -1.00 -1.00
GLU-B4545_ -0.00 -0.01 -0.10 -0.47 -0.87 -0.97 -1.00 -1.00 -1.00 -1.00 -1.00 -1.00 -1.00 -1.00 -1.00
ARG+B4548_  1.00  1.00  1.00  1.00  1.00  1.00  1.00  1.00  1.00  1.00  1.00  0.99  0.96  0.79  0.34
LYS+B4550_  1.00  1.00  1.00  1.00  1.00  1.00  1.00  1.00  1.00  0.98  0.84  0.41  0.08  0.01  0.00
TYR-B4554_ -0.00 -0.00 -0.00 -0.00 -0.00 -0.00 -0.00 -0.00 -0.01 -0.07 -0.38 -0.82 -0.97 -1.00 -1.00
ARG+B4557_  1.00  1.00  1.00  1.00  1.00  1.00  1.00  1.00  1.00  1.00  1.00  1.00  1.00  0.99  0.90
TYR-B4560_ -0.00 -0.00 -0.00 -0.00 -0.00 -0.00 -0.00 -0.00 -0.00 -0.05 -0.22 -0.55 -0.83 -0.96 -0.99
ARG+B4563_  1.00  1.00  1.00  1.00  1.00  1.00  1.00  1.00  1.00  1.00  1.00  1.00  1.00  0.97  0.84
TYR-B4580_ -0.00 -0.00 -0.00 -0.00 -0.00 -0.00 -0.00 -0.00 -0.00 -0.00 -0.00 -0.04 -0.21 -0.70 -0.95
LYS+B4581_  1.00  1.00  1.00  1.00  1.00  1.00  1.00  1.00  1.00  0.99  0.92  0.58  0.17  0.03  0.00
ASP-B4584_ -0.00 -0.00 -0.00 -0.04 -0.26 -0.77 -0.96 -1.00 -1.00 -1.00 -1.00 -1.00 -1.00 -1.00 -1.00
CTR-B4587_ -0.00 -0.00 -0.01 -0.05 -0.32 -0.79 -0.97 -1.00 -1.00 -1.00 -1.00 -1.00 -1.00 -1.00 -1.00
NTR+B4626_  1.00  1.00  1.00  1.00  1.00  1.00  0.99  0.92  0.53  0.11  0.01  0.00  0.00  0.00  0.00
TYR-B4629_ -0.00 -0.00 -0.00 -0.00 -0.00 -0.00 -0.00 -0.00 -0.01 -0.05 -0.32 -0.79 -0.97 -0.99 -1.00
TYR-B4630_ -0.00 -0.00 -0.00 -0.00 -0.00 -0.00 -0.00 -0.00 -0.00 -0.00 -0.04 -0.21 -0.61 -0.92 -0.99
GLU-B4633_ -0.00 -0.00 -0.00 -0.03 -0.24 -0.68 -0.91 -0.99 -1.00 -1.00 -1.00 -1.00 -1.00 -1.00 -1.00
GLU-B4634_ -0.00 -0.00 -0.00 -0.00 -0.04 -0.27 -0.74 -0.96 -1.00 -1.00 -1.00 -1.00 -1.00 -1.00 -1.00
TYR-B4638_ -0.00 -0.00 -0.00 -0.00 -0.00 -0.00 -0.00 -0.00 -0.02 -0.15 -0.62 -0.93 -0.99 -1.00 -1.00
GLU-B4640_ -0.00 -0.00 -0.00 -0.01 -0.04 -0.20 -0.60 -0.92 -0.99 -1.00 -1.00 -1.00 -1.00 -1.00 -1.00
CYS-B4645_ -0.00 -0.00 -0.00 -0.00 -0.00 -0.00 -0.00 -0.00 -0.02 -0.15 -0.62 -0.93 -0.99 -1.00 -1.00
HIS+B4650_  0.10  0.11  0.07  0.08  0.10  0.05  0.02  0.01  0.00  0.00  0.00  0.00  0.00  0.00  0.00
CYS-B4657_ -0.00 -0.00 -0.00 -0.00 -0.00 -0.00 -0.00 -0.00 -0.00 -0.00 -0.00 -0.00 -0.00 -0.00 -0.00
TYR-B4661_ -0.00 -0.00 -0.00 -0.00 -0.00 -0.00 -0.00 -0.00 -0.00 -0.00 -0.00 -0.00 -0.00 -0.00 -0.00
CYS-B4663_ -0.00 -0.00 -0.00 -0.00 -0.00 -0.00 -0.00 -0.00 -0.00 -0.01 -0.04 -0.21 -0.63 -0.89 -0.98
LYS+B4665_  1.00  1.00  1.00  1.00  1.00  1.00  1.00  1.00  0.99  0.96  0.80  0.56  0.31  0.11  0.03
LYS+B4672_  1.00  1.00  1.00  1.00  1.00  1.00  1.00  1.00  1.00  0.99  0.95  0.85  0.66  0.37  0.14
ARG+B4673_  1.00  1.00  1.00  1.00  1.00  1.00  1.00  1.00  1.00  1.00  1.00  1.00  1.00  1.00  1.00
GLU-B4674_ -0.00 -0.00 -0.00 -0.00 -0.00 -0.00 -0.01 -0.02 -0.05 -0.13 -0.36 -0.65 -0.79 -0.86 -0.92
LYS+B4675_  1.00  1.00  1.00  1.00  1.00  1.00  1.00  1.00  1.00  1.00  0.98  0.96  0.84  0.64  0.37
GLU-B4676_ -0.34 -0.68 -0.85 -0.92 -0.97 -1.00 -1.00 -1.00 -1.00 -1.00 -1.00 -1.00 -1.00 -1.00 -1.00
ARG+B4679_  1.00  1.00  1.00  1.00  1.00  1.00  1.00  1.00  1.00  1.00  1.00  1.00  1.00  1.00  0.99
LYS+B4680_  1.00  1.00  1.00  1.00  1.00  1.00  1.00  1.00  1.00  1.00  0.99  0.96  0.83  0.45  0.13
GLU-B4682_ -0.00 -0.00 -0.00 -0.02 -0.04 -0.12 -0.40 -0.80 -0.96 -0.99 -1.00 -1.00 -1.00 -1.00 -1.00
ASP-B4684_ -0.00 -0.02 -0.10 -0.33 -0.63 -0.87 -0.98 -1.00 -1.00 -1.00 -1.00 -1.00 -1.00 -1.00 -1.00
TYR-B4687_ -0.00 -0.00 -0.00 -0.00 -0.00 -0.00 -0.00 -0.00 -0.00 -0.00 -0.00 -0.00 -0.00 -0.00 -0.00
GLU-B4690_ -0.00 -0.00 -0.02 -0.10 -0.39 -0.73 -0.96 -0.99 -1.00 -1.00 -1.00 -1.00 -1.00 -1.00 -1.00
ASP-B4694_ -0.00 -0.00 -0.01 -0.04 -0.18 -0.57 -0.90 -0.99 -1.00 -1.00 -1.00 -1.00 -1.00 -1.00 -1.00
ASP-B4695_ -0.00 -0.00 -0.02 -0.12 -0.46 -0.86 -0.98 -1.00 -1.00 -1.00 -1.00 -1.00 -1.00 -1.00 -1.00
ASP-B4696_ -0.00 -0.04 -0.20 -0.59 -0.86 -0.96 -1.00 -1.00 -1.00 -1.00 -1.00 -1.00 -1.00 -1.00 -1.00
LYS+B4698_  1.00  1.00  1.00  1.00  1.00  1.00  1.00  1.00  0.99  0.90  0.56  0.19  0.05  0.01  0.00
ASP-B4702_ -0.03 -0.10 -0.28 -0.56 -0.81 -0.95 -0.99 -1.00 -1.00 -1.00 -1.00 -1.00 -1.00 -1.00 -1.00
ARG+B4703_  1.00  1.00  1.00  1.00  1.00  1.00  1.00  1.00  1.00  1.00  1.00  0.99  0.94  0.67  0.20
TYR-B4715_ -0.00 -0.00 -0.00 -0.00 -0.00 -0.00 -0.00 -0.00 -0.00 -0.00 -0.01 -0.04 -0.10 -0.21 -0.28
ASP-B4717_ -0.77 -0.94 -0.97 -0.99 -1.00 -1.00 -1.00 -1.00 -1.00 -1.00 -1.00 -1.00 -1.00 -1.00 -1.00
LYS+B4718_  1.00  1.00  1.00  1.00  1.00  1.00  1.00  1.00  1.00  1.00  1.00  0.98  0.94  0.75  0.37
LYS+B4721_  1.00  1.00  0.99  0.99  0.98  0.96  0.91  0.71  0.32  0.13  0.08  0.03  0.01  0.00  0.00
ARG+B4722_  1.00  1.00  1.00  1.00  1.00  1.00  1.00  1.00  1.00  1.00  1.00  1.00  1.00  0.99  0.98
LYS+B4723_  1.00  1.00  1.00  1.00  1.00  1.00  1.00  1.00  1.00  1.00  1.00  0.99  0.95  0.79  0.44
ASP-B4726_ -0.01 -0.04 -0.21 -0.52 -0.84 -0.97 -0.99 -1.00 -1.00 -1.00 -1.00 -1.00 -1.00 -1.00 -1.00
LYS+B4727_  1.00  1.00  1.00  1.00  1.00  1.00  1.00  1.00  1.00  1.00  0.96  0.73  0.25  0.05  0.01
HIS+B4728_  0.99  0.95  0.75  0.39  0.14  0.04  0.00  0.00  0.00  0.00  0.00  0.00  0.00  0.00  0.00
ASP-B4730_ -0.00 -0.02 -0.12 -0.49 -0.85 -0.97 -1.00 -1.00 -1.00 -1.00 -1.00 -1.00 -1.00 -1.00 -1.00
ARG+B4734_  1.00  1.00  1.00  1.00  1.00  1.00  1.00  1.00  1.00  1.00  1.00  1.00  0.99  0.93  0.65
GLU-B4735_ -0.00 -0.01 -0.11 -0.49 -0.86 -0.97 -0.99 -1.00 -1.00 -1.00 -1.00 -1.00 -1.00 -1.00 -1.00
ARG+B4736_  1.00  1.00  1.00  1.00  1.00  1.00  1.00  1.00  1.00  1.00  1.00  0.99  0.95  0.66  0.20
GLU-B4739_ -0.00 -0.00 -0.01 -0.05 -0.23 -0.68 -0.94 -0.99 -1.00 -1.00 -1.00 -1.00 -1.00 -1.00 -1.00
ASP-B4744_ -0.00 -0.00 -0.02 -0.07 -0.23 -0.53 -0.86 -0.97 -1.00 -1.00 -1.00 -1.00 -1.00 -1.00 -1.00
GLU-B4749_ -0.00 -0.01 -0.03 -0.12 -0.34 -0.64 -0.89 -0.98 -0.99 -1.00 -1.00 -1.00 -1.00 -1.00 -1.00
HIS+B4753_  1.00  1.00  1.00  1.00  1.00  1.00  0.99  0.98  0.91  0.65  0.22  0.05  0.01  0.00  0.00
GLU-B4755_ -0.00 -0.01 -0.03 -0.08 -0.26 -0.63 -0.89 -0.97 -1.00 -1.00 -1.00 -1.00 -1.00 -1.00 -1.00
ARG+B4756_  0.00  0.00  0.00  0.00  0.00  0.00  0.00  0.00  0.00  0.00  0.00  0.00  0.00  0.00  0.00
LYS+B4757_  1.00  1.00  1.00  1.00  1.00  1.00  1.00  1.00  1.00  1.00  1.00  1.00  1.00  1.00  0.99
ASP-B4759_ -0.00 -0.00 -0.01 -0.07 -0.33 -0.75 -0.95 -0.99 -1.00 -1.00 -1.00 -1.00 -1.00 -1.00 -1.00
ASP-B4772_ -0.00 -0.03 -0.17 -0.55 -0.87 -0.97 -0.99 -1.00 -1.00 -1.00 -1.00 -1.00 -1.00 -1.00 -1.00
LYS+B4774_  1.00  1.00  1.00  1.00  1.00  1.00  1.00  1.00  1.00  0.98  0.84  0.36  0.06  0.01  0.00
TYR-B4775_ -0.00 -0.00 -0.00 -0.00 -0.00 -0.00 -0.00 -0.00 -0.00 -0.00 -0.00 -0.00 -0.00 -0.00 -0.00
LYS+B4779_  1.00  1.00  1.00  1.00  1.00  1.00  1.00  1.00  1.00  1.00  0.96  0.83  0.54  0.19  0.04
ASP-B4786_ -0.56 -0.87 -0.97 -0.99 -1.00 -1.00 -1.00 -1.00 -1.00 -1.00 -1.00 -1.00 -1.00 -1.00 -1.00
TYR-B4791_ -0.00 -0.00 -0.00 -0.00 -0.00 -0.00 -0.00 -0.00 -0.00 -0.00 -0.00 -0.00 -0.00 -0.01 -0.09
TYR-B4795_ -0.00 -0.00 -0.00 -0.00 -0.00 -0.00 -0.00 -0.00 -0.00 -0.00 -0.00 -0.00 -0.00 -0.00 -0.00
HIS+B4803_  1.00  1.00  1.00  0.99  0.92  0.76  0.42  0.09  0.01  0.00  0.00  0.00  0.00  0.00  0.00
TYR-B4804_ -0.00 -0.00 -0.00 -0.00 -0.00 -0.00 -0.00 -0.00 -0.02 -0.16 -0.63 -0.94 -0.99 -1.00 -1.00
HIS+B4812_  0.90  0.89  0.92  0.87  0.58  0.27  0.12  0.02  0.00  0.00  0.00  0.00  0.00  0.00  0.00
ASP-B4815_ -0.76 -0.96 -0.99 -1.00 -1.00 -1.00 -1.00 -1.00 -1.00 -1.00 -1.00 -1.00 -1.00 -1.00 -1.00
LYS+B4821_  1.00  1.00  1.00  1.00  1.00  1.00  1.00  1.00  0.99  0.92  0.57  0.15  0.02  0.00  0.00
ARG+B4824_  1.00  1.00  1.00  1.00  1.00  1.00  1.00  1.00  1.00  1.00  1.00  1.00  0.99  0.96  0.84
CTR-B4831_ -0.00 -0.00 -0.00 -0.02 -0.13 -0.42 -0.79 -0.96 -1.00 -1.00 -1.00 -1.00 -1.00 -1.00 -1.00
NTR+B4836_  1.00  1.00  1.00  0.99  0.91  0.62  0.21  0.03  0.00  0.00  0.00  0.00  0.00  0.00  0.00
TYR-B4849_ -0.00 -0.00 -0.00 -0.00 -0.00 -0.00 -0.00 -0.00 -0.02 -0.15 -0.63 -0.94 -0.99 -1.00 -1.00
TYR-B4851_ -0.00 -0.00 -0.00 -0.00 -0.00 -0.00 -0.00 -0.00 -0.00 -0.01 -0.06 -0.35 -0.83 -0.98 -1.00
ARG+B4860_  1.00  1.00  1.00  1.00  1.00  1.00  1.00  1.00  1.00  1.00  1.00  1.00  0.99  0.95  0.73
LYS+B4861_  1.00  1.00  1.00  1.00  1.00  1.00  1.00  1.00  1.00  1.00  0.98  0.90  0.53  0.11  0.01
TYR-B4863_ -0.00 -0.00 -0.00 -0.00 -0.00 -0.00 -0.00 -0.00 -0.00 -0.00 -0.00 -0.00 -0.01 -0.02 -0.15
LYS+B4865_  1.00  1.00  1.00  1.00  1.00  1.00  0.99  0.94  0.79  0.50  0.25  0.12  0.03  0.00  0.00
GLU-B4867_ -0.00 -0.00 -0.00 -0.00 -0.00 -0.02 -0.07 -0.33 -0.77 -0.95 -1.00 -1.00 -1.00 -1.00 -1.00
ASP-B4868_ -0.00 -0.00 -0.01 -0.09 -0.46 -0.82 -0.96 -0.99 -1.00 -1.00 -1.00 -1.00 -1.00 -1.00 -1.00
GLU-B4869_ -0.00 -0.00 -0.01 -0.08 -0.33 -0.69 -0.94 -0.99 -1.00 -1.00 -1.00 -1.00 -1.00 -1.00 -1.00
ASP-B4870_ -0.00 -0.00 -0.00 -0.03 -0.18 -0.56 -0.90 -0.97 -1.00 -1.00 -1.00 -1.00 -1.00 -1.00 -1.00
GLU-B4871_ -0.00 -0.00 -0.00 -0.04 -0.21 -0.49 -0.72 -0.84 -0.93 -0.98 -1.00 -1.00 -1.00 -1.00 -1.00
CTR-B4871_ -0.00 -0.00 -0.00 -0.00 -0.01 -0.04 -0.07 -0.24 -0.60 -0.91 -0.99 -1.00 -1.00 -1.00 -1.00
NTR+B4872_  0.00  0.00  0.00  0.00  0.00  0.00  0.00  0.00  0.00  0.00  0.00  0.00  0.00  0.00  0.00
ASP-B4873_ -0.33 -0.81 -0.98 -1.00 -1.00 -1.00 -1.00 -1.00 -1.00 -1.00 -1.00 -1.00 -1.00 -1.00 -1.00
LYS+B4875_  1.00  1.00  1.00  1.00  1.00  1.00  1.00  0.99  0.96  0.87  0.74  0.45  0.11  0.01  0.00
CYS-B4876_ -0.00 -0.00 -0.00 -0.00 -0.00 -0.00 -0.00 -0.00 -0.00 -0.00 -0.00 -0.00 -0.00 -0.00 -0.00
ASP-B4877_ -0.00 -0.00 -0.00 -0.03 -0.20 -0.58 -0.87 -0.96 -0.99 -1.00 -1.00 -1.00 -1.00 -1.00 -1.00
ASP-B4878_ -0.00 -0.00 -0.00 -0.01 -0.09 -0.42 -0.85 -0.97 -1.00 -1.00 -1.00 -1.00 -1.00 -1.00 -1.00
CYS-B4882_ -0.00 -0.00 -0.00 -0.00 -0.00 -0.00 -0.00 -0.00 -0.00 -0.00 -0.00 -0.00 -0.00 -0.00 -0.03
TYR-B4883_ -0.00 -0.00 -0.00 -0.00 -0.00 -0.00 -0.00 -0.00 -0.00 -0.00 -0.00 -0.00 -0.00 -0.02 -0.17
HIS+B4886_  0.65  0.18  0.05  0.02  0.01  0.00  0.00  0.00  0.00  0.00  0.00  0.00  0.00  0.00  0.00
TYR-B4888_ -0.00 -0.00 -0.00 -0.00 -0.00 -0.00 -0.00 -0.00 -0.03 -0.20 -0.64 -0.93 -0.99 -1.00 -1.00
ARG+B4892_  1.00  1.00  1.00  1.00  1.00  1.00  1.00  1.00  1.00  1.00  1.00  1.00  1.00  1.00  0.98
ASP-B4899_ -0.00 -0.00 -0.00 -0.02 -0.08 -0.31 -0.76 -0.94 -0.99 -1.00 -1.00 -1.00 -1.00 -1.00 -1.00
GLU-B4900_ -0.00 -0.00 -0.00 -0.00 -0.00 -0.01 -0.04 -0.16 -0.54 -0.85 -0.97 -0.99 -1.00 -1.00 -1.00
GLU-B4902_ -0.00 -0.00 -0.00 -0.01 -0.05 -0.12 -0.28 -0.59 -0.90 -0.97 -1.00 -1.00 -1.00 -1.00 -1.00
ASP-B4903_ -0.00 -0.00 -0.02 -0.13 -0.50 -0.87 -0.97 -1.00 -1.00 -1.00 -1.00 -1.00 -1.00 -1.00 -1.00
ASP-B4907_ -0.00 -0.01 -0.09 -0.46 -0.83 -0.96 -1.00 -1.00 -1.00 -1.00 -1.00 -1.00 -1.00 -1.00 -1.00
GLU-B4908_ -0.00 -0.00 -0.03 -0.18 -0.57 -0.89 -1.00 -1.00 -1.00 -1.00 -1.00 -1.00 -1.00 -1.00 -1.00
TYR-B4909_ -0.00 -0.00 -0.00 -0.00 -0.00 -0.00 -0.00 -0.00 -0.02 -0.16 -0.56 -0.90 -0.98 -1.00 -1.00
GLU-B4910_ -0.00 -0.00 -0.00 -0.00 -0.00 -0.00 -0.00 -0.00 -0.00 -0.03 -0.18 -0.65 -0.93 -0.99 -1.00
TYR-B4912_ -0.00 -0.00 -0.00 -0.00 -0.00 -0.00 -0.00 -0.00 -0.02 -0.15 -0.53 -0.88 -0.98 -1.00 -1.00
ARG+B4913_  1.00  1.00  1.00  1.00  1.00  1.00  1.00  1.00  1.00  1.00  1.00  1.00  1.00  0.99  0.95
ASP-B4917_ -0.01 -0.02 -0.06 -0.29 -0.70 -0.90 -0.97 -0.99 -1.00 -1.00 -1.00 -1.00 -1.00 -1.00 -1.00
ASP-B4938_ -0.00 -0.01 -0.04 -0.22 -0.59 -0.90 -0.99 -1.00 -1.00 -1.00 -1.00 -1.00 -1.00 -1.00 -1.00
CTR-B4940_ -0.00 -0.02 -0.14 -0.45 -0.76 -0.94 -0.99 -1.00 -1.00 -1.00 -1.00 -1.00 -1.00 -1.00 -1.00
NTR+B4943_  1.00  1.00  1.00  1.00  1.00  1.00  1.00  1.00  0.97  0.82  0.34  0.06  0.01  0.00  0.00
ARG+B4944_  1.00  1.00  1.00  1.00  1.00  1.00  1.00  1.00  1.00  1.00  1.00  1.00  1.00  0.98  0.81
CTR-B4944_ -0.00 -0.02 -0.17 -0.52 -0.82 -0.96 -0.99 -1.00 -1.00 -1.00 -1.00 -1.00 -1.00 -1.00 -1.00
NTR+B4952_  1.00  1.00  1.00  0.99  0.98  0.95  0.81  0.38  0.07  0.01  0.00  0.00  0.00  0.00  0.00
GLU-B4952_ -0.00 -0.00 -0.02 -0.10 -0.41 -0.79 -0.96 -0.99 -1.00 -1.00 -1.00 -1.00 -1.00 -1.00 -1.00
ASP-B4953_ -0.69 -0.93 -1.00 -1.00 -1.00 -1.00 -1.00 -1.00 -1.00 -1.00 -1.00 -1.00 -1.00 -1.00 -1.00
GLU-B4955_ -0.00 -0.00 -0.01 -0.10 -0.40 -0.80 -0.96 -0.99 -1.00 -1.00 -1.00 -1.00 -1.00 -1.00 -1.00
LYS+B4957_  1.00  1.00  1.00  1.00  1.00  1.00  1.00  1.00  1.00  1.00  1.00  0.99  0.92  0.72  0.28
CYS-B4958_ -0.00 -0.00 -0.00 -0.00 -0.00 -0.02 -0.04 -0.06 -0.13 -0.32 -0.73 -0.93 -0.98 -0.99 -0.99
CYS-B4961_ -0.00 -0.00 -0.00 -0.00 -0.00 -0.00 -0.00 -0.00 -0.00 -0.00 -0.00 -0.00 -0.01 -0.05 -0.16
CTR-B4963_ -0.00 -0.00 -0.00 -0.02 -0.08 -0.33 -0.75 -0.95 -0.99 -1.00 -1.00 -1.00 -1.00 -1.00 -1.00
NTR+B4981_  1.00  1.00  1.00  1.00  0.99  0.97  0.90  0.65  0.26  0.06  0.01  0.00  0.00  0.00  0.00
GLU-B4981_ -0.04 -0.22 -0.53 -0.74 -0.85 -0.92 -0.95 -0.98 -0.99 -1.00 -1.00 -1.00 -1.00 -1.00 -1.00
GLU-B4982_ -0.01 -0.05 -0.18 -0.41 -0.67 -0.85 -0.93 -0.98 -0.99 -1.00 -1.00 -1.00 -1.00 -1.00 -1.00
HIS+B4983_  0.11  0.02  0.00  0.00  0.00  0.01  0.02  0.04  0.05  0.08  0.07  0.06  0.05  0.08  0.12
TYR-B4988_ -0.00 -0.00 -0.00 -0.00 -0.00 -0.00 -0.00 -0.00 -0.00 -0.00 -0.00 -0.00 -0.00 -0.00 -0.00
TYR-B4994_ -0.00 -0.00 -0.00 -0.00 -0.00 -0.00 -0.00 -0.00 -0.00 -0.00 -0.00 -0.00 -0.00 -0.02 -0.09
LYS+B4998_  1.00  1.00  1.00  1.00  1.00  1.00  1.00  1.00  1.00  1.00  1.00  1.00  1.00  0.99  0.95
ASP-B4999_ -0.04 -0.23 -0.52 -0.79 -0.90 -0.96 -0.98 -0.99 -1.00 -1.00 -1.00 -1.00 -1.00 -1.00 -1.00
GLU-B5000_ -0.04 -0.17 -0.45 -0.74 -0.90 -0.97 -0.99 -1.00 -1.00 -1.00 -1.00 -1.00 -1.00 -1.00 -1.00
GLU-B5002_ -0.01 -0.07 -0.23 -0.42 -0.61 -0.77 -0.89 -0.98 -1.00 -1.00 -1.00 -1.00 -1.00 -1.00 -1.00
HIS+B5003_  1.00  1.00  1.00  0.99  0.98  0.96  0.87  0.39  0.09  0.02  0.00  0.00  0.00  0.00  0.00
CTR-B5003_ -0.01 -0.07 -0.24 -0.48 -0.69 -0.84 -0.92 -0.99 -1.00 -1.00 -1.00 -1.00 -1.00 -1.00 -1.00
NTR+B5023_  0.00  0.00  0.00  0.00  0.00  0.00  0.00  0.00  0.00  0.00  0.00  0.00  0.00  0.00  0.00
CTR-B5025_ -0.00 -0.00 -0.01 -0.06 -0.27 -0.67 -0.90 -0.98 -1.00 -1.00 -1.00 -1.00 -1.00 -1.00 -1.00
NTR+B5027_  0.00  0.00  0.00  0.00  0.00  0.00  0.00  0.00  0.00  0.00  0.00  0.00  0.00  0.00  0.00
CTR-B5027_ -0.00 -0.00 -0.02 -0.09 -0.21 -0.41 -0.72 -0.94 -0.99 -1.00 -1.00 -1.00 -1.00 -1.00 -1.00
CYS-B5027_ -0.00 -0.00 -0.00 -0.00 -0.00 -0.00 -0.00 -0.00 -0.00 -0.00 -0.00 -0.00 -0.00 -0.01 -0.06
NTR+B5037_  0.00  0.00  0.00  0.00  0.00  0.00  0.00  0.00  0.00  0.00  0.00  0.00  0.00  0.00  0.00
CTR-B5037_ -0.00 -0.01 -0.04 -0.23 -0.65 -0.92 -0.98 -1.00 -1.00 -1.00 -1.00 -1.00 -1.00 -1.00 -1.00
_ZN+B5101_  0.00  0.00  0.00  0.00  0.00  0.00  0.00  0.00  0.00  0.00  0.00  0.00  0.00  0.00  0.00
_CA+B5102_  0.00  0.00  0.00  0.00  0.00  0.00  0.00  0.00  0.00  0.00  0.00  0.00  0.00  0.00  0.00
----------
Net_Charge 114.61 106.60 93.22 69.38 34.64 -3.60 -33.74 -53.68 -68.32 -81.92 -97.98 -117.69 -137.59 -153.64 -170.23
Protons    114.61 106.60 93.22 69.38 34.64 -3.60 -33.74 -53.68 -68.32 -81.92 -97.98 -117.69 -137.59 -153.64 -170.23
Electrons   0.00  0.00  0.00  0.00  0.00  0.00  0.00  0.00  0.00  0.00  0.00  0.00  0.00  0.00  0.00
