   confID        vdw0    sas     sum
NTR01B3639_001  -0.003  -3.190  -3.193
NTR+1B3639_002  -0.005  -3.190  -3.195
THR01B3639_001   0.167  -4.364  -4.197
PRO01B3640_001   0.246  -3.158  -2.912
LEU01B3641_001   2.011  -9.729  -7.718
TYR01B3642_001   4.415 -10.564  -6.149
TYR01B3642_002   4.415 -10.564  -6.149
TYR-1B3642_003   4.415 -10.564  -6.149
ASN01B3643_001   0.339  -2.459  -2.119
ASN01B3643_002   0.110  -2.242  -2.132
LEU01B3644_001   1.626  -2.778  -1.152
PRO01B3645_001   0.237  -3.400  -3.163
THR01B3646_001   0.242  -7.078  -6.835
HIS01B3647_001  -0.163  -8.571  -8.734
HIS01B3647_002  -0.122  -8.746  -8.868
HIS02B3647_003  -0.182  -8.571  -8.752
HIS02B3647_004  -0.136  -8.746  -8.881
HIS+1B3647_005  -0.208  -8.571  -8.779
HIS+1B3647_006  -0.162  -8.746  -8.908
ARG01B3648_001   1.813  -8.172  -6.359
ARG02B3648_002   1.790  -8.172  -6.382
ARG03B3648_003   1.798  -8.172  -6.374
ARG+1B3648_004   1.751  -8.172  -6.421
ALA01B3649_001   0.000  -1.046  -1.046
CYS01B3650_001  -0.002  -3.982  -3.984
CYS01B3650_002  -0.002  -3.982  -3.984
CYS01B3650_003  -0.002  -3.982  -3.984
CYS-1B3650_004   0.000  -3.982  -3.982
ASN01B3651_001   0.465  -2.784  -2.319
ASN01B3651_002   0.225  -3.080  -2.854
MET01B3652_001   0.264  -6.657  -6.393
PHE01B3653_001   4.688  -9.384  -4.697
LEU01B3654_001   1.722  -6.745  -5.022
GLU01B3655_001   1.595  -3.571  -1.976
GLU01B3655_002   1.595  -3.571  -1.976
GLU02B3655_003   1.315  -3.605  -2.290
GLU02B3655_004   1.315  -3.605  -2.290
GLU-1B3655_005   1.226  -3.501  -2.274
SER01B3656_001   0.000  -3.580  -3.580
TYR01B3657_001   4.655  -5.771  -1.117
TYR-1B3657_002   4.655  -5.771  -1.117
LYS01B3658_001   1.260  -7.927  -6.666
LYS+1B3658_002   1.213  -7.927  -6.713
ALA01B3659_001   0.000  -5.080  -5.080
ALA01B3660_001   0.000  -2.576  -2.576
TRP01B3661_001   2.698  -4.479  -1.781
ILE01B3662_001   1.555 -10.672  -9.117
LEU01B3663_001   2.500  -5.972  -3.472
THR01B3664_001   0.168  -5.156  -4.988
GLU01B3665_001   1.595  -3.357  -1.761
GLU01B3665_002   1.595  -3.357  -1.761
GLU02B3665_003   1.304  -3.332  -2.028
GLU02B3665_004   1.304  -3.332  -2.028
GLU-1B3665_005   1.221  -3.349  -2.128
ASP01B3666_001   0.408  -1.941  -1.533
ASP01B3666_002   0.408  -1.941  -1.533
ASP02B3666_003   0.462  -1.902  -1.440
ASP02B3666_004   0.462  -1.902  -1.440
ASP-1B3666_005   0.354  -1.916  -1.563
HIS01B3667_001  -0.132  -4.861  -4.993
HIS01B3667_002  -0.081  -4.878  -4.959
HIS02B3667_003  -0.151  -4.861  -5.013
HIS02B3667_004  -0.094  -4.878  -4.972
HIS+1B3667_005  -0.178  -4.861  -5.039
HIS+1B3667_006  -0.121  -4.878  -4.998
SER01B3668_001   0.000  -3.197  -3.197
SER01B3668_002   0.000  -3.197  -3.197
PHE01B3669_001   4.399  -6.076  -1.677
GLU01B3670_001   1.144  -0.426   0.717
GLU01B3670_002   1.144  -0.426   0.717
GLU02B3670_003   0.929  -0.471   0.458
GLU02B3670_004   0.929  -0.471   0.458
GLU-1B3670_005   0.863  -0.426   0.437
ASP01B3671_001   0.063  -1.001  -0.938
ASP01B3671_002   0.063  -1.001  -0.938
ASP02B3671_003   0.131  -1.121  -0.990
ASP02B3671_004   0.131  -1.121  -0.990
ASP-1B3671_005   0.059  -1.034  -0.974
ARG01B3672_001   2.359 -10.504  -8.145
ARG02B3672_002   2.402 -10.504  -8.102
ARG03B3672_003   2.311 -10.504  -8.193
ARG+1B3672_004   2.271 -10.504  -8.232
MET01B3673_001   0.109  -3.533  -3.425
ILE01B3674_001   3.339  -0.377   2.962
ASP01B3675_001   0.161  -1.200  -1.040
ASP01B3675_002   0.161  -1.200  -1.040
ASP02B3675_003   0.246  -1.112  -0.866
ASP02B3675_004   0.246  -1.112  -0.866
ASP-1B3675_005   0.152  -1.150  -0.998
ASP01B3676_001   0.059  -1.701  -1.642
ASP01B3676_002   0.059  -1.701  -1.642
ASP02B3676_003   0.125  -1.836  -1.712
ASP02B3676_004   0.125  -1.836  -1.712
ASP-1B3676_005   0.055  -1.701  -1.645
LEU01B3677_001   1.543  -2.366  -0.824
SER01B3678_001   0.000  -0.613  -0.613
SER01B3678_002   0.000  -0.613  -0.613
LYS01B3679_001   1.294  -8.288  -6.994
LYS+1B3679_002   1.208  -8.288  -7.079
ALA01B3680_001   0.000  -3.087  -3.087
GLU01B3682_001   0.501  -3.309  -2.808
GLU01B3682_002   0.501  -3.309  -2.808
GLU02B3682_003   0.667  -3.338  -2.671
GLU02B3682_004   0.667  -3.338  -2.671
GLU-1B3682_005   0.469  -3.320  -2.851
GLN01B3683_001   0.453  -0.978  -0.525
GLU01B3684_001   0.500  -4.056  -3.555
GLU01B3684_002   0.500  -4.056  -3.555
GLU02B3684_003   0.667  -4.025  -3.357
GLU02B3684_004   0.667  -4.025  -3.357
GLU-1B3684_005   0.469  -4.001  -3.532
GLU01B3685_001   0.499  -4.275  -3.776
GLU01B3685_002   0.499  -4.275  -3.776
GLU02B3685_003   0.665  -4.237  -3.572
GLU02B3685_004   0.665  -4.237  -3.572
GLU-1B3685_005   0.467  -4.168  -3.701
GLU01B3686_001   0.500  -2.788  -2.288
GLU01B3686_002   0.500  -2.788  -2.288
GLU02B3686_003   0.667  -2.789  -2.122
GLU02B3686_004   0.667  -2.789  -2.122
GLU-1B3686_005   0.469  -2.752  -2.283
GLU01B3687_001   0.500  -2.459  -1.959
GLU01B3687_002   0.500  -2.459  -1.959
GLU02B3687_003   0.666  -2.422  -1.756
GLU02B3687_004   0.666  -2.422  -1.756
GLU-1B3687_005   0.468  -2.343  -1.875
GLU01B3688_001   0.499  -4.209  -3.710
GLU01B3688_002   0.499  -4.209  -3.710
GLU02B3688_003   0.666  -4.197  -3.531
GLU02B3688_004   0.666  -4.197  -3.531
GLU-1B3688_005   0.468  -4.134  -3.666
GLU01B3689_001   0.499  -4.201  -3.702
GLU01B3689_002   0.499  -4.201  -3.702
GLU02B3689_003   0.665  -4.261  -3.596
GLU02B3689_004   0.665  -4.261  -3.596
GLU-1B3689_005   0.467  -4.091  -3.624
VAL01B3690_001   0.501  -2.814  -2.313
GLU01B3691_001   0.499  -4.572  -4.074
GLU01B3691_002   0.499  -4.572  -4.074
GLU02B3691_003   0.665  -4.433  -3.768
GLU02B3691_004   0.665  -4.433  -3.768
GLU-1B3691_005   0.468  -4.345  -3.878
GLU01B3692_001   0.498  -3.609  -3.111
GLU01B3692_002   0.498  -3.609  -3.111
GLU02B3692_003   0.664  -3.739  -3.075
GLU02B3692_004   0.664  -3.739  -3.075
GLU-1B3692_005   0.466  -3.531  -3.065
LYS01B3693_001   3.779  -7.056  -3.276
LYS+1B3693_002   3.685  -7.056  -3.371
LYS01B3694_001   1.258  -5.074  -3.816
LYS+1B3694_002   1.175  -5.074  -3.899
PRO01B3695_001   0.247  -2.227  -1.980
ASP01B3696_001   0.145  -0.386  -0.241
ASP01B3696_002   0.145  -0.386  -0.241
ASP02B3696_003   0.224  -0.428  -0.204
ASP02B3696_004   0.224  -0.428  -0.204
ASP-1B3696_005   0.136  -0.413  -0.278
PRO01B3697_001   0.242  -2.746  -2.504
LEU01B3698_001   1.716  -0.103   1.613
HIS01B3699_001  -0.142  -2.198  -2.340
HIS01B3699_002  -0.096  -2.124  -2.220
HIS02B3699_003  -0.161  -2.198  -2.359
HIS02B3699_004  -0.109  -2.124  -2.233
HIS+1B3699_005  -0.188  -2.198  -2.386
HIS+1B3699_006  -0.135  -2.124  -2.260
GLN01B3700_001   1.452  -2.118  -0.666
GLN01B3700_002   2.406  -2.274   0.132
LEU01B3701_001   3.688  -1.700   1.988
VAL01B3702_001   0.703   0.000   0.703
LEU01B3703_001   1.754  -4.787  -3.033
HIS01B3704_001  -0.143  -6.726  -6.869
HIS01B3704_002  -0.098  -6.854  -6.951
HIS02B3704_003  -0.162  -6.726  -6.888
HIS02B3704_004  -0.111  -6.854  -6.964
HIS+1B3704_005  -0.189  -6.726  -6.915
HIS+1B3704_006  -0.137  -6.854  -6.991
PHE01B3705_001   4.353  -0.068   4.285
SER01B3706_001   0.000  -1.240  -1.240
SER01B3706_002   0.000  -1.240  -1.240
SER01B3706_003   0.000  -1.240  -1.240
ARG01B3707_001   2.009 -10.954  -8.945
ARG02B3707_002   1.995 -10.954  -8.959
ARG03B3707_003   1.990 -10.954  -8.964
ARG+1B3707_004   1.948 -10.954  -9.007
THR01B3708_001   0.240  -2.113  -1.873
ALA01B3709_001   0.000   0.000   0.000
LEU01B3710_001   1.369  -6.436  -5.066
THR01B3711_001   0.203  -4.925  -4.721
GLU01B3712_001   5.950  -3.780   2.170
GLU01B3712_002   5.950  -3.780   2.170
GLU02B3712_003   4.770  -3.845   0.925
GLU02B3712_004   4.770  -3.845   0.925
GLU-1B3712_005   4.708  -3.733   0.975
LYS01B3713_001   1.309  -4.584  -3.275
LYS+1B3713_002   1.261  -4.584  -3.323
SER01B3714_001   0.000  -4.975  -4.975
SER01B3714_002   0.000  -4.975  -4.975
LYS01B3715_001   1.687  -9.022  -7.335
LYS+1B3715_002   1.640  -9.022  -7.382
LEU01B3716_001   1.749  -0.361   1.389
ASP01B3717_001   0.147  -2.494  -2.348
ASP01B3717_002   0.147  -2.494  -2.348
ASP02B3717_003   0.227  -2.568  -2.341
ASP02B3717_004   0.227  -2.568  -2.341
ASP-1B3717_005   0.138  -2.438  -2.300
GLU01B3718_001   1.615  -3.158  -1.543
GLU01B3718_002   1.615  -3.158  -1.543
GLU02B3718_003   1.334  -3.078  -1.744
GLU02B3718_004   1.334  -3.078  -1.744
GLU-1B3718_005   1.243  -3.065  -1.821
ASP01B3719_001   0.047  -0.861  -0.814
ASP01B3719_002   0.047  -0.861  -0.814
ASP02B3719_003   0.110  -0.767  -0.657
ASP02B3719_004   0.110  -0.767  -0.657
ASP-1B3719_005   0.044  -0.758  -0.714
TYR01B3720_001   4.418 -11.491  -7.073
TYR-1B3720_002   4.418 -11.491  -7.073
LEU01B3721_001   3.567  -5.988  -2.421
TYR01B3722_001   4.703  -0.135   4.568
TYR-1B3722_002   4.703  -0.135   4.568
MET01B3723_001   0.026  -1.306  -1.280
ALA01B3724_001   0.000  -1.851  -1.851
TYR01B3725_001   4.498  -2.782   1.717
TYR01B3725_002   4.498  -2.782   1.717
TYR-1B3725_003   4.498  -2.782   1.717
ALA01B3726_001   0.000   0.000   0.000
ASP01B3727_001   0.055  -1.597  -1.543
ASP01B3727_002   0.055  -1.597  -1.543
ASP02B3727_003   0.120  -1.621  -1.502
ASP02B3727_004   0.120  -1.621  -1.502
ASP-1B3727_005   0.051  -1.516  -1.465
ILE01B3728_001   2.896  -0.515   2.381
MET01B3729_001   0.038  -0.187  -0.149
ALA01B3730_001   0.000  -0.274  -0.274
LYS01B3731_001   2.204  -4.780  -2.576
LYS+1B3731_002   2.118  -4.780  -2.662
SER01B3732_001   0.000  -0.060  -0.060
SER01B3732_002   0.000  -0.060  -0.060
CYS01B3733_001  -0.002   0.000  -0.002
CYS01B3733_002  -0.002   0.000  -0.002
CYS01B3733_003  -0.002   0.000  -0.002
CYS-1B3733_004   0.000   0.000   0.000
HIS01B3734_001  -0.354  -2.418  -2.772
HIS02B3734_002  -0.363  -2.418  -2.781
HIS+1B3734_003  -0.383  -2.418  -2.801
LEU01B3735_001   1.461  -0.927   0.533
GLU01B3736_001   0.499  -0.103   0.396
GLU01B3736_002   0.499  -0.103   0.396
GLU02B3736_003   0.665  -0.109   0.557
GLU02B3736_004   0.665  -0.109   0.557
GLU-1B3736_005   0.468  -0.103   0.364
GLU01B3737_001   0.498  -1.087  -0.590
GLU01B3737_002   0.498  -1.087  -0.590
GLU02B3737_003   0.664  -1.027  -0.363
GLU02B3737_004   0.664  -1.027  -0.363
GLU-1B3737_005   0.467  -1.038  -0.571
GLU01B3740_001   0.499  -1.052  -0.552
GLU01B3740_002   0.499  -1.052  -0.552
GLU02B3740_003   0.666  -1.046  -0.380
GLU02B3740_004   0.666  -1.046  -0.380
GLU-1B3740_005   0.468  -1.042  -0.574
ASN01B3741_001  -0.020  -2.362  -2.382
CTR01B3741_001  -0.021  -4.440  -4.461
CTR01B3741_002   0.106  -4.460  -4.354
CTR02B3741_003  -0.022  -4.634  -4.656
CTR02B3741_004   0.042  -4.479  -4.438
CTR-1B3741_005   0.000  -4.440  -4.440
NTR01B3747_001  -0.003  -3.435  -3.438
NTR+1B3747_002  -0.005  -3.435  -3.440
GLU01B3747_001   0.499  -4.374  -3.875
GLU01B3747_002   0.499  -4.374  -3.875
GLU02B3747_003   0.666  -4.299  -3.632
GLU02B3747_004   0.666  -4.299  -3.632
GLU-1B3747_005   0.468  -4.211  -3.743
GLU01B3748_001   0.499  -3.559  -3.061
GLU01B3748_002   0.499  -3.559  -3.061
GLU02B3748_003   0.665  -3.587  -2.922
GLU02B3748_004   0.665  -3.587  -2.922
GLU-1B3748_005   0.467  -3.531  -3.064
VAL01B3749_001   0.496  -7.530  -7.034
GLU01B3750_001   1.599  -2.255  -0.656
GLU01B3750_002   1.599  -2.255  -0.656
GLU02B3750_003   1.319  -2.307  -0.988
GLU02B3750_004   1.319  -2.307  -0.988
GLU-1B3750_005   1.229  -2.242  -1.013
VAL01B3751_001   0.636  -4.443  -3.807
SER01B3752_001   0.000  -3.120  -3.120
PHE01B3753_001   4.554  -5.230  -0.676
GLU01B3754_001   1.774  -1.485   0.289
GLU01B3754_002   1.774  -1.485   0.289
GLU02B3754_003   1.445  -1.484  -0.039
GLU02B3754_004   1.445  -1.484  -0.039
GLU-1B3754_005   1.363  -1.437  -0.075
GLU01B3755_001   1.627  -0.783   0.844
GLU01B3755_002   1.627  -0.783   0.844
GLU02B3755_003   1.342  -0.813   0.529
GLU02B3755_004   1.342  -0.813   0.529
GLU-1B3755_005   1.251  -0.745   0.506
LYS01B3756_001   1.080  -5.092  -4.012
LYS+1B3756_002   0.997  -5.092  -4.096
GLU01B3757_001   2.964  -1.068   1.895
GLU01B3757_002   2.964  -1.068   1.895
GLU02B3757_003   2.361  -1.014   1.347
GLU02B3757_004   2.361  -1.014   1.347
GLU-1B3757_005   2.291  -1.068   1.223
MET01B3758_001   0.167  -0.858  -0.691
GLU01B3759_001   1.636  -0.634   1.002
GLU01B3759_002   1.636  -0.634   1.002
GLU02B3759_003   1.346  -0.516   0.830
GLU02B3759_004   1.346  -0.516   0.830
GLU-1B3759_005   1.257  -0.520   0.737
LYS01B3760_001   1.039  -6.337  -5.298
LYS+1B3760_002   0.994  -6.337  -5.343
GLN01B3761_001   0.654  -0.893  -0.240
GLN01B3761_002   0.570  -1.005  -0.435
ARG01B3762_001   2.159  -2.377  -0.218
ARG02B3762_002   2.142  -2.377  -0.235
ARG02B3762_003   2.222  -2.377  -0.155
ARG03B3762_004   2.135  -2.377  -0.242
ARG+1B3762_005   2.096  -2.377  -0.281
LEU01B3763_001   1.646  -0.515   1.131
LEU01B3764_001   1.785  -3.467  -1.682
TYR01B3765_001   4.114  -2.903   1.211
TYR01B3765_002   4.114  -2.903   1.211
TYR-1B3765_003   4.114  -2.903   1.211
GLN01B3766_001   2.314  -0.039   2.275
GLN01B3766_002   3.924  -0.069   3.855
GLN01B3767_001   2.225  -0.026   2.199
GLN01B3767_002   3.713  -0.026   3.688
SER01B3768_001   0.000  -2.424  -2.424
SER01B3768_002   0.000  -2.424  -2.424
SER01B3768_003   0.000  -2.424  -2.424
ARG01B3769_001   2.674  -1.867   0.807
ARG02B3769_002   2.600  -1.867   0.733
ARG02B3769_003   2.660  -1.867   0.794
ARG03B3769_004   2.600  -1.867   0.733
ARG+1B3769_005   2.556  -1.867   0.689
LEU01B3770_001   3.971  -0.155   3.816
HIS01B3771_001  -0.172  -3.603  -3.776
HIS01B3771_002  -0.138  -3.667  -3.806
HIS02B3771_003  -0.190  -3.603  -3.793
HIS02B3771_004  -0.152  -3.667  -3.820
HIS+1B3771_005  -0.217  -3.603  -3.820
HIS+1B3771_006  -0.179  -3.667  -3.846
THR01B3772_001   0.185  -1.280  -1.095
THR01B3772_002   0.185  -1.280  -1.095
ARG01B3773_001   1.877  -8.836  -6.959
ARG02B3773_002   1.861  -8.836  -6.975
ARG03B3773_003   1.857  -8.836  -6.979
ARG+1B3773_004   1.814  -8.836  -7.022
ALA01B3775_001   0.000   0.000   0.000
ALA01B3776_001   0.000   0.000   0.000
GLU01B3777_001   2.239  -1.452   0.788
GLU01B3777_002   2.239  -1.452   0.788
GLU02B3777_003   1.774  -1.377   0.396
GLU02B3777_004   1.774  -1.377   0.396
GLU-1B3777_005   1.712  -1.378   0.334
MET01B3778_001   0.451   0.000   0.451
CTR01B3778_001  -0.021  -0.232  -0.253
CTR01B3778_002   0.088  -0.232  -0.143
CTR02B3778_003  -0.022  -0.232  -0.254
CTR02B3778_004   0.033  -0.270  -0.238
CTR-1B3778_005   0.000  -0.232  -0.232
NTR01B3780_001  -0.003  -0.193  -0.196
NTR+1B3780_002  -0.005  -0.193  -0.198
LEU01B3780_001   2.115  -2.334  -0.219
GLN01B3781_001   1.962  -0.540   1.422
GLN01B3781_002   3.260  -0.669   2.590
MET01B3782_001   0.760  -0.096   0.664
ILE01B3783_001   2.192  -4.942  -2.750
SER01B3784_001   0.000  -3.984  -3.984
ALA01B3785_001   0.000  -0.103  -0.103
CYS01B3786_001  -0.002  -0.143  -0.145
CYS01B3786_002  -0.002  -0.143  -0.145
CYS01B3786_003  -0.002  -0.143  -0.145
CYS-1B3786_004   0.000  -0.143  -0.143
LYS01B3787_001   0.754  -8.146  -7.392
LYS+1B3787_002   0.709  -8.146  -7.437
GLU01B3789_001   2.115  -1.450   0.665
GLU01B3789_002   2.115  -1.450   0.665
GLU02B3789_003   1.731  -1.567   0.164
GLU02B3789_004   1.731  -1.567   0.164
GLU-1B3789_005   1.658  -1.506   0.152
THR01B3790_001   0.215  -3.324  -3.109
THR01B3790_002   0.215  -3.324  -3.109
ALA01B3792_001   0.000  -3.483  -3.483
MET01B3793_001   0.538  -0.354   0.184
VAL01B3794_001   0.619  -0.412   0.207
SER01B3795_001   0.000  -0.977  -0.977
SER01B3795_002   0.000  -0.977  -0.977
SER01B3796_001   0.000  -0.770  -0.770
SER01B3796_002   0.000  -0.770  -0.770
SER01B3796_003   0.000  -0.770  -0.770
THR01B3797_001   0.217  -0.464  -0.247
THR01B3797_002   0.217  -0.464  -0.247
LEU01B3798_001   2.041  -0.464   1.578
LYS01B3799_001   1.194  -3.923  -2.729
LYS+1B3799_002   1.148  -3.923  -2.775
LEU01B3800_001   1.599  -0.155   1.444
ILE01B3802_001   3.171  -1.887   1.284
SER01B3803_001   0.000  -0.241  -0.241
SER01B3803_002   0.000  -0.241  -0.241
ILE01B3804_001   2.516  -0.155   2.362
LEU01B3805_001   2.138   0.000   2.138
ASN01B3806_001   0.122  -1.117  -0.996
ASN01B3806_002  -0.024  -1.285  -1.309
ASN01B3809_001   0.437  -0.733  -0.297
ASN01B3809_002   0.199  -0.861  -0.662
ALA01B3810_001   0.000  -4.185  -4.185
GLU01B3811_001   1.838  -3.400  -1.562
GLU01B3811_002   1.838  -3.400  -1.562
GLU02B3811_003   1.500  -3.399  -1.900
GLU02B3811_004   1.500  -3.399  -1.900
GLU-1B3811_005   1.416  -3.342  -1.926
VAL01B3812_001   0.677  -0.103   0.574
GLN01B3813_001   1.828  -0.310   1.518
GLN01B3813_002   3.038  -0.472   2.565
CTR01B3813_001  -0.021  -1.294  -1.314
CTR01B3813_002   0.097  -1.371  -1.274
CTR02B3813_003  -0.022  -1.294  -1.316
CTR02B3813_004   0.038  -1.313  -1.275
CTR-1B3813_005   0.000  -1.294  -1.294
NTR01B3815_001  -0.003  -0.450  -0.453
NTR+1B3815_002  -0.005  -0.450  -0.454
LYS01B3815_001   0.934  -2.019  -1.085
LYS+1B3815_002   0.890  -2.019  -1.130
MET01B3816_001   0.810  -0.379   0.431
CTR01B3816_001  -0.021  -0.579  -0.600
CTR01B3816_002   0.099  -0.656  -0.558
CTR02B3816_003  -0.022  -0.579  -0.601
CTR02B3816_004   0.039  -0.714  -0.676
CTR-1B3816_005   0.000  -0.579  -0.579
NTR01B3818_001  -0.003  -1.665  -1.668
NTR+1B3818_002  -0.005  -1.665  -1.670
ASP01B3818_001   0.376  -2.687  -2.311
ASP01B3818_002   0.376  -2.687  -2.311
ASP02B3818_003   0.430  -2.816  -2.386
ASP02B3818_004   0.430  -2.816  -2.386
ASP-1B3818_005   0.326  -2.636  -2.310
TYR01B3819_001   4.537  -4.165   0.372
TYR-1B3819_002   4.537  -4.165   0.372
CTR01B3819_001  -0.021  -1.853  -1.874
CTR01B3819_002   0.096  -1.989  -1.893
CTR02B3819_003  -0.022  -1.853  -1.875
CTR02B3819_004   0.037  -1.854  -1.816
CTR-1B3819_005   0.000  -1.853  -1.853
NTR01B3822_001  -0.003  -2.295  -2.297
NTR+1B3822_002  -0.005  -2.295  -2.299
CTR01B3822_001  -0.021  -5.203  -5.224
CTR01B3822_002   0.100  -5.049  -4.949
CTR02B3822_003  -0.022  -5.068  -5.090
CTR02B3822_004   0.039  -5.145  -5.106
CTR-1B3822_005   0.000  -5.068  -5.068
ASP01B3822_001   0.378  -3.052  -2.674
ASP01B3822_002   0.378  -3.052  -2.674
ASP02B3822_003   0.430  -3.175  -2.745
ASP02B3822_004   0.430  -3.175  -2.745
ASP-1B3822_005   0.327  -3.032  -2.706
NTR01B3836_001  -0.003  -1.927  -1.930
NTR+1B3836_002  -0.005  -1.927  -1.932
MET01B3836_001   0.717  -5.353  -4.637
GLN01B3837_001   1.574  -4.186  -2.612
GLN01B3837_002   2.633  -4.295  -1.661
THR01B3838_001   0.243  -4.633  -4.390
THR01B3838_002   0.243  -4.633  -4.390
CYS01B3839_001  -0.002   0.000  -0.002
CYS01B3839_002  -0.002   0.000  -0.002
CYS01B3839_003  -0.003   0.000  -0.003
CYS-1B3839_004   0.000   0.000   0.000
SER01B3840_001   0.000  -1.787  -1.787
SER01B3840_002   0.000  -1.787  -1.787
SER01B3840_003   0.000  -1.787  -1.787
VAL01B3841_001   0.680  -1.391  -0.711
LEU01B3842_001   1.903   0.000   1.903
ASP01B3843_001   0.150  -2.256  -2.107
ASP01B3843_002   0.150  -2.256  -2.107
ASP02B3843_003   0.230  -2.198  -1.968
ASP02B3843_004   0.230  -2.198  -1.968
ASP-1B3843_005   0.141  -2.171  -2.030
LEU01B3844_001   1.912  -2.472  -0.560
ASN01B3845_001   0.276  -3.234  -2.958
ASN01B3845_002   0.426  -3.287  -2.861
ALA01B3846_001   0.000  -1.648  -1.648
PHE01B3847_001   4.553  -0.101   4.452
GLU01B3848_001   1.516  -1.025   0.492
GLU01B3848_002   1.516  -1.025   0.492
GLU02B3848_003   1.304  -1.051   0.253
GLU02B3848_004   1.304  -1.051   0.253
GLU-1B3848_005   1.186  -0.977   0.209
ARG01B3849_001   1.664  -9.741  -8.077
ARG02B3849_002   1.648  -9.741  -8.093
ARG03B3849_003   1.640  -9.741  -8.101
ARG+1B3849_004   1.601  -9.741  -8.140
GLN01B3850_001   1.993  -0.034   1.958
ASN01B3851_001   0.147  -1.107  -0.961
ASN01B3851_002  -0.010  -1.122  -1.132
LYS01B3852_001   0.731  -8.990  -8.258
LYS+1B3852_002   0.685  -8.990  -8.304
ALA01B3853_001   0.000  -0.943  -0.943
GLU01B3854_001   0.497  -1.891  -1.394
GLU01B3854_002   0.497  -1.891  -1.394
GLU02B3854_003   0.664  -1.831  -1.167
GLU02B3854_004   0.664  -1.831  -1.167
GLU-1B3854_005   0.466  -1.830  -1.364
LEU01B3856_001   1.600  -7.756  -6.156
MET01B3858_001   0.142  -8.853  -8.711
VAL01B3859_001   0.503  -2.540  -2.037
ASN01B3860_001  -0.020  -3.254  -3.274
GLU01B3861_001   0.500  -2.902  -2.402
GLU01B3861_002   0.500  -2.902  -2.402
GLU02B3861_003   0.667  -2.849  -2.182
GLU02B3861_004   0.667  -2.849  -2.182
GLU-1B3861_005   0.469  -2.777  -2.308
ASP01B3862_001  -0.040  -2.249  -2.289
ASP01B3862_002  -0.040  -2.249  -2.289
ASP02B3862_003  -0.009  -2.305  -2.314
ASP02B3862_004  -0.009  -2.305  -2.314
ASP-1B3862_005  -0.041  -2.199  -2.240
THR01B3864_001   0.151  -1.669  -1.519
VAL01B3865_001   0.503  -5.763  -5.260
ILE01B3866_001   0.941  -5.151  -4.210
ASN01B3867_001  -0.020  -1.246  -1.266
ARG01B3868_0011191.926  -5.7421186.185
ARG02B3868_0021191.908  -5.7421186.166
ARG03B3868_0031191.942  -5.7421186.201
ARG03B3868_004 190.972  -5.742 185.230
ARG+1B3868_0051191.876  -5.7421186.135
GLN01B3869_001   0.455  -1.912  -1.457
ASN01B3870_001  -0.020  -0.199  -0.218
GLU01B3872_001   0.499  -3.947  -3.448
GLU01B3872_002   0.499  -3.947  -3.448
GLU02B3872_003   0.666  -4.035  -3.369
GLU02B3872_004   0.666  -4.035  -3.369
GLU-1B3872_005   0.468  -3.880  -3.412
LYS01B3873_001   0.897  -3.587  -2.690
LYS+1B3873_002   0.851  -3.587  -2.736
VAL01B3874_001   0.789   0.000   0.789
MET01B3875_001   0.595   0.000   0.595
ALA01B3876_001   0.000  -1.149  -1.149
ASP01B3877_001   0.078  -0.143  -0.065
ASP01B3877_002   0.078  -0.143  -0.065
ASP02B3877_003   0.151  -0.212  -0.061
ASP02B3877_004   0.151  -0.212  -0.061
ASP-1B3877_005   0.075  -0.207  -0.132
ASP01B3878_001   0.065  -1.412  -1.347
ASP01B3878_002   0.065  -1.412  -1.347
ASP02B3878_003   0.134  -1.467  -1.332
ASP02B3878_004   0.134  -1.467  -1.332
ASP-1B3878_005   0.062  -1.365  -1.303
GLU01B3879_001   0.499  -3.553  -3.054
GLU01B3879_002   0.499  -3.553  -3.054
GLU02B3879_003   0.665  -3.423  -2.758
GLU02B3879_004   0.665  -3.423  -2.758
GLU-1B3879_005   0.468  -3.281  -2.813
PHE01B3880_001   4.491  -1.715   2.776
THR01B3881_001   0.236   0.000   0.236
THR01B3881_002   0.236   0.000   0.236
THR01B3881_003   0.236   0.000   0.236
GLN01B3882_001   1.327  -1.777  -0.450
GLN01B3882_002   2.196  -1.491   0.704
ASP01B3883_001   0.440  -0.761  -0.320
ASP01B3883_002   0.440  -0.761  -0.320
ASP02B3883_003   0.473  -0.689  -0.216
ASP02B3883_004   0.473  -0.689  -0.216
ASP-1B3883_005   0.372  -0.689  -0.317
LEU01B3884_001   1.545  -2.266  -0.721
PHE01B3885_001   4.601  -1.621   2.980
CTR01B3885_001  -0.021  -0.174  -0.195
CTR01B3885_002   0.086  -0.174  -0.088
CTR02B3885_003  -0.022  -0.174  -0.196
CTR02B3885_004   0.032  -0.251  -0.219
CTR-1B3885_005   0.000  -0.174  -0.174
NTR01B3887_001  -0.003  -0.064  -0.067
NTR01B3887_002  -0.002  -0.064  -0.066
NTR+1B3887_003  -0.005  -0.064  -0.069
CTR01B3887_001  -0.021  -0.232  -0.253
CTR01B3887_002   0.103  -0.232  -0.128
CTR02B3887_003  -0.022  -0.232  -0.254
CTR02B3887_004   0.040  -0.251  -0.211
CTR-1B3887_005   0.000  -0.232  -0.232
PHE01B3887_001   4.640  -1.972   2.668
NTR01B3889_001  -0.003   0.000  -0.003
NTR+1B3889_002  -0.005   0.000  -0.005
GLN01B3889_001   1.447  -0.979   0.468
LEU01B3890_001   1.800  -2.060  -0.261
LEU01B3891_001   2.190  -1.423   0.767
CYS01B3892_001  -0.002   0.000  -0.002
CYS01B3892_002  -0.002   0.000  -0.002
CYS01B3892_003  -0.002   0.000  -0.002
CYS-1B3892_004   0.000   0.000   0.000
GLU01B3893_001   1.700  -0.767   0.934
GLU01B3893_002   1.700  -0.767   0.934
GLU02B3893_003   1.379  -0.744   0.635
GLU02B3893_004   1.379  -0.744   0.635
GLU-1B3893_005   1.301  -0.758   0.543
CTR01B3893_001  -0.021  -3.079  -3.100
CTR01B3893_002   0.098  -3.195  -3.097
CTR02B3893_003  -0.022  -3.079  -3.101
CTR02B3893_004   0.039  -3.215  -3.176
CTR-1B3893_005   0.000  -3.079  -3.079
NTR01B3897_001  -0.003  -1.221  -1.224
NTR+1B3897_002  -0.005  -1.221  -1.226
ASN01B3897_001   0.162  -2.432  -2.270
ASN01B3897_002   0.000  -2.257  -2.257
ASP01B3898_001   0.066  -3.237  -3.172
ASP01B3898_002   0.066  -3.237  -3.172
ASP02B3898_003   0.135  -3.451  -3.316
ASP02B3898_004   0.135  -3.451  -3.316
ASP-1B3898_005   0.063  -3.333  -3.270
PHE01B3899_001   4.967  -2.042   2.925
GLN01B3900_001   1.243  -0.433   0.810
GLN01B3900_002   2.064  -0.345   1.719
ASN01B3901_001   0.437  -1.720  -1.283
TYR01B3902_001   4.736  -6.127  -1.391
TYR-1B3902_002   4.736  -6.127  -1.391
LEU01B3903_001   1.945  -2.643  -0.698
ARG01B3904_001   3.056  -4.080  -1.024
ARG02B3904_002   3.021  -4.080  -1.060
ARG02B3904_003   3.025  -4.080  -1.055
ARG03B3904_004   3.030  -4.080  -1.051
ARG03B3904_005   3.063  -4.080  -1.018
ARG+1B3904_006   2.981  -4.080  -1.099
THR01B3905_001   0.167  -3.712  -3.545
GLN01B3906_001   2.496  -2.105   0.391
GLN01B3906_002   4.225  -2.277   1.948
THR01B3907_001   0.199  -5.982  -5.783
THR01B3907_002   0.199  -5.982  -5.783
ASN01B3909_001   0.379  -2.490  -2.112
ASN01B3909_002   0.159  -2.498  -2.339
THR01B3910_001   0.182  -7.584  -7.402
THR01B3910_002   0.182  -7.584  -7.402
CTR01B3910_001  -0.021  -4.440  -4.461
CTR01B3910_002   0.089  -4.421  -4.332
CTR02B3910_003  -0.022  -4.305  -4.327
CTR02B3910_004   0.033  -4.518  -4.485
CTR-1B3910_005   0.000  -4.305  -4.305
NTR01B3922_001  -0.003  -1.799  -1.801
NTR+1B3922_002  -0.005  -1.799  -1.803
CTR01B3922_001  -0.021  -1.390  -1.411
CTR01B3922_002   0.094  -1.390  -1.296
CTR02B3922_003  -0.022  -1.564  -1.586
CTR02B3922_004   0.036  -1.390  -1.354
CTR-1B3922_005   0.000  -1.390  -1.390
TYR01B3922_001   4.398  -0.660   3.738
TYR01B3922_002   4.398  -0.660   3.738
TYR-1B3922_003   4.398  -0.660   3.738
NTR01B3924_001  -0.003  -0.514  -0.517
NTR+1B3924_002  -0.005  -0.514  -0.519
LEU01B3924_001   1.725  -2.988  -1.262
ARG01B3925_001   2.681  -5.347  -2.666
ARG02B3925_002   2.682  -5.347  -2.664
ARG03B3925_003   2.643  -5.347  -2.703
ARG03B3925_004   2.648  -5.347  -2.699
ARG+1B3925_005   2.603  -5.347  -2.743
LEU01B3926_001   1.821  -0.464   1.357
GLN01B3927_001   2.661  -0.354   2.307
GLN01B3927_002   4.344  -0.285   4.058
GLU01B3928_001   2.713  -3.071  -0.357
GLU01B3928_002   2.713  -3.071  -0.357
GLU02B3928_003   2.153  -3.198  -1.045
GLU02B3928_004   2.153  -3.198  -1.045
GLU-1B3928_005   2.091  -3.002  -0.910
SER01B3929_001   0.000  -0.336  -0.336
SER01B3929_002   0.000  -0.336  -0.336
ILE01B3930_001   3.090  -0.103   2.987
SER01B3931_001   0.000  -1.056  -1.056
SER01B3931_002   0.000  -1.056  -1.056
SER01B3931_003   0.000  -1.056  -1.056
ASP01B3932_001   0.154  -2.097  -1.943
ASP01B3932_002   0.154  -2.097  -1.943
ASP02B3932_003   0.236  -2.177  -1.941
ASP02B3932_004   0.236  -2.177  -1.941
ASP-1B3932_005   0.145  -2.046  -1.901
PHE01B3933_001   4.568  -0.152   4.417
TYR01B3934_001   4.539  -1.346   3.194
TYR-1B3934_002   4.539  -1.346   3.194
TRP01B3935_001   2.937  -8.818  -5.881
TYR01B3936_001   4.355  -4.323   0.031
TYR-1B3936_002   4.355  -4.323   0.031
TYR01B3937_001   4.684   0.000   4.684
TYR-1B3937_002   4.684   0.000   4.684
SER01B3938_001   0.000  -1.220  -1.220
SER01B3938_002   0.000  -1.220  -1.220
SER01B3938_003   0.000  -1.220  -1.220
LYS01B3940_001   0.901  -3.904  -3.003
LYS+1B3940_002   0.856  -3.904  -3.048
ASP01B3941_001   0.057  -2.898  -2.841
ASP01B3941_002   0.057  -2.898  -2.841
ASP02B3941_003   0.123  -2.966  -2.843
ASP02B3941_004   0.123  -2.966  -2.843
ASP-1B3941_005   0.054  -2.937  -2.883
VAL01B3942_001   0.500  -4.633  -4.133
ILE01B3943_001   3.083  -0.155   2.929
GLU01B3944_001   1.776  -2.435  -0.659
GLU01B3944_002   1.776  -2.435  -0.659
GLU02B3944_003   1.465  -2.416  -0.951
GLU02B3944_004   1.465  -2.416  -0.951
GLU-1B3944_005   1.373  -2.485  -1.112
GLU01B3945_001   3.119  -2.933   0.186
GLU01B3945_002   3.119  -2.933   0.186
GLU02B3945_003   2.527  -3.036  -0.509
GLU02B3945_004   2.527  -3.036  -0.509
GLU-1B3945_005   2.445  -2.909  -0.464
GLN01B3946_001   0.614  -0.432   0.182
GLN01B3946_002   0.542  -0.353   0.190
LYS01B3948_001   1.326  -1.174   0.151
LYS+1B3948_002   1.279  -1.174   0.104
ARG01B3949_001   2.412  -5.049  -2.637
ARG02B3949_002   2.393  -5.049  -2.656
ARG03B3949_003   2.469  -5.049  -2.580
ARG+1B3949_004   2.350  -5.049  -2.699
ASN01B3950_001   0.423   0.000   0.423
ASN01B3950_002   0.192   0.000   0.192
PHE01B3951_001   4.715   0.000   4.715
SER01B3952_001   0.000  -1.639  -1.639
SER01B3952_002   0.000  -1.639  -1.639
SER01B3952_003   0.000  -1.639  -1.639
LYS01B3953_001   1.203  -2.307  -1.104
LYS+1B3953_002   1.156  -2.307  -1.151
ALA01B3954_001   0.000   0.000   0.000
MET01B3955_001   0.627  -0.100   0.528
SER01B3956_001   0.000  -1.508  -1.508
SER01B3956_002   0.000  -1.508  -1.508
VAL01B3957_001   0.745  -0.103   0.642
ALA01B3958_001   0.000  -0.155  -0.155
LYS01B3959_001   1.705  -3.145  -1.440
LYS+1B3959_002   1.601  -3.145  -1.544
GLN01B3960_001   1.155  -1.191  -0.036
GLN01B3960_002   1.553  -1.181   0.372
CTR01B3960_001  -0.021  -0.405  -0.426
CTR01B3960_002   0.096  -0.405  -0.310
CTR02B3960_003  -0.022  -0.405  -0.427
CTR02B3960_004   0.037  -0.444  -0.407
CTR-1B3960_005   0.000  -0.405  -0.405
NTR01B3962_001  -0.003  -0.385  -0.388
NTR+1B3962_002  -0.005  -0.385  -0.390
PHE01B3962_001   4.645  -1.131   3.514
ASN01B3963_001   0.422  -1.201  -0.779
ASN01B3963_002   0.187  -1.024  -0.836
SER01B3964_001   0.000  -0.048  -0.048
SER01B3964_002   0.000  -0.048  -0.048
LEU01B3965_001   1.990  -3.828  -1.837
THR01B3966_001   0.207  -0.447  -0.240
THR01B3966_002   0.207  -0.447  -0.240
GLU01B3967_001   1.618  -0.531   1.087
GLU01B3967_002   1.618  -0.531   1.087
GLU02B3967_003   1.326  -0.459   0.867
GLU02B3967_004   1.326  -0.459   0.867
GLU-1B3967_005   1.241  -0.482   0.758
TYR01B3968_001   4.185  -2.730   1.455
TYR-1B3968_002   4.185  -2.730   1.455
ILE01B3969_001   2.566  -0.480   2.086
GLN01B3970_001   1.584  -0.645   0.940
GLN01B3970_002   2.637  -0.768   1.869
PRO01B3972_001   0.268  -4.356  -4.087
CYS01B3973_001  -0.002  -0.071  -0.073
CYS01B3973_002  -0.002  -0.071  -0.073
CYS01B3973_003  -0.003  -0.071  -0.074
CYS-1B3973_004   0.000  -0.071  -0.071
THR01B3974_001   0.212  -5.272  -5.061
THR01B3974_002   0.212  -5.272  -5.061
ASN01B3976_001   0.425  -0.207   0.218
ASN01B3976_002   0.186  -0.236  -0.050
GLN01B3977_001   1.417  -0.690   0.728
GLN01B3977_002   2.352  -0.900   1.452
GLN01B3978_001   0.619  -3.534  -2.915
GLN01B3978_002   0.554  -3.595  -3.041
SER01B3979_001   0.000  -3.080  -3.080
SER01B3979_002   0.000  -3.080  -3.080
LEU01B3980_001   1.591  -3.294  -1.702
ALA01B3981_001   0.000  -1.526  -1.526
HIS01B3982_001  -0.177  -8.553  -8.729
HIS01B3982_002  -0.138  -8.786  -8.925
HIS02B3982_003  -0.195  -8.553  -8.747
HIS02B3982_004  -0.152  -8.786  -8.938
HIS+1B3982_005  -0.221  -8.553  -8.774
HIS+1B3982_006  -0.178  -8.786  -8.964
SER01B3983_001   0.000  -1.932  -1.932
SER01B3983_002   0.000  -1.932  -1.932
SER01B3983_003   0.000  -1.932  -1.932
ARG01B3984_001   1.499  -9.513  -8.014
ARG02B3984_002   1.460  -9.513  -8.054
ARG03B3984_003   1.522  -9.513  -7.992
ARG+1B3984_004   1.417  -9.513  -8.097
CTR01B3984_001  -0.021  -0.821  -0.842
CTR01B3984_002   0.127  -0.821  -0.693
CTR02B3984_003  -0.022  -0.821  -0.843
CTR02B3984_004   0.052  -0.821  -0.768
CTR-1B3984_005   0.000  -0.821  -0.821
NTR01B3986_001  -0.003  -0.257  -0.260
NTR+1B3986_002  -0.005  -0.257  -0.262
TRP01B3986_001   3.146  -3.336  -0.190
ASP01B3987_001   0.064  -2.422  -2.358
ASP01B3987_002   0.064  -2.422  -2.358
ASP02B3987_003   0.132  -2.372  -2.241
ASP02B3987_004   0.132  -2.372  -2.241
ASP-1B3987_005   0.060  -2.265  -2.205
ALA01B3988_001   0.000  -0.702  -0.702
VAL01B3989_001   0.896  -2.556  -1.661
VAL01B3990_001   0.709  -0.892  -0.183
PHE01B3992_001   4.723  -0.859   3.864
LEU01B3993_001   1.823  -1.339   0.484
HIS01B3994_001  -0.176  -3.852  -4.027
HIS02B3994_002  -0.193  -3.852  -4.045
HIS+1B3994_003  -0.220  -3.852  -4.072
VAL01B3995_001   0.724   0.000   0.724
PHE01B3996_001   4.166   0.000   4.166
ALA01B3997_001   0.000   0.000   0.000
HIS01B3998_001  -0.135  -2.383  -2.518
HIS02B3998_002  -0.154  -2.383  -2.537
HIS+1B3998_003  -0.181  -2.383  -2.564
MET01B3999_001   0.041  -0.048  -0.007
MET01B4000_001   2.424   0.000   2.424
MET01B4001_001  -0.046  -1.767  -1.813
LYS01B4002_001   0.899  -1.223  -0.325
LYS+1B4002_002   0.852  -1.223  -0.371
LEU01B4003_001   1.566  -0.052   1.514
ALA01B4004_001   0.000  -0.206  -0.206
GLN01B4005_001   1.591  -1.728  -0.136
GLN01B4005_002   2.651  -1.664   0.987
ASP01B4006_001   0.063  -1.355  -1.292
ASP01B4006_002   0.063  -1.355  -1.292
ASP02B4006_003   0.132  -1.420  -1.288
ASP02B4006_004   0.132  -1.420  -1.288
ASP-1B4006_005   0.060  -1.370  -1.309
SER01B4007_001   0.000  -3.563  -3.563
SER01B4007_002   0.000  -3.563  -3.563
SER01B4008_001   0.000  -4.010  -4.010
SER01B4008_002   0.000  -4.010  -4.010
GLN01B4009_001   1.590  -0.113   1.477
GLN01B4009_002   2.638  -0.113   2.525
ILE01B4010_001   2.344  -1.803   0.541
GLU01B4011_001   2.404  -3.086  -0.682
GLU01B4011_002   2.404  -3.086  -0.682
GLU02B4011_003   1.904  -3.106  -1.203
GLU02B4011_004   1.904  -3.106  -1.203
GLU-1B4011_005   1.842  -2.998  -1.156
LEU01B4012_001   1.593  -0.206   1.387
LEU01B4013_001   1.776  -0.309   1.467
LYS01B4014_001   1.363  -5.765  -4.403
LYS+1B4014_002   1.316  -5.765  -4.449
GLU01B4015_001   2.524  -1.486   1.039
GLU01B4015_002   2.524  -1.486   1.039
GLU02B4015_003   2.004  -1.472   0.532
GLU02B4015_004   2.004  -1.472   0.532
GLU-1B4015_005   1.941  -1.421   0.520
LEU01B4016_001   2.783   0.000   2.783
LEU01B4017_001   1.999  -0.206   1.793
ASP01B4018_001   0.143  -1.263  -1.120
ASP01B4018_002   0.143  -1.263  -1.120
ASP02B4018_003   0.223  -1.319  -1.096
ASP02B4018_004   0.223  -1.319  -1.096
ASP-1B4018_005   0.135  -1.240  -1.106
LEU01B4019_001   1.740  -0.052   1.688
GLN01B4020_001   2.944  -0.276   2.669
GLN01B4020_002   4.929  -0.172   4.757
LYS01B4021_001   1.514  -4.063  -2.549
LYS+1B4021_002   1.468  -4.063  -2.595
ASP01B4022_001   0.125  -1.100  -0.975
ASP01B4022_002   0.125  -1.100  -0.975
ASP02B4022_003   0.198  -1.024  -0.826
ASP02B4022_004   0.198  -1.024  -0.826
ASP-1B4022_005   0.116  -0.999  -0.883
MET01B4023_001   0.024  -0.336  -0.312
VAL01B4024_001   0.519  -2.060  -1.541
VAL01B4025_001   0.593  -2.730  -2.137
MET01B4026_001  -0.004  -2.200  -2.205
CTR01B4026_001  -0.021  -1.042  -1.063
CTR01B4026_002   0.100  -0.985  -0.885
CTR02B4026_003  -0.022  -1.042  -1.065
CTR02B4026_004   0.039  -0.985  -0.946
CTR-1B4026_005   0.000  -1.042  -1.042
NTR01B4028_001  -0.003  -0.103  -0.106
NTR+1B4028_002  -0.005  -0.103  -0.108
LEU01B4028_001   1.754  -3.142  -1.388
SER01B4029_001   0.000  -0.722  -0.722
SER01B4029_002   0.000  -0.722  -0.722
CTR01B4029_001  -0.021  -0.927  -0.947
CTR01B4029_002   0.086  -0.907  -0.822
CTR02B4029_003  -0.022  -0.927  -0.949
CTR02B4029_004   0.031  -0.966  -0.934
CTR-1B4029_005   0.000  -0.927  -0.927
NTR01B4032_001  -0.003  -1.825  -1.828
NTR+1B4032_002  -0.005  -1.825  -1.830
GLU01B4032_001   2.970  -0.798   2.172
GLU01B4032_002   2.970  -0.798   2.172
GLU02B4032_003   2.348  -0.836   1.512
GLU02B4032_004   2.348  -0.836   1.512
GLU-1B4032_005   2.289  -0.796   1.493
CTR01B4033_001  -0.021  -5.290  -5.311
CTR01B4033_002   0.106  -5.464  -5.357
CTR02B4033_003  -0.022  -5.290  -5.312
CTR02B4033_004   0.042  -5.387  -5.344
CTR-1B4033_005   0.000  -5.232  -5.232
NTR01B4041_001  -0.003  -1.927  -1.930
NTR+1B4041_002  -0.005  -1.927  -1.932
ALA01B4041_001   0.000  -4.601  -4.601
ARG01B4042_001   1.935 -12.932 -10.996
ARG02B4042_002   1.870 -12.932 -11.061
ARG03B4042_003   1.870 -12.932 -11.061
ARG+1B4042_004   1.826 -12.932 -11.106
GLN01B4043_001   1.467  -1.595  -0.128
GLN01B4043_002   2.433  -1.352   1.081
MET01B4044_001  -0.022  -3.562  -3.584
VAL01B4045_001   0.803  -1.803  -1.000
ASP01B4046_001   0.057  -2.206  -2.150
ASP01B4046_002   0.057  -2.206  -2.150
ASP02B4046_003   0.123  -2.252  -2.129
ASP02B4046_004   0.123  -2.252  -2.129
ASP-1B4046_005   0.053  -2.274  -2.221
MET01B4047_001   1.147  -0.665   0.483
LEU01B4048_001   1.658  -1.990  -0.332
VAL01B4049_001   0.721  -2.624  -1.903
GLU01B4050_001   2.824  -2.038   0.786
GLU01B4050_002   2.824  -2.038   0.786
GLU02B4050_003   2.239  -2.126   0.113
GLU02B4050_004   2.239  -2.126   0.113
GLU-1B4050_005   2.181  -2.015   0.165
SER01B4051_001   0.000   0.000   0.000
SER01B4052_001   0.000  -1.329  -1.329
SER01B4052_002   0.000  -1.329  -1.329
SER01B4053_001   0.000  -4.796  -4.796
ASN01B4054_001   0.284  -0.694  -0.410
ASN01B4054_002   0.440  -0.571  -0.131
VAL01B4055_001   0.939  -0.737   0.201
GLU01B4056_001   2.886  -2.022   0.864
GLU01B4056_002   2.886  -2.022   0.864
GLU02B4056_003   2.286  -1.869   0.417
GLU02B4056_004   2.286  -1.869   0.417
GLU-1B4056_005   2.227  -1.930   0.297
MET01B4057_001   0.112  -3.076  -2.964
ILE01B4058_001   3.656  -1.217   2.439
LEU01B4059_001   1.577  -1.819  -0.242
LYS01B4060_001   1.058  -4.763  -3.705
LYS+1B4060_002   1.012  -4.763  -3.751
PHE01B4061_001   4.494  -0.354   4.141
PHE01B4062_001   4.619  -0.372   4.248
ASP01B4063_001   0.162  -0.265  -0.103
ASP01B4063_002   0.162  -0.265  -0.103
ASP02B4063_003   0.245  -0.251  -0.006
ASP02B4063_004   0.245  -0.251  -0.006
ASP-1B4063_005   0.153  -0.258  -0.106
MET01B4064_001   1.196  -1.167   0.029
PHE01B4065_001   4.537  -0.169   4.369
LEU01B4066_001   1.462  -1.938  -0.476
LYS01B4067_001   1.157  -2.393  -1.235
LYS+1B4067_002   1.111  -2.393  -1.281
LEU01B4068_001   4.053  -0.052   4.001
LYS01B4069_001   1.273  -5.623  -4.350
LYS+1B4069_002   1.188  -5.623  -4.435
ASP01B4070_001   0.140  -2.771  -2.630
ASP01B4070_002   0.140  -2.771  -2.630
ASP02B4070_003   0.219  -2.846  -2.627
ASP02B4070_004   0.219  -2.846  -2.627
ASP-1B4070_005   0.132  -2.743  -2.612
ILE01B4071_001   1.810  -0.412   1.398
VAL01B4072_001   0.606  -0.670  -0.063
SER01B4074_001   0.000  -2.189  -2.189
SER01B4074_002   0.000  -2.189  -2.189
GLU01B4075_001   1.626  -3.321  -1.695
GLU01B4075_002   1.626  -3.321  -1.695
GLU02B4075_003   1.341  -3.197  -1.856
GLU02B4075_004   1.341  -3.197  -1.856
GLU-1B4075_005   1.250  -3.189  -1.939
ALA01B4076_001   0.000  -2.679  -2.679
PHE01B4077_001   4.542   0.000   4.542
GLN01B4078_001   0.718  -1.727  -1.009
GLN01B4078_002   0.610  -1.622  -1.013
ASP01B4079_001   0.161  -2.745  -2.583
ASP01B4079_002   0.161  -2.745  -2.583
ASP02B4079_003   0.245  -2.755  -2.510
ASP02B4079_004   0.245  -2.755  -2.510
ASP-1B4079_005   0.152  -2.683  -2.531
TYR01B4080_001   4.733  -1.402   3.331
TYR-1B4080_002   4.733  -1.402   3.331
VAL01B4081_001   0.516  -0.515   0.001
THR01B4082_001   0.189  -6.568  -6.379
ASP01B4083_001   0.216  -1.047  -0.830
ASP01B4083_002   0.216  -1.047  -0.830
ASP02B4083_003   0.308  -0.936  -0.628
ASP02B4083_004   0.308  -0.936  -0.628
ASP-1B4083_005   0.204  -0.965  -0.761
PRO01B4084_001   0.244  -6.228  -5.984
ARG01B4085_001   2.205  -8.196  -5.992
ARG02B4085_002   2.148  -8.196  -6.048
ARG03B4085_003   2.148  -8.196  -6.049
ARG+1B4085_004   2.103  -8.196  -6.093
LEU01B4087_001   1.797  -4.272  -2.475
ILE01B4088_001   3.430   0.000   3.430
SER01B4089_001   0.000  -2.210  -2.210
SER01B4089_002   0.000  -2.210  -2.210
SER01B4089_003   0.000  -2.210  -2.210
LYS01B4090_001   1.185  -1.940  -0.755
LYS+1B4090_002   1.140  -1.940  -0.801
LYS01B4091_001   0.646  -8.455  -7.809
LYS+1B4091_002   0.600  -8.455  -7.855
ASP01B4092_001   0.068  -0.587  -0.519
ASP01B4092_002   0.068  -0.587  -0.519
ASP02B4092_003   0.137  -0.659  -0.522
ASP02B4092_004   0.137  -0.659  -0.522
ASP-1B4092_005   0.064  -0.564  -0.499
PHE01B4093_001   4.503   0.000   4.503
GLN01B4094_001   1.124  -0.944   0.180
GLN01B4094_002   1.493  -0.932   0.562
LYS01B4095_001   1.396  -6.655  -5.258
LYS+1B4095_002   1.350  -6.655  -5.305
ALA01B4096_001   0.000  -0.155  -0.155
MET01B4097_001   0.040  -0.071  -0.031
ASP01B4098_001   0.377  -2.927  -2.550
ASP01B4098_002   0.377  -2.927  -2.550
ASP02B4098_003   0.427  -2.731  -2.303
ASP02B4098_004   0.427  -2.731  -2.303
ASP-1B4098_005   0.325  -2.688  -2.362
SER01B4099_001   0.000  -2.701  -2.701
SER01B4099_002   0.000  -2.701  -2.701
GLN01B4100_001   2.045  -0.856   1.189
GLN01B4100_002   3.417  -0.795   2.622
LYS01B4101_001   0.641 -10.510  -9.869
LYS+1B4101_002   0.596 -10.510  -9.914
GLN01B4102_001   1.289  -2.060  -0.771
GLN01B4102_002   2.128  -2.380  -0.253
PHE01B4103_001   4.545  -0.068   4.478
THR01B4104_001   0.215  -4.148  -3.933
THR01B4104_002   0.215  -4.148  -3.933
PRO01B4106_001   0.236  -6.881  -6.645
GLU01B4107_001   2.015  -1.284   0.731
GLU01B4107_002   2.015  -1.284   0.731
GLU02B4107_003   1.602  -1.509   0.093
GLU02B4107_004   1.602  -1.509   0.093
GLU-1B4107_005   1.535  -1.378   0.157
ILE01B4108_001   2.033  -0.377   1.657
GLN01B4109_001   0.691  -2.272  -1.580
GLN01B4109_002   0.594  -2.183  -1.589
PHE01B4110_001   4.516  -0.715   3.801
LEU01B4111_001   2.191  -0.103   2.088
LEU01B4112_001   1.308  -0.206   1.102
SER01B4113_001   0.000  -1.702  -1.702
SER01B4113_002   0.000  -1.702  -1.702
CYS01B4114_001  -0.002   0.000  -0.002
CYS01B4114_002  -0.002   0.000  -0.002
CYS01B4114_003  -0.002   0.000  -0.002
CYS-1B4114_004   0.000   0.000   0.000
SER01B4115_001   0.000   0.000   0.000
GLU01B4116_001   1.712  -1.746  -0.034
GLU01B4116_002   1.712  -1.746  -0.034
GLU02B4116_003   1.414  -1.676  -0.262
GLU02B4116_004   1.414  -1.676  -0.262
GLU-1B4116_005   1.321  -1.641  -0.320
ALA01B4117_001   0.000  -2.952  -2.952
ASP01B4118_001   0.375  -2.366  -1.991
ASP01B4118_002   0.375  -2.366  -1.991
ASP02B4118_003   0.426  -2.270  -1.844
ASP02B4118_004   0.426  -2.270  -1.844
ASP-1B4118_005   0.324  -2.205  -1.882
GLU01B4119_001   1.882  -4.035  -2.153
GLU01B4119_002   1.882  -4.035  -2.153
GLU02B4119_003   1.554  -4.033  -2.479
GLU02B4119_004   1.554  -4.033  -2.479
GLU-1B4119_005   1.459  -4.018  -2.558
ASN01B4120_001  -0.001  -1.841  -1.842
ASN01B4120_002   0.157  -2.014  -1.857
GLU01B4121_001   2.610  -2.930  -0.320
GLU01B4121_002   2.610  -2.930  -0.320
GLU02B4121_003   2.068  -3.166  -1.098
GLU02B4121_004   2.068  -3.166  -1.098
GLU-1B4121_005   2.007  -2.993  -0.986
MET01B4122_001   0.140  -1.008  -0.868
ILE01B4123_001   2.191  -0.052   2.139
ASN01B4124_001   0.129  -1.737  -1.609
ASN01B4124_002  -0.020  -1.713  -1.733
PHE01B4125_001   4.484  -2.173   2.311
GLU01B4126_001   0.499  -3.595  -3.096
GLU01B4126_002   0.499  -3.595  -3.096
GLU02B4126_003   0.665  -3.659  -2.993
GLU02B4126_004   0.665  -3.659  -2.993
GLU-1B4126_005   0.468  -3.501  -3.034
GLU01B4127_001   2.907  -1.331   1.576
GLU01B4127_002   2.907  -1.331   1.576
GLU02B4127_003   2.359  -1.295   1.064
GLU02B4127_004   2.359  -1.295   1.064
GLU-1B4127_005   2.275  -1.286   0.988
PHE01B4128_001   4.582  -0.152   4.430
ALA01B4129_001   0.000  -0.512  -0.512
ASN01B4130_001   0.240  -2.082  -1.843
ASN01B4130_002   0.422  -2.093  -1.671
ARG01B4131_001   3.231  -0.517   2.714
ARG02B4131_002   3.168  -0.517   2.651
ARG02B4131_003   3.229  -0.517   2.712
ARG03B4131_004   3.163  -0.517   2.645
ARG03B4131_005   3.168  -0.517   2.651
ARG+1B4131_006   3.123  -0.517   2.606
PHE01B4132_001   4.635  -0.926   3.708
GLN01B4133_001   2.410  -2.242   0.169
GLN01B4133_002   3.854  -2.291   1.563
GLU01B4134_001   2.646  -0.848   1.798
GLU01B4134_002   2.646  -0.848   1.798
GLU02B4134_003   2.098  -0.837   1.261
GLU02B4134_004   2.098  -0.837   1.261
GLU-1B4134_005   2.038  -0.801   1.237
PRO01B4135_001   0.310  -0.103   0.207
CTR01B4135_001  -0.021  -0.058  -0.079
CTR01B4135_002   0.103  -0.058   0.045
CTR02B4135_003  -0.022  -0.097  -0.119
CTR02B4135_004   0.040  -0.058  -0.017
CTR-1B4135_005   0.000  -0.058  -0.058
NTR01B4136_001  -0.003   0.000  -0.003
NTR+1B4136_002  -0.005   0.000  -0.005
ALA01B4136_001   0.000  -0.258  -0.258
ARG01B4137_001   2.828  -4.241  -1.413
ARG02B4137_002   2.778  -4.241  -1.463
ARG02B4137_003   2.783  -4.241  -1.458
ARG03B4137_004   2.870  -4.241  -1.371
ARG+1B4137_005   2.738  -4.241  -1.503
ASP01B4138_001   0.154  -1.731  -1.576
ASP01B4138_002   0.154  -1.731  -1.576
ASP02B4138_003   0.238  -1.774  -1.536
ASP02B4138_004   0.238  -1.774  -1.536
ASP-1B4138_005   0.146  -1.654  -1.508
ILE01B4139_001   2.933  -0.515   2.418
PHE01B4141_001   4.387  -1.721   2.667
ASN01B4142_001   0.384  -0.847  -0.462
ASN01B4142_002   0.161  -0.758  -0.597
CTR01B4142_001  -0.021  -1.100  -1.121
CTR01B4142_002   0.095  -1.100  -1.005
CTR02B4142_003  -0.022  -1.100  -1.122
CTR02B4142_004   0.036  -1.081  -1.045
CTR-1B4142_005   0.000  -1.100  -1.100
NTR01B4146_001  -0.003  -1.789  -1.792
NTR+1B4146_002  -0.005  -1.741  -1.746
CTR01B4146_001  -0.021  -5.155  -5.176
CTR01B4146_002   0.099  -5.001  -4.901
CTR02B4146_003  -0.022  -5.097  -5.119
CTR02B4146_004   0.039  -4.962  -4.923
CTR-1B4146_005   0.000  -5.019  -5.019
LEU01B4146_001   1.691  -2.865  -1.175
NTR01B4158_001  -0.002  -0.321  -0.324
NTR+1B4158_002  -0.004  -0.321  -0.325
PRO01B4158_001   0.218  -7.164  -6.946
ARG01B4159_001   1.660  -7.018  -5.358
ARG02B4159_002   1.594  -7.018  -5.424
ARG03B4159_003   1.593  -7.018  -5.424
ARG+1B4159_004   1.549  -7.018  -5.468
LEU01B4160_001   1.614  -5.405  -3.791
ARG01B4161_001   1.241 -11.078  -9.838
ARG02B4161_002   1.203 -11.078  -9.875
ARG03B4161_003   1.197 -11.078  -9.881
ARG+1B4161_004   1.159 -11.078  -9.919
ASN01B4162_001   0.150  -1.816  -1.667
ASN01B4162_002  -0.008  -1.757  -1.765
PHE01B4163_001   4.881  -0.615   4.266
LEU01B4164_001   1.405  -4.153  -2.748
GLU01B4165_001   2.734  -3.332  -0.598
GLU01B4165_002   2.734  -3.332  -0.598
GLU02B4165_003   2.174  -3.294  -1.120
GLU02B4165_004   2.174  -3.294  -1.120
GLU-1B4165_005   2.110  -3.221  -1.111
LEU01B4166_001   1.676  -2.901  -1.225
ALA01B4167_001   0.000  -0.238  -0.238
GLU01B4168_001   1.704  -2.606  -0.902
GLU01B4168_002   1.704  -2.606  -0.902
GLU02B4168_003   1.403  -2.518  -1.115
GLU02B4168_004   1.403  -2.518  -1.115
GLU-1B4168_005   1.313  -2.488  -1.175
SER01B4169_001   0.000  -2.249  -2.249
SER01B4169_002   0.000  -2.249  -2.249
ILE01B4170_001   1.805  -0.670   1.135
LEU01B4171_001   1.636  -4.327  -2.691
GLU01B4172_001   1.729  -3.496  -1.766
GLU01B4172_002   1.729  -3.496  -1.766
GLU02B4172_003   1.412  -3.565  -2.153
GLU02B4172_004   1.412  -3.565  -2.153
GLU-1B4172_005   1.329  -3.401  -2.072
CTR01B4172_001  -0.021  -2.259  -2.280
CTR01B4172_002   0.102  -2.317  -2.215
CTR02B4172_003  -0.022  -2.259  -2.281
CTR02B4172_004   0.040  -2.394  -2.354
CTR-1B4172_005   0.000  -2.259  -2.259
NTR01B4174_001  -0.003  -0.257  -0.260
NTR+1B4174_002  -0.005  -0.257  -0.262
CTR01B4174_001  -0.021  -1.998  -2.019
CTR01B4174_002   0.097  -2.095  -1.998
CTR02B4174_003  -0.022  -1.998  -2.020
CTR02B4174_004   0.038  -2.134  -2.096
CTR-1B4174_005   0.000  -1.998  -1.998
PHE01B4174_001   4.482  -1.727   2.754
NTR01B4177_001  -0.003  -0.771  -0.774
NTR+1B4177_002  -0.005  -0.771  -0.776
CTR01B4177_001  -0.021  -1.448  -1.469
CTR01B4177_002   0.101  -1.448  -1.347
CTR02B4177_003  -0.022  -1.506  -1.528
CTR02B4177_004   0.040  -1.545  -1.505
CTR-1B4177_005   0.000  -1.448  -1.448
TYR01B4177_001   4.684  -3.553   1.130
TYR01B4177_002   4.684  -3.553   1.130
TYR-1B4177_003   4.684  -3.553   1.130
NTR01B4181_001  -0.003  -0.642  -0.645
NTR+1B4181_002  -0.005  -0.642  -0.647
ILE01B4181_001   2.310  -1.185   1.125
GLU01B4182_001   2.213  -0.145   2.068
GLU01B4182_002   2.213  -0.145   2.068
GLU02B4182_003   1.759  -0.138   1.621
GLU02B4182_004   1.759  -0.138   1.621
GLU-1B4182_005   1.693  -0.138   1.555
CTR01B4182_001  -0.021  -1.805  -1.826
CTR01B4182_002   0.102  -2.018  -1.915
CTR02B4182_003  -0.022  -1.805  -1.827
CTR02B4182_004   0.041  -2.056  -2.016
CTR-1B4182_005   0.000  -1.805  -1.805
NTR01B4190_001  -0.003  -2.236  -2.239
NTR+1B4190_002  -0.005  -2.236  -2.240
ILE01B4190_001   3.419  -4.085  -0.666
GLU01B4191_001   2.011  -2.599  -0.587
GLU01B4191_002   2.011  -2.599  -0.587
GLU02B4191_003   1.594  -2.662  -1.067
GLU02B4191_004   1.594  -2.662  -1.067
GLU-1B4191_005   1.530  -2.618  -1.088
ARG01B4192_001   1.785  -5.386  -3.600
ARG02B4192_002   1.717  -5.386  -3.669
ARG02B4192_003   1.722  -5.386  -3.663
ARG03B4192_004   1.783  -5.386  -3.603
ARG+1B4192_005   1.678  -5.386  -3.707
ILE01B4193_001   3.795  -3.947  -0.152
TYR01B4194_001   4.455  -9.490  -5.035
TYR-1B4194_002   4.455  -9.490  -5.035
PHE01B4195_001   4.719  -0.321   4.398
GLU01B4196_001   3.073  -1.150   1.923
GLU01B4196_002   3.073  -1.150   1.923
GLU02B4196_003   2.443  -1.079   1.365
GLU02B4196_004   2.443  -1.079   1.365
GLU-1B4196_005   2.382  -1.068   1.313
ILE01B4197_001   2.541  -0.670   1.871
CTR01B4197_001  -0.021  -1.294  -1.314
CTR01B4197_002   0.099  -1.352  -1.253
CTR02B4197_003  -0.022  -1.409  -1.432
CTR02B4197_004   0.038  -1.409  -1.371
CTR-1B4197_005   0.000  -1.294  -1.294
NTR01B4199_001  -0.003  -0.450  -0.453
NTR+1B4199_002  -0.005  -0.450  -0.454
GLU01B4199_001   1.538  -2.234  -0.696
GLU01B4199_002   1.538  -2.234  -0.696
GLU02B4199_003   1.268  -2.208  -0.940
GLU02B4199_004   1.268  -2.208  -0.940
GLU-1B4199_005   1.180  -2.251  -1.071
THR01B4200_001   0.222  -6.268  -6.047
THR01B4200_002   0.222  -6.268  -6.047
ASN01B4201_001   0.240  -0.832  -0.592
ASN01B4201_002   0.406  -0.768  -0.362
ARG01B4202_001   1.958  -4.927  -2.969
ARG02B4202_002   1.924  -4.927  -3.003
ARG03B4202_003   1.916  -4.927  -3.011
ARG+1B4202_004   1.876  -4.927  -3.050
ALA01B4203_001   0.000  -3.226  -3.226
GLN01B4204_001   5.073  -0.309   4.764
GLN01B4204_002   8.078  -0.314   7.764
TRP01B4205_001   2.983  -1.367   1.616
GLU01B4206_001   1.452  -2.665  -1.214
GLU01B4206_002   1.452  -2.665  -1.214
GLU02B4206_003   1.206  -2.640  -1.434
GLU02B4206_004   1.206  -2.640  -1.434
GLU-1B4206_005   1.114  -2.631  -1.517
MET01B4207_001   0.520  -3.612  -3.092
PRO01B4208_001   0.236  -7.531  -7.295
GLN01B4209_001   0.727  -1.881  -1.154
GLN01B4209_002   0.618  -1.872  -1.254
VAL01B4210_001   0.654   0.000   0.654
LYS01B4211_001   0.765  -5.326  -4.560
LYS+1B4211_002   0.719  -5.326  -4.606
GLU01B4212_001   1.271  -2.291  -1.021
GLU01B4212_002   1.271  -2.291  -1.021
GLU02B4212_003   1.058  -2.265  -1.208
GLU02B4212_004   1.058  -2.265  -1.208
GLU-1B4212_005   0.969  -2.251  -1.282
SER01B4213_001   0.000  -2.040  -2.040
SER01B4213_002   0.000  -2.040  -2.040
SER01B4213_003   0.000  -2.040  -2.040
LYS01B4214_001   2.082  -2.485  -0.403
LYS+1B4214_002   1.995  -2.485  -0.490
ARG01B4215_001   2.163  -8.693  -6.529
ARG02B4215_002   2.204  -8.693  -6.489
ARG03B4215_003   2.118  -8.693  -6.575
ARG+1B4215_004   2.079  -8.693  -6.614
GLN01B4216_001   1.764  -3.617  -1.853
GLN01B4216_002   2.947  -3.382  -0.435
CTR01B4216_001  -0.021  -3.176  -3.197
CTR01B4216_002   0.095  -3.137  -3.042
CTR02B4216_003  -0.022  -3.137  -3.159
CTR02B4216_004   0.037  -3.060  -3.023
CTR-1B4216_005   0.000  -3.137  -3.137
NTR01B4221_001  -0.003  -1.156  -1.159
NTR+1B4221_002  -0.005  -1.156  -1.161
VAL01B4221_001   0.807  -3.500  -2.693
VAL01B4222_001   0.903  -3.310  -2.407
ASN01B4223_001   0.153  -3.806  -3.653
ASN01B4223_002  -0.006  -3.799  -3.805
GLU01B4224_001   2.004  -4.142  -2.139
GLU01B4224_002   2.004  -4.142  -2.139
GLU02B4224_003   1.637  -4.234  -2.597
GLU02B4224_004   1.637  -4.234  -2.597
GLU-1B4224_005   1.550  -4.150  -2.601
CTR01B4224_001  -0.021  -2.761  -2.782
CTR01B4224_002   0.099  -2.780  -2.681
CTR02B4224_003  -0.022  -2.993  -3.015
CTR02B4224_004   0.039  -2.819  -2.780
CTR-1B4224_005   0.000  -2.722  -2.722
NTR01B4227_001  -0.002  -3.001  -3.003
NTR+1B4227_002  -0.004  -3.001  -3.005
GLU01B4227_001   1.297  -4.187  -2.890
GLU01B4227_002   1.297  -4.187  -2.890
GLU02B4227_003   1.093  -4.176  -3.083
GLU02B4227_004   1.093  -4.176  -3.083
GLU-1B4227_005   0.998  -4.000  -3.002
ALA01B4228_001   0.000  -3.876  -3.876
GLU01B4229_001   2.160  -2.794  -0.633
GLU01B4229_002   2.160  -2.794  -0.633
GLU02B4229_003   1.771  -2.974  -1.202
GLU02B4229_004   1.771  -2.974  -1.202
GLU-1B4229_005   1.680  -2.880  -1.201
LYS01B4230_001   1.188  -4.993  -3.805
LYS+1B4230_002   1.141  -4.993  -3.852
MET01B4231_001  -0.042  -2.639  -2.680
GLU01B4232_001   1.848  -2.429  -0.581
GLU01B4232_002   1.848  -2.429  -0.581
GLU02B4232_003   1.496  -2.330  -0.833
GLU02B4232_004   1.496  -2.330  -0.833
GLU-1B4232_005   1.418  -2.338  -0.921
LEU01B4233_001   2.671  -4.720  -2.049
PHE01B4234_001   4.581  -0.859   3.723
VAL01B4235_001   0.798  -4.221  -3.423
SER01B4236_001   0.000  -2.377  -2.377
SER01B4236_002   0.000  -2.377  -2.377
PHE01B4237_001   4.630  -2.927   1.703
CYS01B4238_001  -0.002  -0.071  -0.073
CYS01B4238_002  -0.002  -0.071  -0.073
CYS01B4238_003  -0.003  -0.071  -0.074
CYS-1B4238_004   0.000  -0.071  -0.071
GLU01B4239_001   3.496  -0.633   2.863
GLU01B4239_002   3.496  -0.633   2.863
GLU02B4239_003   2.790  -0.535   2.256
GLU02B4239_004   2.790  -0.535   2.256
GLU-1B4239_005   2.729  -0.586   2.143
ASP01B4240_001   0.075  -0.758  -0.683
ASP01B4240_002   0.075  -0.758  -0.683
ASP02B4240_003   0.146  -0.797  -0.651
ASP02B4240_004   0.146  -0.797  -0.651
ASP-1B4240_005   0.071  -0.758  -0.687
THR01B4241_001   0.334  -0.112   0.222
THR01B4241_002   0.334  -0.112   0.222
THR01B4241_003   0.334  -0.112   0.222
ILE01B4242_001   2.263  -0.206   2.057
PHE01B4243_001   4.728  -0.606   4.122
GLU01B4244_001   1.870  -0.421   1.449
GLU01B4244_002   1.870  -0.421   1.449
GLU02B4244_003   1.477  -0.391   1.085
GLU02B4244_004   1.477  -0.391   1.085
GLU-1B4244_005   1.413  -0.413   1.000
MET01B4245_001  -0.110   0.000  -0.110
GLN01B4246_001   0.639  -1.832  -1.194
GLN01B4246_002   0.547  -2.011  -1.464
ILE01B4247_001   1.058  -1.082  -0.024
ALA01B4248_001   0.000  -0.377  -0.377
ALA01B4249_001   0.000  -3.139  -3.139
GLN01B4250_001   1.589  -3.119  -1.530
GLN01B4250_002   2.641  -3.203  -0.562
ILE01B4251_001   2.447  -1.288   1.159
SER01B4252_001   0.000  -3.255  -3.255
GLU01B4253_001   0.501  -2.633  -2.132
GLU01B4253_002   0.501  -2.633  -2.132
GLU02B4253_003   0.667  -2.578  -1.911
GLU02B4253_004   0.667  -2.578  -1.911
GLU-1B4253_005   0.469  -2.566  -2.097
CTR01B4253_001  -0.021  -5.338  -5.359
CTR01B4253_002   0.108  -5.435  -5.327
CTR02B4253_003  -0.022  -5.145  -5.167
CTR02B4253_004   0.042  -5.474  -5.431
CTR-1B4253_005   0.000  -5.184  -5.184
NTR01B4540_001  -0.003  -2.800  -2.803
NTR+1B4540_002  -0.005  -2.800  -2.805
PHE01B4540_001   2.039  -2.809  -0.770
TRP01B4541_001   0.646 -14.198 -13.553
GLU01B4543_001   0.500  -3.486  -2.985
GLU01B4543_002   0.500  -3.486  -2.985
GLU02B4543_003   0.667  -3.532  -2.865
GLU02B4543_004   0.667  -3.532  -2.865
GLU-1B4543_005   0.469  -3.437  -2.968
LEU01B4544_001   1.457  -3.931  -2.474
GLU01B4545_001   0.499  -2.553  -2.055
GLU01B4545_002   0.499  -2.553  -2.055
GLU02B4545_003   0.665  -2.456  -1.791
GLU02B4545_004   0.665  -2.456  -1.791
GLU-1B4545_005   0.467  -2.507  -2.039
VAL01B4546_001   0.617  -6.107  -5.491
GLN01B4547_001   1.145  -2.965  -1.820
GLN01B4547_002   1.588  -3.091  -1.503
ARG01B4548_001   2.371  -7.476  -5.105
ARG02B4548_002   2.325  -7.476  -5.152
ARG02B4548_003   2.330  -7.476  -5.147
ARG03B4548_004   2.420  -7.476  -5.056
ARG+1B4548_005   2.285  -7.476  -5.191
VAL01B4549_001   0.751  -3.657  -2.906
LYS01B4550_001   3.793  -4.309  -0.516
LYS+1B4550_002   3.699  -4.309  -0.611
PHE01B4551_001   4.592  -7.066  -2.474
LEU01B4552_001   2.255  -0.995   1.261
ASN01B4553_001   0.258  -0.906  -0.648
ASN01B4553_002   0.417  -0.920  -0.503
TYR01B4554_001   4.310  -7.814  -3.504
TYR-1B4554_002   4.310  -7.814  -3.504
LEU01B4555_001   1.719  -0.206   1.513
SER01B4556_001   0.000   0.000   0.000
SER01B4556_002   0.000   0.000   0.000
ARG01B4557_001   3.308  -4.481  -1.173
ARG02B4557_002   3.270  -4.481  -1.212
ARG03B4557_003   3.308  -4.481  -1.174
ARG+1B4557_004   3.230  -4.481  -1.252
ASN01B4558_001   0.158  -0.957  -0.799
PHE01B4559_001   4.594  -0.926   3.667
TYR01B4560_001   4.566  -6.890  -2.324
TYR-1B4560_002   4.566  -6.890  -2.324
THR01B4561_001   0.220  -4.276  -4.056
THR01B4561_002   0.220  -4.276  -4.056
LEU01B4562_001   2.145  -0.995   1.150
ARG01B4563_001   1.335  -2.434  -1.099
ARG02B4563_002   1.290  -2.434  -1.144
ARG02B4563_003   1.295  -2.434  -1.139
ARG03B4563_004   1.295  -2.434  -1.139
ARG03B4563_005   1.356  -2.434  -1.078
ARG+1B4563_006   1.252  -2.434  -1.182
PHE01B4564_001   4.576  -8.639  -4.063
LEU01B4565_001   1.649  -3.912  -2.262
ALA01B4566_001   0.000   0.000   0.000
LEU01B4567_001   1.803  -2.163  -0.360
PHE01B4568_001   4.603  -8.343  -3.739
LEU01B4569_001   2.298  -0.412   1.886
ALA01B4570_001   0.000   0.000   0.000
PHE01B4571_001   4.586  -6.637  -2.051
ALA01B4572_001   0.000  -1.922  -1.922
ILE01B4573_001   1.700   0.000   1.700
ASN01B4574_001   0.354  -0.203   0.152
ASN01B4574_002   0.146  -0.247  -0.101
PHE01B4575_001   4.589  -9.120  -4.531
ILE01B4576_001   3.504  -0.618   2.886
LEU01B4577_001   3.357  -2.125   1.232
LEU01B4578_001   2.065  -6.674  -4.609
PHE01B4579_001   4.555  -2.964   1.591
TYR01B4580_001   4.407  -3.404   1.003
TYR01B4580_002   4.407  -3.404   1.003
TYR-1B4580_003   4.407  -3.404   1.003
LYS01B4581_001   0.719  -6.460  -5.740
LYS+1B4581_002   0.674  -6.460  -5.785
VAL01B4582_001   0.455  -5.869  -5.414
SER01B4583_001   0.000  -0.644  -0.644
ASP01B4584_001  -0.040  -3.593  -3.634
ASP01B4584_002  -0.040  -3.593  -3.634
ASP02B4584_003  -0.009  -3.603  -3.612
ASP02B4584_004  -0.009  -3.603  -3.612
ASP-1B4584_005  -0.041  -3.497  -3.538
SER01B4585_001   0.000  -2.943  -2.943
SER01B4585_002   0.000  -2.943  -2.943
PRO01B4586_001   0.240  -5.412  -5.172
PRO01B4587_001   0.244  -4.372  -4.128
CTR01B4587_001  -0.021  -4.682  -4.703
CTR01B4587_002   0.090  -4.624  -4.534
CTR02B4587_003  -0.022  -4.624  -4.646
CTR02B4587_004   0.033  -4.817  -4.784
CTR-1B4587_005   0.000  -4.624  -4.624
NTR01B4626_001  -0.003  -3.679  -3.682
NTR+1B4626_002  -0.005  -3.679  -3.684
ASN01B4626_001  -0.020  -3.276  -3.295
MET01B4627_001   0.142  -4.162  -4.020
VAL01B4628_001   0.602  -2.830  -2.228
TYR01B4629_001   4.405  -8.599  -4.194
TYR-1B4629_002   4.405  -8.599  -4.194
TYR01B4630_001   4.464  -3.933   0.530
TYR-1B4630_002   4.464  -3.933   0.530
PHE01B4631_001   4.539  -2.675   1.864
LEU01B4632_001   1.670  -4.578  -2.908
GLU01B4633_001   2.602  -2.659  -0.057
GLU01B4633_002   2.602  -2.659  -0.057
GLU02B4633_003   2.060  -2.643  -0.583
GLU02B4633_004   2.060  -2.643  -0.583
GLU-1B4633_005   2.000  -2.653  -0.653
GLU01B4634_001   2.410  -1.146   1.264
GLU01B4634_002   2.410  -1.146   1.264
GLU02B4634_003   1.904  -1.085   0.818
GLU02B4634_004   1.904  -1.085   0.818
GLU-1B4634_005   1.845  -1.111   0.735
SER01B4635_001   0.000  -5.515  -5.515
SER01B4635_002   0.000  -5.515  -5.515
THR01B4636_001   0.202  -1.780  -1.578
THR01B4636_002   0.202  -1.780  -1.578
THR01B4636_003   0.202  -1.780  -1.578
TYR01B4638_001   4.516  -9.346  -4.830
TYR-1B4638_002   4.516  -9.346  -4.830
MET01B4639_001   3.902   0.000   3.902
GLU01B4640_001   1.865  -2.534  -0.668
GLU01B4640_002   1.865  -2.534  -0.668
GLU02B4640_003   1.532  -2.582  -1.050
GLU02B4640_004   1.532  -2.582  -1.050
GLU-1B4640_005   1.442  -2.411  -0.969
PRO01B4641_001   0.260  -6.173  -5.913
ALA01B4642_001   0.000  -2.901  -2.901
LEU01B4643_001   2.492  -1.339   1.152
TRP01B4644_001   3.052  -8.263  -5.211
CYS01B4645_001  -0.002  -3.953  -3.955
CYS01B4645_002  -0.002  -3.953  -3.955
CYS01B4645_003  -0.002  -3.953  -3.956
CYS-1B4645_004   0.000  -3.953  -3.953
LEU01B4646_001   1.563  -3.091  -1.528
SER01B4647_001   0.000   0.000   0.000
SER01B4647_002   0.000   0.000   0.000
SER01B4647_003   0.000   0.000   0.000
LEU01B4648_001   2.447  -5.251  -2.804
LEU01B4649_001   1.661  -3.606  -1.944
HIS01B4650_001  -0.171   0.000  -0.171
HIS02B4650_002  -0.189   0.000  -0.189
HIS+1B4650_003  -0.216   0.000  -0.216
THR01B4651_001   0.253  -1.579  -1.326
THR01B4651_002   0.253  -1.579  -1.326
THR01B4651_003   0.253  -1.579  -1.326
LEU01B4652_001   3.159  -5.112  -1.953
VAL01B4653_001   0.593  -0.309   0.284
ALA01B4654_001   0.000   0.000   0.000
PHE01B4655_001   4.606  -7.994  -3.388
LEU01B4656_001   1.862  -2.144  -0.282
CYS01B4657_001  -0.002   0.000  -0.002
CYS01B4657_002  -0.002   0.000  -0.002
CYS01B4657_003  -0.002   0.000  -0.002
CYS-1B4657_004   0.000   0.000   0.000
ILE01B4658_001   2.799  -2.315   0.484
ILE01B4659_001   3.483  -3.087   0.396
TYR01B4661_001   4.689  -0.253   4.437
TYR01B4661_002   4.689  -0.253   4.437
TYR-1B4661_003   4.689  -0.253   4.437
ASN01B4662_001   0.150  -1.914  -1.765
ASN01B4662_002  -0.008  -1.801  -1.810
CYS01B4663_001  -0.002  -1.361  -1.362
CYS01B4663_002  -0.002  -1.361  -1.362
CYS01B4663_003  -0.002  -1.361  -1.363
CYS-1B4663_004   0.000  -1.361  -1.361
LEU01B4664_001   1.487  -1.700  -0.213
LYS01B4665_001   1.231  -3.812  -2.581
LYS+1B4665_002   1.149  -3.812  -2.663
VAL01B4666_001   0.369   0.000   0.369
PRO01B4667_001   0.258  -1.545  -1.287
LEU01B4668_001   2.010  -1.268   0.741
VAL01B4669_001   0.570  -1.732  -1.162
ILE01B4670_001   2.291  -0.567   1.725
PHE01B4671_001   4.635   0.000   4.635
LYS01B4672_001   0.942  -4.891  -3.949
LYS+1B4672_002   0.895  -4.891  -3.995
ARG01B4673_001   2.594  -0.553   2.042
ARG02B4673_002   2.547  -0.553   1.994
ARG02B4673_003   2.552  -0.553   1.999
ARG03B4673_004   2.555  -0.553   2.002
ARG03B4673_005   2.630  -0.553   2.077
ARG+1B4673_006   2.507  -0.553   1.954
GLU01B4674_001   2.232   0.000   2.232
GLU01B4674_002   2.232   0.000   2.232
GLU02B4674_003   1.822   0.000   1.822
GLU02B4674_004   1.822   0.000   1.822
GLU-1B4674_005   1.733   0.000   1.733
LYS01B4675_001   2.513  -0.396   2.117
LYS+1B4675_002   2.465  -0.396   2.069
GLU01B4676_001   2.750  -1.373   1.378
GLU01B4676_002   2.750  -1.373   1.378
GLU02B4676_003   2.181  -1.385   0.795
GLU02B4676_004   2.181  -1.385   0.795
GLU-1B4676_005   2.120  -1.378   0.742
LEU01B4677_001   1.319  -0.464   0.855
ALA01B4678_001   0.000  -0.155  -0.155
ARG01B4679_001   2.000  -4.781  -2.780
ARG02B4679_002   1.985  -4.781  -2.796
ARG02B4679_003   2.057  -4.781  -2.724
ARG03B4679_004   1.977  -4.781  -2.804
ARG03B4679_005   1.980  -4.781  -2.801
ARG+1B4679_006   1.937  -4.781  -2.843
LYS01B4680_001   0.746  -5.664  -4.918
LYS+1B4680_002   0.701  -5.664  -4.963
LEU01B4681_001   1.486   0.000   1.486
GLU01B4682_001   1.861  -0.760   1.102
GLU01B4682_002   1.861  -0.760   1.102
GLU02B4682_003   1.525  -0.795   0.730
GLU02B4682_004   1.525  -0.795   0.730
GLU-1B4682_005   1.438  -0.758   0.680
PHE01B4683_001   4.562  -8.195  -3.633
ASP01B4684_001   0.155  -2.354  -2.198
ASP01B4684_002   0.155  -2.354  -2.198
ASP02B4684_003   0.238  -2.351  -2.113
ASP02B4684_004   0.238  -2.351  -2.113
ASP-1B4684_005   0.146  -2.274  -2.128
LEU01B4686_001   1.795  -2.366  -0.571
TYR01B4687_001   4.628   0.000   4.628
TYR-1B4687_002   4.628   0.000   4.628
ILE01B4688_001   1.682   0.000   1.682
THR01B4689_001   0.204  -2.948  -2.744
GLU01B4690_001   2.919  -3.328  -0.409
GLU01B4690_002   2.919  -3.328  -0.409
GLU02B4690_003   2.313  -3.210  -0.898
GLU02B4690_004   2.313  -3.210  -0.898
GLU-1B4690_005   2.253  -3.195  -0.942
GLN01B4691_001   1.263  -2.751  -1.488
GLN01B4691_002   1.788  -2.855  -1.066
PRO01B4692_001   0.316  -0.199   0.117
ASP01B4694_001   0.136  -2.183  -2.046
ASP01B4694_002   0.136  -2.183  -2.046
ASP02B4694_003   0.214  -2.288  -2.074
ASP02B4694_004   0.214  -2.288  -2.074
ASP-1B4694_005   0.128  -2.161  -2.034
ASP01B4695_001   0.136  -3.430  -3.294
ASP01B4695_002   0.136  -3.430  -3.294
ASP02B4695_003   0.214  -3.324  -3.110
ASP02B4695_004   0.214  -3.324  -3.110
ASP-1B4695_005   0.128  -3.269  -3.141
ASP01B4696_001   0.149  -3.143  -2.994
ASP01B4696_002   0.149  -3.143  -2.994
ASP02B4696_003   0.230  -3.222  -2.992
ASP02B4696_004   0.230  -3.222  -2.992
ASP-1B4696_005   0.140  -3.101  -2.961
VAL01B4697_001   0.621  -7.051  -6.429
LYS01B4698_001   0.977  -5.798  -4.821
LYS+1B4698_002   0.929  -5.798  -4.869
GLN01B4700_001   0.760  -2.107  -1.347
GLN01B4700_002   0.655  -2.197  -1.542
TRP01B4701_001   2.960  -4.773  -1.812
ASP01B4702_001   0.122  -0.034   0.088
ASP01B4702_002   0.122  -0.034   0.088
ASP02B4702_003   0.199  -0.036   0.163
ASP02B4702_004   0.199  -0.036   0.163
ASP-1B4702_005   0.115  -0.034   0.081
ARG01B4703_001   2.595  -5.164  -2.568
ARG02B4703_002   2.550  -5.164  -2.613
ARG03B4703_003   2.553  -5.164  -2.611
ARG+1B4703_004   2.506  -5.164  -2.658
LEU01B4704_001   3.167  -3.004   0.163
VAL01B4705_001   0.556   0.000   0.556
LEU01B4706_001   1.633  -0.258   1.376
ASN01B4707_001   0.433  -1.424  -0.991
ASN01B4707_002   0.198  -1.329  -1.131
THR01B4708_001   0.228  -0.155   0.073
THR01B4708_002   0.228  -0.155   0.073
PRO01B4709_001   0.247  -4.442  -4.195
SER01B4710_001   0.000  -1.564  -1.564
SER01B4710_002   0.000  -1.564  -1.564
SER01B4710_003   0.000  -1.564  -1.564
PHE01B4711_001   4.749   0.000   4.749
PRO01B4712_001   0.316  -0.155   0.161
SER01B4713_001   0.000  -1.465  -1.465
SER01B4713_002   0.000  -1.465  -1.465
ASN01B4714_001   0.129  -0.925  -0.796
ASN01B4714_002  -0.019  -0.925  -0.944
TYR01B4715_001   4.599  -1.417   3.182
TYR01B4715_002   4.599  -1.417   3.182
TYR-1B4715_003   4.599  -1.417   3.182
TRP01B4716_001   2.832  -2.554   0.278
ASP01B4717_001   0.370  -1.385  -1.015
ASP01B4717_002   0.370  -1.385  -1.015
ASP02B4717_003   0.420  -1.346  -0.926
ASP02B4717_004   0.420  -1.346  -0.926
ASP-1B4717_005   0.319  -1.339  -1.020
LYS01B4718_001   0.552  -3.215  -2.663
LYS+1B4718_002   0.508  -3.215  -2.707
PHE01B4719_001   4.775  -3.167   1.608
VAL01B4720_001   0.501  -0.428   0.073
LYS01B4721_001   0.650  -0.901  -0.251
LYS+1B4721_002   0.605  -0.901  -0.296
ARG01B4722_001   2.572  -5.580  -3.008
ARG02B4722_002   2.525  -5.580  -3.054
ARG03B4722_003   2.606  -5.580  -2.974
ARG+1B4722_004   2.481  -5.580  -3.099
LYS01B4723_001   1.111  -6.032  -4.921
LYS+1B4723_002   1.063  -6.032  -4.969
VAL01B4724_001   0.689   0.000   0.689
LEU01B4725_001   2.143  -0.567   1.577
ASP01B4726_001   0.070  -3.432  -3.363
ASP01B4726_002   0.070  -3.432  -3.363
ASP02B4726_003   0.140  -3.362  -3.222
ASP02B4726_004   0.140  -3.362  -3.222
ASP-1B4726_005   0.066  -3.286  -3.220
LYS01B4727_001   0.838  -4.273  -3.435
LYS+1B4727_002   0.792  -4.273  -3.481
HIS01B4728_001  -0.116  -1.160  -1.276
HIS01B4728_002  -0.063  -1.473  -1.536
HIS02B4728_003  -0.136  -1.160  -1.295
HIS02B4728_004  -0.075  -1.473  -1.548
HIS+1B4728_005  -0.163  -1.160  -1.322
HIS+1B4728_006  -0.102  -1.473  -1.575
ASP01B4730_001   0.060  -3.585  -3.525
ASP01B4730_002   0.060  -3.585  -3.525
ASP02B4730_003   0.127  -3.590  -3.463
ASP02B4730_004   0.127  -3.590  -3.463
ASP-1B4730_005   0.057  -3.519  -3.462
ILE01B4731_001   2.534  -5.335  -2.800
PHE01B4732_001   4.177  -4.236  -0.060
ARG01B4734_001   1.790  -7.672  -5.882
ARG02B4734_002   1.766  -7.672  -5.906
ARG03B4734_003   1.858  -7.672  -5.814
ARG+1B4734_004   1.727  -7.672  -5.945
GLU01B4735_001   4.028  -3.108   0.920
GLU01B4735_002   4.028  -3.108   0.920
GLU02B4735_003   3.228  -3.110   0.118
GLU02B4735_004   3.228  -3.110   0.118
GLU-1B4735_005   3.158  -3.018   0.140
ARG01B4736_001   2.357  -9.277  -6.920
ARG02B4736_002   2.309  -9.277  -6.968
ARG03B4736_003   2.400  -9.277  -6.877
ARG+1B4736_004   2.269  -9.277  -7.007
ILE01B4737_001   3.109  -0.052   3.058
ALA01B4738_001   0.000  -0.103  -0.103
GLU01B4739_001   3.096  -2.473   0.623
GLU01B4739_002   3.096  -2.473   0.623
GLU02B4739_003   2.517  -2.551  -0.033
GLU02B4739_004   2.517  -2.551  -0.033
GLU-1B4739_005   2.434  -2.488  -0.055
LEU01B4740_001   1.722  -2.402  -0.680
LEU01B4741_001   1.854   0.000   1.854
MET01B4743_001   0.145  -0.767  -0.622
ASP01B4744_001  -0.040  -2.380  -2.420
ASP01B4744_002  -0.040  -2.380  -2.420
ASP02B4744_003  -0.009  -2.270  -2.279
ASP02B4744_004  -0.009  -2.270  -2.279
ASP-1B4744_005  -0.041  -2.243  -2.284
LEU01B4745_001   1.455  -6.178  -4.723
ALA01B4746_001   0.000  -0.876  -0.876
SER01B4747_001   0.000  -1.167  -1.167
SER01B4747_002   0.000  -1.167  -1.167
LEU01B4748_001   1.459  -5.734  -4.275
GLU01B4749_001   0.498  -2.367  -1.869
GLU01B4749_002   0.498  -2.367  -1.869
GLU02B4749_003   0.664  -2.408  -1.744
GLU02B4749_004   0.664  -2.408  -1.744
GLU-1B4749_005   0.467  -2.309  -1.842
ILE01B4750_001   0.937  -1.648  -0.711
THR01B4751_001   0.151  -5.231  -5.079
THR01B4751_002   0.151  -5.231  -5.079
ALA01B4752_001   0.000  -2.917  -2.917
HIS01B4753_001  -0.354  -1.727  -2.081
HIS02B4753_002  -0.363  -1.727  -2.090
HIS+1B4753_003  -0.383  -1.727  -2.109
ASN01B4754_001  -0.020  -0.512  -0.532
GLU01B4755_001   0.498  -2.349  -1.852
GLU01B4755_002   0.498  -2.349  -1.852
GLU02B4755_003   0.664  -2.353  -1.689
GLU02B4755_004   0.664  -2.353  -1.689
GLU-1B4755_005   0.467  -2.257  -1.790
ARG01B4756_0011190.346  -4.6941185.652
ARG02B4756_0021190.329  -4.6941185.635
ARG03B4756_0031190.362  -4.6941185.668
ARG03B4756_004 189.388  -4.694 184.694
ARG+1B4756_0051190.296  -4.6941185.602
LYS01B4757_001   3.793  -1.365   2.429
LYS+1B4757_002   3.699  -1.365   2.334
PRO01B4758_001   0.232  -5.232  -5.000
ASP01B4759_001  -0.040  -3.420  -3.460
ASP01B4759_002  -0.040  -3.420  -3.460
ASP02B4759_003  -0.009  -3.442  -3.451
ASP02B4759_004  -0.009  -3.442  -3.451
ASP-1B4759_005  -0.040  -3.320  -3.360
PRO01B4760_001   0.235  -6.586  -6.351
PRO01B4761_001   0.238  -7.045  -6.806
PRO01B4762_001   0.228  -5.519  -5.290
LEU01B4764_001   1.455  -4.858  -3.403
LEU01B4765_001   1.454  -4.395  -2.940
THR01B4766_001   0.192  -5.563  -5.371
THR01B4766_002   0.192  -5.563  -5.371
TRP01B4767_001   2.955  -7.470  -4.515
LEU01B4768_001   3.161  -6.796  -3.635
MET01B4769_001   0.174  -9.786  -9.612
SER01B4770_001   0.000  -3.317  -3.317
ILE01B4771_001   2.287  -4.684  -2.397
ASP01B4772_001   0.162  -2.019  -1.857
ASP01B4772_002   0.162  -2.019  -1.857
ASP02B4772_003   0.242  -2.226  -1.984
ASP02B4772_004   0.242  -2.226  -1.984
ASP-1B4772_005   0.151  -2.102  -1.951
VAL01B4773_001   0.661  -5.563  -4.902
LYS01B4774_001   0.875  -6.183  -5.309
LYS+1B4774_002   0.829  -6.183  -5.354
TYR01B4775_001   4.524  -0.515   4.009
TYR01B4775_002   4.524  -0.515   4.009
TYR-1B4775_003   4.524  -0.515   4.009
GLN01B4776_001   0.705  -1.888  -1.183
GLN01B4776_002   0.613  -1.774  -1.161
ILE01B4777_001   2.676  -4.391  -1.716
TRP01B4778_001   3.107   0.000   3.107
LYS01B4779_001   1.121  -3.163  -2.042
LYS+1B4779_002   1.074  -3.163  -2.089
PHE01B4780_001   4.577  -5.961  -1.384
VAL01B4782_001   0.837   0.000   0.837
ILE01B4783_001   2.712  -1.062   1.650
PHE01B4784_001   4.154  -6.235  -2.081
THR01B4785_001   0.193  -2.269  -2.076
THR01B4785_002   0.193  -2.269  -2.076
ASP01B4786_001   0.375  -0.761  -0.386
ASP01B4786_002   0.375  -0.761  -0.386
ASP02B4786_003   0.424  -0.724  -0.300
ASP02B4786_004   0.424  -0.724  -0.300
ASP-1B4786_005   0.323  -0.724  -0.401
ASN01B4787_001   0.400  -3.761  -3.360
ASN01B4787_002   0.174  -3.665  -3.491
SER01B4788_001   0.000  -2.943  -2.943
SER01B4788_002   0.000  -2.943  -2.943
PHE01B4789_001   4.542  -1.955   2.587
LEU01B4790_001   1.650  -5.695  -4.045
TYR01B4791_001   4.732  -4.194   0.538
TYR01B4791_002   4.732  -4.194   0.538
TYR-1B4791_003   4.732  -4.194   0.538
LEU01B4792_001   1.408  -0.515   0.893
TRP01B4794_001   3.087  -8.895  -5.808
TYR01B4795_001   4.670  -0.253   4.418
TYR-1B4795_002   4.670  -0.253   4.418
MET01B4796_001   3.844  -1.202   2.642
VAL01B4797_001   0.656  -3.725  -3.069
MET01B4798_001  -0.014  -1.413  -1.427
SER01B4799_001   0.000   0.000   0.000
SER01B4799_002   0.000   0.000   0.000
SER01B4799_003   0.000   0.000   0.000
LEU01B4800_001   1.952  -6.333  -4.381
LEU01B4801_001   1.468  -3.245  -1.777
HIS01B4803_001  -0.170  -2.774  -2.945
HIS01B4803_002  -0.131  -3.097  -3.228
HIS02B4803_003  -0.188  -2.774  -2.963
HIS02B4803_004  -0.144  -3.097  -3.241
HIS+1B4803_005  -0.215  -2.774  -2.989
HIS+1B4803_006  -0.171  -3.097  -3.268
TYR01B4804_001   4.054  -8.867  -4.813
TYR-1B4804_002   4.054  -8.867  -4.813
ASN01B4805_001   0.150  -1.983  -1.833
ASN01B4805_002  -0.007  -1.699  -1.706
ASN01B4806_001   0.458  -1.900  -1.442
ASN01B4806_002   0.219  -1.826  -1.607
PHE01B4807_001   4.870 -11.482  -6.611
PHE01B4808_001   4.530  -3.284   1.246
PHE01B4809_001   4.613  -0.253   4.361
ALA01B4810_001   0.000  -1.526  -1.526
ALA01B4811_001   0.000  -1.030  -1.030
HIS01B4812_001  -0.132   0.000  -0.132
HIS02B4812_002  -0.152   0.000  -0.152
HIS+1B4812_003  -0.178   0.000  -0.178
LEU01B4813_001   1.761  -3.603  -1.841
LEU01B4814_001   1.726  -8.853  -7.127
ASP01B4815_001   0.341  -0.278   0.063
ASP01B4815_002   0.341  -0.278   0.063
ASP02B4815_003   0.432  -0.383   0.049
ASP02B4815_004   0.432  -0.383   0.049
ASP-1B4815_005   0.312  -0.340  -0.028
ILE01B4816_001   2.408  -0.325   2.083
ALA01B4817_001   0.000  -2.572  -2.572
MET01B4818_001   0.037  -4.359  -4.322
VAL01B4820_001   0.693  -3.503  -2.810
LYS01B4821_001   1.515  -8.241  -6.726
LYS+1B4821_002   1.469  -8.241  -6.772
THR01B4822_001   0.219  -4.544  -4.325
THR01B4822_002   0.219  -4.544  -4.325
LEU01B4823_001   1.222  -5.750  -4.527
ARG01B4824_001   2.860  -6.040  -3.180
ARG02B4824_002   2.827  -6.040  -3.213
ARG03B4824_003   2.831  -6.040  -3.209
ARG+1B4824_004   2.783  -6.040  -3.257
THR01B4825_001   0.209  -3.643  -3.434
ILE01B4826_001   2.776  -6.159  -3.383
LEU01B4827_001   3.048  -5.100  -2.052
SER01B4828_001   0.000  -2.148  -2.148
SER01B4828_002   0.000  -2.148  -2.148
SER01B4829_001   0.000  -0.108  -0.108
SER01B4829_002   0.000  -0.108  -0.108
VAL01B4830_001   0.592  -4.256  -3.664
THR01B4831_001   0.260  -4.817  -4.557
THR01B4831_002   0.260  -4.817  -4.557
CTR01B4831_001  -0.021  -4.276  -4.297
CTR01B4831_002   0.101  -4.180  -4.079
CTR02B4831_003  -0.022  -4.141  -4.163
CTR02B4831_004   0.040  -4.141  -4.101
CTR-1B4831_005   0.000  -4.141  -4.141
NTR01B4836_001  -0.003  -1.542  -1.545
NTR+1B4836_002  -0.005  -1.542  -1.547
GLN01B4836_001   2.825  -4.206  -1.382
LEU01B4837_001   1.613  -3.194  -1.581
VAL01B4838_001   0.681  -6.606  -5.925
MET01B4839_001  -0.026  -8.327  -8.353
THR01B4840_001   0.193  -0.856  -0.663
THR01B4840_002   0.193  -0.856  -0.663
VAL01B4841_001   0.635  -4.974  -4.339
LEU01B4843_001   2.736  -5.663  -2.927
LEU01B4844_001   2.922  -2.231   0.690
ALA01B4845_001   0.000  -2.505  -2.505
VAL01B4846_001   0.540  -5.029  -4.489
VAL01B4847_001   0.707  -1.494  -0.787
VAL01B4848_001   0.743   0.000   0.743
TYR01B4849_001   4.423  -7.342  -2.919
TYR01B4849_002   4.423  -7.342  -2.919
TYR-1B4849_003   4.423  -7.342  -2.919
LEU01B4850_001   1.460  -6.159  -4.699
TYR01B4851_001   4.144  -2.333   1.811
TYR-1B4851_002   4.144  -2.333   1.811
THR01B4852_001   0.213   0.000   0.213
THR01B4852_002   0.213   0.000   0.213
THR01B4852_003   0.213   0.000   0.213
VAL01B4853_001   0.674  -3.194  -2.520
VAL01B4854_001   0.599  -2.299  -1.700
ALA01B4855_001   0.000  -0.309  -0.309
PHE01B4856_001   4.599  -2.561   2.038
ASN01B4857_001   0.381  -2.330  -1.949
ASN01B4857_002   0.162  -2.423  -2.261
PHE01B4858_001   4.093  -9.342  -5.249
PHE01B4859_001   4.255  -0.337   3.917
ARG01B4860_001   2.788  -7.501  -4.713
ARG02B4860_002   2.754  -7.501  -4.747
ARG03B4860_003   2.757  -7.501  -4.744
ARG+1B4860_004   2.710  -7.501  -4.791
LYS01B4861_001   1.865  -5.531  -3.666
LYS+1B4861_002   1.802  -5.531  -3.729
PHE01B4862_001   5.005  -1.735   3.270
TYR01B4863_001   4.169  -0.101   4.068
TYR01B4863_002   4.169  -0.101   4.068
TYR-1B4863_003   4.169  -0.101   4.068
ASN01B4864_001   0.286  -1.309  -1.023
ASN01B4864_002   0.435  -1.152  -0.716
LYS01B4865_001   1.299  -1.891  -0.592
LYS+1B4865_002   1.253  -1.891  -0.638
SER01B4866_001   0.000  -3.716  -3.716
GLU01B4867_001   3.150  -2.239   0.911
GLU01B4867_002   3.150  -2.239   0.911
GLU02B4867_003   2.555  -2.369   0.186
GLU02B4867_004   2.555  -2.369   0.186
GLU-1B4867_005   2.471  -2.234   0.238
ASP01B4868_001   0.380  -3.988  -3.608
ASP01B4868_002   0.380  -3.988  -3.608
ASP02B4868_003   0.436  -3.878  -3.443
ASP02B4868_004   0.436  -3.878  -3.443
ASP-1B4868_005   0.330  -3.794  -3.463
GLU01B4869_001   1.475  -3.977  -2.502
GLU01B4869_002   1.475  -3.977  -2.502
GLU02B4869_003   1.220  -4.003  -2.782
GLU02B4869_004   1.220  -4.003  -2.782
GLU-1B4869_005   1.132  -3.957  -2.825
ASP01B4870_001   0.167  -3.005  -2.838
ASP01B4870_002   0.167  -3.005  -2.838
ASP02B4870_003   0.251  -3.113  -2.863
ASP02B4870_004   0.251  -3.113  -2.863
ASP-1B4870_005   0.157  -3.032  -2.875
GLU01B4871_001   2.479  -1.671   0.808
GLU01B4871_002   2.479  -1.671   0.808
GLU02B4871_003   1.974  -1.590   0.384
GLU02B4871_004   1.974  -1.590   0.384
GLU-1B4871_005   1.904  -1.555   0.350
CTR01B4871_001  -0.021  -0.956  -0.977
CTR01B4871_002   0.091  -0.994  -0.904
CTR02B4871_003  -0.022  -0.956  -0.978
CTR02B4871_004   0.035  -0.956  -0.920
CTR-1B4871_005   0.000  -0.956  -0.956
NTR01B4872_001  -0.002  -0.450  -0.453
NTR+1B4872_002  -0.004  -0.450  -0.454
PRO01B4872_001   0.271  -5.714  -5.444
ASP01B4873_001   0.055  -1.913  -1.858
ASP01B4873_002   0.055  -1.913  -1.858
ASP02B4873_003   0.121  -1.783  -1.662
ASP02B4873_004   0.121  -1.783  -1.662
ASP-1B4873_005   0.052  -1.830  -1.778
MET01B4874_001   0.889  -1.497  -0.608
LYS01B4875_001   1.014  -1.763  -0.749
LYS+1B4875_002   0.949  -1.763  -0.814
CYS01B4876_001  -0.002   0.000  -0.002
CYS01B4876_002  -0.002   0.000  -0.002
CYS01B4876_003  -0.003   0.000  -0.003
CYS-1B4876_004   0.000   0.000   0.000
ASP01B4877_001   0.121  -1.985  -1.864
ASP01B4877_002   0.121  -1.985  -1.864
ASP02B4877_003   0.194  -1.942  -1.748
ASP02B4877_004   0.194  -1.942  -1.748
ASP-1B4877_005   0.113  -1.903  -1.791
ASP01B4878_001  -0.040  -1.916  -1.956
ASP01B4878_002  -0.040  -1.916  -1.956
ASP02B4878_003  -0.009  -1.986  -1.995
ASP02B4878_004  -0.009  -1.986  -1.995
ASP-1B4878_005  -0.041  -1.916  -1.956
MET01B4879_001   0.017  -3.540  -3.523
MET01B4880_001   1.330  -9.678  -8.347
THR01B4881_001   0.273  -2.284  -2.012
THR01B4881_002   0.273  -2.284  -2.012
THR01B4881_003   0.273  -2.284  -2.012
CYS01B4882_001  -0.002   0.000  -0.002
CYS01B4882_002  -0.002   0.000  -0.002
CYS01B4882_003  -0.003   0.000  -0.003
CYS-1B4882_004   0.000   0.000   0.000
TYR01B4883_001   4.728  -2.395   2.333
TYR01B4883_002   4.728  -2.395   2.333
TYR-1B4883_003   4.728  -2.395   2.333
LEU01B4884_001   1.928  -6.864  -4.935
PHE01B4885_001   4.698  -0.707   3.991
HIS01B4886_001  -0.176   0.000  -0.176
HIS01B4886_002  -0.142   0.000  -0.142
HIS02B4886_003  -0.193   0.000  -0.193
HIS02B4886_004  -0.155   0.000  -0.155
HIS+1B4886_005  -0.220   0.000  -0.220
HIS+1B4886_006  -0.182   0.000  -0.182
MET01B4887_001   0.745  -3.818  -3.073
TYR01B4888_001   4.416  -8.836  -4.420
TYR-1B4888_002   4.416  -8.836  -4.420
VAL01B4889_001   0.666  -0.464   0.203
VAL01B4891_001   0.716  -0.927  -0.211
ARG01B4892_001   3.353  -7.418  -4.065
ARG02B4892_002   3.302  -7.418  -4.116
ARG03B4892_003   3.398  -7.418  -4.020
ARG+1B4892_004   3.262  -7.418  -4.156
ALA01B4893_001   0.000  -0.052  -0.052
ILE01B4897_001   1.897  -0.702   1.195
ASP01B4899_001   0.149  -2.411  -2.262
ASP01B4899_002   0.149  -2.411  -2.262
ASP02B4899_003   0.230  -2.323  -2.093
ASP02B4899_004   0.230  -2.323  -2.093
ASP-1B4899_005   0.140  -2.261  -2.121
GLU01B4900_001   3.598  -1.153   2.445
GLU01B4900_002   3.598  -1.153   2.445
GLU02B4900_003   2.871  -1.223   1.649
GLU02B4900_004   2.871  -1.223   1.649
GLU-1B4900_005   2.810  -1.153   1.656
ILE01B4901_001   2.951  -0.515   2.436
GLU01B4902_001   2.657  -1.946   0.711
GLU01B4902_002   2.657  -1.946   0.711
GLU02B4902_003   2.104  -1.771   0.333
GLU02B4902_004   2.104  -1.771   0.333
GLU-1B4902_005   2.041  -1.783   0.258
ASP01B4903_001   0.069  -2.983  -2.914
ASP01B4903_002   0.069  -2.983  -2.914
ASP02B4903_003   0.140  -3.022  -2.882
ASP02B4903_004   0.140  -3.022  -2.882
ASP-1B4903_005   0.066  -2.937  -2.871
PRO01B4904_001   0.229  -1.413  -1.184
ALA01B4905_001   0.000  -3.174  -3.174
ASP01B4907_001  -0.040  -3.339  -3.379
ASP01B4907_002  -0.040  -3.339  -3.379
ASP02B4907_003  -0.009  -3.324  -3.333
ASP02B4907_004  -0.009  -3.324  -3.333
ASP-1B4907_005  -0.040  -3.233  -3.274
GLU01B4908_001   0.498  -2.384  -1.886
GLU01B4908_002   0.498  -2.384  -1.886
GLU02B4908_003   0.664  -2.570  -1.905
GLU02B4908_004   0.664  -2.570  -1.905
GLU-1B4908_005   0.467  -2.429  -1.962
TYR01B4909_001   3.963  -8.038  -4.075
TYR-1B4909_002   3.963  -8.038  -4.075
GLU01B4910_001   0.497  -1.640  -1.143
GLU01B4910_002   0.497  -1.640  -1.143
GLU02B4910_003   0.663  -1.668  -1.006
GLU02B4910_004   0.663  -1.668  -1.006
GLU-1B4910_005   0.466  -1.542  -1.076
LEU01B4911_001   2.885  -8.548  -5.663
TYR01B4912_001   4.261  -9.050  -4.788
TYR01B4912_002   4.261  -9.050  -4.788
TYR-1B4912_003   4.261  -9.050  -4.788
ARG01B4913_001   5.512  -0.950   4.562
ARG02B4913_002   5.453  -0.950   4.503
ARG03B4913_003   5.520  -0.950   4.570
ARG+1B4913_004   5.408  -0.950   4.458
VAL01B4914_001   0.623  -4.272  -3.649
VAL01B4915_001   0.624  -5.457  -4.833
PHE01B4916_001   4.522  -2.233   2.290
ASP01B4917_001   0.390  -0.466  -0.076
ASP01B4917_002   0.390  -0.466  -0.076
ASP02B4917_003   0.448  -0.653  -0.205
ASP02B4917_004   0.448  -0.653  -0.205
ASP-1B4917_005   0.340  -0.599  -0.259
ILE01B4918_001   3.102  -6.674  -3.572
THR01B4919_001   0.217  -2.248  -2.031
THR01B4919_002   0.217  -2.248  -2.031
PHE01B4920_001   4.557  -0.135   4.422
PHE01B4921_001   4.610  -3.469   1.140
PHE01B4922_001   4.580  -6.692  -2.112
PHE01B4923_001   4.240  -5.628  -1.389
VAL01B4924_001   0.774   0.000   0.774
ILE01B4925_001   3.602  -0.737   2.864
VAL01B4926_001   0.597  -3.879  -3.282
ILE01B4927_001   2.051  -3.879  -1.829
LEU01B4928_001   1.927  -0.721   1.206
LEU01B4929_001   1.819  -4.839  -3.020
ALA01B4930_001   0.000  -3.087  -3.087
ILE01B4931_001   5.748  -4.118   1.631
ILE01B4932_001   2.736  -2.881  -0.145
GLN01B4933_001   3.345  -3.107   0.238
GLN01B4933_002   5.688  -3.101   2.587
LEU01B4935_001   1.636  -2.936  -1.300
ILE01B4936_001   2.240  -2.318  -0.078
ILE01B4937_001   2.107  -5.267  -3.160
ASP01B4938_001   0.357  -3.760  -3.403
ASP01B4938_002   0.357  -3.760  -3.403
ASP02B4938_003   0.398  -3.860  -3.461
ASP02B4938_004   0.398  -3.860  -3.461
ASP-1B4938_005   0.304  -3.661  -3.357
ALA01B4939_001   0.000  -1.442  -1.442
PHE01B4940_001   4.189  -5.346  -1.157
CTR01B4940_001  -0.021  -0.965  -0.986
CTR01B4940_002   0.099  -0.927  -0.827
CTR02B4940_003  -0.022  -0.927  -0.949
CTR02B4940_004   0.039  -0.946  -0.907
CTR-1B4940_005   0.000  -0.927  -0.927
NTR01B4943_001  -0.003  -1.536  -1.539
NTR+1B4943_002  -0.005  -1.536  -1.541
LEU01B4943_001   1.493  -5.528  -4.035
ARG01B4944_001   3.729 -12.068  -8.338
ARG02B4944_002   3.779 -12.068  -8.289
ARG03B4944_003   3.681 -12.068  -8.387
ARG+1B4944_004   3.641 -12.068  -8.427
CTR01B4944_001  -0.021  -4.402  -4.423
CTR01B4944_002   0.099  -4.402  -4.303
CTR02B4944_003  -0.022  -4.363  -4.385
CTR02B4944_004   0.039  -4.441  -4.402
CTR-1B4944_005   0.000  -4.344  -4.344
NTR01B4952_001  -0.003  -2.380  -2.383
NTR+1B4952_002  -0.005  -2.380  -2.385
GLU01B4952_001   3.739  -3.568   0.171
GLU01B4952_002   3.739  -3.568   0.171
GLU02B4952_003   3.027  -3.578  -0.552
GLU02B4952_004   3.027  -3.578  -0.552
GLU-1B4952_005   2.945  -3.508  -0.563
ASP01B4953_001   0.386  -1.920  -1.534
ASP01B4953_002   0.386  -1.920  -1.534
ASP02B4953_003   0.440  -1.758  -1.318
ASP02B4953_004   0.440  -1.758  -1.318
ASP-1B4953_005   0.334  -1.744  -1.410
MET01B4954_001   0.201  -9.254  -9.052
GLU01B4955_001   0.499  -3.864  -3.365
GLU01B4955_002   0.499  -3.864  -3.365
GLU02B4955_003   0.666  -3.777  -3.112
GLU02B4955_004   0.666  -3.777  -3.112
GLU-1B4955_005   0.468  -3.738  -3.270
THR01B4956_001   0.174  -3.411  -3.237
LYS01B4957_001   1.059  -3.795  -2.736
LYS+1B4957_002   1.015  -3.795  -2.780
CYS01B4958_001  -0.002  -1.748  -1.750
CYS01B4958_002  -0.002  -1.748  -1.750
CYS01B4958_003  -0.003  -1.748  -1.751
CYS-1B4958_004   0.000  -1.748  -1.748
PHE01B4959_001   4.627  -1.494   3.133
ILE01B4960_001   2.153  -0.103   2.050
CYS01B4961_001  -0.002  -0.357  -0.359
CYS01B4961_002  -0.002  -0.357  -0.359
CYS01B4961_003  -0.003  -0.357  -0.360
CYS-1B4961_004   0.000  -0.357  -0.357
ILE01B4963_001   2.025  -5.853  -3.828
CTR01B4963_001  -0.021  -2.201  -2.222
CTR01B4963_002   0.104  -2.259  -2.155
CTR02B4963_003  -0.022  -2.297  -2.320
CTR02B4963_004   0.042  -2.259  -2.217
CTR-1B4963_005   0.000  -2.201  -2.201
NTR01B4981_001  -0.003  -2.641  -2.644
NTR+1B4981_002  -0.005  -2.641  -2.646
GLU01B4981_001   2.779  -1.851   0.929
GLU01B4981_002   2.779  -1.851   0.929
GLU02B4981_003   2.322  -1.910   0.412
GLU02B4981_004   2.322  -1.910   0.412
GLU-1B4981_005   2.218  -1.867   0.351
GLU01B4982_001   1.617  -2.081  -0.465
GLU01B4982_002   1.617  -2.081  -0.465
GLU02B4982_003   1.299  -2.122  -0.823
GLU02B4982_004   1.299  -2.122  -0.823
GLU-1B4982_005   1.225  -2.011  -0.786
HIS01B4983_001  -0.258  -0.567  -0.825
HIS02B4983_002  -0.279  -0.567  -0.845
HIS+1B4983_003  -0.305  -0.567  -0.872
ASN01B4984_001   0.399  -2.673  -2.274
ASN01B4984_002   0.179  -2.697  -2.518
LEU01B4985_001   4.034  -2.163   1.870
ALA01B4986_001   0.000  -0.464  -0.464
ASN01B4987_001   0.153  -0.433  -0.280
TYR01B4988_001   4.120  -1.565   2.555
TYR01B4988_002   4.120  -1.565   2.555
TYR-1B4988_003   4.120  -1.565   2.555
MET01B4989_001   0.479   0.000   0.479
PHE01B4990_001   4.301  -0.303   3.998
PHE01B4991_001   4.740  -3.604   1.136
LEU01B4992_001   2.752  -2.112   0.641
MET01B4993_001   0.272  -0.510  -0.238
TYR01B4994_001   4.327  -3.452   0.875
TYR01B4994_002   4.327  -3.452   0.875
TYR-1B4994_003   4.327  -3.452   0.875
LEU01B4995_001   2.382  -4.272  -1.890
ILE01B4996_001   3.541  -3.619  -0.078
ASN01B4997_001   0.412  -1.998  -1.586
ASN01B4997_002   0.178  -2.032  -1.855
LYS01B4998_001   0.999  -2.573  -1.574
LYS+1B4998_002   0.951  -2.573  -1.621
ASP01B4999_001   0.146  -2.355  -2.208
ASP01B4999_002   0.146  -2.355  -2.208
ASP02B4999_003   0.227  -2.348  -2.122
ASP02B4999_004   0.227  -2.348  -2.122
ASP-1B4999_005   0.138  -2.274  -2.136
GLU01B5000_001   2.906  -3.354  -0.448
GLU01B5000_002   2.906  -3.354  -0.448
GLU02B5000_003   2.307  -3.397  -1.090
GLU02B5000_004   2.307  -3.397  -1.090
GLU-1B5000_005   2.245  -3.312  -1.066
THR01B5001_001   0.214  -4.825  -4.611
GLU01B5002_001   1.797  -2.938  -1.141
GLU01B5002_002   1.797  -2.938  -1.141
GLU02B5002_003   1.469  -2.879  -1.410
GLU02B5002_004   1.469  -2.879  -1.410
GLU-1B5002_005   1.383  -2.872  -1.490
HIS01B5003_001  -0.187  -3.223  -3.410
HIS01B5003_002  -0.153  -3.176  -3.330
HIS02B5003_003  -0.204  -3.223  -3.427
HIS02B5003_004  -0.167  -3.176  -3.344
HIS+1B5003_005  -0.231  -3.223  -3.454
HIS+1B5003_006  -0.194  -3.176  -3.370
CTR01B5003_001  -0.021  -2.790  -2.811
CTR01B5003_002   0.119  -2.790  -2.671
CTR02B5003_003  -0.022  -2.944  -2.967
CTR02B5003_004   0.048  -2.693  -2.645
CTR-1B5003_005   0.000  -2.790  -2.790
NTR01B5023_001  -0.002  -1.417  -1.420
NTR+1B5023_002  -0.004  -1.417  -1.421
PRO01B5023_001   0.264  -0.839  -0.575
ALA01B5024_001   0.000  -3.190  -3.190
CTR01B5025_001  -0.021  -3.022  -3.043
CTR01B5025_002   0.095  -3.003  -2.907
CTR02B5025_003  -0.022  -2.828  -2.850
CTR02B5025_004   0.037  -3.080  -3.043
CTR-1B5025_005   0.000  -2.828  -2.828
NTR01B5027_001  -0.003  -0.899  -0.902
NTR+1B5027_002  -0.005  -0.899  -0.904
CTR01B5027_001  -0.021  -2.626  -2.647
CTR01B5027_002   0.114  -2.780  -2.667
CTR02B5027_003  -0.022  -2.626  -2.648
CTR02B5027_004   0.046  -2.742  -2.696
CTR-1B5027_005   0.000  -2.626  -2.626
CYS01B5027_001  -0.002  -1.572  -1.573
CYS01B5027_002  -0.002  -1.572  -1.573
CYS01B5027_003  -0.002  -1.572  -1.574
CYS-1B5027_004   0.000  -1.572  -1.572
NTR01B5037_001  -0.003  -3.875  -3.878
NTR+1B5037_002  -0.005  -3.895  -3.900
CTR01B5037_001  -0.021  -6.217  -6.238
CTR01B5037_002   0.111  -6.468  -6.357
CTR02B5037_003  -0.022  -6.255  -6.278
CTR02B5037_004   0.044  -6.429  -6.386
CTR-1B5037_005   0.000  -6.217  -6.217
SER01B5037_001   0.000  -5.828  -5.828
SER01B5037_002   0.000  -5.828  -5.828
SER01B5037_003   0.000  -5.828  -5.828
_ZN+2B5101_001   0.000   0.000   0.000
_CA+2B5102_001   0.000  -1.217  -1.217
