   confID        vdw0    sas     sum
NTR01B3639_001  -0.003  -3.319  -3.322
NTR+1B3639_002  -0.005  -3.319  -3.324
THR01B3639_001   0.168  -4.494  -4.325
PRO01B3640_001   0.257  -3.203  -2.945
LEU01B3641_001   1.783  -9.562  -7.778
TYR01B3642_001   4.598 -10.421  -5.823
TYR-1B3642_002   4.598 -10.421  -5.823
ASN01B3643_001   0.371  -2.518  -2.147
ASN01B3643_002   0.134  -2.299  -2.165
LEU01B3644_001   1.588  -2.418  -0.830
PRO01B3645_001   0.245  -3.297  -3.052
THR01B3646_001   0.255  -7.272  -7.017
HIS01B3647_001  -0.155  -8.686  -8.842
HIS01B3647_002  -0.112  -8.864  -8.976
HIS02B3647_003  -0.174  -8.686  -8.861
HIS02B3647_004  -0.125  -8.864  -8.989
HIS+1B3647_005  -0.201  -8.686  -8.887
HIS+1B3647_006  -0.152  -8.864  -9.016
ARG01B3648_001   2.085  -7.665  -5.580
ARG02B3648_002   2.061  -7.665  -5.604
ARG03B3648_003   2.154  -7.665  -5.511
ARG+1B3648_004   2.022  -7.665  -5.643
ALA01B3649_001   0.000  -0.995  -0.995
CYS01B3650_001  -0.002  -4.100  -4.102
CYS01B3650_002  -0.002  -4.100  -4.102
CYS01B3650_003  -0.002  -4.100  -4.103
CYS-1B3650_004   0.000  -4.100  -4.100
ASN01B3651_001   0.467  -2.942  -2.475
ASN01B3651_002   0.227  -2.942  -2.715
MET01B3652_001   0.411  -5.993  -5.583
PHE01B3653_001   4.760  -9.011  -4.251
LEU01B3654_001   1.969  -6.915  -4.946
GLU01B3655_001   1.699  -3.364  -1.665
GLU01B3655_002   1.699  -3.364  -1.665
GLU02B3655_003   1.403  -3.398  -1.996
GLU02B3655_004   1.403  -3.398  -1.996
GLU-1B3655_005   1.311  -3.350  -2.039
SER01B3656_001   0.000  -3.492  -3.492
TYR01B3657_001   4.763  -5.863  -1.101
TYR01B3657_002   4.763  -5.863  -1.101
TYR-1B3657_003   4.763  -5.863  -1.101
LYS01B3658_001   1.590  -8.374  -6.784
LYS+1B3658_002   1.543  -8.374  -6.832
ALA01B3659_001   0.000  -5.029  -5.029
ALA01B3660_001   0.000  -2.627  -2.627
TRP01B3661_001   2.825  -4.682  -1.857
ILE01B3662_001   1.735 -10.244  -8.509
LEU01B3663_001   2.344  -5.595  -3.251
THR01B3664_001   0.179  -4.957  -4.778
GLU01B3665_001   1.696  -3.819  -2.123
GLU01B3665_002   1.696  -3.819  -2.123
GLU02B3665_003   1.393  -3.619  -2.226
GLU02B3665_004   1.393  -3.619  -2.226
GLU-1B3665_005   1.305  -3.684  -2.379
ASP01B3666_001   0.438  -1.789  -1.351
ASP01B3666_002   0.438  -1.789  -1.351
ASP02B3666_003   0.477  -1.723  -1.247
ASP02B3666_004   0.477  -1.723  -1.247
ASP-1B3666_005   0.373  -1.684  -1.311
HIS01B3667_001  -0.134  -5.129  -5.263
HIS01B3667_002  -0.083  -5.058  -5.141
HIS02B3667_003  -0.153  -5.129  -5.282
HIS02B3667_004  -0.095  -5.058  -5.154
HIS+1B3667_005  -0.180  -5.129  -5.309
HIS+1B3667_006  -0.122  -5.058  -5.180
SER01B3668_001   0.000  -3.365  -3.365
SER01B3668_002   0.000  -3.365  -3.365
PHE01B3669_001   4.741  -6.063  -1.322
GLU01B3670_001   1.090  -0.349   0.741
GLU01B3670_002   1.090  -0.349   0.741
GLU02B3670_003   0.917  -0.437   0.480
GLU02B3670_004   0.917  -0.437   0.480
GLU-1B3670_005   0.839  -0.349   0.490
ASP01B3671_001   0.088  -1.315  -1.227
ASP01B3671_002   0.088  -1.315  -1.227
ASP02B3671_003   0.163  -1.373  -1.210
ASP02B3671_004   0.163  -1.373  -1.210
ASP-1B3671_005   0.084  -1.309  -1.226
ARG01B3672_001   3.751 -10.281  -6.531
ARG02B3672_002   3.704 -10.281  -6.578
ARG03B3672_003   3.701 -10.281  -6.580
ARG+1B3672_004   3.656 -10.281  -6.625
MET01B3673_001   0.093  -5.978  -5.885
CTR01B3673_001  -0.021  -1.853  -1.874
CTR01B3673_002   0.104  -1.815  -1.711
CTR02B3673_003  -0.022  -1.795  -1.818
CTR02B3673_004   0.040  -1.738  -1.697
CTR-1B3673_005   0.000  -1.795  -1.795
NTR01B3675_001  -0.003  -0.360  -0.363
NTR+1B3675_002  -0.005  -0.360  -0.365
ASP01B3675_001   0.191  -1.213  -1.022
ASP01B3675_002   0.191  -1.213  -1.022
ASP02B3675_003   0.282  -1.252  -0.970
ASP02B3675_004   0.282  -1.252  -0.970
ASP-1B3675_005   0.181  -1.197  -1.016
ASP01B3676_001   0.048  -2.057  -2.010
ASP01B3676_002   0.048  -2.057  -2.010
ASP02B3676_003   0.109  -2.128  -2.019
ASP02B3676_004   0.109  -2.128  -2.019
ASP-1B3676_005   0.043  -1.976  -1.933
CTR01B3676_001  -0.021  -1.458  -1.478
CTR01B3676_002   0.092  -1.651  -1.559
CTR02B3676_003  -0.022  -1.458  -1.480
CTR02B3676_004   0.035  -1.574  -1.539
CTR-1B3676_005   0.000  -1.458  -1.458
NTR01B3678_001  -0.003  -1.794  -1.797
NTR+1B3678_002  -0.005  -1.794  -1.799
SER01B3678_001   0.000  -2.333  -2.333
SER01B3678_002   0.000  -2.333  -2.333
LYS01B3679_001   1.384  -7.934  -6.550
LYS+1B3679_002   1.298  -7.934  -6.636
ALA01B3680_001   0.000  -3.860  -3.860
GLU01B3682_001   0.498  -3.449  -2.951
GLU01B3682_002   0.498  -3.449  -2.951
GLU02B3682_003   0.665  -3.424  -2.759
GLU02B3682_004   0.665  -3.424  -2.759
GLU-1B3682_005   0.467  -3.393  -2.926
GLN01B3683_001   0.457  -1.516  -1.060
GLU01B3684_001   0.499  -3.988  -3.489
GLU01B3684_002   0.499  -3.988  -3.489
GLU02B3684_003   0.666  -4.065  -3.400
GLU02B3684_004   0.666  -4.065  -3.400
GLU-1B3684_005   0.468  -4.026  -3.559
GLU01B3685_001   0.500  -4.315  -3.815
GLU01B3685_002   0.500  -4.315  -3.815
GLU02B3685_003   0.666  -4.275  -3.609
GLU02B3685_004   0.666  -4.275  -3.609
GLU-1B3685_005   0.468  -4.207  -3.739
GLU01B3686_001   0.496  -3.886  -3.390
GLU01B3686_002   0.496  -3.886  -3.390
GLU02B3686_003   0.662  -3.969  -3.307
GLU02B3686_004   0.662  -3.969  -3.307
GLU-1B3686_005   0.465  -3.854  -3.389
GLU01B3687_001   0.500  -2.526  -2.026
GLU01B3687_002   0.500  -2.526  -2.026
GLU02B3687_003   0.666  -2.494  -1.828
GLU02B3687_004   0.666  -2.494  -1.828
GLU-1B3687_005   0.468  -2.481  -2.012
GLU01B3688_001   0.497  -4.372  -3.875
GLU01B3688_002   0.497  -4.372  -3.875
GLU02B3688_003   0.663  -4.311  -3.647
GLU02B3688_004   0.663  -4.311  -3.647
GLU-1B3688_005   0.466  -4.156  -3.690
GLU01B3689_001   0.498  -4.220  -3.722
GLU01B3689_002   0.498  -4.220  -3.722
GLU02B3689_003   0.665  -4.182  -3.517
GLU02B3689_004   0.665  -4.182  -3.517
GLU-1B3689_005   0.467  -4.143  -3.676
VAL01B3690_001   0.500  -3.190  -2.690
GLU01B3691_001   0.497  -4.391  -3.895
GLU01B3691_002   0.497  -4.391  -3.895
GLU02B3691_003   0.663  -4.308  -3.645
GLU02B3691_004   0.663  -4.308  -3.645
GLU-1B3691_005   0.465  -4.220  -3.755
GLU01B3692_001   0.497  -4.509  -4.012
GLU01B3692_002   0.497  -4.509  -4.012
GLU02B3692_003   0.663  -4.570  -3.907
GLU02B3692_004   0.663  -4.570  -3.907
GLU-1B3692_005   0.466  -4.397  -3.931
CTR01B3692_001  -0.021  -4.276  -4.297
CTR01B3692_002   0.105  -4.393  -4.287
CTR02B3692_003  -0.022  -4.296  -4.318
CTR02B3692_004   0.042  -4.509  -4.467
CTR-1B3692_005   0.000  -4.296  -4.296
NTR01B3718_001  -0.003  -3.460  -3.463
NTR+1B3718_002  -0.005  -3.460  -3.465
GLU01B3718_001   1.693  -4.172  -2.480
GLU01B3718_002   1.693  -4.172  -2.480
GLU02B3718_003   1.389  -4.144  -2.755
GLU02B3718_004   1.389  -4.144  -2.755
GLU-1B3718_005   1.302  -4.124  -2.823
ASP01B3719_001   0.047  -3.203  -3.156
ASP01B3719_002   0.047  -3.203  -3.156
ASP02B3719_003   0.109  -3.223  -3.114
ASP02B3719_004   0.109  -3.223  -3.114
ASP-1B3719_005   0.043  -3.092  -3.048
TYR01B3720_001   4.365 -12.625  -8.260
TYR-1B3720_002   4.365 -12.625  -8.260
LEU01B3721_001   3.675  -9.539  -5.864
CTR01B3721_001  -0.021  -0.927  -0.948
CTR01B3721_002   0.098  -1.043  -0.944
CTR02B3721_003  -0.022  -0.927  -0.949
CTR02B3721_004   0.038  -1.120  -1.082
CTR-1B3721_005   0.000  -0.927  -0.927
NTR01B3724_001  -0.003  -1.893  -1.896
NTR+1B3724_002  -0.005  -1.826  -1.831
CTR01B3724_001  -0.021  -0.830  -0.851
CTR01B3724_002   0.105  -0.811  -0.706
CTR02B3724_003  -0.022  -0.811  -0.833
CTR02B3724_004   0.042  -0.772  -0.730
CTR-1B3724_005   0.000  -0.811  -0.811
ALA01B3724_001   0.000  -2.041  -2.041
NTR01B3726_001  -0.003  -0.707  -0.710
NTR+1B3726_002  -0.005  -0.707  -0.712
ALA01B3726_001   0.000  -4.977  -4.977
ASP01B3727_001   0.063  -2.631  -2.568
ASP01B3727_002   0.063  -2.631  -2.568
ASP02B3727_003   0.131  -2.642  -2.511
ASP02B3727_004   0.131  -2.642  -2.511
ASP-1B3727_005   0.060  -2.567  -2.507
ILE01B3728_001   2.502  -1.803   0.699
MET01B3729_001   0.062  -9.715  -9.653
ALA01B3730_001   0.000  -2.350  -2.350
LYS01B3731_001   4.062  -4.603  -0.541
LYS+1B3731_002   3.975  -4.603  -0.628
SER01B3732_001   0.000  -0.797  -0.797
SER01B3732_002   0.000  -0.797  -0.797
SER01B3732_003   0.000  -0.797  -0.797
CYS01B3733_001  -0.002  -2.926  -2.927
CYS01B3733_002  -0.002  -2.926  -2.927
CYS01B3733_003  -0.002  -2.926  -2.928
CYS-1B3733_004   0.000  -2.926  -2.926
HIS01B3734_001  -0.354  -2.365  -2.719
HIS01B3734_002  -0.345  -2.436  -2.780
HIS02B3734_003  -0.363  -2.365  -2.728
HIS02B3734_004  -0.355  -2.436  -2.791
HIS+1B3734_005  -0.382  -2.365  -2.747
HIS+1B3734_006  -0.375  -2.436  -2.810
LEU01B3735_001   1.456  -1.391   0.066
GLU01B3736_001   0.498  -0.129   0.369
GLU01B3736_002   0.498  -0.129   0.369
GLU02B3736_003   0.665  -0.171   0.494
GLU02B3736_004   0.665  -0.171   0.494
GLU-1B3736_005   0.467  -0.129   0.338
GLU01B3737_001   0.500  -2.978  -2.478
GLU01B3737_002   0.500  -2.978  -2.478
GLU02B3737_003   0.667  -2.971  -2.304
GLU02B3737_004   0.667  -2.971  -2.304
GLU-1B3737_005   0.469  -2.924  -2.455
GLU01B3740_001   0.499  -1.552  -1.053
GLU01B3740_002   0.499  -1.552  -1.053
GLU02B3740_003   0.665  -1.447  -0.782
GLU02B3740_004   0.665  -1.447  -0.782
GLU-1B3740_005   0.467  -1.481  -1.014
ASN01B3741_001  -0.019  -2.955  -2.975
CTR01B3741_001  -0.021  -4.508  -4.529
CTR01B3741_002   0.104  -4.663  -4.559
CTR02B3741_003  -0.022  -4.624  -4.646
CTR02B3741_004   0.040  -4.721  -4.680
CTR-1B3741_005   0.000  -4.508  -4.508
NTR01B3747_001  -0.003  -3.795  -3.798
NTR+1B3747_002  -0.005  -3.795  -3.800
GLU01B3747_001   0.498  -3.613  -3.114
GLU01B3747_002   0.498  -3.613  -3.114
GLU02B3747_003   0.664  -3.769  -3.105
GLU02B3747_004   0.664  -3.769  -3.105
GLU-1B3747_005   0.467  -3.647  -3.180
GLU01B3748_001   0.499  -2.518  -2.020
GLU01B3748_002   0.499  -2.518  -2.020
GLU02B3748_003   0.665  -2.624  -1.959
GLU02B3748_004   0.665  -2.624  -1.959
GLU-1B3748_005   0.467  -2.579  -2.112
VAL01B3749_001   0.500  -8.303  -7.803
GLU01B3750_001   1.642  -3.068  -1.426
GLU01B3750_002   1.642  -3.068  -1.426
GLU02B3750_003   1.365  -2.835  -1.471
GLU02B3750_004   1.365  -2.835  -1.471
GLU-1B3750_005   1.268  -2.897  -1.628
VAL01B3751_001   0.587  -1.903  -1.315
SER01B3752_001   0.000  -3.116  -3.116
SER01B3752_002   0.000  -3.116  -3.116
PHE01B3753_001   4.615 -10.204  -5.590
GLU01B3754_001   1.765  -1.980  -0.215
GLU01B3754_002   1.765  -1.980  -0.215
GLU02B3754_003   1.440  -2.052  -0.611
GLU02B3754_004   1.440  -2.052  -0.611
GLU-1B3754_005   1.358  -2.019  -0.661
GLU01B3755_001   3.287  -0.707   2.580
GLU01B3755_002   3.287  -0.707   2.580
GLU02B3755_003   2.669  -0.611   2.059
GLU02B3755_004   2.669  -0.611   2.059
GLU-1B3755_005   2.581  -0.637   1.944
LYS01B3756_001   1.467  -4.500  -3.033
LYS+1B3756_002   1.402  -4.500  -3.098
GLU01B3757_001   4.138  -1.642   2.496
GLU01B3757_002   4.138  -1.642   2.496
GLU02B3757_003   3.347  -1.549   1.797
GLU02B3757_004   3.347  -1.549   1.797
GLU-1B3757_005   3.262  -1.567   1.695
MET01B3758_001  -0.073  -4.349  -4.422
GLU01B3759_001   2.305  -0.600   1.705
GLU01B3759_002   2.305  -0.600   1.705
GLU02B3759_003   1.848  -0.674   1.174
GLU02B3759_004   1.848  -0.674   1.174
GLU-1B3759_005   1.773  -0.586   1.187
LYS01B3760_001   1.124  -6.316  -5.192
LYS+1B3760_002   1.077  -6.316  -5.239
GLN01B3761_001   1.356  -1.588  -0.231
ARG01B3762_001   3.519  -1.333   2.186
ARG02B3762_002   3.479  -1.333   2.147
ARG03B3762_003   3.486  -1.333   2.153
ARG03B3762_004   3.546  -1.333   2.213
ARG+1B3762_005   3.441  -1.333   2.108
LEU01B3763_001   1.343  -3.297  -1.953
LEU01B3764_001   1.844  -8.029  -6.186
TYR01B3765_001   4.647  -5.080  -0.433
TYR-1B3765_002   4.647  -5.080  -0.433
GLN01B3766_001   2.353  -0.148   2.205
GLN01B3766_002   3.942  -0.221   3.720
CTR01B3766_001  -0.021  -1.216  -1.237
CTR01B3766_002   0.101  -1.351  -1.251
CTR02B3766_003  -0.022  -1.216  -1.238
CTR02B3766_004   0.040  -1.255  -1.215
CTR-1B3766_005   0.000  -1.216  -1.216
NTR01B3768_001  -0.003  -1.682  -1.685
NTR+1B3768_002  -0.005  -1.682  -1.687
SER01B3768_001   0.000  -2.451  -2.451
SER01B3768_002   0.000  -2.451  -2.451
ARG01B3769_001   3.690  -1.467   2.223
ARG02B3769_002   3.672  -1.467   2.205
ARG03B3769_003   3.605  -1.467   2.138
ARG03B3769_004   3.611  -1.467   2.144
ARG+1B3769_005   3.566  -1.467   2.099
CTR01B3769_001  -0.021  -3.764  -3.785
CTR01B3769_002   0.104  -3.823  -3.718
CTR02B3769_003  -0.022  -3.764  -3.787
CTR02B3769_004   0.042  -3.881  -3.839
CTR-1B3769_005   0.000  -3.764  -3.764
NTR01B3842_001  -0.003  -1.477  -1.480
NTR+1B3842_002  -0.005  -1.477  -1.482
LEU01B3842_001   2.102  -6.024  -3.921
ASP01B3843_001   0.183  -2.967  -2.784
ASP01B3843_002   0.183  -2.967  -2.784
ASP02B3843_003   0.269  -2.901  -2.632
ASP02B3843_004   0.269  -2.901  -2.632
ASP-1B3843_005   0.172  -2.860  -2.688
LEU01B3844_001   1.915  -6.677  -4.762
ASN01B3845_001   0.291  -3.347  -3.057
ASN01B3845_002   0.445  -3.440  -2.994
ALA01B3846_001   0.000  -1.545  -1.545
PHE01B3847_001   4.634  -1.082   3.552
GLU01B3848_001   1.473  -1.125   0.347
GLU01B3848_002   1.473  -1.125   0.347
GLU02B3848_003   1.261  -1.119   0.142
GLU02B3848_004   1.261  -1.119   0.142
GLU-1B3848_005   1.148  -1.089   0.059
ARG01B3849_001   2.174  -9.844  -7.670
ARG02B3849_002   2.243  -9.844  -7.601
ARG03B3849_003   2.154  -9.844  -7.690
ARG+1B3849_004   2.112  -9.844  -7.732
GLN01B3850_001   2.081  -0.034   2.046
ASN01B3851_001   0.163  -1.034  -0.870
ASN01B3851_002   0.000  -1.162  -1.161
LYS01B3852_001   0.821  -9.353  -8.532
LYS+1B3852_002   0.774  -9.353  -8.579
ALA01B3853_001   0.000  -1.046  -1.046
GLU01B3854_001   0.499  -1.772  -1.272
GLU01B3854_002   0.499  -1.772  -1.272
GLU02B3854_003   0.666  -1.724  -1.058
GLU02B3854_004   0.666  -1.724  -1.058
GLU-1B3854_005   0.468  -1.714  -1.246
LEU01B3856_001   1.619  -7.550  -5.930
MET01B3858_001   0.140  -8.818  -8.678
VAL01B3859_001   0.505  -2.540  -2.036
ASN01B3860_001  -0.020  -3.157  -3.177
GLU01B3861_001   0.498  -2.705  -2.207
GLU01B3861_002   0.498  -2.705  -2.207
GLU02B3861_003   0.665  -2.727  -2.062
GLU02B3861_004   0.665  -2.727  -2.062
GLU-1B3861_005   0.467  -2.618  -2.151
ASP01B3862_001  -0.040  -2.198  -2.238
ASP01B3862_002  -0.040  -2.198  -2.238
ASP02B3862_003  -0.009  -2.292  -2.300
ASP02B3862_004  -0.009  -2.292  -2.300
ASP-1B3862_005  -0.040  -2.114  -2.154
THR01B3864_001   0.152  -1.781  -1.629
THR01B3864_002   0.152  -1.781  -1.629
VAL01B3865_001   0.503  -5.679  -5.176
ILE01B3866_001   0.940  -5.151  -4.211
ASN01B3867_001  -0.020  -1.311  -1.331
ARG01B3868_0011190.881  -5.4851185.396
ARG02B3868_0021190.862  -5.4851185.378
ARG03B3868_0031190.896  -5.4851185.412
ARG03B3868_004 189.901  -5.485 184.416
ARG+1B3868_0051190.830  -5.4851185.346
GLN01B3869_001   0.455  -1.877  -1.423
ASN01B3870_001  -0.020  -0.169  -0.189
GLU01B3872_001   0.497  -3.959  -3.463
GLU01B3872_002   0.497  -3.959  -3.463
GLU02B3872_003   0.664  -4.027  -3.363
GLU02B3872_004   0.664  -4.027  -3.363
GLU-1B3872_005   0.466  -3.906  -3.440
LYS01B3873_001   0.928  -3.600  -2.672
LYS+1B3873_002   0.883  -3.600  -2.718
VAL01B3874_001   0.770   0.000   0.770
MET01B3875_001   0.643  -2.402  -1.759
ALA01B3876_001   0.000  -1.439  -1.439
ASP01B3877_001   0.085  -3.416  -3.332
ASP01B3877_002   0.085  -3.416  -3.332
ASP02B3877_003   0.158  -3.376  -3.218
ASP02B3877_004   0.158  -3.376  -3.218
ASP-1B3877_005   0.080  -3.377  -3.297
ASP01B3878_001   0.075  -2.323  -2.248
ASP01B3878_002   0.075  -2.323  -2.248
ASP02B3878_003   0.147  -2.455  -2.309
ASP02B3878_004   0.147  -2.455  -2.309
ASP-1B3878_005   0.071  -2.295  -2.224
GLU01B3879_001   0.499  -4.754  -4.254
GLU01B3879_002   0.499  -4.754  -4.254
GLU02B3879_003   0.666  -4.709  -4.042
GLU02B3879_004   0.666  -4.709  -4.042
GLU-1B3879_005   0.468  -4.590  -4.122
CTR01B3879_001  -0.021  -3.572  -3.592
CTR01B3879_002   0.089  -3.533  -3.444
CTR02B3879_003  -0.022  -3.572  -3.594
CTR02B3879_004   0.033  -3.630  -3.597
CTR-1B3879_005   0.000  -3.572  -3.572
NTR01B3936_001  -0.003  -3.396  -3.399
NTR+1B3936_002  -0.005  -3.425  -3.430
CTR01B3936_001  -0.021  -2.278  -2.299
CTR01B3936_002   0.098  -2.220  -2.122
CTR02B3936_003  -0.022  -2.298  -2.320
CTR02B3936_004   0.038  -2.220  -2.182
CTR-1B3936_005   0.000  -2.220  -2.220
TYR01B3936_001   4.709  -6.230  -1.521
TYR-1B3936_002   4.709  -6.230  -1.521
NTG01B3939_001  -0.005  -4.470  -4.475
NTG+1B3939_002  -0.010  -4.470  -4.480
LYS01B3940_001   0.847  -4.254  -3.407
LYS+1B3940_002   0.803  -4.254  -3.451
ASP01B3941_001   0.060  -2.924  -2.863
ASP01B3941_002   0.060  -2.924  -2.863
ASP02B3941_003   0.126  -3.030  -2.904
ASP02B3941_004   0.126  -3.030  -2.904
ASP-1B3941_005   0.056  -2.859  -2.803
VAL01B3942_001   0.488  -4.240  -3.752
ILE01B3943_001   1.558  -2.180  -0.622
GLU01B3944_001   1.668  -2.745  -1.077
GLU01B3944_002   1.668  -2.745  -1.077
GLU02B3944_003   1.417  -2.646  -1.228
GLU02B3944_004   1.417  -2.646  -1.228
GLU-1B3944_005   1.304  -2.618  -1.314
GLU01B3945_001   3.122  -2.682   0.440
GLU01B3945_002   3.122  -2.682   0.440
GLU02B3945_003   2.522  -2.824  -0.302
GLU02B3945_004   2.522  -2.824  -0.302
GLU-1B3945_005   2.444  -2.754  -0.311
GLN01B3946_001   0.635  -0.314   0.321
GLN01B3946_002   0.556  -0.245   0.310
LYS01B3948_001   1.018  -1.084  -0.067
LYS+1B3948_002   0.971  -1.084  -0.113
ARG01B3949_001   2.457  -4.869  -2.412
ARG02B3949_002   2.437  -4.869  -2.432
ARG03B3949_003   2.516  -4.869  -2.353
ARG+1B3949_004   2.394  -4.869  -2.475
ASN01B3950_001   0.492  -0.104   0.388
ASN01B3950_002   0.243  -0.095   0.148
CTR01B3950_001  -0.021  -0.869  -0.890
CTR01B3950_002   0.092  -0.946  -0.854
CTR02B3950_003  -0.022  -0.869  -0.891
CTR02B3950_004   0.035  -0.985  -0.950
CTR-1B3950_005   0.000  -0.869  -0.869
NTR01B3953_001  -0.003  -2.307  -2.310
NTR+1B3953_002  -0.005  -2.269  -2.273
CTR01B3953_001  -0.021  -3.707  -3.728
CTR01B3953_002   0.105  -3.746  -3.641
CTR02B3953_003  -0.022  -3.630  -3.652
CTR02B3953_004   0.041  -3.804  -3.762
CTR-1B3953_005   0.000  -3.630  -3.630
LYS01B3953_001   1.320  -2.616  -1.295
LYS+1B3953_002   1.274  -2.616  -1.342
NTR01B3974_001  -0.003  -3.040  -3.043
NTR+1B3974_002  -0.005  -2.982  -2.987
CTR01B3974_001  -0.021  -6.149  -6.170
CTR01B3974_002   0.095  -6.265  -6.170
CTR02B3974_003  -0.022  -6.111  -6.133
CTR02B3974_004   0.036  -6.207  -6.171
CTR-1B3974_005   0.000  -6.091  -6.091
THR01B3974_001   0.252  -8.492  -8.240
THR01B3974_002   0.252  -8.492  -8.240
THR01B3974_003   0.252  -8.492  -8.240
NTR01B4000_001  -0.003  -1.734  -1.737
NTR+1B4000_002  -0.005  -1.734  -1.739
CTR01B4000_001  -0.021  -1.100  -1.121
CTR01B4000_002   0.106  -1.100  -0.994
CTR02B4000_003  -0.022  -1.236  -1.258
CTR02B4000_004   0.042  -1.062  -1.020
CTR-1B4000_005   0.000  -1.100  -1.100
MET01B4000_001   0.510  -7.322  -6.813
NTR01B4002_001  -0.003  -0.762  -0.765
NTR+1B4002_002  -0.005  -0.762  -0.767
LYS01B4002_001   0.994  -4.894  -3.901
LYS+1B4002_002   0.946  -4.894  -3.948
LEU01B4003_001   1.846  -1.887  -0.040
ALA01B4004_001   0.000  -0.052  -0.052
GLN01B4005_001   1.541  -2.136  -0.595
GLN01B4005_002   2.557  -2.028   0.530
ASP01B4006_001   0.066  -1.355  -1.289
ASP01B4006_002   0.066  -1.355  -1.289
ASP02B4006_003   0.136  -1.313  -1.177
ASP02B4006_004   0.136  -1.313  -1.177
ASP-1B4006_005   0.063  -1.301  -1.237
SER01B4007_001   0.000  -3.174  -3.174
SER01B4007_002   0.000  -3.174  -3.174
SER01B4008_001   0.000  -3.770  -3.770
SER01B4008_002   0.000  -3.770  -3.770
GLN01B4009_001   1.740  -0.153   1.587
GLN01B4009_002   2.897  -0.113   2.783
ILE01B4010_001   1.616  -2.798  -1.181
GLU01B4011_001   2.765  -3.347  -0.582
GLU01B4011_002   2.765  -3.347  -0.582
GLU02B4011_003   2.211  -3.232  -1.021
GLU02B4011_004   2.211  -3.232  -1.021
GLU-1B4011_005   2.138  -3.265  -1.127
LEU01B4012_001   1.696  -3.979  -2.283
LEU01B4013_001   1.852  -2.128  -0.276
LYS01B4014_001   1.540  -6.503  -4.963
LYS+1B4014_002   1.493  -6.503  -5.009
CTR01B4014_001  -0.021  -3.321  -3.342
CTR01B4014_002   0.101  -3.475  -3.374
CTR02B4014_003  -0.022  -3.301  -3.323
CTR02B4014_004   0.040  -3.630  -3.590
CTR-1B4014_005   0.000  -3.301  -3.301
NTR01B4061_001  -0.003  -2.223  -2.225
NTR+1B4061_002  -0.005  -2.184  -2.189
CTR01B4061_001  -0.021  -1.042  -1.064
CTR01B4061_002   0.109  -1.042  -0.933
CTR02B4061_003  -0.022  -1.120  -1.142
CTR02B4061_004   0.044  -1.120  -1.076
CTR-1B4061_005   0.000  -1.042  -1.042
PHE01B4061_001   4.366  -2.798   1.568
NTR01B4063_001  -0.003  -0.321  -0.324
NTR+1B4063_002  -0.005  -0.321  -0.326
ASP01B4063_001   0.200  -3.319  -3.119
ASP01B4063_002   0.200  -3.319  -3.119
ASP02B4063_003   0.294  -3.376  -3.082
ASP02B4063_004   0.294  -3.376  -3.082
ASP-1B4063_005   0.190  -3.264  -3.074
MET01B4064_001   5.210  -1.251   3.958
PHE01B4065_001   4.849  -0.303   4.546
LEU01B4066_001   3.229  -4.787  -1.559
LYS01B4067_001   0.581  -2.993  -2.412
LYS+1B4067_002   0.538  -2.993  -2.455
LEU01B4068_001   3.760  -0.052   3.708
LYS01B4069_001   2.089  -5.253  -3.164
LYS+1B4069_002   2.002  -5.253  -3.251
ASP01B4070_001   0.134  -2.767  -2.633
ASP01B4070_002   0.134  -2.767  -2.633
ASP02B4070_003   0.210  -2.777  -2.567
ASP02B4070_004   0.210  -2.777  -2.567
ASP-1B4070_005   0.125  -2.640  -2.515
ILE01B4071_001   1.954  -0.737   1.217
VAL01B4072_001   0.543  -0.670  -0.127
SER01B4074_001   0.000  -2.858  -2.858
GLU01B4075_001   1.643  -3.146  -1.503
GLU01B4075_002   1.643  -3.146  -1.503
GLU02B4075_003   1.355  -3.184  -1.829
GLU02B4075_004   1.355  -3.184  -1.829
GLU-1B4075_005   1.264  -3.103  -1.839
ALA01B4076_001   0.000  -2.746  -2.746
PHE01B4077_001   4.522   0.000   4.522
GLN01B4078_001   0.776  -1.644  -0.868
GLN01B4078_002   0.664  -1.590  -0.926
ASP01B4079_001   0.156  -2.922  -2.766
ASP01B4079_002   0.156  -2.922  -2.766
ASP02B4079_003   0.238  -2.893  -2.655
ASP02B4079_004   0.238  -2.893  -2.655
ASP-1B4079_005   0.147  -2.786  -2.640
TYR01B4080_001   4.841  -1.489   3.352
TYR01B4080_002   4.841  -1.489   3.352
TYR-1B4080_003   4.841  -1.489   3.352
VAL01B4081_001   0.666  -0.412   0.254
THR01B4082_001   0.204  -6.516  -6.311
THR01B4082_002   0.204  -6.516  -6.311
ASP01B4083_001   0.190  -1.009  -0.819
ASP01B4083_002   0.190  -1.009  -0.819
ASP02B4083_003   0.277  -1.117  -0.840
ASP02B4083_004   0.277  -1.117  -0.840
ASP-1B4083_005   0.179  -0.965  -0.786
PRO01B4084_001   0.253  -6.231  -5.979
ARG01B4085_001   2.499  -8.289  -5.790
ARG02B4085_002   2.441  -8.289  -5.848
ARG03B4085_003   2.436  -8.289  -5.854
ARG+1B4085_004   2.397  -8.289  -5.893
LEU01B4087_001   1.837  -4.597  -2.761
ILE01B4088_001   3.280   0.000   3.280
SER01B4089_001   0.000  -2.118  -2.118
SER01B4089_002   0.000  -2.118  -2.118
SER01B4089_003   0.000  -2.118  -2.118
LYS01B4090_001   1.334  -2.172  -0.838
LYS+1B4090_002   1.287  -2.172  -0.884
LYS01B4091_001   0.757  -9.001  -8.244
LYS+1B4091_002   0.711  -9.001  -8.290
ASP01B4092_001   0.060  -0.577  -0.517
ASP01B4092_002   0.060  -0.577  -0.517
ASP02B4092_003   0.127  -0.672  -0.545
ASP02B4092_004   0.127  -0.672  -0.545
ASP-1B4092_005   0.057  -0.590  -0.533
PHE01B4093_001   4.797   0.000   4.797
GLN01B4094_001   1.121  -1.253  -0.133
GLN01B4094_002   1.515  -1.022   0.493
LYS01B4095_001   1.593  -6.890  -5.297
LYS+1B4095_002   1.546  -6.890  -5.344
ALA01B4096_001   0.000  -0.258  -0.258
MET01B4097_001   0.006  -0.071  -0.066
ASP01B4098_001   0.406  -2.746  -2.340
ASP01B4098_002   0.406  -2.746  -2.340
ASP02B4098_003   0.451  -2.841  -2.390
ASP02B4098_004   0.451  -2.841  -2.390
ASP-1B4098_005   0.348  -2.756  -2.409
SER01B4099_001   0.000  -2.525  -2.525
SER01B4099_002   0.000  -2.525  -2.525
GLN01B4100_001   1.862  -1.318   0.544
GLN01B4100_002   3.081  -1.206   1.875
LYS01B4101_001   0.835 -10.638  -9.803
LYS+1B4101_002   0.788 -10.638  -9.849
GLN01B4102_001   1.487  -2.137  -0.650
GLN01B4102_002   2.426  -2.274   0.152
PHE01B4103_001   4.793  -0.051   4.743
THR01B4104_001   0.200  -3.840  -3.640
PRO01B4106_001   0.264  -6.678  -6.414
GLU01B4107_001   2.303  -2.194   0.109
GLU01B4107_002   2.303  -2.194   0.109
GLU02B4107_003   1.825  -2.256  -0.430
GLU02B4107_004   1.825  -2.256  -0.430
GLU-1B4107_005   1.760  -2.140  -0.381
ILE01B4108_001   2.563  -0.103   2.460
GLN01B4109_001   0.734  -2.647  -1.913
GLN01B4109_002   0.628  -2.276  -1.648
PHE01B4110_001   4.739  -1.510   3.229
LEU01B4111_001   1.903   0.000   1.903
LEU01B4112_001   1.486  -0.377   1.110
SER01B4113_001   0.000  -1.418  -1.418
SER01B4113_002   0.000  -1.418  -1.418
CYS01B4114_001  -0.002   0.000  -0.002
CYS01B4114_002  -0.002   0.000  -0.002
CYS01B4114_003  -0.002   0.000  -0.002
CYS-1B4114_004   0.000   0.000   0.000
SER01B4115_001   0.000  -0.060  -0.060
GLU01B4116_001   1.749  -1.680   0.068
GLU01B4116_002   1.749  -1.680   0.068
GLU02B4116_003   1.444  -1.687  -0.243
GLU02B4116_004   1.444  -1.687  -0.243
GLU-1B4116_005   1.350  -1.684  -0.334
ALA01B4117_001   0.000  -3.210  -3.210
ASP01B4118_001   0.385  -2.437  -2.052
ASP01B4118_002   0.385  -2.437  -2.052
ASP02B4118_003   0.431  -2.340  -1.909
ASP02B4118_004   0.431  -2.340  -1.909
ASP-1B4118_005   0.330  -2.274  -1.944
GLU01B4119_001   1.748  -4.013  -2.265
GLU01B4119_002   1.748  -4.013  -2.265
GLU02B4119_003   1.461  -3.982  -2.521
GLU02B4119_004   1.461  -3.982  -2.521
GLU-1B4119_005   1.359  -3.923  -2.564
ASN01B4120_001   0.002  -1.823  -1.821
ASN01B4120_002   0.166  -2.054  -1.888
GLU01B4121_001   3.012  -2.938   0.074
GLU01B4121_002   3.012  -2.938   0.074
GLU02B4121_003   2.400  -3.013  -0.614
GLU02B4121_004   2.400  -3.013  -0.614
GLU-1B4121_005   2.334  -2.967  -0.633
MET01B4122_001   0.142  -1.032  -0.889
ILE01B4123_001   2.677   0.000   2.677
ASN01B4124_001   0.131  -1.934  -1.803
ASN01B4124_002  -0.019  -1.708  -1.726
PHE01B4125_001   4.649  -2.224   2.426
GLU01B4126_001   0.497  -3.722  -3.224
GLU01B4126_002   0.497  -3.722  -3.224
GLU02B4126_003   0.663  -3.655  -2.992
GLU02B4126_004   0.663  -3.655  -2.992
GLU-1B4126_005   0.466  -3.605  -3.139
GLU01B4127_001   2.960  -1.173   1.787
GLU01B4127_002   2.960  -1.173   1.787
GLU02B4127_003   2.400  -1.161   1.239
GLU02B4127_004   2.400  -1.161   1.239
GLU-1B4127_005   2.317  -1.166   1.151
PHE01B4128_001   4.573  -0.051   4.523
ALA01B4129_001   0.000  -0.583  -0.583
ASN01B4130_001   0.428  -1.657  -1.229
ASN01B4130_002   0.196  -1.622  -1.427
ARG01B4131_001   1.983  -0.296   1.687
ARG02B4131_002   1.970  -0.296   1.675
ARG03B4131_003   1.965  -0.296   1.669
ARG+1B4131_004   1.922  -0.296   1.627
PHE01B4132_001   4.804  -2.681   2.124
GLN01B4133_001   2.524  -2.939  -0.415
GLU01B4134_001   3.265  -1.978   1.288
GLU01B4134_002   3.265  -1.978   1.288
GLU02B4134_003   2.650  -1.902   0.747
GLU02B4134_004   2.650  -1.902   0.747
GLU-1B4134_005   2.581  -1.880   0.700
PRO01B4135_001   0.323  -1.561  -1.238
CTR01B4135_001  -0.021  -4.479  -4.500
CTR01B4135_002   0.089  -4.460  -4.371
CTR02B4135_003  -0.022  -4.614  -4.636
CTR02B4135_004   0.033  -4.556  -4.524
CTR-1B4135_005   0.000  -4.479  -4.479
NTR01B4143_001  -0.003  -1.734  -1.737
NTR+1B4143_002  -0.005  -1.734  -1.739
VAL01B4143_001   0.588  -8.152  -7.563
ALA01B4144_001   0.000  -4.720  -4.720
VAL01B4145_001   0.577  -8.715  -8.138
LEU01B4146_001   1.892  -8.924  -7.032
LEU01B4147_001   2.129  -7.466  -5.337
CTR01B4147_001  -0.021  -4.315  -4.336
CTR01B4147_002   0.102  -4.199  -4.097
CTR02B4147_003  -0.022  -4.237  -4.260
CTR02B4147_004   0.040  -4.276  -4.236
CTR-1B4147_005   0.000  -4.237  -4.237
NTR01B4251_001  -0.003  -1.863  -1.866
NTR+1B4251_002  -0.005  -1.863  -1.868
ILE01B4251_001   2.619  -3.570  -0.952
SER01B4252_001   0.000  -5.528  -5.528
SER01B4252_002   0.000  -5.528  -5.528
GLU01B4253_001   0.500  -2.601  -2.101
GLU01B4253_002   0.500  -2.601  -2.101
GLU02B4253_003   0.667  -2.523  -1.856
GLU02B4253_004   0.667  -2.523  -1.856
GLU-1B4253_005   0.469  -2.536  -2.067
CTR01B4253_001  -0.021  -5.106  -5.128
CTR01B4253_002   0.109  -5.454  -5.345
CTR02B4253_003  -0.022  -5.068  -5.090
CTR02B4253_004   0.042  -5.416  -5.373
CTR-1B4253_005   0.000  -5.068  -5.068
NTR01B4540_001  -0.003  -3.112  -3.115
NTR+1B4540_002  -0.005  -3.112  -3.117
PHE01B4540_001   2.033  -3.062  -1.029
TRP01B4541_001   0.644 -14.409 -13.765
GLU01B4543_001   0.498  -3.487  -2.989
GLU01B4543_002   0.498  -3.487  -2.989
GLU02B4543_003   0.664  -3.588  -2.924
GLU02B4543_004   0.664  -3.588  -2.924
GLU-1B4543_005   0.467  -3.437  -2.970
LEU01B4544_001   1.463  -3.776  -2.314
GLU01B4545_001   0.499  -2.529  -2.030
GLU01B4545_002   0.499  -2.529  -2.030
GLU02B4545_003   0.666  -2.414  -1.749
GLU02B4545_004   0.666  -2.414  -1.749
GLU-1B4545_005   0.468  -2.446  -1.978
VAL01B4546_001   0.546  -6.056  -5.510
GLN01B4547_001   1.219  -2.874  -1.656
GLN01B4547_002   1.712  -2.974  -1.262
ARG01B4548_001   2.982  -7.743  -4.761
ARG02B4548_002   2.937  -7.743  -4.807
ARG03B4548_003   3.023  -7.743  -4.720
ARG+1B4548_004   2.892  -7.743  -4.851
VAL01B4549_001   0.712  -3.657  -2.945
LYS01B4550_001   3.794  -3.933  -0.139
LYS+1B4550_002   3.699  -3.933  -0.233
PHE01B4551_001   4.706  -7.151  -2.445
LEU01B4552_001   2.396  -1.149   1.247
ASN01B4553_001   0.285  -1.477  -1.192
ASN01B4553_002   0.446  -1.422  -0.977
TYR01B4554_001   4.336  -7.499  -3.163
TYR-1B4554_002   4.336  -7.499  -3.163
LEU01B4555_001   1.783  -0.258   1.525
SER01B4556_001   0.000   0.000   0.000
SER01B4556_002   0.000   0.000   0.000
ARG01B4557_001   4.449  -4.684  -0.236
ARG02B4557_002   4.406  -4.684  -0.278
ARG03B4557_003   4.414  -4.684  -0.270
ARG+1B4557_004   4.366  -4.684  -0.319
ASN01B4558_001   0.175  -0.787  -0.612
PHE01B4559_001   4.624  -1.011   3.613
TYR01B4560_001   4.623  -9.434  -4.811
TYR-1B4560_002   4.623  -9.434  -4.811
THR01B4561_001   0.249  -4.259  -4.010
LEU01B4562_001   2.011  -0.567   1.444
ARG01B4563_001   1.542  -2.312  -0.770
ARG02B4563_002   1.495  -2.312  -0.817
ARG02B4563_003   1.501  -2.312  -0.812
ARG03B4563_004   1.500  -2.312  -0.812
ARG03B4563_005   1.560  -2.312  -0.752
ARG+1B4563_006   1.457  -2.312  -0.856
PHE01B4564_001   4.659  -8.404  -3.745
LEU01B4565_001   1.556  -4.015  -2.459
ALA01B4566_001   0.000   0.000   0.000
LEU01B4567_001   1.825  -3.416  -1.591
PHE01B4568_001   4.659  -9.156  -4.496
LEU01B4569_001   2.124  -0.567   1.558
ALA01B4570_001   0.000   0.000   0.000
PHE01B4571_001   4.745  -6.620  -1.875
ALA01B4572_001   0.000  -2.453  -2.453
ILE01B4573_001   2.668  -0.258   2.410
ASN01B4574_001   0.438  -0.259   0.179
ASN01B4574_002   0.200  -0.334  -0.135
PHE01B4575_001   4.535  -8.957  -4.422
ILE01B4576_001   3.087  -0.721   2.366
LEU01B4577_001   3.479  -2.572   0.907
LEU01B4578_001   2.085  -6.281  -4.196
PHE01B4579_001   4.489  -2.947   1.541
TYR01B4580_001   4.450  -3.707   0.743
TYR-1B4580_002   4.450  -3.707   0.743
LYS01B4581_001   0.980  -6.222  -5.242
LYS+1B4581_002   0.933  -6.222  -5.288
VAL01B4582_001   0.481  -5.834  -5.353
SER01B4583_001   0.000  -0.615  -0.615
ASP01B4584_001  -0.040  -3.874  -3.914
ASP01B4584_002  -0.040  -3.874  -3.914
ASP02B4584_003  -0.009  -3.881  -3.890
ASP02B4584_004  -0.009  -3.881  -3.890
ASP-1B4584_005  -0.040  -3.734  -3.775
SER01B4585_001   0.000  -3.179  -3.179
SER01B4585_002   0.000  -3.179  -3.179
PRO01B4586_001   0.256  -5.390  -5.134
PRO01B4587_001   0.249  -4.166  -3.917
CTR01B4587_001  -0.021  -4.576  -4.597
CTR01B4587_002   0.089  -4.499  -4.410
CTR02B4587_003  -0.022  -4.518  -4.540
CTR02B4587_004   0.032  -4.480  -4.447
CTR-1B4587_005   0.000  -4.518  -4.518
NTR01B4626_001  -0.003  -3.679  -3.682
NTR+1B4626_002  -0.005  -3.679  -3.684
ASN01B4626_001  -0.020  -3.235  -3.255
MET01B4627_001   0.142  -3.936  -3.794
VAL01B4628_001   0.574  -2.556  -1.982
TYR01B4629_001   4.504  -8.099  -3.595
TYR01B4629_002   4.504  -8.099  -3.595
TYR-1B4629_003   4.504  -8.099  -3.595
TYR01B4630_001   4.615  -4.121   0.494
TYR01B4630_002   4.615  -4.121   0.494
TYR-1B4630_003   4.615  -4.121   0.494
PHE01B4631_001   4.783  -3.132   1.651
LEU01B4632_001   1.809  -4.356  -2.547
GLU01B4633_001   2.642  -2.556   0.086
GLU01B4633_002   2.642  -2.556   0.086
GLU02B4633_003   2.097  -2.642  -0.544
GLU02B4633_004   2.097  -2.642  -0.544
GLU-1B4633_005   2.034  -2.619  -0.585
GLU01B4634_001   2.350  -1.060   1.289
GLU01B4634_002   2.350  -1.060   1.289
GLU02B4634_003   1.855  -1.025   0.829
GLU02B4634_004   1.855  -1.025   0.829
GLU-1B4634_005   1.798  -0.982   0.816
SER01B4635_001   0.000  -5.243  -5.243
SER01B4635_002   0.000  -5.243  -5.243
THR01B4636_001   0.197  -2.594  -2.397
THR01B4636_002   0.197  -2.594  -2.397
THR01B4636_003   0.197  -2.594  -2.397
TYR01B4638_001   4.696  -8.404  -3.708
TYR-1B4638_002   4.696  -8.404  -3.708
MET01B4639_001   4.251   0.000   4.251
GLU01B4640_001   1.960  -2.384  -0.423
GLU01B4640_002   1.960  -2.384  -0.423
GLU02B4640_003   1.612  -2.573  -0.961
GLU02B4640_004   1.612  -2.573  -0.961
GLU-1B4640_005   1.518  -2.540  -1.022
PRO01B4641_001   0.251  -6.318  -6.068
ALA01B4642_001   0.000  -3.087  -3.087
LEU01B4643_001   2.790  -2.093   0.697
TRP01B4644_001   2.883  -9.521  -6.637
CYS01B4645_001  -0.002  -3.814  -3.816
CYS01B4645_002  -0.002  -3.814  -3.816
CYS01B4645_003  -0.002  -3.814  -3.816
CYS-1B4645_004   0.000  -3.814  -3.814
LEU01B4646_001   1.580  -3.297  -1.716
SER01B4647_001   0.000  -0.260  -0.260
SER01B4647_002   0.000  -0.260  -0.260
LEU01B4648_001   2.609  -5.080  -2.472
LEU01B4649_001   1.892  -3.261  -1.369
HIS01B4650_001  -0.147   0.000  -0.147
HIS02B4650_002  -0.165   0.000  -0.165
HIS+1B4650_003  -0.192   0.000  -0.192
THR01B4651_001   0.250  -1.382  -1.132
THR01B4651_002   0.250  -1.382  -1.132
LEU01B4652_001   3.302  -5.611  -2.310
VAL01B4653_001   0.623  -0.206   0.417
ALA01B4654_001   0.000   0.000   0.000
PHE01B4655_001   4.746  -7.791  -3.045
LEU01B4656_001   1.985  -2.025  -0.040
CYS01B4657_001  -0.002   0.000  -0.002
CYS01B4657_002  -0.002   0.000  -0.002
CYS01B4657_003  -0.002   0.000  -0.002
CYS-1B4657_004   0.000   0.000   0.000
ILE01B4658_001   1.510  -2.469  -0.959
ILE01B4659_001   2.633  -3.190  -0.557
TYR01B4661_001   4.949  -0.202   4.747
TYR01B4661_002   4.949  -0.202   4.747
TYR-1B4661_003   4.949  -0.202   4.747
ASN01B4662_001   0.172  -1.988  -1.817
ASN01B4662_002   0.005  -2.062  -2.057
CYS01B4663_001  -0.002  -1.647  -1.648
CYS01B4663_002  -0.002  -1.647  -1.648
CYS01B4663_003  -0.002  -1.647  -1.649
CYS-1B4663_004   0.000  -1.647  -1.647
LEU01B4664_001   1.775  -3.261  -1.486
LYS01B4665_001   2.290  -5.162  -2.872
LYS+1B4665_002   2.200  -5.162  -2.962
VAL01B4666_001   0.317  -1.803  -1.485
CTR01B4666_001  -0.021  -3.736  -3.757
CTR01B4666_002   0.107  -3.833  -3.726
CTR02B4666_003  -0.022  -3.716  -3.739
CTR02B4666_004   0.044  -3.717  -3.673
CTR-1B4666_005   0.000  -3.736  -3.736
NTR01B4686_001  -0.003  -1.709  -1.712
NTR+1B4686_002  -0.005  -1.709  -1.714
LEU01B4686_001   1.934  -6.159  -4.225
TYR01B4687_001   4.758  -1.365   3.393
TYR-1B4687_002   4.758  -1.365   3.393
ILE01B4688_001   1.872  -2.592  -0.720
CTR01B4688_001  -0.021  -1.564  -1.585
CTR01B4688_002   0.112  -1.776  -1.665
CTR02B4688_003  -0.022  -1.737  -1.760
CTR02B4688_004   0.045  -1.718  -1.673
CTR-1B4688_005   0.000  -1.680  -1.680
NTR01B4690_001  -0.003  -1.276  -1.280
NTR+1B4690_002  -0.005  -1.276  -1.282
GLU01B4690_001   2.811  -3.534  -0.723
GLU01B4690_002   2.811  -3.534  -0.723
GLU02B4690_003   2.234  -3.662  -1.428
GLU02B4690_004   2.234  -3.662  -1.428
GLU-1B4690_005   2.170  -3.505  -1.335
GLN01B4691_001   1.362  -2.864  -1.502
GLN01B4691_002   1.949  -2.677  -0.728
PRO01B4692_001   0.320  -0.244   0.077
ASP01B4694_001   0.156  -2.247  -2.091
ASP01B4694_002   0.156  -2.247  -2.091
ASP02B4694_003   0.238  -2.234  -1.996
ASP02B4694_004   0.238  -2.234  -1.996
ASP-1B4694_005   0.147  -2.187  -2.041
ASP01B4695_001   0.153  -3.216  -3.064
ASP01B4695_002   0.153  -3.216  -3.064
ASP02B4695_003   0.236  -3.429  -3.193
ASP02B4695_004   0.236  -3.429  -3.193
ASP-1B4695_005   0.144  -3.290  -3.146
ASP01B4696_001   0.140  -3.330  -3.190
ASP01B4696_002   0.140  -3.330  -3.190
ASP02B4696_003   0.218  -3.489  -3.271
ASP02B4696_004   0.218  -3.489  -3.271
ASP-1B4696_005   0.131  -3.252  -3.121
VAL01B4697_001   0.668  -6.725  -6.057
LYS01B4698_001   1.486  -8.658  -7.172
LYS+1B4698_002   1.438  -8.658  -7.220
GLN01B4700_001   1.018  -1.845  -0.827
GLN01B4700_002   0.831  -2.018  -1.187
TRP01B4701_001   3.177  -4.788  -1.611
ASP01B4702_001   0.177  -0.863  -0.686
ASP01B4702_002   0.177  -0.863  -0.686
ASP02B4702_003   0.263  -0.869  -0.606
ASP02B4702_004   0.263  -0.869  -0.606
ASP-1B4702_005   0.166  -0.861  -0.695
ARG01B4703_001   2.863  -5.653  -2.790
ARG02B4703_002   2.812  -5.653  -2.840
ARG03B4703_003   2.820  -5.653  -2.832
ARG+1B4703_004   2.772  -5.653  -2.880
LEU01B4704_001   3.453  -3.004   0.449
VAL01B4705_001   0.558   0.000   0.558
LEU01B4706_001   1.475  -0.824   0.651
ASN01B4707_001   0.498  -1.567  -1.069
ASN01B4707_002   0.244  -1.355  -1.112
THR01B4708_001   0.237  -0.206   0.031
THR01B4708_002   0.237  -0.206   0.031
PRO01B4709_001   0.266  -4.419  -4.153
SER01B4710_001   0.000  -1.251  -1.251
SER01B4710_002   0.000  -1.251  -1.251
SER01B4710_003   0.000  -1.251  -1.251
PHE01B4711_001   4.912  -4.566   0.345
PRO01B4712_001   0.372  -4.937  -4.564
SER01B4713_001   0.000  -1.569  -1.569
SER01B4713_002   0.000  -1.569  -1.569
CTR01B4713_001  -0.021  -5.357  -5.378
CTR01B4713_002   0.088  -5.087  -4.999
CTR02B4713_003  -0.022  -5.145  -5.167
CTR02B4713_004   0.032  -5.107  -5.074
CTR-1B4713_005   0.000  -5.126  -5.126
NTR01B4725_001  -0.003  -1.670  -1.673
NTR+1B4725_002  -0.005  -1.670  -1.675
CTR01B4725_001  -0.021  -3.533  -3.554
CTR01B4725_002   0.100  -3.649  -3.548
CTR02B4725_003  -0.022  -3.649  -3.671
CTR02B4725_004   0.039  -3.591  -3.552
CTR-1B4725_005   0.000  -3.533  -3.533
LEU01B4725_001   2.268  -2.711  -0.443
NTR01B4728_001  -0.003  -1.529  -1.532
NTR+1B4728_002  -0.005  -1.529  -1.534
HIS01B4728_001  -0.121  -5.960  -6.081
HIS01B4728_002  -0.069  -6.506  -6.575
HIS02B4728_003  -0.141  -5.960  -6.101
HIS02B4728_004  -0.082  -6.506  -6.588
HIS+1B4728_005  -0.168  -5.960  -6.128
HIS+1B4728_006  -0.108  -6.506  -6.614
ASP01B4730_001   0.078  -3.528  -3.450
ASP01B4730_002   0.078  -3.528  -3.450
ASP02B4730_003   0.151  -3.570  -3.420
ASP02B4730_004   0.151  -3.570  -3.420
ASP-1B4730_005   0.075  -3.467  -3.392
ILE01B4731_001   2.639  -5.850  -3.210
PHE01B4732_001   4.132  -5.855  -1.724
ARG01B4734_001   1.948  -7.900  -5.952
ARG02B4734_002   1.927  -7.900  -5.972
ARG03B4734_003   2.017  -7.900  -5.882
ARG+1B4734_004   1.884  -7.900  -6.015
GLU01B4735_001   3.950  -3.029   0.921
GLU01B4735_002   3.950  -3.029   0.921
GLU02B4735_003   3.174  -3.209  -0.035
GLU02B4735_004   3.174  -3.209  -0.035
GLU-1B4735_005   3.097  -3.035   0.062
ARG01B4736_001   3.026  -8.581  -5.555
ARG02B4736_002   2.975  -8.581  -5.605
ARG03B4736_003   3.069  -8.581  -5.512
ARG+1B4736_004   2.936  -8.581  -5.645
ILE01B4737_001   2.513  -0.052   2.461
ALA01B4738_001   0.000  -0.103  -0.103
GLU01B4739_001   3.784  -2.553   1.231
GLU01B4739_002   3.784  -2.553   1.231
GLU02B4739_003   3.051  -2.520   0.531
GLU02B4739_004   3.051  -2.520   0.531
GLU-1B4739_005   2.974  -2.501   0.473
LEU01B4740_001   1.900  -2.521  -0.621
LEU01B4741_001   1.640  -3.190  -1.550
MET01B4743_001   0.475  -2.362  -1.886
ASP01B4744_001  -0.040  -2.350  -2.390
ASP01B4744_002  -0.040  -2.350  -2.390
ASP02B4744_003  -0.009  -2.236  -2.245
ASP02B4744_004  -0.009  -2.236  -2.245
ASP-1B4744_005  -0.041  -2.247  -2.288
LEU01B4745_001   1.458  -6.146  -4.688
ALA01B4746_001   0.000  -0.979  -0.979
SER01B4747_001   0.000  -1.660  -1.660
LEU01B4748_001   1.461  -5.837  -4.376
GLU01B4749_001   0.499  -1.648  -1.150
GLU01B4749_002   0.499  -1.648  -1.150
GLU02B4749_003   0.666  -1.685  -1.020
GLU02B4749_004   0.666  -1.685  -1.020
GLU-1B4749_005   0.468  -1.589  -1.122
ILE01B4750_001   0.938  -2.798  -1.860
THR01B4751_001   0.151  -5.181  -5.030
ALA01B4752_001   0.000  -2.711  -2.711
HIS01B4753_001  -0.354  -1.524  -1.878
HIS02B4753_002  -0.363  -1.524  -1.887
HIS+1B4753_003  -0.383  -1.524  -1.907
ASN01B4754_001  -0.020  -0.502  -0.522
GLU01B4755_001   0.499  -1.881  -1.382
GLU01B4755_002   0.499  -1.881  -1.382
GLU02B4755_003   0.665  -1.903  -1.238
GLU02B4755_004   0.665  -1.903  -1.238
GLU-1B4755_005   0.467  -1.861  -1.393
ARG01B4756_0011190.857  -4.6681186.189
ARG02B4756_0021190.840  -4.6681186.172
ARG03B4756_0031190.873  -4.6681186.205
ARG03B4756_004 189.894  -4.668 185.226
ARG+1B4756_0051190.807  -4.6681186.139
LYS01B4757_001   3.794  -1.616   2.178
LYS+1B4757_002   3.699  -1.616   2.084
PRO01B4758_001   0.240  -5.409  -5.169
ASP01B4759_001  -0.040  -3.419  -3.459
ASP01B4759_002  -0.040  -3.419  -3.459
ASP02B4759_003  -0.009  -3.412  -3.421
ASP02B4759_004  -0.009  -3.412  -3.421
ASP-1B4759_005  -0.041  -3.256  -3.296
PRO01B4760_001   0.235  -6.959  -6.724
PRO01B4761_001   0.235  -7.057  -6.822
PRO01B4762_001   0.235  -5.563  -5.328
LEU01B4764_001   1.452  -4.961  -3.509
LEU01B4765_001   1.457  -4.977  -3.520
THR01B4766_001   0.208  -5.353  -5.145
THR01B4766_002   0.208  -5.353  -5.145
TRP01B4767_001   2.962  -7.671  -4.709
LEU01B4768_001   3.179  -7.430  -4.252
MET01B4769_001   0.242  -9.619  -9.377
SER01B4770_001   0.000  -3.305  -3.305
SER01B4770_002   0.000  -3.305  -3.305
ILE01B4771_001   2.186  -4.597  -2.411
ASP01B4772_001   0.171  -2.122  -1.951
ASP01B4772_002   0.171  -2.122  -1.951
ASP02B4772_003   0.250  -2.155  -1.904
ASP02B4772_004   0.250  -2.155  -1.904
ASP-1B4772_005   0.159  -2.067  -1.908
VAL01B4773_001   0.631  -5.492  -4.861
LYS01B4774_001   1.154  -5.923  -4.769
LYS+1B4774_002   1.107  -5.923  -4.816
TYR01B4775_001   4.754  -1.610   3.143
TYR-1B4775_002   4.754  -1.610   3.143
GLN01B4776_001   0.832  -1.901  -1.069
GLN01B4776_002   0.695  -1.853  -1.158
ILE01B4777_001   2.483  -4.169  -1.686
TRP01B4778_001   3.370  -2.324   1.046
LYS01B4779_001   1.297  -4.457  -3.160
LYS+1B4779_002   1.250  -4.457  -3.207
PHE01B4780_001   4.695  -5.486  -0.791
VAL01B4782_001   0.925  -3.139  -2.214
ILE01B4783_001   1.945  -1.510   0.435
PHE01B4784_001   4.132  -6.759  -2.627
THR01B4785_001   0.183  -3.168  -2.985
THR01B4785_002   0.183  -3.168  -2.985
ASP01B4786_001   0.321  -1.232  -0.911
ASP01B4786_002   0.321  -1.232  -0.911
ASP02B4786_003   0.361  -1.172  -0.810
ASP02B4786_004   0.361  -1.172  -0.810
ASP-1B4786_005   0.272  -1.172  -0.900
ASN01B4787_001   0.421  -3.828  -3.406
ASN01B4787_002   0.189  -3.676  -3.487
SER01B4788_001   0.000  -2.803  -2.803
SER01B4788_002   0.000  -2.803  -2.803
SER01B4788_003   0.000  -2.803  -2.803
PHE01B4789_001   4.892  -2.039   2.852
LEU01B4790_001   1.756  -5.611  -3.855
TYR01B4791_001   4.969  -4.434   0.535
TYR01B4791_002   4.969  -4.434   0.535
TYR-1B4791_003   4.969  -4.434   0.535
LEU01B4792_001   1.384  -0.618   0.766
TRP01B4794_001   3.225  -8.155  -4.930
TYR01B4795_001   4.853  -0.051   4.803
TYR01B4795_002   4.853  -0.051   4.803
TYR-1B4795_003   4.853  -0.051   4.803
MET01B4796_001   2.011  -1.349   0.661
VAL01B4797_001   0.637  -4.015  -3.378
MET01B4798_001   0.012  -1.269  -1.258
SER01B4799_001   0.000   0.000   0.000
SER01B4799_002   0.000   0.000   0.000
SER01B4799_003   0.000   0.000   0.000
LEU01B4800_001   1.937  -6.230  -4.293
LEU01B4801_001   1.403  -3.416  -2.013
HIS01B4803_001  -0.167  -2.936  -3.103
HIS01B4803_002  -0.130  -3.034  -3.163
HIS02B4803_003  -0.184  -2.936  -3.121
HIS02B4803_004  -0.143  -3.034  -3.177
HIS+1B4803_005  -0.211  -2.936  -3.148
HIS+1B4803_006  -0.170  -3.034  -3.204
TYR01B4804_001   4.088  -8.825  -4.738
TYR01B4804_002   4.088  -8.825  -4.738
TYR-1B4804_003   4.088  -8.825  -4.738
ASN01B4805_001   0.143  -2.220  -2.078
ASN01B4805_002  -0.012  -1.902  -1.913
ASN01B4806_001   0.453  -2.092  -1.639
ASN01B4806_002   0.222  -2.008  -1.786
PHE01B4807_001   4.778 -11.501  -6.723
PHE01B4808_001   4.910  -4.010   0.900
PHE01B4809_001   4.806  -0.411   4.395
ALA01B4810_001   0.000  -1.748  -1.748
ALA01B4811_001   0.000  -0.979  -0.979
HIS01B4812_001  -0.123   0.000  -0.123
HIS02B4812_002  -0.143   0.000  -0.143
HIS+1B4812_003  -0.170   0.000  -0.170
LEU01B4813_001   1.974  -3.809  -1.834
LEU01B4814_001   1.833  -8.493  -6.660
ASP01B4815_001   0.406  -0.181   0.225
ASP01B4815_002   0.406  -0.181   0.225
ASP02B4815_003   0.509  -0.140   0.369
ASP02B4815_004   0.509  -0.140   0.369
ASP-1B4815_005   0.373  -0.103   0.270
ILE01B4816_001   3.977  -0.531   3.446
ALA01B4817_001   0.000  -4.134  -4.134
MET01B4818_001   0.359  -6.637  -6.278
CTR01B4819_001  -0.021  -5.136  -5.157
CTR01B4819_002   0.108  -5.059  -4.951
CTR02B4819_003  -0.022  -4.904  -4.926
CTR02B4819_004   0.042  -5.059  -5.016
CTR-1B4819_005   0.000  -4.904  -4.904
NTR01B4846_001  -0.003  -1.841  -1.844
NTR+1B4846_002  -0.005  -1.841  -1.845
VAL01B4846_001   0.573  -7.533  -6.961
VAL01B4847_001   0.785  -6.110  -5.326
VAL01B4848_001   0.794  -1.906  -1.112
TYR01B4849_001   4.584  -7.652  -3.068
TYR-1B4849_002   4.584  -7.652  -3.068
LEU01B4850_001   1.555  -6.552  -4.996
TYR01B4851_001   4.322  -5.514  -1.193
TYR-1B4851_002   4.322  -5.514  -1.193
THR01B4852_001   0.242   0.000   0.242
THR01B4852_002   0.242   0.000   0.242
THR01B4852_003   0.242   0.000   0.242
VAL01B4853_001   0.640  -3.091  -2.451
VAL01B4854_001   0.604  -2.231  -1.627
ALA01B4855_001   0.000  -0.258  -0.258
PHE01B4856_001   4.739  -2.409   2.330
ASN01B4857_001   0.408  -2.609  -2.201
ASN01B4857_002   0.178  -2.386  -2.209
PHE01B4858_001   4.438  -9.290  -4.853
PHE01B4859_001   4.093  -1.249   2.844
ARG01B4860_001   3.913  -7.598  -3.685
ARG02B4860_002   3.874  -7.598  -3.724
ARG03B4860_003   3.883  -7.598  -3.715
ARG+1B4860_004   3.834  -7.598  -3.764
LYS01B4861_001   1.700  -6.096  -4.396
LYS+1B4861_002   1.636  -6.096  -4.460
PHE01B4862_001   5.083  -2.021   3.061
TYR01B4863_001   4.449  -0.202   4.247
TYR01B4863_002   4.449  -0.202   4.247
TYR-1B4863_003   4.449  -0.202   4.247
ASN01B4864_001   0.300  -1.235  -0.935
ASN01B4864_002   0.464  -1.226  -0.762
LYS01B4865_001   2.293  -1.691   0.601
LYS+1B4865_002   2.245  -1.691   0.554
SER01B4866_001   0.000  -3.948  -3.948
GLU01B4867_001   3.268  -2.130   1.139
GLU01B4867_002   3.268  -2.130   1.139
GLU02B4867_003   2.638  -2.236   0.402
GLU02B4867_004   2.638  -2.236   0.402
GLU-1B4867_005   2.557  -2.173   0.384
ASP01B4868_001   0.380  -4.040  -3.660
ASP01B4868_002   0.380  -4.040  -3.660
ASP02B4868_003   0.432  -3.928  -3.496
ASP02B4868_004   0.432  -3.928  -3.496
ASP-1B4868_005   0.328  -3.880  -3.551
GLU01B4869_001   1.541  -3.977  -2.436
GLU01B4869_002   1.541  -3.977  -2.436
GLU02B4869_003   1.273  -4.020  -2.747
GLU02B4869_004   1.273  -4.020  -2.747
GLU-1B4869_005   1.184  -3.974  -2.790
ASP01B4870_001   0.209  -3.005  -2.796
ASP01B4870_002   0.209  -3.005  -2.796
ASP02B4870_003   0.304  -3.079  -2.775
ASP02B4870_004   0.304  -3.079  -2.775
ASP-1B4870_005   0.198  -2.929  -2.730
GLU01B4871_001   2.708  -1.657   1.051
GLU01B4871_002   2.708  -1.657   1.051
GLU02B4871_003   2.160  -1.550   0.610
GLU02B4871_004   2.160  -1.550   0.610
GLU-1B4871_005   2.091  -1.512   0.579
CTR01B4871_001  -0.021  -0.888  -0.909
CTR01B4871_002   0.090  -0.965  -0.875
CTR02B4871_003  -0.022  -0.888  -0.910
CTR02B4871_004   0.035  -0.888  -0.853
CTR-1B4871_005   0.000  -0.888  -0.888
NTR01B4872_001  -0.002  -0.673  -0.675
NTR+1B4872_002  -0.004  -0.673  -0.676
PRO01B4872_001   0.264  -5.611  -5.347
ASP01B4873_001   0.068  -1.893  -1.825
ASP01B4873_002   0.068  -1.893  -1.825
ASP02B4873_003   0.138  -1.917  -1.780
ASP02B4873_004   0.138  -1.917  -1.780
ASP-1B4873_005   0.065  -1.865  -1.800
MET01B4874_001   1.023  -1.788  -0.765
LYS01B4875_001   1.393  -1.699  -0.305
LYS+1B4875_002   1.327  -1.699  -0.372
CYS01B4876_001  -0.002   0.000  -0.002
CYS01B4876_002  -0.002   0.000  -0.002
CYS01B4876_003  -0.003   0.000  -0.003
CYS-1B4876_004   0.000   0.000   0.000
ASP01B4877_001   0.106  -1.819  -1.713
ASP01B4877_002   0.106  -1.819  -1.713
ASP02B4877_003   0.175  -1.781  -1.606
ASP02B4877_004   0.175  -1.781  -1.606
ASP-1B4877_005   0.098  -1.710  -1.612
ASP01B4878_001  -0.040  -1.997  -2.038
ASP01B4878_002  -0.040  -1.997  -2.038
ASP02B4878_003  -0.009  -2.107  -2.116
ASP02B4878_004  -0.009  -2.107  -2.116
ASP-1B4878_005  -0.040  -1.997  -2.038
MET01B4879_001   0.037  -3.923  -3.886
MET01B4880_001   1.112  -9.893  -8.781
THR01B4881_001   0.281  -2.164  -1.883
THR01B4881_002   0.281  -2.164  -1.883
THR01B4881_003   0.281  -2.164  -1.883
CYS01B4882_001  -0.002   0.000  -0.002
CYS01B4882_002  -0.002   0.000  -0.002
CYS01B4882_003  -0.002   0.000  -0.002
CYS-1B4882_004   0.000   0.000   0.000
TYR01B4883_001   4.742  -3.498   1.245
TYR01B4883_002   4.742  -3.498   1.245
TYR-1B4883_003   4.742  -3.498   1.245
LEU01B4884_001   1.742  -6.864  -5.122
PHE01B4885_001   4.837  -0.859   3.978
HIS01B4886_001  -0.152  -0.415  -0.567
HIS01B4886_002  -0.114  -0.244  -0.357
HIS02B4886_003  -0.170  -0.415  -0.585
HIS02B4886_004  -0.127  -0.244  -0.371
HIS+1B4886_005  -0.197  -0.415  -0.612
HIS+1B4886_006  -0.154  -0.244  -0.397
MET01B4887_001   1.390  -4.078  -2.688
TYR01B4888_001   4.642  -8.611  -3.968
TYR-1B4888_002   4.642  -8.611  -3.968
VAL01B4889_001   0.624  -0.531   0.093
VAL01B4891_001   0.673  -4.893  -4.220
ARG01B4892_001   3.568  -7.299  -3.731
ARG02B4892_002   3.515  -7.299  -3.784
ARG03B4892_003   3.523  -7.299  -3.776
ARG+1B4892_004   3.475  -7.299  -3.824
CTR01B4892_001  -0.021  -3.456  -3.477
CTR01B4892_002   0.094  -3.456  -3.362
CTR02B4892_003  -0.022  -3.436  -3.458
CTR02B4892_004   0.037  -3.417  -3.381
CTR-1B4892_005   0.000  -3.436  -3.436
NTG01B4895_001  -0.005  -5.330  -5.335
NTG+1B4895_002  -0.010  -5.330  -5.340
CTR01B4895_001  -0.021  -2.858  -2.879
CTR01B4895_002   0.107  -2.742  -2.635
CTR02B4895_003  -0.022  -2.838  -2.861
CTR02B4895_004   0.042  -2.819  -2.777
CTR-1B4895_005   0.000  -2.742  -2.742
NTR01B4897_001  -0.003  -0.514  -0.517
NTR+1B4897_002  -0.005  -0.514  -0.519
ILE01B4897_001   1.864  -1.887  -0.023
ASP01B4899_001   0.144  -2.540  -2.396
ASP01B4899_002   0.144  -2.540  -2.396
ASP02B4899_003   0.225  -2.484  -2.259
ASP02B4899_004   0.225  -2.484  -2.259
ASP-1B4899_005   0.136  -2.480  -2.345
GLU01B4900_001   3.243  -1.506   1.737
GLU01B4900_002   3.243  -1.506   1.737
GLU02B4900_003   2.590  -1.590   1.000
GLU02B4900_004   2.590  -1.590   1.000
GLU-1B4900_005   2.527  -1.506   1.021
ILE01B4901_001   3.838  -0.618   3.219
GLU01B4902_001   2.447  -2.024   0.424
GLU01B4902_002   2.447  -2.024   0.424
GLU02B4902_003   1.944  -1.957  -0.013
GLU02B4902_004   1.944  -1.957  -0.013
GLU-1B4902_005   1.877  -1.929  -0.052
ASP01B4903_001   0.078  -3.083  -3.005
ASP01B4903_002   0.078  -3.083  -3.005
ASP02B4903_003   0.152  -3.135  -2.983
ASP02B4903_004   0.152  -3.135  -2.983
ASP-1B4903_005   0.075  -3.100  -3.025
PRO01B4904_001   0.284  -1.552  -1.268
ALA01B4905_001   0.000  -2.952  -2.952
ASP01B4907_001  -0.041  -3.176  -3.217
ASP01B4907_002  -0.041  -3.176  -3.217
ASP02B4907_003  -0.009  -3.330  -3.339
ASP02B4907_004  -0.009  -3.330  -3.339
ASP-1B4907_005  -0.041  -3.121  -3.162
GLU01B4908_001   0.500  -2.686  -2.187
GLU01B4908_002   0.500  -2.686  -2.187
GLU02B4908_003   0.666  -2.700  -2.033
GLU02B4908_004   0.666  -2.700  -2.033
GLU-1B4908_005   0.468  -2.610  -2.141
TYR01B4909_001   4.156  -7.472  -3.316
TYR-1B4909_002   4.156  -7.472  -3.316
GLU01B4910_001   0.499  -1.916  -1.417
GLU01B4910_002   0.499  -1.916  -1.417
GLU02B4910_003   0.666  -1.852  -1.186
GLU02B4910_004   0.666  -1.852  -1.186
GLU-1B4910_005   0.468  -1.843  -1.375
LEU01B4911_001   3.344  -8.445  -5.101
TYR01B4912_001   4.303  -8.043  -3.740
TYR-1B4912_002   4.303  -8.043  -3.740
ARG01B4913_001   3.502  -0.473   3.029
ARG02B4913_002   3.478  -0.473   3.006
ARG03B4913_003   3.484  -0.473   3.011
ARG+1B4913_004   3.436  -0.473   2.963
VAL01B4914_001   0.638  -4.668  -4.030
VAL01B4915_001   0.615  -5.370  -4.755
PHE01B4916_001   4.691  -1.977   2.714
ASP01B4917_001   0.353  -1.075  -0.722
ASP01B4917_002   0.353  -1.075  -0.722
ASP02B4917_003   0.414  -1.039  -0.624
ASP02B4917_004   0.414  -1.039  -0.624
ASP-1B4917_005   0.309  -0.978  -0.669
ILE01B4918_001   3.028  -7.736  -4.709
THR01B4919_001   0.209  -3.878  -3.669
THR01B4919_002   0.209  -3.878  -3.669
CTR01B4919_001  -0.021  -3.427  -3.448
CTR01B4919_002   0.103  -3.369  -3.266
CTR02B4919_003  -0.022  -3.253  -3.275
CTR02B4919_004   0.040  -3.157  -3.117
CTR-1B4919_005   0.000  -3.253  -3.253
NTR01B4975_001  -0.003  -3.933  -3.936
NTR+1B4975_002  -0.005  -3.933  -3.938
CTR01B4975_001  -0.021  -5.164  -5.185
CTR01B4975_002   0.104  -5.358  -5.254
CTR02B4975_003  -0.022  -5.261  -5.283
CTR02B4975_004   0.040  -5.339  -5.298
CTR-1B4975_005   0.000  -5.203  -5.203
PHE01B4975_001   4.962 -13.392  -8.431
NTR01B4981_001  -0.003  -3.772  -3.775
NTR+1B4981_002  -0.005  -3.772  -3.777
GLU01B4981_001   2.741  -4.031  -1.290
GLU01B4981_002   2.741  -4.031  -1.290
GLU02B4981_003   2.221  -3.987  -1.766
GLU02B4981_004   2.221  -3.987  -1.766
GLU-1B4981_005   2.136  -3.891  -1.755
GLU01B4982_001   5.010  -3.603   1.407
GLU01B4982_002   5.010  -3.603   1.407
GLU02B4982_003   4.033  -3.844   0.189
GLU02B4982_004   4.033  -3.844   0.189
GLU-1B4982_005   3.961  -3.590   0.370
CTR01B4982_001  -0.021  -4.276  -4.297
CTR01B4982_002   0.107  -4.218  -4.111
CTR02B4982_003  -0.022  -4.296  -4.318
CTR02B4982_004   0.042  -4.180  -4.138
CTR-1B4982_005   0.000  -4.180  -4.180
NTR01B4985_001  -0.003  -2.536  -2.538
NTR+1B4985_002  -0.005  -2.536  -2.541
CTR01B4985_001  -0.021  -5.444  -5.465
CTR01B4985_002   0.081  -5.561  -5.480
CTR02B4985_003  -0.022  -5.464  -5.486
CTR02B4985_004   0.029  -5.561  -5.532
CTR-1B4985_005   0.000  -5.386  -5.386
LEU01B4985_001   3.727 -11.413  -7.685
_CA+2B5102_001   0.000  -8.251  -8.251
