   confID        vdw0    sas     sum
NTR01B3639_001  -0.003  -3.148  -3.151
NTR+1B3639_002  -0.005  -3.148  -3.153
THR01B3639_001   0.266  -3.593  -3.328
PRO01B3640_001   0.258  -3.194  -2.936
LEU01B3641_001   3.671  -9.884  -6.213
TYR01B3642_001   5.135 -10.304  -5.169
TYR-1B3642_002   5.135 -10.304  -5.169
ASN01B3643_001   0.527  -2.419  -1.892
LEU01B3644_001   1.632  -3.500  -1.868
PRO01B3645_001   0.310  -3.349  -3.039
THR01B3646_001   0.277  -7.291  -7.013
HIS01B3647_001  -0.172  -7.789  -7.961
HIS01B3647_002  -0.131  -8.220  -8.351
HIS02B3647_003  -0.190  -7.789  -7.979
HIS02B3647_004  -0.144  -8.220  -8.364
HIS+1B3647_005  -0.217  -7.789  -8.006
HIS+1B3647_006  -0.171  -8.220  -8.391
ARG01B3648_001   3.492  -9.193  -5.701
ARG02B3648_002   3.472  -9.193  -5.721
ARG03B3648_003   3.538  -9.193  -5.655
ARG+1B3648_004   3.429  -9.193  -5.764
ALA01B3649_001   0.000  -1.288  -1.288
CYS01B3650_001  -0.002  -3.669  -3.671
CYS01B3650_002  -0.002  -3.669  -3.671
CYS01B3650_003  -0.003  -3.669  -3.672
CYS-1B3650_004   0.000  -3.669  -3.669
ASN01B3651_001   0.499  -2.982  -2.483
ASN01B3651_002   0.256  -3.034  -2.779
MET01B3652_001   0.278  -6.115  -5.837
PHE01B3653_001   4.321  -8.162  -3.842
LEU01B3654_001   2.585  -6.812  -4.227
GLU01B3655_001   2.268  -2.901  -0.633
GLU01B3655_002   2.268  -2.901  -0.633
GLU02B3655_003   1.851  -2.889  -1.038
GLU02B3655_004   1.851  -2.889  -1.038
GLU-1B3655_005   1.766  -2.790  -1.024
SER01B3656_001   0.000  -3.395  -3.395
SER01B3656_002   0.000  -3.395  -3.395
TYR01B3657_001   5.291  -6.305  -1.014
TYR-1B3657_002   5.291  -6.305  -1.014
LYS01B3658_001   6.582  -6.891  -0.310
LYS+1B3658_002   6.533  -6.891  -0.358
ALA01B3659_001   0.000  -5.251  -5.251
ALA01B3660_001   0.000  -2.472  -2.472
TRP01B3661_001   3.215  -4.492  -1.276
ILE01B3662_001   2.960  -9.851  -6.891
LEU01B3663_001   2.846  -5.714  -2.868
THR01B3664_001   0.238  -5.303  -5.066
GLU01B3665_001   1.040  -2.608  -1.568
GLU01B3665_002   1.040  -2.608  -1.568
GLU02B3665_003   0.876  -2.434  -1.558
GLU02B3665_004   0.876  -2.434  -1.558
GLU-1B3665_005   0.784  -2.392  -1.609
ASP01B3666_001   0.587  -1.648  -1.061
ASP01B3666_002   0.587  -1.648  -1.061
ASP02B3666_003   0.584  -1.468  -0.884
ASP02B3666_004   0.584  -1.468  -0.884
ASP-1B3666_005   0.484  -1.468  -0.985
HIS01B3667_001  -0.170  -4.796  -4.966
HIS01B3667_002  -0.130  -4.410  -4.540
HIS02B3667_003  -0.189  -4.796  -4.985
HIS02B3667_004  -0.143  -4.410  -4.553
HIS+1B3667_005  -0.216  -4.796  -5.011
HIS+1B3667_006  -0.169  -4.410  -4.579
SER01B3668_001   0.000  -3.022  -3.022
SER01B3668_002   0.000  -3.022  -3.022
PHE01B3669_001   4.780  -5.288  -0.508
GLU01B3670_001   0.933  -0.564   0.368
GLU01B3670_002   0.933  -0.564   0.368
GLU02B3670_003   0.802  -0.592   0.210
GLU02B3670_004   0.802  -0.592   0.210
GLU-1B3670_005   0.719  -0.564   0.155
ASP01B3671_001   0.079  -0.508  -0.429
ASP01B3671_002   0.079  -0.508  -0.429
ASP02B3671_003   0.149  -0.533  -0.384
ASP02B3671_004   0.149  -0.533  -0.384
ASP-1B3671_005   0.074  -0.508  -0.434
ARG01B3672_001   6.809  -9.421  -2.612
ARG02B3672_002   6.755  -9.421  -2.666
ARG03B3672_003   6.747  -9.421  -2.674
ARG+1B3672_004   6.706  -9.421  -2.715
MET01B3673_001   0.375  -4.182  -3.807
ILE01B3674_001   4.285  -0.222   4.063
ASP01B3675_001   0.224  -0.944  -0.720
ASP01B3675_002   0.224  -0.944  -0.720
ASP02B3675_003   0.320  -0.990  -0.670
ASP02B3675_004   0.320  -0.990  -0.670
ASP-1B3675_005   0.210  -0.952  -0.741
ASP01B3676_001   0.047  -1.209  -1.162
ASP01B3676_002   0.047  -1.209  -1.162
ASP02B3676_003   0.108  -1.214  -1.105
ASP02B3676_004   0.108  -1.214  -1.105
ASP-1B3676_005   0.043  -1.209  -1.166
LEU01B3677_001   2.712  -2.798  -0.086
SER01B3678_001   0.000  -1.527  -1.527
SER01B3678_002   0.000  -1.527  -1.527
LYS01B3679_001   5.197  -7.412  -2.215
LYS+1B3679_002   5.252  -7.412  -2.160
ALA01B3680_001   0.000  -2.643  -2.643
GLU01B3682_001   0.498  -3.193  -2.695
GLU01B3682_002   0.498  -3.193  -2.695
GLU02B3682_003   0.665  -3.041  -2.377
GLU02B3682_004   0.665  -3.041  -2.377
GLU-1B3682_005   0.467  -3.049  -2.582
GLN01B3683_001   0.453  -0.484  -0.031
GLU01B3684_001   0.500  -3.942  -3.443
GLU01B3684_002   0.500  -3.942  -3.443
GLU02B3684_003   0.666  -3.881  -3.215
GLU02B3684_004   0.666  -3.881  -3.215
GLU-1B3684_005   0.468  -3.833  -3.364
GLU01B3685_001   0.498  -3.940  -3.442
GLU01B3685_002   0.498  -3.940  -3.442
GLU02B3685_003   0.665  -3.983  -3.319
GLU02B3685_004   0.665  -3.983  -3.319
GLU-1B3685_005   0.467  -3.945  -3.478
GLU01B3686_001   0.498  -2.231  -1.733
GLU01B3686_002   0.498  -2.231  -1.733
GLU02B3686_003   0.664  -2.270  -1.606
GLU02B3686_004   0.664  -2.270  -1.606
GLU-1B3686_005   0.467  -2.209  -1.742
GLU01B3687_001   0.500  -2.495  -1.995
GLU01B3687_002   0.500  -2.495  -1.995
GLU02B3687_003   0.667  -2.456  -1.789
GLU02B3687_004   0.667  -2.456  -1.789
GLU-1B3687_005   0.469  -2.412  -1.943
GLU01B3688_001   0.498  -4.373  -3.875
GLU01B3688_002   0.498  -4.373  -3.875
GLU02B3688_003   0.665  -4.299  -3.634
GLU02B3688_004   0.665  -4.299  -3.634
GLU-1B3688_005   0.467  -4.211  -3.744
GLU01B3689_001   0.501  -3.825  -3.324
GLU01B3689_002   0.501  -3.825  -3.324
GLU02B3689_003   0.667  -3.674  -3.007
GLU02B3689_004   0.667  -3.674  -3.007
GLU-1B3689_005   0.469  -3.811  -3.342
VAL01B3690_001   0.498  -3.622  -3.123
GLU01B3691_001   0.498  -3.956  -3.458
GLU01B3691_002   0.498  -3.956  -3.458
GLU02B3691_003   0.665  -4.019  -3.354
GLU02B3691_004   0.665  -4.019  -3.354
GLU-1B3691_005   0.467  -3.914  -3.447
GLU01B3692_001   0.498  -3.702  -3.204
GLU01B3692_002   0.498  -3.702  -3.204
GLU02B3692_003   0.664  -3.656  -2.992
GLU02B3692_004   0.664  -3.656  -2.992
GLU-1B3692_005   0.467  -3.536  -3.069
LYS01B3693_001   3.795  -6.390  -2.595
LYS+1B3693_002   3.701  -6.390  -2.690
LYS01B3694_001   1.749  -4.911  -3.162
LYS+1B3694_002   1.667  -4.911  -3.244
PRO01B3695_001   0.373  -1.100  -0.727
ASP01B3696_001   0.417  -0.310   0.107
ASP01B3696_002   0.417  -0.310   0.107
ASP02B3696_003   0.560  -0.326   0.234
ASP02B3696_004   0.560  -0.326   0.234
ASP-1B3696_005   0.400  -0.310   0.090
PRO01B3697_001   0.335  -2.952  -2.618
LEU01B3698_001   3.370  -0.171   3.199
HIS01B3699_001  -0.113  -1.446  -1.559
HIS01B3699_002  -0.062  -1.228  -1.290
HIS02B3699_003  -0.132  -1.446  -1.579
HIS02B3699_004  -0.075  -1.228  -1.303
HIS+1B3699_005  -0.159  -1.446  -1.605
HIS+1B3699_006  -0.102  -1.228  -1.330
GLN01B3700_001   1.579  -1.719  -0.141
GLN01B3700_002   2.429  -1.817   0.612
LEU01B3701_001   4.935  -1.700   3.235
VAL01B3702_001   0.892  -0.155   0.738
LEU01B3703_001   1.896  -4.597  -2.701
HIS01B3704_001  -0.118  -6.104  -6.222
HIS02B3704_002  -0.137  -6.104  -6.241
HIS+1B3704_003  -0.164  -6.104  -6.268
PHE01B3705_001   5.243  -0.321   4.922
SER01B3706_001   0.000  -1.058  -1.058
SER01B3706_002   0.000  -1.058  -1.058
ARG01B3707_001   4.901 -10.533  -5.632
ARG02B3707_002   4.885 -10.533  -5.648
ARG03B3707_003   4.875 -10.533  -5.658
ARG+1B3707_004   4.835 -10.533  -5.698
THR01B3708_001   0.204  -1.901  -1.697
THR01B3708_002   0.204  -1.901  -1.697
ALA01B3709_001   0.000   0.000   0.000
LEU01B3710_001   2.890  -5.818  -2.927
THR01B3711_001   0.221  -4.483  -4.262
GLU01B3712_001   5.925  -4.131   1.794
GLU01B3712_002   5.925  -4.131   1.794
GLU02B3712_003   4.836  -4.104   0.732
GLU02B3712_004   4.836  -4.104   0.732
GLU-1B3712_005   4.754  -3.970   0.784
LYS01B3713_001   3.669  -3.543   0.126
LYS+1B3713_002   3.617  -3.543   0.074
SER01B3714_001   0.000  -5.160  -5.160
LYS01B3715_001   2.691  -9.124  -6.433
LYS+1B3715_002   2.644  -9.124  -6.481
LEU01B3716_001   2.253  -0.464   1.790
ASP01B3717_001   0.236  -2.417  -2.181
ASP01B3717_002   0.236  -2.417  -2.181
ASP02B3717_003   0.334  -2.260  -1.926
ASP02B3717_004   0.334  -2.260  -1.926
ASP-1B3717_005   0.223  -2.270  -2.046
GLU01B3718_001   3.649  -2.620   1.030
GLU01B3718_002   3.649  -2.620   1.030
GLU02B3718_003   2.940  -2.821   0.119
GLU02B3718_004   2.940  -2.821   0.119
GLU-1B3718_005   2.861  -2.742   0.119
ASP01B3719_001   0.077  -1.078  -1.002
ASP01B3719_002   0.077  -1.078  -1.002
ASP02B3719_003   0.148  -0.986  -0.838
ASP02B3719_004   0.148  -0.986  -0.838
ASP-1B3719_005   0.073  -0.978  -0.905
TYR01B3720_001   4.774 -11.865  -7.091
TYR-1B3720_002   4.774 -11.865  -7.091
LEU01B3721_001   4.553  -5.972  -1.419
TYR01B3722_001   5.464  -0.068   5.396
TYR-1B3722_002   5.464  -0.068   5.396
MET01B3723_001   0.512  -1.344  -0.832
ALA01B3724_001   0.000  -1.268  -1.268
TYR01B3725_001   5.405  -2.581   2.824
TYR-1B3725_002   5.405  -2.581   2.824
ALA01B3726_001   0.000   0.000   0.000
ASP01B3727_001   0.112  -1.962  -1.850
ASP01B3727_002   0.112  -1.962  -1.850
ASP02B3727_003   0.196  -2.060  -1.864
ASP02B3727_004   0.196  -2.060  -1.864
ASP-1B3727_005   0.109  -1.977  -1.868
ILE01B3728_001   2.883  -0.876   2.008
MET01B3729_001   0.296  -0.239   0.057
ALA01B3730_001   0.000  -0.206  -0.206
LYS01B3731_001   8.569  -3.804   4.765
LYS+1B3731_002   8.759  -3.804   4.956
SER01B3732_001   0.000   0.000   0.000
SER01B3732_002   0.000   0.000   0.000
SER01B3732_003   0.000   0.000   0.000
CYS01B3733_001  -0.002   0.000  -0.002
CYS01B3733_002  -0.002   0.000  -0.002
CYS01B3733_003  -0.003   0.000  -0.003
CYS-1B3733_004   0.000   0.000   0.000
HIS01B3734_001  -0.354  -1.707  -2.061
HIS02B3734_002  -0.363  -1.707  -2.070
HIS+1B3734_003  -0.382  -1.707  -2.090
LEU01B3735_001   1.455  -0.428   1.027
GLU01B3736_001   0.495  -0.086   0.409
GLU01B3736_002   0.495  -0.086   0.409
GLU02B3736_003   0.661  -0.075   0.587
GLU02B3736_004   0.661  -0.075   0.587
GLU-1B3736_005   0.464  -0.086   0.378
GLU01B3737_001   0.498  -0.942  -0.444
GLU01B3737_002   0.498  -0.942  -0.444
GLU02B3737_003   0.664  -0.896  -0.231
GLU02B3737_004   0.664  -0.896  -0.231
GLU-1B3737_005   0.467  -0.896  -0.429
GLU01B3740_001   0.496  -0.838  -0.342
GLU01B3740_002   0.496  -0.838  -0.342
GLU02B3740_003   0.662  -0.844  -0.182
GLU02B3740_004   0.662  -0.844  -0.182
GLU-1B3740_005   0.465  -0.870  -0.405
ASN01B3741_001  -0.020  -2.115  -2.135
CTR01B3741_001  -0.021  -4.856  -4.877
CTR01B3741_002   0.108  -4.759  -4.651
CTR02B3741_003  -0.022  -4.720  -4.743
CTR02B3741_004   0.042  -4.817  -4.775
CTR-1B3741_005   0.000  -4.682  -4.682
NTR01B3747_001  -0.003  -3.637  -3.640
NTR+1B3747_002  -0.005  -3.637  -3.642
GLU01B3747_001   0.497  -4.908  -4.411
GLU01B3747_002   0.497  -4.908  -4.411
GLU02B3747_003   0.664  -4.898  -4.234
GLU02B3747_004   0.664  -4.898  -4.234
GLU-1B3747_005   0.466  -4.788  -4.322
GLU01B3748_001   0.501  -3.513  -3.012
GLU01B3748_002   0.501  -3.513  -3.012
GLU02B3748_003   0.668  -3.549  -2.881
GLU02B3748_004   0.668  -3.549  -2.881
GLU-1B3748_005   0.470  -3.372  -2.902
VAL01B3749_001   0.499  -8.561  -8.061
GLU01B3750_001   1.659  -3.101  -1.442
GLU01B3750_002   1.659  -3.101  -1.442
GLU02B3750_003   1.368  -3.185  -1.817
GLU02B3750_004   1.368  -3.185  -1.817
GLU-1B3750_005   1.277  -2.991  -1.714
VAL01B3751_001   0.698  -3.055  -2.357
SER01B3752_001   0.000  -2.366  -2.366
SER01B3752_002   0.000  -2.366  -2.366
PHE01B3753_001   4.928  -4.229   0.699
GLU01B3754_001   3.389  -1.800   1.590
GLU01B3754_002   3.389  -1.800   1.590
GLU02B3754_003   2.738  -1.665   1.073
GLU02B3754_004   2.738  -1.665   1.073
GLU-1B3754_005   2.653  -1.723   0.931
GLU01B3755_001   3.419  -2.130   1.288
GLU01B3755_002   3.419  -2.130   1.288
GLU02B3755_003   2.893  -2.074   0.819
GLU02B3755_004   2.893  -2.074   0.819
GLU-1B3755_005   2.741  -2.097   0.644
LYS01B3756_001  10.981  -4.517   6.464
LYS+1B3756_002  10.966  -4.517   6.449
GLU01B3757_001   1.474  -1.195   0.278
GLU01B3757_002   1.474  -1.195   0.278
GLU02B3757_003   1.275  -1.139   0.137
GLU02B3757_004   1.275  -1.139   0.137
GLU-1B3757_005   1.156  -1.137   0.019
MET01B3758_001  -0.063  -2.737  -2.799
GLU01B3759_001   2.330  -0.530   1.800
GLU01B3759_002   2.330  -0.530   1.800
GLU02B3759_003   1.853  -0.543   1.309
GLU02B3759_004   1.853  -0.543   1.309
GLU-1B3759_005   1.802  -0.530   1.272
LYS01B3760_001   1.341  -3.667  -2.326
LYS+1B3760_002   1.296  -3.667  -2.371
GLN01B3761_001   0.578  -1.086  -0.508
GLN01B3761_002   0.521  -1.092  -0.571
ARG01B3762_001   3.750  -2.636   1.114
ARG02B3762_002   3.684  -2.636   1.049
ARG03B3762_003   3.677  -2.636   1.042
ARG+1B3762_004   3.638  -2.636   1.002
LEU01B3763_001   2.377  -0.155   2.223
LEU01B3764_001   5.477  -6.539  -1.061
TYR01B3765_001   5.874  -4.121   1.753
TYR-1B3765_002   5.874  -4.121   1.753
GLN01B3766_001   5.085   0.000   5.085
GLN01B3766_002   8.190   0.000   8.190
GLN01B3767_001   0.908  -0.156   0.752
GLN01B3767_002   0.693  -0.159   0.534
SER01B3768_001   0.000  -2.140  -2.140
ARG01B3769_001   4.991  -0.475   4.516
ARG02B3769_002   5.023  -0.475   4.548
ARG03B3769_003   4.937  -0.475   4.462
ARG+1B3769_004   4.897  -0.475   4.422
LEU01B3770_001   8.050   0.000   8.050
HIS01B3771_001  -0.135  -2.452  -2.587
HIS01B3771_002  -0.094  -2.476  -2.570
HIS02B3771_003  -0.153  -2.452  -2.606
HIS02B3771_004  -0.108  -2.476  -2.584
HIS+1B3771_005  -0.180  -2.452  -2.633
HIS+1B3771_006  -0.135  -2.476  -2.610
THR01B3772_001   0.517  -0.859  -0.342
THR01B3772_002   0.517  -0.859  -0.342
THR01B3772_003   0.517  -0.859  -0.342
ARG01B3773_001   2.130  -9.632  -7.503
ARG02B3773_002   2.211  -9.632  -7.421
ARG03B3773_003   2.111  -9.632  -7.522
ARG+1B3773_004   2.067  -9.632  -7.565
ALA01B3775_001   0.000   0.000   0.000
ALA01B3776_001   0.000   0.000   0.000
GLU01B3777_001   4.415  -1.540   2.875
GLU01B3777_002   4.415  -1.540   2.875
GLU02B3777_003   3.569  -1.494   2.076
GLU02B3777_004   3.569  -1.494   2.076
GLU-1B3777_005   3.481  -1.494   1.986
MET01B3778_001   0.723  -0.096   0.627
VAL01B3779_001   1.671  -0.155   1.517
LEU01B3780_001   3.115  -0.103   3.012
GLN01B3781_001   2.755  -0.546   2.209
GLN01B3781_002   4.447  -0.645   3.802
MET01B3782_001   3.056  -0.048   3.008
ILE01B3783_001   3.123  -0.464   2.660
SER01B3784_001   0.000  -0.818  -0.818
SER01B3784_002   0.000  -0.818  -0.818
SER01B3784_003   0.000  -0.818  -0.818
ALA01B3785_001   0.000  -0.361  -0.361
CYS01B3786_001  -0.002  -0.048  -0.050
CYS01B3786_002  -0.002  -0.048  -0.050
CYS01B3786_003  -0.002  -0.048  -0.050
CYS-1B3786_004   0.000  -0.048  -0.048
LYS01B3787_001   2.002  -5.553  -3.551
LYS+1B3787_002   1.951  -5.553  -3.601
GLU01B3789_001   0.519  -1.158  -0.640
GLU01B3789_002   0.519  -1.158  -0.640
GLU02B3789_003   0.505  -1.097  -0.593
GLU02B3789_004   0.505  -1.097  -0.593
GLU-1B3789_005   0.404  -1.122  -0.718
THR01B3790_001   0.320  -3.406  -3.085
ALA01B3792_001   0.000  -3.190  -3.190
MET01B3793_001   0.704  -0.347   0.357
VAL01B3794_001   0.797   0.000   0.797
SER01B3795_001   0.000  -0.885  -0.885
SER01B3795_002   0.000  -0.885  -0.885
SER01B3796_001   0.000  -0.421  -0.421
SER01B3796_002   0.000  -0.421  -0.421
SER01B3796_003   0.000  -0.421  -0.421
THR01B3797_001   0.289  -0.052   0.238
THR01B3797_002   0.289  -0.052   0.238
LEU01B3798_001   4.240  -0.206   4.034
LYS01B3799_001   1.648  -3.962  -2.314
LYS+1B3799_002   1.601  -3.962  -2.361
LEU01B3800_001   2.069   0.000   2.069
ILE01B3802_001   3.297  -0.721   2.576
SER01B3803_001   0.000  -0.361  -0.361
SER01B3803_002   0.000  -0.361  -0.361
ILE01B3804_001   2.336   0.000   2.336
LEU01B3805_001   2.169   0.000   2.169
ASN01B3806_001   0.216  -0.285  -0.070
ASN01B3806_002   0.032  -0.394  -0.362
ASN01B3809_001   0.565  -0.276   0.290
ASN01B3809_002   0.323  -0.394  -0.070
ALA01B3810_001   0.000  -2.762  -2.762
GLU01B3811_001   1.404  -2.441  -1.038
GLU01B3811_002   1.404  -2.441  -1.038
GLU02B3811_003   1.184  -2.352  -1.168
GLU02B3811_004   1.184  -2.352  -1.168
GLU-1B3811_005   1.083  -2.303  -1.220
VAL01B3812_001   1.152   0.000   1.152
GLN01B3813_001   3.443  -0.103   3.340
GLN01B3813_002   5.709  -0.157   5.552
GLN01B3814_001   1.338  -2.129  -0.790
GLN01B3814_002   1.056  -2.065  -1.009
LYS01B3815_001   2.729  -1.120   1.609
LYS+1B3815_002   2.681  -1.120   1.562
MET01B3816_001   2.311  -0.143   2.168
LEU01B3817_001   1.457  -0.567   0.891
ASP01B3818_001   0.566  -2.317  -1.751
ASP01B3818_002   0.566  -2.317  -1.751
ASP02B3818_003   0.618  -2.317  -1.699
ASP02B3818_004   0.618  -2.317  -1.699
ASP-1B3818_005   0.489  -2.274  -1.785
TYR01B3819_001   5.432  -1.564   3.868
TYR01B3819_002   5.432  -1.564   3.868
TYR-1B3819_003   5.432  -1.564   3.868
LEU01B3820_001   4.590  -0.222   4.368
LYS01B3821_001   6.352  -3.042   3.310
LYS+1B3821_002   6.403  -3.042   3.362
ASP01B3822_001   0.513  -2.976  -2.463
ASP01B3822_002   0.513  -2.976  -2.463
ASP02B3822_003   0.571  -2.999  -2.428
ASP02B3822_004   0.571  -2.999  -2.428
ASP-1B3822_005   0.446  -2.894  -2.448
LYS01B3823_001   3.798  -2.307   1.491
LYS+1B3823_002   3.703  -2.307   1.397
LYS01B3824_001   2.525  -5.145  -2.620
LYS+1B3824_002   2.445  -5.145  -2.700
GLU01B3825_001   2.611  -0.781   1.830
GLU01B3825_002   2.611  -0.781   1.830
GLU02B3825_003   2.143  -0.794   1.349
GLU02B3825_004   2.143  -0.794   1.349
GLU-1B3825_005   2.072  -0.787   1.284
VAL01B3826_001   1.070  -2.846  -1.776
PHE01B3828_001   5.740  -0.707   5.033
PHE01B3829_001   5.858  -0.253   5.606
GLN01B3830_001   3.581  -1.636   1.945
GLN01B3830_002   5.231  -1.695   3.537
SER01B3831_001   0.000   0.000   0.000
SER01B3831_002   0.000   0.000   0.000
ILE01B3832_001   2.382  -0.464   1.919
GLN01B3833_001   3.524  -1.629   1.895
GLN01B3833_002   5.764  -1.432   4.332
ALA01B3834_001   0.000  -1.974  -1.974
LEU01B3835_001   1.908   0.000   1.908
MET01B3836_001   3.012   0.000   3.012
GLN01B3837_001   2.943  -2.359   0.584
THR01B3838_001   0.379  -2.616  -2.236
THR01B3838_002   0.379  -2.616  -2.236
CYS01B3839_001  -0.002   0.000  -0.002
CYS01B3839_002  -0.002   0.000  -0.002
CYS01B3839_003  -0.002   0.000  -0.002
CYS-1B3839_004   0.000   0.000   0.000
SER01B3840_001   0.000  -0.692  -0.692
SER01B3840_002   0.000  -0.692  -0.692
SER01B3840_003   0.000  -0.692  -0.692
VAL01B3841_001   1.346  -1.236   0.110
LEU01B3842_001   2.631   0.000   2.631
ASP01B3843_001   0.271  -1.299  -1.028
ASP01B3843_002   0.271  -1.299  -1.028
ASP02B3843_003   0.358  -1.381  -1.024
ASP02B3843_004   0.358  -1.381  -1.024
ASP-1B3843_005   0.249  -1.288  -1.039
LEU01B3844_001   2.722  -3.242  -0.520
ASN01B3845_001   0.342  -3.272  -2.929
ASN01B3845_002   0.481  -3.281  -2.800
ALA01B3846_001   0.000  -0.773  -0.773
PHE01B3847_001   5.022   0.000   5.022
GLU01B3848_001   2.503  -1.391   1.112
GLU01B3848_002   2.503  -1.391   1.112
GLU02B3848_003   2.123  -1.466   0.658
GLU02B3848_004   2.123  -1.466   0.658
GLU-1B3848_005   1.992  -1.387   0.605
ARG01B3849_001   2.358 -10.173  -7.815
ARG02B3849_002   2.407 -10.173  -7.766
ARG03B3849_003   2.337 -10.173  -7.837
ARG+1B3849_004   2.294 -10.173  -7.880
GLN01B3850_001   3.279  -0.103   3.176
ASN01B3851_001   0.268  -1.806  -1.538
ASN01B3851_002   0.062  -1.673  -1.611
LYS01B3852_001   0.917  -7.159  -6.242
LYS+1B3852_002   0.871  -7.159  -6.288
ALA01B3853_001   0.000  -0.670  -0.670
GLU01B3854_001   0.499  -2.334  -1.836
GLU01B3854_002   0.499  -2.334  -1.836
GLU02B3854_003   0.665  -2.292  -1.627
GLU02B3854_004   0.665  -2.292  -1.627
GLU-1B3854_005   0.467  -2.282  -1.815
LEU01B3856_001   1.390  -7.102  -5.712
MET01B3858_001   0.144  -8.730  -8.586
VAL01B3859_001   0.501  -2.592  -2.091
ASN01B3860_001  -0.019  -3.004  -3.023
GLU01B3861_001   0.496  -2.861  -2.365
GLU01B3861_002   0.496  -2.861  -2.365
GLU02B3861_003   0.662  -2.866  -2.203
GLU02B3861_004   0.662  -2.866  -2.203
GLU-1B3861_005   0.465  -2.747  -2.282
ASP01B3862_001  -0.040  -2.572  -2.613
ASP01B3862_002  -0.040  -2.572  -2.613
ASP02B3862_003  -0.009  -2.545  -2.553
ASP02B3862_004  -0.009  -2.545  -2.553
ASP-1B3862_005  -0.040  -2.536  -2.576
THR01B3864_001   0.151  -1.597  -1.446
VAL01B3865_001   0.500  -5.579  -5.079
ILE01B3866_001   0.942  -5.872  -4.930
ASN01B3867_001  -0.020  -1.238  -1.258
ARG01B3868_0011191.689  -6.0501185.638
ARG02B3868_0021191.670  -6.0501185.620
ARG03B3868_0031191.704  -6.0501185.654
ARG03B3868_004 190.719  -6.050 184.668
ARG+1B3868_0051191.638  -6.0501185.588
GLN01B3869_001   0.455  -2.509  -2.054
ASN01B3870_001  -0.020  -0.931  -0.952
GLU01B3872_001   0.499  -2.797  -2.297
GLU01B3872_002   0.499  -2.797  -2.297
GLU02B3872_003   0.666  -2.803  -2.138
GLU02B3872_004   0.666  -2.803  -2.138
GLU-1B3872_005   0.468  -2.691  -2.223
LYS01B3873_001   2.453  -2.436   0.018
LYS+1B3873_002   2.407  -2.436  -0.029
VAL01B3874_001   1.026   0.000   1.026
MET01B3875_001   1.983   0.000   1.983
ALA01B3876_001   0.000  -1.545  -1.545
ASP01B3877_001   0.076  -0.357  -0.281
ASP01B3877_002   0.076  -0.357  -0.281
ASP02B3877_003   0.145  -0.315  -0.171
ASP02B3877_004   0.145  -0.315  -0.171
ASP-1B3877_005   0.070  -0.310  -0.240
ASP01B3878_001   0.034  -1.022  -0.988
ASP01B3878_002   0.034  -1.022  -0.988
ASP02B3878_003   0.094  -1.143  -1.049
ASP02B3878_004   0.094  -1.143  -1.049
ASP-1B3878_005   0.032  -1.046  -1.014
GLU01B3879_001   0.499  -3.692  -3.193
GLU01B3879_002   0.499  -3.692  -3.193
GLU02B3879_003   0.665  -3.770  -3.105
GLU02B3879_004   0.665  -3.770  -3.105
GLU-1B3879_005   0.467  -3.673  -3.206
PHE01B3880_001   5.987  -1.011   4.976
THR01B3881_001   0.299   0.000   0.299
THR01B3881_002   0.299   0.000   0.299
THR01B3881_003   0.299   0.000   0.299
GLN01B3882_001   2.103  -1.462   0.641
ASP01B3883_001   0.552  -0.580  -0.027
ASP01B3883_002   0.552  -0.580  -0.027
ASP02B3883_003   0.654  -0.517   0.137
ASP02B3883_004   0.654  -0.517   0.137
ASP-1B3883_005   0.499  -0.517  -0.017
LEU01B3884_001   3.013  -0.155   2.859
PHE01B3885_001   5.263   0.000   5.263
ARG01B3886_001   2.226  -5.030  -2.803
ARG02B3886_002   2.182  -5.030  -2.847
ARG03B3886_003   2.243  -5.030  -2.787
ARG+1B3886_004   2.138  -5.030  -2.891
PHE01B3887_001   6.088  -0.776   5.312
LEU01B3888_001   4.896  -0.052   4.844
GLN01B3889_001   3.576  -0.586   2.991
GLN01B3889_002   5.812  -0.497   5.315
LEU01B3890_001   1.420  -0.531   0.889
LEU01B3891_001   1.743  -0.515   1.228
CYS01B3892_001  -0.002   0.000  -0.002
CYS01B3892_002  -0.002   0.000  -0.002
CYS01B3892_003  -0.003   0.000  -0.003
CYS-1B3892_004   0.000   0.000   0.000
GLU01B3893_001   3.206  -0.144   3.062
GLU01B3893_002   3.206  -0.144   3.062
GLU02B3893_003   2.595  -0.147   2.448
GLU02B3893_004   2.595  -0.147   2.448
GLU-1B3893_005   2.504  -0.142   2.362
HIS01B3895_001  -0.111  -1.330  -1.441
HIS02B3895_002  -0.131  -1.330  -1.461
HIS+1B3895_003  -0.158  -1.330  -1.488
ASN01B3896_001   0.197  -0.472  -0.276
ASN01B3896_002   0.473  -0.453   0.020
ASN01B3897_001   0.511  -2.659  -2.148
ASN01B3897_002   0.216  -2.570  -2.354
ASP01B3898_001   0.099  -1.417  -1.318
ASP01B3898_002   0.099  -1.417  -1.318
ASP02B3898_003   0.179  -1.565  -1.386
ASP02B3898_004   0.179  -1.565  -1.386
ASP-1B3898_005   0.096  -1.417  -1.321
PHE01B3899_001   6.342  -0.270   6.072
GLN01B3900_001   3.547   0.000   3.547
GLN01B3900_002   5.650   0.000   5.650
ASN01B3901_001   0.601  -1.974  -1.372
TYR01B3902_001   5.814  -0.101   5.713
TYR01B3902_002   5.814  -0.101   5.713
TYR-1B3902_003   5.814  -0.101   5.713
LEU01B3903_001   2.039  -0.052   1.988
ARG01B3904_001   5.233  -2.976   2.257
ARG02B3904_002   5.190  -2.976   2.214
ARG02B3904_003   5.195  -2.976   2.219
ARG03B3904_004   5.200  -2.976   2.224
ARG03B3904_005   5.204  -2.976   2.228
ARG+1B3904_006   5.149  -2.976   2.173
THR01B3905_001   0.258  -2.232  -1.974
THR01B3905_002   0.258  -2.232  -1.974
GLN01B3906_001   2.489   0.000   2.489
THR01B3907_001   0.155  -5.232  -5.077
ASN01B3909_001   0.398  -0.241   0.156
ASN01B3909_002   0.183  -0.354  -0.171
THR01B3910_001   0.271  -5.480  -5.209
THR01B3910_002   0.271  -5.480  -5.209
THR01B3911_001   0.239  -3.001  -2.762
THR01B3912_001   0.294  -3.552  -3.258
ILE01B3913_001   2.034  -0.103   1.931
ASN01B3914_001   0.201  -0.996  -0.795
ASN01B3914_002   0.023  -0.810  -0.787
ILE01B3915_001   2.088  -0.052   2.036
ILE01B3916_001   2.371   0.000   2.371
ILE01B3917_001   6.129  -4.633   1.497
CYS01B3918_001  -0.002  -1.483  -1.485
CYS01B3918_002  -0.002  -1.483  -1.485
CYS01B3918_003  -0.003  -1.483  -1.486
CYS-1B3918_004   0.000  -1.483  -1.483
THR01B3919_001   0.413   0.000   0.413
THR01B3919_002   0.413   0.000   0.413
THR01B3919_003   0.413   0.000   0.413
VAL01B3920_001   1.552   0.000   1.552
ASP01B3921_001   0.640  -1.805  -1.165
ASP01B3921_002   0.640  -1.805  -1.165
ASP02B3921_003   0.684  -1.733  -1.048
ASP02B3921_004   0.684  -1.733  -1.048
ASP-1B3921_005   0.551  -1.723  -1.172
TYR01B3922_001   5.562   0.000   5.562
TYR01B3922_002   5.562   0.000   5.562
TYR-1B3922_003   5.562   0.000   5.562
LEU01B3923_001   2.548   0.000   2.548
LEU01B3924_001   3.359  -1.854   1.505
ARG01B3925_001   2.284  -4.982  -2.698
ARG02B3925_002   2.295  -4.982  -2.687
ARG03B3925_003   2.246  -4.982  -2.736
ARG+1B3925_004   2.207  -4.982  -2.775
LEU01B3926_001   2.046   0.000   2.046
GLN01B3927_001   3.354  -0.335   3.019
GLN01B3927_002   5.447  -0.379   5.068
GLU01B3928_001   3.371  -3.359   0.013
GLU01B3928_002   3.371  -3.359   0.013
GLU02B3928_003   2.678  -3.341  -0.663
GLU02B3928_004   2.678  -3.341  -0.663
GLU-1B3928_005   2.614  -3.217  -0.603
SER01B3929_001   0.000  -0.336  -0.336
SER01B3929_002   0.000  -0.336  -0.336
ILE01B3930_001   3.462  -0.464   2.999
SER01B3931_001   0.000  -0.759  -0.759
SER01B3931_002   0.000  -0.759  -0.759
ASP01B3932_001   0.218  -1.865  -1.647
ASP01B3932_002   0.218  -1.865  -1.647
ASP02B3932_003   0.314  -1.957  -1.643
ASP02B3932_004   0.314  -1.957  -1.643
ASP-1B3932_005   0.206  -1.826  -1.621
PHE01B3933_001   5.432  -0.051   5.381
TYR01B3934_001   4.831  -0.754   4.078
TYR01B3934_002   4.831  -0.754   4.078
TYR-1B3934_003   4.831  -0.754   4.078
TRP01B3935_001   3.588  -8.040  -4.452
TYR01B3936_001   5.639  -3.182   2.458
TYR01B3936_002   5.639  -3.182   2.458
TYR-1B3936_003   5.639  -3.182   2.458
TYR01B3937_001   6.266   0.000   6.266
TYR01B3937_002   6.266   0.000   6.266
TYR-1B3937_003   6.266   0.000   6.266
SER01B3938_001   0.000  -0.596  -0.596
SER01B3938_002   0.000  -0.596  -0.596
SER01B3938_003   0.000  -0.596  -0.596
LYS01B3940_001   1.476  -4.260  -2.784
LYS+1B3940_002   1.431  -4.260  -2.829
ASP01B3941_001   0.082  -2.531  -2.449
ASP01B3941_002   0.082  -2.531  -2.449
ASP02B3941_003   0.154  -2.633  -2.479
ASP02B3941_004   0.154  -2.633  -2.479
ASP-1B3941_005   0.078  -2.498  -2.420
VAL01B3942_001   0.556  -5.734  -5.178
ILE01B3943_001   6.217  -0.206   6.011
GLU01B3944_001   3.607  -1.998   1.610
GLU01B3944_002   3.607  -1.998   1.610
GLU02B3944_003   2.940  -1.998   0.942
GLU02B3944_004   2.940  -1.998   0.942
GLU-1B3944_005   2.845  -1.930   0.916
GLU01B3945_001   2.236  -2.391  -0.155
GLU01B3945_002   2.236  -2.391  -0.155
GLU02B3945_003   1.795  -2.579  -0.784
GLU02B3945_004   1.795  -2.579  -0.784
GLU-1B3945_005   1.729  -2.414  -0.685
GLN01B3946_001   1.391  -0.669   0.722
GLN01B3946_002   1.046  -0.586   0.460
LYS01B3948_001   0.725  -1.905  -1.179
LYS+1B3948_002   0.681  -1.905  -1.224
ARG01B3949_001   3.291  -7.895  -4.604
ARG02B3949_002   3.271  -7.895  -4.625
ARG03B3949_003   3.368  -7.895  -4.528
ARG+1B3949_004   3.227  -7.895  -4.668
ASN01B3950_001   0.482  -0.034   0.447
ASN01B3950_002   0.212  -0.039   0.173
PHE01B3951_001   6.355  -0.186   6.169
SER01B3952_001   0.000  -1.935  -1.935
SER01B3952_002   0.000  -1.935  -1.935
LYS01B3953_001   1.321  -1.937  -0.616
LYS+1B3953_002   1.274  -1.937  -0.663
ALA01B3954_001   0.000   0.000   0.000
MET01B3955_001   3.256  -0.052   3.205
SER01B3956_001   0.000  -1.683  -1.683
SER01B3956_002   0.000  -1.683  -1.683
SER01B3956_003   0.000  -1.683  -1.683
VAL01B3957_001   0.981   0.000   0.981
ALA01B3958_001   0.000   0.000   0.000
LYS01B3959_001  10.835  -2.291   8.544
LYS+1B3959_002  10.791  -2.291   8.500
GLN01B3960_001   1.320  -0.448   0.872
GLN01B3960_002   1.527  -0.591   0.937
VAL01B3961_001   0.830   0.000   0.830
PHE01B3962_001   6.708   0.000   6.708
ASN01B3963_001   0.564  -1.191  -0.627
ASN01B3963_002   0.297  -1.221  -0.923
SER01B3964_001   0.000   0.000   0.000
SER01B3964_002   0.000   0.000   0.000
LEU01B3965_001   4.742   0.000   4.742
THR01B3966_001   0.563  -0.301   0.262
THR01B3966_002   0.563  -0.301   0.262
GLU01B3967_001   3.346  -0.172   3.174
GLU01B3967_002   3.346  -0.172   3.174
GLU02B3967_003   2.785  -0.181   2.604
GLU02B3967_004   2.785  -0.181   2.604
GLU-1B3967_005   2.660  -0.172   2.488
TYR01B3968_001   5.551   0.000   5.551
TYR-1B3968_002   5.551   0.000   5.551
ILE01B3969_001   3.867   0.000   3.867
GLN01B3970_001   3.422  -0.354   3.067
GLN01B3970_002   5.495  -0.359   5.136
PRO01B3972_001   0.498  -2.920  -2.422
CYS01B3973_001  -0.002  -0.357  -0.359
CYS01B3973_002  -0.002  -0.357  -0.359
CYS01B3973_003  -0.002  -0.357  -0.360
CYS-1B3973_004   0.000  -0.357  -0.357
THR01B3974_001   0.306  -4.939  -4.633
THR01B3974_002   0.306  -4.939  -4.633
ASN01B3976_001   0.425   0.000   0.425
GLN01B3977_001   2.550  -0.310   2.240
GLN01B3977_002   4.220  -0.354   3.865
GLN01B3978_001   0.999  -1.674  -0.675
GLN01B3978_002   0.855  -1.651  -0.796
SER01B3979_001   0.000   0.000   0.000
LEU01B3980_001   2.932   0.000   2.932
ALA01B3981_001   0.000  -0.052  -0.052
HIS01B3982_001  -0.163  -7.322  -7.485
HIS01B3982_002  -0.125  -7.161  -7.286
HIS02B3982_003  -0.181  -7.322  -7.503
HIS02B3982_004  -0.138  -7.161  -7.300
HIS+1B3982_005  -0.208  -7.322  -7.530
HIS+1B3982_006  -0.165  -7.161  -7.326
SER01B3983_001   0.000  -0.096  -0.096
ARG01B3984_001   2.908 -10.102  -7.195
ARG02B3984_002   2.876 -10.102  -7.227
ARG03B3984_003   2.941 -10.102  -7.162
ARG+1B3984_004   2.833 -10.102  -7.269
LEU01B3985_001   2.964  -0.206   2.758
TRP01B3986_001   4.923  -1.484   3.439
ASP01B3987_001   0.085  -2.364  -2.279
ASP01B3987_002   0.085  -2.364  -2.279
ASP02B3987_003   0.160  -2.417  -2.258
ASP02B3987_004   0.160  -2.417  -2.258
ASP-1B3987_005   0.081  -2.326  -2.244
ALA01B3988_001   0.000   0.000   0.000
VAL01B3989_001   1.049  -0.258   0.792
VAL01B3990_001   0.847  -1.030  -0.183
PHE01B3992_001   6.933  -0.101   6.832
LEU01B3993_001   3.406  -0.927   2.479
HIS01B3994_001  -0.109  -3.996  -4.105
HIS01B3994_002  -0.043  -3.876  -3.918
HIS02B3994_003  -0.130  -3.996  -4.126
HIS02B3994_004  -0.055  -3.876  -3.931
HIS+1B3994_005  -0.157  -3.996  -4.153
HIS+1B3994_006  -0.082  -3.876  -3.958
VAL01B3995_001   0.627   0.000   0.627
PHE01B3996_001   5.040  -0.051   4.990
ALA01B3997_001   0.000   0.000   0.000
HIS01B3998_001  -0.097  -2.468  -2.565
HIS01B3998_002  -0.041  -2.886  -2.927
HIS02B3998_003  -0.117  -2.468  -2.586
HIS02B3998_004  -0.054  -2.886  -2.940
HIS+1B3998_005  -0.144  -2.468  -2.613
HIS+1B3998_006  -0.081  -2.886  -2.967
MET01B3999_001  -0.012  -0.048  -0.060
MET01B4000_001   7.408   0.000   7.408
MET01B4001_001   0.142  -1.709  -1.567
LYS01B4002_001   1.834  -1.391   0.443
LYS+1B4002_002   1.791  -1.391   0.400
LEU01B4003_001   1.711  -0.052   1.660
ALA01B4004_001   0.000  -0.052  -0.052
GLN01B4005_001   1.774  -1.732   0.041
GLN01B4005_002   3.003  -1.683   1.319
ASP01B4006_001   0.058  -1.563  -1.505
ASP01B4006_002   0.058  -1.563  -1.505
ASP02B4006_003   0.127  -1.595  -1.469
ASP02B4006_004   0.127  -1.595  -1.469
ASP-1B4006_005   0.056  -1.555  -1.499
SER01B4007_001   0.000  -3.152  -3.152
SER01B4007_002   0.000  -3.152  -3.152
SER01B4008_001   0.000  -3.074  -3.074
SER01B4008_002   0.000  -3.074  -3.074
GLN01B4009_001   2.339  -0.118   2.221
ILE01B4010_001   3.936  -3.020   0.916
GLU01B4011_001   4.056  -3.920   0.135
GLU01B4011_002   4.056  -3.920   0.135
GLU02B4011_003   3.271  -3.924  -0.653
GLU02B4011_004   3.271  -3.924  -0.653
GLU-1B4011_005   3.185  -3.829  -0.643
LEU01B4012_001   2.546  -0.618   1.928
LEU01B4013_001   2.975  -0.567   2.409
LYS01B4014_001   0.592  -4.301  -3.709
LYS+1B4014_002   0.548  -4.301  -3.753
GLU01B4015_001   5.215  -1.142   4.073
GLU01B4015_002   5.215  -1.142   4.073
GLU02B4015_003   4.196  -1.184   3.012
GLU02B4015_004   4.196  -1.184   3.012
GLU-1B4015_005   4.117  -1.154   2.963
LEU01B4016_001   5.958   0.000   5.958
LEU01B4017_001   2.136  -0.258   1.878
ASP01B4018_001   0.152  -0.985  -0.833
ASP01B4018_002   0.152  -0.985  -0.833
ASP02B4018_003   0.236  -1.058  -0.822
ASP02B4018_004   0.236  -1.058  -0.822
ASP-1B4018_005   0.143  -0.943  -0.801
LEU01B4019_001   2.611  -0.306   2.305
GLN01B4020_001   3.206  -0.157   3.049
GLN01B4020_002   5.128  -0.172   4.956
LYS01B4021_001   2.638  -2.615   0.023
LYS+1B4021_002   2.588  -2.615  -0.027
ASP01B4022_001   0.114  -0.986  -0.872
ASP01B4022_002   0.114  -0.986  -0.872
ASP02B4022_003   0.192  -1.138  -0.946
ASP02B4022_004   0.192  -1.138  -0.946
ASP-1B4022_005   0.107  -1.034  -0.926
MET01B4023_001   1.809  -0.242   1.566
VAL01B4024_001   1.115  -0.428   0.687
VAL01B4025_001   0.873  -3.863  -2.990
MET01B4026_001   0.766  -0.048   0.718
LEU01B4027_001   1.792  -0.734   1.058
LEU01B4028_001   3.173  -2.266   0.906
SER01B4029_001   0.000  -0.060  -0.060
SER01B4029_002   0.000  -0.060  -0.060
SER01B4029_003   0.000  -0.060  -0.060
LEU01B4030_001   3.206  -0.464   2.742
LEU01B4031_001   4.963  -0.103   4.860
GLU01B4032_001   1.408  -0.034   1.374
GLU01B4032_002   1.408  -0.034   1.374
GLU02B4032_003   1.168  -0.036   1.132
GLU02B4032_004   1.168  -0.036   1.132
GLU-1B4032_005   1.072  -0.034   1.037
ASN01B4034_001   0.000  -0.394  -0.394
ASN01B4034_002   0.166  -0.276  -0.109
VAL01B4035_001   0.833  -3.709  -2.876
VAL01B4036_001   0.623  -0.666  -0.043
ASN01B4037_001   0.343  -1.708  -1.365
MET01B4039_001   1.972  -5.497  -3.524
ILE01B4040_001   3.352  -0.876   2.476
ALA01B4041_001   0.000   0.000   0.000
ARG01B4042_001   6.425  -6.145   0.280
ARG02B4042_002   6.351  -6.145   0.206
ARG03B4042_003   6.358  -6.145   0.213
ARG+1B4042_004   6.312  -6.145   0.167
GLN01B4043_001   4.091  -1.497   2.593
GLN01B4043_002   6.620  -1.371   5.249
MET01B4044_001   1.671  -0.048   1.623
VAL01B4045_001   0.831   0.000   0.831
ASP01B4046_001   0.086  -2.561  -2.475
ASP01B4046_002   0.086  -2.561  -2.475
ASP02B4046_003   0.158  -2.499  -2.340
ASP02B4046_004   0.158  -2.499  -2.340
ASP-1B4046_005   0.081  -2.412  -2.331
MET01B4047_001  25.633  -0.297  25.335
LEU01B4048_001   2.178  -0.824   1.354
VAL01B4049_001   1.098  -2.469  -1.372
GLU01B4050_001   4.587  -1.570   3.017
GLU01B4050_002   4.587  -1.570   3.017
GLU02B4050_003   3.681  -1.594   2.088
GLU02B4050_004   3.681  -1.594   2.088
GLU-1B4050_005   3.614  -1.516   2.098
SER01B4051_001   0.000   0.000   0.000
SER01B4051_002   0.000   0.000   0.000
SER01B4051_003   0.000   0.000   0.000
SER01B4052_001   0.000  -1.499  -1.499
SER01B4052_002   0.000  -1.499  -1.499
SER01B4053_001   0.000  -4.922  -4.922
SER01B4053_002   0.000  -4.922  -4.922
ASN01B4054_001   0.792  -0.262   0.530
ASN01B4054_002   0.361  -0.271   0.090
VAL01B4055_001   1.378  -0.892   0.487
GLU01B4056_001   8.087  -1.836   6.251
GLU01B4056_002   8.087  -1.836   6.251
GLU02B4056_003   6.537  -1.952   4.585
GLU02B4056_004   6.537  -1.952   4.585
GLU-1B4056_005   6.442  -1.826   4.616
MET01B4057_001   5.945  -3.120   2.825
ILE01B4058_001   3.541  -0.892   2.649
LEU01B4059_001   1.622  -0.258   1.364
LYS01B4060_001   1.785  -3.889  -2.104
LYS+1B4060_002   1.735  -3.889  -2.154
PHE01B4061_001   6.350  -0.354   5.997
PHE01B4062_001   5.762  -0.068   5.695
ASP01B4063_001   0.408  -0.551  -0.143
ASP01B4063_002   0.408  -0.551  -0.143
ASP02B4063_003   0.367  -0.580  -0.213
ASP02B4063_004   0.367  -0.580  -0.213
ASP-1B4063_005   0.312  -0.551  -0.239
MET01B4064_001   9.238  -0.888   8.351
PHE01B4065_001   7.041  -0.101   6.940
LEU01B4066_001   2.014  -0.412   1.602
LYS01B4067_001   2.067  -1.361   0.706
LYS+1B4067_002   2.014  -1.361   0.653
LEU01B4068_001   4.409  -0.309   4.100
LYS01B4069_001   4.456  -5.418  -0.962
LYS+1B4069_002   4.414  -5.418  -1.003
ASP01B4070_001   0.185  -1.695  -1.510
ASP01B4070_002   0.185  -1.695  -1.510
ASP02B4070_003   0.281  -1.674  -1.394
ASP02B4070_004   0.281  -1.674  -1.394
ASP-1B4070_005   0.177  -1.658  -1.481
ILE01B4071_001   5.000  -0.480   4.521
VAL01B4072_001   0.593  -0.789  -0.196
SER01B4074_001   0.000  -1.744  -1.744
SER01B4074_002   0.000  -1.744  -1.744
GLU01B4075_001   1.061  -3.233  -2.173
GLU01B4075_002   1.061  -3.233  -2.173
GLU02B4075_003   0.902  -3.310  -2.407
GLU02B4075_004   0.902  -3.310  -2.407
GLU-1B4075_005   0.809  -3.155  -2.346
ALA01B4076_001   0.000  -2.231  -2.231
PHE01B4077_001   5.071   0.000   5.071
GLN01B4078_001   1.034  -1.850  -0.816
GLN01B4078_002   0.866  -1.699  -0.833
ASP01B4079_001   0.360  -2.923  -2.564
ASP01B4079_002   0.360  -2.923  -2.564
ASP02B4079_003   0.484  -2.657  -2.173
ASP02B4079_004   0.484  -2.657  -2.173
ASP-1B4079_005   0.342  -2.601  -2.259
TYR01B4080_001   5.625  -0.618   5.007
TYR-1B4080_002   5.625  -0.618   5.007
VAL01B4081_001   0.467  -0.206   0.261
THR01B4082_001   0.216  -6.129  -5.913
ASP01B4083_001   0.300  -0.757  -0.457
ASP01B4083_002   0.300  -0.757  -0.457
ASP02B4083_003   0.392  -0.763  -0.371
ASP02B4083_004   0.392  -0.763  -0.371
ASP-1B4083_005   0.277  -0.724  -0.447
PRO01B4084_001   0.258  -5.910  -5.651
ARG01B4085_001   2.445  -7.422  -4.976
ARG02B4085_002   2.368  -7.422  -5.054
ARG02B4085_003   2.427  -7.422  -4.994
ARG03B4085_004   2.370  -7.422  -5.052
ARG+1B4085_005   2.323  -7.422  -5.098
LEU01B4087_001   2.052  -3.654  -1.602
ILE01B4088_001   6.939   0.000   6.939
SER01B4089_001   0.000  -1.216  -1.216
SER01B4089_002   0.000  -1.216  -1.216
SER01B4089_003   0.000  -1.216  -1.216
LYS01B4090_001   2.732  -2.276   0.456
LYS+1B4090_002   2.690  -2.276   0.414
LYS01B4091_001   2.701  -6.883  -4.181
LYS+1B4091_002   2.636  -6.883  -4.246
ASP01B4092_001   0.013  -0.361  -0.348
ASP01B4092_002   0.013  -0.361  -0.348
ASP02B4092_003   0.064  -0.455  -0.391
ASP02B4092_004   0.064  -0.455  -0.391
ASP-1B4092_005   0.009  -0.361  -0.352
PHE01B4093_001   5.202  -0.118   5.084
GLN01B4094_001   1.245  -1.560  -0.315
GLN01B4094_002   1.559  -1.577  -0.019
LYS01B4095_001   2.001  -7.398  -5.397
LYS+1B4095_002   1.956  -7.398  -5.442
ALA01B4096_001   0.000   0.000   0.000
MET01B4097_001   0.041   0.000   0.041
ASP01B4098_001   0.544  -2.439  -1.896
ASP01B4098_002   0.544  -2.439  -1.896
ASP02B4098_003   0.547  -2.385  -1.838
ASP02B4098_004   0.547  -2.385  -1.838
ASP-1B4098_005   0.449  -2.356  -1.907
SER01B4099_001   0.000  -2.050  -2.050
SER01B4099_002   0.000  -2.050  -2.050
GLN01B4100_001   3.663  -0.561   3.102
LYS01B4101_001   1.098  -8.068  -6.970
LYS+1B4101_002   1.049  -8.068  -7.018
GLN01B4102_001   3.308  -1.630   1.678
GLN01B4102_002   5.376  -1.836   3.540
PHE01B4103_001   5.675   0.000   5.675
THR01B4104_001   0.311  -3.883  -3.572
THR01B4104_002   0.311  -3.883  -3.572
PRO01B4106_001   0.334  -6.325  -5.990
GLU01B4107_001   2.244  -1.649   0.595
GLU01B4107_002   2.244  -1.649   0.595
GLU02B4107_003   1.798  -1.602   0.196
GLU02B4107_004   1.798  -1.602   0.196
GLU-1B4107_005   1.722  -1.568   0.154
ILE01B4108_001   3.222  -0.464   2.759
GLN01B4109_001   1.268  -2.563  -1.294
GLN01B4109_002   1.071  -2.463  -1.392
PHE01B4110_001   5.562  -1.175   4.388
LEU01B4111_001   1.336   0.000   1.336
LEU01B4112_001   1.676   0.000   1.676
SER01B4113_001   0.000  -1.670  -1.670
CYS01B4114_001  -0.002  -0.167  -0.169
CYS01B4114_002  -0.002  -0.167  -0.169
CYS01B4114_003  -0.003  -0.167  -0.170
CYS-1B4114_004   0.000  -0.167  -0.167
SER01B4115_001   0.000  -0.048  -0.048
SER01B4115_002   0.000  -0.048  -0.048
GLU01B4116_001   1.270  -1.518  -0.248
GLU01B4116_002   1.270  -1.518  -0.248
GLU02B4116_003   1.098  -1.492  -0.394
GLU02B4116_004   1.098  -1.492  -0.394
GLU-1B4116_005   0.986  -1.451  -0.465
ALA01B4117_001   0.000  -2.711  -2.711
ASP01B4118_001   0.394  -2.021  -1.628
ASP01B4118_002   0.394  -2.021  -1.628
ASP02B4118_003   0.431  -1.873  -1.442
ASP02B4118_004   0.431  -1.873  -1.442
ASP-1B4118_005   0.334  -1.861  -1.527
GLU01B4119_001   4.626  -4.082   0.544
GLU01B4119_002   4.626  -4.082   0.544
GLU02B4119_003   3.808  -4.109  -0.301
GLU02B4119_004   3.808  -4.109  -0.301
GLU-1B4119_005   3.684  -3.966  -0.283
ASN01B4120_001   0.212  -1.408  -1.196
GLU01B4121_001   6.518  -2.902   3.616
GLU01B4121_002   6.518  -2.902   3.616
GLU02B4121_003   5.215  -2.842   2.372
GLU02B4121_004   5.215  -2.842   2.372
GLU-1B4121_005   5.148  -2.760   2.388
MET01B4122_001   0.138  -1.455  -1.317
ILE01B4123_001   1.435  -0.103   1.332
ASN01B4124_001   0.172  -1.481  -1.309
ASN01B4124_002   0.008  -1.304  -1.297
PHE01B4125_001   4.952  -1.686   3.265
GLU01B4126_001   0.499  -3.637  -3.138
GLU01B4126_002   0.499  -3.637  -3.138
GLU02B4126_003   0.665  -3.633  -2.967
GLU02B4126_004   0.665  -3.633  -2.967
GLU-1B4126_005   0.468  -3.566  -3.098
GLU01B4127_001   3.408  -1.663   1.745
GLU01B4127_002   3.408  -1.663   1.745
GLU02B4127_003   2.759  -1.640   1.119
GLU02B4127_004   2.759  -1.640   1.119
GLU-1B4127_005   2.672  -1.600   1.072
PHE01B4128_001   5.562  -0.202   5.360
ALA01B4129_001   0.000  -0.052  -0.052
ASN01B4130_001   0.467  -1.697  -1.231
ASN01B4130_002   0.200  -1.628  -1.427
ARG01B4131_001   5.211  -3.194   2.017
ARG02B4131_002   5.164  -3.194   1.970
ARG03B4131_003   5.157  -3.194   1.963
ARG+1B4131_004   5.117  -3.194   1.923
PHE01B4132_001   5.058  -0.254   4.805
GLN01B4133_001   1.638  -0.551   1.087
GLN01B4133_002   2.537  -0.669   1.868
GLU01B4134_001   1.460  -3.165  -1.705
GLU01B4134_002   1.460  -3.165  -1.705
GLU02B4134_003   1.312  -3.018  -1.706
GLU02B4134_004   1.312  -3.018  -1.706
GLU-1B4134_005   1.163  -3.006  -1.843
PRO01B4135_001   0.334  -0.560  -0.226
ALA01B4136_001   0.000  -0.052  -0.052
ARG01B4137_001   3.307  -5.882  -2.576
ARG02B4137_002   3.287  -5.882  -2.595
ARG03B4137_003   3.387  -5.882  -2.496
ARG+1B4137_004   3.244  -5.882  -2.638
ASP01B4138_001   0.073  -1.236  -1.163
ASP01B4138_002   0.073  -1.236  -1.163
ASP02B4138_003   0.140  -1.277  -1.138
ASP02B4138_004   0.140  -1.277  -1.138
ASP-1B4138_005   0.067  -1.236  -1.169
ILE01B4139_001   0.996  -0.206   0.790
PHE01B4141_001   5.889  -1.215   4.674
ASN01B4142_001   0.520  -0.556  -0.037
ASN01B4142_002   0.278  -0.669  -0.392
VAL01B4143_001   0.751  -1.442  -0.692
ALA01B4144_001   0.000   0.000   0.000
VAL01B4145_001   0.894  -0.155   0.739
LEU01B4146_001   2.625  -0.309   2.316
LEU01B4147_001   4.183  -0.515   3.668
THR01B4148_001   0.393  -1.526  -1.133
THR01B4148_002   0.393  -1.526  -1.133
THR01B4148_003   0.393  -1.526  -1.133
ASN01B4149_001   0.200  -0.118   0.082
LEU01B4150_001   1.765   0.000   1.765
SER01B4151_001   0.000  -0.884  -0.884
SER01B4151_002   0.000  -0.884  -0.884
GLU01B4152_001   3.914  -1.492   2.422
GLU01B4152_002   3.914  -1.492   2.422
GLU02B4152_003   3.123  -1.547   1.576
GLU02B4152_004   3.123  -1.547   1.576
GLU-1B4152_005   3.061  -1.516   1.545
HIS01B4153_001  -0.061  -0.047  -0.108
HIS02B4153_002  -0.082  -0.047  -0.129
HIS+1B4153_003  -0.109  -0.047  -0.156
VAL01B4154_001   0.669  -0.650   0.019
PRO01B4155_001   0.404  -1.451  -1.047
HIS01B4156_001  -0.243  -4.799  -5.042
HIS01B4156_002  -0.205  -5.466  -5.671
HIS02B4156_003  -0.264  -4.799  -5.063
HIS02B4156_004  -0.214  -5.466  -5.680
HIS+1B4156_005  -0.291  -4.799  -5.090
HIS+1B4156_006  -0.240  -5.466  -5.706
ASP01B4157_001   0.207  -0.714  -0.507
ASP01B4157_002   0.207  -0.714  -0.507
ASP02B4157_003   0.317  -0.717  -0.399
ASP02B4157_004   0.317  -0.717  -0.399
ASP-1B4157_005   0.202  -0.680  -0.478
PRO01B4158_001   0.308  -6.713  -6.406
ARG01B4159_001   3.602  -4.378  -0.776
ARG02B4159_002   3.525  -4.378  -0.853
ARG02B4159_003   3.531  -4.378  -0.847
ARG03B4159_004   3.530  -4.378  -0.848
ARG+1B4159_005   3.486  -4.378  -0.892
LEU01B4160_001   2.821   0.000   2.821
ARG01B4161_001   1.585  -6.756  -5.171
ARG02B4161_002   1.544  -6.756  -5.212
ARG02B4161_003   1.600  -6.756  -5.156
ARG03B4161_004   1.540  -6.756  -5.216
ARG03B4161_005   1.546  -6.756  -5.210
ARG+1B4161_006   1.501  -6.756  -5.254
ASN01B4162_001   0.303  -1.865  -1.562
ASN01B4162_002   0.080  -1.752  -1.673
PHE01B4163_001   5.077  -0.203   4.874
LEU01B4164_001   2.361  -2.608  -0.247
GLU01B4165_001   8.138  -3.010   5.128
GLU01B4165_002   8.138  -3.010   5.128
GLU02B4165_003   6.561  -3.003   3.559
GLU02B4165_004   6.561  -3.003   3.559
GLU-1B4165_005   6.493  -2.902   3.591
LEU01B4166_001   5.630  -0.995   4.635
ALA01B4167_001   0.000   0.000   0.000
GLU01B4168_001   1.348  -2.355  -1.008
GLU01B4168_002   1.348  -2.355  -1.008
GLU02B4168_003   1.225  -2.479  -1.254
GLU02B4168_004   1.225  -2.479  -1.254
GLU-1B4168_005   1.075  -2.441  -1.366
SER01B4169_001   0.000  -1.547  -1.547
SER01B4169_002   0.000  -1.547  -1.547
SER01B4169_003   0.000  -1.547  -1.547
ILE01B4170_001   2.787  -0.103   2.684
LEU01B4171_001   2.319  -0.927   1.392
GLU01B4172_001   3.073  -2.791   0.282
GLU01B4172_002   3.073  -2.791   0.282
GLU02B4172_003   2.599  -2.816  -0.217
GLU02B4172_004   2.599  -2.816  -0.217
GLU-1B4172_005   2.454  -2.703  -0.249
TYR01B4173_001   5.685  -4.422   1.263
TYR01B4173_002   5.685  -4.422   1.263
TYR-1B4173_003   5.685  -4.422   1.263
PHE01B4174_001   6.345  -0.118   6.226
ARG01B4175_001   4.590  -6.574  -1.984
ARG02B4175_002   4.516  -6.574  -2.058
ARG03B4175_003   4.579  -6.574  -1.995
ARG+1B4175_004   4.473  -6.574  -2.101
PRO01B4176_001   0.631  -4.130  -3.499
TYR01B4177_001   6.097  -2.048   4.048
TYR01B4177_002   6.097  -2.048   4.048
TYR-1B4177_003   6.097  -2.048   4.048
LEU01B4178_001   2.950  -0.309   2.641
ARG01B4180_001   4.557  -1.131   3.426
ARG02B4180_002   4.485  -1.131   3.355
ARG02B4180_003   4.546  -1.131   3.415
ARG03B4180_004   4.479  -1.131   3.348
ARG03B4180_005   4.485  -1.131   3.354
ARG+1B4180_006   4.440  -1.131   3.309
ILE01B4181_001   6.997  -0.052   6.946
GLU01B4182_001   3.885   0.000   3.885
GLU01B4182_002   3.885   0.000   3.885
GLU02B4182_003   3.169   0.000   3.169
GLU02B4182_004   3.169   0.000   3.169
GLU-1B4182_005   3.070   0.000   3.070
ILE01B4183_001   3.061  -0.206   2.855
MET01B4184_001   1.030  -2.989  -1.958
ALA01B4186_001   0.000  -2.830  -2.830
SER01B4187_001   0.000  -1.047  -1.047
SER01B4187_002   0.000  -1.047  -1.047
SER01B4187_003   0.000  -1.047  -1.047
ARG01B4188_001   3.994 -11.900  -7.906
ARG02B4188_002   4.062 -11.900  -7.838
ARG03B4188_003   3.968 -11.900  -7.932
ARG+1B4188_004   3.928 -11.900  -7.972
ARG01B4189_001   4.107  -3.890   0.218
ARG02B4189_002   4.176  -3.890   0.287
ARG03B4189_003   4.086  -3.890   0.196
ARG+1B4189_004   4.042  -3.890   0.153
ILE01B4190_001   5.082  -0.258   4.824
GLU01B4191_001   5.381  -0.176   5.205
GLU01B4191_002   5.381  -0.176   5.205
GLU02B4191_003   4.295  -0.178   4.118
GLU02B4191_004   4.295  -0.178   4.118
GLU-1B4191_005   4.228  -0.172   4.056
ARG01B4192_001  15.100  -0.064  15.036
ARG02B4192_002  15.049  -0.064  14.985
ARG02B4192_003  15.056  -0.064  14.992
ARG03B4192_004  15.057  -0.064  14.993
ARG03B4192_005  15.101  -0.064  15.036
ARG+1B4192_006  15.008  -0.064  14.944
ILE01B4193_001   2.233  -0.824   1.409
TYR01B4194_001   6.174  -0.463   5.712
TYR01B4194_002   6.174  -0.463   5.712
TYR-1B4194_003   6.174  -0.463   5.712
PHE01B4195_001   6.825   0.000   6.825
GLU01B4196_001   2.300  -1.045   1.256
GLU01B4196_002   2.300  -1.045   1.256
GLU02B4196_003   2.059  -0.997   1.063
GLU02B4196_004   2.059  -0.997   1.063
GLU-1B4196_005   1.903  -1.020   0.883
ILE01B4197_001   2.673  -0.052   2.621
SER01B4198_001   0.000  -1.801  -1.801
SER01B4198_002   0.000  -1.801  -1.801
GLU01B4199_001   1.929  -2.664  -0.735
GLU01B4199_002   1.929  -2.664  -0.735
GLU02B4199_003   1.564  -2.580  -1.016
GLU02B4199_004   1.564  -2.580  -1.016
GLU-1B4199_005   1.490  -2.575  -1.085
THR01B4200_001   0.350  -4.582  -4.232
ASN01B4201_001   0.176  -1.053  -0.877
ASN01B4201_002   0.413  -0.989  -0.576
ARG01B4202_001   4.284  -4.806  -0.522
ARG02B4202_002   4.232  -4.806  -0.574
ARG03B4202_003   4.231  -4.806  -0.575
ARG+1B4202_004   4.185  -4.806  -0.622
ALA01B4203_001   0.000  -2.762  -2.762
GLN01B4204_001   2.315  -0.621   1.695
GLN01B4204_002   3.890  -0.834   3.056
TRP01B4205_001   4.514  -1.602   2.911
GLU01B4206_001   2.217  -2.054   0.163
GLU01B4206_002   2.217  -2.054   0.163
GLU02B4206_003   1.821  -1.996  -0.175
GLU02B4206_004   1.821  -1.996  -0.175
GLU-1B4206_005   1.727  -2.002  -0.275
MET01B4207_001  11.978  -3.743   8.235
PRO01B4208_001   0.307  -7.295  -6.987
GLN01B4209_001   1.669  -1.048   0.621
GLN01B4209_002   1.336  -1.062   0.273
VAL01B4210_001   0.708   0.000   0.708
LYS01B4211_001   1.507  -4.686  -3.179
LYS+1B4211_002   1.459  -4.686  -3.227
GLU01B4212_001   1.903  -2.646  -0.744
GLU01B4212_002   1.903  -2.646  -0.744
GLU02B4212_003   1.578  -2.586  -1.009
GLU02B4212_004   1.578  -2.586  -1.009
GLU-1B4212_005   1.484  -2.489  -1.005
SER01B4213_001   0.000  -1.739  -1.739
SER01B4213_002   0.000  -1.739  -1.739
SER01B4213_003   0.000  -1.739  -1.739
LYS01B4214_001   3.170  -2.326   0.844
LYS+1B4214_002   3.095  -2.326   0.770
ARG01B4215_001   5.554  -7.499  -1.945
ARG02B4215_002   5.607  -7.499  -1.892
ARG03B4215_003   5.503  -7.499  -1.996
ARG+1B4215_004   5.463  -7.499  -2.036
GLN01B4216_001   9.790  -2.514   7.277
PHE01B4217_001   6.935  -0.759   6.176
ILE01B4218_001   3.065  -1.442   1.622
PHE01B4219_001   5.372  -4.056   1.315
ASP01B4220_001   0.100  -1.348  -1.248
ASP01B4220_002   0.100  -1.348  -1.248
ASP02B4220_003   0.167  -1.359  -1.192
ASP02B4220_004   0.167  -1.359  -1.192
ASP-1B4220_005   0.091  -1.335  -1.244
VAL01B4221_001   1.226  -0.222   1.004
VAL01B4222_001   1.672  -0.824   0.848
ASN01B4223_001   0.159  -1.905  -1.745
ASN01B4223_002  -0.000  -1.890  -1.890
GLU01B4224_001   1.488  -3.299  -1.810
GLU01B4224_002   1.488  -3.299  -1.810
GLU02B4224_003   1.342  -3.273  -1.931
GLU02B4224_004   1.342  -3.273  -1.931
GLU-1B4224_005   1.190  -3.195  -2.005
GLU01B4227_001   0.528  -3.972  -3.444
GLU01B4227_002   0.528  -3.972  -3.444
GLU02B4227_003   0.458  -4.208  -3.749
GLU02B4227_004   0.458  -4.208  -3.749
GLU-1B4227_005   0.377  -3.944  -3.567
ALA01B4228_001   0.000  -2.334  -2.334
GLU01B4229_001   2.258  -2.691  -0.433
GLU01B4229_002   2.258  -2.691  -0.433
GLU02B4229_003   2.035  -2.714  -0.679
GLU02B4229_004   2.035  -2.714  -0.679
GLU-1B4229_005   1.836  -2.692  -0.856
LYS01B4230_001   1.256  -4.246  -2.991
LYS+1B4230_002   1.208  -4.246  -3.039
MET01B4231_001   0.141  -0.452  -0.310
GLU01B4232_001   1.928  -0.895   1.033
GLU01B4232_002   1.928  -0.895   1.033
GLU02B4232_003   1.708  -0.697   1.012
GLU02B4232_004   1.708  -0.697   1.012
GLU-1B4232_005   1.557  -0.752   0.805
LEU01B4233_001   2.358  -2.679  -0.320
PHE01B4234_001   6.629  -0.404   6.225
VAL01B4235_001   1.168  -0.052   1.116
SER01B4236_001   0.000  -2.415  -2.415
SER01B4236_002   0.000  -2.415  -2.415
PHE01B4237_001   6.438  -1.214   5.224
CYS01B4238_001  -0.002  -0.214  -0.216
CYS01B4238_002  -0.002  -0.214  -0.216
CYS01B4238_003  -0.002  -0.214  -0.217
CYS-1B4238_004   0.000  -0.214  -0.214
GLU01B4239_001   3.023  -0.034   2.989
GLU01B4239_002   3.023  -0.034   2.989
GLU02B4239_003   2.432  -0.036   2.396
GLU02B4239_004   2.432  -0.036   2.396
GLU-1B4239_005   2.354  -0.034   2.319
ASP01B4240_001   0.165  -0.655  -0.489
ASP01B4240_002   0.165  -0.655  -0.489
ASP02B4240_003   0.261  -0.761  -0.500
ASP02B4240_004   0.261  -0.761  -0.500
ASP-1B4240_005   0.159  -0.655  -0.496
THR01B4241_001   0.395  -0.052   0.344
THR01B4241_002   0.395  -0.052   0.344
ILE01B4242_001   4.716  -0.924   3.792
PHE01B4243_001   5.610  -1.111   4.499
GLU01B4244_001   2.262  -0.212   2.050
GLU01B4244_002   2.262  -0.212   2.050
GLU02B4244_003   1.780  -0.212   1.568
GLU02B4244_004   1.780  -0.212   1.568
GLU-1B4244_005   1.724  -0.207   1.517
MET01B4245_001   0.119  -0.464  -0.345
GLN01B4246_001   1.249  -2.476  -1.227
ILE01B4247_001   1.357  -1.372  -0.014
ALA01B4248_001   0.000  -0.274  -0.274
ALA01B4249_001   0.000  -2.692  -2.692
GLN01B4250_001   2.883  -2.057   0.827
GLN01B4250_002   4.597  -2.168   2.429
ILE01B4251_001   3.288  -1.854   1.433
SER01B4252_001   0.000  -3.183  -3.183
GLU01B4253_001   0.499  -3.654  -3.155
GLU01B4253_002   0.499  -3.654  -3.155
GLU02B4253_003   0.666  -3.527  -2.861
GLU02B4253_004   0.666  -3.527  -2.861
GLU-1B4253_005   0.468  -3.471  -3.003
CTR01B4253_001  -0.021  -5.000  -5.021
CTR01B4253_002   0.106  -5.078  -4.972
CTR02B4253_003  -0.022  -4.904  -4.926
CTR02B4253_004   0.041  -5.116  -5.075
CTR-1B4253_005   0.000  -4.904  -4.904
NTR01B4540_001  -0.003  -1.650  -1.653
NTR+1B4540_002  -0.005  -1.650  -1.655
PHE01B4540_001   2.034  -2.629  -0.595
TRP01B4541_001   0.646 -14.474 -13.828
GLU01B4543_001   0.500  -3.536  -3.035
GLU01B4543_002   0.500  -3.536  -3.035
GLU02B4543_003   0.667  -3.501  -2.834
GLU02B4543_004   0.667  -3.501  -2.834
GLU-1B4543_005   0.469  -3.446  -2.976
LEU01B4544_001   1.460  -5.235  -3.775
GLU01B4545_001   0.499  -1.704  -1.206
GLU01B4545_002   0.499  -1.704  -1.206
GLU02B4545_003   0.665  -1.641  -0.976
GLU02B4545_004   0.665  -1.641  -0.976
GLU-1B4545_005   0.467  -1.615  -1.148
VAL01B4546_001   0.864  -5.814  -4.950
GLN01B4547_001   0.734  -2.759  -2.025
GLN01B4547_002   0.931  -2.766  -1.835
ARG01B4548_001   8.856  -7.553   1.303
ARG02B4548_002   8.795  -7.553   1.242
ARG03B4548_003   8.799  -7.553   1.246
ARG+1B4548_004   8.750  -7.553   1.197
VAL01B4549_001   1.116  -3.896  -2.780
LYS01B4550_001   3.800  -4.190  -0.390
LYS+1B4550_002   3.706  -4.190  -0.484
PHE01B4551_001   4.565  -7.505  -2.940
LEU01B4552_001   4.281  -2.163   2.117
ASN01B4553_001   0.390  -0.906  -0.516
ASN01B4553_002   0.553  -0.930  -0.377
TYR01B4554_001   5.160  -6.206  -1.046
TYR-1B4554_002   5.160  -6.206  -1.046
LEU01B4555_001   1.574  -0.361   1.214
SER01B4556_001   0.000   0.000   0.000
ARG01B4557_001   3.904  -3.983  -0.080
ARG02B4557_002   3.867  -3.983  -0.117
ARG03B4557_003   3.920  -3.983  -0.063
ARG+1B4557_004   3.821  -3.983  -0.162
ASN01B4558_001   0.275  -1.389  -1.114
PHE01B4559_001   5.676  -0.202   5.474
TYR01B4560_001   5.437  -7.103  -1.666
TYR01B4560_002   5.437  -7.103  -1.666
TYR-1B4560_003   5.437  -7.103  -1.666
THR01B4561_001   0.357  -4.060  -3.704
LEU01B4562_001   2.461  -1.165   1.296
ARG01B4563_001   3.964  -3.384   0.579
ARG02B4563_002   3.939  -3.384   0.555
ARG03B4563_003   3.945  -3.384   0.561
ARG+1B4563_004   3.895  -3.384   0.511
PHE01B4564_001   5.653  -7.227  -1.574
LEU01B4565_001   2.194  -4.890  -2.696
ALA01B4566_001   0.000  -0.155  -0.155
LEU01B4567_001   1.208  -2.318  -1.110
PHE01B4568_001   4.963  -8.041  -3.078
LEU01B4569_001   5.383  -0.464   4.920
ALA01B4570_001   0.000   0.000   0.000
PHE01B4571_001   4.383  -6.922  -2.539
ALA01B4572_001   0.000  -2.453  -2.453
ILE01B4573_001   2.263   0.000   2.263
ASN01B4574_001   0.436  -0.212   0.224
ASN01B4574_002   0.207  -0.222  -0.015
PHE01B4575_001   5.239  -8.783  -3.543
ILE01B4576_001   5.194  -0.753   4.441
LEU01B4577_001   3.067  -2.968   0.098
LEU01B4578_001   4.677  -7.878  -3.201
PHE01B4579_001   4.834  -3.099   1.734
TYR01B4580_001   5.300  -2.295   3.005
TYR-1B4580_002   5.300  -2.295   3.005
LYS01B4581_001   2.927  -5.859  -2.933
LYS+1B4581_002   2.878  -5.859  -2.981
VAL01B4582_001   0.545  -6.040  -5.495
SER01B4583_001   0.000  -0.683  -0.683
SER01B4583_002   0.000  -0.683  -0.683
ASP01B4584_001  -0.040  -3.421  -3.460
ASP01B4584_002  -0.040  -3.421  -3.460
ASP02B4584_003  -0.009  -3.523  -3.531
ASP02B4584_004  -0.009  -3.523  -3.531
ASP-1B4584_005  -0.040  -3.424  -3.464
SER01B4585_001   0.000  -4.144  -4.144
SER01B4585_002   0.000  -4.144  -4.144
PRO01B4586_001   0.329  -3.965  -3.636
PRO01B4587_001   0.279  -4.022  -3.743
CTR01B4587_001  -0.021  -4.730  -4.751
CTR01B4587_002   0.095  -4.692  -4.597
CTR02B4587_003  -0.022  -4.653  -4.675
CTR02B4587_004   0.035  -4.711  -4.676
CTR-1B4587_005   0.000  -4.691  -4.691
NTR01B4626_001  -0.003  -3.198  -3.201
NTR+1B4626_002  -0.005  -3.198  -3.203
ASN01B4626_001  -0.020  -2.875  -2.895
MET01B4627_001   0.142  -4.693  -4.551
VAL01B4628_001   0.637  -2.949  -2.312
TYR01B4629_001   4.946  -8.357  -3.412
TYR-1B4629_002   4.946  -8.357  -3.412
TYR01B4630_001   4.919  -3.561   1.358
TYR-1B4630_002   4.919  -3.561   1.358
PHE01B4631_001   5.495  -3.785   1.709
LEU01B4632_001   3.273  -3.567  -0.294
GLU01B4633_001   4.754  -2.248   2.506
GLU01B4633_002   4.754  -2.248   2.506
GLU02B4633_003   3.833  -2.270   1.563
GLU02B4633_004   3.833  -2.270   1.563
GLU-1B4633_005   3.763  -2.184   1.579
GLU01B4634_001   1.280  -1.754  -0.474
GLU01B4634_002   1.280  -1.754  -0.474
GLU02B4634_003   1.005  -1.629  -0.624
GLU02B4634_004   1.005  -1.629  -0.624
GLU-1B4634_005   0.948  -1.580  -0.633
SER01B4635_001   0.000  -5.544  -5.544
THR01B4636_001   0.203  -1.046  -0.844
THR01B4636_002   0.203  -1.046  -0.844
TYR01B4638_001   4.579  -9.323  -4.744
TYR-1B4638_002   4.579  -9.323  -4.744
MET01B4639_001 203.976   0.000 203.976
GLU01B4640_001   2.436  -2.258   0.178
GLU01B4640_002   2.436  -2.258   0.178
GLU02B4640_003   2.029  -2.332  -0.303
GLU02B4640_004   2.029  -2.332  -0.303
GLU-1B4640_005   1.918  -2.317  -0.399
PRO01B4641_001   0.285  -6.532  -6.246
ALA01B4642_001   0.000  -1.854  -1.854
LEU01B4643_001   3.070  -0.943   2.126
TRP01B4644_001   3.020 -10.466  -7.446
CYS01B4645_001  -0.002  -3.952  -3.954
CYS01B4645_002  -0.002  -3.952  -3.954
CYS01B4645_003  -0.003  -3.952  -3.954
CYS-1B4645_004   0.000  -3.952  -3.952
LEU01B4646_001   1.407  -2.988  -1.580
SER01B4647_001   0.000   0.000   0.000
SER01B4647_002   0.000   0.000   0.000
SER01B4647_003   0.000   0.000   0.000
LEU01B4648_001   2.233  -4.446  -2.213
LEU01B4649_001   2.390  -3.297  -0.907
HIS01B4650_001  -0.093   0.000  -0.093
HIS02B4650_002  -0.114   0.000  -0.114
HIS+1B4650_003  -0.141   0.000  -0.141
THR01B4651_001   0.295  -0.773  -0.477
THR01B4651_002   0.295  -0.773  -0.477
LEU01B4652_001   4.051  -5.148  -1.097
VAL01B4653_001   0.749  -0.412   0.337
ALA01B4654_001   0.000   0.000   0.000
PHE01B4655_001   4.629  -8.284  -3.655
LEU01B4656_001   2.505  -2.762  -0.258
CYS01B4657_001  -0.002  -0.071  -0.073
CYS01B4657_002  -0.002  -0.071  -0.073
CYS01B4657_003  -0.002  -0.071  -0.074
CYS-1B4657_004   0.000  -0.071  -0.071
ILE01B4658_001   2.727  -2.315   0.412
ILE01B4659_001   5.512  -3.738   1.774
TYR01B4661_001   5.023  -0.792   4.231
TYR01B4661_002   5.023  -0.792   4.231
TYR-1B4661_003   5.023  -0.792   4.231
ASN01B4662_001   0.311  -1.467  -1.156
ASN01B4662_002   0.094  -1.344  -1.250
CYS01B4663_001  -0.002  -0.883  -0.885
CYS01B4663_002  -0.002  -0.883  -0.885
CYS01B4663_003  -0.003  -0.883  -0.886
CYS-1B4663_004   0.000  -0.883  -0.883
LEU01B4664_001   1.552  -0.824   0.727
LYS01B4665_001   4.055  -3.995   0.060
LYS+1B4665_002   4.013  -3.995   0.018
VAL01B4666_001   0.376   0.000   0.376
PRO01B4667_001   0.280  -2.121  -1.841
LEU01B4668_001   2.530  -1.062   1.467
VAL01B4669_001   0.515  -1.867  -1.352
ILE01B4670_001   2.072  -0.515   1.557
PHE01B4671_001   5.896  -0.101   5.795
LYS01B4672_001   1.579  -4.464  -2.885
LYS+1B4672_002   1.535  -4.464  -2.929
ARG01B4673_001   3.441  -1.054   2.388
ARG02B4673_002   3.406  -1.054   2.352
ARG03B4673_003   3.415  -1.054   2.361
ARG03B4673_004   3.450  -1.054   2.397
ARG+1B4673_005   3.367  -1.054   2.313
GLU01B4674_001   4.187   0.000   4.187
GLU01B4674_002   4.187   0.000   4.187
GLU02B4674_003   3.485   0.000   3.485
GLU02B4674_004   3.485   0.000   3.485
GLU-1B4674_005   3.378   0.000   3.378
LYS01B4675_001   1.187  -0.583   0.604
LYS+1B4675_002   1.145  -0.583   0.562
GLU01B4676_001   7.680  -1.439   6.241
GLU01B4676_002   7.680  -1.439   6.241
GLU02B4676_003   6.182  -1.442   4.740
GLU02B4676_004   6.182  -1.442   4.740
GLU-1B4676_005   6.103  -1.430   4.674
LEU01B4677_001   1.648  -0.206   1.442
ALA01B4678_001   0.000  -0.103  -0.103
ARG01B4679_001   1.676  -2.498  -0.822
ARG02B4679_002   1.659  -2.498  -0.839
ARG02B4679_003   1.726  -2.498  -0.772
ARG03B4679_004   1.652  -2.498  -0.846
ARG03B4679_005   1.656  -2.498  -0.842
ARG+1B4679_006   1.613  -2.498  -0.885
LYS01B4680_001   1.451  -4.303  -2.851
LYS+1B4680_002   1.403  -4.303  -2.900
LEU01B4681_001   1.390   0.000   1.390
GLU01B4682_001   2.716  -0.691   2.025
GLU01B4682_002   2.716  -0.691   2.025
GLU02B4682_003   2.230  -0.808   1.422
GLU02B4682_004   2.230  -0.808   1.422
GLU-1B4682_005   2.128  -0.702   1.426
PHE01B4683_001   6.070  -4.319   1.752
ASP01B4684_001   0.428  -2.040  -1.612
ASP01B4684_002   0.428  -2.040  -1.612
ASP02B4684_003   0.561  -2.041  -1.480
ASP02B4684_004   0.561  -2.041  -1.480
ASP-1B4684_005   0.406  -1.977  -1.571
LEU01B4686_001   1.817  -2.283  -0.466
TYR01B4687_001   4.947  -0.258   4.690
TYR-1B4687_002   4.947  -0.258   4.690
ILE01B4688_001   1.898   0.000   1.898
THR01B4689_001   0.186  -3.914  -3.728
GLU01B4690_001   3.869  -2.903   0.966
GLU01B4690_002   3.869  -2.903   0.966
GLU02B4690_003   3.131  -2.979   0.151
GLU02B4690_004   3.131  -2.979   0.151
GLU-1B4690_005   3.047  -2.890   0.157
GLN01B4691_001   0.766  -2.754  -1.988
GLN01B4691_002   0.943  -2.796  -1.853
PRO01B4692_001   0.411  -0.601  -0.190
ASP01B4694_001   0.111  -3.124  -3.014
ASP01B4694_002   0.111  -3.124  -3.014
ASP02B4694_003   0.185  -3.099  -2.915
ASP02B4694_004   0.185  -3.099  -2.915
ASP-1B4694_005   0.104  -2.972  -2.868
ASP01B4695_001   0.144  -3.068  -2.924
ASP01B4695_002   0.144  -3.068  -2.924
ASP02B4695_003   0.222  -3.207  -2.984
ASP02B4695_004   0.222  -3.207  -2.984
ASP-1B4695_005   0.134  -3.075  -2.941
ASP01B4696_001   0.196  -2.634  -2.439
ASP01B4696_002   0.196  -2.634  -2.439
ASP02B4696_003   0.287  -2.566  -2.279
ASP02B4696_004   0.287  -2.566  -2.279
ASP-1B4696_005   0.185  -2.524  -2.339
VAL01B4697_001   1.116  -6.674  -5.558
LYS01B4698_001   3.066  -5.346  -2.280
LYS+1B4698_002   3.015  -5.346  -2.330
GLN01B4700_001   1.393  -2.003  -0.610
GLN01B4700_002   1.122  -1.958  -0.837
TRP01B4701_001   4.039  -5.029  -0.991
ASP01B4702_001   0.319  -0.034   0.284
ASP01B4702_002   0.319  -0.034   0.284
ASP02B4702_003   0.441  -0.036   0.405
ASP02B4702_004   0.441  -0.036   0.405
ASP-1B4702_005   0.306  -0.034   0.271
ARG01B4703_001  32.017  -5.073  26.944
ARG02B4703_002  31.946  -5.073  26.873
ARG03B4703_003  31.953  -5.073  26.881
ARG+1B4703_004  31.904  -5.073  26.832
LEU01B4704_001   8.568  -1.906   6.662
VAL01B4705_001   1.062   0.000   1.062
LEU01B4706_001   1.816  -0.155   1.661
ASN01B4707_001   0.683  -1.127  -0.444
THR01B4708_001   0.251   0.000   0.251
THR01B4708_002   0.251   0.000   0.251
PRO01B4709_001   0.321  -4.832  -4.511
SER01B4710_001   0.000  -1.926  -1.926
SER01B4710_002   0.000  -1.926  -1.926
PHE01B4711_001   5.555   0.000   5.555
PRO01B4712_001   0.385  -0.254   0.131
SER01B4713_001   0.000  -1.980  -1.980
SER01B4713_002   0.000  -1.980  -1.980
SER01B4713_003   0.000  -1.980  -1.980
ASN01B4714_001   0.288  -0.620  -0.332
ASN01B4714_002   0.072  -0.733  -0.661
TYR01B4715_001   5.517  -0.713   4.804
TYR01B4715_002   5.517  -0.713   4.804
TYR-1B4715_003   5.517  -0.713   4.804
TRP01B4716_001   4.472  -1.875   2.597
ASP01B4717_001   0.423  -0.578  -0.155
ASP01B4717_002   0.423  -0.578  -0.155
ASP02B4717_003   0.495  -0.658  -0.163
ASP02B4717_004   0.495  -0.658  -0.163
ASP-1B4717_005   0.374  -0.620  -0.246
LYS01B4718_001   0.624  -3.424  -2.800
LYS+1B4718_002   0.582  -3.424  -2.842
PHE01B4719_001   4.972  -2.762   2.210
VAL01B4720_001   0.935  -0.052   0.883
LYS01B4721_001   0.974  -0.811   0.163
LYS+1B4721_002   0.930  -0.811   0.119
ARG01B4722_001   7.935  -4.173   3.762
ARG02B4722_002   7.881  -4.173   3.709
ARG03B4722_003   7.987  -4.173   3.814
ARG+1B4722_004   7.841  -4.173   3.668
LYS01B4723_001   1.336  -5.009  -3.673
LYS+1B4723_002   1.290  -5.009  -3.719
VAL01B4724_001   0.858   0.000   0.858
LEU01B4725_001   2.455  -0.258   2.198
ASP01B4726_001   0.252  -2.880  -2.628
ASP01B4726_002   0.252  -2.880  -2.628
ASP02B4726_003   0.374  -2.880  -2.507
ASP02B4726_004   0.374  -2.880  -2.507
ASP-1B4726_005   0.247  -2.774  -2.527
LYS01B4727_001   1.591  -4.765  -3.173
LYS+1B4727_002   1.544  -4.765  -3.220
HIS01B4728_001  -0.094  -0.865  -0.959
HIS01B4728_002  -0.039  -0.941  -0.980
HIS02B4728_003  -0.114  -0.865  -0.979
HIS02B4728_004  -0.052  -0.941  -0.993
HIS+1B4728_005  -0.141  -0.865  -1.006
HIS+1B4728_006  -0.079  -0.941  -1.020
ASP01B4730_001   0.099  -3.199  -3.100
ASP01B4730_002   0.099  -3.199  -3.100
ASP02B4730_003   0.178  -3.059  -2.881
ASP02B4730_004   0.178  -3.059  -2.881
ASP-1B4730_005   0.095  -3.032  -2.937
ILE01B4731_001   2.547  -6.980  -4.433
PHE01B4732_001   5.028  -2.901   2.127
ARG01B4734_001   2.679  -7.504  -4.825
ARG02B4734_002   2.658  -7.504  -4.846
ARG03B4734_003   2.747  -7.504  -4.757
ARG+1B4734_004   2.615  -7.504  -4.889
GLU01B4735_001   3.906  -3.047   0.858
GLU01B4735_002   3.906  -3.047   0.858
GLU02B4735_003   3.128  -3.011   0.118
GLU02B4735_004   3.128  -3.011   0.118
GLU-1B4735_005   3.057  -2.884   0.173
ARG01B4736_001   4.099  -8.463  -4.364
ARG02B4736_002   4.063  -8.463  -4.400
ARG03B4736_003   4.074  -8.463  -4.389
ARG+1B4736_004   4.022  -8.463  -4.441
ILE01B4737_001   2.636   0.000   2.636
ALA01B4738_001   0.000  -0.103  -0.103
GLU01B4739_001   6.013  -2.760   3.253
GLU01B4739_002   6.013  -2.760   3.253
GLU02B4739_003   4.863  -2.814   2.048
GLU02B4739_004   4.863  -2.814   2.048
GLU-1B4739_005   4.781  -2.759   2.022
LEU01B4740_001   3.452  -2.505   0.947
LEU01B4741_001   2.430   0.000   2.430
MET01B4743_001   4.279  -0.575   3.704
ASP01B4744_001  -0.040  -2.520  -2.560
ASP01B4744_002  -0.040  -2.520  -2.560
ASP02B4744_003  -0.009  -2.590  -2.599
ASP02B4744_004  -0.009  -2.590  -2.599
ASP-1B4744_005  -0.041  -2.450  -2.491
LEU01B4745_001   1.460  -5.592  -4.132
ALA01B4746_001   0.000  -0.927  -0.927
SER01B4747_001   0.000  -1.281  -1.281
SER01B4747_002   0.000  -1.281  -1.281
LEU01B4748_001   1.456  -5.714  -4.258
GLU01B4749_001   0.501  -2.809  -2.308
GLU01B4749_002   0.501  -2.809  -2.308
GLU02B4749_003   0.668  -2.786  -2.119
GLU02B4749_004   0.668  -2.786  -2.119
GLU-1B4749_005   0.470  -2.808  -2.338
ILE01B4750_001   0.943  -1.339  -0.396
THR01B4751_001   0.152  -4.890  -4.738
THR01B4751_002   0.152  -4.890  -4.738
ALA01B4752_001   0.000  -2.592  -2.592
HIS01B4753_001  -0.354  -4.065  -4.419
HIS02B4753_002  -0.363  -4.065  -4.428
HIS+1B4753_003  -0.383  -4.065  -4.448
ASN01B4754_001  -0.020  -1.155  -1.174
ASN01B4754_002  -0.090  -0.971  -1.061
GLU01B4755_001   0.499  -2.344  -1.844
GLU01B4755_002   0.499  -2.344  -1.844
GLU02B4755_003   0.665  -2.314  -1.649
GLU02B4755_004   0.665  -2.314  -1.649
GLU-1B4755_005   0.468  -2.321  -1.854
ARG01B4756_0011192.071  -6.4651185.606
ARG02B4756_0021192.054  -6.4651185.589
ARG03B4756_0031192.086  -6.4651185.622
ARG03B4756_004 191.127  -6.465 184.662
ARG+1B4756_0051192.020  -6.4651185.555
LYS01B4757_001   3.782  -5.494  -1.712
LYS+1B4757_002   3.688  -5.494  -1.807
PRO01B4758_001   0.236  -6.289  -6.052
ASP01B4759_001  -0.040  -3.143  -3.183
ASP01B4759_002  -0.040  -3.143  -3.183
ASP02B4759_003  -0.009  -3.258  -3.267
ASP02B4759_004  -0.009  -3.258  -3.267
ASP-1B4759_005  -0.041  -3.023  -3.064
PRO01B4760_001   0.285  -6.613  -6.328
PRO01B4761_001   0.255  -7.059  -6.804
PRO01B4762_001   0.229  -5.761  -5.532
LEU01B4764_001   1.457  -3.689  -2.233
LEU01B4765_001   1.456  -2.318  -0.862
THR01B4766_001   0.195  -5.753  -5.558
THR01B4766_002   0.195  -5.753  -5.558
TRP01B4767_001   3.315  -6.761  -3.445
LEU01B4768_001   2.662  -4.977  -2.316
MET01B4769_001   0.770  -8.781  -8.011
SER01B4770_001   0.000  -3.473  -3.473
ILE01B4771_001   6.564  -4.137   2.427
ASP01B4772_001   0.083  -1.618  -1.535
ASP01B4772_002   0.083  -1.618  -1.535
ASP02B4772_003   0.151  -1.637  -1.487
ASP02B4772_004   0.151  -1.637  -1.487
ASP-1B4772_005   0.076  -1.551  -1.474
VAL01B4773_001   0.568  -6.519  -5.952
LYS01B4774_001   1.976  -6.717  -4.740
LYS+1B4774_002   1.931  -6.717  -4.786
TYR01B4775_001   5.131  -0.404   4.727
TYR-1B4775_002   5.131  -0.404   4.727
GLN01B4776_001   1.064  -1.041   0.023
GLN01B4776_002   0.940  -0.929   0.011
ILE01B4777_001   3.257  -5.267  -2.010
TRP01B4778_001   4.796   0.000   4.796
LYS01B4779_001   0.847  -2.947  -2.100
LYS+1B4779_002   0.801  -2.947  -2.146
PHE01B4780_001   4.739  -5.731  -0.993
VAL01B4782_001   1.770  -0.052   1.718
ILE01B4783_001   3.356  -0.309   3.047
PHE01B4784_001   4.694  -6.980  -2.286
THR01B4785_001   0.329  -3.542  -3.213
THR01B4785_002   0.329  -3.542  -3.213
ASP01B4786_001   0.350  -0.978  -0.628
ASP01B4786_002   0.350  -0.978  -0.628
ASP02B4786_003   0.378  -0.979  -0.601
ASP02B4786_004   0.378  -0.979  -0.601
ASP-1B4786_005   0.291  -0.943  -0.652
ASN01B4787_001   0.393  -3.588  -3.194
ASN01B4787_002   0.542  -3.741  -3.199
SER01B4788_001   0.000  -3.174  -3.174
SER01B4788_002   0.000  -3.174  -3.174
PHE01B4789_001   6.254  -2.241   4.013
LEU01B4790_001   2.018  -5.402  -3.384
TYR01B4791_001   6.079  -2.739   3.339
TYR01B4791_002   6.079  -2.739   3.339
TYR-1B4791_003   6.079  -2.739   3.339
LEU01B4792_001   2.888  -0.361   2.528
TRP01B4794_001   4.209  -7.997  -3.788
TYR01B4795_001   6.340  -0.246   6.094
TYR01B4795_002   6.340  -0.246   6.094
TYR-1B4795_003   6.340  -0.246   6.094
MET01B4796_001  18.950  -1.307  17.643
VAL01B4797_001   0.674  -4.549  -3.875
MET01B4798_001  -0.010  -1.293  -1.303
SER01B4799_001   0.000   0.000   0.000
SER01B4799_002   0.000   0.000   0.000
SER01B4799_003   0.000   0.000   0.000
LEU01B4800_001   1.939  -6.317  -4.377
LEU01B4801_001   2.416  -3.294  -0.878
HIS01B4803_001  -0.211  -3.255  -3.466
HIS01B4803_002  -0.169  -3.198  -3.367
HIS02B4803_003  -0.228  -3.255  -3.483
HIS02B4803_004  -0.183  -3.198  -3.381
HIS+1B4803_005  -0.255  -3.255  -3.510
HIS+1B4803_006  -0.209  -3.198  -3.407
TYR01B4804_001   4.618  -9.476  -4.857
TYR-1B4804_002   4.618  -9.476  -4.857
ASN01B4805_001   0.140  -1.628  -1.488
ASN01B4806_001   0.573  -1.659  -1.086
ASN01B4806_002   0.332  -1.659  -1.327
PHE01B4807_001   5.057 -10.178  -5.122
PHE01B4808_001   5.754  -3.554   2.200
PHE01B4809_001   4.970  -0.253   4.718
ALA01B4810_001   0.000  -1.098  -1.098
ALA01B4811_001   0.000  -0.361  -0.361
HIS01B4812_001  -0.257   0.000  -0.257
HIS02B4812_002  -0.277   0.000  -0.277
HIS+1B4812_003  -0.304   0.000  -0.304
LEU01B4813_001   3.079  -3.432  -0.353
LEU01B4814_001   1.241  -6.194  -4.953
ASP01B4815_001   0.197  -0.225  -0.028
ASP01B4815_002   0.197  -0.225  -0.028
ASP02B4815_003   0.294  -0.261   0.032
ASP02B4815_004   0.294  -0.261   0.032
ASP-1B4815_005   0.188  -0.223  -0.035
ILE01B4816_001   1.692  -2.968  -1.277
ALA01B4817_001   0.000  -2.402  -2.402
MET01B4818_001   0.035  -3.047  -3.013
VAL01B4820_001   0.828  -2.746  -1.918
LYS01B4821_001   0.530  -9.128  -8.598
LYS+1B4821_002   0.482  -9.128  -8.646
THR01B4822_001   0.470  -4.057  -3.587
THR01B4822_002   0.470  -4.057  -3.587
LEU01B4823_001   1.560  -4.427  -2.867
ARG01B4824_001   4.333  -5.626  -1.294
ARG02B4824_002   4.276  -5.626  -1.350
ARG03B4824_003   4.284  -5.626  -1.343
ARG+1B4824_004   4.237  -5.626  -1.389
THR01B4825_001   0.338  -2.966  -2.629
THR01B4825_002   0.338  -2.966  -2.629
ILE01B4826_001   5.238  -5.148   0.091
LEU01B4827_001   3.281  -4.462  -1.181
SER01B4828_001   0.000  -3.034  -3.034
SER01B4829_001   0.000   0.000   0.000
SER01B4829_002   0.000   0.000   0.000
VAL01B4830_001   0.755  -4.427  -3.672
THR01B4831_001   0.272  -5.296  -5.024
THR01B4831_002   0.272  -5.296  -5.024
HIS01B4832_001  -0.156  -2.463  -2.618
HIS01B4832_002  -0.118  -2.605  -2.723
HIS02B4832_003  -0.173  -2.463  -2.636
HIS02B4832_004  -0.132  -2.605  -2.737
HIS+1B4832_005  -0.200  -2.463  -2.663
HIS+1B4832_006  -0.158  -2.605  -2.763
ASN01B4833_001   0.377  -0.551  -0.174
ASN01B4833_002   0.161  -0.630  -0.469
LYS01B4835_001   1.352  -9.990  -8.638
LYS+1B4835_002   1.304  -9.990  -8.685
GLN01B4836_001   0.948  -3.074  -2.126
GLN01B4836_002   1.219  -3.280  -2.061
LEU01B4837_001   5.379  -1.494   3.885
VAL01B4838_001   0.833  -3.670  -2.837
MET01B4839_001  -0.078  -8.057  -8.134
THR01B4840_001   0.350  -0.618  -0.268
THR01B4840_002   0.350  -0.618  -0.268
VAL01B4841_001   1.010  -4.240  -3.230
LEU01B4843_001   3.542  -5.457  -1.915
LEU01B4844_001   1.989  -2.453  -0.464
ALA01B4845_001   0.000  -2.898  -2.898
VAL01B4846_001   0.821  -5.576  -4.755
VAL01B4847_001   1.111  -0.876   0.236
VAL01B4848_001   1.489   0.000   1.489
TYR01B4849_001   5.453  -7.790  -2.338
TYR01B4849_002   5.453  -7.790  -2.338
TYR-1B4849_003   5.453  -7.790  -2.338
LEU01B4850_001   1.647  -6.297  -4.650
TYR01B4851_001   4.461  -2.666   1.795
TYR-1B4851_002   4.461  -2.666   1.795
THR01B4852_001   0.373   0.000   0.373
THR01B4852_002   0.373   0.000   0.373
THR01B4852_003   0.373   0.000   0.373
VAL01B4853_001   0.816  -2.679  -1.862
VAL01B4854_001   0.931  -2.540  -1.610
ALA01B4855_001   0.000  -0.309  -0.309
PHE01B4856_001   5.228  -2.950   2.278
ASN01B4857_001   0.303  -1.969  -1.666
ASN01B4857_002   0.111  -2.048  -1.937
PHE01B4858_001   4.925  -9.380  -4.455
PHE01B4859_001   4.589  -0.931   3.658
ARG01B4860_001   2.951  -7.506  -4.555
ARG02B4860_002   2.920  -7.506  -4.586
ARG03B4860_003   2.924  -7.506  -4.583
ARG+1B4860_004   2.873  -7.506  -4.633
LYS01B4861_001   5.689  -4.529   1.160
LYS+1B4861_002   5.628  -4.529   1.099
PHE01B4862_001   7.848  -1.515   6.333
TYR01B4863_001   6.511  -0.068   6.444
TYR01B4863_002   6.511  -0.068   6.444
TYR-1B4863_003   6.511  -0.068   6.444
ASN01B4864_001   0.327  -1.191  -0.864
ASN01B4864_002   0.549  -1.162  -0.613
LYS01B4865_001   5.490  -2.423   3.067
LYS+1B4865_002   5.443  -2.423   3.020
SER01B4866_001   0.000  -3.759  -3.759
GLU01B4867_001   1.330  -2.249  -0.919
GLU01B4867_002   1.330  -2.249  -0.919
GLU02B4867_003   1.152  -2.350  -1.199
GLU02B4867_004   1.152  -2.350  -1.199
GLU-1B4867_005   1.046  -2.277  -1.231
ASP01B4868_001   0.430  -3.417  -2.987
ASP01B4868_002   0.430  -3.417  -2.987
ASP02B4868_003   0.491  -3.426  -2.935
ASP02B4868_004   0.491  -3.426  -2.935
ASP-1B4868_005   0.376  -3.398  -3.022
GLU01B4869_001   1.540  -4.040  -2.501
GLU01B4869_002   1.540  -4.040  -2.501
GLU02B4869_003   1.329  -3.979  -2.649
GLU02B4869_004   1.329  -3.979  -2.649
GLU-1B4869_005   1.211  -3.914  -2.703
ASP01B4870_001   0.248  -3.106  -2.859
ASP01B4870_002   0.248  -3.106  -2.859
ASP02B4870_003   0.350  -2.945  -2.594
ASP02B4870_004   0.350  -2.945  -2.594
ASP-1B4870_005   0.235  -2.894  -2.659
GLU01B4871_001   6.614  -1.281   5.333
GLU01B4871_002   6.614  -1.281   5.333
GLU02B4871_003   5.274  -1.196   4.077
GLU02B4871_004   5.274  -1.196   4.077
GLU-1B4871_005   5.208  -1.172   4.036
CTR01B4871_001  -0.021  -1.448  -1.469
CTR01B4871_002   0.098  -1.525  -1.428
CTR02B4871_003  -0.022  -1.409  -1.431
CTR02B4871_004   0.038  -1.409  -1.371
CTR-1B4871_005   0.000  -1.409  -1.409
NTR01B4872_001  -0.002  -0.782  -0.785
NTR+1B4872_002  -0.004  -0.782  -0.786
PRO01B4872_001   0.462  -5.381  -4.919
ASP01B4873_001   0.081  -1.566  -1.485
ASP01B4873_002   0.081  -1.566  -1.485
ASP02B4873_003   0.153  -1.725  -1.572
ASP02B4873_004   0.153  -1.725  -1.572
ASP-1B4873_005   0.076  -1.551  -1.474
MET01B4874_001   1.638  -1.866  -0.228
LYS01B4875_001   0.849  -2.082  -1.233
LYS+1B4875_002   0.786  -2.082  -1.296
CYS01B4876_001  -0.002   0.000  -0.002
CYS01B4876_002  -0.002   0.000  -0.002
CYS01B4876_003  -0.003   0.000  -0.003
CYS-1B4876_004   0.000   0.000   0.000
ASP01B4877_001   0.150  -1.253  -1.103
ASP01B4877_002   0.150  -1.253  -1.103
ASP02B4877_003   0.243  -1.283  -1.041
ASP02B4877_004   0.243  -1.283  -1.041
ASP-1B4877_005   0.146  -1.236  -1.090
ASP01B4878_001  -0.040  -2.019  -2.059
ASP01B4878_002  -0.040  -2.019  -2.059
ASP02B4878_003  -0.009  -2.128  -2.137
ASP02B4878_004  -0.009  -2.128  -2.137
ASP-1B4878_005  -0.041  -2.019  -2.060
MET01B4879_001   0.250  -3.430  -3.180
MET01B4880_001   1.409 -10.355  -8.946
THR01B4881_001   0.188  -1.426  -1.239
THR01B4881_002   0.188  -1.426  -1.239
THR01B4881_003   0.188  -1.426  -1.239
CYS01B4882_001  -0.002   0.000  -0.002
CYS01B4882_002  -0.002   0.000  -0.002
CYS01B4882_003  -0.003   0.000  -0.003
CYS-1B4882_004   0.000   0.000   0.000
TYR01B4883_001   5.514  -2.122   3.392
TYR-1B4883_002   5.514  -2.122   3.392
LEU01B4884_001   2.016  -6.931  -4.915
PHE01B4885_001   5.359  -0.355   5.004
HIS01B4886_001  -0.077  -0.162  -0.238
HIS01B4886_002  -0.012  -0.064  -0.077
HIS02B4886_003  -0.097  -0.162  -0.259
HIS02B4886_004  -0.025  -0.064  -0.090
HIS+1B4886_005  -0.124  -0.162  -0.286
HIS+1B4886_006  -0.052  -0.064  -0.116
MET01B4887_001   2.804  -2.944  -0.140
TYR01B4888_001   5.774  -7.166  -1.392
TYR01B4888_002   5.774  -7.166  -1.392
TYR-1B4888_003   5.774  -7.166  -1.392
VAL01B4889_001   0.726  -0.892  -0.166
VAL01B4891_001   1.120  -0.995   0.126
ARG01B4892_001   7.368  -6.896   0.472
ARG02B4892_002   7.312  -6.896   0.415
ARG03B4892_003   7.315  -6.896   0.419
ARG+1B4892_004   7.266  -6.896   0.369
ALA01B4893_001   0.000  -0.052  -0.052
ILE01B4897_001   2.893  -0.206   2.687
ASP01B4899_001   0.141  -2.563  -2.422
ASP01B4899_002   0.141  -2.563  -2.422
ASP02B4899_003   0.217  -2.577  -2.359
ASP02B4899_004   0.217  -2.577  -2.359
ASP-1B4899_005   0.131  -2.468  -2.337
GLU01B4900_001   1.974  -0.778   1.196
GLU01B4900_002   1.974  -0.778   1.196
GLU02B4900_003   1.609  -0.805   0.804
GLU02B4900_004   1.609  -0.805   0.804
GLU-1B4900_005   1.537  -0.778   0.759
ILE01B4901_001   7.158  -0.670   6.489
GLU01B4902_001   2.267  -1.737   0.529
GLU01B4902_002   2.267  -1.737   0.529
GLU02B4902_003   1.833  -1.758   0.076
GLU02B4902_004   1.833  -1.758   0.076
GLU-1B4902_005   1.744  -1.666   0.077
ASP01B4903_001   0.069  -3.569  -3.501
ASP01B4903_002   0.069  -3.569  -3.501
ASP02B4903_003   0.138  -3.288  -3.151
ASP02B4903_004   0.138  -3.288  -3.151
ASP-1B4903_005   0.065  -3.337  -3.272
PRO01B4904_001   0.340  -1.429  -1.089
ALA01B4905_001   0.000  -3.277  -3.277
ASP01B4907_001  -0.040  -3.158  -3.198
ASP01B4907_002  -0.040  -3.158  -3.198
ASP02B4907_003  -0.009  -3.364  -3.373
ASP02B4907_004  -0.009  -3.364  -3.373
ASP-1B4907_005  -0.040  -3.177  -3.217
GLU01B4908_001   0.499  -2.991  -2.492
GLU01B4908_002   0.499  -2.991  -2.492
GLU02B4908_003   0.665  -3.006  -2.341
GLU02B4908_004   0.665  -3.006  -2.341
GLU-1B4908_005   0.467  -2.933  -2.465
TYR01B4909_001   4.357  -9.776  -5.419
TYR-1B4909_002   4.357  -9.776  -5.419
GLU01B4910_001   0.498  -1.317  -0.819
GLU01B4910_002   0.498  -1.317  -0.819
GLU02B4910_003   0.665  -1.355  -0.690
GLU02B4910_004   0.665  -1.355  -0.690
GLU-1B4910_005   0.467  -1.197  -0.730
LEU01B4911_001   5.394  -8.548  -3.153
TYR01B4912_001   5.128  -7.570  -2.442
TYR-1B4912_002   5.128  -7.570  -2.442
ARG01B4913_001   3.049  -0.579   2.470
ARG02B4913_002   3.013  -0.579   2.434
ARG02B4913_003   3.017  -0.579   2.439
ARG03B4913_004   3.081  -0.579   2.502
ARG+1B4913_005   2.974  -0.579   2.395
VAL01B4914_001   0.812  -4.462  -3.651
VAL01B4915_001   0.837  -4.581  -3.744
PHE01B4916_001   5.550  -1.164   4.386
ASP01B4917_001   0.412  -0.512  -0.100
ASP01B4917_002   0.412  -0.512  -0.100
ASP02B4917_003   0.472  -0.591  -0.120
ASP02B4917_004   0.472  -0.591  -0.120
ASP-1B4917_005   0.359  -0.568  -0.209
ILE01B4918_001   3.330  -5.953  -2.622
THR01B4919_001   0.242  -2.162  -1.920
THR01B4919_002   0.242  -2.162  -1.920
PHE01B4920_001   6.200   0.000   6.200
PHE01B4921_001   5.329  -2.964   2.365
PHE01B4922_001   5.147  -5.438  -0.292
PHE01B4923_001   5.637  -8.804  -3.167
VAL01B4924_001   1.188  -0.052   1.136
ILE01B4925_001   6.840  -0.222   6.617
VAL01B4926_001   0.839  -4.411  -3.571
ILE01B4927_001   1.402  -4.617  -3.215
LEU01B4928_001   2.130  -0.927   1.203
LEU01B4929_001   3.086  -5.438  -2.351
ALA01B4930_001   0.000  -2.418  -2.418
ILE01B4931_001   2.985  -3.982  -0.997
ILE01B4932_001   5.499  -2.283   3.216
GLN01B4933_001   2.757  -2.923  -0.166
LEU01B4935_001   6.888  -2.041   4.847
ILE01B4936_001  12.866  -2.266  10.600
ILE01B4937_001   3.254  -7.894  -4.640
ASP01B4938_001   0.517  -2.256  -1.739
ASP01B4938_002   0.517  -2.256  -1.739
ASP02B4938_003   0.587  -2.273  -1.687
ASP02B4938_004   0.587  -2.273  -1.687
ASP-1B4938_005   0.455  -2.205  -1.750
ALA01B4939_001   0.000   0.000   0.000
PHE01B4940_001   6.143  -3.439   2.704
GLU01B4942_001   3.094  -2.294   0.800
GLU01B4942_002   3.094  -2.294   0.800
GLU02B4942_003   2.482  -2.332   0.150
GLU02B4942_004   2.482  -2.332   0.150
GLU-1B4942_005   2.412  -2.226   0.185
LEU01B4943_001   2.070  -1.664   0.405
ARG01B4944_001   3.174  -8.828  -5.654
ARG02B4944_002   3.207  -8.828  -5.621
ARG03B4944_003   3.131  -8.828  -5.697
ARG+1B4944_004   3.086  -8.828  -5.742
ASP01B4945_001   0.465  -2.240  -1.775
ASP01B4945_002   0.465  -2.240  -1.775
ASP02B4945_003   0.478  -2.253  -1.775
ASP02B4945_004   0.478  -2.253  -1.775
ASP-1B4945_005   0.385  -2.171  -1.786
GLN01B4946_001   1.342  -1.014   0.328
GLN01B4946_002   1.082  -0.891   0.191
GLN01B4947_001   1.013  -2.048  -1.035
GLN01B4947_002   0.977  -2.017  -1.040
GLU01B4948_001   3.165  -2.285   0.880
GLU01B4948_002   3.165  -2.285   0.880
GLU02B4948_003   2.549  -2.351   0.198
GLU02B4948_004   2.549  -2.351   0.198
GLU-1B4948_005   2.477  -2.248   0.229
GLN01B4949_001   1.493  -2.370  -0.877
GLN01B4949_002   1.202  -2.173  -0.971
VAL01B4950_001   1.412  -0.515   0.897
LYS01B4951_001  30.061  -6.166  23.895
LYS+1B4951_002  34.656  -6.166  28.489
GLU01B4952_001   1.628  -2.180  -0.552
GLU01B4952_002   1.628  -2.180  -0.552
GLU02B4952_003   1.331  -2.223  -0.891
GLU02B4952_004   1.331  -2.223  -0.891
GLU-1B4952_005   1.250  -2.136  -0.886
ASP01B4953_001   0.427  -0.580  -0.153
ASP01B4953_002   0.427  -0.580  -0.153
ASP02B4953_003   0.394  -0.551  -0.157
ASP02B4953_004   0.394  -0.551  -0.157
ASP-1B4953_005   0.332  -0.551  -0.219
MET01B4954_001   0.448  -3.130  -2.682
GLU01B4955_001   0.496  -3.251  -2.755
GLU01B4955_002   0.496  -3.251  -2.755
GLU02B4955_003   0.662  -3.224  -2.562
GLU02B4955_004   0.662  -3.224  -2.562
GLU-1B4955_005   0.465  -3.196  -2.731
THR01B4956_001   0.262  -2.437  -2.176
THR01B4956_002   0.262  -2.437  -2.176
THR01B4956_003   0.262  -2.437  -2.176
LYS01B4957_001   5.552  -2.403   3.149
LYS+1B4957_002   5.500  -2.403   3.096
CYS01B4958_001  -0.002  -0.286  -0.288
CYS01B4958_002  -0.002  -0.286  -0.288
CYS01B4958_003  -0.003  -0.286  -0.288
CYS-1B4958_004   0.000  -0.286  -0.286
PHE01B4959_001   7.184  -0.051   7.133
ILE01B4960_001   4.938   0.000   4.938
CYS01B4961_001  -0.002   0.000  -0.002
CYS01B4961_002  -0.002   0.000  -0.002
CYS01B4961_003  -0.003   0.000  -0.003
CYS-1B4961_004   0.000   0.000   0.000
ILE01B4963_001   2.507  -2.627  -0.120
SER01B4965_001   0.000  -0.482  -0.482
ASP01B4966_001   0.415  -3.000  -2.586
ASP01B4966_002   0.415  -3.000  -2.586
ASP02B4966_003   0.483  -2.870  -2.388
ASP02B4966_004   0.483  -2.870  -2.388
ASP-1B4966_005   0.366  -2.816  -2.450
TYR01B4967_001   6.333  -2.735   3.597
TYR01B4967_002   6.333  -2.735   3.597
TYR-1B4967_003   6.333  -2.735   3.597
PHE01B4968_001   8.057   0.000   8.057
ASP01B4969_001   0.362  -1.092  -0.730
ASP01B4969_002   0.362  -1.092  -0.730
ASP02B4969_003   0.498  -1.129  -0.631
ASP02B4969_004   0.498  -1.129  -0.631
ASP-1B4969_005   0.349  -1.085  -0.736
THR01B4970_001   0.327  -5.065  -4.737
THR01B4971_001   0.165  -5.137  -4.972
PRO01B4972_001   0.514  -6.515  -6.002
HIS01B4973_001  -0.093  -6.828  -6.921
HIS02B4973_002  -0.114  -6.828  -6.942
HIS+1B4973_003  -0.141  -6.828  -6.969
PHE01B4975_001   6.631  -1.567   5.064
GLU01B4976_001   2.935  -2.437   0.499
GLU01B4976_002   2.935  -2.437   0.499
GLU02B4976_003   2.508  -2.272   0.235
GLU02B4976_004   2.508  -2.272   0.235
GLU-1B4976_005   2.352  -2.261   0.091
THR01B4977_001   0.285  -2.985  -2.700
THR01B4977_002   0.285  -2.985  -2.700
HIS01B4978_001  -0.158  -0.052  -0.210
HIS02B4978_002  -0.177  -0.052  -0.228
HIS+1B4978_003  -0.204  -0.052  -0.256
THR01B4979_001   0.298  -0.718  -0.420
LEU01B4980_001   1.945  -6.519  -4.574
GLU01B4981_001   1.963  -1.324   0.639
GLU01B4981_002   1.963  -1.324   0.639
GLU02B4981_003   1.660  -1.352   0.309
GLU02B4981_004   1.660  -1.352   0.309
GLU-1B4981_005   1.542  -1.292   0.250
GLU01B4982_001   3.239  -0.241   2.997
GLU01B4982_002   3.239  -0.241   2.997
GLU02B4982_003   2.689  -0.254   2.435
GLU02B4982_004   2.689  -0.254   2.435
GLU-1B4982_005   2.578  -0.241   2.336
HIS01B4983_001  -0.225   0.000  -0.225
HIS02B4983_002  -0.246   0.000  -0.246
HIS+1B4983_003  -0.273   0.000  -0.273
ASN01B4984_001   0.415  -0.331   0.085
ASN01B4984_002   0.609  -0.295   0.315
LEU01B4985_001   7.285  -1.974   5.312
ALA01B4986_001   0.000  -1.062  -1.062
ASN01B4987_001   0.371  -0.625  -0.254
ASN01B4987_002   0.571  -0.413   0.158
TYR01B4988_001   6.030  -0.253   5.778
TYR-1B4988_002   6.030  -0.253   5.778
MET01B4989_001   0.026  -0.052  -0.026
PHE01B4990_001   6.392  -0.051   6.342
PHE01B4991_001   7.031  -0.506   6.525
LEU01B4992_001   4.922  -0.583   4.339
MET01B4993_001   0.913  -0.820   0.094
TYR01B4994_001   6.510  -2.535   3.975
TYR01B4994_002   6.510  -2.535   3.975
TYR-1B4994_003   6.510  -2.535   3.975
LEU01B4995_001   1.352  -0.258   1.094
ILE01B4996_001   5.269  -2.849   2.419
ASN01B4997_001   0.231  -1.558  -1.327
LYS01B4998_001   1.149  -2.384  -1.234
LYS+1B4998_002   1.103  -2.384  -1.281
ASP01B4999_001   0.310  -2.309  -1.999
ASP01B4999_002   0.310  -2.309  -1.999
ASP02B4999_003   0.428  -2.254  -1.826
ASP02B4999_004   0.428  -2.254  -1.826
ASP-1B4999_005   0.296  -2.205  -1.909
GLU01B5000_001   2.206  -2.822  -0.616
GLU01B5000_002   2.206  -2.822  -0.616
GLU02B5000_003   1.749  -2.819  -1.070
GLU02B5000_004   1.749  -2.819  -1.070
GLU-1B5000_005   1.689  -2.756  -1.067
THR01B5001_001   0.200  -3.181  -2.981
GLU01B5002_001   2.235  -2.093   0.142
GLU01B5002_002   2.235  -2.093   0.142
GLU02B5002_003   1.931  -2.025  -0.094
GLU02B5002_004   1.931  -2.025  -0.094
GLU-1B5002_005   1.786  -2.024  -0.239
HIS01B5003_001  -0.208  -0.280  -0.489
HIS01B5003_002  -0.161  -0.355  -0.517
HIS02B5003_003  -0.225  -0.280  -0.506
HIS02B5003_004  -0.175  -0.355  -0.531
HIS+1B5003_005  -0.252  -0.280  -0.533
HIS+1B5003_006  -0.202  -0.355  -0.558
THR01B5004_001   0.241  -1.986  -1.745
THR01B5004_002   0.241  -1.986  -1.745
THR01B5004_003   0.241  -1.986  -1.745
GLN01B5006_001   6.471  -0.382   6.089
GLU01B5007_001   2.271  -0.562   1.709
GLU01B5007_002   2.271  -0.562   1.709
GLU02B5007_003   1.822  -0.535   1.287
GLU02B5007_004   1.822  -0.535   1.287
GLU-1B5007_005   1.750  -0.551   1.199
SER01B5008_001   0.000  -1.685  -1.685
TYR01B5009_001   7.358  -2.385   4.973
TYR-1B5009_002   7.358  -2.385   4.973
VAL01B5010_001   0.698  -0.258   0.441
TRP01B5011_001   4.553  -2.581   1.972
LYS01B5012_001   1.669  -7.465  -5.796
LYS+1B5012_002   1.583  -7.465  -5.882
MET01B5013_001   0.292  -1.874  -1.582
TYR01B5014_001   4.300  -0.186   4.114
TYR01B5014_002   4.300  -0.186   4.114
TYR-1B5014_003   4.300  -0.186   4.114
GLN01B5015_001   1.465  -1.445   0.021
GLN01B5015_002   1.161  -1.345  -0.184
GLU01B5016_001   1.439  -2.423  -0.984
GLU01B5016_002   1.439  -2.423  -0.984
GLU02B5016_003   1.263  -2.592  -1.329
GLU02B5016_004   1.263  -2.592  -1.329
GLU-1B5016_005   1.136  -2.451  -1.315
ARG01B5017_001   4.591  -1.841   2.751
ARG02B5017_002   4.511  -1.841   2.670
ARG03B5017_003   4.517  -1.841   2.676
ARG03B5017_004   4.577  -1.841   2.736
ARG+1B5017_005   4.471  -1.841   2.631
CYS01B5018_001  -0.002  -1.098  -1.100
CYS01B5018_002  -0.002  -1.098  -1.100
CYS01B5018_003  -0.002  -1.098  -1.101
CYS-1B5018_004   0.000  -1.098  -1.098
TRP01B5019_001   4.130  -1.606   2.524
ASP01B5020_001   0.541  -2.713  -2.172
ASP01B5020_002   0.541  -2.713  -2.172
ASP02B5020_003   0.574  -2.686  -2.113
ASP02B5020_004   0.574  -2.686  -2.113
ASP-1B5020_005   0.459  -2.666  -2.207
PHE01B5021_001   7.302  -0.354   6.948
PHE01B5022_001   6.201  -0.257   5.944
PRO01B5023_001   0.564   0.000   0.564
ALA01B5024_001   0.000  -3.207  -3.207
ASP01B5026_001   0.195  -0.697  -0.502
ASP01B5026_002   0.195  -0.697  -0.502
ASP02B5026_003   0.303  -0.716  -0.413
ASP02B5026_004   0.303  -0.716  -0.413
ASP-1B5026_005   0.193  -0.697  -0.504
CYS01B5027_001  -0.002   0.000  -0.002
CYS01B5027_002  -0.002   0.000  -0.002
CYS01B5027_003  -0.002   0.000  -0.002
CYS-1B5027_004   0.000   0.000   0.000
PHE01B5028_001   5.421  -1.078   4.343
ARG01B5029_001   6.822  -4.361   2.460
ARG02B5029_002   6.767  -4.361   2.406
ARG03B5029_003   6.863  -4.361   2.502
ARG+1B5029_004   6.727  -4.361   2.366
LYS01B5030_001   3.238  -4.874  -1.635
LYS+1B5030_002   3.178  -4.874  -1.696
GLN01B5031_001   0.739  -1.398  -0.659
GLN01B5031_002   0.655  -1.427  -0.772
TYR01B5032_001   4.964  -1.186   3.778
TYR-1B5032_002   4.964  -1.186   3.778
GLU01B5033_001   6.884  -1.825   5.060
GLU01B5033_002   6.884  -1.825   5.060
GLU02B5033_003   5.559  -1.881   3.678
GLU02B5033_004   5.559  -1.881   3.678
GLU-1B5033_005   5.463  -1.796   3.667
ASP01B5034_001  -0.040  -2.978  -3.018
ASP01B5034_002  -0.040  -2.978  -3.018
ASP02B5034_003  -0.009  -3.002  -3.010
ASP02B5034_004  -0.009  -3.002  -3.010
ASP-1B5034_005  -0.040  -2.910  -2.951
GLN01B5035_001   0.670  -1.701  -1.030
LEU01B5036_001   1.931  -2.711  -0.780
SER01B5037_001   0.000  -3.792  -3.792
SER01B5037_002   0.000  -3.792  -3.792
CTR01B5037_001  -0.021  -2.606  -2.627
CTR01B5037_002   0.099  -2.665  -2.565
CTR02B5037_003  -0.022  -2.587  -2.609
CTR02B5037_004   0.037  -2.761  -2.724
CTR-1B5037_005   0.000  -2.587  -2.587
_ZN+2B5101_001   0.000   0.000   0.000
_CA+2B5102_001   0.000  -0.676  -0.676
