   confID        vdw0    sas     sum
NTR01B3639_001  -0.003  -3.225  -3.228
NTR+1B3639_002  -0.005  -3.225  -3.230
THR01B3639_001   0.205  -4.202  -3.997
THR01B3639_002   0.205  -4.202  -3.997
PRO01B3640_001   0.318  -2.935  -2.617
LEU01B3641_001   2.442  -9.935  -7.493
TYR01B3642_001   4.592 -10.203  -5.611
TYR01B3642_002   4.592 -10.203  -5.611
TYR-1B3642_003   4.592 -10.203  -5.611
ASN01B3643_001   0.427  -2.376  -1.950
LEU01B3644_001   1.730  -3.532  -1.801
PRO01B3645_001   0.269  -3.317  -3.048
THR01B3646_001   0.250  -7.092  -6.842
HIS01B3647_001  -0.170  -8.301  -8.471
HIS01B3647_002  -0.131  -8.443  -8.574
HIS02B3647_003  -0.188  -8.301  -8.489
HIS02B3647_004  -0.144  -8.443  -8.587
HIS+1B3647_005  -0.215  -8.301  -8.516
HIS+1B3647_006  -0.170  -8.443  -8.614
ARG01B3648_001   2.183  -8.822  -6.639
ARG02B3648_002   2.159  -8.822  -6.663
ARG03B3648_003   2.167  -8.822  -6.655
ARG+1B3648_004   2.120  -8.822  -6.702
ALA01B3649_001   0.000  -1.355  -1.355
CYS01B3650_001  -0.002  -3.949  -3.950
CYS01B3650_002  -0.002  -3.949  -3.950
CYS01B3650_003  -0.003  -3.949  -3.951
CYS-1B3650_004   0.000  -3.949  -3.949
ASN01B3651_001   0.461  -2.891  -2.429
ASN01B3651_002   0.226  -2.851  -2.625
MET01B3652_001   0.353  -6.852  -6.500
PHE01B3653_001   4.488  -8.374  -3.885
LEU01B3654_001   1.925  -7.018  -5.094
GLU01B3655_001   1.839  -3.015  -1.176
GLU01B3655_002   1.839  -3.015  -1.176
GLU02B3655_003   1.519  -2.975  -1.456
GLU02B3655_004   1.519  -2.975  -1.456
GLU-1B3655_005   1.426  -2.885  -1.459
SER01B3656_001   0.000  -3.460  -3.460
TYR01B3657_001   4.941  -5.899  -0.958
TYR-1B3657_002   4.941  -5.899  -0.958
LYS01B3658_001   2.835  -7.724  -4.888
LYS+1B3658_002   2.789  -7.724  -4.935
ALA01B3659_001   0.000  -5.199  -5.199
ALA01B3660_001   0.000  -2.524  -2.524
TRP01B3661_001   2.796  -4.945  -2.149
ILE01B3662_001   1.857 -10.589  -8.732
LEU01B3663_001   3.029  -5.921  -2.892
THR01B3664_001   0.185  -5.466  -5.281
THR01B3664_002   0.185  -5.466  -5.281
GLU01B3665_001   1.316  -2.779  -1.463
GLU01B3665_002   1.316  -2.779  -1.463
GLU02B3665_003   1.092  -2.753  -1.661
GLU02B3665_004   1.092  -2.753  -1.661
GLU-1B3665_005   1.003  -2.659  -1.657
ASP01B3666_001   0.480  -1.669  -1.189
ASP01B3666_002   0.480  -1.669  -1.189
ASP02B3666_003   0.521  -1.577  -1.056
ASP02B3666_004   0.521  -1.577  -1.056
ASP-1B3666_005   0.410  -1.572  -1.162
HIS01B3667_001  -0.149  -5.243  -5.392
HIS01B3667_002  -0.108  -4.988  -5.096
HIS02B3667_003  -0.168  -5.243  -5.410
HIS02B3667_004  -0.122  -4.988  -5.109
HIS+1B3667_005  -0.194  -5.243  -5.437
HIS+1B3667_006  -0.148  -4.988  -5.136
SER01B3668_001   0.000  -3.177  -3.177
SER01B3668_002   0.000  -3.177  -3.177
PHE01B3669_001   4.492  -5.968  -1.476
GLU01B3670_001   0.589  -0.370   0.219
GLU01B3670_002   0.589  -0.370   0.219
GLU02B3670_003   0.506  -0.424   0.082
GLU02B3670_004   0.506  -0.424   0.082
GLU-1B3670_005   0.430  -0.370   0.060
ASP01B3671_001   0.075  -0.413  -0.339
ASP01B3671_002   0.075  -0.413  -0.339
ASP02B3671_003   0.146  -0.435  -0.289
ASP02B3671_004   0.146  -0.435  -0.289
ASP-1B3671_005   0.071  -0.413  -0.343
ARG01B3672_001   3.512  -9.852  -6.340
ARG02B3672_002   3.465  -9.852  -6.387
ARG03B3672_003   3.457  -9.852  -6.395
ARG+1B3672_004   3.417  -9.852  -6.435
MET01B3673_001   0.252  -3.631  -3.379
ILE01B3674_001   5.541   0.000   5.541
ASP01B3675_001   0.203  -0.804  -0.602
ASP01B3675_002   0.203  -0.804  -0.602
ASP02B3675_003   0.294  -0.809  -0.514
ASP02B3675_004   0.294  -0.809  -0.514
ASP-1B3675_005   0.191  -0.801  -0.610
ASP01B3676_001   0.043  -1.683  -1.640
ASP01B3676_002   0.043  -1.683  -1.640
ASP02B3676_003   0.104  -1.719  -1.615
ASP02B3676_004   0.104  -1.719  -1.615
ASP-1B3676_005   0.039  -1.683  -1.644
LEU01B3677_001   1.812  -2.814  -1.002
SER01B3678_001   0.000  -0.949  -0.949
SER01B3678_002   0.000  -0.949  -0.949
LYS01B3679_001   1.513  -8.082  -6.568
LYS+1B3679_002   1.428  -8.082  -6.654
ALA01B3680_001   0.000  -2.968  -2.968
GLU01B3682_001   0.499  -3.480  -2.981
GLU01B3682_002   0.499  -3.480  -2.981
GLU02B3682_003   0.666  -3.530  -2.864
GLU02B3682_004   0.666  -3.530  -2.864
GLU-1B3682_005   0.468  -3.350  -2.882
GLN01B3683_001   0.452  -0.648  -0.195
GLU01B3684_001   0.498  -3.840  -3.342
GLU01B3684_002   0.498  -3.840  -3.342
GLU02B3684_003   0.664  -3.780  -3.116
GLU02B3684_004   0.664  -3.780  -3.116
GLU-1B3684_005   0.467  -3.747  -3.280
GLU01B3685_001   0.498  -4.187  -3.688
GLU01B3685_002   0.498  -4.187  -3.688
GLU02B3685_003   0.665  -4.208  -3.544
GLU02B3685_004   0.665  -4.208  -3.544
GLU-1B3685_005   0.467  -4.164  -3.697
GLU01B3686_001   0.497  -2.703  -2.206
GLU01B3686_002   0.497  -2.703  -2.206
GLU02B3686_003   0.663  -2.814  -2.152
GLU02B3686_004   0.663  -2.814  -2.152
GLU-1B3686_005   0.465  -2.704  -2.239
GLU01B3687_001   0.500  -2.390  -1.890
GLU01B3687_002   0.500  -2.390  -1.890
GLU02B3687_003   0.667  -2.385  -1.718
GLU02B3687_004   0.667  -2.385  -1.718
GLU-1B3687_005   0.469  -2.343  -1.874
GLU01B3688_001   0.499  -4.137  -3.638
GLU01B3688_002   0.499  -4.137  -3.638
GLU02B3688_003   0.666  -4.132  -3.466
GLU02B3688_004   0.666  -4.132  -3.466
GLU-1B3688_005   0.468  -4.069  -3.601
GLU01B3689_001   0.498  -4.127  -3.629
GLU01B3689_002   0.498  -4.127  -3.629
GLU02B3689_003   0.665  -4.113  -3.448
GLU02B3689_004   0.665  -4.113  -3.448
GLU-1B3689_005   0.467  -4.061  -3.594
VAL01B3690_001   0.500  -3.380  -2.880
GLU01B3691_001   0.499  -4.185  -3.685
GLU01B3691_002   0.499  -4.185  -3.685
GLU02B3691_003   0.666  -4.180  -3.514
GLU02B3691_004   0.666  -4.180  -3.514
GLU-1B3691_005   0.468  -4.104  -3.636
GLU01B3692_001   0.500  -3.811  -3.311
GLU01B3692_002   0.500  -3.811  -3.311
GLU02B3692_003   0.667  -3.609  -2.942
GLU02B3692_004   0.667  -3.609  -2.942
GLU-1B3692_005   0.468  -3.549  -3.080
LYS01B3693_001   3.793  -6.760  -2.967
LYS+1B3693_002   3.698  -6.760  -3.062
LYS01B3694_001   1.424  -4.689  -3.265
LYS+1B3694_002   1.340  -4.689  -3.349
PRO01B3695_001   0.267  -1.692  -1.426
ASP01B3696_001   0.174  -0.526  -0.352
ASP01B3696_002   0.174  -0.526  -0.352
ASP02B3696_003   0.259  -0.535  -0.275
ASP02B3696_004   0.259  -0.535  -0.275
ASP-1B3696_005   0.164  -0.517  -0.353
PRO01B3697_001   0.268  -2.849  -2.581
LEU01B3698_001   2.212   0.000   2.212
HIS01B3699_001  -0.132  -2.038  -2.170
HIS01B3699_002  -0.086  -1.534  -1.621
HIS02B3699_003  -0.151  -2.038  -2.189
HIS02B3699_004  -0.099  -1.534  -1.634
HIS+1B3699_005  -0.178  -2.038  -2.216
HIS+1B3699_006  -0.126  -1.534  -1.660
GLN01B3700_001   1.381  -2.012  -0.632
GLN01B3700_002   2.258  -2.200   0.058
LEU01B3701_001   3.949  -1.442   2.506
VAL01B3702_001   0.765   0.000   0.765
LEU01B3703_001   1.733  -4.633  -2.899
HIS01B3704_001  -0.131  -5.993  -6.124
HIS01B3704_002  -0.082  -6.392  -6.474
HIS02B3704_003  -0.150  -5.993  -6.144
HIS02B3704_004  -0.095  -6.392  -6.487
HIS+1B3704_005  -0.177  -5.993  -6.170
HIS+1B3704_006  -0.121  -6.392  -6.513
PHE01B3705_001   4.424  -0.118   4.306
SER01B3706_001   0.000  -1.167  -1.167
SER01B3706_002   0.000  -1.167  -1.167
ARG01B3707_001   2.746 -11.163  -8.417
ARG02B3707_002   2.732 -11.163  -8.431
ARG03B3707_003   2.723 -11.163  -8.440
ARG+1B3707_004   2.684 -11.163  -8.480
THR01B3708_001   0.213  -2.061  -1.848
ALA01B3709_001   0.000   0.000   0.000
LEU01B3710_001   1.540  -6.436  -4.896
THR01B3711_001   0.191  -4.550  -4.359
GLU01B3712_001   4.632  -4.119   0.514
GLU01B3712_002   4.632  -4.119   0.514
GLU02B3712_003   3.735  -4.066  -0.331
GLU02B3712_004   3.735  -4.066  -0.331
GLU-1B3712_005   3.668  -3.952  -0.284
LYS01B3713_001   2.296  -3.793  -1.497
LYS+1B3713_002   2.247  -3.793  -1.546
SER01B3714_001   0.000  -5.087  -5.087
LYS01B3715_001   1.674  -9.205  -7.531
LYS+1B3715_002   1.627  -9.205  -7.578
LEU01B3716_001   1.608  -0.634   0.973
ASP01B3717_001   0.159  -2.418  -2.259
ASP01B3717_002   0.159  -2.418  -2.259
ASP02B3717_003   0.241  -2.374  -2.133
ASP02B3717_004   0.241  -2.374  -2.133
ASP-1B3717_005   0.149  -2.300  -2.150
GLU01B3718_001   2.340  -2.822  -0.482
GLU01B3718_002   2.340  -2.822  -0.482
GLU02B3718_003   1.895  -2.904  -1.009
GLU02B3718_004   1.895  -2.904  -1.009
GLU-1B3718_005   1.815  -2.824  -1.009
ASP01B3719_001   0.052  -1.002  -0.949
ASP01B3719_002   0.052  -1.002  -0.949
ASP02B3719_003   0.117  -0.981  -0.864
ASP02B3719_004   0.117  -0.981  -0.864
ASP-1B3719_005   0.049  -0.930  -0.881
TYR01B3720_001   4.524 -11.763  -7.239
TYR-1B3720_002   4.524 -11.763  -7.239
LEU01B3721_001   3.240  -6.178  -2.938
TYR01B3722_001   4.788  -0.051   4.738
TYR01B3722_002   4.788  -0.051   4.738
TYR-1B3722_003   4.788  -0.051   4.738
MET01B3723_001   0.175  -1.546  -1.372
ALA01B3724_001   0.000  -1.372  -1.372
TYR01B3725_001   4.752  -2.703   2.049
TYR-1B3725_002   4.752  -2.703   2.049
ALA01B3726_001   0.000  -0.412  -0.412
ASP01B3727_001   0.073  -2.626  -2.552
ASP01B3727_002   0.073  -2.626  -2.552
ASP02B3727_003   0.144  -2.630  -2.486
ASP02B3727_004   0.144  -2.630  -2.486
ASP-1B3727_005   0.070  -2.545  -2.476
ILE01B3728_001   2.436  -0.515   1.921
MET01B3729_001   0.101  -0.048   0.053
ALA01B3730_001   0.000  -0.599  -0.599
LYS01B3731_001   1.976  -3.841  -1.866
LYS+1B3731_002   1.892  -3.841  -1.949
SER01B3732_001   0.000   0.000   0.000
SER01B3732_002   0.000   0.000   0.000
SER01B3732_003   0.000   0.000   0.000
CYS01B3733_001  -0.002   0.000  -0.002
CYS01B3733_002  -0.002   0.000  -0.002
CYS01B3733_003  -0.002   0.000  -0.002
CYS-1B3733_004   0.000   0.000   0.000
HIS01B3734_001  -0.354  -2.356  -2.710
HIS02B3734_002  -0.363  -2.356  -2.719
HIS+1B3734_003  -0.382  -2.356  -2.738
LEU01B3735_001   1.451  -0.567   0.884
GLU01B3736_001   0.500  -0.047   0.452
GLU01B3736_002   0.500  -0.047   0.452
GLU02B3736_003   0.666  -0.072   0.594
GLU02B3736_004   0.666  -0.072   0.594
GLU-1B3736_005   0.468  -0.047   0.421
GLU01B3737_001   0.497  -1.882  -1.385
GLU01B3737_002   0.497  -1.882  -1.385
GLU02B3737_003   0.664  -1.860  -1.197
GLU02B3737_004   0.664  -1.860  -1.197
GLU-1B3737_005   0.466  -1.736  -1.269
GLU01B3740_001   0.499  -1.286  -0.787
GLU01B3740_002   0.499  -1.286  -0.787
GLU02B3740_003   0.665  -1.195  -0.529
GLU02B3740_004   0.665  -1.195  -0.529
GLU-1B3740_005   0.467  -1.193  -0.725
ASN01B3741_001  -0.019  -2.298  -2.317
ASN01B3741_002  -0.090  -2.421  -2.512
CTR01B3741_001  -0.021  -4.711  -4.732
CTR01B3741_002   0.108  -4.923  -4.816
CTR02B3741_003  -0.022  -4.769  -4.791
CTR02B3741_004   0.042  -4.846  -4.804
CTR-1B3741_005   0.000  -4.749  -4.749
NTR01B3747_001  -0.003  -3.837  -3.840
NTR+1B3747_002  -0.005  -3.837  -3.842
GLU01B3747_001   0.499  -4.927  -4.429
GLU01B3747_002   0.499  -4.927  -4.429
GLU02B3747_003   0.665  -4.813  -4.148
GLU02B3747_004   0.665  -4.813  -4.148
GLU-1B3747_005   0.467  -4.818  -4.351
GLU01B3748_001   0.501  -3.899  -3.398
GLU01B3748_002   0.501  -3.899  -3.398
GLU02B3748_003   0.668  -3.803  -3.136
GLU02B3748_004   0.668  -3.803  -3.136
GLU-1B3748_005   0.470  -3.591  -3.121
VAL01B3749_001   0.503  -8.425  -7.923
GLU01B3750_001   1.660  -3.187  -1.527
GLU01B3750_002   1.660  -3.187  -1.527
GLU02B3750_003   1.368  -3.425  -2.056
GLU02B3750_004   1.368  -3.425  -2.056
GLU-1B3750_005   1.278  -3.121  -1.843
VAL01B3751_001   0.672  -3.055  -2.383
SER01B3752_001   0.000  -2.888  -2.888
PHE01B3753_001   4.757  -4.366   0.391
GLU01B3754_001   2.028  -1.252   0.776
GLU01B3754_002   2.028  -1.252   0.776
GLU02B3754_003   1.658  -1.326   0.332
GLU02B3754_004   1.658  -1.326   0.332
GLU-1B3754_005   1.573  -1.278   0.295
GLU01B3755_001   1.947  -2.421  -0.474
GLU01B3755_002   1.947  -2.421  -0.474
GLU02B3755_003   1.605  -2.546  -0.941
GLU02B3755_004   1.605  -2.546  -0.941
GLU-1B3755_005   1.511  -2.472  -0.961
LYS01B3756_001   4.832  -4.363   0.470
LYS+1B3756_002   4.772  -4.363   0.409
GLU01B3757_001   2.263  -1.158   1.105
GLU01B3757_002   2.263  -1.158   1.105
GLU02B3757_003   1.857  -1.283   0.574
GLU02B3757_004   1.857  -1.283   0.574
GLU-1B3757_005   1.763  -1.137   0.626
MET01B3758_001  -0.037  -2.385  -2.422
GLU01B3759_001   3.956  -0.798   3.158
GLU01B3759_002   3.956  -0.798   3.158
GLU02B3759_003   3.153  -0.793   2.360
GLU02B3759_004   3.153  -0.793   2.360
GLU-1B3759_005   3.095  -0.758   2.337
LYS01B3760_001   3.345  -2.999   0.346
LYS+1B3760_002   3.295  -2.999   0.296
GLN01B3761_001   1.266  -0.496   0.771
GLN01B3761_002   0.943  -0.619   0.324
ARG01B3762_001   3.300  -2.027   1.273
ARG02B3762_002   3.325  -2.027   1.298
ARG03B3762_003   3.267  -2.027   1.240
ARG+1B3762_004   3.222  -2.027   1.195
LEU01B3763_001   1.902  -0.515   1.386
LEU01B3764_001   2.178  -7.208  -5.031
TYR01B3765_001   4.991  -3.017   1.974
TYR01B3765_002   4.991  -3.017   1.974
TYR-1B3765_003   4.991  -3.017   1.974
GLN01B3766_001   3.016  -0.143   2.873
GLN01B3766_002   5.030  -0.157   4.873
GLN01B3767_001   1.040  -1.292  -0.253
GLN01B3767_002   0.810  -1.230  -0.421
SER01B3768_001   0.000  -2.321  -2.321
SER01B3768_002   0.000  -2.321  -2.321
ARG01B3769_001   3.404  -0.160   3.244
ARG02B3769_002   3.364  -0.160   3.203
ARG03B3769_003   3.355  -0.160   3.195
ARG+1B3769_004   3.316  -0.160   3.155
LEU01B3770_001   3.135  -1.149   1.986
HIS01B3771_001  -0.131  -2.690  -2.822
HIS01B3771_002  -0.084  -2.425  -2.509
HIS02B3771_003  -0.150  -2.690  -2.841
HIS02B3771_004  -0.097  -2.425  -2.522
HIS+1B3771_005  -0.177  -2.690  -2.868
HIS+1B3771_006  -0.123  -2.425  -2.548
THR01B3772_001   0.268  -2.134  -1.866
THR01B3772_002   0.268  -2.134  -1.866
THR01B3772_003   0.268  -2.134  -1.866
ARG01B3773_001   1.882  -9.234  -7.353
ARG02B3773_002   1.954  -9.234  -7.281
ARG03B3773_003   1.862  -9.234  -7.372
ARG+1B3773_004   1.819  -9.234  -7.415
ALA01B3775_001   0.000  -0.206  -0.206
ALA01B3776_001   0.000  -0.670  -0.670
GLU01B3777_001   3.140  -1.390   1.750
GLU01B3777_002   3.140  -1.390   1.750
GLU02B3777_003   2.503  -1.231   1.272
GLU02B3777_004   2.503  -1.231   1.272
GLU-1B3777_005   2.436  -1.240   1.196
MET01B3778_001   0.210  -0.100   0.111
VAL01B3779_001   0.941  -1.030  -0.089
LEU01B3780_001   2.401  -0.155   2.246
GLN01B3781_001   1.952  -0.515   1.437
GLN01B3781_002   3.213  -0.576   2.637
MET01B3782_001   1.126  -0.096   1.030
ILE01B3783_001   2.454  -1.648   0.806
SER01B3784_001   0.000  -0.963  -0.963
SER01B3784_002   0.000  -0.963  -0.963
ALA01B3785_001   0.000  -0.155  -0.155
CYS01B3786_001  -0.002  -0.214  -0.216
CYS01B3786_002  -0.002  -0.214  -0.216
CYS01B3786_003  -0.003  -0.214  -0.217
CYS-1B3786_004   0.000  -0.214  -0.214
LYS01B3787_001   1.249  -5.922  -4.673
LYS+1B3787_002   1.201  -5.922  -4.721
GLU01B3789_001   1.296  -1.564  -0.267
GLU01B3789_002   1.296  -1.564  -0.267
GLU02B3789_003   1.095  -1.419  -0.324
GLU02B3789_004   1.095  -1.419  -0.324
GLU-1B3789_005   1.014  -1.407  -0.393
THR01B3790_001   0.228  -4.435  -4.207
THR01B3790_002   0.228  -4.435  -4.207
CTR01B3790_001  -0.021  -2.133  -2.154
CTR01B3790_002   0.125  -2.037  -1.911
CTR02B3790_003  -0.022  -2.095  -2.117
CTR02B3790_004   0.052  -2.172  -2.120
CTR-1B3790_005   0.000  -2.095  -2.095
NTR01B3792_001  -0.003  -1.624  -1.627
NTR+1B3792_002  -0.005  -1.624  -1.629
ALA01B3792_001   0.000  -3.413  -3.413
MET01B3793_001   0.409  -0.350   0.059
VAL01B3794_001   0.636  -0.361   0.276
CTR01B3794_001  -0.021  -1.332  -1.353
CTR01B3794_002   0.104  -1.332  -1.228
CTR02B3794_003  -0.022  -1.332  -1.354
CTR02B3794_004   0.041  -1.410  -1.369
CTR-1B3794_005   0.000  -1.332  -1.332
NTR01B3797_001  -0.003  -0.707  -0.709
NTR+1B3797_002  -0.005  -0.707  -0.711
THR01B3797_001   0.247  -0.103   0.144
THR01B3797_002   0.247  -0.103   0.144
THR01B3797_003   0.247  -0.103   0.144
LEU01B3798_001   2.373  -7.569  -5.196
CTR01B3798_001  -0.021  -2.925  -2.946
CTR01B3798_002   0.096  -3.041  -2.945
CTR02B3798_003  -0.022  -2.963  -2.986
CTR02B3798_004   0.037  -3.060  -3.023
CTR-1B3798_005   0.000  -2.905  -2.905
NTR01B3800_001  -0.003  -0.578  -0.581
NTR+1B3800_002  -0.005  -0.578  -0.583
CTR01B3800_001  -0.021  -0.811  -0.832
CTR01B3800_002   0.100  -0.869  -0.769
CTR02B3800_003  -0.022  -0.811  -0.833
CTR02B3800_004   0.039  -1.004  -0.965
CTR-1B3800_005   0.000  -0.811  -0.811
LEU01B3800_001   1.911  -0.309   1.602
NTR01B3803_001  -0.003  -1.873  -1.876
NTR+1B3803_002  -0.005  -1.873  -1.878
CTR01B3803_001  -0.021  -2.365  -2.386
CTR01B3803_002   0.092  -2.307  -2.216
CTR02B3803_003  -0.022  -2.346  -2.368
CTR02B3803_004   0.034  -2.385  -2.350
CTR-1B3803_005   0.000  -2.365  -2.365
SER01B3803_001   0.000  -0.722  -0.722
SER01B3803_002   0.000  -0.722  -0.722
SER01B3803_003   0.000  -0.722  -0.722
NTG01B3807_001  -0.005  -4.500  -4.505
NTG+1B3807_002  -0.010  -4.500  -4.510
CTR01B3807_001  -0.021  -4.749  -4.770
CTR01B3807_002   0.100  -5.155  -5.055
CTR02B3807_003  -0.022  -5.155  -5.177
CTR02B3807_004   0.038  -5.020  -4.982
CTR-1B3807_005   0.000  -4.923  -4.923
NTR01B3813_001  -0.003  -1.927  -1.930
NTR+1B3813_002  -0.005  -1.927  -1.932
GLN01B3813_001   2.340  -1.653   0.687
GLN01B3813_002   3.873  -1.576   2.297
GLN01B3814_001   0.853  -3.142  -2.288
GLN01B3814_002   0.707  -2.901  -2.193
LYS01B3815_001   1.042  -3.304  -2.261
LYS+1B3815_002   0.997  -3.304  -2.307
MET01B3816_001   0.931  -3.023  -2.093
LEU01B3817_001   1.733  -0.309   1.424
ASP01B3818_001   0.451  -2.245  -1.794
ASP01B3818_002   0.451  -2.245  -1.794
ASP02B3818_003   0.503  -2.246  -1.743
ASP02B3818_004   0.503  -2.246  -1.743
ASP-1B3818_005   0.390  -2.240  -1.850
TYR01B3819_001   4.782  -2.108   2.674
TYR-1B3819_002   4.782  -2.108   2.674
LEU01B3820_001   2.238   0.000   2.238
LYS01B3821_001   2.491  -3.927  -1.435
LYS+1B3821_002   2.408  -3.927  -1.519
ASP01B3822_001   0.426  -3.012  -2.586
ASP01B3822_002   0.426  -3.012  -2.586
ASP02B3822_003   0.481  -3.003  -2.522
ASP02B3822_004   0.481  -3.003  -2.522
ASP-1B3822_005   0.369  -2.963  -2.594
LYS01B3823_001   3.778  -2.127   1.651
LYS+1B3823_002   3.683  -2.127   1.556
LYS01B3824_001   1.572  -5.048  -3.476
LYS+1B3824_002   1.487  -5.048  -3.561
GLU01B3825_001   2.200  -0.616   1.584
GLU01B3825_002   2.200  -0.616   1.584
GLU02B3825_003   1.801  -0.635   1.166
GLU02B3825_004   1.801  -0.635   1.166
GLU-1B3825_005   1.730  -0.559   1.171
VAL01B3826_001   0.647  -2.814  -2.167
PHE01B3828_001   4.999  -1.146   3.853
PHE01B3829_001   5.145  -0.556   4.590
GLN01B3830_001   2.561  -2.279   0.282
GLN01B3830_002   4.122  -2.215   1.907
CTR01B3830_001  -0.021  -0.347  -0.368
CTR01B3830_002   0.093  -0.347  -0.255
CTR02B3830_003  -0.022  -0.347  -0.370
CTR02B3830_004   0.035  -0.347  -0.313
CTR-1B3830_005   0.000  -0.347  -0.347
NTR01B3833_001  -0.003  -0.321  -0.324
NTR+1B3833_002  -0.005  -0.321  -0.326
GLN01B3833_001   1.965  -1.344   0.622
GLN01B3833_002   3.218  -1.299   1.919
ALA01B3834_001   0.000  -2.009  -2.009
LEU01B3835_001   1.749  -2.369  -0.620
MET01B3836_001   0.659  -2.790  -2.131
GLN01B3837_001   1.975  -2.961  -0.987
GLN01B3837_002   3.333  -2.764   0.569
THR01B3838_001   0.285  -2.729  -2.443
THR01B3838_002   0.285  -2.729  -2.443
THR01B3838_003   0.285  -2.729  -2.443
CYS01B3839_001  -0.002  -1.786  -1.788
CYS01B3839_002  -0.002  -1.786  -1.788
CYS01B3839_003  -0.003  -1.786  -1.789
CYS-1B3839_004   0.000  -1.786  -1.786
SER01B3840_001   0.000  -1.335  -1.335
SER01B3840_002   0.000  -1.335  -1.335
SER01B3840_003   0.000  -1.335  -1.335
VAL01B3841_001   0.793  -1.339  -0.547
LEU01B3842_001   1.756  -0.052   1.705
ASP01B3843_001   0.207  -1.560  -1.353
ASP01B3843_002   0.207  -1.560  -1.353
ASP02B3843_003   0.298  -1.662  -1.364
ASP02B3843_004   0.298  -1.662  -1.364
ASP-1B3843_005   0.195  -1.619  -1.424
LEU01B3844_001   1.865  -2.933  -1.068
ASN01B3845_001   0.310  -3.591  -3.281
ASN01B3845_002   0.451  -3.609  -3.158
ALA01B3846_001   0.000  -0.876  -0.876
PHE01B3847_001   4.718   0.000   4.718
GLU01B3848_001   1.751  -1.499   0.252
GLU01B3848_002   1.751  -1.499   0.252
GLU02B3848_003   1.473  -1.529  -0.055
GLU02B3848_004   1.473  -1.529  -0.055
GLU-1B3848_005   1.367  -1.464  -0.097
ARG01B3849_001   2.230 -10.369  -8.139
ARG02B3849_002   2.215 -10.369  -8.155
ARG03B3849_003   2.210 -10.369  -8.159
ARG+1B3849_004   2.167 -10.369  -8.202
GLN01B3850_001   2.478   0.000   2.478
GLN01B3850_002   4.090   0.000   4.090
ASN01B3851_001   0.186  -1.235  -1.049
ASN01B3851_002   0.013  -1.176  -1.163
LYS01B3852_001   0.762  -8.301  -7.539
LYS+1B3852_002   0.715  -8.301  -7.586
ALA01B3853_001   0.000  -0.927  -0.927
GLU01B3854_001   0.499  -1.880  -1.381
GLU01B3854_002   0.499  -1.880  -1.381
GLU02B3854_003   0.665  -1.793  -1.128
GLU02B3854_004   0.665  -1.793  -1.128
GLU-1B3854_005   0.468  -1.817  -1.350
LEU01B3856_001   1.488  -7.292  -5.804
MET01B3858_001   0.142  -8.599  -8.456
VAL01B3859_001   0.501  -2.576  -2.074
ASN01B3860_001  -0.020  -3.189  -3.209
GLU01B3861_001   0.498  -2.793  -2.295
GLU01B3861_002   0.498  -2.793  -2.295
GLU02B3861_003   0.664  -2.772  -2.108
GLU02B3861_004   0.664  -2.772  -2.108
GLU-1B3861_005   0.467  -2.644  -2.177
ASP01B3862_001  -0.040  -2.299  -2.339
ASP01B3862_002  -0.040  -2.299  -2.339
ASP02B3862_003  -0.009  -2.344  -2.353
ASP02B3862_004  -0.009  -2.344  -2.353
ASP-1B3862_005  -0.041  -2.264  -2.305
THR01B3864_001   0.152  -1.609  -1.457
VAL01B3865_001   0.503  -5.750  -5.247
ILE01B3866_001   0.939  -5.219  -4.280
ASN01B3867_001  -0.020  -1.073  -1.094
ARG01B3868_0011191.796  -5.5471186.249
ARG02B3868_0021191.777  -5.5471186.230
ARG03B3868_0031191.811  -5.5471186.265
ARG03B3868_004 190.836  -5.547 185.289
ARG+1B3868_0051191.745  -5.5471186.198
GLN01B3869_001   0.455  -2.034  -1.578
ASN01B3870_001  -0.020  -0.364  -0.384
GLU01B3872_001   0.498  -3.960  -3.462
GLU01B3872_002   0.498  -3.960  -3.462
GLU02B3872_003   0.664  -3.924  -3.260
GLU02B3872_004   0.664  -3.924  -3.260
GLU-1B3872_005   0.467  -3.794  -3.327
LYS01B3873_001   1.727  -2.912  -1.185
LYS+1B3873_002   1.679  -2.912  -1.233
VAL01B3874_001   0.915   0.000   0.915
MET01B3875_001   0.938  -0.471   0.467
ALA01B3876_001   0.000  -1.233  -1.233
ASP01B3877_001   0.087  -1.540  -1.453
ASP01B3877_002   0.087  -1.540  -1.453
ASP02B3877_003   0.161  -1.503  -1.342
ASP02B3877_004   0.161  -1.503  -1.342
ASP-1B3877_005   0.082  -1.482  -1.399
ASP01B3878_001   0.059  -2.556  -2.497
ASP01B3878_002   0.059  -2.556  -2.497
ASP02B3878_003   0.127  -2.531  -2.404
ASP02B3878_004   0.127  -2.531  -2.404
ASP-1B3878_005   0.056  -2.523  -2.467
CTR01B3878_001  -0.021  -5.077  -5.098
CTR01B3878_002   0.102  -5.078  -4.976
CTR02B3878_003  -0.022  -5.058  -5.080
CTR02B3878_004   0.040  -5.116  -5.077
CTR-1B3878_005   0.000  -4.942  -4.942
NTR01B3892_001  -0.003  -1.413  -1.416
NTR+1B3892_002  -0.005  -1.413  -1.418
CYS01B3892_001  -0.002  -0.071  -0.073
CYS01B3892_002  -0.002  -0.071  -0.073
CYS01B3892_003  -0.002  -0.071  -0.074
CYS-1B3892_004   0.000  -0.071  -0.071
GLU01B3893_001   1.785  -1.338   0.446
GLU01B3893_002   1.785  -1.338   0.446
GLU02B3893_003   1.465  -1.374   0.091
GLU02B3893_004   1.465  -1.374   0.091
GLU-1B3893_005   1.374  -1.369   0.006
HIS01B3895_001  -0.166  -1.146  -1.311
HIS01B3895_002  -0.126  -0.939  -1.065
HIS02B3895_003  -0.184  -1.146  -1.329
HIS02B3895_004  -0.140  -0.939  -1.079
HIS+1B3895_005  -0.211  -1.146  -1.356
HIS+1B3895_006  -0.166  -0.939  -1.105
ASN01B3896_001   0.064  -0.891  -0.827
ASN01B3896_002   0.254  -0.738  -0.485
ASN01B3897_001   0.241  -2.564  -2.323
ASN01B3897_002   0.049  -2.338  -2.289
ASP01B3898_001   0.045  -1.508  -1.463
ASP01B3898_002   0.045  -1.508  -1.463
ASP02B3898_003   0.108  -1.619  -1.511
ASP02B3898_004   0.108  -1.619  -1.511
ASP-1B3898_005   0.042  -1.472  -1.430
PHE01B3899_001   5.618  -1.398   4.220
GLN01B3900_001   1.969   0.000   1.969
GLN01B3900_002   3.200   0.000   3.200
ASN01B3901_001   0.517  -1.913  -1.396
TYR01B3902_001   4.850  -0.202   4.648
TYR-1B3902_002   4.850  -0.202   4.648
LEU01B3903_001   1.941  -1.288   0.653
ARG01B3904_001   3.729  -3.845  -0.117
ARG02B3904_002   3.689  -3.845  -0.157
ARG02B3904_003   3.693  -3.845  -0.152
ARG03B3904_004   3.698  -3.845  -0.148
ARG03B3904_005   3.718  -3.845  -0.128
ARG+1B3904_006   3.649  -3.845  -0.197
THR01B3905_001   0.213  -2.587  -2.374
GLN01B3906_001   2.376   0.000   2.376
GLN01B3906_002   3.932   0.000   3.932
THR01B3907_001   0.175  -5.776  -5.601
THR01B3907_002   0.175  -5.776  -5.601
ASN01B3909_001   0.453  -0.172   0.281
ASN01B3909_002   0.211  -0.276  -0.064
THR01B3910_001   0.225  -5.733  -5.508
THR01B3911_001   0.205  -3.001  -2.796
THR01B3911_002   0.205  -3.001  -2.796
THR01B3912_001   0.220  -3.589  -3.369
ILE01B3913_001   1.786  -0.155   1.631
CTR01B3913_001  -0.021  -2.182  -2.203
CTR01B3913_002   0.096  -2.336  -2.240
CTR02B3913_003  -0.022  -2.143  -2.165
CTR02B3913_004   0.037  -2.278  -2.241
CTR-1B3913_005   0.000  -2.143  -2.143
NTR01B3915_001  -0.003  -0.193  -0.196
NTR+1B3915_002  -0.005  -0.193  -0.197
CTR01B3915_001  -0.021  -1.737  -1.758
CTR01B3915_002   0.108  -1.718  -1.610
CTR02B3915_003  -0.022  -1.737  -1.760
CTR02B3915_004   0.043  -1.718  -1.675
CTR-1B3915_005   0.000  -1.737  -1.737
ILE01B3915_001   3.930  -1.339   2.591
NTR01B3918_001  -0.003  -1.991  -1.994
NTR01B3918_002  -0.002  -1.991  -1.994
NTR+1B3918_003  -0.005  -1.991  -1.996
CTR01B3918_001  -0.021  -0.985  -1.005
CTR01B3918_002   0.088  -0.985  -0.896
CTR02B3918_003  -0.022  -0.985  -1.006
CTR02B3918_004   0.033  -1.120  -1.087
CTR-1B3918_005   0.000  -0.985  -0.985
CYS01B3918_001  -0.002  -1.508  -1.509
CYS01B3918_002  -0.002  -1.508  -1.509
CYS01B3918_003  -0.003  -1.508  -1.510
CYS-1B3918_004   0.000  -1.508  -1.508
NTR01B3921_001  -0.003  -1.349  -1.352
NTR+1B3921_002  -0.005  -1.349  -1.354
ASP01B3921_001   0.465  -1.567  -1.102
ASP01B3921_002   0.465  -1.567  -1.102
ASP02B3921_003   0.502  -1.649  -1.147
ASP02B3921_004   0.502  -1.649  -1.147
ASP-1B3921_005   0.396  -1.585  -1.189
TYR01B3922_001   4.577  -3.328   1.249
TYR01B3922_002   4.577  -3.328   1.249
TYR-1B3922_003   4.577  -3.328   1.249
LEU01B3923_001   1.611  -5.251  -3.640
LEU01B3924_001   2.027  -2.299  -0.272
ARG01B3925_001   2.218  -4.808  -2.590
ARG02B3925_002   2.220  -4.808  -2.588
ARG03B3925_003   2.181  -4.808  -2.627
ARG+1B3925_004   2.142  -4.808  -2.666
LEU01B3926_001   1.984  -2.382  -0.399
GLN01B3927_001   3.982  -0.610   3.372
GLN01B3927_002   6.572  -0.581   5.991
GLU01B3928_001   3.448  -3.240   0.208
GLU01B3928_002   3.448  -3.240   0.208
GLU02B3928_003   2.739  -3.267  -0.528
GLU02B3928_004   2.739  -3.267  -0.528
GLU-1B3928_005   2.678  -3.071  -0.393
SER01B3929_001   0.000  -0.336  -0.336
ILE01B3930_001   4.183  -1.494   2.689
SER01B3931_001   0.000  -0.973  -0.973
SER01B3931_002   0.000  -0.973  -0.973
SER01B3931_003   0.000  -0.973  -0.973
ASP01B3932_001   0.190  -2.084  -1.894
ASP01B3932_002   0.190  -2.084  -1.894
ASP02B3932_003   0.280  -2.057  -1.777
ASP02B3932_004   0.280  -2.057  -1.777
ASP-1B3932_005   0.179  -1.998  -1.819
PHE01B3933_001   4.776  -0.101   4.675
TYR01B3934_001   4.690  -0.845   3.845
TYR01B3934_002   4.690  -0.845   3.845
TYR-1B3934_003   4.690  -0.845   3.845
TRP01B3935_001   3.201  -8.356  -5.155
TYR01B3936_001   4.810  -3.027   1.782
TYR01B3936_002   4.810  -3.027   1.782
TYR-1B3936_003   4.810  -3.027   1.782
TYR01B3937_001   5.083   0.000   5.083
TYR01B3937_002   5.083   0.000   5.083
TYR-1B3937_003   5.083   0.000   5.083
SER01B3938_001   0.000  -0.836  -0.836
SER01B3938_002   0.000  -0.836  -0.836
SER01B3938_003   0.000  -0.836  -0.836
LYS01B3940_001   0.915  -4.337  -3.423
LYS+1B3940_002   0.869  -4.337  -3.469
ASP01B3941_001   0.068  -3.022  -2.954
ASP01B3941_002   0.068  -3.022  -2.954
ASP02B3941_003   0.136  -3.071  -2.934
ASP02B3941_004   0.136  -3.071  -2.934
ASP-1B3941_005   0.064  -2.907  -2.843
VAL01B3942_001   0.492  -5.064  -4.572
ILE01B3943_001   3.756  -0.377   3.379
GLU01B3944_001   2.296  -2.044   0.252
GLU01B3944_002   2.296  -2.044   0.252
GLU02B3944_003   1.891  -1.883   0.008
GLU02B3944_004   1.891  -1.883   0.008
GLU-1B3944_005   1.793  -1.895  -0.102
GLU01B3945_001   3.024  -2.699   0.325
GLU01B3945_002   3.024  -2.699   0.325
GLU02B3945_003   2.434  -2.796  -0.361
GLU02B3945_004   2.434  -2.796  -0.361
GLU-1B3945_005   2.359  -2.642  -0.284
GLN01B3946_001   0.778  -0.446   0.332
GLN01B3946_002   0.652  -0.357   0.295
LYS01B3948_001   0.999  -1.930  -0.931
LYS+1B3948_002   0.953  -1.930  -0.977
ARG01B3949_001   2.464  -7.396  -4.933
ARG02B3949_002   2.444  -7.396  -4.953
ARG03B3949_003   2.530  -7.396  -4.866
ARG+1B3949_004   2.401  -7.396  -4.996
ASN01B3950_001   0.428   0.000   0.428
ASN01B3950_002   0.187   0.000   0.187
PHE01B3951_001   4.986  -0.693   4.293
SER01B3952_001   0.000  -1.699  -1.699
SER01B3952_002   0.000  -1.699  -1.699
SER01B3952_003   0.000  -1.699  -1.699
LYS01B3953_001   1.245  -2.049  -0.804
LYS+1B3953_002   1.198  -2.049  -0.851
CTR01B3953_001  -0.021  -2.780  -2.801
CTR01B3953_002   0.104  -2.761  -2.657
CTR02B3953_003  -0.022  -2.664  -2.686
CTR02B3953_004   0.041  -2.684  -2.643
CTR-1B3953_005   0.000  -2.664  -2.664
NTR01B3964_001  -0.003  -2.750  -2.753
NTR+1B3964_002  -0.005  -2.837  -2.841
CTR01B3964_001  -0.021  -0.927  -0.948
CTR01B3964_002   0.097  -0.927  -0.829
CTR02B3964_003  -0.022  -1.062  -1.084
CTR02B3964_004   0.038  -0.869  -0.831
CTR-1B3964_005   0.000  -0.927  -0.927
SER01B3964_001   0.000  -4.123  -4.123
SER01B3964_002   0.000  -4.123  -4.123
NTR01B3966_001  -0.003   0.000  -0.003
NTR+1B3966_002  -0.005   0.000  -0.005
THR01B3966_001   0.284  -2.431  -2.147
THR01B3966_002   0.284  -2.431  -2.147
GLU01B3967_001   1.586  -0.682   0.904
GLU01B3967_002   1.586  -0.682   0.904
GLU02B3967_003   1.295  -0.659   0.636
GLU02B3967_004   1.295  -0.659   0.636
GLU-1B3967_005   1.212  -0.646   0.567
TYR01B3968_001   4.521  -4.866  -0.345
TYR-1B3968_002   4.521  -4.866  -0.345
ILE01B3969_001   2.217  -0.480   1.737
GLN01B3970_001   2.411  -0.472   1.939
GLN01B3970_002   3.969  -0.497   3.472
PRO01B3972_001   0.296  -3.488  -3.192
CYS01B3973_001  -0.002  -0.071  -0.073
CYS01B3973_002  -0.002  -0.071  -0.073
CYS01B3973_003  -0.002  -0.071  -0.074
CYS-1B3973_004   0.000  -0.071  -0.071
THR01B3974_001   0.218  -5.103  -4.885
ASN01B3976_001   0.402  -0.172   0.230
ASN01B3976_002   0.171  -0.157   0.013
GLN01B3977_001   1.725  -0.461   1.264
GLN01B3977_002   2.865  -0.512   2.353
GLN01B3978_001   0.845  -3.080  -2.235
GLN01B3978_002   0.698  -2.886  -2.188
SER01B3979_001   0.000  -3.105  -3.105
SER01B3979_002   0.000  -3.105  -3.105
CTR01B3979_001  -0.021  -4.218  -4.239
CTR01B3979_002   0.100  -4.180  -4.080
CTR02B3979_003  -0.022  -4.180  -4.202
CTR02B3979_004   0.039  -4.276  -4.237
CTR-1B3979_005   0.000  -4.180  -4.180
NTR01B3984_001  -0.003  -2.667  -2.669
NTR01B3984_002  -0.002  -2.647  -2.650
NTR+1B3984_003  -0.005  -2.647  -2.652
CTR01B3984_001  -0.021  -1.737  -1.759
CTR01B3984_002   0.128  -1.641  -1.513
CTR02B3984_003  -0.022  -1.853  -1.876
CTR02B3984_004   0.053  -1.718  -1.665
CTR-1B3984_005   0.000  -1.737  -1.737
ARG01B3984_001   2.049 -10.232  -8.183
ARG02B3984_002   2.010 -10.232  -8.222
ARG03B3984_003   2.016 -10.232  -8.216
ARG+1B3984_004   1.972 -10.232  -8.260
NTR01B3986_001  -0.003  -0.385  -0.388
NTR+1B3986_002  -0.005  -0.385  -0.390
TRP01B3986_001   3.318  -9.221  -5.902
ASP01B3987_001   0.083  -2.643  -2.561
ASP01B3987_002   0.083  -2.643  -2.561
ASP02B3987_003   0.155  -2.657  -2.501
ASP02B3987_004   0.155  -2.657  -2.501
ASP-1B3987_005   0.078  -2.623  -2.545
CTR01B3987_001  -0.021  -0.927  -0.948
CTR01B3987_002   0.099  -0.869  -0.770
CTR02B3987_003  -0.022  -0.869  -0.891
CTR02B3987_004   0.039  -0.869  -0.829
CTR-1B3987_005   0.000  -0.869  -0.869
NTR01B3989_001  -0.003  -0.064  -0.067
NTR01B3989_002  -0.002  -0.064  -0.066
NTR+1B3989_003  -0.005  -0.064  -0.069
CTR01B3989_001  -0.021  -0.753  -0.774
CTR01B3989_002   0.100  -0.753  -0.653
CTR02B3989_003  -0.022  -0.753  -0.775
CTR02B3989_004   0.040  -0.734  -0.694
CTR-1B3989_005   0.000  -0.753  -0.753
VAL01B3989_001   0.918  -3.174  -2.257
NTR01B3992_001  -0.003  -0.514  -0.517
NTR+1B3992_002  -0.005  -0.514  -0.519
PHE01B3992_001   5.485  -1.181   4.303
LEU01B3993_001   2.334  -2.730  -0.396
HIS01B3994_001  -0.140  -4.360  -4.499
HIS02B3994_002  -0.159  -4.360  -4.519
HIS+1B3994_003  -0.186  -4.360  -4.545
VAL01B3995_001   0.755  -0.052   0.703
PHE01B3996_001   4.388  -4.468  -0.080
ALA01B3997_001   0.000   0.000   0.000
HIS01B3998_001  -0.142  -3.328  -3.471
HIS02B3998_002  -0.161  -3.328  -3.490
HIS+1B3998_003  -0.188  -3.328  -3.517
MET01B3999_001   0.122  -0.240  -0.118
MET01B4000_001   1.702  -0.336   1.366
MET01B4001_001  -0.002  -1.859  -1.861
LYS01B4002_001   1.290  -1.571  -0.281
LYS+1B4002_002   1.245  -1.571  -0.326
LEU01B4003_001   1.509  -0.103   1.406
ALA01B4004_001   0.000  -0.052  -0.052
GLN01B4005_001   1.731  -1.698   0.033
GLN01B4005_002   2.889  -1.865   1.024
ASP01B4006_001   0.065  -1.232  -1.167
ASP01B4006_002   0.065  -1.232  -1.167
ASP02B4006_003   0.134  -1.240  -1.106
ASP02B4006_004   0.134  -1.240  -1.106
ASP-1B4006_005   0.062  -1.150  -1.088
SER01B4007_001   0.000  -3.448  -3.448
SER01B4008_001   0.000  -3.290  -3.290
SER01B4008_002   0.000  -3.290  -3.290
GLN01B4009_001   2.026  -0.118   1.908
GLN01B4009_002   3.411  -0.069   3.342
ILE01B4010_001   2.080  -3.210  -1.130
GLU01B4011_001   2.899  -3.679  -0.780
GLU01B4011_002   2.899  -3.679  -0.780
GLU02B4011_003   2.306  -3.608  -1.302
GLU02B4011_004   2.306  -3.608  -1.302
GLU-1B4011_005   2.242  -3.515  -1.273
LEU01B4012_001   1.827  -0.464   1.363
LEU01B4013_001   2.145  -0.515   1.630
LYS01B4014_001   1.047  -4.881  -3.834
LYS+1B4014_002   1.003  -4.881  -3.878
GLU01B4015_001   2.945  -2.666   0.279
GLU01B4015_002   2.945  -2.666   0.279
GLU02B4015_003   2.345  -2.635  -0.290
GLU02B4015_004   2.345  -2.635  -0.290
GLU-1B4015_005   2.280  -2.489  -0.209
LEU01B4016_001   3.301  -0.155   3.146
LEU01B4017_001   1.589  -0.155   1.434
ASP01B4018_001   0.196  -1.570  -1.375
ASP01B4018_002   0.196  -1.570  -1.375
ASP02B4018_003   0.286  -1.689  -1.403
ASP02B4018_004   0.286  -1.689  -1.403
ASP-1B4018_005   0.185  -1.627  -1.443
CTR01B4018_001  -0.021  -3.041  -3.062
CTR01B4018_002   0.104  -3.099  -2.995
CTR02B4018_003  -0.022  -2.905  -2.928
CTR02B4018_004   0.040  -3.060  -3.020
CTR-1B4018_005   0.000  -2.905  -2.905
NTR01B4021_001  -0.003  -1.340  -1.343
NTR+1B4021_002  -0.005  -1.340  -1.344
CTR01B4021_001  -0.021  -4.093  -4.114
CTR01B4021_002   0.117  -4.190  -4.073
CTR02B4021_003  -0.022  -4.093  -4.115
CTR02B4021_004   0.046  -4.132  -4.086
CTR-1B4021_005   0.000  -4.093  -4.093
LYS01B4021_001   1.370  -3.628  -2.257
LYS+1B4021_002   1.323  -3.628  -2.305
NTR01B4026_001  -0.003  -1.477  -1.480
NTR+1B4026_002  -0.005  -1.477  -1.482
CTR01B4026_001  -0.021  -1.042  -1.063
CTR01B4026_002   0.101  -1.042  -0.941
CTR02B4026_003  -0.022  -1.120  -1.142
CTR02B4026_004   0.039  -1.081  -1.042
CTR-1B4026_005   0.000  -1.042  -1.042
MET01B4026_001   0.048  -5.615  -5.567
NTR01B4028_001  -0.003  -0.578  -0.581
NTR+1B4028_002  -0.005  -0.578  -0.583
LEU01B4028_001   2.329  -5.837  -3.507
SER01B4029_001   0.000  -0.301  -0.301
SER01B4029_002   0.000  -0.301  -0.301
SER01B4029_003   0.000  -0.301  -0.301
LEU01B4030_001   2.691  -3.190  -0.500
LEU01B4031_001   2.901  -6.194  -3.293
GLU01B4032_001   2.149  -0.026   2.123
GLU01B4032_002   2.149  -0.026   2.123
GLU02B4032_003   1.702  -0.062   1.640
GLU02B4032_004   1.702  -0.062   1.640
GLU-1B4032_005   1.638  -0.026   1.612
ASN01B4034_001  -0.023  -1.131  -1.154
ASN01B4034_002   0.127  -1.169  -1.043
VAL01B4035_001   0.428  -4.684  -4.256
VAL01B4036_001   0.745  -6.828  -6.084
ASN01B4037_001   0.398  -3.761  -3.363
ASN01B4037_002   0.175  -3.701  -3.526
MET01B4039_001   0.901  -9.055  -8.154
CTR01B4039_001  -0.021  -4.064  -4.085
CTR01B4039_002   0.088  -4.122  -4.034
CTR02B4039_003  -0.022  -4.064  -4.086
CTR02B4039_004   0.033  -3.968  -3.935
CTR-1B4039_005   0.000  -4.064  -4.064
NTR01B4046_001  -0.003  -1.799  -1.802
NTR+1B4046_002  -0.005  -1.799  -1.804
ASP01B4046_001   0.075  -2.794  -2.719
ASP01B4046_002   0.075  -2.794  -2.719
ASP02B4046_003   0.145  -2.931  -2.786
ASP02B4046_004   0.145  -2.931  -2.786
ASP-1B4046_005   0.071  -2.864  -2.793
MET01B4047_001   5.253  -2.454   2.798
CTR01B4047_001  -0.021  -1.023  -1.044
CTR01B4047_002   0.096  -1.023  -0.927
CTR02B4047_003  -0.022  -0.985  -1.007
CTR02B4047_004   0.037  -0.946  -0.909
CTR-1B4047_005   0.000  -0.985  -0.985
NTR01B4049_001  -0.003  -0.492  -0.494
NTR+1B4049_002  -0.004  -0.492  -0.496
VAL01B4049_001   1.061  -3.999  -2.937
GLU01B4050_001   3.033  -2.059   0.974
GLU01B4050_002   3.033  -2.059   0.974
GLU02B4050_003   2.406  -2.061   0.345
GLU02B4050_004   2.406  -2.061   0.345
GLU-1B4050_005   2.346  -1.998   0.348
CTR01B4050_001  -0.021  -2.452  -2.473
CTR01B4050_002   0.101  -2.548  -2.447
CTR02B4050_003  -0.022  -2.432  -2.455
CTR02B4050_004   0.040  -2.471  -2.431
CTR-1B4050_005   0.000  -2.432  -2.432
NTR01B4052_001  -0.003  -0.064  -0.067
NTR+1B4052_002  -0.005  -0.064  -0.069
SER01B4052_001   0.000  -2.702  -2.702
SER01B4052_002   0.000  -2.702  -2.702
SER01B4053_001   0.000  -5.046  -5.046
SER01B4053_002   0.000  -5.046  -5.046
SER01B4053_003   0.000  -5.046  -5.046
ASN01B4054_001   0.305  -0.812  -0.507
ASN01B4054_002   0.450  -1.009  -0.559
VAL01B4055_001   0.894  -3.071  -2.178
GLU01B4056_001   3.866  -2.324   1.543
GLU01B4056_002   3.866  -2.324   1.543
GLU02B4056_003   3.101  -2.274   0.827
GLU02B4056_004   3.101  -2.274   0.827
GLU-1B4056_005   3.028  -2.205   0.823
MET01B4057_001   1.373  -2.834  -1.461
ILE01B4058_001   2.516  -0.979   1.538
LEU01B4059_001   3.477  -0.873   2.605
LYS01B4060_001   1.424  -3.718  -2.294
LYS+1B4060_002   1.376  -3.718  -2.341
PHE01B4061_001   5.072  -0.152   4.920
PHE01B4062_001   5.032  -0.051   4.981
ASP01B4063_001   0.406  -0.551  -0.146
ASP01B4063_002   0.406  -0.551  -0.146
ASP02B4063_003   0.451  -0.543  -0.092
ASP02B4063_004   0.451  -0.543  -0.092
ASP-1B4063_005   0.348  -0.551  -0.204
MET01B4064_001   1.342  -0.719   0.623
PHE01B4065_001   4.867  -0.101   4.766
LEU01B4066_001   1.619  -0.515   1.104
LYS01B4067_001   2.563  -1.402   1.161
LYS+1B4067_002   2.514  -1.402   1.112
LEU01B4068_001   3.420  -0.721   2.698
LYS01B4069_001   1.645  -5.568  -3.923
LYS+1B4069_002   1.579  -5.568  -3.989
ASP01B4070_001   0.144  -1.667  -1.523
ASP01B4070_002   0.144  -1.667  -1.523
ASP02B4070_003   0.225  -1.567  -1.342
ASP02B4070_004   0.225  -1.567  -1.342
ASP-1B4070_005   0.136  -1.585  -1.449
ILE01B4071_001   2.322  -0.309   2.013
VAL01B4072_001   0.607  -0.824  -0.217
SER01B4074_001   0.000  -1.949  -1.949
SER01B4074_002   0.000  -1.949  -1.949
GLU01B4075_001   1.585  -3.334  -1.749
GLU01B4075_002   1.585  -3.334  -1.749
GLU02B4075_003   1.311  -3.340  -2.029
GLU02B4075_004   1.311  -3.340  -2.029
GLU-1B4075_005   1.219  -3.301  -2.082
ALA01B4076_001   0.000  -2.592  -2.592
PHE01B4077_001   4.565   0.000   4.565
GLN01B4078_001   0.778  -2.053  -1.275
ASP01B4079_001   0.198  -2.694  -2.496
ASP01B4079_002   0.198  -2.694  -2.496
ASP02B4079_003   0.290  -2.611  -2.321
ASP02B4079_004   0.290  -2.611  -2.321
ASP-1B4079_005   0.187  -2.524  -2.336
TYR01B4080_001   4.876  -0.823   4.053
TYR-1B4080_002   4.876  -0.823   4.053
VAL01B4081_001   0.510  -0.361   0.149
THR01B4082_001   0.199  -6.317  -6.118
ASP01B4083_001   0.236  -0.795  -0.559
ASP01B4083_002   0.236  -0.795  -0.559
ASP02B4083_003   0.327  -0.763  -0.437
ASP02B4083_004   0.327  -0.763  -0.437
ASP-1B4083_005   0.221  -0.689  -0.468
PRO01B4084_001   0.259  -6.382  -6.124
ARG01B4085_001   2.463  -7.682  -5.219
ARG02B4085_002   2.395  -7.682  -5.287
ARG02B4085_003   2.455  -7.682  -5.226
ARG03B4085_004   2.396  -7.682  -5.286
ARG+1B4085_005   2.350  -7.682  -5.331
LEU01B4087_001   1.644  -4.118  -2.473
ILE01B4088_001   4.371   0.000   4.371
SER01B4089_001   0.000  -1.609  -1.609
SER01B4089_002   0.000  -1.609  -1.609
SER01B4089_003   0.000  -1.609  -1.609
LYS01B4090_001   1.967  -2.365  -0.398
LYS+1B4090_002   1.922  -2.365  -0.443
LYS01B4091_001   1.374  -7.546  -6.172
LYS+1B4091_002   1.308  -7.546  -6.238
ASP01B4092_001   0.055  -0.387  -0.332
ASP01B4092_002   0.055  -0.387  -0.332
ASP02B4092_003   0.118  -0.481  -0.362
ASP02B4092_004   0.118  -0.481  -0.362
ASP-1B4092_005   0.051  -0.387  -0.336
PHE01B4093_001   4.668  -0.321   4.347
GLN01B4094_001   1.143  -1.441  -0.298
GLN01B4094_002   1.543  -1.378   0.165
LYS01B4095_001   1.323  -7.712  -6.390
LYS+1B4095_002   1.276  -7.712  -6.436
ALA01B4096_001   0.000  -0.155  -0.155
MET01B4097_001  -0.060   0.000  -0.060
ASP01B4098_001   0.392  -2.565  -2.173
ASP01B4098_002   0.392  -2.565  -2.173
ASP02B4098_003   0.428  -2.405  -1.977
ASP02B4098_004   0.428  -2.405  -1.977
ASP-1B4098_005   0.332  -2.403  -2.072
SER01B4099_001   0.000  -2.279  -2.279
SER01B4099_002   0.000  -2.279  -2.279
GLN01B4100_001   2.370  -0.774   1.596
LYS01B4101_001   0.720  -8.932  -8.212
LYS+1B4101_002   0.675  -8.932  -8.257
GLN01B4102_001   1.530  -2.194  -0.664
GLN01B4102_002   2.528  -2.143   0.385
PHE01B4103_001   4.875   0.000   4.875
THR01B4104_001   0.215  -4.208  -3.993
THR01B4104_002   0.215  -4.208  -3.993
PRO01B4106_001   0.276  -6.614  -6.338
GLU01B4107_001   2.268  -1.399   0.869
GLU01B4107_002   2.268  -1.399   0.869
GLU02B4107_003   1.805  -1.477   0.328
GLU02B4107_004   1.805  -1.477   0.328
GLU-1B4107_005   1.735  -1.387   0.348
ILE01B4108_001   2.609  -0.155   2.454
GLN01B4109_001   1.144  -2.450  -1.306
GLN01B4109_002   0.902  -2.380  -1.478
PHE01B4110_001   4.872  -1.292   3.580
LEU01B4111_001   1.852  -0.052   1.801
LEU01B4112_001   1.456  -0.325   1.131
SER01B4113_001   0.000  -1.738  -1.738
SER01B4113_002   0.000  -1.738  -1.738
CYS01B4114_001  -0.002  -0.407  -0.409
CYS01B4114_002  -0.002  -0.407  -0.409
CYS01B4114_003  -0.003  -0.407  -0.410
CYS-1B4114_004   0.000  -0.407  -0.407
SER01B4115_001   0.000  -0.096  -0.096
SER01B4115_002   0.000  -0.096  -0.096
GLU01B4116_001   1.469  -1.649  -0.180
GLU01B4116_002   1.469  -1.649  -0.180
GLU02B4116_003   1.236  -1.459  -0.222
GLU02B4116_004   1.236  -1.459  -0.222
GLU-1B4116_005   1.134  -1.490  -0.356
ALA01B4117_001   0.000  -3.123  -3.123
ASP01B4118_001   0.367  -2.226  -1.860
ASP01B4118_002   0.367  -2.226  -1.860
ASP02B4118_003   0.403  -2.056  -1.653
ASP02B4118_004   0.403  -2.056  -1.653
ASP-1B4118_005   0.310  -2.136  -1.826
GLU01B4119_001   1.732  -3.867  -2.135
GLU01B4119_002   1.732  -3.867  -2.135
GLU02B4119_003   1.445  -4.006  -2.561
GLU02B4119_004   1.445  -4.006  -2.561
GLU-1B4119_005   1.344  -3.880  -2.536
ASN01B4120_001   0.030  -1.786  -1.756
GLU01B4121_001   3.098  -3.038   0.060
GLU01B4121_002   3.098  -3.038   0.060
GLU02B4121_003   2.470  -2.892  -0.422
GLU02B4121_004   2.470  -2.892  -0.422
GLU-1B4121_005   2.404  -2.945  -0.541
MET01B4122_001   0.142  -1.268  -1.125
ILE01B4123_001   2.323  -0.155   2.168
ASN01B4124_001   0.158  -1.531  -1.373
ASN01B4124_002  -0.002  -1.299  -1.301
PHE01B4125_001   4.488  -1.788   2.699
GLU01B4126_001   0.498  -3.372  -2.874
GLU01B4126_002   0.498  -3.372  -2.874
GLU02B4126_003   0.664  -3.348  -2.684
GLU02B4126_004   0.664  -3.348  -2.684
GLU-1B4126_005   0.467  -3.320  -2.854
GLU01B4127_001   5.539  -1.852   3.687
GLU01B4127_002   5.539  -1.852   3.687
GLU02B4127_003   4.434  -1.822   2.612
GLU02B4127_004   4.434  -1.822   2.612
GLU-1B4127_005   4.366  -1.812   2.554
PHE01B4128_001   4.482  -0.726   3.755
ALA01B4129_001   0.000  -0.274  -0.274
ASN01B4130_001   0.422  -1.954  -1.532
ASN01B4130_002   0.190  -2.066  -1.877
ARG01B4131_001   4.728  -2.718   2.010
ARG02B4131_002   4.684  -2.718   1.967
ARG03B4131_003   4.677  -2.718   1.960
ARG+1B4131_004   4.638  -2.718   1.920
PHE01B4132_001   4.651  -0.203   4.448
GLN01B4133_001   1.495  -0.413   1.081
GLN01B4133_002   2.440  -0.433   2.007
GLU01B4134_001   1.684  -3.077  -1.393
GLU01B4134_002   1.684  -3.077  -1.393
GLU02B4134_003   1.404  -3.146  -1.742
GLU02B4134_004   1.404  -3.146  -1.742
GLU-1B4134_005   1.304  -3.002  -1.697
PRO01B4135_001   0.312  -1.036  -0.723
ALA01B4136_001   0.000  -0.052  -0.052
ARG01B4137_001   2.264  -7.000  -4.736
ARG02B4137_002   2.242  -7.000  -4.758
ARG03B4137_003   2.337  -7.000  -4.663
ARG+1B4137_004   2.203  -7.000  -4.797
ASP01B4138_001   0.071  -1.304  -1.233
ASP01B4138_002   0.071  -1.304  -1.233
ASP02B4138_003   0.142  -1.373  -1.232
ASP02B4138_004   0.142  -1.373  -1.232
ASP-1B4138_005   0.068  -1.304  -1.237
ILE01B4139_001   0.995  -1.494  -0.499
PHE01B4141_001   4.764  -1.147   3.616
ASN01B4142_001   0.570  -1.100  -0.530
ASN01B4142_002   0.303  -0.945  -0.642
VAL01B4143_001   0.708  -2.627  -1.919
ALA01B4144_001   0.000  -0.206  -0.206
CTR01B4144_001  -0.021  -2.703  -2.724
CTR01B4144_002   0.101  -2.664  -2.563
CTR02B4144_003  -0.022  -2.664  -2.686
CTR02B4144_004   0.040  -2.626  -2.586
CTR-1B4144_005   0.000  -2.664  -2.664
NTR01B4152_001  -0.003  -2.732  -2.735
NTR+1B4152_002  -0.005  -2.597  -2.602
CTR01B4152_001  -0.021  -3.968  -3.989
CTR01B4152_002   0.088  -4.219  -4.131
CTR02B4152_003  -0.022  -3.929  -3.951
CTR02B4152_004   0.032  -4.103  -4.071
CTR-1B4152_005   0.000  -3.968  -3.968
GLU01B4152_001   3.312  -2.043   1.270
GLU01B4152_002   3.312  -2.043   1.270
GLU02B4152_003   2.625  -2.068   0.557
GLU02B4152_004   2.625  -2.068   0.557
GLU-1B4152_005   2.568  -2.032   0.536
NTR01B4156_001  -0.003  -1.516  -1.519
NTR+1B4156_002  -0.005  -1.516  -1.521
HIS01B4156_001  -0.256 -10.419 -10.675
HIS01B4156_002  -0.221 -10.256 -10.477
HIS02B4156_003  -0.277 -10.419 -10.696
HIS02B4156_004  -0.230 -10.256 -10.486
HIS+1B4156_005  -0.303 -10.419 -10.722
HIS+1B4156_006  -0.256 -10.256 -10.512
ASP01B4157_001   0.075  -1.482  -1.407
ASP01B4157_002   0.075  -1.482  -1.407
ASP02B4157_003   0.149  -1.473  -1.324
ASP02B4157_004   0.149  -1.473  -1.324
ASP-1B4157_005   0.073  -1.343  -1.271
PRO01B4158_001   0.261  -6.826  -6.564
ARG01B4159_001   2.473  -6.864  -4.391
ARG02B4159_002   2.398  -6.864  -4.466
ARG02B4159_003   2.403  -6.864  -4.461
ARG03B4159_004   2.465  -6.864  -4.400
ARG+1B4159_005   2.359  -6.864  -4.505
LEU01B4160_001   2.231  -7.533  -5.303
ARG01B4161_001   1.299  -8.451  -7.151
ARG02B4161_002   1.313  -8.451  -7.137
ARG03B4161_003   1.255  -8.451  -7.196
ARG+1B4161_004   1.211  -8.451  -7.239
CTR01B4161_001  -0.021  -3.263  -3.284
CTR01B4161_002   0.089  -3.070  -2.981
CTR02B4161_003  -0.022  -3.147  -3.169
CTR02B4161_004   0.033  -3.166  -3.134
CTR-1B4161_005   0.000  -3.147  -3.147
NTR01B4166_001  -0.003  -2.085  -2.088
NTR+1B4166_002  -0.005  -2.085  -2.090
LEU01B4166_001   2.651  -5.029  -2.378
ALA01B4167_001   0.000  -1.510  -1.510
GLU01B4168_001   1.888  -3.150  -1.262
GLU01B4168_002   1.888  -3.150  -1.262
GLU02B4168_003   1.603  -3.175  -1.572
GLU02B4168_004   1.603  -3.175  -1.572
GLU-1B4168_005   1.483  -3.057  -1.574
SER01B4169_001   0.000  -0.912  -0.912
SER01B4169_002   0.000  -0.912  -0.912
SER01B4169_003   0.000  -0.912  -0.912
ILE01B4170_001   2.520  -0.052   2.468
LEU01B4171_001   2.121  -3.963  -1.842
GLU01B4172_001   2.443  -2.631  -0.188
GLU01B4172_002   2.443  -2.631  -0.188
GLU02B4172_003   2.011  -2.687  -0.676
GLU02B4172_004   2.011  -2.687  -0.676
GLU-1B4172_005   1.911  -2.592  -0.681
TYR01B4173_001   4.715  -4.435   0.280
TYR-1B4173_002   4.715  -4.435   0.280
PHE01B4174_001   5.235  -0.289   4.946
ARG01B4175_001   3.032  -6.801  -3.769
ARG02B4175_002   2.960  -6.801  -3.841
ARG03B4175_003   3.021  -6.801  -3.780
ARG+1B4175_004   2.915  -6.801  -3.885
PRO01B4176_001   0.435  -4.169  -3.734
TYR01B4177_001   4.663  -2.425   2.238
TYR01B4177_002   4.663  -2.425   2.238
TYR-1B4177_003   4.663  -2.425   2.238
LEU01B4178_001   1.746  -1.751  -0.005
ARG01B4180_001   3.491  -2.249   1.242
ARG02B4180_002   3.465  -2.249   1.216
ARG02B4180_003   3.487  -2.249   1.238
ARG03B4180_004   3.455  -2.249   1.206
ARG+1B4180_005   3.415  -2.249   1.166
ILE01B4181_001   4.429  -0.052   4.377
GLU01B4182_001   3.079   0.000   3.079
GLU01B4182_002   3.079   0.000   3.079
GLU02B4182_003   2.464   0.000   2.464
GLU02B4182_004   2.464   0.000   2.464
GLU-1B4182_005   2.393   0.000   2.393
ILE01B4183_001   1.814  -0.103   1.711
MET01B4184_001   1.083  -2.460  -1.376
ALA01B4186_001   0.000  -3.036  -3.036
CTR01B4186_001  -0.021  -2.983  -3.004
CTR01B4186_002   0.094  -3.002  -2.909
CTR02B4186_003  -0.022  -2.925  -2.947
CTR02B4186_004   0.035  -2.964  -2.929
CTR-1B4186_005   0.000  -2.925  -2.925
NTR01B4188_001  -0.003  -0.064  -0.067
NTR+1B4188_002  -0.005  -0.064  -0.069
ARG01B4188_001   2.621 -12.247  -9.626
ARG02B4188_002   2.685 -12.247  -9.562
ARG03B4188_003   2.600 -12.247  -9.647
ARG+1B4188_004   2.557 -12.247  -9.691
ARG01B4189_001   3.773  -5.781  -2.007
ARG02B4189_002   3.777  -5.781  -2.004
ARG03B4189_003   3.737  -5.781  -2.044
ARG+1B4189_004   3.692  -5.781  -2.089
ILE01B4190_001   3.917  -0.206   3.711
GLU01B4191_001   6.063  -0.310   5.753
GLU01B4191_002   6.063  -0.310   5.753
GLU02B4191_003   4.859  -0.326   4.533
GLU02B4191_004   4.859  -0.326   4.533
GLU-1B4191_005   4.788  -0.310   4.478
ARG01B4192_001   2.551  -0.824   1.727
ARG02B4192_002   2.510  -0.824   1.686
ARG02B4192_003   2.515  -0.824   1.691
ARG03B4192_004   2.519  -0.824   1.695
ARG03B4192_005   2.615  -0.824   1.791
ARG+1B4192_006   2.470  -0.824   1.646
ILE01B4193_001   1.108  -1.320  -0.212
TYR01B4194_001   5.132  -3.987   1.145
TYR01B4194_002   5.132  -3.987   1.145
TYR-1B4194_003   5.132  -3.987   1.145
PHE01B4195_001   5.159   0.000   5.159
GLU01B4196_001   4.483  -1.184   3.299
GLU01B4196_002   4.483  -1.184   3.299
GLU02B4196_003   3.597  -1.328   2.269
GLU02B4196_004   3.597  -1.328   2.269
GLU-1B4196_005   3.526  -1.313   2.213
ILE01B4197_001   2.947   0.000   2.947
SER01B4198_001   0.000  -2.215  -2.215
SER01B4198_002   0.000  -2.215  -2.215
GLU01B4199_001   3.387  -2.563   0.824
GLU01B4199_002   3.387  -2.563   0.824
GLU02B4199_003   2.724  -2.535   0.188
GLU02B4199_004   2.724  -2.535   0.188
GLU-1B4199_005   2.649  -2.472   0.177
THR01B4200_001   0.243  -4.956  -4.713
THR01B4200_002   0.243  -4.956  -4.713
ASN01B4201_001   0.247  -0.920  -0.673
ASN01B4201_002   0.432  -0.827  -0.395
ARG01B4202_001   2.840  -4.039  -1.199
ARG02B4202_002   2.799  -4.039  -1.240
ARG03B4202_003   2.791  -4.039  -1.248
ARG+1B4202_004   2.751  -4.039  -1.288
ALA01B4203_001   0.000  -3.036  -3.036
GLN01B4204_001   1.704  -0.837   0.867
GLN01B4204_002   2.833  -0.900   1.933
TRP01B4205_001   3.402  -1.314   2.088
GLU01B4206_001   1.508  -2.283  -0.775
GLU01B4206_002   1.508  -2.283  -0.775
GLU02B4206_003   1.269  -2.248  -0.979
GLU02B4206_004   1.269  -2.248  -0.979
GLU-1B4206_005   1.167  -2.174  -1.007
MET01B4207_001   1.278  -3.770  -2.492
PRO01B4208_001   0.246  -7.355  -7.110
GLN01B4209_001   0.873  -1.063  -0.190
GLN01B4209_002   0.740  -1.112  -0.372
VAL01B4210_001   0.664  -0.068   0.596
LYS01B4211_001   0.690  -4.904  -4.214
LYS+1B4211_002   0.646  -4.904  -4.259
GLU01B4212_001   1.959  -2.182  -0.222
GLU01B4212_002   1.959  -2.182  -0.222
GLU02B4212_003   1.609  -2.119  -0.511
GLU02B4212_004   1.609  -2.119  -0.511
GLU-1B4212_005   1.519  -2.097  -0.578
SER01B4213_001   0.000  -1.635  -1.635
SER01B4213_002   0.000  -1.635  -1.635
SER01B4213_003   0.000  -1.635  -1.635
LYS01B4214_001   1.665  -1.958  -0.293
LYS+1B4214_002   1.582  -1.958  -0.376
ARG01B4215_001   4.719  -7.765  -3.046
ARG02B4215_002   4.671  -7.765  -3.094
ARG03B4215_003   4.668  -7.765  -3.097
ARG+1B4215_004   4.623  -7.765  -3.142
GLN01B4216_001   1.962  -2.914  -0.952
GLN01B4216_002   3.240  -2.643   0.596
PHE01B4217_001   5.232  -0.708   4.524
ILE01B4218_001   2.755  -1.236   1.519
PHE01B4219_001   4.818  -3.580   1.238
ASP01B4220_001   0.150  -1.473  -1.323
ASP01B4220_002   0.150  -1.473  -1.323
ASP02B4220_003   0.230  -1.525  -1.296
ASP02B4220_004   0.230  -1.525  -1.296
ASP-1B4220_005   0.140  -1.447  -1.306
VAL01B4221_001   1.065   0.000   1.065
VAL01B4222_001   1.087  -0.773   0.314
ASN01B4223_001   0.150  -2.033  -1.882
ASN01B4223_002  -0.007  -2.057  -2.065
GLU01B4224_001   1.851  -3.318  -1.467
GLU01B4224_002   1.851  -3.318  -1.467
GLU02B4224_003   1.550  -3.424  -1.874
GLU02B4224_004   1.550  -3.424  -1.874
GLU-1B4224_005   1.443  -3.328  -1.885
GLU01B4227_001   0.865  -4.019  -3.153
GLU01B4227_002   0.865  -4.019  -3.153
GLU02B4227_003   0.749  -4.087  -3.337
GLU02B4227_004   0.749  -4.087  -3.337
GLU-1B4227_005   0.654  -4.030  -3.376
ALA01B4228_001   0.000  -2.524  -2.524
GLU01B4229_001   2.760  -2.767  -0.007
GLU01B4229_002   2.760  -2.767  -0.007
GLU02B4229_003   2.288  -2.825  -0.537
GLU02B4229_004   2.288  -2.825  -0.537
GLU-1B4229_005   2.176  -2.722  -0.546
LYS01B4230_001   1.075  -3.429  -2.354
LYS+1B4230_002   1.029  -3.429  -2.400
MET01B4231_001   0.035  -0.336  -0.301
GLU01B4232_001   2.678  -1.030   1.647
GLU01B4232_002   2.678  -1.030   1.647
GLU02B4232_003   2.186  -1.028   1.157
GLU02B4232_004   2.186  -1.028   1.157
GLU-1B4232_005   2.092  -0.986   1.106
LEU01B4233_001   2.551  -3.689  -1.138
PHE01B4234_001   5.058  -0.371   4.688
VAL01B4235_001   0.758   0.000   0.758
SER01B4236_001   0.000  -2.152  -2.152
SER01B4236_002   0.000  -2.152  -2.152
PHE01B4237_001   5.148  -1.029   4.118
CYS01B4238_001  -0.002  -0.071  -0.073
CYS01B4238_002  -0.002  -0.071  -0.073
CYS01B4238_003  -0.002  -0.071  -0.074
CYS-1B4238_004   0.000  -0.071  -0.071
GLU01B4239_001   3.246  -0.034   3.212
GLU01B4239_002   3.246  -0.034   3.212
GLU02B4239_003   2.586  -0.072   2.514
GLU02B4239_004   2.586  -0.072   2.514
GLU-1B4239_005   2.523  -0.034   2.488
ASP01B4240_001   0.080  -0.551  -0.471
ASP01B4240_002   0.080  -0.551  -0.471
ASP02B4240_003   0.151  -0.543  -0.392
ASP02B4240_004   0.151  -0.543  -0.392
ASP-1B4240_005   0.075  -0.551  -0.476
THR01B4241_001   0.300  -0.060   0.240
THR01B4241_002   0.300  -0.060   0.240
ILE01B4242_001   3.690  -0.943   2.747
PHE01B4243_001   4.936  -1.313   3.623
GLU01B4244_001   2.305  -0.245   2.060
GLU01B4244_002   2.305  -0.245   2.060
GLU02B4244_003   1.820  -0.322   1.498
GLU02B4244_004   1.820  -0.322   1.498
GLU-1B4244_005   1.760  -0.310   1.450
MET01B4245_001  -0.035  -0.309  -0.344
GLN01B4246_001   0.863  -2.495  -1.632
GLN01B4246_002   0.731  -2.612  -1.880
ILE01B4247_001   1.013  -1.149  -0.136
ALA01B4248_001   0.000  -0.171  -0.171
ALA01B4249_001   0.000  -2.608  -2.608
GLN01B4250_001   1.795  -2.535  -0.740
GLN01B4250_002   2.967  -2.420   0.548
ILE01B4251_001   2.409  -1.751   0.658
SER01B4252_001   0.000  -3.643  -3.643
SER01B4252_002   0.000  -3.643  -3.643
GLU01B4253_001   0.498  -3.513  -3.015
GLU01B4253_002   0.498  -3.513  -3.015
GLU02B4253_003   0.665  -3.457  -2.792
GLU02B4253_004   0.665  -3.457  -2.792
GLU-1B4253_005   0.467  -3.402  -2.935
CTR01B4253_001  -0.021  -4.942  -4.964
CTR01B4253_002   0.110  -5.078  -4.968
CTR02B4253_003  -0.022  -4.923  -4.945
CTR02B4253_004   0.043  -5.001  -4.958
CTR-1B4253_005   0.000  -4.904  -4.904
NTR01B4540_001  -0.003  -2.649  -2.652
NTR+1B4540_002  -0.005  -2.649  -2.654
PHE01B4540_001   2.036  -2.020   0.016
TRP01B4541_001   0.642 -14.776 -14.134
GLU01B4543_001   0.500  -3.511  -3.011
GLU01B4543_002   0.500  -3.511  -3.011
GLU02B4543_003   0.666  -3.587  -2.920
GLU02B4543_004   0.666  -3.587  -2.920
GLU-1B4543_005   0.469  -3.424  -2.956
LEU01B4544_001   1.454  -3.982  -2.528
GLU01B4545_001   0.497  -1.919  -1.422
GLU01B4545_002   0.497  -1.919  -1.422
GLU02B4545_003   0.663  -1.853  -1.189
GLU02B4545_004   0.663  -1.853  -1.189
GLU-1B4545_005   0.466  -1.852  -1.386
VAL01B4546_001   0.695  -5.917  -5.222
GLN01B4547_001   0.956  -3.137  -2.181
GLN01B4547_002   1.295  -3.052  -1.758
ARG01B4548_001   4.052  -7.703  -3.651
ARG02B4548_002   4.003  -7.703  -3.700
ARG03B4548_003   4.006  -7.703  -3.698
ARG+1B4548_004   3.958  -7.703  -3.745
VAL01B4549_001   0.844  -4.015  -3.170
LYS01B4550_001   3.791  -3.946  -0.156
LYS+1B4550_002   3.696  -3.946  -0.250
PHE01B4551_001   4.584  -6.680  -2.096
LEU01B4552_001   2.432  -2.093   0.340
ASN01B4553_001   0.310  -0.891  -0.581
ASN01B4553_002   0.468  -0.901  -0.433
TYR01B4554_001   4.632  -7.313  -2.681
TYR-1B4554_002   4.632  -7.313  -2.681
LEU01B4555_001   1.573  -0.361   1.212
SER01B4556_001   0.000   0.000   0.000
ARG01B4557_001   2.925  -4.302  -1.378
ARG02B4557_002   2.889  -4.302  -1.413
ARG03B4557_003   2.892  -4.302  -1.410
ARG+1B4557_004   2.845  -4.302  -1.458
ASN01B4558_001   0.182  -1.219  -1.037
PHE01B4559_001   5.001  -0.354   4.647
TYR01B4560_001   4.749  -7.174  -2.425
TYR01B4560_002   4.749  -7.174  -2.425
TYR-1B4560_003   4.749  -7.174  -2.425
THR01B4561_001   0.268  -4.325  -4.057
LEU01B4562_001   1.957  -1.046   0.911
ARG01B4563_001   1.769  -2.254  -0.486
ARG02B4563_002   1.745  -2.254  -0.509
ARG02B4563_003   1.749  -2.254  -0.505
ARG03B4563_004   1.753  -2.254  -0.501
ARG+1B4563_005   1.706  -2.254  -0.548
PHE01B4564_001   4.796  -8.253  -3.457
LEU01B4565_001   1.745  -4.359  -2.614
ALA01B4566_001   0.000   0.000   0.000
LEU01B4567_001   1.500  -1.767  -0.268
PHE01B4568_001   4.628  -8.682  -4.054
LEU01B4569_001   2.757  -0.567   2.190
ALA01B4570_001   0.000   0.000   0.000
PHE01B4571_001   4.785  -6.724  -1.939
ALA01B4572_001   0.000  -2.659  -2.659
ILE01B4573_001   2.144  -0.052   2.092
ASN01B4574_001   0.416  -0.203   0.212
ASN01B4574_002   0.197  -0.234  -0.037
PHE01B4575_001   4.748  -8.294  -3.546
ILE01B4576_001   3.142  -0.531   2.610
LEU01B4577_001   2.769  -2.659   0.109
LEU01B4578_001   2.215  -7.379  -5.164
PHE01B4579_001   4.314  -3.133   1.181
TYR01B4580_001   4.643  -2.812   1.830
TYR01B4580_002   4.643  -2.812   1.830
TYR-1B4580_003   4.643  -2.812   1.830
LYS01B4581_001   1.079  -6.830  -5.751
LYS+1B4581_002   1.032  -6.830  -5.797
VAL01B4582_001   0.471  -5.647  -5.176
SER01B4583_001   0.000  -0.763  -0.763
ASP01B4584_001  -0.040  -3.490  -3.530
ASP01B4584_002  -0.040  -3.490  -3.530
ASP02B4584_003  -0.009  -3.530  -3.539
ASP02B4584_004  -0.009  -3.530  -3.539
ASP-1B4584_005  -0.040  -3.394  -3.434
SER01B4585_001   0.000  -3.576  -3.576
SER01B4585_002   0.000  -3.576  -3.576
PRO01B4586_001   0.267  -4.873  -4.606
PRO01B4587_001   0.255  -3.970  -3.716
CTR01B4587_001  -0.021  -4.498  -4.519
CTR01B4587_002   0.085  -4.615  -4.529
CTR02B4587_003  -0.022  -4.518  -4.540
CTR02B4587_004   0.031  -4.595  -4.565
CTR-1B4587_005   0.000  -4.518  -4.518
NTR01B4626_001  -0.003  -3.554  -3.557
NTR+1B4626_002  -0.005  -3.554  -3.559
ASN01B4626_001  -0.021  -3.209  -3.230
MET01B4627_001   0.140  -4.226  -4.085
VAL01B4628_001   0.603  -2.608  -2.005
TYR01B4629_001   4.694  -9.386  -4.692
TYR-1B4629_002   4.694  -9.386  -4.692
TYR01B4630_001   4.585  -3.952   0.633
TYR-1B4630_002   4.585  -3.952   0.633
PHE01B4631_001   4.832  -2.656   2.176
LEU01B4632_001   1.976  -3.876  -1.901
GLU01B4633_001   3.052  -2.449   0.602
GLU01B4633_002   3.052  -2.449   0.602
GLU02B4633_003   2.425  -2.504  -0.079
GLU02B4633_004   2.425  -2.504  -0.079
GLU-1B4633_005   2.364  -2.343   0.021
GLU01B4634_001   2.043  -1.337   0.706
GLU01B4634_002   2.043  -1.337   0.706
GLU02B4634_003   1.618  -1.250   0.368
GLU02B4634_004   1.618  -1.250   0.368
GLU-1B4634_005   1.557  -1.279   0.278
SER01B4635_001   0.000  -5.511  -5.511
THR01B4636_001   0.193  -1.681  -1.488
THR01B4636_002   0.193  -1.681  -1.488
THR01B4636_003   0.193  -1.681  -1.488
TYR01B4638_001   4.555 -10.011  -5.456
TYR-1B4638_002   4.555 -10.011  -5.456
MET01B4639_001  34.310   0.000  34.310
GLU01B4640_001   1.811  -2.605  -0.794
GLU01B4640_002   1.811  -2.605  -0.794
GLU02B4640_003   1.484  -2.580  -1.096
GLU02B4640_004   1.484  -2.580  -1.096
GLU-1B4640_005   1.395  -2.549  -1.154
PRO01B4641_001   0.266  -6.112  -5.846
ALA01B4642_001   0.000  -2.746  -2.746
LEU01B4643_001   2.714  -1.407   1.307
TRP01B4644_001   2.940  -9.340  -6.401
CYS01B4645_001  -0.002  -3.857  -3.859
CYS01B4645_002  -0.002  -3.857  -3.859
CYS01B4645_003  -0.002  -3.857  -3.860
CYS-1B4645_004   0.000  -3.857  -3.857
LEU01B4646_001   1.592  -2.730  -1.138
SER01B4647_001   0.000   0.000   0.000
SER01B4647_002   0.000   0.000   0.000
SER01B4647_003   0.000   0.000   0.000
LEU01B4648_001   2.156  -4.893  -2.737
LEU01B4649_001   1.817  -3.535  -1.718
HIS01B4650_001  -0.159   0.000  -0.159
HIS02B4650_002  -0.178   0.000  -0.178
HIS+1B4650_003  -0.205   0.000  -0.205
THR01B4651_001   0.256  -1.142  -0.887
THR01B4651_002   0.256  -1.142  -0.887
LEU01B4652_001   2.918  -5.183  -2.265
VAL01B4653_001   0.613  -0.361   0.253
ALA01B4654_001   0.000   0.000   0.000
PHE01B4655_001   4.572  -7.862  -3.290
LEU01B4656_001   2.074  -2.144  -0.070
CYS01B4657_001  -0.002  -0.143  -0.145
CYS01B4657_002  -0.002  -0.143  -0.145
CYS01B4657_003  -0.002  -0.143  -0.145
CYS-1B4657_004   0.000  -0.143  -0.143
ILE01B4658_001   2.678  -2.366   0.311
ILE01B4659_001   4.015  -3.722   0.293
TYR01B4661_001   4.712  -0.505   4.206
TYR01B4661_002   4.712  -0.505   4.206
TYR-1B4661_003   4.712  -0.505   4.206
ASN01B4662_001   0.199  -1.427  -1.229
ASN01B4662_002   0.022  -1.427  -1.405
CYS01B4663_001  -0.002  -1.026  -1.028
CYS01B4663_002  -0.002  -1.026  -1.028
CYS01B4663_003  -0.003  -1.026  -1.028
CYS-1B4663_004   0.000  -1.026  -1.026
LEU01B4664_001   1.616  -0.979   0.637
LYS01B4665_001   1.556  -3.803  -2.248
LYS+1B4665_002   1.469  -3.803  -2.335
VAL01B4666_001   0.341   0.000   0.341
PRO01B4667_001   0.303  -1.870  -1.567
LEU01B4668_001   2.167  -0.959   1.208
VAL01B4669_001   0.489  -1.800  -1.311
ILE01B4670_001   2.200  -0.412   1.788
PHE01B4671_001   4.901  -0.051   4.851
LYS01B4672_001   1.120  -5.483  -4.363
LYS+1B4672_002   1.073  -5.483  -4.410
ARG01B4673_001   2.900  -1.054   1.846
ARG02B4673_002   2.859  -1.054   1.805
ARG03B4673_003   2.867  -1.054   1.814
ARG03B4673_004   2.931  -1.054   1.877
ARG+1B4673_005   2.820  -1.054   1.766
GLU01B4674_001   3.684   0.000   3.684
GLU01B4674_002   3.684   0.000   3.684
GLU02B4674_003   3.127   0.000   3.127
GLU02B4674_004   3.127   0.000   3.127
GLU-1B4674_005   2.965   0.000   2.965
LYS01B4675_001   1.065  -0.863   0.202
LYS+1B4675_002   1.018  -0.863   0.156
GLU01B4676_001   3.171  -1.525   1.646
GLU01B4676_002   3.171  -1.525   1.646
GLU02B4676_003   2.527  -1.449   1.078
GLU02B4676_004   2.527  -1.449   1.078
GLU-1B4676_005   2.463  -1.404   1.059
LEU01B4677_001   1.422  -0.206   1.216
ALA01B4678_001   0.000  -0.155  -0.155
ARG01B4679_001   1.754  -2.594  -0.840
ARG02B4679_002   1.737  -2.594  -0.857
ARG02B4679_003   1.811  -2.594  -0.783
ARG03B4679_004   1.730  -2.594  -0.865
ARG03B4679_005   1.733  -2.594  -0.861
ARG+1B4679_006   1.690  -2.594  -0.904
LYS01B4680_001   0.940  -4.903  -3.963
LYS+1B4680_002   0.894  -4.903  -4.009
LEU01B4681_001   1.365   0.000   1.365
GLU01B4682_001   2.333  -0.798   1.535
GLU01B4682_002   2.333  -0.798   1.535
GLU02B4682_003   1.905  -0.847   1.058
GLU02B4682_004   1.905  -0.847   1.058
GLU-1B4682_005   1.814  -0.810   1.005
PHE01B4683_001   5.161  -3.929   1.232
ASP01B4684_001   0.218  -2.243  -2.025
ASP01B4684_002   0.218  -2.243  -2.025
ASP02B4684_003   0.314  -2.159  -1.845
ASP02B4684_004   0.314  -2.159  -1.845
ASP-1B4684_005   0.207  -2.128  -1.921
LEU01B4686_001   1.977  -2.263  -0.287
TYR01B4687_001   4.824  -0.102   4.722
TYR01B4687_002   4.824  -0.102   4.722
TYR-1B4687_003   4.824  -0.102   4.722
ILE01B4688_001   1.976   0.000   1.976
THR01B4689_001   0.184  -3.547  -3.363
GLU01B4690_001   3.105  -3.052   0.053
GLU01B4690_002   3.105  -3.052   0.053
GLU02B4690_003   2.475  -3.107  -0.632
GLU02B4690_004   2.475  -3.107  -0.632
GLU-1B4690_005   2.411  -2.963  -0.552
GLN01B4691_001   0.940  -2.709  -1.769
GLN01B4691_002   1.245  -2.681  -1.436
PRO01B4692_001   0.297  -0.148   0.150
ASP01B4694_001   0.126  -2.666  -2.540
ASP01B4694_002   0.126  -2.666  -2.540
ASP02B4694_003   0.202  -2.782  -2.580
ASP02B4694_004   0.202  -2.782  -2.580
ASP-1B4694_005   0.118  -2.661  -2.544
ASP01B4695_001   0.153  -3.321  -3.169
ASP01B4695_002   0.153  -3.321  -3.169
ASP02B4695_003   0.234  -3.337  -3.103
ASP02B4695_004   0.234  -3.337  -3.103
ASP-1B4695_005   0.143  -3.303  -3.160
ASP01B4696_001   0.168  -2.822  -2.654
ASP01B4696_002   0.168  -2.822  -2.654
ASP02B4696_003   0.254  -2.735  -2.481
ASP02B4696_004   0.254  -2.735  -2.481
ASP-1B4696_005   0.159  -2.817  -2.658
VAL01B4697_001   0.730  -6.761  -6.031
LYS01B4698_001   1.618  -4.870  -3.251
LYS+1B4698_002   1.569  -4.870  -3.301
GLN01B4700_001   0.927  -2.568  -1.642
GLN01B4700_002   0.771  -2.624  -1.853
TRP01B4701_001   3.401  -4.587  -1.186
ASP01B4702_001   0.149  -0.069   0.080
ASP01B4702_002   0.149  -0.069   0.080
ASP02B4702_003   0.232  -0.072   0.160
ASP02B4702_004   0.232  -0.072   0.160
ASP-1B4702_005   0.141  -0.069   0.072
ARG01B4703_001   9.515  -5.934   3.580
ARG02B4703_002   9.445  -5.934   3.511
ARG03B4703_003   9.453  -5.934   3.519
ARG+1B4703_004   9.405  -5.934   3.470
LEU01B4704_001   5.308  -2.782   2.527
VAL01B4705_001   0.536   0.000   0.536
LEU01B4706_001   1.607  -0.258   1.350
ASN01B4707_001   0.539  -1.351  -0.811
THR01B4708_001   0.221   0.000   0.221
THR01B4708_002   0.221   0.000   0.221
PRO01B4709_001   0.263  -4.637  -4.374
SER01B4710_001   0.000  -2.250  -2.250
SER01B4710_002   0.000  -2.250  -2.250
PHE01B4711_001   4.595   0.000   4.595
PRO01B4712_001   0.334  -0.119   0.215
SER01B4713_001   0.000  -1.857  -1.857
SER01B4713_002   0.000  -1.857  -1.857
ASN01B4714_001   0.167  -0.719  -0.552
ASN01B4714_002   0.003  -0.699  -0.696
TYR01B4715_001   4.991  -0.823   4.168
TYR01B4715_002   4.991  -0.823   4.168
TYR-1B4715_003   4.991  -0.823   4.168
TRP01B4716_001   3.297  -1.876   1.421
ASP01B4717_001   0.428  -0.587  -0.159
ASP01B4717_002   0.428  -0.587  -0.159
ASP02B4717_003   0.501  -0.582  -0.081
ASP02B4717_004   0.501  -0.582  -0.081
ASP-1B4717_005   0.379  -0.577  -0.198
LYS01B4718_001   0.582  -3.884  -3.302
LYS+1B4718_002   0.538  -3.884  -3.345
PHE01B4719_001   4.672  -1.578   3.094
VAL01B4720_001   0.646  -0.155   0.491
LYS01B4721_001   0.698  -0.785  -0.087
LYS+1B4721_002   0.654  -0.785  -0.131
ARG01B4722_001   6.431  -5.035   1.396
ARG02B4722_002   6.374  -5.035   1.339
ARG03B4722_003   6.464  -5.035   1.430
ARG+1B4722_004   6.327  -5.035   1.293
LYS01B4723_001   1.465  -4.539  -3.074
LYS+1B4723_002   1.418  -4.539  -3.121
VAL01B4724_001   0.762   0.000   0.762
LEU01B4725_001   2.142  -0.412   1.730
ASP01B4726_001   0.098  -3.146  -3.048
ASP01B4726_002   0.098  -3.146  -3.048
ASP02B4726_003   0.176  -3.195  -3.019
ASP02B4726_004   0.176  -3.195  -3.019
ASP-1B4726_005   0.094  -3.114  -3.020
LYS01B4727_001   1.066  -4.711  -3.644
LYS+1B4727_002   1.020  -4.711  -3.691
HIS01B4728_001  -0.117  -0.780  -0.897
HIS01B4728_002  -0.066  -0.774  -0.840
HIS02B4728_003  -0.137  -0.780  -0.917
HIS02B4728_004  -0.079  -0.774  -0.853
HIS+1B4728_005  -0.164  -0.780  -0.944
HIS+1B4728_006  -0.105  -0.774  -0.880
ASP01B4730_001   0.084  -3.237  -3.153
ASP01B4730_002   0.084  -3.237  -3.153
ASP02B4730_003   0.158  -3.093  -2.935
ASP02B4730_004   0.158  -3.093  -2.935
ASP-1B4730_005   0.080  -3.067  -2.987
ILE01B4731_001   2.618  -6.606  -3.988
PHE01B4732_001   4.405  -3.274   1.131
ARG01B4734_001   1.993  -7.104  -5.111
ARG02B4734_002   1.970  -7.104  -5.135
ARG03B4734_003   2.062  -7.104  -5.042
ARG+1B4734_004   1.930  -7.104  -5.174
GLU01B4735_001   3.766  -3.008   0.758
GLU01B4735_002   3.766  -3.008   0.758
GLU02B4735_003   3.022  -2.944   0.078
GLU02B4735_004   3.022  -2.944   0.078
GLU-1B4735_005   2.949  -2.923   0.026
ARG01B4736_001   2.838  -9.270  -6.432
ARG02B4736_002   2.795  -9.270  -6.475
ARG03B4736_003   2.886  -9.270  -6.385
ARG+1B4736_004   2.750  -9.270  -6.521
ILE01B4737_001   2.597  -0.103   2.494
ALA01B4738_001   0.000  -0.103  -0.103
GLU01B4739_001   4.180  -2.523   1.656
GLU01B4739_002   4.180  -2.523   1.656
GLU02B4739_003   3.377  -2.531   0.846
GLU02B4739_004   3.377  -2.531   0.846
GLU-1B4739_005   3.296  -2.466   0.830
LEU01B4740_001   1.803  -2.521  -0.717
LEU01B4741_001   1.598   0.000   1.598
MET01B4743_001   0.896  -0.551   0.345
ASP01B4744_001  -0.041  -2.711  -2.752
ASP01B4744_002  -0.041  -2.711  -2.752
ASP02B4744_003  -0.009  -2.730  -2.739
ASP02B4744_004  -0.009  -2.730  -2.739
ASP-1B4744_005  -0.041  -2.640  -2.681
LEU01B4745_001   1.458  -6.210  -4.752
ALA01B4746_001   0.000  -0.979  -0.979
SER01B4747_001   0.000  -0.782  -0.782
LEU01B4748_001   1.457  -5.663  -4.206
GLU01B4749_001   0.499  -2.921  -2.423
GLU01B4749_002   0.499  -2.921  -2.423
GLU02B4749_003   0.665  -2.869  -2.204
GLU02B4749_004   0.665  -2.869  -2.204
GLU-1B4749_005   0.468  -2.817  -2.349
ILE01B4750_001   0.940  -1.597  -0.657
THR01B4751_001   0.153  -5.363  -5.210
THR01B4751_002   0.153  -5.363  -5.210
ALA01B4752_001   0.000  -2.711  -2.711
HIS01B4753_001  -0.354  -3.146  -3.499
HIS02B4753_002  -0.363  -3.146  -3.508
HIS+1B4753_003  -0.382  -3.146  -3.528
ASN01B4754_001  -0.020  -0.965  -0.984
ASN01B4754_002  -0.091  -0.882  -0.973
GLU01B4755_001   0.498  -2.336  -1.838
GLU01B4755_002   0.498  -2.336  -1.838
GLU02B4755_003   0.664  -2.237  -1.572
GLU02B4755_004   0.664  -2.237  -1.572
GLU-1B4755_005   0.467  -2.218  -1.751
ARG01B4756_0011190.196  -6.3951183.801
ARG02B4756_0021190.177  -6.3951183.783
ARG03B4756_0031190.212  -6.3951183.817
ARG03B4756_004 189.249  -6.395 182.854
ARG+1B4756_0051190.146  -6.3951183.751
LYS01B4757_001   3.778  -5.437  -1.659
LYS+1B4757_002   3.683  -5.437  -1.754
PRO01B4758_001   0.233  -6.209  -5.975
ASP01B4759_001  -0.040  -3.263  -3.303
ASP01B4759_002  -0.040  -3.263  -3.303
ASP02B4759_003  -0.009  -3.410  -3.419
ASP02B4759_004  -0.009  -3.410  -3.419
ASP-1B4759_005  -0.041  -3.208  -3.249
PRO01B4760_001   0.217  -6.714  -6.497
PRO01B4761_001   0.237  -7.075  -6.838
PRO01B4762_001   0.228  -5.705  -5.477
LEU01B4764_001   1.462  -4.050  -2.588
LEU01B4765_001   1.457  -2.679  -1.222
THR01B4766_001   0.191  -5.761  -5.570
THR01B4766_002   0.191  -5.761  -5.570
TRP01B4767_001   2.993  -7.041  -4.048
LEU01B4768_001   3.243  -5.492  -2.249
MET01B4769_001   0.561  -9.041  -8.480
SER01B4770_001   0.000  -3.654  -3.654
ILE01B4771_001   2.912  -4.395  -1.483
ASP01B4772_001   0.094  -1.732  -1.638
ASP01B4772_002   0.094  -1.732  -1.638
ASP02B4772_003   0.163  -1.762  -1.599
ASP02B4772_004   0.163  -1.762  -1.599
ASP-1B4772_005   0.087  -1.598  -1.511
VAL01B4773_001   0.598  -5.785  -5.187
LYS01B4774_001   1.098  -6.354  -5.256
LYS+1B4774_002   1.052  -6.354  -5.301
TYR01B4775_001   4.645  -0.253   4.392
TYR01B4775_002   4.645  -0.253   4.392
TYR-1B4775_003   4.645  -0.253   4.392
GLN01B4776_001   0.819  -1.327  -0.508
GLN01B4776_002   0.725  -1.225  -0.500
ILE01B4777_001   2.568  -5.370  -2.802
TRP01B4778_001   3.602   0.000   3.602
LYS01B4779_001   1.172  -2.648  -1.475
LYS+1B4779_002   1.124  -2.648  -1.523
PHE01B4780_001   4.396  -5.765  -1.369
VAL01B4782_001   0.866   0.000   0.866
ILE01B4783_001   3.298  -0.309   2.989
PHE01B4784_001   4.365  -7.874  -3.509
THR01B4785_001   0.205  -3.375  -3.170
THR01B4785_002   0.205  -3.375  -3.170
ASP01B4786_001   0.109  -0.795  -0.687
ASP01B4786_002   0.109  -0.795  -0.687
ASP02B4786_003   0.190  -0.725  -0.536
ASP02B4786_004   0.190  -0.725  -0.536
ASP-1B4786_005   0.105  -0.724  -0.618
ASN01B4787_001   0.311  -3.681  -3.370
ASN01B4787_002   0.462  -3.778  -3.316
SER01B4788_001   0.000  -2.919  -2.919
SER01B4788_002   0.000  -2.919  -2.919
PHE01B4789_001   5.024  -2.073   2.951
LEU01B4790_001   1.841  -5.882  -4.041
TYR01B4791_001   4.774  -2.864   1.911
TYR01B4791_002   4.774  -2.864   1.911
TYR-1B4791_003   4.774  -2.864   1.911
LEU01B4792_001   1.663  -0.361   1.302
TRP01B4794_001   3.544  -7.852  -4.308
TYR01B4795_001   5.078  -0.253   4.825
TYR01B4795_002   5.078  -0.253   4.825
TYR-1B4795_003   5.078  -0.253   4.825
MET01B4796_001   1.262  -1.609  -0.347
VAL01B4797_001   0.609  -4.375  -3.766
MET01B4798_001  -0.038  -0.790  -0.828
SER01B4799_001   0.000   0.000   0.000
SER01B4799_002   0.000   0.000   0.000
SER01B4799_003   0.000   0.000   0.000
LEU01B4800_001   1.745  -6.761  -5.016
LEU01B4801_001   1.626  -3.226  -1.600
HIS01B4803_001  -0.182  -2.840  -3.022
HIS01B4803_002  -0.142  -2.938  -3.079
HIS02B4803_003  -0.200  -2.840  -3.040
HIS02B4803_004  -0.155  -2.938  -3.093
HIS+1B4803_005  -0.227  -2.840  -3.067
HIS+1B4803_006  -0.182  -2.938  -3.119
TYR01B4804_001   4.252  -9.493  -5.241
TYR-1B4804_002   4.252  -9.493  -5.241
ASN01B4805_001   0.140  -1.620  -1.480
ASN01B4805_002  -0.013  -1.471  -1.484
ASN01B4806_001   0.445  -1.890  -1.445
ASN01B4806_002   0.213  -1.875  -1.663
PHE01B4807_001   4.695 -10.721  -6.026
PHE01B4808_001   4.785  -3.639   1.146
PHE01B4809_001   4.462  -0.270   4.192
ALA01B4810_001   0.000  -1.201  -1.201
ALA01B4811_001   0.000  -0.618  -0.618
HIS01B4812_001  -0.240   0.000  -0.240
HIS02B4812_002  -0.261   0.000  -0.261
HIS+1B4812_003  -0.288   0.000  -0.288
LEU01B4813_001   3.229  -3.226   0.003
LEU01B4814_001   1.546  -6.880  -5.334
ASP01B4815_001   0.063  -0.193  -0.130
ASP01B4815_002   0.063  -0.193  -0.130
ASP02B4815_003   0.130  -0.193  -0.063
ASP02B4815_004   0.130  -0.193  -0.063
ASP-1B4815_005   0.059  -0.193  -0.134
ILE01B4816_001   3.643   0.000   3.643
ALA01B4817_001   0.000  -2.450  -2.450
MET01B4818_001   0.090  -2.711  -2.621
VAL01B4820_001   0.685  -3.606  -2.921
LYS01B4821_001   1.381  -7.957  -6.577
LYS+1B4821_002   1.294  -7.957  -6.663
THR01B4822_001   0.258  -6.561  -6.303
LEU01B4823_001   1.311  -3.673  -2.362
ARG01B4824_001   1.858  -6.351  -4.494
ARG02B4824_002   1.839  -6.351  -4.513
ARG03B4824_003   1.843  -6.351  -4.508
ARG+1B4824_004   1.796  -6.351  -4.556
THR01B4825_001   0.272  -3.846  -3.573
THR01B4825_002   0.272  -3.846  -3.573
ILE01B4826_001   3.446  -7.067  -3.620
LEU01B4827_001   3.045  -4.134  -1.088
SER01B4828_001   0.000  -2.417  -2.417
SER01B4828_002   0.000  -2.417  -2.417
SER01B4829_001   0.000  -0.732  -0.732
SER01B4829_002   0.000  -0.732  -0.732
SER01B4829_003   0.000  -0.732  -0.732
VAL01B4830_001   0.744  -4.102  -3.357
THR01B4831_001   0.219  -5.735  -5.517
HIS01B4832_001  -0.167  -8.564  -8.731
HIS01B4832_002  -0.131  -8.637  -8.768
HIS02B4832_003  -0.185  -8.564  -8.748
HIS02B4832_004  -0.145  -8.637  -8.781
HIS+1B4832_005  -0.212  -8.564  -8.775
HIS+1B4832_006  -0.171  -8.637  -8.808
ASN01B4833_001   0.216  -0.753  -0.537
ASN01B4833_002   0.030  -0.704  -0.674
LYS01B4835_001   1.275  -9.294  -8.019
LYS+1B4835_002   1.229  -9.294  -8.065
GLN01B4836_001   1.014  -3.579  -2.565
GLN01B4836_002   0.792  -3.543  -2.751
LEU01B4837_001   3.674  -2.283   1.391
VAL01B4838_001   0.696  -3.792  -3.097
MET01B4839_001  -0.049  -8.711  -8.760
THR01B4840_001   0.235  -1.133  -0.899
THR01B4840_002   0.235  -1.133  -0.899
VAL01B4841_001   0.745  -4.034  -3.289
LEU01B4843_001   2.912  -5.286  -2.374
LEU01B4844_001   1.669  -2.502  -0.832
ALA01B4845_001   0.000  -2.659  -2.659
VAL01B4846_001   0.661  -5.338  -4.676
VAL01B4847_001   0.829  -0.927  -0.098
VAL01B4848_001   0.726   0.000   0.726
TYR01B4849_001   4.700  -7.957  -3.257
TYR01B4849_002   4.700  -7.957  -3.257
TYR-1B4849_003   4.700  -7.957  -3.257
LEU01B4850_001   1.922  -6.091  -4.169
TYR01B4851_001   4.546  -3.157   1.389
TYR-1B4851_002   4.546  -3.157   1.389
THR01B4852_001   0.235   0.000   0.235
THR01B4852_002   0.235   0.000   0.235
THR01B4852_003   0.235   0.000   0.235
VAL01B4853_001   0.815  -2.679  -1.863
VAL01B4854_001   0.663  -2.334  -1.671
ALA01B4855_001   0.000  -0.325  -0.325
PHE01B4856_001   4.786  -2.797   1.989
ASN01B4857_001   0.413  -2.028  -1.615
ASN01B4857_002   0.185  -1.988  -1.804
PHE01B4858_001   4.486  -8.922  -4.436
PHE01B4859_001   4.550  -0.659   3.890
ARG01B4860_001   3.567  -7.719  -4.152
ARG02B4860_002   3.529  -7.719  -4.190
ARG03B4860_003   3.551  -7.719  -4.168
ARG+1B4860_004   3.489  -7.719  -4.230
LYS01B4861_001   2.672  -4.884  -2.212
LYS+1B4861_002   2.613  -4.884  -2.271
PHE01B4862_001   5.714  -1.875   3.839
TYR01B4863_001   4.570  -0.051   4.520
TYR01B4863_002   4.570  -0.051   4.520
TYR-1B4863_003   4.570  -0.051   4.520
ASN01B4864_001   0.239  -1.408  -1.168
ASN01B4864_002   0.407  -1.196  -0.789
LYS01B4865_001   2.823  -2.044   0.780
LYS+1B4865_002   2.776  -2.044   0.733
SER01B4866_001   0.000  -3.879  -3.879
GLU01B4867_001   3.228  -2.274   0.954
GLU01B4867_002   3.228  -2.274   0.954
GLU02B4867_003   2.627  -2.355   0.272
GLU02B4867_004   2.627  -2.355   0.272
GLU-1B4867_005   2.540  -2.225   0.315
ASP01B4868_001   0.398  -3.560  -3.162
ASP01B4868_002   0.398  -3.560  -3.162
ASP02B4868_003   0.453  -3.687  -3.234
ASP02B4868_004   0.453  -3.687  -3.234
ASP-1B4868_005   0.345  -3.514  -3.169
GLU01B4869_001   1.562  -3.982  -2.420
GLU01B4869_002   1.562  -3.982  -2.420
GLU02B4869_003   1.304  -3.973  -2.670
GLU02B4869_004   1.304  -3.973  -2.670
GLU-1B4869_005   1.208  -4.000  -2.792
ASP01B4870_001   0.202  -3.112  -2.910
ASP01B4870_002   0.202  -3.112  -2.910
ASP02B4870_003   0.293  -3.043  -2.749
ASP02B4870_004   0.293  -3.043  -2.749
ASP-1B4870_005   0.191  -2.998  -2.807
GLU01B4871_001   2.900  -1.504   1.396
GLU01B4871_002   2.900  -1.504   1.396
GLU02B4871_003   2.317  -1.459   0.858
GLU02B4871_004   2.317  -1.459   0.858
GLU-1B4871_005   2.245  -1.426   0.820
CTR01B4871_001  -0.021  -1.139  -1.160
CTR01B4871_002   0.093  -1.294  -1.201
CTR02B4871_003  -0.022  -1.197  -1.219
CTR02B4871_004   0.036  -1.197  -1.161
CTR-1B4871_005   0.000  -1.197  -1.197
NTR01B4872_001  -0.002  -0.750  -0.752
NTR+1B4872_002  -0.004  -0.750  -0.754
PRO01B4872_001   0.273  -5.338  -5.065
ASP01B4873_001   0.069  -1.656  -1.587
ASP01B4873_002   0.069  -1.656  -1.587
ASP02B4873_003   0.139  -1.653  -1.514
ASP02B4873_004   0.139  -1.653  -1.514
ASP-1B4873_005   0.066  -1.615  -1.549
MET01B4874_001   0.997  -1.667  -0.670
LYS01B4875_001   1.209  -1.770  -0.561
LYS+1B4875_002   1.142  -1.770  -0.628
CYS01B4876_001  -0.002   0.000  -0.002
CYS01B4876_002  -0.002   0.000  -0.002
CYS01B4876_003  -0.003   0.000  -0.003
CYS-1B4876_004   0.000   0.000   0.000
ASP01B4877_001   0.095  -1.937  -1.842
ASP01B4877_002   0.095  -1.937  -1.842
ASP02B4877_003   0.166  -1.894  -1.728
ASP02B4877_004   0.166  -1.894  -1.728
ASP-1B4877_005   0.089  -1.817  -1.729
ASP01B4878_001  -0.040  -2.134  -2.174
ASP01B4878_002  -0.040  -2.134  -2.174
ASP02B4878_003  -0.009  -2.182  -2.191
ASP02B4878_004  -0.009  -2.182  -2.191
ASP-1B4878_005  -0.041  -2.096  -2.137
MET01B4879_001   0.062  -3.907  -3.845
MET01B4880_001   1.228 -10.175  -8.947
THR01B4881_001   0.219  -2.096  -1.877
THR01B4881_002   0.219  -2.096  -1.877
THR01B4881_003   0.219  -2.096  -1.877
CYS01B4882_001  -0.002   0.000  -0.002
CYS01B4882_002  -0.002   0.000  -0.002
CYS01B4882_003  -0.002   0.000  -0.002
CYS-1B4882_004   0.000   0.000   0.000
TYR01B4883_001   5.001  -2.334   2.666
TYR01B4883_002   5.001  -2.334   2.666
TYR-1B4883_003   5.001  -2.334   2.666
LEU01B4884_001   1.633  -7.514  -5.881
PHE01B4885_001   5.029  -0.707   4.322
HIS01B4886_001  -0.120  -0.111  -0.232
HIS01B4886_002  -0.070   0.000  -0.070
HIS02B4886_003  -0.140  -0.111  -0.251
HIS02B4886_004  -0.083   0.000  -0.083
HIS+1B4886_005  -0.167  -0.111  -0.278
HIS+1B4886_006  -0.109   0.000  -0.109
MET01B4887_001   3.466  -2.909   0.557
TYR01B4888_001   4.804  -8.261  -3.458
TYR01B4888_002   4.804  -8.261  -3.458
TYR-1B4888_003   4.804  -8.261  -3.458
VAL01B4889_001   0.718  -0.618   0.100
VAL01B4891_001   0.766  -0.670   0.096
ARG01B4892_001   3.077  -8.259  -5.182
ARG02B4892_002   3.027  -8.259  -5.233
ARG03B4892_003   3.035  -8.259  -5.225
ARG+1B4892_004   2.987  -8.259  -5.273
ALA01B4893_001   0.000  -0.103  -0.103
ILE01B4897_001   2.158  -0.393   1.765
ASP01B4899_001   0.145  -2.411  -2.266
ASP01B4899_002   0.145  -2.411  -2.266
ASP02B4899_003   0.229  -2.337  -2.108
ASP02B4899_004   0.229  -2.337  -2.108
ASP-1B4899_005   0.137  -2.317  -2.180
GLU01B4900_001   2.824  -1.114   1.710
GLU01B4900_002   2.824  -1.114   1.710
GLU02B4900_003   2.255  -1.167   1.088
GLU02B4900_004   2.255  -1.167   1.088
GLU-1B4900_005   2.194  -1.114   1.080
ILE01B4901_001   3.652  -0.412   3.240
GLU01B4902_001   2.523  -1.886   0.637
GLU01B4902_002   2.523  -1.886   0.637
GLU02B4902_003   1.996  -1.870   0.126
GLU02B4902_004   1.996  -1.870   0.126
GLU-1B4902_005   1.933  -1.757   0.176
ASP01B4903_001   0.076  -3.384  -3.308
ASP01B4903_002   0.076  -3.384  -3.308
ASP02B4903_003   0.149  -3.238  -3.089
ASP02B4903_004   0.149  -3.238  -3.089
ASP-1B4903_005   0.073  -3.165  -3.091
PRO01B4904_001   0.253  -1.011  -0.758
ALA01B4905_001   0.000  -3.310  -3.310
ASP01B4907_001  -0.040  -3.261  -3.301
ASP01B4907_002  -0.040  -3.261  -3.301
ASP02B4907_003  -0.009  -3.298  -3.307
ASP02B4907_004  -0.009  -3.298  -3.307
ASP-1B4907_005  -0.041  -3.138  -3.179
GLU01B4908_001   0.498  -2.875  -2.376
GLU01B4908_002   0.498  -2.875  -2.376
GLU02B4908_003   0.665  -3.026  -2.361
GLU02B4908_004   0.665  -3.026  -2.361
GLU-1B4908_005   0.467  -2.825  -2.358
TYR01B4909_001   4.185  -7.906  -3.721
TYR-1B4909_002   4.185  -7.906  -3.721
GLU01B4910_001   0.501  -1.913  -1.412
GLU01B4910_002   0.501  -1.913  -1.412
GLU02B4910_003   0.668  -1.862  -1.194
GLU02B4910_004   0.668  -1.862  -1.194
GLU-1B4910_005   0.470  -1.874  -1.404
LEU01B4911_001   3.653  -8.322  -4.669
TYR01B4912_001   4.493  -8.509  -4.016
TYR01B4912_002   4.493  -8.509  -4.016
TYR-1B4912_003   4.493  -8.509  -4.016
ARG01B4913_001   1.825  -0.784   1.040
ARG02B4913_002   1.788  -0.784   1.004
ARG03B4913_003   1.850  -0.784   1.066
ARG+1B4913_004   1.745  -0.784   0.961
VAL01B4914_001   0.632  -4.720  -4.088
VAL01B4915_001   0.630  -5.029  -4.399
PHE01B4916_001   4.818  -1.619   3.199
ASP01B4917_001   0.391  -0.415  -0.024
ASP01B4917_002   0.391  -0.415  -0.024
ASP02B4917_003   0.454  -0.433   0.021
ASP02B4917_004   0.454  -0.433   0.021
ASP-1B4917_005   0.343  -0.413  -0.071
ILE01B4918_001   2.550  -5.425  -2.875
THR01B4919_001   0.147  -3.602  -3.455
THR01B4919_002   0.147  -3.602  -3.455
THR01B4919_003   0.147  -3.602  -3.455
PHE01B4920_001   4.934   0.000   4.934
PHE01B4921_001   4.962  -1.954   3.008
PHE01B4922_001   4.210  -6.447  -2.237
PHE01B4923_001   4.941  -8.249  -3.308
VAL01B4924_001   0.932   0.000   0.932
ILE01B4925_001   4.644  -0.274   4.370
VAL01B4926_001   0.658  -4.684  -4.026
ILE01B4927_001   2.131  -4.906  -2.776
LEU01B4928_001   1.703  -0.721   0.982
LEU01B4929_001   2.070  -4.633  -2.563
ALA01B4930_001   0.000  -2.933  -2.933
ILE01B4931_001   2.633  -4.462  -1.829
ILE01B4932_001   3.240  -2.366   0.874
GLN01B4933_001   1.567  -2.947  -1.380
GLN01B4933_002   2.539  -3.187  -0.648
LEU01B4935_001   3.466  -2.009   1.457
ILE01B4936_001   5.230  -1.648   3.582
ILE01B4937_001   3.807  -7.260  -3.453
ASP01B4938_001   0.430  -2.805  -2.376
ASP01B4938_002   0.430  -2.805  -2.376
ASP02B4938_003   0.487  -2.834  -2.347
ASP02B4938_004   0.487  -2.834  -2.347
ASP-1B4938_005   0.374  -2.713  -2.340
ALA01B4939_001   0.000   0.000   0.000
PHE01B4940_001   4.887  -2.480   2.407
GLU01B4942_001   2.765  -2.373   0.392
GLU01B4942_002   2.765  -2.373   0.392
GLU02B4942_003   2.195  -2.451  -0.257
GLU02B4942_004   2.195  -2.451  -0.257
GLU-1B4942_005   2.133  -2.265  -0.132
CTR01B4942_001  -0.021  -0.463  -0.484
CTR01B4942_002   0.102  -0.463  -0.361
CTR02B4942_003  -0.022  -0.463  -0.485
CTR02B4942_004   0.040  -0.425  -0.385
CTR-1B4942_005   0.000  -0.463  -0.463
NTR01B4944_001  -0.003  -1.070  -1.073
NTR+1B4944_002  -0.005  -1.070  -1.075
ARG01B4944_001   2.782  -9.388  -6.605
ARG02B4944_002   2.742  -9.388  -6.645
ARG03B4944_003   2.740  -9.388  -6.648
ARG+1B4944_004   2.695  -9.388  -6.693
ASP01B4945_001   0.396  -2.396  -2.000
ASP01B4945_002   0.396  -2.396  -2.000
ASP02B4945_003   0.438  -2.325  -1.887
ASP02B4945_004   0.438  -2.325  -1.887
ASP-1B4945_005   0.338  -2.300  -1.962
GLN01B4946_001   0.820  -1.444  -0.624
GLN01B4946_002   0.700  -1.302  -0.602
GLN01B4947_001   1.525  -2.081  -0.557
GLN01B4947_002   2.131  -2.090   0.041
GLU01B4948_001   2.993  -2.442   0.551
GLU01B4948_002   2.993  -2.442   0.551
GLU02B4948_003   2.387  -2.400  -0.013
GLU02B4948_004   2.387  -2.400  -0.013
GLU-1B4948_005   2.319  -2.287   0.033
GLN01B4949_001   1.537  -2.516  -0.980
GLN01B4949_002   2.093  -2.513  -0.420
VAL01B4950_001   0.637  -0.876  -0.239
LYS01B4951_001   1.019  -9.254  -8.236
LYS+1B4951_002   0.972  -9.254  -8.282
GLU01B4952_001   1.871  -3.290  -1.419
GLU01B4952_002   1.871  -3.290  -1.419
GLU02B4952_003   1.534  -3.238  -1.704
GLU02B4952_004   1.534  -3.238  -1.704
GLU-1B4952_005   1.445  -3.161  -1.716
ASP01B4953_001   0.408  -0.724  -0.316
ASP01B4953_002   0.408  -0.724  -0.316
ASP02B4953_003   0.433  -0.655  -0.222
ASP02B4953_004   0.433  -0.655  -0.222
ASP-1B4953_005   0.341  -0.655  -0.314
MET01B4954_001   0.030  -3.619  -3.590
CTR01B4954_001  -0.021  -3.562  -3.583
CTR01B4954_002   0.104  -3.562  -3.458
CTR02B4954_003  -0.022  -3.485  -3.507
CTR02B4954_004   0.040  -3.717  -3.676
CTR-1B4954_005   0.000  -3.485  -3.485
NTR01B4957_001  -0.003  -1.006  -1.008
NTR+1B4957_002  -0.005  -1.006  -1.010
LYS01B4957_001   3.124  -4.155  -1.031
LYS+1B4957_002   3.077  -4.155  -1.078
CYS01B4958_001  -0.002  -0.838  -0.840
CYS01B4958_002  -0.002  -0.838  -0.840
CYS01B4958_003  -0.002  -0.838  -0.841
CYS-1B4958_004   0.000  -0.838  -0.838
PHE01B4959_001   5.351  -0.052   5.300
ILE01B4960_001   3.214   0.000   3.214
CYS01B4961_001  -0.002   0.000  -0.002
CYS01B4961_002  -0.002   0.000  -0.002
CYS01B4961_003  -0.003   0.000  -0.003
CYS-1B4961_004   0.000   0.000   0.000
ILE01B4963_001   2.601  -3.313  -0.712
CTR01B4964_001  -0.021  -0.927  -0.948
CTR01B4964_002   0.123  -0.927  -0.804
CTR02B4964_003  -0.022  -1.023  -1.046
CTR02B4964_004   0.049  -1.004  -0.955
CTR-1B4964_005   0.000  -0.927  -0.927
NTR01B4966_001  -0.003  -1.504  -1.507
NTR+1B4966_002  -0.005  -1.504  -1.509
ASP01B4966_001   0.450  -3.840  -3.390
ASP01B4966_002   0.450  -3.840  -3.390
ASP02B4966_003   0.505  -3.844  -3.339
ASP02B4966_004   0.505  -3.844  -3.339
ASP-1B4966_005   0.390  -3.760  -3.369
TYR01B4967_001   5.003  -9.153  -4.149
TYR-1B4967_002   5.003  -9.153  -4.149
PHE01B4968_001   5.976  -2.494   3.482
CTR01B4968_001  -0.021  -3.369  -3.390
CTR01B4968_002   0.106  -3.330  -3.224
CTR02B4968_003  -0.022  -3.234  -3.256
CTR02B4968_004   0.042  -3.466  -3.424
CTR-1B4968_005   0.000  -3.195  -3.195
NTR01B4973_001  -0.003  -3.246  -3.248
NTR+1B4973_002  -0.005  -3.111  -3.115
CTR01B4973_001  -0.021  -3.340  -3.361
CTR01B4973_002   0.105  -3.224  -3.119
CTR02B4973_003  -0.022  -3.456  -3.479
CTR02B4973_004   0.040  -3.340  -3.301
CTR-1B4973_005   0.000  -3.321  -3.321
HIS01B4973_001  -0.134 -11.106 -11.239
HIS01B4973_002  -0.085 -11.626 -11.711
HIS02B4973_003  -0.153 -11.106 -11.259
HIS02B4973_004  -0.098 -11.626 -11.724
HIS+1B4973_005  -0.180 -11.106 -11.285
HIS+1B4973_006  -0.125 -11.626 -11.751
NTR01B4978_001  -0.003  -1.156  -1.159
NTR+1B4978_002  -0.005  -1.156  -1.161
CTR01B4978_001  -0.021  -1.969  -1.990
CTR01B4978_002   0.107  -1.969  -1.862
CTR02B4978_003  -0.022  -2.085  -2.107
CTR02B4978_004   0.042  -1.931  -1.889
CTR-1B4978_005   0.000  -1.969  -1.969
HIS01B4978_001  -0.193  -0.718  -0.911
HIS02B4978_002  -0.210  -0.718  -0.929
HIS+1B4978_003  -0.237  -0.718  -0.956
NTR01B4981_001  -0.003  -0.938  -0.941
NTR+1B4981_002  -0.005  -0.938  -0.943
GLU01B4981_001   1.826  -2.370  -0.544
GLU01B4981_002   1.826  -2.370  -0.544
GLU02B4981_003   1.522  -2.304  -0.782
GLU02B4981_004   1.522  -2.304  -0.782
GLU-1B4981_005   1.420  -2.307  -0.887
GLU01B4982_001   2.821  -0.760   2.061
GLU01B4982_002   2.821  -0.760   2.061
GLU02B4982_003   2.300  -0.761   1.539
GLU02B4982_004   2.300  -0.761   1.539
GLU-1B4982_005   2.209  -0.758   1.451
HIS01B4983_001  -0.260   0.000  -0.260
HIS02B4983_002  -0.281   0.000  -0.281
HIS+1B4983_003  -0.307   0.000  -0.307
ASN01B4984_001   0.443  -1.339  -0.896
ASN01B4984_002   0.538  -1.250  -0.713
LEU01B4985_001   3.907  -2.421   1.486
ALA01B4986_001   0.000  -0.995  -0.995
ASN01B4987_001   0.225  -0.581  -0.356
ASN01B4987_002   0.421  -0.497  -0.076
TYR01B4988_001   4.852  -0.101   4.751
TYR-1B4988_002   4.852  -0.101   4.751
MET01B4989_001   0.010   0.000   0.010
PHE01B4990_001   5.057  -0.101   4.956
PHE01B4991_001   5.214  -0.169   5.045
LEU01B4992_001   2.238  -0.206   2.032
MET01B4993_001   0.276  -0.676  -0.400
TYR01B4994_001   4.965  -2.243   2.722
TYR01B4994_002   4.965  -2.243   2.722
TYR-1B4994_003   4.965  -2.243   2.722
LEU01B4995_001   1.244  -0.052   1.193
ILE01B4996_001   3.367  -2.968   0.398
ASN01B4997_001   0.421  -1.971  -1.550
ASN01B4997_002   0.190  -1.966  -1.776
LYS01B4998_001   0.832  -2.232  -1.400
LYS+1B4998_002   0.788  -2.232  -1.445
ASP01B4999_001   0.182  -2.609  -2.427
ASP01B4999_002   0.182  -2.609  -2.427
ASP02B4999_003   0.271  -2.584  -2.313
ASP02B4999_004   0.271  -2.584  -2.313
ASP-1B4999_005   0.172  -2.563  -2.391
GLU01B5000_001   2.167  -2.739  -0.572
GLU01B5000_002   2.167  -2.739  -0.572
GLU02B5000_003   1.720  -2.854  -1.134
GLU02B5000_004   1.720  -2.854  -1.134
GLU-1B5000_005   1.657  -2.795  -1.137
THR01B5001_001   0.195  -3.368  -3.173
THR01B5001_002   0.195  -3.368  -3.173
GLU01B5002_001   1.717  -2.787  -1.070
GLU01B5002_002   1.717  -2.787  -1.070
GLU02B5002_003   1.451  -2.733  -1.282
GLU02B5002_004   1.451  -2.733  -1.282
GLU-1B5002_005   1.340  -2.674  -1.335
HIS01B5003_001  -0.208  -0.278  -0.485
HIS01B5003_002  -0.169  -0.304  -0.473
HIS02B5003_003  -0.225  -0.278  -0.502
HIS02B5003_004  -0.183  -0.304  -0.487
HIS+1B5003_005  -0.252  -0.278  -0.529
HIS+1B5003_006  -0.210  -0.304  -0.514
THR01B5004_001   0.215  -1.892  -1.677
THR01B5004_002   0.215  -1.892  -1.677
THR01B5004_003   0.215  -1.892  -1.677
GLN01B5006_001   2.146  -0.369   1.777
GLN01B5006_002   3.531  -0.438   3.093
GLU01B5007_001   2.478  -0.451   2.026
GLU01B5007_002   2.478  -0.451   2.026
GLU02B5007_003   1.967  -0.433   1.534
GLU02B5007_004   1.967  -0.433   1.534
GLU-1B5007_005   1.903  -0.448   1.455
SER01B5008_001   0.000  -2.010  -2.010
TYR01B5009_001   5.283  -3.191   2.093
TYR-1B5009_002   5.283  -3.191   2.093
VAL01B5010_001   0.551   0.000   0.551
TRP01B5011_001   3.369  -2.409   0.960
LYS01B5012_001   1.898  -7.410  -5.512
LYS+1B5012_002   1.812  -7.410  -5.598
MET01B5013_001   0.108  -1.730  -1.622
TYR01B5014_001   4.210  -0.422   3.788
TYR01B5014_002   4.210  -0.422   3.788
TYR-1B5014_003   4.210  -0.422   3.788
GLN01B5015_001   0.856  -1.498  -0.642
GLN01B5015_002   0.730  -1.359  -0.629
GLU01B5016_001   1.267  -3.085  -1.819
GLU01B5016_002   1.267  -3.085  -1.819
GLU02B5016_003   1.100  -3.149  -2.049
GLU02B5016_004   1.100  -3.149  -2.049
GLU-1B5016_005   0.987  -2.993  -2.006
ARG01B5017_001   2.802  -1.449   1.352
ARG02B5017_002   2.726  -1.449   1.277
ARG03B5017_003   2.787  -1.449   1.338
ARG+1B5017_004   2.682  -1.449   1.233
CYS01B5018_001  -0.002  -1.787  -1.789
CYS01B5018_002  -0.002  -1.787  -1.789
CYS01B5018_003  -0.002  -1.787  -1.790
CYS-1B5018_004   0.000  -1.787  -1.787
TRP01B5019_001   3.328  -1.003   2.325
ASP01B5020_001   0.466  -2.883  -2.417
ASP01B5020_002   0.466  -2.883  -2.417
ASP02B5020_003   0.520  -2.846  -2.326
ASP02B5020_004   0.520  -2.846  -2.326
ASP-1B5020_005   0.404  -2.825  -2.422
PHE01B5021_001   5.450  -0.051   5.400
PHE01B5022_001   5.159  -0.155   5.004
PRO01B5023_001   0.332   0.000   0.332
ALA01B5024_001   0.000  -3.036  -3.036
ASP01B5026_001   0.078  -1.574  -1.496
ASP01B5026_002   0.078  -1.574  -1.496
ASP02B5026_003   0.151  -1.616  -1.464
ASP02B5026_004   0.151  -1.616  -1.464
ASP-1B5026_005   0.076  -1.598  -1.522
CYS01B5027_001  -0.002   0.000  -0.002
CYS01B5027_002  -0.002   0.000  -0.002
CYS01B5027_003  -0.003   0.000  -0.003
CYS-1B5027_004   0.000   0.000   0.000
PHE01B5028_001   5.041  -2.766   2.276
CTR01B5028_001  -0.021  -2.490  -2.511
CTR01B5028_002   0.103  -2.375  -2.272
CTR02B5028_003  -0.022  -2.490  -2.512
CTR02B5028_004   0.040  -2.471  -2.431
CTR-1B5028_005   0.000  -2.490  -2.490
NTR01B5031_001  -0.003  -1.301  -1.304
NTR+1B5031_002  -0.005  -1.359  -1.364
CTR01B5031_001  -0.021  -4.653  -4.674
CTR01B5031_002   0.104  -4.537  -4.433
CTR02B5031_003  -0.022  -4.556  -4.578
CTR02B5031_004   0.041  -4.557  -4.516
CTR-1B5031_005   0.000  -4.556  -4.556
GLN01B5031_001   0.752  -1.536  -0.784
GLN01B5031_002   0.658  -1.555  -0.898
_ZN+2B5101_001   0.000   0.000   0.000
_CA+2B5102_001   0.000  -0.406  -0.406
