   confID        vdw0    sas     sum
NTR01B3639_001  -0.003  -3.277  -3.279
NTR+1B3639_002  -0.005  -3.277  -3.281
THR01B3639_001   0.169  -4.350  -4.181
PRO01B3640_001   0.253  -3.508  -3.255
LEU01B3641_001   1.849  -9.575  -7.726
TYR01B3642_001   4.526  -9.840  -5.314
TYR-1B3642_002   4.526  -9.840  -5.314
ASN01B3643_001   0.296  -2.668  -2.372
ASN01B3643_002   0.080  -2.432  -2.351
LEU01B3644_001   1.860  -2.350  -0.490
PRO01B3645_001   0.250  -3.461  -3.211
THR01B3646_001   0.235  -7.002  -6.767
THR01B3646_002   0.235  -7.002  -6.767
HIS01B3647_001  -0.164  -8.264  -8.427
HIS01B3647_002  -0.123  -8.600  -8.723
HIS02B3647_003  -0.182  -8.264  -8.445
HIS02B3647_004  -0.137  -8.600  -8.736
HIS+1B3647_005  -0.209  -8.264  -8.472
HIS+1B3647_006  -0.163  -8.600  -8.763
ARG01B3648_001   1.968  -8.182  -6.214
ARG02B3648_002   1.949  -8.182  -6.233
ARG03B3648_003   1.953  -8.182  -6.229
ARG+1B3648_004   1.906  -8.182  -6.276
ALA01B3649_001   0.000  -1.268  -1.268
CYS01B3650_001  -0.002  -3.950  -3.951
CYS01B3650_002  -0.002  -3.950  -3.951
CYS01B3650_003  -0.002  -3.950  -3.952
CYS-1B3650_004   0.000  -3.950  -3.950
ASN01B3651_001   0.456  -2.887  -2.430
ASN01B3651_002   0.218  -2.955  -2.737
MET01B3652_001   0.441  -6.130  -5.689
PHE01B3653_001   4.627  -9.199  -4.572
LEU01B3654_001   1.695  -7.482  -5.787
GLU01B3655_001   1.530  -3.371  -1.841
GLU01B3655_002   1.530  -3.371  -1.841
GLU02B3655_003   1.264  -3.356  -2.092
GLU02B3655_004   1.264  -3.356  -2.092
GLU-1B3655_005   1.175  -3.268  -2.093
SER01B3656_001   0.000  -3.484  -3.484
TYR01B3657_001   4.652  -5.762  -1.109
TYR-1B3657_002   4.652  -5.762  -1.109
LYS01B3658_001   1.402  -8.252  -6.850
LYS+1B3658_002   1.355  -8.252  -6.897
ALA01B3659_001   0.000  -5.216  -5.216
ALA01B3660_001   0.000  -2.524  -2.524
TRP01B3661_001   2.788  -5.192  -2.404
ILE01B3662_001   1.569 -10.740  -9.171
LEU01B3663_001   2.615  -5.937  -3.322
THR01B3664_001   0.180  -4.922  -4.742
GLU01B3665_001   1.605  -2.960  -1.355
GLU01B3665_002   1.605  -2.960  -1.355
GLU02B3665_003   1.316  -3.051  -1.735
GLU02B3665_004   1.316  -3.051  -1.735
GLU-1B3665_005   1.230  -2.922  -1.692
ASP01B3666_001   0.410  -1.794  -1.384
ASP01B3666_002   0.410  -1.794  -1.384
ASP02B3666_003   0.466  -1.758  -1.293
ASP02B3666_004   0.466  -1.758  -1.293
ASP-1B3666_005   0.356  -1.675  -1.319
HIS01B3667_001  -0.133  -5.426  -5.558
HIS01B3667_002  -0.083  -5.381  -5.464
HIS02B3667_003  -0.152  -5.426  -5.578
HIS02B3667_004  -0.096  -5.381  -5.477
HIS+1B3667_005  -0.179  -5.426  -5.605
HIS+1B3667_006  -0.122  -5.381  -5.503
SER01B3668_001   0.000  -3.474  -3.474
SER01B3668_002   0.000  -3.474  -3.474
PHE01B3669_001   4.462  -5.786  -1.325
GLU01B3670_001   1.093  -0.310   0.783
GLU01B3670_002   1.093  -0.310   0.783
GLU02B3670_003   0.887  -0.326   0.561
GLU02B3670_004   0.887  -0.326   0.561
GLU-1B3670_005   0.823  -0.310   0.512
ASP01B3671_001   0.079  -0.724  -0.645
ASP01B3671_002   0.079  -0.724  -0.645
ASP02B3671_003   0.152  -0.761  -0.609
ASP02B3671_004   0.152  -0.761  -0.609
ASP-1B3671_005   0.075  -0.724  -0.648
ARG01B3672_001   2.792 -10.402  -7.610
ARG02B3672_002   2.836 -10.402  -7.566
ARG03B3672_003   2.742 -10.402  -7.660
ARG+1B3672_004   2.703 -10.402  -7.699
MET01B3673_001   0.152  -3.393  -3.241
ILE01B3674_001   3.377   0.000   3.377
ASP01B3675_001   0.169  -0.958  -0.789
ASP01B3675_002   0.169  -0.958  -0.789
ASP02B3675_003   0.254  -1.042  -0.788
ASP02B3675_004   0.254  -1.042  -0.788
ASP-1B3675_005   0.159  -0.982  -0.822
ASP01B3676_001   0.064  -1.899  -1.834
ASP01B3676_002   0.064  -1.899  -1.834
ASP02B3676_003   0.132  -1.971  -1.839
ASP02B3676_004   0.132  -1.971  -1.839
ASP-1B3676_005   0.061  -1.899  -1.838
LEU01B3677_001   1.836  -2.180  -0.343
SER01B3678_001   0.000  -0.782  -0.782
SER01B3678_002   0.000  -0.782  -0.782
LYS01B3679_001   1.305  -8.139  -6.834
LYS+1B3679_002   1.219  -8.139  -6.920
ALA01B3680_001   0.000  -3.207  -3.207
GLU01B3682_001   0.500  -3.003  -2.503
GLU01B3682_002   0.500  -3.003  -2.503
GLU02B3682_003   0.667  -3.134  -2.467
GLU02B3682_004   0.667  -3.134  -2.467
GLU-1B3682_005   0.469  -3.014  -2.545
GLN01B3683_001   0.454  -0.999  -0.545
GLU01B3684_001   0.499  -3.891  -3.391
GLU01B3684_002   0.499  -3.891  -3.391
GLU02B3684_003   0.666  -3.920  -3.254
GLU02B3684_004   0.666  -3.920  -3.254
GLU-1B3684_005   0.468  -3.790  -3.322
GLU01B3685_001   0.499  -4.373  -3.874
GLU01B3685_002   0.499  -4.373  -3.874
GLU02B3685_003   0.666  -4.453  -3.787
GLU02B3685_004   0.666  -4.453  -3.787
GLU-1B3685_005   0.468  -4.345  -3.877
GLU01B3686_001   0.498  -2.699  -2.201
GLU01B3686_002   0.498  -2.699  -2.201
GLU02B3686_003   0.664  -2.724  -2.060
GLU02B3686_004   0.664  -2.724  -2.060
GLU-1B3686_005   0.466  -2.610  -2.143
GLU01B3687_001   0.497  -2.604  -2.107
GLU01B3687_002   0.497  -2.604  -2.107
GLU02B3687_003   0.663  -2.523  -1.860
GLU02B3687_004   0.663  -2.523  -1.860
GLU-1B3687_005   0.466  -2.446  -1.981
GLU01B3688_001   0.498  -3.988  -3.490
GLU01B3688_002   0.498  -3.988  -3.490
GLU02B3688_003   0.665  -4.030  -3.365
GLU02B3688_004   0.665  -4.030  -3.365
GLU-1B3688_005   0.467  -3.884  -3.417
GLU01B3689_001   0.498  -4.259  -3.761
GLU01B3689_002   0.498  -4.259  -3.761
GLU02B3689_003   0.664  -4.219  -3.555
GLU02B3689_004   0.664  -4.219  -3.555
GLU-1B3689_005   0.467  -4.126  -3.659
VAL01B3690_001   0.503  -2.679  -2.175
GLU01B3691_001   0.500  -4.390  -3.889
GLU01B3691_002   0.500  -4.390  -3.889
GLU02B3691_003   0.667  -4.364  -3.698
GLU02B3691_004   0.667  -4.364  -3.698
GLU-1B3691_005   0.469  -4.289  -3.821
GLU01B3692_001   0.497  -3.961  -3.463
GLU01B3692_002   0.497  -3.961  -3.463
GLU02B3692_003   0.664  -4.092  -3.428
GLU02B3692_004   0.664  -4.092  -3.428
GLU-1B3692_005   0.466  -3.945  -3.478
LYS01B3693_001   3.787  -7.647  -3.860
LYS+1B3693_002   3.692  -7.647  -3.955
LYS01B3694_001   1.326  -4.547  -3.221
LYS+1B3694_002   1.242  -4.547  -3.305
PRO01B3695_001   0.261  -2.252  -1.990
ASP01B3696_001   0.158  -0.495  -0.337
ASP01B3696_002   0.158  -0.495  -0.337
ASP02B3696_003   0.241  -0.497  -0.255
ASP02B3696_004   0.241  -0.497  -0.255
ASP-1B3696_005   0.149  -0.482  -0.333
PRO01B3697_001   0.259  -2.897  -2.639
LEU01B3698_001   2.047   0.000   2.047
HIS01B3699_001  -0.144  -2.151  -2.295
HIS02B3699_002  -0.163  -2.151  -2.314
HIS+1B3699_003  -0.190  -2.151  -2.340
GLN01B3700_001   1.426  -2.701  -1.275
GLN01B3700_002   2.390  -2.582  -0.192
LEU01B3701_001   2.946  -1.494   1.452
VAL01B3702_001   0.655   0.000   0.655
LEU01B3703_001   1.646  -4.581  -2.936
HIS01B3704_001  -0.140  -7.094  -7.234
HIS01B3704_002  -0.094  -7.066  -7.159
HIS02B3704_003  -0.159  -7.094  -7.253
HIS02B3704_004  -0.107  -7.066  -7.172
HIS+1B3704_005  -0.186  -7.094  -7.280
HIS+1B3704_006  -0.133  -7.066  -7.199
PHE01B3705_001   4.372  -0.051   4.321
SER01B3706_001   0.000  -1.529  -1.529
ARG01B3707_001   2.059 -11.144  -9.085
ARG02B3707_002   2.045 -11.144  -9.099
ARG03B3707_003   2.040 -11.144  -9.104
ARG+1B3707_004   1.997 -11.144  -9.147
THR01B3708_001   0.221  -2.646  -2.425
ALA01B3709_001   0.000   0.000   0.000
LEU01B3710_001   1.478  -6.503  -5.025
THR01B3711_001   0.197  -4.925  -4.728
THR01B3711_002   0.197  -4.925  -4.728
GLU01B3712_001   4.262  -3.907   0.355
GLU01B3712_002   4.262  -3.907   0.355
GLU02B3712_003   3.432  -3.849  -0.416
GLU02B3712_004   3.432  -3.849  -0.416
GLU-1B3712_005   3.367  -3.896  -0.528
LYS01B3713_001   1.415  -4.446  -3.030
LYS+1B3713_002   1.368  -4.446  -3.078
SER01B3714_001   0.000  -5.167  -5.167
LYS01B3715_001   1.426  -9.279  -7.852
LYS+1B3715_002   1.379  -9.279  -7.899
LEU01B3716_001   1.718  -0.943   0.774
ASP01B3717_001   0.151  -2.447  -2.296
ASP01B3717_002   0.151  -2.447  -2.296
ASP02B3717_003   0.232  -2.459  -2.227
ASP02B3717_004   0.232  -2.459  -2.227
ASP-1B3717_005   0.142  -2.369  -2.227
GLU01B3718_001   1.823  -3.085  -1.262
GLU01B3718_002   1.823  -3.085  -1.262
GLU02B3718_003   1.487  -3.146  -1.660
GLU02B3718_004   1.487  -3.146  -1.660
GLU-1B3718_005   1.403  -3.074  -1.670
ASP01B3719_001   0.052  -0.897  -0.844
ASP01B3719_002   0.052  -0.897  -0.844
ASP02B3719_003   0.117  -0.872  -0.755
ASP02B3719_004   0.117  -0.872  -0.755
ASP-1B3719_005   0.049  -0.861  -0.812
TYR01B3720_001   4.428 -11.730  -7.302
TYR-1B3720_002   4.428 -11.730  -7.302
LEU01B3721_001   3.224  -6.110  -2.886
TYR01B3722_001   4.655   0.000   4.655
TYR01B3722_002   4.655   0.000   4.655
TYR-1B3722_003   4.655   0.000   4.655
MET01B3723_001   0.051  -1.269  -1.218
ALA01B3724_001   0.000  -1.851  -1.851
TYR01B3725_001   4.548  -2.907   1.641
TYR-1B3725_002   4.548  -2.907   1.641
ALA01B3726_001   0.000   0.000   0.000
ASP01B3727_001   0.058  -1.702  -1.645
ASP01B3727_002   0.058  -1.702  -1.645
ASP02B3727_003   0.124  -1.795  -1.671
ASP02B3727_004   0.124  -1.795  -1.671
ASP-1B3727_005   0.055  -1.723  -1.668
ILE01B3728_001   2.455  -0.618   1.837
MET01B3729_001   0.011  -0.119  -0.108
ALA01B3730_001   0.000  -0.377  -0.377
LYS01B3731_001   1.941  -3.692  -1.752
LYS+1B3731_002   1.855  -3.692  -1.837
SER01B3732_001   0.000   0.000   0.000
SER01B3732_002   0.000   0.000   0.000
CYS01B3733_001  -0.002   0.000  -0.002
CYS01B3733_002  -0.002   0.000  -0.002
CYS01B3733_003  -0.002   0.000  -0.002
CYS-1B3733_004   0.000   0.000   0.000
HIS01B3734_001  -0.354  -3.069  -3.423
HIS02B3734_002  -0.363  -3.069  -3.432
HIS+1B3734_003  -0.382  -3.069  -3.452
LEU01B3735_001   1.462  -1.407   0.055
GLU01B3736_001   0.499  -0.109   0.391
GLU01B3736_002   0.499  -0.109   0.391
GLU02B3736_003   0.667  -0.103   0.563
GLU02B3736_004   0.667  -0.103   0.563
GLU-1B3736_005   0.468  -0.103   0.365
GLU01B3737_001   0.498  -1.353  -0.856
GLU01B3737_002   0.498  -1.353  -0.856
GLU02B3737_003   0.664  -1.288  -0.624
GLU02B3737_004   0.664  -1.288  -0.624
GLU-1B3737_005   0.466  -1.288  -0.822
GLU01B3740_001   0.499  -1.006  -0.507
GLU01B3740_002   0.499  -1.006  -0.507
GLU02B3740_003   0.665  -0.980  -0.314
GLU02B3740_004   0.665  -0.980  -0.314
GLU-1B3740_005   0.468  -0.969  -0.501
ASN01B3741_001  -0.020  -2.337  -2.358
CTR01B3741_001  -0.021  -4.807  -4.828
CTR01B3741_002   0.109  -4.981  -4.872
CTR02B3741_003  -0.022  -5.001  -5.023
CTR02B3741_004   0.043  -5.059  -5.016
CTR-1B3741_005   0.000  -4.807  -4.807
NTR01B3747_001  -0.003  -3.644  -3.647
NTR+1B3747_002  -0.005  -3.644  -3.649
GLU01B3747_001   0.497  -4.647  -4.150
GLU01B3747_002   0.497  -4.647  -4.150
GLU02B3747_003   0.663  -4.703  -4.040
GLU02B3747_004   0.663  -4.703  -4.040
GLU-1B3747_005   0.466  -4.465  -4.000
GLU01B3748_001   0.500  -3.779  -3.279
GLU01B3748_002   0.500  -3.779  -3.279
GLU02B3748_003   0.667  -3.764  -3.097
GLU02B3748_004   0.667  -3.764  -3.097
GLU-1B3748_005   0.468  -3.634  -3.166
VAL01B3749_001   0.503  -7.994  -7.491
GLU01B3750_001   1.804  -2.960  -1.157
GLU01B3750_002   1.804  -2.960  -1.157
GLU02B3750_003   1.480  -3.118  -1.638
GLU02B3750_004   1.480  -3.118  -1.638
GLU-1B3750_005   1.391  -2.979  -1.587
VAL01B3751_001   0.617  -3.896  -3.279
SER01B3752_001   0.000  -3.316  -3.316
SER01B3752_002   0.000  -3.316  -3.316
PHE01B3753_001   4.670  -7.793  -3.123
GLU01B3754_001   3.705  -1.929   1.776
GLU01B3754_002   3.705  -1.929   1.776
GLU02B3754_003   2.998  -1.833   1.165
GLU02B3754_004   2.998  -1.833   1.165
GLU-1B3754_005   2.913  -1.881   1.032
GLU01B3755_001   1.707  -1.445   0.263
GLU01B3755_002   1.707  -1.445   0.263
GLU02B3755_003   1.402  -1.498  -0.096
GLU02B3755_004   1.402  -1.498  -0.096
GLU-1B3755_005   1.314  -1.404  -0.090
LYS01B3756_001   2.091  -3.887  -1.796
LYS+1B3756_002   2.003  -3.887  -1.884
GLU01B3757_001   1.614  -1.081   0.533
GLU01B3757_002   1.614  -1.081   0.533
GLU02B3757_003   1.328  -1.005   0.323
GLU02B3757_004   1.328  -1.005   0.323
GLU-1B3757_005   1.240  -0.999   0.241
MET01B3758_001  -0.013  -0.455  -0.468
GLU01B3759_001   4.415  -0.788   3.626
GLU01B3759_002   4.415  -0.788   3.626
GLU02B3759_003   3.545  -0.808   2.737
GLU02B3759_004   3.545  -0.808   2.737
GLU-1B3759_005   3.471  -0.779   2.691
LYS01B3760_001   1.706  -4.142  -2.436
LYS+1B3760_002   1.619  -4.142  -2.523
GLN01B3761_001   1.370  -0.495   0.875
GLN01B3761_002   1.019  -0.709   0.311
ARG01B3762_001   1.873  -2.061  -0.189
ARG02B3762_002   1.857  -2.061  -0.205
ARG03B3762_003   1.849  -2.061  -0.212
ARG03B3762_004   1.853  -2.061  -0.208
ARG+1B3762_005   1.810  -2.061  -0.251
LEU01B3763_001   1.786  -0.464   1.322
LEU01B3764_001   1.928  -5.956  -4.028
TYR01B3765_001   4.654  -4.030   0.624
TYR01B3765_002   4.654  -4.030   0.624
TYR-1B3765_003   4.654  -4.030   0.624
GLN01B3766_001   1.746  -0.039   1.707
GLN01B3766_002   2.836  -0.034   2.802
GLN01B3767_001   1.122   0.000   1.122
GLN01B3767_002   0.858   0.000   0.858
SER01B3768_001   0.000  -2.465  -2.465
ARG01B3769_001   1.434  -0.296   1.138
ARG02B3769_002   1.419  -0.296   1.123
ARG03B3769_003   1.411  -0.296   1.115
ARG03B3769_004   1.415  -0.296   1.119
ARG+1B3769_005   1.372  -0.296   1.076
LEU01B3770_001   1.676   0.000   1.676
HIS01B3771_001  -0.168  -3.451  -3.619
HIS01B3771_002  -0.131  -3.331  -3.462
HIS02B3771_003  -0.186  -3.451  -3.637
HIS02B3771_004  -0.145  -3.331  -3.475
HIS+1B3771_005  -0.213  -3.451  -3.664
HIS+1B3771_006  -0.171  -3.331  -3.502
THR01B3772_001   0.230  -1.340  -1.110
THR01B3772_002   0.230  -1.340  -1.110
ARG01B3773_001   1.631  -9.575  -7.944
ARG02B3773_002   1.616  -9.575  -7.959
ARG03B3773_003   1.608  -9.575  -7.967
ARG+1B3773_004   1.569  -9.575  -8.006
ALA01B3775_001   0.000   0.000   0.000
ALA01B3776_001   0.000   0.000   0.000
GLU01B3777_001   2.475  -1.417   1.058
GLU01B3777_002   2.475  -1.417   1.058
GLU02B3777_003   1.966  -1.270   0.695
GLU02B3777_004   1.966  -1.270   0.695
GLU-1B3777_005   1.902  -1.275   0.627
MET01B3778_001   0.450   0.000   0.450
VAL01B3779_001   0.768  -0.052   0.716
LEU01B3780_001   2.152   0.000   2.152
GLN01B3781_001   1.735  -0.458   1.277
GLN01B3781_002   2.858  -0.512   2.346
MET01B3782_001   0.649  -0.096   0.553
ILE01B3783_001   2.250  -0.824   1.425
SER01B3784_001   0.000  -1.493  -1.493
SER01B3784_002   0.000  -1.493  -1.493
SER01B3784_003   0.000  -1.493  -1.493
ALA01B3785_001   0.000  -0.103  -0.103
CYS01B3786_001  -0.002  -0.071  -0.073
CYS01B3786_002  -0.002  -0.071  -0.073
CYS01B3786_003  -0.002  -0.071  -0.074
CYS-1B3786_004   0.000  -0.071  -0.071
LYS01B3787_001   0.866  -6.166  -5.300
LYS+1B3787_002   0.820  -6.166  -5.347
GLU01B3789_001   2.131  -1.368   0.763
GLU01B3789_002   2.131  -1.368   0.763
GLU02B3789_003   1.749  -1.362   0.387
GLU02B3789_004   1.749  -1.362   0.387
GLU-1B3789_005   1.674  -1.342   0.332
THR01B3790_001   0.216  -2.735  -2.520
ALA01B3792_001   0.000  -3.242  -3.242
MET01B3793_001   0.256  -0.453  -0.197
VAL01B3794_001   0.649   0.000   0.649
SER01B3795_001   0.000  -0.905  -0.905
SER01B3795_002   0.000  -0.905  -0.905
SER01B3796_001   0.000  -0.590  -0.590
SER01B3796_002   0.000  -0.590  -0.590
SER01B3796_003   0.000  -0.590  -0.590
THR01B3797_001   0.220  -0.103   0.117
THR01B3797_002   0.220  -0.103   0.117
LEU01B3798_001   2.000  -0.155   1.845
LYS01B3799_001   1.304  -4.232  -2.928
LYS+1B3799_002   1.257  -4.232  -2.975
LEU01B3800_001   1.709   0.000   1.709
ILE01B3802_001   2.863  -0.547   2.316
SER01B3803_001   0.000  -0.301  -0.301
SER01B3803_002   0.000  -0.301  -0.301
SER01B3803_003   0.000  -0.301  -0.301
ILE01B3804_001   3.008   0.000   3.008
LEU01B3805_001   2.574   0.000   2.574
ASN01B3806_001   0.137  -0.664  -0.528
ASN01B3806_002  -0.016  -0.768  -0.783
ASN01B3809_001   0.439  -0.379   0.060
ASN01B3809_002   0.202  -0.512  -0.309
ALA01B3810_001   0.000  -2.968  -2.968
GLU01B3811_001   1.665  -2.749  -1.084
GLU01B3811_002   1.665  -2.749  -1.084
GLU02B3811_003   1.371  -2.850  -1.479
GLU02B3811_004   1.371  -2.850  -1.479
GLU-1B3811_005   1.282  -2.764  -1.482
VAL01B3812_001   0.674  -0.052   0.623
GLN01B3813_001   1.950   0.000   1.950
GLN01B3813_002   3.239   0.000   3.239
GLN01B3814_001   0.705  -2.172  -1.467
GLN01B3814_002   0.615  -2.164  -1.549
LYS01B3815_001   0.858  -1.402  -0.544
LYS+1B3815_002   0.812  -1.402  -0.589
MET01B3816_001   1.078  -0.071   1.007
LEU01B3817_001   1.656  -0.155   1.501
ASP01B3818_001   0.397  -2.066  -1.669
ASP01B3818_002   0.397  -2.066  -1.669
ASP02B3818_003   0.448  -2.217  -1.769
ASP02B3818_004   0.448  -2.217  -1.769
ASP-1B3818_005   0.343  -2.033  -1.690
TYR01B3819_001   4.566  -2.732   1.834
TYR01B3819_002   4.566  -2.732   1.834
TYR-1B3819_003   4.566  -2.732   1.834
LEU01B3820_001   1.803  -0.052   1.752
LYS01B3821_001   2.110  -5.060  -2.950
LYS+1B3821_002   2.024  -5.060  -3.035
ASP01B3822_001   0.399  -2.696  -2.298
ASP01B3822_002   0.399  -2.696  -2.298
ASP02B3822_003   0.453  -2.787  -2.334
ASP02B3822_004   0.453  -2.787  -2.334
ASP-1B3822_005   0.346  -2.722  -2.376
LYS01B3823_001   3.791  -2.966   0.826
LYS+1B3823_002   3.697  -2.966   0.731
LYS01B3824_001   1.581  -5.594  -4.013
LYS+1B3824_002   1.494  -5.594  -4.100
GLU01B3825_001   1.806  -0.506   1.299
GLU01B3825_002   1.806  -0.506   1.299
GLU02B3825_003   1.490  -0.488   1.001
GLU02B3825_004   1.490  -0.488   1.001
GLU-1B3825_005   1.415  -0.481   0.934
VAL01B3826_001   0.660  -4.118  -3.457
CTR01B3826_001  -0.021  -1.795  -1.816
CTR01B3826_002   0.102  -1.911  -1.809
CTR02B3826_003  -0.022  -1.718  -1.740
CTR02B3826_004   0.040  -2.085  -2.045
CTR-1B3826_005   0.000  -1.795  -1.795
NTR01B3828_001  -0.003  -0.257  -0.260
NTR+1B3828_002  -0.005  -0.257  -0.262
PHE01B3828_001   4.738  -0.202   4.536
PHE01B3829_001   4.821  -0.354   4.468
CTR01B3829_001  -0.021  -0.483  -0.504
CTR01B3829_002   0.093  -0.463  -0.370
CTR02B3829_003  -0.022  -0.463  -0.485
CTR02B3829_004   0.035  -0.483  -0.447
CTR-1B3829_005   0.000  -0.463  -0.463
NTR01B3831_001  -0.003  -0.771  -0.774
NTR+1B3831_002  -0.005  -0.771  -0.776
CTR01B3831_001  -0.021  -0.290  -0.311
CTR01B3831_002   0.098  -0.290  -0.192
CTR02B3831_003  -0.022  -0.290  -0.312
CTR02B3831_004   0.038  -0.290  -0.252
CTR-1B3831_005   0.000  -0.290  -0.290
SER01B3831_001   0.000  -0.192  -0.192
SER01B3831_002   0.000  -0.192  -0.192
NTR01B3833_001  -0.003  -0.257  -0.260
NTR+1B3833_002  -0.005  -0.257  -0.262
GLN01B3833_001   1.601  -1.969  -0.367
GLN01B3833_002   2.631  -2.003   0.628
ALA01B3834_001   0.000  -1.957  -1.957
LEU01B3835_001   1.740  -0.309   1.431
MET01B3836_001   0.371  -0.151   0.220
GLN01B3837_001   1.586  -2.713  -1.127
GLN01B3837_002   2.643  -2.787  -0.143
THR01B3838_001   0.244  -3.639  -3.395
THR01B3838_002   0.244  -3.639  -3.395
THR01B3838_003   0.244  -3.639  -3.395
CYS01B3839_001  -0.002   0.000  -0.002
CYS01B3839_002  -0.002   0.000  -0.002
CYS01B3839_003  -0.003   0.000  -0.003
CYS-1B3839_004   0.000   0.000   0.000
SER01B3840_001   0.000  -1.643  -1.643
SER01B3840_002   0.000  -1.643  -1.643
SER01B3840_003   0.000  -1.643  -1.643
VAL01B3841_001   0.639  -1.597  -0.957
LEU01B3842_001   1.854   0.000   1.854
ASP01B3843_001   0.156  -2.010  -1.854
ASP01B3843_002   0.156  -2.010  -1.854
ASP02B3843_003   0.238  -2.021  -1.783
ASP02B3843_004   0.238  -2.021  -1.783
ASP-1B3843_005   0.147  -1.964  -1.817
LEU01B3844_001   1.728  -2.318  -0.590
ASN01B3845_001   0.282  -3.257  -2.975
ASN01B3845_002   0.431  -3.212  -2.781
ALA01B3846_001   0.000  -1.236  -1.236
PHE01B3847_001   4.593  -0.051   4.543
GLU01B3848_001   1.673  -1.267   0.406
GLU01B3848_002   1.673  -1.267   0.406
GLU02B3848_003   1.428  -1.143   0.285
GLU02B3848_004   1.428  -1.143   0.285
GLU-1B3848_005   1.312  -1.180   0.132
ARG01B3849_001   1.847 -10.161  -8.314
ARG02B3849_002   1.832 -10.161  -8.329
ARG03B3849_003   1.824 -10.161  -8.337
ARG+1B3849_004   1.785 -10.161  -8.376
GLN01B3850_001   1.992   0.000   1.992
GLN01B3850_002   3.296  -0.039   3.257
ASN01B3851_001   0.159  -0.965  -0.806
ASN01B3851_002  -0.003  -1.009  -1.012
LYS01B3852_001   0.746  -9.176  -8.430
LYS+1B3852_002   0.700  -9.176  -8.476
ALA01B3853_001   0.000  -1.185  -1.185
GLU01B3854_001   0.499  -1.893  -1.394
GLU01B3854_002   0.499  -1.893  -1.394
GLU02B3854_003   0.666  -1.851  -1.185
GLU02B3854_004   0.666  -1.851  -1.185
GLU-1B3854_005   0.468  -1.852  -1.384
LEU01B3856_001   1.626  -7.498  -5.872
MET01B3858_001   0.143  -8.759  -8.616
VAL01B3859_001   0.501  -2.421  -1.920
ASN01B3860_001  -0.020  -3.236  -3.256
GLU01B3861_001   0.500  -3.012  -2.512
GLU01B3861_002   0.500  -3.012  -2.512
GLU02B3861_003   0.667  -3.009  -2.342
GLU02B3861_004   0.667  -3.009  -2.342
GLU-1B3861_005   0.469  -2.945  -2.476
ASP01B3862_001  -0.040  -2.286  -2.326
ASP01B3862_002  -0.040  -2.286  -2.326
ASP02B3862_003  -0.008  -2.366  -2.374
ASP02B3862_004  -0.008  -2.366  -2.374
ASP-1B3862_005  -0.040  -2.277  -2.317
THR01B3864_001   0.151  -2.095  -1.944
VAL01B3865_001   0.500  -5.695  -5.195
ILE01B3866_001   0.942  -5.203  -4.261
ASN01B3867_001  -0.020  -1.052  -1.072
ARG01B3868_0011190.149  -5.5971184.552
ARG02B3868_0021190.133  -5.5971184.536
ARG03B3868_0031190.165  -5.5971184.568
ARG03B3868_004 189.214  -5.597 183.617
ARG+1B3868_0051190.099  -5.5971184.502
GLN01B3869_001   0.454  -1.838  -1.384
ASN01B3870_001  -0.020  -0.195  -0.215
GLU01B3872_001   0.494  -4.007  -3.512
GLU01B3872_002   0.494  -4.007  -3.512
GLU02B3872_003   0.660  -4.025  -3.365
GLU02B3872_004   0.660  -4.025  -3.365
GLU-1B3872_005   0.463  -3.919  -3.456
LYS01B3873_001   1.170  -3.543  -2.373
LYS+1B3873_002   1.122  -3.543  -2.421
VAL01B3874_001   0.762   0.000   0.762
MET01B3875_001   0.793   0.000   0.793
ALA01B3876_001   0.000  -1.252  -1.252
ASP01B3877_001   0.077  -0.284  -0.208
ASP01B3877_002   0.077  -0.284  -0.208
ASP02B3877_003   0.149  -0.246  -0.097
ASP02B3877_004   0.149  -0.246  -0.097
ASP-1B3877_005   0.073  -0.276  -0.202
ASP01B3878_001   0.057  -1.501  -1.444
ASP01B3878_002   0.057  -1.501  -1.444
ASP02B3878_003   0.123  -1.637  -1.513
ASP02B3878_004   0.123  -1.637  -1.513
ASP-1B3878_005   0.054  -1.490  -1.436
GLU01B3879_001   0.497  -3.221  -2.724
GLU01B3879_002   0.497  -3.221  -2.724
GLU02B3879_003   0.663  -3.331  -2.669
GLU02B3879_004   0.663  -3.331  -2.669
GLU-1B3879_005   0.466  -3.238  -2.773
PHE01B3880_001   4.568  -0.908   3.660
THR01B3881_001   0.235   0.000   0.235
THR01B3881_002   0.235   0.000   0.235
THR01B3881_003   0.235   0.000   0.235
GLN01B3882_001   1.481  -1.604  -0.123
GLN01B3882_002   2.462  -1.452   1.010
ASP01B3883_001   0.417  -0.580  -0.162
ASP01B3883_002   0.417  -0.580  -0.162
ASP02B3883_003   0.458  -0.551  -0.093
ASP02B3883_004   0.458  -0.551  -0.093
ASP-1B3883_005   0.356  -0.551  -0.196
LEU01B3884_001   1.613  -0.361   1.252
PHE01B3885_001   4.661   0.000   4.661
ARG01B3886_001   1.498  -5.455  -3.957
ARG02B3886_002   1.455  -5.455  -4.000
ARG03B3886_003   1.521  -5.455  -3.933
ARG+1B3886_004   1.416  -5.455  -4.039
PHE01B3887_001   4.725  -0.574   4.151
LEU01B3888_001   1.756  -0.995   0.761
GLN01B3889_001   1.568  -0.345   1.223
LEU01B3890_001   1.772  -0.258   1.514
LEU01B3891_001   2.182  -0.171   2.011
CYS01B3892_001  -0.002   0.000  -0.002
CYS01B3892_002  -0.002   0.000  -0.002
CYS01B3892_003  -0.002   0.000  -0.002
CYS-1B3892_004   0.000   0.000   0.000
GLU01B3893_001   1.636  -0.408   1.227
GLU01B3893_002   1.636  -0.408   1.227
GLU02B3893_003   1.339  -0.372   0.968
GLU02B3893_004   1.339  -0.372   0.968
GLU-1B3893_005   1.254  -0.405   0.849
HIS01B3895_001  -0.173  -2.475  -2.648
HIS01B3895_002  -0.136  -2.455  -2.591
HIS02B3895_003  -0.191  -2.475  -2.666
HIS02B3895_004  -0.149  -2.455  -2.605
HIS+1B3895_005  -0.217  -2.475  -2.693
HIS+1B3895_006  -0.176  -2.455  -2.631
ASN01B3896_001   0.019  -0.827  -0.808
ASN01B3896_002   0.188  -0.655  -0.467
ASN01B3897_001   0.196  -2.220  -2.024
ASN01B3897_002   0.019  -2.077  -2.058
ASP01B3898_001   0.049  -1.565  -1.517
ASP01B3898_002   0.049  -1.565  -1.517
ASP02B3898_003   0.112  -1.675  -1.564
ASP02B3898_004   0.112  -1.675  -1.564
ASP-1B3898_005   0.045  -1.627  -1.582
PHE01B3899_001   5.151   0.000   5.151
GLN01B3900_001   1.447   0.000   1.447
GLN01B3900_002   2.393   0.000   2.393
ASN01B3901_001   0.478  -1.767  -1.290
ASN01B3901_002   0.227  -1.602  -1.375
TYR01B3902_001   4.768  -0.508   4.259
TYR-1B3902_002   4.768  -0.508   4.259
LEU01B3903_001   1.993   0.000   1.993
ARG01B3904_001   3.329  -3.573  -0.244
ARG02B3904_002   3.290  -3.573  -0.283
ARG02B3904_003   3.295  -3.573  -0.278
ARG03B3904_004   3.299  -3.573  -0.274
ARG03B3904_005   3.320  -3.573  -0.254
ARG+1B3904_006   3.250  -3.573  -0.323
THR01B3905_001   0.198  -2.849  -2.652
THR01B3905_002   0.198  -2.849  -2.652
GLN01B3906_001   2.343   0.000   2.343
GLN01B3906_002   3.918   0.000   3.918
THR01B3907_001   0.201  -6.041  -5.840
THR01B3907_002   0.201  -6.041  -5.840
ASN01B3909_001   0.439  -0.241   0.198
ASN01B3909_002   0.204  -0.354  -0.151
THR01B3910_001   0.201  -6.090  -5.889
THR01B3911_001   0.190  -4.240  -4.050
THR01B3911_002   0.190  -4.240  -4.050
THR01B3912_001   0.209  -3.344  -3.135
ILE01B3913_001   1.537  -0.618   0.919
ASN01B3914_001   0.131  -0.743  -0.612
ASN01B3914_002  -0.018  -0.551  -0.569
ILE01B3915_001   3.470  -0.258   3.212
ILE01B3916_001   2.761  -0.258   2.503
ILE01B3917_001   3.979  -5.592  -1.613
CYS01B3918_001  -0.002  -1.143  -1.145
CYS01B3918_002  -0.002  -1.143  -1.145
CYS01B3918_003  -0.003  -1.143  -1.146
CYS-1B3918_004   0.000  -1.143  -1.143
THR01B3919_001   0.251   0.000   0.251
THR01B3919_002   0.251   0.000   0.251
THR01B3919_003   0.251   0.000   0.251
VAL01B3920_001   0.645  -0.155   0.490
ASP01B3921_001   0.400  -1.248  -0.848
ASP01B3921_002   0.400  -1.248  -0.848
ASP02B3921_003   0.449  -1.265  -0.816
ASP02B3921_004   0.449  -1.265  -0.816
ASP-1B3921_005   0.344  -1.240  -0.896
TYR01B3922_001   4.429   0.000   4.429
TYR-1B3922_002   4.429   0.000   4.429
LEU01B3923_001   1.523   0.000   1.523
LEU01B3924_001   1.766  -1.442   0.324
ARG01B3925_001   2.377  -4.557  -2.180
ARG02B3925_002   2.377  -4.557  -2.181
ARG03B3925_003   2.345  -4.557  -2.212
ARG+1B3925_004   2.301  -4.557  -2.256
LEU01B3926_001   1.751   0.000   1.751
GLN01B3927_001   2.739  -0.349   2.389
GLN01B3927_002   4.517  -0.320   4.197
GLU01B3928_001   2.690  -2.928  -0.238
GLU01B3928_002   2.690  -2.928  -0.238
GLU02B3928_003   2.131  -3.153  -1.022
GLU02B3928_004   2.131  -3.153  -1.022
GLU-1B3928_005   2.072  -3.058  -0.986
SER01B3929_001   0.000  -0.288  -0.288
SER01B3929_002   0.000  -0.288  -0.288
ILE01B3930_001   3.337  -0.052   3.286
SER01B3931_001   0.000  -0.940  -0.940
SER01B3931_002   0.000  -0.940  -0.940
ASP01B3932_001   0.166  -1.977  -1.812
ASP01B3932_002   0.166  -1.977  -1.812
ASP02B3932_003   0.250  -1.914  -1.664
ASP02B3932_004   0.250  -1.914  -1.664
ASP-1B3932_005   0.156  -1.895  -1.739
PHE01B3933_001   4.640  -0.101   4.539
TYR01B3934_001   4.514  -1.418   3.096
TYR-1B3934_002   4.514  -1.418   3.096
TRP01B3935_001   3.038  -8.973  -5.935
TYR01B3936_001   4.509  -4.723  -0.214
TYR-1B3936_002   4.509  -4.723  -0.214
TYR01B3937_001   4.682   0.000   4.682
TYR-1B3937_002   4.682   0.000   4.682
SER01B3938_001   0.000  -1.364  -1.364
SER01B3938_002   0.000  -1.364  -1.364
SER01B3938_003   0.000  -1.364  -1.364
LYS01B3940_001   0.902  -4.067  -3.166
LYS+1B3940_002   0.856  -4.067  -3.211
ASP01B3941_001   0.059  -2.848  -2.789
ASP01B3941_002   0.059  -2.848  -2.789
ASP02B3941_003   0.126  -2.863  -2.737
ASP02B3941_004   0.126  -2.863  -2.737
ASP-1B3941_005   0.056  -2.683  -2.626
VAL01B3942_001   0.528  -4.836  -4.308
ILE01B3943_001   2.638  -0.155   2.483
GLU01B3944_001   1.887  -2.525  -0.638
GLU01B3944_002   1.887  -2.525  -0.638
GLU02B3944_003   1.558  -2.565  -1.007
GLU02B3944_004   1.558  -2.565  -1.007
GLU-1B3944_005   1.463  -2.463  -1.001
GLU01B3945_001   3.045  -2.795   0.251
GLU01B3945_002   3.045  -2.795   0.251
GLU02B3945_003   2.464  -2.909  -0.444
GLU02B3945_004   2.464  -2.909  -0.444
GLU-1B3945_005   2.383  -2.849  -0.466
GLN01B3946_001   0.660  -0.301   0.359
LYS01B3948_001   1.163  -1.531  -0.368
LYS+1B3948_002   1.116  -1.531  -0.415
ARG01B3949_001   2.236  -6.513  -4.277
ARG02B3949_002   2.213  -6.513  -4.301
ARG03B3949_003   2.298  -6.513  -4.215
ARG+1B3949_004   2.173  -6.513  -4.340
ASN01B3950_001   0.426   0.000   0.426
ASN01B3950_002   0.193   0.000   0.193
PHE01B3951_001   4.795   0.000   4.795
SER01B3952_001   0.000  -1.988  -1.988
SER01B3952_002   0.000  -1.988  -1.988
SER01B3952_003   0.000  -1.988  -1.988
LYS01B3953_001   1.498  -1.859  -0.361
LYS+1B3953_002   1.452  -1.859  -0.408
ALA01B3954_001   0.000   0.000   0.000
MET01B3955_001   0.885   0.000   0.885
SER01B3956_001   0.000  -1.823  -1.823
VAL01B3957_001   0.715   0.000   0.715
ALA01B3958_001   0.000   0.000   0.000
LYS01B3959_001   1.317  -4.040  -2.723
LYS+1B3959_002   1.271  -4.040  -2.768
GLN01B3960_001   1.136  -0.448   0.688
GLN01B3960_002   1.493  -0.591   0.902
VAL01B3961_001   0.660   0.000   0.660
PHE01B3962_001   4.787   0.000   4.787
ASN01B3963_001   0.465  -0.979  -0.514
ASN01B3963_002   0.218  -0.620  -0.402
SER01B3964_001   0.000   0.000   0.000
SER01B3964_002   0.000   0.000   0.000
LEU01B3965_001   2.147   0.000   2.147
THR01B3966_001   0.189  -0.447  -0.258
THR01B3966_002   0.189  -0.447  -0.258
GLU01B3967_001   1.642  -0.174   1.468
GLU01B3967_002   1.642  -0.174   1.468
GLU02B3967_003   1.352  -0.109   1.243
GLU02B3967_004   1.352  -0.109   1.243
GLU-1B3967_005   1.264  -0.138   1.126
TYR01B3968_001   4.234   0.000   4.234
TYR-1B3968_002   4.234   0.000   4.234
ILE01B3969_001   2.095   0.000   2.095
GLN01B3970_001   1.737  -0.197   1.540
GLN01B3970_002   2.878  -0.177   2.701
PRO01B3972_001   0.258  -3.117  -2.859
CYS01B3973_001  -0.002  -0.071  -0.073
CYS01B3973_002  -0.002  -0.071  -0.073
CYS01B3973_003  -0.002  -0.071  -0.074
CYS-1B3973_004   0.000  -0.071  -0.071
THR01B3974_001   0.230  -5.541  -5.311
CTR01B3975_001  -0.021  -0.328  -0.349
CTR01B3975_002   0.107  -0.232  -0.124
CTR02B3975_003  -0.022  -0.232  -0.254
CTR02B3975_004   0.042  -0.154  -0.112
CTR-1B3975_005   0.000  -0.232  -0.232
NTR01B3977_001  -0.003   0.000  -0.003
NTR+1B3977_002  -0.005   0.000  -0.005
GLN01B3977_001   1.434  -0.172   1.262
GLN01B3977_002   2.374  -0.197   2.177
GLN01B3978_001   0.750  -1.793  -1.043
GLN01B3978_002   0.639  -1.736  -1.097
SER01B3979_001   0.000  -0.541  -0.541
LEU01B3980_001   1.762  -0.052   1.711
ALA01B3981_001   0.000  -0.361  -0.361
HIS01B3982_001  -0.172  -7.756  -7.927
HIS01B3982_002  -0.133  -7.786  -7.919
HIS02B3982_003  -0.190  -7.756  -7.945
HIS02B3982_004  -0.146  -7.786  -7.932
HIS+1B3982_005  -0.217  -7.756  -7.972
HIS+1B3982_006  -0.172  -7.786  -7.959
SER01B3983_001   0.000  -0.096  -0.096
ARG01B3984_001   1.520  -8.228  -6.707
ARG02B3984_002   1.478  -8.228  -6.749
ARG02B3984_003   1.483  -8.228  -6.745
ARG03B3984_004   1.484  -8.228  -6.744
ARG+1B3984_005   1.440  -8.228  -6.788
LEU01B3985_001   1.801   0.000   1.801
TRP01B3986_001   3.172  -1.707   1.465
ASP01B3987_001   0.066  -2.373  -2.307
ASP01B3987_002   0.066  -2.373  -2.307
ASP02B3987_003   0.135  -2.482  -2.347
ASP02B3987_004   0.135  -2.482  -2.347
ASP-1B3987_005   0.062  -2.382  -2.319
ALA01B3988_001   0.000   0.000   0.000
VAL01B3989_001   0.940  -0.103   0.837
VAL01B3990_001   0.736  -0.670   0.066
PHE01B3992_001   4.814  -0.051   4.763
LEU01B3993_001   1.889  -0.773   1.116
HIS01B3994_001  -0.165  -3.828  -3.993
HIS02B3994_002  -0.183  -3.828  -4.011
HIS+1B3994_003  -0.210  -3.828  -4.038
VAL01B3995_001   0.623  -0.052   0.572
PHE01B3996_001   4.224   0.000   4.224
ALA01B3997_001   0.000   0.000   0.000
HIS01B3998_001  -0.129  -2.688  -2.817
HIS02B3998_002  -0.149  -2.688  -2.837
HIS+1B3998_003  -0.176  -2.688  -2.863
MET01B3999_001   0.042  -0.048  -0.006
MET01B4000_001   0.514   0.000   0.514
MET01B4001_001  -0.057  -1.718  -1.775
LYS01B4002_001   0.803  -0.892  -0.089
LYS+1B4002_002   0.757  -0.892  -0.135
LEU01B4003_001   1.687  -0.052   1.635
ALA01B4004_001   0.000  -0.206  -0.206
GLN01B4005_001   1.693  -1.570   0.123
GLN01B4005_002   2.813  -1.600   1.213
ASP01B4006_001   0.061  -1.515  -1.454
ASP01B4006_002   0.061  -1.515  -1.454
ASP02B4006_003   0.128  -1.579  -1.451
ASP02B4006_004   0.128  -1.579  -1.451
ASP-1B4006_005   0.057  -1.426  -1.368
SER01B4007_001   0.000  -3.464  -3.464
SER01B4007_002   0.000  -3.464  -3.464
SER01B4008_001   0.000  -3.966  -3.966
SER01B4008_002   0.000  -3.966  -3.966
GLN01B4009_001   1.577  -0.079   1.499
GLN01B4009_002   2.620  -0.108   2.511
ILE01B4010_001   2.502  -2.180   0.322
GLU01B4011_001   2.646  -3.191  -0.546
GLU01B4011_002   2.646  -3.191  -0.546
GLU02B4011_003   2.101  -3.318  -1.218
GLU02B4011_004   2.101  -3.318  -1.218
GLU-1B4011_005   2.038  -3.170  -1.132
LEU01B4012_001   1.618  -0.206   1.412
LEU01B4013_001   1.791  -0.309   1.482
LYS01B4014_001   1.403  -5.957  -4.555
LYS+1B4014_002   1.357  -5.957  -4.601
GLU01B4015_001   2.605  -1.315   1.290
GLU01B4015_002   2.605  -1.315   1.290
GLU02B4015_003   2.068  -1.244   0.823
GLU02B4015_004   2.068  -1.244   0.823
GLU-1B4015_005   2.006  -1.249   0.758
LEU01B4016_001   3.019   0.000   3.019
LEU01B4017_001   1.601  -0.258   1.344
ASP01B4018_001   0.167  -1.200  -1.033
ASP01B4018_002   0.167  -1.200  -1.033
ASP02B4018_003   0.252  -1.207  -0.955
ASP02B4018_004   0.252  -1.207  -0.955
ASP-1B4018_005   0.158  -1.172  -1.014
LEU01B4019_001   1.806   0.000   1.806
GLN01B4020_001   1.836  -0.039   1.797
GLN01B4020_002   3.038  -0.034   3.004
LYS01B4021_001   0.882  -3.793  -2.910
LYS+1B4021_002   0.835  -3.793  -2.957
ASP01B4022_001   0.140  -0.928  -0.788
ASP01B4022_002   0.140  -0.928  -0.788
ASP02B4022_003   0.219  -0.984  -0.766
ASP02B4022_004   0.219  -0.984  -0.766
ASP-1B4022_005   0.131  -0.896  -0.765
MET01B4023_001   0.059   0.000   0.059
VAL01B4024_001   0.568  -0.206   0.362
VAL01B4025_001   0.605  -3.142  -2.537
MET01B4026_001   0.017  -0.071  -0.054
LEU01B4027_001   1.828  -0.290   1.539
LEU01B4028_001   1.616  -2.350  -0.734
SER01B4029_001   0.000   0.000   0.000
SER01B4029_002   0.000   0.000   0.000
SER01B4029_003   0.000   0.000   0.000
LEU01B4030_001   2.185  -0.155   2.031
LEU01B4031_001   2.185  -0.052   2.133
GLU01B4032_001   2.487  -0.026   2.461
GLU01B4032_002   2.487  -0.026   2.461
GLU02B4032_003   1.962  -0.026   1.936
GLU02B4032_004   1.962  -0.026   1.936
GLU-1B4032_005   1.903  -0.026   1.877
ASN01B4034_001  -0.006  -0.354  -0.360
ASN01B4034_002   0.154  -0.310  -0.157
VAL01B4035_001   0.460  -3.879  -3.420
VAL01B4036_001   0.633  -0.650  -0.017
ASN01B4037_001   0.433  -1.665  -1.233
ASN01B4037_002   0.198  -1.542  -1.343
MET01B4039_001   0.624  -5.477  -4.854
ILE01B4040_001   2.735  -0.206   2.529
ALA01B4041_001   0.000   0.000   0.000
ARG01B4042_001   1.945  -7.539  -5.594
ARG02B4042_002   1.872  -7.539  -5.666
ARG03B4042_003   1.939  -7.539  -5.600
ARG+1B4042_004   1.834  -7.539  -5.705
GLN01B4043_001   1.284  -1.221   0.063
GLN01B4043_002   2.116  -1.191   0.925
MET01B4044_001   0.030   0.000   0.030
VAL01B4045_001   0.774   0.000   0.774
ASP01B4046_001   0.069  -1.961  -1.893
ASP01B4046_002   0.069  -1.961  -1.893
ASP02B4046_003   0.139  -2.109  -1.970
ASP02B4046_004   0.139  -2.109  -1.970
ASP-1B4046_005   0.065  -2.033  -1.968
MET01B4047_001   0.833  -0.100   0.733
LEU01B4048_001   1.692  -0.103   1.589
VAL01B4049_001   0.727  -3.139  -2.412
GLU01B4050_001   2.549  -1.896   0.653
GLU01B4050_002   2.549  -1.896   0.653
GLU02B4050_003   2.016  -1.931   0.085
GLU02B4050_004   2.016  -1.931   0.085
GLU-1B4050_005   1.957  -1.873   0.084
SER01B4051_001   0.000   0.000   0.000
SER01B4051_002   0.000   0.000   0.000
SER01B4052_001   0.000  -1.281  -1.281
SER01B4053_001   0.000  -5.236  -5.236
SER01B4053_002   0.000  -5.236  -5.236
ASN01B4054_001   0.291  -0.709  -0.418
ASN01B4054_002   0.435  -0.778  -0.343
VAL01B4055_001   0.925  -0.052   0.874
GLU01B4056_001   2.654  -1.848   0.806
GLU01B4056_002   2.654  -1.848   0.806
GLU02B4056_003   2.106  -1.901   0.205
GLU02B4056_004   2.106  -1.901   0.205
GLU-1B4056_005   2.042  -1.861   0.182
MET01B4057_001   0.753  -2.695  -1.942
ILE01B4058_001   2.945  -0.155   2.790
LEU01B4059_001   1.662   0.000   1.662
LYS01B4060_001   1.213  -4.105  -2.892
LYS+1B4060_002   1.167  -4.105  -2.938
PHE01B4061_001   4.550  -0.303   4.247
PHE01B4062_001   4.213  -0.407   3.807
ASP01B4063_001   0.370  -0.413  -0.043
ASP01B4063_002   0.370  -0.413  -0.043
ASP02B4063_003   0.423  -0.435  -0.011
ASP02B4063_004   0.423  -0.435  -0.011
ASP-1B4063_005   0.320  -0.413  -0.093
MET01B4064_001   0.972  -0.731   0.241
PHE01B4065_001   5.131   0.000   5.131
LEU01B4066_001   1.484  -0.206   1.278
LYS01B4067_001   1.887  -1.030   0.857
LYS+1B4067_002   1.787  -1.030   0.757
LEU01B4068_001   3.487   0.000   3.487
LYS01B4069_001   1.349  -4.619  -3.270
LYS+1B4069_002   1.283  -4.619  -3.335
ASP01B4070_001   0.157  -1.783  -1.626
ASP01B4070_002   0.157  -1.783  -1.626
ASP02B4070_003   0.240  -1.691  -1.451
ASP02B4070_004   0.240  -1.691  -1.451
ASP-1B4070_005   0.148  -1.666  -1.519
ILE01B4071_001   2.552  -0.583   1.970
VAL01B4072_001   0.505  -1.046  -0.542
SER01B4074_001   0.000  -1.901  -1.901
SER01B4074_002   0.000  -1.901  -1.901
GLU01B4075_001   1.694  -3.200  -1.505
GLU01B4075_002   1.694  -3.200  -1.505
GLU02B4075_003   1.399  -3.338  -1.940
GLU02B4075_004   1.399  -3.338  -1.940
GLU-1B4075_005   1.305  -3.207  -1.901
ALA01B4076_001   0.000  -2.762  -2.762
PHE01B4077_001   4.526   0.000   4.526
GLN01B4078_001   0.733  -1.535  -0.803
ASP01B4079_001   0.154  -2.753  -2.599
ASP01B4079_002   0.154  -2.753  -2.599
ASP02B4079_003   0.236  -2.735  -2.499
ASP02B4079_004   0.236  -2.735  -2.499
ASP-1B4079_005   0.145  -2.666  -2.521
TYR01B4080_001   4.705  -1.265   3.440
TYR-1B4080_002   4.705  -1.265   3.440
VAL01B4081_001   0.611  -0.206   0.405
THR01B4082_001   0.200  -6.554  -6.355
THR01B4082_002   0.200  -6.554  -6.355
THR01B4082_003   0.200  -6.554  -6.355
ASP01B4083_001   0.226  -0.831  -0.605
ASP01B4083_002   0.226  -0.831  -0.605
ASP02B4083_003   0.319  -0.762  -0.442
ASP02B4083_004   0.319  -0.762  -0.442
ASP-1B4083_005   0.213  -0.724  -0.510
PRO01B4084_001   0.237  -6.598  -6.360
ARG01B4085_001   2.446  -7.759  -5.313
ARG02B4085_002   2.384  -7.759  -5.375
ARG02B4085_003   2.444  -7.759  -5.315
ARG03B4085_004   2.384  -7.759  -5.375
ARG+1B4085_005   2.339  -7.759  -5.420
LEU01B4087_001   1.803  -4.565  -2.762
ILE01B4088_001   2.553   0.000   2.553
SER01B4089_001   0.000  -2.486  -2.486
SER01B4089_002   0.000  -2.486  -2.486
SER01B4089_003   0.000  -2.486  -2.486
LYS01B4090_001   1.729  -2.108  -0.379
LYS+1B4090_002   1.682  -2.108  -0.426
LYS01B4091_001   0.743  -9.107  -8.364
LYS+1B4091_002   0.697  -9.107  -8.409
ASP01B4092_001   0.071  -0.535  -0.464
ASP01B4092_002   0.071  -0.535  -0.464
ASP02B4092_003   0.141  -0.504  -0.363
ASP02B4092_004   0.141  -0.504  -0.363
ASP-1B4092_005   0.068  -0.499  -0.431
PHE01B4093_001   4.459   0.000   4.459
GLN01B4094_001   1.155  -1.231  -0.076
GLN01B4094_002   1.601  -1.169   0.432
LYS01B4095_001   1.443  -7.343  -5.901
LYS+1B4095_002   1.396  -7.343  -5.947
ALA01B4096_001   0.000  -0.206  -0.206
MET01B4097_001   0.015   0.000   0.015
ASP01B4098_001   0.391  -2.651  -2.260
ASP01B4098_002   0.391  -2.651  -2.260
ASP02B4098_003   0.447  -2.863  -2.417
ASP02B4098_004   0.447  -2.863  -2.417
ASP-1B4098_005   0.340  -2.688  -2.348
SER01B4099_001   0.000  -2.594  -2.594
SER01B4099_002   0.000  -2.594  -2.594
SER01B4099_003   0.000  -2.594  -2.594
GLN01B4100_001   1.670  -1.100   0.570
GLN01B4100_002   2.788  -0.887   1.900
LYS01B4101_001   0.733 -10.304  -9.571
LYS+1B4101_002   0.687 -10.304  -9.617
GLN01B4102_001   1.484  -2.568  -1.084
GLN01B4102_002   2.455  -2.602  -0.147
PHE01B4103_001   4.748  -0.052   4.696
THR01B4104_001   0.205  -4.440  -4.235
PRO01B4106_001   0.265  -6.682  -6.417
GLU01B4107_001   1.813  -1.014   0.800
GLU01B4107_002   1.813  -1.014   0.800
GLU02B4107_003   1.437  -1.027   0.410
GLU02B4107_004   1.437  -1.027   0.410
GLU-1B4107_005   1.370  -1.012   0.358
ILE01B4108_001   2.256  -0.258   1.999
GLN01B4109_001   0.707  -2.537  -1.830
GLN01B4109_002   0.598  -2.612  -2.014
PHE01B4110_001   4.625  -0.747   3.877
LEU01B4111_001   1.912   0.000   1.912
LEU01B4112_001   1.605  -0.943   0.662
SER01B4113_001   0.000  -1.911  -1.911
SER01B4113_002   0.000  -1.911  -1.911
CYS01B4114_001  -0.002   0.000  -0.002
CYS01B4114_002  -0.002   0.000  -0.002
CYS01B4114_003  -0.003   0.000  -0.003
CYS-1B4114_004   0.000   0.000   0.000
SER01B4115_001   0.000   0.000   0.000
SER01B4115_002   0.000   0.000   0.000
GLU01B4116_001   1.675  -1.942  -0.267
GLU01B4116_002   1.675  -1.942  -0.267
GLU02B4116_003   1.386  -1.924  -0.537
GLU02B4116_004   1.386  -1.924  -0.537
GLU-1B4116_005   1.291  -1.804  -0.513
ALA01B4117_001   0.000  -2.572  -2.572
ASP01B4118_001   0.365  -1.904  -1.539
ASP01B4118_002   0.365  -1.904  -1.539
ASP02B4118_003   0.418  -1.989  -1.571
ASP02B4118_004   0.418  -1.989  -1.571
ASP-1B4118_005   0.316  -1.895  -1.579
GLU01B4119_001   1.786  -4.093  -2.307
GLU01B4119_002   1.786  -4.093  -2.307
GLU02B4119_003   1.476  -4.101  -2.625
GLU02B4119_004   1.476  -4.101  -2.625
GLU-1B4119_005   1.382  -3.970  -2.588
ASN01B4120_001   0.002  -1.951  -1.948
ASN01B4120_002   0.165  -2.136  -1.971
GLU01B4121_001   2.659  -2.969  -0.309
GLU01B4121_002   2.659  -2.969  -0.309
GLU02B4121_003   2.107  -3.136  -1.029
GLU02B4121_004   2.107  -3.136  -1.029
GLU-1B4121_005   2.047  -2.976  -0.929
MET01B4122_001   0.143  -0.907  -0.764
ILE01B4123_001   3.088   0.000   3.088
ASN01B4124_001   0.137  -1.885  -1.748
ASN01B4124_002  -0.015  -1.752  -1.768
PHE01B4125_001   4.552  -1.769   2.783
GLU01B4126_001   0.498  -3.611  -3.113
GLU01B4126_002   0.498  -3.611  -3.113
GLU02B4126_003   0.664  -3.477  -2.813
GLU02B4126_004   0.664  -3.477  -2.813
GLU-1B4126_005   0.467  -3.583  -3.116
GLU01B4127_001   3.421  -1.361   2.060
GLU01B4127_002   3.421  -1.361   2.060
GLU02B4127_003   2.768  -1.304   1.464
GLU02B4127_004   2.768  -1.304   1.464
GLU-1B4127_005   2.686  -1.363   1.323
PHE01B4128_001   4.697   0.000   4.697
ALA01B4129_001   0.000  -0.515  -0.515
ASN01B4130_001   0.420  -1.526  -1.106
ASN01B4130_002   0.188  -1.617  -1.430
ARG01B4131_001   1.741  -1.004   0.737
ARG02B4131_002   1.727  -1.004   0.723
ARG03B4131_003   1.719  -1.004   0.715
ARG+1B4131_004   1.680  -1.004   0.675
PHE01B4132_001   4.569  -0.118   4.451
GLN01B4133_001   1.692  -1.299   0.393
GLN01B4133_002   1.228  -1.304  -0.077
GLU01B4134_001   2.159  -2.873  -0.714
GLU01B4134_002   2.159  -2.873  -0.714
GLU02B4134_003   1.717  -2.877  -1.161
GLU02B4134_004   1.717  -2.877  -1.161
GLU-1B4134_005   1.651  -2.855  -1.204
PRO01B4135_001   0.346  -0.821  -0.474
ALA01B4136_001   0.000   0.000   0.000
ARG01B4137_001   1.764  -2.138  -0.374
ARG02B4137_002   1.722  -2.138  -0.416
ARG03B4137_003   1.728  -2.138  -0.410
ARG03B4137_004   1.789  -2.138  -0.349
ARG+1B4137_005   1.684  -2.138  -0.455
ASP01B4138_001   0.150  -2.432  -2.282
ASP01B4138_002   0.150  -2.432  -2.282
ASP02B4138_003   0.231  -2.501  -2.269
ASP02B4138_004   0.231  -2.501  -2.269
ASP-1B4138_005   0.142  -2.287  -2.145
ILE01B4139_001   1.901  -0.361   1.540
PHE01B4141_001   4.809  -0.744   4.064
ASN01B4142_001   0.399  -0.271   0.128
ASN01B4142_002   0.173  -0.340  -0.167
VAL01B4143_001   0.602  -0.824  -0.222
ALA01B4144_001   0.000  -0.103  -0.103
CTR01B4144_001  -0.021  -0.116  -0.137
CTR01B4144_002   0.100  -0.116  -0.015
CTR02B4144_003  -0.022  -0.116  -0.138
CTR02B4144_004   0.039  -0.116  -0.077
CTR-1B4144_005   0.000  -0.116  -0.116
NTR01B4146_001  -0.003   0.000  -0.003
NTR+1B4146_002  -0.005   0.000  -0.005
LEU01B4146_001   1.677  -0.206   1.471
LEU01B4147_001   2.187   0.000   2.187
THR01B4148_001   0.209  -0.481  -0.272
THR01B4148_002   0.209  -0.481  -0.272
ASN01B4149_001   0.148  -0.118   0.030
ASN01B4149_002  -0.007  -0.172  -0.179
LEU01B4150_001   1.577   0.000   1.577
SER01B4151_001   0.000  -1.200  -1.200
SER01B4151_002   0.000  -1.200  -1.200
SER01B4151_003   0.000  -1.200  -1.200
GLU01B4152_001   2.322  -1.356   0.966
GLU01B4152_002   2.322  -1.356   0.966
GLU02B4152_003   1.847  -1.388   0.458
GLU02B4152_004   1.847  -1.388   0.458
GLU-1B4152_005   1.779  -1.352   0.426
HIS01B4153_001  -0.181  -0.111  -0.293
HIS02B4153_002  -0.199  -0.111  -0.310
HIS+1B4153_003  -0.226  -0.111  -0.337
VAL01B4154_001   0.525  -1.784  -1.258
PRO01B4155_001   0.256  -2.196  -1.940
HIS01B4156_001  -0.253  -6.731  -6.984
HIS01B4156_002  -0.217  -7.112  -7.329
HIS02B4156_003  -0.273  -6.731  -7.004
HIS02B4156_004  -0.226  -7.112  -7.338
HIS+1B4156_005  -0.300  -6.731  -7.031
HIS+1B4156_006  -0.253  -7.112  -7.364
ASP01B4157_001   0.061  -0.792  -0.731
ASP01B4157_002   0.061  -0.792  -0.731
ASP02B4157_003   0.129  -0.767  -0.638
ASP02B4157_004   0.129  -0.767  -0.638
ASP-1B4157_005   0.058  -0.724  -0.666
PRO01B4158_001   0.238  -6.744  -6.506
ARG01B4159_001   2.198  -6.536  -4.338
ARG02B4159_002   2.123  -6.536  -4.413
ARG02B4159_003   2.128  -6.536  -4.408
ARG03B4159_004   2.189  -6.536  -4.347
ARG+1B4159_005   2.084  -6.536  -4.452
LEU01B4160_001   1.797  -0.052   1.746
ARG01B4161_001   1.390  -8.068  -6.678
ARG02B4161_002   1.414  -8.068  -6.654
ARG03B4161_003   1.352  -8.068  -6.716
ARG+1B4161_004   1.309  -8.068  -6.759
ASN01B4162_001   0.160  -1.983  -1.823
ASN01B4162_002  -0.001  -1.841  -1.842
PHE01B4163_001   4.672  -0.051   4.621
LEU01B4164_001   1.667  -1.442   0.224
GLU01B4165_001   2.682  -3.352  -0.671
GLU01B4165_002   2.682  -3.352  -0.671
GLU02B4165_003   2.130  -3.415  -1.284
GLU02B4165_004   2.130  -3.415  -1.284
GLU-1B4165_005   2.066  -3.234  -1.168
LEU01B4166_001   1.808  -3.055  -1.248
ALA01B4167_001   0.000   0.000   0.000
GLU01B4168_001   1.873  -2.542  -0.669
GLU01B4168_002   1.873  -2.542  -0.669
GLU02B4168_003   1.547  -2.654  -1.107
GLU02B4168_004   1.547  -2.654  -1.107
GLU-1B4168_005   1.453  -2.496  -1.044
SER01B4169_001   0.000  -0.932  -0.932
SER01B4169_002   0.000  -0.932  -0.932
ILE01B4170_001   3.389  -0.052   3.338
LEU01B4171_001   1.825  -2.180  -0.354
GLU01B4172_001   1.591  -2.600  -1.009
GLU01B4172_002   1.591  -2.600  -1.009
GLU02B4172_003   1.330  -2.684  -1.354
GLU02B4172_004   1.330  -2.684  -1.354
GLU-1B4172_005   1.230  -2.575  -1.344
TYR01B4173_001   4.497  -3.644   0.853
TYR01B4173_002   4.497  -3.644   0.853
TYR-1B4173_003   4.497  -3.644   0.853
PHE01B4174_001   4.319  -0.455   3.864
ARG01B4175_001   1.874  -8.649  -6.775
ARG02B4175_002   1.850  -8.649  -6.799
ARG03B4175_003   1.858  -8.649  -6.791
ARG+1B4175_004   1.811  -8.649  -6.838
PRO01B4176_001   0.334  -4.224  -3.890
TYR01B4177_001   4.739  -1.072   3.667
TYR01B4177_002   4.739  -1.072   3.667
TYR-1B4177_003   4.739  -1.072   3.667
LEU01B4178_001   2.683  -0.876   1.807
ARG01B4180_001   1.676  -1.477   0.199
ARG02B4180_002   1.641  -1.477   0.163
ARG02B4180_003   1.702  -1.477   0.225
ARG03B4180_004   1.635  -1.477   0.157
ARG03B4180_005   1.639  -1.477   0.162
ARG+1B4180_006   1.596  -1.477   0.119
ILE01B4181_001   2.835  -0.773   2.062
GLU01B4182_001   2.271   0.000   2.271
GLU01B4182_002   2.271   0.000   2.271
GLU02B4182_003   1.802   0.000   1.802
GLU02B4182_004   1.802   0.000   1.802
GLU-1B4182_005   1.739   0.000   1.739
ILE01B4183_001   1.912  -0.222   1.690
MET01B4184_001   0.749  -2.267  -1.519
ALA01B4186_001   0.000  -3.087  -3.087
SER01B4187_001   0.000  -0.672  -0.672
SER01B4187_002   0.000  -0.672  -0.672
ARG01B4188_001   1.206  -8.860  -7.654
ARG02B4188_002   1.278  -8.860  -7.583
ARG03B4188_003   1.178  -8.860  -7.682
ARG+1B4188_004   1.139  -8.860  -7.721
ARG01B4189_001   1.974  -3.997  -2.023
ARG02B4189_002   2.041  -3.997  -1.956
ARG03B4189_003   1.954  -3.997  -2.043
ARG+1B4189_004   1.911  -3.997  -2.086
ILE01B4190_001   2.445   0.000   2.445
GLU01B4191_001   2.269  -0.243   2.026
GLU01B4191_002   2.269  -0.243   2.026
GLU02B4191_003   1.797  -0.252   1.545
GLU02B4191_004   1.797  -0.252   1.545
GLU-1B4191_005   1.735  -0.241   1.494
ARG01B4192_001   2.679  -0.257   2.422
ARG02B4192_002   2.640  -0.257   2.383
ARG03B4192_003   2.728  -0.257   2.471
ARG+1B4192_004   2.596  -0.257   2.339
ILE01B4193_001   2.433  -1.288   1.145
TYR01B4194_001   5.041  -0.837   4.204
TYR01B4194_002   5.041  -0.837   4.204
TYR-1B4194_003   5.041  -0.837   4.204
PHE01B4195_001   4.815  -3.440   1.375
GLU01B4196_001   1.696  -0.729   0.967
GLU01B4196_002   1.696  -0.729   0.967
GLU02B4196_003   1.408  -0.755   0.653
GLU02B4196_004   1.408  -0.755   0.653
GLU-1B4196_005   1.330  -0.758   0.572
ILE01B4197_001   2.547  -0.206   2.341
SER01B4198_001   0.000  -2.666  -2.666
SER01B4198_002   0.000  -2.666  -2.666
GLU01B4199_001   3.790  -3.000   0.790
GLU01B4199_002   3.790  -3.000   0.790
GLU02B4199_003   3.062  -3.044   0.019
GLU02B4199_004   3.062  -3.044   0.019
GLU-1B4199_005   2.979  -2.890   0.089
THR01B4200_001   0.218  -4.724  -4.507
THR01B4200_002   0.218  -4.724  -4.507
ASN01B4201_001   0.229  -0.699  -0.470
ASN01B4201_002   0.394  -0.684  -0.290
ARG01B4202_001   1.480  -4.395  -2.915
ARG02B4202_002   1.442  -4.395  -2.953
ARG03B4202_003   1.437  -4.395  -2.959
ARG+1B4202_004   1.398  -4.395  -2.997
ALA01B4203_001   0.000  -2.228  -2.228
GLN01B4204_001   1.137  -1.319  -0.182
GLN01B4204_002   0.926  -1.422  -0.496
TRP01B4205_001   3.070  -1.595   1.475
GLU01B4206_001   1.671  -2.355  -0.683
GLU01B4206_002   1.671  -2.355  -0.683
GLU02B4206_003   1.382  -2.488  -1.106
GLU02B4206_004   1.382  -2.488  -1.106
GLU-1B4206_005   1.289  -2.342  -1.053
MET01B4207_001   0.400  -3.093  -2.693
PRO01B4208_001   0.237  -7.637  -7.400
GLN01B4209_001   0.682  -1.898  -1.216
GLN01B4209_002   0.592  -1.827  -1.235
VAL01B4210_001   0.581   0.000   0.581
LYS01B4211_001   0.744  -5.622  -4.878
LYS+1B4211_002   0.699  -5.622  -4.923
GLU01B4212_001   1.508  -2.329  -0.821
GLU01B4212_002   1.508  -2.329  -0.821
GLU02B4212_003   1.247  -2.341  -1.094
GLU02B4212_004   1.247  -2.341  -1.094
GLU-1B4212_005   1.157  -2.273  -1.116
SER01B4213_001   0.000  -1.607  -1.607
SER01B4213_002   0.000  -1.607  -1.607
LYS01B4214_001   2.217  -1.517   0.700
LYS+1B4214_002   2.130  -1.517   0.613
ARG01B4215_001   2.615  -7.852  -5.238
ARG02B4215_002   2.574  -7.852  -5.279
ARG03B4215_003   2.566  -7.852  -5.286
ARG+1B4215_004   2.526  -7.852  -5.326
GLN01B4216_001   1.634  -3.203  -1.570
GLN01B4216_002   2.717  -3.095  -0.378
PHE01B4217_001   4.901  -0.810   4.090
ILE01B4218_001   2.483  -2.009   0.474
PHE01B4219_001   4.675  -2.180   2.494
ASP01B4220_001   0.161  -1.701  -1.541
ASP01B4220_002   0.161  -1.701  -1.541
ASP02B4220_003   0.245  -1.779  -1.534
ASP02B4220_004   0.245  -1.779  -1.534
ASP-1B4220_005   0.152  -1.710  -1.558
VAL01B4221_001   0.830  -0.103   0.727
VAL01B4222_001   0.815  -0.876  -0.060
ASN01B4223_001   0.156  -1.467  -1.311
ASN01B4223_002  -0.005  -1.649  -1.654
GLU01B4224_001   1.885  -3.603  -1.718
GLU01B4224_002   1.885  -3.603  -1.718
GLU02B4224_003   1.552  -3.565  -2.013
GLU02B4224_004   1.552  -3.565  -2.013
GLU-1B4224_005   1.459  -3.513  -2.054
GLU01B4227_001   1.229  -3.975  -2.746
GLU01B4227_002   1.229  -3.975  -2.746
GLU02B4227_003   1.080  -4.224  -3.144
GLU02B4227_004   1.080  -4.224  -3.144
GLU-1B4227_005   0.961  -3.931  -2.970
ALA01B4228_001   0.000  -2.830  -2.830
GLU01B4229_001   2.116  -2.908  -0.792
GLU01B4229_002   2.116  -2.908  -0.792
GLU02B4229_003   1.737  -2.795  -1.058
GLU02B4229_004   1.737  -2.795  -1.058
GLU-1B4229_005   1.644  -2.743  -1.099
LYS01B4230_001   1.331  -3.846  -2.515
LYS+1B4230_002   1.284  -3.846  -2.562
MET01B4231_001  -0.017  -0.788  -0.805
GLU01B4232_001   1.994  -1.141   0.853
GLU01B4232_002   1.994  -1.141   0.853
GLU02B4232_003   1.630  -1.125   0.506
GLU02B4232_004   1.630  -1.125   0.506
GLU-1B4232_005   1.543  -1.076   0.466
LEU01B4233_001   2.582  -4.443  -1.861
PHE01B4234_001   4.562  -0.202   4.360
VAL01B4235_001   0.563  -0.103   0.460
SER01B4236_001   0.000  -1.981  -1.981
SER01B4236_002   0.000  -1.981  -1.981
SER01B4236_003   0.000  -1.981  -1.981
PHE01B4237_001   4.646  -2.024   2.621
CYS01B4238_001  -0.002  -0.143  -0.145
CYS01B4238_002  -0.002  -0.143  -0.145
CYS01B4238_003  -0.002  -0.143  -0.145
CYS-1B4238_004   0.000  -0.143  -0.143
GLU01B4239_001   2.842  -0.036   2.806
GLU01B4239_002   2.842  -0.036   2.806
GLU02B4239_003   2.256  -0.071   2.186
GLU02B4239_004   2.256  -0.071   2.186
GLU-1B4239_005   2.196  -0.034   2.162
ASP01B4240_001   0.092  -0.482  -0.390
ASP01B4240_002   0.092  -0.482  -0.390
ASP02B4240_003   0.167  -0.543  -0.377
ASP02B4240_004   0.167  -0.543  -0.377
ASP-1B4240_005   0.087  -0.482  -0.395
THR01B4241_001   0.237  -0.060   0.177
THR01B4241_002   0.237  -0.060   0.177
ILE01B4242_001   2.563  -0.222   2.341
PHE01B4243_001   4.674  -0.909   3.764
GLU01B4244_001   2.057  -0.445   1.613
GLU01B4244_002   2.057  -0.445   1.613
GLU02B4244_003   1.626  -0.528   1.099
GLU02B4244_004   1.626  -0.528   1.099
GLU-1B4244_005   1.564  -0.474   1.090
MET01B4245_001  -0.048   0.000  -0.048
GLN01B4246_001   0.699  -1.891  -1.193
GLN01B4246_002   0.608  -2.169  -1.561
ILE01B4247_001   0.971  -1.252  -0.282
ALA01B4248_001   0.000  -0.361  -0.361
ALA01B4249_001   0.000  -2.727  -2.727
GLN01B4250_001   1.605  -2.765  -1.160
GLN01B4250_002   2.662  -2.686  -0.024
ILE01B4251_001   2.266  -1.391   0.875
SER01B4252_001   0.000  -3.323  -3.323
GLU01B4253_001   0.499  -3.077  -2.578
GLU01B4253_002   0.499  -3.077  -2.578
GLU02B4253_003   0.665  -2.957  -2.293
GLU02B4253_004   0.665  -2.957  -2.293
GLU-1B4253_005   0.467  -2.937  -2.469
CTR01B4253_001  -0.021  -4.962  -4.983
CTR01B4253_002   0.110  -5.001  -4.890
CTR02B4253_003  -0.022  -5.097  -5.119
CTR02B4253_004   0.043  -5.020  -4.977
CTR-1B4253_005   0.000  -4.962  -4.962
NTR01B4540_001  -0.003  -3.224  -3.227
NTR+1B4540_002  -0.005  -3.224  -3.229
PHE01B4540_001   2.031  -2.575  -0.544
TRP01B4541_001   0.645 -15.040 -14.395
GLU01B4543_001   0.498  -3.453  -2.954
GLU01B4543_002   0.498  -3.453  -2.954
GLU02B4543_003   0.665  -3.518  -2.853
GLU02B4543_004   0.665  -3.518  -2.853
GLU-1B4543_005   0.467  -3.437  -2.970
LEU01B4544_001   1.457  -3.606  -2.149
GLU01B4545_001   0.499  -2.242  -1.743
GLU01B4545_002   0.499  -2.242  -1.743
GLU02B4545_003   0.665  -2.217  -1.552
GLU02B4545_004   0.665  -2.217  -1.552
GLU-1B4545_005   0.468  -2.196  -1.729
VAL01B4546_001   0.613  -6.207  -5.594
GLN01B4547_001   1.092  -2.956  -1.863
GLN01B4547_002   1.500  -2.887  -1.387
ARG01B4548_001   2.625  -7.863  -5.238
ARG02B4548_002   2.577  -7.863  -5.286
ARG02B4548_003   2.582  -7.863  -5.281
ARG03B4548_004   2.672  -7.863  -5.191
ARG+1B4548_005   2.537  -7.863  -5.326
VAL01B4549_001   0.717  -4.153  -3.436
LYS01B4550_001   3.796  -4.171  -0.375
LYS+1B4550_002   3.702  -4.171  -0.469
PHE01B4551_001   4.560  -6.679  -2.120
LEU01B4552_001   2.309  -1.784   0.525
ASN01B4553_001   0.269  -0.940  -0.671
ASN01B4553_002   0.431  -0.955  -0.524
TYR01B4554_001   4.446  -7.610  -3.165
TYR-1B4554_002   4.446  -7.610  -3.165
LEU01B4555_001   1.642  -0.206   1.436
SER01B4556_001   0.000   0.000   0.000
SER01B4556_002   0.000   0.000   0.000
ARG01B4557_001   3.147  -4.344  -1.197
ARG02B4557_002   3.108  -4.344  -1.235
ARG03B4557_003   3.117  -4.344  -1.227
ARG+1B4557_004   3.068  -4.344  -1.276
ASN01B4558_001   0.145  -1.075  -0.930
PHE01B4559_001   4.708  -0.775   3.934
TYR01B4560_001   4.532  -7.822  -3.291
TYR-1B4560_002   4.532  -7.822  -3.291
THR01B4561_001   0.231  -4.430  -4.200
LEU01B4562_001   1.716  -0.995   0.721
ARG01B4563_001   1.292  -1.747  -0.455
ARG02B4563_002   1.248  -1.747  -0.499
ARG02B4563_003   1.252  -1.747  -0.494
ARG03B4563_004   1.253  -1.747  -0.494
ARG03B4563_005   1.313  -1.747  -0.433
ARG+1B4563_006   1.209  -1.747  -0.537
PHE01B4564_001   4.614  -8.572  -3.959
LEU01B4565_001   1.609  -4.015  -2.406
ALA01B4566_001   0.000   0.000   0.000
LEU01B4567_001   1.726  -2.128  -0.402
PHE01B4568_001   4.586  -8.511  -3.925
LEU01B4569_001   2.058  -0.515   1.543
ALA01B4570_001   0.000   0.000   0.000
PHE01B4571_001   4.737  -5.880  -1.143
ALA01B4572_001   0.000  -2.212  -2.212
ILE01B4573_001   1.747  -0.052   1.696
ASN01B4574_001   0.436  -0.203   0.232
ASN01B4574_002   0.208  -0.208  -0.000
PHE01B4575_001   4.623  -9.208  -4.585
ILE01B4576_001   3.166  -0.686   2.481
LEU01B4577_001   3.268  -2.176   1.091
LEU01B4578_001   1.946  -6.777  -4.831
PHE01B4579_001   4.468  -3.099   1.368
TYR01B4580_001   4.505  -3.320   1.185
TYR-1B4580_002   4.505  -3.320   1.185
LYS01B4581_001   0.868  -6.225  -5.356
LYS+1B4581_002   0.822  -6.225  -5.403
VAL01B4582_001   0.501  -5.286  -4.785
SER01B4583_001   0.000  -0.974  -0.974
ASP01B4584_001  -0.041  -3.525  -3.565
ASP01B4584_002  -0.041  -3.525  -3.565
ASP02B4584_003  -0.009  -3.470  -3.479
ASP02B4584_004  -0.009  -3.470  -3.479
ASP-1B4584_005  -0.041  -3.428  -3.469
SER01B4585_001   0.000  -3.395  -3.395
PRO01B4586_001   0.246  -5.508  -5.262
PRO01B4587_001   0.251  -3.951  -3.700
CTR01B4587_001  -0.021  -4.788  -4.809
CTR01B4587_002   0.090  -4.808  -4.718
CTR02B4587_003  -0.022  -4.691  -4.713
CTR02B4587_004   0.033  -4.885  -4.852
CTR-1B4587_005   0.000  -4.691  -4.691
NTR01B4626_001  -0.003  -3.541  -3.544
NTR+1B4626_002  -0.005  -3.541  -3.546
ASN01B4626_001  -0.020  -3.701  -3.721
MET01B4627_001   0.140  -3.315  -3.174
VAL01B4628_001   0.587  -2.624  -2.037
TYR01B4629_001   4.511  -9.509  -4.998
TYR01B4629_002   4.511  -9.509  -4.998
TYR-1B4629_003   4.511  -9.509  -4.998
TYR01B4630_001   4.535  -3.861   0.674
TYR01B4630_002   4.535  -3.861   0.674
TYR-1B4630_003   4.535  -3.861   0.674
PHE01B4631_001   4.686  -2.354   2.331
LEU01B4632_001   1.718  -4.630  -2.912
GLU01B4633_001   2.613  -2.734  -0.121
GLU01B4633_002   2.613  -2.734  -0.121
GLU02B4633_003   2.071  -2.860  -0.788
GLU02B4633_004   2.071  -2.860  -0.788
GLU-1B4633_005   2.010  -2.726  -0.716
GLU01B4634_001   2.263  -1.120   1.143
GLU01B4634_002   2.263  -1.120   1.143
GLU02B4634_003   1.792  -1.105   0.687
GLU02B4634_004   1.792  -1.105   0.687
GLU-1B4634_005   1.731  -1.064   0.667
SER01B4635_001   0.000  -5.264  -5.264
SER01B4635_002   0.000  -5.264  -5.264
THR01B4636_001   0.205  -1.935  -1.730
THR01B4636_002   0.205  -1.935  -1.730
THR01B4636_003   0.205  -1.935  -1.730
TYR01B4638_001   4.544  -9.661  -5.117
TYR-1B4638_002   4.544  -9.661  -5.117
MET01B4639_001   4.170   0.000   4.170
GLU01B4640_001   1.704  -2.802  -1.098
GLU01B4640_002   1.704  -2.802  -1.098
GLU02B4640_003   1.408  -2.859  -1.451
GLU02B4640_004   1.408  -2.859  -1.451
GLU-1B4640_005   1.314  -2.777  -1.463
PRO01B4641_001   0.272  -6.392  -6.120
ALA01B4642_001   0.000  -3.361  -3.361
LEU01B4643_001   2.838  -1.716   1.122
TRP01B4644_001   2.917  -7.369  -4.452
CYS01B4645_001  -0.002  -3.862  -3.864
CYS01B4645_002  -0.002  -3.862  -3.864
CYS01B4645_003  -0.002  -3.862  -3.864
CYS-1B4645_004   0.000  -3.862  -3.862
LEU01B4646_001   1.627  -3.039  -1.412
SER01B4647_001   0.000   0.000   0.000
SER01B4647_002   0.000   0.000   0.000
LEU01B4648_001   2.289  -5.148  -2.858
LEU01B4649_001   1.736  -3.519  -1.783
HIS01B4650_001  -0.166  -0.049  -0.215
HIS02B4650_002  -0.184  -0.049  -0.233
HIS+1B4650_003  -0.211  -0.049  -0.260
THR01B4651_001   0.254  -1.274  -1.020
THR01B4651_002   0.254  -1.274  -1.020
LEU01B4652_001   3.022  -5.422  -2.399
VAL01B4653_001   0.614  -0.309   0.305
ALA01B4654_001   0.000   0.000   0.000
PHE01B4655_001   4.551  -8.348  -3.797
LEU01B4656_001   1.930  -2.196  -0.266
CYS01B4657_001  -0.002   0.000  -0.002
CYS01B4657_002  -0.002   0.000  -0.002
CYS01B4657_003  -0.002   0.000  -0.002
CYS-1B4657_004   0.000   0.000   0.000
ILE01B4658_001   2.779  -1.906   0.873
ILE01B4659_001   3.138  -3.397  -0.258
TYR01B4661_001   4.672  -0.253   4.419
TYR01B4661_002   4.672  -0.253   4.419
TYR-1B4661_003   4.672  -0.253   4.419
ASN01B4662_001   0.156  -1.846  -1.689
ASN01B4662_002  -0.004  -1.738  -1.742
CYS01B4663_001  -0.002  -1.313  -1.314
CYS01B4663_002  -0.002  -1.313  -1.314
CYS01B4663_003  -0.002  -1.313  -1.315
CYS-1B4663_004   0.000  -1.313  -1.313
LEU01B4664_001   1.697  -1.957  -0.261
LYS01B4665_001   1.387  -3.910  -2.523
LYS+1B4665_002   1.301  -3.910  -2.609
VAL01B4666_001   0.331   0.000   0.331
PRO01B4667_001   0.297  -1.870  -1.574
LEU01B4668_001   2.255  -1.475   0.780
VAL01B4669_001   0.574  -1.336  -0.762
ILE01B4670_001   2.100  -0.515   1.585
PHE01B4671_001   4.705  -0.051   4.655
LYS01B4672_001   0.894  -5.586  -4.692
LYS+1B4672_002   0.848  -5.586  -4.738
ARG01B4673_001   2.500  -0.733   1.768
ARG02B4673_002   2.454  -0.733   1.722
ARG02B4673_003   2.459  -0.733   1.726
ARG03B4673_004   2.462  -0.733   1.729
ARG03B4673_005   2.534  -0.733   1.801
ARG+1B4673_006   2.415  -0.733   1.682
GLU01B4674_001   2.282   0.000   2.282
GLU01B4674_002   2.282   0.000   2.282
GLU02B4674_003   1.865   0.000   1.865
GLU02B4674_004   1.865   0.000   1.865
GLU-1B4674_005   1.774   0.000   1.774
LYS01B4675_001   1.360  -0.589   0.771
LYS+1B4675_002   1.313  -0.589   0.724
GLU01B4676_001   2.445  -1.513   0.932
GLU01B4676_002   2.445  -1.513   0.932
GLU02B4676_003   1.942  -1.458   0.484
GLU02B4676_004   1.942  -1.458   0.484
GLU-1B4676_005   1.878  -1.486   0.392
LEU01B4677_001   1.340  -0.361   0.979
ALA01B4678_001   0.000  -0.155  -0.155
ARG01B4679_001   2.025  -2.713  -0.688
ARG02B4679_002   2.008  -2.713  -0.705
ARG02B4679_003   2.083  -2.713  -0.630
ARG03B4679_004   2.000  -2.713  -0.713
ARG03B4679_005   2.004  -2.713  -0.709
ARG+1B4679_006   1.961  -2.713  -0.752
LYS01B4680_001   0.777  -5.321  -4.543
LYS+1B4680_002   0.732  -5.321  -4.589
LEU01B4681_001   1.462  -0.103   1.359
GLU01B4682_001   1.782  -0.543   1.239
GLU01B4682_002   1.782  -0.543   1.239
GLU02B4682_003   1.458  -0.569   0.888
GLU02B4682_004   1.458  -0.569   0.888
GLU-1B4682_005   1.372  -0.543   0.830
PHE01B4683_001   4.706  -3.809   0.897
ASP01B4684_001   0.173  -2.486  -2.313
ASP01B4684_002   0.173  -2.486  -2.313
ASP02B4684_003   0.259  -2.480  -2.220
ASP02B4684_004   0.259  -2.480  -2.220
ASP-1B4684_005   0.163  -2.390  -2.227
LEU01B4686_001   1.866  -2.128  -0.262
TYR01B4687_001   4.694  -0.101   4.592
TYR01B4687_002   4.694  -0.101   4.592
TYR-1B4687_003   4.694  -0.101   4.592
ILE01B4688_001   1.898   0.000   1.898
THR01B4689_001   0.202  -3.034  -2.832
THR01B4689_002   0.202  -3.034  -2.832
GLU01B4690_001   2.781  -3.237  -0.456
GLU01B4690_002   2.781  -3.237  -0.456
GLU02B4690_003   2.207  -3.226  -1.019
GLU02B4690_004   2.207  -3.226  -1.019
GLU-1B4690_005   2.145  -3.204  -1.059
GLN01B4691_001   1.175  -2.751  -1.576
GLN01B4691_002   1.653  -2.609  -0.956
PRO01B4692_001   0.266  -0.244   0.022
ASP01B4694_001   0.153  -2.674  -2.521
ASP01B4694_002   0.153  -2.674  -2.521
ASP02B4694_003   0.236  -2.707  -2.472
ASP02B4694_004   0.236  -2.707  -2.472
ASP-1B4694_005   0.144  -2.510  -2.366
ASP01B4695_001   0.163  -3.501  -3.338
ASP01B4695_002   0.163  -3.501  -3.338
ASP02B4695_003   0.247  -3.427  -3.181
ASP02B4695_004   0.247  -3.427  -3.181
ASP-1B4695_005   0.153  -3.359  -3.206
ASP01B4696_001   0.153  -3.143  -2.990
ASP01B4696_002   0.153  -3.143  -2.990
ASP02B4696_003   0.235  -3.153  -2.919
ASP02B4696_004   0.235  -3.153  -2.919
ASP-1B4696_005   0.144  -3.067  -2.923
VAL01B4697_001   0.638  -7.086  -6.448
LYS01B4698_001   1.143  -5.718  -4.575
LYS+1B4698_002   1.095  -5.718  -4.623
GLN01B4700_001   0.811  -2.189  -1.378
GLN01B4700_002   0.696  -2.330  -1.635
TRP01B4701_001   3.040  -4.232  -1.192
ASP01B4702_001   0.159  -0.069   0.090
ASP01B4702_002   0.159  -0.069   0.090
ASP02B4702_003   0.241  -0.072   0.169
ASP02B4702_004   0.241  -0.072   0.169
ASP-1B4702_005   0.149  -0.069   0.080
ARG01B4703_001   2.925  -6.323  -3.398
ARG02B4703_002   2.874  -6.323  -3.449
ARG03B4703_003   2.962  -6.323  -3.361
ARG+1B4703_004   2.834  -6.323  -3.489
LEU01B4704_001   3.411  -2.849   0.562
VAL01B4705_001   0.461   0.000   0.461
LEU01B4706_001   1.587  -0.206   1.381
ASN01B4707_001   0.452  -1.445  -0.994
THR01B4708_001   0.228   0.000   0.228
THR01B4708_002   0.228   0.000   0.228
PRO01B4709_001   0.247  -4.433  -4.186
SER01B4710_001   0.000  -1.649  -1.649
SER01B4710_002   0.000  -1.649  -1.649
SER01B4710_003   0.000  -1.649  -1.649
PHE01B4711_001   4.687   0.000   4.687
PRO01B4712_001   0.312  -0.274   0.039
SER01B4713_001   0.000  -1.381  -1.381
SER01B4713_002   0.000  -1.381  -1.381
SER01B4713_003   0.000  -1.381  -1.381
ASN01B4714_001   0.143  -0.956  -0.813
ASN01B4714_002  -0.012  -0.985  -0.997
TYR01B4715_001   4.639  -0.875   3.764
TYR01B4715_002   4.639  -0.875   3.764
TYR-1B4715_003   4.639  -0.875   3.764
TRP01B4716_001   2.828  -2.695   0.133
ASP01B4717_001   0.362  -0.909  -0.548
ASP01B4717_002   0.362  -0.909  -0.548
ASP02B4717_003   0.404  -0.774  -0.371
ASP02B4717_004   0.404  -0.774  -0.371
ASP-1B4717_005   0.308  -0.771  -0.463
LYS01B4718_001   0.601  -4.749  -4.148
LYS+1B4718_002   0.557  -4.749  -4.192
PHE01B4719_001   4.605  -2.137   2.468
VAL01B4720_001   0.547  -0.428   0.119
LYS01B4721_001   0.695  -0.876  -0.180
LYS+1B4721_002   0.651  -0.876  -0.225
ARG01B4722_001   2.742  -5.998  -3.256
ARG02B4722_002   2.691  -5.998  -3.307
ARG03B4722_003   2.781  -5.998  -3.217
ARG+1B4722_004   2.652  -5.998  -3.346
LYS01B4723_001   1.299  -3.887  -2.588
LYS+1B4723_002   1.252  -3.887  -2.635
VAL01B4724_001   0.664  -0.052   0.613
LEU01B4725_001   1.881  -0.464   1.417
ASP01B4726_001   0.074  -3.219  -3.145
ASP01B4726_002   0.074  -3.219  -3.145
ASP02B4726_003   0.146  -3.115  -2.970
ASP02B4726_004   0.146  -3.115  -2.970
ASP-1B4726_005   0.070  -3.136  -3.065
LYS01B4727_001   0.944  -4.672  -3.728
LYS+1B4727_002   0.898  -4.672  -3.774
HIS01B4728_001  -0.121  -0.891  -1.011
HIS01B4728_002  -0.069  -1.293  -1.361
HIS02B4728_003  -0.140  -0.891  -1.031
HIS02B4728_004  -0.081  -1.293  -1.374
HIS+1B4728_005  -0.167  -0.891  -1.058
HIS+1B4728_006  -0.108  -1.293  -1.400
ASP01B4730_001   0.067  -3.393  -3.327
ASP01B4730_002   0.067  -3.393  -3.327
ASP02B4730_003   0.136  -3.421  -3.285
ASP02B4730_004   0.136  -3.421  -3.285
ASP-1B4730_005   0.063  -3.299  -3.236
ILE01B4731_001   2.085  -5.917  -3.832
PHE01B4732_001   4.202  -3.715   0.487
ARG01B4734_001   1.887  -7.701  -5.814
ARG02B4734_002   1.863  -7.701  -5.838
ARG03B4734_003   1.954  -7.701  -5.747
ARG+1B4734_004   1.824  -7.701  -5.877
GLU01B4735_001   4.016  -3.439   0.577
GLU01B4735_002   4.016  -3.439   0.577
GLU02B4735_003   3.221  -3.550  -0.328
GLU02B4735_004   3.221  -3.550  -0.328
GLU-1B4735_005   3.149  -3.439  -0.291
ARG01B4736_001   2.577  -8.865  -6.288
ARG02B4736_002   2.529  -8.865  -6.336
ARG03B4736_003   2.537  -8.865  -6.328
ARG+1B4736_004   2.490  -8.865  -6.376
ILE01B4737_001   2.665  -0.103   2.562
ALA01B4738_001   0.000  -0.103  -0.103
GLU01B4739_001   3.402  -2.755   0.647
GLU01B4739_002   3.402  -2.755   0.647
GLU02B4739_003   2.755  -2.828  -0.072
GLU02B4739_004   2.755  -2.828  -0.072
GLU-1B4739_005   2.673  -2.785  -0.112
LEU01B4740_001   1.832  -2.212  -0.380
LEU01B4741_001   1.747   0.000   1.747
MET01B4743_001   0.329  -0.719  -0.390
ASP01B4744_001  -0.040  -2.320  -2.361
ASP01B4744_002  -0.040  -2.320  -2.361
ASP02B4744_003  -0.009  -2.290  -2.299
ASP02B4744_004  -0.009  -2.290  -2.299
ASP-1B4744_005  -0.041  -2.187  -2.228
LEU01B4745_001   1.458  -6.094  -4.636
ALA01B4746_001   0.000  -0.773  -0.773
SER01B4747_001   0.000  -1.239  -1.239
LEU01B4748_001   1.460  -5.885  -4.426
GLU01B4749_001   0.500  -2.851  -2.351
GLU01B4749_002   0.500  -2.851  -2.351
GLU02B4749_003   0.666  -2.799  -2.132
GLU02B4749_004   0.666  -2.799  -2.132
GLU-1B4749_005   0.469  -2.666  -2.197
ILE01B4750_001   0.943  -1.700  -0.757
THR01B4751_001   0.152  -5.344  -5.192
ALA01B4752_001   0.000  -2.762  -2.762
HIS01B4753_001  -0.354  -2.000  -2.354
HIS02B4753_002  -0.363  -2.000  -2.363
HIS+1B4753_003  -0.382  -2.000  -2.382
ASN01B4754_001  -0.020  -0.819  -0.839
ASN01B4754_002  -0.091  -0.706  -0.797
GLU01B4755_001   0.500  -1.915  -1.415
GLU01B4755_002   0.500  -1.915  -1.415
GLU02B4755_003   0.667  -1.872  -1.205
GLU02B4755_004   0.667  -1.872  -1.205
GLU-1B4755_005   0.469  -1.861  -1.391
ARG01B4756_0011191.656  -6.1141185.542
ARG02B4756_0021191.638  -6.1141185.524
ARG03B4756_0031191.672  -6.1141185.558
ARG03B4756_004 190.693  -6.114 184.579
ARG+1B4756_0051191.606  -6.1141185.492
LYS01B4757_001   3.781  -1.648   2.133
LYS+1B4757_002   3.687  -1.648   2.038
PRO01B4758_001   0.234  -5.502  -5.267
ASP01B4759_001  -0.040  -3.466  -3.507
ASP01B4759_002  -0.040  -3.466  -3.507
ASP02B4759_003  -0.009  -3.398  -3.407
ASP02B4759_004  -0.009  -3.398  -3.407
ASP-1B4759_005  -0.041  -3.372  -3.412
PRO01B4760_001   0.226  -6.570  -6.344
PRO01B4761_001   0.240  -6.945  -6.705
PRO01B4762_001   0.229  -5.487  -5.258
LEU01B4764_001   1.457  -4.807  -3.349
LEU01B4765_001   1.458  -4.224  -2.765
THR01B4766_001   0.195  -5.783  -5.587
THR01B4766_002   0.195  -5.783  -5.587
TRP01B4767_001   2.987  -7.770  -4.783
LEU01B4768_001   3.159  -6.780  -3.622
MET01B4769_001   0.235  -9.348  -9.114
SER01B4770_001   0.000  -3.317  -3.317
ILE01B4771_001   2.172  -4.118  -1.946
ASP01B4772_001   0.144  -1.879  -1.735
ASP01B4772_002   0.144  -1.879  -1.735
ASP02B4772_003   0.222  -2.010  -1.788
ASP02B4772_004   0.222  -2.010  -1.788
ASP-1B4772_005   0.135  -1.895  -1.760
VAL01B4773_001   0.651  -5.801  -5.151
LYS01B4774_001   1.006  -5.917  -4.911
LYS+1B4774_002   0.959  -5.917  -4.957
TYR01B4775_001   4.518  -0.868   3.650
TYR01B4775_002   4.518  -0.868   3.650
TYR-1B4775_003   4.518  -0.868   3.650
GLN01B4776_001   0.755  -1.927  -1.171
GLN01B4776_002   0.657  -1.783  -1.126
ILE01B4777_001   2.814  -4.118  -1.304
TRP01B4778_001   3.278   0.000   3.278
LYS01B4779_001   1.171  -4.170  -2.999
LYS+1B4779_002   1.124  -4.170  -3.046
PHE01B4780_001   4.689  -5.945  -1.256
VAL01B4782_001   0.916   0.000   0.916
ILE01B4783_001   3.142  -0.943   2.199
PHE01B4784_001   4.119  -6.625  -2.506
THR01B4785_001   0.158  -2.095  -1.936
THR01B4785_002   0.158  -2.095  -1.936
ASP01B4786_001   0.369  -0.869  -0.500
ASP01B4786_002   0.369  -0.869  -0.500
ASP02B4786_003   0.421  -0.827  -0.406
ASP02B4786_004   0.421  -0.827  -0.406
ASP-1B4786_005   0.319  -0.827  -0.508
ASN01B4787_001   0.438  -3.609  -3.171
ASN01B4787_002   0.200  -3.521  -3.322
SER01B4788_001   0.000  -2.649  -2.649
SER01B4788_002   0.000  -2.649  -2.649
PHE01B4789_001   4.580  -1.837   2.743
LEU01B4790_001   1.885  -5.267  -3.382
TYR01B4791_001   4.988  -4.754   0.234
TYR01B4791_002   4.988  -4.754   0.234
TYR-1B4791_003   4.988  -4.754   0.234
LEU01B4792_001   1.351  -1.030   0.320
TRP01B4794_001   3.179  -8.145  -4.966
TYR01B4795_001   4.628  -0.152   4.476
TYR-1B4795_002   4.628  -0.152   4.476
MET01B4796_001   1.620  -1.371   0.249
VAL01B4797_001   0.617  -3.982  -3.365
MET01B4798_001   0.016  -0.754  -0.738
SER01B4799_001   0.000   0.000   0.000
SER01B4799_002   0.000   0.000   0.000
SER01B4799_003   0.000   0.000   0.000
LEU01B4800_001   1.927  -6.091  -4.164
LEU01B4801_001   1.353  -3.606  -2.253
HIS01B4803_001  -0.175  -3.107  -3.282
HIS01B4803_002  -0.137  -3.096  -3.233
HIS02B4803_003  -0.193  -3.107  -3.299
HIS02B4803_004  -0.151  -3.096  -3.247
HIS+1B4803_005  -0.220  -3.107  -3.326
HIS+1B4803_006  -0.177  -3.096  -3.273
TYR01B4804_001   4.096  -8.844  -4.748
TYR01B4804_002   4.096  -8.844  -4.748
TYR-1B4804_003   4.096  -8.844  -4.748
ASN01B4805_001   0.144  -2.027  -1.883
ASN01B4805_002  -0.011  -1.940  -1.951
ASN01B4806_001   0.433  -2.161  -1.728
ASN01B4806_002   0.201  -1.998  -1.797
PHE01B4807_001   4.810 -11.111  -6.302
PHE01B4808_001   4.527  -3.437   1.090
PHE01B4809_001   4.562  -0.253   4.309
ALA01B4810_001   0.000  -1.990  -1.990
ALA01B4811_001   0.000  -1.082  -1.082
HIS01B4812_001  -0.111   0.000  -0.111
HIS01B4812_002  -0.051   0.000  -0.051
HIS02B4812_003  -0.131   0.000  -0.131
HIS02B4812_004  -0.063   0.000  -0.063
HIS+1B4812_005  -0.158   0.000  -0.158
HIS+1B4812_006  -0.089   0.000  -0.089
LEU01B4813_001   3.187  -3.155   0.031
LEU01B4814_001   1.611  -8.168  -6.557
ASP01B4815_001   0.354  -0.321   0.034
ASP01B4815_002   0.354  -0.321   0.034
ASP02B4815_003   0.430  -0.225   0.205
ASP02B4815_004   0.430  -0.225   0.205
ASP-1B4815_005   0.316  -0.254   0.062
ILE01B4816_001   2.288  -0.103   2.185
ALA01B4817_001   0.000  -1.697  -1.697
MET01B4818_001   0.174  -3.851  -3.677
VAL01B4820_001   0.688  -3.039  -2.351
LYS01B4821_001   1.115  -8.797  -7.682
LYS+1B4821_002   1.069  -8.797  -7.728
THR01B4822_001   0.226  -4.685  -4.459
THR01B4822_002   0.226  -4.685  -4.459
LEU01B4823_001   1.347  -4.256  -2.910
ARG01B4824_001   2.168  -6.152  -3.984
ARG02B4824_002   2.124  -6.152  -4.028
ARG03B4824_003   2.132  -6.152  -4.020
ARG03B4824_004   2.210  -6.152  -3.942
ARG+1B4824_005   2.085  -6.152  -4.067
THR01B4825_001   0.225  -4.407  -4.182
THR01B4825_002   0.225  -4.407  -4.182
ILE01B4826_001   2.580  -5.782  -3.202
LEU01B4827_001   3.053  -5.869  -2.816
SER01B4828_001   0.000  -1.276  -1.276
SER01B4829_001   0.000   0.000   0.000
SER01B4829_002   0.000   0.000   0.000
VAL01B4830_001   0.600  -4.974  -4.374
THR01B4831_001   0.234  -4.110  -3.876
THR01B4831_002   0.234  -4.110  -3.876
HIS01B4832_001  -0.128  -4.101  -4.229
HIS02B4832_002  -0.148  -4.101  -4.249
HIS+1B4832_003  -0.175  -4.101  -4.276
ASN01B4833_001   0.431  -0.620  -0.189
ASN01B4833_002   0.195  -0.709  -0.514
LYS01B4835_001   0.711  -9.420  -8.709
LYS+1B4835_002   0.664  -9.420  -8.755
GLN01B4836_001   0.730  -3.395  -2.666
GLN01B4836_002   0.626  -3.379  -2.752
LEU01B4837_001   1.608  -1.442   0.166
VAL01B4838_001   0.702  -5.251  -4.549
MET01B4839_001  -0.015  -7.759  -7.773
THR01B4840_001   0.280  -0.301  -0.021
THR01B4840_002   0.280  -0.301  -0.021
VAL01B4841_001   0.647  -5.026  -4.378
LEU01B4843_001   2.167  -4.858  -2.691
LEU01B4844_001   3.124  -2.283   0.841
ALA01B4845_001   0.000  -2.196  -2.196
VAL01B4846_001   0.655  -5.183  -4.528
VAL01B4847_001   0.725  -1.236  -0.511
VAL01B4848_001   0.722  -0.052   0.670
TYR01B4849_001   4.468  -7.359  -2.891
TYR-1B4849_002   4.468  -7.359  -2.891
LEU01B4850_001   1.700  -6.777  -5.077
TYR01B4851_001   4.266  -3.183   1.084
TYR-1B4851_002   4.266  -3.183   1.084
THR01B4852_001   0.224   0.000   0.224
THR01B4852_002   0.224   0.000   0.224
THR01B4852_003   0.224   0.000   0.224
VAL01B4853_001   0.769  -3.245  -2.476
VAL01B4854_001   0.594  -1.887  -1.293
ALA01B4855_001   0.000  -0.412  -0.412
PHE01B4856_001   4.521  -2.646   1.875
ASN01B4857_001   0.409  -2.353  -1.944
ASN01B4857_002   0.182  -2.383  -2.201
PHE01B4858_001   4.209  -8.802  -4.593
PHE01B4859_001   4.193  -0.759   3.435
ARG01B4860_001   3.344  -7.229  -3.885
ARG02B4860_002   3.311  -7.229  -3.918
ARG03B4860_003   3.353  -7.229  -3.876
ARG+1B4860_004   3.266  -7.229  -3.963
LYS01B4861_001   2.206  -8.361  -6.155
LYS+1B4861_002   2.142  -8.361  -6.219
PHE01B4862_001   4.739  -2.042   2.697
TYR01B4863_001   4.228  -0.219   4.009
TYR01B4863_002   4.228  -0.219   4.009
TYR-1B4863_003   4.228  -0.219   4.009
ASN01B4864_001   0.262  -1.216  -0.954
ASN01B4864_002   0.426  -1.093  -0.667
LYS01B4865_001   2.323  -2.022   0.301
LYS+1B4865_002   2.276  -2.022   0.254
SER01B4866_001   0.000  -3.535  -3.535
GLU01B4867_001   3.507  -2.380   1.127
GLU01B4867_002   3.507  -2.380   1.127
GLU02B4867_003   2.843  -2.416   0.427
GLU02B4867_004   2.843  -2.416   0.427
GLU-1B4867_005   2.758  -2.315   0.443
ASP01B4868_001   0.381  -3.932  -3.552
ASP01B4868_002   0.381  -3.932  -3.552
ASP02B4868_003   0.433  -3.993  -3.560
ASP02B4868_004   0.433  -3.993  -3.560
ASP-1B4868_005   0.329  -3.875  -3.546
GLU01B4869_001   1.584  -3.982  -2.398
GLU01B4869_002   1.584  -3.982  -2.398
GLU02B4869_003   1.308  -3.930  -2.622
GLU02B4869_004   1.308  -3.930  -2.622
GLU-1B4869_005   1.219  -3.875  -2.656
ASP01B4870_001   0.195  -2.970  -2.775
ASP01B4870_002   0.195  -2.970  -2.775
ASP02B4870_003   0.286  -3.077  -2.792
ASP02B4870_004   0.286  -3.077  -2.792
ASP-1B4870_005   0.184  -2.929  -2.744
GLU01B4871_001   2.310  -1.737   0.573
GLU01B4871_002   2.310  -1.737   0.573
GLU02B4871_003   1.831  -1.700   0.131
GLU02B4871_004   1.831  -1.700   0.131
GLU-1B4871_005   1.768  -1.658   0.109
CTR01B4871_001  -0.021  -0.830  -0.851
CTR01B4871_002   0.090  -0.908  -0.818
CTR02B4871_003  -0.022  -0.830  -0.852
CTR02B4871_004   0.035  -0.830  -0.795
CTR-1B4871_005   0.000  -0.830  -0.830
NTR01B4872_001  -0.002  -0.711  -0.713
NTR+1B4872_002  -0.004  -0.711  -0.715
PRO01B4872_001   0.272  -5.441  -5.168
ASP01B4873_001   0.056  -1.748  -1.693
ASP01B4873_002   0.056  -1.748  -1.693
ASP02B4873_003   0.122  -1.747  -1.625
ASP02B4873_004   0.122  -1.747  -1.625
ASP-1B4873_005   0.052  -1.693  -1.640
MET01B4874_001   0.790  -1.639  -0.850
LYS01B4875_001   1.067  -1.332  -0.265
LYS+1B4875_002   1.002  -1.332  -0.330
CYS01B4876_001  -0.002   0.000  -0.002
CYS01B4876_002  -0.002   0.000  -0.002
CYS01B4876_003  -0.003   0.000  -0.003
CYS-1B4876_004   0.000   0.000   0.000
ASP01B4877_001   0.115  -1.846  -1.730
ASP01B4877_002   0.115  -1.846  -1.730
ASP02B4877_003   0.188  -1.977  -1.788
ASP02B4877_004   0.188  -1.977  -1.788
ASP-1B4877_005   0.107  -1.835  -1.727
ASP01B4878_001  -0.040  -1.985  -2.025
ASP01B4878_002  -0.040  -1.985  -2.025
ASP02B4878_003  -0.009  -2.107  -2.116
ASP02B4878_004  -0.009  -2.107  -2.116
ASP-1B4878_005  -0.040  -1.985  -2.025
MET01B4879_001   0.063  -3.996  -3.933
MET01B4880_001   1.027  -9.881  -8.854
THR01B4881_001   0.300  -2.155  -1.855
THR01B4881_002   0.300  -2.155  -1.855
THR01B4881_003   0.300  -2.155  -1.855
CYS01B4882_001  -0.002   0.000  -0.002
CYS01B4882_002  -0.002   0.000  -0.002
CYS01B4882_003  -0.002   0.000  -0.002
CYS-1B4882_004   0.000   0.000   0.000
TYR01B4883_001   4.740  -2.455   2.285
TYR01B4883_002   4.740  -2.455   2.285
TYR-1B4883_003   4.740  -2.455   2.285
LEU01B4884_001   1.708  -6.777  -5.069
PHE01B4885_001   4.853  -0.758   4.095
HIS01B4886_001  -0.162  -0.094  -0.256
HIS01B4886_002  -0.125  -0.064  -0.189
HIS02B4886_003  -0.180  -0.094  -0.274
HIS02B4886_004  -0.138  -0.064  -0.202
HIS+1B4886_005  -0.206  -0.094  -0.300
HIS+1B4886_006  -0.165  -0.064  -0.229
MET01B4887_001   0.958  -3.413  -2.455
TYR01B4888_001   4.559  -8.446  -3.887
TYR01B4888_002   4.559  -8.446  -3.887
TYR-1B4888_003   4.559  -8.446  -3.887
VAL01B4889_001   0.734  -0.412   0.322
VAL01B4891_001   0.637  -0.824  -0.187
ARG01B4892_001   2.649  -7.844  -5.195
ARG02B4892_002   2.606  -7.844  -5.238
ARG03B4892_003   2.696  -7.844  -5.148
ARG+1B4892_004   2.561  -7.844  -5.283
ALA01B4893_001   0.000  -0.103  -0.103
ILE01B4897_001   2.072  -0.686   1.386
ASP01B4899_001   0.164  -2.041  -1.877
ASP01B4899_002   0.164  -2.041  -1.877
ASP02B4899_003   0.251  -2.050  -1.799
ASP02B4899_004   0.251  -2.050  -1.799
ASP-1B4899_005   0.155  -2.054  -1.899
GLU01B4900_001   3.264  -1.196   2.068
GLU01B4900_002   3.264  -1.196   2.068
GLU02B4900_003   2.606  -1.264   1.342
GLU02B4900_004   2.606  -1.264   1.342
GLU-1B4900_005   2.544  -1.196   1.348
ILE01B4901_001   3.439  -0.309   3.130
GLU01B4902_001   2.736  -2.256   0.480
GLU01B4902_002   2.736  -2.256   0.480
GLU02B4902_003   2.169  -2.299  -0.130
GLU02B4902_004   2.169  -2.299  -0.130
GLU-1B4902_005   2.107  -2.170  -0.064
ASP01B4903_001   0.063  -3.079  -3.015
ASP01B4903_002   0.063  -3.079  -3.015
ASP02B4903_003   0.132  -2.984  -2.853
ASP02B4903_004   0.132  -2.984  -2.853
ASP-1B4903_005   0.060  -2.958  -2.898
PRO01B4904_001   0.266  -1.504  -1.238
ALA01B4905_001   0.000  -2.798  -2.798
ASP01B4907_001  -0.040  -3.085  -3.125
ASP01B4907_002  -0.040  -3.085  -3.125
ASP02B4907_003  -0.009  -3.153  -3.162
ASP02B4907_004  -0.009  -3.153  -3.162
ASP-1B4907_005  -0.041  -3.035  -3.075
GLU01B4908_001   0.499  -2.812  -2.312
GLU01B4908_002   0.499  -2.812  -2.312
GLU02B4908_003   0.666  -2.906  -2.241
GLU02B4908_004   0.666  -2.906  -2.241
GLU-1B4908_005   0.468  -2.739  -2.271
TYR01B4909_001   4.080  -7.299  -3.219
TYR01B4909_002   4.080  -7.299  -3.219
TYR-1B4909_003   4.080  -7.299  -3.219
GLU01B4910_001   0.498  -1.736  -1.238
GLU01B4910_002   0.498  -1.736  -1.238
GLU02B4910_003   0.664  -1.724  -1.060
GLU02B4910_004   0.664  -1.724  -1.060
GLU-1B4910_005   0.467  -1.632  -1.166
LEU01B4911_001   2.859  -8.786  -5.927
TYR01B4912_001   4.383  -8.413  -4.030
TYR01B4912_002   4.383  -8.413  -4.030
TYR-1B4912_003   4.383  -8.413  -4.030
ARG01B4913_001   2.221  -0.810   1.412
ARG02B4913_002   2.201  -0.810   1.392
ARG03B4913_003   2.205  -0.810   1.395
ARG03B4913_004   2.283  -0.810   1.473
ARG+1B4913_005   2.158  -0.810   1.349
VAL01B4914_001   0.589  -3.142  -2.554
VAL01B4915_001   0.632  -5.386  -4.754
PHE01B4916_001   4.601  -2.297   2.304
ASP01B4917_001   0.374  -0.524  -0.150
ASP01B4917_002   0.374  -0.524  -0.150
ASP02B4917_003   0.427  -0.502  -0.075
ASP02B4917_004   0.427  -0.502  -0.075
ASP-1B4917_005   0.323  -0.482  -0.159
ILE01B4918_001   2.809  -5.682  -2.874
THR01B4919_001   0.201  -1.770  -1.568
PHE01B4920_001   4.659   0.000   4.659
PHE01B4921_001   4.686  -1.971   2.715
PHE01B4922_001   4.201  -5.913  -1.711
PHE01B4923_001   4.137  -8.157  -4.021
VAL01B4924_001   0.910  -1.233  -0.323
ILE01B4925_001   2.477  -0.274   2.204
VAL01B4926_001   0.629  -4.359  -3.730
ILE01B4927_001   2.972  -5.492  -2.520
LEU01B4928_001   1.748  -0.171   1.577
LEU01B4929_001   1.776  -6.194  -4.418
ALA01B4930_001   0.000  -2.933  -2.933
ILE01B4931_001   2.212  -2.936  -0.724
ILE01B4932_001   4.399  -3.448   0.950
GLN01B4933_001   3.652  -2.844   0.809
LEU01B4935_001   1.691  -3.055  -1.364
ILE01B4936_001   3.723  -2.009   1.715
ILE01B4937_001   2.696  -6.004  -3.308
ASP01B4938_001   0.068  -2.668  -2.601
ASP01B4938_002   0.068  -2.668  -2.601
ASP02B4938_003   0.137  -2.709  -2.572
ASP02B4938_004   0.137  -2.709  -2.572
ASP-1B4938_005   0.064  -2.584  -2.520
ALA01B4939_001   0.000   0.000   0.000
PHE01B4940_001   4.673  -4.411   0.262
GLU01B4942_001   2.578  -2.228   0.350
GLU01B4942_002   2.578  -2.228   0.350
GLU02B4942_003   2.049  -2.232  -0.184
GLU02B4942_004   2.049  -2.232  -0.184
GLU-1B4942_005   1.985  -2.175  -0.190
LEU01B4943_001   1.397  -1.854  -0.457
ARG01B4944_001   2.313  -9.995  -7.682
ARG02B4944_002   2.275  -9.995  -7.720
ARG03B4944_003   2.267  -9.995  -7.728
ARG+1B4944_004   2.227  -9.995  -7.768
ASP01B4945_001   0.073  -2.676  -2.603
ASP01B4945_002   0.073  -2.676  -2.603
ASP02B4945_003   0.144  -2.760  -2.615
ASP02B4945_004   0.144  -2.760  -2.615
ASP-1B4945_005   0.069  -2.700  -2.631
GLN01B4946_001   0.800  -1.058  -0.258
GLN01B4946_002   0.692  -1.058  -0.366
GLN01B4947_001   1.260  -2.109  -0.849
GLN01B4947_002   1.765  -1.876  -0.111
GLU01B4948_001   5.157  -2.211   2.946
GLU01B4948_002   5.157  -2.211   2.946
GLU02B4948_003   4.137  -2.316   1.821
GLU02B4948_004   4.137  -2.316   1.821
GLU-1B4948_005   4.063  -2.234   1.829
GLN01B4949_001   2.964  -1.796   1.167
GLN01B4949_002   4.858  -1.705   3.152
VAL01B4950_001   0.632  -0.412   0.220
LYS01B4951_001   1.785  -8.854  -7.069
LYS+1B4951_002   1.720  -8.854  -7.135
GLU01B4952_001   3.659  -2.348   1.311
GLU01B4952_002   3.659  -2.348   1.311
GLU02B4952_003   2.955  -2.426   0.529
GLU02B4952_004   2.955  -2.426   0.529
GLU-1B4952_005   2.875  -2.364   0.512
ASP01B4953_001   0.395  -0.723  -0.327
ASP01B4953_002   0.395  -0.723  -0.327
ASP02B4953_003   0.447  -0.622  -0.175
ASP02B4953_004   0.447  -0.622  -0.175
ASP-1B4953_005   0.341  -0.620  -0.279
MET01B4954_001  -0.011  -3.028  -3.038
GLU01B4955_001   0.499  -3.551  -3.052
GLU01B4955_002   0.499  -3.551  -3.052
GLU02B4955_003   0.666  -3.504  -2.839
GLU02B4955_004   0.666  -3.504  -2.839
GLU-1B4955_005   0.468  -3.394  -2.926
THR01B4956_001   0.220  -2.533  -2.313
THR01B4956_002   0.220  -2.533  -2.313
THR01B4956_003   0.220  -2.533  -2.313
LYS01B4957_001   2.099  -3.978  -1.879
LYS+1B4957_002   2.052  -3.978  -1.926
CYS01B4958_001  -0.002   0.000  -0.002
CYS01B4958_002  -0.002   0.000  -0.002
CYS01B4958_003  -0.002   0.000  -0.002
CYS-1B4958_004   0.000   0.000   0.000
PHE01B4959_001   4.798  -0.304   4.494
ILE01B4960_001   1.904   0.000   1.904
CYS01B4961_001  -0.002   0.000  -0.002
CYS01B4961_002  -0.002   0.000  -0.002
CYS01B4961_003  -0.003   0.000  -0.003
CYS-1B4961_004   0.000   0.000   0.000
ILE01B4963_001   2.218  -1.442   0.776
SER01B4965_001   0.000  -0.662  -0.662
SER01B4965_002   0.000  -0.662  -0.662
ASP01B4966_001   0.162  -3.442  -3.280
ASP01B4966_002   0.162  -3.442  -3.280
ASP02B4966_003   0.245  -3.680  -3.434
ASP02B4966_004   0.245  -3.680  -3.434
ASP-1B4966_005   0.152  -3.414  -3.262
TYR01B4967_001   4.678  -4.380   0.297
TYR01B4967_002   4.678  -4.380   0.297
TYR-1B4967_003   4.678  -4.380   0.297
PHE01B4968_001   5.011   0.000   5.011
ASP01B4969_001   0.189  -1.116  -0.927
ASP01B4969_002   0.189  -1.116  -0.927
ASP02B4969_003   0.277  -1.065  -0.788
ASP02B4969_004   0.277  -1.065  -0.788
ASP-1B4969_005   0.178  -1.029  -0.851
THR01B4970_001   0.227  -6.006  -5.779
CTR01B4970_001  -0.021  -4.073  -4.095
CTR01B4970_002   0.105  -4.016  -3.911
CTR02B4970_003  -0.022  -3.938  -3.960
CTR02B4970_004   0.042  -3.977  -3.936
CTR-1B4970_005   0.000  -3.938  -3.938
NTG01B4974_001  -0.004  -2.066  -2.071
NTG+1B4974_002  -0.010  -2.066  -2.076
PHE01B4975_001   4.783  -0.758   4.025
GLU01B4976_001   1.381  -2.675  -1.293
GLU01B4976_002   1.381  -2.675  -1.293
GLU02B4976_003   1.118  -2.616  -1.499
GLU02B4976_004   1.118  -2.616  -1.499
GLU-1B4976_005   1.051  -2.548  -1.497
THR01B4977_001   0.254  -4.999  -4.744
THR01B4977_002   0.254  -4.999  -4.744
HIS01B4978_001  -0.173   0.000  -0.173
HIS02B4978_002  -0.190   0.000  -0.190
HIS+1B4978_003  -0.217   0.000  -0.217
THR01B4979_001   0.193  -1.900  -1.707
THR01B4979_002   0.193  -1.900  -1.707
LEU01B4980_001   1.750  -7.051  -5.301
GLU01B4981_001   1.875  -0.595   1.280
GLU01B4981_002   1.875  -0.595   1.280
GLU02B4981_003   1.550  -0.581   0.968
GLU02B4981_004   1.550  -0.581   0.968
GLU-1B4981_005   1.454  -0.581   0.872
GLU01B4982_001   2.642  -0.276   2.366
GLU01B4982_002   2.642  -0.276   2.366
GLU02B4982_003   2.095  -0.290   1.805
GLU02B4982_004   2.095  -0.290   1.805
GLU-1B4982_005   2.032  -0.276   1.756
HIS01B4983_001  -0.256   0.000  -0.256
HIS02B4983_002  -0.276   0.000  -0.276
HIS+1B4983_003  -0.303   0.000  -0.303
ASN01B4984_001   0.003  -1.240  -1.237
ASN01B4984_002   0.170  -1.127  -0.957
LEU01B4985_001   4.924  -2.472   2.451
ALA01B4986_001   0.000  -0.103  -0.103
ASN01B4987_001   0.145  -0.079   0.067
ASN01B4987_002  -0.010  -0.060  -0.071
TYR01B4988_001   4.322  -0.563   3.758
TYR01B4988_002   4.322  -0.563   3.758
TYR-1B4988_003   4.322  -0.563   3.758
MET01B4989_001   0.846  -0.174   0.672
PHE01B4990_001   4.278  -0.101   4.177
PHE01B4991_001   4.775  -0.515   4.260
LEU01B4992_001   2.807  -0.773   2.034
MET01B4993_001  -0.006  -1.161  -1.167
TYR01B4994_001   4.473  -3.521   0.952
TYR01B4994_002   4.473  -3.521   0.952
TYR-1B4994_003   4.473  -3.521   0.952
LEU01B4995_001   1.879  -0.464   1.416
ILE01B4996_001   1.748  -2.778  -1.030
ASN01B4997_001   0.443  -1.610  -1.166
ASN01B4997_002   0.202  -1.797  -1.594
LYS01B4998_001   0.613  -1.482  -0.869
LYS+1B4998_002   0.568  -1.482  -0.915
ASP01B4999_001   0.166  -2.453  -2.286
ASP01B4999_002   0.166  -2.453  -2.286
ASP02B4999_003   0.252  -2.651  -2.399
ASP02B4999_004   0.252  -2.651  -2.399
ASP-1B4999_005   0.157  -2.494  -2.337
GLU01B5000_001   2.592  -2.713  -0.120
GLU01B5000_002   2.592  -2.713  -0.120
GLU02B5000_003   2.055  -2.791  -0.736
GLU02B5000_004   2.055  -2.791  -0.736
GLU-1B5000_005   1.994  -2.730  -0.736
THR01B5001_001   0.220  -4.138  -3.918
THR01B5001_002   0.220  -4.138  -3.918
GLU01B5002_001   1.801  -2.202  -0.400
GLU01B5002_002   1.801  -2.202  -0.400
GLU02B5002_003   1.489  -2.210  -0.721
GLU02B5002_004   1.489  -2.210  -0.721
GLU-1B5002_005   1.394  -2.192  -0.798
HIS01B5003_001  -0.182  -0.167  -0.349
HIS01B5003_002  -0.150  -0.338  -0.488
HIS02B5003_003  -0.199  -0.167  -0.366
HIS02B5003_004  -0.164  -0.338  -0.502
HIS+1B5003_005  -0.226  -0.167  -0.393
HIS+1B5003_006  -0.190  -0.338  -0.528
THR01B5004_001   0.216  -1.817  -1.601
THR01B5004_002   0.216  -1.817  -1.601
THR01B5004_003   0.216  -1.817  -1.601
GLN01B5006_001   1.600  -0.367   1.233
GLN01B5006_002   2.646  -0.379   2.267
GLU01B5007_001   2.508  -0.508   2.000
GLU01B5007_002   2.508  -0.508   2.000
GLU02B5007_003   1.987  -0.520   1.467
GLU02B5007_004   1.987  -0.520   1.467
GLU-1B5007_005   1.924  -0.508   1.416
SER01B5008_001   0.000  -1.637  -1.637
SER01B5008_002   0.000  -1.637  -1.637
TYR01B5009_001   4.765  -2.844   1.920
TYR-1B5009_002   4.765  -2.844   1.920
VAL01B5010_001   0.538  -1.030  -0.492
TRP01B5011_001   3.079  -3.062   0.017
LYS01B5012_001   2.115  -7.625  -5.510
LYS+1B5012_002   2.029  -7.625  -5.595
MET01B5013_001   0.012  -1.759  -1.747
TYR01B5014_001   4.369  -0.660   3.710
TYR01B5014_002   4.369  -0.660   3.710
TYR-1B5014_003   4.369  -0.660   3.710
GLN01B5015_001   0.690  -1.309  -0.619
GLN01B5015_002   0.605  -1.170  -0.565
GLU01B5016_001   1.603  -2.987  -1.384
GLU01B5016_002   1.603  -2.987  -1.384
GLU02B5016_003   1.327  -3.020  -1.692
GLU02B5016_004   1.327  -3.020  -1.692
GLU-1B5016_005   1.236  -2.967  -1.732
ARG01B5017_001   2.813  -0.720   2.093
ARG02B5017_002   2.733  -0.720   2.013
ARG02B5017_003   2.738  -0.720   2.019
ARG03B5017_004   2.738  -0.720   2.019
ARG+1B5017_005   2.694  -0.720   1.974
CYS01B5018_001  -0.002  -2.694  -2.695
CYS01B5018_002  -0.002  -2.694  -2.695
CYS01B5018_003  -0.002  -2.694  -2.696
CYS-1B5018_004   0.000  -2.694  -2.694
TRP01B5019_001   3.282  -1.047   2.236
ASP01B5020_001   0.424  -2.433  -2.009
ASP01B5020_002   0.424  -2.433  -2.009
ASP02B5020_003   0.481  -2.344  -1.863
ASP02B5020_004   0.481  -2.344  -1.863
ASP-1B5020_005   0.369  -2.343  -1.974
PHE01B5021_001   4.820  -0.876   3.944
PHE01B5022_001   5.117  -0.204   4.912
PRO01B5023_001   0.288  -0.048   0.240
ALA01B5024_001   0.000  -2.968  -2.968
ASP01B5026_001   0.057  -0.810  -0.753
ASP01B5026_002   0.057  -0.810  -0.753
ASP02B5026_003   0.124  -0.908  -0.784
ASP02B5026_004   0.124  -0.908  -0.784
ASP-1B5026_005   0.054  -0.810  -0.756
CYS01B5027_001  -0.002   0.000  -0.002
CYS01B5027_002  -0.002   0.000  -0.002
CYS01B5027_003  -0.002   0.000  -0.002
CYS-1B5027_004   0.000   0.000   0.000
PHE01B5028_001   4.801  -1.533   3.267
ARG01B5029_001   2.528  -4.260  -1.732
ARG02B5029_002   2.458  -4.260  -1.802
ARG03B5029_003   2.519  -4.260  -1.741
ARG+1B5029_004   2.413  -4.260  -1.847
LYS01B5030_001   1.401  -4.864  -3.463
LYS+1B5030_002   1.318  -4.864  -3.547
GLN01B5031_001   0.764  -1.447  -0.683
GLN01B5031_002   0.668  -1.457  -0.789
TYR01B5032_001   4.218  -0.763   3.455
TYR-1B5032_002   4.218  -0.763   3.455
GLU01B5033_001   2.519  -2.051   0.468
GLU01B5033_002   2.519  -2.051   0.468
GLU02B5033_003   1.999  -2.084  -0.086
GLU02B5033_004   1.999  -2.084  -0.086
GLU-1B5033_005   1.935  -2.016  -0.081
ASP01B5034_001  -0.040  -2.915  -2.955
ASP01B5034_002  -0.040  -2.915  -2.955
ASP02B5034_003  -0.009  -3.005  -3.014
ASP02B5034_004  -0.009  -3.005  -3.014
ASP-1B5034_005  -0.041  -2.854  -2.895
GLN01B5035_001   1.713  -1.988  -0.275
LEU01B5036_001   1.533  -2.984  -1.452
SER01B5037_001   0.000  -3.643  -3.643
SER01B5037_002   0.000  -3.643  -3.643
CTR01B5037_001  -0.021  -2.963  -2.984
CTR01B5037_002   0.108  -2.790  -2.682
CTR02B5037_003  -0.022  -2.963  -2.986
CTR02B5037_004   0.042  -2.944  -2.902
CTR-1B5037_005   0.000  -2.963  -2.963
_ZN+2B5101_001   0.000   0.000   0.000
_CA+2B5102_001   0.000  -0.541  -0.541
