forrtl: severe (174): SIGSEGV, segmentation fault occurred
Image              PC                Routine            Line        Source             
delphi             0000000000457839  Unknown               Unknown  Unknown
delphi             0000000000452D50  Unknown               Unknown  Unknown
delphi             0000000000404315  Unknown               Unknown  Unknown
delphi             000000000040372C  Unknown               Unknown  Unknown
libc.so.6          00002AB2B9027830  Unknown               Unknown  Unknown
delphi             0000000000403629  Unknown               Unknown  Unknown
forrtl: severe (174): SIGSEGV, segmentation fault occurred
Image              PC                Routine            Line        Source             
delphi             0000000000457839  Unknown               Unknown  Unknown
delphi             0000000000452D50  Unknown               Unknown  Unknown
delphi             0000000000404315  Unknown               Unknown  Unknown
delphi             000000000040372C  Unknown               Unknown  Unknown
libc.so.6          00002B4D4E2DC830  Unknown               Unknown  Unknown
delphi             0000000000403629  Unknown               Unknown  Unknown
forrtl: severe (174): SIGSEGV, segmentation fault occurred
Image              PC                Routine            Line        Source             
delphi             0000000000458CE6  Unknown               Unknown  Unknown
delphi             0000000000452D50  Unknown               Unknown  Unknown
delphi             0000000000404315  Unknown               Unknown  Unknown
delphi             000000000040372C  Unknown               Unknown  Unknown
libc.so.6          00002B7F8276A830  Unknown               Unknown  Unknown
delphi             0000000000403629  Unknown               Unknown  Unknown
forrtl: severe (174): SIGSEGV, segmentation fault occurred
Image              PC                Routine            Line        Source             
delphi             0000000000457839  Unknown               Unknown  Unknown
delphi             0000000000452D50  Unknown               Unknown  Unknown
delphi             0000000000404315  Unknown               Unknown  Unknown
delphi             000000000040372C  Unknown               Unknown  Unknown
libc.so.6          00002B04B541A830  Unknown               Unknown  Unknown
delphi             0000000000403629  Unknown               Unknown  Unknown
forrtl: severe (174): SIGSEGV, segmentation fault occurred
Image              PC                Routine            Line        Source             
delphi             0000000000457839  Unknown               Unknown  Unknown
delphi             0000000000452D50  Unknown               Unknown  Unknown
delphi             0000000000404315  Unknown               Unknown  Unknown
delphi             000000000040372C  Unknown               Unknown  Unknown
libc.so.6          00002B803A2DC830  Unknown               Unknown  Unknown
delphi             0000000000403629  Unknown               Unknown  Unknown
forrtl: severe (174): SIGSEGV, segmentation fault occurred
Image              PC                Routine            Line        Source             
delphi             0000000000458312  Unknown               Unknown  Unknown
delphi             0000000000452D50  Unknown               Unknown  Unknown
delphi             0000000000404315  Unknown               Unknown  Unknown
delphi             000000000040372C  Unknown               Unknown  Unknown
libc.so.6          00002B412E9AC830  Unknown               Unknown  Unknown
delphi             0000000000403629  Unknown               Unknown  Unknown
forrtl: severe (174): SIGSEGV, segmentation fault occurred
Image              PC                Routine            Line        Source             
delphi             0000000000457839  Unknown               Unknown  Unknown
delphi             0000000000452D50  Unknown               Unknown  Unknown
delphi             0000000000404315  Unknown               Unknown  Unknown
delphi             000000000040372C  Unknown               Unknown  Unknown
libc.so.6          00002B6375453830  Unknown               Unknown  Unknown
delphi             0000000000403629  Unknown               Unknown  Unknown
forrtl: severe (174): SIGSEGV, segmentation fault occurred
Image              PC                Routine            Line        Source             
delphi             0000000000457A7C  Unknown               Unknown  Unknown
delphi             0000000000452D50  Unknown               Unknown  Unknown
delphi             0000000000404315  Unknown               Unknown  Unknown
delphi             000000000040372C  Unknown               Unknown  Unknown
libc.so.6          00002BA55DB7E830  Unknown               Unknown  Unknown
delphi             0000000000403629  Unknown               Unknown  Unknown
forrtl: severe (174): SIGSEGV, segmentation fault occurred
Image              PC                Routine            Line        Source             
delphi             0000000000457839  Unknown               Unknown  Unknown
delphi             0000000000452D50  Unknown               Unknown  Unknown
delphi             0000000000404315  Unknown               Unknown  Unknown
delphi             000000000040372C  Unknown               Unknown  Unknown
libc.so.6          00002B96C884C830  Unknown               Unknown  Unknown
delphi             0000000000403629  Unknown               Unknown  Unknown
forrtl: severe (174): SIGSEGV, segmentation fault occurred
Image              PC                Routine            Line        Source             
delphi             0000000000457839  Unknown               Unknown  Unknown
delphi             0000000000452D50  Unknown               Unknown  Unknown
delphi             0000000000404315  Unknown               Unknown  Unknown
delphi             000000000040372C  Unknown               Unknown  Unknown
libc.so.6          00002B41F3CC3830  Unknown               Unknown  Unknown
delphi             0000000000403629  Unknown               Unknown  Unknown
forrtl: severe (174): SIGSEGV, segmentation fault occurred
Image              PC                Routine            Line        Source             
delphi             0000000000457716  Unknown               Unknown  Unknown
delphi             0000000000452D50  Unknown               Unknown  Unknown
delphi             0000000000404315  Unknown               Unknown  Unknown
delphi             000000000040372C  Unknown               Unknown  Unknown
libc.so.6          00002BA57C705830  Unknown               Unknown  Unknown
delphi             0000000000403629  Unknown               Unknown  Unknown
forrtl: severe (174): SIGSEGV, segmentation fault occurred
Image              PC                Routine            Line        Source             
delphi             0000000000457716  Unknown               Unknown  Unknown
delphi             0000000000452D50  Unknown               Unknown  Unknown
delphi             0000000000404315  Unknown               Unknown  Unknown
delphi             000000000040372C  Unknown               Unknown  Unknown
libc.so.6          00002AC52F84B830  Unknown               Unknown  Unknown
delphi             0000000000403629  Unknown               Unknown  Unknown
forrtl: severe (174): SIGSEGV, segmentation fault occurred
Image              PC                Routine            Line        Source             
delphi             00000000004592EE  Unknown               Unknown  Unknown
delphi             0000000000452D50  Unknown               Unknown  Unknown
delphi             0000000000404315  Unknown               Unknown  Unknown
delphi             000000000040372C  Unknown               Unknown  Unknown
libc.so.6          00002B1DC8BA3830  Unknown               Unknown  Unknown
delphi             0000000000403629  Unknown               Unknown  Unknown
forrtl: severe (174): SIGSEGV, segmentation fault occurred
Image              PC                Routine            Line        Source             
delphi             0000000000458A9A  Unknown               Unknown  Unknown
delphi             0000000000452D50  Unknown               Unknown  Unknown
delphi             0000000000404315  Unknown               Unknown  Unknown
delphi             000000000040372C  Unknown               Unknown  Unknown
libc.so.6          00002B8991866830  Unknown               Unknown  Unknown
delphi             0000000000403629  Unknown               Unknown  Unknown
forrtl: severe (174): SIGSEGV, segmentation fault occurred
Image              PC                Routine            Line        Source             
delphi             0000000000457716  Unknown               Unknown  Unknown
delphi             0000000000452D50  Unknown               Unknown  Unknown
delphi             0000000000404315  Unknown               Unknown  Unknown
delphi             000000000040372C  Unknown               Unknown  Unknown
libc.so.6          00002AF0C8CA3830  Unknown               Unknown  Unknown
delphi             0000000000403629  Unknown               Unknown  Unknown
forrtl: severe (174): SIGSEGV, segmentation fault occurred
Image              PC                Routine            Line        Source             
delphi             0000000000458934  Unknown               Unknown  Unknown
delphi             0000000000452D50  Unknown               Unknown  Unknown
delphi             0000000000404315  Unknown               Unknown  Unknown
delphi             000000000040372C  Unknown               Unknown  Unknown
libc.so.6          00002B85B6753830  Unknown               Unknown  Unknown
delphi             0000000000403629  Unknown               Unknown  Unknown
forrtl: severe (174): SIGSEGV, segmentation fault occurred
Image              PC                Routine            Line        Source             
delphi             0000000000457716  Unknown               Unknown  Unknown
delphi             0000000000452D50  Unknown               Unknown  Unknown
delphi             0000000000404315  Unknown               Unknown  Unknown
delphi             000000000040372C  Unknown               Unknown  Unknown
libc.so.6          00002AF9A10EE830  Unknown               Unknown  Unknown
delphi             0000000000403629  Unknown               Unknown  Unknown
forrtl: severe (174): SIGSEGV, segmentation fault occurred
Image              PC                Routine            Line        Source             
delphi             0000000000457839  Unknown               Unknown  Unknown
delphi             0000000000452D50  Unknown               Unknown  Unknown
delphi             0000000000404315  Unknown               Unknown  Unknown
delphi             000000000040372C  Unknown               Unknown  Unknown
libc.so.6          00002B088973E830  Unknown               Unknown  Unknown
delphi             0000000000403629  Unknown               Unknown  Unknown
forrtl: severe (174): SIGSEGV, segmentation fault occurred
Image              PC                Routine            Line        Source             
delphi             0000000000457716  Unknown               Unknown  Unknown
delphi             0000000000452D50  Unknown               Unknown  Unknown
delphi             0000000000404315  Unknown               Unknown  Unknown
delphi             000000000040372C  Unknown               Unknown  Unknown
libc.so.6          00002B5A1840E830  Unknown               Unknown  Unknown
delphi             0000000000403629  Unknown               Unknown  Unknown
forrtl: severe (174): SIGSEGV, segmentation fault occurred
Image              PC                Routine            Line        Source             
delphi             0000000000457839  Unknown               Unknown  Unknown
delphi             0000000000452D50  Unknown               Unknown  Unknown
delphi             0000000000404315  Unknown               Unknown  Unknown
delphi             000000000040372C  Unknown               Unknown  Unknown
libc.so.6          00002AB784BFC830  Unknown               Unknown  Unknown
delphi             0000000000403629  Unknown               Unknown  Unknown
forrtl: severe (174): SIGSEGV, segmentation fault occurred
Image              PC                Routine            Line        Source             
delphi             0000000000457839  Unknown               Unknown  Unknown
delphi             0000000000452D50  Unknown               Unknown  Unknown
delphi             0000000000404315  Unknown               Unknown  Unknown
delphi             000000000040372C  Unknown               Unknown  Unknown
libc.so.6          00002B8301645830  Unknown               Unknown  Unknown
delphi             0000000000403629  Unknown               Unknown  Unknown
forrtl: severe (174): SIGSEGV, segmentation fault occurred
Image              PC                Routine            Line        Source             
delphi             0000000000457839  Unknown               Unknown  Unknown
delphi             0000000000452D50  Unknown               Unknown  Unknown
delphi             0000000000404315  Unknown               Unknown  Unknown
delphi             000000000040372C  Unknown               Unknown  Unknown
libc.so.6          00002AFA238F1830  Unknown               Unknown  Unknown
delphi             0000000000403629  Unknown               Unknown  Unknown
forrtl: severe (174): SIGSEGV, segmentation fault occurred
Image              PC                Routine            Line        Source             
delphi             0000000000458CE6  Unknown               Unknown  Unknown
delphi             0000000000452D50  Unknown               Unknown  Unknown
delphi             0000000000404315  Unknown               Unknown  Unknown
delphi             000000000040372C  Unknown               Unknown  Unknown
libc.so.6          00002B4FE7784830  Unknown               Unknown  Unknown
delphi             0000000000403629  Unknown               Unknown  Unknown
forrtl: severe (174): SIGSEGV, segmentation fault occurred
Image              PC                Routine            Line        Source             
delphi             0000000000457839  Unknown               Unknown  Unknown
delphi             0000000000452D50  Unknown               Unknown  Unknown
delphi             0000000000404315  Unknown               Unknown  Unknown
delphi             000000000040372C  Unknown               Unknown  Unknown
libc.so.6          00002B9A2E2D2830  Unknown               Unknown  Unknown
delphi             0000000000403629  Unknown               Unknown  Unknown
forrtl: severe (174): SIGSEGV, segmentation fault occurred
Image              PC                Routine            Line        Source             
delphi             0000000000457839  Unknown               Unknown  Unknown
delphi             0000000000452D50  Unknown               Unknown  Unknown
delphi             0000000000404315  Unknown               Unknown  Unknown
delphi             000000000040372C  Unknown               Unknown  Unknown
libc.so.6          00002B3A32409830  Unknown               Unknown  Unknown
delphi             0000000000403629  Unknown               Unknown  Unknown
forrtl: severe (174): SIGSEGV, segmentation fault occurred
Image              PC                Routine            Line        Source             
delphi             0000000000457A7C  Unknown               Unknown  Unknown
delphi             0000000000452D50  Unknown               Unknown  Unknown
delphi             0000000000404315  Unknown               Unknown  Unknown
delphi             000000000040372C  Unknown               Unknown  Unknown
libc.so.6          00002B4BFA400830  Unknown               Unknown  Unknown
delphi             0000000000403629  Unknown               Unknown  Unknown
forrtl: severe (174): SIGSEGV, segmentation fault occurred
Image              PC                Routine            Line        Source             
delphi             0000000000457716  Unknown               Unknown  Unknown
delphi             0000000000452D50  Unknown               Unknown  Unknown
delphi             0000000000404315  Unknown               Unknown  Unknown
delphi             000000000040372C  Unknown               Unknown  Unknown
libc.so.6          00002B0288E2A830  Unknown               Unknown  Unknown
delphi             0000000000403629  Unknown               Unknown  Unknown
forrtl: severe (174): SIGSEGV, segmentation fault occurred
Image              PC                Routine            Line        Source             
delphi             000000000045809E  Unknown               Unknown  Unknown
delphi             0000000000452D50  Unknown               Unknown  Unknown
delphi             0000000000404315  Unknown               Unknown  Unknown
delphi             000000000040372C  Unknown               Unknown  Unknown
libc.so.6          00002B68EF754830  Unknown               Unknown  Unknown
delphi             0000000000403629  Unknown               Unknown  Unknown
forrtl: severe (174): SIGSEGV, segmentation fault occurred
Image              PC                Routine            Line        Source             
delphi             0000000000458A9A  Unknown               Unknown  Unknown
delphi             0000000000452D50  Unknown               Unknown  Unknown
delphi             0000000000404315  Unknown               Unknown  Unknown
delphi             000000000040372C  Unknown               Unknown  Unknown
libc.so.6          00002B8B9D52C830  Unknown               Unknown  Unknown
delphi             0000000000403629  Unknown               Unknown  Unknown
forrtl: severe (174): SIGSEGV, segmentation fault occurred
Image              PC                Routine            Line        Source             
delphi             0000000000457839  Unknown               Unknown  Unknown
delphi             0000000000452D50  Unknown               Unknown  Unknown
delphi             0000000000404315  Unknown               Unknown  Unknown
delphi             000000000040372C  Unknown               Unknown  Unknown
libc.so.6          00002AC3A5F86830  Unknown               Unknown  Unknown
delphi             0000000000403629  Unknown               Unknown  Unknown
forrtl: severe (174): SIGSEGV, segmentation fault occurred
Image              PC                Routine            Line        Source             
delphi             0000000000457839  Unknown               Unknown  Unknown
delphi             0000000000452D50  Unknown               Unknown  Unknown
delphi             0000000000404315  Unknown               Unknown  Unknown
delphi             000000000040372C  Unknown               Unknown  Unknown
libc.so.6          00002B8281AF3830  Unknown               Unknown  Unknown
delphi             0000000000403629  Unknown               Unknown  Unknown
forrtl: severe (174): SIGSEGV, segmentation fault occurred
Image              PC                Routine            Line        Source             
delphi             0000000000458CE6  Unknown               Unknown  Unknown
delphi             0000000000452D50  Unknown               Unknown  Unknown
delphi             0000000000404315  Unknown               Unknown  Unknown
delphi             000000000040372C  Unknown               Unknown  Unknown
libc.so.6          00002AD8912B6830  Unknown               Unknown  Unknown
delphi             0000000000403629  Unknown               Unknown  Unknown
forrtl: severe (174): SIGSEGV, segmentation fault occurred
Image              PC                Routine            Line        Source             
delphi             0000000000457716  Unknown               Unknown  Unknown
delphi             0000000000452D50  Unknown               Unknown  Unknown
delphi             0000000000404315  Unknown               Unknown  Unknown
delphi             000000000040372C  Unknown               Unknown  Unknown
libc.so.6          00002B32D855C830  Unknown               Unknown  Unknown
delphi             0000000000403629  Unknown               Unknown  Unknown
forrtl: severe (174): SIGSEGV, segmentation fault occurred
Image              PC                Routine            Line        Source             
delphi             0000000000458A9A  Unknown               Unknown  Unknown
delphi             0000000000452D50  Unknown               Unknown  Unknown
delphi             0000000000404315  Unknown               Unknown  Unknown
delphi             000000000040372C  Unknown               Unknown  Unknown
libc.so.6          00002B7C89EFD830  Unknown               Unknown  Unknown
delphi             0000000000403629  Unknown               Unknown  Unknown
forrtl: severe (174): SIGSEGV, segmentation fault occurred
Image              PC                Routine            Line        Source             
delphi             0000000000457839  Unknown               Unknown  Unknown
delphi             0000000000452D50  Unknown               Unknown  Unknown
delphi             0000000000404315  Unknown               Unknown  Unknown
delphi             000000000040372C  Unknown               Unknown  Unknown
libc.so.6          00002AE6C6A06830  Unknown               Unknown  Unknown
delphi             0000000000403629  Unknown               Unknown  Unknown
forrtl: severe (174): SIGSEGV, segmentation fault occurred
Image              PC                Routine            Line        Source             
delphi             0000000000457839  Unknown               Unknown  Unknown
delphi             0000000000452D50  Unknown               Unknown  Unknown
delphi             0000000000404315  Unknown               Unknown  Unknown
delphi             000000000040372C  Unknown               Unknown  Unknown
libc.so.6          00002ACDFEF30830  Unknown               Unknown  Unknown
delphi             0000000000403629  Unknown               Unknown  Unknown
forrtl: severe (174): SIGSEGV, segmentation fault occurred
Image              PC                Routine            Line        Source             
delphi             0000000000457A7C  Unknown               Unknown  Unknown
delphi             0000000000452D50  Unknown               Unknown  Unknown
delphi             0000000000404315  Unknown               Unknown  Unknown
delphi             000000000040372C  Unknown               Unknown  Unknown
libc.so.6          00002B4965452830  Unknown               Unknown  Unknown
delphi             0000000000403629  Unknown               Unknown  Unknown
forrtl: severe (174): SIGSEGV, segmentation fault occurred
Image              PC                Routine            Line        Source             
delphi             0000000000457F64  Unknown               Unknown  Unknown
delphi             0000000000452D50  Unknown               Unknown  Unknown
delphi             0000000000404315  Unknown               Unknown  Unknown
delphi             000000000040372C  Unknown               Unknown  Unknown
libc.so.6          00002B154AD3B830  Unknown               Unknown  Unknown
delphi             0000000000403629  Unknown               Unknown  Unknown
forrtl: severe (174): SIGSEGV, segmentation fault occurred
Image              PC                Routine            Line        Source             
delphi             0000000000457716  Unknown               Unknown  Unknown
delphi             0000000000452D50  Unknown               Unknown  Unknown
delphi             0000000000404315  Unknown               Unknown  Unknown
delphi             000000000040372C  Unknown               Unknown  Unknown
libc.so.6          00002B9004749830  Unknown               Unknown  Unknown
delphi             0000000000403629  Unknown               Unknown  Unknown
forrtl: severe (174): SIGSEGV, segmentation fault occurred
Image              PC                Routine            Line        Source             
delphi             0000000000458312  Unknown               Unknown  Unknown
delphi             0000000000452D50  Unknown               Unknown  Unknown
delphi             0000000000404315  Unknown               Unknown  Unknown
delphi             000000000040372C  Unknown               Unknown  Unknown
libc.so.6          00002B1E8BD4C830  Unknown               Unknown  Unknown
delphi             0000000000403629  Unknown               Unknown  Unknown
forrtl: severe (174): SIGSEGV, segmentation fault occurred
Image              PC                Routine            Line        Source             
delphi             0000000000458934  Unknown               Unknown  Unknown
delphi             0000000000452D50  Unknown               Unknown  Unknown
delphi             0000000000404315  Unknown               Unknown  Unknown
delphi             000000000040372C  Unknown               Unknown  Unknown
libc.so.6          00002AE5666EE830  Unknown               Unknown  Unknown
delphi             0000000000403629  Unknown               Unknown  Unknown
forrtl: severe (174): SIGSEGV, segmentation fault occurred
Image              PC                Routine            Line        Source             
delphi             0000000000458A9A  Unknown               Unknown  Unknown
delphi             0000000000452D50  Unknown               Unknown  Unknown
delphi             0000000000404315  Unknown               Unknown  Unknown
delphi             000000000040372C  Unknown               Unknown  Unknown
libc.so.6          00002AC9807FA830  Unknown               Unknown  Unknown
delphi             0000000000403629  Unknown               Unknown  Unknown
forrtl: severe (174): SIGSEGV, segmentation fault occurred
Image              PC                Routine            Line        Source             
delphi             0000000000457839  Unknown               Unknown  Unknown
delphi             0000000000452D50  Unknown               Unknown  Unknown
delphi             0000000000404315  Unknown               Unknown  Unknown
delphi             000000000040372C  Unknown               Unknown  Unknown
libc.so.6          00002AC2A0398830  Unknown               Unknown  Unknown
delphi             0000000000403629  Unknown               Unknown  Unknown
forrtl: severe (174): SIGSEGV, segmentation fault occurred
Image              PC                Routine            Line        Source             
delphi             0000000000457839  Unknown               Unknown  Unknown
delphi             0000000000452D50  Unknown               Unknown  Unknown
delphi             0000000000404315  Unknown               Unknown  Unknown
delphi             000000000040372C  Unknown               Unknown  Unknown
libc.so.6          00002B9C2CCC1830  Unknown               Unknown  Unknown
delphi             0000000000403629  Unknown               Unknown  Unknown
forrtl: severe (174): SIGSEGV, segmentation fault occurred
Image              PC                Routine            Line        Source             
delphi             000000000045750C  Unknown               Unknown  Unknown
delphi             0000000000452D50  Unknown               Unknown  Unknown
delphi             0000000000404315  Unknown               Unknown  Unknown
delphi             000000000040372C  Unknown               Unknown  Unknown
libc.so.6          00002AEAB5D66830  Unknown               Unknown  Unknown
delphi             0000000000403629  Unknown               Unknown  Unknown
forrtl: severe (174): SIGSEGV, segmentation fault occurred
Image              PC                Routine            Line        Source             
delphi             0000000000457839  Unknown               Unknown  Unknown
delphi             0000000000452D50  Unknown               Unknown  Unknown
delphi             0000000000404315  Unknown               Unknown  Unknown
delphi             000000000040372C  Unknown               Unknown  Unknown
libc.so.6          00002B615E468830  Unknown               Unknown  Unknown
delphi             0000000000403629  Unknown               Unknown  Unknown
forrtl: severe (174): SIGSEGV, segmentation fault occurred
Image              PC                Routine            Line        Source             
delphi             0000000000457839  Unknown               Unknown  Unknown
delphi             0000000000452D50  Unknown               Unknown  Unknown
delphi             0000000000404315  Unknown               Unknown  Unknown
delphi             000000000040372C  Unknown               Unknown  Unknown
libc.so.6          00002AFB8BD92830  Unknown               Unknown  Unknown
delphi             0000000000403629  Unknown               Unknown  Unknown
forrtl: severe (174): SIGSEGV, segmentation fault occurred
Image              PC                Routine            Line        Source             
delphi             0000000000457839  Unknown               Unknown  Unknown
delphi             0000000000452D50  Unknown               Unknown  Unknown
delphi             0000000000404315  Unknown               Unknown  Unknown
delphi             000000000040372C  Unknown               Unknown  Unknown
libc.so.6          00002B60D4354830  Unknown               Unknown  Unknown
delphi             0000000000403629  Unknown               Unknown  Unknown
forrtl: severe (174): SIGSEGV, segmentation fault occurred
Image              PC                Routine            Line        Source             
delphi             000000000045750C  Unknown               Unknown  Unknown
delphi             0000000000452D50  Unknown               Unknown  Unknown
delphi             0000000000404315  Unknown               Unknown  Unknown
delphi             000000000040372C  Unknown               Unknown  Unknown
libc.so.6          00002B4C98C95830  Unknown               Unknown  Unknown
delphi             0000000000403629  Unknown               Unknown  Unknown
forrtl: severe (174): SIGSEGV, segmentation fault occurred
Image              PC                Routine            Line        Source             
delphi             0000000000457839  Unknown               Unknown  Unknown
delphi             0000000000452D50  Unknown               Unknown  Unknown
delphi             0000000000404315  Unknown               Unknown  Unknown
delphi             000000000040372C  Unknown               Unknown  Unknown
libc.so.6          00002B41EAE2B830  Unknown               Unknown  Unknown
delphi             0000000000403629  Unknown               Unknown  Unknown
forrtl: severe (174): SIGSEGV, segmentation fault occurred
Image              PC                Routine            Line        Source             
delphi             0000000000457839  Unknown               Unknown  Unknown
delphi             0000000000452D50  Unknown               Unknown  Unknown
delphi             0000000000404315  Unknown               Unknown  Unknown
delphi             000000000040372C  Unknown               Unknown  Unknown
libc.so.6          00002B5C9DF4A830  Unknown               Unknown  Unknown
delphi             0000000000403629  Unknown               Unknown  Unknown
forrtl: severe (174): SIGSEGV, segmentation fault occurred
Image              PC                Routine            Line        Source             
delphi             0000000000457839  Unknown               Unknown  Unknown
delphi             0000000000452D50  Unknown               Unknown  Unknown
delphi             0000000000404315  Unknown               Unknown  Unknown
delphi             000000000040372C  Unknown               Unknown  Unknown
libc.so.6          00002B1A19E58830  Unknown               Unknown  Unknown
delphi             0000000000403629  Unknown               Unknown  Unknown
forrtl: severe (174): SIGSEGV, segmentation fault occurred
Image              PC                Routine            Line        Source             
delphi             0000000000457A7C  Unknown               Unknown  Unknown
delphi             0000000000452D50  Unknown               Unknown  Unknown
delphi             0000000000404315  Unknown               Unknown  Unknown
delphi             000000000040372C  Unknown               Unknown  Unknown
libc.so.6          00002ABECE37A830  Unknown               Unknown  Unknown
delphi             0000000000403629  Unknown               Unknown  Unknown
forrtl: severe (174): SIGSEGV, segmentation fault occurred
Image              PC                Routine            Line        Source             
delphi             0000000000457A7C  Unknown               Unknown  Unknown
delphi             0000000000452D50  Unknown               Unknown  Unknown
delphi             0000000000404315  Unknown               Unknown  Unknown
delphi             000000000040372C  Unknown               Unknown  Unknown
libc.so.6          00002B73EAA33830  Unknown               Unknown  Unknown
delphi             0000000000403629  Unknown               Unknown  Unknown
forrtl: severe (174): SIGSEGV, segmentation fault occurred
Image              PC                Routine            Line        Source             
delphi             000000000045750C  Unknown               Unknown  Unknown
delphi             0000000000452D50  Unknown               Unknown  Unknown
delphi             0000000000404315  Unknown               Unknown  Unknown
delphi             000000000040372C  Unknown               Unknown  Unknown
libc.so.6          00002B4293B6A830  Unknown               Unknown  Unknown
delphi             0000000000403629  Unknown               Unknown  Unknown
forrtl: severe (174): SIGSEGV, segmentation fault occurred
Image              PC                Routine            Line        Source             
delphi             00000000004592EE  Unknown               Unknown  Unknown
delphi             0000000000452D50  Unknown               Unknown  Unknown
delphi             0000000000404315  Unknown               Unknown  Unknown
delphi             000000000040372C  Unknown               Unknown  Unknown
libc.so.6          00002ADEB9150830  Unknown               Unknown  Unknown
delphi             0000000000403629  Unknown               Unknown  Unknown
forrtl: severe (174): SIGSEGV, segmentation fault occurred
Image              PC                Routine            Line        Source             
delphi             0000000000457716  Unknown               Unknown  Unknown
delphi             0000000000452D50  Unknown               Unknown  Unknown
delphi             0000000000404315  Unknown               Unknown  Unknown
delphi             000000000040372C  Unknown               Unknown  Unknown
libc.so.6          00002B4A66155830  Unknown               Unknown  Unknown
delphi             0000000000403629  Unknown               Unknown  Unknown
forrtl: severe (174): SIGSEGV, segmentation fault occurred
Image              PC                Routine            Line        Source             
delphi             0000000000457716  Unknown               Unknown  Unknown
delphi             0000000000452D50  Unknown               Unknown  Unknown
delphi             0000000000404315  Unknown               Unknown  Unknown
delphi             000000000040372C  Unknown               Unknown  Unknown
libc.so.6          00002B8AB1E3C830  Unknown               Unknown  Unknown
delphi             0000000000403629  Unknown               Unknown  Unknown
forrtl: severe (174): SIGSEGV, segmentation fault occurred
Image              PC                Routine            Line        Source             
delphi             000000000045750C  Unknown               Unknown  Unknown
delphi             0000000000452D50  Unknown               Unknown  Unknown
delphi             0000000000404315  Unknown               Unknown  Unknown
delphi             000000000040372C  Unknown               Unknown  Unknown
libc.so.6          00002ACD11DC5830  Unknown               Unknown  Unknown
delphi             0000000000403629  Unknown               Unknown  Unknown
forrtl: severe (174): SIGSEGV, segmentation fault occurred
Image              PC                Routine            Line        Source             
delphi             000000000045750C  Unknown               Unknown  Unknown
delphi             0000000000452D50  Unknown               Unknown  Unknown
delphi             0000000000404315  Unknown               Unknown  Unknown
delphi             000000000040372C  Unknown               Unknown  Unknown
libc.so.6          00002B8309A39830  Unknown               Unknown  Unknown
delphi             0000000000403629  Unknown               Unknown  Unknown
forrtl: severe (174): SIGSEGV, segmentation fault occurred
Image              PC                Routine            Line        Source             
delphi             0000000000457716  Unknown               Unknown  Unknown
delphi             0000000000452D50  Unknown               Unknown  Unknown
delphi             0000000000404315  Unknown               Unknown  Unknown
delphi             000000000040372C  Unknown               Unknown  Unknown
libc.so.6          00002AB3F611A830  Unknown               Unknown  Unknown
delphi             0000000000403629  Unknown               Unknown  Unknown
forrtl: severe (174): SIGSEGV, segmentation fault occurred
Image              PC                Routine            Line        Source             
delphi             0000000000458A9A  Unknown               Unknown  Unknown
delphi             0000000000452D50  Unknown               Unknown  Unknown
delphi             0000000000404315  Unknown               Unknown  Unknown
delphi             000000000040372C  Unknown               Unknown  Unknown
libc.so.6          00002BA9BF99E830  Unknown               Unknown  Unknown
delphi             0000000000403629  Unknown               Unknown  Unknown
forrtl: severe (174): SIGSEGV, segmentation fault occurred
Image              PC                Routine            Line        Source             
delphi             000000000045750C  Unknown               Unknown  Unknown
delphi             0000000000452D50  Unknown               Unknown  Unknown
delphi             0000000000404315  Unknown               Unknown  Unknown
delphi             000000000040372C  Unknown               Unknown  Unknown
libc.so.6          00002AF1AC92A830  Unknown               Unknown  Unknown
delphi             0000000000403629  Unknown               Unknown  Unknown
forrtl: severe (174): SIGSEGV, segmentation fault occurred
Image              PC                Routine            Line        Source             
delphi             0000000000457839  Unknown               Unknown  Unknown
delphi             0000000000452D50  Unknown               Unknown  Unknown
delphi             0000000000404315  Unknown               Unknown  Unknown
delphi             000000000040372C  Unknown               Unknown  Unknown
libc.so.6          00002AD7A354F830  Unknown               Unknown  Unknown
delphi             0000000000403629  Unknown               Unknown  Unknown
forrtl: severe (174): SIGSEGV, segmentation fault occurred
Image              PC                Routine            Line        Source             
delphi             00000000004592EE  Unknown               Unknown  Unknown
delphi             0000000000452D50  Unknown               Unknown  Unknown
delphi             0000000000404315  Unknown               Unknown  Unknown
delphi             000000000040372C  Unknown               Unknown  Unknown
libc.so.6          00002AB9BC367830  Unknown               Unknown  Unknown
delphi             0000000000403629  Unknown               Unknown  Unknown
forrtl: severe (174): SIGSEGV, segmentation fault occurred
Image              PC                Routine            Line        Source             
delphi             000000000045750C  Unknown               Unknown  Unknown
delphi             0000000000452D50  Unknown               Unknown  Unknown
delphi             0000000000404315  Unknown               Unknown  Unknown
delphi             000000000040372C  Unknown               Unknown  Unknown
libc.so.6          00002B14C4E1A830  Unknown               Unknown  Unknown
delphi             0000000000403629  Unknown               Unknown  Unknown
forrtl: severe (174): SIGSEGV, segmentation fault occurred
Image              PC                Routine            Line        Source             
delphi             000000000045750C  Unknown               Unknown  Unknown
delphi             0000000000452D50  Unknown               Unknown  Unknown
delphi             0000000000404315  Unknown               Unknown  Unknown
delphi             000000000040372C  Unknown               Unknown  Unknown
libc.so.6          00002B5BA2266830  Unknown               Unknown  Unknown
delphi             0000000000403629  Unknown               Unknown  Unknown
forrtl: severe (174): SIGSEGV, segmentation fault occurred
Image              PC                Routine            Line        Source             
delphi             0000000000457A7C  Unknown               Unknown  Unknown
delphi             0000000000452D50  Unknown               Unknown  Unknown
delphi             0000000000404315  Unknown               Unknown  Unknown
delphi             000000000040372C  Unknown               Unknown  Unknown
libc.so.6          00002BA93AE28830  Unknown               Unknown  Unknown
delphi             0000000000403629  Unknown               Unknown  Unknown
forrtl: severe (174): SIGSEGV, segmentation fault occurred
Image              PC                Routine            Line        Source             
delphi             0000000000457839  Unknown               Unknown  Unknown
delphi             0000000000452D50  Unknown               Unknown  Unknown
delphi             0000000000404315  Unknown               Unknown  Unknown
delphi             000000000040372C  Unknown               Unknown  Unknown
libc.so.6          00002AD6D31E9830  Unknown               Unknown  Unknown
delphi             0000000000403629  Unknown               Unknown  Unknown
forrtl: severe (174): SIGSEGV, segmentation fault occurred
Image              PC                Routine            Line        Source             
delphi             0000000000457716  Unknown               Unknown  Unknown
delphi             0000000000452D50  Unknown               Unknown  Unknown
delphi             0000000000404315  Unknown               Unknown  Unknown
delphi             000000000040372C  Unknown               Unknown  Unknown
libc.so.6          00002B5641723830  Unknown               Unknown  Unknown
delphi             0000000000403629  Unknown               Unknown  Unknown
forrtl: severe (174): SIGSEGV, segmentation fault occurred
Image              PC                Routine            Line        Source             
delphi             0000000000458A9A  Unknown               Unknown  Unknown
delphi             0000000000452D50  Unknown               Unknown  Unknown
delphi             0000000000404315  Unknown               Unknown  Unknown
delphi             000000000040372C  Unknown               Unknown  Unknown
libc.so.6          00002B5ECCD2E830  Unknown               Unknown  Unknown
delphi             0000000000403629  Unknown               Unknown  Unknown
forrtl: severe (174): SIGSEGV, segmentation fault occurred
Image              PC                Routine            Line        Source             
delphi             0000000000457A7C  Unknown               Unknown  Unknown
delphi             0000000000452D50  Unknown               Unknown  Unknown
delphi             0000000000404315  Unknown               Unknown  Unknown
delphi             000000000040372C  Unknown               Unknown  Unknown
libc.so.6          00002AC964F78830  Unknown               Unknown  Unknown
delphi             0000000000403629  Unknown               Unknown  Unknown
forrtl: severe (174): SIGSEGV, segmentation fault occurred
Image              PC                Routine            Line        Source             
delphi             000000000045750C  Unknown               Unknown  Unknown
delphi             0000000000452D50  Unknown               Unknown  Unknown
delphi             0000000000404315  Unknown               Unknown  Unknown
delphi             000000000040372C  Unknown               Unknown  Unknown
libc.so.6          00002AF2F089B830  Unknown               Unknown  Unknown
delphi             0000000000403629  Unknown               Unknown  Unknown
forrtl: severe (174): SIGSEGV, segmentation fault occurred
Image              PC                Routine            Line        Source             
delphi             0000000000457839  Unknown               Unknown  Unknown
delphi             0000000000452D50  Unknown               Unknown  Unknown
delphi             0000000000404315  Unknown               Unknown  Unknown
delphi             000000000040372C  Unknown               Unknown  Unknown
libc.so.6          00002B134275F830  Unknown               Unknown  Unknown
delphi             0000000000403629  Unknown               Unknown  Unknown
forrtl: severe (174): SIGSEGV, segmentation fault occurred
Image              PC                Routine            Line        Source             
delphi             0000000000457839  Unknown               Unknown  Unknown
delphi             0000000000452D50  Unknown               Unknown  Unknown
delphi             0000000000404315  Unknown               Unknown  Unknown
delphi             000000000040372C  Unknown               Unknown  Unknown
libc.so.6          00002AC2C8996830  Unknown               Unknown  Unknown
delphi             0000000000403629  Unknown               Unknown  Unknown
forrtl: severe (174): SIGSEGV, segmentation fault occurred
Image              PC                Routine            Line        Source             
delphi             000000000045844C  Unknown               Unknown  Unknown
delphi             0000000000452D50  Unknown               Unknown  Unknown
delphi             0000000000404315  Unknown               Unknown  Unknown
delphi             000000000040372C  Unknown               Unknown  Unknown
libc.so.6          00002B87DB5E0830  Unknown               Unknown  Unknown
delphi             0000000000403629  Unknown               Unknown  Unknown
forrtl: severe (174): SIGSEGV, segmentation fault occurred
Image              PC                Routine            Line        Source             
delphi             0000000000457716  Unknown               Unknown  Unknown
delphi             0000000000452D50  Unknown               Unknown  Unknown
delphi             0000000000404315  Unknown               Unknown  Unknown
delphi             000000000040372C  Unknown               Unknown  Unknown
libc.so.6          00002B73B9B9D830  Unknown               Unknown  Unknown
delphi             0000000000403629  Unknown               Unknown  Unknown
forrtl: severe (174): SIGSEGV, segmentation fault occurred
Image              PC                Routine            Line        Source             
delphi             0000000000457839  Unknown               Unknown  Unknown
delphi             0000000000452D50  Unknown               Unknown  Unknown
delphi             0000000000404315  Unknown               Unknown  Unknown
delphi             000000000040372C  Unknown               Unknown  Unknown
libc.so.6          00002B2BB4279830  Unknown               Unknown  Unknown
delphi             0000000000403629  Unknown               Unknown  Unknown
forrtl: severe (174): SIGSEGV, segmentation fault occurred
Image              PC                Routine            Line        Source             
delphi             0000000000458A9A  Unknown               Unknown  Unknown
delphi             0000000000452D50  Unknown               Unknown  Unknown
delphi             0000000000404315  Unknown               Unknown  Unknown
delphi             000000000040372C  Unknown               Unknown  Unknown
libc.so.6          00002ACF57949830  Unknown               Unknown  Unknown
delphi             0000000000403629  Unknown               Unknown  Unknown
forrtl: severe (174): SIGSEGV, segmentation fault occurred
Image              PC                Routine            Line        Source             
delphi             0000000000457A7C  Unknown               Unknown  Unknown
delphi             0000000000452D50  Unknown               Unknown  Unknown
delphi             0000000000404315  Unknown               Unknown  Unknown
delphi             000000000040372C  Unknown               Unknown  Unknown
libc.so.6          00002AB610169830  Unknown               Unknown  Unknown
delphi             0000000000403629  Unknown               Unknown  Unknown
forrtl: severe (174): SIGSEGV, segmentation fault occurred
Image              PC                Routine            Line        Source             
delphi             000000000045750C  Unknown               Unknown  Unknown
delphi             0000000000452D50  Unknown               Unknown  Unknown
delphi             0000000000404315  Unknown               Unknown  Unknown
delphi             000000000040372C  Unknown               Unknown  Unknown
libc.so.6          00002B30E90B8830  Unknown               Unknown  Unknown
delphi             0000000000403629  Unknown               Unknown  Unknown
forrtl: severe (174): SIGSEGV, segmentation fault occurred
Image              PC                Routine            Line        Source             
delphi             0000000000457839  Unknown               Unknown  Unknown
delphi             0000000000452D50  Unknown               Unknown  Unknown
delphi             0000000000404315  Unknown               Unknown  Unknown
delphi             000000000040372C  Unknown               Unknown  Unknown
libc.so.6          00002B32F546B830  Unknown               Unknown  Unknown
delphi             0000000000403629  Unknown               Unknown  Unknown
forrtl: severe (174): SIGSEGV, segmentation fault occurred
Image              PC                Routine            Line        Source             
delphi             0000000000457A7C  Unknown               Unknown  Unknown
delphi             0000000000452D50  Unknown               Unknown  Unknown
delphi             0000000000404315  Unknown               Unknown  Unknown
delphi             000000000040372C  Unknown               Unknown  Unknown
libc.so.6          00002AC98AABE830  Unknown               Unknown  Unknown
delphi             0000000000403629  Unknown               Unknown  Unknown
forrtl: severe (174): SIGSEGV, segmentation fault occurred
Image              PC                Routine            Line        Source             
delphi             0000000000457F64  Unknown               Unknown  Unknown
delphi             0000000000452D50  Unknown               Unknown  Unknown
delphi             0000000000404315  Unknown               Unknown  Unknown
delphi             000000000040372C  Unknown               Unknown  Unknown
libc.so.6          00002B1ACE2A6830  Unknown               Unknown  Unknown
delphi             0000000000403629  Unknown               Unknown  Unknown
forrtl: severe (174): SIGSEGV, segmentation fault occurred
Image              PC                Routine            Line        Source             
delphi             0000000000457839  Unknown               Unknown  Unknown
delphi             0000000000452D50  Unknown               Unknown  Unknown
delphi             0000000000404315  Unknown               Unknown  Unknown
delphi             000000000040372C  Unknown               Unknown  Unknown
libc.so.6          00002B694FACC830  Unknown               Unknown  Unknown
delphi             0000000000403629  Unknown               Unknown  Unknown
forrtl: severe (174): SIGSEGV, segmentation fault occurred
Image              PC                Routine            Line        Source             
delphi             0000000000457A7C  Unknown               Unknown  Unknown
delphi             0000000000452D50  Unknown               Unknown  Unknown
delphi             0000000000404315  Unknown               Unknown  Unknown
delphi             000000000040372C  Unknown               Unknown  Unknown
libc.so.6          00002B8D0763E830  Unknown               Unknown  Unknown
delphi             0000000000403629  Unknown               Unknown  Unknown
forrtl: severe (174): SIGSEGV, segmentation fault occurred
Image              PC                Routine            Line        Source             
delphi             0000000000457603  Unknown               Unknown  Unknown
delphi             0000000000452D50  Unknown               Unknown  Unknown
delphi             0000000000404315  Unknown               Unknown  Unknown
delphi             000000000040372C  Unknown               Unknown  Unknown
libc.so.6          00002B63D40CF830  Unknown               Unknown  Unknown
delphi             0000000000403629  Unknown               Unknown  Unknown
forrtl: severe (174): SIGSEGV, segmentation fault occurred
Image              PC                Routine            Line        Source             
delphi             0000000000457839  Unknown               Unknown  Unknown
delphi             0000000000452D50  Unknown               Unknown  Unknown
delphi             0000000000404315  Unknown               Unknown  Unknown
delphi             000000000040372C  Unknown               Unknown  Unknown
libc.so.6          00002AD33617D830  Unknown               Unknown  Unknown
delphi             0000000000403629  Unknown               Unknown  Unknown
forrtl: severe (174): SIGSEGV, segmentation fault occurred
Image              PC                Routine            Line        Source             
delphi             0000000000458A9A  Unknown               Unknown  Unknown
delphi             0000000000452D50  Unknown               Unknown  Unknown
delphi             0000000000404315  Unknown               Unknown  Unknown
delphi             000000000040372C  Unknown               Unknown  Unknown
libc.so.6          00002B133CBB3830  Unknown               Unknown  Unknown
delphi             0000000000403629  Unknown               Unknown  Unknown
forrtl: severe (174): SIGSEGV, segmentation fault occurred
Image              PC                Routine            Line        Source             
delphi             0000000000457839  Unknown               Unknown  Unknown
delphi             0000000000452D50  Unknown               Unknown  Unknown
delphi             0000000000404315  Unknown               Unknown  Unknown
delphi             000000000040372C  Unknown               Unknown  Unknown
libc.so.6          00002B00B6167830  Unknown               Unknown  Unknown
delphi             0000000000403629  Unknown               Unknown  Unknown
forrtl: severe (174): SIGSEGV, segmentation fault occurred
Image              PC                Routine            Line        Source             
delphi             0000000000458A9A  Unknown               Unknown  Unknown
delphi             0000000000452D50  Unknown               Unknown  Unknown
delphi             0000000000404315  Unknown               Unknown  Unknown
delphi             000000000040372C  Unknown               Unknown  Unknown
libc.so.6          00002B04BA50F830  Unknown               Unknown  Unknown
delphi             0000000000403629  Unknown               Unknown  Unknown
forrtl: severe (174): SIGSEGV, segmentation fault occurred
Image              PC                Routine            Line        Source             
delphi             0000000000458312  Unknown               Unknown  Unknown
delphi             0000000000452D50  Unknown               Unknown  Unknown
delphi             0000000000404315  Unknown               Unknown  Unknown
delphi             000000000040372C  Unknown               Unknown  Unknown
libc.so.6          00002B8A8CB1C830  Unknown               Unknown  Unknown
delphi             0000000000403629  Unknown               Unknown  Unknown
forrtl: severe (174): SIGSEGV, segmentation fault occurred
Image              PC                Routine            Line        Source             
delphi             00000000004581D8  Unknown               Unknown  Unknown
delphi             0000000000452D50  Unknown               Unknown  Unknown
delphi             0000000000404315  Unknown               Unknown  Unknown
delphi             000000000040372C  Unknown               Unknown  Unknown
libc.so.6          00002AB9695D5830  Unknown               Unknown  Unknown
delphi             0000000000403629  Unknown               Unknown  Unknown
forrtl: severe (174): SIGSEGV, segmentation fault occurred
Image              PC                Routine            Line        Source             
delphi             0000000000457839  Unknown               Unknown  Unknown
delphi             0000000000452D50  Unknown               Unknown  Unknown
delphi             0000000000404315  Unknown               Unknown  Unknown
delphi             000000000040372C  Unknown               Unknown  Unknown
libc.so.6          00002AE0D366C830  Unknown               Unknown  Unknown
delphi             0000000000403629  Unknown               Unknown  Unknown
forrtl: severe (174): SIGSEGV, segmentation fault occurred
Image              PC                Routine            Line        Source             
delphi             0000000000457839  Unknown               Unknown  Unknown
delphi             0000000000452D50  Unknown               Unknown  Unknown
delphi             0000000000404315  Unknown               Unknown  Unknown
delphi             000000000040372C  Unknown               Unknown  Unknown
libc.so.6          00002AFC95395830  Unknown               Unknown  Unknown
delphi             0000000000403629  Unknown               Unknown  Unknown
forrtl: severe (174): SIGSEGV, segmentation fault occurred
Image              PC                Routine            Line        Source             
delphi             0000000000457A7C  Unknown               Unknown  Unknown
delphi             0000000000452D50  Unknown               Unknown  Unknown
delphi             0000000000404315  Unknown               Unknown  Unknown
delphi             000000000040372C  Unknown               Unknown  Unknown
libc.so.6          00002B09949BF830  Unknown               Unknown  Unknown
delphi             0000000000403629  Unknown               Unknown  Unknown
forrtl: severe (174): SIGSEGV, segmentation fault occurred
Image              PC                Routine            Line        Source             
delphi             000000000045750C  Unknown               Unknown  Unknown
delphi             0000000000452D50  Unknown               Unknown  Unknown
delphi             0000000000404315  Unknown               Unknown  Unknown
delphi             000000000040372C  Unknown               Unknown  Unknown
libc.so.6          00002AB79CA3F830  Unknown               Unknown  Unknown
delphi             0000000000403629  Unknown               Unknown  Unknown
forrtl: severe (174): SIGSEGV, segmentation fault occurred
Image              PC                Routine            Line        Source             
delphi             00000000004592EE  Unknown               Unknown  Unknown
delphi             0000000000452D50  Unknown               Unknown  Unknown
delphi             0000000000404315  Unknown               Unknown  Unknown
delphi             000000000040372C  Unknown               Unknown  Unknown
libc.so.6          00002B33A8787830  Unknown               Unknown  Unknown
delphi             0000000000403629  Unknown               Unknown  Unknown
forrtl: severe (174): SIGSEGV, segmentation fault occurred
Image              PC                Routine            Line        Source             
delphi             0000000000457716  Unknown               Unknown  Unknown
delphi             0000000000452D50  Unknown               Unknown  Unknown
delphi             0000000000404315  Unknown               Unknown  Unknown
delphi             000000000040372C  Unknown               Unknown  Unknown
libc.so.6          00002B21DA0C1830  Unknown               Unknown  Unknown
delphi             0000000000403629  Unknown               Unknown  Unknown
forrtl: severe (174): SIGSEGV, segmentation fault occurred
Image              PC                Routine            Line        Source             
delphi             0000000000458934  Unknown               Unknown  Unknown
delphi             0000000000452D50  Unknown               Unknown  Unknown
delphi             0000000000404315  Unknown               Unknown  Unknown
delphi             000000000040372C  Unknown               Unknown  Unknown
libc.so.6          00002B718AF97830  Unknown               Unknown  Unknown
delphi             0000000000403629  Unknown               Unknown  Unknown
forrtl: severe (174): SIGSEGV, segmentation fault occurred
Image              PC                Routine            Line        Source             
delphi             0000000000458934  Unknown               Unknown  Unknown
delphi             0000000000452D50  Unknown               Unknown  Unknown
delphi             0000000000404315  Unknown               Unknown  Unknown
delphi             000000000040372C  Unknown               Unknown  Unknown
libc.so.6          00002ACD47BFA830  Unknown               Unknown  Unknown
delphi             0000000000403629  Unknown               Unknown  Unknown
forrtl: severe (174): SIGSEGV, segmentation fault occurred
Image              PC                Routine            Line        Source             
delphi             0000000000458312  Unknown               Unknown  Unknown
delphi             0000000000452D50  Unknown               Unknown  Unknown
delphi             0000000000404315  Unknown               Unknown  Unknown
delphi             000000000040372C  Unknown               Unknown  Unknown
libc.so.6          00002B6ED2F0C830  Unknown               Unknown  Unknown
delphi             0000000000403629  Unknown               Unknown  Unknown
forrtl: severe (174): SIGSEGV, segmentation fault occurred
Image              PC                Routine            Line        Source             
delphi             0000000000458A9A  Unknown               Unknown  Unknown
delphi             0000000000452D50  Unknown               Unknown  Unknown
delphi             0000000000404315  Unknown               Unknown  Unknown
delphi             000000000040372C  Unknown               Unknown  Unknown
libc.so.6          00002ABFB9D42830  Unknown               Unknown  Unknown
delphi             0000000000403629  Unknown               Unknown  Unknown
forrtl: severe (174): SIGSEGV, segmentation fault occurred
Image              PC                Routine            Line        Source             
delphi             0000000000457839  Unknown               Unknown  Unknown
delphi             0000000000452D50  Unknown               Unknown  Unknown
delphi             0000000000404315  Unknown               Unknown  Unknown
delphi             000000000040372C  Unknown               Unknown  Unknown
libc.so.6          00002AC5E855A830  Unknown               Unknown  Unknown
delphi             0000000000403629  Unknown               Unknown  Unknown
forrtl: severe (174): SIGSEGV, segmentation fault occurred
Image              PC                Routine            Line        Source             
delphi             0000000000457A7C  Unknown               Unknown  Unknown
delphi             0000000000452D50  Unknown               Unknown  Unknown
delphi             0000000000404315  Unknown               Unknown  Unknown
delphi             000000000040372C  Unknown               Unknown  Unknown
libc.so.6          00002ADB4BF4C830  Unknown               Unknown  Unknown
delphi             0000000000403629  Unknown               Unknown  Unknown
forrtl: severe (174): SIGSEGV, segmentation fault occurred
Image              PC                Routine            Line        Source             
delphi             0000000000457839  Unknown               Unknown  Unknown
delphi             0000000000452D50  Unknown               Unknown  Unknown
delphi             0000000000404315  Unknown               Unknown  Unknown
delphi             000000000040372C  Unknown               Unknown  Unknown
libc.so.6          00002B46E22EC830  Unknown               Unknown  Unknown
delphi             0000000000403629  Unknown               Unknown  Unknown
forrtl: severe (174): SIGSEGV, segmentation fault occurred
Image              PC                Routine            Line        Source             
delphi             0000000000457839  Unknown               Unknown  Unknown
delphi             0000000000452D50  Unknown               Unknown  Unknown
delphi             0000000000404315  Unknown               Unknown  Unknown
delphi             000000000040372C  Unknown               Unknown  Unknown
libc.so.6          00002AF0FEB0D830  Unknown               Unknown  Unknown
delphi             0000000000403629  Unknown               Unknown  Unknown
forrtl: severe (174): SIGSEGV, segmentation fault occurred
Image              PC                Routine            Line        Source             
delphi             0000000000457839  Unknown               Unknown  Unknown
delphi             0000000000452D50  Unknown               Unknown  Unknown
delphi             0000000000404315  Unknown               Unknown  Unknown
delphi             000000000040372C  Unknown               Unknown  Unknown
libc.so.6          00002B34F3D6B830  Unknown               Unknown  Unknown
delphi             0000000000403629  Unknown               Unknown  Unknown
forrtl: severe (174): SIGSEGV, segmentation fault occurred
Image              PC                Routine            Line        Source             
delphi             0000000000457716  Unknown               Unknown  Unknown
delphi             0000000000452D50  Unknown               Unknown  Unknown
delphi             0000000000404315  Unknown               Unknown  Unknown
delphi             000000000040372C  Unknown               Unknown  Unknown
libc.so.6          00002AC679FD7830  Unknown               Unknown  Unknown
delphi             0000000000403629  Unknown               Unknown  Unknown
forrtl: severe (174): SIGSEGV, segmentation fault occurred
Image              PC                Routine            Line        Source             
delphi             0000000000457839  Unknown               Unknown  Unknown
delphi             0000000000452D50  Unknown               Unknown  Unknown
delphi             0000000000404315  Unknown               Unknown  Unknown
delphi             000000000040372C  Unknown               Unknown  Unknown
libc.so.6          00002B5B4C5EB830  Unknown               Unknown  Unknown
delphi             0000000000403629  Unknown               Unknown  Unknown
forrtl: severe (174): SIGSEGV, segmentation fault occurred
Image              PC                Routine            Line        Source             
delphi             0000000000457BB6  Unknown               Unknown  Unknown
delphi             0000000000452D50  Unknown               Unknown  Unknown
delphi             0000000000404315  Unknown               Unknown  Unknown
delphi             000000000040372C  Unknown               Unknown  Unknown
libc.so.6          00002ADA78FAA830  Unknown               Unknown  Unknown
delphi             0000000000403629  Unknown               Unknown  Unknown
forrtl: severe (174): SIGSEGV, segmentation fault occurred
Image              PC                Routine            Line        Source             
delphi             0000000000457A7C  Unknown               Unknown  Unknown
delphi             0000000000452D50  Unknown               Unknown  Unknown
delphi             0000000000404315  Unknown               Unknown  Unknown
delphi             000000000040372C  Unknown               Unknown  Unknown
libc.so.6          00002AD86C031830  Unknown               Unknown  Unknown
delphi             0000000000403629  Unknown               Unknown  Unknown
forrtl: severe (174): SIGSEGV, segmentation fault occurred
Image              PC                Routine            Line        Source             
delphi             0000000000457A7C  Unknown               Unknown  Unknown
delphi             0000000000452D50  Unknown               Unknown  Unknown
delphi             0000000000404315  Unknown               Unknown  Unknown
delphi             000000000040372C  Unknown               Unknown  Unknown
libc.so.6          00002AC653EA4830  Unknown               Unknown  Unknown
delphi             0000000000403629  Unknown               Unknown  Unknown
forrtl: severe (174): SIGSEGV, segmentation fault occurred
Image              PC                Routine            Line        Source             
delphi             0000000000457839  Unknown               Unknown  Unknown
delphi             0000000000452D50  Unknown               Unknown  Unknown
delphi             0000000000404315  Unknown               Unknown  Unknown
delphi             000000000040372C  Unknown               Unknown  Unknown
libc.so.6          00002AAC5AE6C830  Unknown               Unknown  Unknown
delphi             0000000000403629  Unknown               Unknown  Unknown
forrtl: severe (174): SIGSEGV, segmentation fault occurred
Image              PC                Routine            Line        Source             
delphi             0000000000457839  Unknown               Unknown  Unknown
delphi             0000000000452D50  Unknown               Unknown  Unknown
delphi             0000000000404315  Unknown               Unknown  Unknown
delphi             000000000040372C  Unknown               Unknown  Unknown
libc.so.6          00002B4DBA0D3830  Unknown               Unknown  Unknown
delphi             0000000000403629  Unknown               Unknown  Unknown
forrtl: severe (174): SIGSEGV, segmentation fault occurred
Image              PC                Routine            Line        Source             
delphi             0000000000457A7C  Unknown               Unknown  Unknown
delphi             0000000000452D50  Unknown               Unknown  Unknown
delphi             0000000000404315  Unknown               Unknown  Unknown
delphi             000000000040372C  Unknown               Unknown  Unknown
libc.so.6          00002B2AE4363830  Unknown               Unknown  Unknown
delphi             0000000000403629  Unknown               Unknown  Unknown
forrtl: severe (174): SIGSEGV, segmentation fault occurred
Image              PC                Routine            Line        Source             
delphi             000000000045795C  Unknown               Unknown  Unknown
delphi             0000000000452D50  Unknown               Unknown  Unknown
delphi             0000000000404315  Unknown               Unknown  Unknown
delphi             000000000040372C  Unknown               Unknown  Unknown
libc.so.6          00002AF7AB262830  Unknown               Unknown  Unknown
delphi             0000000000403629  Unknown               Unknown  Unknown
forrtl: severe (174): SIGSEGV, segmentation fault occurred
Image              PC                Routine            Line        Source             
delphi             0000000000458A9A  Unknown               Unknown  Unknown
delphi             0000000000452D50  Unknown               Unknown  Unknown
delphi             0000000000404315  Unknown               Unknown  Unknown
delphi             000000000040372C  Unknown               Unknown  Unknown
libc.so.6          00002AB0ACF8B830  Unknown               Unknown  Unknown
delphi             0000000000403629  Unknown               Unknown  Unknown
forrtl: severe (174): SIGSEGV, segmentation fault occurred
Image              PC                Routine            Line        Source             
delphi             0000000000457839  Unknown               Unknown  Unknown
delphi             0000000000452D50  Unknown               Unknown  Unknown
delphi             0000000000404315  Unknown               Unknown  Unknown
delphi             000000000040372C  Unknown               Unknown  Unknown
libc.so.6          00002B35646B6830  Unknown               Unknown  Unknown
delphi             0000000000403629  Unknown               Unknown  Unknown
forrtl: severe (174): SIGSEGV, segmentation fault occurred
Image              PC                Routine            Line        Source             
delphi             000000000045750C  Unknown               Unknown  Unknown
delphi             0000000000452D50  Unknown               Unknown  Unknown
delphi             0000000000404315  Unknown               Unknown  Unknown
delphi             000000000040372C  Unknown               Unknown  Unknown
libc.so.6          00002B8799D95830  Unknown               Unknown  Unknown
delphi             0000000000403629  Unknown               Unknown  Unknown
forrtl: severe (174): SIGSEGV, segmentation fault occurred
Image              PC                Routine            Line        Source             
delphi             0000000000457839  Unknown               Unknown  Unknown
delphi             0000000000452D50  Unknown               Unknown  Unknown
delphi             0000000000404315  Unknown               Unknown  Unknown
delphi             000000000040372C  Unknown               Unknown  Unknown
libc.so.6          00002B28B9AB8830  Unknown               Unknown  Unknown
delphi             0000000000403629  Unknown               Unknown  Unknown
forrtl: severe (174): SIGSEGV, segmentation fault occurred
Image              PC                Routine            Line        Source             
delphi             0000000000457839  Unknown               Unknown  Unknown
delphi             0000000000452D50  Unknown               Unknown  Unknown
delphi             0000000000404315  Unknown               Unknown  Unknown
delphi             000000000040372C  Unknown               Unknown  Unknown
libc.so.6          00002B00CDEA0830  Unknown               Unknown  Unknown
delphi             0000000000403629  Unknown               Unknown  Unknown
forrtl: severe (174): SIGSEGV, segmentation fault occurred
Image              PC                Routine            Line        Source             
delphi             0000000000457F64  Unknown               Unknown  Unknown
delphi             0000000000452D50  Unknown               Unknown  Unknown
delphi             0000000000404315  Unknown               Unknown  Unknown
delphi             000000000040372C  Unknown               Unknown  Unknown
libc.so.6          00002AECB53B7830  Unknown               Unknown  Unknown
delphi             0000000000403629  Unknown               Unknown  Unknown
forrtl: severe (174): SIGSEGV, segmentation fault occurred
Image              PC                Routine            Line        Source             
delphi             0000000000457A7C  Unknown               Unknown  Unknown
delphi             0000000000452D50  Unknown               Unknown  Unknown
delphi             0000000000404315  Unknown               Unknown  Unknown
delphi             000000000040372C  Unknown               Unknown  Unknown
libc.so.6          00002AC5A7C32830  Unknown               Unknown  Unknown
delphi             0000000000403629  Unknown               Unknown  Unknown
forrtl: severe (174): SIGSEGV, segmentation fault occurred
Image              PC                Routine            Line        Source             
delphi             0000000000457716  Unknown               Unknown  Unknown
delphi             0000000000452D50  Unknown               Unknown  Unknown
delphi             0000000000404315  Unknown               Unknown  Unknown
delphi             000000000040372C  Unknown               Unknown  Unknown
libc.so.6          00002AF9AEF8C830  Unknown               Unknown  Unknown
delphi             0000000000403629  Unknown               Unknown  Unknown
forrtl: severe (174): SIGSEGV, segmentation fault occurred
Image              PC                Routine            Line        Source             
delphi             0000000000457716  Unknown               Unknown  Unknown
delphi             0000000000452D50  Unknown               Unknown  Unknown
delphi             0000000000404315  Unknown               Unknown  Unknown
delphi             000000000040372C  Unknown               Unknown  Unknown
libc.so.6          00002AAE8EF96830  Unknown               Unknown  Unknown
delphi             0000000000403629  Unknown               Unknown  Unknown
forrtl: severe (174): SIGSEGV, segmentation fault occurred
Image              PC                Routine            Line        Source             
delphi             0000000000457839  Unknown               Unknown  Unknown
delphi             0000000000452D50  Unknown               Unknown  Unknown
delphi             0000000000404315  Unknown               Unknown  Unknown
delphi             000000000040372C  Unknown               Unknown  Unknown
libc.so.6          00002AC3CD837830  Unknown               Unknown  Unknown
delphi             0000000000403629  Unknown               Unknown  Unknown
forrtl: severe (174): SIGSEGV, segmentation fault occurred
Image              PC                Routine            Line        Source             
delphi             0000000000457716  Unknown               Unknown  Unknown
delphi             0000000000452D50  Unknown               Unknown  Unknown
delphi             0000000000404315  Unknown               Unknown  Unknown
delphi             000000000040372C  Unknown               Unknown  Unknown
libc.so.6          00002B4BA9571830  Unknown               Unknown  Unknown
delphi             0000000000403629  Unknown               Unknown  Unknown
forrtl: severe (174): SIGSEGV, segmentation fault occurred
Image              PC                Routine            Line        Source             
delphi             0000000000457839  Unknown               Unknown  Unknown
delphi             0000000000452D50  Unknown               Unknown  Unknown
delphi             0000000000404315  Unknown               Unknown  Unknown
delphi             000000000040372C  Unknown               Unknown  Unknown
libc.so.6          00002ABBD361B830  Unknown               Unknown  Unknown
delphi             0000000000403629  Unknown               Unknown  Unknown
forrtl: severe (174): SIGSEGV, segmentation fault occurred
Image              PC                Routine            Line        Source             
delphi             0000000000457839  Unknown               Unknown  Unknown
delphi             0000000000452D50  Unknown               Unknown  Unknown
delphi             0000000000404315  Unknown               Unknown  Unknown
delphi             000000000040372C  Unknown               Unknown  Unknown
libc.so.6          00002ACA72E67830  Unknown               Unknown  Unknown
delphi             0000000000403629  Unknown               Unknown  Unknown
forrtl: severe (174): SIGSEGV, segmentation fault occurred
Image              PC                Routine            Line        Source             
delphi             0000000000457603  Unknown               Unknown  Unknown
delphi             0000000000452D50  Unknown               Unknown  Unknown
delphi             0000000000404315  Unknown               Unknown  Unknown
delphi             000000000040372C  Unknown               Unknown  Unknown
libc.so.6          00002B39E9D2E830  Unknown               Unknown  Unknown
delphi             0000000000403629  Unknown               Unknown  Unknown
forrtl: severe (174): SIGSEGV, segmentation fault occurred
Image              PC                Routine            Line        Source             
delphi             0000000000458A9A  Unknown               Unknown  Unknown
delphi             0000000000452D50  Unknown               Unknown  Unknown
delphi             0000000000404315  Unknown               Unknown  Unknown
delphi             000000000040372C  Unknown               Unknown  Unknown
libc.so.6          00002AC5D00FE830  Unknown               Unknown  Unknown
delphi             0000000000403629  Unknown               Unknown  Unknown
forrtl: severe (174): SIGSEGV, segmentation fault occurred
Image              PC                Routine            Line        Source             
delphi             0000000000458A9A  Unknown               Unknown  Unknown
delphi             0000000000452D50  Unknown               Unknown  Unknown
delphi             0000000000404315  Unknown               Unknown  Unknown
delphi             000000000040372C  Unknown               Unknown  Unknown
libc.so.6          00002B38DAF08830  Unknown               Unknown  Unknown
delphi             0000000000403629  Unknown               Unknown  Unknown
forrtl: severe (174): SIGSEGV, segmentation fault occurred
Image              PC                Routine            Line        Source             
delphi             0000000000458A9A  Unknown               Unknown  Unknown
delphi             0000000000452D50  Unknown               Unknown  Unknown
delphi             0000000000404315  Unknown               Unknown  Unknown
delphi             000000000040372C  Unknown               Unknown  Unknown
libc.so.6          00002AECEF45D830  Unknown               Unknown  Unknown
delphi             0000000000403629  Unknown               Unknown  Unknown
forrtl: severe (174): SIGSEGV, segmentation fault occurred
Image              PC                Routine            Line        Source             
delphi             0000000000457716  Unknown               Unknown  Unknown
delphi             0000000000452D50  Unknown               Unknown  Unknown
delphi             0000000000404315  Unknown               Unknown  Unknown
delphi             000000000040372C  Unknown               Unknown  Unknown
libc.so.6          00002ADE64BCA830  Unknown               Unknown  Unknown
delphi             0000000000403629  Unknown               Unknown  Unknown
forrtl: severe (174): SIGSEGV, segmentation fault occurred
Image              PC                Routine            Line        Source             
delphi             0000000000457F64  Unknown               Unknown  Unknown
delphi             0000000000452D50  Unknown               Unknown  Unknown
delphi             0000000000404315  Unknown               Unknown  Unknown
delphi             000000000040372C  Unknown               Unknown  Unknown
libc.so.6          00002AC2AEF4B830  Unknown               Unknown  Unknown
delphi             0000000000403629  Unknown               Unknown  Unknown
forrtl: severe (174): SIGSEGV, segmentation fault occurred
Image              PC                Routine            Line        Source             
delphi             00000000004592EE  Unknown               Unknown  Unknown
delphi             0000000000452D50  Unknown               Unknown  Unknown
delphi             0000000000404315  Unknown               Unknown  Unknown
delphi             000000000040372C  Unknown               Unknown  Unknown
libc.so.6          00002AEE14D04830  Unknown               Unknown  Unknown
delphi             0000000000403629  Unknown               Unknown  Unknown
forrtl: severe (174): SIGSEGV, segmentation fault occurred
Image              PC                Routine            Line        Source             
delphi             000000000045D24C  Unknown               Unknown  Unknown
delphi             000000000045ABEC  Unknown               Unknown  Unknown
delphi             0000000000452D50  Unknown               Unknown  Unknown
delphi             0000000000404315  Unknown               Unknown  Unknown
delphi             000000000040372C  Unknown               Unknown  Unknown
libc.so.6          00002AC2D7560830  Unknown               Unknown  Unknown
delphi             0000000000403629  Unknown               Unknown  Unknown
forrtl: severe (174): SIGSEGV, segmentation fault occurred
Image              PC                Routine            Line        Source             
delphi             000000000045D24C  Unknown               Unknown  Unknown
delphi             000000000045ABEC  Unknown               Unknown  Unknown
delphi             0000000000452D50  Unknown               Unknown  Unknown
delphi             0000000000404315  Unknown               Unknown  Unknown
delphi             000000000040372C  Unknown               Unknown  Unknown
libc.so.6          00002B172B5C5830  Unknown               Unknown  Unknown
delphi             0000000000403629  Unknown               Unknown  Unknown
forrtl: severe (174): SIGSEGV, segmentation fault occurred
Image              PC                Routine            Line        Source             
delphi             000000000045D24C  Unknown               Unknown  Unknown
delphi             000000000045ABEC  Unknown               Unknown  Unknown
delphi             0000000000452D50  Unknown               Unknown  Unknown
delphi             0000000000404315  Unknown               Unknown  Unknown
delphi             000000000040372C  Unknown               Unknown  Unknown
libc.so.6          00002B89268CD830  Unknown               Unknown  Unknown
delphi             0000000000403629  Unknown               Unknown  Unknown
forrtl: severe (174): SIGSEGV, segmentation fault occurred
Image              PC                Routine            Line        Source             
delphi             000000000045D24C  Unknown               Unknown  Unknown
delphi             000000000045ABEC  Unknown               Unknown  Unknown
delphi             0000000000452D50  Unknown               Unknown  Unknown
delphi             0000000000404315  Unknown               Unknown  Unknown
delphi             000000000040372C  Unknown               Unknown  Unknown
libc.so.6          00002AD2DD24E830  Unknown               Unknown  Unknown
delphi             0000000000403629  Unknown               Unknown  Unknown
forrtl: severe (174): SIGSEGV, segmentation fault occurred
Image              PC                Routine            Line        Source             
delphi             000000000045D24C  Unknown               Unknown  Unknown
delphi             000000000045ABEC  Unknown               Unknown  Unknown
delphi             0000000000452D50  Unknown               Unknown  Unknown
delphi             0000000000404315  Unknown               Unknown  Unknown
delphi             000000000040372C  Unknown               Unknown  Unknown
libc.so.6          00002B60015D1830  Unknown               Unknown  Unknown
delphi             0000000000403629  Unknown               Unknown  Unknown
forrtl: severe (174): SIGSEGV, segmentation fault occurred
Image              PC                Routine            Line        Source             
delphi             000000000045D24C  Unknown               Unknown  Unknown
delphi             000000000045ABEC  Unknown               Unknown  Unknown
delphi             0000000000452D50  Unknown               Unknown  Unknown
delphi             0000000000404315  Unknown               Unknown  Unknown
delphi             000000000040372C  Unknown               Unknown  Unknown
libc.so.6          00002AC29F80C830  Unknown               Unknown  Unknown
delphi             0000000000403629  Unknown               Unknown  Unknown
forrtl: severe (174): SIGSEGV, segmentation fault occurred
Image              PC                Routine            Line        Source             
delphi             000000000045D24C  Unknown               Unknown  Unknown
delphi             000000000045ABEC  Unknown               Unknown  Unknown
delphi             0000000000452D50  Unknown               Unknown  Unknown
delphi             0000000000404315  Unknown               Unknown  Unknown
delphi             000000000040372C  Unknown               Unknown  Unknown
libc.so.6          00002AE8B6A83830  Unknown               Unknown  Unknown
delphi             0000000000403629  Unknown               Unknown  Unknown
forrtl: severe (174): SIGSEGV, segmentation fault occurred
Image              PC                Routine            Line        Source             
delphi             000000000045D24C  Unknown               Unknown  Unknown
delphi             000000000045ABEC  Unknown               Unknown  Unknown
delphi             0000000000452D50  Unknown               Unknown  Unknown
delphi             0000000000404315  Unknown               Unknown  Unknown
delphi             000000000040372C  Unknown               Unknown  Unknown
libc.so.6          00002B342FFB3830  Unknown               Unknown  Unknown
delphi             0000000000403629  Unknown               Unknown  Unknown
forrtl: severe (174): SIGSEGV, segmentation fault occurred
Image              PC                Routine            Line        Source             
delphi             000000000045D24C  Unknown               Unknown  Unknown
delphi             000000000045ABEC  Unknown               Unknown  Unknown
delphi             0000000000452D50  Unknown               Unknown  Unknown
delphi             0000000000404315  Unknown               Unknown  Unknown
delphi             000000000040372C  Unknown               Unknown  Unknown
libc.so.6          00002B160C08A830  Unknown               Unknown  Unknown
delphi             0000000000403629  Unknown               Unknown  Unknown
forrtl: severe (174): SIGSEGV, segmentation fault occurred
Image              PC                Routine            Line        Source             
delphi             000000000045D24C  Unknown               Unknown  Unknown
delphi             000000000045ABEC  Unknown               Unknown  Unknown
delphi             0000000000452D50  Unknown               Unknown  Unknown
delphi             0000000000404315  Unknown               Unknown  Unknown
delphi             000000000040372C  Unknown               Unknown  Unknown
libc.so.6          00002B84EEA27830  Unknown               Unknown  Unknown
delphi             0000000000403629  Unknown               Unknown  Unknown
forrtl: severe (174): SIGSEGV, segmentation fault occurred
Image              PC                Routine            Line        Source             
delphi             0000000000458BAC  Unknown               Unknown  Unknown
delphi             0000000000452D50  Unknown               Unknown  Unknown
delphi             0000000000404315  Unknown               Unknown  Unknown
delphi             000000000040372C  Unknown               Unknown  Unknown
libc.so.6          00002AE7D0667830  Unknown               Unknown  Unknown
delphi             0000000000403629  Unknown               Unknown  Unknown
forrtl: severe (174): SIGSEGV, segmentation fault occurred
Image              PC                Routine            Line        Source             
delphi             000000000045D24C  Unknown               Unknown  Unknown
delphi             000000000045ABEC  Unknown               Unknown  Unknown
delphi             0000000000452D50  Unknown               Unknown  Unknown
delphi             0000000000404315  Unknown               Unknown  Unknown
delphi             000000000040372C  Unknown               Unknown  Unknown
libc.so.6          00002AD41DA05830  Unknown               Unknown  Unknown
delphi             0000000000403629  Unknown               Unknown  Unknown
forrtl: severe (174): SIGSEGV, segmentation fault occurred
Image              PC                Routine            Line        Source             
delphi             000000000045D24C  Unknown               Unknown  Unknown
delphi             000000000045ABEC  Unknown               Unknown  Unknown
delphi             0000000000452D50  Unknown               Unknown  Unknown
delphi             0000000000404315  Unknown               Unknown  Unknown
delphi             000000000040372C  Unknown               Unknown  Unknown
libc.so.6          00002AB79BF22830  Unknown               Unknown  Unknown
delphi             0000000000403629  Unknown               Unknown  Unknown
forrtl: severe (174): SIGSEGV, segmentation fault occurred
Image              PC                Routine            Line        Source             
delphi             000000000045D24C  Unknown               Unknown  Unknown
delphi             000000000045ABEC  Unknown               Unknown  Unknown
delphi             0000000000452D50  Unknown               Unknown  Unknown
delphi             0000000000404315  Unknown               Unknown  Unknown
delphi             000000000040372C  Unknown               Unknown  Unknown
libc.so.6          00002B46B6CF1830  Unknown               Unknown  Unknown
delphi             0000000000403629  Unknown               Unknown  Unknown
forrtl: severe (174): SIGSEGV, segmentation fault occurred
Image              PC                Routine            Line        Source             
delphi             000000000045D24C  Unknown               Unknown  Unknown
delphi             000000000045ABEC  Unknown               Unknown  Unknown
delphi             0000000000452D50  Unknown               Unknown  Unknown
delphi             0000000000404315  Unknown               Unknown  Unknown
delphi             000000000040372C  Unknown               Unknown  Unknown
libc.so.6          00002ACE51E7C830  Unknown               Unknown  Unknown
delphi             0000000000403629  Unknown               Unknown  Unknown
