   confID        vdw0    sas     sum
NTR01B3639_001  -0.003  -3.174  -3.177
NTR+1B3639_002  -0.005  -3.174  -3.179
THR01B3639_001   0.146  -4.065  -3.919
PRO01B3640_001   0.309  -3.430  -3.121
LEU01B3641_001   1.731  -9.938  -8.208
TYR01B3642_001   4.806 -10.496  -5.690
TYR01B3642_002   4.806 -10.496  -5.690
TYR-1B3642_003   4.806 -10.496  -5.690
ASN01B3643_001   0.434  -2.246  -1.812
ASN01B3643_002   0.181  -2.163  -1.982
LEU01B3644_001   1.825  -2.331  -0.506
PRO01B3645_001   0.252  -3.452  -3.200
THR01B3646_001   0.264  -7.142  -6.878
HIS01B3647_001  -0.170  -8.550  -8.720
HIS01B3647_002  -0.128  -8.302  -8.430
HIS02B3647_003  -0.188  -8.550  -8.738
HIS02B3647_004  -0.141  -8.302  -8.443
HIS+1B3647_005  -0.215  -8.550  -8.765
HIS+1B3647_006  -0.167  -8.302  -8.469
ARG01B3648_001   2.838  -8.067  -5.229
ARG02B3648_002   2.814  -8.067  -5.253
ARG03B3648_003   2.907  -8.067  -5.160
ARG+1B3648_004   2.775  -8.067  -5.292
ALA01B3649_001   0.000  -1.252  -1.252
CYS01B3650_001  -0.002  -3.811  -3.812
CYS01B3650_002  -0.002  -3.811  -3.812
CYS01B3650_003  -0.003  -3.811  -3.813
CYS-1B3650_004   0.000  -3.811  -3.811
ASN01B3651_001   0.426  -2.866  -2.440
ASN01B3651_002   0.192  -2.777  -2.585
MET01B3652_001   0.429  -5.853  -5.424
PHE01B3653_001   4.669  -8.444  -3.775
LEU01B3654_001   1.776  -6.967  -5.191
GLU01B3655_001   1.369  -3.230  -1.861
GLU01B3655_002   1.369  -3.230  -1.861
GLU02B3655_003   1.162  -3.140  -1.978
GLU02B3655_004   1.162  -3.140  -1.978
GLU-1B3655_005   1.058  -3.091  -2.033
SER01B3656_001   0.000  -3.280  -3.280
TYR01B3657_001   5.020  -5.678  -0.657
TYR-1B3657_002   5.020  -5.678  -0.657
LYS01B3658_001   3.438  -8.001  -4.563
LYS+1B3658_002   3.390  -8.001  -4.611
ALA01B3659_001   0.000  -4.977  -4.977
ALA01B3660_001   0.000  -2.576  -2.576
TRP01B3661_001   3.317  -4.747  -1.431
ILE01B3662_001   2.143  -9.868  -7.725
LEU01B3663_001   1.844  -5.286  -3.443
THR01B3664_001   0.196  -5.029  -4.832
GLU01B3665_001   1.530  -3.070  -1.540
GLU01B3665_002   1.530  -3.070  -1.540
GLU02B3665_003   1.299  -3.055  -1.756
GLU02B3665_004   1.299  -3.055  -1.756
GLU-1B3665_005   1.190  -2.978  -1.788
ASP01B3666_001   0.409  -1.988  -1.579
ASP01B3666_002   0.409  -1.988  -1.579
ASP02B3666_003   0.422  -1.830  -1.408
ASP02B3666_004   0.422  -1.830  -1.408
ASP-1B3666_005   0.336  -1.809  -1.473
HIS01B3667_001  -0.137  -4.497  -4.634
HIS01B3667_002  -0.076  -4.712  -4.788
HIS02B3667_003  -0.157  -4.497  -4.654
HIS02B3667_004  -0.088  -4.712  -4.800
HIS+1B3667_005  -0.184  -4.497  -4.681
HIS+1B3667_006  -0.115  -4.712  -4.827
SER01B3668_001   0.000  -3.286  -3.286
SER01B3668_002   0.000  -3.286  -3.286
PHE01B3669_001   4.800  -4.871  -0.071
GLU01B3670_001   0.716  -0.289   0.428
GLU01B3670_002   0.716  -0.289   0.428
GLU02B3670_003   0.623  -0.303   0.320
GLU02B3670_004   0.623  -0.303   0.320
GLU-1B3670_005   0.545  -0.289   0.257
ASP01B3671_001   0.150  -1.003  -0.853
ASP01B3671_002   0.150  -1.003  -0.853
ASP02B3671_003   0.243  -1.047  -0.804
ASP02B3671_004   0.243  -1.047  -0.804
ASP-1B3671_005   0.145  -0.999  -0.854
ARG01B3672_001   6.382 -10.677  -4.295
ARG02B3672_002   6.327 -10.677  -4.350
ARG03B3672_003   6.319 -10.677  -4.358
ARG+1B3672_004   6.278 -10.677  -4.398
MET01B3673_001   0.377  -4.361  -3.985
ILE01B3674_001   3.050  -0.052   2.998
ASP01B3675_001   0.255  -1.385  -1.130
ASP01B3675_002   0.255  -1.385  -1.130
ASP02B3675_003   0.351  -1.513  -1.163
ASP02B3675_004   0.351  -1.513  -1.163
ASP-1B3675_005   0.238  -1.473  -1.235
ASP01B3676_001   0.048  -1.674  -1.626
ASP01B3676_002   0.048  -1.674  -1.626
ASP02B3676_003   0.108  -1.763  -1.654
ASP02B3676_004   0.108  -1.763  -1.654
ASP-1B3676_005   0.043  -1.670  -1.627
LEU01B3677_001   2.457  -1.629   0.828
SER01B3678_001   0.000  -1.227  -1.227
SER01B3678_002   0.000  -1.227  -1.227
LYS01B3679_001   2.138  -7.127  -4.989
LYS+1B3679_002   2.056  -7.127  -5.071
ALA01B3680_001   0.000  -3.361  -3.361
GLU01B3682_001   0.499  -3.478  -2.979
GLU01B3682_002   0.499  -3.478  -2.979
GLU02B3682_003   0.665  -3.301  -2.635
GLU02B3682_004   0.665  -3.301  -2.635
GLU-1B3682_005   0.468  -3.277  -2.810
GLN01B3683_001   0.454  -1.063  -0.610
GLU01B3684_001   0.499  -3.858  -3.359
GLU01B3684_002   0.499  -3.858  -3.359
GLU02B3684_003   0.665  -3.811  -3.146
GLU02B3684_004   0.665  -3.811  -3.146
GLU-1B3684_005   0.468  -3.755  -3.288
GLU01B3685_001   0.500  -4.352  -3.852
GLU01B3685_002   0.500  -4.352  -3.852
GLU02B3685_003   0.667  -4.385  -3.718
GLU02B3685_004   0.667  -4.385  -3.718
GLU-1B3685_005   0.469  -4.328  -3.859
GLU01B3686_001   0.500  -2.732  -2.232
GLU01B3686_002   0.500  -2.732  -2.232
GLU02B3686_003   0.667  -2.764  -2.097
GLU02B3686_004   0.667  -2.764  -2.097
GLU-1B3686_005   0.469  -2.683  -2.214
GLU01B3687_001   0.498  -2.638  -2.140
GLU01B3687_002   0.498  -2.638  -2.140
GLU02B3687_003   0.664  -2.594  -1.930
GLU02B3687_004   0.664  -2.594  -1.930
GLU-1B3687_005   0.467  -2.515  -2.049
GLU01B3688_001   0.498  -4.296  -3.798
GLU01B3688_002   0.498  -4.296  -3.798
GLU02B3688_003   0.665  -4.354  -3.689
GLU02B3688_004   0.665  -4.354  -3.689
GLU-1B3688_005   0.467  -4.160  -3.693
GLU01B3689_001   0.499  -4.295  -3.796
GLU01B3689_002   0.499  -4.295  -3.796
GLU02B3689_003   0.666  -4.220  -3.555
GLU02B3689_004   0.666  -4.220  -3.555
GLU-1B3689_005   0.468  -4.091  -3.623
VAL01B3690_001   0.501  -2.524  -2.023
GLU01B3691_001   0.502  -4.391  -3.890
GLU01B3691_002   0.502  -4.391  -3.890
GLU02B3691_003   0.669  -4.326  -3.658
GLU02B3691_004   0.669  -4.326  -3.658
GLU-1B3691_005   0.470  -4.276  -3.806
GLU01B3692_001   0.498  -3.501  -3.002
GLU01B3692_002   0.498  -3.501  -3.002
GLU02B3692_003   0.665  -3.691  -3.026
GLU02B3692_004   0.665  -3.691  -3.026
GLU-1B3692_005   0.467  -3.488  -3.021
LYS01B3693_001   3.786  -7.464  -3.678
LYS+1B3693_002   3.692  -7.464  -3.772
LYS01B3694_001   1.126  -4.868  -3.742
LYS+1B3694_002   1.051  -4.868  -3.817
PRO01B3695_001   0.290  -2.152  -1.862
ASP01B3696_001   0.169  -0.564  -0.395
ASP01B3696_002   0.169  -0.564  -0.395
ASP02B3696_003   0.255  -0.641  -0.387
ASP02B3696_004   0.255  -0.641  -0.387
ASP-1B3696_005   0.159  -0.551  -0.393
PRO01B3697_001   0.287  -3.004  -2.717
LEU01B3698_001   1.883   0.000   1.883
HIS01B3699_001  -0.121  -2.190  -2.311
HIS02B3699_002  -0.140  -2.190  -2.330
HIS+1B3699_003  -0.167  -2.190  -2.357
GLN01B3700_001   1.324  -2.540  -1.216
GLN01B3700_002   2.225  -2.367  -0.143
LEU01B3701_001   2.959  -2.077   0.883
VAL01B3702_001   0.717  -0.103   0.614
LEU01B3703_001   1.360  -4.324  -2.964
HIS01B3704_001  -0.148  -7.674  -7.822
HIS01B3704_002  -0.109  -7.518  -7.628
HIS02B3704_003  -0.166  -7.674  -7.840
HIS02B3704_004  -0.123  -7.518  -7.641
HIS+1B3704_005  -0.193  -7.674  -7.867
HIS+1B3704_006  -0.149  -7.518  -7.668
PHE01B3705_001   5.059  -0.169   4.890
SER01B3706_001   0.000  -1.396  -1.396
SER01B3706_002   0.000  -1.396  -1.396
ARG01B3707_001   3.091 -11.181  -8.090
ARG02B3707_002   3.173 -11.181  -8.008
ARG03B3707_003   3.068 -11.181  -8.113
ARG+1B3707_004   3.028 -11.181  -8.153
THR01B3708_001   0.293  -2.635  -2.342
THR01B3708_002   0.293  -2.635  -2.342
ALA01B3709_001   0.000   0.000   0.000
LEU01B3710_001   1.623  -5.869  -4.246
THR01B3711_001   0.175  -4.811  -4.636
THR01B3711_002   0.175  -4.811  -4.636
GLU01B3712_001   3.841  -3.989  -0.148
GLU01B3712_002   3.841  -3.989  -0.148
GLU02B3712_003   3.154  -3.940  -0.786
GLU02B3712_004   3.154  -3.940  -0.786
GLU-1B3712_005   3.073  -3.922  -0.849
LYS01B3713_001   2.386  -4.256  -1.870
LYS+1B3713_002   2.334  -4.256  -1.922
SER01B3714_001   0.000  -5.210  -5.210
SER01B3714_002   0.000  -5.210  -5.210
LYS01B3715_001   2.603  -9.159  -6.556
LYS+1B3715_002   2.557  -9.159  -6.603
LEU01B3716_001   1.859  -0.737   1.122
ASP01B3717_001   0.171  -2.286  -2.115
ASP01B3717_002   0.171  -2.286  -2.115
ASP02B3717_003   0.255  -2.271  -2.017
ASP02B3717_004   0.255  -2.271  -2.017
ASP-1B3717_005   0.160  -2.235  -2.075
GLU01B3718_001   1.932  -2.924  -0.992
GLU01B3718_002   1.932  -2.924  -0.992
GLU02B3718_003   1.564  -2.963  -1.399
GLU02B3718_004   1.564  -2.963  -1.399
GLU-1B3718_005   1.487  -2.944  -1.458
ASP01B3719_001   0.045  -0.893  -0.849
ASP01B3719_002   0.045  -0.893  -0.849
ASP02B3719_003   0.105  -0.841  -0.736
ASP02B3719_004   0.105  -0.841  -0.736
ASP-1B3719_005   0.040  -0.861  -0.821
TYR01B3720_001   4.455 -12.127  -7.672
TYR-1B3720_002   4.455 -12.127  -7.672
LEU01B3721_001   4.710  -5.750  -1.040
TYR01B3722_001   4.883   0.000   4.883
TYR-1B3722_002   4.883   0.000   4.883
MET01B3723_001   0.409  -1.011  -0.603
ALA01B3724_001   0.000  -1.491  -1.491
TYR01B3725_001   4.797  -3.189   1.608
TYR01B3725_002   4.797  -3.189   1.608
TYR-1B3725_003   4.797  -3.189   1.608
ALA01B3726_001   0.000   0.000   0.000
ASP01B3727_001   0.079  -1.809  -1.731
ASP01B3727_002   0.079  -1.809  -1.731
ASP02B3727_003   0.153  -1.866  -1.713
ASP02B3727_004   0.153  -1.866  -1.713
ASP-1B3727_005   0.076  -1.792  -1.716
ILE01B3728_001   2.634  -0.876   1.758
MET01B3729_001   0.206  -0.071   0.135
ALA01B3730_001   0.000  -0.258  -0.258
LYS01B3731_001   4.792  -3.892   0.900
LYS+1B3731_002   4.701  -3.892   0.808
SER01B3732_001   0.000  -0.048  -0.048
SER01B3732_002   0.000  -0.048  -0.048
SER01B3732_003   0.000  -0.048  -0.048
CYS01B3733_001  -0.002   0.000  -0.002
CYS01B3733_002  -0.002   0.000  -0.002
CYS01B3733_003  -0.003   0.000  -0.003
CYS-1B3733_004   0.000   0.000   0.000
HIS01B3734_001  -0.353  -3.000  -3.353
HIS02B3734_002  -0.363  -3.000  -3.362
HIS+1B3734_003  -0.382  -3.000  -3.382
LEU01B3735_001   1.457  -1.458  -0.002
GLU01B3736_001   0.499  -0.280   0.219
GLU01B3736_002   0.499  -0.280   0.219
GLU02B3736_003   0.666  -0.292   0.374
GLU02B3736_004   0.666  -0.292   0.374
GLU-1B3736_005   0.468  -0.280   0.188
GLU01B3737_001   0.498  -1.009  -0.510
GLU01B3737_002   0.498  -1.009  -0.510
GLU02B3737_003   0.665  -0.977  -0.313
GLU02B3737_004   0.665  -0.977  -0.313
GLU-1B3737_005   0.467  -0.977  -0.510
GLU01B3740_001   0.498  -0.991  -0.494
GLU01B3740_002   0.498  -0.991  -0.494
GLU02B3740_003   0.664  -0.992  -0.328
GLU02B3740_004   0.664  -0.992  -0.328
GLU-1B3740_005   0.466  -0.956  -0.490
ASN01B3741_001  -0.020  -2.718  -2.737
CTR01B3741_001  -0.021  -4.653  -4.674
CTR01B3741_002   0.109  -4.537  -4.428
CTR02B3741_003  -0.022  -4.865  -4.887
CTR02B3741_004   0.043  -4.692  -4.649
CTR-1B3741_005   0.000  -4.653  -4.653
NTR01B3747_001  -0.003  -3.943  -3.946
NTR+1B3747_002  -0.005  -3.943  -3.948
GLU01B3747_001   0.497  -4.730  -4.233
GLU01B3747_002   0.497  -4.730  -4.233
GLU02B3747_003   0.663  -4.545  -3.882
GLU02B3747_004   0.663  -4.545  -3.882
GLU-1B3747_005   0.466  -4.577  -4.112
GLU01B3748_001   0.500  -3.894  -3.394
GLU01B3748_002   0.500  -3.894  -3.394
GLU02B3748_003   0.666  -3.940  -3.274
GLU02B3748_004   0.666  -3.940  -3.274
GLU-1B3748_005   0.468  -3.846  -3.377
VAL01B3749_001   0.504  -7.978  -7.474
GLU01B3750_001   1.716  -2.308  -0.592
GLU01B3750_002   1.716  -2.308  -0.592
GLU02B3750_003   1.438  -2.407  -0.969
GLU02B3750_004   1.438  -2.407  -0.969
GLU-1B3750_005   1.334  -2.272  -0.938
VAL01B3751_001   0.588  -4.427  -3.839
SER01B3752_001   0.000  -2.599  -2.599
SER01B3752_002   0.000  -2.599  -2.599
PHE01B3753_001   5.172  -8.197  -3.025
GLU01B3754_001   4.323  -2.102   2.221
GLU01B3754_002   4.323  -2.102   2.221
GLU02B3754_003   3.460  -2.026   1.434
GLU02B3754_004   3.460  -2.026   1.434
GLU-1B3754_005   3.392  -2.014   1.378
GLU01B3755_001   1.224  -0.497   0.727
GLU01B3755_002   1.224  -0.497   0.727
GLU02B3755_003   1.042  -0.554   0.488
GLU02B3755_004   1.042  -0.554   0.488
GLU-1B3755_005   0.942  -0.495   0.447
LYS01B3756_001   1.912  -3.754  -1.842
LYS+1B3756_002   1.827  -3.754  -1.927
GLU01B3757_001   2.636  -0.597   2.039
GLU01B3757_002   2.636  -0.597   2.039
GLU02B3757_003   2.062  -0.642   1.421
GLU02B3757_004   2.062  -0.642   1.421
GLU-1B3757_005   2.019  -0.590   1.429
MET01B3758_001   4.993  -1.459   3.534
GLU01B3759_001   0.769  -0.558   0.211
GLU01B3759_002   0.769  -0.558   0.211
GLU02B3759_003   0.676  -0.556   0.120
GLU02B3759_004   0.676  -0.556   0.120
GLU-1B3759_005   0.580  -0.520   0.060
LYS01B3760_001   4.281  -5.075  -0.794
LYS+1B3760_002   4.234  -5.075  -0.841
GLN01B3761_001   3.256  -1.511   1.745
GLN01B3761_002   5.472  -1.383   4.089
ARG01B3762_001   4.992  -1.545   3.447
ARG02B3762_002   4.948  -1.545   3.403
ARG03B3762_003   4.945  -1.545   3.400
ARG+1B3762_004   4.901  -1.545   3.356
LEU01B3763_001   2.551  -0.618   1.933
LEU01B3764_001   1.833  -3.142  -1.309
TYR01B3765_001   4.745  -4.972  -0.227
TYR-1B3765_002   4.745  -4.972  -0.227
GLN01B3766_001   3.340  -0.315   3.025
GLN01B3766_002   5.335  -0.241   5.093
GLN01B3767_001   2.576  -0.052   2.525
SER01B3768_001   0.000  -2.314  -2.314
SER01B3768_002   0.000  -2.314  -2.314
ARG01B3769_001   3.505  -0.642   2.864
ARG02B3769_002   3.461  -0.642   2.820
ARG03B3769_003   3.453  -0.642   2.812
ARG03B3769_004   3.459  -0.642   2.817
ARG+1B3769_005   3.413  -0.642   2.772
LEU01B3770_001   1.462  -0.103   1.359
HIS01B3771_001  -0.110  -2.969  -3.080
HIS02B3771_002  -0.130  -2.969  -3.099
HIS+1B3771_003  -0.157  -2.969  -3.126
THR01B3772_001   0.342  -1.177  -0.835
THR01B3772_002   0.342  -1.177  -0.835
THR01B3772_003   0.342  -1.177  -0.835
ARG01B3773_001   1.931  -8.833  -6.901
ARG02B3773_002   1.917  -8.833  -6.916
ARG03B3773_003   1.912  -8.833  -6.921
ARG+1B3773_004   1.869  -8.833  -6.963
ALA01B3775_001   0.000   0.000   0.000
ALA01B3776_001   0.000   0.000   0.000
GLU01B3777_001   4.698  -1.136   3.561
GLU01B3777_002   4.698  -1.136   3.561
GLU02B3777_003   3.764  -1.198   2.566
GLU02B3777_004   3.764  -1.198   2.566
GLU-1B3777_005   3.691  -1.172   2.520
MET01B3778_001   0.476  -0.119   0.356
VAL01B3779_001   1.020  -0.103   0.917
LEU01B3780_001   2.378   0.000   2.378
GLN01B3781_001   3.042  -0.523   2.519
GLN01B3781_002   4.971  -0.454   4.517
MET01B3782_001   1.128  -0.048   1.080
ILE01B3783_001   1.942  -0.155   1.788
SER01B3784_001   0.000  -1.613  -1.613
SER01B3784_002   0.000  -1.613  -1.613
ALA01B3785_001   0.000  -0.068  -0.068
CYS01B3786_001  -0.002   0.000  -0.002
CYS01B3786_002  -0.002   0.000  -0.002
CYS01B3786_003  -0.003   0.000  -0.003
CYS-1B3786_004   0.000   0.000   0.000
LYS01B3787_001   1.691  -5.179  -3.488
LYS+1B3787_002   1.640  -5.179  -3.539
GLU01B3789_001   2.263  -1.379   0.883
GLU01B3789_002   2.263  -1.379   0.883
GLU02B3789_003   1.920  -1.436   0.484
GLU02B3789_004   1.920  -1.436   0.484
GLU-1B3789_005   1.819  -1.411   0.408
THR01B3790_001   0.256  -2.589  -2.332
THR01B3790_002   0.256  -2.589  -2.332
ALA01B3792_001   0.000  -3.294  -3.294
MET01B3793_001  -0.017  -0.498  -0.515
VAL01B3794_001   1.112   0.000   1.112
SER01B3795_001   0.000  -0.977  -0.977
SER01B3795_002   0.000  -0.977  -0.977
SER01B3796_001   0.000  -0.590  -0.590
SER01B3796_002   0.000  -0.590  -0.590
SER01B3796_003   0.000  -0.590  -0.590
THR01B3797_001   0.223   0.000   0.223
THR01B3797_002   0.223   0.000   0.223
THR01B3797_003   0.223   0.000   0.223
LEU01B3798_001   1.768  -0.206   1.562
LYS01B3799_001   1.857  -3.939  -2.082
LYS+1B3799_002   1.812  -3.939  -2.128
LEU01B3800_001   1.787  -0.052   1.735
ILE01B3802_001   2.243  -0.892   1.351
SER01B3803_001   0.000  -0.181  -0.181
SER01B3803_002   0.000  -0.181  -0.181
SER01B3803_003   0.000  -0.181  -0.181
ILE01B3804_001   3.561   0.000   3.561
LEU01B3805_001   3.407   0.000   3.407
ASN01B3806_001   0.159  -1.014  -0.855
ASN01B3806_002  -0.000  -0.970  -0.970
ASN01B3809_001   0.588  -0.586   0.003
ASN01B3809_002   0.307  -0.709  -0.402
ALA01B3810_001   0.000  -2.795  -2.795
GLU01B3811_001   1.268  -2.629  -1.361
GLU01B3811_002   1.268  -2.629  -1.361
GLU02B3811_003   1.100  -2.555  -1.455
GLU02B3811_004   1.100  -2.555  -1.455
GLU-1B3811_005   0.987  -2.527  -1.539
VAL01B3812_001   0.726  -0.103   0.623
GLN01B3813_001   3.381   0.000   3.381
GLN01B3813_002   5.554   0.000   5.554
GLN01B3814_001   0.986  -2.299  -1.313
GLN01B3814_002   0.845  -2.212  -1.368
LYS01B3815_001   1.503  -0.800   0.703
LYS+1B3815_002   1.454  -0.800   0.654
MET01B3816_001   8.345  -0.071   8.273
LEU01B3817_001   1.918  -0.412   1.506
ASP01B3818_001   0.559  -1.964  -1.405
ASP01B3818_002   0.559  -1.964  -1.405
ASP02B3818_003   0.591  -1.963  -1.372
ASP02B3818_004   0.591  -1.963  -1.372
ASP-1B3818_005   0.474  -1.895  -1.421
TYR01B3819_001   5.154  -2.662   2.491
TYR-1B3819_002   5.154  -2.662   2.491
LEU01B3820_001   2.981  -0.052   2.930
LYS01B3821_001   7.412  -4.597   2.815
LYS+1B3821_002   7.490  -4.597   2.893
ASP01B3822_001   0.512  -2.838  -2.326
ASP01B3822_002   0.512  -2.838  -2.326
ASP02B3822_003   0.572  -2.751  -2.179
ASP02B3822_004   0.572  -2.751  -2.179
ASP-1B3822_005   0.446  -2.756  -2.310
LYS01B3823_001   3.796  -2.692   1.105
LYS+1B3823_002   3.702  -2.692   1.010
LYS01B3824_001   6.310  -5.525   0.785
LYS+1B3824_002   6.422  -5.525   0.897
GLU01B3825_001   0.980  -0.550   0.429
GLU01B3825_002   0.980  -0.550   0.429
GLU02B3825_003   0.889  -0.563   0.327
GLU02B3825_004   0.889  -0.563   0.327
GLU-1B3825_005   0.788  -0.550   0.238
VAL01B3826_001   0.951  -2.814  -1.863
PHE01B3828_001   5.516  -0.303   5.213
PHE01B3829_001   5.210  -0.101   5.109
GLN01B3830_001   5.325  -2.143   3.182
SER01B3831_001   0.000   0.000   0.000
SER01B3831_002   0.000   0.000   0.000
ILE01B3832_001   2.156  -0.155   2.001
GLN01B3833_001   3.462  -1.678   1.783
GLN01B3833_002   5.664  -1.595   4.069
ALA01B3834_001   0.000  -1.751  -1.751
LEU01B3835_001   2.791   0.000   2.791
MET01B3836_001   0.536  -0.048   0.488
GLN01B3837_001   2.962  -2.457   0.506
GLN01B3837_002   4.959  -2.457   2.503
THR01B3838_001   0.214  -3.286  -3.072
THR01B3838_002   0.214  -3.286  -3.072
THR01B3838_003   0.214  -3.286  -3.072
CYS01B3839_001  -0.002   0.000  -0.002
CYS01B3839_002  -0.002   0.000  -0.002
CYS01B3839_003  -0.003   0.000  -0.003
CYS-1B3839_004   0.000   0.000   0.000
SER01B3840_001   0.000  -1.623  -1.623
SER01B3840_002   0.000  -1.623  -1.623
SER01B3840_003   0.000  -1.623  -1.623
VAL01B3841_001   0.717  -1.442  -0.726
LEU01B3842_001   2.287  -0.052   2.235
ASP01B3843_001   0.252  -1.908  -1.657
ASP01B3843_002   0.252  -1.908  -1.657
ASP02B3843_003   0.352  -1.984  -1.632
ASP02B3843_004   0.352  -1.984  -1.632
ASP-1B3843_005   0.238  -1.826  -1.588
LEU01B3844_001   1.659  -2.318  -0.659
ASN01B3845_001   0.319  -3.644  -3.325
ASN01B3845_002   0.488  -3.698  -3.210
ALA01B3846_001   0.000  -1.442  -1.442
PHE01B3847_001   4.624  -0.101   4.523
GLU01B3848_001   1.124  -1.220  -0.096
GLU01B3848_002   1.124  -1.220  -0.096
GLU02B3848_003   1.021  -1.103  -0.081
GLU02B3848_004   1.021  -1.103  -0.081
GLU-1B3848_005   0.892  -1.145  -0.253
ARG01B3849_001   2.562  -9.987  -7.424
ARG02B3849_002   2.549  -9.987  -7.438
ARG03B3849_003   2.539  -9.987  -7.447
ARG+1B3849_004   2.500  -9.987  -7.486
GLN01B3850_001   2.953   0.000   2.953
ASN01B3851_001   0.215  -1.107  -0.892
ASN01B3851_002   0.029  -1.162  -1.133
LYS01B3852_001   0.992  -8.700  -7.707
LYS+1B3852_002   0.944  -8.700  -7.755
ALA01B3853_001   0.000  -0.979  -0.979
GLU01B3854_001   0.501  -1.918  -1.418
GLU01B3854_002   0.501  -1.918  -1.418
GLU02B3854_003   0.667  -1.864  -1.197
GLU02B3854_004   0.667  -1.864  -1.197
GLU-1B3854_005   0.469  -1.817  -1.348
LEU01B3856_001   1.647  -7.411  -5.764
MET01B3858_001   0.142  -8.846  -8.704
VAL01B3859_001   0.504  -2.643  -2.140
ASN01B3860_001  -0.020  -3.033  -3.053
GLU01B3861_001   0.498  -2.865  -2.367
GLU01B3861_002   0.498  -2.865  -2.367
GLU02B3861_003   0.664  -2.796  -2.133
GLU02B3861_004   0.664  -2.796  -2.133
GLU-1B3861_005   0.466  -2.699  -2.233
ASP01B3862_001  -0.040  -2.215  -2.255
ASP01B3862_002  -0.040  -2.215  -2.255
ASP02B3862_003  -0.009  -2.276  -2.285
ASP02B3862_004  -0.009  -2.276  -2.285
ASP-1B3862_005  -0.041  -2.169  -2.210
THR01B3864_001   0.152  -1.923  -1.771
VAL01B3865_001   0.502  -5.576  -5.074
ILE01B3866_001   0.945  -5.254  -4.309
ASN01B3867_001  -0.020  -1.143  -1.163
ARG01B3868_0011191.778  -5.7361186.042
ARG02B3868_0021191.760  -5.7361186.024
ARG03B3868_0031191.794  -5.7361186.058
ARG03B3868_004 190.818  -5.736 185.082
ARG+1B3868_0051191.728  -5.7361185.992
GLN01B3869_001   0.454  -1.729  -1.274
ASN01B3870_001  -0.020  -0.194  -0.215
GLU01B3872_001   0.501  -3.958  -3.457
GLU01B3872_002   0.501  -3.958  -3.457
GLU02B3872_003   0.668  -3.928  -3.261
GLU02B3872_004   0.668  -3.928  -3.261
GLU-1B3872_005   0.470  -3.859  -3.389
LYS01B3873_001   1.675  -3.584  -1.909
LYS+1B3873_002   1.627  -3.584  -1.957
VAL01B3874_001   0.925   0.000   0.925
MET01B3875_001   0.267   0.000   0.267
ALA01B3876_001   0.000  -1.082  -1.082
ASP01B3877_001   0.135  -0.216  -0.080
ASP01B3877_002   0.135  -0.216  -0.080
ASP02B3877_003   0.223  -0.281  -0.058
ASP02B3877_004   0.223  -0.281  -0.058
ASP-1B3877_005   0.129  -0.276  -0.146
ASP01B3878_001   0.076  -1.502  -1.427
ASP01B3878_002   0.076  -1.502  -1.427
ASP02B3878_003   0.147  -1.506  -1.359
ASP02B3878_004   0.147  -1.506  -1.359
ASP-1B3878_005   0.072  -1.421  -1.349
GLU01B3879_001   0.499  -3.516  -3.017
GLU01B3879_002   0.499  -3.516  -3.017
GLU02B3879_003   0.666  -3.556  -2.891
GLU02B3879_004   0.666  -3.556  -2.891
GLU-1B3879_005   0.468  -3.423  -2.955
PHE01B3880_001   4.883  -1.062   3.820
THR01B3881_001   0.228   0.000   0.228
THR01B3881_002   0.228   0.000   0.228
THR01B3881_003   0.228   0.000   0.228
GLN01B3882_001   2.592  -1.560   1.031
GLN01B3882_002   4.284  -1.452   2.832
ASP01B3883_001   0.456  -0.616  -0.160
ASP01B3883_002   0.456  -0.616  -0.160
ASP02B3883_003   0.495  -0.655  -0.160
ASP02B3883_004   0.495  -0.655  -0.160
ASP-1B3883_005   0.388  -0.655  -0.266
LEU01B3884_001   1.565   0.000   1.565
PHE01B3885_001   4.781   0.000   4.781
ARG01B3886_001   3.153  -4.391  -1.238
ARG02B3886_002   3.114  -4.391  -1.278
ARG03B3886_003   3.168  -4.391  -1.223
ARG+1B3886_004   3.070  -4.391  -1.321
PHE01B3887_001   5.231  -0.473   4.758
LEU01B3888_001   1.603  -0.103   1.500
GLN01B3889_001   3.318  -0.591   2.727
LEU01B3890_001   2.270  -0.428   1.842
LEU01B3891_001   1.967  -0.309   1.658
CYS01B3892_001  -0.002   0.000  -0.002
CYS01B3892_002  -0.002   0.000  -0.002
CYS01B3892_003  -0.003   0.000  -0.003
CYS-1B3892_004   0.000   0.000   0.000
GLU01B3893_001   1.489  -0.585   0.904
GLU01B3893_002   1.489  -0.585   0.904
GLU02B3893_003   1.251  -0.587   0.665
GLU02B3893_004   1.251  -0.587   0.665
GLU-1B3893_005   1.150  -0.573   0.577
HIS01B3895_001  -0.128  -2.449  -2.577
HIS02B3895_002  -0.147  -2.449  -2.596
HIS+1B3895_003  -0.174  -2.449  -2.623
ASN01B3896_001   0.075  -0.669  -0.594
ASN01B3896_002   0.270  -0.517  -0.247
ASN01B3897_001   0.534  -2.151  -1.616
ASN01B3897_002   0.227  -1.998  -1.771
ASP01B3898_001   0.028  -1.752  -1.724
ASP01B3898_002   0.028  -1.752  -1.724
ASP02B3898_003   0.088  -1.924  -1.836
ASP02B3898_004   0.088  -1.924  -1.836
ASP-1B3898_005   0.027  -1.752  -1.725
PHE01B3899_001   6.206  -0.051   6.155
GLN01B3900_001   1.103   0.000   1.103
GLN01B3900_002   1.756   0.000   1.756
ASN01B3901_001   0.641  -1.783  -1.141
TYR01B3902_001   5.457  -0.357   5.100
TYR01B3902_002   5.457  -0.357   5.100
TYR-1B3902_003   5.457  -0.357   5.100
LEU01B3903_001   1.943  -0.052   1.892
ARG01B3904_001   3.393  -3.172   0.221
ARG02B3904_002   3.350  -3.172   0.178
ARG02B3904_003   3.354  -3.172   0.182
ARG03B3904_004   3.357  -3.172   0.185
ARG03B3904_005   3.387  -3.172   0.215
ARG+1B3904_006   3.310  -3.172   0.138
THR01B3905_001   0.224  -2.827  -2.603
GLN01B3906_001   3.043   0.000   3.043
THR01B3907_001   0.226  -5.990  -5.764
ASN01B3909_001   0.519  -0.310   0.209
ASN01B3909_002   0.258  -0.394  -0.136
THR01B3910_001   0.209  -6.426  -6.217
THR01B3911_001   0.217  -3.935  -3.719
THR01B3912_001   0.245  -3.178  -2.933
ILE01B3913_001   1.328  -0.103   1.225
ASN01B3914_001   0.139  -0.551  -0.412
ASN01B3914_002  -0.013  -0.379  -0.392
ILE01B3915_001   1.725  -0.103   1.622
ILE01B3916_001   2.807   0.000   2.807
ILE01B3917_001   6.594  -5.438   1.157
CYS01B3918_001  -0.002  -1.339  -1.341
CYS01B3918_002  -0.002  -1.339  -1.341
CYS01B3918_003  -0.003  -1.339  -1.342
CYS-1B3918_004   0.000  -1.339  -1.339
THR01B3919_001   0.311   0.000   0.311
THR01B3919_002   0.311   0.000   0.311
VAL01B3920_001   0.692  -0.155   0.537
ASP01B3921_001   0.453  -1.252  -0.799
ASP01B3921_002   0.453  -1.252  -0.799
ASP02B3921_003   0.476  -1.262  -0.785
ASP02B3921_004   0.476  -1.262  -0.785
ASP-1B3921_005   0.379  -1.206  -0.827
TYR01B3922_001   4.544   0.000   4.544
TYR01B3922_002   4.544   0.000   4.544
TYR-1B3922_003   4.544   0.000   4.544
LEU01B3923_001   1.815   0.000   1.815
LEU01B3924_001   1.901  -1.887   0.015
ARG01B3925_001   2.290  -5.104  -2.814
ARG02B3925_002   2.257  -5.104  -2.847
ARG03B3925_003   2.255  -5.104  -2.849
ARG+1B3925_004   2.211  -5.104  -2.893
LEU01B3926_001   1.896   0.000   1.896
GLN01B3927_001   2.382  -0.413   1.969
GLN01B3927_002   4.000  -0.290   3.710
GLU01B3928_001   3.039  -3.052  -0.013
GLU01B3928_002   3.039  -3.052  -0.013
GLU02B3928_003   2.411  -3.000  -0.589
GLU02B3928_004   2.411  -3.000  -0.589
GLU-1B3928_005   2.353  -2.963  -0.610
SER01B3929_001   0.000  -0.144  -0.144
SER01B3929_002   0.000  -0.144  -0.144
ILE01B3930_001   3.812  -0.103   3.709
SER01B3931_001   0.000  -0.961  -0.961
SER01B3931_002   0.000  -0.961  -0.961
ASP01B3932_001   0.172  -1.846  -1.674
ASP01B3932_002   0.172  -1.846  -1.674
ASP02B3932_003   0.258  -1.887  -1.629
ASP02B3932_004   0.258  -1.887  -1.629
ASP-1B3932_005   0.162  -1.774  -1.612
PHE01B3933_001   5.173   0.000   5.173
TYR01B3934_001   4.791  -1.639   3.151
TYR01B3934_002   4.791  -1.639   3.151
TYR-1B3934_003   4.791  -1.639   3.151
TRP01B3935_001   3.614  -9.355  -5.740
TYR01B3936_001   5.048  -4.138   0.911
TYR-1B3936_002   5.048  -4.138   0.911
TYR01B3937_001   5.243   0.000   5.243
TYR01B3937_002   5.243   0.000   5.243
TYR-1B3937_003   5.243   0.000   5.243
SER01B3938_001   0.000  -1.095  -1.095
SER01B3938_002   0.000  -1.095  -1.095
SER01B3938_003   0.000  -1.095  -1.095
LYS01B3940_001   0.891  -3.990  -3.099
LYS+1B3940_002   0.849  -3.990  -3.141
ASP01B3941_001   0.065  -2.816  -2.751
ASP01B3941_002   0.065  -2.816  -2.751
ASP02B3941_003   0.133  -2.847  -2.714
ASP02B3941_004   0.133  -2.847  -2.714
ASP-1B3941_005   0.062  -2.752  -2.690
VAL01B3942_001   0.490  -4.955  -4.465
ILE01B3943_001   2.226   0.000   2.226
GLU01B3944_001   1.309  -2.375  -1.066
GLU01B3944_002   1.309  -2.375  -1.066
GLU02B3944_003   1.173  -2.564  -1.391
GLU02B3944_004   1.173  -2.564  -1.391
GLU-1B3944_005   1.037  -2.442  -1.404
GLU01B3945_001   3.744  -2.802   0.942
GLU01B3945_002   3.744  -2.802   0.942
GLU02B3945_003   3.005  -2.933   0.073
GLU02B3945_004   3.005  -2.933   0.073
GLU-1B3945_005   2.933  -2.771   0.161
GLN01B3946_001   0.954  -0.459   0.495
LYS01B3948_001   0.803  -1.455  -0.652
LYS+1B3948_002   0.758  -1.455  -0.697
ARG01B3949_001   3.134  -5.663  -2.529
ARG02B3949_002   3.110  -5.663  -2.553
ARG03B3949_003   3.193  -5.663  -2.470
ARG+1B3949_004   3.071  -5.663  -2.592
ASN01B3950_001   0.574  -0.034   0.539
ASN01B3950_002   0.295  -0.039   0.256
PHE01B3951_001   5.547   0.000   5.547
SER01B3952_001   0.000  -1.844  -1.844
SER01B3952_002   0.000  -1.844  -1.844
LYS01B3953_001   1.758  -1.731   0.027
LYS+1B3953_002   1.712  -1.731  -0.020
ALA01B3954_001   0.000   0.000   0.000
MET01B3955_001   0.963  -0.096   0.867
SER01B3956_001   0.000  -1.791  -1.791
VAL01B3957_001   0.761   0.000   0.761
ALA01B3958_001   0.000   0.000   0.000
LYS01B3959_001  10.367  -3.359   7.008
LYS+1B3959_002  10.321  -3.359   6.962
GLN01B3960_001   1.215  -0.620   0.595
GLN01B3960_002   1.469  -0.748   0.721
VAL01B3961_001   0.758   0.000   0.758
PHE01B3962_001   5.645   0.000   5.645
ASN01B3963_001   0.664  -1.127  -0.463
ASN01B3963_002   0.341  -1.068  -0.727
SER01B3964_001   0.000   0.000   0.000
SER01B3964_002   0.000   0.000   0.000
SER01B3964_003   0.000   0.000   0.000
LEU01B3965_001   3.449   0.000   3.449
THR01B3966_001   0.233  -0.438  -0.205
THR01B3966_002   0.233  -0.438  -0.205
GLU01B3967_001   2.045  -0.207   1.839
GLU01B3967_002   2.045  -0.207   1.839
GLU02B3967_003   1.700  -0.254   1.446
GLU02B3967_004   1.700  -0.254   1.446
GLU-1B3967_005   1.599  -0.207   1.392
TYR01B3968_001   4.846   0.000   4.846
TYR-1B3968_002   4.846   0.000   4.846
ILE01B3969_001   2.983   0.000   2.983
GLN01B3970_001   2.703  -0.236   2.467
GLN01B3970_002   4.422  -0.315   4.107
PRO01B3972_001   0.274  -3.454  -3.180
CYS01B3973_001  -0.002  -0.143  -0.145
CYS01B3973_002  -0.002  -0.143  -0.145
CYS01B3973_003  -0.002  -0.143  -0.145
CYS-1B3973_004   0.000  -0.143  -0.143
THR01B3974_001   0.222  -5.463  -5.241
ASN01B3976_001   0.337   0.000   0.337
ASN01B3976_002   0.122   0.000   0.122
GLN01B3977_001   3.009  -0.207   2.802
GLN01B3977_002   4.829  -0.236   4.593
GLN01B3978_001   1.440  -1.715  -0.274
GLN01B3978_002   1.044  -1.735  -0.691
SER01B3979_001   0.000  -0.722  -0.722
LEU01B3980_001   2.752  -0.052   2.700
ALA01B3981_001   0.000  -0.258  -0.258
HIS01B3982_001  -0.156  -7.916  -8.071
HIS01B3982_002  -0.111  -8.174  -8.285
HIS02B3982_003  -0.174  -7.916  -8.090
HIS02B3982_004  -0.124  -8.174  -8.298
HIS+1B3982_005  -0.201  -7.916  -8.117
HIS+1B3982_006  -0.151  -8.174  -8.325
SER01B3983_001   0.000  -0.096  -0.096
SER01B3983_002   0.000  -0.096  -0.096
SER01B3983_003   0.000  -0.096  -0.096
ARG01B3984_001   1.356  -7.732  -6.376
ARG02B3984_002   1.310  -7.732  -6.422
ARG03B3984_003   1.376  -7.732  -6.356
ARG+1B3984_004   1.272  -7.732  -6.461
LEU01B3985_001   2.674  -0.103   2.571
TRP01B3986_001   3.802  -1.517   2.284
ASP01B3987_001   0.076  -2.487  -2.411
ASP01B3987_002   0.076  -2.487  -2.411
ASP02B3987_003   0.145  -2.635  -2.490
ASP02B3987_004   0.145  -2.635  -2.490
ASP-1B3987_005   0.071  -2.459  -2.389
ALA01B3988_001   0.000   0.000   0.000
VAL01B3989_001   1.022  -0.052   0.971
VAL01B3990_001   0.748  -0.876  -0.127
PHE01B3992_001   5.497  -0.051   5.446
LEU01B3993_001   2.260  -0.876   1.385
HIS01B3994_001  -0.128  -4.116  -4.244
HIS02B3994_002  -0.147  -4.116  -4.263
HIS+1B3994_003  -0.174  -4.116  -4.290
VAL01B3995_001   0.641  -0.103   0.538
PHE01B3996_001   4.874   0.000   4.874
ALA01B3997_001   0.000   0.000   0.000
HIS01B3998_001  -0.113  -2.343  -2.456
HIS02B3998_002  -0.133  -2.343  -2.476
HIS+1B3998_003  -0.160  -2.343  -2.503
MET01B3999_001   0.009   0.000   0.009
MET01B4000_001   0.781   0.000   0.781
MET01B4001_001  -0.037  -1.726  -1.762
LYS01B4002_001   1.028  -0.943   0.084
LYS+1B4002_002   0.984  -0.943   0.040
LEU01B4003_001   2.314  -0.052   2.262
ALA01B4004_001   0.000  -0.052  -0.052
GLN01B4005_001   1.653  -1.713  -0.060
GLN01B4005_002   2.647  -1.713   0.935
ASP01B4006_001   0.089  -1.386  -1.298
ASP01B4006_002   0.089  -1.386  -1.298
ASP02B4006_003   0.166  -1.353  -1.186
ASP02B4006_004   0.166  -1.353  -1.186
ASP-1B4006_005   0.086  -1.370  -1.283
SER01B4007_001   0.000  -3.141  -3.141
SER01B4007_002   0.000  -3.141  -3.141
SER01B4008_001   0.000  -3.805  -3.805
SER01B4008_002   0.000  -3.805  -3.805
GLN01B4009_001   2.131  -0.079   2.052
GLN01B4009_002   3.524  -0.108   3.416
ILE01B4010_001   1.654  -2.524  -0.870
GLU01B4011_001   4.124  -3.079   1.045
GLU01B4011_002   4.124  -3.079   1.045
GLU02B4011_003   3.311  -3.036   0.275
GLU02B4011_004   3.311  -3.036   0.275
GLU-1B4011_005   3.235  -3.032   0.203
LEU01B4012_001   1.731  -0.155   1.577
LEU01B4013_001   2.405  -0.361   2.044
LYS01B4014_001   2.510  -6.135  -3.625
LYS+1B4014_002   2.467  -6.135  -3.669
GLU01B4015_001   4.277  -1.099   3.178
GLU01B4015_002   4.277  -1.099   3.178
GLU02B4015_003   3.444  -1.064   2.379
GLU02B4015_004   3.444  -1.064   2.379
GLU-1B4015_005   3.372  -1.038   2.334
LEU01B4016_001   2.740   0.000   2.740
LEU01B4017_001   1.698  -0.155   1.544
ASP01B4018_001   0.187  -1.385  -1.198
ASP01B4018_002   0.187  -1.385  -1.198
ASP02B4018_003   0.280  -1.481  -1.201
ASP02B4018_004   0.280  -1.481  -1.201
ASP-1B4018_005   0.177  -1.404  -1.227
LEU01B4019_001   2.183  -0.206   1.977
GLN01B4020_001   2.975  -0.118   2.857
GLN01B4020_002   4.900  -0.103   4.796
LYS01B4021_001   1.223  -3.914  -2.691
LYS+1B4021_002   1.175  -3.914  -2.740
ASP01B4022_001   0.163  -1.205  -1.042
ASP01B4022_002   0.163  -1.205  -1.042
ASP02B4022_003   0.250  -1.129  -0.880
ASP02B4022_004   0.250  -1.129  -0.880
ASP-1B4022_005   0.155  -1.172  -1.017
MET01B4023_001   0.048  -0.119  -0.071
VAL01B4024_001   0.640  -0.567   0.074
VAL01B4025_001   0.831  -3.091  -2.260
MET01B4026_001   0.314   0.000   0.314
LEU01B4027_001   1.449  -0.393   1.057
LEU01B4028_001   1.718  -2.009  -0.291
SER01B4029_001   0.000  -0.241  -0.241
SER01B4029_002   0.000  -0.241  -0.241
LEU01B4030_001   2.298  -0.274   2.024
LEU01B4031_001   2.211  -0.258   1.953
GLU01B4032_001   1.768  -0.026   1.742
GLU01B4032_002   1.768  -0.026   1.742
GLU02B4032_003   1.379  -0.026   1.354
GLU02B4032_004   1.379  -0.026   1.354
GLU-1B4032_005   1.324  -0.026   1.299
ASN01B4034_001  -0.004  -0.394  -0.398
ASN01B4034_002   0.160  -0.345  -0.185
VAL01B4035_001   1.267  -3.709  -2.442
VAL01B4036_001   1.079  -0.634   0.445
ASN01B4037_001   0.648  -1.223  -0.574
ASN01B4037_002   0.347  -1.150  -0.803
MET01B4039_001   1.628  -4.656  -3.028
ILE01B4040_001   2.422  -0.361   2.061
ALA01B4041_001   0.000   0.000   0.000
ARG01B4042_001   6.529  -7.154  -0.625
ARG02B4042_002   6.448  -7.154  -0.706
ARG03B4042_003   6.447  -7.154  -0.707
ARG+1B4042_004   6.402  -7.154  -0.752
GLN01B4043_001   1.780  -1.319   0.461
GLN01B4043_002   2.860  -1.253   1.606
MET01B4044_001   0.297   0.000   0.297
VAL01B4045_001   0.976   0.000   0.976
ASP01B4046_001   0.107  -1.991  -1.884
ASP01B4046_002   0.107  -1.991  -1.884
ASP02B4046_003   0.186  -2.111  -1.925
ASP02B4046_004   0.186  -2.111  -1.925
ASP-1B4046_005   0.101  -2.102  -2.000
MET01B4047_001   7.108  -0.096   7.012
LEU01B4048_001   1.614  -0.309   1.305
VAL01B4049_001   0.762  -3.087  -2.326
GLU01B4050_001   4.794  -1.970   2.824
GLU01B4050_002   4.794  -1.970   2.824
GLU02B4050_003   3.813  -1.965   1.848
GLU02B4050_004   3.813  -1.965   1.848
GLU-1B4050_005   3.757  -1.873   1.884
SER01B4051_001   0.000   0.000   0.000
SER01B4052_001   0.000  -1.402  -1.402
SER01B4052_002   0.000  -1.402  -1.402
SER01B4053_001   0.000  -4.026  -4.026
SER01B4053_002   0.000  -4.026  -4.026
ASN01B4054_001   0.320  -0.586  -0.266
ASN01B4054_002   0.470  -0.536  -0.066
VAL01B4055_001   0.627  -0.258   0.369
GLU01B4056_001   5.428  -2.022   3.406
GLU01B4056_002   5.428  -2.022   3.406
GLU02B4056_003   4.361  -1.939   2.422
GLU02B4056_004   4.361  -1.939   2.422
GLU-1B4056_005   4.282  -1.964   2.318
MET01B4057_001   1.549  -2.664  -1.115
ILE01B4058_001   3.084  -0.309   2.775
LEU01B4059_001   1.932  -0.052   1.881
LYS01B4060_001   0.979  -3.641  -2.662
LYS+1B4060_002   0.927  -3.641  -2.714
PHE01B4061_001   4.731  -0.303   4.428
PHE01B4062_001   4.545  -0.222   4.323
CTR01B4062_001  -0.021   0.000  -0.021
CTR01B4062_002   0.109   0.000   0.109
CTR02B4062_003  -0.023   0.000  -0.023
CTR02B4062_004   0.039   0.000   0.039
CTR-1B4062_005   0.000   0.000   0.000
NTR01B4063_001  -0.003  -0.193  -0.196
NTR+1B4063_002  -0.005  -0.193  -0.198
ASP01B4063_001   0.150  -0.965  -0.814
ASP01B4063_002   0.150  -0.965  -0.814
ASP02B4063_003   0.237  -1.014  -0.777
ASP02B4063_004   0.237  -1.014  -0.777
ASP-1B4063_005   0.144  -0.965  -0.821
MET01B4064_001   0.165  -0.694  -0.529
PHE01B4065_001   5.725   0.000   5.725
LEU01B4066_001   1.733  -0.464   1.270
LYS01B4067_001   1.252  -1.188   0.064
LYS+1B4067_002   1.174  -1.188  -0.014
LEU01B4068_001   5.585   0.000   5.585
LYS01B4069_001   4.211  -4.582  -0.371
LYS+1B4069_002   4.178  -4.582  -0.404
ASP01B4070_001   0.199  -1.570  -1.371
ASP01B4070_002   0.199  -1.570  -1.371
ASP02B4070_003   0.294  -1.587  -1.293
ASP02B4070_004   0.294  -1.587  -1.293
ASP-1B4070_005   0.189  -1.555  -1.366
ILE01B4071_001   3.269  -0.840   2.429
VAL01B4072_001   0.589  -0.995  -0.405
SER01B4074_001   0.000  -1.503  -1.503
GLU01B4075_001   1.633  -2.981  -1.348
GLU01B4075_002   1.633  -2.981  -1.348
GLU02B4075_003   1.351  -3.022  -1.671
GLU02B4075_004   1.351  -3.022  -1.671
GLU-1B4075_005   1.255  -2.991  -1.736
ALA01B4076_001   0.000  -2.984  -2.984
PHE01B4077_001   4.867   0.000   4.867
GLN01B4078_001   0.799  -1.575  -0.776
GLN01B4078_002   0.670  -1.363  -0.694
ASP01B4079_001   0.173  -2.718  -2.545
ASP01B4079_002   0.173  -2.718  -2.545
ASP02B4079_003   0.260  -2.696  -2.436
ASP02B4079_004   0.260  -2.696  -2.436
ASP-1B4079_005   0.163  -2.593  -2.429
TYR01B4080_001   5.661  -0.718   4.943
TYR-1B4080_002   5.661  -0.718   4.943
VAL01B4081_001   1.060  -0.155   0.905
THR01B4082_001   0.180  -6.607  -6.427
THR01B4082_002   0.180  -6.607  -6.427
ASP01B4083_001   0.248  -0.902  -0.654
ASP01B4083_002   0.248  -0.902  -0.654
ASP02B4083_003   0.331  -0.729  -0.398
ASP02B4083_004   0.331  -0.729  -0.398
ASP-1B4083_005   0.228  -0.758  -0.530
PRO01B4084_001   0.263  -6.749  -6.486
ARG01B4085_001   5.948  -7.511  -1.563
ARG02B4085_002   5.868  -7.511  -1.643
ARG02B4085_003   5.929  -7.511  -1.583
ARG03B4085_004   5.870  -7.511  -1.641
ARG+1B4085_005   5.823  -7.511  -1.689
LEU01B4087_001   1.757  -4.221  -2.463
ILE01B4088_001   6.146   0.000   6.146
SER01B4089_001   0.000  -1.849  -1.849
SER01B4089_002   0.000  -1.849  -1.849
SER01B4089_003   0.000  -1.849  -1.849
LYS01B4090_001   5.436  -2.074   3.363
LYS+1B4090_002   5.388  -2.074   3.315
LYS01B4091_001   0.960  -8.913  -7.953
LYS+1B4091_002   0.913  -8.913  -8.000
ASP01B4092_001   0.048  -0.409  -0.361
ASP01B4092_002   0.048  -0.409  -0.361
ASP02B4092_003   0.107  -0.530  -0.422
ASP02B4092_004   0.107  -0.530  -0.422
ASP-1B4092_005   0.043  -0.409  -0.366
PHE01B4093_001   4.866   0.000   4.866
GLN01B4094_001   1.066  -1.135  -0.069
GLN01B4094_002   1.388  -1.026   0.362
LYS01B4095_001   4.441  -6.733  -2.293
LYS+1B4095_002   4.395  -6.733  -2.338
ALA01B4096_001   0.000  -0.052  -0.052
MET01B4097_001   0.053   0.000   0.053
ASP01B4098_001   0.513  -2.870  -2.357
ASP01B4098_002   0.513  -2.870  -2.357
ASP02B4098_003   0.546  -2.825  -2.280
ASP02B4098_004   0.546  -2.825  -2.280
ASP-1B4098_005   0.435  -2.756  -2.321
SER01B4099_001   0.000  -2.370  -2.370
SER01B4099_002   0.000  -2.370  -2.370
GLN01B4100_001   2.520  -0.791   1.729
GLN01B4100_002   4.193  -0.708   3.484
LYS01B4101_001   1.070 -10.111  -9.041
LYS+1B4101_002   1.019 -10.111  -9.092
GLN01B4102_001   1.435  -2.864  -1.429
GLN01B4102_002   2.318  -2.918  -0.600
PHE01B4103_001   4.954  -0.155   4.800
THR01B4104_001   0.285  -3.804  -3.519
THR01B4104_002   0.285  -3.804  -3.519
PRO01B4106_001   0.290  -6.379  -6.089
GLU01B4107_001   2.256  -1.288   0.968
GLU01B4107_002   2.256  -1.288   0.968
GLU02B4107_003   1.810  -1.340   0.470
GLU02B4107_004   1.810  -1.340   0.470
GLU-1B4107_005   1.731  -1.288   0.443
ILE01B4108_001   1.842  -0.052   1.790
GLN01B4109_001   0.734  -2.544  -1.810
GLN01B4109_002   0.622  -2.537  -1.915
PHE01B4110_001   4.993  -0.206   4.787
LEU01B4111_001   1.832   0.000   1.832
LEU01B4112_001   2.032  -0.670   1.362
SER01B4113_001   0.000  -1.958  -1.958
CYS01B4114_001  -0.002   0.000  -0.002
CYS01B4114_002  -0.002   0.000  -0.002
CYS01B4114_003  -0.003   0.000  -0.003
CYS-1B4114_004   0.000   0.000   0.000
SER01B4115_001   0.000   0.000   0.000
SER01B4115_002   0.000   0.000   0.000
GLU01B4116_001   1.692  -1.808  -0.116
GLU01B4116_002   1.692  -1.808  -0.116
GLU02B4116_003   1.397  -1.861  -0.463
GLU02B4116_004   1.397  -1.861  -0.463
GLU-1B4116_005   1.303  -1.808  -0.505
ALA01B4117_001   0.000  -2.592  -2.592
ASP01B4118_001   0.357  -2.121  -1.765
ASP01B4118_002   0.357  -2.121  -1.765
ASP02B4118_003   0.414  -1.913  -1.499
ASP02B4118_004   0.414  -1.913  -1.499
ASP-1B4118_005   0.310  -1.964  -1.654
GLU01B4119_001   1.878  -3.901  -2.023
GLU01B4119_002   1.878  -3.901  -2.023
GLU02B4119_003   1.574  -3.917  -2.343
GLU02B4119_004   1.574  -3.917  -2.343
GLU-1B4119_005   1.466  -3.824  -2.357
ASN01B4120_001   0.033  -1.639  -1.606
ASN01B4120_002   0.208  -2.092  -1.884
GLU01B4121_001   3.847  -2.789   1.058
GLU01B4121_002   3.847  -2.789   1.058
GLU02B4121_003   3.062  -2.940   0.122
GLU02B4121_004   3.062  -2.940   0.122
GLU-1B4121_005   3.002  -2.756   0.246
MET01B4122_001   0.142  -0.816  -0.674
ILE01B4123_001   3.013   0.000   3.013
ASN01B4124_001   0.142  -1.974  -1.831
ASN01B4124_002  -0.012  -1.856  -1.868
PHE01B4125_001   4.854  -1.651   3.204
GLU01B4126_001   0.496  -3.653  -3.156
GLU01B4126_002   0.496  -3.653  -3.156
GLU02B4126_003   0.663  -3.501  -2.838
GLU02B4126_004   0.663  -3.501  -2.838
GLU-1B4126_005   0.465  -3.523  -3.058
GLU01B4127_001   4.095  -1.238   2.857
GLU01B4127_002   4.095  -1.238   2.857
GLU02B4127_003   3.301  -1.239   2.062
GLU02B4127_004   3.301  -1.239   2.062
GLU-1B4127_005   3.223  -1.213   2.010
PHE01B4128_001   5.690   0.000   5.690
ALA01B4129_001   0.000  -0.155  -0.155
ASN01B4130_001   0.503  -2.125  -1.622
ASN01B4130_002   0.242  -1.946  -1.703
ARG01B4131_001   3.655  -0.579   3.075
ARG02B4131_002   3.671  -0.579   3.092
ARG03B4131_003   3.602  -0.579   3.022
ARG03B4131_004   3.606  -0.579   3.027
ARG+1B4131_005   3.562  -0.579   2.983
PHE01B4132_001   4.808  -1.062   3.746
GLN01B4133_001   2.465  -1.625   0.840
GLN01B4133_002   1.644  -1.590   0.054
GLU01B4134_001   1.857  -2.600  -0.743
GLU01B4134_002   1.857  -2.600  -0.743
GLU02B4134_003   1.602  -2.709  -1.107
GLU02B4134_004   1.602  -2.709  -1.107
GLU-1B4134_005   1.471  -2.644  -1.173
PRO01B4135_001   0.334  -1.339  -1.005
ALA01B4136_001   0.000  -0.103  -0.103
ARG01B4137_001   2.798  -4.645  -1.847
ARG02B4137_002   2.774  -4.645  -1.871
ARG03B4137_003   2.874  -4.645  -1.771
ARG+1B4137_004   2.734  -4.645  -1.911
ASP01B4138_001   0.128  -1.598  -1.469
ASP01B4138_002   0.128  -1.598  -1.469
ASP02B4138_003   0.209  -1.677  -1.468
ASP02B4138_004   0.209  -1.677  -1.468
ASP-1B4138_005   0.122  -1.602  -1.480
ILE01B4139_001   3.592  -0.361   3.232
PHE01B4141_001   6.763  -0.676   6.087
ASN01B4142_001   0.636  -0.664  -0.028
ASN01B4142_002   0.357  -0.615  -0.259
VAL01B4143_001   0.533  -1.165  -0.632
ALA01B4144_001   0.000  -0.155  -0.155
VAL01B4145_001   0.516  -0.206   0.310
LEU01B4146_001   1.480  -0.274   1.206
LEU01B4147_001   3.024  -0.052   2.973
THR01B4148_001   0.242  -0.678  -0.437
THR01B4148_002   0.242  -0.678  -0.437
ASN01B4149_001   0.229  -0.079   0.151
LEU01B4150_001   1.795   0.000   1.795
SER01B4151_001   0.000  -0.988  -0.988
SER01B4151_002   0.000  -0.988  -0.988
GLU01B4152_001   3.427  -0.589   2.838
GLU01B4152_002   3.427  -0.589   2.838
GLU02B4152_003   2.722  -0.645   2.077
GLU02B4152_004   2.722  -0.645   2.077
GLU-1B4152_005   2.665  -0.564   2.101
HIS01B4153_001  -0.116  -0.226  -0.342
HIS02B4153_002  -0.135  -0.226  -0.361
HIS+1B4153_003  -0.162  -0.226  -0.388
VAL01B4154_001   0.919  -1.732  -0.813
PRO01B4155_001   0.370  -1.645  -1.274
HIS01B4156_001  -0.214  -6.392  -6.605
HIS01B4156_002  -0.166  -6.955  -7.121
HIS02B4156_003  -0.235  -6.392  -6.627
HIS02B4156_004  -0.175  -6.955  -7.129
HIS+1B4156_005  -0.262  -6.392  -6.653
HIS+1B4156_006  -0.202  -6.955  -7.156
ASP01B4157_001   0.094  -0.819  -0.725
ASP01B4157_002   0.094  -0.819  -0.725
ASP02B4157_003   0.171  -0.787  -0.616
ASP02B4157_004   0.171  -0.787  -0.616
ASP-1B4157_005   0.091  -0.784  -0.693
PRO01B4158_001   0.266  -6.776  -6.510
ARG01B4159_001   4.563  -6.177  -1.614
ARG02B4159_002   4.481  -6.177  -1.696
ARG02B4159_003   4.487  -6.177  -1.690
ARG03B4159_004   4.546  -6.177  -1.631
ARG+1B4159_005   4.442  -6.177  -1.735
LEU01B4160_001   1.758   0.000   1.758
ARG01B4161_001   2.365  -7.332  -4.967
ARG02B4161_002   2.389  -7.332  -4.944
ARG03B4161_003   2.329  -7.332  -5.004
ARG+1B4161_004   2.286  -7.332  -5.047
ASN01B4162_001   0.281  -1.673  -1.392
ASN01B4162_002   0.069  -1.634  -1.565
PHE01B4163_001   5.118  -0.101   5.017
LEU01B4164_001   1.874  -1.236   0.638
GLU01B4165_001   3.920  -3.425   0.495
GLU01B4165_002   3.920  -3.425   0.495
GLU02B4165_003   3.136  -3.511  -0.375
GLU02B4165_004   3.136  -3.511  -0.375
GLU-1B4165_005   3.066  -3.295  -0.229
LEU01B4166_001   2.274  -3.348  -1.074
ALA01B4167_001   0.000   0.000   0.000
GLU01B4168_001   2.051  -2.300  -0.249
GLU01B4168_002   2.051  -2.300  -0.249
GLU02B4168_003   1.739  -2.434  -0.695
GLU02B4168_004   1.739  -2.434  -0.695
GLU-1B4168_005   1.619  -2.234  -0.616
SER01B4169_001   0.000  -1.527  -1.527
SER01B4169_002   0.000  -1.527  -1.527
ILE01B4170_001   4.201  -0.206   3.995
LEU01B4171_001   2.033  -1.648   0.385
GLU01B4172_001   1.465  -2.373  -0.908
GLU01B4172_002   1.465  -2.373  -0.908
GLU02B4172_003   1.274  -2.386  -1.112
GLU02B4172_004   1.274  -2.386  -1.112
GLU-1B4172_005   1.152  -2.385  -1.233
TYR01B4173_001   5.078  -4.795   0.283
TYR01B4173_002   5.078  -4.795   0.283
TYR-1B4173_003   5.078  -4.795   0.283
PHE01B4174_001   5.249  -0.506   4.743
ARG01B4175_001   5.376  -6.362  -0.987
ARG02B4175_002   5.337  -6.362  -1.025
ARG02B4175_003   5.342  -6.362  -1.020
ARG03B4175_004   5.348  -6.362  -1.014
ARG+1B4175_005   5.297  -6.362  -1.065
PRO01B4176_001   0.522  -2.252  -1.731
TYR01B4177_001   5.589  -2.152   3.436
TYR-1B4177_002   5.589  -2.152   3.436
LEU01B4178_001   2.580  -1.391   1.189
ARG01B4180_001   2.431  -2.689  -0.259
ARG02B4180_002   2.394  -2.689  -0.295
ARG02B4180_003   2.454  -2.689  -0.235
ARG03B4180_004   2.388  -2.689  -0.301
ARG+1B4180_005   2.349  -2.689  -0.340
ILE01B4181_001   4.040   0.000   4.040
GLU01B4182_001   3.770   0.000   3.770
GLU01B4182_002   3.770   0.000   3.770
GLU02B4182_003   3.004   0.000   3.004
GLU02B4182_004   3.004   0.000   3.004
GLU-1B4182_005   2.941   0.000   2.941
ILE01B4183_001   1.908  -0.119   1.789
MET01B4184_001   1.260  -2.328  -1.069
ALA01B4186_001   0.000  -2.659  -2.659
SER01B4187_001   0.000  -0.768  -0.768
SER01B4187_002   0.000  -0.768  -0.768
ARG01B4188_001   1.308  -8.798  -7.490
ARG02B4188_002   1.289  -8.798  -7.508
ARG03B4188_003   1.281  -8.798  -7.516
ARG+1B4188_004   1.242  -8.798  -7.556
ARG01B4189_001   3.201  -3.647  -0.446
ARG02B4189_002   3.183  -3.647  -0.464
ARG03B4189_003   3.178  -3.647  -0.469
ARG+1B4189_004   3.134  -3.647  -0.513
ILE01B4190_001   3.275  -0.103   3.172
GLU01B4191_001   2.641  -0.174   2.467
GLU01B4191_002   2.641  -0.174   2.467
GLU02B4191_003   2.110  -0.179   1.930
GLU02B4191_004   2.110  -0.179   1.930
GLU-1B4191_005   2.040  -0.172   1.868
ARG01B4192_001   4.490  -0.582   3.909
ARG02B4192_002   4.452  -0.582   3.870
ARG02B4192_003   4.456  -0.582   3.875
ARG03B4192_004   4.462  -0.582   3.881
ARG03B4192_005   4.408  -0.582   3.826
ARG+1B4192_006   4.412  -0.582   3.830
ILE01B4193_001   4.043  -1.268   2.774
TYR01B4194_001   5.614  -0.971   4.644
TYR01B4194_002   5.614  -0.971   4.644
TYR-1B4194_003   5.614  -0.971   4.644
PHE01B4195_001   6.086   0.000   6.086
GLU01B4196_001   1.217  -0.816   0.401
GLU01B4196_002   1.217  -0.816   0.401
GLU02B4196_003   1.133  -0.807   0.326
GLU02B4196_004   1.133  -0.807   0.326
GLU-1B4196_005   0.983  -0.800   0.183
ILE01B4197_001   4.309  -0.206   4.103
SER01B4198_001   0.000  -2.690  -2.690
SER01B4198_002   0.000  -2.690  -2.690
GLU01B4199_001   5.418  -2.436   2.982
GLU01B4199_002   5.418  -2.436   2.982
GLU02B4199_003   4.361  -2.479   1.881
GLU02B4199_004   4.361  -2.479   1.881
GLU-1B4199_005   4.280  -2.377   1.902
THR01B4200_001   0.198  -4.400  -4.202
THR01B4200_002   0.198  -4.400  -4.202
ASN01B4201_001   0.242  -0.842  -0.599
ASN01B4201_002   0.462  -0.822  -0.360
ARG01B4202_001   5.346  -4.256   1.090
ARG02B4202_002   5.330  -4.256   1.074
ARG03B4202_003   5.274  -4.256   1.018
ARG+1B4202_004   5.229  -4.256   0.973
ALA01B4203_001   0.000  -2.231  -2.231
GLN01B4204_001   1.334  -1.334  -0.000
GLN01B4204_002   1.095  -1.442  -0.347
TRP01B4205_001   3.603  -1.174   2.429
GLU01B4206_001   1.169  -2.423  -1.254
GLU01B4206_002   1.169  -2.423  -1.254
GLU02B4206_003   1.048  -2.399  -1.351
GLU02B4206_004   1.048  -2.399  -1.351
GLU-1B4206_005   0.921  -2.363  -1.443
MET01B4207_001   0.464  -3.371  -2.907
PRO01B4208_001   0.261  -7.246  -6.985
GLN01B4209_001   0.847  -1.917  -1.070
GLN01B4209_002   0.737  -1.826  -1.089
VAL01B4210_001   0.610   0.000   0.610
LYS01B4211_001   0.959  -5.953  -4.994
LYS+1B4211_002   0.914  -5.953  -5.039
GLU01B4212_001   1.393  -2.347  -0.954
GLU01B4212_002   1.393  -2.347  -0.954
GLU02B4212_003   1.207  -2.276  -1.069
GLU02B4212_004   1.207  -2.276  -1.069
GLU-1B4212_005   1.089  -2.308  -1.218
SER01B4213_001   0.000  -1.779  -1.779
SER01B4213_002   0.000  -1.779  -1.779
LYS01B4214_001   4.344  -1.341   3.003
LYS+1B4214_002   4.246  -1.341   2.905
ARG01B4215_001   4.233  -7.865  -3.631
ARG02B4215_002   4.268  -7.865  -3.597
ARG03B4215_003   4.180  -7.865  -3.685
ARG+1B4215_004   4.133  -7.865  -3.731
GLN01B4216_001   2.224  -3.176  -0.951
GLN01B4216_002   3.627  -3.142   0.484
PHE01B4217_001   5.274  -0.813   4.461
ILE01B4218_001   3.311  -2.283   1.029
PHE01B4219_001   5.100  -2.165   2.934
ASP01B4220_001   0.268  -1.665  -1.397
ASP01B4220_002   0.268  -1.665  -1.397
ASP02B4220_003   0.374  -1.509  -1.135
ASP02B4220_004   0.374  -1.509  -1.135
ASP-1B4220_005   0.254  -1.537  -1.283
VAL01B4221_001   1.028  -0.155   0.873
VAL01B4222_001   0.757  -0.979  -0.221
ASN01B4223_001   0.216  -1.723  -1.506
ASN01B4223_002   0.033  -1.723  -1.690
GLU01B4224_001   1.876  -3.445  -1.569
GLU01B4224_002   1.876  -3.445  -1.569
GLU02B4224_003   1.635  -3.396  -1.761
GLU02B4224_004   1.635  -3.396  -1.761
GLU-1B4224_005   1.492  -3.302  -1.810
GLU01B4227_001   1.164  -3.903  -2.738
GLU01B4227_002   1.164  -3.903  -2.738
GLU02B4227_003   0.992  -3.910  -2.917
GLU02B4227_004   0.992  -3.910  -2.917
GLU-1B4227_005   0.895  -3.699  -2.803
ALA01B4228_001   0.000  -3.036  -3.036
GLU01B4229_001   3.014  -2.862   0.151
GLU01B4229_002   3.014  -2.862   0.151
GLU02B4229_003   2.508  -2.994  -0.486
GLU02B4229_004   2.508  -2.994  -0.486
GLU-1B4229_005   2.387  -2.774  -0.387
LYS01B4230_001   1.822  -4.033  -2.211
LYS+1B4230_002   1.771  -4.033  -2.262
MET01B4231_001   0.175  -0.576  -0.401
GLU01B4232_001   1.989  -1.316   0.672
GLU01B4232_002   1.989  -1.316   0.672
GLU02B4232_003   1.637  -1.093   0.543
GLU02B4232_004   1.637  -1.093   0.543
GLU-1B4232_005   1.543  -1.180   0.363
LEU01B4233_001   3.345  -3.792  -0.447
PHE01B4234_001   5.187  -0.051   5.136
VAL01B4235_001   0.919  -0.206   0.713
SER01B4236_001   0.000  -2.349  -2.349
SER01B4236_002   0.000  -2.349  -2.349
PHE01B4237_001   5.958  -1.082   4.876
CYS01B4238_001  -0.002  -0.214  -0.216
CYS01B4238_002  -0.002  -0.214  -0.216
CYS01B4238_003  -0.003  -0.214  -0.217
CYS-1B4238_004   0.000  -0.214  -0.214
GLU01B4239_001   6.554   0.000   6.554
GLU01B4239_002   6.554   0.000   6.554
GLU02B4239_003   5.263   0.000   5.263
GLU02B4239_004   5.263   0.000   5.263
GLU-1B4239_005   5.202   0.000   5.202
ASP01B4240_001   0.089  -0.758  -0.669
ASP01B4240_002   0.089  -0.758  -0.669
ASP02B4240_003   0.162  -0.797  -0.635
ASP02B4240_004   0.162  -0.797  -0.635
ASP-1B4240_005   0.084  -0.758  -0.675
THR01B4241_001   0.228  -0.052   0.177
THR01B4241_002   0.228  -0.052   0.177
ILE01B4242_001   3.260  -0.531   2.729
PHE01B4243_001   5.933  -0.960   4.973
GLU01B4244_001   2.089  -0.365   1.724
GLU01B4244_002   2.089  -0.365   1.724
GLU02B4244_003   1.656  -0.391   1.264
GLU02B4244_004   1.656  -0.391   1.264
GLU-1B4244_005   1.590  -0.357   1.232
MET01B4245_001   0.052  -0.203  -0.150
GLN01B4246_001   1.145  -2.236  -1.091
GLN01B4246_002   0.942  -2.290  -1.348
ILE01B4247_001   1.412  -1.355   0.056
ALA01B4248_001   0.000  -0.325  -0.325
ALA01B4249_001   0.000  -2.640  -2.640
GLN01B4250_001   2.365  -2.782  -0.417
GLN01B4250_002   3.868  -2.664   1.205
ILE01B4251_001   2.308  -1.561   0.746
SER01B4252_001   0.000  -3.123  -3.123
SER01B4252_002   0.000  -3.123  -3.123
GLU01B4253_001   0.502  -2.924  -2.422
GLU01B4253_002   0.502  -2.924  -2.422
GLU02B4253_003   0.669  -2.808  -2.139
GLU02B4253_004   0.669  -2.808  -2.139
GLU-1B4253_005   0.471  -2.704  -2.233
CTR01B4253_001  -0.021  -5.280  -5.301
CTR01B4253_002   0.107  -5.319  -5.212
CTR02B4253_003  -0.022  -5.300  -5.322
CTR02B4253_004   0.042  -5.416  -5.374
CTR-1B4253_005   0.000  -5.184  -5.184
NTR01B4540_001  -0.003  -2.921  -2.924
NTR+1B4540_002  -0.005  -2.921  -2.926
PHE01B4540_001   2.037  -3.064  -1.027
TRP01B4541_001   0.637 -14.583 -13.946
GLU01B4543_001   0.501  -3.511  -3.009
GLU01B4543_002   0.501  -3.511  -3.009
GLU02B4543_003   0.668  -3.552  -2.884
GLU02B4543_004   0.668  -3.552  -2.884
GLU-1B4543_005   0.470  -3.424  -2.954
LEU01B4544_001   1.459  -3.673  -2.215
GLU01B4545_001   0.498  -2.488  -1.990
GLU01B4545_002   0.498  -2.488  -1.990
GLU02B4545_003   0.665  -2.393  -1.728
GLU02B4545_004   0.665  -2.393  -1.728
GLU-1B4545_005   0.467  -2.403  -1.937
VAL01B4546_001   0.531  -5.969  -5.438
GLN01B4547_001   1.113  -2.590  -1.478
GLN01B4547_002   1.495  -2.642  -1.147
ARG01B4548_001   6.311  -7.282  -0.971
ARG02B4548_002   6.250  -7.282  -1.032
ARG02B4548_003   6.256  -7.282  -1.026
ARG03B4548_004   6.258  -7.282  -1.024
ARG+1B4548_005   6.210  -7.282  -1.072
VAL01B4549_001   0.914  -3.776  -2.862
LYS01B4550_001   3.794  -4.235  -0.441
LYS+1B4550_002   3.700  -4.235  -0.535
PHE01B4551_001   4.739  -6.861  -2.121
LEU01B4552_001   3.902  -1.545   2.356
ASN01B4553_001   0.295  -1.019  -0.724
ASN01B4553_002   0.458  -0.989  -0.531
TYR01B4554_001   4.666  -7.246  -2.580
TYR-1B4554_002   4.666  -7.246  -2.580
LEU01B4555_001   2.031  -0.361   1.671
SER01B4556_001   0.000   0.000   0.000
ARG01B4557_001   4.468  -3.932   0.535
ARG02B4557_002   4.430  -3.932   0.498
ARG03B4557_003   4.493  -3.932   0.561
ARG+1B4557_004   4.384  -3.932   0.452
ASN01B4558_001   0.170  -1.174  -1.004
PHE01B4559_001   4.616  -0.606   4.010
TYR01B4560_001   4.753  -7.315  -2.562
TYR-1B4560_002   4.753  -7.315  -2.562
THR01B4561_001   0.238  -4.342  -4.103
LEU01B4562_001   2.350  -1.079   1.272
ARG01B4563_001   1.643  -1.502   0.140
ARG02B4563_002   1.598  -1.502   0.096
ARG02B4563_003   1.603  -1.502   0.100
ARG03B4563_004   1.604  -1.502   0.101
ARG03B4563_005   1.664  -1.502   0.162
ARG+1B4563_006   1.560  -1.502   0.057
PHE01B4564_001   4.988  -8.351  -3.363
LEU01B4565_001   1.459  -3.741  -2.282
ALA01B4566_001   0.000  -0.052  -0.052
LEU01B4567_001   1.348  -2.334  -0.986
PHE01B4568_001   4.818  -8.429  -3.611
LEU01B4569_001   5.172  -0.309   4.863
ALA01B4570_001   0.000   0.000   0.000
PHE01B4571_001   5.030  -6.279  -1.248
ALA01B4572_001   0.000  -1.887  -1.887
ILE01B4573_001   1.617  -0.052   1.566
ASN01B4574_001   0.448  -0.238   0.210
ASN01B4574_002   0.230  -0.273  -0.044
PHE01B4575_001   4.782  -8.601  -3.819
ILE01B4576_001   4.827  -1.011   3.816
LEU01B4577_001   4.056  -2.299   1.758
LEU01B4578_001   2.277  -6.249  -3.972
PHE01B4579_001   4.855  -3.404   1.452
TYR01B4580_001   4.576  -3.126   1.450
TYR-1B4580_002   4.576  -3.126   1.450
LYS01B4581_001   1.527  -6.116  -4.589
LYS+1B4581_002   1.477  -6.116  -4.638
VAL01B4582_001   0.584  -5.354  -4.770
SER01B4583_001   0.000  -0.308  -0.308
SER01B4583_002   0.000  -0.308  -0.308
SER01B4583_003   0.000  -0.308  -0.308
ASP01B4584_001  -0.040  -3.585  -3.625
ASP01B4584_002  -0.040  -3.585  -3.625
ASP02B4584_003  -0.009  -3.530  -3.539
ASP02B4584_004  -0.009  -3.530  -3.539
ASP-1B4584_005  -0.040  -3.454  -3.494
SER01B4585_001   0.000  -3.535  -3.535
SER01B4585_002   0.000  -3.535  -3.535
PRO01B4586_001   0.288  -5.614  -5.326
PRO01B4587_001   0.264  -4.527  -4.262
CTR01B4587_001  -0.021  -4.634  -4.654
CTR01B4587_002   0.085  -4.808  -4.722
CTR02B4587_003  -0.022  -4.634  -4.656
CTR02B4587_004   0.030  -4.769  -4.739
CTR-1B4587_005   0.000  -4.634  -4.634
NTR01B4626_001  -0.003  -3.712  -3.715
NTR+1B4626_002  -0.005  -3.712  -3.717
ASN01B4626_001  -0.019  -3.588  -3.607
MET01B4627_001   0.140  -3.192  -3.051
VAL01B4628_001   0.540  -3.001  -2.460
TYR01B4629_001   5.003  -8.856  -3.853
TYR-1B4629_002   5.003  -8.856  -3.853
TYR01B4630_001   4.846  -3.927   0.919
TYR01B4630_002   4.846  -3.927   0.919
TYR-1B4630_003   4.846  -3.927   0.919
PHE01B4631_001   4.931  -2.652   2.279
LEU01B4632_001   2.074  -4.594  -2.520
GLU01B4633_001   3.345  -2.513   0.832
GLU01B4633_002   3.345  -2.513   0.832
GLU02B4633_003   2.667  -2.666   0.001
GLU02B4633_004   2.667  -2.666   0.001
GLU-1B4633_005   2.601  -2.610  -0.009
GLU01B4634_001   2.524  -1.285   1.240
GLU01B4634_002   2.524  -1.285   1.240
GLU02B4634_003   2.005  -1.186   0.819
GLU02B4634_004   2.005  -1.186   0.819
GLU-1B4634_005   1.942  -1.176   0.766
SER01B4635_001   0.000  -5.372  -5.372
THR01B4636_001   0.173  -1.677  -1.504
THR01B4636_002   0.173  -1.677  -1.504
THR01B4636_003   0.173  -1.677  -1.504
TYR01B4638_001   4.776  -9.866  -5.090
TYR01B4638_002   4.776  -9.866  -5.090
TYR-1B4638_003   4.776  -9.866  -5.090
MET01B4639_001  59.623   0.000  59.623
GLU01B4640_001   2.145  -2.282  -0.137
GLU01B4640_002   2.145  -2.282  -0.137
GLU02B4640_003   1.773  -2.291  -0.518
GLU02B4640_004   1.773  -2.291  -0.518
GLU-1B4640_005   1.672  -2.239  -0.567
PRO01B4641_001   0.254  -6.148  -5.894
ALA01B4642_001   0.000  -2.901  -2.901
LEU01B4643_001   4.017  -1.767   2.249
TRP01B4644_001   2.870  -7.489  -4.619
CYS01B4645_001  -0.002  -3.862  -3.864
CYS01B4645_002  -0.002  -3.862  -3.864
CYS01B4645_003  -0.002  -3.862  -3.864
CYS-1B4645_004   0.000  -3.862  -3.862
LEU01B4646_001   1.604  -3.210  -1.605
SER01B4647_001   0.000   0.000   0.000
SER01B4647_002   0.000   0.000   0.000
LEU01B4648_001   2.397  -4.926  -2.529
LEU01B4649_001   2.551  -3.519  -0.967
HIS01B4650_001  -0.137   0.000  -0.137
HIS02B4650_002  -0.156   0.000  -0.156
HIS+1B4650_003  -0.183   0.000  -0.183
THR01B4651_001   0.238  -1.325  -1.087
THR01B4651_002   0.238  -1.325  -1.087
LEU01B4652_001   4.143  -5.576  -1.433
VAL01B4653_001   0.760  -0.515   0.244
ALA01B4654_001   0.000   0.000   0.000
PHE01B4655_001   4.871  -8.029  -3.158
LEU01B4656_001   2.311  -2.624  -0.313
CYS01B4657_001  -0.002   0.000  -0.002
CYS01B4657_002  -0.002   0.000  -0.002
CYS01B4657_003  -0.003   0.000  -0.003
CYS-1B4657_004   0.000   0.000   0.000
ILE01B4658_001   2.913  -1.906   1.007
ILE01B4659_001   2.066  -3.071  -1.005
TYR01B4661_001   5.460  -0.303   5.157
TYR01B4661_002   5.460  -0.303   5.157
TYR-1B4661_003   5.460  -0.303   5.157
ASN01B4662_001   0.183  -2.087  -1.904
ASN01B4662_002   0.014  -1.959  -1.945
CYS01B4663_001  -0.002  -1.241  -1.243
CYS01B4663_002  -0.002  -1.241  -1.243
CYS01B4663_003  -0.002  -1.241  -1.244
CYS-1B4663_004   0.000  -1.241  -1.241
LEU01B4664_001   2.029  -1.854   0.175
LYS01B4665_001   4.056  -3.568   0.488
LYS+1B4665_002   3.993  -3.568   0.424
VAL01B4666_001   0.338   0.000   0.338
PRO01B4667_001   0.308  -1.819  -1.511
LEU01B4668_001   2.561  -1.388   1.173
VAL01B4669_001   0.454  -1.713  -1.259
ILE01B4670_001   2.356  -0.670   1.686
PHE01B4671_001   5.445  -0.051   5.394
LYS01B4672_001   1.227  -4.814  -3.587
LYS+1B4672_002   1.180  -4.814  -3.634
ARG01B4673_001   2.688  -0.797   1.891
ARG02B4673_002   2.651  -0.797   1.854
ARG02B4673_003   2.655  -0.797   1.858
ARG03B4673_004   2.659  -0.797   1.862
ARG03B4673_005   2.722  -0.797   1.925
ARG+1B4673_006   2.612  -0.797   1.815
GLU01B4674_001   2.520   0.000   2.520
GLU01B4674_002   2.520   0.000   2.520
GLU02B4674_003   2.085   0.000   2.085
GLU02B4674_004   2.085   0.000   2.085
GLU-1B4674_005   1.988   0.000   1.988
LYS01B4675_001   1.695  -0.959   0.735
LYS+1B4675_002   1.646  -0.959   0.687
GLU01B4676_001   4.250  -1.407   2.843
GLU01B4676_002   4.250  -1.407   2.843
GLU02B4676_003   3.404  -1.398   2.006
GLU02B4676_004   3.404  -1.398   2.006
GLU-1B4676_005   3.336  -1.391   1.945
LEU01B4677_001   1.412  -0.412   1.000
ALA01B4678_001   0.000  -0.309  -0.309
ARG01B4679_001   2.107  -2.654  -0.548
ARG02B4679_002   2.090  -2.654  -0.564
ARG02B4679_003   2.173  -2.654  -0.481
ARG03B4679_004   2.082  -2.654  -0.572
ARG03B4679_005   2.086  -2.654  -0.569
ARG+1B4679_006   2.042  -2.654  -0.612
LYS01B4680_001   1.006  -5.315  -4.309
LYS+1B4680_002   0.958  -5.315  -4.357
LEU01B4681_001   1.306  -0.052   1.255
GLU01B4682_001   2.633  -0.553   2.080
GLU01B4682_002   2.633  -0.553   2.080
GLU02B4682_003   2.119  -0.578   1.541
GLU02B4682_004   2.119  -0.578   1.541
GLU-1B4682_005   2.044  -0.551   1.493
PHE01B4683_001   5.453  -3.689   1.764
ASP01B4684_001   0.194  -2.394  -2.200
ASP01B4684_002   0.194  -2.394  -2.200
ASP02B4684_003   0.285  -2.424  -2.139
ASP02B4684_004   0.285  -2.424  -2.139
ASP-1B4684_005   0.184  -2.313  -2.129
LEU01B4686_001   2.073  -1.990   0.084
TYR01B4687_001   5.683  -0.101   5.582
TYR01B4687_002   5.683  -0.101   5.582
TYR-1B4687_003   5.683  -0.101   5.582
ILE01B4688_001   2.469   0.000   2.469
THR01B4689_001   0.207  -3.035  -2.828
THR01B4689_002   0.207  -3.035  -2.828
GLU01B4690_001   4.111  -3.099   1.012
GLU01B4690_002   4.111  -3.099   1.012
GLU02B4690_003   3.301  -3.096   0.205
GLU02B4690_004   3.301  -3.096   0.205
GLU-1B4690_005   3.227  -2.997   0.230
GLN01B4691_001   1.733  -2.457  -0.724
GLN01B4691_002   2.529  -2.590  -0.062
PRO01B4692_001   0.450  -0.247   0.203
ASP01B4694_001   0.171  -2.601  -2.431
ASP01B4694_002   0.171  -2.601  -2.431
ASP02B4694_003   0.258  -2.695  -2.438
ASP02B4694_004   0.258  -2.695  -2.438
ASP-1B4694_005   0.161  -2.540  -2.379
ASP01B4695_001   0.208  -3.290  -3.083
ASP01B4695_002   0.208  -3.290  -3.083
ASP02B4695_003   0.305  -3.286  -2.981
ASP02B4695_004   0.305  -3.286  -2.981
ASP-1B4695_005   0.198  -3.118  -2.920
ASP01B4696_001   0.175  -3.108  -2.933
ASP01B4696_002   0.175  -3.108  -2.933
ASP02B4696_003   0.262  -3.046  -2.784
ASP02B4696_004   0.262  -3.046  -2.784
ASP-1B4696_005   0.165  -2.998  -2.832
VAL01B4697_001   0.687  -7.102  -6.415
LYS01B4698_001   2.390  -5.670  -3.280
LYS+1B4698_002   2.338  -5.670  -3.332
GLN01B4700_001   1.920  -1.815   0.105
GLN01B4700_002   1.372  -2.027  -0.655
TRP01B4701_001   3.671  -3.945  -0.274
ASP01B4702_001   0.174  -0.103   0.070
ASP01B4702_002   0.174  -0.103   0.070
ASP02B4702_003   0.262  -0.109   0.154
ASP02B4702_004   0.262  -0.109   0.154
ASP-1B4702_005   0.165  -0.103   0.061
ARG01B4703_001   4.636  -5.217  -0.581
ARG02B4703_002   4.579  -5.217  -0.638
ARG03B4703_003   4.587  -5.217  -0.630
ARG+1B4703_004   4.539  -5.217  -0.679
LEU01B4704_001   3.628  -2.524   1.104
VAL01B4705_001   0.586   0.000   0.586
LEU01B4706_001   1.702  -0.155   1.547
ASN01B4707_001   0.581  -1.302  -0.721
THR01B4708_001   0.278   0.000   0.278
THR01B4708_002   0.278   0.000   0.278
PRO01B4709_001   0.297  -4.346  -4.048
SER01B4710_001   0.000  -1.516  -1.516
SER01B4710_002   0.000  -1.516  -1.516
SER01B4710_003   0.000  -1.516  -1.516
PHE01B4711_001   5.131  -0.118   5.013
PRO01B4712_001   0.313  -0.306   0.008
SER01B4713_001   0.000  -1.580  -1.580
SER01B4713_002   0.000  -1.580  -1.580
ASN01B4714_001   0.161  -0.983  -0.822
ASN01B4714_002   0.000  -0.925  -0.925
TYR01B4715_001   5.199  -0.694   4.505
TYR01B4715_002   5.199  -0.694   4.505
TYR-1B4715_003   5.199  -0.694   4.505
TRP01B4716_001   3.019  -2.927   0.091
ASP01B4717_001   0.305  -0.966  -0.661
ASP01B4717_002   0.305  -0.966  -0.661
ASP02B4717_003   0.365  -0.965  -0.600
ASP02B4717_004   0.365  -0.965  -0.600
ASP-1B4717_005   0.267  -0.969  -0.702
LYS01B4718_001   0.597  -4.380  -3.783
LYS+1B4718_002   0.556  -4.380  -3.824
PHE01B4719_001   5.609  -2.408   3.201
VAL01B4720_001   0.736  -0.309   0.427
LYS01B4721_001   0.945  -1.017  -0.072
LYS+1B4721_002   0.899  -1.017  -0.118
ARG01B4722_001   6.319  -4.196   2.123
ARG02B4722_002   6.255  -4.196   2.059
ARG02B4722_003   6.261  -4.196   2.065
ARG03B4722_004   6.264  -4.196   2.067
ARG03B4722_005   6.344  -4.196   2.148
ARG+1B4722_006   6.215  -4.196   2.019
LYS01B4723_001   2.065  -4.304  -2.240
LYS+1B4723_002   2.017  -4.304  -2.288
VAL01B4724_001   0.683  -0.052   0.632
LEU01B4725_001   2.588  -0.515   2.073
ASP01B4726_001   0.166  -3.199  -3.032
ASP01B4726_002   0.166  -3.199  -3.032
ASP02B4726_003   0.267  -3.123  -2.856
ASP02B4726_004   0.267  -3.123  -2.856
ASP-1B4726_005   0.162  -3.045  -2.883
LYS01B4727_001   2.083  -3.794  -1.711
LYS+1B4727_002   2.033  -3.794  -1.761
HIS01B4728_001  -0.099  -1.117  -1.216
HIS01B4728_002  -0.045  -1.404  -1.449
HIS02B4728_003  -0.119  -1.117  -1.236
HIS02B4728_004  -0.058  -1.404  -1.462
HIS+1B4728_005  -0.146  -1.117  -1.263
HIS+1B4728_006  -0.084  -1.404  -1.489
ASP01B4730_001   0.089  -3.457  -3.368
ASP01B4730_002   0.089  -3.457  -3.368
ASP02B4730_003   0.163  -3.414  -3.251
ASP02B4730_004   0.163  -3.414  -3.251
ASP-1B4730_005   0.085  -3.359  -3.274
ILE01B4731_001   2.463  -5.283  -2.820
PHE01B4732_001   4.335  -3.984   0.351
ARG01B4734_001   2.434  -7.357  -4.923
ARG02B4734_002   2.414  -7.357  -4.943
ARG03B4734_003   2.419  -7.357  -4.938
ARG+1B4734_004   2.371  -7.357  -4.986
GLU01B4735_001   3.323  -3.185   0.138
GLU01B4735_002   3.323  -3.185   0.138
GLU02B4735_003   2.686  -3.101  -0.415
GLU02B4735_004   2.686  -3.101  -0.415
GLU-1B4735_005   2.600  -2.988  -0.387
ARG01B4736_001   5.099  -7.981  -2.882
ARG02B4736_002   5.047  -7.981  -2.934
ARG03B4736_003   5.050  -7.981  -2.931
ARG+1B4736_004   5.001  -7.981  -2.980
ILE01B4737_001   2.559   0.000   2.559
ALA01B4738_001   0.000  -0.103  -0.103
GLU01B4739_001   4.509  -2.485   2.025
GLU01B4739_002   4.509  -2.485   2.025
GLU02B4739_003   3.611  -2.550   1.061
GLU02B4739_004   3.611  -2.550   1.061
GLU-1B4739_005   3.542  -2.531   1.011
LEU01B4740_001   2.923  -2.057   0.865
LEU01B4741_001   1.320  -0.103   1.217
MET01B4743_001   2.048  -0.671   1.377
ASP01B4744_001  -0.040  -2.146  -2.186
ASP01B4744_002  -0.040  -2.146  -2.186
ASP02B4744_003  -0.009  -2.142  -2.151
ASP02B4744_004  -0.009  -2.142  -2.151
ASP-1B4744_005  -0.041  -2.088  -2.129
LEU01B4745_001   1.459  -5.956  -4.497
ALA01B4746_001   0.000  -0.824  -0.824
SER01B4747_001   0.000  -1.311  -1.311
LEU01B4748_001   1.459  -5.921  -4.462
GLU01B4749_001   0.500  -2.767  -2.267
GLU01B4749_002   0.500  -2.767  -2.267
GLU02B4749_003   0.667  -2.761  -2.093
GLU02B4749_004   0.667  -2.761  -2.093
GLU-1B4749_005   0.469  -2.700  -2.232
ILE01B4750_001   0.938  -1.597  -0.659
THR01B4751_001   0.151  -5.414  -5.263
ALA01B4752_001   0.000  -2.949  -2.949
HIS01B4753_001  -0.354  -1.669  -2.022
HIS01B4753_002  -0.345  -1.536  -1.881
HIS02B4753_003  -0.363  -1.669  -2.032
HIS02B4753_004  -0.356  -1.536  -1.892
HIS+1B4753_005  -0.383  -1.669  -2.051
HIS+1B4753_006  -0.375  -1.536  -1.911
ASN01B4754_001  -0.020  -0.827  -0.846
ASN01B4754_002  -0.090  -0.551  -0.642
GLU01B4755_001   0.501  -2.475  -1.974
GLU01B4755_002   0.501  -2.475  -1.974
GLU02B4755_003   0.668  -2.536  -1.868
GLU02B4755_004   0.668  -2.536  -1.868
GLU-1B4755_005   0.470  -2.442  -1.972
ARG01B4756_0011192.004  -4.3341187.670
ARG02B4756_0021191.986  -4.3341187.652
ARG03B4756_0031192.020  -4.3341187.686
ARG03B4756_004 191.041  -4.334 186.707
ARG+1B4756_0051191.954  -4.3341187.620
LYS01B4757_001   3.798  -2.615   1.182
LYS+1B4757_002   3.703  -2.615   1.088
PRO01B4758_001   0.212  -5.612  -5.399
ASP01B4759_001  -0.040  -3.094  -3.134
ASP01B4759_002  -0.040  -3.094  -3.134
ASP02B4759_003  -0.009  -3.135  -3.144
ASP02B4759_004  -0.009  -3.135  -3.144
ASP-1B4759_005  -0.040  -3.070  -3.111
PRO01B4760_001   0.225  -6.522  -6.297
PRO01B4761_001   0.239  -7.148  -6.909
PRO01B4762_001   0.228  -5.666  -5.438
LEU01B4764_001   1.465  -4.771  -3.306
LEU01B4765_001   1.454  -4.224  -2.770
THR01B4766_001   0.215  -5.133  -4.919
THR01B4766_002   0.215  -5.133  -4.919
TRP01B4767_001   3.050  -6.971  -3.922
LEU01B4768_001   3.303  -6.352  -3.048
MET01B4769_001   0.196  -9.447  -9.251
SER01B4770_001   0.000  -3.365  -3.365
ILE01B4771_001   1.957  -4.153  -2.196
ASP01B4772_001   0.112  -1.995  -1.884
ASP01B4772_002   0.112  -1.995  -1.884
ASP02B4772_003   0.179  -1.990  -1.811
ASP02B4772_004   0.179  -1.990  -1.811
ASP-1B4772_005   0.101  -1.977  -1.876
VAL01B4773_001   0.672  -5.714  -5.043
LYS01B4774_001   1.058  -6.107  -5.049
LYS+1B4774_002   1.009  -6.107  -5.098
TYR01B4775_001   4.965  -0.919   4.046
TYR01B4775_002   4.965  -0.919   4.046
TYR-1B4775_003   4.965  -0.919   4.046
GLN01B4776_001   0.813  -1.966  -1.153
ILE01B4777_001   2.881  -4.272  -1.391
TRP01B4778_001   4.127  -0.051   4.077
LYS01B4779_001   1.845  -3.669  -1.824
LYS+1B4779_002   1.799  -3.669  -1.870
PHE01B4780_001   4.887  -6.080  -1.193
VAL01B4782_001   1.196   0.000   1.196
ILE01B4783_001   2.624  -1.304   1.320
PHE01B4784_001   4.172  -6.811  -2.639
THR01B4785_001   0.189  -2.114  -1.925
THR01B4785_002   0.189  -2.114  -1.925
ASP01B4786_001   0.273  -1.014  -0.741
ASP01B4786_002   0.273  -1.014  -0.741
ASP02B4786_003   0.331  -0.930  -0.599
ASP02B4786_004   0.331  -0.930  -0.599
ASP-1B4786_005   0.238  -0.930  -0.692
ASN01B4787_001   0.446  -3.656  -3.210
ASN01B4787_002   0.211  -3.669  -3.458
SER01B4788_001   0.000  -2.358  -2.358
SER01B4788_002   0.000  -2.358  -2.358
SER01B4788_003   0.000  -2.358  -2.358
PHE01B4789_001   5.253  -1.786   3.467
LEU01B4790_001   2.015  -4.665  -2.650
TYR01B4791_001   5.244  -3.888   1.357
TYR-1B4791_002   5.244  -3.888   1.357
LEU01B4792_001   1.347  -0.773   0.574
TRP01B4794_001   3.651  -8.926  -5.275
TYR01B4795_001   4.758  -0.051   4.707
TYR-1B4795_002   4.758  -0.051   4.707
MET01B4796_001   5.236  -1.266   3.970
VAL01B4797_001   0.629  -3.400  -2.771
MET01B4798_001  -0.030  -1.006  -1.036
SER01B4799_001   0.000   0.000   0.000
SER01B4799_002   0.000   0.000   0.000
SER01B4799_003   0.000   0.000   0.000
LEU01B4800_001   2.382  -5.698  -3.316
LEU01B4801_001   1.373  -3.673  -2.300
HIS01B4803_001  -0.180  -3.044  -3.224
HIS01B4803_002  -0.144  -2.777  -2.921
HIS02B4803_003  -0.197  -3.044  -3.242
HIS02B4803_004  -0.158  -2.777  -2.935
HIS+1B4803_005  -0.224  -3.044  -3.269
HIS+1B4803_006  -0.185  -2.777  -2.961
TYR01B4804_001   3.983  -9.705  -5.722
TYR-1B4804_002   3.983  -9.705  -5.722
ASN01B4805_001   0.150  -2.198  -2.048
ASN01B4805_002  -0.008  -1.875  -1.882
ASN01B4806_001   0.535  -1.885  -1.350
ASN01B4806_002   0.274  -1.875  -1.602
PHE01B4807_001   4.450 -11.114  -6.665
PHE01B4808_001   5.134  -3.436   1.698
PHE01B4809_001   4.199  -0.287   3.912
ALA01B4810_001   0.000  -1.681  -1.681
ALA01B4811_001   0.000  -0.721  -0.721
HIS01B4812_001  -0.090   0.000  -0.090
HIS02B4812_002  -0.111   0.000  -0.111
HIS+1B4812_003  -0.138   0.000  -0.138
LEU01B4813_001   3.924  -2.952   0.972
LEU01B4814_001   1.370  -7.463  -6.093
ASP01B4815_001   0.502  -0.248   0.253
ASP01B4815_002   0.502  -0.248   0.253
ASP02B4815_003   0.527  -0.246   0.281
ASP02B4815_004   0.527  -0.246   0.281
ASP-1B4815_005   0.422  -0.241   0.181
ILE01B4816_001   2.913  -0.377   2.536
ALA01B4817_001   0.000  -2.386  -2.386
MET01B4818_001   0.158  -4.680  -4.522
VAL01B4820_001   0.865  -3.364  -2.499
LYS01B4821_001   1.462  -7.816  -6.354
LYS+1B4821_002   1.416  -7.816  -6.401
THR01B4822_001   0.263  -4.733  -4.470
LEU01B4823_001   1.062  -5.370  -4.308
ARG01B4824_001   3.234  -6.140  -2.906
ARG02B4824_002   3.196  -6.140  -2.944
ARG03B4824_003   3.205  -6.140  -2.935
ARG+1B4824_004   3.156  -6.140  -2.984
THR01B4825_001   0.201  -4.244  -4.043
THR01B4825_002   0.201  -4.244  -4.043
ILE01B4826_001   4.874  -5.338  -0.464
LEU01B4827_001   3.294  -5.370  -2.076
SER01B4828_001   0.000  -2.275  -2.275
SER01B4829_001   0.000  -0.048  -0.048
SER01B4829_002   0.000  -0.048  -0.048
VAL01B4830_001   0.549  -4.240  -3.691
THR01B4831_001   0.246  -4.490  -4.244
THR01B4831_002   0.246  -4.490  -4.244
HIS01B4832_001  -0.156  -3.395  -3.551
HIS02B4832_002  -0.174  -3.395  -3.569
HIS+1B4832_003  -0.201  -3.395  -3.596
ASN01B4833_001   0.467  -0.625  -0.158
ASN01B4833_002   0.216  -0.748  -0.532
LYS01B4835_001   1.718  -8.464  -6.745
LYS+1B4835_002   1.672  -8.464  -6.791
GLN01B4836_001   0.798  -3.318  -2.521
GLN01B4836_002   0.683  -3.243  -2.559
LEU01B4837_001   2.163  -1.494   0.669
VAL01B4838_001   0.754  -5.611  -4.857
MET01B4839_001   0.076  -8.189  -8.113
THR01B4840_001   0.135  -0.524  -0.388
THR01B4840_002   0.135  -0.524  -0.388
THR01B4840_003   0.135  -0.524  -0.388
VAL01B4841_001   1.137  -4.411  -3.274
LEU01B4843_001   3.771  -5.508  -1.737
LEU01B4844_001   4.482  -2.588   1.893
ALA01B4845_001   0.000  -2.556  -2.556
VAL01B4846_001   0.719  -4.787  -4.068
VAL01B4847_001   0.711  -1.082  -0.371
VAL01B4848_001   1.044   0.000   1.044
TYR01B4849_001   4.862  -7.183  -2.321
TYR-1B4849_002   4.862  -7.183  -2.321
LEU01B4850_001   1.759  -6.020  -4.262
TYR01B4851_001   4.485  -3.216   1.269
TYR-1B4851_002   4.485  -3.216   1.269
THR01B4852_001   0.305   0.000   0.305
THR01B4852_002   0.305   0.000   0.305
THR01B4852_003   0.305   0.000   0.305
VAL01B4853_001   0.826  -3.194  -2.367
VAL01B4854_001   0.581  -2.077  -1.496
ALA01B4855_001   0.000  -0.377  -0.377
PHE01B4856_001   4.930  -2.409   2.521
ASN01B4857_001   0.313  -2.065  -1.753
ASN01B4857_002   0.116  -2.003  -1.888
PHE01B4858_001   4.498  -9.411  -4.913
PHE01B4859_001   4.752  -0.455   4.297
ARG01B4860_001   1.993  -7.178  -5.185
ARG02B4860_002   1.966  -7.178  -5.212
ARG03B4860_003   1.970  -7.178  -5.208
ARG+1B4860_004   1.921  -7.178  -5.257
LYS01B4861_001   2.309  -6.859  -4.551
LYS+1B4861_002   2.249  -6.859  -4.610
PHE01B4862_001   4.938  -1.499   3.439
TYR01B4863_001   4.591   0.000   4.591
TYR01B4863_002   4.591   0.000   4.591
TYR-1B4863_003   4.591   0.000   4.591
ASN01B4864_001   0.172  -1.319  -1.147
ASN01B4864_002   0.370  -1.181  -0.811
LYS01B4865_001   4.670  -1.620   3.049
LYS+1B4865_002   4.619  -1.620   2.999
SER01B4866_001   0.000  -3.883  -3.883
SER01B4866_002   0.000  -3.883  -3.883
GLU01B4867_001   3.560  -2.214   1.345
GLU01B4867_002   3.560  -2.214   1.345
GLU02B4867_003   2.908  -2.319   0.589
GLU02B4867_004   2.908  -2.319   0.589
GLU-1B4867_005   2.813  -2.238   0.575
ASP01B4868_001   0.420  -3.877  -3.457
ASP01B4868_002   0.420  -3.877  -3.457
ASP02B4868_003   0.475  -3.800  -3.325
ASP02B4868_004   0.475  -3.800  -3.325
ASP-1B4868_005   0.364  -3.720  -3.356
GLU01B4869_001   1.809  -3.902  -2.094
GLU01B4869_002   1.809  -3.902  -2.094
GLU02B4869_003   1.497  -3.996  -2.499
GLU02B4869_004   1.497  -3.996  -2.499
GLU-1B4869_005   1.404  -3.832  -2.429
ASP01B4870_001   0.260  -2.970  -2.710
ASP01B4870_002   0.260  -2.970  -2.710
ASP02B4870_003   0.367  -3.043  -2.676
ASP02B4870_004   0.367  -3.043  -2.676
ASP-1B4870_005   0.248  -2.860  -2.612
GLU01B4871_001   4.531  -1.667   2.864
GLU01B4871_002   4.531  -1.667   2.864
GLU02B4871_003   3.614  -1.706   1.909
GLU02B4871_004   3.614  -1.706   1.909
GLU-1B4871_005   3.546  -1.632   1.913
CTR01B4871_001  -0.021  -0.956  -0.977
CTR01B4871_002   0.092  -0.956  -0.864
CTR02B4871_003  -0.022  -0.956  -0.978
CTR02B4871_004   0.036  -0.956  -0.920
CTR-1B4871_005   0.000  -0.956  -0.956
NTR01B4872_001  -0.002  -0.711  -0.713
NTR+1B4872_002  -0.004  -0.711  -0.715
PRO01B4872_001   0.270  -5.441  -5.170
ASP01B4873_001   0.111  -1.795  -1.684
ASP01B4873_002   0.111  -1.795  -1.684
ASP02B4873_003   0.193  -1.734  -1.541
ASP02B4873_004   0.193  -1.734  -1.541
ASP-1B4873_005   0.107  -1.736  -1.629
MET01B4874_001   0.851  -1.426  -0.576
LYS01B4875_001   6.517  -1.584   4.933
LYS+1B4875_002   6.633  -1.584   5.050
CYS01B4876_001  -0.002   0.000  -0.002
CYS01B4876_002  -0.002   0.000  -0.002
CYS01B4876_003  -0.003   0.000  -0.003
CYS-1B4876_004   0.000   0.000   0.000
ASP01B4877_001   0.098  -1.859  -1.761
ASP01B4877_002   0.098  -1.859  -1.761
ASP02B4877_003   0.167  -1.745  -1.578
ASP02B4877_004   0.167  -1.745  -1.578
ASP-1B4877_005   0.091  -1.701  -1.610
ASP01B4878_001  -0.041  -1.985  -2.025
ASP01B4878_002  -0.041  -1.985  -2.025
ASP02B4878_003  -0.009  -2.144  -2.153
ASP02B4878_004  -0.009  -2.144  -2.153
ASP-1B4878_005  -0.041  -1.985  -2.025
MET01B4879_001   0.119  -4.166  -4.048
MET01B4880_001   1.041  -9.635  -8.594
THR01B4881_001   0.300  -2.053  -1.753
THR01B4881_002   0.300  -2.053  -1.753
THR01B4881_003   0.300  -2.053  -1.753
CYS01B4882_001  -0.002   0.000  -0.002
CYS01B4882_002  -0.002   0.000  -0.002
CYS01B4882_003  -0.002   0.000  -0.002
CYS-1B4882_004   0.000   0.000   0.000
TYR01B4883_001   5.382  -2.303   3.079
TYR01B4883_002   5.382  -2.303   3.079
TYR-1B4883_003   5.382  -2.303   3.079
LEU01B4884_001   1.997  -6.416  -4.419
PHE01B4885_001   5.726  -0.758   4.968
HIS01B4886_001  -0.137  -0.115  -0.252
HIS01B4886_002  -0.095  -0.064  -0.160
HIS02B4886_003  -0.156  -0.115  -0.271
HIS02B4886_004  -0.109  -0.064  -0.173
HIS+1B4886_005  -0.183  -0.115  -0.298
HIS+1B4886_006  -0.135  -0.064  -0.199
MET01B4887_001   1.430  -3.645  -2.214
TYR01B4888_001   5.036  -8.940  -3.904
TYR-1B4888_002   5.036  -8.940  -3.904
VAL01B4889_001   0.677  -0.515   0.162
VAL01B4891_001   0.632  -1.355  -0.723
ARG01B4892_001   7.274  -7.258   0.016
ARG02B4892_002   7.209  -7.258  -0.049
ARG03B4892_003   7.210  -7.258  -0.048
ARG+1B4892_004   7.162  -7.258  -0.096
ALA01B4893_001   0.000  -0.052  -0.052
ILE01B4897_001   1.527  -0.666   0.861
ASP01B4899_001   0.102  -1.632  -1.530
ASP01B4899_002   0.102  -1.632  -1.530
ASP02B4899_003   0.177  -1.758  -1.581
ASP02B4899_004   0.177  -1.758  -1.581
ASP-1B4899_005   0.096  -1.654  -1.557
GLU01B4900_001   3.388  -1.166   2.222
GLU01B4900_002   3.388  -1.166   2.222
GLU02B4900_003   2.710  -1.266   1.443
GLU02B4900_004   2.710  -1.266   1.443
GLU-1B4900_005   2.647  -1.166   1.481
ILE01B4901_001   7.846  -0.567   7.279
GLU01B4902_001   3.601  -1.682   1.919
GLU01B4902_002   3.601  -1.682   1.919
GLU02B4902_003   2.964  -1.605   1.358
GLU02B4902_004   2.964  -1.605   1.358
GLU-1B4902_005   2.838  -1.610   1.228
ASP01B4903_001   0.072  -3.065  -2.993
ASP01B4903_002   0.072  -3.065  -2.993
ASP02B4903_003   0.144  -3.123  -2.979
ASP02B4903_004   0.144  -3.123  -2.979
ASP-1B4903_005   0.069  -3.010  -2.940
PRO01B4904_001   0.237  -0.972  -0.735
ALA01B4905_001   0.000  -2.849  -2.849
ASP01B4907_001  -0.040  -3.517  -3.558
ASP01B4907_002  -0.040  -3.517  -3.558
ASP02B4907_003  -0.009  -3.655  -3.664
ASP02B4907_004  -0.009  -3.655  -3.664
ASP-1B4907_005  -0.041  -3.432  -3.472
GLU01B4908_001   0.499  -2.402  -1.903
GLU01B4908_002   0.499  -2.402  -1.903
GLU02B4908_003   0.665  -2.511  -1.846
GLU02B4908_004   0.665  -2.511  -1.846
GLU-1B4908_005   0.467  -2.416  -1.948
TYR01B4909_001   4.059  -8.133  -4.074
TYR-1B4909_002   4.059  -8.133  -4.074
GLU01B4910_001   0.500  -1.393  -0.893
GLU01B4910_002   0.500  -1.393  -0.893
GLU02B4910_003   0.667  -1.418  -0.751
GLU02B4910_004   0.667  -1.418  -0.751
GLU-1B4910_005   0.469  -1.335  -0.866
LEU01B4911_001   3.055  -9.217  -6.162
TYR01B4912_001   3.949  -9.074  -5.125
TYR01B4912_002   3.949  -9.074  -5.125
TYR-1B4912_003   3.949  -9.074  -5.125
ARG01B4913_001  13.547  -0.963  12.585
ARG02B4913_002  13.505  -0.963  12.542
ARG03B4913_003  13.543  -0.963  12.581
ARG+1B4913_004  13.458  -0.963  12.495
VAL01B4914_001   0.812  -4.272  -3.461
VAL01B4915_001   0.713  -5.216  -4.502
PHE01B4916_001   4.959  -1.672   3.287
ASP01B4917_001   0.340  -0.515  -0.175
ASP01B4917_002   0.340  -0.515  -0.175
ASP02B4917_003   0.395  -0.526  -0.131
ASP02B4917_004   0.395  -0.526  -0.131
ASP-1B4917_005   0.295  -0.508  -0.213
ILE01B4918_001   5.218  -5.132   0.086
THR01B4919_001   0.223  -2.710  -2.487
THR01B4919_002   0.223  -2.710  -2.487
PHE01B4920_001   5.009   0.000   5.009
PHE01B4921_001   4.829  -1.566   3.263
PHE01B4922_001   4.973  -6.066  -1.094
PHE01B4923_001   4.244  -9.016  -4.772
VAL01B4924_001   0.799  -2.299  -1.500
ILE01B4925_001   3.812  -0.155   3.657
VAL01B4926_001   0.663  -3.689  -3.026
ILE01B4927_001   0.883  -4.858  -3.975
LEU01B4928_001   1.341  -0.155   1.186
LEU01B4929_001   2.016  -6.349  -4.333
ALA01B4930_001   0.000  -2.556  -2.556
ILE01B4931_001   2.475  -3.348  -0.873
ILE01B4932_001   6.047  -2.865   3.181
GLN01B4933_001   3.311  -3.099   0.212
GLN01B4933_002   5.390  -3.253   2.137
LEU01B4935_001   2.172  -2.592  -0.420
ILE01B4936_001   4.356  -1.819   2.537
ILE01B4937_001   4.478  -7.344  -2.865
ASP01B4938_001   0.064  -3.120  -3.056
ASP01B4938_002   0.064  -3.120  -3.056
ASP02B4938_003   0.131  -3.037  -2.906
ASP02B4938_004   0.131  -3.037  -2.906
ASP-1B4938_005   0.059  -2.963  -2.904
ALA01B4939_001   0.000   0.000   0.000
PHE01B4940_001   4.888  -4.086   0.802
GLU01B4942_001   4.838  -1.772   3.066
GLU01B4942_002   4.838  -1.772   3.066
GLU02B4942_003   3.901  -1.860   2.042
GLU02B4942_004   3.901  -1.860   2.042
GLU-1B4942_005   3.819  -1.718   2.101
LEU01B4943_001   1.526  -2.885  -1.358
ARG01B4944_001   4.536  -9.702  -5.166
ARG02B4944_002   4.546  -9.702  -5.156
ARG03B4944_003   4.475  -9.702  -5.227
ARG+1B4944_004   4.434  -9.702  -5.267
ASP01B4945_001   0.550  -2.343  -1.793
ASP01B4945_002   0.550  -2.343  -1.793
ASP02B4945_003   0.538  -2.360  -1.821
ASP02B4945_004   0.538  -2.360  -1.821
ASP-1B4945_005   0.448  -2.309  -1.861
GLN01B4946_001   0.915  -1.221  -0.305
GLN01B4946_002   0.794  -1.039  -0.244
GLN01B4947_001   1.184  -1.883  -0.699
GLN01B4947_002   1.486  -1.860  -0.374
GLU01B4948_001   2.603  -1.839   0.764
GLU01B4948_002   2.603  -1.839   0.764
GLU02B4948_003   2.171  -1.886   0.285
GLU02B4948_004   2.171  -1.886   0.285
GLU-1B4948_005   2.057  -1.790   0.267
GLN01B4949_001   4.680  -1.904   2.776
VAL01B4950_001   0.648  -0.531   0.117
LYS01B4951_001   4.750  -8.431  -3.681
LYS+1B4951_002   4.782  -8.431  -3.649
GLU01B4952_001   5.260  -2.313   2.947
GLU01B4952_002   5.260  -2.313   2.947
GLU02B4952_003   4.206  -2.438   1.768
GLU02B4952_004   4.206  -2.438   1.768
GLU-1B4952_005   4.139  -2.359   1.780
ASP01B4953_001   0.523  -0.724  -0.202
ASP01B4953_002   0.523  -0.724  -0.202
ASP02B4953_003   0.559  -0.689  -0.130
ASP02B4953_004   0.559  -0.689  -0.130
ASP-1B4953_005   0.445  -0.689  -0.244
MET01B4954_001   0.159  -3.386  -3.227
GLU01B4955_001   0.497  -3.322  -2.825
GLU01B4955_002   0.497  -3.322  -2.825
GLU02B4955_003   0.664  -3.304  -2.641
GLU02B4955_004   0.664  -3.304  -2.641
GLU-1B4955_005   0.466  -3.265  -2.798
THR01B4956_001   0.287  -2.272  -1.985
THR01B4956_002   0.287  -2.272  -1.985
THR01B4956_003   0.287  -2.272  -1.985
LYS01B4957_001   5.890  -3.799   2.091
LYS+1B4957_002   5.836  -3.799   2.037
CYS01B4958_001  -0.002  -0.071  -0.073
CYS01B4958_002  -0.002  -0.071  -0.073
CYS01B4958_003  -0.002  -0.071  -0.074
CYS-1B4958_004   0.000  -0.071  -0.071
PHE01B4959_001   5.809  -0.613   5.196
ILE01B4960_001   4.661   0.000   4.661
CYS01B4961_001  -0.002   0.000  -0.002
CYS01B4961_002  -0.002   0.000  -0.002
CYS01B4961_003  -0.003   0.000  -0.003
CYS-1B4961_004   0.000   0.000   0.000
ILE01B4963_001   2.630  -1.339   1.291
SER01B4965_001   0.000  -0.971  -0.971
SER01B4965_002   0.000  -0.971  -0.971
SER01B4965_003   0.000  -0.971  -0.971
ASP01B4966_001   0.222  -3.546  -3.324
ASP01B4966_002   0.222  -3.546  -3.324
ASP02B4966_003   0.320  -3.597  -3.277
ASP02B4966_004   0.320  -3.597  -3.277
ASP-1B4966_005   0.210  -3.484  -3.274
TYR01B4967_001   5.950  -4.382   1.567
TYR01B4967_002   5.950  -4.382   1.567
TYR-1B4967_003   5.950  -4.382   1.567
PHE01B4968_001   6.793   0.000   6.793
ASP01B4969_001   0.332  -0.804  -0.473
ASP01B4969_002   0.332  -0.804  -0.473
ASP02B4969_003   0.455  -0.810  -0.355
ASP02B4969_004   0.455  -0.810  -0.355
ASP-1B4969_005   0.317  -0.801  -0.484
THR01B4970_001   0.289  -5.477  -5.188
THR01B4970_002   0.289  -5.477  -5.188
THR01B4971_001   0.226  -3.099  -2.873
PRO01B4972_001   0.349  -6.087  -5.738
HIS01B4973_001  -0.111  -7.052  -7.162
HIS02B4973_002  -0.131  -7.052  -7.182
HIS+1B4973_003  -0.158  -7.052  -7.209
PHE01B4975_001   5.918  -0.758   5.160
GLU01B4976_001   0.854  -1.683  -0.830
GLU01B4976_002   0.854  -1.683  -0.830
GLU02B4976_003   0.721  -1.772  -1.051
GLU02B4976_004   0.721  -1.772  -1.051
GLU-1B4976_005   0.647  -1.683  -1.037
THR01B4977_001   0.212  -3.349  -3.137
THR01B4977_002   0.212  -3.349  -3.137
HIS01B4978_001  -0.178   0.000  -0.178
HIS02B4978_002  -0.195   0.000  -0.195
HIS+1B4978_003  -0.223   0.000  -0.223
THR01B4979_001   0.220  -2.387  -2.167
THR01B4979_002   0.220  -2.387  -2.167
LEU01B4980_001   2.866  -6.436  -3.569
GLU01B4981_001   2.676  -0.768   1.909
GLU01B4981_002   2.676  -0.768   1.909
GLU02B4981_003   2.305  -0.786   1.519
GLU02B4981_004   2.305  -0.786   1.519
GLU-1B4981_005   2.171  -0.748   1.422
GLU01B4982_001   2.236  -0.345   1.892
GLU01B4982_002   2.236  -0.345   1.892
GLU02B4982_003   1.766  -0.362   1.404
GLU02B4982_004   1.766  -0.362   1.404
GLU-1B4982_005   1.704  -0.345   1.359
HIS01B4983_001  -0.259   0.000  -0.259
HIS02B4983_002  -0.279   0.000  -0.279
HIS+1B4983_003  -0.306   0.000  -0.306
ASN01B4984_001   0.312  -1.988  -1.676
ASN01B4984_002   0.611  -2.028  -1.416
LEU01B4985_001   4.860  -1.648   3.212
ALA01B4986_001   0.000  -0.721  -0.721
ASN01B4987_001   0.155  -0.153   0.003
TYR01B4988_001   5.103  -0.544   4.559
TYR01B4988_002   5.103  -0.544   4.559
TYR-1B4988_003   5.103  -0.544   4.559
MET01B4989_001   5.865  -0.071   5.794
PHE01B4990_001   4.717  -0.404   4.313
PHE01B4991_001   5.441  -0.674   4.767
LEU01B4992_001   4.451  -0.618   3.833
MET01B4993_001   0.389  -0.850  -0.461
TYR01B4994_001   5.376  -2.767   2.608
TYR01B4994_002   5.376  -2.767   2.608
TYR-1B4994_003   5.376  -2.767   2.608
LEU01B4995_001   2.321  -0.206   2.115
ILE01B4996_001   3.159  -2.279   0.879
ASN01B4997_001   0.503  -1.703  -1.200
ASN01B4997_002   0.233  -1.884  -1.650
LYS01B4998_001   1.022  -1.947  -0.924
LYS+1B4998_002   0.979  -1.947  -0.968
ASP01B4999_001   0.143  -2.704  -2.561
ASP01B4999_002   0.143  -2.704  -2.561
ASP02B4999_003   0.217  -2.850  -2.633
ASP02B4999_004   0.217  -2.850  -2.633
ASP-1B4999_005   0.132  -2.653  -2.521
GLU01B5000_001   3.172  -2.795   0.377
GLU01B5000_002   3.172  -2.795   0.377
GLU02B5000_003   2.540  -2.935  -0.395
GLU02B5000_004   2.540  -2.935  -0.395
GLU-1B5000_005   2.469  -2.778  -0.309
THR01B5001_001   0.205  -4.567  -4.362
THR01B5001_002   0.205  -4.567  -4.362
GLU01B5002_001   1.220  -2.745  -1.525
GLU01B5002_002   1.220  -2.745  -1.525
GLU02B5002_003   1.069  -2.677  -1.608
GLU02B5002_004   1.069  -2.677  -1.608
GLU-1B5002_005   0.952  -2.661  -1.710
HIS01B5003_001  -0.195  -0.268  -0.462
HIS01B5003_002  -0.163  -0.343  -0.505
HIS02B5003_003  -0.211  -0.268  -0.479
HIS02B5003_004  -0.177  -0.343  -0.520
HIS+1B5003_005  -0.238  -0.268  -0.506
HIS+1B5003_006  -0.204  -0.343  -0.546
THR01B5004_001   0.210  -1.844  -1.634
THR01B5004_002   0.210  -1.844  -1.634
THR01B5004_003   0.210  -1.844  -1.634
GLN01B5006_001   2.499  -0.298   2.201
GLN01B5006_002   4.032  -0.305   3.727
GLU01B5007_001   2.769  -0.591   2.178
GLU01B5007_002   2.769  -0.591   2.178
GLU02B5007_003   2.203  -0.542   1.661
GLU02B5007_004   2.203  -0.542   1.661
GLU-1B5007_005   2.138  -0.517   1.621
SER01B5008_001   0.000  -1.765  -1.765
SER01B5008_002   0.000  -1.765  -1.765
TYR01B5009_001   5.493  -2.786   2.707
TYR-1B5009_002   5.493  -2.786   2.707
VAL01B5010_001   0.582  -0.618  -0.036
TRP01B5011_001   3.252  -2.882   0.370
LYS01B5012_001   4.247  -7.233  -2.986
LYS+1B5012_002   4.172  -7.233  -3.061
MET01B5013_001   0.032  -1.965  -1.933
TYR01B5014_001   4.593  -0.748   3.846
TYR01B5014_002   4.593  -0.748   3.846
TYR-1B5014_003   4.593  -0.748   3.846
GLN01B5015_001   0.696  -1.270  -0.574
GLN01B5015_002   0.680  -1.129  -0.448
GLU01B5016_001   1.437  -2.795  -1.358
GLU01B5016_002   1.437  -2.795  -1.358
GLU02B5016_003   1.249  -2.746  -1.497
GLU02B5016_004   1.249  -2.746  -1.497
GLU-1B5016_005   1.131  -2.705  -1.574
ARG01B5017_001   8.392  -1.044   7.348
ARG02B5017_002   8.318  -1.044   7.274
ARG03B5017_003   8.377  -1.044   7.333
ARG+1B5017_004   8.272  -1.044   7.228
CYS01B5018_001  -0.002  -2.767  -2.769
CYS01B5018_002  -0.002  -2.767  -2.769
CYS01B5018_003  -0.002  -2.767  -2.770
CYS-1B5018_004   0.000  -2.767  -2.767
TRP01B5019_001   3.761  -1.911   1.850
ASP01B5020_001   0.590  -2.435  -1.845
ASP01B5020_002   0.590  -2.435  -1.845
ASP02B5020_003   0.635  -2.340  -1.706
ASP02B5020_004   0.635  -2.340  -1.706
ASP-1B5020_005   0.507  -2.274  -1.767
PHE01B5021_001   5.773  -0.842   4.931
PHE01B5022_001   6.360  -0.406   5.954
PRO01B5023_001   0.393   0.000   0.393
ALA01B5024_001   0.000  -3.020  -3.020
ASP01B5026_001   0.103  -0.822  -0.720
ASP01B5026_002   0.103  -0.822  -0.720
ASP02B5026_003   0.184  -0.776  -0.592
ASP02B5026_004   0.184  -0.776  -0.592
ASP-1B5026_005   0.102  -0.822  -0.721
CYS01B5027_001  -0.002   0.000  -0.002
CYS01B5027_002  -0.002   0.000  -0.002
CYS01B5027_003  -0.003   0.000  -0.003
CYS-1B5027_004   0.000   0.000   0.000
PHE01B5028_001   6.227  -1.314   4.913
ARG01B5029_001   2.624  -2.643  -0.019
ARG02B5029_002   2.553  -2.643  -0.091
ARG03B5029_003   2.559  -2.643  -0.085
ARG03B5029_004   2.620  -2.643  -0.023
ARG+1B5029_005   2.514  -2.643  -0.130
LYS01B5030_001   3.428  -4.297  -0.869
LYS+1B5030_002   3.341  -4.297  -0.957
GLN01B5031_001   1.320  -1.354  -0.033
GLN01B5031_002   1.068  -1.521  -0.453
TYR01B5032_001   4.804  -0.863   3.941
TYR01B5032_002   4.804  -0.863   3.941
TYR-1B5032_003   4.804  -0.863   3.941
GLU01B5033_001   3.448  -1.683   1.765
GLU01B5033_002   3.448  -1.683   1.765
GLU02B5033_003   2.776  -1.695   1.081
GLU02B5033_004   2.776  -1.695   1.081
GLU-1B5033_005   2.698  -1.671   1.027
ASP01B5034_001  -0.040  -3.020  -3.060
ASP01B5034_002  -0.040  -3.020  -3.060
ASP02B5034_003  -0.009  -3.110  -3.119
ASP02B5034_004  -0.009  -3.110  -3.119
ASP-1B5034_005  -0.040  -2.992  -3.032
GLN01B5035_001   1.475  -2.177  -0.702
LEU01B5036_001   2.517  -2.762  -0.245
SER01B5037_001   0.000  -3.377  -3.377
SER01B5037_002   0.000  -3.377  -3.377
CTR01B5037_001  -0.021  -2.732  -2.753
CTR01B5037_002   0.107  -2.732  -2.625
CTR02B5037_003  -0.022  -2.732  -2.754
CTR02B5037_004   0.040  -2.616  -2.576
CTR-1B5037_005   0.000  -2.732  -2.732
_ZN+2B5101_001   0.000   0.000   0.000
_CA+2B5102_001   0.000  -0.609  -0.609
