  pH           0     1     2     3     4     5     6     7     8     9    10    11    12    13    14
NTR+B3639_  1.00  1.00  1.00  1.00  1.00  1.00  0.99  0.90  0.48  0.09  0.01  0.00  0.00  0.00  0.00
TYR-B3642_ -0.00 -0.00 -0.00 -0.00 -0.00 -0.00 -0.00 -0.00 -0.02 -0.13 -0.59 -0.93 -0.99 -1.00 -1.00
HIS+B3647_  1.00  1.00  1.00  1.00  0.98  0.83  0.33  0.05  0.00  0.00  0.00  0.00  0.00  0.00  0.00
ARG+B3648_  1.00  1.00  1.00  1.00  1.00  1.00  1.00  1.00  1.00  1.00  1.00  0.99  0.97  0.75  0.24
CYS-B3650_ -0.00 -0.00 -0.00 -0.00 -0.00 -0.00 -0.00 -0.02 -0.17 -0.66 -0.95 -0.99 -1.00 -1.00 -1.00
GLU-B3655_ -0.00 -0.00 -0.01 -0.06 -0.33 -0.78 -0.96 -0.99 -1.00 -1.00 -1.00 -1.00 -1.00 -1.00 -1.00
TYR-B3657_ -0.00 -0.00 -0.00 -0.00 -0.00 -0.00 -0.00 -0.00 -0.00 -0.00 -0.03 -0.22 -0.72 -0.96 -0.99
LYS+B3658_  1.00  1.00  1.00  1.00  1.00  1.00  1.00  1.00  1.00  0.99  0.91  0.56  0.12  0.02  0.00
GLU-B3665_ -0.01 -0.04 -0.17 -0.47 -0.76 -0.91 -0.98 -1.00 -1.00 -1.00 -1.00 -1.00 -1.00 -1.00 -1.00
ASP-B3666_ -0.02 -0.12 -0.36 -0.70 -0.91 -0.98 -1.00 -1.00 -1.00 -1.00 -1.00 -1.00 -1.00 -1.00 -1.00
HIS+B3667_  1.00  1.00  1.00  1.00  1.00  1.00  0.99  0.96  0.82  0.46  0.11  0.02  0.00  0.00  0.00
GLU-B3670_ -0.18 -0.34 -0.50 -0.51 -0.62 -0.83 -0.96 -0.99 -1.00 -1.00 -1.00 -1.00 -1.00 -1.00 -1.00
ASP-B3671_ -0.02 -0.10 -0.39 -0.69 -0.81 -0.88 -0.91 -0.94 -0.95 -0.97 -0.99 -1.00 -1.00 -1.00 -1.00
ARG+B3672_  1.00  1.00  1.00  1.00  1.00  1.00  1.00  1.00  1.00  1.00  1.00  1.00  1.00  0.94  0.66
ASP-B3675_ -0.00 -0.01 -0.02 -0.04 -0.06 -0.08 -0.11 -0.24 -0.63 -0.88 -0.98 -1.00 -1.00 -1.00 -1.00
ASP-B3676_ -0.00 -0.00 -0.01 -0.07 -0.33 -0.75 -0.95 -0.99 -1.00 -1.00 -1.00 -1.00 -1.00 -1.00 -1.00
LYS+B3679_  1.00  1.00  1.00  1.00  1.00  1.00  1.00  1.00  1.00  1.00  0.97  0.76  0.26  0.04  0.01
GLU-B3682_ -0.00 -0.00 -0.02 -0.12 -0.40 -0.73 -0.94 -0.99 -1.00 -1.00 -1.00 -1.00 -1.00 -1.00 -1.00
GLU-B3684_ -0.00 -0.00 -0.00 -0.03 -0.18 -0.48 -0.82 -0.97 -1.00 -1.00 -1.00 -1.00 -1.00 -1.00 -1.00
GLU-B3685_ -0.00 -0.00 -0.01 -0.05 -0.28 -0.68 -0.93 -0.99 -1.00 -1.00 -1.00 -1.00 -1.00 -1.00 -1.00
GLU-B3686_ -0.00 -0.00 -0.01 -0.09 -0.39 -0.77 -0.96 -0.99 -1.00 -1.00 -1.00 -1.00 -1.00 -1.00 -1.00
GLU-B3687_ -0.00 -0.00 -0.01 -0.04 -0.19 -0.46 -0.81 -0.96 -0.99 -1.00 -1.00 -1.00 -1.00 -1.00 -1.00
GLU-B3688_ -0.00 -0.00 -0.00 -0.02 -0.16 -0.52 -0.88 -0.98 -1.00 -1.00 -1.00 -1.00 -1.00 -1.00 -1.00
GLU-B3689_ -0.00 -0.00 -0.00 -0.03 -0.16 -0.52 -0.85 -0.98 -1.00 -1.00 -1.00 -1.00 -1.00 -1.00 -1.00
GLU-B3691_ -0.00 -0.00 -0.00 -0.02 -0.14 -0.49 -0.88 -0.98 -1.00 -1.00 -1.00 -1.00 -1.00 -1.00 -1.00
GLU-B3692_ -0.00 -0.00 -0.01 -0.04 -0.24 -0.65 -0.92 -0.99 -1.00 -1.00 -1.00 -1.00 -1.00 -1.00 -1.00
LYS+B3693_  1.00  1.00  1.00  1.00  1.00  1.00  1.00  1.00  1.00  1.00  0.99  0.90  0.53  0.14  0.03
LYS+B3694_  1.00  1.00  1.00  1.00  1.00  1.00  1.00  1.00  1.00  1.00  1.00  0.99  0.91  0.57  0.15
ASP-B3696_ -0.31 -0.80 -0.95 -0.99 -0.99 -1.00 -1.00 -1.00 -1.00 -1.00 -1.00 -1.00 -1.00 -1.00 -1.00
HIS+B3699_  0.98  0.92  0.67  0.25  0.07  0.02  0.00  0.00  0.00  0.00  0.00  0.00  0.00  0.00  0.00
HIS+B3704_  1.00  1.00  1.00  1.00  1.00  0.98  0.92  0.51  0.11  0.02  0.00  0.00  0.00  0.00  0.00
ARG+B3707_  1.00  1.00  1.00  1.00  1.00  1.00  1.00  1.00  1.00  1.00  1.00  1.00  0.97  0.79  0.29
GLU-B3712_ -0.00 -0.00 -0.03 -0.20 -0.66 -0.93 -0.99 -1.00 -1.00 -1.00 -1.00 -1.00 -1.00 -1.00 -1.00
LYS+B3713_  1.00  1.00  1.00  1.00  1.00  1.00  1.00  1.00  1.00  1.00  0.98  0.87  0.50  0.12  0.02
LYS+B3715_  1.00  1.00  1.00  1.00  1.00  1.00  1.00  1.00  1.00  0.99  0.92  0.59  0.18  0.03  0.00
ASP-B3717_ -0.44 -0.85 -0.97 -0.99 -1.00 -1.00 -1.00 -1.00 -1.00 -1.00 -1.00 -1.00 -1.00 -1.00 -1.00
GLU-B3718_ -0.00 -0.01 -0.03 -0.14 -0.45 -0.85 -0.97 -1.00 -1.00 -1.00 -1.00 -1.00 -1.00 -1.00 -1.00
ASP-B3719_ -0.01 -0.05 -0.25 -0.68 -0.92 -0.99 -1.00 -1.00 -1.00 -1.00 -1.00 -1.00 -1.00 -1.00 -1.00
TYR-B3720_ -0.00 -0.00 -0.00 -0.00 -0.00 -0.00 -0.00 -0.00 -0.00 -0.02 -0.14 -0.57 -0.90 -0.99 -1.00
TYR-B3722_ -0.00 -0.00 -0.00 -0.00 -0.00 -0.00 -0.00 -0.00 -0.00 -0.00 -0.00 -0.00 -0.00 -0.00 -0.00
TYR-B3725_ -0.00 -0.00 -0.00 -0.00 -0.00 -0.00 -0.00 -0.00 -0.00 -0.00 -0.04 -0.24 -0.69 -0.94 -0.99
ASP-B3727_ -0.00 -0.02 -0.10 -0.28 -0.56 -0.81 -0.94 -0.99 -1.00 -1.00 -1.00 -1.00 -1.00 -1.00 -1.00
LYS+B3731_  1.00  1.00  1.00  1.00  1.00  1.00  1.00  1.00  1.00  1.00  0.99  0.96  0.79  0.32  0.06
CYS-B3733_ -0.00 -0.00 -0.00 -0.00 -0.00 -0.00 -0.00 -0.00 -0.00 -0.00 -0.00 -0.00 -0.00 -0.00 -0.00
HIS+B3734_  0.46  0.24  0.13  0.08  0.06  0.04  0.01  0.00  0.00  0.00  0.00  0.00  0.00  0.00  0.00
GLU-B3736_ -0.00 -0.00 -0.00 -0.00 -0.00 -0.00 -0.00 -0.00 -0.00 -0.00 -0.00 -0.00 -0.01 -0.03 -0.13
GLU-B3737_ -0.00 -0.01 -0.02 -0.07 -0.16 -0.29 -0.56 -0.83 -0.95 -0.99 -1.00 -1.00 -1.00 -1.00 -1.00
GLU-B3740_ -0.00 -0.00 -0.00 -0.00 -0.01 -0.01 -0.02 -0.06 -0.22 -0.55 -0.87 -0.98 -1.00 -1.00 -1.00
CTR-B3741_ -0.00 -0.00 -0.01 -0.05 -0.16 -0.38 -0.71 -0.92 -0.99 -1.00 -1.00 -1.00 -1.00 -1.00 -1.00
NTR+B3747_  1.00  1.00  1.00  1.00  1.00  1.00  0.98  0.91  0.55  0.12  0.02  0.00  0.00  0.00  0.00
GLU-B3747_ -0.00 -0.00 -0.02 -0.09 -0.34 -0.72 -0.92 -0.98 -1.00 -1.00 -1.00 -1.00 -1.00 -1.00 -1.00
GLU-B3748_ -0.00 -0.00 -0.02 -0.10 -0.28 -0.52 -0.80 -0.95 -0.99 -1.00 -1.00 -1.00 -1.00 -1.00 -1.00
GLU-B3750_ -0.00 -0.01 -0.03 -0.10 -0.22 -0.49 -0.70 -0.93 -0.99 -1.00 -1.00 -1.00 -1.00 -1.00 -1.00
GLU-B3754_ -0.21 -0.45 -0.55 -0.70 -0.64 -0.66 -0.67 -0.77 -0.91 -0.98 -1.00 -1.00 -1.00 -1.00 -1.00
GLU-B3755_ -0.17 -0.37 -0.40 -0.29 -0.37 -0.37 -0.44 -0.61 -0.85 -0.95 -0.99 -1.00 -1.00 -1.00 -1.00
LYS+B3756_  1.00  1.00  1.00  1.00  1.00  1.00  1.00  1.00  1.00  1.00  1.00  1.00  1.00  1.00  0.98
GLU-B3757_ -0.00 -0.01 -0.03 -0.08 -0.24 -0.52 -0.80 -0.94 -0.98 -0.99 -1.00 -1.00 -1.00 -1.00 -1.00
GLU-B3759_ -0.09 -0.29 -0.54 -0.75 -0.87 -0.93 -0.97 -0.99 -0.99 -1.00 -1.00 -1.00 -1.00 -1.00 -1.00
LYS+B3760_  1.00  1.00  1.00  1.00  1.00  1.00  1.00  1.00  1.00  1.00  0.99  0.97  0.82  0.42  0.14
ARG+B3762_  1.00  1.00  1.00  1.00  1.00  1.00  1.00  1.00  1.00  1.00  1.00  1.00  1.00  1.00  1.00
TYR-B3765_ -0.00 -0.00 -0.00 -0.00 -0.00 -0.00 -0.00 -0.00 -0.00 -0.00 -0.00 -0.00 -0.01 -0.05 -0.24
ARG+B3769_  1.00  1.00  1.00  1.00  1.00  1.00  1.00  1.00  1.00  1.00  1.00  1.00  1.00  1.00  0.99
HIS+B3771_  1.00  1.00  1.00  1.00  0.99  0.99  0.95  0.79  0.44  0.14  0.02  0.00  0.00  0.00  0.00
ARG+B3773_  1.00  1.00  1.00  1.00  1.00  1.00  1.00  1.00  1.00  1.00  1.00  1.00  1.00  0.97  0.86
GLU-B3777_ -0.00 -0.00 -0.01 -0.02 -0.07 -0.20 -0.53 -0.87 -0.97 -1.00 -1.00 -1.00 -1.00 -1.00 -1.00
CTR-B3778_ -0.07 -0.07 -0.07 -0.05 -0.05 -0.06 -0.06 -0.09 -0.19 -0.35 -0.67 -0.92 -0.98 -0.99 -1.00
NTR+B3780_  0.07  0.07  0.07  0.05  0.05  0.05  0.05  0.05  0.04  0.03  0.01  0.00  0.00  0.00  0.00
CTR-B3784_ -0.00 -0.00 -0.01 -0.05 -0.19 -0.52 -0.78 -0.83 -0.88 -0.93 -0.98 -1.00 -1.00 -1.00 -1.00
NTR+B3786_  1.00  1.00  1.00  0.99  0.97  0.93  0.88  0.82  0.71  0.37  0.11  0.03  0.01  0.00  0.00
CYS-B3786_ -0.00 -0.00 -0.00 -0.00 -0.00 -0.00 -0.00 -0.00 -0.00 -0.00 -0.00 -0.00 -0.00 -0.00 -0.00
LYS+B3787_  1.00  1.00  1.00  1.00  1.00  1.00  1.00  1.00  1.00  0.99  0.97  0.83  0.43  0.10  0.02
GLU-B3789_ -0.01 -0.08 -0.39 -0.81 -0.94 -0.99 -1.00 -1.00 -1.00 -1.00 -1.00 -1.00 -1.00 -1.00 -1.00
LYS+B3799_  1.00  1.00  1.00  1.00  1.00  1.00  1.00  1.00  1.00  1.00  1.00  1.00  1.00  0.99  0.92
GLU-B3811_ -0.00 -0.01 -0.08 -0.29 -0.65 -0.89 -0.97 -0.99 -1.00 -1.00 -1.00 -1.00 -1.00 -1.00 -1.00
LYS+B3815_  1.00  1.00  1.00  1.00  0.99  0.99  0.96  0.83  0.47  0.14  0.02  0.00  0.00  0.00  0.00
ASP-B3818_ -0.00 -0.00 -0.06 -0.28 -0.55 -0.82 -0.96 -0.99 -1.00 -1.00 -1.00 -1.00 -1.00 -1.00 -1.00
TYR-B3819_ -0.00 -0.00 -0.00 -0.00 -0.00 -0.00 -0.00 -0.00 -0.00 -0.00 -0.00 -0.00 -0.00 -0.02 -0.08
LYS+B3821_  1.00  1.00  1.00  1.00  1.00  1.00  1.00  1.00  1.00  0.99  0.94  0.65  0.17  0.03  0.00
ASP-B3822_ -0.00 -0.00 -0.04 -0.21 -0.58 -0.82 -0.96 -0.99 -1.00 -1.00 -1.00 -1.00 -1.00 -1.00 -1.00
LYS+B3823_  1.00  1.00  1.00  1.00  1.00  1.00  1.00  1.00  1.00  1.00  1.00  0.99  0.96  0.76  0.32
CTR-B3823_ -0.00 -0.00 -0.00 -0.03 -0.14 -0.45 -0.84 -0.97 -1.00 -1.00 -1.00 -1.00 -1.00 -1.00 -1.00
NTR+B3836_  1.00  1.00  1.00  1.00  1.00  1.00  1.00  0.99  0.99  0.98  0.96  0.87  0.53  0.14  0.02
CTR-B3836_ -0.81 -0.96 -0.99 -1.00 -0.98 -0.98 -0.98 -0.99 -0.99 -1.00 -1.00 -1.00 -1.00 -1.00 -1.00
NTR+B3838_  0.99  0.99  1.00  1.00  0.98  0.97  0.90  0.62  0.22  0.07  0.02  0.01  0.00  0.00  0.00
CYS-B3839_ -0.00 -0.00 -0.00 -0.00 -0.00 -0.00 -0.00 -0.00 -0.00 -0.00 -0.00 -0.00 -0.00 -0.00 -0.00
ASP-B3843_ -0.00 -0.00 -0.00 -0.06 -0.24 -0.65 -0.90 -0.97 -1.00 -1.00 -1.00 -1.00 -1.00 -1.00 -1.00
GLU-B3848_ -0.00 -0.00 -0.00 -0.01 -0.04 -0.17 -0.50 -0.87 -0.97 -1.00 -1.00 -1.00 -1.00 -1.00 -1.00
ARG+B3849_  1.00  1.00  1.00  1.00  1.00  1.00  1.00  1.00  1.00  1.00  1.00  0.98  0.92  0.56  0.12
LYS+B3852_  1.00  1.00  1.00  1.00  1.00  1.00  1.00  1.00  1.00  0.99  0.88  0.46  0.09  0.01  0.00
GLU-B3854_ -0.00 -0.00 -0.01 -0.06 -0.19 -0.53 -0.86 -0.97 -1.00 -1.00 -1.00 -1.00 -1.00 -1.00 -1.00
GLU-B3861_ -0.00 -0.00 -0.01 -0.06 -0.41 -0.82 -0.97 -0.99 -1.00 -1.00 -1.00 -1.00 -1.00 -1.00 -1.00
ASP-B3862_ -0.00 -0.00 -0.00 -0.00 -0.01 -0.06 -0.29 -0.79 -0.96 -1.00 -1.00 -1.00 -1.00 -1.00 -1.00
ARG+B3868_  0.00  0.00  0.00  0.00  0.00  0.00  0.00  0.00  0.00  0.00  0.00  0.00  0.00  0.00  0.00
GLU-B3872_ -0.00 -0.00 -0.03 -0.15 -0.47 -0.80 -0.95 -0.99 -1.00 -1.00 -1.00 -1.00 -1.00 -1.00 -1.00
LYS+B3873_  1.00  1.00  1.00  1.00  1.00  0.98  0.91  0.60  0.16  0.02  0.00  0.00  0.00  0.00  0.00
ASP-B3877_ -0.00 -0.00 -0.00 -0.00 -0.00 -0.01 -0.01 -0.04 -0.11 -0.29 -0.66 -0.91 -0.98 -1.00 -1.00
ASP-B3878_ -0.01 -0.08 -0.26 -0.45 -0.61 -0.72 -0.84 -0.92 -0.98 -1.00 -1.00 -1.00 -1.00 -1.00 -1.00
GLU-B3879_ -0.00 -0.02 -0.09 -0.30 -0.58 -0.82 -0.95 -0.99 -1.00 -1.00 -1.00 -1.00 -1.00 -1.00 -1.00
ASP-B3883_ -0.00 -0.00 -0.00 -0.01 -0.01 -0.02 -0.06 -0.12 -0.37 -0.73 -0.92 -0.98 -1.00 -1.00 -1.00
ARG+B3886_  1.00  1.00  1.00  1.00  1.00  1.00  1.00  1.00  1.00  1.00  1.00  1.00  1.00  1.00  1.00
CYS-B3892_ -0.00 -0.00 -0.00 -0.00 -0.00 -0.00 -0.00 -0.00 -0.00 -0.00 -0.00 -0.00 -0.00 -0.00 -0.00
GLU-B3893_ -0.00 -0.00 -0.00 -0.00 -0.00 -0.00 -0.01 -0.03 -0.46 -0.92 -0.98 -1.00 -1.00 -1.00 -1.00
HIS+B3895_  1.00  1.00  1.00  1.00  0.99  0.99  0.98  0.93  0.50  0.10  0.02  0.00  0.00  0.00  0.00
ASP-B3898_ -0.00 -0.00 -0.03 -0.15 -0.48 -0.82 -0.96 -0.99 -1.00 -1.00 -1.00 -1.00 -1.00 -1.00 -1.00
TYR-B3902_ -0.00 -0.00 -0.00 -0.00 -0.00 -0.00 -0.00 -0.00 -0.00 -0.00 -0.00 -0.00 -0.00 -0.02 -0.11
ARG+B3904_  1.00  1.00  1.00  1.00  1.00  1.00  1.00  1.00  1.00  1.00  1.00  1.00  1.00  0.99  0.91
CTR-B3913_ -0.00 -0.00 -0.00 -0.08 -0.32 -0.72 -0.93 -0.99 -1.00 -1.00 -1.00 -1.00 -1.00 -1.00 -1.00
NTR+B3921_  1.00  1.00  1.00  0.99  0.99  0.98  0.97  0.95  0.86  0.55  0.16  0.03  0.00  0.00  0.00
ASP-B3921_ -0.01 -0.08 -0.34 -0.72 -0.90 -0.97 -1.00 -1.00 -1.00 -1.00 -1.00 -1.00 -1.00 -1.00 -1.00
TYR-B3922_ -0.00 -0.00 -0.00 -0.00 -0.00 -0.00 -0.00 -0.00 -0.00 -0.00 -0.00 -0.00 -0.00 -0.00 -0.00
CTR-B3922_ -0.77 -0.80 -0.84 -0.89 -0.93 -0.96 -0.98 -0.99 -1.00 -1.00 -1.00 -1.00 -1.00 -1.00 -1.00
NTR+B3924_  0.76  0.71  0.65  0.58  0.42  0.25  0.11  0.05  0.03  0.02  0.00  0.00  0.00  0.00  0.00
ARG+B3925_  1.00  1.00  1.00  1.00  1.00  1.00  1.00  1.00  1.00  1.00  1.00  1.00  1.00  1.00  1.00
GLU-B3928_ -0.00 -0.01 -0.07 -0.32 -0.68 -0.88 -0.97 -1.00 -1.00 -1.00 -1.00 -1.00 -1.00 -1.00 -1.00
ASP-B3932_ -0.00 -0.00 -0.01 -0.04 -0.16 -0.39 -0.75 -0.95 -0.99 -1.00 -1.00 -1.00 -1.00 -1.00 -1.00
TYR-B3934_ -0.00 -0.00 -0.00 -0.00 -0.00 -0.00 -0.00 -0.00 -0.00 -0.01 -0.05 -0.26 -0.72 -0.95 -0.99
TYR-B3936_ -0.00 -0.00 -0.00 -0.00 -0.00 -0.00 -0.00 -0.00 -0.00 -0.00 -0.00 -0.00 -0.02 -0.12 -0.51
TYR-B3937_ -0.00 -0.00 -0.00 -0.00 -0.00 -0.00 -0.00 -0.00 -0.00 -0.00 -0.00 -0.00 -0.00 -0.00 -0.00
LYS+B3940_  1.00  1.00  1.00  1.00  1.00  1.00  1.00  1.00  0.97  0.80  0.33  0.07  0.01  0.00  0.00
ASP-B3941_ -0.00 -0.02 -0.12 -0.48 -0.87 -0.98 -1.00 -1.00 -1.00 -1.00 -1.00 -1.00 -1.00 -1.00 -1.00
GLU-B3944_ -0.01 -0.05 -0.26 -0.66 -0.92 -0.97 -1.00 -1.00 -1.00 -1.00 -1.00 -1.00 -1.00 -1.00 -1.00
GLU-B3945_ -0.00 -0.03 -0.14 -0.44 -0.75 -0.92 -0.98 -1.00 -1.00 -1.00 -1.00 -1.00 -1.00 -1.00 -1.00
LYS+B3948_  1.00  1.00  1.00  1.00  1.00  1.00  1.00  1.00  0.99  0.92  0.62  0.18  0.03  0.00  0.00
ARG+B3949_  1.00  1.00  1.00  1.00  1.00  1.00  1.00  1.00  1.00  1.00  1.00  1.00  1.00  0.98  0.85
LYS+B3953_  1.00  0.98  0.91  0.80  0.70  0.61  0.43  0.16  0.04  0.00  0.00  0.00  0.00  0.00  0.00
LYS+B3959_  1.00  1.00  1.00  1.00  1.00  1.00  1.00  1.00  1.00  1.00  1.00  1.00  0.99  0.91  0.65
GLU-B3967_ -0.00 -0.00 -0.00 -0.00 -0.00 -0.00 -0.00 -0.00 -0.00 -0.00 -0.00 -0.00 -0.00 -0.00 -0.00
TYR-B3968_ -0.00 -0.00 -0.00 -0.00 -0.00 -0.00 -0.00 -0.00 -0.00 -0.00 -0.00 -0.00 -0.01 -0.03 -0.16
CTR-B3971_ -0.00 -0.00 -0.01 -0.02 -0.07 -0.17 -0.34 -0.53 -0.70 -0.91 -0.98 -1.00 -1.00 -1.00 -1.00
NTR+B3982_  1.00  1.00  0.99  0.95  0.83  0.54  0.25  0.11  0.05  0.01  0.00  0.00  0.00  0.00  0.00
HIS+B3982_  1.00  1.00  1.00  1.00  0.99  0.97  0.91  0.77  0.34  0.07  0.01  0.00  0.00  0.00  0.00
ARG+B3984_  1.00  1.00  1.00  1.00  1.00  1.00  1.00  1.00  1.00  1.00  1.00  1.00  1.00  0.99  0.93
CTR-B3984_ -0.59 -0.67 -0.82 -0.89 -0.93 -0.96 -0.98 -1.00 -1.00 -1.00 -1.00 -1.00 -1.00 -1.00 -1.00
NTR+B3986_  0.53  0.40  0.20  0.09  0.05  0.03  0.01  0.00  0.00  0.00  0.00  0.00  0.00  0.00  0.00
ASP-B3987_ -0.00 -0.01 -0.07 -0.30 -0.62 -0.87 -0.96 -0.99 -1.00 -1.00 -1.00 -1.00 -1.00 -1.00 -1.00
HIS+B3994_  1.00  1.00  1.00  0.99  0.97  0.89  0.74  0.51  0.16  0.02  0.00  0.00  0.00  0.00  0.00
HIS+B3998_  1.00  1.00  1.00  0.99  0.96  0.86  0.60  0.29  0.08  0.01  0.00  0.00  0.00  0.00  0.00
LYS+B4002_  1.00  1.00  1.00  1.00  1.00  1.00  1.00  1.00  1.00  1.00  1.00  0.99  0.99  0.97  0.88
ASP-B4006_ -0.08 -0.43 -0.83 -0.95 -0.99 -1.00 -1.00 -1.00 -1.00 -1.00 -1.00 -1.00 -1.00 -1.00 -1.00
GLU-B4011_ -0.01 -0.05 -0.22 -0.49 -0.78 -0.93 -0.99 -1.00 -1.00 -1.00 -1.00 -1.00 -1.00 -1.00 -1.00
LYS+B4014_  1.00  1.00  1.00  1.00  1.00  1.00  1.00  1.00  1.00  1.00  1.00  0.99  0.95  0.72  0.28
GLU-B4015_ -0.03 -0.16 -0.41 -0.63 -0.77 -0.88 -0.95 -1.00 -1.00 -1.00 -1.00 -1.00 -1.00 -1.00 -1.00
ASP-B4018_ -0.02 -0.08 -0.14 -0.24 -0.32 -0.46 -0.63 -0.84 -0.97 -1.00 -1.00 -1.00 -1.00 -1.00 -1.00
LYS+B4021_  1.00  1.00  1.00  1.00  1.00  1.00  1.00  1.00  1.00  1.00  1.00  1.00  1.00  0.99  0.95
ASP-B4022_ -0.01 -0.05 -0.11 -0.20 -0.29 -0.44 -0.57 -0.78 -0.95 -0.99 -1.00 -1.00 -1.00 -1.00 -1.00
CTR-B4028_ -0.98 -0.99 -0.99 -1.00 -1.00 -1.00 -1.00 -1.00 -1.00 -1.00 -1.00 -1.00 -1.00 -1.00 -1.00
NTR+B4030_  1.00  1.00  1.00  1.00  1.00  1.00  1.00  1.00  1.00  1.00  1.00  1.00  1.00  1.00  1.00
CTR-B4030_ -0.34 -0.70 -0.88 -0.93 -0.97 -0.98 -0.99 -1.00 -1.00 -1.00 -1.00 -1.00 -1.00 -1.00 -1.00
NTR+B4032_  1.00  1.00  1.00  1.00  1.00  1.00  1.00  0.99  0.98  0.95  0.78  0.37  0.09  0.02  0.00
GLU-B4032_ -0.01 -0.02 -0.05 -0.12 -0.25 -0.37 -0.50 -0.60 -0.75 -0.91 -0.97 -1.00 -1.00 -1.00 -1.00
CTR-B4033_ -0.03 -0.08 -0.23 -0.51 -0.75 -0.88 -0.95 -0.98 -1.00 -1.00 -1.00 -1.00 -1.00 -1.00 -1.00
NTR+B4039_  1.00  0.99  0.98  0.92  0.78  0.46  0.15  0.03  0.01  0.00  0.00  0.00  0.00  0.00  0.00
ARG+B4042_  1.00  1.00  1.00  1.00  1.00  1.00  1.00  1.00  1.00  1.00  1.00  0.99  0.97  0.84  0.39
ASP-B4046_ -0.00 -0.01 -0.06 -0.29 -0.69 -0.93 -0.98 -1.00 -1.00 -1.00 -1.00 -1.00 -1.00 -1.00 -1.00
GLU-B4050_ -0.00 -0.00 -0.01 -0.03 -0.10 -0.22 -0.57 -0.90 -0.98 -1.00 -1.00 -1.00 -1.00 -1.00 -1.00
GLU-B4056_ -0.00 -0.00 -0.00 -0.03 -0.12 -0.41 -0.80 -0.96 -1.00 -1.00 -1.00 -1.00 -1.00 -1.00 -1.00
LYS+B4060_  1.00  1.00  1.00  1.00  1.00  1.00  1.00  1.00  1.00  1.00  1.00  0.98  0.86  0.41  0.07
CTR-B4062_ -0.00 -0.00 -0.00 -0.00 -0.00 -0.00 -0.00 -0.00 -0.00 -0.00 -0.00 -0.00 -0.00 -0.00 -0.00
NTR+B4063_  0.00  0.00  0.00  0.00  0.00  0.00  0.00  0.00  0.00  0.00  0.00  0.00  0.00  0.00  0.00
ASP-B4063_ -0.00 -0.01 -0.08 -0.33 -0.65 -0.86 -0.97 -0.99 -1.00 -1.00 -1.00 -1.00 -1.00 -1.00 -1.00
LYS+B4067_  1.00  1.00  1.00  1.00  1.00  1.00  1.00  1.00  0.99  0.88  0.45  0.10  0.02  0.00  0.00
LYS+B4069_  1.00  1.00  1.00  1.00  1.00  1.00  1.00  1.00  1.00  1.00  0.98  0.89  0.61  0.21  0.04
ASP-B4070_ -0.00 -0.02 -0.12 -0.38 -0.72 -0.90 -0.98 -1.00 -1.00 -1.00 -1.00 -1.00 -1.00 -1.00 -1.00
GLU-B4075_ -0.00 -0.00 -0.01 -0.03 -0.18 -0.52 -0.87 -0.98 -1.00 -1.00 -1.00 -1.00 -1.00 -1.00 -1.00
ASP-B4079_ -0.00 -0.00 -0.01 -0.08 -0.39 -0.80 -0.97 -0.99 -1.00 -1.00 -1.00 -1.00 -1.00 -1.00 -1.00
TYR-B4080_ -0.00 -0.00 -0.00 -0.00 -0.00 -0.00 -0.00 -0.00 -0.00 -0.00 -0.00 -0.00 -0.00 -0.00 -0.00
ASP-B4083_ -0.00 -0.03 -0.23 -0.70 -0.92 -0.97 -0.99 -1.00 -1.00 -1.00 -1.00 -1.00 -1.00 -1.00 -1.00
ARG+B4085_  1.00  1.00  1.00  1.00  1.00  1.00  1.00  1.00  1.00  1.00  0.99  0.96  0.70  0.22  0.03
LYS+B4090_  1.00  1.00  1.00  1.00  1.00  1.00  1.00  1.00  0.99  0.94  0.69  0.29  0.06  0.00  0.00
LYS+B4091_  1.00  1.00  1.00  1.00  1.00  1.00  1.00  1.00  0.99  0.95  0.73  0.32  0.07  0.01  0.00
ASP-B4092_ -0.00 -0.00 -0.02 -0.06 -0.15 -0.48 -0.87 -0.98 -1.00 -1.00 -1.00 -1.00 -1.00 -1.00 -1.00
LYS+B4095_  1.00  1.00  1.00  1.00  1.00  1.00  1.00  1.00  1.00  0.98  0.84  0.39  0.08  0.01  0.00
ASP-B4098_ -0.00 -0.01 -0.05 -0.32 -0.78 -0.97 -1.00 -1.00 -1.00 -1.00 -1.00 -1.00 -1.00 -1.00 -1.00
LYS+B4101_  1.00  1.00  1.00  1.00  1.00  1.00  1.00  1.00  1.00  0.99  0.90  0.53  0.12  0.02  0.00
GLU-B4107_ -0.00 -0.00 -0.03 -0.14 -0.44 -0.79 -0.94 -0.99 -1.00 -1.00 -1.00 -1.00 -1.00 -1.00 -1.00
CYS-B4114_ -0.00 -0.00 -0.00 -0.00 -0.00 -0.00 -0.00 -0.00 -0.00 -0.00 -0.00 -0.00 -0.00 -0.00 -0.00
GLU-B4116_ -0.00 -0.00 -0.00 -0.03 -0.11 -0.31 -0.59 -0.86 -0.97 -1.00 -1.00 -1.00 -1.00 -1.00 -1.00
ASP-B4118_ -0.00 -0.00 -0.00 -0.01 -0.04 -0.13 -0.35 -0.76 -0.96 -1.00 -1.00 -1.00 -1.00 -1.00 -1.00
GLU-B4119_ -0.00 -0.00 -0.02 -0.13 -0.50 -0.86 -0.98 -1.00 -1.00 -1.00 -1.00 -1.00 -1.00 -1.00 -1.00
GLU-B4121_ -0.00 -0.00 -0.00 -0.02 -0.10 -0.41 -0.79 -0.96 -0.99 -1.00 -1.00 -1.00 -1.00 -1.00 -1.00
GLU-B4126_ -0.00 -0.00 -0.01 -0.07 -0.32 -0.72 -0.94 -0.99 -1.00 -1.00 -1.00 -1.00 -1.00 -1.00 -1.00
GLU-B4127_ -0.00 -0.00 -0.01 -0.06 -0.21 -0.43 -0.66 -0.87 -0.98 -1.00 -1.00 -1.00 -1.00 -1.00 -1.00
ARG+B4131_  1.00  1.00  1.00  1.00  1.00  1.00  1.00  1.00  1.00  1.00  1.00  1.00  1.00  1.00  1.00
GLU-B4134_ -0.01 -0.05 -0.20 -0.44 -0.66 -0.84 -0.93 -0.98 -1.00 -1.00 -1.00 -1.00 -1.00 -1.00 -1.00
ARG+B4137_  1.00  1.00  1.00  1.00  1.00  1.00  1.00  1.00  1.00  1.00  1.00  1.00  1.00  1.00  1.00
ASP-B4138_ -0.08 -0.27 -0.53 -0.67 -0.79 -0.85 -0.93 -0.97 -0.99 -1.00 -1.00 -1.00 -1.00 -1.00 -1.00
CTR-B4141_ -0.00 -0.00 -0.01 -0.02 -0.03 -0.06 -0.14 -0.34 -0.71 -0.93 -0.99 -1.00 -1.00 -1.00 -1.00
NTR+B4152_  1.00  1.00  1.00  1.00  1.00  1.00  1.00  1.00  1.00  1.00  0.93  0.69  0.27  0.06  0.02
CTR-B4152_ -0.14 -0.42 -0.70 -0.84 -0.93 -0.97 -0.99 -1.00 -1.00 -1.00 -1.00 -1.00 -1.00 -1.00 -1.00
GLU-B4152_ -0.06 -0.18 -0.39 -0.64 -0.82 -0.92 -0.98 -0.99 -1.00 -1.00 -1.00 -1.00 -1.00 -1.00 -1.00
NTR+B4156_  0.98  0.87  0.60  0.25  0.08  0.02  0.01  0.00  0.00  0.00  0.00  0.00  0.00  0.00  0.00
HIS+B4156_  1.00  1.00  1.00  1.00  0.99  0.99  0.96  0.79  0.31  0.05  0.01  0.00  0.00  0.00  0.00
ASP-B4157_ -1.00 -1.00 -1.00 -1.00 -1.00 -1.00 -1.00 -1.00 -1.00 -1.00 -1.00 -1.00 -1.00 -1.00 -1.00
ARG+B4159_  1.00  1.00  1.00  1.00  1.00  1.00  1.00  1.00  1.00  1.00  1.00  1.00  1.00  1.00  0.99
ARG+B4161_  1.00  1.00  1.00  1.00  1.00  1.00  1.00  1.00  1.00  1.00  1.00  0.99  0.96  0.78  0.32
GLU-B4165_ -0.00 -0.00 -0.01 -0.08 -0.35 -0.74 -0.93 -0.99 -1.00 -1.00 -1.00 -1.00 -1.00 -1.00 -1.00
GLU-B4168_ -0.00 -0.00 -0.01 -0.04 -0.12 -0.28 -0.63 -0.93 -0.99 -1.00 -1.00 -1.00 -1.00 -1.00 -1.00
CTR-B4170_ -0.76 -0.91 -0.93 -0.94 -0.96 -0.98 -0.99 -0.99 -0.98 -0.98 -0.98 -0.98 -0.99 -1.00 -1.00
NTR+B4172_  0.98  0.97  0.96  0.96  0.97  0.98  0.99  0.99  0.98  0.98  0.95  0.80  0.47  0.15  0.03
GLU-B4172_ -0.00 -0.02 -0.11 -0.36 -0.65 -0.87 -0.96 -0.99 -1.00 -1.00 -1.00 -1.00 -1.00 -1.00 -1.00
TYR-B4173_ -0.00 -0.00 -0.00 -0.00 -0.00 -0.00 -0.00 -0.00 -0.00 -0.01 -0.05 -0.23 -0.55 -0.81 -0.96
CTR-B4174_ -0.04 -0.14 -0.36 -0.60 -0.78 -0.90 -0.96 -0.99 -1.00 -1.00 -1.00 -1.00 -1.00 -1.00 -1.00
NTR+B4178_  1.00  0.99  0.98  0.98  0.98  0.98  0.97  0.93  0.72  0.28  0.06  0.01  0.00  0.00  0.00
ARG+B4180_  1.00  1.00  1.00  1.00  1.00  1.00  1.00  1.00  1.00  1.00  1.00  1.00  1.00  0.99  0.97
GLU-B4182_ -0.00 -0.01 -0.02 -0.06 -0.16 -0.38 -0.71 -0.92 -0.98 -1.00 -1.00 -1.00 -1.00 -1.00 -1.00
CTR-B4184_ -0.00 -0.00 -0.03 -0.10 -0.26 -0.47 -0.68 -0.82 -0.94 -0.99 -1.00 -1.00 -1.00 -1.00 -1.00
NTR+B4190_  1.00  1.00  0.99  0.98  0.95  0.89  0.75  0.46  0.16  0.04  0.01  0.00  0.00  0.00  0.00
GLU-B4191_ -0.00 -0.00 -0.02 -0.05 -0.13 -0.23 -0.44 -0.69 -0.88 -0.97 -0.99 -1.00 -1.00 -1.00 -1.00
ARG+B4192_  1.00  1.00  1.00  1.00  1.00  1.00  1.00  1.00  1.00  1.00  1.00  1.00  1.00  1.00  1.00
TYR-B4194_ -0.00 -0.00 -0.00 -0.00 -0.00 -0.00 -0.00 -0.00 -0.00 -0.00 -0.00 -0.00 -0.01 -0.04 -0.13
GLU-B4196_ -0.03 -0.08 -0.15 -0.24 -0.34 -0.55 -0.74 -0.90 -0.96 -0.99 -1.00 -1.00 -1.00 -1.00 -1.00
CTR-B4196_ -0.12 -0.34 -0.54 -0.69 -0.79 -0.88 -0.95 -0.99 -1.00 -1.00 -1.00 -1.00 -1.00 -1.00 -1.00
NTR+B4199_  1.00  1.00  1.00  1.00  1.00  1.00  1.00  1.00  1.00  1.00  0.98  0.91  0.66  0.27  0.06
CTR-B4199_ -0.25 -0.40 -0.61 -0.82 -0.91 -0.96 -0.99 -1.00 -1.00 -1.00 -1.00 -1.00 -1.00 -1.00 -1.00
GLU-B4199_ -0.01 -0.05 -0.14 -0.28 -0.50 -0.77 -0.94 -0.99 -1.00 -1.00 -1.00 -1.00 -1.00 -1.00 -1.00
NTR+B4201_  0.21  0.23  0.19  0.12  0.05  0.02  0.01  0.00  0.00  0.00  0.00  0.00  0.00  0.00  0.00
ARG+B4202_  1.00  1.00  1.00  1.00  1.00  1.00  1.00  1.00  1.00  1.00  1.00  1.00  1.00  1.00  0.98
GLU-B4206_ -0.00 -0.03 -0.14 -0.42 -0.75 -0.93 -0.98 -1.00 -1.00 -1.00 -1.00 -1.00 -1.00 -1.00 -1.00
LYS+B4211_  1.00  1.00  1.00  0.99  0.98  0.97  0.96  0.95  1.00  0.93  0.87  0.59  0.20  0.03  0.01
GLU-B4212_ -0.00 -0.03 -0.19 -0.63 -0.91 -0.98 -0.99 -1.00 -1.00 -1.00 -1.00 -1.00 -1.00 -1.00 -1.00
LYS+B4214_  0.99  0.96  0.86  0.66  0.39  0.16  0.07  0.05  0.00  0.06  0.06  0.04  0.02  0.00  0.00
ARG+B4215_  1.00  1.00  1.00  1.00  1.00  1.00  1.00  1.00  1.00  1.00  1.00  1.00  0.99  0.94  0.68
ASP-B4220_ -0.00 -0.00 -0.00 -0.01 -0.03 -0.13 -0.43 -0.81 -0.97 -0.99 -1.00 -1.00 -1.00 -1.00 -1.00
GLU-B4224_ -0.00 -0.00 -0.02 -0.12 -0.42 -0.80 -0.96 -1.00 -1.00 -1.00 -1.00 -1.00 -1.00 -1.00 -1.00
GLU-B4227_ -0.00 -0.00 -0.03 -0.15 -0.45 -0.83 -0.96 -1.00 -1.00 -1.00 -1.00 -1.00 -1.00 -1.00 -1.00
GLU-B4229_ -0.01 -0.02 -0.11 -0.31 -0.60 -0.88 -0.97 -1.00 -1.00 -1.00 -1.00 -1.00 -1.00 -1.00 -1.00
LYS+B4230_  0.00  0.00  0.00  0.00  0.00  0.00  0.00  0.00  0.00  0.00  0.00  0.00  0.00  0.00  0.00
CTR-B4230_ -0.06 -0.19 -0.39 -0.58 -0.76 -0.87 -0.95 -0.98 -1.00 -1.00 -1.00 -1.00 -1.00 -1.00 -1.00
NTR+B4232_  1.00  1.00  1.00  1.00  1.00  1.00  1.00  1.00  1.00  1.00  1.00  0.98  0.91  0.75  0.42
GLU-B4232_ -0.25 -0.58 -0.83 -0.92 -0.96 -0.99 -1.00 -1.00 -1.00 -1.00 -1.00 -1.00 -1.00 -1.00 -1.00
CTR-B4233_ -0.12 -0.27 -0.37 -0.44 -0.44 -0.46 -0.52 -0.72 -0.92 -0.99 -1.00 -1.00 -1.00 -1.00 -1.00
NTR+B4237_  0.86  0.77  0.71  0.62  0.50  0.41  0.32  0.19  0.06  0.01  0.00  0.00  0.00  0.00  0.00
CYS-B4238_ -0.00 -0.00 -0.00 -0.00 -0.00 -0.00 -0.00 -0.00 -0.00 -0.01 -0.05 -0.22 -0.52 -0.77 -0.90
GLU-B4239_ -0.96 -0.98 -0.99 -1.00 -1.00 -1.00 -1.00 -1.00 -1.00 -1.00 -1.00 -1.00 -1.00 -1.00 -1.00
ASP-B4240_ -0.26 -0.52 -0.80 -0.93 -0.95 -0.98 -1.00 -1.00 -1.00 -1.00 -1.00 -1.00 -1.00 -1.00 -1.00
GLU-B4244_ -0.00 -0.01 -0.02 -0.04 -0.14 -0.38 -0.75 -0.95 -0.99 -1.00 -1.00 -1.00 -1.00 -1.00 -1.00
GLU-B4253_ -0.00 -0.00 -0.01 -0.09 -0.38 -0.77 -0.96 -1.00 -1.00 -1.00 -1.00 -1.00 -1.00 -1.00 -1.00
CTR-B4253_ -0.00 -0.00 -0.04 -0.21 -0.57 -0.86 -0.98 -1.00 -1.00 -1.00 -1.00 -1.00 -1.00 -1.00 -1.00
NTR+B4540_  1.00  1.00  1.00  1.00  0.97  0.81  0.35  0.05  0.01  0.00  0.00  0.00  0.00  0.00  0.00
GLU-B4543_ -0.00 -0.00 -0.01 -0.10 -0.46 -0.86 -0.97 -1.00 -1.00 -1.00 -1.00 -1.00 -1.00 -1.00 -1.00
GLU-B4545_ -0.00 -0.00 -0.00 -0.03 -0.17 -0.59 -0.91 -0.99 -1.00 -1.00 -1.00 -1.00 -1.00 -1.00 -1.00
ARG+B4548_  0.00  0.00  0.00  0.00  0.00  0.00  0.00  0.00  0.00  0.00  0.00  0.00  0.00  0.00  0.00
LYS+B4550_  1.00  1.00  1.00  1.00  1.00  1.00  1.00  1.00  1.00  0.98  0.88  0.48  0.10  0.01  0.00
TYR-B4554_ -0.00 -0.00 -0.00 -0.00 -0.00 -0.00 -0.00 -0.00 -0.01 -0.09 -0.46 -0.87 -0.98 -1.00 -1.00
ARG+B4557_  1.00  1.00  1.00  1.00  1.00  1.00  1.00  1.00  1.00  1.00  1.00  1.00  1.00  0.99  0.95
TYR-B4560_ -0.00 -0.00 -0.00 -0.00 -0.00 -0.00 -0.00 -0.00 -0.00 -0.03 -0.13 -0.37 -0.72 -0.93 -0.98
ARG+B4563_  1.00  1.00  1.00  1.00  1.00  1.00  1.00  1.00  1.00  1.00  1.00  1.00  0.99  0.94  0.76
TYR-B4580_ -0.00 -0.00 -0.00 -0.00 -0.00 -0.00 -0.00 -0.00 -0.00 -0.00 -0.01 -0.06 -0.31 -0.79 -0.97
LYS+B4581_  1.00  1.00  1.00  1.00  1.00  1.00  1.00  1.00  1.00  0.99  0.90  0.51  0.13  0.02  0.00
ASP-B4584_ -0.00 -0.00 -0.01 -0.05 -0.36 -0.83 -0.97 -1.00 -1.00 -1.00 -1.00 -1.00 -1.00 -1.00 -1.00
CTR-B4587_ -0.00 -0.00 -0.01 -0.07 -0.42 -0.85 -0.98 -1.00 -1.00 -1.00 -1.00 -1.00 -1.00 -1.00 -1.00
NTR+B4626_  1.00  1.00  1.00  1.00  1.00  1.00  0.99  0.90  0.47  0.08  0.01  0.00  0.00  0.00  0.00
TYR-B4629_ -0.00 -0.00 -0.00 -0.00 -0.00 -0.00 -0.00 -0.00 -0.01 -0.06 -0.37 -0.83 -0.97 -1.00 -1.00
TYR-B4630_ -0.00 -0.00 -0.00 -0.00 -0.00 -0.00 -0.00 -0.00 -0.00 -0.00 -0.03 -0.20 -0.60 -0.92 -0.99
GLU-B4633_ -0.00 -0.00 -0.00 -0.03 -0.22 -0.62 -0.91 -0.99 -1.00 -1.00 -1.00 -1.00 -1.00 -1.00 -1.00
GLU-B4634_ -0.00 -0.00 -0.00 -0.01 -0.09 -0.47 -0.87 -0.98 -1.00 -1.00 -1.00 -1.00 -1.00 -1.00 -1.00
TYR-B4638_ -0.00 -0.00 -0.00 -0.00 -0.00 -0.00 -0.00 -0.00 -0.01 -0.05 -0.32 -0.81 -0.98 -1.00 -1.00
GLU-B4640_ -0.00 -0.00 -0.00 -0.01 -0.09 -0.34 -0.72 -0.96 -0.99 -1.00 -1.00 -1.00 -1.00 -1.00 -1.00
CYS-B4645_ -0.00 -0.00 -0.00 -0.00 -0.00 -0.00 -0.00 -0.00 -0.02 -0.22 -0.71 -0.95 -1.00 -1.00 -1.00
HIS+B4650_  0.00  0.03  0.00  0.04  0.05  0.05  0.03  0.00  0.00  0.00  0.00  0.00  0.00  0.00  0.00
CYS-B4657_ -0.00 -0.00 -0.00 -0.00 -0.00 -0.00 -0.00 -0.00 -0.00 -0.00 -0.00 -0.00 -0.00 -0.01 -0.02
TYR-B4661_ -0.00 -0.00 -0.00 -0.00 -0.00 -0.00 -0.00 -0.00 -0.00 -0.00 -0.00 -0.00 -0.00 -0.00 -0.00
CYS-B4663_ -0.00 -0.00 -0.00 -0.00 -0.00 -0.00 -0.00 -0.00 -0.00 -0.00 -0.01 -0.05 -0.23 -0.57 -0.91
LYS+B4665_  1.00  1.00  1.00  1.00  1.00  1.00  1.00  1.00  0.99  0.91  0.65  0.38  0.21  0.07  0.02
LYS+B4672_  1.00  1.00  1.00  1.00  1.00  1.00  1.00  1.00  1.00  0.97  0.89  0.74  0.48  0.19  0.05
ARG+B4673_  1.00  1.00  1.00  1.00  1.00  1.00  1.00  1.00  1.00  1.00  1.00  1.00  1.00  1.00  0.99
GLU-B4674_ -0.00 -0.00 -0.00 -0.01 -0.01 -0.02 -0.03 -0.08 -0.24 -0.45 -0.73 -0.90 -0.96 -0.97 -0.99
LYS+B4675_  1.00  1.00  1.00  1.00  1.00  1.00  1.00  1.00  1.00  1.00  1.00  0.99  0.98  0.96  0.92
GLU-B4676_ -0.63 -0.85 -0.94 -0.97 -0.99 -1.00 -1.00 -1.00 -1.00 -1.00 -1.00 -1.00 -1.00 -1.00 -1.00
ARG+B4679_  1.00  1.00  1.00  1.00  1.00  1.00  1.00  1.00  1.00  1.00  1.00  0.98  0.94  0.84  0.72
LYS+B4680_  1.00  1.00  1.00  1.00  1.00  1.00  1.00  1.00  1.00  1.00  0.99  0.96  0.84  0.48  0.13
GLU-B4682_ -0.00 -0.00 -0.01 -0.02 -0.04 -0.08 -0.26 -0.62 -0.88 -0.96 -0.99 -0.99 -1.00 -1.00 -1.00
ASP-B4684_ -0.01 -0.04 -0.16 -0.43 -0.73 -0.92 -0.98 -1.00 -1.00 -1.00 -1.00 -1.00 -1.00 -1.00 -1.00
TYR-B4687_ -0.00 -0.00 -0.00 -0.00 -0.00 -0.00 -0.00 -0.00 -0.00 -0.00 -0.00 -0.00 -0.00 -0.00 -0.00
GLU-B4690_ -0.00 -0.00 -0.01 -0.08 -0.33 -0.69 -0.94 -0.99 -1.00 -1.00 -1.00 -1.00 -1.00 -1.00 -1.00
ASP-B4694_ -0.00 -0.00 -0.00 -0.02 -0.10 -0.42 -0.84 -0.98 -1.00 -1.00 -1.00 -1.00 -1.00 -1.00 -1.00
ASP-B4695_ -0.00 -0.00 -0.02 -0.12 -0.47 -0.85 -0.97 -1.00 -1.00 -1.00 -1.00 -1.00 -1.00 -1.00 -1.00
ASP-B4696_ -0.00 -0.02 -0.17 -0.52 -0.80 -0.95 -0.99 -1.00 -1.00 -1.00 -1.00 -1.00 -1.00 -1.00 -1.00
LYS+B4698_  1.00  1.00  1.00  1.00  1.00  1.00  1.00  1.00  0.99  0.92  0.64  0.24  0.06  0.02  0.01
ASP-B4702_ -0.02 -0.08 -0.26 -0.60 -0.82 -0.94 -0.98 -0.99 -1.00 -1.00 -1.00 -1.00 -1.00 -1.00 -1.00
ARG+B4703_  1.00  1.00  1.00  1.00  1.00  1.00  1.00  1.00  1.00  1.00  1.00  0.99  0.92  0.59  0.16
TYR-B4715_ -0.00 -0.00 -0.00 -0.00 -0.00 -0.00 -0.00 -0.00 -0.00 -0.00 -0.01 -0.02 -0.06 -0.16 -0.25
ASP-B4717_ -0.90 -0.97 -0.99 -1.00 -1.00 -1.00 -1.00 -1.00 -1.00 -1.00 -1.00 -1.00 -1.00 -1.00 -1.00
LYS+B4718_  1.00  1.00  1.00  1.00  1.00  1.00  1.00  1.00  1.00  1.00  1.00  1.00  0.98  0.90  0.64
LYS+B4721_  1.00  1.00  1.00  0.99  0.98  0.96  0.90  0.73  0.46  0.31  0.16  0.04  0.01  0.00  0.00
ARG+B4722_  1.00  1.00  1.00  1.00  1.00  1.00  1.00  1.00  1.00  1.00  1.00  1.00  1.00  0.99  0.96
LYS+B4723_  1.00  1.00  1.00  1.00  1.00  1.00  1.00  1.00  1.00  1.00  1.00  0.99  0.95  0.81  0.53
ASP-B4726_ -0.01 -0.08 -0.35 -0.74 -0.92 -0.98 -0.99 -1.00 -1.00 -1.00 -1.00 -1.00 -1.00 -1.00 -1.00
LYS+B4727_  1.00  1.00  1.00  1.00  1.00  1.00  1.00  1.00  1.00  0.99  0.93  0.65  0.19  0.04  0.01
HIS+B4728_  1.00  0.96  0.82  0.49  0.19  0.05  0.02  0.00  0.00  0.00  0.00  0.00  0.00  0.00  0.00
ASP-B4730_ -0.00 -0.01 -0.10 -0.41 -0.82 -0.97 -1.00 -1.00 -1.00 -1.00 -1.00 -1.00 -1.00 -1.00 -1.00
ARG+B4734_  1.00  1.00  1.00  1.00  1.00  1.00  1.00  1.00  1.00  1.00  1.00  1.00  0.99  0.93  0.64
GLU-B4735_ -0.00 -0.01 -0.09 -0.41 -0.82 -0.97 -0.99 -1.00 -1.00 -1.00 -1.00 -1.00 -1.00 -1.00 -1.00
ARG+B4736_  1.00  1.00  1.00  1.00  1.00  1.00  1.00  1.00  1.00  1.00  1.00  0.99  0.92  0.56  0.14
GLU-B4739_ -0.00 -0.00 -0.01 -0.04 -0.18 -0.54 -0.91 -0.99 -1.00 -1.00 -1.00 -1.00 -1.00 -1.00 -1.00
ASP-B4744_ -0.00 -0.00 -0.02 -0.07 -0.22 -0.57 -0.88 -0.98 -1.00 -1.00 -1.00 -1.00 -1.00 -1.00 -1.00
GLU-B4749_ -0.00 -0.03 -0.17 -0.48 -0.79 -0.92 -0.98 -0.99 -1.00 -1.00 -1.00 -1.00 -1.00 -1.00 -1.00
HIS+B4753_  1.00  1.00  1.00  1.00  0.99  0.99  0.98  0.93  0.80  0.48  0.14  0.02  0.00  0.00  0.00
GLU-B4755_ -0.00 -0.01 -0.05 -0.17 -0.43 -0.75 -0.94 -0.99 -1.00 -1.00 -1.00 -1.00 -1.00 -1.00 -1.00
ARG+B4756_  0.00  0.00  0.00  0.00  0.00  0.00  0.00  0.00  0.00  0.00  0.00  0.00  0.00  0.00  0.00
LYS+B4757_  1.00  1.00  1.00  1.00  1.00  1.00  1.00  1.00  1.00  1.00  1.00  1.00  0.99  0.93  0.66
ASP-B4759_ -0.00 -0.00 -0.01 -0.06 -0.31 -0.73 -0.94 -0.99 -1.00 -1.00 -1.00 -1.00 -1.00 -1.00 -1.00
ASP-B4772_ -0.01 -0.04 -0.25 -0.68 -0.91 -0.98 -1.00 -1.00 -1.00 -1.00 -1.00 -1.00 -1.00 -1.00 -1.00
LYS+B4774_  1.00  1.00  1.00  1.00  1.00  1.00  1.00  1.00  1.00  0.98  0.82  0.35  0.06  0.01  0.00
TYR-B4775_ -0.00 -0.00 -0.00 -0.00 -0.00 -0.00 -0.00 -0.00 -0.00 -0.00 -0.00 -0.00 -0.00 -0.00 -0.00
LYS+B4779_  1.00  1.00  1.00  1.00  1.00  1.00  1.00  1.00  1.00  1.00  0.98  0.90  0.59  0.21  0.04
ASP-B4786_ -0.64 -0.90 -0.98 -1.00 -1.00 -1.00 -1.00 -1.00 -1.00 -1.00 -1.00 -1.00 -1.00 -1.00 -1.00
TYR-B4791_ -0.00 -0.00 -0.00 -0.00 -0.00 -0.00 -0.00 -0.00 -0.00 -0.00 -0.00 -0.00 -0.00 -0.03 -0.16
TYR-B4795_ -0.00 -0.00 -0.00 -0.00 -0.00 -0.00 -0.00 -0.00 -0.00 -0.00 -0.00 -0.00 -0.00 -0.00 -0.01
HIS+B4803_  1.00  1.00  0.99  0.93  0.61  0.35  0.14  0.03  0.00  0.00  0.00  0.00  0.00  0.00  0.00
TYR-B4804_ -0.00 -0.00 -0.00 -0.00 -0.00 -0.00 -0.00 -0.00 -0.02 -0.19 -0.67 -0.95 -0.99 -1.00 -1.00
HIS+B4812_  1.00  0.97  1.00  0.90  0.74  0.54  0.27  0.04  0.00  0.00  0.00  0.00  0.00  0.00  0.00
ASP-B4815_ -0.53 -0.88 -0.98 -1.00 -1.00 -1.00 -1.00 -1.00 -1.00 -1.00 -1.00 -1.00 -1.00 -1.00 -1.00
LYS+B4821_  1.00  1.00  1.00  1.00  1.00  1.00  1.00  1.00  0.98  0.83  0.39  0.08  0.01  0.00  0.00
ARG+B4824_  1.00  1.00  1.00  1.00  1.00  1.00  1.00  1.00  1.00  1.00  1.00  1.00  1.00  0.95  0.81
HIS+B4832_  1.00  1.00  1.00  1.00  1.00  0.99  0.99  0.97  0.82  0.41  0.11  0.02  0.00  0.00  0.00
LYS+B4835_  1.00  1.00  1.00  1.00  1.00  1.00  1.00  1.00  0.97  0.81  0.42  0.08  0.01  0.00  0.00
TYR-B4849_ -0.00 -0.00 -0.00 -0.00 -0.00 -0.00 -0.00 -0.00 -0.02 -0.17 -0.65 -0.94 -0.99 -1.00 -1.00
TYR-B4851_ -0.00 -0.00 -0.00 -0.00 -0.00 -0.00 -0.00 -0.00 -0.00 -0.02 -0.15 -0.57 -0.93 -0.99 -1.00
ARG+B4860_  1.00  1.00  1.00  1.00  1.00  1.00  1.00  1.00  1.00  1.00  1.00  1.00  0.99  0.89  0.50
LYS+B4861_  1.00  1.00  1.00  1.00  1.00  1.00  1.00  1.00  1.00  1.00  0.97  0.85  0.40  0.07  0.01
TYR-B4863_ -0.00 -0.00 -0.00 -0.00 -0.00 -0.00 -0.00 -0.00 -0.00 -0.00 -0.00 -0.00 -0.01 -0.03 -0.14
LYS+B4865_  1.00  1.00  1.00  1.00  1.00  0.98  0.91  0.76  0.67  0.65  0.48  0.15  0.02  0.00  0.00
GLU-B4867_ -0.00 -0.00 -0.00 -0.00 -0.00 -0.01 -0.03 -0.16 -0.58 -0.89 -0.98 -1.00 -1.00 -1.00 -1.00
ASP-B4868_ -0.00 -0.00 -0.01 -0.10 -0.43 -0.79 -0.96 -0.99 -1.00 -1.00 -1.00 -1.00 -1.00 -1.00 -1.00
GLU-B4869_ -0.00 -0.00 -0.01 -0.07 -0.32 -0.70 -0.93 -0.99 -1.00 -1.00 -1.00 -1.00 -1.00 -1.00 -1.00
ASP-B4870_ -0.00 -0.00 -0.00 -0.03 -0.15 -0.48 -0.88 -0.98 -0.99 -1.00 -1.00 -1.00 -1.00 -1.00 -1.00
GLU-B4871_ -0.00 -0.00 -0.02 -0.11 -0.37 -0.72 -0.89 -0.93 -0.97 -0.99 -1.00 -1.00 -1.00 -1.00 -1.00
CTR-B4871_ -0.00 -0.00 -0.00 -0.00 -0.01 -0.02 -0.04 -0.13 -0.41 -0.81 -0.97 -1.00 -1.00 -1.00 -1.00
NTR+B4872_  0.00  0.00  0.00  0.00  0.00  0.00  0.00  0.00  0.00  0.00  0.00  0.00  0.00  0.00  0.00
ASP-B4873_ -0.75 -0.97 -0.99 -1.00 -1.00 -1.00 -1.00 -1.00 -1.00 -1.00 -1.00 -1.00 -1.00 -1.00 -1.00
LYS+B4875_  1.00  1.00  1.00  1.00  0.99  0.97  0.89  0.63  0.41  0.28  0.18  0.06  0.01  0.00  0.00
CYS-B4876_ -0.00 -0.00 -0.00 -0.00 -0.00 -0.00 -0.00 -0.00 -0.00 -0.00 -0.00 -0.00 -0.00 -0.00 -0.00
ASP-B4877_ -0.00 -0.00 -0.00 -0.04 -0.21 -0.54 -0.87 -0.96 -0.99 -1.00 -1.00 -1.00 -1.00 -1.00 -1.00
ASP-B4878_ -0.00 -0.00 -0.00 -0.06 -0.30 -0.73 -0.95 -0.99 -1.00 -1.00 -1.00 -1.00 -1.00 -1.00 -1.00
CYS-B4882_ -0.00 -0.00 -0.00 -0.00 -0.00 -0.00 -0.00 -0.00 -0.00 -0.00 -0.00 -0.00 -0.00 -0.02 -0.12
TYR-B4883_ -0.00 -0.00 -0.00 -0.00 -0.00 -0.00 -0.00 -0.00 -0.00 -0.00 -0.00 -0.00 -0.00 -0.02 -0.10
HIS+B4886_  0.63  0.16  0.03  0.01  0.00  0.00  0.00  0.00  0.00  0.00  0.00  0.00  0.00  0.00  0.00
TYR-B4888_ -0.00 -0.00 -0.00 -0.00 -0.00 -0.00 -0.00 -0.00 -0.02 -0.15 -0.57 -0.91 -0.98 -0.99 -1.00
ARG+B4892_  1.00  1.00  1.00  1.00  1.00  1.00  1.00  1.00  1.00  1.00  1.00  0.99  0.97  0.80  0.31
ASP-B4899_ -0.00 -0.00 -0.00 -0.01 -0.02 -0.08 -0.35 -0.78 -0.92 -0.98 -0.99 -1.00 -1.00 -1.00 -1.00
GLU-B4900_ -0.00 -0.00 -0.00 -0.00 -0.00 -0.01 -0.05 -0.12 -0.25 -0.65 -0.92 -0.98 -1.00 -1.00 -1.00
GLU-B4902_ -0.00 -0.00 -0.00 -0.01 -0.03 -0.05 -0.11 -0.34 -0.73 -0.95 -0.99 -1.00 -1.00 -1.00 -1.00
ASP-B4903_ -0.00 -0.00 -0.02 -0.13 -0.51 -0.88 -0.98 -1.00 -1.00 -1.00 -1.00 -1.00 -1.00 -1.00 -1.00
ASP-B4907_ -0.00 -0.01 -0.05 -0.33 -0.74 -0.94 -0.99 -1.00 -1.00 -1.00 -1.00 -1.00 -1.00 -1.00 -1.00
GLU-B4908_ -0.00 -0.00 -0.03 -0.18 -0.58 -0.91 -0.98 -1.00 -1.00 -1.00 -1.00 -1.00 -1.00 -1.00 -1.00
TYR-B4909_ -0.00 -0.00 -0.00 -0.00 -0.00 -0.00 -0.00 -0.00 -0.02 -0.11 -0.47 -0.84 -0.98 -1.00 -1.00
GLU-B4910_ -0.00 -0.00 -0.00 -0.00 -0.00 -0.00 -0.00 -0.00 -0.01 -0.11 -0.49 -0.88 -0.98 -1.00 -1.00
TYR-B4912_ -0.00 -0.00 -0.00 -0.00 -0.00 -0.00 -0.00 -0.00 -0.02 -0.15 -0.54 -0.88 -0.98 -1.00 -1.00
ARG+B4913_  1.00  1.00  1.00  1.00  1.00  1.00  1.00  1.00  1.00  1.00  1.00  1.00  1.00  0.99  0.95
ASP-B4917_ -0.00 -0.01 -0.06 -0.29 -0.72 -0.94 -0.98 -1.00 -1.00 -1.00 -1.00 -1.00 -1.00 -1.00 -1.00
CTR-B4930_ -0.00 -0.03 -0.12 -0.17 -0.19 -0.20 -0.21 -0.38 -0.80 -0.96 -1.00 -1.00 -1.00 -1.00 -1.00
NTR+B4932_  0.99  0.90  0.54  0.25  0.20  0.19  0.18  0.14  0.05  0.01  0.00  0.00  0.00  0.00  0.00
ASP-B4938_ -0.00 -0.00 -0.03 -0.20 -0.59 -0.90 -0.98 -1.00 -1.00 -1.00 -1.00 -1.00 -1.00 -1.00 -1.00
GLU-B4942_ -0.00 -0.00 -0.02 -0.09 -0.32 -0.71 -0.92 -0.98 -0.99 -1.00 -1.00 -1.00 -1.00 -1.00 -1.00
ARG+B4944_  1.00  1.00  1.00  1.00  1.00  1.00  1.00  1.00  1.00  1.00  1.00  1.00  0.99  0.91  0.50
ASP-B4945_ -0.00 -0.00 -0.02 -0.12 -0.41 -0.77 -0.93 -0.99 -1.00 -1.00 -1.00 -1.00 -1.00 -1.00 -1.00
GLU-B4948_ -0.00 -0.00 -0.00 -0.01 -0.06 -0.21 -0.52 -0.89 -0.98 -0.99 -1.00 -1.00 -1.00 -1.00 -1.00
CTR-B4948_ -0.00 -0.00 -0.00 -0.00 -0.00 -0.01 -0.02 -0.03 -0.14 -0.55 -0.90 -0.99 -1.00 -1.00 -1.00
NTR+B4952_  0.00  0.00  0.00  0.00  0.00  0.00  0.00  0.00  0.00  0.00  0.00  0.00  0.00  0.00  0.00
CTR-B4952_ -0.00 -0.00 -0.02 -0.10 -0.35 -0.63 -0.84 -0.96 -0.99 -1.00 -1.00 -1.00 -1.00 -1.00 -1.00
GLU-B4952_ -0.00 -0.00 -0.01 -0.04 -0.17 -0.39 -0.69 -0.92 -0.99 -1.00 -1.00 -1.00 -1.00 -1.00 -1.00
NTR+B4958_  0.00  0.00  0.00  0.00  0.00  0.00  0.00  0.00  0.00  0.00  0.00  0.00  0.00  0.00  0.00
CTR-B4958_ -0.00 -0.01 -0.05 -0.17 -0.46 -0.74 -0.94 -0.99 -1.00 -1.00 -1.00 -1.00 -1.00 -1.00 -1.00
CYS-B4958_ -0.00 -0.00 -0.00 -0.00 -0.00 -0.00 -0.00 -0.00 -0.00 -0.00 -0.00 -0.01 -0.03 -0.11 -0.33
NTR+B4987_  0.88  0.60  0.30  0.14  0.06  0.02  0.01  0.00  0.00  0.00  0.00  0.00  0.00  0.00  0.00
TYR-B4988_ -0.00 -0.00 -0.00 -0.00 -0.00 -0.00 -0.00 -0.00 -0.00 -0.00 -0.03 -0.11 -0.35 -0.66 -0.87
TYR-B4994_ -0.00 -0.00 -0.00 -0.00 -0.00 -0.00 -0.00 -0.00 -0.00 -0.00 -0.00 -0.00 -0.01 -0.03 -0.12
LYS+B4998_  1.00  1.00  1.00  1.00  1.00  1.00  1.00  1.00  1.00  1.00  1.00  1.00  0.99  0.97  0.88
ASP-B4999_ -0.07 -0.20 -0.43 -0.65 -0.80 -0.89 -0.96 -0.98 -1.00 -1.00 -1.00 -1.00 -1.00 -1.00 -1.00
GLU-B5000_ -0.06 -0.22 -0.53 -0.80 -0.92 -0.98 -1.00 -1.00 -1.00 -1.00 -1.00 -1.00 -1.00 -1.00 -1.00
GLU-B5002_ -0.06 -0.24 -0.44 -0.60 -0.75 -0.83 -0.92 -0.97 -1.00 -1.00 -1.00 -1.00 -1.00 -1.00 -1.00
HIS+B5003_  1.00  1.00  1.00  1.00  1.00  1.00  0.99  0.97  0.82  0.44  0.12  0.03  0.01  0.00  0.00
CTR-B5003_ -0.03 -0.12 -0.27 -0.47 -0.65 -0.83 -0.92 -0.96 -0.99 -1.00 -1.00 -1.00 -1.00 -1.00 -1.00
NTR+B5017_  1.00  1.00  1.00  0.99  0.98  0.93  0.75  0.42  0.13  0.03  0.01  0.00  0.00  0.00  0.00
ARG+B5017_  1.00  1.00  1.00  1.00  1.00  1.00  1.00  1.00  1.00  1.00  1.00  1.00  1.00  0.99  0.98
CYS-B5018_ -0.00 -0.00 -0.00 -0.00 -0.00 -0.00 -0.00 -0.00 -0.05 -0.23 -0.66 -0.94 -0.99 -1.00 -1.00
ASP-B5020_ -0.00 -0.00 -0.02 -0.07 -0.20 -0.43 -0.69 -0.91 -0.98 -1.00 -1.00 -1.00 -1.00 -1.00 -1.00
CTR-B5020_ -0.01 -0.03 -0.11 -0.29 -0.49 -0.61 -0.71 -0.89 -0.97 -0.99 -1.00 -1.00 -1.00 -1.00 -1.00
NTR+B5023_  0.00  0.00  0.00  0.00  0.00  0.00  0.00  0.00  0.00  0.00  0.00  0.00  0.00  0.00  0.00
CTR-B5024_ -0.02 -0.10 -0.40 -0.77 -0.94 -0.99 -1.00 -1.00 -1.00 -1.00 -1.00 -1.00 -1.00 -1.00 -1.00
NTR+B5026_  1.00  1.00  1.00  1.00  1.00  1.00  1.00  1.00  0.99  0.93  0.65  0.23  0.08  0.03  0.01
ASP-B5026_ -0.18 -0.37 -0.66 -0.86 -0.95 -0.98 -0.99 -1.00 -1.00 -1.00 -1.00 -1.00 -1.00 -1.00 -1.00
CYS-B5027_ -0.00 -0.00 -0.00 -0.00 -0.00 -0.00 -0.00 -0.00 -0.00 -0.01 -0.04 -0.12 -0.34 -0.72 -0.93
CTR-B5028_ -0.25 -0.36 -0.53 -0.62 -0.64 -0.63 -0.55 -0.53 -0.55 -0.81 -0.96 -0.99 -1.00 -1.00 -1.00
NTR+B5030_  0.79  0.67  0.70  0.70  0.68  0.64  0.54  0.48  0.34  0.14  0.03  0.01  0.00  0.00  0.00
LYS+B5030_  1.00  1.00  1.00  1.00  1.00  1.00  1.00  1.00  1.00  1.00  0.99  0.92  0.65  0.22  0.03
TYR-B5032_ -0.00 -0.00 -0.00 -0.00 -0.00 -0.00 -0.00 -0.00 -0.00 -0.00 -0.00 -0.01 -0.03 -0.18 -0.60
GLU-B5033_ -0.00 -0.00 -0.03 -0.16 -0.53 -0.86 -0.98 -1.00 -1.00 -1.00 -1.00 -1.00 -1.00 -1.00 -1.00
ASP-B5034_ -0.00 -0.00 -0.01 -0.05 -0.23 -0.65 -0.93 -0.99 -1.00 -1.00 -1.00 -1.00 -1.00 -1.00 -1.00
CTR-B5037_ -0.00 -0.01 -0.05 -0.20 -0.49 -0.82 -0.97 -0.99 -1.00 -1.00 -1.00 -1.00 -1.00 -1.00 -1.00
_ZN+B5101_  0.00  0.00  0.00  0.00  0.00  0.00  0.00  0.00  0.00  0.00  0.00  0.00  0.00  0.00  0.00
_CA+B5102_  0.00  0.00  0.00  0.00  0.00  0.00  0.00  0.00  0.00  0.00  0.00  0.00  0.00  0.00  0.00
----------
Net_Charge 118.45 108.21 93.22 68.91 33.87 -5.48 -36.45 -57.22 -74.48 -90.53 -108.05 -127.43 -145.89 -162.54 -179.10
Protons    118.45 108.21 93.22 68.91 33.87 -5.48 -36.45 -57.22 -74.48 -90.53 -108.05 -127.43 -145.89 -162.54 -179.10
Electrons   0.00  0.00  0.00  0.00  0.00  0.00  0.00  0.00  0.00  0.00  0.00  0.00  0.00  0.00  0.00
