   confID        vdw0    sas     sum
NTR01B3639_001  -0.003  -3.148  -3.151
NTR+1B3639_002  -0.005  -3.148  -3.153
THR01B3639_001   0.164  -4.070  -3.906
PRO01B3640_001   0.282  -3.386  -3.103
LEU01B3641_001   1.976 -10.093  -8.117
TYR01B3642_001   4.602 -10.226  -5.624
TYR-1B3642_002   4.602 -10.226  -5.624
ASN01B3643_001   0.403  -2.384  -1.982
ASN01B3643_002   0.153  -2.136  -1.983
LEU01B3644_001   1.927  -2.572  -0.645
PRO01B3645_001   0.254  -3.416  -3.162
THR01B3646_001   0.255  -6.982  -6.727
THR01B3646_002   0.255  -6.982  -6.727
HIS01B3647_001  -0.167  -8.585  -8.752
HIS01B3647_002  -0.127  -8.629  -8.756
HIS02B3647_003  -0.186  -8.585  -8.771
HIS02B3647_004  -0.140  -8.629  -8.769
HIS+1B3647_005  -0.212  -8.585  -8.797
HIS+1B3647_006  -0.166  -8.629  -8.796
ARG01B3648_001   2.231  -8.430  -6.199
ARG02B3648_002   2.207  -8.430  -6.223
ARG03B3648_003   2.215  -8.430  -6.215
ARG+1B3648_004   2.168  -8.430  -6.262
ALA01B3649_001   0.000  -1.201  -1.201
CYS01B3650_001  -0.002  -3.859  -3.860
CYS01B3650_002  -0.002  -3.859  -3.860
CYS01B3650_003  -0.002  -3.859  -3.861
CYS-1B3650_004   0.000  -3.859  -3.859
ASN01B3651_001   0.464  -3.039  -2.575
ASN01B3651_002   0.222  -2.839  -2.617
MET01B3652_001   0.346  -6.085  -5.739
PHE01B3653_001   4.762  -9.303  -4.541
LEU01B3654_001   1.895  -6.951  -5.056
GLU01B3655_001   1.539  -3.224  -1.686
GLU01B3655_002   1.539  -3.224  -1.686
GLU02B3655_003   1.280  -3.296  -2.016
GLU02B3655_004   1.280  -3.296  -2.016
GLU-1B3655_005   1.186  -3.191  -2.005
SER01B3656_001   0.000  -3.388  -3.388
TYR01B3657_001   4.815  -5.600  -0.785
TYR01B3657_002   4.815  -5.600  -0.785
TYR-1B3657_003   4.815  -5.600  -0.785
LYS01B3658_001   1.877  -8.255  -6.378
LYS+1B3658_002   1.831  -8.255  -6.424
ALA01B3659_001   0.000  -4.977  -4.977
ALA01B3660_001   0.000  -2.524  -2.524
TRP01B3661_001   2.882  -4.801  -1.919
ILE01B3662_001   1.802 -10.518  -8.716
LEU01B3663_001   2.449  -5.837  -3.388
THR01B3664_001   0.185  -5.053  -4.868
GLU01B3665_001   1.722  -3.165  -1.442
GLU01B3665_002   1.722  -3.165  -1.442
GLU02B3665_003   1.418  -3.164  -1.746
GLU02B3665_004   1.418  -3.164  -1.746
GLU-1B3665_005   1.326  -3.038  -1.712
ASP01B3666_001   0.449  -1.794  -1.345
ASP01B3666_002   0.449  -1.794  -1.345
ASP02B3666_003   0.501  -1.756  -1.256
ASP02B3666_004   0.501  -1.756  -1.256
ASP-1B3666_005   0.388  -1.744  -1.356
HIS01B3667_001  -0.139  -4.213  -4.352
HIS01B3667_002  -0.090  -4.548  -4.638
HIS02B3667_003  -0.159  -4.213  -4.371
HIS02B3667_004  -0.102  -4.548  -4.650
HIS+1B3667_005  -0.186  -4.213  -4.398
HIS+1B3667_006  -0.129  -4.548  -4.677
SER01B3668_001   0.000  -3.245  -3.245
SER01B3668_002   0.000  -3.245  -3.245
PHE01B3669_001   4.629  -5.769  -1.140
GLU01B3670_001   0.681  -0.276   0.405
GLU01B3670_002   0.681  -0.276   0.405
GLU02B3670_003   0.580  -0.254   0.326
GLU02B3670_004   0.580  -0.254   0.326
GLU-1B3670_005   0.506  -0.276   0.230
ASP01B3671_001   0.078  -0.930  -0.853
ASP01B3671_002   0.078  -0.930  -0.853
ASP02B3671_003   0.149  -0.942  -0.792
ASP02B3671_004   0.149  -0.942  -0.792
ASP-1B3671_005   0.074  -0.930  -0.857
ARG01B3672_001   4.205 -10.039  -5.833
ARG02B3672_002   4.159 -10.039  -5.880
ARG03B3672_003   4.151 -10.039  -5.888
ARG+1B3672_004   4.111 -10.039  -5.928
MET01B3673_001   0.137  -3.681  -3.543
ILE01B3674_001   2.439   0.000   2.439
ASP01B3675_001   0.197  -0.985  -0.787
ASP01B3675_002   0.197  -0.985  -0.787
ASP02B3675_003   0.289  -0.975  -0.685
ASP02B3675_004   0.289  -0.975  -0.685
ASP-1B3675_005   0.187  -0.978  -0.791
ASP01B3676_001   0.057  -1.807  -1.751
ASP01B3676_002   0.057  -1.807  -1.751
ASP02B3676_003   0.121  -1.883  -1.763
ASP02B3676_004   0.121  -1.883  -1.763
ASP-1B3676_005   0.052  -1.769  -1.717
LEU01B3677_001   2.272  -1.922   0.350
SER01B3678_001   0.000  -0.685  -0.685
SER01B3678_002   0.000  -0.685  -0.685
LYS01B3679_001   1.545  -7.384  -5.839
LYS+1B3679_002   1.460  -7.384  -5.924
ALA01B3680_001   0.000  -3.294  -3.294
GLU01B3682_001   0.499  -3.509  -3.010
GLU01B3682_002   0.499  -3.509  -3.010
GLU02B3682_003   0.665  -3.407  -2.742
GLU02B3682_004   0.665  -3.407  -2.742
GLU-1B3682_005   0.468  -3.381  -2.913
GLN01B3683_001   0.456  -0.946  -0.490
GLU01B3684_001   0.498  -3.836  -3.338
GLU01B3684_002   0.498  -3.836  -3.338
GLU02B3684_003   0.665  -3.788  -3.122
GLU02B3684_004   0.665  -3.788  -3.122
GLU-1B3684_005   0.467  -3.734  -3.266
GLU01B3685_001   0.496  -4.425  -3.929
GLU01B3685_002   0.496  -4.425  -3.929
GLU02B3685_003   0.662  -4.522  -3.859
GLU02B3685_004   0.662  -4.522  -3.859
GLU-1B3685_005   0.465  -4.427  -3.962
GLU01B3686_001   0.497  -2.743  -2.246
GLU01B3686_002   0.497  -2.743  -2.246
GLU02B3686_003   0.664  -2.798  -2.134
GLU02B3686_004   0.664  -2.798  -2.134
GLU-1B3686_005   0.466  -2.657  -2.191
GLU01B3687_001   0.500  -2.497  -1.996
GLU01B3687_002   0.500  -2.497  -1.996
GLU02B3687_003   0.667  -2.487  -1.820
GLU02B3687_004   0.667  -2.487  -1.820
GLU-1B3687_005   0.469  -2.446  -1.977
GLU01B3688_001   0.499  -3.988  -3.489
GLU01B3688_002   0.499  -3.988  -3.489
GLU02B3688_003   0.665  -4.134  -3.468
GLU02B3688_004   0.665  -4.134  -3.468
GLU-1B3688_005   0.468  -4.056  -3.589
GLU01B3689_001   0.499  -4.331  -3.832
GLU01B3689_002   0.499  -4.331  -3.832
GLU02B3689_003   0.665  -4.220  -3.555
GLU02B3689_004   0.665  -4.220  -3.555
GLU-1B3689_005   0.468  -4.126  -3.658
VAL01B3690_001   0.503  -2.472  -1.970
GLU01B3691_001   0.498  -4.500  -4.002
GLU01B3691_002   0.498  -4.500  -4.002
GLU02B3691_003   0.665  -4.431  -3.767
GLU02B3691_004   0.665  -4.431  -3.767
GLU-1B3691_005   0.467  -4.345  -3.878
GLU01B3692_001   0.500  -3.902  -3.401
GLU01B3692_002   0.500  -3.902  -3.401
GLU02B3692_003   0.666  -3.812  -3.146
GLU02B3692_004   0.666  -3.812  -3.146
GLU-1B3692_005   0.468  -3.674  -3.205
LYS01B3693_001   3.792  -7.194  -3.402
LYS+1B3693_002   3.697  -7.194  -3.497
LYS01B3694_001   1.192  -4.917  -3.724
LYS+1B3694_002   1.112  -4.917  -3.804
PRO01B3695_001   0.269  -2.255  -1.986
ASP01B3696_001   0.157  -0.596  -0.439
ASP01B3696_002   0.157  -0.596  -0.439
ASP02B3696_003   0.239  -0.605  -0.366
ASP02B3696_004   0.239  -0.605  -0.366
ASP-1B3696_005   0.147  -0.586  -0.439
PRO01B3697_001   0.272  -2.901  -2.629
LEU01B3698_001   1.917   0.000   1.917
HIS01B3699_001  -0.133  -2.100  -2.234
HIS01B3699_002  -0.087  -2.190  -2.276
HIS02B3699_003  -0.153  -2.100  -2.253
HIS02B3699_004  -0.100  -2.190  -2.290
HIS+1B3699_005  -0.179  -2.100  -2.280
HIS+1B3699_006  -0.126  -2.190  -2.316
GLN01B3700_001   1.287  -2.434  -1.147
GLN01B3700_002   2.155  -2.298  -0.143
LEU01B3701_001   3.154  -1.545   1.609
VAL01B3702_001   0.679  -0.052   0.627
LEU01B3703_001   1.715  -4.102  -2.387
HIS01B3704_001  -0.145  -7.185  -7.331
HIS01B3704_002  -0.105  -7.113  -7.218
HIS02B3704_003  -0.164  -7.185  -7.349
HIS02B3704_004  -0.118  -7.113  -7.231
HIS+1B3704_005  -0.191  -7.185  -7.376
HIS+1B3704_006  -0.145  -7.113  -7.257
PHE01B3705_001   4.616  -0.051   4.565
SER01B3706_001   0.000  -1.288  -1.288
ARG01B3707_001   2.437 -11.380  -8.943
ARG02B3707_002   2.516 -11.380  -8.864
ARG03B3707_003   2.414 -11.380  -8.966
ARG+1B3707_004   2.375 -11.380  -9.005
THR01B3708_001   0.252  -2.598  -2.345
ALA01B3709_001   0.000  -0.103  -0.103
LEU01B3710_001   1.899  -6.265  -4.366
THR01B3711_001   0.192  -4.917  -4.725
THR01B3711_002   0.192  -4.917  -4.725
GLU01B3712_001   5.397  -3.885   1.512
GLU01B3712_002   5.397  -3.885   1.512
GLU02B3712_003   4.359  -3.768   0.591
GLU02B3712_004   4.359  -3.768   0.591
GLU-1B3712_005   4.290  -3.767   0.523
LYS01B3713_001   1.648  -4.253  -2.605
LYS+1B3713_002   1.599  -4.253  -2.654
SER01B3714_001   0.000  -5.302  -5.302
LYS01B3715_001   1.964  -9.234  -7.270
LYS+1B3715_002   1.916  -9.234  -7.318
LEU01B3716_001   1.816  -0.892   0.924
ASP01B3717_001   0.148  -2.317  -2.169
ASP01B3717_002   0.148  -2.317  -2.169
ASP02B3717_003   0.228  -2.367  -2.139
ASP02B3717_004   0.228  -2.367  -2.139
ASP-1B3717_005   0.139  -2.300  -2.161
GLU01B3718_001   2.044  -2.996  -0.952
GLU01B3718_002   2.044  -2.996  -0.952
GLU02B3718_003   1.667  -2.974  -1.307
GLU02B3718_004   1.667  -2.974  -1.307
GLU-1B3718_005   1.582  -2.923  -1.341
ASP01B3719_001   0.049  -0.929  -0.881
ASP01B3719_002   0.049  -0.929  -0.881
ASP02B3719_003   0.110  -0.874  -0.763
ASP02B3719_004   0.110  -0.874  -0.763
ASP-1B3719_005   0.044  -0.861  -0.817
TYR01B3720_001   4.397 -12.171  -7.773
TYR-1B3720_002   4.397 -12.171  -7.773
LEU01B3721_001   3.550  -6.040  -2.490
TYR01B3722_001   5.034   0.000   5.034
TYR-1B3722_002   5.034   0.000   5.034
MET01B3723_001   0.131  -1.174  -1.043
ALA01B3724_001   0.000  -1.645  -1.645
TYR01B3725_001   4.566  -3.028   1.538
TYR-1B3725_002   4.566  -3.028   1.538
ALA01B3726_001   0.000   0.000   0.000
ASP01B3727_001   0.062  -1.702  -1.641
ASP01B3727_002   0.062  -1.702  -1.641
ASP02B3727_003   0.129  -1.761  -1.631
ASP02B3727_004   0.129  -1.761  -1.631
ASP-1B3727_005   0.058  -1.688  -1.630
ILE01B3728_001   2.422  -0.721   1.701
MET01B3729_001   0.032  -0.071  -0.040
ALA01B3730_001   0.000  -0.361  -0.361
LYS01B3731_001   1.999  -3.694  -1.695
LYS+1B3731_002   1.927  -3.694  -1.767
SER01B3732_001   0.000   0.000   0.000
SER01B3732_002   0.000   0.000   0.000
SER01B3732_003   0.000   0.000   0.000
CYS01B3733_001  -0.002   0.000  -0.002
CYS01B3733_002  -0.002   0.000  -0.002
CYS01B3733_003  -0.002   0.000  -0.002
CYS-1B3733_004   0.000   0.000   0.000
HIS01B3734_001  -0.354  -2.900  -3.254
HIS02B3734_002  -0.363  -2.900  -3.263
HIS+1B3734_003  -0.383  -2.900  -3.282
LEU01B3735_001   1.460  -1.648  -0.188
GLU01B3736_001   0.500  -0.131   0.369
GLU01B3736_002   0.500  -0.131   0.369
GLU02B3736_003   0.667  -0.120   0.547
GLU02B3736_004   0.667  -0.120   0.547
GLU-1B3736_005   0.469  -0.129   0.340
GLU01B3737_001   0.500  -1.482  -0.981
GLU01B3737_002   0.500  -1.482  -0.981
GLU02B3737_003   0.667  -1.346  -0.679
GLU02B3737_004   0.667  -1.346  -0.679
GLU-1B3737_005   0.469  -1.378  -0.909
GLU01B3740_001   0.499  -0.986  -0.487
GLU01B3740_002   0.499  -0.986  -0.487
GLU02B3740_003   0.665  -0.925  -0.259
GLU02B3740_004   0.665  -0.925  -0.259
GLU-1B3740_005   0.468  -0.956  -0.488
ASN01B3741_001  -0.021  -2.129  -2.149
CTR01B3741_001  -0.021  -4.672  -4.693
CTR01B3741_002   0.109  -4.846  -4.737
CTR02B3741_003  -0.022  -4.788  -4.810
CTR02B3741_004   0.043  -4.981  -4.939
CTR-1B3741_005   0.000  -4.672  -4.672
NTR01B3747_001  -0.003  -3.763  -3.766
NTR+1B3747_002  -0.005  -3.763  -3.768
GLU01B3747_001   0.499  -4.701  -4.202
GLU01B3747_002   0.499  -4.701  -4.202
GLU02B3747_003   0.666  -4.581  -3.916
GLU02B3747_004   0.666  -4.581  -3.916
GLU-1B3747_005   0.468  -4.496  -4.028
GLU01B3748_001   0.499  -3.898  -3.399
GLU01B3748_002   0.499  -3.898  -3.399
GLU02B3748_003   0.666  -3.872  -3.206
GLU02B3748_004   0.666  -3.872  -3.206
GLU-1B3748_005   0.468  -3.828  -3.360
VAL01B3749_001   0.502  -7.959  -7.457
GLU01B3750_001   1.706  -2.177  -0.471
GLU01B3750_002   1.706  -2.177  -0.471
GLU02B3750_003   1.415  -2.084  -0.669
GLU02B3750_004   1.415  -2.084  -0.669
GLU-1B3750_005   1.319  -2.027  -0.708
VAL01B3751_001   0.582  -4.375  -3.794
SER01B3752_001   0.000  -2.979  -2.979
SER01B3752_002   0.000  -2.979  -2.979
PHE01B3753_001   4.754  -7.040  -2.285
GLU01B3754_001   3.618  -2.552   1.066
GLU01B3754_002   3.618  -2.552   1.066
GLU02B3754_003   2.900  -2.521   0.379
GLU02B3754_004   2.900  -2.521   0.379
GLU-1B3754_005   2.832  -2.504   0.327
GLU01B3755_001   1.578  -0.811   0.768
GLU01B3755_002   1.578  -0.811   0.768
GLU02B3755_003   1.302  -0.879   0.424
GLU02B3755_004   1.302  -0.879   0.424
GLU-1B3755_005   1.213  -0.771   0.442
LYS01B3756_001   1.695  -4.254  -2.559
LYS+1B3756_002   1.648  -4.254  -2.606
GLU01B3757_001   2.158  -0.526   1.632
GLU01B3757_002   2.158  -0.526   1.632
GLU02B3757_003   1.697  -0.571   1.126
GLU02B3757_004   1.697  -0.571   1.126
GLU-1B3757_005   1.643  -0.521   1.123
MET01B3758_001   1.071  -1.219  -0.148
GLU01B3759_001   2.782  -1.058   1.724
GLU01B3759_002   2.782  -1.058   1.724
GLU02B3759_003   2.212  -1.241   0.971
GLU02B3759_004   2.212  -1.241   0.971
GLU-1B3759_005   2.147  -1.103   1.044
LYS01B3760_001   2.037  -5.162  -3.124
LYS+1B3760_002   1.992  -5.162  -3.170
GLN01B3761_001   1.206  -1.525  -0.319
GLN01B3761_002   1.710  -1.383   0.327
ARG01B3762_001   9.727  -0.630   9.097
ARG02B3762_002   9.650  -0.630   9.020
ARG02B3762_003   9.709  -0.630   9.079
ARG03B3762_004   9.645  -0.630   9.015
ARG+1B3762_005   9.605  -0.630   8.975
LEU01B3763_001   1.885  -1.249   0.636
LEU01B3764_001   1.994  -1.236   0.758
TYR01B3765_001   4.218  -2.661   1.557
TYR01B3765_002   4.218  -2.661   1.557
TYR-1B3765_003   4.218  -2.661   1.557
GLN01B3766_001   3.209  -0.157   3.052
GLN01B3767_001   2.286  -0.013   2.273
SER01B3768_001   0.000  -3.164  -3.164
SER01B3768_002   0.000  -3.164  -3.164
ARG01B3769_001   1.549  -2.905  -1.356
ARG02B3769_002   1.489  -2.905  -1.417
ARG02B3769_003   1.550  -2.905  -1.356
ARG03B3769_004   1.483  -2.905  -1.422
ARG03B3769_005   1.488  -2.905  -1.417
ARG+1B3769_006   1.444  -2.905  -1.461
LEU01B3770_001   2.479   0.000   2.479
HIS01B3771_001  -0.174  -3.147  -3.322
HIS01B3771_002  -0.135  -2.982  -3.117
HIS02B3771_003  -0.192  -3.147  -3.339
HIS02B3771_004  -0.148  -2.982  -3.130
HIS+1B3771_005  -0.219  -3.147  -3.366
HIS+1B3771_006  -0.175  -2.982  -3.157
THR01B3772_001   0.312  -1.031  -0.719
THR01B3772_002   0.312  -1.031  -0.719
ARG01B3773_001   1.698  -9.289  -7.591
ARG02B3773_002   1.773  -9.289  -7.516
ARG03B3773_003   1.676  -9.289  -7.614
ARG+1B3773_004   1.636  -9.289  -7.653
ALA01B3775_001   0.000   0.000   0.000
ALA01B3776_001   0.000   0.000   0.000
GLU01B3777_001   3.055  -1.241   1.814
GLU01B3777_002   3.055  -1.241   1.814
GLU02B3777_003   2.437  -1.270   1.166
GLU02B3777_004   2.437  -1.270   1.166
GLU-1B3777_005   2.370  -1.172   1.199
MET01B3778_001   0.701  -0.119   0.582
CTR01B3778_001  -0.021  -0.232  -0.253
CTR01B3778_002   0.090  -0.232  -0.141
CTR02B3778_003  -0.022  -0.232  -0.254
CTR02B3778_004   0.033  -0.270  -0.237
CTR-1B3778_005   0.000  -0.232  -0.232
NTR01B3780_001  -0.003  -0.064  -0.067
NTR+1B3780_002  -0.005  -0.064  -0.069
LEU01B3780_001   2.105  -1.133   0.972
GLN01B3781_001   1.994  -0.557   1.436
GLN01B3781_002   3.262  -0.525   2.737
MET01B3782_001   1.093  -0.048   1.045
ILE01B3783_001   1.345  -4.890  -3.546
SER01B3784_001   0.000  -3.163  -3.163
SER01B3784_002   0.000  -3.163  -3.163
CTR01B3784_001  -0.021  -2.075  -2.096
CTR01B3784_002   0.098  -2.056  -1.959
CTR02B3784_003  -0.022  -1.979  -2.001
CTR02B3784_004   0.037  -2.018  -1.981
CTR-1B3784_005   0.000  -1.979  -1.979
NTR01B3786_001  -0.003  -0.723  -0.726
NTR+1B3786_002  -0.005  -0.723  -0.728
CYS01B3786_001  -0.002   0.000  -0.002
CYS01B3786_002  -0.002   0.000  -0.002
CYS01B3786_003  -0.003   0.000  -0.003
CYS-1B3786_004   0.000   0.000   0.000
LYS01B3787_001   1.062  -7.866  -6.804
LYS+1B3787_002   1.015  -7.866  -6.852
GLU01B3789_001   1.859  -1.396   0.463
GLU01B3789_002   1.859  -1.396   0.463
GLU02B3789_003   1.544  -1.460   0.084
GLU02B3789_004   1.544  -1.460   0.084
GLU-1B3789_005   1.464  -1.403   0.062
THR01B3790_001   0.238  -2.852  -2.614
ALA01B3792_001   0.000  -3.190  -3.190
MET01B3793_001   0.117  -0.418  -0.301
VAL01B3794_001   0.745  -0.515   0.230
SER01B3795_001   0.000  -0.749  -0.749
SER01B3795_002   0.000  -0.749  -0.749
SER01B3796_001   0.000  -0.638  -0.638
SER01B3796_002   0.000  -0.638  -0.638
SER01B3796_003   0.000  -0.638  -0.638
THR01B3797_001   0.221  -0.464  -0.242
THR01B3797_002   0.221  -0.464  -0.242
LEU01B3798_001   2.222  -0.515   1.706
LYS01B3799_001   1.363  -3.708  -2.345
LYS+1B3799_002   1.317  -3.708  -2.391
LEU01B3800_001   1.750  -0.206   1.544
ILE01B3802_001   2.366  -0.650   1.716
SER01B3803_001   0.000  -0.241  -0.241
SER01B3803_002   0.000  -0.241  -0.241
SER01B3803_003   0.000  -0.241  -0.241
ILE01B3804_001   2.662  -0.206   2.456
LEU01B3805_001   2.494   0.000   2.494
ASN01B3806_001   0.132  -0.743  -0.611
ASN01B3806_002  -0.018  -0.856  -0.874
ASN01B3809_001   0.521  -0.655  -0.134
ASN01B3809_002   0.257  -0.709  -0.451
ALA01B3810_001   0.000  -2.692  -2.692
GLU01B3811_001   1.363  -2.997  -1.634
GLU01B3811_002   1.363  -2.997  -1.634
GLU02B3811_003   1.160  -3.029  -1.869
GLU02B3811_004   1.160  -3.029  -1.869
GLU-1B3811_005   1.056  -2.902  -1.846
VAL01B3812_001   0.659  -0.052   0.607
GLN01B3813_001   2.003   0.000   2.003
GLN01B3813_002   3.323   0.000   3.323
GLN01B3814_001   0.783  -2.267  -1.484
GLN01B3814_002   0.681  -2.217  -1.536
LYS01B3815_001   1.091  -1.508  -0.417
LYS+1B3815_002   1.045  -1.508  -0.463
MET01B3816_001   2.097  -0.183   1.914
LEU01B3817_001   1.759  -0.103   1.656
ASP01B3818_001   0.441  -1.964  -1.523
ASP01B3818_002   0.441  -1.964  -1.523
ASP02B3818_003   0.485  -1.929  -1.444
ASP02B3818_004   0.485  -1.929  -1.444
ASP-1B3818_005   0.377  -1.895  -1.518
TYR01B3819_001   4.852  -3.166   1.686
TYR-1B3819_002   4.852  -3.166   1.686
LEU01B3820_001   1.980  -3.087  -1.107
LYS01B3821_001   3.144  -4.979  -1.835
LYS+1B3821_002   3.064  -4.979  -1.915
ASP01B3822_001   0.428  -2.841  -2.413
ASP01B3822_002   0.428  -2.841  -2.413
ASP02B3822_003   0.479  -2.958  -2.479
ASP02B3822_004   0.479  -2.958  -2.479
ASP-1B3822_005   0.370  -2.825  -2.456
LYS01B3823_001   3.802  -5.680  -1.877
LYS+1B3823_002   3.708  -5.680  -1.972
CTR01B3823_001  -0.021  -2.713  -2.733
CTR01B3823_002   0.088  -2.616  -2.528
CTR02B3823_003  -0.022  -2.732  -2.754
CTR02B3823_004   0.033  -2.790  -2.757
CTR-1B3823_005   0.000  -2.732  -2.732
NTR01B3836_001  -0.003  -1.991  -1.994
NTR+1B3836_002  -0.005  -1.991  -1.996
CTR01B3836_001  -0.021  -1.274  -1.295
CTR01B3836_002   0.101  -1.274  -1.173
CTR02B3836_003  -0.022  -1.390  -1.412
CTR02B3836_004   0.040  -1.313  -1.273
CTR-1B3836_005   0.000  -1.274  -1.274
MET01B3836_001   0.204  -5.460  -5.255
NTR01B3838_001  -0.003  -1.199  -1.202
NTR+1B3838_002  -0.005  -1.199  -1.204
THR01B3838_001   0.256  -4.665  -4.408
THR01B3838_002   0.256  -4.665  -4.408
THR01B3838_003   0.256  -4.665  -4.408
CYS01B3839_001  -0.002   0.000  -0.002
CYS01B3839_002  -0.002   0.000  -0.002
CYS01B3839_003  -0.002   0.000  -0.002
CYS-1B3839_004   0.000   0.000   0.000
SER01B3840_001   0.000  -1.643  -1.643
SER01B3840_002   0.000  -1.643  -1.643
SER01B3840_003   0.000  -1.643  -1.643
VAL01B3841_001   0.709  -1.494  -0.785
LEU01B3842_001   2.037   0.000   2.037
ASP01B3843_001   0.186  -1.941  -1.755
ASP01B3843_002   0.186  -1.941  -1.755
ASP02B3843_003   0.273  -2.091  -1.819
ASP02B3843_004   0.273  -2.091  -1.819
ASP-1B3843_005   0.175  -1.930  -1.755
LEU01B3844_001   1.830  -2.421  -0.591
ASN01B3845_001   0.293  -3.594  -3.301
ASN01B3845_002   0.454  -3.593  -3.139
ALA01B3846_001   0.000  -1.597  -1.597
PHE01B3847_001   4.543   0.000   4.543
GLU01B3848_001   1.361  -1.203   0.158
GLU01B3848_002   1.361  -1.203   0.158
GLU02B3848_003   1.189  -1.175   0.014
GLU02B3848_004   1.189  -1.175   0.014
GLU-1B3848_005   1.069  -1.166  -0.097
ARG01B3849_001   2.224  -9.863  -7.640
ARG02B3849_002   2.209  -9.863  -7.655
ARG03B3849_003   2.200  -9.863  -7.663
ARG+1B3849_004   2.161  -9.863  -7.702
GLN01B3850_001   2.403   0.000   2.403
ASN01B3851_001   0.171  -1.078  -0.907
ASN01B3851_002   0.004  -1.152  -1.147
LYS01B3852_001   0.868  -8.648  -7.780
LYS+1B3852_002   0.821  -8.648  -7.827
ALA01B3853_001   0.000  -0.979  -0.979
GLU01B3854_001   0.496  -1.942  -1.446
GLU01B3854_002   0.496  -1.942  -1.446
GLU02B3854_003   0.663  -1.890  -1.227
GLU02B3854_004   0.663  -1.890  -1.227
GLU-1B3854_005   0.465  -1.877  -1.412
LEU01B3856_001   1.632  -7.447  -5.815
MET01B3858_001   0.140  -8.476  -8.336
VAL01B3859_001   0.501  -2.592  -2.091
ASN01B3860_001  -0.020  -3.137  -3.158
GLU01B3861_001   0.502  -2.898  -2.396
GLU01B3861_002   0.502  -2.898  -2.396
GLU02B3861_003   0.670  -2.870  -2.200
GLU02B3861_004   0.670  -2.870  -2.200
GLU-1B3861_005   0.471  -2.868  -2.396
ASP01B3862_001  -0.040  -2.213  -2.253
ASP01B3862_002  -0.040  -2.213  -2.253
ASP02B3862_003  -0.009  -2.385  -2.394
ASP02B3862_004  -0.009  -2.385  -2.394
ASP-1B3862_005  -0.040  -2.204  -2.244
THR01B3864_001   0.151  -1.781  -1.630
VAL01B3865_001   0.502  -5.711  -5.210
ILE01B3866_001   0.945  -5.203  -4.258
ASN01B3867_001  -0.019  -1.096  -1.115
ARG01B3868_0011192.571  -5.6481186.922
ARG02B3868_0021192.552  -5.6481186.904
ARG03B3868_0031192.587  -5.6481186.938
ARG03B3868_004 191.619  -5.648 185.970
ARG+1B3868_0051192.520  -5.6481186.872
GLN01B3869_001   0.454  -1.873  -1.420
ASN01B3870_001  -0.020  -0.169  -0.189
GLU01B3872_001   0.498  -3.932  -3.434
GLU01B3872_002   0.498  -3.932  -3.434
GLU02B3872_003   0.663  -3.965  -3.301
GLU02B3872_004   0.663  -3.965  -3.301
GLU-1B3872_005   0.466  -3.846  -3.380
LYS01B3873_001   1.245  -3.539  -2.295
LYS+1B3873_002   1.197  -3.539  -2.342
VAL01B3874_001   0.856   0.000   0.856
MET01B3875_001   0.906   0.000   0.906
ALA01B3876_001   0.000  -1.201  -1.201
ASP01B3877_001   0.091  -0.250  -0.159
ASP01B3877_002   0.091  -0.250  -0.159
ASP02B3877_003   0.167  -0.246  -0.079
ASP02B3877_004   0.167  -0.246  -0.079
ASP-1B3877_005   0.087  -0.276  -0.189
ASP01B3878_001   0.059  -1.441  -1.382
ASP01B3878_002   0.059  -1.441  -1.382
ASP02B3878_003   0.126  -1.498  -1.372
ASP02B3878_004   0.126  -1.498  -1.372
ASP-1B3878_005   0.056  -1.399  -1.344
GLU01B3879_001   0.499  -3.244  -2.745
GLU01B3879_002   0.499  -3.244  -2.745
GLU02B3879_003   0.666  -3.378  -2.712
GLU02B3879_004   0.666  -3.378  -2.712
GLU-1B3879_005   0.468  -3.260  -2.792
PHE01B3880_001   4.732  -1.614   3.118
THR01B3881_001   0.224   0.000   0.224
THR01B3881_002   0.224   0.000   0.224
THR01B3881_003   0.224   0.000   0.224
GLN01B3882_001   1.767  -1.521   0.246
GLN01B3882_002   2.931  -1.388   1.543
ASP01B3883_001   0.425  -0.616  -0.191
ASP01B3883_002   0.425  -0.616  -0.191
ASP02B3883_003   0.466  -0.586  -0.120
ASP02B3883_004   0.466  -0.586  -0.120
ASP-1B3883_005   0.362  -0.586  -0.223
LEU01B3884_001   1.560  -1.545   0.014
PHE01B3885_001   4.835  -0.388   4.447
ARG01B3886_001   1.849  -5.346  -3.497
ARG02B3886_002   1.810  -5.346  -3.535
ARG03B3886_003   1.873  -5.346  -3.473
ARG+1B3886_004   1.767  -5.346  -3.578
PHE01B3887_001   4.988  -1.348   3.640
LEU01B3888_001   1.643  -2.060  -0.418
GLN01B3889_001   1.791  -0.812   0.979
LEU01B3890_001   1.929  -0.634   1.295
LEU01B3891_001   2.477  -0.634   1.843
CYS01B3892_001  -0.002   0.000  -0.002
CYS01B3892_002  -0.002   0.000  -0.002
CYS01B3892_003  -0.002   0.000  -0.002
CYS-1B3892_004   0.000   0.000   0.000
GLU01B3893_001   1.610  -0.556   1.054
GLU01B3893_002   1.610  -0.556   1.054
GLU02B3893_003   1.330  -0.662   0.668
GLU02B3893_004   1.330  -0.662   0.668
GLU-1B3893_005   1.238  -0.512   0.725
HIS01B3895_001  -0.155  -3.774  -3.929
HIS01B3895_002  -0.114  -3.714  -3.828
HIS02B3895_003  -0.174  -3.774  -3.947
HIS02B3895_004  -0.127  -3.714  -3.842
HIS+1B3895_005  -0.201  -3.774  -3.974
HIS+1B3895_006  -0.154  -3.714  -3.868
ASN01B3896_001   0.058  -0.827  -0.769
ASN01B3896_002   0.247  -0.551  -0.305
ASN01B3897_001   0.294  -2.717  -2.423
ASN01B3897_002   0.081  -2.461  -2.380
ASP01B3898_001   0.027  -1.809  -1.782
ASP01B3898_002   0.027  -1.809  -1.782
ASP02B3898_003   0.082  -1.830  -1.749
ASP02B3898_004   0.082  -1.830  -1.749
ASP-1B3898_005   0.023  -1.735  -1.712
PHE01B3899_001   5.415  -0.152   5.264
GLN01B3900_001   1.527  -0.138   1.389
GLN01B3900_002   2.496  -0.276   2.220
ASN01B3901_001   0.530  -2.124  -1.593
TYR01B3902_001   4.851  -0.772   4.078
TYR01B3902_002   4.851  -0.772   4.078
TYR-1B3902_003   4.851  -0.772   4.078
LEU01B3903_001   2.096  -2.386  -0.290
ARG01B3904_001   3.015  -9.412  -6.397
ARG02B3904_002   2.980  -9.412  -6.433
ARG02B3904_003   2.984  -9.412  -6.428
ARG03B3904_004   2.989  -9.412  -6.423
ARG+1B3904_005   2.939  -9.412  -6.473
THR01B3905_001   0.199  -2.733  -2.534
GLN01B3906_001   2.697  -0.564   2.133
GLN01B3906_002   4.539  -0.461   4.078
THR01B3907_001   0.212  -5.894  -5.682
ASN01B3909_001   0.474  -1.329  -0.855
ASN01B3909_002   0.232  -1.388  -1.156
THR01B3910_001   0.198  -6.877  -6.679
THR01B3911_001   0.188  -5.781  -5.593
THR01B3912_001   0.227  -3.412  -3.185
ILE01B3913_001   1.487  -8.116  -6.630
CTR01B3913_001  -0.021  -3.359  -3.380
CTR01B3913_002   0.099  -3.224  -3.125
CTR02B3913_003  -0.022  -3.185  -3.207
CTR02B3913_004   0.039  -3.186  -3.147
CTR-1B3913_005   0.000  -3.185  -3.185
NTR01B3921_001  -0.003  -2.672  -2.675
NTR+1B3921_002  -0.005  -2.672  -2.677
ASP01B3921_001   0.445  -2.361  -1.916
ASP01B3921_002   0.445  -2.361  -1.916
ASP02B3921_003   0.487  -2.456  -1.969
ASP02B3921_004   0.487  -2.456  -1.969
ASP-1B3921_005   0.380  -2.273  -1.893
TYR01B3922_001   4.482  -0.155   4.328
TYR01B3922_002   4.482  -0.155   4.328
TYR-1B3922_003   4.482  -0.155   4.328
CTR01B3922_001  -0.021  -0.637  -0.658
CTR01B3922_002   0.098  -0.637  -0.540
CTR02B3922_003  -0.022  -0.599  -0.621
CTR02B3922_004   0.037  -0.637  -0.600
CTR-1B3922_005   0.000  -0.637  -0.637
NTR01B3924_001  -0.003  -0.321  -0.324
NTR+1B3924_002  -0.005  -0.321  -0.326
LEU01B3924_001   1.853  -2.077  -0.224
ARG01B3925_001   2.488  -5.939  -3.451
ARG02B3925_002   2.455  -5.939  -3.484
ARG03B3925_003   2.448  -5.939  -3.490
ARG03B3925_004   2.453  -5.939  -3.486
ARG+1B3925_005   2.408  -5.939  -3.530
LEU01B3926_001   2.012  -0.258   1.755
GLN01B3927_001   2.889  -0.354   2.535
GLN01B3927_002   4.703  -0.325   4.378
GLU01B3928_001   3.339  -2.982   0.357
GLU01B3928_002   3.339  -2.982   0.357
GLU02B3928_003   2.652  -3.033  -0.381
GLU02B3928_004   2.652  -3.033  -0.381
GLU-1B3928_005   2.595  -3.101  -0.506
SER01B3929_001   0.000  -0.336  -0.336
SER01B3929_002   0.000  -0.336  -0.336
ILE01B3930_001   4.161   0.000   4.161
SER01B3931_001   0.000  -0.872  -0.872
SER01B3931_002   0.000  -0.872  -0.872
ASP01B3932_001   0.194  -1.881  -1.687
ASP01B3932_002   0.194  -1.881  -1.687
ASP02B3932_003   0.285  -1.894  -1.609
ASP02B3932_004   0.285  -1.894  -1.609
ASP-1B3932_005   0.184  -1.839  -1.655
PHE01B3933_001   4.782  -0.152   4.630
TYR01B3934_001   4.743  -1.418   3.325
TYR01B3934_002   4.743  -1.418   3.325
TYR-1B3934_003   4.743  -1.418   3.325
TRP01B3935_001   3.194  -8.915  -5.721
TYR01B3936_001   4.691  -4.179   0.511
TYR-1B3936_002   4.691  -4.179   0.511
TYR01B3937_001   4.932   0.000   4.932
TYR01B3937_002   4.932   0.000   4.932
TYR-1B3937_003   4.932   0.000   4.932
SER01B3938_001   0.000  -1.220  -1.220
SER01B3938_002   0.000  -1.220  -1.220
SER01B3938_003   0.000  -1.220  -1.220
LYS01B3940_001   0.982  -4.045  -3.064
LYS+1B3940_002   0.938  -4.045  -3.108
ASP01B3941_001   0.065  -2.805  -2.740
ASP01B3941_002   0.065  -2.805  -2.740
ASP02B3941_003   0.133  -2.904  -2.771
ASP02B3941_004   0.133  -2.904  -2.771
ASP-1B3941_005   0.062  -2.704  -2.643
VAL01B3942_001   0.510  -4.665  -4.155
ILE01B3943_001   3.225  -0.103   3.122
GLU01B3944_001   1.764  -2.431  -0.666
GLU01B3944_002   1.764  -2.431  -0.666
GLU02B3944_003   1.483  -2.538  -1.055
GLU02B3944_004   1.483  -2.538  -1.055
GLU-1B3944_005   1.376  -2.369  -0.993
GLU01B3945_001   3.177  -2.862   0.315
GLU01B3945_002   3.177  -2.862   0.315
GLU02B3945_003   2.564  -2.929  -0.365
GLU02B3945_004   2.564  -2.929  -0.365
GLU-1B3945_005   2.486  -2.866  -0.381
GLN01B3946_001   0.737  -0.432   0.304
LYS01B3948_001   1.133  -1.483  -0.350
LYS+1B3948_002   1.087  -1.483  -0.396
ARG01B3949_001   2.681  -5.958  -3.277
ARG02B3949_002   2.658  -5.958  -3.301
ARG03B3949_003   2.666  -5.958  -3.292
ARG+1B3949_004   2.619  -5.958  -3.340
ASN01B3950_001   0.479  -0.034   0.444
ASN01B3950_002   0.233  -0.039   0.193
PHE01B3951_001   5.041   0.000   5.041
SER01B3952_001   0.000  -1.988  -1.988
SER01B3952_002   0.000  -1.988  -1.988
SER01B3952_003   0.000  -1.988  -1.988
LYS01B3953_001   1.458  -1.831  -0.372
LYS+1B3953_002   1.412  -1.831  -0.419
ALA01B3954_001   0.000   0.000   0.000
MET01B3955_001   0.725   0.000   0.725
SER01B3956_001   0.000  -1.763  -1.763
SER01B3956_002   0.000  -1.763  -1.763
VAL01B3957_001   0.802   0.000   0.802
ALA01B3958_001   0.000  -0.103  -0.103
LYS01B3959_001   2.166  -3.654  -1.488
LYS+1B3959_002   2.114  -3.654  -1.540
GLN01B3960_001   1.183  -0.586   0.598
GLN01B3960_002   1.549  -0.709   0.840
VAL01B3961_001   0.699  -0.824  -0.125
PHE01B3962_001   5.130  -0.928   4.202
ASN01B3963_001   0.493  -1.014  -0.521
ASN01B3963_002   0.232  -0.891  -0.659
SER01B3964_001   0.000   0.000   0.000
SER01B3964_002   0.000   0.000   0.000
SER01B3964_003   0.000   0.000   0.000
LEU01B3965_001   2.640  -3.757  -1.117
THR01B3966_001   0.207  -0.438  -0.231
THR01B3966_002   0.207  -0.438  -0.231
GLU01B3967_001   1.970  -0.277   1.692
GLU01B3967_002   1.970  -0.277   1.692
GLU02B3967_003   1.621  -0.217   1.404
GLU02B3967_004   1.621  -0.217   1.404
GLU-1B3967_005   1.529  -0.241   1.288
TYR01B3968_001   4.543  -2.717   1.825
TYR-1B3968_002   4.543  -2.717   1.825
ILE01B3969_001   2.357  -3.603  -1.245
GLN01B3970_001   2.195  -0.669   1.526
GLN01B3970_002   3.616  -0.773   2.844
CTR01B3971_001  -0.021  -2.607  -2.628
CTR01B3971_002   0.106  -2.684  -2.578
CTR02B3971_003  -0.022  -2.568  -2.590
CTR02B3971_004   0.042  -2.742  -2.700
CTR-1B3971_005   0.000  -2.607  -2.607
NTR01B3982_001  -0.003  -2.005  -2.008
NTR+1B3982_002  -0.005  -2.005  -2.010
HIS01B3982_001  -0.169 -10.887 -11.056
HIS01B3982_002  -0.127 -10.633 -10.761
HIS02B3982_003  -0.187 -10.887 -11.074
HIS02B3982_004  -0.141 -10.633 -10.774
HIS+1B3982_005  -0.214 -10.887 -11.101
HIS+1B3982_006  -0.167 -10.633 -10.801
SER01B3983_001   0.000  -4.717  -4.717
SER01B3983_002   0.000  -4.717  -4.717
SER01B3983_003   0.000  -4.717  -4.717
ARG01B3984_001   1.495  -7.984  -6.489
ARG02B3984_002   1.451  -7.984  -6.533
ARG02B3984_003   1.455  -7.984  -6.529
ARG03B3984_004   1.457  -7.984  -6.527
ARG+1B3984_005   1.412  -7.984  -6.572
CTR01B3984_001  -0.021  -0.830  -0.852
CTR01B3984_002   0.134  -0.830  -0.696
CTR02B3984_003  -0.023  -0.830  -0.853
CTR02B3984_004   0.055  -0.830  -0.775
CTR-1B3984_005   0.000  -0.830  -0.830
NTR01B3986_001  -0.003  -0.193  -0.196
NTR+1B3986_002  -0.005  -0.193  -0.198
TRP01B3986_001   3.412  -2.817   0.595
ASP01B3987_001   0.055  -2.519  -2.464
ASP01B3987_002   0.055  -2.519  -2.464
ASP02B3987_003   0.119  -2.463  -2.344
ASP02B3987_004   0.119  -2.463  -2.344
ASP-1B3987_005   0.051  -2.369  -2.318
ALA01B3988_001   0.000  -0.889  -0.889
VAL01B3989_001   0.973  -0.959   0.013
VAL01B3990_001   0.731  -0.773  -0.042
PHE01B3992_001   5.085  -0.707   4.378
LEU01B3993_001   2.058  -0.979   1.080
HIS01B3994_001  -0.174  -4.301  -4.475
HIS01B3994_002  -0.133  -4.141  -4.274
HIS02B3994_003  -0.192  -4.301  -4.493
HIS02B3994_004  -0.147  -4.141  -4.288
HIS+1B3994_005  -0.219  -4.301  -4.520
HIS+1B3994_006  -0.173  -4.141  -4.314
VAL01B3995_001   0.658   0.000   0.658
PHE01B3996_001   4.664   0.000   4.664
ALA01B3997_001   0.000   0.000   0.000
HIS01B3998_001  -0.111  -2.607  -2.718
HIS02B3998_002  -0.131  -2.607  -2.738
HIS+1B3998_003  -0.158  -2.607  -2.765
MET01B3999_001  -0.016   0.000  -0.016
MET01B4000_001   1.774  -0.279   1.494
MET01B4001_001  -0.036  -1.486  -1.522
LYS01B4002_001   0.724  -0.876  -0.151
LYS+1B4002_002   0.681  -0.876  -0.194
LEU01B4003_001   1.981  -0.052   1.930
ALA01B4004_001   0.000  -0.052  -0.052
GLN01B4005_001   1.628  -1.614   0.014
GLN01B4005_002   2.612  -1.555   1.057
ASP01B4006_001   0.077  -1.403  -1.326
ASP01B4006_002   0.077  -1.403  -1.326
ASP02B4006_003   0.149  -1.329  -1.180
ASP02B4006_004   0.149  -1.329  -1.180
ASP-1B4006_005   0.073  -1.314  -1.240
SER01B4007_001   0.000  -3.197  -3.197
SER01B4007_002   0.000  -3.197  -3.197
SER01B4008_001   0.000  -3.649  -3.649
SER01B4008_002   0.000  -3.649  -3.649
GLN01B4009_001   2.014  -0.039   1.974
GLN01B4009_002   3.337  -0.034   3.302
ILE01B4010_001   2.492  -2.283   0.209
GLU01B4011_001   3.021  -3.407  -0.386
GLU01B4011_002   3.021  -3.407  -0.386
GLU02B4011_003   2.409  -3.456  -1.047
GLU02B4011_004   2.409  -3.456  -1.047
GLU-1B4011_005   2.342  -3.308  -0.966
LEU01B4012_001   1.641  -0.155   1.487
LEU01B4013_001   2.316  -0.309   2.007
LYS01B4014_001   2.260  -5.720  -3.460
LYS+1B4014_002   2.214  -5.720  -3.506
GLU01B4015_001   3.263  -1.094   2.169
GLU01B4015_002   3.263  -1.094   2.169
GLU02B4015_003   2.596  -1.088   1.508
GLU02B4015_004   2.596  -1.088   1.508
GLU-1B4015_005   2.536  -1.098   1.438
LEU01B4016_001   2.783   0.000   2.783
LEU01B4017_001   1.679  -0.309   1.370
ASP01B4018_001   0.210  -1.232  -1.022
ASP01B4018_002   0.210  -1.232  -1.022
ASP02B4018_003   0.310  -1.279  -0.969
ASP02B4018_004   0.310  -1.279  -0.969
ASP-1B4018_005   0.201  -1.275  -1.074
LEU01B4019_001   1.651   0.000   1.651
GLN01B4020_001   2.527  -0.197   2.330
GLN01B4020_002   4.168  -0.207   3.961
LYS01B4021_001   1.459  -4.031  -2.571
LYS+1B4021_002   1.411  -4.031  -2.620
ASP01B4022_001   0.172  -1.073  -0.900
ASP01B4022_002   0.172  -1.073  -0.900
ASP02B4022_003   0.259  -1.122  -0.863
ASP02B4022_004   0.259  -1.122  -0.863
ASP-1B4022_005   0.163  -1.068  -0.905
MET01B4023_001   0.027  -0.071  -0.044
VAL01B4024_001   0.569  -2.949  -2.381
VAL01B4025_001   0.738  -3.503  -2.765
MET01B4026_001   0.069  -1.135  -1.066
LEU01B4027_001   1.730  -0.876   0.854
LEU01B4028_001   1.384  -3.789  -2.405
CTR01B4028_001  -0.021  -1.612  -1.633
CTR01B4028_002   0.102  -1.573  -1.471
CTR02B4028_003  -0.022  -1.573  -1.596
CTR02B4028_004   0.041  -1.535  -1.494
CTR-1B4028_005   0.000  -1.573  -1.573
NTR01B4030_001  -0.003  -0.064  -0.067
NTR+1B4030_002  -0.005  -0.064  -0.069
CTR01B4030_001  -0.021  -2.066  -2.087
CTR01B4030_002   0.093  -2.124  -2.031
CTR02B4030_003  -0.022  -2.085  -2.107
CTR02B4030_004   0.035  -2.143  -2.108
CTR-1B4030_005   0.000  -2.085  -2.085
LEU01B4030_001   1.904  -1.819   0.085
NTR01B4032_001  -0.003  -0.891  -0.893
NTR+1B4032_002  -0.005  -0.891  -0.895
GLU01B4032_001   2.122  -1.746   0.376
GLU01B4032_002   2.122  -1.746   0.376
GLU02B4032_003   1.659  -1.733  -0.074
GLU02B4032_004   1.659  -1.733  -0.074
GLU-1B4032_005   1.605  -1.662  -0.057
CTR01B4033_001  -0.021  -5.512  -5.533
CTR01B4033_002   0.111  -5.609  -5.497
CTR02B4033_003  -0.022  -5.551  -5.573
CTR02B4033_004   0.044  -5.531  -5.487
CTR-1B4033_005   0.000  -5.415  -5.415
NTR01B4039_001  -0.003  -1.799  -1.802
NTR+1B4039_002  -0.005  -1.799  -1.804
MET01B4039_001   0.613  -7.757  -7.145
ILE01B4040_001   2.302  -5.766  -3.464
ALA01B4041_001   0.000  -4.288  -4.288
ARG01B4042_001   2.569  -9.753  -7.184
ARG02B4042_002   2.496  -9.753  -7.258
ARG03B4042_003   2.502  -9.753  -7.252
ARG+1B4042_004   2.457  -9.753  -7.297
GLN01B4043_001   1.587  -1.329   0.259
GLN01B4043_002   2.614  -1.378   1.236
MET01B4044_001   0.087  -2.568  -2.481
VAL01B4045_001   0.876  -0.927  -0.051
ASP01B4046_001   0.079  -2.103  -2.024
ASP01B4046_002   0.079  -2.103  -2.024
ASP02B4046_003   0.151  -2.214  -2.063
ASP02B4046_004   0.151  -2.214  -2.063
ASP-1B4046_005   0.075  -2.136  -2.061
MET01B4047_001   1.787  -0.406   1.381
LEU01B4048_001   1.791  -3.174  -1.384
VAL01B4049_001   0.703  -3.139  -2.436
GLU01B4050_001   3.061  -2.055   1.006
GLU01B4050_002   3.061  -2.055   1.006
GLU02B4050_003   2.422  -2.094   0.329
GLU02B4050_004   2.422  -2.094   0.329
GLU-1B4050_005   2.367  -2.032   0.335
SER01B4051_001   0.000   0.000   0.000
SER01B4051_002   0.000   0.000   0.000
SER01B4052_001   0.000  -1.342  -1.342
SER01B4052_002   0.000  -1.342  -1.342
SER01B4053_001   0.000  -4.957  -4.957
ASN01B4054_001   0.271  -0.349  -0.078
ASN01B4054_002   0.070  -0.217  -0.146
VAL01B4055_001   0.850  -0.721   0.129
GLU01B4056_001   3.690  -1.638   2.052
GLU01B4056_002   3.690  -1.638   2.052
GLU02B4056_003   2.951  -1.758   1.193
GLU02B4056_004   2.951  -1.758   1.193
GLU-1B4056_005   2.882  -1.654   1.228
MET01B4057_001   0.063  -2.837  -2.773
ILE01B4058_001   2.844  -1.887   0.957
LEU01B4059_001   3.094  -1.011   2.084
LYS01B4060_001   1.523  -4.552  -3.028
LYS+1B4060_002   1.437  -4.552  -3.114
PHE01B4061_001   4.375  -0.455   3.921
PHE01B4062_001   4.961  -0.545   4.415
CTR01B4062_001  -0.021   0.000  -0.021
CTR01B4062_002   0.101   0.000   0.101
CTR02B4062_003  -0.022   0.000  -0.022
CTR02B4062_004   0.036   0.000   0.036
CTR-1B4062_005   0.000   0.000   0.000
NTR01B4063_001  -0.003   0.000  -0.003
NTR+1B4063_002  -0.005   0.000  -0.005
ASP01B4063_001   0.059  -1.046  -0.987
ASP01B4063_002   0.059  -1.046  -0.987
ASP02B4063_003   0.125  -1.111  -0.985
ASP02B4063_004   0.125  -1.111  -0.985
ASP-1B4063_005   0.055  -1.034  -0.978
MET01B4064_001   0.039  -0.155  -0.115
PHE01B4065_001   5.009  -0.153   4.856
LEU01B4066_001   3.059  -0.309   2.750
LYS01B4067_001   1.806  -1.261   0.545
LYS+1B4067_002   1.762  -1.261   0.501
LEU01B4068_001   3.962   0.000   3.962
LYS01B4069_001   2.265  -6.033  -3.768
LYS+1B4069_002   2.203  -6.033  -3.830
ASP01B4070_001   0.163  -1.496  -1.333
ASP01B4070_002   0.163  -1.496  -1.333
ASP02B4070_003   0.245  -1.547  -1.302
ASP02B4070_004   0.245  -1.547  -1.302
ASP-1B4070_005   0.153  -1.456  -1.303
ILE01B4071_001   2.566  -0.821   1.745
VAL01B4072_001   0.524  -0.927  -0.403
SER01B4074_001   0.000  -1.721  -1.721
GLU01B4075_001   1.775  -3.301  -1.526
GLU01B4075_002   1.775  -3.301  -1.526
GLU02B4075_003   1.459  -3.184  -1.725
GLU02B4075_004   1.459  -3.184  -1.725
GLU-1B4075_005   1.367  -3.138  -1.771
ALA01B4076_001   0.000  -3.071  -3.071
PHE01B4077_001   4.590   0.000   4.590
GLN01B4078_001   0.710  -1.654  -0.944
GLN01B4078_002   0.615  -1.440  -0.825
ASP01B4079_001   0.139  -2.718  -2.578
ASP01B4079_002   0.139  -2.718  -2.578
ASP02B4079_003   0.218  -2.730  -2.512
ASP02B4079_004   0.218  -2.730  -2.512
ASP-1B4079_005   0.131  -2.593  -2.462
TYR01B4080_001   5.124  -0.821   4.302
TYR-1B4080_002   5.124  -0.821   4.302
VAL01B4081_001   0.677  -0.309   0.368
THR01B4082_001   0.196  -6.331  -6.135
THR01B4082_002   0.196  -6.331  -6.135
THR01B4082_003   0.196  -6.331  -6.135
ASP01B4083_001   0.274  -0.830  -0.556
ASP01B4083_002   0.274  -0.830  -0.556
ASP02B4083_003   0.374  -0.727  -0.353
ASP02B4083_004   0.374  -0.727  -0.353
ASP-1B4083_005   0.258  -0.758  -0.500
PRO01B4084_001   0.249  -6.751  -6.501
ARG01B4085_001   3.595  -7.450  -3.856
ARG02B4085_002   3.527  -7.450  -3.923
ARG02B4085_003   3.585  -7.450  -3.866
ARG03B4085_004   3.521  -7.450  -3.929
ARG+1B4085_005   3.482  -7.450  -3.969
LEU01B4087_001   1.934  -4.359  -2.425
ILE01B4088_001   4.664   0.000   4.664
SER01B4089_001   0.000  -1.637  -1.637
SER01B4089_002   0.000  -1.637  -1.637
SER01B4089_003   0.000  -1.637  -1.637
LYS01B4090_001   1.991  -2.211  -0.220
LYS+1B4090_002   1.944  -2.211  -0.267
LYS01B4091_001   0.645  -9.125  -8.481
LYS+1B4091_002   0.599  -9.125  -8.526
ASP01B4092_001   0.065  -0.525  -0.460
ASP01B4092_002   0.065  -0.525  -0.460
ASP02B4092_003   0.132  -0.576  -0.444
ASP02B4092_004   0.132  -0.576  -0.444
ASP-1B4092_005   0.061  -0.525  -0.464
PHE01B4093_001   4.945   0.000   4.945
GLN01B4094_001   1.163  -1.245  -0.082
GLN01B4094_002   1.642  -1.200   0.442
LYS01B4095_001   2.260  -6.810  -4.550
LYS+1B4095_002   2.213  -6.810  -4.597
ALA01B4096_001   0.000  -0.103  -0.103
MET01B4097_001   0.105   0.000   0.105
ASP01B4098_001   0.454  -3.010  -2.556
ASP01B4098_002   0.454  -3.010  -2.556
ASP02B4098_003   0.505  -3.036  -2.531
ASP02B4098_004   0.505  -3.036  -2.531
ASP-1B4098_005   0.392  -2.998  -2.606
SER01B4099_001   0.000  -2.274  -2.274
SER01B4099_002   0.000  -2.274  -2.274
GLN01B4100_001   2.053  -1.139   0.914
LYS01B4101_001   0.881 -10.185  -9.303
LYS+1B4101_002   0.833 -10.185  -9.351
GLN01B4102_001   1.681  -3.345  -1.664
GLN01B4102_002   2.763  -3.232  -0.469
PHE01B4103_001   4.807  -0.052   4.756
THR01B4104_001   0.231  -3.840  -3.608
THR01B4104_002   0.231  -3.840  -3.608
PRO01B4106_001   0.284  -6.659  -6.375
GLU01B4107_001   2.370  -1.083   1.288
GLU01B4107_002   2.370  -1.083   1.288
GLU02B4107_003   1.891  -1.087   0.804
GLU02B4107_004   1.891  -1.087   0.804
GLU-1B4107_005   1.821  -1.047   0.774
ILE01B4108_001   2.033  -0.155   1.879
GLN01B4109_001   0.743  -2.535  -1.792
GLN01B4109_002   0.649  -2.381  -1.731
PHE01B4110_001   4.930  -0.463   4.467
LEU01B4111_001   1.998   0.000   1.998
LEU01B4112_001   1.998  -0.412   1.586
SER01B4113_001   0.000  -2.098  -2.098
CYS01B4114_001  -0.002   0.000  -0.002
CYS01B4114_002  -0.002   0.000  -0.002
CYS01B4114_003  -0.003   0.000  -0.003
CYS-1B4114_004   0.000   0.000   0.000
SER01B4115_001   0.000   0.000   0.000
SER01B4115_002   0.000   0.000   0.000
GLU01B4116_001   1.667  -1.839  -0.172
GLU01B4116_002   1.667  -1.839  -0.172
GLU02B4116_003   1.379  -1.902  -0.523
GLU02B4116_004   1.379  -1.902  -0.523
GLU-1B4116_005   1.285  -1.843  -0.558
ALA01B4117_001   0.000  -2.592  -2.592
ASP01B4118_001   0.382  -2.083  -1.701
ASP01B4118_002   0.382  -2.083  -1.701
ASP02B4118_003   0.436  -1.916  -1.480
ASP02B4118_004   0.436  -1.916  -1.480
ASP-1B4118_005   0.331  -1.861  -1.529
GLU01B4119_001   1.953  -3.950  -1.996
GLU01B4119_002   1.953  -3.950  -1.996
GLU02B4119_003   1.616  -4.143  -2.526
GLU02B4119_004   1.616  -4.143  -2.526
GLU-1B4119_005   1.518  -3.876  -2.358
ASN01B4120_001   0.026  -1.747  -1.722
ASN01B4120_002   0.197  -1.883  -1.686
GLU01B4121_001   2.786  -3.098  -0.312
GLU01B4121_002   2.786  -3.098  -0.312
GLU02B4121_003   2.212  -3.130  -0.918
GLU02B4121_004   2.212  -3.130  -0.918
GLU-1B4121_005   2.150  -3.014  -0.864
MET01B4122_001   0.142  -0.864  -0.722
ILE01B4123_001   2.536   0.000   2.536
ASN01B4124_001   0.140  -1.860  -1.720
ASN01B4124_002  -0.014  -1.703  -1.717
PHE01B4125_001   4.731  -1.887   2.844
GLU01B4126_001   0.500  -3.568  -3.068
GLU01B4126_002   0.500  -3.568  -3.068
GLU02B4126_003   0.667  -3.635  -2.967
GLU02B4126_004   0.667  -3.635  -2.967
GLU-1B4126_005   0.469  -3.583  -3.114
GLU01B4127_001   3.421  -1.395   2.026
GLU01B4127_002   3.421  -1.395   2.026
GLU02B4127_003   2.761  -1.424   1.336
GLU02B4127_004   2.761  -1.424   1.336
GLU-1B4127_005   2.681  -1.368   1.313
PHE01B4128_001   5.039   0.000   5.039
ALA01B4129_001   0.000  -0.155  -0.155
ASN01B4130_001   0.248  -1.685  -1.437
ASN01B4130_002   0.424  -1.764  -1.340
ARG01B4131_001   2.045  -0.807   1.238
ARG02B4131_002   2.027  -0.807   1.221
ARG03B4131_003   2.020  -0.807   1.213
ARG03B4131_004   2.024  -0.807   1.217
ARG+1B4131_005   1.980  -0.807   1.173
PHE01B4132_001   4.882  -0.101   4.781
GLN01B4133_001   1.190  -0.305   0.885
GLN01B4133_002   1.908  -0.417   1.490
GLU01B4134_001   4.758  -2.198   2.560
GLU01B4134_002   4.758  -2.198   2.560
GLU02B4134_003   3.828  -2.181   1.647
GLU02B4134_004   3.828  -2.181   1.647
GLU-1B4134_005   3.751  -2.156   1.594
PRO01B4135_001   0.351  -0.686  -0.335
ALA01B4136_001   0.000  -0.103  -0.103
ARG01B4137_001   3.430  -5.490  -2.060
ARG02B4137_002   3.376  -5.490  -2.114
ARG02B4137_003   3.381  -5.490  -2.109
ARG03B4137_004   3.384  -5.490  -2.106
ARG+1B4137_005   3.336  -5.490  -2.154
ASP01B4138_001   0.060  -1.410  -1.349
ASP01B4138_002   0.060  -1.410  -1.349
ASP02B4138_003   0.126  -1.409  -1.283
ASP02B4138_004   0.126  -1.409  -1.283
ASP-1B4138_005   0.056  -1.408  -1.352
ILE01B4139_001   2.518  -0.979   1.540
PHE01B4141_001   4.714  -1.201   3.513
CTR01B4141_001  -0.021  -2.809  -2.830
CTR01B4141_002   0.108  -2.867  -2.759
CTR02B4141_003  -0.022  -2.790  -2.812
CTR02B4141_004   0.043  -2.635  -2.592
CTR-1B4141_005   0.000  -2.790  -2.790
NTR01B4152_001  -0.003  -2.574  -2.577
NTR+1B4152_002  -0.005  -2.574  -2.579
CTR01B4152_001  -0.021  -5.589  -5.610
CTR01B4152_002   0.088  -5.686  -5.598
CTR02B4152_003  -0.022  -5.724  -5.746
CTR02B4152_004   0.032  -5.667  -5.635
CTR-1B4152_005   0.000  -5.550  -5.550
GLU01B4152_001   2.501  -1.640   0.861
GLU01B4152_002   2.501  -1.640   0.861
GLU02B4152_003   2.012  -1.743   0.269
GLU02B4152_004   2.012  -1.743   0.269
GLU-1B4152_005   1.937  -1.623   0.314
NTR01B4156_001  -0.003  -1.404  -1.408
NTR+1B4156_002  -0.005  -1.404  -1.410
HIS01B4156_001  -0.249  -7.756  -8.006
HIS01B4156_002  -0.212  -8.073  -8.285
HIS02B4156_003  -0.270  -7.756  -8.026
HIS02B4156_004  -0.221  -8.073  -8.294
HIS+1B4156_005  -0.297  -7.756  -8.053
HIS+1B4156_006  -0.247  -8.073  -8.320
ASP01B4157_001   0.075  -1.006  -0.931
ASP01B4157_002   0.075  -1.006  -0.931
ASP02B4157_003   0.145  -0.915  -0.770
ASP02B4157_004   0.145  -0.915  -0.770
ASP-1B4157_005   0.071  -0.900  -0.829
PRO01B4158_001   0.241  -6.509  -6.268
ARG01B4159_001   3.011  -6.527  -3.516
ARG02B4159_002   2.928  -6.527  -3.600
ARG02B4159_003   2.934  -6.527  -3.593
ARG03B4159_004   2.993  -6.527  -3.534
ARG+1B4159_005   2.889  -6.527  -3.638
LEU01B4160_001   1.709  -3.104  -1.394
ARG01B4161_001   1.737  -8.867  -7.130
ARG02B4161_002   1.760  -8.867  -7.107
ARG03B4161_003   1.693  -8.867  -7.174
ARG+1B4161_004   1.654  -8.867  -7.213
ASN01B4162_001   0.187  -1.737  -1.550
ASN01B4162_002   0.013  -1.693  -1.680
PHE01B4163_001   5.054  -0.513   4.541
LEU01B4164_001   1.489  -5.595  -4.106
GLU01B4165_001   2.990  -3.406  -0.415
GLU01B4165_002   2.990  -3.406  -0.415
GLU02B4165_003   2.381  -3.415  -1.034
GLU02B4165_004   2.381  -3.415  -1.034
GLU-1B4165_005   2.315  -3.286  -0.971
LEU01B4166_001   1.738  -3.313  -1.575
ALA01B4167_001   0.000  -1.320  -1.320
GLU01B4168_001   2.052  -2.722  -0.669
GLU01B4168_002   2.052  -2.722  -0.669
GLU02B4168_003   1.714  -2.714  -1.000
GLU02B4168_004   1.714  -2.714  -1.000
GLU-1B4168_005   1.606  -2.613  -1.006
SER01B4169_001   0.000  -1.424  -1.424
ILE01B4170_001   5.236  -1.082   4.154
CTR01B4170_001  -0.021  -0.869  -0.890
CTR01B4170_002   0.108  -0.869  -0.760
CTR02B4170_003  -0.022  -0.869  -0.891
CTR02B4170_004   0.043  -0.927  -0.883
CTR-1B4170_005   0.000  -0.869  -0.869
NTR01B4172_001  -0.003  -0.643  -0.646
NTR+1B4172_002  -0.005  -0.643  -0.648
GLU01B4172_001   1.533  -3.545  -2.012
GLU01B4172_002   1.533  -3.545  -2.012
GLU02B4172_003   1.310  -3.622  -2.311
GLU02B4172_004   1.310  -3.622  -2.311
GLU-1B4172_005   1.196  -3.544  -2.348
TYR01B4173_001   4.785  -4.661   0.124
TYR01B4173_002   4.785  -4.661   0.124
TYR-1B4173_003   4.785  -4.661   0.124
PHE01B4174_001   5.187  -0.919   4.268
CTR01B4174_001  -0.021  -2.548  -2.569
CTR01B4174_002   0.099  -2.548  -2.449
CTR02B4174_003  -0.022  -2.510  -2.532
CTR02B4174_004   0.038  -2.645  -2.607
CTR-1B4174_005   0.000  -2.510  -2.510
NTR01B4178_001  -0.003  -0.707  -0.709
NTR+1B4178_002  -0.005  -0.707  -0.711
LEU01B4178_001   2.920  -4.118  -1.198
ARG01B4180_001   2.106  -6.736  -4.629
ARG02B4180_002   2.075  -6.736  -4.661
ARG03B4180_003   2.068  -6.736  -4.667
ARG+1B4180_004   2.030  -6.736  -4.706
ILE01B4181_001   3.154  -0.206   2.948
GLU01B4182_001   2.622  -1.082   1.540
GLU01B4182_002   2.622  -1.082   1.540
GLU02B4182_003   2.082  -1.147   0.935
GLU02B4182_004   2.082  -1.147   0.935
GLU-1B4182_005   2.021  -1.103   0.918
ILE01B4183_001   1.731  -4.324  -2.592
MET01B4184_001   1.494  -6.101  -4.608
CTR01B4184_001  -0.021  -2.838  -2.859
CTR01B4184_002   0.103  -3.012  -2.909
CTR02B4184_003  -0.022  -2.761  -2.783
CTR02B4184_004   0.040  -2.954  -2.914
CTR-1B4184_005   0.000  -2.838  -2.838
NTR01B4190_001  -0.003  -0.771  -0.774
NTR+1B4190_002  -0.005  -0.771  -0.775
ILE01B4190_001   3.068  -0.103   2.965
GLU01B4191_001   2.210  -2.033   0.178
GLU01B4191_002   2.210  -2.033   0.178
GLU02B4191_003   1.746  -2.098  -0.353
GLU02B4191_004   1.746  -2.098  -0.353
GLU-1B4191_005   1.687  -2.003  -0.316
ARG01B4192_001   4.805  -2.403   2.402
ARG02B4192_002   4.721  -2.403   2.318
ARG03B4192_003   4.727  -2.403   2.323
ARG+1B4192_004   4.681  -2.403   2.278
ILE01B4193_001   4.473  -3.123   1.350
TYR01B4194_001   4.792  -5.334  -0.542
TYR01B4194_002   4.792  -5.334  -0.542
TYR-1B4194_003   4.792  -5.334  -0.542
PHE01B4195_001   5.565  -0.051   5.514
GLU01B4196_001   3.635  -1.685   1.950
GLU01B4196_002   3.635  -1.685   1.950
GLU02B4196_003   2.907  -1.603   1.305
GLU02B4196_004   2.907  -1.603   1.305
GLU-1B4196_005   2.844  -1.619   1.224
CTR01B4196_001  -0.021  -2.616  -2.637
CTR01B4196_002   0.113  -2.616  -2.503
CTR02B4196_003  -0.022  -2.655  -2.677
CTR02B4196_004   0.045  -2.732  -2.687
CTR-1B4196_005   0.000  -2.616  -2.616
NTR01B4199_001  -0.003  -2.711  -2.714
NTR+1B4199_002  -0.005  -2.711  -2.716
CTR01B4199_001  -0.021  -1.506  -1.527
CTR01B4199_002   0.101  -1.506  -1.404
CTR02B4199_003  -0.022  -1.545  -1.567
CTR02B4199_004   0.040  -1.544  -1.505
CTR-1B4199_005   0.000  -1.506  -1.506
GLU01B4199_001   1.906  -2.759  -0.852
GLU01B4199_002   1.906  -2.759  -0.852
GLU02B4199_003   1.588  -2.919  -1.331
GLU02B4199_004   1.588  -2.919  -1.331
GLU-1B4199_005   1.486  -2.827  -1.341
NTR01B4201_001  -0.003  -0.064  -0.067
NTR+1B4201_002  -0.005  -0.064  -0.069
ASN01B4201_001   0.228  -1.516  -1.288
ASN01B4201_002   0.438  -1.634  -1.196
ARG01B4202_001   2.981  -7.691  -4.710
ARG02B4202_002   2.964  -7.691  -4.728
ARG03B4202_003   2.898  -7.691  -4.793
ARG+1B4202_004   2.859  -7.691  -4.832
ALA01B4203_001   0.000  -3.158  -3.158
GLN01B4204_001   1.236  -1.634  -0.398
GLN01B4204_002   1.046  -1.737  -0.692
TRP01B4205_001   3.202  -2.430   0.772
GLU01B4206_001   1.573  -2.516  -0.943
GLU01B4206_002   1.573  -2.516  -0.943
GLU02B4206_003   1.314  -2.630  -1.316
GLU02B4206_004   1.314  -2.630  -1.316
GLU-1B4206_005   1.215  -2.523  -1.307
MET01B4207_001   0.497  -3.289  -2.792
PRO01B4208_001   0.258  -7.561  -7.303
GLN01B4209_001   0.766  -1.835  -1.069
GLN01B4209_002   0.660  -1.914  -1.254
VAL01B4210_001   0.677   0.000   0.677
LYS01B4211_001   0.869  -5.447  -4.578
LYS+1B4211_002   0.824  -5.447  -4.623
GLU01B4212_001   1.398  -2.001  -0.604
GLU01B4212_002   1.398  -2.001  -0.604
GLU02B4212_003   1.180  -1.987  -0.808
GLU02B4212_004   1.180  -1.987  -0.808
GLU-1B4212_005   1.079  -1.954  -0.875
SER01B4213_001   0.000  -1.767  -1.767
LYS01B4214_001   3.919  -2.592   1.327
LYS+1B4214_002   3.835  -2.592   1.243
ARG01B4215_001   3.039  -8.104  -5.065
ARG02B4215_002   2.995  -8.104  -5.109
ARG03B4215_003   2.993  -8.104  -5.112
ARG+1B4215_004   2.948  -8.104  -5.157
GLN01B4216_001   2.051  -3.150  -1.099
GLN01B4216_002   3.422  -2.895   0.528
PHE01B4217_001   5.000  -2.427   2.573
ILE01B4218_001   2.791  -5.457  -2.666
PHE01B4219_001   4.979  -3.343   1.635
ASP01B4220_001   0.157  -1.726  -1.569
ASP01B4220_002   0.157  -1.726  -1.569
ASP02B4220_003   0.244  -1.720  -1.476
ASP02B4220_004   0.244  -1.720  -1.476
ASP-1B4220_005   0.150  -1.671  -1.521
VAL01B4221_001   1.050  -0.824   0.226
VAL01B4222_001   0.904  -5.270  -4.367
ASN01B4223_001   0.188  -1.772  -1.584
ASN01B4223_002   0.013  -1.939  -1.926
GLU01B4224_001   2.125  -3.478  -1.353
GLU01B4224_002   2.125  -3.478  -1.353
GLU02B4224_003   1.763  -3.493  -1.730
GLU02B4224_004   1.763  -3.493  -1.730
GLU-1B4224_005   1.659  -3.354  -1.694
GLU01B4227_001   1.413  -4.068  -2.655
GLU01B4227_002   1.413  -4.068  -2.655
GLU02B4227_003   1.163  -4.033  -2.870
GLU02B4227_004   1.163  -4.033  -2.870
GLU-1B4227_005   1.079  -3.768  -2.689
ALA01B4228_001   0.000  -3.329  -3.329
GLU01B4229_001   2.638  -2.941  -0.303
GLU01B4229_002   2.638  -2.941  -0.303
GLU02B4229_003   2.156  -2.830  -0.674
GLU02B4229_004   2.156  -2.830  -0.674
GLU-1B4229_005   2.062  -2.756  -0.694
LYS01B4230_001   1.571  -7.141  -5.570
LYS+1B4230_002   1.522  -7.141  -5.619
CTR01B4230_001  -0.021  -2.220  -2.241
CTR01B4230_002   0.103  -2.259  -2.156
CTR02B4230_003  -0.022  -2.201  -2.223
CTR02B4230_004   0.040  -2.124  -2.084
CTR-1B4230_005   0.000  -2.201  -2.201
NTR01B4232_001  -0.003  -0.556  -0.559
NTR+1B4232_002  -0.005  -0.556  -0.561
GLU01B4232_001   1.981  -1.425   0.556
GLU01B4232_002   1.981  -1.425   0.556
GLU02B4232_003   1.622  -1.359   0.263
GLU02B4232_004   1.622  -1.359   0.263
GLU-1B4232_005   1.535  -1.292   0.243
LEU01B4233_001   2.804  -4.427  -1.623
CTR01B4233_001  -0.021  -0.994  -1.015
CTR01B4233_002   0.086  -0.936  -0.850
CTR02B4233_003  -0.022  -0.936  -0.958
CTR02B4233_004   0.032  -0.956  -0.924
CTR-1B4233_005   0.000  -0.936  -0.936
NTR01B4237_001  -0.003  -0.813  -0.816
NTR+1B4237_002  -0.005  -0.813  -0.818
PHE01B4237_001   5.130  -1.418   3.712
CYS01B4238_001  -0.002  -2.695  -2.696
CYS01B4238_002  -0.002  -2.695  -2.696
CYS01B4238_003  -0.003  -2.695  -2.697
CYS-1B4238_004   0.000  -2.695  -2.695
GLU01B4239_001   4.041  -0.489   3.551
GLU01B4239_002   4.041  -0.489   3.551
GLU02B4239_003   3.225  -0.466   2.759
GLU02B4239_004   3.225  -0.466   2.759
GLU-1B4239_005   3.167  -0.448   2.719
ASP01B4240_001   0.082  -0.840  -0.757
ASP01B4240_002   0.082  -0.840  -0.757
ASP02B4240_003   0.155  -0.882  -0.728
ASP02B4240_004   0.155  -0.882  -0.728
ASP-1B4240_005   0.078  -0.840  -0.762
THR01B4241_001   0.283  -0.112   0.171
THR01B4241_002   0.283  -0.112   0.171
THR01B4241_003   0.283  -0.112   0.171
ILE01B4242_001   2.044  -0.444   1.600
PHE01B4243_001   5.069  -0.859   4.210
GLU01B4244_001   2.030  -0.455   1.575
GLU01B4244_002   2.030  -0.455   1.575
GLU02B4244_003   1.608  -0.500   1.107
GLU02B4244_004   1.608  -0.500   1.107
GLU-1B4244_005   1.543  -0.448   1.095
MET01B4245_001  -0.060  -0.151  -0.211
GLN01B4246_001   0.859  -1.783  -0.924
GLN01B4246_002   0.717  -2.255  -1.539
ILE01B4247_001   1.330  -1.201   0.130
ALA01B4248_001   0.000  -0.309  -0.309
ALA01B4249_001   0.000  -2.795  -2.795
GLN01B4250_001   1.893  -2.954  -1.061
GLN01B4250_002   3.118  -2.940   0.178
ILE01B4251_001   2.327  -1.355   0.972
SER01B4252_001   0.000  -3.015  -3.015
SER01B4252_002   0.000  -3.015  -3.015
GLU01B4253_001   0.497  -2.903  -2.405
GLU01B4253_002   0.497  -2.903  -2.405
GLU02B4253_003   0.663  -2.740  -2.077
GLU02B4253_004   0.663  -2.740  -2.077
GLU-1B4253_005   0.466  -2.683  -2.217
CTR01B4253_001  -0.021  -5.232  -5.253
CTR01B4253_002   0.109  -5.425  -5.316
CTR02B4253_003  -0.022  -5.367  -5.389
CTR02B4253_004   0.043  -5.425  -5.382
CTR-1B4253_005   0.000  -5.251  -5.251
NTR01B4540_001  -0.003  -2.896  -2.899
NTR+1B4540_002  -0.005  -2.896  -2.901
PHE01B4540_001   2.031  -2.945  -0.914
TRP01B4541_001   0.644 -14.518 -13.874
GLU01B4543_001   0.500  -3.417  -2.916
GLU01B4543_002   0.500  -3.417  -2.916
GLU02B4543_003   0.667  -3.483  -2.816
GLU02B4543_004   0.667  -3.483  -2.816
GLU-1B4543_005   0.469  -3.402  -2.933
LEU01B4544_001   1.459  -3.657  -2.198
GLU01B4545_001   0.496  -2.486  -1.990
GLU01B4545_002   0.496  -2.486  -1.990
GLU02B4545_003   0.662  -2.418  -1.756
GLU02B4545_004   0.662  -2.418  -1.756
GLU-1B4545_005   0.465  -2.369  -1.904
VAL01B4546_001   0.597  -6.191  -5.594
GLN01B4547_001   1.121  -2.818  -1.697
GLN01B4547_002   1.537  -2.837  -1.299
ARG01B4548_001   3.447  -7.104  -3.657
ARG02B4548_002   3.395  -7.104  -3.709
ARG02B4548_003   3.401  -7.104  -3.704
ARG03B4548_004   3.403  -7.104  -3.701
ARG+1B4548_005   3.355  -7.104  -3.749
VAL01B4549_001   0.783  -3.828  -3.045
LYS01B4550_001   3.775  -4.232  -0.457
LYS+1B4550_002   3.680  -4.232  -0.552
PHE01B4551_001   4.681  -6.914  -2.232
LEU01B4552_001   2.813  -1.407   1.406
ASN01B4553_001   0.308  -0.940  -0.632
ASN01B4553_002   0.482  -1.029  -0.547
TYR01B4554_001   4.405  -7.230  -2.825
TYR-1B4554_002   4.405  -7.230  -2.825
LEU01B4555_001   1.916  -0.361   1.555
SER01B4556_001   0.000   0.000   0.000
ARG01B4557_001   4.882  -4.224   0.658
ARG02B4557_002   4.837  -4.224   0.613
ARG02B4557_003   4.842  -4.224   0.618
ARG03B4557_004   4.873  -4.224   0.649
ARG+1B4557_005   4.797  -4.224   0.573
ASN01B4558_001   0.148  -1.049  -0.901
PHE01B4559_001   4.878  -0.606   4.272
TYR01B4560_001   4.688  -7.197  -2.509
TYR01B4560_002   4.688  -7.197  -2.509
TYR-1B4560_003   4.688  -7.197  -2.509
THR01B4561_001   0.261  -4.301  -4.041
LEU01B4562_001   1.808  -0.959   0.849
ARG01B4563_001   1.412  -1.701  -0.289
ARG02B4563_002   1.367  -1.701  -0.334
ARG02B4563_003   1.372  -1.701  -0.329
ARG03B4563_004   1.372  -1.701  -0.329
ARG03B4563_005   1.433  -1.701  -0.269
ARG+1B4563_006   1.329  -1.701  -0.373
PHE01B4564_001   4.732  -8.590  -3.858
LEU01B4565_001   1.654  -3.860  -2.207
ALA01B4566_001   0.000   0.000   0.000
LEU01B4567_001   1.723  -2.266  -0.543
PHE01B4568_001   4.789  -8.259  -3.469
LEU01B4569_001   2.436  -0.361   2.076
ALA01B4570_001   0.000   0.000   0.000
PHE01B4571_001   4.739  -6.973  -2.234
ALA01B4572_001   0.000  -1.974  -1.974
ILE01B4573_001   1.771  -0.052   1.719
ASN01B4574_001   0.479  -0.242   0.237
ASN01B4574_002   0.249  -0.220   0.028
PHE01B4575_001   4.698  -8.752  -4.055
ILE01B4576_001   3.359  -0.840   2.519
LEU01B4577_001   3.446  -2.109   1.337
LEU01B4578_001   2.115  -6.436  -4.321
PHE01B4579_001   4.770  -3.335   1.435
TYR01B4580_001   4.339  -3.634   0.705
TYR-1B4580_002   4.339  -3.634   0.705
LYS01B4581_001   1.026  -6.389  -5.363
LYS+1B4581_002   0.979  -6.389  -5.410
VAL01B4582_001   0.485  -5.302  -4.818
SER01B4583_001   0.000  -0.567  -0.567
SER01B4583_002   0.000  -0.567  -0.567
ASP01B4584_001  -0.040  -3.771  -3.811
ASP01B4584_002  -0.040  -3.771  -3.811
ASP02B4584_003  -0.009  -3.682  -3.691
ASP02B4584_004  -0.009  -3.682  -3.691
ASP-1B4584_005  -0.041  -3.635  -3.676
SER01B4585_001   0.000  -3.359  -3.359
SER01B4585_002   0.000  -3.359  -3.359
PRO01B4586_001   0.260  -5.444  -5.183
PRO01B4587_001   0.250  -4.273  -4.022
CTR01B4587_001  -0.021  -4.662  -4.683
CTR01B4587_002   0.088  -4.643  -4.556
CTR02B4587_003  -0.022  -4.566  -4.588
CTR02B4587_004   0.032  -4.586  -4.554
CTR-1B4587_005   0.000  -4.566  -4.566
NTR01B4626_001  -0.003  -3.618  -3.621
NTR+1B4626_002  -0.005  -3.618  -3.623
ASN01B4626_001  -0.020  -3.567  -3.587
MET01B4627_001   0.141  -3.486  -3.345
VAL01B4628_001   0.570  -2.727  -2.157
TYR01B4629_001   4.654  -8.947  -4.294
TYR-1B4629_002   4.654  -8.947  -4.294
TYR01B4630_001   4.666  -3.756   0.910
TYR-1B4630_002   4.666  -3.756   0.910
PHE01B4631_001   4.813  -2.489   2.324
LEU01B4632_001   1.923  -4.578  -2.655
GLU01B4633_001   2.830  -2.556   0.274
GLU01B4633_002   2.830  -2.556   0.274
GLU02B4633_003   2.245  -2.781  -0.536
GLU02B4633_004   2.245  -2.781  -0.536
GLU-1B4633_005   2.184  -2.688  -0.504
GLU01B4634_001   2.227  -1.041   1.186
GLU01B4634_002   2.227  -1.041   1.186
GLU02B4634_003   1.763  -1.000   0.763
GLU02B4634_004   1.763  -1.000   0.763
GLU-1B4634_005   1.702  -0.926   0.776
SER01B4635_001   0.000  -5.351  -5.351
THR01B4636_001   0.190  -1.745  -1.555
THR01B4636_002   0.190  -1.745  -1.555
THR01B4636_003   0.190  -1.745  -1.555
TYR01B4638_001   4.637  -9.583  -4.946
TYR-1B4638_002   4.637  -9.583  -4.946
MET01B4639_001  10.069   0.000  10.069
GLU01B4640_001   1.838  -2.476  -0.638
GLU01B4640_002   1.838  -2.476  -0.638
GLU02B4640_003   1.520  -2.642  -1.122
GLU02B4640_004   1.520  -2.642  -1.122
GLU-1B4640_005   1.424  -2.493  -1.069
PRO01B4641_001   0.265  -6.096  -5.831
ALA01B4642_001   0.000  -3.055  -3.055
LEU01B4643_001   3.018  -1.767   1.251
TRP01B4644_001   2.902  -7.943  -5.041
CYS01B4645_001  -0.002  -3.885  -3.887
CYS01B4645_002  -0.002  -3.885  -3.887
CYS01B4645_003  -0.002  -3.885  -3.888
CYS-1B4645_004   0.000  -3.885  -3.885
LEU01B4646_001   1.561  -3.194  -1.632
SER01B4647_001   0.000   0.000   0.000
SER01B4647_002   0.000   0.000   0.000
SER01B4647_003   0.000   0.000   0.000
LEU01B4648_001   2.300  -5.251  -2.951
LEU01B4649_001   1.880  -3.689  -1.810
HIS01B4650_001  -0.151   0.000  -0.151
HIS02B4650_002  -0.169   0.000  -0.169
HIS+1B4650_003  -0.196   0.000  -0.196
THR01B4651_001   0.255  -1.373  -1.118
THR01B4651_002   0.255  -1.373  -1.118
THR01B4651_003   0.255  -1.373  -1.118
LEU01B4652_001   3.493  -5.302  -1.809
VAL01B4653_001   0.689  -0.309   0.379
ALA01B4654_001   0.000   0.000   0.000
PHE01B4655_001   4.639  -8.029  -3.390
LEU01B4656_001   2.162  -2.247  -0.085
CYS01B4657_001  -0.002  -0.048  -0.050
CYS01B4657_002  -0.002  -0.048  -0.050
CYS01B4657_003  -0.002  -0.048  -0.050
CYS-1B4657_004   0.000  -0.048  -0.048
ILE01B4658_001   2.972  -1.906   1.066
ILE01B4659_001   2.395  -3.226  -0.830
TYR01B4661_001   4.817  -0.354   4.463
TYR01B4661_002   4.817  -0.354   4.463
TYR-1B4661_003   4.817  -0.354   4.463
ASN01B4662_001   0.175  -1.998  -1.823
ASN01B4662_002   0.008  -1.787  -1.779
CYS01B4663_001  -0.002  -1.170  -1.172
CYS01B4663_002  -0.002  -1.170  -1.172
CYS01B4663_003  -0.002  -1.170  -1.172
CYS-1B4663_004   0.000  -1.170  -1.170
LEU01B4664_001   1.843  -1.854  -0.011
LYS01B4665_001   2.133  -3.668  -1.535
LYS+1B4665_002   2.043  -3.668  -1.625
VAL01B4666_001   0.392  -0.068   0.325
PRO01B4667_001   0.280  -1.648  -1.369
LEU01B4668_001   2.034  -1.388   0.646
VAL01B4669_001   0.559  -1.697  -1.138
ILE01B4670_001   1.717  -0.618   1.099
PHE01B4671_001   4.963   0.000   4.963
LYS01B4672_001   1.127  -4.811  -3.684
LYS+1B4672_002   1.080  -4.811  -3.731
ARG01B4673_001   2.869  -0.488   2.381
ARG02B4673_002   2.826  -0.488   2.337
ARG02B4673_003   2.830  -0.488   2.342
ARG03B4673_004   2.834  -0.488   2.346
ARG03B4673_005   2.896  -0.488   2.407
ARG+1B4673_006   2.786  -0.488   2.298
GLU01B4674_001   2.293   0.000   2.293
GLU01B4674_002   2.293   0.000   2.293
GLU02B4674_003   1.870   0.000   1.870
GLU02B4674_004   1.870   0.000   1.870
GLU-1B4674_005   1.784   0.000   1.784
LYS01B4675_001   1.526  -2.183  -0.657
LYS+1B4675_002   1.479  -2.183  -0.705
GLU01B4676_001   3.069  -1.339   1.730
GLU01B4676_002   3.069  -1.339   1.730
GLU02B4676_003   2.441  -1.458   0.983
GLU02B4676_004   2.441  -1.458   0.983
GLU-1B4676_005   2.379  -1.417   0.962
LEU01B4677_001   1.338  -0.464   0.875
ALA01B4678_001   0.000  -0.206  -0.206
ARG01B4679_001   2.202  -2.327  -0.125
ARG02B4679_002   2.186  -2.327  -0.141
ARG02B4679_003   2.264  -2.327  -0.063
ARG03B4679_004   2.177  -2.327  -0.149
ARG03B4679_005   2.181  -2.327  -0.146
ARG+1B4679_006   2.138  -2.327  -0.189
LYS01B4680_001   0.945  -5.346  -4.401
LYS+1B4680_002   0.899  -5.346  -4.447
LEU01B4681_001   1.339  -0.103   1.236
GLU01B4682_001   2.099  -0.551   1.548
GLU01B4682_002   2.099  -0.551   1.548
GLU02B4682_003   1.717  -0.616   1.101
GLU02B4682_004   1.717  -0.616   1.101
GLU-1B4682_005   1.630  -0.551   1.078
PHE01B4683_001   4.847  -5.462  -0.615
ASP01B4684_001   0.223  -2.036  -1.814
ASP01B4684_002   0.223  -2.036  -1.814
ASP02B4684_003   0.321  -2.224  -1.903
ASP02B4684_004   0.321  -2.224  -1.903
ASP-1B4684_005   0.212  -2.046  -1.834
LEU01B4686_001   2.186  -2.057   0.129
TYR01B4687_001   5.012  -0.152   4.860
TYR01B4687_002   5.012  -0.152   4.860
TYR-1B4687_003   5.012  -0.152   4.860
ILE01B4688_001   1.939   0.000   1.939
THR01B4689_001   0.211  -2.959  -2.748
GLU01B4690_001   3.299  -3.329  -0.030
GLU01B4690_002   3.299  -3.329  -0.030
GLU02B4690_003   2.631  -3.382  -0.752
GLU02B4690_004   2.631  -3.382  -0.752
GLU-1B4690_005   2.565  -3.260  -0.695
GLN01B4691_001   1.343  -2.631  -1.288
GLN01B4691_002   1.911  -2.538  -0.628
PRO01B4692_001   0.388  -0.196   0.193
ASP01B4694_001   0.173  -2.541  -2.368
ASP01B4694_002   0.173  -2.541  -2.368
ASP02B4694_003   0.260  -2.770  -2.510
ASP02B4694_004   0.260  -2.770  -2.510
ASP-1B4694_005   0.164  -2.575  -2.411
ASP01B4695_001   0.168  -3.453  -3.286
ASP01B4695_002   0.168  -3.453  -3.286
ASP02B4695_003   0.254  -3.429  -3.175
ASP02B4695_004   0.254  -3.429  -3.175
ASP-1B4695_005   0.158  -3.290  -3.132
ASP01B4696_001   0.153  -3.246  -3.093
ASP01B4696_002   0.153  -3.246  -3.093
ASP02B4696_003   0.234  -3.331  -3.096
ASP02B4696_004   0.234  -3.331  -3.096
ASP-1B4696_005   0.144  -3.136  -2.992
VAL01B4697_001   0.671  -6.931  -6.261
LYS01B4698_001   1.372  -5.656  -4.285
LYS+1B4698_002   1.323  -5.656  -4.334
GLN01B4700_001   1.310  -2.265  -0.954
GLN01B4700_002   1.000  -2.376  -1.376
TRP01B4701_001   3.205  -4.485  -1.280
ASP01B4702_001   0.139  -0.103   0.035
ASP01B4702_002   0.139  -0.103   0.035
ASP02B4702_003   0.217  -0.109   0.108
ASP02B4702_004   0.217  -0.109   0.108
ASP-1B4702_005   0.130  -0.103   0.026
ARG01B4703_001   3.060  -5.401  -2.341
ARG02B4703_002   3.014  -5.401  -2.387
ARG03B4703_003   3.017  -5.401  -2.385
ARG+1B4703_004   2.969  -5.401  -2.433
LEU01B4704_001   3.013  -2.917   0.096
VAL01B4705_001   0.529   0.000   0.529
LEU01B4706_001   1.598  -0.258   1.341
ASN01B4707_001   0.511  -1.337  -0.826
THR01B4708_001   0.264   0.000   0.264
THR01B4708_002   0.264   0.000   0.264
PRO01B4709_001   0.268  -4.513  -4.245
SER01B4710_001   0.000  -1.420  -1.420
SER01B4710_002   0.000  -1.420  -1.420
SER01B4710_003   0.000  -1.420  -1.420
PHE01B4711_001   5.040  -0.051   4.990
PRO01B4712_001   0.310  -0.270   0.040
SER01B4713_001   0.000  -1.592  -1.592
SER01B4713_002   0.000  -1.592  -1.592
ASN01B4714_001   0.149  -0.886  -0.737
ASN01B4714_002  -0.007  -0.925  -0.932
TYR01B4715_001   5.089  -1.236   3.853
TYR01B4715_002   5.089  -1.236   3.853
TYR-1B4715_003   5.089  -1.236   3.853
TRP01B4716_001   2.965  -2.977  -0.012
ASP01B4717_001   0.296  -1.280  -0.984
ASP01B4717_002   0.296  -1.280  -0.984
ASP02B4717_003   0.327  -1.294  -0.968
ASP02B4717_004   0.327  -1.294  -0.968
ASP-1B4717_005   0.246  -1.287  -1.041
LYS01B4718_001   0.568  -4.103  -3.534
LYS+1B4718_002   0.525  -4.103  -3.577
PHE01B4719_001   5.089  -3.168   1.921
VAL01B4720_001   0.643  -0.361   0.282
LYS01B4721_001   0.645  -0.991  -0.347
LYS+1B4721_002   0.601  -0.991  -0.391
ARG01B4722_001   3.865  -4.968  -1.102
ARG02B4722_002   3.814  -4.968  -1.154
ARG03B4722_003   3.816  -4.968  -1.152
ARG+1B4722_004   3.769  -4.968  -1.199
LYS01B4723_001   1.619  -5.502  -3.882
LYS+1B4723_002   1.572  -5.502  -3.930
VAL01B4724_001   0.640  -0.052   0.589
LEU01B4725_001   2.182  -0.412   1.770
ASP01B4726_001   0.094  -3.268  -3.174
ASP01B4726_002   0.094  -3.268  -3.174
ASP02B4726_003   0.171  -3.126  -2.955
ASP02B4726_004   0.171  -3.126  -2.955
ASP-1B4726_005   0.090  -3.148  -3.058
LYS01B4727_001   1.168  -4.158  -2.990
LYS+1B4727_002   1.121  -4.158  -3.037
HIS01B4728_001  -0.109  -1.000  -1.109
HIS01B4728_002  -0.055  -1.258  -1.313
HIS02B4728_003  -0.128  -1.000  -1.129
HIS02B4728_004  -0.068  -1.258  -1.326
HIS+1B4728_005  -0.155  -1.000  -1.156
HIS+1B4728_006  -0.094  -1.258  -1.353
ASP01B4730_001   0.071  -3.455  -3.384
ASP01B4730_002   0.071  -3.455  -3.384
ASP02B4730_003   0.142  -3.452  -3.311
ASP02B4730_004   0.142  -3.452  -3.311
ASP-1B4730_005   0.068  -3.256  -3.188
ILE01B4731_001   2.194  -5.525  -3.331
PHE01B4732_001   4.231  -4.069   0.161
ARG01B4734_001   2.110  -7.534  -5.424
ARG02B4734_002   2.086  -7.534  -5.448
ARG03B4734_003   2.182  -7.534  -5.352
ARG+1B4734_004   2.046  -7.534  -5.487
GLU01B4735_001   3.701  -2.862   0.839
GLU01B4735_002   3.701  -2.862   0.839
GLU02B4735_003   2.976  -2.900   0.076
GLU02B4735_004   2.976  -2.900   0.076
GLU-1B4735_005   2.899  -2.790   0.109
ARG01B4736_001   3.431  -8.696  -5.265
ARG02B4736_002   3.384  -8.696  -5.312
ARG03B4736_003   3.386  -8.696  -5.310
ARG+1B4736_004   3.338  -8.696  -5.358
ILE01B4737_001   1.784  -0.052   1.732
ALA01B4738_001   0.000  -0.103  -0.103
GLU01B4739_001   3.820  -2.464   1.356
GLU01B4739_002   3.820  -2.464   1.356
GLU02B4739_003   3.090  -2.559   0.531
GLU02B4739_004   3.090  -2.559   0.531
GLU-1B4739_005   3.009  -2.471   0.539
LEU01B4740_001   2.121  -2.299  -0.178
LEU01B4741_001   1.797   0.000   1.797
MET01B4743_001   0.273  -0.671  -0.398
ASP01B4744_001  -0.040  -2.351  -2.391
ASP01B4744_002  -0.040  -2.351  -2.391
ASP02B4744_003  -0.009  -2.286  -2.295
ASP02B4744_004  -0.009  -2.286  -2.295
ASP-1B4744_005  -0.041  -2.217  -2.258
LEU01B4745_001   1.460  -6.059  -4.599
ALA01B4746_001   0.000  -0.876  -0.876
SER01B4747_001   0.000  -1.154  -1.154
LEU01B4748_001   1.460  -5.834  -4.374
GLU01B4749_001   0.500  -2.577  -2.077
GLU01B4749_002   0.500  -2.577  -2.077
GLU02B4749_003   0.667  -2.563  -1.897
GLU02B4749_004   0.667  -2.563  -1.897
GLU-1B4749_005   0.469  -2.507  -2.038
ILE01B4750_001   0.940  -1.391  -0.451
THR01B4751_001   0.151  -5.549  -5.398
THR01B4751_002   0.151  -5.549  -5.398
ALA01B4752_001   0.000  -2.711  -2.711
HIS01B4753_001  -0.354  -3.177  -3.530
HIS02B4753_002  -0.363  -3.177  -3.540
HIS+1B4753_003  -0.382  -3.177  -3.559
ASN01B4754_001  -0.020  -0.541  -0.561
ASN01B4754_002  -0.091  -0.482  -0.573
GLU01B4755_001   0.498  -2.560  -2.062
GLU01B4755_002   0.498  -2.560  -2.062
GLU02B4755_003   0.664  -2.520  -1.856
GLU02B4755_004   0.664  -2.520  -1.856
GLU-1B4755_005   0.466  -2.455  -1.988
ARG01B4756_0011190.972  -5.3251185.646
ARG02B4756_0021190.953  -5.3251185.628
ARG03B4756_0031190.987  -5.3251185.662
ARG03B4756_004 190.024  -5.325 184.698
ARG+1B4756_0051190.921  -5.3251185.596
LYS01B4757_001   3.800  -3.433   0.367
LYS+1B4757_002   3.706  -3.433   0.273
PRO01B4758_001   0.228  -5.965  -5.738
ASP01B4759_001  -0.041  -3.002  -3.043
ASP01B4759_002  -0.041  -3.002  -3.043
ASP02B4759_003  -0.009  -3.074  -3.083
ASP02B4759_004  -0.009  -3.074  -3.083
ASP-1B4759_005  -0.041  -3.014  -3.055
PRO01B4760_001   0.231  -6.709  -6.477
PRO01B4761_001   0.236  -7.080  -6.844
PRO01B4762_001   0.232  -5.647  -5.415
LEU01B4764_001   1.454  -4.668  -3.214
LEU01B4765_001   1.454  -4.395  -2.941
THR01B4766_001   0.208  -5.392  -5.185
THR01B4766_002   0.208  -5.392  -5.185
TRP01B4767_001   3.019  -7.210  -4.191
LEU01B4768_001   3.265  -6.265  -3.000
MET01B4769_001   0.137  -9.476  -9.339
SER01B4770_001   0.000  -3.257  -3.257
SER01B4770_002   0.000  -3.257  -3.257
ILE01B4771_001   2.015  -4.066  -2.051
ASP01B4772_001   0.134  -1.984  -1.850
ASP01B4772_002   0.134  -1.984  -1.850
ASP02B4772_003   0.208  -2.048  -1.840
ASP02B4772_004   0.208  -2.048  -1.840
ASP-1B4772_005   0.124  -1.998  -1.874
VAL01B4773_001   0.690  -5.631  -4.941
LYS01B4774_001   0.955  -6.138  -5.184
LYS+1B4774_002   0.908  -6.138  -5.231
TYR01B4775_001   4.784  -0.717   4.067
TYR01B4775_002   4.784  -0.717   4.067
TYR-1B4775_003   4.784  -0.717   4.067
GLN01B4776_001   0.846  -1.948  -1.103
ILE01B4777_001   2.389  -4.188  -1.800
TRP01B4778_001   3.570   0.000   3.570
LYS01B4779_001   1.397  -3.759  -2.362
LYS+1B4779_002   1.349  -3.759  -2.409
PHE01B4780_001   4.799  -5.724  -0.925
VAL01B4782_001   1.097   0.000   1.097
ILE01B4783_001   2.159  -1.149   1.010
PHE01B4784_001   4.302  -6.254  -1.951
THR01B4785_001   0.202  -1.848  -1.645
THR01B4785_002   0.202  -1.848  -1.645
ASP01B4786_001   0.287  -0.869  -0.582
ASP01B4786_002   0.287  -0.869  -0.582
ASP02B4786_003   0.333  -0.861  -0.529
ASP02B4786_004   0.333  -0.861  -0.529
ASP-1B4786_005   0.245  -0.861  -0.616
ASN01B4787_001   0.437  -3.638  -3.202
ASN01B4787_002   0.198  -3.487  -3.289
SER01B4788_001   0.000  -2.670  -2.670
SER01B4788_002   0.000  -2.670  -2.670
PHE01B4789_001   5.242  -2.073   3.169
LEU01B4790_001   1.831  -4.839  -3.007
TYR01B4791_001   4.943  -4.831   0.112
TYR01B4791_002   4.943  -4.831   0.112
TYR-1B4791_003   4.943  -4.831   0.112
LEU01B4792_001   1.392  -0.927   0.465
TRP01B4794_001   3.342  -8.543  -5.201
TYR01B4795_001   4.786  -0.118   4.667
TYR-1B4795_002   4.786  -0.118   4.667
MET01B4796_001   4.611  -1.247   3.364
VAL01B4797_001   0.698  -4.221  -3.522
MET01B4798_001   2.103  -0.795   1.308
SER01B4799_001   0.000   0.000   0.000
SER01B4799_002   0.000   0.000   0.000
SER01B4799_003   0.000   0.000   0.000
LEU01B4800_001   1.950  -5.869  -3.919
LEU01B4801_001   1.329  -3.483  -2.154
HIS01B4803_001  -0.173  -2.802  -2.975
HIS01B4803_002  -0.134  -2.784  -2.918
HIS02B4803_003  -0.191  -2.802  -2.993
HIS02B4803_004  -0.147  -2.784  -2.932
HIS+1B4803_005  -0.218  -2.802  -3.020
HIS+1B4803_006  -0.174  -2.784  -2.958
TYR01B4804_001   4.107  -9.247  -5.140
TYR-1B4804_002   4.107  -9.247  -5.140
ASN01B4805_001   0.138  -2.101  -1.963
ASN01B4805_002  -0.014  -1.899  -1.913
ASN01B4806_001   0.500  -1.890  -1.390
ASN01B4806_002   0.250  -1.919  -1.669
PHE01B4807_001   4.658 -11.280  -6.622
PHE01B4808_001   4.977  -4.042   0.934
PHE01B4809_001   4.665  -0.253   4.413
ALA01B4810_001   0.000  -1.149  -1.149
ALA01B4811_001   0.000  -1.288  -1.288
HIS01B4812_001  -0.108   0.000  -0.108
HIS02B4812_002  -0.128   0.000  -0.128
HIS+1B4812_003  -0.155   0.000  -0.155
LEU01B4813_001   2.648  -3.638  -0.990
LEU01B4814_001   1.509  -6.828  -5.320
ASP01B4815_001   0.333  -0.321   0.012
ASP01B4815_002   0.333  -0.321   0.012
ASP02B4815_003   0.419  -0.212   0.207
ASP02B4815_004   0.419  -0.212   0.207
ASP-1B4815_005   0.302  -0.276   0.027
ILE01B4816_001   2.740  -0.361   2.379
ALA01B4817_001   0.000  -2.485  -2.485
MET01B4818_001   0.119  -4.862  -4.743
VAL01B4820_001   0.748  -3.709  -2.961
LYS01B4821_001   5.227  -7.477  -2.250
LYS+1B4821_002   5.148  -7.477  -2.329
THR01B4822_001   0.239  -4.856  -4.617
LEU01B4823_001   1.274  -5.476  -4.202
ARG01B4824_001   3.383  -5.482  -2.098
ARG02B4824_002   3.345  -5.482  -2.137
ARG03B4824_003   3.354  -5.482  -2.128
ARG+1B4824_004   3.305  -5.482  -2.177
THR01B4825_001   0.240  -3.567  -3.327
THR01B4825_002   0.240  -3.567  -3.327
ILE01B4826_001   3.331  -5.541  -2.210
LEU01B4827_001   3.127  -5.319  -2.191
SER01B4828_001   0.000  -1.998  -1.998
SER01B4829_001   0.000   0.000   0.000
SER01B4829_002   0.000   0.000   0.000
VAL01B4830_001   0.552  -4.411  -3.858
THR01B4831_001   0.263  -4.387  -4.124
THR01B4831_002   0.263  -4.387  -4.124
THR01B4831_003   0.263  -4.387  -4.124
HIS01B4832_001  -0.165  -4.617  -4.782
HIS01B4832_002  -0.125  -4.344  -4.469
HIS02B4832_003  -0.183  -4.617  -4.800
HIS02B4832_004  -0.138  -4.344  -4.483
HIS+1B4832_005  -0.210  -4.617  -4.827
HIS+1B4832_006  -0.165  -4.344  -4.509
ASN01B4833_001   0.439  -0.625  -0.186
ASN01B4833_002   0.201  -0.748  -0.547
LYS01B4835_001   1.907  -8.685  -6.778
LYS+1B4835_002   1.860  -8.685  -6.825
GLN01B4836_001   0.797  -3.248  -2.451
GLN01B4836_002   0.668  -3.264  -2.596
LEU01B4837_001   1.912  -1.648   0.264
VAL01B4838_001   0.771  -5.611  -4.841
MET01B4839_001   0.153  -7.811  -7.658
THR01B4840_001   0.246  -1.506  -1.261
THR01B4840_002   0.246  -1.506  -1.261
VAL01B4841_001   0.790  -4.617  -3.827
LEU01B4843_001   3.182  -5.818  -2.635
LEU01B4844_001   3.873  -2.366   1.507
ALA01B4845_001   0.000  -2.469  -2.469
VAL01B4846_001   0.605  -5.080  -4.475
VAL01B4847_001   0.795  -0.979  -0.184
VAL01B4848_001   0.922   0.000   0.922
TYR01B4849_001   4.668  -7.098  -2.430
TYR-1B4849_002   4.668  -7.098  -2.430
LEU01B4850_001   1.888  -6.297  -4.410
TYR01B4851_001   4.414  -3.005   1.409
TYR-1B4851_002   4.414  -3.005   1.409
THR01B4852_001   0.227   0.000   0.227
THR01B4852_002   0.227   0.000   0.227
THR01B4852_003   0.227   0.000   0.227
VAL01B4853_001   0.705  -3.297  -2.591
VAL01B4854_001   0.598  -2.077  -1.478
ALA01B4855_001   0.000  -0.361  -0.361
PHE01B4856_001   4.708  -2.308   2.400
ASN01B4857_001   0.359  -2.206  -1.847
ASN01B4857_002   0.145  -2.269  -2.124
PHE01B4858_001   4.386  -8.904  -4.518
PHE01B4859_001   4.158  -0.490   3.668
ARG01B4860_001   2.846  -7.235  -4.389
ARG02B4860_002   2.810  -7.235  -4.425
ARG03B4860_003   2.867  -7.235  -4.368
ARG+1B4860_004   2.770  -7.235  -4.465
LYS01B4861_001   2.556  -6.683  -4.126
LYS+1B4861_002   2.500  -6.683  -4.183
PHE01B4862_001   5.199  -1.600   3.599
TYR01B4863_001   4.387  -0.169   4.218
TYR01B4863_002   4.387  -0.169   4.218
TYR-1B4863_003   4.387  -0.169   4.218
ASN01B4864_001   0.235  -1.265  -1.030
ASN01B4864_002   0.435  -1.166  -0.732
LYS01B4865_001   2.876  -1.739   1.137
LYS+1B4865_002   2.828  -1.739   1.089
SER01B4866_001   0.000  -3.668  -3.668
GLU01B4867_001   3.564  -2.185   1.380
GLU01B4867_002   3.564  -2.185   1.380
GLU02B4867_003   2.888  -2.345   0.543
GLU02B4867_004   2.888  -2.345   0.543
GLU-1B4867_005   2.804  -2.143   0.661
ASP01B4868_001   0.381  -3.863  -3.482
ASP01B4868_002   0.381  -3.863  -3.482
ASP02B4868_003   0.434  -3.784  -3.350
ASP02B4868_004   0.434  -3.784  -3.350
ASP-1B4868_005   0.330  -3.634  -3.304
GLU01B4869_001   1.678  -3.915  -2.238
GLU01B4869_002   1.678  -3.915  -2.238
GLU02B4869_003   1.386  -3.938  -2.552
GLU02B4869_004   1.386  -3.938  -2.552
GLU-1B4869_005   1.296  -3.845  -2.549
ASP01B4870_001   0.210  -2.970  -2.761
ASP01B4870_002   0.210  -2.970  -2.761
ASP02B4870_003   0.303  -3.008  -2.705
ASP02B4870_004   0.303  -3.008  -2.705
ASP-1B4870_005   0.198  -2.894  -2.696
GLU01B4871_001   3.234  -1.727   1.507
GLU01B4871_002   3.234  -1.727   1.507
GLU02B4871_003   2.587  -1.648   0.939
GLU02B4871_004   2.587  -1.648   0.939
GLU-1B4871_005   2.513  -1.611   0.902
CTR01B4871_001  -0.021  -0.888  -0.909
CTR01B4871_002   0.091  -0.927  -0.836
CTR02B4871_003  -0.022  -0.888  -0.910
CTR02B4871_004   0.035  -0.888  -0.853
CTR-1B4871_005   0.000  -0.888  -0.888
NTR01B4872_001  -0.002  -0.663  -0.665
NTR+1B4872_002  -0.004  -0.663  -0.667
PRO01B4872_001   0.279  -5.508  -5.229
ASP01B4873_001   0.062  -1.842  -1.781
ASP01B4873_002   0.062  -1.842  -1.781
ASP02B4873_003   0.129  -1.819  -1.690
ASP02B4873_004   0.129  -1.819  -1.690
ASP-1B4873_005   0.058  -1.714  -1.656
MET01B4874_001   0.741  -1.553  -0.812
LYS01B4875_001   1.550  -1.207   0.343
LYS+1B4875_002   1.482  -1.207   0.275
CYS01B4876_001  -0.002   0.000  -0.002
CYS01B4876_002  -0.002   0.000  -0.002
CYS01B4876_003  -0.003   0.000  -0.003
CYS-1B4876_004   0.000   0.000   0.000
ASP01B4877_001   0.107  -1.929  -1.822
ASP01B4877_002   0.107  -1.929  -1.822
ASP02B4877_003   0.176  -1.941  -1.765
ASP02B4877_004   0.176  -1.941  -1.765
ASP-1B4877_005   0.098  -1.916  -1.818
ASP01B4878_001  -0.041  -1.950  -1.991
ASP01B4878_002  -0.041  -1.950  -1.991
ASP02B4878_003  -0.010  -2.071  -2.081
ASP02B4878_004  -0.010  -2.071  -2.081
ASP-1B4878_005  -0.041  -1.950  -1.991
MET01B4879_001   0.092  -4.055  -3.963
MET01B4880_001   1.180  -9.482  -8.302
THR01B4881_001   0.294  -2.266  -1.972
THR01B4881_002   0.294  -2.266  -1.972
THR01B4881_003   0.294  -2.266  -1.972
CYS01B4882_001  -0.002   0.000  -0.002
CYS01B4882_002  -0.002   0.000  -0.002
CYS01B4882_003  -0.002   0.000  -0.002
CYS-1B4882_004   0.000   0.000   0.000
TYR01B4883_001   4.815  -2.302   2.513
TYR01B4883_002   4.815  -2.302   2.513
TYR-1B4883_003   4.815  -2.302   2.513
LEU01B4884_001   1.843  -6.313  -4.470
PHE01B4885_001   5.225  -0.960   4.265
HIS01B4886_001  -0.165  -0.047  -0.212
HIS01B4886_002  -0.128   0.000  -0.128
HIS02B4886_003  -0.183  -0.047  -0.230
HIS02B4886_004  -0.142   0.000  -0.142
HIS+1B4886_005  -0.210  -0.047  -0.257
HIS+1B4886_006  -0.168   0.000  -0.168
MET01B4887_001   0.695  -3.731  -3.036
TYR01B4888_001   4.601  -8.891  -4.290
TYR-1B4888_002   4.601  -8.891  -4.290
VAL01B4889_001   0.657  -0.515   0.142
VAL01B4891_001   0.664  -1.252  -0.588
ARG01B4892_001   5.397  -7.145  -1.748
ARG02B4892_002   5.335  -7.145  -1.810
ARG03B4892_003   5.343  -7.145  -1.802
ARG+1B4892_004   5.295  -7.145  -1.850
ALA01B4893_001   0.000  -0.052  -0.052
ILE01B4897_001   1.773  -0.531   1.242
ASP01B4899_001   0.151  -1.922  -1.771
ASP01B4899_002   0.151  -1.922  -1.771
ASP02B4899_003   0.237  -1.914  -1.677
ASP02B4899_004   0.237  -1.914  -1.677
ASP-1B4899_005   0.144  -1.895  -1.751
GLU01B4900_001   3.597  -1.131   2.466
GLU01B4900_002   3.597  -1.131   2.466
GLU02B4900_003   2.867  -1.217   1.650
GLU02B4900_004   2.867  -1.217   1.650
GLU-1B4900_005   2.808  -1.131   1.676
ILE01B4901_001   4.172  -0.464   3.709
GLU01B4902_001   2.632  -1.594   1.037
GLU01B4902_002   2.632  -1.594   1.037
GLU02B4902_003   2.119  -1.654   0.465
GLU02B4902_004   2.119  -1.654   0.465
GLU-1B4902_005   2.035  -1.632   0.403
ASP01B4903_001   0.090  -3.059  -2.969
ASP01B4903_002   0.090  -3.059  -2.969
ASP02B4903_003   0.166  -3.041  -2.875
ASP02B4903_004   0.166  -3.041  -2.875
ASP-1B4903_005   0.086  -2.971  -2.885
PRO01B4904_001   0.247  -1.226  -0.980
ALA01B4905_001   0.000  -2.881  -2.881
ASP01B4907_001  -0.040  -3.315  -3.355
ASP01B4907_002  -0.040  -3.315  -3.355
ASP02B4907_003  -0.009  -3.371  -3.380
ASP02B4907_004  -0.009  -3.371  -3.380
ASP-1B4907_005  -0.040  -3.186  -3.226
GLU01B4908_001   0.498  -2.203  -1.704
GLU01B4908_002   0.498  -2.203  -1.704
GLU02B4908_003   0.665  -2.428  -1.763
GLU02B4908_004   0.665  -2.428  -1.763
GLU-1B4908_005   0.467  -2.291  -1.824
TYR01B4909_001   4.127  -7.887  -3.760
TYR-1B4909_002   4.127  -7.887  -3.760
GLU01B4910_001   0.502  -1.676  -1.174
GLU01B4910_002   0.502  -1.676  -1.174
GLU02B4910_003   0.669  -1.632  -0.963
GLU02B4910_004   0.669  -1.632  -0.963
GLU-1B4910_005   0.471  -1.611  -1.140
LEU01B4911_001   2.976  -8.960  -5.983
TYR01B4912_001   4.169  -8.676  -4.507
TYR-1B4912_002   4.169  -8.676  -4.507
ARG01B4913_001   7.135  -0.995   6.140
ARG02B4913_002   7.077  -0.995   6.081
ARG03B4913_003   7.142  -0.995   6.147
ARG+1B4913_004   7.032  -0.995   6.036
VAL01B4914_001   0.714  -4.050  -3.336
VAL01B4915_001   0.635  -5.029  -4.394
PHE01B4916_001   4.652  -1.927   2.725
ASP01B4917_001   0.373  -0.586  -0.213
ASP01B4917_002   0.373  -0.586  -0.213
ASP02B4917_003   0.429  -0.633  -0.204
ASP02B4917_004   0.429  -0.633  -0.204
ASP-1B4917_005   0.324  -0.577  -0.253
ILE01B4918_001   3.437  -5.560  -2.123
THR01B4919_001   0.222  -1.815  -1.592
THR01B4919_002   0.222  -1.815  -1.592
PHE01B4920_001   4.879   0.000   4.879
PHE01B4921_001   5.110  -1.617   3.494
PHE01B4922_001   4.779  -5.715  -0.936
PHE01B4923_001   4.326  -8.512  -4.186
VAL01B4924_001   0.929  -1.919  -0.990
ILE01B4925_001   1.913  -0.103   1.810
VAL01B4926_001   0.770  -3.329  -2.559
ILE01B4927_001   2.205  -6.246  -4.041
LEU01B4928_001   2.043  -1.236   0.807
LEU01B4929_001   1.773  -6.091  -4.318
ALA01B4930_001   0.000  -3.036  -3.036
CTR01B4930_001  -0.021  -1.351  -1.372
CTR01B4930_002   0.103  -1.448  -1.345
CTR02B4930_003  -0.022  -1.351  -1.374
CTR02B4930_004   0.040  -1.506  -1.466
CTR-1B4930_005   0.000  -1.351  -1.351
NTR01B4932_001  -0.003  -0.128  -0.131
NTR+1B4932_002  -0.005  -0.128  -0.133
ILE01B4932_001   2.836  -3.020  -0.184
GLN01B4933_001   2.419  -2.672  -0.254
GLN01B4933_002   3.858  -2.607   1.251
LEU01B4935_001   2.000  -3.908  -1.909
ILE01B4936_001   4.134  -1.288   2.846
ILE01B4937_001   2.719  -6.742  -4.023
ASP01B4938_001   0.402  -3.131  -2.729
ASP01B4938_002   0.402  -3.131  -2.729
ASP02B4938_003   0.441  -3.163  -2.722
ASP02B4938_004   0.441  -3.163  -2.722
ASP-1B4938_005   0.342  -3.136  -2.794
ALA01B4939_001   0.000   0.000   0.000
PHE01B4940_001   5.068  -4.138   0.930
GLU01B4942_001   7.239  -1.338   5.901
GLU01B4942_002   7.239  -1.338   5.901
GLU02B4942_003   5.811  -1.292   4.519
GLU02B4942_004   5.811  -1.292   4.519
GLU-1B4942_005   5.745  -1.244   4.501
LEU01B4943_001   1.449  -2.386  -0.936
ARG01B4944_001   2.682 -10.386  -7.704
ARG02B4944_002   2.611 -10.386  -7.775
ARG03B4944_003   2.605 -10.386  -7.781
ARG+1B4944_004   2.566 -10.386  -7.820
ASP01B4945_001   0.076  -2.380  -2.304
ASP01B4945_002   0.076  -2.380  -2.304
ASP02B4945_003   0.147  -2.538  -2.391
ASP02B4945_004   0.147  -2.538  -2.391
ASP-1B4945_005   0.072  -2.412  -2.340
GLN01B4946_001   1.409  -1.844  -0.434
GLN01B4946_002   1.099  -1.801  -0.702
GLN01B4947_001   1.476  -2.614  -1.138
GLN01B4947_002   2.070  -2.448  -0.378
GLU01B4948_001   5.674  -2.690   2.984
GLU01B4948_002   5.674  -2.690   2.984
GLU02B4948_003   4.577  -2.658   1.920
GLU02B4948_004   4.577  -2.658   1.920
GLU-1B4948_005   4.491  -2.609   1.881
CTR01B4948_001  -0.021  -1.400  -1.421
CTR01B4948_002   0.100  -1.342  -1.242
CTR02B4948_003  -0.022  -1.342  -1.364
CTR02B4948_004   0.039  -1.419  -1.380
CTR-1B4948_005   0.000  -1.342  -1.342
NTR01B4952_001  -0.003  -2.835  -2.837
NTR01B4952_002  -0.002  -2.661  -2.663
NTR+1B4952_003  -0.005  -2.661  -2.666
CTR01B4952_001  -0.021  -5.174  -5.195
CTR01B4952_002   0.100  -5.097  -4.997
CTR02B4952_003  -0.022  -5.271  -5.293
CTR02B4952_004   0.039  -5.136  -5.096
CTR-1B4952_005   0.000  -5.135  -5.135
GLU01B4952_001   4.131  -3.934   0.197
GLU01B4952_002   4.131  -3.934   0.197
GLU02B4952_003   3.317  -4.042  -0.725
GLU02B4952_004   3.317  -4.042  -0.725
GLU-1B4952_005   3.244  -3.836  -0.592
NTR01B4958_001  -0.003  -3.965  -3.968
NTR+1B4958_002  -0.005  -3.956  -3.961
CTR01B4958_001  -0.021  -5.647  -5.668
CTR01B4958_002   0.119  -5.628  -5.509
CTR02B4958_003  -0.022  -5.531  -5.554
CTR02B4958_004   0.048  -5.609  -5.561
CTR-1B4958_005   0.000  -5.493  -5.493
CYS01B4958_001  -0.002  -4.727  -4.729
CYS01B4958_002  -0.002  -4.727  -4.729
CYS01B4958_003  -0.002  -4.727  -4.730
CYS-1B4958_004   0.000  -4.727  -4.727
NTR01B4987_001  -0.003  -1.221  -1.223
NTR+1B4987_002  -0.005  -1.221  -1.225
ASN01B4987_001   0.183  -2.121  -1.938
TYR01B4988_001   4.365  -6.132  -1.768
TYR-1B4988_002   4.365  -6.132  -1.768
MET01B4989_001   1.074  -1.031   0.043
PHE01B4990_001   4.634  -1.605   3.029
PHE01B4991_001   5.374  -3.385   1.989
LEU01B4992_001   4.296  -2.469   1.826
MET01B4993_001   0.226  -0.761  -0.535
TYR01B4994_001   4.918  -3.357   1.561
TYR01B4994_002   4.918  -3.357   1.561
TYR-1B4994_003   4.918  -3.357   1.561
LEU01B4995_001   1.729  -3.844  -2.115
ILE01B4996_001   3.283  -3.844  -0.561
ASN01B4997_001   0.369  -1.921  -1.552
ASN01B4997_002   0.149  -2.018  -1.868
LYS01B4998_001   1.115  -2.911  -1.796
LYS+1B4998_002   1.070  -2.911  -1.841
ASP01B4999_001   0.167  -2.435  -2.267
ASP01B4999_002   0.167  -2.435  -2.267
ASP02B4999_003   0.251  -2.472  -2.220
ASP02B4999_004   0.251  -2.472  -2.220
ASP-1B4999_005   0.157  -2.425  -2.268
GLU01B5000_001   2.764  -3.126  -0.362
GLU01B5000_002   2.764  -3.126  -0.362
GLU02B5000_003   2.201  -3.161  -0.960
GLU02B5000_004   2.201  -3.161  -0.960
GLU-1B5000_005   2.135  -3.079  -0.944
THR01B5001_001   0.231  -4.197  -3.967
THR01B5001_002   0.231  -4.197  -3.967
GLU01B5002_001   1.397  -3.026  -1.629
GLU01B5002_002   1.397  -3.026  -1.629
GLU02B5002_003   1.184  -2.850  -1.666
GLU02B5002_004   1.184  -2.850  -1.666
GLU-1B5002_005   1.081  -2.847  -1.766
HIS01B5003_001  -0.179  -3.615  -3.794
HIS01B5003_002  -0.145  -3.879  -4.024
HIS02B5003_003  -0.196  -3.615  -3.811
HIS02B5003_004  -0.159  -3.879  -4.038
HIS+1B5003_005  -0.223  -3.615  -3.838
HIS+1B5003_006  -0.186  -3.879  -4.065
CTR01B5003_001  -0.021  -2.326  -2.347
CTR01B5003_002   0.118  -2.326  -2.208
CTR02B5003_003  -0.022  -2.539  -2.561
CTR02B5003_004   0.047  -2.384  -2.337
CTR-1B5003_005   0.000  -2.326  -2.326
NTR01B5017_001  -0.003  -2.415  -2.418
NTR+1B5017_002  -0.005  -2.415  -2.420
ARG01B5017_001   3.150  -3.144   0.006
ARG02B5017_002   3.072  -3.144  -0.071
ARG02B5017_003   3.078  -3.144  -0.065
ARG03B5017_004   3.078  -3.144  -0.066
ARG+1B5017_005   3.033  -3.144  -0.110
CYS01B5018_001  -0.002  -5.582  -5.584
CYS01B5018_002  -0.002  -5.582  -5.584
CYS01B5018_003  -0.002  -5.582  -5.585
CYS-1B5018_004   0.000  -5.582  -5.582
TRP01B5019_001   3.426  -6.872  -3.446
ASP01B5020_001   0.483  -3.149  -2.667
ASP01B5020_002   0.483  -3.149  -2.667
ASP02B5020_003   0.532  -3.130  -2.598
ASP02B5020_004   0.532  -3.130  -2.598
ASP-1B5020_005   0.416  -3.092  -2.676
CTR01B5020_001  -0.021  -2.095  -2.116
CTR01B5020_002   0.099  -2.075  -1.977
CTR02B5020_003  -0.022  -2.056  -2.078
CTR02B5020_004   0.038  -2.056  -2.018
CTR-1B5020_005   0.000  -2.037  -2.037
NTR01B5023_001  -0.003  -0.257  -0.259
NTR+1B5023_002  -0.004  -0.257  -0.261
PRO01B5023_001   0.305  -0.425  -0.119
ALA01B5024_001   0.000  -3.689  -3.689
CTR01B5024_001  -0.021  -4.247  -4.269
CTR01B5024_002   0.118  -4.344  -4.227
CTR02B5024_003  -0.022  -4.325  -4.347
CTR02B5024_004   0.048  -4.441  -4.393
CTR-1B5024_005   0.000  -4.344  -4.344
NTR01B5026_001  -0.003  -0.838  -0.841
NTR+1B5026_002  -0.005  -0.838  -0.843
ASP01B5026_001   0.070  -0.852  -0.783
ASP01B5026_002   0.070  -0.852  -0.783
ASP02B5026_003   0.141  -0.838  -0.697
ASP02B5026_004   0.141  -0.838  -0.697
ASP-1B5026_005   0.068  -0.852  -0.784
CYS01B5027_001  -0.002  -3.407  -3.409
CYS01B5027_002  -0.002  -3.407  -3.409
CYS01B5027_003  -0.003  -3.407  -3.409
CYS-1B5027_004   0.000  -3.407  -3.407
PHE01B5028_001   5.286  -3.218   2.069
CTR01B5028_001  -0.021  -0.637  -0.658
CTR01B5028_002   0.100  -0.656  -0.557
CTR02B5028_003  -0.022  -0.637  -0.659
CTR02B5028_004   0.039  -0.753  -0.715
CTR-1B5028_005   0.000  -0.637  -0.637
NTR01B5030_001  -0.003  -0.835  -0.838
NTR+1B5030_002  -0.005  -0.835  -0.840
LYS01B5030_001   1.980  -8.446  -6.466
LYS+1B5030_002   1.898  -8.446  -6.548
GLN01B5031_001   0.895  -2.107  -1.212
GLN01B5031_002   0.790  -2.215  -1.425
TYR01B5032_001   4.916  -5.944  -1.028
TYR-1B5032_002   4.916  -5.944  -1.028
GLU01B5033_001   3.144  -3.219  -0.075
GLU01B5033_002   3.144  -3.219  -0.075
GLU02B5033_003   2.503  -3.316  -0.813
GLU02B5033_004   2.503  -3.316  -0.813
GLU-1B5033_005   2.439  -3.148  -0.710
ASP01B5034_001  -0.040  -2.986  -3.026
ASP01B5034_002  -0.040  -2.986  -3.026
ASP02B5034_003  -0.009  -3.114  -3.122
ASP02B5034_004  -0.009  -3.114  -3.122
ASP-1B5034_005  -0.040  -2.889  -2.929
GLN01B5035_001   1.715  -2.452  -0.737
LEU01B5036_001   1.532  -6.503  -4.971
SER01B5037_001   0.000  -3.651  -3.651
SER01B5037_002   0.000  -3.651  -3.651
CTR01B5037_001  -0.021  -4.016  -4.037
CTR01B5037_002   0.109  -3.958  -3.849
CTR02B5037_003  -0.022  -4.151  -4.173
CTR02B5037_004   0.043  -4.093  -4.051
CTR-1B5037_005   0.000  -4.016  -4.016
_ZN+2B5101_001   0.000  -2.120  -2.120
_CA+2B5102_001   0.000  -0.541  -0.541
