 ph              0.0   1.0   2.0   3.0   4.0   5.0   6.0   7.0   8.0   9.0  10.0  11.0  12.0  13.0  14.0
NTR01B3639_001 0.000 0.000 0.000 0.000 0.000 0.000 0.000 0.000 0.000 0.000 0.000 0.000 0.000 0.000 0.000
NTR+1B3639_002 0.000 0.000 0.000 0.000 0.000 0.000 0.000 0.000 0.000 0.000 0.000 0.000 0.000 0.000 0.000
THR01B3639_001 0.000 0.000 0.000 0.000 0.000 0.000 0.000 0.000 0.000 0.000 0.000 0.000 0.000 0.000 0.000
PRO01B3640_001 0.000 0.000 0.000 0.000 0.000 0.000 0.000 0.000 0.000 0.000 0.000 0.000 0.000 0.000 0.000
LEU01B3641_001 0.000 0.000 0.000 0.000 0.000 0.000 0.000 0.000 0.000 0.000 0.000 0.000 0.000 0.000 0.000
TYR01B3642_001 0.408 0.408 0.408 0.408 0.407 0.408 0.408 0.408 0.409 0.408 0.408 0.409 0.406 0.000 0.000
TYR01B3642_002 0.408 0.408 0.408 0.408 0.407 0.408 0.408 0.408 0.409 0.408 0.408 0.409 0.406 0.000 0.000
TYR-1B3642_003 0.000 0.000 0.000 0.000 0.000 0.000 0.000 0.000 0.000 0.000 0.000 0.000 0.000 0.000 0.000
ASN01B3643_001 0.000 0.000 0.000 0.000 0.000 0.000 0.000 0.000 0.000 0.000 0.000 0.000 0.000 0.000 0.000
LEU01B3644_001 0.000 0.000 0.000 0.000 0.000 0.000 0.000 0.000 0.000 0.000 0.000 0.000 0.000 0.000 0.000
PRO01B3645_001 0.000 0.000 0.000 0.000 0.000 0.000 0.000 0.000 0.000 0.000 0.000 0.000 0.000 0.000 0.000
THR01B3646_001 0.000 0.000 0.000 0.000 0.000 0.000 0.000 0.000 0.000 0.000 0.000 0.000 0.000 0.000 0.000
HIS01B3647_001 0.000 0.000 0.000 0.764 0.804 0.806 0.805 0.803 0.804 0.802 0.805 0.803 0.804 0.801 0.797
HIS01B3647_002 0.000 0.000 0.000 0.764 0.804 0.806 0.805 0.803 0.804 0.802 0.805 0.803 0.804 0.801 0.797
HIS02B3647_003 0.000 0.000 0.000 0.764 0.804 0.806 0.805 0.803 0.804 0.802 0.805 0.803 0.804 0.801 0.797
HIS02B3647_004 0.000 0.000 0.000 0.764 0.804 0.806 0.805 0.803 0.804 0.802 0.805 0.803 0.804 0.801 0.797
HIS+1B3647_005 0.270 0.267 0.263 0.266 0.261 0.265 0.261 0.264 0.000 0.000 0.000 0.000 0.000 0.000 0.000
HIS+1B3647_006 0.270 0.267 0.263 0.266 0.261 0.265 0.261 0.264 0.000 0.000 0.000 0.000 0.000 0.000 0.000
ARG01B3648_001 0.000 0.000 0.000 0.000 0.000 0.000 0.000 0.000 0.000 0.000 0.000 0.370 0.522 0.531 0.534
ARG02B3648_002 0.000 0.000 0.000 0.000 0.000 0.000 0.000 0.000 0.000 0.000 0.000 0.370 0.522 0.531 0.534
ARG03B3648_003 0.000 0.000 0.000 0.000 0.000 0.000 0.000 0.000 0.000 0.000 0.000 0.370 0.522 0.531 0.534
ARG+1B3648_004 0.000 0.000 0.000 0.000 0.000 0.000 0.000 0.000 0.000 0.000 0.000 0.000 0.000 0.000 0.000
ALA01B3649_001 0.000 0.000 0.000 0.000 0.000 0.000 0.000 0.000 0.000 0.000 0.000 0.000 0.000 0.000 0.000
CYS01B3650_001 0.648 0.648 0.648 0.648 0.648 0.649 0.649 0.649 0.649 0.649 0.651 0.398 0.379 0.000 0.000
CYS01B3650_002 0.648 0.648 0.648 0.648 0.648 0.649 0.649 0.649 0.649 0.649 0.651 0.398 0.379 0.000 0.000
CYS01B3650_003 0.648 0.648 0.648 0.648 0.648 0.649 0.649 0.649 0.649 0.649 0.651 0.398 0.379 0.000 0.000
CYS-1B3650_004 0.000 0.000 0.000 0.000 0.000 0.000 0.000 0.000 0.000 0.000 0.000 0.000 0.000 0.000 0.000
ASN01B3651_001 0.366 0.368 0.368 0.365 0.364 0.363 0.384 0.394 0.395 0.383 0.378 0.372 0.374 0.380 0.384
ASN01B3651_002 0.366 0.368 0.368 0.365 0.364 0.363 0.384 0.394 0.395 0.383 0.378 0.372 0.374 0.380 0.384
MET01B3652_001 0.000 0.000 0.000 0.000 0.000 0.000 0.000 0.000 0.000 0.000 0.000 0.000 0.000 0.000 0.000
PHE01B3653_001 0.000 0.000 0.000 0.000 0.000 0.000 0.000 0.000 0.000 0.000 0.000 0.000 0.000 0.000 0.000
LEU01B3654_001 0.000 0.000 0.000 0.000 0.000 0.000 0.000 0.000 0.000 0.000 0.000 0.000 0.000 0.000 0.000
GLU01B3655_001 0.374 0.377 0.374 0.378 0.380 0.381 0.352 0.000 0.000 0.000 0.000 0.000 0.000 0.000 0.000
GLU01B3655_002 0.374 0.377 0.374 0.378 0.380 0.381 0.352 0.000 0.000 0.000 0.000 0.000 0.000 0.000 0.000
GLU02B3655_003 0.374 0.377 0.374 0.378 0.380 0.381 0.352 0.000 0.000 0.000 0.000 0.000 0.000 0.000 0.000
GLU02B3655_004 0.374 0.377 0.374 0.378 0.380 0.381 0.352 0.000 0.000 0.000 0.000 0.000 0.000 0.000 0.000
GLU-1B3655_005 0.000 0.000 0.000 0.000 0.000 0.000 0.000 0.000 0.000 0.000 0.000 0.000 0.000 0.000 0.000
SER01B3656_001 0.000 0.000 0.000 0.000 0.000 0.000 0.000 0.000 0.000 0.000 0.000 0.000 0.000 0.000 0.000
TYR01B3657_001 0.000 0.000 0.000 0.000 0.000 0.000 0.000 0.000 0.000 0.000 0.000 0.000 0.000 0.000 0.000
TYR-1B3657_002 0.000 0.000 0.000 0.000 0.000 0.000 0.000 0.000 0.000 0.000 0.000 0.000 0.000 0.000 0.000
LYS01B3658_001 0.000 0.000 0.000 0.000 0.000 0.000 0.000 0.000 0.000 0.000 0.000 0.000 0.000 0.000 0.000
LYS+1B3658_002 0.000 0.000 0.000 0.000 0.000 0.000 0.000 0.000 0.000 0.000 0.000 0.000 0.000 0.000 0.000
ALA01B3659_001 0.000 0.000 0.000 0.000 0.000 0.000 0.000 0.000 0.000 0.000 0.000 0.000 0.000 0.000 0.000
ALA01B3660_001 0.000 0.000 0.000 0.000 0.000 0.000 0.000 0.000 0.000 0.000 0.000 0.000 0.000 0.000 0.000
TRP01B3661_001 0.000 0.000 0.000 0.000 0.000 0.000 0.000 0.000 0.000 0.000 0.000 0.000 0.000 0.000 0.000
ILE01B3662_001 0.000 0.000 0.000 0.000 0.000 0.000 0.000 0.000 0.000 0.000 0.000 0.000 0.000 0.000 0.000
LEU01B3663_001 0.000 0.000 0.000 0.000 0.000 0.000 0.000 0.000 0.000 0.000 0.000 0.000 0.000 0.000 0.000
THR01B3664_001 0.000 0.000 0.000 0.000 0.000 0.000 0.000 0.000 0.000 0.000 0.000 0.000 0.000 0.000 0.000
GLU01B3665_001 0.471 0.466 0.467 0.470 0.464 0.464 0.407 0.000 0.000 0.000 0.000 0.000 0.000 0.000 0.000
GLU01B3665_002 0.471 0.466 0.467 0.470 0.464 0.464 0.407 0.000 0.000 0.000 0.000 0.000 0.000 0.000 0.000
GLU02B3665_003 0.471 0.466 0.467 0.470 0.464 0.464 0.407 0.000 0.000 0.000 0.000 0.000 0.000 0.000 0.000
GLU02B3665_004 0.471 0.466 0.467 0.470 0.464 0.464 0.407 0.000 0.000 0.000 0.000 0.000 0.000 0.000 0.000
GLU-1B3665_005 0.000 0.000 0.000 0.000 0.000 0.000 0.000 0.000 0.000 0.000 0.000 0.000 0.000 0.000 0.000
ASP01B3666_001 0.444 0.445 0.444 0.448 0.458 0.440 0.399 0.000 0.000 0.000 0.000 0.000 0.000 0.000 0.000
ASP01B3666_002 0.444 0.445 0.444 0.448 0.458 0.440 0.399 0.000 0.000 0.000 0.000 0.000 0.000 0.000 0.000
ASP02B3666_003 0.444 0.445 0.444 0.448 0.458 0.440 0.399 0.000 0.000 0.000 0.000 0.000 0.000 0.000 0.000
ASP02B3666_004 0.444 0.445 0.444 0.448 0.458 0.440 0.399 0.000 0.000 0.000 0.000 0.000 0.000 0.000 0.000
ASP-1B3666_005 0.000 0.000 0.000 0.000 0.000 0.000 0.000 0.000 0.000 0.000 0.000 0.000 0.000 0.000 0.000
HIS01B3667_001 0.000 0.000 0.000 0.000 0.000 0.000 0.000 0.156 0.158 0.172 0.166 0.164 0.158 0.161 0.171
HIS02B3667_002 0.000 0.000 0.000 0.000 0.000 0.000 0.000 0.156 0.158 0.172 0.166 0.164 0.158 0.161 0.171
HIS+1B3667_003 0.000 0.000 0.000 0.000 0.000 0.000 0.000 0.000 0.000 0.000 0.000 0.000 0.000 0.000 0.000
SER01B3668_001 0.613 0.607 0.617 0.631 0.607 0.578 0.558 0.555 0.551 0.548 0.552 0.547 0.543 0.550 0.543
SER01B3668_002 0.613 0.607 0.617 0.631 0.607 0.578 0.558 0.555 0.551 0.548 0.552 0.547 0.543 0.550 0.543
SER01B3668_003 0.613 0.607 0.617 0.631 0.607 0.578 0.558 0.555 0.551 0.548 0.552 0.547 0.543 0.550 0.543
CTR01B3668_001 0.448 0.449 0.451 0.447 0.444 0.452 0.403 0.409 0.000 0.000 0.000 0.000 0.000 0.000 0.000
CTR01B3668_002 0.448 0.449 0.451 0.447 0.444 0.452 0.403 0.409 0.000 0.000 0.000 0.000 0.000 0.000 0.000
CTR02B3668_003 0.448 0.449 0.451 0.447 0.444 0.452 0.403 0.409 0.000 0.000 0.000 0.000 0.000 0.000 0.000
CTR02B3668_004 0.448 0.449 0.451 0.447 0.444 0.452 0.403 0.409 0.000 0.000 0.000 0.000 0.000 0.000 0.000
CTR-1B3668_005 0.000 0.000 0.000 0.000 0.000 0.000 0.000 0.000 0.000 0.000 0.000 0.000 0.000 0.000 0.000
NTR01B3682_001 0.000 0.000 0.000 0.000 0.000 0.000 0.000 0.000 0.000 0.000 0.000 0.000 0.000 0.000 0.000
NTR+1B3682_002 0.000 0.000 0.000 0.000 0.000 0.000 0.000 0.000 0.000 0.000 0.000 0.000 0.000 0.000 0.000
GLU01B3682_001 0.543 0.536 0.535 0.535 0.536 0.556 0.535 0.411 0.397 0.000 0.000 0.000 0.000 0.000 0.000
GLU01B3682_002 0.543 0.536 0.535 0.535 0.536 0.556 0.535 0.411 0.397 0.000 0.000 0.000 0.000 0.000 0.000
GLU02B3682_003 0.543 0.536 0.535 0.535 0.536 0.556 0.535 0.411 0.397 0.000 0.000 0.000 0.000 0.000 0.000
GLU02B3682_004 0.543 0.536 0.535 0.535 0.536 0.556 0.535 0.411 0.397 0.000 0.000 0.000 0.000 0.000 0.000
GLU-1B3682_005 0.000 0.000 0.000 0.000 0.000 0.000 0.000 0.000 0.000 0.000 0.000 0.000 0.000 0.000 0.000
GLN01B3683_001 0.000 0.000 0.000 0.000 0.000 0.000 0.000 0.000 0.000 0.000 0.000 0.000 0.000 0.000 0.000
GLU01B3684_001 0.532 0.533 0.538 0.532 0.540 0.553 0.552 0.596 0.395 0.000 0.000 0.000 0.000 0.000 0.000
GLU01B3684_002 0.532 0.533 0.538 0.532 0.540 0.553 0.552 0.596 0.395 0.000 0.000 0.000 0.000 0.000 0.000
GLU02B3684_003 0.532 0.533 0.538 0.532 0.540 0.553 0.552 0.596 0.395 0.000 0.000 0.000 0.000 0.000 0.000
GLU02B3684_004 0.532 0.533 0.538 0.532 0.540 0.553 0.552 0.596 0.395 0.000 0.000 0.000 0.000 0.000 0.000
GLU-1B3684_005 0.000 0.000 0.000 0.000 0.000 0.000 0.000 0.000 0.000 0.000 0.000 0.000 0.000 0.000 0.000
GLU01B3685_001 0.538 0.532 0.530 0.543 0.541 0.552 0.519 0.407 0.000 0.000 0.000 0.000 0.000 0.000 0.000
GLU01B3685_002 0.538 0.532 0.530 0.543 0.541 0.552 0.519 0.407 0.000 0.000 0.000 0.000 0.000 0.000 0.000
GLU02B3685_003 0.538 0.532 0.530 0.543 0.541 0.552 0.519 0.407 0.000 0.000 0.000 0.000 0.000 0.000 0.000
GLU02B3685_004 0.538 0.532 0.530 0.543 0.541 0.552 0.519 0.407 0.000 0.000 0.000 0.000 0.000 0.000 0.000
GLU-1B3685_005 0.000 0.000 0.000 0.000 0.000 0.000 0.000 0.000 0.000 0.000 0.000 0.000 0.000 0.000 0.000
GLU01B3686_001 0.529 0.534 0.535 0.531 0.540 0.542 0.507 0.574 0.000 0.000 0.000 0.000 0.000 0.000 0.000
GLU01B3686_002 0.529 0.534 0.535 0.531 0.540 0.542 0.507 0.574 0.000 0.000 0.000 0.000 0.000 0.000 0.000
GLU02B3686_003 0.529 0.534 0.535 0.531 0.540 0.542 0.507 0.574 0.000 0.000 0.000 0.000 0.000 0.000 0.000
GLU02B3686_004 0.529 0.534 0.535 0.531 0.540 0.542 0.507 0.574 0.000 0.000 0.000 0.000 0.000 0.000 0.000
GLU-1B3686_005 0.000 0.000 0.000 0.000 0.000 0.000 0.000 0.000 0.000 0.000 0.000 0.000 0.000 0.000 0.000
GLU01B3687_001 0.529 0.524 0.522 0.527 0.526 0.530 0.536 0.538 0.497 0.411 0.409 0.000 0.000 0.000 0.000
GLU01B3687_002 0.529 0.524 0.522 0.527 0.526 0.530 0.536 0.538 0.497 0.411 0.409 0.000 0.000 0.000 0.000
GLU02B3687_003 0.529 0.524 0.522 0.527 0.526 0.530 0.536 0.538 0.497 0.411 0.409 0.000 0.000 0.000 0.000
GLU02B3687_004 0.529 0.524 0.522 0.527 0.526 0.530 0.536 0.538 0.497 0.411 0.409 0.000 0.000 0.000 0.000
GLU-1B3687_005 0.000 0.000 0.000 0.000 0.000 0.000 0.000 0.000 0.000 0.000 0.000 0.000 0.000 0.000 0.000
GLU01B3688_001 0.545 0.542 0.542 0.542 0.553 0.548 0.561 0.411 0.405 0.000 0.000 0.000 0.000 0.000 0.000
GLU01B3688_002 0.545 0.542 0.542 0.542 0.553 0.548 0.561 0.411 0.405 0.000 0.000 0.000 0.000 0.000 0.000
GLU02B3688_003 0.545 0.542 0.542 0.542 0.553 0.548 0.561 0.411 0.405 0.000 0.000 0.000 0.000 0.000 0.000
GLU02B3688_004 0.545 0.542 0.542 0.542 0.553 0.548 0.561 0.411 0.405 0.000 0.000 0.000 0.000 0.000 0.000
GLU-1B3688_005 0.000 0.000 0.000 0.000 0.000 0.000 0.000 0.000 0.000 0.000 0.000 0.000 0.000 0.000 0.000
GLU01B3689_001 0.522 0.519 0.514 0.516 0.523 0.533 0.534 0.509 0.000 0.000 0.000 0.000 0.000 0.000 0.000
GLU01B3689_002 0.522 0.519 0.514 0.516 0.523 0.533 0.534 0.509 0.000 0.000 0.000 0.000 0.000 0.000 0.000
GLU02B3689_003 0.522 0.519 0.514 0.516 0.523 0.533 0.534 0.509 0.000 0.000 0.000 0.000 0.000 0.000 0.000
GLU02B3689_004 0.522 0.519 0.514 0.516 0.523 0.533 0.534 0.509 0.000 0.000 0.000 0.000 0.000 0.000 0.000
GLU-1B3689_005 0.000 0.000 0.000 0.000 0.000 0.000 0.000 0.000 0.000 0.000 0.000 0.000 0.000 0.000 0.000
VAL01B3690_001 0.000 0.000 0.000 0.000 0.000 0.000 0.000 0.000 0.000 0.000 0.000 0.000 0.000 0.000 0.000
GLU01B3691_001 0.530 0.527 0.532 0.535 0.530 0.538 0.546 0.495 0.000 0.000 0.000 0.000 0.000 0.000 0.000
GLU01B3691_002 0.530 0.527 0.532 0.535 0.530 0.538 0.546 0.495 0.000 0.000 0.000 0.000 0.000 0.000 0.000
GLU02B3691_003 0.530 0.527 0.532 0.535 0.530 0.538 0.546 0.495 0.000 0.000 0.000 0.000 0.000 0.000 0.000
GLU02B3691_004 0.530 0.527 0.532 0.535 0.530 0.538 0.546 0.495 0.000 0.000 0.000 0.000 0.000 0.000 0.000
GLU-1B3691_005 0.000 0.000 0.000 0.000 0.000 0.000 0.000 0.000 0.000 0.000 0.000 0.000 0.000 0.000 0.000
GLU01B3692_001 0.529 0.531 0.527 0.523 0.533 0.550 0.543 0.501 0.000 0.000 0.000 0.000 0.000 0.000 0.000
GLU01B3692_002 0.529 0.531 0.527 0.523 0.533 0.550 0.543 0.501 0.000 0.000 0.000 0.000 0.000 0.000 0.000
GLU02B3692_003 0.529 0.531 0.527 0.523 0.533 0.550 0.543 0.501 0.000 0.000 0.000 0.000 0.000 0.000 0.000
GLU02B3692_004 0.529 0.531 0.527 0.523 0.533 0.550 0.543 0.501 0.000 0.000 0.000 0.000 0.000 0.000 0.000
GLU-1B3692_005 0.000 0.000 0.000 0.000 0.000 0.000 0.000 0.000 0.000 0.000 0.000 0.000 0.000 0.000 0.000
CTR01B3692_001 0.401 0.402 0.400 0.400 0.401 0.401 0.402 0.395 0.411 0.000 0.000 0.000 0.000 0.000 0.000
CTR01B3692_002 0.401 0.402 0.400 0.400 0.401 0.401 0.402 0.395 0.411 0.000 0.000 0.000 0.000 0.000 0.000
CTR02B3692_003 0.401 0.402 0.400 0.400 0.401 0.401 0.402 0.395 0.411 0.000 0.000 0.000 0.000 0.000 0.000
CTR02B3692_004 0.401 0.402 0.400 0.400 0.401 0.401 0.402 0.395 0.411 0.000 0.000 0.000 0.000 0.000 0.000
CTR-1B3692_005 0.000 0.000 0.000 0.000 0.000 0.000 0.000 0.000 0.000 0.000 0.000 0.000 0.000 0.000 0.000
NTR01B3714_001 0.000 0.000 0.000 0.000 0.000 0.000 0.000 0.000 0.000 0.000 0.000 0.000 0.000 0.000 0.000
NTR+1B3714_002 0.000 0.000 0.000 0.000 0.000 0.000 0.000 0.000 0.000 0.000 0.000 0.000 0.000 0.000 0.000
CTR01B3714_001 0.437 0.434 0.439 0.433 0.433 0.406 0.401 0.410 0.000 0.000 0.000 0.000 0.000 0.000 0.000
CTR01B3714_002 0.437 0.434 0.439 0.433 0.433 0.406 0.401 0.410 0.000 0.000 0.000 0.000 0.000 0.000 0.000
CTR02B3714_003 0.437 0.434 0.439 0.433 0.433 0.406 0.401 0.410 0.000 0.000 0.000 0.000 0.000 0.000 0.000
CTR02B3714_004 0.437 0.434 0.439 0.433 0.433 0.406 0.401 0.410 0.000 0.000 0.000 0.000 0.000 0.000 0.000
CTR-1B3714_005 0.000 0.000 0.000 0.000 0.000 0.000 0.000 0.000 0.000 0.000 0.000 0.000 0.000 0.000 0.000
SER01B3714_001 0.410 0.410 0.410 0.410 0.393 0.363 0.355 0.353 0.352 0.352 0.351 0.351 0.349 0.355 0.354
SER01B3714_002 0.410 0.410 0.410 0.410 0.393 0.363 0.355 0.353 0.352 0.352 0.351 0.351 0.349 0.355 0.354
NTG01B3739_001 0.000 0.000 0.000 0.000 0.000 0.000 0.000 0.000 0.000 0.000 0.000 0.000 0.000 0.000 0.000
NTG+1B3739_002 0.000 0.000 0.000 0.000 0.000 0.000 0.000 0.000 0.000 0.000 0.000 0.000 0.000 0.000 0.000
GLU01B3740_001 0.540 0.534 0.542 0.540 0.535 0.542 0.510 0.000 0.409 0.000 0.000 0.000 0.000 0.000 0.000
GLU01B3740_002 0.540 0.534 0.542 0.540 0.535 0.542 0.510 0.000 0.409 0.000 0.000 0.000 0.000 0.000 0.000
GLU02B3740_003 0.540 0.534 0.542 0.540 0.535 0.542 0.510 0.000 0.409 0.000 0.000 0.000 0.000 0.000 0.000
GLU02B3740_004 0.540 0.534 0.542 0.540 0.535 0.542 0.510 0.000 0.409 0.000 0.000 0.000 0.000 0.000 0.000
GLU-1B3740_005 0.000 0.000 0.000 0.000 0.000 0.000 0.000 0.000 0.000 0.000 0.000 0.000 0.000 0.000 0.000
ASN01B3741_001 0.000 0.000 0.000 0.000 0.000 0.000 0.000 0.000 0.000 0.000 0.000 0.000 0.000 0.000 0.000
CTR01B3741_001 0.387 0.377 0.390 0.376 0.378 0.381 0.381 0.378 0.000 0.000 0.000 0.000 0.000 0.000 0.000
CTR01B3741_002 0.387 0.377 0.390 0.376 0.378 0.381 0.381 0.378 0.000 0.000 0.000 0.000 0.000 0.000 0.000
CTR02B3741_003 0.387 0.377 0.390 0.376 0.378 0.381 0.381 0.378 0.000 0.000 0.000 0.000 0.000 0.000 0.000
CTR02B3741_004 0.387 0.377 0.390 0.376 0.378 0.381 0.381 0.378 0.000 0.000 0.000 0.000 0.000 0.000 0.000
CTR-1B3741_005 0.000 0.000 0.000 0.000 0.000 0.000 0.000 0.000 0.000 0.000 0.000 0.000 0.000 0.000 0.000
NTR01B3747_001 0.000 0.000 0.000 0.000 0.000 0.000 0.000 0.000 0.000 0.000 0.000 0.000 0.000 0.000 0.000
NTR+1B3747_002 0.000 0.000 0.000 0.000 0.000 0.000 0.000 0.000 0.000 0.000 0.000 0.000 0.000 0.000 0.000
CTR01B3747_001 0.445 0.448 0.445 0.445 0.442 0.439 0.411 0.000 0.000 0.000 0.000 0.000 0.000 0.000 0.000
CTR01B3747_002 0.445 0.448 0.445 0.445 0.442 0.439 0.411 0.000 0.000 0.000 0.000 0.000 0.000 0.000 0.000
CTR02B3747_003 0.445 0.448 0.445 0.445 0.442 0.439 0.411 0.000 0.000 0.000 0.000 0.000 0.000 0.000 0.000
CTR02B3747_004 0.445 0.448 0.445 0.445 0.442 0.439 0.411 0.000 0.000 0.000 0.000 0.000 0.000 0.000 0.000
CTR-1B3747_005 0.000 0.000 0.000 0.000 0.000 0.000 0.000 0.000 0.000 0.000 0.000 0.000 0.000 0.000 0.000
GLU01B3747_001 0.548 0.552 0.551 0.556 0.560 0.577 0.566 0.409 0.410 0.000 0.000 0.000 0.000 0.000 0.000
GLU01B3747_002 0.548 0.552 0.551 0.556 0.560 0.577 0.566 0.409 0.410 0.000 0.000 0.000 0.000 0.000 0.000
GLU02B3747_003 0.548 0.552 0.551 0.556 0.560 0.577 0.566 0.409 0.410 0.000 0.000 0.000 0.000 0.000 0.000
GLU02B3747_004 0.548 0.552 0.551 0.556 0.560 0.577 0.566 0.409 0.410 0.000 0.000 0.000 0.000 0.000 0.000
GLU-1B3747_005 0.000 0.000 0.000 0.000 0.000 0.000 0.000 0.000 0.000 0.000 0.000 0.000 0.000 0.000 0.000
NTR01B3831_001 0.000 0.000 0.000 0.000 0.000 0.000 0.000 0.000 0.000 0.000 0.000 0.000 0.000 0.000 0.000
NTR01B3831_002 0.000 0.000 0.000 0.000 0.000 0.000 0.000 0.000 0.000 0.000 0.000 0.000 0.000 0.000 0.000
NTR+1B3831_003 0.000 0.000 0.000 0.000 0.000 0.000 0.000 0.000 0.000 0.000 0.000 0.000 0.000 0.000 0.000
CTR01B3831_001 0.451 0.452 0.450 0.453 0.454 0.455 0.381 0.000 0.000 0.000 0.000 0.000 0.000 0.000 0.000
CTR01B3831_002 0.451 0.452 0.450 0.453 0.454 0.455 0.381 0.000 0.000 0.000 0.000 0.000 0.000 0.000 0.000
CTR02B3831_003 0.451 0.452 0.450 0.453 0.454 0.455 0.381 0.000 0.000 0.000 0.000 0.000 0.000 0.000 0.000
CTR02B3831_004 0.451 0.452 0.450 0.453 0.454 0.455 0.381 0.000 0.000 0.000 0.000 0.000 0.000 0.000 0.000
CTR-1B3831_005 0.000 0.000 0.000 0.000 0.000 0.000 0.000 0.000 0.000 0.000 0.000 0.000 0.000 0.000 0.000
SER01B3831_001 0.393 0.391 0.394 0.401 0.410 0.392 0.379 0.378 0.379 0.378 0.376 0.372 0.369 0.370 0.373
SER01B3831_002 0.393 0.391 0.394 0.401 0.410 0.392 0.379 0.378 0.379 0.378 0.376 0.372 0.369 0.370 0.373
NTR01B3849_001 0.000 0.000 0.000 0.000 0.000 0.000 0.000 0.000 0.000 0.000 0.000 0.000 0.000 0.000 0.000
NTR+1B3849_002 0.000 0.000 0.000 0.000 0.000 0.000 0.000 0.000 0.000 0.000 0.000 0.000 0.000 0.000 0.000
ARG01B3849_001 0.000 0.000 0.000 0.000 0.000 0.000 0.000 0.000 0.000 0.442 0.207 0.443 0.485 0.493 0.490
ARG02B3849_002 0.000 0.000 0.000 0.000 0.000 0.000 0.000 0.000 0.000 0.442 0.207 0.443 0.485 0.493 0.490
ARG03B3849_003 0.000 0.000 0.000 0.000 0.000 0.000 0.000 0.000 0.000 0.442 0.207 0.443 0.485 0.493 0.490
ARG+1B3849_004 0.000 0.000 0.000 0.000 0.000 0.000 0.000 0.000 0.000 0.000 0.000 0.000 0.000 0.000 0.000
GLN01B3850_001 0.000 0.000 0.000 0.000 0.000 0.000 0.000 0.000 0.000 0.000 0.000 0.000 0.000 0.000 0.000
ASN01B3851_001 0.216 0.217 0.215 0.198 0.204 0.233 0.252 0.261 0.256 0.250 0.241 0.219 0.208 0.201 0.201
ASN01B3851_002 0.216 0.217 0.215 0.198 0.204 0.233 0.252 0.261 0.256 0.250 0.241 0.219 0.208 0.201 0.201
LYS01B3852_001 0.000 0.000 0.000 0.000 0.000 0.000 0.000 0.000 0.000 0.000 0.000 0.000 0.000 0.000 0.000
LYS+1B3852_002 0.000 0.000 0.000 0.000 0.000 0.000 0.000 0.000 0.000 0.000 0.000 0.000 0.000 0.000 0.000
ALA01B3853_001 0.000 0.000 0.000 0.000 0.000 0.000 0.000 0.000 0.000 0.000 0.000 0.000 0.000 0.000 0.000
GLU01B3854_001 0.537 0.532 0.539 0.539 0.542 0.541 0.547 0.000 0.374 0.000 0.000 0.000 0.000 0.000 0.000
GLU01B3854_002 0.537 0.532 0.539 0.539 0.542 0.541 0.547 0.000 0.374 0.000 0.000 0.000 0.000 0.000 0.000
GLU02B3854_003 0.537 0.532 0.539 0.539 0.542 0.541 0.547 0.000 0.374 0.000 0.000 0.000 0.000 0.000 0.000
GLU02B3854_004 0.537 0.532 0.539 0.539 0.542 0.541 0.547 0.000 0.374 0.000 0.000 0.000 0.000 0.000 0.000
GLU-1B3854_005 0.000 0.000 0.000 0.000 0.000 0.000 0.000 0.000 0.000 0.000 0.000 0.000 0.000 0.000 0.000
LEU01B3856_001 0.000 0.000 0.000 0.000 0.000 0.000 0.000 0.000 0.000 0.000 0.000 0.000 0.000 0.000 0.000
MET01B3858_001 0.000 0.000 0.000 0.000 0.000 0.000 0.000 0.000 0.000 0.000 0.000 0.000 0.000 0.000 0.000
VAL01B3859_001 0.000 0.000 0.000 0.000 0.000 0.000 0.000 0.000 0.000 0.000 0.000 0.000 0.000 0.000 0.000
ASN01B3860_001 0.000 0.000 0.000 0.000 0.000 0.000 0.000 0.000 0.000 0.000 0.000 0.000 0.000 0.000 0.000
GLU01B3861_001 0.537 0.539 0.540 0.547 0.541 0.531 0.486 0.411 0.000 0.000 0.000 0.000 0.000 0.000 0.000
GLU01B3861_002 0.537 0.539 0.540 0.547 0.541 0.531 0.486 0.411 0.000 0.000 0.000 0.000 0.000 0.000 0.000
GLU02B3861_003 0.537 0.539 0.540 0.547 0.541 0.531 0.486 0.411 0.000 0.000 0.000 0.000 0.000 0.000 0.000
GLU02B3861_004 0.537 0.539 0.540 0.547 0.541 0.531 0.486 0.411 0.000 0.000 0.000 0.000 0.000 0.000 0.000
GLU-1B3861_005 0.000 0.000 0.000 0.000 0.000 0.000 0.000 0.000 0.000 0.000 0.000 0.000 0.000 0.000 0.000
ASP01B3862_001 0.139 0.136 0.146 0.142 0.145 0.150 0.144 0.160 0.000 0.000 0.000 0.000 0.000 0.000 0.000
ASP01B3862_002 0.139 0.136 0.146 0.142 0.145 0.150 0.144 0.160 0.000 0.000 0.000 0.000 0.000 0.000 0.000
ASP02B3862_003 0.139 0.136 0.146 0.142 0.145 0.150 0.144 0.160 0.000 0.000 0.000 0.000 0.000 0.000 0.000
ASP02B3862_004 0.139 0.136 0.146 0.142 0.145 0.150 0.144 0.160 0.000 0.000 0.000 0.000 0.000 0.000 0.000
ASP-1B3862_005 0.000 0.000 0.000 0.000 0.000 0.000 0.000 0.000 0.000 0.000 0.000 0.000 0.000 0.000 0.000
THR01B3864_001 0.037 0.039 0.039 0.035 0.042 0.039 0.040 0.043 0.046 0.045 0.049 0.044 0.049 0.043 0.047
THR01B3864_002 0.037 0.039 0.039 0.035 0.042 0.039 0.040 0.043 0.046 0.045 0.049 0.044 0.049 0.043 0.047
VAL01B3865_001 0.000 0.000 0.000 0.000 0.000 0.000 0.000 0.000 0.000 0.000 0.000 0.000 0.000 0.000 0.000
ILE01B3866_001 0.000 0.000 0.000 0.000 0.000 0.000 0.000 0.000 0.000 0.000 0.000 0.000 0.000 0.000 0.000
ASN01B3867_001 0.000 0.000 0.000 0.000 0.000 0.000 0.000 0.000 0.000 0.000 0.000 0.000 0.000 0.000 0.000
ARG01B3868_001 0.000 0.000 0.000 0.000 0.000 0.000 0.000 0.000 0.000 0.000 0.000 0.000 0.000 0.000 0.000
ARG02B3868_002 0.000 0.000 0.000 0.000 0.000 0.000 0.000 0.000 0.000 0.000 0.000 0.000 0.000 0.000 0.000
ARG03B3868_003 0.000 0.000 0.000 0.000 0.000 0.000 0.000 0.000 0.000 0.000 0.000 0.000 0.000 0.000 0.000
ARG03B3868_004 0.000 0.000 0.000 0.000 0.000 0.000 0.000 0.000 0.000 0.000 0.000 0.000 0.000 0.000 0.000
ARG+1B3868_005 0.000 0.000 0.000 0.000 0.000 0.000 0.000 0.000 0.000 0.000 0.000 0.000 0.000 0.000 0.000
GLN01B3869_001 0.000 0.000 0.000 0.000 0.000 0.000 0.000 0.000 0.000 0.000 0.000 0.000 0.000 0.000 0.000
ASN01B3870_001 0.000 0.000 0.000 0.000 0.000 0.000 0.000 0.000 0.000 0.000 0.000 0.000 0.000 0.000 0.000
GLU01B3872_001 0.520 0.519 0.523 0.526 0.533 0.526 0.533 0.405 0.000 0.000 0.000 0.000 0.000 0.000 0.000
GLU01B3872_002 0.520 0.519 0.523 0.526 0.533 0.526 0.533 0.405 0.000 0.000 0.000 0.000 0.000 0.000 0.000
GLU02B3872_003 0.520 0.519 0.523 0.526 0.533 0.526 0.533 0.405 0.000 0.000 0.000 0.000 0.000 0.000 0.000
GLU02B3872_004 0.520 0.519 0.523 0.526 0.533 0.526 0.533 0.405 0.000 0.000 0.000 0.000 0.000 0.000 0.000
GLU-1B3872_005 0.000 0.000 0.000 0.000 0.000 0.000 0.000 0.000 0.000 0.000 0.000 0.000 0.000 0.000 0.000
LYS01B3873_001 0.000 0.000 0.000 0.000 0.000 0.000 0.000 0.000 0.000 0.000 0.000 0.000 0.000 0.000 0.000
LYS+1B3873_002 0.000 0.000 0.000 0.000 0.000 0.000 0.000 0.000 0.000 0.000 0.000 0.000 0.000 0.000 0.000
VAL01B3874_001 0.000 0.000 0.000 0.000 0.000 0.000 0.000 0.000 0.000 0.000 0.000 0.000 0.000 0.000 0.000
CTR01B3874_001 0.429 0.422 0.422 0.430 0.432 0.422 0.428 0.397 0.000 0.000 0.000 0.000 0.000 0.000 0.000
CTR01B3874_002 0.429 0.422 0.422 0.430 0.432 0.422 0.428 0.397 0.000 0.000 0.000 0.000 0.000 0.000 0.000
CTR02B3874_003 0.429 0.422 0.422 0.430 0.432 0.422 0.428 0.397 0.000 0.000 0.000 0.000 0.000 0.000 0.000
CTR02B3874_004 0.429 0.422 0.422 0.430 0.432 0.422 0.428 0.397 0.000 0.000 0.000 0.000 0.000 0.000 0.000
CTR-1B3874_005 0.000 0.000 0.000 0.000 0.000 0.000 0.000 0.000 0.000 0.000 0.000 0.000 0.000 0.000 0.000
NTR01B3889_001 0.000 0.000 0.000 0.000 0.000 0.000 0.000 0.000 0.000 0.000 0.000 0.000 0.000 0.000 0.000
NTR+1B3889_002 0.000 0.000 0.000 0.000 0.000 0.000 0.000 0.000 0.000 0.000 0.000 0.000 0.000 0.000 0.000
CTR01B3889_001 0.429 0.430 0.425 0.425 0.435 0.409 0.000 0.000 0.000 0.000 0.000 0.000 0.000 0.000 0.000
CTR01B3889_002 0.429 0.430 0.425 0.425 0.435 0.409 0.000 0.000 0.000 0.000 0.000 0.000 0.000 0.000 0.000
CTR02B3889_003 0.429 0.430 0.425 0.425 0.435 0.409 0.000 0.000 0.000 0.000 0.000 0.000 0.000 0.000 0.000
CTR02B3889_004 0.429 0.430 0.425 0.425 0.435 0.409 0.000 0.000 0.000 0.000 0.000 0.000 0.000 0.000 0.000
CTR-1B3889_005 0.000 0.000 0.000 0.000 0.000 0.000 0.000 0.000 0.000 0.000 0.000 0.000 0.000 0.000 0.000
GLN01B3889_001 0.000 0.000 0.000 0.000 0.000 0.000 0.000 0.000 0.000 0.000 0.000 0.000 0.000 0.000 0.000
NTR01B3915_001 0.000 0.000 0.000 0.000 0.000 0.000 0.000 0.000 0.000 0.000 0.000 0.000 0.000 0.000 0.000
NTR+1B3915_002 0.000 0.000 0.000 0.000 0.000 0.000 0.000 0.000 0.000 0.000 0.000 0.000 0.000 0.000 0.000
ILE01B3915_001 0.000 0.000 0.000 0.000 0.000 0.000 0.000 0.000 0.000 0.000 0.000 0.000 0.000 0.000 0.000
ILE01B3916_001 0.000 0.000 0.000 0.000 0.000 0.000 0.000 0.000 0.000 0.000 0.000 0.000 0.000 0.000 0.000
ILE01B3917_001 0.000 0.000 0.000 0.000 0.000 0.000 0.000 0.000 0.000 0.000 0.000 0.000 0.000 0.000 0.000
CYS01B3918_001 0.546 0.549 0.548 0.548 0.557 0.579 0.593 0.598 0.594 0.594 0.595 0.589 0.617 0.000 0.000
CYS01B3918_002 0.546 0.549 0.548 0.548 0.557 0.579 0.593 0.598 0.594 0.594 0.595 0.589 0.617 0.000 0.000
CYS01B3918_003 0.546 0.549 0.548 0.548 0.557 0.579 0.593 0.598 0.594 0.594 0.595 0.589 0.617 0.000 0.000
CYS-1B3918_004 0.000 0.000 0.000 0.000 0.000 0.000 0.000 0.000 0.000 0.000 0.000 0.000 0.000 0.000 0.000
THR01B3919_001 0.290 0.289 0.288 0.284 0.274 0.233 0.201 0.186 0.190 0.173 0.152 0.108 0.091 0.090 0.087
THR01B3919_002 0.290 0.289 0.288 0.284 0.274 0.233 0.201 0.186 0.190 0.173 0.152 0.108 0.091 0.090 0.087
VAL01B3920_001 0.000 0.000 0.000 0.000 0.000 0.000 0.000 0.000 0.000 0.000 0.000 0.000 0.000 0.000 0.000
ASP01B3921_001 0.507 0.510 0.504 0.504 0.505 0.514 0.507 0.402 0.000 0.000 0.000 0.000 0.000 0.000 0.000
ASP01B3921_002 0.507 0.510 0.504 0.504 0.505 0.514 0.507 0.402 0.000 0.000 0.000 0.000 0.000 0.000 0.000
ASP02B3921_003 0.507 0.510 0.504 0.504 0.505 0.514 0.507 0.402 0.000 0.000 0.000 0.000 0.000 0.000 0.000
ASP02B3921_004 0.507 0.510 0.504 0.504 0.505 0.514 0.507 0.402 0.000 0.000 0.000 0.000 0.000 0.000 0.000
ASP-1B3921_005 0.000 0.000 0.000 0.000 0.000 0.000 0.000 0.000 0.000 0.000 0.000 0.000 0.000 0.000 0.000
CTR01B3921_001 0.302 0.301 0.304 0.310 0.305 0.318 0.346 0.355 0.379 0.367 0.391 0.355 0.344 0.000 0.000
CTR01B3921_002 0.302 0.301 0.304 0.310 0.305 0.318 0.346 0.355 0.379 0.367 0.391 0.355 0.344 0.000 0.000
CTR02B3921_003 0.302 0.301 0.304 0.310 0.305 0.318 0.346 0.355 0.379 0.367 0.391 0.355 0.344 0.000 0.000
CTR02B3921_004 0.302 0.301 0.304 0.310 0.305 0.318 0.346 0.355 0.379 0.367 0.391 0.355 0.344 0.000 0.000
CTR-1B3921_005 0.000 0.000 0.000 0.000 0.000 0.000 0.000 0.000 0.000 0.000 0.000 0.000 0.000 0.000 0.000
NTR01B3923_001 0.000 0.000 0.000 0.000 0.000 0.000 0.000 0.000 0.000 0.000 0.000 0.000 0.000 0.000 0.000
NTR+1B3923_002 0.000 0.000 0.000 0.000 0.000 0.000 0.000 0.000 0.000 0.000 0.000 0.000 0.000 0.000 0.000
CTR01B3923_001 0.228 0.241 0.238 0.240 0.247 0.241 0.240 0.246 0.218 0.208 0.212 0.000 0.000 0.000 0.000
CTR01B3923_002 0.228 0.241 0.238 0.240 0.247 0.241 0.240 0.246 0.218 0.208 0.212 0.000 0.000 0.000 0.000
CTR02B3923_003 0.228 0.241 0.238 0.240 0.247 0.241 0.240 0.246 0.218 0.208 0.212 0.000 0.000 0.000 0.000
CTR02B3923_004 0.228 0.241 0.238 0.240 0.247 0.241 0.240 0.246 0.218 0.208 0.212 0.000 0.000 0.000 0.000
CTR-1B3923_005 0.000 0.000 0.000 0.000 0.000 0.000 0.000 0.000 0.000 0.000 0.000 0.000 0.000 0.000 0.000
LEU01B3923_001 0.000 0.000 0.000 0.000 0.000 0.000 0.000 0.000 0.000 0.000 0.000 0.000 0.000 0.000 0.000
NTR01B3927_001 0.000 0.000 0.000 0.000 0.000 0.000 0.000 0.000 0.000 0.000 0.000 0.000 0.000 0.000 0.000
NTR+1B3927_002 0.000 0.000 0.000 0.000 0.000 0.000 0.000 0.000 0.000 0.000 0.000 0.000 0.000 0.000 0.000
CTR01B3927_001 0.451 0.446 0.445 0.449 0.450 0.417 0.393 0.000 0.000 0.000 0.000 0.000 0.000 0.000 0.000
CTR01B3927_002 0.451 0.446 0.445 0.449 0.450 0.417 0.393 0.000 0.000 0.000 0.000 0.000 0.000 0.000 0.000
CTR02B3927_003 0.451 0.446 0.445 0.449 0.450 0.417 0.393 0.000 0.000 0.000 0.000 0.000 0.000 0.000 0.000
CTR02B3927_004 0.451 0.446 0.445 0.449 0.450 0.417 0.393 0.000 0.000 0.000 0.000 0.000 0.000 0.000 0.000
CTR-1B3927_005 0.000 0.000 0.000 0.000 0.000 0.000 0.000 0.000 0.000 0.000 0.000 0.000 0.000 0.000 0.000
GLN01B3927_001 0.000 0.000 0.000 0.000 0.000 0.000 0.000 0.000 0.000 0.000 0.000 0.000 0.000 0.000 0.000
NTG01B3971_001 0.000 0.000 0.000 0.000 0.000 0.000 0.000 0.000 0.000 0.000 0.000 0.000 0.000 0.000 0.000
NTG+1B3971_002 0.000 0.000 0.000 0.000 0.000 0.000 0.000 0.000 0.000 0.000 0.000 0.000 0.000 0.000 0.000
PRO01B3972_001 0.000 0.000 0.000 0.000 0.000 0.000 0.000 0.000 0.000 0.000 0.000 0.000 0.000 0.000 0.000
CTR01B3972_001 0.420 0.420 0.419 0.418 0.424 0.423 0.383 0.365 0.000 0.000 0.000 0.000 0.000 0.000 0.000
CTR01B3972_002 0.420 0.420 0.419 0.418 0.424 0.423 0.383 0.365 0.000 0.000 0.000 0.000 0.000 0.000 0.000
CTR02B3972_003 0.420 0.420 0.419 0.418 0.424 0.423 0.383 0.365 0.000 0.000 0.000 0.000 0.000 0.000 0.000
CTR02B3972_004 0.420 0.420 0.419 0.418 0.424 0.423 0.383 0.365 0.000 0.000 0.000 0.000 0.000 0.000 0.000
CTR-1B3972_005 0.000 0.000 0.000 0.000 0.000 0.000 0.000 0.000 0.000 0.000 0.000 0.000 0.000 0.000 0.000
NTR01B3989_001 0.000 0.000 0.000 0.000 0.000 0.000 0.000 0.000 0.000 0.000 0.000 0.000 0.000 0.000 0.000
NTR+1B3989_002 0.000 0.000 0.000 0.000 0.000 0.000 0.000 0.000 0.000 0.000 0.000 0.000 0.000 0.000 0.000
CTR01B3989_001 0.460 0.460 0.451 0.454 0.454 0.425 0.402 0.400 0.000 0.000 0.000 0.000 0.000 0.000 0.000
CTR01B3989_002 0.460 0.460 0.451 0.454 0.454 0.425 0.402 0.400 0.000 0.000 0.000 0.000 0.000 0.000 0.000
CTR02B3989_003 0.460 0.460 0.451 0.454 0.454 0.425 0.402 0.400 0.000 0.000 0.000 0.000 0.000 0.000 0.000
CTR02B3989_004 0.460 0.460 0.451 0.454 0.454 0.425 0.402 0.400 0.000 0.000 0.000 0.000 0.000 0.000 0.000
CTR-1B3989_005 0.000 0.000 0.000 0.000 0.000 0.000 0.000 0.000 0.000 0.000 0.000 0.000 0.000 0.000 0.000
VAL01B3989_001 0.000 0.000 0.000 0.000 0.000 0.000 0.000 0.000 0.000 0.000 0.000 0.000 0.000 0.000 0.000
NTR01B4024_001 0.000 0.000 0.000 0.000 0.000 0.000 0.000 0.000 0.000 0.000 0.000 0.000 0.000 0.000 0.000
NTR+1B4024_002 0.000 0.000 0.000 0.000 0.000 0.000 0.000 0.000 0.000 0.000 0.000 0.000 0.000 0.000 0.000
CTR01B4024_001 0.413 0.402 0.414 0.415 0.403 0.405 0.396 0.000 0.000 0.000 0.000 0.000 0.000 0.000 0.000
CTR01B4024_002 0.413 0.402 0.414 0.415 0.403 0.405 0.396 0.000 0.000 0.000 0.000 0.000 0.000 0.000 0.000
CTR02B4024_003 0.413 0.402 0.414 0.415 0.403 0.405 0.396 0.000 0.000 0.000 0.000 0.000 0.000 0.000 0.000
CTR02B4024_004 0.413 0.402 0.414 0.415 0.403 0.405 0.396 0.000 0.000 0.000 0.000 0.000 0.000 0.000 0.000
CTR-1B4024_005 0.000 0.000 0.000 0.000 0.000 0.000 0.000 0.000 0.000 0.000 0.000 0.000 0.000 0.000 0.000
VAL01B4024_001 0.000 0.000 0.000 0.000 0.000 0.000 0.000 0.000 0.000 0.000 0.000 0.000 0.000 0.000 0.000
NTR01B4032_001 0.000 0.000 0.000 0.000 0.000 0.000 0.000 0.000 0.000 0.000 0.000 0.000 0.000 0.000 0.000
NTR+1B4032_002 0.000 0.000 0.000 0.000 0.000 0.000 0.000 0.000 0.000 0.000 0.000 0.000 0.000 0.000 0.000
GLU01B4032_001 0.160 0.168 0.166 0.167 0.164 0.164 0.170 0.000 0.000 0.000 0.000 0.000 0.000 0.000 0.000
GLU01B4032_002 0.160 0.168 0.166 0.167 0.164 0.164 0.170 0.000 0.000 0.000 0.000 0.000 0.000 0.000 0.000
GLU02B4032_003 0.160 0.168 0.166 0.167 0.164 0.164 0.170 0.000 0.000 0.000 0.000 0.000 0.000 0.000 0.000
GLU02B4032_004 0.160 0.168 0.166 0.167 0.164 0.164 0.170 0.000 0.000 0.000 0.000 0.000 0.000 0.000 0.000
GLU-1B4032_005 0.000 0.000 0.000 0.000 0.000 0.000 0.000 0.000 0.000 0.000 0.000 0.000 0.000 0.000 0.000
CTR01B4033_001 0.453 0.439 0.449 0.445 0.434 0.409 0.409 0.403 0.000 0.000 0.000 0.000 0.000 0.000 0.000
CTR01B4033_002 0.453 0.439 0.449 0.445 0.434 0.409 0.409 0.403 0.000 0.000 0.000 0.000 0.000 0.000 0.000
CTR02B4033_003 0.453 0.439 0.449 0.445 0.434 0.409 0.409 0.403 0.000 0.000 0.000 0.000 0.000 0.000 0.000
CTR02B4033_004 0.453 0.439 0.449 0.445 0.434 0.409 0.409 0.403 0.000 0.000 0.000 0.000 0.000 0.000 0.000
CTR-1B4033_005 0.000 0.000 0.000 0.000 0.000 0.000 0.000 0.000 0.000 0.000 0.000 0.000 0.000 0.000 0.000
NTR01B4037_001 0.000 0.000 0.000 0.000 0.000 0.000 0.000 0.000 0.000 0.000 0.000 0.000 0.000 0.000 0.000
NTR+1B4037_002 0.000 0.000 0.000 0.000 0.000 0.000 0.000 0.000 0.000 0.000 0.000 0.000 0.000 0.000 0.000
CTR01B4037_001 0.437 0.439 0.434 0.438 0.440 0.402 0.399 0.000 0.000 0.000 0.000 0.000 0.000 0.000 0.000
CTR01B4037_002 0.437 0.439 0.434 0.438 0.440 0.402 0.399 0.000 0.000 0.000 0.000 0.000 0.000 0.000 0.000
CTR02B4037_003 0.437 0.439 0.434 0.438 0.440 0.402 0.399 0.000 0.000 0.000 0.000 0.000 0.000 0.000 0.000
CTR02B4037_004 0.437 0.439 0.434 0.438 0.440 0.402 0.399 0.000 0.000 0.000 0.000 0.000 0.000 0.000 0.000
CTR-1B4037_005 0.000 0.000 0.000 0.000 0.000 0.000 0.000 0.000 0.000 0.000 0.000 0.000 0.000 0.000 0.000
ASN01B4037_001 0.000 0.000 0.000 0.000 0.000 0.000 0.000 0.000 0.000 0.000 0.000 0.000 0.000 0.000 0.000
NTR01B4049_001 0.000 0.000 0.000 0.000 0.000 0.000 0.000 0.000 0.000 0.000 0.000 0.000 0.000 0.000 0.000
NTR+1B4049_002 0.000 0.000 0.000 0.000 0.000 0.000 0.000 0.000 0.000 0.000 0.000 0.000 0.000 0.000 0.000
VAL01B4049_001 0.000 0.000 0.000 0.000 0.000 0.000 0.000 0.000 0.000 0.000 0.000 0.000 0.000 0.000 0.000
GLU01B4050_001 0.300 0.317 0.322 0.337 0.330 0.316 0.305 0.000 0.000 0.000 0.000 0.000 0.000 0.000 0.000
GLU01B4050_002 0.300 0.317 0.322 0.337 0.330 0.316 0.305 0.000 0.000 0.000 0.000 0.000 0.000 0.000 0.000
GLU02B4050_003 0.300 0.317 0.322 0.337 0.330 0.316 0.305 0.000 0.000 0.000 0.000 0.000 0.000 0.000 0.000
GLU02B4050_004 0.300 0.317 0.322 0.337 0.330 0.316 0.305 0.000 0.000 0.000 0.000 0.000 0.000 0.000 0.000
GLU-1B4050_005 0.000 0.000 0.000 0.000 0.000 0.000 0.000 0.000 0.000 0.000 0.000 0.000 0.000 0.000 0.000
CTR01B4050_001 0.539 0.550 0.529 0.436 0.000 0.000 0.000 0.000 0.000 0.000 0.000 0.000 0.000 0.000 0.000
CTR01B4050_002 0.539 0.550 0.529 0.436 0.000 0.000 0.000 0.000 0.000 0.000 0.000 0.000 0.000 0.000 0.000
CTR02B4050_003 0.539 0.550 0.529 0.436 0.000 0.000 0.000 0.000 0.000 0.000 0.000 0.000 0.000 0.000 0.000
CTR02B4050_004 0.539 0.550 0.529 0.436 0.000 0.000 0.000 0.000 0.000 0.000 0.000 0.000 0.000 0.000 0.000
CTR-1B4050_005 0.000 0.000 0.000 0.000 0.000 0.000 0.000 0.000 0.000 0.000 0.000 0.000 0.000 0.000 0.000
NTR01B4052_001 0.000 0.000 0.000 0.000 0.000 0.000 0.000 0.000 0.000 0.000 0.000 0.000 0.000 0.000 0.000
NTR+1B4052_002 0.000 0.000 0.000 0.000 0.000 0.000 0.000 0.000 0.000 0.000 0.000 0.000 0.000 0.000 0.000
CTR01B4052_001 0.424 0.437 0.434 0.405 0.418 0.412 0.000 0.000 0.000 0.000 0.000 0.000 0.000 0.000 0.000
CTR01B4052_002 0.424 0.437 0.434 0.405 0.418 0.412 0.000 0.000 0.000 0.000 0.000 0.000 0.000 0.000 0.000
CTR02B4052_003 0.424 0.437 0.434 0.405 0.418 0.412 0.000 0.000 0.000 0.000 0.000 0.000 0.000 0.000 0.000
CTR02B4052_004 0.424 0.437 0.434 0.405 0.418 0.412 0.000 0.000 0.000 0.000 0.000 0.000 0.000 0.000 0.000
CTR-1B4052_005 0.000 0.000 0.000 0.000 0.000 0.000 0.000 0.000 0.000 0.000 0.000 0.000 0.000 0.000 0.000
SER01B4052_001 0.409 0.409 0.408 0.400 0.383 0.380 0.382 0.387 0.396 0.400 0.399 0.398 0.395 0.397 0.396
SER01B4052_002 0.409 0.409 0.408 0.400 0.383 0.380 0.382 0.387 0.396 0.400 0.399 0.398 0.395 0.397 0.396
NTR01B4080_001 0.000 0.000 0.000 0.000 0.000 0.000 0.000 0.000 0.000 0.000 0.000 0.000 0.000 0.000 0.000
NTR+1B4080_002 0.000 0.000 0.000 0.000 0.000 0.000 0.000 0.000 0.000 0.000 0.000 0.000 0.000 0.000 0.000
CTR01B4080_001 0.445 0.454 0.445 0.446 0.000 0.000 0.000 0.000 0.000 0.000 0.000 0.000 0.000 0.000 0.000
CTR01B4080_002 0.445 0.454 0.445 0.446 0.000 0.000 0.000 0.000 0.000 0.000 0.000 0.000 0.000 0.000 0.000
CTR02B4080_003 0.445 0.454 0.445 0.446 0.000 0.000 0.000 0.000 0.000 0.000 0.000 0.000 0.000 0.000 0.000
CTR02B4080_004 0.445 0.454 0.445 0.446 0.000 0.000 0.000 0.000 0.000 0.000 0.000 0.000 0.000 0.000 0.000
CTR-1B4080_005 0.000 0.000 0.000 0.000 0.000 0.000 0.000 0.000 0.000 0.000 0.000 0.000 0.000 0.000 0.000
TYR01B4080_001 0.000 0.000 0.000 0.000 0.000 0.000 0.000 0.000 0.000 0.000 0.000 0.000 0.000 0.000 0.000
TYR-1B4080_002 0.000 0.000 0.000 0.000 0.000 0.000 0.000 0.000 0.000 0.000 0.000 0.000 0.000 0.000 0.000
NTR01B4082_001 0.000 0.000 0.000 0.000 0.000 0.000 0.000 0.000 0.000 0.000 0.000 0.000 0.000 0.000 0.000
NTR+1B4082_002 0.000 0.000 0.000 0.000 0.000 0.000 0.000 0.000 0.000 0.000 0.000 0.000 0.000 0.000 0.000
THR01B4082_001 0.375 0.391 0.429 0.454 0.453 0.459 0.485 0.564 0.626 0.628 0.628 0.624 0.626 0.619 0.610
THR01B4082_002 0.375 0.391 0.429 0.454 0.453 0.459 0.485 0.564 0.626 0.628 0.628 0.624 0.626 0.619 0.610
THR01B4082_003 0.375 0.391 0.429 0.454 0.453 0.459 0.485 0.564 0.626 0.628 0.628 0.624 0.626 0.619 0.610
ASP01B4083_001 0.140 0.146 0.144 0.148 0.000 0.000 0.000 0.000 0.000 0.000 0.000 0.000 0.000 0.000 0.000
ASP01B4083_002 0.140 0.146 0.144 0.148 0.000 0.000 0.000 0.000 0.000 0.000 0.000 0.000 0.000 0.000 0.000
ASP02B4083_003 0.140 0.146 0.144 0.148 0.000 0.000 0.000 0.000 0.000 0.000 0.000 0.000 0.000 0.000 0.000
ASP02B4083_004 0.140 0.146 0.144 0.148 0.000 0.000 0.000 0.000 0.000 0.000 0.000 0.000 0.000 0.000 0.000
ASP-1B4083_005 0.000 0.000 0.000 0.000 0.000 0.000 0.000 0.000 0.000 0.000 0.000 0.000 0.000 0.000 0.000
PRO01B4084_001 0.000 0.000 0.000 0.000 0.000 0.000 0.000 0.000 0.000 0.000 0.000 0.000 0.000 0.000 0.000
ARG01B4085_001 0.000 0.000 0.000 0.000 0.000 0.000 0.000 0.000 0.000 0.000 0.000 0.266 0.345 0.353 0.365
ARG02B4085_002 0.000 0.000 0.000 0.000 0.000 0.000 0.000 0.000 0.000 0.000 0.000 0.266 0.345 0.353 0.365
ARG02B4085_003 0.000 0.000 0.000 0.000 0.000 0.000 0.000 0.000 0.000 0.000 0.000 0.266 0.345 0.353 0.365
ARG03B4085_004 0.000 0.000 0.000 0.000 0.000 0.000 0.000 0.000 0.000 0.000 0.000 0.266 0.345 0.353 0.365
ARG+1B4085_005 0.000 0.000 0.000 0.000 0.000 0.000 0.000 0.000 0.000 0.000 0.000 0.000 0.000 0.000 0.000
LEU01B4087_001 0.000 0.000 0.000 0.000 0.000 0.000 0.000 0.000 0.000 0.000 0.000 0.000 0.000 0.000 0.000
CTR01B4087_001 0.431 0.434 0.421 0.372 0.341 0.352 0.343 0.352 0.334 0.335 0.000 0.280 0.000 0.000 0.000
CTR01B4087_002 0.431 0.434 0.421 0.372 0.341 0.352 0.343 0.352 0.334 0.335 0.000 0.280 0.000 0.000 0.000
CTR02B4087_003 0.431 0.434 0.421 0.372 0.341 0.352 0.343 0.352 0.334 0.335 0.000 0.280 0.000 0.000 0.000
CTR02B4087_004 0.431 0.434 0.421 0.372 0.341 0.352 0.343 0.352 0.334 0.335 0.000 0.280 0.000 0.000 0.000
CTR-1B4087_005 0.000 0.000 0.000 0.000 0.000 0.000 0.000 0.000 0.000 0.000 0.000 0.000 0.000 0.000 0.000
NTR01B4118_001 0.000 0.000 0.000 0.000 0.000 0.000 0.000 0.000 0.000 0.000 0.000 0.000 0.000 0.000 0.000
NTR+1B4118_002 0.000 0.000 0.000 0.000 0.000 0.000 0.000 0.000 0.000 0.000 0.000 0.000 0.000 0.000 0.000
ASP01B4118_001 0.443 0.444 0.453 0.441 0.447 0.469 0.466 0.475 0.411 0.407 0.000 0.000 0.000 0.000 0.000
ASP01B4118_002 0.443 0.444 0.453 0.441 0.447 0.469 0.466 0.475 0.411 0.407 0.000 0.000 0.000 0.000 0.000
ASP02B4118_003 0.443 0.444 0.453 0.441 0.447 0.469 0.466 0.475 0.411 0.407 0.000 0.000 0.000 0.000 0.000
ASP02B4118_004 0.443 0.444 0.453 0.441 0.447 0.469 0.466 0.475 0.411 0.407 0.000 0.000 0.000 0.000 0.000
ASP-1B4118_005 0.000 0.000 0.000 0.000 0.000 0.000 0.000 0.000 0.000 0.000 0.000 0.000 0.000 0.000 0.000
GLU01B4119_001 0.439 0.440 0.454 0.444 0.444 0.415 0.345 0.000 0.000 0.000 0.000 0.000 0.000 0.000 0.000
GLU01B4119_002 0.439 0.440 0.454 0.444 0.444 0.415 0.345 0.000 0.000 0.000 0.000 0.000 0.000 0.000 0.000
GLU02B4119_003 0.439 0.440 0.454 0.444 0.444 0.415 0.345 0.000 0.000 0.000 0.000 0.000 0.000 0.000 0.000
GLU02B4119_004 0.439 0.440 0.454 0.444 0.444 0.415 0.345 0.000 0.000 0.000 0.000 0.000 0.000 0.000 0.000
GLU-1B4119_005 0.000 0.000 0.000 0.000 0.000 0.000 0.000 0.000 0.000 0.000 0.000 0.000 0.000 0.000 0.000
ASN01B4120_001 0.040 0.036 0.039 0.042 0.048 0.047 0.053 0.062 0.075 0.084 0.085 0.086 0.092 0.095 0.090
ASN01B4120_002 0.040 0.036 0.039 0.042 0.048 0.047 0.053 0.062 0.075 0.084 0.085 0.086 0.092 0.095 0.090
GLU01B4121_001 0.373 0.386 0.395 0.405 0.407 0.417 0.419 0.424 0.356 0.000 0.000 0.000 0.000 0.000 0.000
GLU01B4121_002 0.373 0.386 0.395 0.405 0.407 0.417 0.419 0.424 0.356 0.000 0.000 0.000 0.000 0.000 0.000
GLU02B4121_003 0.373 0.386 0.395 0.405 0.407 0.417 0.419 0.424 0.356 0.000 0.000 0.000 0.000 0.000 0.000
GLU02B4121_004 0.373 0.386 0.395 0.405 0.407 0.417 0.419 0.424 0.356 0.000 0.000 0.000 0.000 0.000 0.000
GLU-1B4121_005 0.000 0.000 0.000 0.000 0.000 0.000 0.000 0.000 0.000 0.000 0.000 0.000 0.000 0.000 0.000
MET01B4122_001 0.000 0.000 0.000 0.000 0.000 0.000 0.000 0.000 0.000 0.000 0.000 0.000 0.000 0.000 0.000
CTR01B4122_001 0.436 0.434 0.439 0.438 0.442 0.436 0.435 0.421 0.403 0.375 0.372 0.000 0.000 0.000 0.000
CTR01B4122_002 0.436 0.434 0.439 0.438 0.442 0.436 0.435 0.421 0.403 0.375 0.372 0.000 0.000 0.000 0.000
CTR02B4122_003 0.436 0.434 0.439 0.438 0.442 0.436 0.435 0.421 0.403 0.375 0.372 0.000 0.000 0.000 0.000
CTR02B4122_004 0.436 0.434 0.439 0.438 0.442 0.436 0.435 0.421 0.403 0.375 0.372 0.000 0.000 0.000 0.000
CTR-1B4122_005 0.000 0.000 0.000 0.000 0.000 0.000 0.000 0.000 0.000 0.000 0.000 0.000 0.000 0.000 0.000
NTR01B4145_001 0.000 0.000 0.000 0.000 0.000 0.000 0.000 0.000 0.000 0.000 0.000 0.000 0.000 0.000 0.000
NTR+1B4145_002 0.000 0.000 0.000 0.000 0.000 0.000 0.000 0.000 0.000 0.000 0.000 0.000 0.000 0.000 0.000
CTR01B4145_001 0.447 0.442 0.434 0.444 0.431 0.423 0.407 0.402 0.409 0.000 0.000 0.000 0.000 0.000 0.000
CTR01B4145_002 0.447 0.442 0.434 0.444 0.431 0.423 0.407 0.402 0.409 0.000 0.000 0.000 0.000 0.000 0.000
CTR02B4145_003 0.447 0.442 0.434 0.444 0.431 0.423 0.407 0.402 0.409 0.000 0.000 0.000 0.000 0.000 0.000
CTR02B4145_004 0.447 0.442 0.434 0.444 0.431 0.423 0.407 0.402 0.409 0.000 0.000 0.000 0.000 0.000 0.000
CTR-1B4145_005 0.000 0.000 0.000 0.000 0.000 0.000 0.000 0.000 0.000 0.000 0.000 0.000 0.000 0.000 0.000
VAL01B4145_001 0.000 0.000 0.000 0.000 0.000 0.000 0.000 0.000 0.000 0.000 0.000 0.000 0.000 0.000 0.000
NTR01B4150_001 0.000 0.000 0.000 0.000 0.000 0.000 0.000 0.000 0.000 0.000 0.000 0.000 0.000 0.000 0.000
NTR+1B4150_002 0.000 0.000 0.000 0.000 0.000 0.000 0.000 0.000 0.000 0.000 0.000 0.000 0.000 0.000 0.000
CTR01B4150_001 0.452 0.454 0.455 0.450 0.455 0.411 0.409 0.000 0.000 0.000 0.000 0.000 0.000 0.000 0.000
CTR01B4150_002 0.452 0.454 0.455 0.450 0.455 0.411 0.409 0.000 0.000 0.000 0.000 0.000 0.000 0.000 0.000
CTR02B4150_003 0.452 0.454 0.455 0.450 0.455 0.411 0.409 0.000 0.000 0.000 0.000 0.000 0.000 0.000 0.000
CTR02B4150_004 0.452 0.454 0.455 0.450 0.455 0.411 0.409 0.000 0.000 0.000 0.000 0.000 0.000 0.000 0.000
CTR-1B4150_005 0.000 0.000 0.000 0.000 0.000 0.000 0.000 0.000 0.000 0.000 0.000 0.000 0.000 0.000 0.000
LEU01B4150_001 0.000 0.000 0.000 0.000 0.000 0.000 0.000 0.000 0.000 0.000 0.000 0.000 0.000 0.000 0.000
NTR01B4540_001 0.000 0.000 0.000 0.000 0.000 0.000 0.000 0.000 0.000 0.000 0.000 0.000 0.000 0.000 0.000
NTR+1B4540_002 0.000 0.000 0.000 0.000 0.000 0.000 0.000 0.000 0.000 0.000 0.000 0.000 0.000 0.000 0.000
PHE01B4540_001 0.000 0.000 0.000 0.000 0.000 0.000 0.000 0.000 0.000 0.000 0.000 0.000 0.000 0.000 0.000
TRP01B4541_001 0.000 0.000 0.000 0.000 0.000 0.000 0.000 0.000 0.000 0.000 0.000 0.000 0.000 0.000 0.000
GLU01B4543_001 0.473 0.472 0.469 0.475 0.476 0.482 0.381 0.431 0.000 0.000 0.000 0.000 0.000 0.000 0.000
GLU01B4543_002 0.473 0.472 0.469 0.475 0.476 0.482 0.381 0.431 0.000 0.000 0.000 0.000 0.000 0.000 0.000
GLU02B4543_003 0.473 0.472 0.469 0.475 0.476 0.482 0.381 0.431 0.000 0.000 0.000 0.000 0.000 0.000 0.000
GLU02B4543_004 0.473 0.472 0.469 0.475 0.476 0.482 0.381 0.431 0.000 0.000 0.000 0.000 0.000 0.000 0.000
GLU-1B4543_005 0.000 0.000 0.000 0.000 0.000 0.000 0.000 0.000 0.000 0.000 0.000 0.000 0.000 0.000 0.000
LEU01B4544_001 0.000 0.000 0.000 0.000 0.000 0.000 0.000 0.000 0.000 0.000 0.000 0.000 0.000 0.000 0.000
GLU01B4545_001 0.424 0.420 0.412 0.419 0.410 0.431 0.408 0.000 0.000 0.000 0.000 0.000 0.000 0.000 0.000
GLU01B4545_002 0.424 0.420 0.412 0.419 0.410 0.431 0.408 0.000 0.000 0.000 0.000 0.000 0.000 0.000 0.000
GLU02B4545_003 0.424 0.420 0.412 0.419 0.410 0.431 0.408 0.000 0.000 0.000 0.000 0.000 0.000 0.000 0.000
GLU02B4545_004 0.424 0.420 0.412 0.419 0.410 0.431 0.408 0.000 0.000 0.000 0.000 0.000 0.000 0.000 0.000
GLU-1B4545_005 0.000 0.000 0.000 0.000 0.000 0.000 0.000 0.000 0.000 0.000 0.000 0.000 0.000 0.000 0.000
VAL01B4546_001 0.000 0.000 0.000 0.000 0.000 0.000 0.000 0.000 0.000 0.000 0.000 0.000 0.000 0.000 0.000
GLN01B4547_001 0.000 0.000 0.000 0.000 0.000 0.000 0.000 0.000 0.000 0.000 0.000 0.000 0.000 0.000 0.000
ARG01B4548_001 0.000 0.000 0.000 0.000 0.000 0.000 0.000 0.000 0.000 0.198 0.340 0.359 0.333 0.330 0.327
ARG02B4548_002 0.000 0.000 0.000 0.000 0.000 0.000 0.000 0.000 0.000 0.198 0.340 0.359 0.333 0.330 0.327
ARG03B4548_003 0.000 0.000 0.000 0.000 0.000 0.000 0.000 0.000 0.000 0.198 0.340 0.359 0.333 0.330 0.327
ARG+1B4548_004 0.000 0.000 0.000 0.000 0.000 0.000 0.000 0.000 0.000 0.000 0.000 0.000 0.000 0.000 0.000
VAL01B4549_001 0.000 0.000 0.000 0.000 0.000 0.000 0.000 0.000 0.000 0.000 0.000 0.000 0.000 0.000 0.000
LYS01B4550_001 0.000 0.000 0.000 0.000 0.000 0.000 0.000 0.000 0.000 0.000 0.000 0.000 0.000 0.000 0.000
LYS+1B4550_002 0.000 0.000 0.000 0.000 0.000 0.000 0.000 0.000 0.000 0.000 0.000 0.000 0.000 0.000 0.000
PHE01B4551_001 0.000 0.000 0.000 0.000 0.000 0.000 0.000 0.000 0.000 0.000 0.000 0.000 0.000 0.000 0.000
LEU01B4552_001 0.000 0.000 0.000 0.000 0.000 0.000 0.000 0.000 0.000 0.000 0.000 0.000 0.000 0.000 0.000
ASN01B4553_001 0.245 0.250 0.238 0.245 0.248 0.254 0.248 0.239 0.252 0.272 0.301 0.302 0.294 0.287 0.283
ASN01B4553_002 0.245 0.250 0.238 0.245 0.248 0.254 0.248 0.239 0.252 0.272 0.301 0.302 0.294 0.287 0.283
TYR01B4554_001 0.259 0.261 0.260 0.257 0.262 0.255 0.254 0.257 0.251 0.246 0.251 0.258 0.264 0.357 0.000
TYR01B4554_002 0.259 0.261 0.260 0.257 0.262 0.255 0.254 0.257 0.251 0.246 0.251 0.258 0.264 0.357 0.000
TYR-1B4554_003 0.000 0.000 0.000 0.000 0.000 0.000 0.000 0.000 0.000 0.000 0.000 0.000 0.000 0.000 0.000
LEU01B4555_001 0.000 0.000 0.000 0.000 0.000 0.000 0.000 0.000 0.000 0.000 0.000 0.000 0.000 0.000 0.000
SER01B4556_001 0.000 0.000 0.000 0.000 0.000 0.000 0.000 0.000 0.000 0.000 0.000 0.000 0.000 0.000 0.000
ARG01B4557_001 0.000 0.000 0.000 0.000 0.000 0.000 0.000 0.000 0.000 0.000 0.284 0.551 0.501 0.532 0.528
ARG02B4557_002 0.000 0.000 0.000 0.000 0.000 0.000 0.000 0.000 0.000 0.000 0.284 0.551 0.501 0.532 0.528
ARG03B4557_003 0.000 0.000 0.000 0.000 0.000 0.000 0.000 0.000 0.000 0.000 0.284 0.551 0.501 0.532 0.528
ARG+1B4557_004 0.000 0.000 0.000 0.000 0.000 0.000 0.000 0.000 0.000 0.000 0.000 0.000 0.000 0.000 0.000
ASN01B4558_001 0.000 0.000 0.000 0.000 0.000 0.000 0.000 0.000 0.000 0.000 0.000 0.000 0.000 0.000 0.000
PHE01B4559_001 0.000 0.000 0.000 0.000 0.000 0.000 0.000 0.000 0.000 0.000 0.000 0.000 0.000 0.000 0.000
TYR01B4560_001 0.000 0.000 0.000 0.000 0.000 0.000 0.000 0.000 0.000 0.000 0.000 0.000 0.000 0.000 0.000
TYR-1B4560_002 0.000 0.000 0.000 0.000 0.000 0.000 0.000 0.000 0.000 0.000 0.000 0.000 0.000 0.000 0.000
THR01B4561_001 0.000 0.000 0.000 0.000 0.000 0.000 0.000 0.000 0.000 0.000 0.000 0.000 0.000 0.000 0.000
LEU01B4562_001 0.000 0.000 0.000 0.000 0.000 0.000 0.000 0.000 0.000 0.000 0.000 0.000 0.000 0.000 0.000
ARG01B4563_001 0.000 0.000 0.000 0.000 0.000 0.000 0.000 0.000 0.000 0.000 0.228 0.000 0.000 0.320 0.311
ARG02B4563_002 0.000 0.000 0.000 0.000 0.000 0.000 0.000 0.000 0.000 0.000 0.228 0.000 0.000 0.320 0.311
ARG03B4563_003 0.000 0.000 0.000 0.000 0.000 0.000 0.000 0.000 0.000 0.000 0.228 0.000 0.000 0.320 0.311
ARG+1B4563_004 0.000 0.000 0.000 0.000 0.000 0.000 0.000 0.000 0.000 0.000 0.000 0.000 0.000 0.000 0.000
PHE01B4564_001 0.000 0.000 0.000 0.000 0.000 0.000 0.000 0.000 0.000 0.000 0.000 0.000 0.000 0.000 0.000
LEU01B4565_001 0.000 0.000 0.000 0.000 0.000 0.000 0.000 0.000 0.000 0.000 0.000 0.000 0.000 0.000 0.000
ALA01B4566_001 0.000 0.000 0.000 0.000 0.000 0.000 0.000 0.000 0.000 0.000 0.000 0.000 0.000 0.000 0.000
LEU01B4567_001 0.000 0.000 0.000 0.000 0.000 0.000 0.000 0.000 0.000 0.000 0.000 0.000 0.000 0.000 0.000
PHE01B4568_001 0.000 0.000 0.000 0.000 0.000 0.000 0.000 0.000 0.000 0.000 0.000 0.000 0.000 0.000 0.000
LEU01B4569_001 0.000 0.000 0.000 0.000 0.000 0.000 0.000 0.000 0.000 0.000 0.000 0.000 0.000 0.000 0.000
ALA01B4570_001 0.000 0.000 0.000 0.000 0.000 0.000 0.000 0.000 0.000 0.000 0.000 0.000 0.000 0.000 0.000
PHE01B4571_001 0.000 0.000 0.000 0.000 0.000 0.000 0.000 0.000 0.000 0.000 0.000 0.000 0.000 0.000 0.000
ALA01B4572_001 0.000 0.000 0.000 0.000 0.000 0.000 0.000 0.000 0.000 0.000 0.000 0.000 0.000 0.000 0.000
ILE01B4573_001 0.000 0.000 0.000 0.000 0.000 0.000 0.000 0.000 0.000 0.000 0.000 0.000 0.000 0.000 0.000
ASN01B4574_001 0.000 0.000 0.000 0.000 0.000 0.000 0.000 0.000 0.000 0.000 0.000 0.002 0.000 0.000 0.000
ASN01B4574_002 0.000 0.000 0.000 0.000 0.000 0.000 0.000 0.000 0.000 0.000 0.000 0.002 0.000 0.000 0.000
PHE01B4575_001 0.000 0.000 0.000 0.000 0.000 0.000 0.000 0.000 0.000 0.000 0.000 0.000 0.000 0.000 0.000
ILE01B4576_001 0.000 0.000 0.000 0.000 0.000 0.000 0.000 0.000 0.000 0.000 0.000 0.000 0.000 0.000 0.000
LEU01B4577_001 0.000 0.000 0.000 0.000 0.000 0.000 0.000 0.000 0.000 0.000 0.000 0.000 0.000 0.000 0.000
LEU01B4578_001 0.000 0.000 0.000 0.000 0.000 0.000 0.000 0.000 0.000 0.000 0.000 0.000 0.000 0.000 0.000
PHE01B4579_001 0.000 0.000 0.000 0.000 0.000 0.000 0.000 0.000 0.000 0.000 0.000 0.000 0.000 0.000 0.000
TYR01B4580_001 0.000 0.000 0.000 0.000 0.000 0.000 0.000 0.000 0.000 0.000 0.000 0.000 0.000 0.000 0.000
TYR-1B4580_002 0.000 0.000 0.000 0.000 0.000 0.000 0.000 0.000 0.000 0.000 0.000 0.000 0.000 0.000 0.000
LYS01B4581_001 0.000 0.000 0.000 0.000 0.000 0.000 0.000 0.000 0.000 0.000 0.000 0.000 0.000 0.000 0.000
LYS+1B4581_002 0.000 0.000 0.000 0.000 0.000 0.000 0.000 0.000 0.000 0.000 0.000 0.000 0.000 0.000 0.000
VAL01B4582_001 0.000 0.000 0.000 0.000 0.000 0.000 0.000 0.000 0.000 0.000 0.000 0.000 0.000 0.000 0.000
SER01B4583_001 0.091 0.096 0.095 0.100 0.103 0.112 0.111 0.112 0.107 0.116 0.111 0.095 0.090 0.084 0.080
SER01B4583_002 0.091 0.096 0.095 0.100 0.103 0.112 0.111 0.112 0.107 0.116 0.111 0.095 0.090 0.084 0.080
ASP01B4584_001 0.203 0.212 0.206 0.197 0.204 0.197 0.125 0.249 0.000 0.000 0.000 0.000 0.000 0.000 0.000
ASP01B4584_002 0.203 0.212 0.206 0.197 0.204 0.197 0.125 0.249 0.000 0.000 0.000 0.000 0.000 0.000 0.000
ASP02B4584_003 0.203 0.212 0.206 0.197 0.204 0.197 0.125 0.249 0.000 0.000 0.000 0.000 0.000 0.000 0.000
ASP02B4584_004 0.203 0.212 0.206 0.197 0.204 0.197 0.125 0.249 0.000 0.000 0.000 0.000 0.000 0.000 0.000
ASP-1B4584_005 0.000 0.000 0.000 0.000 0.000 0.000 0.000 0.000 0.000 0.000 0.000 0.000 0.000 0.000 0.000
SER01B4585_001 0.213 0.212 0.215 0.212 0.220 0.236 0.244 0.241 0.245 0.243 0.242 0.231 0.220 0.221 0.219
SER01B4585_002 0.213 0.212 0.215 0.212 0.220 0.236 0.244 0.241 0.245 0.243 0.242 0.231 0.220 0.221 0.219
PRO01B4586_001 0.000 0.000 0.000 0.000 0.000 0.000 0.000 0.000 0.000 0.000 0.000 0.000 0.000 0.000 0.000
PRO01B4587_001 0.000 0.000 0.000 0.000 0.000 0.000 0.000 0.000 0.000 0.000 0.000 0.000 0.000 0.000 0.000
CTR01B4587_001 0.405 0.404 0.405 0.405 0.404 0.405 0.407 0.000 0.000 0.000 0.000 0.000 0.000 0.000 0.000
CTR01B4587_002 0.405 0.404 0.405 0.405 0.404 0.405 0.407 0.000 0.000 0.000 0.000 0.000 0.000 0.000 0.000
CTR02B4587_003 0.405 0.404 0.405 0.405 0.404 0.405 0.407 0.000 0.000 0.000 0.000 0.000 0.000 0.000 0.000
CTR02B4587_004 0.405 0.404 0.405 0.405 0.404 0.405 0.407 0.000 0.000 0.000 0.000 0.000 0.000 0.000 0.000
CTR-1B4587_005 0.000 0.000 0.000 0.000 0.000 0.000 0.000 0.000 0.000 0.000 0.000 0.000 0.000 0.000 0.000
NTR01B4626_001 0.000 0.000 0.000 0.000 0.000 0.000 0.000 0.000 0.000 0.000 0.000 0.000 0.000 0.000 0.000
NTR+1B4626_002 0.000 0.000 0.000 0.000 0.000 0.000 0.000 0.000 0.000 0.000 0.000 0.000 0.000 0.000 0.000
ASN01B4626_001 0.000 0.000 0.000 0.000 0.000 0.000 0.000 0.000 0.000 0.000 0.000 0.000 0.000 0.000 0.000
MET01B4627_001 0.000 0.000 0.000 0.000 0.000 0.000 0.000 0.000 0.000 0.000 0.000 0.000 0.000 0.000 0.000
VAL01B4628_001 0.000 0.000 0.000 0.000 0.000 0.000 0.000 0.000 0.000 0.000 0.000 0.000 0.000 0.000 0.000
TYR01B4629_001 0.000 0.000 0.000 0.000 0.000 0.000 0.000 0.000 0.000 0.000 0.000 0.000 0.000 0.000 0.000
TYR-1B4629_002 0.000 0.000 0.000 0.000 0.000 0.000 0.000 0.000 0.000 0.000 0.000 0.000 0.000 0.000 0.000
TYR01B4630_001 0.000 0.000 0.000 0.000 0.000 0.000 0.000 0.000 0.000 0.000 0.000 0.000 0.000 0.000 0.000
TYR-1B4630_002 0.000 0.000 0.000 0.000 0.000 0.000 0.000 0.000 0.000 0.000 0.000 0.000 0.000 0.000 0.000
PHE01B4631_001 0.000 0.000 0.000 0.000 0.000 0.000 0.000 0.000 0.000 0.000 0.000 0.000 0.000 0.000 0.000
LEU01B4632_001 0.000 0.000 0.000 0.000 0.000 0.000 0.000 0.000 0.000 0.000 0.000 0.000 0.000 0.000 0.000
GLU01B4633_001 0.409 0.411 0.412 0.413 0.408 0.418 0.437 0.426 0.357 0.000 0.000 0.000 0.000 0.000 0.000
GLU01B4633_002 0.409 0.411 0.412 0.413 0.408 0.418 0.437 0.426 0.357 0.000 0.000 0.000 0.000 0.000 0.000
GLU02B4633_003 0.409 0.411 0.412 0.413 0.408 0.418 0.437 0.426 0.357 0.000 0.000 0.000 0.000 0.000 0.000
GLU02B4633_004 0.409 0.411 0.412 0.413 0.408 0.418 0.437 0.426 0.357 0.000 0.000 0.000 0.000 0.000 0.000
GLU-1B4633_005 0.000 0.000 0.000 0.000 0.000 0.000 0.000 0.000 0.000 0.000 0.000 0.000 0.000 0.000 0.000
GLU01B4634_001 0.449 0.449 0.452 0.453 0.451 0.428 0.453 0.399 0.392 0.000 0.000 0.000 0.000 0.000 0.000
GLU01B4634_002 0.449 0.449 0.452 0.453 0.451 0.428 0.453 0.399 0.392 0.000 0.000 0.000 0.000 0.000 0.000
GLU02B4634_003 0.449 0.449 0.452 0.453 0.451 0.428 0.453 0.399 0.392 0.000 0.000 0.000 0.000 0.000 0.000
GLU02B4634_004 0.449 0.449 0.452 0.453 0.451 0.428 0.453 0.399 0.392 0.000 0.000 0.000 0.000 0.000 0.000
GLU-1B4634_005 0.000 0.000 0.000 0.000 0.000 0.000 0.000 0.000 0.000 0.000 0.000 0.000 0.000 0.000 0.000
SER01B4635_001 0.000 0.000 0.000 0.000 0.000 0.000 0.000 0.000 0.000 0.000 0.000 0.000 0.000 0.000 0.000
THR01B4636_001 0.420 0.423 0.424 0.420 0.423 0.407 0.366 0.353 0.351 0.356 0.326 0.243 0.200 0.190 0.188
THR01B4636_002 0.420 0.423 0.424 0.420 0.423 0.407 0.366 0.353 0.351 0.356 0.326 0.243 0.200 0.190 0.188
THR01B4636_003 0.420 0.423 0.424 0.420 0.423 0.407 0.366 0.353 0.351 0.356 0.326 0.243 0.200 0.190 0.188
TYR01B4638_001 0.396 0.398 0.397 0.397 0.400 0.407 0.410 0.410 0.410 0.411 0.411 0.410 0.410 0.409 0.410
TYR01B4638_002 0.396 0.398 0.397 0.397 0.400 0.407 0.410 0.410 0.410 0.411 0.411 0.410 0.410 0.409 0.410
TYR-1B4638_003 0.000 0.000 0.000 0.000 0.000 0.000 0.000 0.000 0.000 0.000 0.000 0.000 0.000 0.000 0.000
MET01B4639_001 0.000 0.000 0.000 0.000 0.000 0.000 0.000 0.000 0.000 0.000 0.000 0.000 0.000 0.000 0.000
GLU01B4640_001 0.443 0.456 0.454 0.461 0.446 0.437 0.424 0.419 0.406 0.599 0.000 0.000 0.000 0.000 0.000
GLU01B4640_002 0.443 0.456 0.454 0.461 0.446 0.437 0.424 0.419 0.406 0.599 0.000 0.000 0.000 0.000 0.000
GLU02B4640_003 0.443 0.456 0.454 0.461 0.446 0.437 0.424 0.419 0.406 0.599 0.000 0.000 0.000 0.000 0.000
GLU02B4640_004 0.443 0.456 0.454 0.461 0.446 0.437 0.424 0.419 0.406 0.599 0.000 0.000 0.000 0.000 0.000
GLU-1B4640_005 0.000 0.000 0.000 0.000 0.000 0.000 0.000 0.000 0.000 0.000 0.000 0.000 0.000 0.000 0.000
PRO01B4641_001 0.000 0.000 0.000 0.000 0.000 0.000 0.000 0.000 0.000 0.000 0.000 0.000 0.000 0.000 0.000
ALA01B4642_001 0.000 0.000 0.000 0.000 0.000 0.000 0.000 0.000 0.000 0.000 0.000 0.000 0.000 0.000 0.000
LEU01B4643_001 0.000 0.000 0.000 0.000 0.000 0.000 0.000 0.000 0.000 0.000 0.000 0.000 0.000 0.000 0.000
TRP01B4644_001 0.000 0.000 0.000 0.000 0.000 0.000 0.000 0.000 0.000 0.000 0.000 0.000 0.000 0.000 0.000
CYS01B4645_001 0.644 0.644 0.644 0.645 0.644 0.644 0.644 0.642 0.641 0.641 0.642 0.640 0.651 0.000 0.000
CYS01B4645_002 0.644 0.644 0.644 0.645 0.644 0.644 0.644 0.642 0.641 0.641 0.642 0.640 0.651 0.000 0.000
CYS01B4645_003 0.644 0.644 0.644 0.645 0.644 0.644 0.644 0.642 0.641 0.641 0.642 0.640 0.651 0.000 0.000
CYS-1B4645_004 0.000 0.000 0.000 0.000 0.000 0.000 0.000 0.000 0.000 0.000 0.000 0.000 0.000 0.000 0.000
LEU01B4646_001 0.000 0.000 0.000 0.000 0.000 0.000 0.000 0.000 0.000 0.000 0.000 0.000 0.000 0.000 0.000
SER01B4647_001 0.411 0.408 0.408 0.408 0.415 0.422 0.427 0.474 0.535 0.548 0.528 0.513 0.512 0.514 0.514
SER01B4647_002 0.411 0.408 0.408 0.408 0.415 0.422 0.427 0.474 0.535 0.548 0.528 0.513 0.512 0.514 0.514
SER01B4647_003 0.411 0.408 0.408 0.408 0.415 0.422 0.427 0.474 0.535 0.548 0.528 0.513 0.512 0.514 0.514
LEU01B4648_001 0.000 0.000 0.000 0.000 0.000 0.000 0.000 0.000 0.000 0.000 0.000 0.000 0.000 0.000 0.000
LEU01B4649_001 0.000 0.000 0.000 0.000 0.000 0.000 0.000 0.000 0.000 0.000 0.000 0.000 0.000 0.000 0.000
HIS01B4650_001 0.000 0.000 0.000 0.000 0.000 0.000 0.000 0.000 0.000 0.000 0.000 0.000 0.000 0.001 0.000
HIS02B4650_002 0.000 0.000 0.000 0.000 0.000 0.000 0.000 0.000 0.000 0.000 0.000 0.000 0.000 0.001 0.000
HIS+1B4650_003 0.000 0.000 0.000 0.000 0.000 0.000 0.000 0.000 0.000 0.000 0.000 0.000 0.000 0.000 0.000
THR01B4651_001 0.000 0.000 0.000 0.000 0.000 0.000 0.000 0.000 0.000 0.000 0.000 0.000 0.000 0.000 0.000
LEU01B4652_001 0.000 0.000 0.000 0.000 0.000 0.000 0.000 0.000 0.000 0.000 0.000 0.000 0.000 0.000 0.000
VAL01B4653_001 0.000 0.000 0.000 0.000 0.000 0.000 0.000 0.000 0.000 0.000 0.000 0.000 0.000 0.000 0.000
ALA01B4654_001 0.000 0.000 0.000 0.000 0.000 0.000 0.000 0.000 0.000 0.000 0.000 0.000 0.000 0.000 0.000
PHE01B4655_001 0.000 0.000 0.000 0.000 0.000 0.000 0.000 0.000 0.000 0.000 0.000 0.000 0.000 0.000 0.000
LEU01B4656_001 0.000 0.000 0.000 0.000 0.000 0.000 0.000 0.000 0.000 0.000 0.000 0.000 0.000 0.000 0.000
CYS01B4657_001 0.614 0.615 0.614 0.617 0.614 0.616 0.615 0.615 0.606 0.595 0.600 0.604 0.607 0.611 0.602
CYS01B4657_002 0.614 0.615 0.614 0.617 0.614 0.616 0.615 0.615 0.606 0.595 0.600 0.604 0.607 0.611 0.602
CYS01B4657_003 0.614 0.615 0.614 0.617 0.614 0.616 0.615 0.615 0.606 0.595 0.600 0.604 0.607 0.611 0.602
CYS-1B4657_004 0.000 0.000 0.000 0.000 0.000 0.000 0.000 0.000 0.000 0.000 0.000 0.000 0.000 0.000 0.000
ILE01B4658_001 0.000 0.000 0.000 0.000 0.000 0.000 0.000 0.000 0.000 0.000 0.000 0.000 0.000 0.000 0.000
ILE01B4659_001 0.000 0.000 0.000 0.000 0.000 0.000 0.000 0.000 0.000 0.000 0.000 0.000 0.000 0.000 0.000
TYR01B4661_001 0.000 0.000 0.000 0.000 0.000 0.000 0.000 0.000 0.000 0.000 0.000 0.000 0.000 0.000 0.000
TYR-1B4661_002 0.000 0.000 0.000 0.000 0.000 0.000 0.000 0.000 0.000 0.000 0.000 0.000 0.000 0.000 0.000
ASN01B4662_001 0.231 0.229 0.231 0.230 0.244 0.272 0.294 0.301 0.303 0.300 0.310 0.317 0.312 0.305 0.310
ASN01B4662_002 0.231 0.229 0.231 0.230 0.244 0.272 0.294 0.301 0.303 0.300 0.310 0.317 0.312 0.305 0.310
CYS01B4663_001 0.604 0.605 0.604 0.599 0.604 0.601 0.599 0.601 0.605 0.605 0.612 0.612 0.615 0.608 0.610
CYS01B4663_002 0.604 0.605 0.604 0.599 0.604 0.601 0.599 0.601 0.605 0.605 0.612 0.612 0.615 0.608 0.610
CYS01B4663_003 0.604 0.605 0.604 0.599 0.604 0.601 0.599 0.601 0.605 0.605 0.612 0.612 0.615 0.608 0.610
CYS-1B4663_004 0.000 0.000 0.000 0.000 0.000 0.000 0.000 0.000 0.000 0.000 0.000 0.000 0.000 0.000 0.000
LEU01B4664_001 0.000 0.000 0.000 0.000 0.000 0.000 0.000 0.000 0.000 0.000 0.000 0.000 0.000 0.000 0.000
LYS01B4665_001 0.000 0.000 0.000 0.000 0.000 0.000 0.000 0.000 0.000 0.000 0.000 0.000 0.000 0.000 0.000
LYS+1B4665_002 0.000 0.000 0.000 0.000 0.000 0.000 0.000 0.000 0.000 0.000 0.000 0.000 0.000 0.000 0.000
CTR01B4665_001 0.422 0.430 0.428 0.410 0.425 0.419 0.410 0.410 0.000 0.000 0.000 0.000 0.000 0.000 0.000
CTR01B4665_002 0.422 0.430 0.428 0.410 0.425 0.419 0.410 0.410 0.000 0.000 0.000 0.000 0.000 0.000 0.000
CTR02B4665_003 0.422 0.430 0.428 0.410 0.425 0.419 0.410 0.410 0.000 0.000 0.000 0.000 0.000 0.000 0.000
CTR02B4665_004 0.422 0.430 0.428 0.410 0.425 0.419 0.410 0.410 0.000 0.000 0.000 0.000 0.000 0.000 0.000
CTR-1B4665_005 0.000 0.000 0.000 0.000 0.000 0.000 0.000 0.000 0.000 0.000 0.000 0.000 0.000 0.000 0.000
NTG01B4693_001 0.000 0.000 0.000 0.000 0.000 0.000 0.000 0.000 0.000 0.000 0.000 0.000 0.000 0.000 0.000
NTG+1B4693_002 0.000 0.000 0.000 0.000 0.000 0.000 0.000 0.000 0.000 0.000 0.000 0.000 0.000 0.000 0.000
ASP01B4694_001 0.505 0.510 0.501 0.512 0.515 0.511 0.547 0.127 0.000 0.000 0.000 0.000 0.000 0.000 0.000
ASP01B4694_002 0.505 0.510 0.501 0.512 0.515 0.511 0.547 0.127 0.000 0.000 0.000 0.000 0.000 0.000 0.000
ASP02B4694_003 0.505 0.510 0.501 0.512 0.515 0.511 0.547 0.127 0.000 0.000 0.000 0.000 0.000 0.000 0.000
ASP02B4694_004 0.505 0.510 0.501 0.512 0.515 0.511 0.547 0.127 0.000 0.000 0.000 0.000 0.000 0.000 0.000
ASP-1B4694_005 0.000 0.000 0.000 0.000 0.000 0.000 0.000 0.000 0.000 0.000 0.000 0.000 0.000 0.000 0.000
CTR01B4694_001 0.411 0.414 0.415 0.414 0.403 0.402 0.407 0.000 0.000 0.000 0.000 0.000 0.000 0.000 0.000
CTR01B4694_002 0.411 0.414 0.415 0.414 0.403 0.402 0.407 0.000 0.000 0.000 0.000 0.000 0.000 0.000 0.000
CTR02B4694_003 0.411 0.414 0.415 0.414 0.403 0.402 0.407 0.000 0.000 0.000 0.000 0.000 0.000 0.000 0.000
CTR02B4694_004 0.411 0.414 0.415 0.414 0.403 0.402 0.407 0.000 0.000 0.000 0.000 0.000 0.000 0.000 0.000
CTR-1B4694_005 0.000 0.000 0.000 0.000 0.000 0.000 0.000 0.000 0.000 0.000 0.000 0.000 0.000 0.000 0.000
NTR01B4716_001 0.000 0.000 0.000 0.000 0.000 0.000 0.000 0.000 0.000 0.000 0.000 0.000 0.000 0.000 0.000
NTR+1B4716_002 0.000 0.000 0.000 0.000 0.000 0.000 0.000 0.000 0.000 0.000 0.000 0.000 0.000 0.000 0.000
CTR01B4716_001 0.445 0.446 0.447 0.447 0.433 0.443 0.384 0.408 0.000 0.000 0.000 0.000 0.000 0.000 0.000
CTR01B4716_002 0.445 0.446 0.447 0.447 0.433 0.443 0.384 0.408 0.000 0.000 0.000 0.000 0.000 0.000 0.000
CTR02B4716_003 0.445 0.446 0.447 0.447 0.433 0.443 0.384 0.408 0.000 0.000 0.000 0.000 0.000 0.000 0.000
CTR02B4716_004 0.445 0.446 0.447 0.447 0.433 0.443 0.384 0.408 0.000 0.000 0.000 0.000 0.000 0.000 0.000
CTR-1B4716_005 0.000 0.000 0.000 0.000 0.000 0.000 0.000 0.000 0.000 0.000 0.000 0.000 0.000 0.000 0.000
TRP01B4716_001 0.000 0.000 0.000 0.000 0.000 0.000 0.000 0.000 0.000 0.000 0.000 0.000 0.000 0.000 0.000
NTR01B4755_001 0.000 0.000 0.000 0.000 0.000 0.000 0.000 0.000 0.000 0.000 0.000 0.000 0.000 0.000 0.000
NTR+1B4755_002 0.000 0.000 0.000 0.000 0.000 0.000 0.000 0.000 0.000 0.000 0.000 0.000 0.000 0.000 0.000
GLU01B4755_001 0.468 0.468 0.470 0.475 0.471 0.404 0.405 0.407 0.000 0.000 0.000 0.000 0.000 0.000 0.000
GLU01B4755_002 0.468 0.468 0.470 0.475 0.471 0.404 0.405 0.407 0.000 0.000 0.000 0.000 0.000 0.000 0.000
GLU02B4755_003 0.468 0.468 0.470 0.475 0.471 0.404 0.405 0.407 0.000 0.000 0.000 0.000 0.000 0.000 0.000
GLU02B4755_004 0.468 0.468 0.470 0.475 0.471 0.404 0.405 0.407 0.000 0.000 0.000 0.000 0.000 0.000 0.000
GLU-1B4755_005 0.000 0.000 0.000 0.000 0.000 0.000 0.000 0.000 0.000 0.000 0.000 0.000 0.000 0.000 0.000
ARG01B4756_001 0.000 0.000 0.000 0.000 0.000 0.000 0.000 0.000 0.000 0.000 0.000 0.000 0.000 0.000 0.000
ARG02B4756_002 0.000 0.000 0.000 0.000 0.000 0.000 0.000 0.000 0.000 0.000 0.000 0.000 0.000 0.000 0.000
ARG03B4756_003 0.000 0.000 0.000 0.000 0.000 0.000 0.000 0.000 0.000 0.000 0.000 0.000 0.000 0.000 0.000
ARG03B4756_004 0.000 0.000 0.000 0.000 0.000 0.000 0.000 0.000 0.000 0.000 0.000 0.000 0.000 0.000 0.000
ARG+1B4756_005 0.000 0.000 0.000 0.000 0.000 0.000 0.000 0.000 0.000 0.000 0.000 0.000 0.000 0.000 0.000
LYS01B4757_001 0.000 0.000 0.000 0.000 0.000 0.000 0.000 0.000 0.000 0.000 0.000 0.000 0.000 0.000 0.000
LYS+1B4757_002 0.000 0.000 0.000 0.000 0.000 0.000 0.000 0.000 0.000 0.000 0.000 0.000 0.000 0.000 0.000
PRO01B4758_001 0.000 0.000 0.000 0.000 0.000 0.000 0.000 0.000 0.000 0.000 0.000 0.000 0.000 0.000 0.000
ASP01B4759_001 0.120 0.116 0.117 0.114 0.115 0.134 0.000 0.000 0.000 0.000 0.000 0.000 0.000 0.000 0.000
ASP01B4759_002 0.120 0.116 0.117 0.114 0.115 0.134 0.000 0.000 0.000 0.000 0.000 0.000 0.000 0.000 0.000
ASP02B4759_003 0.120 0.116 0.117 0.114 0.115 0.134 0.000 0.000 0.000 0.000 0.000 0.000 0.000 0.000 0.000
ASP02B4759_004 0.120 0.116 0.117 0.114 0.115 0.134 0.000 0.000 0.000 0.000 0.000 0.000 0.000 0.000 0.000
ASP-1B4759_005 0.000 0.000 0.000 0.000 0.000 0.000 0.000 0.000 0.000 0.000 0.000 0.000 0.000 0.000 0.000
PRO01B4760_001 0.000 0.000 0.000 0.000 0.000 0.000 0.000 0.000 0.000 0.000 0.000 0.000 0.000 0.000 0.000
PRO01B4761_001 0.000 0.000 0.000 0.000 0.000 0.000 0.000 0.000 0.000 0.000 0.000 0.000 0.000 0.000 0.000
PRO01B4762_001 0.000 0.000 0.000 0.000 0.000 0.000 0.000 0.000 0.000 0.000 0.000 0.000 0.000 0.000 0.000
LEU01B4764_001 0.000 0.000 0.000 0.000 0.000 0.000 0.000 0.000 0.000 0.000 0.000 0.000 0.000 0.000 0.000
LEU01B4765_001 0.000 0.000 0.000 0.000 0.000 0.000 0.000 0.000 0.000 0.000 0.000 0.000 0.000 0.000 0.000
THR01B4766_001 0.022 0.020 0.022 0.018 0.021 0.019 0.021 0.000 0.018 0.018 0.019 0.023 0.017 0.019 0.020
THR01B4766_002 0.022 0.020 0.022 0.018 0.021 0.019 0.021 0.000 0.018 0.018 0.019 0.023 0.017 0.019 0.020
TRP01B4767_001 0.000 0.000 0.000 0.000 0.000 0.000 0.000 0.000 0.000 0.000 0.000 0.000 0.000 0.000 0.000
LEU01B4768_001 0.000 0.000 0.000 0.000 0.000 0.000 0.000 0.000 0.000 0.000 0.000 0.000 0.000 0.000 0.000
MET01B4769_001 0.000 0.000 0.000 0.000 0.000 0.000 0.000 0.000 0.000 0.000 0.000 0.000 0.000 0.000 0.000
SER01B4770_001 0.000 0.000 0.000 0.000 0.000 0.000 0.000 0.000 0.000 0.000 0.000 0.000 0.000 0.000 0.000
ILE01B4771_001 0.000 0.000 0.000 0.000 0.000 0.000 0.000 0.000 0.000 0.000 0.000 0.000 0.000 0.000 0.000
ASP01B4772_001 0.434 0.413 0.434 0.438 0.451 0.447 0.414 0.000 0.000 0.000 0.000 0.000 0.000 0.000 0.000
ASP01B4772_002 0.434 0.413 0.434 0.438 0.451 0.447 0.414 0.000 0.000 0.000 0.000 0.000 0.000 0.000 0.000
ASP02B4772_003 0.434 0.413 0.434 0.438 0.451 0.447 0.414 0.000 0.000 0.000 0.000 0.000 0.000 0.000 0.000
ASP02B4772_004 0.434 0.413 0.434 0.438 0.451 0.447 0.414 0.000 0.000 0.000 0.000 0.000 0.000 0.000 0.000
ASP-1B4772_005 0.000 0.000 0.000 0.000 0.000 0.000 0.000 0.000 0.000 0.000 0.000 0.000 0.000 0.000 0.000
CTR01B4772_001 0.397 0.398 0.412 0.416 0.414 0.424 0.382 0.000 0.000 0.000 0.000 0.000 0.000 0.000 0.000
CTR01B4772_002 0.397 0.398 0.412 0.416 0.414 0.424 0.382 0.000 0.000 0.000 0.000 0.000 0.000 0.000 0.000
CTR02B4772_003 0.397 0.398 0.412 0.416 0.414 0.424 0.382 0.000 0.000 0.000 0.000 0.000 0.000 0.000 0.000
CTR02B4772_004 0.397 0.398 0.412 0.416 0.414 0.424 0.382 0.000 0.000 0.000 0.000 0.000 0.000 0.000 0.000
CTR-1B4772_005 0.000 0.000 0.000 0.000 0.000 0.000 0.000 0.000 0.000 0.000 0.000 0.000 0.000 0.000 0.000
NTR01B4790_001 0.000 0.000 0.000 0.000 0.000 0.000 0.000 0.000 0.000 0.000 0.000 0.000 0.000 0.000 0.000
NTR+1B4790_002 0.000 0.000 0.000 0.000 0.000 0.000 0.000 0.000 0.000 0.000 0.000 0.000 0.000 0.000 0.000
LEU01B4790_001 0.000 0.000 0.000 0.000 0.000 0.000 0.000 0.000 0.000 0.000 0.000 0.000 0.000 0.000 0.000
TYR01B4791_001 0.259 0.263 0.259 0.263 0.283 0.314 0.334 0.338 0.346 0.357 0.367 0.373 0.387 0.392 0.410
TYR01B4791_002 0.259 0.263 0.259 0.263 0.283 0.314 0.334 0.338 0.346 0.357 0.367 0.373 0.387 0.392 0.410
TYR-1B4791_003 0.000 0.000 0.000 0.000 0.000 0.000 0.000 0.000 0.000 0.000 0.000 0.000 0.000 0.000 0.000
LEU01B4792_001 0.000 0.000 0.000 0.000 0.000 0.000 0.000 0.000 0.000 0.000 0.000 0.000 0.000 0.000 0.000
TRP01B4794_001 0.000 0.000 0.000 0.000 0.000 0.000 0.000 0.000 0.000 0.000 0.000 0.000 0.000 0.000 0.000
TYR01B4795_001 0.019 0.016 0.016 0.019 0.052 0.082 0.095 0.106 0.136 0.164 0.173 0.162 0.166 0.163 0.160
TYR01B4795_002 0.019 0.016 0.016 0.019 0.052 0.082 0.095 0.106 0.136 0.164 0.173 0.162 0.166 0.163 0.160
TYR-1B4795_003 0.000 0.000 0.000 0.000 0.000 0.000 0.000 0.000 0.000 0.000 0.000 0.000 0.000 0.000 0.000
MET01B4796_001 0.000 0.000 0.000 0.000 0.000 0.000 0.000 0.000 0.000 0.000 0.000 0.000 0.000 0.000 0.000
VAL01B4797_001 0.000 0.000 0.000 0.000 0.000 0.000 0.000 0.000 0.000 0.000 0.000 0.000 0.000 0.000 0.000
MET01B4798_001 0.000 0.000 0.000 0.000 0.000 0.000 0.000 0.000 0.000 0.000 0.000 0.000 0.000 0.000 0.000
SER01B4799_001 0.023 0.024 0.034 0.034 0.366 0.436 0.385 0.388 0.366 0.347 0.333 0.339 0.327 0.318 0.311
SER01B4799_002 0.023 0.024 0.034 0.034 0.366 0.436 0.385 0.388 0.366 0.347 0.333 0.339 0.327 0.318 0.311
SER01B4799_003 0.023 0.024 0.034 0.034 0.366 0.436 0.385 0.388 0.366 0.347 0.333 0.339 0.327 0.318 0.311
LEU01B4800_001 0.000 0.000 0.000 0.000 0.000 0.000 0.000 0.000 0.000 0.000 0.000 0.000 0.000 0.000 0.000
LEU01B4801_001 0.000 0.000 0.000 0.000 0.000 0.000 0.000 0.000 0.000 0.000 0.000 0.000 0.000 0.000 0.000
HIS01B4803_001 0.000 0.000 0.000 0.000 0.000 0.406 0.639 0.664 0.668 0.667 0.664 0.671 0.668 0.667 0.663
HIS01B4803_002 0.000 0.000 0.000 0.000 0.000 0.406 0.639 0.664 0.668 0.667 0.664 0.671 0.668 0.667 0.663
HIS02B4803_003 0.000 0.000 0.000 0.000 0.000 0.406 0.639 0.664 0.668 0.667 0.664 0.671 0.668 0.667 0.663
HIS02B4803_004 0.000 0.000 0.000 0.000 0.000 0.406 0.639 0.664 0.668 0.667 0.664 0.671 0.668 0.667 0.663
HIS+1B4803_005 0.291 0.290 0.289 0.289 0.289 0.291 0.283 0.286 0.284 0.307 0.000 0.000 0.000 0.000 0.000
HIS+1B4803_006 0.291 0.290 0.289 0.289 0.289 0.291 0.283 0.286 0.284 0.307 0.000 0.000 0.000 0.000 0.000
TYR01B4804_001 0.000 0.000 0.000 0.000 0.000 0.000 0.000 0.000 0.000 0.000 0.000 0.000 0.000 0.000 0.000
TYR-1B4804_002 0.000 0.000 0.000 0.000 0.000 0.000 0.000 0.000 0.000 0.000 0.000 0.000 0.000 0.000 0.000
ASN01B4805_001 0.111 0.114 0.107 0.111 0.120 0.122 0.124 0.128 0.131 0.140 0.151 0.151 0.149 0.177 0.229
ASN01B4805_002 0.111 0.114 0.107 0.111 0.120 0.122 0.124 0.128 0.131 0.140 0.151 0.151 0.149 0.177 0.229
ASN01B4806_001 0.120 0.114 0.118 0.117 0.125 0.124 0.129 0.132 0.135 0.140 0.148 0.173 0.170 0.166 0.158
ASN01B4806_002 0.120 0.114 0.118 0.117 0.125 0.124 0.129 0.132 0.135 0.140 0.148 0.173 0.170 0.166 0.158
PHE01B4807_001 0.000 0.000 0.000 0.000 0.000 0.000 0.000 0.000 0.000 0.000 0.000 0.000 0.000 0.000 0.000
PHE01B4808_001 0.000 0.000 0.000 0.000 0.000 0.000 0.000 0.000 0.000 0.000 0.000 0.000 0.000 0.000 0.000
PHE01B4809_001 0.000 0.000 0.000 0.000 0.000 0.000 0.000 0.000 0.000 0.000 0.000 0.000 0.000 0.000 0.000
ALA01B4810_001 0.000 0.000 0.000 0.000 0.000 0.000 0.000 0.000 0.000 0.000 0.000 0.000 0.000 0.000 0.000
ALA01B4811_001 0.000 0.000 0.000 0.000 0.000 0.000 0.000 0.000 0.000 0.000 0.000 0.000 0.000 0.000 0.000
HIS01B4812_001 0.000 0.000 0.000 0.000 0.309 0.321 0.327 0.330 0.307 0.312 0.304 0.310 0.305 0.294 0.292
HIS02B4812_002 0.000 0.000 0.000 0.000 0.309 0.321 0.327 0.330 0.307 0.312 0.304 0.310 0.305 0.294 0.292
HIS+1B4812_003 0.000 0.000 0.000 0.000 0.000 0.000 0.000 0.000 0.000 0.000 0.000 0.000 0.000 0.000 0.000
LEU01B4813_001 0.000 0.000 0.000 0.000 0.000 0.000 0.000 0.000 0.000 0.000 0.000 0.000 0.000 0.000 0.000
LEU01B4814_001 0.000 0.000 0.000 0.000 0.000 0.000 0.000 0.000 0.000 0.000 0.000 0.000 0.000 0.000 0.000
ASP01B4815_001 0.106 0.108 0.103 0.104 0.094 0.099 0.085 0.077 0.076 0.000 0.000 0.000 0.000 0.000 0.000
ASP01B4815_002 0.106 0.108 0.103 0.104 0.094 0.099 0.085 0.077 0.076 0.000 0.000 0.000 0.000 0.000 0.000
ASP02B4815_003 0.106 0.108 0.103 0.104 0.094 0.099 0.085 0.077 0.076 0.000 0.000 0.000 0.000 0.000 0.000
ASP02B4815_004 0.106 0.108 0.103 0.104 0.094 0.099 0.085 0.077 0.076 0.000 0.000 0.000 0.000 0.000 0.000
ASP-1B4815_005 0.000 0.000 0.000 0.000 0.000 0.000 0.000 0.000 0.000 0.000 0.000 0.000 0.000 0.000 0.000
ILE01B4816_001 0.000 0.000 0.000 0.000 0.000 0.000 0.000 0.000 0.000 0.000 0.000 0.000 0.000 0.000 0.000
ALA01B4817_001 0.000 0.000 0.000 0.000 0.000 0.000 0.000 0.000 0.000 0.000 0.000 0.000 0.000 0.000 0.000
MET01B4818_001 0.000 0.000 0.000 0.000 0.000 0.000 0.000 0.000 0.000 0.000 0.000 0.000 0.000 0.000 0.000
CTR01B4818_001 0.436 0.434 0.432 0.433 0.432 0.428 0.404 0.377 0.000 0.000 0.000 0.000 0.000 0.000 0.000
CTR01B4818_002 0.436 0.434 0.432 0.433 0.432 0.428 0.404 0.377 0.000 0.000 0.000 0.000 0.000 0.000 0.000
CTR02B4818_003 0.436 0.434 0.432 0.433 0.432 0.428 0.404 0.377 0.000 0.000 0.000 0.000 0.000 0.000 0.000
CTR02B4818_004 0.436 0.434 0.432 0.433 0.432 0.428 0.404 0.377 0.000 0.000 0.000 0.000 0.000 0.000 0.000
CTR-1B4818_005 0.000 0.000 0.000 0.000 0.000 0.000 0.000 0.000 0.000 0.000 0.000 0.000 0.000 0.000 0.000
NTR01B4849_001 0.000 0.000 0.000 0.000 0.000 0.000 0.000 0.000 0.000 0.000 0.000 0.000 0.000 0.000 0.000
NTR+1B4849_002 0.000 0.000 0.000 0.000 0.000 0.000 0.000 0.000 0.000 0.000 0.000 0.000 0.000 0.000 0.000
TYR01B4849_001 0.000 0.000 0.000 0.000 0.000 0.000 0.000 0.000 0.000 0.000 0.000 0.000 0.000 0.000 0.000
TYR-1B4849_002 0.000 0.000 0.000 0.000 0.000 0.000 0.000 0.000 0.000 0.000 0.000 0.000 0.000 0.000 0.000
LEU01B4850_001 0.000 0.000 0.000 0.000 0.000 0.000 0.000 0.000 0.000 0.000 0.000 0.000 0.000 0.000 0.000
TYR01B4851_001 0.000 0.000 0.000 0.000 0.000 0.000 0.000 0.000 0.000 0.000 0.000 0.000 0.000 0.000 0.000
TYR-1B4851_002 0.000 0.000 0.000 0.000 0.000 0.000 0.000 0.000 0.000 0.000 0.000 0.000 0.000 0.000 0.000
THR01B4852_001 0.256 0.257 0.257 0.294 0.358 0.379 0.361 0.346 0.320 0.316 0.325 0.357 0.376 0.425 0.496
THR01B4852_002 0.256 0.257 0.257 0.294 0.358 0.379 0.361 0.346 0.320 0.316 0.325 0.357 0.376 0.425 0.496
THR01B4852_003 0.256 0.257 0.257 0.294 0.358 0.379 0.361 0.346 0.320 0.316 0.325 0.357 0.376 0.425 0.496
VAL01B4853_001 0.000 0.000 0.000 0.000 0.000 0.000 0.000 0.000 0.000 0.000 0.000 0.000 0.000 0.000 0.000
VAL01B4854_001 0.000 0.000 0.000 0.000 0.000 0.000 0.000 0.000 0.000 0.000 0.000 0.000 0.000 0.000 0.000
ALA01B4855_001 0.000 0.000 0.000 0.000 0.000 0.000 0.000 0.000 0.000 0.000 0.000 0.000 0.000 0.000 0.000
PHE01B4856_001 0.000 0.000 0.000 0.000 0.000 0.000 0.000 0.000 0.000 0.000 0.000 0.000 0.000 0.000 0.000
ASN01B4857_001 0.049 0.050 0.048 0.053 0.053 0.055 0.058 0.063 0.061 0.064 0.061 0.064 0.062 0.062 0.080
ASN01B4857_002 0.049 0.050 0.048 0.053 0.053 0.055 0.058 0.063 0.061 0.064 0.061 0.064 0.062 0.062 0.080
PHE01B4858_001 0.000 0.000 0.000 0.000 0.000 0.000 0.000 0.000 0.000 0.000 0.000 0.000 0.000 0.000 0.000
PHE01B4859_001 0.000 0.000 0.000 0.000 0.000 0.000 0.000 0.000 0.000 0.000 0.000 0.000 0.000 0.000 0.000
ARG01B4860_001 0.000 0.000 0.000 0.000 0.000 0.000 0.000 0.000 0.000 0.000 0.000 0.000 0.208 0.305 0.303
ARG02B4860_002 0.000 0.000 0.000 0.000 0.000 0.000 0.000 0.000 0.000 0.000 0.000 0.000 0.208 0.305 0.303
ARG03B4860_003 0.000 0.000 0.000 0.000 0.000 0.000 0.000 0.000 0.000 0.000 0.000 0.000 0.208 0.305 0.303
ARG+1B4860_004 0.000 0.000 0.000 0.000 0.000 0.000 0.000 0.000 0.000 0.000 0.000 0.000 0.000 0.000 0.000
LYS01B4861_001 0.000 0.000 0.000 0.000 0.000 0.000 0.000 0.000 0.000 0.000 0.000 0.000 0.000 0.000 0.000
LYS+1B4861_002 0.000 0.000 0.000 0.000 0.000 0.000 0.000 0.000 0.000 0.000 0.000 0.000 0.000 0.000 0.000
PHE01B4862_001 0.000 0.000 0.000 0.000 0.000 0.000 0.000 0.000 0.000 0.000 0.000 0.000 0.000 0.000 0.000
TYR01B4863_001 0.407 0.407 0.409 0.409 0.409 0.407 0.404 0.406 0.404 0.403 0.406 0.406 0.406 0.405 0.402
TYR01B4863_002 0.407 0.407 0.409 0.409 0.409 0.407 0.404 0.406 0.404 0.403 0.406 0.406 0.406 0.405 0.402
TYR-1B4863_003 0.000 0.000 0.000 0.000 0.000 0.000 0.000 0.000 0.000 0.000 0.000 0.000 0.000 0.000 0.000
ASN01B4864_001 0.127 0.132 0.153 0.253 0.353 0.387 0.394 0.396 0.393 0.361 0.327 0.291 0.265 0.259 0.261
ASN01B4864_002 0.127 0.132 0.153 0.253 0.353 0.387 0.394 0.396 0.393 0.361 0.327 0.291 0.265 0.259 0.261
LYS01B4865_001 0.000 0.000 0.000 0.000 0.000 0.000 0.000 0.000 0.000 0.000 0.000 0.000 0.000 0.000 0.000
LYS+1B4865_002 0.000 0.000 0.000 0.000 0.000 0.000 0.000 0.000 0.000 0.000 0.000 0.000 0.000 0.000 0.000
SER01B4866_001 0.300 0.300 0.300 0.301 0.297 0.292 0.291 0.294 0.290 0.297 0.304 0.308 0.305 0.307 0.306
SER01B4866_002 0.300 0.300 0.300 0.301 0.297 0.292 0.291 0.294 0.290 0.297 0.304 0.308 0.305 0.307 0.306
GLU01B4867_001 0.373 0.384 0.386 0.397 0.409 0.430 0.450 0.463 0.490 0.472 0.389 0.000 0.000 0.000 0.000
GLU01B4867_002 0.373 0.384 0.386 0.397 0.409 0.430 0.450 0.463 0.490 0.472 0.389 0.000 0.000 0.000 0.000
GLU02B4867_003 0.373 0.384 0.386 0.397 0.409 0.430 0.450 0.463 0.490 0.472 0.389 0.000 0.000 0.000 0.000
GLU02B4867_004 0.373 0.384 0.386 0.397 0.409 0.430 0.450 0.463 0.490 0.472 0.389 0.000 0.000 0.000 0.000
GLU-1B4867_005 0.000 0.000 0.000 0.000 0.000 0.000 0.000 0.000 0.000 0.000 0.000 0.000 0.000 0.000 0.000
ASP01B4868_001 0.471 0.480 0.477 0.481 0.471 0.488 0.065 0.350 0.000 0.000 0.000 0.000 0.000 0.000 0.000
ASP01B4868_002 0.471 0.480 0.477 0.481 0.471 0.488 0.065 0.350 0.000 0.000 0.000 0.000 0.000 0.000 0.000
ASP02B4868_003 0.471 0.480 0.477 0.481 0.471 0.488 0.065 0.350 0.000 0.000 0.000 0.000 0.000 0.000 0.000
ASP02B4868_004 0.471 0.480 0.477 0.481 0.471 0.488 0.065 0.350 0.000 0.000 0.000 0.000 0.000 0.000 0.000
ASP-1B4868_005 0.000 0.000 0.000 0.000 0.000 0.000 0.000 0.000 0.000 0.000 0.000 0.000 0.000 0.000 0.000
GLU01B4869_001 0.462 0.471 0.466 0.470 0.488 0.486 0.512 0.370 0.000 0.000 0.000 0.000 0.000 0.000 0.000
GLU01B4869_002 0.462 0.471 0.466 0.470 0.488 0.486 0.512 0.370 0.000 0.000 0.000 0.000 0.000 0.000 0.000
GLU02B4869_003 0.462 0.471 0.466 0.470 0.488 0.486 0.512 0.370 0.000 0.000 0.000 0.000 0.000 0.000 0.000
GLU02B4869_004 0.462 0.471 0.466 0.470 0.488 0.486 0.512 0.370 0.000 0.000 0.000 0.000 0.000 0.000 0.000
GLU-1B4869_005 0.000 0.000 0.000 0.000 0.000 0.000 0.000 0.000 0.000 0.000 0.000 0.000 0.000 0.000 0.000
ASP01B4870_001 0.531 0.528 0.530 0.536 0.533 0.545 0.551 0.410 0.531 0.392 0.000 0.000 0.000 0.000 0.000
ASP01B4870_002 0.531 0.528 0.530 0.536 0.533 0.545 0.551 0.410 0.531 0.392 0.000 0.000 0.000 0.000 0.000
ASP02B4870_003 0.531 0.528 0.530 0.536 0.533 0.545 0.551 0.410 0.531 0.392 0.000 0.000 0.000 0.000 0.000
ASP02B4870_004 0.531 0.528 0.530 0.536 0.533 0.545 0.551 0.410 0.531 0.392 0.000 0.000 0.000 0.000 0.000
ASP-1B4870_005 0.000 0.000 0.000 0.000 0.000 0.000 0.000 0.000 0.000 0.000 0.000 0.000 0.000 0.000 0.000
GLU01B4871_001 0.446 0.451 0.452 0.447 0.445 0.439 0.361 0.000 0.000 0.000 0.000 0.000 0.000 0.000 0.000
GLU01B4871_002 0.446 0.451 0.452 0.447 0.445 0.439 0.361 0.000 0.000 0.000 0.000 0.000 0.000 0.000 0.000
GLU02B4871_003 0.446 0.451 0.452 0.447 0.445 0.439 0.361 0.000 0.000 0.000 0.000 0.000 0.000 0.000 0.000
GLU02B4871_004 0.446 0.451 0.452 0.447 0.445 0.439 0.361 0.000 0.000 0.000 0.000 0.000 0.000 0.000 0.000
GLU-1B4871_005 0.000 0.000 0.000 0.000 0.000 0.000 0.000 0.000 0.000 0.000 0.000 0.000 0.000 0.000 0.000
CTR01B4871_001 0.011 0.000 0.017 0.014 0.011 0.012 0.013 0.012 0.000 0.000 0.000 0.000 0.000 0.000 0.000
CTR01B4871_002 0.011 0.000 0.017 0.014 0.011 0.012 0.013 0.012 0.000 0.000 0.000 0.000 0.000 0.000 0.000
CTR02B4871_003 0.011 0.000 0.017 0.014 0.011 0.012 0.013 0.012 0.000 0.000 0.000 0.000 0.000 0.000 0.000
CTR02B4871_004 0.011 0.000 0.017 0.014 0.011 0.012 0.013 0.012 0.000 0.000 0.000 0.000 0.000 0.000 0.000
CTR-1B4871_005 0.000 0.000 0.000 0.000 0.000 0.000 0.000 0.000 0.000 0.000 0.000 0.000 0.000 0.000 0.000
NTR01B4872_001 0.000 0.000 0.000 0.000 0.000 0.000 0.000 0.000 0.000 0.000 0.000 0.000 0.000 0.000 0.000
NTR+1B4872_002 0.000 0.000 0.000 0.000 0.000 0.000 0.000 0.000 0.000 0.000 0.000 0.000 0.000 0.000 0.000
PRO01B4872_001 0.000 0.000 0.000 0.000 0.000 0.000 0.000 0.000 0.000 0.000 0.000 0.000 0.000 0.000 0.000
ASP01B4873_001 0.171 0.164 0.000 0.000 0.000 0.000 0.000 0.000 0.000 0.000 0.000 0.000 0.000 0.000 0.000
ASP01B4873_002 0.171 0.164 0.000 0.000 0.000 0.000 0.000 0.000 0.000 0.000 0.000 0.000 0.000 0.000 0.000
ASP02B4873_003 0.171 0.164 0.000 0.000 0.000 0.000 0.000 0.000 0.000 0.000 0.000 0.000 0.000 0.000 0.000
ASP02B4873_004 0.171 0.164 0.000 0.000 0.000 0.000 0.000 0.000 0.000 0.000 0.000 0.000 0.000 0.000 0.000
ASP-1B4873_005 0.000 0.000 0.000 0.000 0.000 0.000 0.000 0.000 0.000 0.000 0.000 0.000 0.000 0.000 0.000
MET01B4874_001 0.000 0.000 0.000 0.000 0.000 0.000 0.000 0.000 0.000 0.000 0.000 0.000 0.000 0.000 0.000
LYS01B4875_001 0.000 0.000 0.000 0.000 0.000 0.000 0.000 0.000 0.000 0.000 0.000 0.000 0.000 0.000 0.000
LYS+1B4875_002 0.000 0.000 0.000 0.000 0.000 0.000 0.000 0.000 0.000 0.000 0.000 0.000 0.000 0.000 0.000
CYS01B4876_001 0.554 0.555 0.555 0.552 0.545 0.548 0.542 0.540 0.535 0.530 0.525 0.517 0.509 0.497 0.469
CYS01B4876_002 0.554 0.555 0.555 0.552 0.545 0.548 0.542 0.540 0.535 0.530 0.525 0.517 0.509 0.497 0.469
CYS01B4876_003 0.554 0.555 0.555 0.552 0.545 0.548 0.542 0.540 0.535 0.530 0.525 0.517 0.509 0.497 0.469
CYS-1B4876_004 0.000 0.000 0.000 0.000 0.000 0.000 0.000 0.000 0.000 0.000 0.000 0.000 0.000 0.000 0.000
ASP01B4877_001 0.466 0.419 0.427 0.415 0.430 0.447 0.426 0.423 0.215 0.000 0.000 0.000 0.000 0.000 0.000
ASP01B4877_002 0.466 0.419 0.427 0.415 0.430 0.447 0.426 0.423 0.215 0.000 0.000 0.000 0.000 0.000 0.000
ASP02B4877_003 0.466 0.419 0.427 0.415 0.430 0.447 0.426 0.423 0.215 0.000 0.000 0.000 0.000 0.000 0.000
ASP02B4877_004 0.466 0.419 0.427 0.415 0.430 0.447 0.426 0.423 0.215 0.000 0.000 0.000 0.000 0.000 0.000
ASP-1B4877_005 0.000 0.000 0.000 0.000 0.000 0.000 0.000 0.000 0.000 0.000 0.000 0.000 0.000 0.000 0.000
ASP01B4878_001 0.511 0.511 0.507 0.510 0.504 0.501 0.476 0.532 0.347 0.000 0.000 0.000 0.000 0.000 0.000
ASP01B4878_002 0.511 0.511 0.507 0.510 0.504 0.501 0.476 0.532 0.347 0.000 0.000 0.000 0.000 0.000 0.000
ASP02B4878_003 0.511 0.511 0.507 0.510 0.504 0.501 0.476 0.532 0.347 0.000 0.000 0.000 0.000 0.000 0.000
ASP02B4878_004 0.511 0.511 0.507 0.510 0.504 0.501 0.476 0.532 0.347 0.000 0.000 0.000 0.000 0.000 0.000
ASP-1B4878_005 0.000 0.000 0.000 0.000 0.000 0.000 0.000 0.000 0.000 0.000 0.000 0.000 0.000 0.000 0.000
MET01B4879_001 0.000 0.000 0.000 0.000 0.000 0.000 0.000 0.000 0.000 0.000 0.000 0.000 0.000 0.000 0.000
MET01B4880_001 0.000 0.000 0.000 0.000 0.000 0.000 0.000 0.000 0.000 0.000 0.000 0.000 0.000 0.000 0.000
THR01B4881_001 0.499 0.504 0.501 0.511 0.512 0.385 0.176 0.082 0.050 0.053 0.047 0.045 0.047 0.043 0.045
THR01B4881_002 0.499 0.504 0.501 0.511 0.512 0.385 0.176 0.082 0.050 0.053 0.047 0.045 0.047 0.043 0.045
THR01B4881_003 0.499 0.504 0.501 0.511 0.512 0.385 0.176 0.082 0.050 0.053 0.047 0.045 0.047 0.043 0.045
CYS01B4882_001 0.460 0.457 0.463 0.460 0.460 0.464 0.465 0.464 0.465 0.468 0.464 0.463 0.456 0.463 0.487
CYS01B4882_002 0.460 0.457 0.463 0.460 0.460 0.464 0.465 0.464 0.465 0.468 0.464 0.463 0.456 0.463 0.487
CYS01B4882_003 0.460 0.457 0.463 0.460 0.460 0.464 0.465 0.464 0.465 0.468 0.464 0.463 0.456 0.463 0.487
CYS-1B4882_004 0.000 0.000 0.000 0.000 0.000 0.000 0.000 0.000 0.000 0.000 0.000 0.000 0.000 0.000 0.000
TYR01B4883_001 0.229 0.226 0.241 0.305 0.383 0.402 0.406 0.408 0.408 0.409 0.410 0.410 0.410 0.411 0.411
TYR01B4883_002 0.229 0.226 0.241 0.305 0.383 0.402 0.406 0.408 0.408 0.409 0.410 0.410 0.410 0.411 0.411
TYR-1B4883_003 0.000 0.000 0.000 0.000 0.000 0.000 0.000 0.000 0.000 0.000 0.000 0.000 0.000 0.000 0.000
CTR01B4883_001 0.433 0.440 0.435 0.438 0.450 0.452 0.437 0.378 0.335 0.339 0.334 0.304 0.323 0.264 0.000
CTR01B4883_002 0.433 0.440 0.435 0.438 0.450 0.452 0.437 0.378 0.335 0.339 0.334 0.304 0.323 0.264 0.000
CTR02B4883_003 0.433 0.440 0.435 0.438 0.450 0.452 0.437 0.378 0.335 0.339 0.334 0.304 0.323 0.264 0.000
CTR02B4883_004 0.433 0.440 0.435 0.438 0.450 0.452 0.437 0.378 0.335 0.339 0.334 0.304 0.323 0.264 0.000
CTR-1B4883_005 0.000 0.000 0.000 0.000 0.000 0.000 0.000 0.000 0.000 0.000 0.000 0.000 0.000 0.000 0.000
NTR01B4885_001 0.000 0.000 0.000 0.000 0.000 0.000 0.000 0.000 0.000 0.000 0.000 0.000 0.000 0.000 0.000
NTR+1B4885_002 0.000 0.000 0.000 0.000 0.000 0.000 0.000 0.000 0.000 0.000 0.000 0.000 0.000 0.000 0.000
CTR01B4885_001 0.438 0.440 0.437 0.440 0.440 0.435 0.421 0.422 0.421 0.410 0.000 0.410 0.000 0.000 0.000
CTR01B4885_002 0.438 0.440 0.437 0.440 0.440 0.435 0.421 0.422 0.421 0.410 0.000 0.410 0.000 0.000 0.000
CTR02B4885_003 0.438 0.440 0.437 0.440 0.440 0.435 0.421 0.422 0.421 0.410 0.000 0.410 0.000 0.000 0.000
CTR02B4885_004 0.438 0.440 0.437 0.440 0.440 0.435 0.421 0.422 0.421 0.410 0.000 0.410 0.000 0.000 0.000
CTR-1B4885_005 0.000 0.000 0.000 0.000 0.000 0.000 0.000 0.000 0.000 0.000 0.000 0.000 0.000 0.000 0.000
PHE01B4885_001 0.000 0.000 0.000 0.000 0.000 0.000 0.000 0.000 0.000 0.000 0.000 0.000 0.000 0.000 0.000
NTR01B4887_001 0.000 0.000 0.000 0.000 0.000 0.000 0.000 0.000 0.000 0.000 0.000 0.000 0.000 0.000 0.000
NTR+1B4887_002 0.000 0.000 0.000 0.000 0.000 0.000 0.000 0.000 0.000 0.000 0.000 0.000 0.000 0.000 0.000
CTR01B4887_001 0.435 0.442 0.440 0.439 0.436 0.405 0.401 0.000 0.000 0.000 0.000 0.000 0.000 0.000 0.000
CTR01B4887_002 0.435 0.442 0.440 0.439 0.436 0.405 0.401 0.000 0.000 0.000 0.000 0.000 0.000 0.000 0.000
CTR02B4887_003 0.435 0.442 0.440 0.439 0.436 0.405 0.401 0.000 0.000 0.000 0.000 0.000 0.000 0.000 0.000
CTR02B4887_004 0.435 0.442 0.440 0.439 0.436 0.405 0.401 0.000 0.000 0.000 0.000 0.000 0.000 0.000 0.000
CTR-1B4887_005 0.000 0.000 0.000 0.000 0.000 0.000 0.000 0.000 0.000 0.000 0.000 0.000 0.000 0.000 0.000
MET01B4887_001 0.000 0.000 0.000 0.000 0.000 0.000 0.000 0.000 0.000 0.000 0.000 0.000 0.000 0.000 0.000
NTR01B4899_001 0.000 0.000 0.000 0.000 0.000 0.000 0.000 0.000 0.000 0.000 0.000 0.000 0.000 0.000 0.000
NTR+1B4899_002 0.000 0.000 0.000 0.000 0.000 0.000 0.000 0.000 0.000 0.000 0.000 0.000 0.000 0.000 0.000
ASP01B4899_001 0.236 0.241 0.242 0.261 0.144 0.236 0.000 0.000 0.000 0.000 0.000 0.000 0.000 0.000 0.000
ASP01B4899_002 0.236 0.241 0.242 0.261 0.144 0.236 0.000 0.000 0.000 0.000 0.000 0.000 0.000 0.000 0.000
ASP02B4899_003 0.236 0.241 0.242 0.261 0.144 0.236 0.000 0.000 0.000 0.000 0.000 0.000 0.000 0.000 0.000
ASP02B4899_004 0.236 0.241 0.242 0.261 0.144 0.236 0.000 0.000 0.000 0.000 0.000 0.000 0.000 0.000 0.000
ASP-1B4899_005 0.000 0.000 0.000 0.000 0.000 0.000 0.000 0.000 0.000 0.000 0.000 0.000 0.000 0.000 0.000
GLU01B4900_001 0.175 0.192 0.183 0.176 0.169 0.184 0.000 0.000 0.000 0.000 0.000 0.000 0.000 0.000 0.000
GLU01B4900_002 0.175 0.192 0.183 0.176 0.169 0.184 0.000 0.000 0.000 0.000 0.000 0.000 0.000 0.000 0.000
GLU02B4900_003 0.175 0.192 0.183 0.176 0.169 0.184 0.000 0.000 0.000 0.000 0.000 0.000 0.000 0.000 0.000
GLU02B4900_004 0.175 0.192 0.183 0.176 0.169 0.184 0.000 0.000 0.000 0.000 0.000 0.000 0.000 0.000 0.000
GLU-1B4900_005 0.000 0.000 0.000 0.000 0.000 0.000 0.000 0.000 0.000 0.000 0.000 0.000 0.000 0.000 0.000
ILE01B4901_001 0.000 0.000 0.000 0.000 0.000 0.000 0.000 0.000 0.000 0.000 0.000 0.000 0.000 0.000 0.000
GLU01B4902_001 0.378 0.386 0.364 0.347 0.272 0.229 0.204 0.221 0.211 0.215 0.179 0.106 0.000 0.000 0.000
GLU01B4902_002 0.378 0.386 0.364 0.347 0.272 0.229 0.204 0.221 0.211 0.215 0.179 0.106 0.000 0.000 0.000
GLU02B4902_003 0.378 0.386 0.364 0.347 0.272 0.229 0.204 0.221 0.211 0.215 0.179 0.106 0.000 0.000 0.000
GLU02B4902_004 0.378 0.386 0.364 0.347 0.272 0.229 0.204 0.221 0.211 0.215 0.179 0.106 0.000 0.000 0.000
GLU-1B4902_005 0.000 0.000 0.000 0.000 0.000 0.000 0.000 0.000 0.000 0.000 0.000 0.000 0.000 0.000 0.000
CTR01B4902_001 0.391 0.390 0.320 0.202 0.134 0.000 0.000 0.067 0.000 0.000 0.000 0.000 0.000 0.000 0.000
CTR01B4902_002 0.391 0.390 0.320 0.202 0.134 0.000 0.000 0.067 0.000 0.000 0.000 0.000 0.000 0.000 0.000
CTR02B4902_003 0.391 0.390 0.320 0.202 0.134 0.000 0.000 0.067 0.000 0.000 0.000 0.000 0.000 0.000 0.000
CTR02B4902_004 0.391 0.390 0.320 0.202 0.134 0.000 0.000 0.067 0.000 0.000 0.000 0.000 0.000 0.000 0.000
CTR-1B4902_005 0.000 0.000 0.000 0.000 0.000 0.000 0.000 0.000 0.000 0.000 0.000 0.000 0.000 0.000 0.000
NTR01B4904_001 0.000 0.000 0.000 0.000 0.000 0.000 0.000 0.000 0.000 0.000 0.000 0.000 0.000 0.000 0.000
NTR+1B4904_002 0.000 0.000 0.000 0.000 0.000 0.000 0.000 0.000 0.000 0.000 0.000 0.000 0.000 0.000 0.000
PRO01B4904_001 0.000 0.000 0.000 0.000 0.000 0.000 0.000 0.000 0.000 0.000 0.000 0.000 0.000 0.000 0.000
ALA01B4905_001 0.000 0.000 0.000 0.000 0.000 0.000 0.000 0.000 0.000 0.000 0.000 0.000 0.000 0.000 0.000
ASP01B4907_001 0.368 0.367 0.368 0.360 0.350 0.318 0.270 0.000 0.000 0.000 0.000 0.000 0.000 0.000 0.000
ASP01B4907_002 0.368 0.367 0.368 0.360 0.350 0.318 0.270 0.000 0.000 0.000 0.000 0.000 0.000 0.000 0.000
ASP02B4907_003 0.368 0.367 0.368 0.360 0.350 0.318 0.270 0.000 0.000 0.000 0.000 0.000 0.000 0.000 0.000
ASP02B4907_004 0.368 0.367 0.368 0.360 0.350 0.318 0.270 0.000 0.000 0.000 0.000 0.000 0.000 0.000 0.000
ASP-1B4907_005 0.000 0.000 0.000 0.000 0.000 0.000 0.000 0.000 0.000 0.000 0.000 0.000 0.000 0.000 0.000
GLU01B4908_001 0.480 0.488 0.482 0.488 0.502 0.508 0.465 0.000 0.410 0.000 0.000 0.000 0.000 0.000 0.000
GLU01B4908_002 0.480 0.488 0.482 0.488 0.502 0.508 0.465 0.000 0.410 0.000 0.000 0.000 0.000 0.000 0.000
GLU02B4908_003 0.480 0.488 0.482 0.488 0.502 0.508 0.465 0.000 0.410 0.000 0.000 0.000 0.000 0.000 0.000
GLU02B4908_004 0.480 0.488 0.482 0.488 0.502 0.508 0.465 0.000 0.410 0.000 0.000 0.000 0.000 0.000 0.000
GLU-1B4908_005 0.000 0.000 0.000 0.000 0.000 0.000 0.000 0.000 0.000 0.000 0.000 0.000 0.000 0.000 0.000
TYR01B4909_001 0.000 0.000 0.000 0.000 0.000 0.000 0.000 0.000 0.000 0.000 0.000 0.000 0.000 0.000 0.000
TYR-1B4909_002 0.000 0.000 0.000 0.000 0.000 0.000 0.000 0.000 0.000 0.000 0.000 0.000 0.000 0.000 0.000
GLU01B4910_001 0.042 0.054 0.055 0.051 0.071 0.067 0.091 0.089 0.090 0.104 0.110 0.127 0.131 0.125 0.000
GLU01B4910_002 0.042 0.054 0.055 0.051 0.071 0.067 0.091 0.089 0.090 0.104 0.110 0.127 0.131 0.125 0.000
GLU02B4910_003 0.042 0.054 0.055 0.051 0.071 0.067 0.091 0.089 0.090 0.104 0.110 0.127 0.131 0.125 0.000
GLU02B4910_004 0.042 0.054 0.055 0.051 0.071 0.067 0.091 0.089 0.090 0.104 0.110 0.127 0.131 0.125 0.000
GLU-1B4910_005 0.000 0.000 0.000 0.000 0.000 0.000 0.000 0.000 0.000 0.000 0.000 0.000 0.000 0.000 0.000
CTR01B4910_001 0.417 0.429 0.422 0.437 0.439 0.442 0.410 0.408 0.411 0.000 0.000 0.000 0.000 0.000 0.000
CTR01B4910_002 0.417 0.429 0.422 0.437 0.439 0.442 0.410 0.408 0.411 0.000 0.000 0.000 0.000 0.000 0.000
CTR02B4910_003 0.417 0.429 0.422 0.437 0.439 0.442 0.410 0.408 0.411 0.000 0.000 0.000 0.000 0.000 0.000
CTR02B4910_004 0.417 0.429 0.422 0.437 0.439 0.442 0.410 0.408 0.411 0.000 0.000 0.000 0.000 0.000 0.000
CTR-1B4910_005 0.000 0.000 0.000 0.000 0.000 0.000 0.000 0.000 0.000 0.000 0.000 0.000 0.000 0.000 0.000
NTR01B4913_001 0.000 0.000 0.000 0.000 0.000 0.000 0.000 0.000 0.000 0.000 0.000 0.000 0.000 0.000 0.000
NTR+1B4913_002 0.000 0.000 0.000 0.000 0.000 0.000 0.000 0.000 0.000 0.000 0.000 0.000 0.000 0.000 0.000
CTR01B4913_001 0.390 0.391 0.390 0.388 0.385 0.372 0.000 0.000 0.000 0.000 0.000 0.000 0.000 0.000 0.000
CTR01B4913_002 0.390 0.391 0.390 0.388 0.385 0.372 0.000 0.000 0.000 0.000 0.000 0.000 0.000 0.000 0.000
CTR02B4913_003 0.390 0.391 0.390 0.388 0.385 0.372 0.000 0.000 0.000 0.000 0.000 0.000 0.000 0.000 0.000
CTR02B4913_004 0.390 0.391 0.390 0.388 0.385 0.372 0.000 0.000 0.000 0.000 0.000 0.000 0.000 0.000 0.000
CTR-1B4913_005 0.000 0.000 0.000 0.000 0.000 0.000 0.000 0.000 0.000 0.000 0.000 0.000 0.000 0.000 0.000
ARG01B4913_001 0.000 0.000 0.000 0.000 0.000 0.000 0.000 0.000 0.000 0.000 0.000 0.000 0.000 0.415 0.422
ARG02B4913_002 0.000 0.000 0.000 0.000 0.000 0.000 0.000 0.000 0.000 0.000 0.000 0.000 0.000 0.415 0.422
ARG03B4913_003 0.000 0.000 0.000 0.000 0.000 0.000 0.000 0.000 0.000 0.000 0.000 0.000 0.000 0.415 0.422
ARG+1B4913_004 0.000 0.000 0.000 0.000 0.000 0.000 0.000 0.000 0.000 0.000 0.000 0.000 0.000 0.000 0.000
NTR01B5009_001 0.000 0.000 0.000 0.000 0.000 0.000 0.000 0.000 0.000 0.000 0.000 0.000 0.000 0.000 0.000
NTR+1B5009_002 0.000 0.000 0.000 0.000 0.000 0.000 0.000 0.000 0.000 0.000 0.000 0.000 0.000 0.000 0.000
CTR01B5009_001 0.442 0.444 0.444 0.446 0.447 0.410 0.000 0.000 0.000 0.000 0.000 0.000 0.000 0.000 0.000
CTR01B5009_002 0.442 0.444 0.444 0.446 0.447 0.410 0.000 0.000 0.000 0.000 0.000 0.000 0.000 0.000 0.000
CTR02B5009_003 0.442 0.444 0.444 0.446 0.447 0.410 0.000 0.000 0.000 0.000 0.000 0.000 0.000 0.000 0.000
CTR02B5009_004 0.442 0.444 0.444 0.446 0.447 0.410 0.000 0.000 0.000 0.000 0.000 0.000 0.000 0.000 0.000
CTR-1B5009_005 0.000 0.000 0.000 0.000 0.000 0.000 0.000 0.000 0.000 0.000 0.000 0.000 0.000 0.000 0.000
TYR01B5009_001 0.000 0.000 0.000 0.000 0.000 0.000 0.000 0.000 0.000 0.000 0.000 0.000 0.000 0.000 0.000
TYR-1B5009_002 0.000 0.000 0.000 0.000 0.000 0.000 0.000 0.000 0.000 0.000 0.000 0.000 0.000 0.000 0.000
NTR01B5015_001 0.000 0.000 0.000 0.000 0.000 0.000 0.000 0.000 0.000 0.000 0.000 0.000 0.000 0.000 0.000
NTR+1B5015_002 0.000 0.000 0.000 0.000 0.000 0.000 0.000 0.000 0.000 0.000 0.000 0.000 0.000 0.000 0.000
CTR01B5015_001 0.437 0.431 0.431 0.430 0.420 0.400 0.000 0.000 0.000 0.000 0.000 0.000 0.000 0.000 0.000
CTR01B5015_002 0.437 0.431 0.431 0.430 0.420 0.400 0.000 0.000 0.000 0.000 0.000 0.000 0.000 0.000 0.000
CTR02B5015_003 0.437 0.431 0.431 0.430 0.420 0.400 0.000 0.000 0.000 0.000 0.000 0.000 0.000 0.000 0.000
CTR02B5015_004 0.437 0.431 0.431 0.430 0.420 0.400 0.000 0.000 0.000 0.000 0.000 0.000 0.000 0.000 0.000
CTR-1B5015_005 0.000 0.000 0.000 0.000 0.000 0.000 0.000 0.000 0.000 0.000 0.000 0.000 0.000 0.000 0.000
GLN01B5015_001 0.406 0.405 0.406 0.407 0.408 0.407 0.408 0.408 0.407 0.398 0.371 0.358 0.356 0.356 0.354
GLN01B5015_002 0.406 0.405 0.406 0.407 0.408 0.407 0.408 0.408 0.407 0.398 0.371 0.358 0.356 0.356 0.354
_CA+2B5102_001 0.000 0.000 0.000 0.000 0.000 0.000 0.000 0.000 0.000 0.000 0.000 0.000 0.000 0.000 0.000
_CADMB5102_002 0.000 0.000 0.000 0.000 0.000 0.000 0.000 0.000 0.000 0.000 0.000 0.000 0.000 0.000 0.000
