CONFORMER         crg  vdw0  vdw1  tors  epol  self   occ  Hb     history    ASA
NTR01B3639_001  0.000 -3.22 -0.16  0.00  0.00 -3.38 1.000  00  01O000M000  0.320
NTR+1B3639_002  1.000 -3.22 -0.22  0.00  0.00 -3.44 1.000  00  +1O000M000  0.320
THR01B3639_001  0.000 -3.85  0.16  0.38  0.00 -3.31 0.673  00  01O000M000  0.407
PRO01B3640_001  0.000 -2.91 -1.96  0.00  0.00 -4.87 1.000  00  01O000M000  0.334
LEU01B3641_001  0.000 -7.59  0.41  0.49  0.00 -6.69 1.000  00  01O000M000  0.896
TYR01B3642_001  0.000 -5.37 -1.28  0.06  0.00 -6.59 1.000  00  01O000M000  0.707
TYR01B3642_002  0.000 -5.37 -1.28  0.06  0.00 -6.59 1.000  00  01O000M000  0.707
TYR-1B3642_003 -1.000 -5.37 -1.28  0.06  0.00 -6.59 1.000  00  -1O000M000  0.707
ASN01B3643_001  0.000 -1.87  0.48  0.39  0.00 -1.00 1.000  00  01O000M000  0.523
LEU01B3644_001  0.000 -1.26 -2.21  1.45  0.00 -2.01 1.000  00  01O000M000  0.274
PRO01B3645_001  0.000 -3.13  0.33  0.00  0.00 -2.80 1.000  00  01O000M000  0.360
THR01B3646_001  0.000 -7.01  0.51  0.38  0.00 -6.12 0.667  00  01O000M000  0.848
HIS01B3647_001  0.000 -8.25 -2.46  0.20  0.00-10.51 0.749  00  01O000M000  0.724
HIS01B3647_002  0.000 -8.58 -2.38  0.20  0.00-10.75 0.751  00  01R001M000  0.718
HIS02B3647_003  0.000 -8.27 -2.55  0.20  0.00-10.62 0.749  00  02O000M000  0.724
HIS02B3647_004  0.000 -8.59 -2.40  0.20  0.00-10.79 0.751  00  02R001M000  0.718
HIS+1B3647_005  1.000 -8.30 -2.56  0.20  0.00-10.65 0.749  00  +1O000M000  0.724
HIS+1B3647_006  1.000 -8.62 -2.42  0.20  0.00-10.83 0.751  00  +1R001M000  0.718
ARG01B3648_001  0.000 -6.09 -1.96  0.43  0.00 -7.62 1.000  00  01O000M000  0.647
ARG02B3648_002  0.000 -6.11 -1.97  0.43  0.00 -7.65 1.000  00  02O000M000  0.647
ARG03B3648_003  0.000 -6.03 -1.96  0.43  0.00 -7.56 1.000  00  03O000M000  0.647
ARG+1B3648_004  1.000 -6.16 -1.97  0.43  0.00 -7.69 1.000  00  +1O000M000  0.647
ALA01B3649_001  0.000 -1.36 -1.94  0.00  0.00 -3.30 1.000  00  01O000M000  0.245
CYS01B3650_001  0.000 -3.48 -2.34  0.05  0.00 -5.76 1.000  00  01O000M000  0.478
CYS01B3650_002  0.000 -3.48 -2.31  0.05  0.00 -5.74 1.000  00  01O000M000  0.478
CYS01B3650_003  0.000 -3.48 -2.29  0.05  0.00 -5.72 1.000  00  01O000M000  0.478
CYS-1B3650_004 -1.000 -3.48 -2.28  0.05  0.00 -5.71 1.000  00  -1O000M000  0.478
ASN01B3651_001  0.000 -2.19 -0.82  0.64  0.00 -2.36 0.751  00  01O000M000  0.552
ASN01B3651_002  0.000 -2.40 -1.26  0.67  0.00 -2.98 0.749  00  01R001M000  0.557
MET01B3652_001  0.000 -5.90 -1.75  0.39  0.00 -7.26 1.000  00  01O000M000  0.538
PHE01B3653_001  0.000 -4.07 -3.62  0.51  0.00 -7.17 1.000  00  01O000M000  0.598
LEU01B3654_001  0.000 -4.63 -0.85  1.09  0.00 -4.39 1.000  00  01O000M000  0.600
GLU01B3655_001  0.000 -0.57 -0.85  3.26  0.00  1.84 1.000  00  01O000M000  0.619
GLU01B3655_002  0.000 -0.57 -0.85  0.54  0.00 -0.88 1.000  00  01O000M000  0.619
GLU02B3655_003  0.000 -0.92 -0.95  3.26  0.00  1.39 1.000  00  02O000M000  0.612
GLU02B3655_004  0.000 -0.92 -0.95  0.54  0.00 -1.33 1.000  00  02O000M000  0.612
GLU-1B3655_005 -1.000 -0.95 -0.90  0.54  0.00 -1.31 1.000  00  -1O000M000  0.613
SER01B3656_001  0.000 -3.11 10.94  0.40  0.00  8.23 0.664  00  01O000M000  0.536
TYR01B3657_001  0.000 -1.08 -5.32  0.04  0.00 -6.37 1.000  00  01O000M000  0.446
TYR-1B3657_002 -1.000 -1.08 -5.32  0.04  0.00 -6.37 1.000  00  -1O000M000  0.446
LYS01B3658_001  0.000  0.00 -2.30  0.97  0.00 -1.33 1.000  00  01O000M000  0.619
LYS+1B3658_002  1.000 -0.05 -2.31  0.97  0.00 -1.39 1.000  00  +1O000M000  0.619
ALA01B3659_001  0.000 -5.11 -0.41  0.00  0.00 -5.52 1.000  00  01O000M000  0.917
ALA01B3660_001  0.000 -2.47  1.00  0.00  0.00 -1.47 1.000  00  01O000M000  0.479
TRP01B3661_001  0.000 -1.68  5.65  0.85  0.00  4.82 1.000  00  01O000M000  0.291
ILE01B3662_001  0.000 -7.71  4.92  1.09  0.00 -1.70 1.000  00  01O000M000  0.856
LEU01B3663_001  0.000 -3.19 15.47  1.79  0.00 14.07 1.000  00  01O000M000  0.487
THR01B3664_001  0.000 -5.42  0.15  0.53  0.00 -4.74 0.670  00  01O000M000  0.650
GLU01B3665_001  0.000 -2.51 -0.68  3.14  0.00 -0.05 1.000  00  01O000M000  0.749
GLU01B3665_002  0.000 -2.51 -0.68  0.42  0.00 -2.77 1.000  00  01O000M000  0.749
GLU02B3665_003  0.000 -2.72 -0.77  3.14  0.00 -0.35 1.000  00  02O000M000  0.777
GLU02B3665_004  0.000 -2.72 -0.77  0.42  0.00 -3.07 1.000  00  02O000M000  0.777
GLU-1B3665_005 -1.000 -2.71 -0.72  0.42  0.00 -3.00 1.000  00  -1O000M000  0.762
ASP01B3666_001  0.000 -1.76 -0.15  4.06  0.00  2.16 1.000  00  01O000M000  0.555
ASP01B3666_002  0.000 -1.76 -0.15  1.34  0.00 -0.56 1.000  00  01O000M000  0.555
ASP02B3666_003  0.000 -1.89  0.03  4.06  0.00  2.20 1.000  00  02O000M000  0.581
ASP02B3666_004  0.000 -1.89  0.03  1.34  0.00 -0.52 1.000  00  02O000M000  0.581
ASP-1B3666_005 -1.000 -1.91 -0.16  1.34  0.00 -0.72 1.000  00  -1O000M000  0.567
HIS01B3667_001  0.000 -9.23  5.52  0.76  0.00 -2.95 1.000  00  01O000M000  0.777
HIS02B3667_002  0.000 -9.25  5.45  0.76  0.00 -3.05 1.000  00  02O000M000  0.777
HIS+1B3667_003  1.000 -9.28  5.44  0.76  0.00 -3.08 1.000  00  +1O000M000  0.777
SER01B3668_001  0.000 -4.21 -0.80  0.72  0.00 -4.29 0.662  00  01O000M000  0.628
SER01B3668_002  0.000 -4.21 -0.80  0.72  0.00 -4.29 0.662  00  01O000M000  0.628
SER01B3668_003  0.000 -4.21 -0.80  0.35  0.00 -4.66 0.662  00  01O000M000  0.628
CTR01B3668_001  0.000 -5.20 -0.04  2.72  0.00 -2.51 1.000  00  01O000M000  0.492
CTR01B3668_002  0.000 -5.13 -0.29  0.00  0.00 -5.42 1.000  00  01O000M000  0.495
CTR02B3668_003  0.000 -4.98 -0.13  2.72  0.00 -2.39 1.000  00  02O000M000  0.474
CTR02B3668_004  0.000 -5.21 -0.31  0.00  0.00 -5.52 1.000  00  02O000M000  0.496
CTR-1B3668_005 -1.000 -4.94 -0.24  0.00  0.00 -5.18 1.000  00  -1O000M000  0.481
NTR01B3682_001  0.000 -3.27  0.57  0.00  0.00 -2.70 1.000  00  01O000M000  0.330
NTR+1B3682_002  1.000 -3.27  0.49  0.00  0.00 -2.78 1.000  00  +1O000M000  0.330
GLU01B3682_001  0.000 -4.25 71.46  3.22  0.00 70.43 1.000  00  01O000M000  0.936
GLU01B3682_002  0.000 -4.25 71.46  0.50  0.00 67.71 1.000  00  01O000M000  0.936
GLU02B3682_003  0.000 -4.12 71.47  3.22  0.00 70.57 1.000  00  02O000M000  0.943
GLU02B3682_004  0.000 -4.12 71.47  0.50  0.00 67.85 1.000  00  02O000M000  0.943
GLU-1B3682_005 -1.000 -4.19 71.48  0.50  0.00 67.79 1.000  00  -1O000M000  0.936
GLN01B3683_001  0.000 -1.16999.00  1.70  0.00999.00 1.000  00  01O000M000  0.293
GLU01B3684_001  0.000 -3.29  8.96  3.22  0.00  8.88 1.000  00  01O000M000  0.807
GLU01B3684_002  0.000 -3.29  8.96  0.50  0.00  6.16 1.000  00  01O000M000  0.807
GLU02B3684_003  0.000 -3.02  8.95  3.22  0.00  9.16 1.000  00  02O000M000  0.806
GLU02B3684_004  0.000 -3.02  8.95  0.50  0.00  6.44 1.000  00  02O000M000  0.806
GLU-1B3684_005 -1.000 -3.18  8.98  0.50  0.00  6.30 1.000  00  -1O000M000  0.809
GLU01B3685_001  0.000 -4.07  0.14  3.22  0.00 -0.71 1.000  00  01O000M000  1.000
GLU01B3685_002  0.000 -4.07  0.14  0.50  0.00 -3.43 1.000  00  01O000M000  1.000
GLU02B3685_003  0.000 -4.02  0.13  3.22  0.00 -0.67 1.000  00  02O000M000  1.018
GLU02B3685_004  0.000 -4.02  0.13  0.50  0.00 -3.39 1.000  00  02O000M000  1.018
GLU-1B3685_005 -1.000 -4.02  0.15  0.50  0.00 -3.36 1.000  00  -1O000M000  0.997
GLU01B3686_001  0.000 -3.34  5.81  3.22  0.00  5.68 1.000  00  01O000M000  0.814
GLU01B3686_002  0.000 -3.34  5.81  0.50  0.00  2.96 1.000  00  01O000M000  0.814
GLU02B3686_003  0.000 -3.14  5.80  3.22  0.00  5.88 1.000  00  02O000M000  0.817
GLU02B3686_004  0.000 -3.14  5.80  0.50  0.00  3.16 1.000  00  02O000M000  0.817
GLU-1B3686_005 -1.000 -3.29  5.83  0.50  0.00  3.04 1.000  00  -1O000M000  0.801
GLU01B3687_001  0.000 -2.04 -0.48  3.22  0.00  0.70 1.000  00  01O000M000  0.543
GLU01B3687_002  0.000 -2.04 -0.48  0.50  0.00 -2.02 1.000  00  01O000M000  0.543
GLU02B3687_003  0.000 -1.81 -0.51  3.22  0.00  0.90 1.000  00  02O000M000  0.528
GLU02B3687_004  0.000 -1.81 -0.51  0.50  0.00 -1.82 1.000  00  02O000M000  0.528
GLU-1B3687_005 -1.000 -1.96 -0.45  0.50  0.00 -1.91 1.000  00  -1O000M000  0.524
GLU01B3688_001  0.000 -3.96  0.36  3.22  0.00 -0.38 1.000  00  01O000M000  0.967
GLU01B3688_002  0.000 -3.96  0.36  0.50  0.00 -3.10 1.000  00  01O000M000  0.967
GLU02B3688_003  0.000 -3.77  0.36  3.22  0.00 -0.20 1.000  00  02O000M000  0.954
GLU02B3688_004  0.000 -3.77  0.36  0.50  0.00 -2.92 1.000  00  02O000M000  0.954
GLU-1B3688_005 -1.000 -3.97  0.38  0.50  0.00 -3.09 1.000  00  -1O000M000  0.966
GLU01B3689_001  0.000 -3.50 18.88  3.22  0.00 18.60 1.000  00  01O000M000  0.858
GLU01B3689_002  0.000 -3.50 18.88  0.50  0.00 15.88 1.000  00  01O000M000  0.858
GLU02B3689_003  0.000 -3.13 18.88  3.22  0.00 18.96 1.000  00  02O000M000  0.823
GLU02B3689_004  0.000 -3.13 18.88  0.50  0.00 16.24 1.000  00  02O000M000  0.823
GLU-1B3689_005 -1.000 -3.32 18.90  0.50  0.00 16.08 1.000  00  -1O000M000  0.832
VAL01B3690_001  0.000 -3.48  4.44  0.00  0.00  0.96 1.000  00  01O000M000  0.389
GLU01B3691_001  0.000 -3.60 63.54  3.22  0.00 63.17 1.000  00  01O000M000  0.877
GLU01B3691_002  0.000 -3.60 63.54  0.50  0.00 60.45 1.000  00  01O000M000  0.877
GLU02B3691_003  0.000 -3.41 63.54  3.22  0.00 63.35 1.000  00  02O000M000  0.869
GLU02B3691_004  0.000 -3.41 63.54  0.50  0.00 60.63 1.000  00  02O000M000  0.869
GLU-1B3691_005 -1.000 -3.54 63.56  0.50  0.00 60.53 1.000  00  -1O000M000  0.863
GLU01B3692_001  0.000 -4.01 -0.66  3.22  0.00 -1.45 1.000  00  01O000M000  0.906
GLU01B3692_002  0.000 -4.01 -0.66  0.50  0.00 -4.17 1.000  00  01O000M000  0.906
GLU02B3692_003  0.000 -3.87 -0.67  3.22  0.00 -1.32 1.000  00  02O000M000  0.913
GLU02B3692_004  0.000 -3.87 -0.67  0.50  0.00 -4.04 1.000  00  02O000M000  0.913
GLU-1B3692_005 -1.000 -3.96 -0.65  0.50  0.00 -4.12 1.000  00  -1O000M000  0.914
CTR01B3692_001  0.000 -3.94  3.77  2.72  0.00  2.55 1.000  00  01O000M000  0.379
CTR01B3692_002  0.000 -3.95  0.81  0.00  0.00 -3.14 1.000  00  01O000M000  0.390
CTR02B3692_003  0.000 -3.88  0.88  2.72  0.00 -0.28 1.000  00  02O000M000  0.377
CTR02B3692_004  0.000 -4.05  0.84  0.00  0.00 -3.21 1.000  00  02O000M000  0.392
CTR-1B3692_005 -1.000 -3.86  0.88  0.00  0.00 -2.99 1.000  00  -1O000M000  0.378
NTR01B3714_001  0.000 -3.94  0.00  0.00  0.00 -3.94 1.000  00  01O000M000  0.399
NTR+1B3714_002  1.000 -3.83  0.00  0.00  0.00 -3.83 1.000  00  +1O000M000  0.389
CTR01B3714_001  0.000 -6.11  0.00  2.72  0.00 -3.39 1.000  00  01O000M000  0.587
CTR01B3714_002  0.000 -5.90  0.00  0.00  0.00 -5.90 1.000  00  01O000M000  0.580
CTR02B3714_003  0.000 -6.09  0.00  2.72  0.00 -3.37 1.000  00  02O000M000  0.579
CTR02B3714_004  0.000 -5.86  0.00  0.00  0.00 -5.86 1.000  00  02O000M000  0.576
CTR-1B3714_005 -1.000 -5.96  0.00  0.00  0.00 -5.96 1.000  00  -1O000M000  0.578
SER01B3714_001  0.000 -6.12  0.00  0.38  0.00 -5.74 0.663  00  01O000M000  0.596
SER01B3714_002  0.000 -6.12  0.00  0.38  0.00 -5.74 0.663  00  01O000M000  0.596
NTG01B3739_001  0.000 -5.55  0.38  0.00  0.00 -5.17 1.000  00  01O000M000  0.568
NTG+1B3739_002  1.000 -5.55  0.33  0.00  0.00 -5.23 1.000  00  +1O000M000  0.568
GLU01B3740_001  0.000 -3.86  2.85  3.22  0.00  2.21 1.000  00  01O000M000  0.934
GLU01B3740_002  0.000 -3.86  2.85  0.50  0.00 -0.51 1.000  00  01O000M000  0.934
GLU02B3740_003  0.000 -3.73  2.85  3.22  0.00  2.34 1.000  00  02O000M000  0.937
GLU02B3740_004  0.000 -3.73  2.85  0.50  0.00 -0.38 1.000  00  02O000M000  0.937
GLU-1B3740_005 -1.000 -3.71  2.87  0.50  0.00 -0.34 1.000  00  -1O000M000  0.919
ASN01B3741_001  0.000 -3.92  0.09  0.30  0.00 -3.53 1.000  00  01O000M000  0.761
CTR01B3741_001  0.000 -4.50 -0.58  2.72  0.00 -2.36 1.000  00  01O000M000  0.431
CTR01B3741_002  0.000 -4.55 -0.74  0.00  0.00 -5.29 1.000  00  01O000M000  0.447
CTR02B3741_003  0.000 -4.42 -0.69  2.72  0.00 -2.39 1.000  00  02O000M000  0.430
CTR02B3741_004  0.000 -4.59 -0.72  0.00  0.00 -5.32 1.000  00  02O000M000  0.446
CTR-1B3741_005 -1.000 -4.38 -0.69  0.00  0.00 -5.07 1.000  00  -1O000M000  0.432
NTR01B3747_001  0.000 -3.87  0.00  0.00  0.00 -3.87 1.000  00  01O000M000  0.400
NTR+1B3747_002  1.000 -3.69  0.00  0.00  0.00 -3.69 1.000  00  +1O000M000  0.380
CTR01B3747_001  0.000 -5.41  0.00  2.72  0.00 -2.69 1.000  00  01O000M000  0.520
CTR01B3747_002  0.000 -5.31  0.00  0.00  0.00 -5.31 1.000  00  01O000M000  0.527
CTR02B3747_003  0.000 -5.51  0.00  2.72  0.00 -2.79 1.000  00  02O000M000  0.525
CTR02B3747_004  0.000 -5.40  0.00  0.00  0.00 -5.40 1.000  00  02O000M000  0.528
CTR-1B3747_005 -1.000 -5.39  0.00  0.00  0.00 -5.39 1.000  00  -1O000M000  0.525
GLU01B3747_001  0.000 -4.30  0.00  3.22  0.00 -1.08 1.000  00  01O000M000  0.824
GLU01B3747_002  0.000 -4.30  0.00  0.50  0.00 -3.80 1.000  00  01O000M000  0.824
GLU02B3747_003  0.000 -4.19  0.00  3.22  0.00 -0.97 1.000  00  02O000M000  0.831
GLU02B3747_004  0.000 -4.19  0.00  0.50  0.00 -3.69 1.000  00  02O000M000  0.831
GLU-1B3747_005 -1.000 -4.19  0.00  0.50  0.00 -3.69 1.000  00  -1O000M000  0.818
NTR01B3831_001  0.000 -4.23  0.00  0.00  0.00 -4.23 1.000  00  01O000M000  0.424
NTR01B3831_002  0.000 -4.08  0.00  0.00  0.00 -4.08 1.000  00  01O000M000  0.408
NTR+1B3831_003  1.000 -4.09  0.00  0.00  0.00 -4.09 1.000  00  +1O000M000  0.408
CTR01B3831_001  0.000 -5.79 -0.00  2.72  0.00 -3.07 1.000  00  01O000M000  0.549
CTR01B3831_002  0.000 -5.54 -0.00  0.00  0.00 -5.54 1.000  00  01O000M000  0.537
CTR02B3831_003  0.000 -5.72 -0.00  2.72  0.00 -3.00 1.000  00  02O000M000  0.541
CTR02B3831_004  0.000 -5.60 -0.00  0.00  0.00 -5.60 1.000  00  02O000M000  0.537
CTR-1B3831_005 -1.000 -5.52 -0.00  0.00  0.00 -5.52 1.000  00  -1O000M000  0.531
SER01B3831_001  0.000 -5.96  0.00  0.54  0.00 -5.42 0.666  00  01O000M000  0.567
SER01B3831_002  0.000 -5.96  0.00  0.17  0.00 -5.79 0.666  00  01O000M000  0.567
NTR01B3849_001  0.000 -1.58 -0.30  0.00  0.00 -1.89 1.000  00  01O000M000  0.160
NTR+1B3849_002  1.000 -1.59 -0.39  0.00  0.00 -1.98 1.000  00  +1O000M000  0.160
ARG01B3849_001  0.000-10.95 -0.74  0.78  0.00-10.92 1.000  00  01O000M000  0.794
ARG02B3849_002  0.000-10.89 -0.74  0.78  0.00-10.86 1.000  00  02O000M000  0.794
ARG03B3849_003  0.000-10.97 -0.74  0.78  0.00-10.94 1.000  00  03O000M000  0.794
ARG+1B3849_004  1.000-11.02 -0.74  0.78  0.00-10.98 1.000  00  +1O000M000  0.794
GLN01B3850_001  0.000  1.65 -2.13  0.23  0.00 -0.25 1.000  00  01O000M000  0.260
ASN01B3851_001  0.000 -3.16  0.49  0.35  0.00 -2.31 0.750  00  01O000M000  0.732
ASN01B3851_002  0.000 -3.13  2.20  0.36  0.00 -0.57 0.750  00  01R001M000  0.664
LYS01B3852_001  0.000 -7.85  2.67  0.80  0.00 -4.37 1.000  00  01O000M000  0.710
LYS+1B3852_002  1.000 -7.89  2.67  0.80  0.00 -4.41 1.000  00  +1O000M000  0.710
ALA01B3853_001  0.000 -0.72  1.78  0.00  0.00  1.06 1.000  00  01O000M000  0.133
GLU01B3854_001  0.000 -3.23 -0.85  3.22  0.00 -0.86 1.000  00  01O000M000  0.787
GLU01B3854_002  0.000 -3.23 -0.85  0.50  0.00 -3.58 1.000  00  01O000M000  0.787
GLU02B3854_003  0.000 -2.96 -0.87  3.22  0.00 -0.61 1.000  00  02O000M000  0.774
GLU02B3854_004  0.000 -2.96 -0.87  0.50  0.00 -3.33 1.000  00  02O000M000  0.774
GLU-1B3854_005 -1.000 -3.14 -0.82  0.50  0.00 -3.46 1.000  00  -1O000M000  0.783
LEU01B3856_001  0.000 -5.73  3.04  0.45  0.00 -2.23 1.000  00  01O000M000  0.620
MET01B3858_001  0.000 -8.78129.63  0.00  0.00120.85 1.000  00  01O000M000  0.769
VAL01B3859_001  0.000 -1.82999.00  0.00  0.00999.00 1.000  00  01O000M000  0.223
ASN01B3860_001  0.000 -2.90 28.15  0.30  0.00 25.54 1.000  00  01O000M000  0.596
GLU01B3861_001  0.000 -2.32  0.11  3.22  0.00  1.02 1.000  00  01O000M000  0.591
GLU01B3861_002  0.000 -2.32  0.11  0.50  0.00 -1.70 1.000  00  01O000M000  0.591
GLU02B3861_003  0.000 -2.27  0.11  3.22  0.00  1.06 1.000  00  02O000M000  0.610
GLU02B3861_004  0.000 -2.27  0.11  0.50  0.00 -1.66 1.000  00  02O000M000  0.610
GLU-1B3861_005 -1.000 -2.38  0.13  0.50  0.00 -1.74 1.000  00  -1O000M000  0.607
ASP01B3862_001  0.000 -2.36526.78  2.97  0.00527.39 1.000  00  01O000M000  0.515
ASP01B3862_002  0.000 -2.36526.78  0.25  0.00524.67 1.000  00  01O000M000  0.515
ASP02B3862_003  0.000 -2.38424.93  2.97  0.00425.51 1.000  00  02O000M000  0.513
ASP02B3862_004  0.000 -2.38424.93  0.25  0.00422.79 1.000  00  02O000M000  0.513
ASP-1B3862_005 -1.000 -2.31424.97  0.25  0.00422.90 1.000  00  -1O000M000  0.503
THR01B3864_001  0.000 -1.60585.10  0.38  0.00583.88 0.668  00  01O000M000  0.205
THR01B3864_002  0.000 -1.60585.10  0.00  0.00583.50 0.668  00  01O000M000  0.205
VAL01B3865_001  0.000 -5.25  3.71  0.00  0.00 -1.54 1.000  00  01O000M000  0.576
ILE01B3866_001  0.000 -4.79999.00  0.33  0.00999.00 1.000  00  01O000M000  0.454
ASN01B3867_001  0.000 -1.17 11.44  0.30  0.00 10.57 1.000  00  01O000M000  0.238
ARG01B3868_001  0.000999.00999.00  2.94  0.00999.00 1.000  00  01O000M000  0.447
ARG02B3868_002  0.000999.00999.00  2.94  0.00999.00 1.000  00  02O000M000  0.447
ARG03B3868_003  0.000999.00999.00  2.94  0.00999.00 1.000  00  03O000M000  0.447
ARG03B3868_004  0.000183.00999.00  2.94  0.00999.00 1.000  00  03O000M000  0.447
ARG+1B3868_005  1.000999.00999.00  2.94  0.00999.00 1.000  00  +1O000M000  0.447
GLN01B3869_001  0.000 -1.99999.00  1.70  0.00999.00 1.000  00  01O000M000  0.479
ASN01B3870_001  0.000 -0.97269.14  0.30  0.00268.48 1.000  00  01O000M000  0.205
GLU01B3872_001  0.000 -4.11 56.84  3.22  0.00 55.95 1.000  00  01O000M000  0.984
GLU01B3872_002  0.000 -4.11 56.84  0.50  0.00 53.23 1.000  00  01O000M000  0.984
GLU02B3872_003  0.000 -3.98 56.84  3.22  0.00 56.07 1.000  00  02O000M000  1.006
GLU02B3872_004  0.000 -3.98 56.84  0.50  0.00 53.35 1.000  00  02O000M000  1.006
GLU-1B3872_005 -1.000 -4.04 56.86  0.50  0.00 53.32 1.000  00  -1O000M000  0.983
LYS01B3873_001  0.000 -1.01 -2.93  0.97  0.00 -2.97 1.000  00  01O000M000  0.274
LYS+1B3873_002  1.000 -1.06 -3.01  0.97  0.00 -3.10 1.000  00  +1O000M000  0.274
VAL01B3874_001  0.000 -6.33  0.49  0.24  0.00 -5.61 1.000  00  01O000M000  0.660
CTR01B3874_001  0.000 -4.24 -0.85  2.72  0.00 -2.37 1.000  00  01O000M000  0.406
CTR01B3874_002  0.000 -4.08 -1.11  0.00  0.00 -5.19 1.000  00  01O000M000  0.406
CTR02B3874_003  0.000 -4.09 -1.17  2.72  0.00 -2.54 1.000  00  02O000M000  0.390
CTR02B3874_004  0.000 -4.22 -1.12  0.00  0.00 -5.34 1.000  00  02O000M000  0.410
CTR-1B3874_005 -1.000 -4.06 -1.05  0.00  0.00 -5.11 1.000  00  -1O000M000  0.399
NTR01B3889_001  0.000 -3.85 -0.00  0.00  0.00 -3.85 1.000  00  01O000M000  0.392
NTR+1B3889_002  1.000 -3.85 -0.00  0.00  0.00 -3.85 1.000  00  +1O000M000  0.392
CTR01B3889_001  0.000 -5.76  0.00  2.72  0.00 -3.04 1.000  00  01O000M000  0.538
CTR01B3889_002  0.000 -5.55  0.00  0.00  0.00 -5.55 1.000  00  01O000M000  0.541
CTR02B3889_003  0.000 -5.68  0.00  2.72  0.00 -2.96 1.000  00  02O000M000  0.539
CTR02B3889_004  0.000 -5.65  0.00  0.00  0.00 -5.65 1.000  00  02O000M000  0.543
CTR-1B3889_005 -1.000 -5.60  0.00  0.00  0.00 -5.60 1.000  00  -1O000M000  0.539
GLN01B3889_001  0.000 -0.10  0.00  0.39  0.00  0.29 1.000  00  01O000M000  0.755
NTR01B3915_001  0.000 -1.63  1.50  0.00  0.00 -0.13 1.000  00  01O000M000  0.162
NTR+1B3915_002  1.000 -1.63  1.42  0.00  0.00 -0.21 1.000  00  +1O000M000  0.162
ILE01B3915_001  0.000 -6.83 -0.79  1.11  0.00 -6.51 1.000  00  01O000M000  0.729
ILE01B3916_001  0.000 -6.40  2.91  0.99  0.00 -2.50 1.000  00  01O000M000  0.777
ILE01B3917_001  0.000 -1.21  5.15  1.01  0.00  4.96 1.000  00  01O000M000  0.825
CYS01B3918_001  0.000 -4.10 -1.28  0.23  0.00 -5.15 1.000  00  01O000M000  0.583
CYS01B3918_002  0.000 -4.10 -1.23  0.23  0.00 -5.10 1.000  00  01O000M000  0.583
CYS01B3918_003  0.000 -4.10 -1.17  0.23  0.00 -5.04 1.000  00  01O000M000  0.583
CYS-1B3918_004 -1.000 -4.10 -1.15  0.23  0.00 -5.01 1.000  00  -1O000M000  0.583
THR01B3919_001  0.000 -4.30 13.23  0.64  0.00  9.57 0.663  00  01O000M000  0.542
THR01B3919_002  0.000 -4.30 13.23  0.64  0.00  9.57 0.663  00  01O000M000  0.542
VAL01B3920_001  0.000 -4.12  2.45  0.78  0.00 -0.89 1.000  00  01O000M000  0.555
ASP01B3921_001  0.000 -2.69  1.43  3.75  0.00  2.49 1.000  00  01O000M000  0.714
ASP01B3921_002  0.000 -2.69  1.43  1.03  0.00 -0.23 1.000  00  01O000M000  0.714
ASP02B3921_003  0.000 -2.69  1.39  3.75  0.00  2.45 1.000  00  02O000M000  0.725
ASP02B3921_004  0.000 -2.69  1.39  1.03  0.00 -0.27 1.000  00  02O000M000  0.725
ASP-1B3921_005 -1.000 -2.70  1.40  1.03  0.00 -0.27 1.000  00  -1O000M000  0.718
CTR01B3921_001  0.000 -2.14  1.78  2.72  0.00  2.36 1.000  00  01O000M000  0.197
CTR01B3921_002  0.000 -1.91  1.51  0.00  0.00 -0.40 1.000  00  01O000M000  0.191
CTR02B3921_003  0.000 -2.05  6.62  2.72  0.00  7.29 1.000  00  02O000M000  0.188
CTR02B3921_004  0.000 -2.01  1.41  0.00  0.00 -0.60 1.000  00  02O000M000  0.197
CTR-1B3921_005 -1.000 -2.03  1.58  0.00  0.00 -0.44 1.000  00  -1O000M000  0.192
NTR01B3923_001  0.000 -1.49 -1.04  0.00  0.00 -2.53 1.000  00  01O000M000  0.148
NTR+1B3923_002  1.000 -1.44 -1.18  0.00  0.00 -2.62 1.000  00  +1O000M000  0.144
CTR01B3923_001  0.000 -1.36  0.07  2.72  0.00  1.43 1.000  00  01O000M000  0.130
CTR01B3923_002  0.000 -1.20  0.07  0.00  0.00 -1.13 1.000  00  01O000M000  0.126
CTR02B3923_003  0.000 -1.31 10.38  2.72  0.00 11.79 1.000  00  02O000M000  0.124
CTR02B3923_004  0.000 -1.28  0.03  0.00  0.00 -1.25 1.000  00  02O000M000  0.130
CTR-1B3923_005 -1.000 -1.28  0.08  0.00  0.00 -1.21 1.000  00  -1O000M000  0.127
LEU01B3923_001  0.000 -3.55  1.41  0.81  0.00 -1.33 1.000  00  01O000M000  0.376
NTR01B3927_001  0.000 -2.53 -0.02  0.00  0.00 -2.55 1.000  00  01O000M000  0.254
NTR+1B3927_002  1.000 -2.40 -0.02  0.00  0.00 -2.42 1.000  00  +1O000M000  0.243
CTR01B3927_001  0.000 -5.61 -0.00  2.72  0.00 -2.89 1.000  00  01O000M000  0.525
CTR01B3927_002  0.000 -5.53 -0.00  0.00  0.00 -5.53 1.000  00  01O000M000  0.525
CTR02B3927_003  0.000 -5.61 -0.00  2.72  0.00 -2.89 1.000  00  02O000M000  0.522
CTR02B3927_004  0.000 -5.59 -0.00  0.00  0.00 -5.59 1.000  00  02O000M000  0.525
CTR-1B3927_005 -1.000 -5.47 -0.00  0.00  0.00 -5.48 1.000  00  -1O000M000  0.518
GLN01B3927_001  0.000  0.41 -0.04  0.26  0.00  0.63 1.000  00  01O000M000  0.521
NTG01B3971_001  0.000 -4.51  0.16  0.00  0.00 -4.35 1.000  00  01O000M000  0.447
NTG+1B3971_002  1.000 -4.52  0.09  0.00  0.00 -4.43 1.000  00  +1O000M000  0.447
PRO01B3972_001  0.000 -4.57 -1.11  0.00  0.00 -5.68 1.000  00  01O000M000  0.484
CTR01B3972_001  0.000 -5.00  0.89  2.72  0.00 -1.39 1.000  00  01O000M000  0.472
CTR01B3972_002  0.000 -5.26  0.69  0.00  0.00 -4.57 1.000  00  01O000M000  0.503
CTR02B3972_003  0.000 -5.14  0.77  2.72  0.00 -1.65 1.000  00  02O000M000  0.490
CTR02B3972_004  0.000 -5.21  0.68  0.00  0.00 -4.54 1.000  00  02O000M000  0.498
CTR-1B3972_005 -1.000 -4.98  0.74  0.00  0.00 -4.24 1.000  00  -1O000M000  0.484
NTR01B3989_001  0.000 -1.57 -0.01  0.00  0.00 -1.58 1.000  00  01O000M000  0.159
NTR+1B3989_002  1.000 -1.56 -0.01  0.00  0.00 -1.57 1.000  00  +1O000M000  0.158
CTR01B3989_001  0.000 -4.31 -0.01  2.72  0.00 -1.59 1.000  00  01O000M000  0.408
CTR01B3989_002  0.000 -4.30 -0.01  0.00  0.00 -4.30 1.000  00  01O000M000  0.419
CTR02B3989_003  0.000 -4.48 -0.01  2.72  0.00 -1.77 1.000  00  02O000M000  0.426
CTR02B3989_004  0.000 -4.30 -0.01  0.00  0.00 -4.31 1.000  00  02O000M000  0.415
CTR-1B3989_005 -1.000 -4.29 -0.01  0.00  0.00 -4.29 1.000  00  -1O000M000  0.412
VAL01B3989_001  0.000 -8.66 -0.01  0.06  0.00 -8.61 1.000  00  01O000M000  0.656
NTR01B4024_001  0.000 -3.43  0.00  0.00  0.00 -3.43 1.000  00  01O000M000  0.345
NTR+1B4024_002  1.000 -3.43  0.00  0.00  0.00 -3.43 1.000  00  +1O000M000  0.345
CTR01B4024_001  0.000 -5.11  0.00  2.72  0.00 -2.39 1.000  00  01O000M000  0.491
CTR01B4024_002  0.000 -5.23  0.00  0.00  0.00 -5.23 1.000  00  01O000M000  0.507
CTR02B4024_003  0.000 -5.24  0.00  2.72  0.00 -2.52 1.000  00  02O000M000  0.508
CTR02B4024_004  0.000 -5.37  0.00  0.00  0.00 -5.37 1.000  00  02O000M000  0.511
CTR-1B4024_005 -1.000 -5.15  0.00  0.00  0.00 -5.15 1.000  00  -1O000M000  0.498
VAL01B4024_001  0.000 -8.12  0.00  0.22  0.00 -7.90 1.000  00  01O000M000  0.655
NTR01B4032_001  0.000 -3.56 -0.06  0.00  0.00 -3.62 1.000  00  01O000M000  0.352
NTR+1B4032_002  1.000 -3.56 -0.13  0.00  0.00 -3.69 1.000  00  +1O000M000  0.352
GLU01B4032_001  0.000 -1.60 -0.38  3.69  0.00  1.71 1.000  00  01O000M000  0.622
GLU01B4032_002  0.000 -1.60 -0.38  0.97  0.00 -1.01 1.000  00  01O000M000  0.622
GLU02B4032_003  0.000 -1.81 -0.30  3.69  0.00  1.58 1.000  00  02O000M000  0.618
GLU02B4032_004  0.000 -1.81 -0.30  0.97  0.00 -1.14 1.000  00  02O000M000  0.618
GLU-1B4032_005 -1.000 -1.90 -0.38  0.97  0.00 -1.31 1.000  00  -1O000M000  0.613
CTR01B4033_001  0.000 -6.20  0.26  2.72  0.00 -3.22 1.000  00  01O000M000  0.595
CTR01B4033_002  0.000 -5.92  0.05  0.00  0.00 -5.87 1.000  00  01O000M000  0.588
CTR02B4033_003  0.000 -6.07  0.28  2.72  0.00 -3.06 1.000  00  02O000M000  0.581
CTR02B4033_004  0.000 -5.96  0.05  0.00  0.00 -5.91 1.000  00  02O000M000  0.587
CTR-1B4033_005 -1.000 -5.97  0.10  0.00  0.00 -5.86 1.000  00  -1O000M000  0.585
NTR01B4037_001  0.000 -3.35  0.00  0.00  0.00 -3.35 1.000  00  01O000M000  0.356
NTR+1B4037_002  1.000 -3.30 -0.00  0.00  0.00 -3.30 1.000  00  +1O000M000  0.347
CTR01B4037_001  0.000 -6.05 -0.00  2.72  0.00 -3.34 1.000  00  01O000M000  0.571
CTR01B4037_002  0.000 -5.94 -0.00  0.00  0.00 -5.94 1.000  00  01O000M000  0.576
CTR02B4037_003  0.000 -6.31 -0.00  2.72  0.00 -3.59 1.000  00  02O000M000  0.589
CTR02B4037_004  0.000 -6.06 -0.00  0.00  0.00 -6.07 1.000  00  02O000M000  0.578
CTR-1B4037_005 -1.000 -6.05 -0.00  0.00  0.00 -6.05 1.000  00  -1O000M000  0.576
ASN01B4037_001  0.000 -4.53  0.00  1.13  0.00 -3.40 1.000  00  01O000M000  0.890
NTR01B4049_001  0.000 -2.38  1.86  0.00  0.00 -0.52 1.000  00  01O000M000  0.241
NTR+1B4049_002  1.000 -2.38  1.79  0.00  0.00 -0.59 1.000  00  +1O000M000  0.241
VAL01B4049_001  0.000 -8.36  0.80  0.57  0.00 -6.99 1.000  00  01O000M000  0.842
GLU01B4050_001  0.000  1.03 -0.09  3.29  0.00  4.23 1.000  00  01O000M000  0.883
GLU01B4050_002  0.000  1.03 -0.09  0.57  0.00  1.51 1.000  00  01O000M000  0.883
GLU02B4050_003  0.000 -0.20 -0.08  3.29  0.00  3.02 1.000  00  02O000M000  0.896
GLU02B4050_004  0.000 -0.20 -0.08  0.57  0.00  0.30 1.000  00  02O000M000  0.896
GLU-1B4050_005 -1.000 -0.10 -0.07  0.57  0.00  0.40 1.000  00  -1O000M000  0.880
CTR01B4050_001  0.000 -3.67  0.35  2.72  0.00 -0.60 1.000  00  01O000M000  0.346
CTR01B4050_002  0.000 -3.41  0.05  0.00  0.00 -3.36 1.000  00  01O000M000  0.347
CTR02B4050_003  0.000 -3.54  0.08  2.72  0.00 -0.74 1.000  00  02O000M000  0.335
CTR02B4050_004  0.000 -3.53  0.06  0.00  0.00 -3.47 1.000  00  02O000M000  0.347
CTR-1B4050_005 -1.000 -3.47  0.11  0.00  0.00 -3.36 1.000  00  -1O000M000  0.338
NTR01B4052_001  0.000 -1.30 -0.84  0.00  0.00 -2.14 1.000  00  01O000M000  0.133
NTR+1B4052_002  1.000 -1.31 -0.90  0.00  0.00 -2.20 1.000  00  +1O000M000  0.133
CTR01B4052_001  0.000 -6.09 -0.12  2.72  0.00 -3.49 1.000  00  01O000M000  0.572
CTR01B4052_002  0.000 -5.93 -0.11  0.00  0.00 -6.05 1.000  00  01O000M000  0.580
CTR02B4052_003  0.000 -6.13 -0.12  2.72  0.00 -3.53 1.000  00  02O000M000  0.583
CTR02B4052_004  0.000 -6.03 -0.11  0.00  0.00 -6.15 1.000  00  02O000M000  0.582
CTR-1B4052_005 -1.000 -5.96 -0.11  0.00  0.00 -6.07 1.000  00  -1O000M000  0.577
SER01B4052_001  0.000 -3.51  0.69  0.38  0.00 -2.44 0.667  00  01O000M000  0.346
SER01B4052_002  0.000 -3.51  0.69  0.38  0.00 -2.44 0.667  00  01O000M000  0.346
NTR01B4080_001  0.000 -3.21 -0.03  0.00  0.00 -3.23 1.000  00  01O000M000  0.333
NTR+1B4080_002  1.000 -3.21 -0.03  0.00  0.00 -3.24 1.000  00  +1O000M000  0.333
CTR01B4080_001  0.000 -2.63 -0.18  2.72  0.00 -0.09 1.000  00  01O000M000  0.253
CTR01B4080_002  0.000 -2.42 -0.19  0.00  0.00 -2.61 1.000  00  01O000M000  0.238
CTR02B4080_003  0.000 -2.57 -0.18  2.72  0.00 -0.03 1.000  00  02O000M000  0.241
CTR02B4080_004  0.000 -2.42 -0.20  0.00  0.00 -2.61 1.000  00  02O000M000  0.233
CTR-1B4080_005 -1.000 -2.43 -0.18  0.00  0.00 -2.61 1.000  00  -1O000M000  0.235
TYR01B4080_001  0.000 -9.25 -0.03  0.10  0.00 -9.18 1.000  00  01O000M000  0.770
TYR-1B4080_002 -1.000 -9.25 -0.03  0.10  0.00 -9.18 1.000  00  -1O000M000  0.770
NTR01B4082_001  0.000 -1.04  0.42  0.00  0.00 -0.61 1.000  00  01O000M000  0.105
NTR+1B4082_002  1.000 -1.04  0.34  0.00  0.00 -0.70 1.000  00  +1O000M000  0.105
THR01B4082_001  0.000 -6.83  2.82  0.40  0.00 -3.62 0.665  00  01O000M000  0.720
THR01B4082_002  0.000 -6.83  2.82  0.40  0.00 -3.62 0.665  00  01O000M000  0.720
THR01B4082_003  0.000 -6.83  2.82  0.03  0.00 -3.99 0.665  00  01O000M000  0.720
ASP01B4083_001  0.000 -1.33  1.02  3.47  0.00  3.15 1.000  00  01O000M000  0.379
ASP01B4083_002  0.000 -1.33  1.02  0.75  0.00  0.43 1.000  00  01O000M000  0.379
ASP02B4083_003  0.000 -1.14  0.36  3.47  0.00  2.68 1.000  00  02O000M000  0.355
ASP02B4083_004  0.000 -1.14  0.36  0.75  0.00 -0.04 1.000  00  02O000M000  0.355
ASP-1B4083_005 -1.000 -1.28  0.42  0.75  0.00 -0.11 1.000  00  -1O000M000  0.377
PRO01B4084_001  0.000 -6.07 -0.47  0.00  0.00 -6.55 1.000  00  01O000M000  0.647
ARG01B4085_001  0.000 -4.76  0.92  1.67  0.00 -2.17 1.000  00  01O000M000  0.527
ARG02B4085_002  0.000 -4.84  0.99  1.67  0.00 -2.18 1.000  00  02O000M000  0.527
ARG02B4085_003  0.000 -4.78  0.95  1.67  0.00 -2.16 1.000  00  02O000M000  0.527
ARG03B4085_004  0.000 -4.84  0.90  1.67  0.00 -2.27 1.000  00  03O000M000  0.527
ARG+1B4085_005  1.000 -4.88  0.90  1.67  0.00 -2.32 1.000  00  +1O000M000  0.527
LEU01B4087_001  0.000 -2.96 -3.09  1.56  0.00 -4.48 1.000  00  01O000M000  0.384
CTR01B4087_001  0.000 -1.80 -2.09  2.72  0.00 -1.17 1.000  00  01O000M000  0.171
CTR01B4087_002  0.000 -1.74 -2.28  0.00  0.00 -4.02 1.000  00  01O000M000  0.177
CTR02B4087_003  0.000 -1.95 -2.27  2.72  0.00 -1.51 1.000  00  02O000M000  0.185
CTR02B4087_004  0.000 -1.87 -2.23  0.00  0.00 -4.09 1.000  00  02O000M000  0.185
CTR-1B4087_005 -1.000 -1.80 -2.13  0.00  0.00 -3.93 1.000  00  -1O000M000  0.174
NTR01B4118_001  0.000 -2.81 -0.60  0.00  0.00 -3.41 1.000  00  01O000M000  0.284
NTR+1B4118_002  1.000 -2.82 -0.69  0.00  0.00 -3.51 1.000  00  +1O000M000  0.284
ASP01B4118_001  0.000 -1.73 -0.56  3.82  0.00  1.53 1.000  00  01O000M000  0.454
ASP01B4118_002  0.000 -1.73 -0.56  1.10  0.00 -1.19 1.000  00  01O000M000  0.454
ASP02B4118_003  0.000 -1.61 -0.34  3.82  0.00  1.87 1.000  00  02O000M000  0.436
ASP02B4118_004  0.000 -1.61 -0.34  1.10  0.00 -0.85 1.000  00  02O000M000  0.436
ASP-1B4118_005 -1.000 -1.73 -0.53  1.10  0.00 -1.16 1.000  00  -1O000M000  0.458
GLU01B4119_001  0.000 -0.62  2.45  3.28  0.00  5.11 1.000  00  01O000M000  0.845
GLU01B4119_002  0.000 -0.62  2.45  0.56  0.00  2.39 1.000  00  01O000M000  0.845
GLU02B4119_003  0.000 -1.10  2.38  3.28  0.00  4.57 1.000  00  02O000M000  0.837
GLU02B4119_004  0.000 -1.10  2.38  0.56  0.00  1.85 1.000  00  02O000M000  0.837
GLU-1B4119_005 -1.000 -1.09  2.42  0.56  0.00  1.89 1.000  00  -1O000M000  0.826
ASN01B4120_001  0.000 -4.25  4.30  1.29  0.00  1.34 0.000  00  01O000M000  0.911
ASN01B4120_002  0.000 -4.27  2.29  1.29  0.00 -0.69 1.000  00  01R001M000  0.950
GLU01B4121_001  0.000  3.44  1.84  3.88  0.00  9.16 1.000  00  01O000M000  0.589
GLU01B4121_002  0.000  3.44  1.84  1.16  0.00  6.44 1.000  00  01O000M000  0.589
GLU02B4121_003  0.000  2.29  1.85  3.88  0.00  8.02 1.000  00  02O000M000  0.572
GLU02B4121_004  0.000  2.29  1.85  1.16  0.00  5.30 1.000  00  02O000M000  0.572
GLU-1B4121_005 -1.000  2.24  1.91  1.16  0.00  5.31 1.000  00  -1O000M000  0.579
MET01B4122_001  0.000 -4.55 -0.78  0.00  0.00 -5.33 1.000  00  01O000M000  0.375
CTR01B4122_001  0.000 -3.05 -1.06  2.72  0.00 -1.39 1.000  00  01O000M000  0.287
CTR01B4122_002  0.000 -2.99 -1.20  0.00  0.00 -4.19 1.000  00  01O000M000  0.302
CTR02B4122_003  0.000 -3.03 -1.15  2.72  0.00 -1.47 1.000  00  02O000M000  0.286
CTR02B4122_004  0.000 -3.14 -1.19  0.00  0.00 -4.32 1.000  00  02O000M000  0.302
CTR-1B4122_005 -1.000 -3.03 -1.14  0.00  0.00 -4.17 1.000  00  -1O000M000  0.292
NTR01B4145_001  0.000 -3.43  0.00  0.00  0.00 -3.43 1.000  00  01O000M000  0.342
NTR+1B4145_002  1.000 -3.30  0.00  0.00  0.00 -3.30 1.000  00  +1O000M000  0.331
CTR01B4145_001  0.000 -4.37  0.00  2.72  0.00 -1.65 1.000  00  01O000M000  0.400
CTR01B4145_002  0.000 -4.26  0.00  0.00  0.00 -4.26 1.000  00  01O000M000  0.404
CTR02B4145_003  0.000 -4.44  0.00  2.72  0.00 -1.72 1.000  00  02O000M000  0.414
CTR02B4145_004  0.000 -4.27  0.00  0.00  0.00 -4.27 1.000  00  02O000M000  0.396
CTR-1B4145_005 -1.000 -4.25  0.00  0.00  0.00 -4.25 1.000  00  -1O000M000  0.400
VAL01B4145_001  0.000 -8.79  0.00  0.18  0.00 -8.61 1.000  00  01O000M000  0.682
NTR01B4150_001  0.000 -1.99 -0.00  0.00  0.00 -1.99 1.000  00  01O000M000  0.203
NTR+1B4150_002  1.000 -2.01 -0.00  0.00  0.00 -2.01 1.000  00  +1O000M000  0.202
CTR01B4150_001  0.000 -6.03  0.00  2.72  0.00 -3.31 1.000  00  01O000M000  0.577
CTR01B4150_002  0.000 -5.88  0.00  0.00  0.00 -5.88 1.000  00  01O000M000  0.576
CTR02B4150_003  0.000 -6.10  0.00  2.72  0.00 -3.38 1.000  00  02O000M000  0.574
CTR02B4150_004  0.000 -5.87  0.00  0.00  0.00 -5.87 1.000  00  02O000M000  0.572
CTR-1B4150_005 -1.000 -5.97  0.00  0.00  0.00 -5.97 1.000  00  -1O000M000  0.575
LEU01B4150_001  0.000-10.71 -0.00  0.43  0.00-10.29 1.000  00  01O000M000  0.751
NTR01B4540_001  0.000 -2.61 -0.69  0.00  0.00 -3.30 1.000  00  01O000M000  0.259
NTR+1B4540_002  1.000 -2.62 -0.78  0.00  0.00 -3.40 1.000  00  +1O000M000  0.259
PHE01B4540_001  0.000 -0.16999.00  0.00  0.00999.00 1.000  00  01O000M000  0.143
TRP01B4541_001  0.000-14.11 26.99  0.00  0.00 12.88 1.000  00  01O000M000  0.864
GLU01B4543_001  0.000 -2.96  9.46  3.22  0.00  9.72 1.000  00  01O000M000  0.753
GLU01B4543_002  0.000 -2.96  9.46  0.50  0.00  7.00 1.000  00  01O000M000  0.753
GLU02B4543_003  0.000 -2.81  9.46  3.22  0.00  9.87 1.000  00  02O000M000  0.758
GLU02B4543_004  0.000 -2.81  9.46  0.50  0.00  7.15 1.000  00  02O000M000  0.758
GLU-1B4543_005 -1.000 -2.98  9.48  0.50  0.00  7.00 1.000  00  -1O000M000  0.751
LEU01B4544_001  0.000 -2.51999.00  2.94  0.00999.00 1.000  00  01O000M000  0.334
GLU01B4545_001  0.000 -1.33 -0.18  3.22  0.00  1.71 1.000  00  01O000M000  0.396
GLU01B4545_002  0.000 -1.33 -0.18  0.50  0.00 -1.01 1.000  00  01O000M000  0.396
GLU02B4545_003  0.000 -1.11 -0.20  3.22  0.00  1.91 1.000  00  02O000M000  0.385
GLU02B4545_004  0.000 -1.11 -0.20  0.50  0.00 -0.81 1.000  00  02O000M000  0.385
GLU-1B4545_005 -1.000 -1.26 -0.15  0.50  0.00 -0.91 1.000  00  -1O000M000  0.377
VAL01B4546_001  0.000 -4.55  3.53  0.06  0.00 -0.96 1.000  00  01O000M000  0.523
GLN01B4547_001  0.000 -2.04 -3.29  0.43  0.00 -4.90 1.000  00  01O000M000  0.568
ARG01B4548_001  0.000  1.14 -3.91  0.45  0.00 -2.32 1.000  00  01O000M000  0.572
ARG02B4548_002  0.000  1.08 -3.86  0.45  0.00 -2.33 1.000  00  02O000M000  0.572
ARG03B4548_003  0.000  1.09 -3.87  0.45  0.00 -2.33 1.000  00  03O000M000  0.572
ARG+1B4548_004  1.000  1.04 -3.88  0.45  0.00 -2.39 1.000  00  +1O000M000  0.572
VAL01B4549_001  0.000 -3.21 -0.23  0.14  0.00 -3.30 1.000  00  01O000M000  0.414
LYS01B4550_001  0.000 -0.69999.00  0.95  0.00999.00 1.000  00  01O000M000  0.382
LYS+1B4550_002  1.000 -0.78999.00  0.95  0.00999.00 1.000  00  +1O000M000  0.382
PHE01B4551_001  0.000 -2.29 -3.84  0.11  0.00 -6.01 1.000  00  01O000M000  0.505
LEU01B4552_001  0.000  1.81 -0.70  0.68  0.00  1.79 1.000  00  01O000M000  0.205
ASN01B4553_001  0.000 -2.05 -2.73  1.05  0.00 -3.74 0.751  00  01O000M000  0.515
ASN01B4553_002  0.000 -1.94 -2.03  1.08  0.00 -2.89 0.749  00  01R001M000  0.510
TYR01B4554_001  0.000 -2.80 -3.21  0.00  0.00 -6.01 1.000  00  01O000M000  0.515
TYR01B4554_002  0.000 -2.80 -3.21  0.00  0.00 -6.01 1.000  00  01O000M000  0.515
TYR-1B4554_003 -1.000 -2.80 -3.21  0.00  0.00 -6.01 1.000  00  -1O000M000  0.515
LEU01B4555_001  0.000  1.30  1.47  0.62  0.00  3.39 1.000  00  01O000M000  0.027
SER01B4556_001  0.000 -0.78 -3.40  0.54  0.00 -3.65 0.664  00  01O000M000  0.127
ARG01B4557_001  0.000 -4.76  0.50  1.13  0.00 -3.13 1.000  00  01O000M000  0.570
ARG02B4557_002  0.000 -4.79  0.50  1.13  0.00 -3.16 1.000  00  02O000M000  0.570
ARG03B4557_003  0.000 -4.78  0.57  1.13  0.00 -3.09 1.000  00  03O000M000  0.570
ARG+1B4557_004  1.000 -4.84  0.49  1.13  0.00 -3.21 1.000  00  +1O000M000  0.570
ASN01B4558_001  0.000 -1.13 29.31  0.82  0.00 29.00 1.000  00  01O000M000  0.303
PHE01B4559_001  0.000  5.26 -8.14  0.41  0.00 -2.47 1.000  00  01O000M000  0.033
TYR01B4560_001  0.000 -3.48 -1.99  0.19  0.00 -5.29 1.000  00  01O000M000  0.599
TYR-1B4560_002 -1.000 -3.48 -1.99  0.19  0.00 -5.29 1.000  00  -1O000M000  0.599
THR01B4561_001  0.000 -3.64  0.29  0.94  0.00 -2.42 0.671  00  01O000M000  0.468
LEU01B4562_001  0.000  1.77 -4.12  0.41  0.00 -1.95 1.000  00  01O000M000  0.102
ARG01B4563_001  0.000 -1.76 -2.54  1.15  0.00 -3.15 1.000  00  01O000M000  0.231
ARG02B4563_002  0.000 -1.80 -2.54  1.15  0.00 -3.19 1.000  00  02O000M000  0.231
ARG03B4563_003  0.000 -1.73 -2.54  1.15  0.00 -3.13 1.000  00  03O000M000  0.231
ARG+1B4563_004  1.000 -1.84 -2.55  1.15  0.00 -3.24 1.000  00  +1O000M000  0.231
PHE01B4564_001  0.000 -2.49  0.60  0.00  0.00 -1.89 1.000  00  01O000M000  0.592
LEU01B4565_001  0.000 -1.77  0.84  0.47  0.00 -0.46 1.000  00  01O000M000  0.352
ALA01B4566_001  0.000 -0.26 -1.54  0.00  0.00 -1.80 1.000  00  01O000M000  0.047
LEU01B4567_001  0.000 -1.34  0.17  0.82  0.00 -0.35 1.000  00  01O000M000  0.221
PHE01B4568_001  0.000 -3.22 -3.36  0.42  0.00 -6.16 1.000  00  01O000M000  0.614
LEU01B4569_001  0.000  2.75 -2.14  0.47  0.00  1.07 1.000  00  01O000M000  0.054
ALA01B4570_001  0.000  0.00 -2.42  0.00  0.00 -2.42 1.000  00  01O000M000  0.000
PHE01B4571_001  0.000 -1.16  3.42  1.04  0.00  3.30 1.000  00  01O000M000  0.454
ALA01B4572_001  0.000 -2.66 -0.78  0.00  0.00 -3.44 1.000  00  01O000M000  0.492
ILE01B4573_001  0.000  3.90 -2.00  1.39  0.00  3.29 1.000  00  01O000M000  0.000
ASN01B4574_001  0.000  0.31 11.07  0.75  0.00 12.13 0.000  00  01O000M000  0.038
ASN01B4574_002  0.000  0.06  2.88  0.80  0.00  3.74 1.000  00  01R001M000  0.037
PHE01B4575_001  0.000 -4.12  1.09  0.02  0.00 -3.01 1.000  00  01O000M000  0.652
ILE01B4576_001  0.000  2.79  3.75  0.49  0.00  7.04 1.000  00  01O000M000  0.078
LEU01B4577_001  0.000 -0.27 -2.63  1.78  0.00 -1.13 1.000  00  01O000M000  0.274
LEU01B4578_001  0.000 -3.21  3.23  1.21  0.00  1.23 1.000  00  01O000M000  0.682
PHE01B4579_001  0.000  1.09  2.61  0.18  0.00  3.88 1.000  00  01O000M000  0.263
TYR01B4580_001  0.000  2.89 -1.32  0.63  0.00  2.20 1.000  00  01O000M000  0.154
TYR-1B4580_002 -1.000  2.89 -1.32  0.63  0.00  2.20 1.000  00  -1O000M000  0.154
LYS01B4581_001  0.000 -4.23 -0.85  1.12  0.00 -3.96 1.000  00  01O000M000  0.512
LYS+1B4581_002  1.000 -4.28 -0.85  1.12  0.00 -4.01 1.000  00  +1O000M000  0.512
VAL01B4582_001  0.000 -5.15  1.28  0.06  0.00 -3.80 1.000  00  01O000M000  0.575
SER01B4583_001  0.000 -0.78 -0.87  0.54  0.00 -1.11 0.671  00  01O000M000  0.133
SER01B4583_002  0.000 -0.78 -0.87  0.54  0.00 -1.11 0.671  00  01O000M000  0.133
ASP01B4584_001  0.000 -3.80  9.11  2.97  0.00  8.28 1.000  00  01O000M000  0.828
ASP01B4584_002  0.000 -3.80  9.11  0.25  0.00  5.56 1.000  00  01O000M000  0.828
ASP02B4584_003  0.000 -3.71  6.90  2.97  0.00  6.17 1.000  00  02O000M000  0.820
ASP02B4584_004  0.000 -3.71  6.90  0.25  0.00  3.45 1.000  00  02O000M000  0.820
ASP-1B4584_005 -1.000 -3.66  6.95  0.25  0.00  3.54 1.000  00  -1O000M000  0.813
SER01B4585_001  0.000 -4.07  2.57  0.38  0.00 -1.13 0.665  00  01O000M000  0.671
SER01B4585_002  0.000 -4.07  2.57  0.38  0.00 -1.13 0.665  00  01O000M000  0.671
PRO01B4586_001  0.000 -3.87 -0.26  0.00  0.00 -4.12 1.000  00  01O000M000  0.448
PRO01B4587_001  0.000 -3.71 -0.32  0.00  0.00 -4.03 1.000  00  01O000M000  0.388
CTR01B4587_001  0.000 -4.60  1.26  2.72  0.00 -0.62 1.000  00  01O000M000  0.430
CTR01B4587_002  0.000 -4.61  0.93  0.00  0.00 -3.68 1.000  00  01O000M000  0.441
CTR02B4587_003  0.000 -4.60  9.57  2.72  0.00  7.69 1.000  00  02O000M000  0.430
CTR02B4587_004  0.000 -4.63  0.90  0.00  0.00 -3.72 1.000  00  02O000M000  0.439
CTR-1B4587_005 -1.000 -4.58  0.98  0.00  0.00 -3.60 1.000  00  -1O000M000  0.435
NTR01B4626_001  0.000 -3.26 -0.73  0.00  0.00 -4.00 1.000  00  01O000M000  0.323
NTR+1B4626_002  1.000 -3.26 -0.80  0.00  0.00 -4.06 1.000  00  +1O000M000  0.323
ASN01B4626_001  0.000 -3.21302.56  0.30  0.00299.65 1.000  00  01O000M000  0.621
MET01B4627_001  0.000 -4.41411.62  0.00  0.00407.22 1.000  00  01O000M000  0.393
VAL01B4628_001  0.000 -2.26 -2.33  0.09  0.00 -4.50 1.000  00  01O000M000  0.278
TYR01B4629_001  0.000 -3.11 -1.64  0.01  0.00 -4.73 1.000  00  01O000M000  0.559
TYR-1B4629_002 -1.000 -3.11 -1.64  0.01  0.00 -4.73 1.000  00  -1O000M000  0.559
TYR01B4630_001  0.000  0.69 -4.21  0.02  0.00 -3.50 1.000  00  01O000M000  0.291
TYR-1B4630_002 -1.000  0.69 -4.21  0.02  0.00 -3.50 1.000  00  -1O000M000  0.291
PHE01B4631_001  0.000  1.91 -6.19  0.38  0.00 -3.90 1.000  00  01O000M000  0.240
LEU01B4632_001  0.000 -0.66 -2.55  0.44  0.00 -2.77 1.000  00  01O000M000  0.308
GLU01B4633_001  0.000  4.52  1.07  4.29  0.00  9.88 1.000  00  01O000M000  0.484
GLU01B4633_002  0.000  4.52  1.07  1.57  0.00  7.16 1.000  00  01O000M000  0.484
GLU02B4633_003  0.000  2.99  1.09  4.29  0.00  8.36 1.000  00  02O000M000  0.517
GLU02B4633_004  0.000  2.99  1.09  1.57  0.00  5.64 1.000  00  02O000M000  0.517
GLU-1B4633_005 -1.000  3.05  1.14  1.57  0.00  5.75 1.000  00  -1O000M000  0.503
GLU01B4634_001  0.000  0.13 -0.89  3.01  0.00  2.24 1.000  00  01O000M000  0.318
GLU01B4634_002  0.000  0.13 -0.89  0.29  0.00 -0.48 1.000  00  01O000M000  0.318
GLU02B4634_003  0.000 -0.16 -0.90  3.01  0.00  1.95 1.000  00  02O000M000  0.305
GLU02B4634_004  0.000 -0.16 -0.90  0.29  0.00 -0.77 1.000  00  02O000M000  0.305
GLU-1B4634_005 -1.000 -0.17 -0.86  0.29  0.00 -0.74 1.000  00  -1O000M000  0.305
SER01B4635_001  0.000 -5.62  7.44  0.45  0.00  2.27 0.666  00  01O000M000  0.959
THR01B4636_001  0.000 -1.75  0.40  0.38  0.00 -0.96 0.672  00  01O000M000  0.218
THR01B4636_002  0.000 -1.75  0.40  0.38  0.00 -0.96 0.672  00  01O000M000  0.218
THR01B4636_003  0.000 -1.75  0.40  0.01  0.00 -1.34 0.672  00  01O000M000  0.218
TYR01B4638_001  0.000 -5.13 -0.53  0.37  0.00 -5.29 1.000  00  01O000M000  0.652
TYR01B4638_002  0.000 -5.13 -0.53  0.37  0.00 -5.29 1.000  00  01O000M000  0.652
TYR-1B4638_003 -1.000 -5.13 -0.53  0.37  0.00 -5.29 1.000  00  -1O000M000  0.652
MET01B4639_001  0.000129.21 -2.24  0.49  0.00127.46 1.000  00  01O000M000  0.000
GLU01B4640_001  0.000 -0.72 -0.07  3.20  0.00  2.40 1.000  00  01O000M000  0.489
GLU01B4640_002  0.000 -0.72 -0.07  0.48  0.00 -0.32 1.000  00  01O000M000  0.489
GLU02B4640_003  0.000 -0.96  0.04  3.20  0.00  2.28 1.000  00  02O000M000  0.492
GLU02B4640_004  0.000 -0.96  0.04  0.48  0.00 -0.44 1.000  00  02O000M000  0.492
GLU-1B4640_005 -1.000 -0.92 -0.08  0.48  0.00 -0.52 1.000  00  -1O000M000  0.478
PRO01B4641_001  0.000 -5.96 -1.80  0.00  0.00 -7.76 1.000  00  01O000M000  0.647
ALA01B4642_001  0.000 -2.54 -1.30  0.00  0.00 -3.84 1.000  00  01O000M000  0.433
LEU01B4643_001  0.000  1.73 -2.64  0.92  0.00  0.01 1.000  00  01O000M000  0.121
TRP01B4644_001  0.000 -7.12 -2.62  0.00  0.00 -9.74 1.000  00  01O000M000  0.640
CYS01B4645_001  0.000 -3.98 -1.18  0.09  0.00 -5.06 1.000  00  01O000M000  0.537
CYS01B4645_002  0.000 -3.98 -1.27  0.09  0.00 -5.16 1.000  00  01O000M000  0.537
CYS01B4645_003  0.000 -3.98 -1.17  0.09  0.00 -5.06 1.000  00  01O000M000  0.537
CYS-1B4645_004 -1.000 -3.98 -1.15  0.09  0.00 -5.03 1.000  00  -1O000M000  0.537
LEU01B4646_001  0.000 -1.47 -1.57  0.42  0.00 -2.63 1.000  00  01O000M000  0.253
SER01B4647_001  0.000  0.00  4.66  0.75  0.00  5.42 0.675  00  01O000M000  0.000
SER01B4647_002  0.000  0.00  4.66  0.75  0.00  5.42 0.675  00  01O000M000  0.000
SER01B4647_003  0.000  0.00  4.66  0.38  0.00  5.04 0.675  00  01O000M000  0.000
LEU01B4648_001  0.000 -2.44 -1.91  0.95  0.00 -3.39 1.000  00  01O000M000  0.412
LEU01B4649_001  0.000 -1.05  0.08  0.51  0.00 -0.46 1.000  00  01O000M000  0.276
HIS01B4650_001  0.000 -0.11 -1.99  1.04  0.00 -1.06 1.000  00  01O000M000  0.000
HIS02B4650_002  0.000 -0.13 -2.06  1.04  0.00 -1.15 1.000  00  02O000M000  0.000
HIS+1B4650_003  1.000 -0.16 -2.10  1.04  0.00 -1.22 1.000  00  +1O000M000  0.000
THR01B4651_001  0.000 -0.47 -2.94  0.38  0.00 -3.03 0.668  00  01O000M000  0.093
LEU01B4652_001  0.000 -2.47 -3.18  0.90  0.00 -4.76 1.000  00  01O000M000  0.470
VAL01B4653_001  0.000  0.39  3.06  0.02  0.00  3.47 1.000  00  01O000M000  0.034
ALA01B4654_001  0.000  0.00 -2.09  0.00  0.00 -2.09 1.000  00  01O000M000  0.000
PHE01B4655_001  0.000 -3.59 -2.69  0.16  0.00 -6.12 1.000  00  01O000M000  0.590
LEU01B4656_001  0.000 -0.18 -2.52  1.84  0.00 -0.86 1.000  00  01O000M000  0.192
CYS01B4657_001  0.000 -0.07 -3.35  0.21  0.00 -3.21 1.000  00  01O000M000  0.010
CYS01B4657_002  0.000 -0.07 -3.37  0.21  0.00 -3.23 1.000  00  01O000M000  0.010
CYS01B4657_003  0.000 -0.07 -3.33  0.21  0.00 -3.19 1.000  00  01O000M000  0.010
CYS-1B4657_004 -1.000 -0.07 -3.27  0.21  0.00 -3.13 1.000  00  -1O000M000  0.010
ILE01B4658_001  0.000 -1.12  3.23  0.48  0.00  2.59 1.000  00  01O000M000  0.257
ILE01B4659_001  0.000  2.73  0.57  0.45  0.00  3.75 1.000  00  01O000M000  0.309
TYR01B4661_001  0.000 -0.93 -4.49  0.00  0.00 -5.42 1.000  00  01O000M000  0.431
TYR-1B4661_002 -1.000 -0.93 -4.49  0.00  0.00 -5.42 1.000  00  -1O000M000  0.431
ASN01B4662_001  0.000 -2.99 -0.04  0.97  0.00 -2.06 0.754  00  01O000M000  0.676
ASN01B4662_002  0.000 -3.51  1.94  0.97  0.00 -0.61 0.746  00  01R001M000  0.765
CYS01B4663_001  0.000 -1.29 -2.71  0.22  0.00 -3.77 1.000  00  01O000M000  0.180
CYS01B4663_002  0.000 -1.29 -2.79  0.22  0.00 -3.86 1.000  00  01O000M000  0.180
CYS01B4663_003  0.000 -1.29 -2.72  0.22  0.00 -3.79 1.000  00  01O000M000  0.180
CYS-1B4663_004 -1.000 -1.29 -2.67  0.22  0.00 -3.74 1.000  00  -1O000M000  0.180
LEU01B4664_001  0.000 -2.47  1.31  0.76  0.00 -0.40 1.000  00  01O000M000  0.366
LYS01B4665_001  0.000 -2.80  1.32  1.07  0.00 -0.41 1.000  00  01O000M000  0.472
LYS+1B4665_002  1.000 -2.87  1.31  1.07  0.00 -0.49 1.000  00  +1O000M000  0.472
CTR01B4665_001  0.000 -3.59 -0.84  2.72  0.00 -1.72 1.000  00  01O000M000  0.341
CTR01B4665_002  0.000 -3.62 -1.08  0.00  0.00 -4.70 1.000  00  01O000M000  0.353
CTR02B4665_003  0.000 -3.52 -0.81  2.72  0.00 -1.60 1.000  00  02O000M000  0.338
CTR02B4665_004  0.000 -3.61 -1.13  0.00  0.00 -4.73 1.000  00  02O000M000  0.348
CTR-1B4665_005 -1.000 -3.49 -1.02  0.00  0.00 -4.52 1.000  00  -1O000M000  0.339
NTG01B4693_001  0.000 -6.35  0.92  0.00  0.00 -5.43 1.000  00  01O000M000  0.635
NTG+1B4693_002  1.000 -6.36  0.87  0.00  0.00 -5.49 1.000  00  +1O000M000  0.635
ASP01B4694_001  0.000 -4.12  2.41  3.34  0.00  1.63 1.000  00  01O000M000  0.896
ASP01B4694_002  0.000 -4.12  2.41  0.62  0.00 -1.09 1.000  00  01O000M000  0.896
ASP02B4694_003  0.000 -3.91  1.87  3.34  0.00  1.29 1.000  00  02O000M000  0.887
ASP02B4694_004  0.000 -3.91  1.87  0.62  0.00 -1.43 1.000  00  02O000M000  0.887
ASP-1B4694_005 -1.000 -3.96  1.89  0.62  0.00 -1.45 1.000  00  -1O000M000  0.894
CTR01B4694_001  0.000 -5.65  0.55  2.72  0.00 -2.38 1.000  00  01O000M000  0.542
CTR01B4694_002  0.000 -5.54  0.31  0.00  0.00 -5.23 1.000  00  01O000M000  0.544
CTR02B4694_003  0.000 -5.53  1.93  2.72  0.00 -0.89 1.000  00  02O000M000  0.532
CTR02B4694_004  0.000 -5.63  0.28  0.00  0.00 -5.34 1.000  00  02O000M000  0.545
CTR-1B4694_005 -1.000 -5.51  0.35  0.00  0.00 -5.16 1.000  00  -1O000M000  0.538
NTR01B4716_001  0.000 -3.21  0.00  0.00  0.00 -3.21 1.000  00  01O000M000  0.313
NTR+1B4716_002  1.000 -3.04  0.00  0.00  0.00 -3.04 1.000  00  +1O000M000  0.295
CTR01B4716_001  0.000 -6.36  0.00  2.72  0.00 -3.64 1.000  00  01O000M000  0.598
CTR01B4716_002  0.000 -5.96  0.00  0.00  0.00 -5.96 1.000  00  01O000M000  0.587
CTR02B4716_003  0.000 -6.25  0.00  2.72  0.00 -3.53 1.000  00  02O000M000  0.588
CTR02B4716_004  0.000 -6.22  0.00  0.00  0.00 -6.22 1.000  00  02O000M000  0.595
CTR-1B4716_005 -1.000 -6.17  0.00  0.00  0.00 -6.17 1.000  00  -1O000M000  0.591
TRP01B4716_001  0.000 -9.97  0.00  1.00  0.00 -8.97 1.000  00  01O000M000  0.731
NTR01B4755_001  0.000 -3.75 -0.45  0.00  0.00 -4.20 1.000  00  01O000M000  0.373
NTR+1B4755_002  1.000 -3.75 -0.51  0.00  0.00 -4.26 1.000  00  +1O000M000  0.373
GLU01B4755_001  0.000 -3.44  2.12  3.22  0.00  1.90 1.000  00  01O000M000  0.782
GLU01B4755_002  0.000 -3.44  2.12  0.50  0.00 -0.82 1.000  00  01O000M000  0.782
GLU02B4755_003  0.000 -3.25  2.12  3.22  0.00  2.09 1.000  00  02O000M000  0.790
GLU02B4755_004  0.000 -3.25  2.12  0.50  0.00 -0.63 1.000  00  02O000M000  0.790
GLU-1B4755_005 -1.000 -3.32  2.13  0.50  0.00 -0.68 1.000  00  -1O000M000  0.768
ARG01B4756_001  0.000999.00999.00  2.94  0.00999.00 1.000  00  01O000M000  0.532
ARG02B4756_002  0.000999.00999.00  2.94  0.00999.00 1.000  00  02O000M000  0.532
ARG03B4756_003  0.000999.00999.00  2.94  0.00999.00 1.000  00  03O000M000  0.532
ARG03B4756_004  0.000183.53999.00  2.94  0.00999.00 1.000  00  03O000M000  0.532
ARG+1B4756_005  1.000999.00999.00  2.94  0.00999.00 1.000  00  +1O000M000  0.532
LYS01B4757_001  0.000 -4.28999.00  0.95  0.00999.00 1.000  00  01O000M000  0.701
LYS+1B4757_002  1.000 -4.37999.00  0.95  0.00999.00 1.000  00  +1O000M000  0.701
PRO01B4758_001  0.000 -6.06  0.02  0.00  0.00 -6.05 1.000  00  01O000M000  0.664
ASP01B4759_001  0.000 -3.21 85.34  2.97  0.00 85.10 1.000  00  01O000M000  0.696
ASP01B4759_002  0.000 -3.21 85.34  0.25  0.00 82.38 1.000  00  01O000M000  0.696
ASP02B4759_003  0.000 -3.19 67.70  2.97  0.00 67.48 1.000  00  02O000M000  0.703
ASP02B4759_004  0.000 -3.19 67.70  0.25  0.00 64.76 1.000  00  02O000M000  0.703
ASP-1B4759_005 -1.000 -3.15 67.74  0.25  0.00 64.84 1.000  00  -1O000M000  0.703
PRO01B4760_001  0.000 -6.73 -0.10  0.00  0.00 -6.83 1.000  00  01O000M000  0.726
PRO01B4761_001  0.000 -6.88  0.31  0.00  0.00 -6.57 1.000  00  01O000M000  0.751
PRO01B4762_001  0.000 -5.58  0.64  0.00  0.00 -4.94 1.000  00  01O000M000  0.600
LEU01B4764_001  0.000 -1.98999.00  2.94  0.00999.00 1.000  00  01O000M000  0.289
LEU01B4765_001  0.000 -1.70999.00  2.94  0.00999.00 1.000  00  01O000M000  0.267
THR01B4766_001  0.000 -5.58 15.55  0.39  0.00 10.36 0.670  00  01O000M000  0.658
THR01B4766_002  0.000 -5.58 15.55  0.39  0.00 10.36 0.670  00  01O000M000  0.658
TRP01B4767_001  0.000 -3.69 -2.85  0.00  0.00 -6.54 1.000  00  01O000M000  0.418
LEU01B4768_001  0.000 -2.79 -2.62  1.70  0.00 -3.71 1.000  00  01O000M000  0.493
MET01B4769_001  0.000 -6.82 -1.93  0.34  0.00 -8.41 1.000  00  01O000M000  0.785
SER01B4770_001  0.000 -3.65 -0.79  0.90  0.00 -3.55 0.664  00  01O000M000  0.622
ILE01B4771_001  0.000 -1.44  2.05  0.60  0.00  1.22 1.000  00  01O000M000  0.577
ASP01B4772_001  0.000 -4.17  3.66  3.41  0.00  2.89 1.000  00  01O000M000  0.904
ASP01B4772_002  0.000 -4.17  3.66  0.69  0.00  0.17 1.000  00  01O000M000  0.904
ASP02B4772_003  0.000 -3.95  2.63  3.41  0.00  2.09 1.000  00  02O000M000  0.898
ASP02B4772_004  0.000 -3.95  2.63  0.69  0.00 -0.63 1.000  00  02O000M000  0.898
ASP-1B4772_005 -1.000 -4.09  2.65  0.69  0.00 -0.75 1.000  00  -1O000M000  0.905
CTR01B4772_001  0.000 -4.55 -0.18  2.72  0.00 -2.00 1.000  00  01O000M000  0.439
CTR01B4772_002  0.000 -4.24 -0.38  0.00  0.00 -4.61 1.000  00  01O000M000  0.429
CTR02B4772_003  0.000 -4.59 -0.37  2.72  0.00 -2.24 1.000  00  02O000M000  0.445
CTR02B4772_004  0.000 -4.50 -0.37  0.00  0.00 -4.88 1.000  00  02O000M000  0.441
CTR-1B4772_005 -1.000 -4.41 -0.32  0.00  0.00 -4.73 1.000  00  -1O000M000  0.433
NTR01B4790_001  0.000 -1.54  0.00  0.00  0.00 -1.54 1.000  00  01O000M000  0.159
NTR+1B4790_002  1.000 -1.55 -0.08  0.00  0.00 -1.63 1.000  00  +1O000M000  0.159
LEU01B4790_001  0.000 -8.67 -0.87  0.63  0.00 -8.91 1.000  00  01O000M000  0.823
TYR01B4791_001  0.000  0.96 -2.39  0.04  0.00 -1.38 1.000  00  01O000M000  0.362
TYR01B4791_002  0.000  0.96 -2.39  0.04  0.00 -1.38 1.000  00  01O000M000  0.362
TYR-1B4791_003 -1.000  0.96 -2.39  0.04  0.00 -1.38 1.000  00  -1O000M000  0.362
LEU01B4792_001  0.000  1.42  1.42  1.59  0.00  4.43 1.000  00  01O000M000  0.071
TRP01B4794_001  0.000 -3.85 -4.66  0.01  0.00 -8.50 1.000  00  01O000M000  0.480
TYR01B4795_001  0.000  5.93 15.76  0.08  0.00 21.77 1.000  00  01O000M000  0.018
TYR01B4795_002  0.000  5.93 15.76  0.08  0.00 21.77 1.000  00  01O000M000  0.018
TYR-1B4795_003 -1.000  5.93 15.76  0.08  0.00 21.77 1.000  00  -1O000M000  0.018
MET01B4796_001  0.000  5.72  1.39  0.50  0.00  7.62 1.000  00  01O000M000  0.120
VAL01B4797_001  0.000 -3.49  3.80  0.02  0.00  0.33 1.000  00  01O000M000  0.450
MET01B4798_001  0.000 -1.47 -2.82  1.93  0.00 -2.36 1.000  00  01O000M000  0.122
SER01B4799_001  0.000  0.00 -2.26  1.23  0.00 -1.03 0.670  00  01O000M000  0.000
SER01B4799_002  0.000  0.00 -2.26  1.23  0.00 -1.03 0.670  00  01O000M000  0.000
SER01B4799_003  0.000  0.00 -2.26  0.86  0.00 -1.41 0.670  00  01O000M000  0.000
LEU01B4800_001  0.000 -5.06 -1.57  2.17  0.00 -4.46 1.000  00  01O000M000  0.577
LEU01B4801_001  0.000 -1.44  2.01  2.66  0.00  3.22 1.000  00  01O000M000  0.279
HIS01B4803_001  0.000 -3.39 -3.03  0.26  0.00 -6.16 0.752  00  01O000M000  0.272
HIS01B4803_002  0.000 -3.44 -3.81  0.26  0.00 -6.99 0.748  00  01R001M000  0.287
HIS02B4803_003  0.000 -3.40 -3.01  0.26  0.00 -6.16 0.752  00  02O000M000  0.272
HIS02B4803_004  0.000 -3.46 -3.66  0.26  0.00 -6.85 0.748  00  02R001M000  0.287
HIS+1B4803_005  1.000 -3.43 -3.10  0.26  0.00 -6.26 0.752  00  +1O000M000  0.272
HIS+1B4803_006  1.000 -3.49 -3.84  0.26  0.00 -7.07 0.748  00  +1R001M000  0.287
TYR01B4804_001  0.000 -3.97 -0.80  0.09  0.00 -4.68 1.000  00  01O000M000  0.624
TYR-1B4804_002 -1.000 -3.97 -0.80  0.09  0.00 -4.68 1.000  00  -1O000M000  0.624
ASN01B4805_001  0.000 -1.84  0.32  0.32  0.00 -1.20 0.754  00  01O000M000  0.425
ASN01B4805_002  0.000 -1.85  1.34  0.32  0.00 -0.19 0.746  00  01R001M000  0.388
ASN01B4806_001  0.000 -1.25  2.91  1.46  0.00  3.12 0.749  00  01O000M000  0.363
ASN01B4806_002  0.000 -1.45  3.92  1.49  0.00  3.96 0.751  00  01R001M000  0.357
PHE01B4807_001  0.000 -5.38 -1.33  0.07  0.00 -6.64 1.000  00  01O000M000  0.776
PHE01B4808_001  0.000  2.29 -3.76  0.15  0.00 -1.31 1.000  00  01O000M000  0.253
PHE01B4809_001  0.000  3.52 -8.71  0.00  0.00 -5.18 1.000  00  01O000M000  0.039
ALA01B4810_001  0.000 -1.34 -0.87  0.00  0.00 -2.21 1.000  00  01O000M000  0.240
ALA01B4811_001  0.000 -0.36 -1.28  0.00  0.00 -1.64 1.000  00  01O000M000  0.068
HIS01B4812_001  0.000 -0.23 -7.65  0.01  0.00 -7.87 1.000  00  01O000M000  0.000
HIS02B4812_002  0.000 -0.26 -7.49  0.01  0.00 -7.74 1.000  00  02O000M000  0.000
HIS+1B4812_003  1.000 -0.28 -7.71  0.01  0.00 -7.98 1.000  00  +1O000M000  0.000
LEU01B4813_001  0.000 -0.40 -3.15  1.32  0.00 -2.23 1.000  00  01O000M000  0.278
LEU01B4814_001  0.000 -5.53  4.63  0.57  0.00 -0.34 1.000  00  01O000M000  0.552
ASP01B4815_001  0.000  0.08  5.01  2.79  0.00  7.88 1.000  00  01O000M000  0.014
ASP01B4815_002  0.000  0.08  5.01  0.07  0.00  5.16 1.000  00  01O000M000  0.014
ASP02B4815_003  0.000  0.17  2.74  2.79  0.00  5.70 1.000  00  02O000M000  0.014
ASP02B4815_004  0.000  0.17  2.74  0.07  0.00  2.98 1.000  00  02O000M000  0.014
ASP-1B4815_005 -1.000  0.08  2.85  0.07  0.00  3.00 1.000  00  -1O000M000  0.014
ILE01B4816_001  0.000 -1.29 -0.61  1.03  0.00 -0.86 1.000  00  01O000M000  0.223
ALA01B4817_001  0.000 -4.00 -0.48  0.00  0.00 -4.48 1.000  00  01O000M000  0.756
MET01B4818_001  0.000 -7.96 -1.22  1.53  0.00 -7.66 1.000  00  01O000M000  0.651
CTR01B4818_001  0.000 -3.09 -0.02  2.72  0.00 -0.39 1.000  00  01O000M000  0.295
CTR01B4818_002  0.000 -3.15 -0.24  0.00  0.00 -3.39 1.000  00  01O000M000  0.314
CTR02B4818_003  0.000 -3.09  1.24  2.72  0.00  0.87 1.000  00  02O000M000  0.293
CTR02B4818_004  0.000 -3.12 -0.32  0.00  0.00 -3.44 1.000  00  02O000M000  0.306
CTR-1B4818_005 -1.000 -3.07 -0.18  0.00  0.00 -3.25 1.000  00  -1O000M000  0.299
NTR01B4849_001  0.000 -1.03  0.22  0.00  0.00 -0.81 1.000  00  01O000M000  0.105
NTR+1B4849_002  1.000 -1.03  0.12  0.00  0.00 -0.91 1.000  00  +1O000M000  0.105
TYR01B4849_001  0.000 -4.09 -0.94  0.13  0.00 -4.90 1.000  00  01O000M000  0.650
TYR-1B4849_002 -1.000 -4.09 -0.94  0.13  0.00 -4.90 1.000  00  -1O000M000  0.650
LEU01B4850_001  0.000 -6.35  6.23  0.59  0.00  0.47 1.000  00  01O000M000  0.703
TYR01B4851_001  0.000 -5.90 14.64  1.56  0.00 10.30 1.000  00  01O000M000  0.783
TYR-1B4851_002 -1.000 -5.90 14.64  1.56  0.00 10.30 1.000  00  -1O000M000  0.783
THR01B4852_001  0.000 -0.16 -1.40  0.38  0.00 -1.19 0.665  00  01O000M000  0.055
THR01B4852_002  0.000 -0.16 -1.40  0.38  0.00 -1.19 0.665  00  01O000M000  0.055
THR01B4852_003  0.000 -0.16 -1.40  0.00  0.00 -1.56 0.665  00  01O000M000  0.055
VAL01B4853_001  0.000 -1.84  5.37  0.05  0.00  3.58 1.000  00  01O000M000  0.261
VAL01B4854_001  0.000 -2.94  1.68  0.04  0.00 -1.22 1.000  00  01O000M000  0.381
ALA01B4855_001  0.000 -1.10 -1.50  0.00  0.00 -2.60 1.000  00  01O000M000  0.200
PHE01B4856_001  0.000  2.43 -5.81  0.05  0.00 -3.33 1.000  00  01O000M000  0.203
ASN01B4857_001  0.000 -1.76 -0.66  0.38  0.00 -2.04 0.748  00  01O000M000  0.433
ASN01B4857_002  0.000 -1.93  1.29  0.37  0.00 -0.27 0.752  00  01R001M000  0.429
PHE01B4858_001  0.000 -4.32 11.46  0.40  0.00  7.54 1.000  00  01O000M000  0.698
PHE01B4859_001  0.000  2.05  6.94  0.58  0.00  9.57 1.000  00  01O000M000  0.186
ARG01B4860_001  0.000 -4.21 -4.76  1.04  0.00 -7.93 1.000  00  01O000M000  0.517
ARG02B4860_002  0.000 -4.25 -4.76  1.04  0.00 -7.97 1.000  00  02O000M000  0.517
ARG03B4860_003  0.000 -4.18 -4.71  1.04  0.00 -7.84 1.000  00  03O000M000  0.517
ARG+1B4860_004  1.000 -4.29 -4.77  1.04  0.00 -8.02 1.000  00  +1O000M000  0.517
LYS01B4861_001  0.000  2.24  1.76  0.98  0.00  4.99 1.000  00  01O000M000  0.400
LYS+1B4861_002  1.000  2.28  1.74  0.98  0.00  5.00 1.000  00  +1O000M000  0.400
PHE01B4862_001  0.000  6.11 -3.59  0.71  0.00  3.23 1.000  00  01O000M000  0.154
TYR01B4863_001  0.000  5.16 -0.49  0.52  0.00  5.19 1.000  00  01O000M000  0.008
TYR01B4863_002  0.000  5.16 -0.49  0.52  0.00  5.19 1.000  00  01O000M000  0.008
TYR-1B4863_003 -1.000  5.16 -0.49  0.52  0.00  5.19 1.000  00  -1O000M000  0.008
ASN01B4864_001  0.000 -1.13 -0.73  0.69  0.00 -1.18 0.750  00  01O000M000  0.290
ASN01B4864_002  0.000 -0.94 -0.43  0.65  0.00 -0.72 0.750  00  01R001M000  0.276
LYS01B4865_001  0.000  1.50  4.01  1.08  0.00  6.60 1.000  00  01O000M000  0.196
LYS+1B4865_002  1.000  1.46  4.00  1.08  0.00  6.54 1.000  00  +1O000M000  0.196
SER01B4866_001  0.000 -4.00  5.08  0.38  0.00  1.45 0.663  00  01O000M000  0.691
SER01B4866_002  0.000 -4.00  5.08  0.00  0.00  1.08 0.663  00  01O000M000  0.691
GLU01B4867_001  0.000 -0.91137.45  4.70  0.00141.25 1.000  00  01O000M000  0.477
GLU01B4867_002  0.000 -0.91137.45  1.98  0.00138.53 1.000  00  01O000M000  0.477
GLU02B4867_003  0.000 -1.14137.25  4.70  0.00140.81 1.000  00  02O000M000  0.499
GLU02B4867_004  0.000 -1.14137.25  1.98  0.00138.09 1.000  00  02O000M000  0.499
GLU-1B4867_005 -1.000 -1.20137.15  1.98  0.00137.93 1.000  00  -1O000M000  0.491
ASP01B4868_001  0.000 -3.08 -0.92  3.63  0.00 -0.37 1.000  00  01O000M000  0.788
ASP01B4868_002  0.000 -3.08 -0.92  0.91  0.00 -3.09 1.000  00  01O000M000  0.788
ASP02B4868_003  0.000 -3.11 -0.95  3.63  0.00 -0.43 1.000  00  02O000M000  0.808
ASP02B4868_004  0.000 -3.11 -0.95  0.91  0.00 -3.15 1.000  00  02O000M000  0.808
ASP-1B4868_005 -1.000 -3.15 -0.98  0.91  0.00 -3.22 1.000  00  -1O000M000  0.799
GLU01B4869_001  0.000 -2.21  0.38  3.06  0.00  1.23 1.000  00  01O000M000  0.845
GLU01B4869_002  0.000 -2.21  0.38  0.34  0.00 -1.49 1.000  00  01O000M000  0.845
GLU02B4869_003  0.000 -2.49  0.29  3.06  0.00  0.86 1.000  00  02O000M000  0.835
GLU02B4869_004  0.000 -2.49  0.29  0.34  0.00 -1.86 1.000  00  02O000M000  0.835
GLU-1B4869_005 -1.000 -2.54  0.33  0.34  0.00 -1.87 1.000  00  -1O000M000  0.844
ASP01B4870_001  0.000 -3.00  0.21  3.12  0.00  0.33 1.000  00  01O000M000  0.714
ASP01B4870_002  0.000 -3.00  0.21  0.40  0.00 -2.39 1.000  00  01O000M000  0.714
ASP02B4870_003  0.000 -2.77 -0.53  3.12  0.00 -0.18 1.000  00  02O000M000  0.690
ASP02B4870_004  0.000 -2.77 -0.53  0.40  0.00 -2.90 1.000  00  02O000M000  0.690
ASP-1B4870_005 -1.000 -2.83 -0.48  0.40  0.00 -2.91 1.000  00  -1O000M000  0.695
GLU01B4871_001  0.000  3.74 -5.42  3.89  0.00  2.21 1.000  00  01O000M000  0.297
GLU01B4871_002  0.000  3.74 -5.42  1.17  0.00 -0.51 1.000  00  01O000M000  0.297
GLU02B4871_003  0.000  2.71 -4.79  3.89  0.00  1.80 1.000  00  02O000M000  0.293
GLU02B4871_004  0.000  2.71 -4.79  1.17  0.00 -0.92 1.000  00  02O000M000  0.293
GLU-1B4871_005 -1.000  2.67 -5.38  1.17  0.00 -1.54 1.000  00  -1O000M000  0.291
CTR01B4871_001  0.000 -1.42 23.33  2.72  0.00 24.63 1.000  00  01O000M000  0.130
CTR01B4871_002  0.000 -1.34 23.09  0.00  0.00 21.74 1.000  00  01O000M000  0.136
CTR02B4871_003  0.000 -1.38 81.12  2.72  0.00 82.46 1.000  00  02O000M000  0.129
CTR02B4871_004  0.000 -1.32 24.46  0.00  0.00 23.14 1.000  00  02O000M000  0.130
CTR-1B4871_005 -1.000 -1.36 23.29  0.00  0.00 21.93 1.000  00  -1O000M000  0.130
NTR01B4872_001  0.000 -0.64313.80  0.00  0.00313.16 1.000  00  01O000M000  0.064
NTR+1B4872_002  1.000 -0.64503.32  0.00  0.00502.68 1.000  00  +1O000M000  0.064
PRO01B4872_001  0.000 -5.24 -0.83  0.00  0.00 -6.07 1.000  00  01O000M000  0.607
ASP01B4873_001  0.000 -1.54 -0.67  3.30  0.00  1.09 1.000  00  01O000M000  0.384
ASP01B4873_002  0.000 -1.54 -0.67  0.58  0.00 -1.63 1.000  00  01O000M000  0.384
ASP02B4873_003  0.000 -1.50 -1.30  3.30  0.00  0.51 1.000  00  02O000M000  0.388
ASP02B4873_004  0.000 -1.50 -1.30  0.58  0.00 -2.21 1.000  00  02O000M000  0.388
ASP-1B4873_005 -1.000 -1.50 -1.23  0.58  0.00 -2.15 1.000  00  -1O000M000  0.390
MET01B4874_001  0.000 -0.23 -4.54  0.09  0.00 -4.67 1.000  00  01O000M000  0.150
LYS01B4875_001  0.000 -0.71  4.08  1.21  0.00  4.58 1.000  00  01O000M000  0.182
LYS+1B4875_002  1.000 -0.78  4.06  1.21  0.00  4.49 1.000  00  +1O000M000  0.182
CYS01B4876_001  0.000 -0.00  4.94  2.25  0.00  7.19 1.000  00  01O000M000  0.000
CYS01B4876_002  0.000 -0.00  4.90  2.25  0.00  7.15 1.000  00  01O000M000  0.000
CYS01B4876_003  0.000 -0.00  5.23  2.25  0.00  7.47 1.000  00  01O000M000  0.000
CYS-1B4876_004 -1.000  0.00  5.00  2.25  0.00  7.25 1.000  00  -1O000M000  0.000
ASP01B4877_001  0.000 -1.44  3.88  3.05  0.00  5.49 1.000  00  01O000M000  0.341
ASP01B4877_002  0.000 -1.44  3.88  0.33  0.00  2.77 1.000  00  01O000M000  0.341
ASP02B4877_003  0.000 -1.25  2.81  3.05  0.00  4.61 1.000  00  02O000M000  0.320
ASP02B4877_004  0.000 -1.25  2.81  0.33  0.00  1.89 1.000  00  02O000M000  0.320
ASP-1B4877_005 -1.000 -1.34  2.67  0.33  0.00  1.65 1.000  00  -1O000M000  0.327
ASP01B4878_001  0.000 -2.18 22.68  2.97  0.00 23.47 1.000  00  01O000M000  0.472
ASP01B4878_002  0.000 -2.18 22.68  0.25  0.00 20.75 1.000  00  01O000M000  0.472
ASP02B4878_003  0.000 -2.20 16.92  2.97  0.00 17.69 1.000  00  02O000M000  0.477
ASP02B4878_004  0.000 -2.20 16.92  0.25  0.00 14.97 1.000  00  02O000M000  0.477
ASP-1B4878_005 -1.000 -2.15 17.00  0.25  0.00 15.10 1.000  00  -1O000M000  0.472
MET01B4879_001  0.000 -3.60  0.46  0.30  0.00 -2.85 1.000  00  01O000M000  0.310
MET01B4880_001  0.000 -7.82 -0.74  0.45  0.00 -8.11 1.000  00  01O000M000  0.911
THR01B4881_001  0.000 -1.75 -0.88  0.38  0.00 -2.25 0.666  00  01O000M000  0.220
THR01B4881_002  0.000 -1.75 -0.88  0.38  0.00 -2.25 0.666  00  01O000M000  0.220
THR01B4881_003  0.000 -1.75 -0.88  0.00  0.00 -2.62 0.666  00  01O000M000  0.220
CYS01B4882_001  0.000 -0.00 -3.71  0.18  0.00 -3.53 1.000  00  01O000M000  0.000
CYS01B4882_002  0.000 -0.00 -3.72  0.18  0.00 -3.53 1.000  00  01O000M000  0.000
CYS01B4882_003  0.000 -0.00 -3.72  0.18  0.00 -3.54 1.000  00  01O000M000  0.000
CYS-1B4882_004 -1.000  0.00 -3.62  0.18  0.00 -3.44 1.000  00  -1O000M000  0.000
TYR01B4883_001  0.000  1.59 -2.05  0.04  0.00 -0.42 1.000  00  01O000M000  0.259
TYR01B4883_002  0.000  1.59 -2.05  0.04  0.00 -0.42 1.000  00  01O000M000  0.259
TYR-1B4883_003 -1.000  1.59 -2.05  0.04  0.00 -0.42 1.000  00  -1O000M000  0.259
CTR01B4883_001  0.000 -0.70 -0.53  2.72  0.00  1.50 1.000  00  01O000M000  0.065
CTR01B4883_002  0.000 -0.54 -0.90  0.00  0.00 -1.44 1.000  00  01O000M000  0.060
CTR02B4883_003  0.000 -0.66 -1.00  2.72  0.00  1.06 1.000  00  02O000M000  0.060
CTR02B4883_004  0.000 -0.58 -0.93  0.00  0.00 -1.51 1.000  00  02O000M000  0.059
CTR-1B4883_005 -1.000 -0.64 -0.83  0.00  0.00 -1.47 1.000  00  -1O000M000  0.061
NTR01B4885_001  0.000 -1.06 -1.45  0.00  0.00 -2.51 1.000  00  01O000M000  0.105
NTR+1B4885_002  1.000 -0.99 -1.56  0.00  0.00 -2.54 1.000  00  +1O000M000  0.098
CTR01B4885_001  0.000 -2.16 -0.59  2.72  0.00 -0.04 1.000  00  01O000M000  0.208
CTR01B4885_002  0.000 -2.18 -0.59  0.00  0.00 -2.77 1.000  00  01O000M000  0.219
CTR02B4885_003  0.000 -2.11 -0.69  2.72  0.00 -0.07 1.000  00  02O000M000  0.204
CTR02B4885_004  0.000 -2.24 -0.60  0.00  0.00 -2.84 1.000  00  02O000M000  0.218
CTR-1B4885_005 -1.000 -2.08 -0.59  0.00  0.00 -2.67 1.000  00  -1O000M000  0.203
PHE01B4885_001  0.000  3.01 -1.58  0.16  0.00  1.58 1.000  00  01O000M000  0.127
NTR01B4887_001  0.000 -1.52 -0.10  0.00  0.00 -1.62 1.000  00  01O000M000  0.150
NTR+1B4887_002  1.000 -1.45 -0.11  0.00  0.00 -1.56 1.000  00  +1O000M000  0.143
CTR01B4887_001  0.000 -5.30 -0.03  2.72  0.00 -2.61 1.000  00  01O000M000  0.507
CTR01B4887_002  0.000 -5.16 -0.03  0.00  0.00 -5.19 1.000  00  01O000M000  0.515
CTR02B4887_003  0.000 -5.24 -0.03  2.72  0.00 -2.56 1.000  00  02O000M000  0.503
CTR02B4887_004  0.000 -5.14 -0.03  0.00  0.00 -5.17 1.000  00  02O000M000  0.511
CTR-1B4887_005 -1.000 -5.22 -0.03  0.00  0.00 -5.25 1.000  00  -1O000M000  0.513
MET01B4887_001  0.000 -2.63 -0.37  0.09  0.00 -2.92 1.000  00  01O000M000  0.403
NTR01B4899_001  0.000 -1.87  1.48  0.00  0.00 -0.39 1.000  00  01O000M000  0.190
NTR+1B4899_002  1.000 -1.87  1.38  0.00  0.00 -0.49 1.000  00  +1O000M000  0.190
ASP01B4899_001  0.000 -3.97 -0.16  2.94  0.00 -1.18 1.000  00  01O000M000  0.874
ASP01B4899_002  0.000 -3.97 -0.16  0.22  0.00 -3.90 1.000  00  01O000M000  0.874
ASP02B4899_003  0.000 -4.00 -0.15  2.94  0.00 -1.21 1.000  00  02O000M000  0.883
ASP02B4899_004  0.000 -4.00 -0.15  0.22  0.00 -3.93 1.000  00  02O000M000  0.883
ASP-1B4899_005 -1.000 -4.00 -0.14  0.22  0.00 -3.91 1.000  00  -1O000M000  0.885
GLU01B4900_001  0.000  0.09  3.11  3.98  0.00  7.18 1.000  00  01O000M000  0.595
GLU01B4900_002  0.000  0.09  3.11  1.26  0.00  4.46 1.000  00  01O000M000  0.595
GLU02B4900_003  0.000 -0.57  2.24  3.98  0.00  5.64 1.000  00  02O000M000  0.618
GLU02B4900_004  0.000 -0.57  2.24  1.26  0.00  2.92 1.000  00  02O000M000  0.618
GLU-1B4900_005 -1.000 -0.57  2.28  1.26  0.00  2.96 1.000  00  -1O000M000  0.604
ILE01B4901_001  0.000  9.81  0.99  1.23  0.00 12.03 1.000  00  01O000M000  0.191
GLU01B4902_001  0.000  0.11  8.73  3.06  0.00 11.90 1.000  00  01O000M000  0.341
GLU01B4902_002  0.000  0.11  8.73  0.34  0.00  9.18 1.000  00  01O000M000  0.341
GLU02B4902_003  0.000 -0.21  9.00  3.06  0.00 11.85 1.000  00  02O000M000  0.359
GLU02B4902_004  0.000 -0.21  9.00  0.34  0.00  9.13 1.000  00  02O000M000  0.359
GLU-1B4902_005 -1.000 -0.24  8.81  0.34  0.00  8.91 1.000  00  -1O000M000  0.346
CTR01B4902_001  0.000 -2.37  3.54  2.72  0.00  3.90 1.000  00  01O000M000  0.223
CTR01B4902_002  0.000 -2.22  0.41  0.00  0.00 -1.82 1.000  00  01O000M000  0.222
CTR02B4902_003  0.000 -2.41  0.54  2.72  0.00  0.86 1.000  00  02O000M000  0.229
CTR02B4902_004  0.000 -2.37  0.44  0.00  0.00 -1.93 1.000  00  02O000M000  0.231
CTR-1B4902_005 -1.000 -2.35  0.55  0.00  0.00 -1.80 1.000  00  -1O000M000  0.227
NTR01B4904_001  0.000 -0.20999.00  0.00  0.00999.00 1.000  00  01O000M000  0.019
NTR+1B4904_002  1.000 -0.20999.00  0.00  0.00999.00 1.000  00  +1O000M000  0.019
PRO01B4904_001  0.000 -1.86  2.63  0.00  0.00  0.77 1.000  00  01O000M000  0.227
ALA01B4905_001  0.000 -4.63  0.73  0.00  0.00 -3.90 1.000  00  01O000M000  0.874
ASP01B4907_001  0.000 -3.13999.00  2.97  0.00999.00 1.000  00  01O000M000  0.666
ASP01B4907_002  0.000 -3.13999.00  0.25  0.00999.00 1.000  00  01O000M000  0.666
ASP02B4907_003  0.000 -3.27999.00  2.97  0.00999.00 1.000  00  02O000M000  0.707
ASP02B4907_004  0.000 -3.27999.00  0.25  0.00999.00 1.000  00  02O000M000  0.707
ASP-1B4907_005 -1.000 -3.14999.00  0.25  0.00999.00 1.000  00  -1O000M000  0.687
GLU01B4908_001  0.000 -2.39  0.22  3.22  0.00  1.05 1.000  00  01O000M000  0.617
GLU01B4908_002  0.000 -2.39  0.22  0.50  0.00 -1.67 1.000  00  01O000M000  0.617
GLU02B4908_003  0.000 -2.18  0.22  3.22  0.00  1.26 1.000  00  02O000M000  0.613
GLU02B4908_004  0.000 -2.18  0.22  0.50  0.00 -1.46 1.000  00  02O000M000  0.613
GLU-1B4908_005 -1.000 -2.38  0.24  0.50  0.00 -1.64 1.000  00  -1O000M000  0.612
TYR01B4909_001  0.000 -4.51  8.16  0.43  0.00  4.07 1.000  00  01O000M000  0.622
TYR-1B4909_002 -1.000 -4.51  8.16  0.43  0.00  4.07 1.000  00  -1O000M000  0.622
GLU01B4910_001  0.000 -1.89999.00  3.22  0.00999.00 1.000  00  01O000M000  0.482
GLU01B4910_002  0.000 -1.89999.00  0.50  0.00999.00 1.000  00  01O000M000  0.482
GLU02B4910_003  0.000 -1.62999.00  3.22  0.00999.00 1.000  00  02O000M000  0.456
GLU02B4910_004  0.000 -1.62999.00  0.50  0.00999.00 1.000  00  02O000M000  0.456
GLU-1B4910_005 -1.000 -1.86999.00  0.50  0.00999.00 1.000  00  -1O000M000  0.471
CTR01B4910_001  0.000 -3.21 -0.74  2.72  0.00 -1.23 1.000  00  01O000M000  0.309
CTR01B4910_002  0.000 -3.27 -0.92  0.00  0.00 -4.19 1.000  00  01O000M000  0.329
CTR02B4910_003  0.000 -3.28 -0.78  2.72  0.00 -1.35 1.000  00  02O000M000  0.315
CTR02B4910_004  0.000 -3.16 -0.93  0.00  0.00 -4.09 1.000  00  02O000M000  0.315
CTR-1B4910_005 -1.000 -3.19 -0.86  0.00  0.00 -4.04 1.000  00  -1O000M000  0.314
NTR01B4913_001  0.000 -1.10 -0.72  0.00  0.00 -1.81 1.000  00  01O000M000  0.113
NTR+1B4913_002  1.000 -1.10 -0.75  0.00  0.00 -1.85 1.000  00  +1O000M000  0.113
CTR01B4913_001  0.000 -4.16 -0.29  2.72  0.00 -1.73 1.000  00  01O000M000  0.401
CTR01B4913_002  0.000 -4.02 -0.29  0.00  0.00 -4.31 1.000  00  01O000M000  0.406
CTR02B4913_003  0.000 -4.14 -0.31  2.72  0.00 -1.74 1.000  00  02O000M000  0.402
CTR02B4913_004  0.000 -4.16 -0.29  0.00  0.00 -4.45 1.000  00  02O000M000  0.409
CTR-1B4913_005 -1.000 -4.08 -0.29  0.00  0.00 -4.37 1.000  00  -1O000M000  0.404
ARG01B4913_001  0.000  0.68 -3.27  0.69  0.00 -1.90 1.000  00  01O000M000  0.112
ARG02B4913_002  0.000  0.65 -3.24  0.69  0.00 -1.90 1.000  00  02O000M000  0.112
ARG03B4913_003  0.000  0.74 -3.25  0.69  0.00 -1.83 1.000  00  03O000M000  0.112
ARG+1B4913_004  1.000  0.61 -3.27  0.69  0.00 -1.97 1.000  00  +1O000M000  0.112
NTR01B5009_001  0.000 -3.90 -0.00  0.00  0.00 -3.91 1.000  00  01O000M000  0.384
NTR+1B5009_002  1.000 -3.91 -0.00  0.00  0.00 -3.91 1.000  00  +1O000M000  0.384
CTR01B5009_001  0.000 -5.29  0.00  2.72  0.00 -2.57 1.000  00  01O000M000  0.489
CTR01B5009_002  0.000 -5.04  0.00  0.00  0.00 -5.04 1.000  00  01O000M000  0.485
CTR02B5009_003  0.000 -5.35  0.00  2.72  0.00 -2.63 1.000  00  02O000M000  0.494
CTR02B5009_004  0.000 -5.01  0.00  0.00  0.00 -5.01 1.000  00  02O000M000  0.480
CTR-1B5009_005 -1.000 -5.14  0.00  0.00  0.00 -5.14 1.000  00  -1O000M000  0.484
TYR01B5009_001  0.000 -6.88 -0.01  0.24  0.00 -6.65 1.000  00  01O000M000  0.747
TYR-1B5009_002 -1.000 -6.88 -0.01  0.24  0.00 -6.65 1.000  00  -1O000M000  0.747
NTR01B5015_001  0.000 -2.97  0.00  0.00  0.00 -2.97 1.000  00  01O000M000  0.294
NTR+1B5015_002  1.000 -2.97  0.00  0.00  0.00 -2.97 1.000  00  +1O000M000  0.294
CTR01B5015_001  0.000 -6.21  0.00  2.72  0.00 -3.49 1.000  00  01O000M000  0.590
CTR01B5015_002  0.000 -6.05  0.00  0.00  0.00 -6.05 1.000  00  01O000M000  0.589
CTR02B5015_003  0.000 -6.07  0.00  2.72  0.00 -3.35 1.000  00  02O000M000  0.590
CTR02B5015_004  0.000 -6.13  0.00  0.00  0.00 -6.13 1.000  00  02O000M000  0.590
CTR-1B5015_005 -1.000 -6.03  0.00  0.00  0.00 -6.03 1.000  00  -1O000M000  0.585
GLN01B5015_001  0.000 -2.66  0.00  1.06  0.00 -1.60 0.747  00  01O000M000  0.766
GLN01B5015_002  0.000 -3.02  0.00  1.00  0.00 -2.02 0.753  00  01R001M000  0.750
_CA+2B5102_001  2.000 -7.78  0.00  0.00  0.00 -7.78 0.754  00  +2O000M000  0.943
_CADMB5102_002  0.000  0.00  0.00  0.00  0.00  0.00 0.754  00  DMO000M000   -nan
