NTR B3639_ R f 00 S f  0.0 H f 00 M 000
THR B3639_ R f 00 S f  0.0 H f 00 M 000
PRO B3640_ R f 00 S f  0.0 H f 00 M 000
LEU B3641_ R f 00 S f  0.0 H f 00 M 000
TYR B3642_ R f 00 S f  0.0 H f 00 M 000
ASN B3643_ R f 00 S f  0.0 H f 00 M 000
LEU B3644_ R f 00 S f  0.0 H f 00 M 000
PRO B3645_ R f 00 S f  0.0 H f 00 M 000
THR B3646_ R f 00 S f  0.0 H f 00 M 000
HIS B3647_ R f 00 S f  0.0 H f 00 M 000
ARG B3648_ R f 00 S f  0.0 H f 00 M 000
ALA B3649_ R f 00 S f  0.0 H f 00 M 000
CYS B3650_ R f 00 S f  0.0 H f 00 M 000
ASN B3651_ R f 00 S f  0.0 H f 00 M 000
MET B3652_ R f 00 S f  0.0 H f 00 M 000
PHE B3653_ R f 00 S f  0.0 H f 00 M 000
LEU B3654_ R f 00 S f  0.0 H f 00 M 000
GLU B3655_ R f 00 S f  0.0 H f 00 M 000
SER B3656_ R f 00 S f  0.0 H f 00 M 000
TYR B3657_ R f 00 S f  0.0 H f 00 M 000
LYS B3658_ R f 00 S f  0.0 H f 00 M 000
ALA B3659_ R f 00 S f  0.0 H f 00 M 000
ALA B3660_ R f 00 S f  0.0 H f 00 M 000
TRP B3661_ R f 00 S f  0.0 H f 00 M 000
ILE B3662_ R f 00 S f  0.0 H f 00 M 000
LEU B3663_ R f 00 S f  0.0 H f 00 M 000
THR B3664_ R f 00 S f  0.0 H f 00 M 000
GLU B3665_ R f 00 S f  0.0 H f 00 M 000
ASP B3666_ R f 00 S f  0.0 H f 00 M 000
HIS B3667_ R f 00 S f  0.0 H f 00 M 000
SER B3668_ R f 00 S f  0.0 H f 00 M 000
CTR B3668_ R f 00 S f  0.0 H f 00 M 000
NTR B3682_ R f 00 S f  0.0 H f 00 M 000
GLU B3682_ R f 00 S f  0.0 H f 00 M 000
GLN B3683_ R f 00 S f  0.0 H f 00 M 000
GLU B3684_ R f 00 S f  0.0 H f 00 M 000
GLU B3685_ R f 00 S f  0.0 H f 00 M 000
GLU B3686_ R f 00 S f  0.0 H f 00 M 000
GLU B3687_ R f 00 S f  0.0 H f 00 M 000
GLU B3688_ R f 00 S f  0.0 H f 00 M 000
GLU B3689_ R f 00 S f  0.0 H f 00 M 000
VAL B3690_ R f 00 S f  0.0 H f 00 M 000
GLU B3691_ R f 00 S f  0.0 H f 00 M 000
GLU B3692_ R f 00 S f  0.0 H f 00 M 000
CTR B3692_ R f 00 S f  0.0 H f 00 M 000
NTR B3714_ R f 00 S f  0.0 H f 00 M 000
CTR B3714_ R f 00 S f  0.0 H f 00 M 000
SER B3714_ R f 00 S f  0.0 H f 00 M 000
NTG B3739_ R f 00 S f  0.0 H f 00 M 000
GLY B3739_ R f 00 S f  0.0 H f 00 M 000
GLU B3740_ R f 00 S f  0.0 H f 00 M 000
ASN B3741_ R f 00 S f  0.0 H f 00 M 000
CTR B3741_ R f 00 S f  0.0 H f 00 M 000
NTR B3747_ R f 00 S f  0.0 H f 00 M 000
CTR B3747_ R f 00 S f  0.0 H f 00 M 000
GLU B3747_ R f 00 S f  0.0 H f 00 M 000
NTR B3831_ R f 00 S f  0.0 H f 00 M 000
CTR B3831_ R f 00 S f  0.0 H f 00 M 000
SER B3831_ R f 00 S f  0.0 H f 00 M 000
NTR B3849_ R f 00 S f  0.0 H f 00 M 000
ARG B3849_ R f 00 S f  0.0 H f 00 M 000
GLN B3850_ R f 00 S f  0.0 H f 00 M 000
ASN B3851_ R f 00 S f  0.0 H f 00 M 000
LYS B3852_ R f 00 S f  0.0 H f 00 M 000
ALA B3853_ R f 00 S f  0.0 H f 00 M 000
GLU B3854_ R f 00 S f  0.0 H f 00 M 000
GLY B3855_ R f 00 S f  0.0 H f 00 M 000
LEU B3856_ R f 00 S f  0.0 H f 00 M 000
GLY B3857_ R f 00 S f  0.0 H f 00 M 000
MET B3858_ R f 00 S f  0.0 H f 00 M 000
VAL B3859_ R f 00 S f  0.0 H f 00 M 000
ASN B3860_ R f 00 S f  0.0 H f 00 M 000
GLU B3861_ R f 00 S f  0.0 H f 00 M 000
ASP B3862_ R f 00 S f  0.0 H f 00 M 000
GLY B3863_ R f 00 S f  0.0 H f 00 M 000
THR B3864_ R f 00 S f  0.0 H f 00 M 000
VAL B3865_ R f 00 S f  0.0 H f 00 M 000
ILE B3866_ R f 00 S f  0.0 H f 00 M 000
ASN B3867_ R f 00 S f  0.0 H f 00 M 000
ARG B3868_ R f 00 S f  0.0 H f 00 M 000
GLN B3869_ R f 00 S f  0.0 H f 00 M 000
ASN B3870_ R f 00 S f  0.0 H f 00 M 000
GLY B3871_ R f 00 S f  0.0 H f 00 M 000
GLU B3872_ R f 00 S f  0.0 H f 00 M 000
LYS B3873_ R f 00 S f  0.0 H f 00 M 000
VAL B3874_ R f 00 S f  0.0 H f 00 M 000
CTR B3874_ R f 00 S f  0.0 H f 00 M 000
NTR B3889_ R f 00 S f  0.0 H f 00 M 000
CTR B3889_ R f 00 S f  0.0 H f 00 M 000
GLN B3889_ R f 00 S f  0.0 H f 00 M 000
NTR B3915_ R f 00 S f  0.0 H f 00 M 000
ILE B3915_ R f 00 S f  0.0 H f 00 M 000
ILE B3916_ R f 00 S f  0.0 H f 00 M 000
ILE B3917_ R f 00 S f  0.0 H f 00 M 000
CYS B3918_ R f 00 S f  0.0 H f 00 M 000
THR B3919_ R f 00 S f  0.0 H f 00 M 000
VAL B3920_ R f 00 S f  0.0 H f 00 M 000
ASP B3921_ R f 00 S f  0.0 H f 00 M 000
CTR B3921_ R f 00 S f  0.0 H f 00 M 000
NTR B3923_ R f 00 S f  0.0 H f 00 M 000
CTR B3923_ R f 00 S f  0.0 H f 00 M 000
LEU B3923_ R f 00 S f  0.0 H f 00 M 000
NTR B3927_ R f 00 S f  0.0 H f 00 M 000
CTR B3927_ R f 00 S f  0.0 H f 00 M 000
GLN B3927_ R f 00 S f  0.0 H f 00 M 000
NTG B3971_ R f 00 S f  0.0 H f 00 M 000
GLY B3971_ R f 00 S f  0.0 H f 00 M 000
PRO B3972_ R f 00 S f  0.0 H f 00 M 000
CTR B3972_ R f 00 S f  0.0 H f 00 M 000
NTR B3989_ R f 00 S f  0.0 H f 00 M 000
CTR B3989_ R f 00 S f  0.0 H f 00 M 000
VAL B3989_ R f 00 S f  0.0 H f 00 M 000
NTR B4024_ R f 00 S f  0.0 H f 00 M 000
CTR B4024_ R f 00 S f  0.0 H f 00 M 000
VAL B4024_ R f 00 S f  0.0 H f 00 M 000
NTR B4032_ R f 00 S f  0.0 H f 00 M 000
GLU B4032_ R f 00 S f  0.0 H f 00 M 000
GLY B4033_ R f 00 S f  0.0 H f 00 M 000
CTR B4033_ R f 00 S f  0.0 H f 00 M 000
NTR B4037_ R f 00 S f  0.0 H f 00 M 000
CTR B4037_ R f 00 S f  0.0 H f 00 M 000
ASN B4037_ R f 00 S f  0.0 H f 00 M 000
NTR B4049_ R f 00 S f  0.0 H f 00 M 000
VAL B4049_ R f 00 S f  0.0 H f 00 M 000
GLU B4050_ R f 00 S f  0.0 H f 00 M 000
CTR B4050_ R f 00 S f  0.0 H f 00 M 000
NTR B4052_ R f 00 S f  0.0 H f 00 M 000
CTR B4052_ R f 00 S f  0.0 H f 00 M 000
SER B4052_ R f 00 S f  0.0 H f 00 M 000
NTR B4080_ R f 00 S f  0.0 H f 00 M 000
CTR B4080_ R f 00 S f  0.0 H f 00 M 000
TYR B4080_ R f 00 S f  0.0 H f 00 M 000
NTR B4082_ R f 00 S f  0.0 H f 00 M 000
THR B4082_ R f 00 S f  0.0 H f 00 M 000
ASP B4083_ R f 00 S f  0.0 H f 00 M 000
PRO B4084_ R f 00 S f  0.0 H f 00 M 000
ARG B4085_ R f 00 S f  0.0 H f 00 M 000
GLY B4086_ R f 00 S f  0.0 H f 00 M 000
LEU B4087_ R f 00 S f  0.0 H f 00 M 000
CTR B4087_ R f 00 S f  0.0 H f 00 M 000
NTR B4118_ R f 00 S f  0.0 H f 00 M 000
ASP B4118_ R f 00 S f  0.0 H f 00 M 000
GLU B4119_ R f 00 S f  0.0 H f 00 M 000
ASN B4120_ R f 00 S f  0.0 H f 00 M 000
GLU B4121_ R f 00 S f  0.0 H f 00 M 000
MET B4122_ R f 00 S f  0.0 H f 00 M 000
CTR B4122_ R f 00 S f  0.0 H f 00 M 000
NTR B4145_ R f 00 S f  0.0 H f 00 M 000
CTR B4145_ R f 00 S f  0.0 H f 00 M 000
VAL B4145_ R f 00 S f  0.0 H f 00 M 000
NTR B4150_ R f 00 S f  0.0 H f 00 M 000
CTR B4150_ R f 00 S f  0.0 H f 00 M 000
LEU B4150_ R f 00 S f  0.0 H f 00 M 000
NTR B4540_ R f 00 S f  0.0 H f 00 M 000
PHE B4540_ R f 00 S f  0.0 H f 00 M 000
TRP B4541_ R f 00 S f  0.0 H f 00 M 000
GLY B4542_ R f 00 S f  0.0 H f 00 M 000
GLU B4543_ R f 00 S f  0.0 H f 00 M 000
LEU B4544_ R f 00 S f  0.0 H f 00 M 000
GLU B4545_ R f 00 S f  0.0 H f 00 M 000
VAL B4546_ R f 00 S f  0.0 H f 00 M 000
GLN B4547_ R f 00 S f  0.0 H f 00 M 000
ARG B4548_ R f 00 S f  0.0 H f 00 M 000
VAL B4549_ R f 00 S f  0.0 H f 00 M 000
LYS B4550_ R f 00 S f  0.0 H f 00 M 000
PHE B4551_ R f 00 S f  0.0 H f 00 M 000
LEU B4552_ R f 00 S f  0.0 H f 00 M 000
ASN B4553_ R f 00 S f  0.0 H f 00 M 000
TYR B4554_ R f 00 S f  0.0 H f 00 M 000
LEU B4555_ R f 00 S f  0.0 H f 00 M 000
SER B4556_ R f 00 S f  0.0 H f 00 M 000
ARG B4557_ R f 00 S f  0.0 H f 00 M 000
ASN B4558_ R f 00 S f  0.0 H f 00 M 000
PHE B4559_ R f 00 S f  0.0 H f 00 M 000
TYR B4560_ R f 00 S f  0.0 H f 00 M 000
THR B4561_ R f 00 S f  0.0 H f 00 M 000
LEU B4562_ R f 00 S f  0.0 H f 00 M 000
ARG B4563_ R f 00 S f  0.0 H f 00 M 000
PHE B4564_ R f 00 S f  0.0 H f 00 M 000
LEU B4565_ R f 00 S f  0.0 H f 00 M 000
ALA B4566_ R f 00 S f  0.0 H f 00 M 000
LEU B4567_ R f 00 S f  0.0 H f 00 M 000
PHE B4568_ R f 00 S f  0.0 H f 00 M 000
LEU B4569_ R f 00 S f  0.0 H f 00 M 000
ALA B4570_ R f 00 S f  0.0 H f 00 M 000
PHE B4571_ R f 00 S f  0.0 H f 00 M 000
ALA B4572_ R f 00 S f  0.0 H f 00 M 000
ILE B4573_ R f 00 S f  0.0 H f 00 M 000
ASN B4574_ R f 00 S f  0.0 H f 00 M 000
PHE B4575_ R f 00 S f  0.0 H f 00 M 000
ILE B4576_ R f 00 S f  0.0 H f 00 M 000
LEU B4577_ R f 00 S f  0.0 H f 00 M 000
LEU B4578_ R f 00 S f  0.0 H f 00 M 000
PHE B4579_ R f 00 S f  0.0 H f 00 M 000
TYR B4580_ R f 00 S f  0.0 H f 00 M 000
LYS B4581_ R f 00 S f  0.0 H f 00 M 000
VAL B4582_ R f 00 S f  0.0 H f 00 M 000
SER B4583_ R f 00 S f  0.0 H f 00 M 000
ASP B4584_ R f 00 S f  0.0 H f 00 M 000
SER B4585_ R f 00 S f  0.0 H f 00 M 000
PRO B4586_ R f 00 S f  0.0 H f 00 M 000
PRO B4587_ R f 00 S f  0.0 H f 00 M 000
CTR B4587_ R f 00 S f  0.0 H f 00 M 000
NTR B4626_ R f 00 S f  0.0 H f 00 M 000
ASN B4626_ R f 00 S f  0.0 H f 00 M 000
MET B4627_ R f 00 S f  0.0 H f 00 M 000
VAL B4628_ R f 00 S f  0.0 H f 00 M 000
TYR B4629_ R f 00 S f  0.0 H f 00 M 000
TYR B4630_ R f 00 S f  0.0 H f 00 M 000
PHE B4631_ R f 00 S f  0.0 H f 00 M 000
LEU B4632_ R f 00 S f  0.0 H f 00 M 000
GLU B4633_ R f 00 S f  0.0 H f 00 M 000
GLU B4634_ R f 00 S f  0.0 H f 00 M 000
SER B4635_ R f 00 S f  0.0 H f 00 M 000
THR B4636_ R f 00 S f  0.0 H f 00 M 000
GLY B4637_ R f 00 S f  0.0 H f 00 M 000
TYR B4638_ R f 00 S f  0.0 H f 00 M 000
MET B4639_ R f 00 S f  0.0 H f 00 M 000
GLU B4640_ R f 00 S f  0.0 H f 00 M 000
PRO B4641_ R f 00 S f  0.0 H f 00 M 000
ALA B4642_ R f 00 S f  0.0 H f 00 M 000
LEU B4643_ R f 00 S f  0.0 H f 00 M 000
TRP B4644_ R f 00 S f  0.0 H f 00 M 000
CYS B4645_ R f 00 S f  0.0 H f 00 M 000
LEU B4646_ R f 00 S f  0.0 H f 00 M 000
SER B4647_ R f 00 S f  0.0 H f 00 M 000
LEU B4648_ R f 00 S f  0.0 H f 00 M 000
LEU B4649_ R f 00 S f  0.0 H f 00 M 000
HIS B4650_ R f 00 S f  0.0 H f 00 M 000
THR B4651_ R f 00 S f  0.0 H f 00 M 000
LEU B4652_ R f 00 S f  0.0 H f 00 M 000
VAL B4653_ R f 00 S f  0.0 H f 00 M 000
ALA B4654_ R f 00 S f  0.0 H f 00 M 000
PHE B4655_ R f 00 S f  0.0 H f 00 M 000
LEU B4656_ R f 00 S f  0.0 H f 00 M 000
CYS B4657_ R f 00 S f  0.0 H f 00 M 000
ILE B4658_ R f 00 S f  0.0 H f 00 M 000
ILE B4659_ R f 00 S f  0.0 H f 00 M 000
GLY B4660_ R f 00 S f  0.0 H f 00 M 000
TYR B4661_ R f 00 S f  0.0 H f 00 M 000
ASN B4662_ R f 00 S f  0.0 H f 00 M 000
CYS B4663_ R f 00 S f  0.0 H f 00 M 000
LEU B4664_ R f 00 S f  0.0 H f 00 M 000
LYS B4665_ R f 00 S f  0.0 H f 00 M 000
CTR B4665_ R f 00 S f  0.0 H f 00 M 000
NTG B4693_ R f 00 S f  0.0 H f 00 M 000
GLY B4693_ R f 00 S f  0.0 H f 00 M 000
ASP B4694_ R f 00 S f  0.0 H f 00 M 000
CTR B4694_ R f 00 S f  0.0 H f 00 M 000
NTR B4716_ R f 00 S f  0.0 H f 00 M 000
CTR B4716_ R f 00 S f  0.0 H f 00 M 000
TRP B4716_ R f 00 S f  0.0 H f 00 M 000
NTR B4755_ R f 00 S f  0.0 H f 00 M 000
GLU B4755_ R f 00 S f  0.0 H f 00 M 000
ARG B4756_ R f 00 S f  0.0 H f 00 M 000
LYS B4757_ R f 00 S f  0.0 H f 00 M 000
PRO B4758_ R f 00 S f  0.0 H f 00 M 000
ASP B4759_ R f 00 S f  0.0 H f 00 M 000
PRO B4760_ R f 00 S f  0.0 H f 00 M 000
PRO B4761_ R f 00 S f  0.0 H f 00 M 000
PRO B4762_ R f 00 S f  0.0 H f 00 M 000
GLY B4763_ R f 00 S f  0.0 H f 00 M 000
LEU B4764_ R f 00 S f  0.0 H f 00 M 000
LEU B4765_ R f 00 S f  0.0 H f 00 M 000
THR B4766_ R f 00 S f  0.0 H f 00 M 000
TRP B4767_ R f 00 S f  0.0 H f 00 M 000
LEU B4768_ R f 00 S f  0.0 H f 00 M 000
MET B4769_ R f 00 S f  0.0 H f 00 M 000
SER B4770_ R f 00 S f  0.0 H f 00 M 000
ILE B4771_ R f 00 S f  0.0 H f 00 M 000
ASP B4772_ R f 00 S f  0.0 H f 00 M 000
CTR B4772_ R f 00 S f  0.0 H f 00 M 000
NTR B4790_ R f 00 S f  0.0 H f 00 M 000
LEU B4790_ R f 00 S f  0.0 H f 00 M 000
TYR B4791_ R f 00 S f  0.0 H f 00 M 000
LEU B4792_ R f 00 S f  0.0 H f 00 M 000
GLY B4793_ R f 00 S f  0.0 H f 00 M 000
TRP B4794_ R f 00 S f  0.0 H f 00 M 000
TYR B4795_ R f 00 S f  0.0 H f 00 M 000
MET B4796_ R f 00 S f  0.0 H f 00 M 000
VAL B4797_ R f 00 S f  0.0 H f 00 M 000
MET B4798_ R f 00 S f  0.0 H f 00 M 000
SER B4799_ R f 00 S f  0.0 H f 00 M 000
LEU B4800_ R f 00 S f  0.0 H f 00 M 000
LEU B4801_ R f 00 S f  0.0 H f 00 M 000
GLY B4802_ R f 00 S f  0.0 H f 00 M 000
HIS B4803_ R f 00 S f  0.0 H f 00 M 000
TYR B4804_ R f 00 S f  0.0 H f 00 M 000
ASN B4805_ R f 00 S f  0.0 H f 00 M 000
ASN B4806_ R f 00 S f  0.0 H f 00 M 000
PHE B4807_ R f 00 S f  0.0 H f 00 M 000
PHE B4808_ R f 00 S f  0.0 H f 00 M 000
PHE B4809_ R f 00 S f  0.0 H f 00 M 000
ALA B4810_ R f 00 S f  0.0 H f 00 M 000
ALA B4811_ R f 00 S f  0.0 H f 00 M 000
HIS B4812_ R f 00 S f  0.0 H f 00 M 000
LEU B4813_ R f 00 S f  0.0 H f 00 M 000
LEU B4814_ R f 00 S f  0.0 H f 00 M 000
ASP B4815_ R f 00 S f  0.0 H f 00 M 000
ILE B4816_ R f 00 S f  0.0 H f 00 M 000
ALA B4817_ R f 00 S f  0.0 H f 00 M 000
MET B4818_ R f 00 S f  0.0 H f 00 M 000
CTR B4818_ R f 00 S f  0.0 H f 00 M 000
NTR B4849_ R f 00 S f  0.0 H f 00 M 000
TYR B4849_ R f 00 S f  0.0 H f 00 M 000
LEU B4850_ R f 00 S f  0.0 H f 00 M 000
TYR B4851_ R f 00 S f  0.0 H f 00 M 000
THR B4852_ R f 00 S f  0.0 H f 00 M 000
VAL B4853_ R f 00 S f  0.0 H f 00 M 000
VAL B4854_ R f 00 S f  0.0 H f 00 M 000
ALA B4855_ R f 00 S f  0.0 H f 00 M 000
PHE B4856_ R f 00 S f  0.0 H f 00 M 000
ASN B4857_ R f 00 S f  0.0 H f 00 M 000
PHE B4858_ R f 00 S f  0.0 H f 00 M 000
PHE B4859_ R f 00 S f  0.0 H f 00 M 000
ARG B4860_ R f 00 S f  0.0 H f 00 M 000
LYS B4861_ R f 00 S f  0.0 H f 00 M 000
PHE B4862_ R f 00 S f  0.0 H f 00 M 000
TYR B4863_ R f 00 S f  0.0 H f 00 M 000
ASN B4864_ R f 00 S f  0.0 H f 00 M 000
LYS B4865_ R f 00 S f  0.0 H f 00 M 000
SER B4866_ R f 00 S f  0.0 H f 00 M 000
GLU B4867_ R f 00 S f  0.0 H f 00 M 000
ASP B4868_ R f 00 S f  0.0 H f 00 M 000
GLU B4869_ R f 00 S f  0.0 H f 00 M 000
ASP B4870_ R f 00 S f  0.0 H f 00 M 000
GLU B4871_ R f 00 S f  0.0 H f 00 M 000
CTR B4871_ R f 00 S f  0.0 H f 00 M 000
NTR B4872_ R f 00 S f  0.0 H f 00 M 000
PRO B4872_ R f 00 S f  0.0 H f 00 M 000
ASP B4873_ R f 00 S f  0.0 H f 00 M 000
MET B4874_ R f 00 S f  0.0 H f 00 M 000
LYS B4875_ R f 00 S f  0.0 H f 00 M 000
CYS B4876_ R f 00 S f  0.0 H f 00 M 000
ASP B4877_ R f 00 S f  0.0 H f 00 M 000
ASP B4878_ R f 00 S f  0.0 H f 00 M 000
MET B4879_ R f 00 S f  0.0 H f 00 M 000
MET B4880_ R f 00 S f  0.0 H f 00 M 000
THR B4881_ R f 00 S f  0.0 H f 00 M 000
CYS B4882_ R f 00 S f  0.0 H f 00 M 000
TYR B4883_ R f 00 S f  0.0 H f 00 M 000
CTR B4883_ R f 00 S f  0.0 H f 00 M 000
NTR B4885_ R f 00 S f  0.0 H f 00 M 000
CTR B4885_ R f 00 S f  0.0 H f 00 M 000
PHE B4885_ R f 00 S f  0.0 H f 00 M 000
NTR B4887_ R f 00 S f  0.0 H f 00 M 000
CTR B4887_ R f 00 S f  0.0 H f 00 M 000
MET B4887_ R f 00 S f  0.0 H f 00 M 000
NTR B4899_ R f 00 S f  0.0 H f 00 M 000
ASP B4899_ R f 00 S f  0.0 H f 00 M 000
GLU B4900_ R f 00 S f  0.0 H f 00 M 000
ILE B4901_ R f 00 S f  0.0 H f 00 M 000
GLU B4902_ R f 00 S f  0.0 H f 00 M 000
CTR B4902_ R f 00 S f  0.0 H f 00 M 000
NTR B4904_ R f 00 S f  0.0 H f 00 M 000
PRO B4904_ R f 00 S f  0.0 H f 00 M 000
ALA B4905_ R f 00 S f  0.0 H f 00 M 000
GLY B4906_ R f 00 S f  0.0 H f 00 M 000
ASP B4907_ R f 00 S f  0.0 H f 00 M 000
GLU B4908_ R f 00 S f  0.0 H f 00 M 000
TYR B4909_ R f 00 S f  0.0 H f 00 M 000
GLU B4910_ R f 00 S f  0.0 H f 00 M 000
CTR B4910_ R f 00 S f  0.0 H f 00 M 000
NTR B4913_ R f 00 S f  0.0 H f 00 M 000
CTR B4913_ R f 00 S f  0.0 H f 00 M 000
ARG B4913_ R f 00 S f  0.0 H f 00 M 000
NTR B5009_ R f 00 S f  0.0 H f 00 M 000
CTR B5009_ R f 00 S f  0.0 H f 00 M 000
TYR B5009_ R f 00 S f  0.0 H f 00 M 000
NTR B5015_ R f 00 S f  0.0 H f 00 M 000
CTR B5015_ R f 00 S f  0.0 H f 00 M 000
GLN B5015_ R f 00 S f  0.0 H f 00 M 000
_CA B5102_ R f 00 S f  0.0 H f 00 M 000
