   confID        vdw0    sas     sum
NTR01B3639_001  -0.003  -3.328  -3.331
NTR+1B3639_002  -0.005  -3.328  -3.333
THR01B3639_001   0.166  -4.330  -4.163
PRO01B3640_001   0.305  -3.439  -3.134
LEU01B3641_001   2.296  -9.523  -7.227
TYR01B3642_001   4.633 -10.143  -5.510
TYR-1B3642_002   4.633 -10.143  -5.510
ASN01B3643_001   0.385  -2.563  -2.178
ASN01B3643_002   0.141  -2.239  -2.099
LEU01B3644_001   1.893  -2.743  -0.850
PRO01B3645_001   0.272  -3.413  -3.141
THR01B3646_001   0.264  -7.154  -6.891
HIS01B3647_001  -0.170  -8.314  -8.484
HIS01B3647_002  -0.130  -8.471  -8.601
HIS02B3647_003  -0.188  -8.314  -8.502
HIS02B3647_004  -0.143  -8.471  -8.615
HIS+1B3647_005  -0.215  -8.314  -8.529
HIS+1B3647_006  -0.170  -8.471  -8.641
ARG01B3648_001   2.598  -8.504  -5.906
ARG02B3648_002   2.575  -8.504  -5.929
ARG03B3648_003   2.583  -8.504  -5.921
ARG+1B3648_004   2.536  -8.504  -5.968
ALA01B3649_001   0.000  -1.268  -1.268
CYS01B3650_001  -0.002  -4.093  -4.094
CYS01B3650_002  -0.002  -4.093  -4.094
CYS01B3650_003  -0.002  -4.093  -4.095
CYS-1B3650_004   0.000  -4.093  -4.093
ASN01B3651_001   0.445  -2.808  -2.363
ASN01B3651_002   0.206  -3.014  -2.808
MET01B3652_001   0.362  -6.534  -6.172
PHE01B3653_001   4.492  -8.830  -4.338
LEU01B3654_001   1.936  -7.241  -5.304
GLU01B3655_001   1.659  -3.056  -1.397
GLU01B3655_002   1.659  -3.056  -1.397
GLU02B3655_003   1.383  -3.049  -1.666
GLU02B3655_004   1.383  -3.049  -1.666
GLU-1B3655_005   1.285  -2.992  -1.707
SER01B3656_001   0.000  -3.540  -3.540
TYR01B3657_001   4.991  -5.745  -0.754
TYR-1B3657_002   4.991  -5.745  -0.754
LYS01B3658_001   3.292  -7.759  -4.467
LYS+1B3658_002   3.245  -7.759  -4.514
ALA01B3659_001   0.000  -4.823  -4.823
ALA01B3660_001   0.000  -2.592  -2.592
TRP01B3661_001   3.053  -4.469  -1.415
ILE01B3662_001   1.999 -10.672  -8.673
LEU01B3663_001   2.280  -5.714  -3.435
THR01B3664_001   0.188  -5.139  -4.951
THR01B3664_002   0.188  -5.139  -4.951
GLU01B3665_001   1.351  -2.798  -1.446
GLU01B3665_002   1.351  -2.798  -1.446
GLU02B3665_003   1.130  -2.794  -1.664
GLU02B3665_004   1.130  -2.794  -1.664
GLU-1B3665_005   1.035  -2.711  -1.676
ASP01B3666_001   0.457  -1.582  -1.125
ASP01B3666_002   0.457  -1.582  -1.125
ASP02B3666_003   0.496  -1.543  -1.047
ASP02B3666_004   0.496  -1.543  -1.047
ASP-1B3666_005   0.389  -1.572  -1.183
HIS01B3667_001  -0.175  -5.495  -5.670
HIS01B3667_002  -0.129  -5.119  -5.248
HIS02B3667_003  -0.194  -5.495  -5.689
HIS02B3667_004  -0.142  -5.119  -5.260
HIS+1B3667_005  -0.221  -5.495  -5.716
HIS+1B3667_006  -0.168  -5.119  -5.287
SER01B3668_001   0.000  -3.225  -3.225
SER01B3668_002   0.000  -3.225  -3.225
PHE01B3669_001   4.472  -5.579  -1.108
GLU01B3670_001   0.622  -0.254   0.368
GLU01B3670_002   0.622  -0.254   0.368
GLU02B3670_003   0.538  -0.290   0.248
GLU02B3670_004   0.538  -0.290   0.248
GLU-1B3670_005   0.463  -0.254   0.209
ASP01B3671_001   0.074  -0.379  -0.305
ASP01B3671_002   0.074  -0.379  -0.305
ASP02B3671_003   0.144  -0.398  -0.254
ASP02B3671_004   0.144  -0.398  -0.254
ASP-1B3671_005   0.070  -0.379  -0.309
ARG01B3672_001   4.659  -9.804  -5.145
ARG02B3672_002   4.609  -9.804  -5.194
ARG03B3672_003   4.601  -9.804  -5.202
ARG+1B3672_004   4.561  -9.804  -5.242
MET01B3673_001   0.421  -3.704  -3.282
ILE01B3674_001   4.298  -0.119   4.179
ASP01B3675_001   0.225  -0.933  -0.708
ASP01B3675_002   0.225  -0.933  -0.708
ASP02B3675_003   0.323  -0.937  -0.615
ASP02B3675_004   0.323  -0.937  -0.615
ASP-1B3675_005   0.213  -0.926  -0.713
ASP01B3676_001   0.047  -1.580  -1.533
ASP01B3676_002   0.047  -1.580  -1.533
ASP02B3676_003   0.110  -1.640  -1.530
ASP02B3676_004   0.110  -1.640  -1.530
ASP-1B3676_005   0.044  -1.580  -1.536
LEU01B3677_001   2.355  -2.369  -0.015
SER01B3678_001   0.000  -0.974  -0.974
SER01B3678_002   0.000  -0.974  -0.974
LYS01B3679_001   1.626  -8.008  -6.382
LYS+1B3679_002   1.540  -8.008  -6.468
ALA01B3680_001   0.000  -3.310  -3.310
GLU01B3682_001   0.500  -3.488  -2.988
GLU01B3682_002   0.500  -3.488  -2.988
GLU02B3682_003   0.667  -3.321  -2.654
GLU02B3682_004   0.667  -3.321  -2.654
GLU-1B3682_005   0.469  -3.294  -2.825
GLN01B3683_001   0.456  -0.990  -0.534
GLU01B3684_001   0.497  -3.804  -3.307
GLU01B3684_002   0.497  -3.804  -3.307
GLU02B3684_003   0.664  -3.784  -3.120
GLU02B3684_004   0.664  -3.784  -3.120
GLU-1B3684_005   0.466  -3.609  -3.143
GLU01B3685_001   0.500  -4.369  -3.868
GLU01B3685_002   0.500  -4.369  -3.868
GLU02B3685_003   0.667  -4.456  -3.789
GLU02B3685_004   0.667  -4.456  -3.789
GLU-1B3685_005   0.469  -4.332  -3.863
GLU01B3686_001   0.500  -2.708  -2.208
GLU01B3686_002   0.500  -2.708  -2.208
GLU02B3686_003   0.668  -2.774  -2.107
GLU02B3686_004   0.668  -2.774  -2.107
GLU-1B3686_005   0.469  -2.691  -2.222
GLU01B3687_001   0.501  -2.426  -1.925
GLU01B3687_002   0.501  -2.426  -1.925
GLU02B3687_003   0.667  -2.347  -1.680
GLU02B3687_004   0.667  -2.347  -1.680
GLU-1B3687_005   0.469  -2.343  -1.874
GLU01B3688_001   0.501  -3.918  -3.417
GLU01B3688_002   0.501  -3.918  -3.417
GLU02B3688_003   0.668  -3.914  -3.246
GLU02B3688_004   0.668  -3.914  -3.246
GLU-1B3688_005   0.470  -3.850  -3.380
GLU01B3689_001   0.500  -4.072  -3.572
GLU01B3689_002   0.500  -4.072  -3.572
GLU02B3689_003   0.666  -4.083  -3.416
GLU02B3689_004   0.666  -4.083  -3.416
GLU-1B3689_005   0.468  -3.975  -3.507
VAL01B3690_001   0.501  -2.917  -2.416
GLU01B3691_001   0.499  -4.384  -3.886
GLU01B3691_002   0.499  -4.384  -3.886
GLU02B3691_003   0.665  -4.350  -3.685
GLU02B3691_004   0.665  -4.350  -3.685
GLU-1B3691_005   0.468  -4.246  -3.779
GLU01B3692_001   0.499  -3.844  -3.345
GLU01B3692_002   0.499  -3.844  -3.345
GLU02B3692_003   0.666  -3.859  -3.193
GLU02B3692_004   0.666  -3.859  -3.193
GLU-1B3692_005   0.468  -3.686  -3.219
LYS01B3693_001   3.782  -7.454  -3.672
LYS+1B3693_002   3.688  -7.454  -3.766
LYS01B3694_001   1.766  -3.978  -2.212
LYS+1B3694_002   1.680  -3.978  -2.298
PRO01B3695_001   0.288  -2.241  -1.954
ASP01B3696_001   0.152  -0.422  -0.270
ASP01B3696_002   0.152  -0.422  -0.270
ASP02B3696_003   0.234  -0.428  -0.193
ASP02B3696_004   0.234  -0.428  -0.193
ASP-1B3696_005   0.143  -0.413  -0.270
PRO01B3697_001   0.263  -3.004  -2.741
LEU01B3698_001   2.452   0.000   2.452
HIS01B3699_001  -0.140  -2.156  -2.296
HIS02B3699_002  -0.159  -2.156  -2.314
HIS+1B3699_003  -0.186  -2.156  -2.341
GLN01B3700_001   1.145  -2.346  -1.200
GLN01B3700_002   1.930  -2.415  -0.485
LEU01B3701_001   3.589  -1.597   1.992
VAL01B3702_001   0.701  -0.155   0.547
LEU01B3703_001   1.647  -4.478  -2.831
HIS01B3704_001  -0.142  -6.708  -6.851
HIS01B3704_002  -0.098  -6.731  -6.830
HIS02B3704_003  -0.161  -6.708  -6.869
HIS02B3704_004  -0.111  -6.731  -6.843
HIS+1B3704_005  -0.188  -6.708  -6.896
HIS+1B3704_006  -0.138  -6.731  -6.869
PHE01B3705_001   4.604  -0.101   4.503
SER01B3706_001   0.000  -1.408  -1.408
SER01B3706_002   0.000  -1.408  -1.408
ARG01B3707_001   2.990 -10.915  -7.925
ARG02B3707_002   3.063 -10.915  -7.852
ARG03B3707_003   2.966 -10.915  -7.949
ARG+1B3707_004   2.927 -10.915  -7.988
THR01B3708_001   0.213  -2.577  -2.363
ALA01B3709_001   0.000   0.000   0.000
LEU01B3710_001   1.660  -6.162  -4.502
THR01B3711_001   0.182  -4.882  -4.700
GLU01B3712_001   5.195  -3.866   1.329
GLU01B3712_002   5.195  -3.866   1.329
GLU02B3712_003   4.204  -3.922   0.282
GLU02B3712_004   4.204  -3.922   0.282
GLU-1B3712_005   4.133  -3.819   0.314
LYS01B3713_001   2.967  -4.288  -1.321
LYS+1B3713_002   2.917  -4.288  -1.371
SER01B3714_001   0.000  -4.979  -4.979
SER01B3714_002   0.000  -4.979  -4.979
LYS01B3715_001   1.751  -9.066  -7.315
LYS+1B3715_002   1.704  -9.066  -7.362
LEU01B3716_001   1.601  -0.737   0.863
ASP01B3717_001   0.151  -2.295  -2.144
ASP01B3717_002   0.151  -2.295  -2.144
ASP02B3717_003   0.231  -2.309  -2.078
ASP02B3717_004   0.231  -2.309  -2.078
ASP-1B3717_005   0.141  -2.209  -2.068
GLU01B3718_001   2.217  -2.765  -0.548
GLU01B3718_002   2.217  -2.765  -0.548
GLU02B3718_003   1.804  -2.840  -1.035
GLU02B3718_004   1.804  -2.840  -1.035
GLU-1B3718_005   1.721  -2.794  -1.073
ASP01B3719_001   0.051  -0.929  -0.879
ASP01B3719_002   0.051  -0.929  -0.879
ASP02B3719_003   0.115  -0.910  -0.795
ASP02B3719_004   0.115  -0.910  -0.795
ASP-1B3719_005   0.047  -0.896  -0.849
TYR01B3720_001   4.534 -11.906  -7.373
TYR-1B3720_002   4.534 -11.906  -7.373
LEU01B3721_001   3.327  -5.818  -2.491
TYR01B3722_001   4.811   0.000   4.811
TYR-1B3722_002   4.811   0.000   4.811
MET01B3723_001   0.264  -1.237  -0.974
ALA01B3724_001   0.000  -1.542  -1.542
TYR01B3725_001   4.750  -3.071   1.679
TYR01B3725_002   4.750  -3.071   1.679
TYR-1B3725_003   4.750  -3.071   1.679
ALA01B3726_001   0.000   0.000   0.000
ASP01B3727_001   0.083  -1.826  -1.743
ASP01B3727_002   0.083  -1.826  -1.743
ASP02B3727_003   0.157  -1.881  -1.724
ASP02B3727_004   0.157  -1.881  -1.724
ASP-1B3727_005   0.080  -1.809  -1.729
ILE01B3728_001   2.445  -0.721   1.724
MET01B3729_001   0.136  -0.116   0.020
ALA01B3730_001   0.000  -0.309  -0.309
LYS01B3731_001   1.664  -3.204  -1.540
LYS+1B3731_002   1.579  -3.204  -1.624
SER01B3732_001   0.000   0.000   0.000
SER01B3732_002   0.000   0.000   0.000
CYS01B3733_001  -0.002   0.000  -0.002
CYS01B3733_002  -0.002   0.000  -0.002
CYS01B3733_003  -0.002   0.000  -0.002
CYS-1B3733_004   0.000   0.000   0.000
HIS01B3734_001  -0.353  -2.592  -2.946
HIS02B3734_002  -0.363  -2.592  -2.955
HIS+1B3734_003  -0.382  -2.592  -2.974
LEU01B3735_001   1.455  -0.840   0.615
GLU01B3736_001   0.496  -0.145   0.352
GLU01B3736_002   0.496  -0.145   0.352
GLU02B3736_003   0.662  -0.138   0.525
GLU02B3736_004   0.662  -0.138   0.525
GLU-1B3736_005   0.465  -0.138   0.327
GLU01B3737_001   0.500  -1.317  -0.817
GLU01B3737_002   0.500  -1.317  -0.817
GLU02B3737_003   0.666  -1.322  -0.656
GLU02B3737_004   0.666  -1.322  -0.656
GLU-1B3737_005   0.468  -1.322  -0.854
GLU01B3740_001   0.499  -1.323  -0.824
GLU01B3740_002   0.499  -1.323  -0.824
GLU02B3740_003   0.666  -1.375  -0.709
GLU02B3740_004   0.666  -1.375  -0.709
GLU-1B3740_005   0.468  -1.270  -0.803
ASN01B3741_001  -0.020  -2.168  -2.188
CTR01B3741_001  -0.021  -4.913  -4.934
CTR01B3741_002   0.111  -4.875  -4.764
CTR02B3741_003  -0.022  -5.087  -5.110
CTR02B3741_004   0.044  -5.088  -5.044
CTR-1B3741_005   0.000  -4.913  -4.913
NTR01B3747_001  -0.003  -3.602  -3.605
NTR+1B3747_002  -0.005  -3.602  -3.607
GLU01B3747_001   0.498  -4.878  -4.381
GLU01B3747_002   0.498  -4.878  -4.381
GLU02B3747_003   0.664  -4.726  -4.062
GLU02B3747_004   0.664  -4.726  -4.062
GLU-1B3747_005   0.466  -4.668  -4.201
GLU01B3748_001   0.497  -3.795  -3.297
GLU01B3748_002   0.497  -3.795  -3.297
GLU02B3748_003   0.664  -3.763  -3.099
GLU02B3748_004   0.664  -3.763  -3.099
GLU-1B3748_005   0.466  -3.665  -3.198
VAL01B3749_001   0.501  -8.493  -7.992
GLU01B3750_001   1.781  -3.337  -1.556
GLU01B3750_002   1.781  -3.337  -1.556
GLU02B3750_003   1.461  -3.352  -1.891
GLU02B3750_004   1.461  -3.352  -1.891
GLU-1B3750_005   1.373  -3.336  -1.963
VAL01B3751_001   0.731  -3.844  -3.113
SER01B3752_001   0.000  -2.599  -2.599
PHE01B3753_001   4.992  -4.908   0.084
GLU01B3754_001   1.829  -1.930  -0.101
GLU01B3754_002   1.829  -1.930  -0.101
GLU02B3754_003   1.519  -2.012  -0.493
GLU02B3754_004   1.519  -2.012  -0.493
GLU-1B3754_005   1.421  -1.919  -0.498
GLU01B3755_001   1.676  -2.275  -0.598
GLU01B3755_002   1.676  -2.275  -0.598
GLU02B3755_003   1.399  -2.318  -0.918
GLU02B3755_004   1.399  -2.318  -0.918
GLU-1B3755_005   1.300  -2.231  -0.931
LYS01B3756_001   2.060  -4.091  -2.031
LYS+1B3756_002   2.013  -4.091  -2.078
GLU01B3757_001   1.820  -1.064   0.756
GLU01B3757_002   1.820  -1.064   0.756
GLU02B3757_003   1.514  -1.167   0.347
GLU02B3757_004   1.514  -1.167   0.347
GLU-1B3757_005   1.414  -1.068   0.346
MET01B3758_001   0.056  -1.659  -1.603
GLU01B3759_001   2.547  -0.669   1.878
GLU01B3759_002   2.547  -0.669   1.878
GLU02B3759_003   2.086  -0.674   1.412
GLU02B3759_004   2.086  -0.674   1.412
GLU-1B3759_005   2.017  -0.655   1.362
LYS01B3760_001   4.950  -3.080   1.870
LYS+1B3760_002   4.899  -3.080   1.820
GLN01B3761_001   0.753  -0.797  -0.044
GLN01B3761_002   0.616  -0.959  -0.343
ARG01B3762_001   2.652  -2.010   0.642
ARG02B3762_002   2.652  -2.010   0.642
ARG03B3762_003   2.594  -2.010   0.584
ARG+1B3762_004   2.555  -2.010   0.544
LEU01B3763_001   1.580  -0.464   1.116
LEU01B3764_001   1.469  -5.116  -3.647
TYR01B3765_001   5.295  -3.737   1.558
TYR-1B3765_002   5.295  -3.737   1.558
GLN01B3766_001   3.040   0.000   3.040
GLN01B3766_002   4.876   0.000   4.876
GLN01B3767_001   1.085  -0.052   1.032
GLN01B3767_002   0.851  -0.013   0.838
SER01B3768_001   0.000  -2.681  -2.681
SER01B3768_002   0.000  -2.681  -2.681
ARG01B3769_001   1.769  -0.171   1.598
ARG02B3769_002   1.723  -0.171   1.552
ARG03B3769_003   1.717  -0.171   1.546
ARG+1B3769_004   1.677  -0.171   1.507
LEU01B3770_001   1.398   0.000   1.398
HIS01B3771_001  -0.147  -2.881  -3.028
HIS01B3771_002  -0.110  -2.880  -2.990
HIS02B3771_003  -0.165  -2.881  -3.046
HIS02B3771_004  -0.124  -2.880  -3.004
HIS+1B3771_005  -0.191  -2.881  -3.073
HIS+1B3771_006  -0.150  -2.880  -3.030
THR01B3772_001   0.370  -1.409  -1.039
THR01B3772_002   0.370  -1.409  -1.039
THR01B3772_003   0.370  -1.409  -1.039
ARG01B3773_001   1.804  -9.305  -7.501
ARG02B3773_002   1.869  -9.305  -7.436
ARG03B3773_003   1.783  -9.305  -7.522
ARG+1B3773_004   1.740  -9.305  -7.565
ALA01B3775_001   0.000   0.000   0.000
ALA01B3776_001   0.000   0.000   0.000
GLU01B3777_001   2.988  -1.212   1.776
GLU01B3777_002   2.988  -1.212   1.776
GLU02B3777_003   2.397  -1.262   1.136
GLU02B3777_004   2.397  -1.262   1.136
GLU-1B3777_005   2.322  -1.206   1.116
MET01B3778_001   0.535  -0.052   0.483
VAL01B3779_001   0.992  -0.052   0.941
LEU01B3780_001   2.277   0.000   2.277
GLN01B3781_001   2.258  -0.575   1.683
GLN01B3781_002   3.706  -0.559   3.147
MET01B3782_001   1.244  -0.048   1.196
ILE01B3783_001   1.831  -0.309   1.522
SER01B3784_001   0.000  -1.204  -1.204
SER01B3784_002   0.000  -1.204  -1.204
ALA01B3785_001   0.000   0.000   0.000
CYS01B3786_001  -0.002  -0.071  -0.073
CYS01B3786_002  -0.002  -0.071  -0.073
CYS01B3786_003  -0.003  -0.071  -0.074
CYS-1B3786_004   0.000  -0.071  -0.071
LYS01B3787_001   1.394  -5.594  -4.199
LYS+1B3787_002   1.345  -5.594  -4.249
GLU01B3789_001   1.316  -1.396  -0.080
GLU01B3789_002   1.316  -1.396  -0.080
GLU02B3789_003   1.130  -1.438  -0.309
GLU02B3789_004   1.130  -1.438  -0.309
GLU-1B3789_005   1.040  -1.381  -0.341
THR01B3790_001   0.239  -2.750  -2.511
THR01B3790_002   0.239  -2.750  -2.511
ALA01B3792_001   0.000  -3.052  -3.052
MET01B3793_001   0.243  -0.402  -0.159
VAL01B3794_001   0.716   0.000   0.716
SER01B3795_001   0.000  -0.921  -0.921
SER01B3795_002   0.000  -0.921  -0.921
SER01B3796_001   0.000  -0.698  -0.698
SER01B3796_002   0.000  -0.698  -0.698
SER01B3796_003   0.000  -0.698  -0.698
THR01B3797_001   0.242  -0.052   0.191
THR01B3797_002   0.242  -0.052   0.191
LEU01B3798_001   2.291  -0.258   2.034
LYS01B3799_001   1.674  -4.123  -2.449
LYS+1B3799_002   1.626  -4.123  -2.497
LEU01B3800_001   1.874   0.000   1.874
ILE01B3802_001   3.135  -0.686   2.449
SER01B3803_001   0.000  -0.181  -0.181
SER01B3803_002   0.000  -0.181  -0.181
SER01B3803_003   0.000  -0.181  -0.181
ILE01B3804_001   4.016   0.000   4.016
LEU01B3805_001   2.739   0.000   2.739
ASN01B3806_001   0.170  -0.630  -0.460
ASN01B3806_002   0.004  -0.881  -0.877
ASN01B3809_001   0.448  -0.241   0.207
ASN01B3809_002   0.210  -0.394  -0.184
ALA01B3810_001   0.000  -2.814  -2.814
GLU01B3811_001   1.905  -2.569  -0.664
GLU01B3811_002   1.905  -2.569  -0.664
GLU02B3811_003   1.594  -2.721  -1.127
GLU02B3811_004   1.594  -2.721  -1.127
GLU-1B3811_005   1.487  -2.545  -1.057
VAL01B3812_001   0.645  -0.103   0.542
GLN01B3813_001   2.496  -0.034   2.461
GLN01B3813_002   4.134  -0.039   4.095
GLN01B3814_001   0.861  -2.122  -1.261
GLN01B3814_002   0.717  -2.038  -1.321
LYS01B3815_001   1.042  -1.003   0.039
LYS+1B3815_002   0.998  -1.003  -0.005
MET01B3816_001   2.251  -0.048   2.203
LEU01B3817_001   1.674  -0.155   1.519
ASP01B3818_001   0.484  -2.249  -1.764
ASP01B3818_002   0.484  -2.249  -1.764
ASP02B3818_003   0.530  -2.173  -1.643
ASP02B3818_004   0.530  -2.173  -1.643
ASP-1B3818_005   0.416  -2.102  -1.686
TYR01B3819_001   4.936  -2.560   2.376
TYR-1B3819_002   4.936  -2.560   2.376
LEU01B3820_001   2.628   0.000   2.628
LYS01B3821_001   3.132  -4.300  -1.168
LYS+1B3821_002   3.059  -4.300  -1.241
ASP01B3822_001   0.469  -3.050  -2.581
ASP01B3822_002   0.469  -3.050  -2.581
ASP02B3822_003   0.532  -2.893  -2.361
ASP02B3822_004   0.532  -2.893  -2.361
ASP-1B3822_005   0.410  -2.929  -2.519
LYS01B3823_001   3.785  -2.281   1.504
LYS+1B3823_002   3.690  -2.281   1.409
LYS01B3824_001   2.504  -5.090  -2.586
LYS+1B3824_002   2.419  -5.090  -2.672
GLU01B3825_001   1.478  -0.508   0.969
GLU01B3825_002   1.478  -0.508   0.969
GLU02B3825_003   1.226  -0.487   0.740
GLU02B3825_004   1.226  -0.487   0.740
GLU-1B3825_005   1.154  -0.481   0.672
VAL01B3826_001   0.705  -2.814  -2.109
PHE01B3828_001   5.159  -0.253   4.906
PHE01B3829_001   5.179  -0.152   5.027
GLN01B3830_001   3.417  -1.940   1.477
GLN01B3830_002   5.562  -2.001   3.561
SER01B3831_001   0.000   0.000   0.000
ILE01B3832_001   2.383  -0.361   2.022
GLN01B3833_001   2.207  -1.383   0.824
GLN01B3833_002   3.596  -1.442   2.154
ALA01B3834_001   0.000  -1.906  -1.906
LEU01B3835_001   2.261   0.000   2.261
MET01B3836_001   0.694   0.000   0.694
GLN01B3837_001   2.615  -2.886  -0.271
GLN01B3837_002   4.418  -2.940   1.478
THR01B3838_001   0.243  -2.960  -2.717
THR01B3838_002   0.243  -2.960  -2.717
CYS01B3839_001  -0.002   0.000  -0.002
CYS01B3839_002  -0.002   0.000  -0.002
CYS01B3839_003  -0.003   0.000  -0.003
CYS-1B3839_004   0.000   0.000   0.000
SER01B3840_001   0.000  -1.431  -1.431
SER01B3840_002   0.000  -1.431  -1.431
SER01B3840_003   0.000  -1.431  -1.431
VAL01B3841_001   0.695  -1.355  -0.661
LEU01B3842_001   2.028   0.000   2.028
ASP01B3843_001   0.203  -1.698  -1.495
ASP01B3843_002   0.203  -1.698  -1.495
ASP02B3843_003   0.295  -1.626  -1.331
ASP02B3843_004   0.295  -1.626  -1.331
ASP-1B3843_005   0.192  -1.619  -1.427
LEU01B3844_001   1.728  -2.524  -0.796
ASN01B3845_001   0.333  -3.499  -3.167
ASN01B3845_002   0.481  -3.593  -3.111
ALA01B3846_001   0.000  -1.082  -1.082
PHE01B3847_001   4.673   0.000   4.673
GLU01B3848_001   1.585  -1.343   0.242
GLU01B3848_002   1.585  -1.343   0.242
GLU02B3848_003   1.361  -1.369  -0.008
GLU02B3848_004   1.361  -1.369  -0.008
GLU-1B3848_005   1.244  -1.360  -0.116
ARG01B3849_001   2.250  -9.899  -7.649
ARG02B3849_002   2.235  -9.899  -7.664
ARG03B3849_003   2.230  -9.899  -7.669
ARG+1B3849_004   2.187  -9.899  -7.712
GLN01B3850_001   2.513   0.000   2.513
GLN01B3850_002   4.111   0.000   4.111
ASN01B3851_001   0.202  -1.157  -0.954
ASN01B3851_002   0.022  -1.186  -1.164
LYS01B3852_001   0.928  -8.545  -7.617
LYS+1B3852_002   0.881  -8.545  -7.664
ALA01B3853_001   0.000  -0.979  -0.979
GLU01B3854_001   0.497  -1.882  -1.385
GLU01B3854_002   0.497  -1.882  -1.385
GLU02B3854_003   0.664  -1.828  -1.164
GLU02B3854_004   0.664  -1.828  -1.164
GLU-1B3854_005   0.466  -1.817  -1.351
LEU01B3856_001   1.587  -7.292  -5.705
MET01B3858_001   0.141  -8.718  -8.577
VAL01B3859_001   0.502  -2.643  -2.141
ASN01B3860_001  -0.020  -3.280  -3.300
GLU01B3861_001   0.498  -2.965  -2.467
GLU01B3861_002   0.498  -2.965  -2.467
GLU02B3861_003   0.664  -3.080  -2.416
GLU02B3861_004   0.664  -3.080  -2.416
GLU-1B3861_005   0.467  -2.958  -2.491
ASP01B3862_001  -0.040  -2.269  -2.309
ASP01B3862_002  -0.040  -2.269  -2.309
ASP02B3862_003  -0.009  -2.321  -2.329
ASP02B3862_004  -0.009  -2.321  -2.329
ASP-1B3862_005  -0.040  -2.256  -2.296
THR01B3864_001   0.153  -1.863  -1.710
THR01B3864_002   0.153  -1.863  -1.710
VAL01B3865_001   0.504  -5.560  -5.056
ILE01B3866_001   0.940  -5.306  -4.366
ASN01B3867_001  -0.020  -1.086  -1.106
ARG01B3868_0011191.724  -6.1991185.525
ARG02B3868_0021191.706  -6.1991185.506
ARG03B3868_0031191.740  -6.1991185.540
ARG03B3868_004 190.753  -6.199 184.553
ARG+1B3868_0051191.674  -6.1991185.474
GLN01B3869_001   0.456  -1.875  -1.419
ASN01B3870_001  -0.020  -0.256  -0.275
GLU01B3872_001   0.499  -3.988  -3.488
GLU01B3872_002   0.499  -3.988  -3.488
GLU02B3872_003   0.666  -3.971  -3.305
GLU02B3872_004   0.666  -3.971  -3.305
GLU-1B3872_005   0.468  -3.889  -3.421
LYS01B3873_001   1.814  -3.144  -1.330
LYS+1B3873_002   1.766  -3.144  -1.378
VAL01B3874_001   0.851   0.000   0.851
MET01B3875_001   0.519   0.000   0.519
ALA01B3876_001   0.000  -1.233  -1.233
ASP01B3877_001   0.100  -0.284  -0.184
ASP01B3877_002   0.100  -0.284  -0.184
ASP02B3877_003   0.178  -0.283  -0.104
ASP02B3877_004   0.178  -0.283  -0.104
ASP-1B3877_005   0.095  -0.276  -0.180
ASP01B3878_001   0.082  -1.296  -1.214
ASP01B3878_002   0.082  -1.296  -1.214
ASP02B3878_003   0.155  -1.392  -1.237
ASP02B3878_004   0.155  -1.392  -1.237
ASP-1B3878_005   0.078  -1.318  -1.240
GLU01B3879_001   0.499  -3.555  -3.056
GLU01B3879_002   0.499  -3.555  -3.056
GLU02B3879_003   0.665  -3.466  -2.800
GLU02B3879_004   0.665  -3.466  -2.800
GLU-1B3879_005   0.468  -3.462  -2.994
PHE01B3880_001   4.916  -0.976   3.940
THR01B3881_001   0.252   0.000   0.252
THR01B3881_002   0.252   0.000   0.252
THR01B3881_003   0.252   0.000   0.252
GLN01B3882_001   1.660  -1.575   0.085
GLN01B3882_002   2.745  -1.413   1.332
ASP01B3883_001   0.463  -0.688  -0.225
ASP01B3883_002   0.463  -0.688  -0.225
ASP02B3883_003   0.507  -0.655  -0.148
ASP02B3883_004   0.507  -0.655  -0.148
ASP-1B3883_005   0.397  -0.655  -0.258
LEU01B3884_001   1.789  -0.052   1.737
PHE01B3885_001   4.774   0.000   4.774
ARG01B3886_001   2.083  -5.230  -3.147
ARG02B3886_002   2.044  -5.230  -3.186
ARG03B3886_003   2.106  -5.230  -3.124
ARG+1B3886_004   2.000  -5.230  -3.230
PHE01B3887_001   5.080  -0.523   4.556
LEU01B3888_001   2.104  -0.052   2.052
GLN01B3889_001   2.714  -0.345   2.369
GLN01B3889_002   4.432  -0.290   4.141
LEU01B3890_001   1.520  -0.258   1.262
LEU01B3891_001   2.076  -0.222   1.854
CYS01B3892_001  -0.002   0.000  -0.002
CYS01B3892_002  -0.002   0.000  -0.002
CYS01B3892_003  -0.002   0.000  -0.002
CYS-1B3892_004   0.000   0.000   0.000
GLU01B3893_001   1.866  -0.219   1.647
GLU01B3893_002   1.866  -0.219   1.647
GLU02B3893_003   1.530  -0.171   1.359
GLU02B3893_004   1.530  -0.171   1.359
GLU-1B3893_005   1.439  -0.181   1.258
HIS01B3895_001  -0.158  -1.459  -1.617
HIS01B3895_002  -0.118  -1.427  -1.545
HIS02B3895_003  -0.176  -1.459  -1.635
HIS02B3895_004  -0.131  -1.427  -1.559
HIS+1B3895_005  -0.203  -1.459  -1.662
HIS+1B3895_006  -0.158  -1.427  -1.585
ASN01B3896_001   0.073  -0.669  -0.597
ASN01B3896_002   0.272  -0.591  -0.319
ASN01B3897_001   0.302  -2.451  -2.149
ASN01B3897_002   0.085  -2.225  -2.139
ASP01B3898_001   0.038  -1.543  -1.505
ASP01B3898_002   0.038  -1.543  -1.505
ASP02B3898_003   0.099  -1.533  -1.434
ASP02B3898_004   0.099  -1.533  -1.434
ASP-1B3898_005   0.035  -1.507  -1.471
PHE01B3899_001   6.010  -0.051   5.959
GLN01B3900_001   1.706   0.000   1.706
GLN01B3900_002   2.784   0.000   2.784
ASN01B3901_001   0.570  -1.900  -1.330
TYR01B3902_001   5.112  -0.203   4.909
TYR-1B3902_002   5.112  -0.203   4.909
LEU01B3903_001   1.963  -0.052   1.911
ARG01B3904_001   4.298  -3.104   1.194
ARG02B3904_002   4.254  -3.104   1.150
ARG02B3904_003   4.259  -3.104   1.155
ARG03B3904_004   4.263  -3.104   1.158
ARG03B3904_005   4.275  -3.104   1.170
ARG+1B3904_006   4.214  -3.104   1.110
THR01B3905_001   0.224  -2.669  -2.445
GLN01B3906_001   2.477   0.000   2.477
GLN01B3906_002   4.047   0.000   4.047
THR01B3907_001   0.187  -5.598  -5.411
ASN01B3909_001   0.499  -0.241   0.258
ASN01B3909_002   0.243  -0.315  -0.072
THR01B3910_001   0.207  -5.935  -5.728
THR01B3911_001   0.209  -3.400  -3.191
THR01B3912_001   0.195  -3.335  -3.141
THR01B3912_002   0.195  -3.335  -3.141
ILE01B3913_001   1.618  -0.103   1.515
ASN01B3914_001   0.172  -0.906  -0.734
ASN01B3914_002   0.006  -0.564  -0.558
ILE01B3915_001   2.258  -0.052   2.207
ILE01B3916_001   3.622   0.000   3.622
ILE01B3917_001   6.623  -5.335   1.288
CYS01B3918_001  -0.002  -1.172  -1.173
CYS01B3918_002  -0.002  -1.172  -1.173
CYS01B3918_003  -0.003  -1.172  -1.174
CYS-1B3918_004   0.000  -1.172  -1.172
THR01B3919_001   0.277   0.000   0.277
THR01B3919_002   0.277   0.000   0.277
THR01B3919_003   0.277   0.000   0.277
VAL01B3920_001   0.865  -0.103   0.762
ASP01B3921_001   0.480  -1.250  -0.771
ASP01B3921_002   0.480  -1.250  -0.771
ASP02B3921_003   0.520  -1.298  -0.778
ASP02B3921_004   0.520  -1.298  -0.778
ASP-1B3921_005   0.409  -1.240  -0.831
TYR01B3922_001   4.591  -0.052   4.539
TYR-1B3922_002   4.591  -0.052   4.539
LEU01B3923_001   1.556   0.000   1.556
LEU01B3924_001   2.164  -1.613   0.551
ARG01B3925_001   2.243  -5.001  -2.758
ARG02B3925_002   2.215  -5.001  -2.786
ARG03B3925_003   2.212  -5.001  -2.789
ARG+1B3925_004   2.169  -5.001  -2.832
LEU01B3926_001   2.112   0.000   2.112
GLN01B3927_001   3.427  -0.310   3.117
GLN01B3927_002   5.660  -0.226   5.434
GLU01B3928_001   2.936  -3.044  -0.108
GLU01B3928_002   2.936  -3.044  -0.108
GLU02B3928_003   2.333  -3.162  -0.829
GLU02B3928_004   2.333  -3.162  -0.829
GLU-1B3928_005   2.271  -3.092  -0.821
SER01B3929_001   0.000  -0.336  -0.336
SER01B3929_002   0.000  -0.336  -0.336
ILE01B3930_001   3.692  -0.052   3.641
SER01B3931_001   0.000  -0.853  -0.853
SER01B3931_002   0.000  -0.853  -0.853
ASP01B3932_001   0.197  -2.094  -1.896
ASP01B3932_002   0.197  -2.094  -1.896
ASP02B3932_003   0.288  -2.070  -1.781
ASP02B3932_004   0.288  -2.070  -1.781
ASP-1B3932_005   0.186  -2.046  -1.860
PHE01B3933_001   4.863  -0.152   4.711
TYR01B3934_001   4.804  -0.956   3.848
TYR01B3934_002   4.804  -0.956   3.848
TYR-1B3934_003   4.804  -0.956   3.848
TRP01B3935_001   3.326  -8.400  -5.074
TYR01B3936_001   4.859  -3.671   1.188
TYR01B3936_002   4.859  -3.671   1.188
TYR-1B3936_003   4.859  -3.671   1.188
TYR01B3937_001   5.145   0.000   5.145
TYR01B3937_002   5.145   0.000   5.145
TYR-1B3937_003   5.145   0.000   5.145
SER01B3938_001   0.000  -0.932  -0.932
SER01B3938_002   0.000  -0.932  -0.932
SER01B3938_003   0.000  -0.932  -0.932
LYS01B3940_001   1.004  -3.968  -2.963
LYS+1B3940_002   0.959  -3.968  -3.009
ASP01B3941_001   0.070  -2.832  -2.762
ASP01B3941_002   0.070  -2.832  -2.762
ASP02B3941_003   0.139  -2.957  -2.818
ASP02B3941_004   0.139  -2.957  -2.818
ASP-1B3941_005   0.066  -2.760  -2.694
VAL01B3942_001   0.502  -4.942  -4.439
ILE01B3943_001   4.757  -0.258   4.499
GLU01B3944_001   2.035  -2.269  -0.234
GLU01B3944_002   2.035  -2.269  -0.234
GLU02B3944_003   1.699  -2.245  -0.547
GLU02B3944_004   1.699  -2.245  -0.547
GLU-1B3944_005   1.592  -2.218  -0.626
GLU01B3945_001   2.990  -2.716   0.274
GLU01B3945_002   2.990  -2.716   0.274
GLU02B3945_003   2.408  -2.721  -0.313
GLU02B3945_004   2.408  -2.721  -0.313
GLU-1B3945_005   2.332  -2.604  -0.272
GLN01B3946_001   0.830  -0.407   0.423
LYS01B3948_001   0.957  -1.802  -0.844
LYS+1B3948_002   0.911  -1.802  -0.890
ARG01B3949_001   2.716  -6.966  -4.250
ARG02B3949_002   2.696  -6.966  -4.270
ARG03B3949_003   2.701  -6.966  -4.265
ARG+1B3949_004   2.653  -6.966  -4.313
ASN01B3950_001   0.449   0.000   0.449
ASN01B3950_002   0.203   0.000   0.203
PHE01B3951_001   5.221  -0.068   5.154
SER01B3952_001   0.000  -2.036  -2.036
SER01B3952_002   0.000  -2.036  -2.036
SER01B3952_003   0.000  -2.036  -2.036
LYS01B3953_001   1.364  -1.895  -0.530
LYS+1B3953_002   1.318  -1.895  -0.577
ALA01B3954_001   0.000   0.000   0.000
MET01B3955_001   1.137   0.000   1.137
SER01B3956_001   0.000  -1.799  -1.799
SER01B3956_002   0.000  -1.799  -1.799
VAL01B3957_001   0.671   0.000   0.671
ALA01B3958_001   0.000   0.000   0.000
LYS01B3959_001   2.648  -3.512  -0.864
LYS+1B3959_002   2.603  -3.512  -0.910
GLN01B3960_001   1.225  -0.517   0.708
GLN01B3960_002   1.534  -0.669   0.864
VAL01B3961_001   0.743   0.000   0.743
PHE01B3962_001   5.207   0.000   5.207
ASN01B3963_001   0.555  -1.112  -0.558
ASN01B3963_002   0.281  -0.975  -0.694
SER01B3964_001   0.000   0.000   0.000
SER01B3964_002   0.000   0.000   0.000
SER01B3964_003   0.000   0.000   0.000
LEU01B3965_001   3.067   0.000   3.067
THR01B3966_001   0.236  -0.507  -0.271
THR01B3966_002   0.236  -0.507  -0.271
GLU01B3967_001   1.642  -0.172   1.470
GLU01B3967_002   1.642  -0.172   1.470
GLU02B3967_003   1.357  -0.145   1.212
GLU02B3967_004   1.357  -0.145   1.212
GLU-1B3967_005   1.265  -0.172   1.093
TYR01B3968_001   4.656   0.000   4.656
TYR-1B3968_002   4.656   0.000   4.656
ILE01B3969_001   2.550   0.000   2.550
GLN01B3970_001   2.831  -0.236   2.594
GLN01B3970_002   4.621  -0.217   4.405
PRO01B3972_001   0.301  -3.374  -3.074
CYS01B3973_001  -0.002  -0.143  -0.145
CYS01B3973_002  -0.002  -0.143  -0.145
CYS01B3973_003  -0.002  -0.143  -0.145
CYS-1B3973_004   0.000  -0.143  -0.143
THR01B3974_001   0.266  -5.019  -4.753
THR01B3974_002   0.266  -5.019  -4.753
ASN01B3976_001   0.451   0.000   0.451
ASN01B3976_002   0.199   0.000   0.199
GLN01B3977_001   1.663  -0.281   1.383
GLN01B3977_002   2.730  -0.276   2.454
GLN01B3978_001   0.978  -1.757  -0.779
GLN01B3978_002   0.795  -1.748  -0.953
SER01B3979_001   0.000  -0.264  -0.264
SER01B3979_002   0.000  -0.264  -0.264
LEU01B3980_001   2.120   0.000   2.120
ALA01B3981_001   0.000  -0.052  -0.052
HIS01B3982_001  -0.155  -7.456  -7.612
HIS01B3982_002  -0.111  -7.394  -7.505
HIS02B3982_003  -0.174  -7.456  -7.630
HIS02B3982_004  -0.124  -7.394  -7.518
HIS+1B3982_005  -0.201  -7.456  -7.657
HIS+1B3982_006  -0.151  -7.394  -7.545
SER01B3983_001   0.000  -0.096  -0.096
SER01B3983_002   0.000  -0.096  -0.096
ARG01B3984_001   1.599  -9.660  -8.061
ARG02B3984_002   1.563  -9.660  -8.097
ARG03B3984_003   1.626  -9.660  -8.034
ARG+1B3984_004   1.520  -9.660  -8.139
LEU01B3985_001   2.451  -0.103   2.348
TRP01B3986_001   3.593  -1.637   1.957
ASP01B3987_001   0.086  -2.355  -2.269
ASP01B3987_002   0.086  -2.355  -2.269
ASP02B3987_003   0.160  -2.427  -2.267
ASP02B3987_004   0.160  -2.427  -2.267
ASP-1B3987_005   0.081  -2.300  -2.219
ALA01B3988_001   0.000   0.000   0.000
VAL01B3989_001   0.868  -0.052   0.817
VAL01B3990_001   0.903  -0.995  -0.092
PHE01B3992_001   5.590  -0.051   5.539
LEU01B3993_001   2.559  -0.979   1.580
HIS01B3994_001  -0.126  -3.329  -3.455
HIS02B3994_002  -0.146  -3.329  -3.475
HIS+1B3994_003  -0.173  -3.329  -3.502
VAL01B3995_001   0.625  -0.052   0.574
PHE01B3996_001   4.517   0.000   4.517
ALA01B3997_001   0.000   0.000   0.000
HIS01B3998_001  -0.133  -2.474  -2.607
HIS02B3998_002  -0.153  -2.474  -2.626
HIS+1B3998_003  -0.180  -2.474  -2.653
MET01B3999_001   0.022  -0.192  -0.170
MET01B4000_001   0.770  -0.260   0.510
MET01B4001_001   0.012  -2.007  -1.994
LYS01B4002_001   1.375  -1.313   0.061
LYS+1B4002_002   1.330  -1.313   0.017
LEU01B4003_001   1.837  -0.155   1.682
ALA01B4004_001   0.000   0.000   0.000
GLN01B4005_001   2.136  -1.629   0.507
GLN01B4005_002   3.525  -1.639   1.886
ASP01B4006_001   0.055  -1.417  -1.362
ASP01B4006_002   0.055  -1.417  -1.362
ASP02B4006_003   0.123  -1.360  -1.237
ASP02B4006_004   0.123  -1.360  -1.237
ASP-1B4006_005   0.053  -1.335  -1.282
SER01B4007_001   0.000  -3.327  -3.327
SER01B4007_002   0.000  -3.327  -3.327
SER01B4008_001   0.000  -3.401  -3.401
SER01B4008_002   0.000  -3.401  -3.401
GLN01B4009_001   1.738  -0.118   1.619
GLN01B4009_002   2.909  -0.143   2.767
ILE01B4010_001   2.917  -2.576   0.342
GLU01B4011_001   3.159  -3.536  -0.376
GLU01B4011_002   3.159  -3.536  -0.376
GLU02B4011_003   2.525  -3.432  -0.907
GLU02B4011_004   2.525  -3.432  -0.907
GLU-1B4011_005   2.456  -3.308  -0.852
LEU01B4012_001   1.826  -0.155   1.671
LEU01B4013_001   2.043  -0.325   1.718
LYS01B4014_001   1.565  -5.659  -4.094
LYS+1B4014_002   1.521  -5.659  -4.138
GLU01B4015_001   3.600  -1.201   2.399
GLU01B4015_002   3.600  -1.201   2.399
GLU02B4015_003   2.872  -1.187   1.685
GLU02B4015_004   2.872  -1.187   1.685
GLU-1B4015_005   2.810  -1.137   1.674
LEU01B4016_001   3.653   0.000   3.653
LEU01B4017_001   1.404  -0.412   0.992
ASP01B4018_001   0.181  -1.234  -1.054
ASP01B4018_002   0.181  -1.234  -1.054
ASP02B4018_003   0.269  -1.350  -1.081
ASP02B4018_004   0.269  -1.350  -1.081
ASP-1B4018_005   0.170  -1.240  -1.070
LEU01B4019_001   2.063  -0.052   2.012
GLN01B4020_001   2.848  -0.197   2.651
GLN01B4020_002   4.695  -0.172   4.523
LYS01B4021_001   1.276  -3.275  -1.999
LYS+1B4021_002   1.228  -3.275  -2.047
ASP01B4022_001   0.132  -0.962  -0.830
ASP01B4022_002   0.132  -0.962  -0.830
ASP02B4022_003   0.209  -0.984  -0.775
ASP02B4022_004   0.209  -0.984  -0.775
ASP-1B4022_005   0.123  -0.999  -0.876
MET01B4023_001   0.200  -0.191   0.009
VAL01B4024_001   0.655  -0.721  -0.066
VAL01B4025_001   0.798  -2.988  -2.189
MET01B4026_001   0.140   0.000   0.140
LEU01B4027_001   2.036  -0.444   1.592
LEU01B4028_001   1.957  -1.494   0.463
SER01B4029_001   0.000  -0.060  -0.060
SER01B4029_002   0.000  -0.060  -0.060
SER01B4029_003   0.000  -0.060  -0.060
LEU01B4030_001   2.468  -0.052   2.416
LEU01B4031_001   2.775  -0.103   2.672
GLU01B4032_001   1.492  -0.013   1.479
GLU01B4032_002   1.492  -0.013   1.479
GLU02B4032_003   1.176  -0.013   1.163
GLU02B4032_004   1.176  -0.013   1.163
GLU-1B4032_005   1.113  -0.013   1.100
ASN01B4034_001  -0.015  -0.512  -0.527
ASN01B4034_002   0.138  -0.418  -0.281
VAL01B4035_001   0.489  -3.451  -2.962
VAL01B4036_001   0.902  -0.718   0.184
ASN01B4037_001   0.384  -1.621  -1.237
ASN01B4037_002   0.162  -1.585  -1.422
MET01B4039_001   1.212  -5.477  -4.265
ILE01B4040_001   3.187  -0.412   2.775
ALA01B4041_001   0.000   0.000   0.000
ARG01B4042_001   3.000  -7.440  -4.440
ARG02B4042_002   2.929  -7.440  -4.511
ARG03B4042_003   2.996  -7.440  -4.444
ARG+1B4042_004   2.891  -7.440  -4.550
GLN01B4043_001   1.698  -1.319   0.379
GLN01B4043_002   2.770  -1.327   1.443
MET01B4044_001   0.207   0.000   0.207
VAL01B4045_001   0.862  -0.052   0.811
ASP01B4046_001   0.098  -2.066  -1.968
ASP01B4046_002   0.098  -2.066  -1.968
ASP02B4046_003   0.177  -2.145  -1.969
ASP02B4046_004   0.177  -2.145  -1.969
ASP-1B4046_005   0.094  -2.067  -1.973
MET01B4047_001   4.813   0.000   4.813
LEU01B4048_001   1.740  -0.618   1.122
VAL01B4049_001   1.064  -2.968  -1.904
GLU01B4050_001   3.302  -1.803   1.498
GLU01B4050_002   3.302  -1.803   1.498
GLU02B4050_003   2.620  -1.831   0.789
GLU02B4050_004   2.620  -1.831   0.789
GLU-1B4050_005   2.561  -1.778   0.783
SER01B4051_001   0.000   0.000   0.000
SER01B4052_001   0.000  -1.691  -1.691
SER01B4052_002   0.000  -1.691  -1.691
SER01B4053_001   0.000  -4.255  -4.255
SER01B4053_002   0.000  -4.255  -4.255
ASN01B4054_001   0.393  -0.763  -0.370
ASN01B4054_002   0.497  -0.866  -0.369
VAL01B4055_001   1.097  -0.515   0.582
GLU01B4056_001   4.638  -1.627   3.010
GLU01B4056_002   4.638  -1.627   3.010
GLU02B4056_003   3.707  -1.593   2.114
GLU02B4056_004   3.707  -1.593   2.114
GLU-1B4056_005   3.637  -1.551   2.086
MET01B4057_001   0.498  -3.426  -2.929
ILE01B4058_001   3.527  -0.721   2.806
LEU01B4059_001   1.678  -0.258   1.421
LYS01B4060_001   2.588  -3.484  -0.896
LYS+1B4060_002   2.536  -3.484  -0.948
PHE01B4061_001   4.941  -0.287   4.655
PHE01B4062_001   5.583  -0.643   4.940
ASP01B4063_001   0.354  -0.517  -0.163
ASP01B4063_002   0.354  -0.517  -0.163
ASP02B4063_003   0.387  -0.543  -0.157
ASP02B4063_004   0.387  -0.543  -0.157
ASP-1B4063_005   0.297  -0.517  -0.220
MET01B4064_001  -0.033  -0.503  -0.536
PHE01B4065_001   4.675  -0.256   4.420
LEU01B4066_001   1.495  -0.824   0.671
LYS01B4067_001   2.175  -0.746   1.429
LYS+1B4067_002   2.127  -0.746   1.381
LEU01B4068_001   1.709  -0.634   1.075
LYS01B4069_001   3.917  -3.739   0.178
LYS+1B4069_002   3.871  -3.739   0.132
ASP01B4070_001   0.179  -1.745  -1.566
ASP01B4070_002   0.179  -1.745  -1.566
ASP02B4070_003   0.267  -1.669  -1.402
ASP02B4070_004   0.267  -1.669  -1.402
ASP-1B4070_005   0.169  -1.714  -1.544
ILE01B4071_001   1.973  -0.583   1.391
VAL01B4072_001   0.618  -0.927  -0.310
SER01B4074_001   0.000  -1.480  -1.480
SER01B4074_002   0.000  -1.480  -1.480
GLU01B4075_001   1.520  -3.379  -1.859
GLU01B4075_002   1.520  -3.379  -1.859
GLU02B4075_003   1.255  -3.312  -2.057
GLU02B4075_004   1.255  -3.312  -2.057
GLU-1B4075_005   1.164  -3.267  -2.103
ALA01B4076_001   0.000  -3.020  -3.020
PHE01B4077_001   4.570   0.000   4.570
GLN01B4078_001   0.880  -1.901  -1.021
ASP01B4079_001   0.165  -2.600  -2.435
ASP01B4079_002   0.165  -2.600  -2.435
ASP02B4079_003   0.250  -2.625  -2.375
ASP02B4079_004   0.250  -2.625  -2.375
ASP-1B4079_005   0.156  -2.502  -2.346
TYR01B4080_001   5.021  -0.974   4.047
TYR01B4080_002   5.021  -0.974   4.047
TYR-1B4080_003   5.021  -0.974   4.047
VAL01B4081_001   0.613  -0.361   0.253
THR01B4082_001   0.197  -6.567  -6.370
ASP01B4083_001   0.261  -0.831  -0.570
ASP01B4083_002   0.261  -0.831  -0.570
ASP02B4083_003   0.353  -0.867  -0.514
ASP02B4083_004   0.353  -0.867  -0.514
ASP-1B4083_005   0.243  -0.827  -0.584
PRO01B4084_001   0.251  -6.367  -6.115
ARG01B4085_001   3.239  -7.550  -4.311
ARG02B4085_002   3.165  -7.550  -4.385
ARG02B4085_003   3.225  -7.550  -4.324
ARG03B4085_004   3.166  -7.550  -4.384
ARG+1B4085_005   3.120  -7.550  -4.429
LEU01B4087_001   1.665  -4.272  -2.608
ILE01B4088_001   2.976   0.000   2.976
SER01B4089_001   0.000  -1.584  -1.584
SER01B4089_002   0.000  -1.584  -1.584
SER01B4089_003   0.000  -1.584  -1.584
LYS01B4090_001   2.588  -1.710   0.879
LYS+1B4090_002   2.541  -1.710   0.831
LYS01B4091_001   0.856  -8.560  -7.704
LYS+1B4091_002   0.810  -8.560  -7.750
ASP01B4092_001   0.043  -0.387  -0.344
ASP01B4092_002   0.043  -0.387  -0.344
ASP02B4092_003   0.104  -0.372  -0.268
ASP02B4092_004   0.104  -0.372  -0.268
ASP-1B4092_005   0.040  -0.387  -0.347
PHE01B4093_001   4.642  -0.135   4.507
GLN01B4094_001   1.201  -1.360  -0.159
GLN01B4094_002   1.599  -1.317   0.282
LYS01B4095_001   1.664  -7.237  -5.573
LYS+1B4095_002   1.617  -7.237  -5.620
ALA01B4096_001   0.000  -0.052  -0.052
MET01B4097_001  -0.079   0.000  -0.079
ASP01B4098_001   0.431  -2.505  -2.074
ASP01B4098_002   0.431  -2.505  -2.074
ASP02B4098_003   0.470  -2.428  -1.959
ASP02B4098_004   0.470  -2.428  -1.959
ASP-1B4098_005   0.366  -2.390  -2.024
SER01B4099_001   0.000  -2.230  -2.230
SER01B4099_002   0.000  -2.230  -2.230
SER01B4099_003   0.000  -2.230  -2.230
GLN01B4100_001   2.182  -0.843   1.339
LYS01B4101_001   0.916  -8.820  -7.904
LYS+1B4101_002   0.868  -8.820  -7.951
GLN01B4102_001   1.585  -2.632  -1.047
GLN01B4102_002   2.567  -2.828  -0.261
PHE01B4103_001   5.519  -0.103   5.415
THR01B4104_001   0.213  -3.832  -3.618
THR01B4104_002   0.213  -3.832  -3.618
PRO01B4106_001   0.289  -6.665  -6.377
GLU01B4107_001   2.340  -1.322   1.017
GLU01B4107_002   2.340  -1.322   1.017
GLU02B4107_003   1.856  -1.393   0.463
GLU02B4107_004   1.856  -1.393   0.463
GLU-1B4107_005   1.791  -1.314   0.477
ILE01B4108_001   3.692  -0.206   3.486
GLN01B4109_001   1.055  -2.391  -1.336
GLN01B4109_002   0.821  -2.470  -1.649
PHE01B4110_001   5.014  -1.625   3.389
LEU01B4111_001   2.930  -0.567   2.364
LEU01B4112_001   1.294  -0.377   0.918
SER01B4113_001   0.000  -1.418  -1.418
SER01B4113_002   0.000  -1.418  -1.418
CYS01B4114_001  -0.002  -0.762  -0.764
CYS01B4114_002  -0.002  -0.762  -0.764
CYS01B4114_003  -0.002  -0.762  -0.764
CYS-1B4114_004   0.000  -0.762  -0.762
SER01B4115_001   0.000  -0.144  -0.144
SER01B4115_002   0.000  -0.144  -0.144
GLU01B4116_001   1.144  -1.780  -0.635
GLU01B4116_002   1.144  -1.780  -0.635
GLU02B4116_003   1.006  -1.676  -0.670
GLU02B4116_004   1.006  -1.676  -0.670
GLU-1B4116_005   0.889  -1.674  -0.786
ALA01B4117_001   0.000  -2.984  -2.984
ASP01B4118_001   0.353  -2.087  -1.734
ASP01B4118_002   0.353  -2.087  -1.734
ASP02B4118_003   0.392  -1.909  -1.517
ASP02B4118_004   0.392  -1.909  -1.517
ASP-1B4118_005   0.299  -1.930  -1.630
GLU01B4119_001   1.778  -3.855  -2.076
GLU01B4119_002   1.778  -3.855  -2.076
GLU02B4119_003   1.484  -4.033  -2.550
GLU02B4119_004   1.484  -4.033  -2.550
GLU-1B4119_005   1.382  -3.871  -2.489
ASN01B4120_001   0.019  -1.750  -1.732
ASN01B4120_002   0.192  -1.949  -1.757
GLU01B4121_001   4.115  -3.060   1.055
GLU01B4121_002   4.115  -3.060   1.055
GLU02B4121_003   3.293  -3.036   0.257
GLU02B4121_004   3.293  -3.036   0.257
GLU-1B4121_005   3.224  -2.984   0.240
MET01B4122_001   0.140  -0.884  -0.744
ILE01B4123_001   2.855  -0.206   2.649
ASN01B4124_001   0.190  -1.673  -1.483
ASN01B4124_002   0.017  -1.452  -1.435
PHE01B4125_001   4.518  -2.004   2.514
GLU01B4126_001   0.498  -3.357  -2.859
GLU01B4126_002   0.498  -3.357  -2.859
GLU02B4126_003   0.665  -3.309  -2.644
GLU02B4126_004   0.665  -3.309  -2.644
GLU-1B4126_005   0.467  -3.217  -2.750
GLU01B4127_001   4.208  -1.543   2.665
GLU01B4127_002   4.208  -1.543   2.665
GLU02B4127_003   3.385  -1.530   1.855
GLU02B4127_004   3.385  -1.530   1.855
GLU-1B4127_005   3.311  -1.476   1.836
PHE01B4128_001   4.746  -0.919   3.827
ALA01B4129_001   0.000  -0.171  -0.171
ASN01B4130_001   0.447  -1.782  -1.335
ASN01B4130_002   0.205  -1.928  -1.723
ARG01B4131_001   5.577  -1.782   3.795
ARG02B4131_002   5.529  -1.782   3.747
ARG03B4131_003   5.527  -1.782   3.745
ARG+1B4131_004   5.482  -1.782   3.700
PHE01B4132_001   5.546  -0.695   4.851
GLN01B4133_001   1.753  -1.230   0.523
GLN01B4133_002   2.961  -1.320   1.641
GLU01B4134_001   1.553  -3.023  -1.470
GLU01B4134_002   1.553  -3.023  -1.470
GLU02B4134_003   1.297  -3.081  -1.785
GLU02B4134_004   1.297  -3.081  -1.785
GLU-1B4134_005   1.196  -2.924  -1.728
PRO01B4135_001   0.307  -1.545  -1.239
ALA01B4136_001   0.000  -0.412  -0.412
ARG01B4137_001   1.792  -2.025  -0.233
ARG02B4137_002   1.770  -2.025  -0.255
ARG02B4137_003   1.774  -2.025  -0.252
ARG03B4137_004   1.872  -2.025  -0.153
ARG+1B4137_005   1.730  -2.025  -0.295
ASP01B4138_001   0.060  -1.493  -1.434
ASP01B4138_002   0.060  -1.493  -1.434
ASP02B4138_003   0.125  -1.519  -1.394
ASP02B4138_004   0.125  -1.519  -1.394
ASP-1B4138_005   0.056  -1.493  -1.438
ILE01B4139_001   1.919  -0.377   1.543
PHE01B4141_001   5.290  -0.373   4.917
ASN01B4142_001   0.481  -0.536  -0.055
ASN01B4142_002   0.243  -0.522  -0.278
VAL01B4143_001   0.563  -1.613  -1.050
ALA01B4144_001   0.000   0.000   0.000
VAL01B4145_001   0.503   0.000   0.503
LEU01B4146_001   1.865  -0.361   1.504
LEU01B4147_001   2.719  -0.618   2.101
THR01B4148_001   0.226  -0.773  -0.546
THR01B4148_002   0.226  -0.773  -0.546
ASN01B4149_001   0.183  -0.153   0.030
LEU01B4150_001   1.455   0.000   1.455
SER01B4151_001   0.000  -0.800  -0.800
SER01B4151_002   0.000  -0.800  -0.800
SER01B4151_003   0.000  -0.800  -0.800
GLU01B4152_001   2.491  -1.753   0.737
GLU01B4152_002   2.491  -1.753   0.737
GLU02B4152_003   1.998  -1.774   0.224
GLU02B4152_004   1.998  -1.774   0.224
GLU-1B4152_005   1.922  -1.667   0.255
HIS01B4153_001  -0.124  -0.158  -0.283
HIS02B4153_002  -0.144  -0.158  -0.302
HIS+1B4153_003  -0.171  -0.158  -0.329
VAL01B4154_001   0.692  -1.320  -0.628
PRO01B4155_001   0.309  -1.523  -1.214
HIS01B4156_001  -0.252  -6.410  -6.663
HIS01B4156_002  -0.217  -6.741  -6.958
HIS02B4156_003  -0.273  -6.410  -6.683
HIS02B4156_004  -0.226  -6.741  -6.967
HIS+1B4156_005  -0.300  -6.410  -6.710
HIS+1B4156_006  -0.253  -6.741  -6.994
ASP01B4157_001   0.096  -0.913  -0.817
ASP01B4157_002   0.096  -0.913  -0.817
ASP02B4157_003   0.175  -0.740  -0.565
ASP02B4157_004   0.175  -0.740  -0.565
ASP-1B4157_005   0.093  -0.805  -0.712
PRO01B4158_001   0.264  -6.694  -6.430
ARG01B4159_001   3.154  -5.585  -2.431
ARG02B4159_002   3.076  -5.585  -2.510
ARG02B4159_003   3.081  -5.585  -2.504
ARG03B4159_004   3.143  -5.585  -2.442
ARG+1B4159_005   3.037  -5.585  -2.549
LEU01B4160_001   2.480  -0.052   2.428
ARG01B4161_001   1.744  -7.585  -5.841
ARG02B4161_002   1.765  -7.585  -5.820
ARG03B4161_003   1.703  -7.585  -5.881
ARG+1B4161_004   1.660  -7.585  -5.925
ASN01B4162_001   0.239  -1.664  -1.425
ASN01B4162_002   0.044  -1.688  -1.644
PHE01B4163_001   5.048  -0.101   4.947
LEU01B4164_001   2.491  -1.391   1.100
GLU01B4165_001   5.773  -3.184   2.589
GLU01B4165_002   5.773  -3.184   2.589
GLU02B4165_003   4.613  -3.289   1.324
GLU02B4165_004   4.613  -3.289   1.324
GLU-1B4165_005   4.562  -3.178   1.384
LEU01B4166_001   2.074  -2.524  -0.450
ALA01B4167_001   0.000   0.000   0.000
GLU01B4168_001   1.721  -2.666  -0.945
GLU01B4168_002   1.721  -2.666  -0.945
GLU02B4168_003   1.480  -2.736  -1.256
GLU02B4168_004   1.480  -2.736  -1.256
GLU-1B4168_005   1.356  -2.626  -1.270
SER01B4169_001   0.000  -1.335  -1.335
SER01B4169_002   0.000  -1.335  -1.335
SER01B4169_003   0.000  -1.335  -1.335
ILE01B4170_001   3.481  -0.361   3.120
LEU01B4171_001   2.347  -2.266   0.080
GLU01B4172_001   2.029  -3.335  -1.306
GLU01B4172_002   2.029  -3.335  -1.306
GLU02B4172_003   1.696  -3.370  -1.674
GLU02B4172_004   1.696  -3.370  -1.674
GLU-1B4172_005   1.591  -3.302  -1.711
TYR01B4173_001   4.926  -3.392   1.533
TYR01B4173_002   4.926  -3.392   1.533
TYR-1B4173_003   4.926  -3.392   1.533
PHE01B4174_001   6.539   0.000   6.539
ARG01B4175_001   2.894  -6.554  -3.660
ARG02B4175_002   2.870  -6.554  -3.684
ARG02B4175_003   2.873  -6.554  -3.680
ARG03B4175_004   2.879  -6.554  -3.675
ARG03B4175_005   2.963  -6.554  -3.591
ARG+1B4175_006   2.831  -6.554  -3.723
PRO01B4176_001   0.452  -3.329  -2.877
TYR01B4177_001   4.934  -2.302   2.632
TYR01B4177_002   4.934  -2.302   2.632
TYR-1B4177_003   4.934  -2.302   2.632
LEU01B4178_001   3.241  -0.206   3.035
ARG01B4180_001   3.419  -1.092   2.327
ARG02B4180_002   3.344  -1.092   2.252
ARG03B4180_003   3.338  -1.092   2.246
ARG+1B4180_004   3.299  -1.092   2.207
ILE01B4181_001   7.629  -0.979   6.650
GLU01B4182_001   2.140   0.000   2.140
GLU01B4182_002   2.140   0.000   2.140
GLU02B4182_003   1.861   0.000   1.861
GLU02B4182_004   1.861   0.000   1.861
GLU-1B4182_005   1.738   0.000   1.738
ILE01B4183_001   2.176  -0.361   1.816
MET01B4184_001   1.685  -2.799  -1.114
ALA01B4186_001   0.000  -3.380  -3.380
SER01B4187_001   0.000  -0.576  -0.576
SER01B4187_002   0.000  -0.576  -0.576
SER01B4187_003   0.000  -0.576  -0.576
ARG01B4188_001   3.091 -10.630  -7.538
ARG02B4188_002   3.160 -10.630  -7.470
ARG03B4188_003   3.071 -10.630  -7.559
ARG+1B4188_004   3.028 -10.630  -7.602
ARG01B4189_001   7.538  -5.165   2.373
ARG02B4189_002   7.458  -5.165   2.293
ARG03B4189_003   7.452  -5.165   2.287
ARG+1B4189_004   7.413  -5.165   2.248
ILE01B4190_001   4.281  -0.206   4.075
GLU01B4191_001   4.298  -0.118   4.180
GLU01B4191_002   4.298  -0.118   4.180
GLU02B4191_003   3.421  -0.122   3.299
GLU02B4191_004   3.421  -0.122   3.299
GLU-1B4191_005   3.363  -0.116   3.247
ARG01B4192_001   6.072  -0.176   5.895
ARG02B4192_002   6.027  -0.176   5.851
ARG02B4192_003   6.033  -0.176   5.856
ARG03B4192_004   6.037  -0.176   5.861
ARG03B4192_005   5.885  -0.176   5.708
ARG+1B4192_006   5.987  -0.176   5.811
ILE01B4193_001   2.919  -1.767   1.152
TYR01B4194_001   5.271  -0.828   4.443
TYR-1B4194_002   5.271  -0.828   4.443
PHE01B4195_001   5.550  -2.680   2.870
GLU01B4196_001   4.108  -1.429   2.679
GLU01B4196_002   4.108  -1.429   2.679
GLU02B4196_003   3.305  -1.469   1.835
GLU02B4196_004   3.305  -1.469   1.835
GLU-1B4196_005   3.234  -1.447   1.787
ILE01B4197_001   1.651  -0.119   1.532
SER01B4198_001   0.000  -2.081  -2.081
SER01B4198_002   0.000  -2.081  -2.081
SER01B4198_003   0.000  -2.081  -2.081
GLU01B4199_001   2.154  -1.936   0.218
GLU01B4199_002   2.154  -1.936   0.218
GLU02B4199_003   1.734  -2.077  -0.343
GLU02B4199_004   1.734  -2.077  -0.343
GLU-1B4199_005   1.672  -1.997  -0.326
THR01B4200_001   0.255  -5.454  -5.199
THR01B4200_002   0.255  -5.454  -5.199
ASN01B4201_001   0.290  -0.999  -0.710
ASN01B4201_002   0.497  -1.004  -0.507
ARG01B4202_001   3.014  -3.317  -0.303
ARG02B4202_002   2.941  -3.317  -0.376
ARG03B4202_003   2.935  -3.317  -0.382
ARG03B4202_004   2.941  -3.317  -0.376
ARG+1B4202_005   2.896  -3.317  -0.421
ALA01B4203_001   0.000  -3.603  -3.603
GLN01B4204_001   2.142  -0.722   1.420
GLN01B4204_002   1.585  -0.664   0.921
TRP01B4205_001   3.463  -0.963   2.501
GLU01B4206_001   1.293  -2.456  -1.163
GLU01B4206_002   1.293  -2.456  -1.163
GLU02B4206_003   1.104  -2.504  -1.399
GLU02B4206_004   1.104  -2.504  -1.399
GLU-1B4206_005   0.999  -2.489  -1.489
MET01B4207_001   1.635  -3.248  -1.613
PRO01B4208_001   0.250  -7.442  -7.193
GLN01B4209_001   0.922  -1.404  -0.482
GLN01B4209_002   0.771  -1.333  -0.562
VAL01B4210_001   0.580   0.000   0.580
LYS01B4211_001   0.899  -5.048  -4.149
LYS+1B4211_002   0.855  -5.048  -4.194
GLU01B4212_001   1.853  -2.189  -0.336
GLU01B4212_002   1.853  -2.189  -0.336
GLU02B4212_003   1.539  -2.137  -0.598
GLU02B4212_004   1.539  -2.137  -0.598
GLU-1B4212_005   1.441  -2.144  -0.703
SER01B4213_001   0.000  -1.984  -1.984
SER01B4213_002   0.000  -1.984  -1.984
LYS01B4214_001   2.204  -1.483   0.721
LYS+1B4214_002   2.118  -1.483   0.635
ARG01B4215_001   7.024  -7.413  -0.389
ARG02B4215_002   6.970  -7.413  -0.442
ARG03B4215_003   6.962  -7.413  -0.451
ARG+1B4215_004   6.921  -7.413  -0.491
GLN01B4216_001   1.856  -3.240  -1.383
GLN01B4216_002   3.062  -3.256  -0.193
PHE01B4217_001   5.426  -0.911   4.515
ILE01B4218_001   2.700  -2.576   0.125
PHE01B4219_001   4.844  -2.670   2.174
ASP01B4220_001   0.178  -1.629  -1.451
ASP01B4220_002   0.178  -1.629  -1.451
ASP02B4220_003   0.266  -1.498  -1.232
ASP02B4220_004   0.266  -1.498  -1.232
ASP-1B4220_005   0.168  -1.490  -1.322
VAL01B4221_001   1.060  -0.103   0.957
VAL01B4222_001   0.883  -0.618   0.265
ASN01B4223_001   0.167  -1.723  -1.555
ASN01B4223_002   0.003  -1.762  -1.759
GLU01B4224_001   1.741  -3.526  -1.785
GLU01B4224_002   1.741  -3.526  -1.785
GLU02B4224_003   1.478  -3.645  -2.167
GLU02B4224_004   1.478  -3.645  -2.167
GLU-1B4224_005   1.362  -3.509  -2.147
GLU01B4227_001   0.882  -4.068  -3.186
GLU01B4227_002   0.882  -4.068  -3.186
GLU02B4227_003   0.736  -3.984  -3.248
GLU02B4227_004   0.736  -3.984  -3.248
GLU-1B4227_005   0.653  -4.021  -3.368
ALA01B4228_001   0.000  -2.711  -2.711
GLU01B4229_001   3.135  -2.906   0.229
GLU01B4229_002   3.135  -2.906   0.229
GLU02B4229_003   2.591  -2.879  -0.288
GLU02B4229_004   2.591  -2.879  -0.288
GLU-1B4229_005   2.479  -2.847  -0.368
LYS01B4230_001   1.540  -3.117  -1.577
LYS+1B4230_002   1.493  -3.117  -1.625
MET01B4231_001  -0.011  -0.548  -0.558
GLU01B4232_001   3.137  -1.068   2.069
GLU01B4232_002   3.137  -1.068   2.069
GLU02B4232_003   2.533  -1.014   1.520
GLU02B4232_004   2.533  -1.014   1.520
GLU-1B4232_005   2.449  -0.999   1.450
LEU01B4233_001   2.564  -4.494  -1.930
PHE01B4234_001   6.099  -0.202   5.897
VAL01B4235_001   1.073  -0.103   0.970
SER01B4236_001   0.000  -1.776  -1.776
SER01B4236_002   0.000  -1.776  -1.776
PHE01B4237_001   5.376  -1.402   3.974
CYS01B4238_001  -0.002  -0.119  -0.121
CYS01B4238_002  -0.002  -0.119  -0.121
CYS01B4238_003  -0.002  -0.119  -0.122
CYS-1B4238_004   0.000  -0.119  -0.119
GLU01B4239_001   3.907  -0.034   3.873
GLU01B4239_002   3.907  -0.034   3.873
GLU02B4239_003   3.123  -0.036   3.087
GLU02B4239_004   3.123  -0.036   3.087
GLU-1B4239_005   3.059  -0.034   3.024
ASP01B4240_001   0.109  -0.586  -0.477
ASP01B4240_002   0.109  -0.586  -0.477
ASP02B4240_003   0.189  -0.652  -0.463
ASP02B4240_004   0.189  -0.652  -0.463
ASP-1B4240_005   0.104  -0.586  -0.482
THR01B4241_001   0.237   0.000   0.237
THR01B4241_002   0.237   0.000   0.237
ILE01B4242_001   2.218  -0.583   1.636
PHE01B4243_001   4.992  -1.162   3.830
GLU01B4244_001   2.274  -0.246   2.028
GLU01B4244_002   2.274  -0.246   2.028
GLU02B4244_003   1.799  -0.319   1.480
GLU02B4244_004   1.799  -0.319   1.480
GLU-1B4244_005   1.736  -0.276   1.460
MET01B4245_001  -0.062  -0.412  -0.474
GLN01B4246_001   1.005  -2.441  -1.436
GLN01B4246_002   0.826  -2.570  -1.744
ILE01B4247_001   1.146  -1.304  -0.158
ALA01B4248_001   0.000  -0.325  -0.325
ALA01B4249_001   0.000  -2.968  -2.968
GLN01B4250_001   2.039  -2.531  -0.491
GLN01B4250_002   3.361  -2.433   0.927
ILE01B4251_001   2.199  -1.700   0.499
SER01B4252_001   0.000  -3.155  -3.155
SER01B4252_002   0.000  -3.155  -3.155
GLU01B4253_001   0.498  -3.202  -2.703
GLU01B4253_002   0.498  -3.202  -2.703
GLU02B4253_003   0.665  -3.061  -2.396
GLU02B4253_004   0.665  -3.061  -2.396
GLU-1B4253_005   0.467  -3.144  -2.676
CTR01B4253_001  -0.021  -5.174  -5.195
CTR01B4253_002   0.108  -5.078  -4.970
CTR02B4253_003  -0.022  -5.077  -5.100
CTR02B4253_004   0.042  -5.039  -4.997
CTR-1B4253_005   0.000  -5.077  -5.077
NTR01B4540_001  -0.003  -3.095  -3.098
NTR+1B4540_002  -0.005  -3.095  -3.100
PHE01B4540_001   2.033  -2.560  -0.528
TRP01B4541_001   0.646 -14.956 -14.310
GLU01B4543_001   0.500  -3.526  -3.026
GLU01B4543_002   0.500  -3.526  -3.026
GLU02B4543_003   0.666  -3.535  -2.868
GLU02B4543_004   0.666  -3.535  -2.868
GLU-1B4543_005   0.469  -3.476  -3.007
LEU01B4544_001   1.459  -3.725  -2.266
GLU01B4545_001   0.498  -2.129  -1.631
GLU01B4545_002   0.498  -2.129  -1.631
GLU02B4545_003   0.664  -2.066  -1.402
GLU02B4545_004   0.664  -2.066  -1.402
GLU-1B4545_005   0.467  -2.093  -1.626
VAL01B4546_001   0.694  -6.072  -5.378
GLN01B4547_001   0.961  -2.854  -1.893
GLN01B4547_002   1.281  -2.854  -1.573
ARG01B4548_001   4.748  -6.976  -2.228
ARG02B4548_002   4.695  -6.976  -2.281
ARG02B4548_003   4.700  -6.976  -2.276
ARG03B4548_004   4.703  -6.976  -2.273
ARG+1B4548_005   4.654  -6.976  -2.322
VAL01B4549_001   0.833  -3.982  -3.149
LYS01B4550_001   3.799  -3.869  -0.070
LYS+1B4550_002   3.704  -3.869  -0.164
PHE01B4551_001   4.627  -7.099  -2.471
LEU01B4552_001   2.790  -2.144   0.646
ASN01B4553_001   0.310  -1.024  -0.714
ASN01B4553_002   0.464  -1.019  -0.555
TYR01B4554_001   4.466  -7.178  -2.712
TYR01B4554_002   4.466  -7.178  -2.712
TYR-1B4554_003   4.466  -7.178  -2.712
LEU01B4555_001   1.409  -0.412   0.997
SER01B4556_001   0.000   0.000   0.000
ARG01B4557_001   2.591  -3.994  -1.403
ARG02B4557_002   2.549  -3.994  -1.445
ARG03B4557_003   2.601  -3.994  -1.392
ARG+1B4557_004   2.509  -3.994  -1.485
ASN01B4558_001   0.152  -1.228  -1.076
PHE01B4559_001   4.776  -0.556   4.221
TYR01B4560_001   4.799  -7.503  -2.704
TYR01B4560_002   4.799  -7.503  -2.704
TYR-1B4560_003   4.799  -7.503  -2.704
THR01B4561_001   0.265  -4.316  -4.051
LEU01B4562_001   1.916  -0.959   0.957
ARG01B4563_001   1.361  -1.942  -0.581
ARG02B4563_002   1.318  -1.942  -0.625
ARG02B4563_003   1.322  -1.942  -0.620
ARG03B4563_004   1.384  -1.942  -0.559
ARG+1B4563_005   1.279  -1.942  -0.663
PHE01B4564_001   4.871  -8.440  -3.569
LEU01B4565_001   1.690  -4.411  -2.721
ALA01B4566_001   0.000   0.000   0.000
LEU01B4567_001   1.523  -1.887  -0.363
PHE01B4568_001   4.662  -8.259  -3.597
LEU01B4569_001   2.716  -0.515   2.200
ALA01B4570_001   0.000   0.000   0.000
PHE01B4571_001   4.955  -6.249  -1.295
ALA01B4572_001   0.000  -2.180  -2.180
ILE01B4573_001   1.694  -0.103   1.591
ASN01B4574_001   0.454  -0.308   0.146
ASN01B4574_002   0.221  -0.307  -0.086
PHE01B4575_001   4.842  -8.567  -3.725
ILE01B4576_001   3.467  -0.753   2.713
LEU01B4577_001   3.461  -2.247   1.214
LEU01B4578_001   2.213  -6.931  -4.719
PHE01B4579_001   4.525  -3.470   1.054
TYR01B4580_001   4.686  -3.198   1.487
TYR-1B4580_002   4.686  -3.198   1.487
LYS01B4581_001   1.393  -6.531  -5.138
LYS+1B4581_002   1.344  -6.531  -5.187
VAL01B4582_001   0.469  -5.132  -4.663
SER01B4583_001   0.000  -0.743  -0.743
SER01B4583_002   0.000  -0.743  -0.743
ASP01B4584_001  -0.040  -3.454  -3.494
ASP01B4584_002  -0.040  -3.454  -3.494
ASP02B4584_003  -0.009  -3.380  -3.389
ASP02B4584_004  -0.009  -3.380  -3.389
ASP-1B4584_005  -0.041  -3.359  -3.400
SER01B4585_001   0.000  -3.268  -3.268
SER01B4585_002   0.000  -3.268  -3.268
PRO01B4586_001   0.275  -5.351  -5.077
PRO01B4587_001   0.257  -4.193  -3.936
CTR01B4587_001  -0.021  -4.373  -4.394
CTR01B4587_002   0.082  -4.431  -4.349
CTR02B4587_003  -0.022  -4.334  -4.356
CTR02B4587_004   0.028  -4.373  -4.345
CTR-1B4587_005   0.000  -4.334  -4.334
NTR01B4626_001  -0.003  -3.435  -3.438
NTR+1B4626_002  -0.005  -3.435  -3.440
ASN01B4626_001  -0.020  -3.544  -3.564
MET01B4627_001   0.140  -3.502  -3.362
VAL01B4628_001   0.580  -2.795  -2.214
TYR01B4629_001   4.739  -9.498  -4.759
TYR-1B4629_002   4.739  -9.498  -4.759
TYR01B4630_001   4.678  -3.994   0.684
TYR-1B4630_002   4.678  -3.994   0.684
PHE01B4631_001   4.916  -2.692   2.225
LEU01B4632_001   2.007  -4.424  -2.416
GLU01B4633_001   3.259  -2.554   0.705
GLU01B4633_002   3.259  -2.554   0.705
GLU02B4633_003   2.590  -2.502   0.087
GLU02B4633_004   2.590  -2.502   0.087
GLU-1B4633_005   2.529  -2.515   0.013
GLU01B4634_001   2.246  -1.194   1.052
GLU01B4634_002   2.246  -1.194   1.052
GLU02B4634_003   1.792  -1.136   0.655
GLU02B4634_004   1.792  -1.136   0.655
GLU-1B4634_005   1.722  -1.167   0.555
SER01B4635_001   0.000  -5.225  -5.225
SER01B4635_002   0.000  -5.225  -5.225
THR01B4636_001   0.191  -2.002  -1.811
THR01B4636_002   0.191  -2.002  -1.811
THR01B4636_003   0.191  -2.002  -1.811
TYR01B4638_001   4.593  -9.685  -5.091
TYR01B4638_002   4.593  -9.685  -5.091
TYR-1B4638_003   4.593  -9.685  -5.091
MET01B4639_001  43.606   0.000  43.606
GLU01B4640_001   1.832  -2.623  -0.792
GLU01B4640_002   1.832  -2.623  -0.792
GLU02B4640_003   1.507  -2.752  -1.245
GLU02B4640_004   1.507  -2.752  -1.245
GLU-1B4640_005   1.414  -2.566  -1.152
PRO01B4641_001   0.283  -6.299  -6.016
ALA01B4642_001   0.000  -3.055  -3.055
LEU01B4643_001   3.456  -1.613   1.843
TRP01B4644_001   2.913  -8.404  -5.491
CYS01B4645_001  -0.002  -3.837  -3.839
CYS01B4645_002  -0.002  -3.837  -3.839
CYS01B4645_003  -0.002  -3.837  -3.840
CYS-1B4645_004   0.000  -3.837  -3.837
LEU01B4646_001   1.557  -2.988  -1.430
SER01B4647_001   0.000   0.000   0.000
SER01B4647_002   0.000   0.000   0.000
SER01B4647_003   0.000   0.000   0.000
LEU01B4648_001   2.255  -5.080  -2.825
LEU01B4649_001   1.979  -3.689  -1.710
HIS01B4650_001  -0.151   0.000  -0.151
HIS02B4650_002  -0.170   0.000  -0.170
HIS+1B4650_003  -0.197   0.000  -0.197
THR01B4651_001   0.254  -1.091  -0.837
THR01B4651_002   0.254  -1.091  -0.837
LEU01B4652_001   3.380  -5.405  -2.025
VAL01B4653_001   0.771  -0.412   0.359
ALA01B4654_001   0.000   0.000   0.000
PHE01B4655_001   4.611  -7.591  -2.980
LEU01B4656_001   2.019  -2.402  -0.382
CYS01B4657_001  -0.002   0.000  -0.002
CYS01B4657_002  -0.002   0.000  -0.002
CYS01B4657_003  -0.002   0.000  -0.002
CYS-1B4657_004   0.000   0.000   0.000
ILE01B4658_001   2.132  -2.160  -0.029
ILE01B4659_001   4.046  -3.500   0.546
TYR01B4661_001   4.804  -0.674   4.130
TYR01B4661_002   4.804  -0.674   4.130
TYR-1B4661_003   4.804  -0.674   4.130
ASN01B4662_001   0.212  -1.742  -1.530
ASN01B4662_002   0.030  -1.772  -1.742
CYS01B4663_001  -0.002  -0.860  -0.861
CYS01B4663_002  -0.002  -0.860  -0.861
CYS01B4663_003  -0.002  -0.860  -0.862
CYS-1B4663_004   0.000  -0.860  -0.860
LEU01B4664_001   1.804  -1.185   0.619
LYS01B4665_001   1.666  -3.791  -2.124
LYS+1B4665_002   1.580  -3.791  -2.211
VAL01B4666_001   0.290   0.000   0.290
PRO01B4667_001   0.330  -2.077  -1.747
LEU01B4668_001   2.309  -1.062   1.247
VAL01B4669_001   0.520  -1.954  -1.434
ILE01B4670_001   1.804  -0.618   1.186
PHE01B4671_001   5.132  -0.051   5.081
LYS01B4672_001   1.114  -4.888  -3.774
LYS+1B4672_002   1.067  -4.888  -3.821
ARG01B4673_001   2.976  -0.861   2.114
ARG02B4673_002   2.939  -0.861   2.078
ARG03B4673_003   2.943  -0.861   2.082
ARG03B4673_004   3.006  -0.861   2.145
ARG+1B4673_005   2.895  -0.861   2.034
GLU01B4674_001   3.578   0.000   3.578
GLU01B4674_002   3.578   0.000   3.578
GLU02B4674_003   2.988   0.000   2.988
GLU02B4674_004   2.988   0.000   2.988
GLU-1B4674_005   2.859   0.000   2.859
LYS01B4675_001   0.854  -0.760   0.094
LYS+1B4675_002   0.808  -0.760   0.048
GLU01B4676_001   3.574  -1.469   2.104
GLU01B4676_002   3.574  -1.469   2.104
GLU02B4676_003   2.855  -1.422   1.432
GLU02B4676_004   2.855  -1.422   1.432
GLU-1B4676_005   2.788  -1.451   1.337
LEU01B4677_001   1.435  -0.309   1.126
ALA01B4678_001   0.000  -0.155  -0.155
ARG01B4679_001   2.030  -2.950  -0.920
ARG02B4679_002   2.012  -2.950  -0.938
ARG02B4679_003   2.085  -2.950  -0.865
ARG03B4679_004   2.005  -2.950  -0.945
ARG03B4679_005   2.008  -2.950  -0.942
ARG+1B4679_006   1.965  -2.950  -0.985
LYS01B4680_001   1.108  -4.881  -3.773
LYS+1B4680_002   1.061  -4.881  -3.820
LEU01B4681_001   1.354  -0.052   1.303
GLU01B4682_001   2.020  -0.600   1.419
GLU01B4682_002   2.020  -0.600   1.419
GLU02B4682_003   1.653  -0.663   0.990
GLU02B4682_004   1.653  -0.663   0.990
GLU-1B4682_005   1.565  -0.599   0.966
PHE01B4683_001   5.200  -4.061   1.139
ASP01B4684_001   0.272  -2.341  -2.069
ASP01B4684_002   0.272  -2.341  -2.069
ASP02B4684_003   0.381  -2.306  -1.925
ASP02B4684_004   0.381  -2.306  -1.925
ASP-1B4684_005   0.259  -2.231  -1.972
LEU01B4686_001   2.063  -2.160  -0.097
TYR01B4687_001   5.110  -0.051   5.059
TYR01B4687_002   5.110  -0.051   5.059
TYR-1B4687_003   5.110  -0.051   5.059
ILE01B4688_001   2.167   0.000   2.167
THR01B4689_001   0.191  -3.419  -3.228
GLU01B4690_001   3.522  -3.113   0.408
GLU01B4690_002   3.522  -3.113   0.408
GLU02B4690_003   2.816  -3.127  -0.311
GLU02B4690_004   2.816  -3.127  -0.311
GLU-1B4690_005   2.749  -3.019  -0.270
GLN01B4691_001   1.068  -2.565  -1.497
GLN01B4691_002   1.437  -2.629  -1.192
PRO01B4692_001   0.364  -0.199   0.165
ASP01B4694_001   0.145  -2.510  -2.365
ASP01B4694_002   0.145  -2.510  -2.365
ASP02B4694_003   0.227  -2.580  -2.353
ASP02B4694_004   0.227  -2.580  -2.353
ASP-1B4694_005   0.137  -2.442  -2.305
ASP01B4695_001   0.179  -3.292  -3.113
ASP01B4695_002   0.179  -3.292  -3.113
ASP02B4695_003   0.266  -3.438  -3.173
ASP02B4695_004   0.266  -3.438  -3.173
ASP-1B4695_005   0.168  -3.338  -3.169
ASP01B4696_001   0.186  -3.146  -2.961
ASP01B4696_002   0.186  -3.146  -2.961
ASP02B4696_003   0.275  -3.043  -2.768
ASP02B4696_004   0.275  -3.043  -2.768
ASP-1B4696_005   0.175  -3.032  -2.857
VAL01B4697_001   0.689  -6.931  -6.242
LYS01B4698_001   2.184  -5.361  -3.177
LYS+1B4698_002   2.134  -5.361  -3.227
GLN01B4700_001   1.157  -2.252  -1.095
GLN01B4700_002   0.913  -2.360  -1.447
TRP01B4701_001   3.340  -4.182  -0.842
ASP01B4702_001   0.174  -0.069   0.105
ASP01B4702_002   0.174  -0.069   0.105
ASP02B4702_003   0.258  -0.072   0.186
ASP02B4702_004   0.258  -0.072   0.186
ASP-1B4702_005   0.163  -0.069   0.094
ARG01B4703_001   9.730  -5.798   3.932
ARG02B4703_002   9.664  -5.798   3.865
ARG03B4703_003   9.760  -5.798   3.961
ARG+1B4703_004   9.623  -5.798   3.825
LEU01B4704_001   4.765  -2.576   2.190
VAL01B4705_001   0.580   0.000   0.580
LEU01B4706_001   1.649  -0.206   1.443
ASN01B4707_001   0.551  -1.154  -0.603
THR01B4708_001   0.253   0.000   0.253
THR01B4708_002   0.253   0.000   0.253
PRO01B4709_001   0.298  -4.909  -4.611
SER01B4710_001   0.000  -1.637  -1.637
SER01B4710_002   0.000  -1.637  -1.637
PHE01B4711_001   4.633   0.000   4.633
PRO01B4712_001   0.325  -0.171   0.155
SER01B4713_001   0.000  -1.621  -1.621
SER01B4713_002   0.000  -1.621  -1.621
ASN01B4714_001   0.182  -0.758  -0.576
ASN01B4714_002   0.012  -0.733  -0.722
TYR01B4715_001   5.252  -0.763   4.489
TYR01B4715_002   5.252  -0.763   4.489
TYR-1B4715_003   5.252  -0.763   4.489
TRP01B4716_001   3.272  -2.330   0.942
ASP01B4717_001   0.392  -0.709  -0.316
ASP01B4717_002   0.392  -0.709  -0.316
ASP02B4717_003   0.446  -0.628  -0.182
ASP02B4717_004   0.446  -0.628  -0.182
ASP-1B4717_005   0.340  -0.659  -0.319
LYS01B4718_001   0.479  -3.852  -3.373
LYS+1B4718_002   0.437  -3.852  -3.415
PHE01B4719_001   4.641  -1.934   2.707
VAL01B4720_001   0.737  -0.206   0.531
LYS01B4721_001   0.696  -0.773  -0.076
LYS+1B4721_002   0.652  -0.773  -0.120
ARG01B4722_001   7.354  -5.124   2.231
ARG02B4722_002   7.295  -5.124   2.172
ARG03B4722_003   7.385  -5.124   2.262
ARG+1B4722_004   7.248  -5.124   2.125
LYS01B4723_001   1.739  -4.800  -3.060
LYS+1B4723_002   1.693  -4.800  -3.107
VAL01B4724_001   0.770   0.000   0.770
LEU01B4725_001   2.101  -0.464   1.637
ASP01B4726_001   0.131  -3.201  -3.070
ASP01B4726_002   0.131  -3.201  -3.070
ASP02B4726_003   0.220  -3.230  -3.010
ASP02B4726_004   0.220  -3.230  -3.010
ASP-1B4726_005   0.127  -3.079  -2.953
LYS01B4727_001   1.359  -4.476  -3.117
LYS+1B4727_002   1.313  -4.476  -3.163
HIS01B4728_001  -0.107  -0.780  -0.887
HIS01B4728_002  -0.053  -0.663  -0.716
HIS02B4728_003  -0.126  -0.780  -0.906
HIS02B4728_004  -0.066  -0.663  -0.729
HIS+1B4728_005  -0.153  -0.780  -0.933
HIS+1B4728_006  -0.092  -0.663  -0.756
ASP01B4730_001   0.069  -3.167  -3.099
ASP01B4730_002   0.069  -3.167  -3.099
ASP02B4730_003   0.138  -3.309  -3.171
ASP02B4730_004   0.138  -3.309  -3.171
ASP-1B4730_005   0.065  -3.140  -3.075
ILE01B4731_001   2.188  -6.639  -4.451
PHE01B4732_001   4.541  -3.256   1.284
ARG01B4734_001   2.169  -7.310  -5.141
ARG02B4734_002   2.145  -7.310  -5.165
ARG03B4734_003   2.154  -7.310  -5.156
ARG+1B4734_004   2.106  -7.310  -5.204
GLU01B4735_001   3.554  -2.941   0.613
GLU01B4735_002   3.554  -2.941   0.613
GLU02B4735_003   2.853  -2.974  -0.121
GLU02B4735_004   2.853  -2.974  -0.121
GLU-1B4735_005   2.779  -2.905  -0.126
ARG01B4736_001   3.683  -9.188  -5.505
ARG02B4736_002   3.630  -9.188  -5.557
ARG03B4736_003   3.729  -9.188  -5.459
ARG+1B4736_004   3.590  -9.188  -5.598
ILE01B4737_001   2.227  -0.052   2.175
ALA01B4738_001   0.000  -0.103  -0.103
GLU01B4739_001   4.460  -2.632   1.828
GLU01B4739_002   4.460  -2.632   1.828
GLU02B4739_003   3.607  -2.668   0.939
GLU02B4739_004   3.607  -2.668   0.939
GLU-1B4739_005   3.524  -2.565   0.958
LEU01B4740_001   2.150  -2.212  -0.062
LEU01B4741_001   1.849   0.000   1.849
MET01B4743_001   0.772  -0.671   0.101
ASP01B4744_001  -0.040  -2.517  -2.558
ASP01B4744_002  -0.040  -2.517  -2.558
ASP02B4744_003  -0.009  -2.608  -2.617
ASP02B4744_004  -0.009  -2.608  -2.617
ASP-1B4744_005  -0.041  -2.515  -2.555
LEU01B4745_001   1.457  -6.075  -4.618
ALA01B4746_001   0.000  -0.927  -0.927
SER01B4747_001   0.000  -0.962  -0.962
SER01B4747_002   0.000  -0.962  -0.962
LEU01B4748_001   1.456  -5.953  -4.497
GLU01B4749_001   0.499  -2.887  -2.387
GLU01B4749_002   0.499  -2.887  -2.387
GLU02B4749_003   0.667  -2.867  -2.201
GLU02B4749_004   0.667  -2.867  -2.201
GLU-1B4749_005   0.468  -2.769  -2.301
ILE01B4750_001   0.937  -1.751  -0.815
THR01B4751_001   0.152  -5.240  -5.088
THR01B4751_002   0.152  -5.240  -5.088
ALA01B4752_001   0.000  -2.711  -2.711
HIS01B4753_001  -0.354  -2.471  -2.825
HIS02B4753_002  -0.363  -2.471  -2.834
HIS+1B4753_003  -0.382  -2.471  -2.853
ASN01B4754_001  -0.020  -0.977  -0.998
ASN01B4754_002  -0.091  -0.895  -0.986
GLU01B4755_001   0.500  -2.155  -1.655
GLU01B4755_002   0.500  -2.155  -1.655
GLU02B4755_003   0.667  -2.206  -1.539
GLU02B4755_004   0.667  -2.206  -1.539
GLU-1B4755_005   0.469  -2.184  -1.715
ARG01B4756_0011191.812  -5.8511185.960
ARG02B4756_0021191.793  -5.8511185.942
ARG03B4756_0031191.827  -5.8511185.976
ARG03B4756_004 190.867  -5.851 185.016
ARG+1B4756_0051191.761  -5.8511185.910
LYS01B4757_001   3.790  -4.118  -0.328
LYS+1B4757_002   3.696  -4.118  -0.422
PRO01B4758_001   0.233  -6.074  -5.841
ASP01B4759_001  -0.041  -3.622  -3.662
ASP01B4759_002  -0.041  -3.622  -3.662
ASP02B4759_003  -0.009  -3.523  -3.532
ASP02B4759_004  -0.009  -3.523  -3.532
ASP-1B4759_005  -0.041  -3.381  -3.421
PRO01B4760_001   0.203  -6.846  -6.642
PRO01B4761_001   0.244  -6.897  -6.653
PRO01B4762_001   0.233  -5.650  -5.417
LEU01B4764_001   1.457  -4.343  -2.886
LEU01B4765_001   1.457  -3.400  -1.943
THR01B4766_001   0.199  -5.483  -5.284
THR01B4766_002   0.199  -5.483  -5.284
TRP01B4767_001   3.073  -6.905  -3.832
LEU01B4768_001   3.295  -5.766  -2.471
MET01B4769_001   0.343  -9.038  -8.695
SER01B4770_001   0.000  -3.365  -3.365
ILE01B4771_001   2.272  -4.034  -1.762
ASP01B4772_001   0.092  -1.828  -1.737
ASP01B4772_002   0.092  -1.828  -1.737
ASP02B4772_003   0.159  -1.735  -1.576
ASP02B4772_004   0.159  -1.735  -1.576
ASP-1B4772_005   0.084  -1.736  -1.652
VAL01B4773_001   0.660  -5.647  -4.987
LYS01B4774_001   1.223  -5.881  -4.658
LYS+1B4774_002   1.176  -5.881  -4.705
TYR01B4775_001   4.791  -0.707   4.084
TYR01B4775_002   4.791  -0.707   4.084
TYR-1B4775_003   4.791  -0.707   4.084
GLN01B4776_001   0.882  -1.952  -1.070
GLN01B4776_002   0.768  -1.761  -0.993
ILE01B4777_001   2.556  -4.649  -2.093
TRP01B4778_001   3.899   0.000   3.899
LYS01B4779_001   1.674  -3.681  -2.006
LYS+1B4779_002   1.630  -3.681  -2.051
PHE01B4780_001   4.665  -5.638  -0.973
VAL01B4782_001   0.914   0.000   0.914
ILE01B4783_001   2.913  -1.149   1.764
PHE01B4784_001   4.235  -6.655  -2.420
THR01B4785_001   0.194  -2.880  -2.685
THR01B4785_002   0.194  -2.880  -2.685
THR01B4785_003   0.194  -2.880  -2.685
ASP01B4786_001   0.071  -0.761  -0.690
ASP01B4786_002   0.071  -0.761  -0.690
ASP02B4786_003   0.142  -0.691  -0.549
ASP02B4786_004   0.142  -0.691  -0.549
ASP-1B4786_005   0.069  -0.655  -0.586
ASN01B4787_001   0.430  -3.823  -3.393
ASN01B4787_002   0.197  -3.818  -3.621
SER01B4788_001   0.000  -2.750  -2.750
SER01B4788_002   0.000  -2.750  -2.750
PHE01B4789_001   5.279  -2.039   3.240
LEU01B4790_001   1.716  -5.302  -3.587
TYR01B4791_001   4.970  -3.233   1.737
TYR01B4791_002   4.970  -3.233   1.737
TYR-1B4791_003   4.970  -3.233   1.737
LEU01B4792_001   1.517  -0.515   1.002
TRP01B4794_001   3.666  -7.447  -3.782
TYR01B4795_001   5.023  -0.051   4.972
TYR01B4795_002   5.023  -0.051   4.972
TYR-1B4795_003   5.023  -0.051   4.972
MET01B4796_001   0.050  -1.305  -1.255
VAL01B4797_001   0.642  -4.375  -3.733
MET01B4798_001   0.008  -0.903  -0.896
SER01B4799_001   0.000   0.000   0.000
SER01B4799_002   0.000   0.000   0.000
SER01B4799_003   0.000   0.000   0.000
LEU01B4800_001   2.044  -6.420  -4.376
LEU01B4801_001   1.572  -3.277  -1.706
HIS01B4803_001  -0.182  -2.936  -3.118
HIS01B4803_002  -0.140  -3.237  -3.377
HIS02B4803_003  -0.200  -2.936  -3.136
HIS02B4803_004  -0.153  -3.237  -3.391
HIS+1B4803_005  -0.227  -2.936  -3.163
HIS+1B4803_006  -0.180  -3.237  -3.417
TYR01B4804_001   4.184  -9.773  -5.589
TYR-1B4804_002   4.184  -9.773  -5.589
ASN01B4805_001   0.145  -1.737  -1.592
ASN01B4805_002  -0.010  -1.675  -1.685
ASN01B4806_001   0.436  -1.890  -1.454
ASN01B4806_002   0.208  -1.959  -1.751
PHE01B4807_001   4.562 -11.231  -6.669
PHE01B4808_001   4.992  -3.301   1.690
PHE01B4809_001   4.338  -0.354   3.984
ALA01B4810_001   0.000  -1.423  -1.423
ALA01B4811_001   0.000  -0.824  -0.824
HIS01B4812_001  -0.209   0.000  -0.209
HIS01B4812_002  -0.165   0.000  -0.165
HIS02B4812_003  -0.229   0.000  -0.229
HIS02B4812_004  -0.174   0.000  -0.174
HIS+1B4812_005  -0.256   0.000  -0.256
HIS+1B4812_006  -0.201   0.000  -0.201
LEU01B4813_001   3.685  -3.397   0.288
LEU01B4814_001   1.310  -6.880  -5.570
ASP01B4815_001   0.059  -0.116  -0.057
ASP01B4815_002   0.059  -0.116  -0.057
ASP02B4815_003   0.125  -0.116   0.009
ASP02B4815_004   0.125  -0.116   0.009
ASP-1B4815_005   0.055  -0.116  -0.061
ILE01B4816_001   3.624  -0.103   3.521
ALA01B4817_001   0.000  -2.418  -2.418
MET01B4818_001  -0.023  -4.314  -4.337
VAL01B4820_001   0.743  -2.730  -1.987
LYS01B4821_001   2.289  -8.593  -6.304
LYS+1B4821_002   2.229  -8.593  -6.364
THR01B4822_001   0.270  -4.629  -4.359
THR01B4822_002   0.270  -4.629  -4.359
LEU01B4823_001   1.620  -4.617  -2.997
ARG01B4824_001  13.094  -7.137   5.957
ARG02B4824_002  13.047  -7.137   5.910
ARG03B4824_003  13.146  -7.137   6.009
ARG+1B4824_004  13.000  -7.137   5.863
THR01B4825_001   0.321  -4.762  -4.441
THR01B4825_002   0.321  -4.762  -4.441
ILE01B4826_001   3.021  -6.468  -3.447
LEU01B4827_001   2.176  -4.427  -2.251
SER01B4828_001   0.000  -1.056  -1.056
SER01B4828_002   0.000  -1.056  -1.056
SER01B4829_001   0.000  -0.048  -0.048
SER01B4829_002   0.000  -0.048  -0.048
VAL01B4830_001   0.734  -3.741  -3.007
THR01B4831_001   0.212  -5.714  -5.502
THR01B4831_002   0.212  -5.714  -5.502
HIS01B4832_001  -0.159  -8.387  -8.546
HIS01B4832_002  -0.123  -8.229  -8.352
HIS02B4832_003  -0.177  -8.387  -8.564
HIS02B4832_004  -0.137  -8.229  -8.366
HIS+1B4832_005  -0.204  -8.387  -8.591
HIS+1B4832_006  -0.163  -8.229  -8.393
ASN01B4833_001   0.259  -1.029  -0.769
ASN01B4833_002   0.056  -1.098  -1.041
LYS01B4835_001   1.882  -8.943  -7.061
LYS+1B4835_002   1.794  -8.943  -7.149
GLN01B4836_001   0.880  -3.131  -2.252
GLN01B4836_002   0.704  -3.149  -2.445
LEU01B4837_001   2.695  -1.545   1.149
VAL01B4838_001   0.818  -5.216  -4.398
MET01B4839_001  -0.036  -8.360  -8.396
THR01B4840_001   0.355  -0.610  -0.255
THR01B4840_002   0.355  -0.610  -0.255
VAL01B4841_001   0.830  -4.584  -3.754
LEU01B4843_001   3.057  -5.096  -2.039
LEU01B4844_001   3.893  -2.366   1.527
ALA01B4845_001   0.000  -2.485  -2.485
VAL01B4846_001   0.757  -5.183  -4.427
VAL01B4847_001   0.825  -1.082  -0.257
VAL01B4848_001   1.037   0.000   1.037
TYR01B4849_001   4.852  -7.486  -2.633
TYR-1B4849_002   4.852  -7.486  -2.633
LEU01B4850_001   1.779  -6.639  -4.860
TYR01B4851_001   4.454  -1.962   2.492
TYR-1B4851_002   4.454  -1.962   2.492
THR01B4852_001   0.318   0.000   0.318
THR01B4852_002   0.318   0.000   0.318
THR01B4852_003   0.318   0.000   0.318
VAL01B4853_001   0.864  -2.833  -1.969
VAL01B4854_001   0.617  -2.247  -1.630
ALA01B4855_001   0.000  -0.238  -0.238
PHE01B4856_001   4.696  -2.510   2.186
ASN01B4857_001   0.443  -1.983  -1.540
ASN01B4857_002   0.212  -1.993  -1.781
PHE01B4858_001   4.467  -9.109  -4.642
PHE01B4859_001   4.571  -0.624   3.947
ARG01B4860_001   2.813  -7.630  -4.817
ARG02B4860_002   2.783  -7.630  -4.847
ARG03B4860_003   2.787  -7.630  -4.843
ARG+1B4860_004   2.738  -7.630  -4.892
LYS01B4861_001   2.776  -6.426  -3.650
LYS+1B4861_002   2.719  -6.426  -3.706
PHE01B4862_001   5.191  -1.163   4.028
TYR01B4863_001   4.627  -0.051   4.576
TYR01B4863_002   4.627  -0.051   4.576
TYR-1B4863_003   4.627  -0.051   4.576
ASN01B4864_001   0.211  -1.147  -0.935
ASN01B4864_002   0.411  -1.137  -0.725
LYS01B4865_001   3.760  -2.314   1.446
LYS+1B4865_002   3.713  -2.314   1.399
SER01B4866_001   0.000  -3.535  -3.535
GLU01B4867_001   3.025  -2.194   0.830
GLU01B4867_002   3.025  -2.194   0.830
GLU02B4867_003   2.473  -2.370   0.103
GLU02B4867_004   2.473  -2.370   0.103
GLU-1B4867_005   2.383  -2.195   0.188
ASP01B4868_001   0.415  -3.529  -3.114
ASP01B4868_002   0.415  -3.529  -3.114
ASP02B4868_003   0.473  -3.655  -3.181
ASP02B4868_004   0.473  -3.655  -3.181
ASP-1B4868_005   0.361  -3.579  -3.217
GLU01B4869_001   1.713  -3.904  -2.192
GLU01B4869_002   1.713  -3.904  -2.192
GLU02B4869_003   1.427  -4.091  -2.663
GLU02B4869_004   1.427  -4.091  -2.663
GLU-1B4869_005   1.330  -3.811  -2.481
ASP01B4870_001   0.222  -2.970  -2.748
ASP01B4870_002   0.222  -2.970  -2.748
ASP02B4870_003   0.318  -3.077  -2.759
ASP02B4870_004   0.318  -3.077  -2.759
ASP-1B4870_005   0.210  -2.963  -2.753
GLU01B4871_001   3.218  -1.609   1.608
GLU01B4871_002   3.218  -1.609   1.608
GLU02B4871_003   2.565  -1.532   1.033
GLU02B4871_004   2.565  -1.532   1.033
GLU-1B4871_005   2.496  -1.563   0.933
CTR01B4871_001  -0.021  -1.014  -1.035
CTR01B4871_002   0.091  -1.072  -0.980
CTR02B4871_003  -0.022  -1.014  -1.036
CTR02B4871_004   0.036  -1.014  -0.978
CTR-1B4871_005   0.000  -1.014  -1.014
NTR01B4872_001  -0.002  -0.750  -0.752
NTR+1B4872_002  -0.004  -0.750  -0.754
PRO01B4872_001   0.287  -5.286  -4.999
ASP01B4873_001   0.076  -1.678  -1.601
ASP01B4873_002   0.076  -1.678  -1.601
ASP02B4873_003   0.149  -1.712  -1.564
ASP02B4873_004   0.149  -1.712  -1.564
ASP-1B4873_005   0.073  -1.636  -1.564
MET01B4874_001   0.321  -1.568  -1.247
LYS01B4875_001   1.707  -1.484   0.223
LYS+1B4875_002   1.639  -1.484   0.155
CYS01B4876_001  -0.002   0.000  -0.002
CYS01B4876_002  -0.002   0.000  -0.002
CYS01B4876_003  -0.003   0.000  -0.003
CYS-1B4876_004   0.000   0.000   0.000
ASP01B4877_001   0.088  -1.913  -1.826
ASP01B4877_002   0.088  -1.913  -1.826
ASP02B4877_003   0.156  -1.819  -1.663
ASP02B4877_004   0.156  -1.819  -1.663
ASP-1B4877_005   0.081  -1.757  -1.675
ASP01B4878_001  -0.040  -2.058  -2.098
ASP01B4878_002  -0.040  -2.058  -2.098
ASP02B4878_003  -0.008  -2.133  -2.142
ASP02B4878_004  -0.008  -2.133  -2.142
ASP-1B4878_005  -0.040  -2.058  -2.098
MET01B4879_001   0.096  -3.903  -3.807
MET01B4880_001   0.801  -9.726  -8.925
THR01B4881_001   0.260  -1.984  -1.724
THR01B4881_002   0.260  -1.984  -1.724
THR01B4881_003   0.260  -1.984  -1.724
CYS01B4882_001  -0.002   0.000  -0.002
CYS01B4882_002  -0.002   0.000  -0.002
CYS01B4882_003  -0.002   0.000  -0.002
CYS-1B4882_004   0.000   0.000   0.000
TYR01B4883_001   5.160  -2.403   2.757
TYR01B4883_002   5.160  -2.403   2.757
TYR-1B4883_003   5.160  -2.403   2.757
LEU01B4884_001   1.883  -7.086  -5.203
PHE01B4885_001   5.227  -0.606   4.621
HIS01B4886_001  -0.135  -0.047  -0.182
HIS01B4886_002  -0.089   0.000  -0.089
HIS02B4886_003  -0.154  -0.047  -0.201
HIS02B4886_004  -0.103   0.000  -0.103
HIS+1B4886_005  -0.181  -0.047  -0.228
HIS+1B4886_006  -0.129   0.000  -0.129
MET01B4887_001   3.697  -2.944   0.752
TYR01B4888_001   4.950  -8.361  -3.411
TYR-1B4888_002   4.950  -8.361  -3.411
VAL01B4889_001   0.692  -1.098  -0.406
VAL01B4891_001   1.022  -0.567   0.455
ARG01B4892_001   5.535  -7.345  -1.810
ARG02B4892_002   5.474  -7.345  -1.871
ARG03B4892_003   5.566  -7.345  -1.778
ARG+1B4892_004   5.434  -7.345  -1.911
ALA01B4893_001   0.000  -0.052  -0.052
ILE01B4897_001   1.814  -0.361   1.454
ASP01B4899_001   0.140  -2.375  -2.235
ASP01B4899_002   0.140  -2.375  -2.235
ASP02B4899_003   0.221  -2.317  -2.096
ASP02B4899_004   0.221  -2.317  -2.096
ASP-1B4899_005   0.132  -2.282  -2.151
GLU01B4900_001   2.802  -0.955   1.847
GLU01B4900_002   2.802  -0.955   1.847
GLU02B4900_003   2.253  -0.937   1.316
GLU02B4900_004   2.253  -0.937   1.316
GLU-1B4900_005   2.186  -0.955   1.232
ILE01B4901_001   4.977  -0.412   4.565
GLU01B4902_001   2.417  -2.154   0.263
GLU01B4902_002   2.417  -2.154   0.263
GLU02B4902_003   1.922  -2.153  -0.230
GLU02B4902_004   1.922  -2.153  -0.230
GLU-1B4902_005   1.854  -2.089  -0.235
ASP01B4903_001   0.079  -3.095  -3.016
ASP01B4903_002   0.079  -3.095  -3.016
ASP02B4903_003   0.152  -3.019  -2.866
ASP02B4903_004   0.152  -3.019  -2.866
ASP-1B4903_005   0.076  -2.902  -2.827
PRO01B4904_001   0.313  -1.182  -0.869
ALA01B4905_001   0.000  -2.968  -2.968
ASP01B4907_001  -0.041  -2.970  -3.011
ASP01B4907_002  -0.041  -2.970  -3.011
ASP02B4907_003  -0.009  -3.102  -3.111
ASP02B4907_004  -0.009  -3.102  -3.111
ASP-1B4907_005  -0.041  -3.018  -3.059
GLU01B4908_001   0.498  -2.577  -2.079
GLU01B4908_002   0.498  -2.577  -2.079
GLU02B4908_003   0.664  -2.797  -2.132
GLU02B4908_004   0.664  -2.797  -2.132
GLU-1B4908_005   0.467  -2.567  -2.100
TYR01B4909_001   4.251  -8.420  -4.169
TYR-1B4909_002   4.251  -8.420  -4.169
GLU01B4910_001   0.500  -1.926  -1.426
GLU01B4910_002   0.500  -1.926  -1.426
GLU02B4910_003   0.667  -1.839  -1.172
GLU02B4910_004   0.667  -1.839  -1.172
GLU-1B4910_005   0.469  -1.817  -1.349
LEU01B4911_001   3.218  -8.496  -5.278
TYR01B4912_001   4.581  -9.810  -5.229
TYR-1B4912_002   4.581  -9.810  -5.229
ARG01B4913_001   5.018  -0.886   4.132
ARG02B4913_002   4.985  -0.886   4.099
ARG03B4913_003   4.992  -0.886   4.105
ARG+1B4913_004   4.946  -0.886   4.060
VAL01B4914_001   0.779  -4.581  -3.802
VAL01B4915_001   0.724  -4.375  -3.651
PHE01B4916_001   4.739  -1.671   3.068
ASP01B4917_001   0.421  -0.488  -0.068
ASP01B4917_002   0.421  -0.488  -0.068
ASP02B4917_003   0.488  -0.535  -0.048
ASP02B4917_004   0.488  -0.535  -0.048
ASP-1B4917_005   0.370  -0.478  -0.108
ILE01B4918_001   1.995  -4.069  -2.074
THR01B4919_001   0.222  -3.059  -2.837
THR01B4919_002   0.222  -3.059  -2.837
PHE01B4920_001   4.987   0.000   4.987
PHE01B4921_001   5.237  -2.290   2.947
PHE01B4922_001   4.603  -6.601  -1.997
PHE01B4923_001   4.899  -8.552  -3.653
VAL01B4924_001   0.686   0.000   0.686
ILE01B4925_001   3.605  -0.206   3.399
VAL01B4926_001   0.647  -4.649  -4.002
ILE01B4927_001   1.908  -4.990  -3.082
LEU01B4928_001   1.677  -0.824   0.853
LEU01B4929_001   1.888  -5.045  -3.156
ALA01B4930_001   0.000  -2.521  -2.521
ILE01B4931_001   4.162  -5.541  -1.379
ILE01B4932_001   3.050  -3.139  -0.089
GLN01B4933_001   2.897  -2.559   0.338
GLN01B4933_002   4.503  -2.497   2.006
LEU01B4935_001   3.848  -2.025   1.823
ILE01B4936_001   4.860  -1.854   3.006
ILE01B4937_001   4.075  -7.224  -3.150
ASP01B4938_001   0.435  -3.200  -2.766
ASP01B4938_002   0.435  -3.200  -2.766
ASP02B4938_003   0.481  -3.192  -2.711
ASP02B4938_004   0.481  -3.192  -2.711
ASP-1B4938_005   0.373  -3.023  -2.650
ALA01B4939_001   0.000  -0.052  -0.052
PHE01B4940_001   4.859  -2.162   2.697
GLU01B4942_001   4.217  -1.752   2.465
GLU01B4942_002   4.217  -1.752   2.465
GLU02B4942_003   3.392  -1.785   1.607
GLU02B4942_004   3.392  -1.785   1.607
GLU-1B4942_005   3.314  -1.709   1.605
LEU01B4943_001   1.710  -2.576  -0.865
ARG01B4944_001   2.299  -9.626  -7.327
ARG02B4944_002   2.334  -9.626  -7.291
ARG03B4944_003   2.252  -9.626  -7.374
ARG+1B4944_004   2.212  -9.626  -7.413
ASP01B4945_001   0.062  -2.268  -2.206
ASP01B4945_002   0.062  -2.268  -2.206
ASP02B4945_003   0.130  -2.297  -2.167
ASP02B4945_004   0.130  -2.297  -2.167
ASP-1B4945_005   0.059  -2.171  -2.112
GLN01B4946_001   1.030  -1.285  -0.255
GLN01B4946_002   0.840  -1.048  -0.208
GLN01B4947_001   1.512  -2.168  -0.657
GLN01B4947_002   2.060  -2.088  -0.028
GLU01B4948_001   4.548  -2.412   2.135
GLU01B4948_002   4.548  -2.412   2.135
GLU02B4948_003   3.636  -2.537   1.098
GLU02B4948_004   3.636  -2.537   1.098
GLU-1B4948_005   3.575  -2.433   1.142
GLN01B4949_001   1.397  -2.244  -0.848
GLN01B4949_002   1.762  -2.189  -0.427
VAL01B4950_001   0.668  -0.670  -0.002
LYS01B4951_001   3.271  -8.234  -4.964
LYS+1B4951_002   3.240  -8.234  -4.994
GLU01B4952_001   4.224  -2.381   1.843
GLU01B4952_002   4.224  -2.381   1.843
GLU02B4952_003   3.403  -2.503   0.901
GLU02B4952_004   3.403  -2.503   0.901
GLU-1B4952_005   3.327  -2.458   0.868
ASP01B4953_001   0.494  -0.652  -0.158
ASP01B4953_002   0.494  -0.652  -0.158
ASP02B4953_003   0.528  -0.620  -0.093
ASP02B4953_004   0.528  -0.620  -0.093
ASP-1B4953_005   0.419  -0.620  -0.201
MET01B4954_001   0.106  -3.397  -3.291
GLU01B4955_001   0.498  -3.510  -3.012
GLU01B4955_002   0.498  -3.510  -3.012
GLU02B4955_003   0.664  -3.390  -2.726
GLU02B4955_004   0.664  -3.390  -2.726
GLU-1B4955_005   0.466  -3.411  -2.944
THR01B4956_001   0.290  -2.375  -2.086
THR01B4956_002   0.290  -2.375  -2.086
THR01B4956_003   0.290  -2.375  -2.086
LYS01B4957_001   1.387  -3.196  -1.809
LYS+1B4957_002   1.340  -3.196  -1.856
CYS01B4958_001  -0.002  -0.286  -0.287
CYS01B4958_002  -0.002  -0.286  -0.287
CYS01B4958_003  -0.002  -0.286  -0.288
CYS-1B4958_004   0.000  -0.286  -0.286
PHE01B4959_001   5.713  -1.229   4.484
ILE01B4960_001   3.597   0.000   3.597
CYS01B4961_001  -0.002   0.000  -0.002
CYS01B4961_002  -0.002   0.000  -0.002
CYS01B4961_003  -0.003   0.000  -0.003
CYS-1B4961_004   0.000   0.000   0.000
ILE01B4963_001   2.904  -1.442   1.461
SER01B4965_001   0.000  -0.843  -0.843
SER01B4965_002   0.000  -0.843  -0.843
ASP01B4966_001   0.123  -3.529  -3.406
ASP01B4966_002   0.123  -3.529  -3.406
ASP02B4966_003   0.209  -3.493  -3.284
ASP02B4966_004   0.209  -3.493  -3.284
ASP-1B4966_005   0.118  -3.471  -3.353
TYR01B4967_001   4.956  -4.252   0.704
TYR01B4967_002   4.956  -4.252   0.704
TYR-1B4967_003   4.956  -4.252   0.704
PHE01B4968_001   6.359   0.000   6.359
ASP01B4969_001   0.276  -0.944  -0.668
ASP01B4969_002   0.276  -0.944  -0.668
ASP02B4969_003   0.385  -1.044  -0.660
ASP02B4969_004   0.385  -1.044  -0.660
ASP-1B4969_005   0.262  -0.938  -0.676
THR01B4970_001   0.263  -5.279  -5.016
THR01B4971_001   0.216  -3.444  -3.229
THR01B4971_002   0.216  -3.444  -3.229
THR01B4971_003   0.216  -3.444  -3.229
PRO01B4972_001   0.304  -6.239  -5.934
HIS01B4973_001  -0.127  -7.096  -7.223
HIS02B4973_002  -0.146  -7.096  -7.242
HIS+1B4973_003  -0.173  -7.096  -7.269
PHE01B4975_001   5.352  -1.010   4.342
GLU01B4976_001   1.250  -1.819  -0.569
GLU01B4976_002   1.250  -1.819  -0.569
GLU02B4976_003   1.019  -1.849  -0.830
GLU02B4976_004   1.019  -1.849  -0.830
GLU-1B4976_005   0.949  -1.782  -0.833
THR01B4977_001   0.273  -3.773  -3.501
THR01B4977_002   0.273  -3.773  -3.501
HIS01B4978_001  -0.163   0.000  -0.163
HIS02B4978_002  -0.181   0.000  -0.181
HIS+1B4978_003  -0.208   0.000  -0.208
THR01B4979_001   0.224  -1.819  -1.595
THR01B4979_002   0.224  -1.819  -1.595
THR01B4979_003   0.224  -1.819  -1.595
LEU01B4980_001   2.144  -7.447  -5.303
GLU01B4981_001   3.004  -1.028   1.975
GLU01B4981_002   3.004  -1.028   1.975
GLU02B4981_003   2.492  -1.098   1.394
GLU02B4981_004   2.492  -1.098   1.394
GLU-1B4981_005   2.375  -1.020   1.355
GLU01B4982_001   2.546  -0.276   2.271
GLU01B4982_002   2.546  -0.276   2.271
GLU02B4982_003   2.026  -0.326   1.700
GLU02B4982_004   2.026  -0.326   1.700
GLU-1B4982_005   1.959  -0.276   1.683
HIS01B4983_001  -0.238   0.000  -0.238
HIS02B4983_002  -0.258   0.000  -0.258
HIS+1B4983_003  -0.286   0.000  -0.286
ASN01B4984_001   0.202  -0.773  -0.571
LEU01B4985_001   2.908  -0.618   2.290
ALA01B4986_001   0.000  -1.851  -1.851
ASN01B4987_001   0.150  -0.197  -0.047
TYR01B4988_001   4.903  -0.564   4.339
TYR-1B4988_002   4.903  -0.564   4.339
MET01B4989_001   4.375   0.000   4.375
PHE01B4990_001   4.806   0.000   4.806
PHE01B4991_001   5.001  -0.788   4.213
LEU01B4992_001   3.395  -0.979   2.416
MET01B4993_001   0.257  -0.657  -0.400
TYR01B4994_001   4.785  -1.969   2.816
TYR01B4994_002   4.785  -1.969   2.816
TYR-1B4994_003   4.785  -1.969   2.816
LEU01B4995_001   1.371  -0.309   1.062
ILE01B4996_001   2.926  -2.865   0.061
ASN01B4997_001   0.523  -2.060  -1.537
ASN01B4997_002   0.252  -2.138  -1.886
LYS01B4998_001   0.781  -1.492  -0.710
LYS+1B4998_002   0.740  -1.492  -0.752
ASP01B4999_001   0.165  -2.766  -2.601
ASP01B4999_002   0.165  -2.766  -2.601
ASP02B4999_003   0.247  -2.819  -2.572
ASP02B4999_004   0.247  -2.819  -2.572
ASP-1B4999_005   0.154  -2.688  -2.533
GLU01B5000_001   2.870  -2.850   0.020
GLU01B5000_002   2.870  -2.850   0.020
GLU02B5000_003   2.277  -2.800  -0.523
GLU02B5000_004   2.277  -2.800  -0.523
GLU-1B5000_005   2.219  -2.777  -0.558
THR01B5001_001   0.196  -2.805  -2.609
THR01B5001_002   0.196  -2.805  -2.609
GLU01B5002_001   1.597  -2.018  -0.421
GLU01B5002_002   1.597  -2.018  -0.421
GLU02B5002_003   1.355  -2.067  -0.712
GLU02B5002_004   1.355  -2.067  -0.712
GLU-1B5002_005   1.244  -2.041  -0.797
HIS01B5003_001  -0.179  -0.229  -0.408
HIS01B5003_002  -0.141  -0.193  -0.334
HIS02B5003_003  -0.197  -0.229  -0.425
HIS02B5003_004  -0.155  -0.193  -0.348
HIS+1B5003_005  -0.224  -0.229  -0.452
HIS+1B5003_006  -0.182  -0.193  -0.375
THR01B5004_001   0.208  -1.903  -1.695
THR01B5004_002   0.208  -1.903  -1.695
THR01B5004_003   0.208  -1.903  -1.695
GLN01B5006_001   2.821  -0.517   2.304
GLN01B5006_002   4.741  -0.382   4.359
GLU01B5007_001   2.986  -0.546   2.440
GLU01B5007_002   2.986  -0.546   2.440
GLU02B5007_003   2.385  -0.531   1.854
GLU02B5007_004   2.385  -0.531   1.854
GLU-1B5007_005   2.314  -0.508   1.806
SER01B5008_001   0.000  -1.765  -1.765
SER01B5008_002   0.000  -1.765  -1.765
TYR01B5009_001   5.630  -2.771   2.858
TYR-1B5009_002   5.630  -2.771   2.858
VAL01B5010_001   0.530  -1.751  -1.222
TRP01B5011_001   3.288  -2.681   0.607
LYS01B5012_001   2.349  -7.230  -4.881
LYS+1B5012_002   2.265  -7.230  -4.965
MET01B5013_001   0.110  -1.846  -1.736
TYR01B5014_001   4.115  -0.517   3.598
TYR01B5014_002   4.115  -0.517   3.598
TYR-1B5014_003   4.115  -0.517   3.598
GLN01B5015_001   0.910  -1.331  -0.422
GLN01B5015_002   0.773  -1.358  -0.584
GLU01B5016_001   1.239  -2.842  -1.604
GLU01B5016_002   1.239  -2.842  -1.604
GLU02B5016_003   1.087  -2.897  -1.810
GLU02B5016_004   1.087  -2.897  -1.810
GLU-1B5016_005   0.970  -2.821  -1.851
ARG01B5017_001   4.817  -1.064   3.753
ARG02B5017_002   4.741  -1.064   3.677
ARG03B5017_003   4.800  -1.064   3.737
ARG+1B5017_004   4.695  -1.064   3.632
CYS01B5018_001  -0.002  -2.146  -2.147
CYS01B5018_002  -0.002  -2.146  -2.147
CYS01B5018_003  -0.002  -2.146  -2.148
CYS-1B5018_004   0.000  -2.146  -2.146
TRP01B5019_001   3.271  -0.799   2.472
ASP01B5020_001   0.573  -2.678  -2.104
ASP01B5020_002   0.573  -2.678  -2.104
ASP02B5020_003   0.642  -2.699  -2.058
ASP02B5020_004   0.642  -2.699  -2.058
ASP-1B5020_005   0.503  -2.584  -2.081
PHE01B5021_001   5.466  -0.404   5.061
PHE01B5022_001   5.597  -0.359   5.238
PRO01B5023_001   0.350   0.000   0.350
ALA01B5024_001   0.000  -3.020  -3.020
ASP01B5026_001   0.114  -0.861  -0.747
ASP01B5026_002   0.114  -0.861  -0.747
ASP02B5026_003   0.200  -0.861  -0.661
ASP02B5026_004   0.200  -0.861  -0.661
ASP-1B5026_005   0.113  -0.861  -0.748
CYS01B5027_001  -0.002   0.000  -0.002
CYS01B5027_002  -0.002   0.000  -0.002
CYS01B5027_003  -0.003   0.000  -0.003
CYS-1B5027_004   0.000   0.000   0.000
PHE01B5028_001   5.210  -1.113   4.097
ARG01B5029_001   2.760  -3.101  -0.340
ARG02B5029_002   2.684  -3.101  -0.417
ARG03B5029_003   2.689  -3.101  -0.412
ARG+1B5029_004   2.645  -3.101  -0.456
LYS01B5030_001   3.574  -4.820  -1.246
LYS+1B5030_002   3.500  -4.820  -1.321
GLN01B5031_001   0.802  -1.098  -0.296
GLN01B5031_002   0.719  -1.073  -0.354
TYR01B5032_001   4.588  -0.814   3.774
TYR-1B5032_002   4.588  -0.814   3.774
GLU01B5033_001   3.972  -1.677   2.295
GLU01B5033_002   3.972  -1.677   2.295
GLU02B5033_003   3.164  -1.649   1.516
GLU02B5033_004   3.164  -1.649   1.516
GLU-1B5033_005   3.102  -1.619   1.483
ASP01B5034_001  -0.040  -2.907  -2.947
ASP01B5034_002  -0.040  -2.907  -2.947
ASP02B5034_003  -0.009  -3.046  -3.055
ASP02B5034_004  -0.009  -3.046  -3.055
ASP-1B5034_005  -0.041  -2.915  -2.955
GLN01B5035_001   0.871  -1.923  -1.052
LEU01B5036_001   1.549  -2.640  -1.091
SER01B5037_001   0.000  -3.410  -3.410
SER01B5037_002   0.000  -3.410  -3.410
CTR01B5037_001  -0.021  -2.326  -2.347
CTR01B5037_002   0.113  -2.500  -2.387
CTR02B5037_003  -0.022  -2.326  -2.349
CTR02B5037_004   0.045  -2.578  -2.533
CTR-1B5037_005   0.000  -2.326  -2.326
_ZN+2B5101_001   0.000   0.000   0.000
_CA+2B5102_001   0.000  -0.406  -0.406
