   confID        vdw0    sas     sum
NTR01B3639_001  -0.003  -3.151  -3.154
NTR+1B3639_002  -0.005  -3.151  -3.156
THR01B3639_001   0.171  -3.992  -3.821
PRO01B3640_001   0.349  -3.482  -3.133
LEU01B3641_001   2.079  -9.642  -7.564
TYR01B3642_001   4.790 -10.462  -5.672
TYR-1B3642_002   4.790 -10.462  -5.672
ASN01B3643_001   0.518  -2.531  -2.013
ASN01B3643_002   0.219  -2.170  -1.951
LEU01B3644_001   1.967  -2.692  -0.725
PRO01B3645_001   0.271  -3.233  -2.963
THR01B3646_001   0.263  -7.285  -7.022
HIS01B3647_001  -0.172  -8.350  -8.522
HIS01B3647_002  -0.131  -8.373  -8.504
HIS02B3647_003  -0.190  -8.350  -8.540
HIS02B3647_004  -0.144  -8.373  -8.517
HIS+1B3647_005  -0.217  -8.350  -8.567
HIS+1B3647_006  -0.171  -8.373  -8.544
ARG01B3648_001   3.032  -8.864  -5.832
ARG02B3648_002   3.012  -8.864  -5.852
ARG03B3648_003   3.093  -8.864  -5.772
ARG+1B3648_004   2.969  -8.864  -5.895
ALA01B3649_001   0.000  -1.217  -1.217
CYS01B3650_001  -0.002  -4.021  -4.023
CYS01B3650_002  -0.002  -4.021  -4.023
CYS01B3650_003  -0.003  -4.021  -4.024
CYS-1B3650_004   0.000  -4.021  -4.021
ASN01B3651_001   0.438  -2.800  -2.362
ASN01B3651_002   0.202  -2.928  -2.726
MET01B3652_001   0.576  -6.279  -5.704
PHE01B3653_001   4.465  -8.223  -3.758
LEU01B3654_001   2.013  -6.693  -4.680
GLU01B3655_001   1.822  -3.096  -1.274
GLU01B3655_002   1.822  -3.096  -1.274
GLU02B3655_003   1.517  -3.012  -1.495
GLU02B3655_004   1.517  -3.012  -1.495
GLU-1B3655_005   1.417  -3.066  -1.649
SER01B3656_001   0.000  -3.492  -3.492
SER01B3656_002   0.000  -3.492  -3.492
TYR01B3657_001   5.373  -5.617  -0.245
TYR01B3657_002   5.373  -5.617  -0.245
TYR-1B3657_003   5.373  -5.617  -0.245
LYS01B3658_001   4.509  -7.978  -3.469
LYS+1B3658_002   4.462  -7.978  -3.516
ALA01B3659_001   0.000  -4.993  -4.993
ALA01B3660_001   0.000  -2.524  -2.524
TRP01B3661_001   3.156  -3.980  -0.823
ILE01B3662_001   2.077 -10.209  -8.132
LEU01B3663_001   2.492  -5.595  -3.103
THR01B3664_001   0.202  -4.933  -4.730
GLU01B3665_001   1.290  -2.709  -1.419
GLU01B3665_002   1.290  -2.709  -1.419
GLU02B3665_003   1.082  -2.689  -1.607
GLU02B3665_004   1.082  -2.689  -1.607
GLU-1B3665_005   0.986  -2.612  -1.626
ASP01B3666_001   0.508  -1.597  -1.089
ASP01B3666_002   0.508  -1.597  -1.089
ASP02B3666_003   0.557  -1.519  -0.962
ASP02B3666_004   0.557  -1.519  -0.962
ASP-1B3666_005   0.438  -1.550  -1.112
HIS01B3667_001  -0.176  -4.926  -5.102
HIS02B3667_002  -0.195  -4.926  -5.120
HIS+1B3667_003  -0.221  -4.926  -5.147
SER01B3668_001   0.000  -3.105  -3.105
SER01B3668_002   0.000  -3.105  -3.105
PHE01B3669_001   4.530  -5.019  -0.489
GLU01B3670_001   0.472  -0.289   0.184
GLU01B3670_002   0.472  -0.289   0.184
GLU02B3670_003   0.426  -0.326   0.100
GLU02B3670_004   0.426  -0.326   0.100
GLU-1B3670_005   0.348  -0.289   0.059
ASP01B3671_001   0.065  -0.482  -0.418
ASP01B3671_002   0.065  -0.482  -0.418
ASP02B3671_003   0.132  -0.580  -0.447
ASP02B3671_004   0.132  -0.580  -0.447
ASP-1B3671_005   0.061  -0.482  -0.422
ARG01B3672_001   6.347  -9.598  -3.251
ARG02B3672_002   6.383  -9.598  -3.215
ARG03B3672_003   6.284  -9.598  -3.314
ARG+1B3672_004   6.243  -9.598  -3.355
MET01B3673_001   0.463  -3.820  -3.357
ILE01B3674_001   3.673  -0.052   3.622
ASP01B3675_001   0.280  -1.150  -0.870
ASP01B3675_002   0.280  -1.150  -0.870
ASP02B3675_003   0.389  -1.163  -0.774
ASP02B3675_004   0.389  -1.163  -0.774
ASP-1B3675_005   0.266  -1.141  -0.875
ASP01B3676_001   0.042  -1.429  -1.387
ASP01B3676_002   0.042  -1.429  -1.387
ASP02B3676_003   0.102  -1.518  -1.416
ASP02B3676_004   0.102  -1.518  -1.416
ASP-1B3676_005   0.038  -1.429  -1.391
LEU01B3677_001   2.633  -2.266   0.366
SER01B3678_001   0.000  -0.805  -0.805
SER01B3678_002   0.000  -0.805  -0.805
LYS01B3679_001   1.957  -7.597  -5.640
LYS+1B3679_002   1.872  -7.597  -5.725
ALA01B3680_001   0.000  -3.123  -3.123
GLU01B3682_001   0.497  -3.092  -2.594
GLU01B3682_002   0.497  -3.092  -2.594
GLU02B3682_003   0.664  -3.076  -2.412
GLU02B3682_004   0.664  -3.076  -2.412
GLU-1B3682_005   0.466  -3.045  -2.578
GLN01B3683_001   0.456  -1.053  -0.597
GLU01B3684_001   0.498  -3.630  -3.131
GLU01B3684_002   0.498  -3.630  -3.131
GLU02B3684_003   0.665  -3.605  -2.940
GLU02B3684_004   0.665  -3.605  -2.940
GLU-1B3684_005   0.467  -3.505  -3.039
GLU01B3685_001   0.498  -4.354  -3.856
GLU01B3685_002   0.498  -4.354  -3.856
GLU02B3685_003   0.664  -4.397  -3.733
GLU02B3685_004   0.664  -4.397  -3.733
GLU-1B3685_005   0.466  -4.281  -3.814
GLU01B3686_001   0.499  -2.668  -2.170
GLU01B3686_002   0.499  -2.668  -2.170
GLU02B3686_003   0.665  -2.789  -2.124
GLU02B3686_004   0.665  -2.789  -2.124
GLU-1B3686_005   0.467  -2.670  -2.203
GLU01B3687_001   0.497  -2.361  -1.863
GLU01B3687_002   0.497  -2.361  -1.863
GLU02B3687_003   0.663  -2.309  -1.646
GLU02B3687_004   0.663  -2.309  -1.646
GLU-1B3687_005   0.466  -2.240  -1.774
GLU01B3688_001   0.499  -3.823  -3.324
GLU01B3688_002   0.499  -3.823  -3.324
GLU02B3688_003   0.666  -3.874  -3.208
GLU02B3688_004   0.666  -3.874  -3.208
GLU-1B3688_005   0.468  -3.768  -3.300
GLU01B3689_001   0.502  -4.132  -3.630
GLU01B3689_002   0.502  -4.132  -3.630
GLU02B3689_003   0.670  -4.058  -3.388
GLU02B3689_004   0.670  -4.058  -3.388
GLU-1B3689_005   0.471  -4.057  -3.586
VAL01B3690_001   0.500  -2.933  -2.433
GLU01B3691_001   0.500  -4.266  -3.767
GLU01B3691_002   0.500  -4.266  -3.767
GLU02B3691_003   0.666  -4.200  -3.533
GLU02B3691_004   0.666  -4.200  -3.533
GLU-1B3691_005   0.468  -4.014  -3.545
GLU01B3692_001   0.497  -3.914  -3.417
GLU01B3692_002   0.497  -3.914  -3.417
GLU02B3692_003   0.664  -3.957  -3.293
GLU02B3692_004   0.664  -3.957  -3.293
GLU-1B3692_005   0.466  -3.858  -3.392
LYS01B3693_001   3.798  -7.480  -3.682
LYS+1B3693_002   3.704  -7.480  -3.776
LYS01B3694_001   1.777  -4.133  -2.355
LYS+1B3694_002   1.692  -4.133  -2.441
PRO01B3695_001   0.307  -2.222  -1.915
ASP01B3696_001   0.143  -0.386  -0.244
ASP01B3696_002   0.143  -0.386  -0.244
ASP02B3696_003   0.225  -0.391  -0.167
ASP02B3696_004   0.225  -0.391  -0.167
ASP-1B3696_005   0.134  -0.379  -0.245
PRO01B3697_001   0.264  -2.901  -2.636
LEU01B3698_001   2.835  -0.052   2.783
HIS01B3699_001  -0.132  -2.289  -2.421
HIS02B3699_002  -0.151  -2.289  -2.440
HIS+1B3699_003  -0.178  -2.289  -2.467
GLN01B3700_001   1.072  -2.223  -1.151
GLN01B3700_002   1.816  -2.303  -0.487
LEU01B3701_001   3.819  -1.458   2.360
VAL01B3702_001   0.766  -0.103   0.663
LEU01B3703_001   1.687  -4.395  -2.708
HIS01B3704_001  -0.141  -6.836  -6.977
HIS01B3704_002  -0.099  -6.915  -7.014
HIS02B3704_003  -0.160  -6.836  -6.996
HIS02B3704_004  -0.112  -6.915  -7.027
HIS+1B3704_005  -0.187  -6.836  -7.022
HIS+1B3704_006  -0.139  -6.915  -7.054
PHE01B3705_001   4.758  -0.101   4.657
SER01B3706_001   0.000  -1.203  -1.203
SER01B3706_002   0.000  -1.203  -1.203
ARG01B3707_001   3.416 -10.953  -7.537
ARG02B3707_002   3.490 -10.953  -7.463
ARG03B3707_003   3.395 -10.953  -7.558
ARG+1B3707_004   3.351 -10.953  -7.602
THR01B3708_001   0.248  -2.577  -2.328
ALA01B3709_001   0.000   0.000   0.000
LEU01B3710_001   2.173  -5.904  -3.731
THR01B3711_001   0.186  -4.711  -4.525
THR01B3711_002   0.186  -4.711  -4.525
GLU01B3712_001   5.371  -3.840   1.531
GLU01B3712_002   5.371  -3.840   1.531
GLU02B3712_003   4.370  -3.955   0.416
GLU02B3712_004   4.370  -3.955   0.416
GLU-1B3712_005   4.291  -3.793   0.499
LYS01B3713_001   3.990  -3.687   0.303
LYS+1B3713_002   3.939  -3.687   0.253
SER01B3714_001   0.000  -5.100  -5.100
SER01B3714_002   0.000  -5.100  -5.100
LYS01B3715_001   2.367  -9.366  -6.998
LYS+1B3715_002   2.321  -9.366  -7.045
LEU01B3716_001   1.706  -0.515   1.191
ASP01B3717_001   0.158  -2.201  -2.043
ASP01B3717_002   0.158  -2.201  -2.043
ASP02B3717_003   0.240  -2.324  -2.084
ASP02B3717_004   0.240  -2.324  -2.084
ASP-1B3717_005   0.148  -2.222  -2.074
GLU01B3718_001   2.123  -2.873  -0.751
GLU01B3718_002   2.123  -2.873  -0.751
GLU02B3718_003   1.726  -2.840  -1.114
GLU02B3718_004   1.726  -2.840  -1.114
GLU-1B3718_005   1.644  -2.807  -1.162
ASP01B3719_001   0.047  -0.895  -0.848
ASP01B3719_002   0.047  -0.895  -0.848
ASP02B3719_003   0.109  -0.874  -0.764
ASP02B3719_004   0.109  -0.874  -0.764
ASP-1B3719_005   0.043  -0.861  -0.818
TYR01B3720_001   4.617 -11.856  -7.239
TYR-1B3720_002   4.617 -11.856  -7.239
LEU01B3721_001   3.996  -6.297  -2.301
TYR01B3722_001   5.106   0.000   5.106
TYR-1B3722_002   5.106   0.000   5.106
MET01B3723_001   0.320  -1.134  -0.814
ALA01B3724_001   0.000  -1.388  -1.388
TYR01B3725_001   4.852  -3.071   1.781
TYR-1B3725_002   4.852  -3.071   1.781
ALA01B3726_001   0.000   0.000   0.000
ASP01B3727_001   0.092  -1.775  -1.683
ASP01B3727_002   0.092  -1.775  -1.683
ASP02B3727_003   0.170  -1.830  -1.660
ASP02B3727_004   0.170  -1.830  -1.660
ASP-1B3727_005   0.089  -1.757  -1.668
ILE01B3728_001   2.348  -0.773   1.575
MET01B3729_001   0.141  -0.116   0.025
ALA01B3730_001   0.000  -0.412  -0.412
LYS01B3731_001   1.677  -3.230  -1.553
LYS+1B3731_002   1.592  -3.230  -1.637
SER01B3732_001   0.000   0.000   0.000
SER01B3732_002   0.000   0.000   0.000
CYS01B3733_001  -0.002   0.000  -0.002
CYS01B3733_002  -0.002   0.000  -0.002
CYS01B3733_003  -0.003   0.000  -0.003
CYS-1B3733_004   0.000   0.000   0.000
HIS01B3734_001  -0.354  -2.773  -3.126
HIS01B3734_002  -0.345  -2.627  -2.972
HIS02B3734_003  -0.363  -2.773  -3.136
HIS02B3734_004  -0.356  -2.627  -2.982
HIS+1B3734_005  -0.383  -2.773  -3.155
HIS+1B3734_006  -0.375  -2.627  -3.002
LEU01B3735_001   1.459  -0.824   0.635
GLU01B3736_001   0.500  -0.072   0.427
GLU01B3736_002   0.500  -0.072   0.427
GLU02B3736_003   0.667  -0.069   0.598
GLU02B3736_004   0.667  -0.069   0.598
GLU-1B3736_005   0.468  -0.069   0.400
GLU01B3737_001   0.498  -1.518  -1.021
GLU01B3737_002   0.498  -1.518  -1.021
GLU02B3737_003   0.664  -1.419  -0.755
GLU02B3737_004   0.664  -1.419  -0.755
GLU-1B3737_005   0.467  -1.486  -1.019
GLU01B3740_001   0.499  -1.539  -1.040
GLU01B3740_002   0.499  -1.539  -1.040
GLU02B3740_003   0.666  -1.475  -0.809
GLU02B3740_004   0.666  -1.475  -0.809
GLU-1B3740_005   0.468  -1.477  -1.009
ASN01B3741_001  -0.020  -2.374  -2.394
CTR01B3741_001  -0.021  -4.913  -4.935
CTR01B3741_002   0.110  -4.952  -4.842
CTR02B3741_003  -0.022  -5.049  -5.071
CTR02B3741_004   0.043  -5.107  -5.064
CTR-1B3741_005   0.000  -4.913  -4.913
NTR01B3747_001  -0.003  -3.576  -3.579
NTR+1B3747_002  -0.005  -3.576  -3.581
GLU01B3747_001   0.498  -4.913  -4.414
GLU01B3747_002   0.498  -4.913  -4.414
GLU02B3747_003   0.665  -4.801  -4.136
GLU02B3747_004   0.665  -4.801  -4.136
GLU-1B3747_005   0.467  -4.771  -4.304
GLU01B3748_001   0.498  -3.759  -3.260
GLU01B3748_002   0.498  -3.759  -3.260
GLU02B3748_003   0.665  -3.757  -3.092
GLU02B3748_004   0.665  -3.757  -3.092
GLU-1B3748_005   0.467  -3.617  -3.150
VAL01B3749_001   0.502  -8.441  -7.940
GLU01B3750_001   1.694  -3.325  -1.631
GLU01B3750_002   1.694  -3.325  -1.631
GLU02B3750_003   1.394  -3.275  -1.880
GLU02B3750_004   1.394  -3.275  -1.880
GLU-1B3750_005   1.305  -3.327  -2.022
VAL01B3751_001   0.668  -3.809  -3.140
SER01B3752_001   0.000  -2.847  -2.847
PHE01B3753_001   5.341  -4.923   0.418
GLU01B3754_001   3.345  -2.223   1.122
GLU01B3754_002   3.345  -2.223   1.122
GLU02B3754_003   2.727  -2.114   0.612
GLU02B3754_004   2.727  -2.114   0.612
GLU-1B3754_005   2.633  -2.114   0.519
GLU01B3755_001   1.522  -1.806  -0.284
GLU01B3755_002   1.522  -1.806  -0.284
GLU02B3755_003   1.298  -1.854  -0.556
GLU02B3755_004   1.298  -1.854  -0.556
GLU-1B3755_005   1.186  -1.817  -0.631
LYS01B3756_001   2.130  -4.438  -2.308
LYS+1B3756_002   2.083  -4.438  -2.355
GLU01B3757_001   2.093  -1.065   1.027
GLU01B3757_002   2.093  -1.065   1.027
GLU02B3757_003   1.737  -1.236   0.501
GLU02B3757_004   1.737  -1.236   0.501
GLU-1B3757_005   1.635  -1.103   0.532
MET01B3758_001   0.040  -1.412  -1.372
GLU01B3759_001   1.176  -0.567   0.609
GLU01B3759_002   1.176  -0.567   0.609
GLU02B3759_003   0.982  -0.577   0.404
GLU02B3759_004   0.982  -0.577   0.404
GLU-1B3759_005   0.911  -0.560   0.351
LYS01B3760_001   5.659  -3.180   2.479
LYS+1B3760_002   5.606  -3.180   2.426
GLN01B3761_001   0.774  -0.881  -0.107
GLN01B3761_002   0.614  -0.837  -0.222
ARG01B3762_001   1.540  -2.173  -0.634
ARG02B3762_002   1.606  -2.173  -0.567
ARG03B3762_003   1.520  -2.173  -0.653
ARG+1B3762_004   1.477  -2.173  -0.696
LEU01B3763_001   1.544  -0.567   0.977
LEU01B3764_001   1.407  -4.530  -3.123
TYR01B3765_001   4.706  -2.586   2.120
TYR01B3765_002   4.706  -2.586   2.120
TYR-1B3765_003   4.706  -2.586   2.120
GLN01B3766_001   1.119  -0.039   1.079
GLN01B3766_002   0.917  -0.034   0.883
GLN01B3767_001   1.571  -0.104   1.467
GLN01B3767_002   1.129  -0.060   1.069
SER01B3768_001   0.000  -2.976  -2.976
SER01B3768_002   0.000  -2.976  -2.976
ARG01B3769_001   2.384  -0.631   1.754
ARG02B3769_002   2.399  -0.631   1.768
ARG03B3769_003   2.341  -0.631   1.710
ARG+1B3769_004   2.298  -0.631   1.667
LEU01B3770_001   5.289   0.000   5.289
HIS01B3771_001  -0.148  -2.874  -3.021
HIS01B3771_002  -0.109  -3.175  -3.284
HIS02B3771_003  -0.165  -2.874  -3.039
HIS02B3771_004  -0.123  -3.175  -3.299
HIS+1B3771_005  -0.192  -2.874  -3.066
HIS+1B3771_006  -0.150  -3.175  -3.325
THR01B3772_001   0.389  -1.090  -0.701
THR01B3772_002   0.389  -1.090  -0.701
THR01B3772_003   0.389  -1.090  -0.701
ARG01B3773_001   2.102  -8.756  -6.653
ARG02B3773_002   2.087  -8.756  -6.668
ARG03B3773_003   2.083  -8.756  -6.673
ARG+1B3773_004   2.040  -8.756  -6.716
ALA01B3775_001   0.000  -0.052  -0.052
ALA01B3776_001   0.000   0.000   0.000
GLU01B3777_001   3.589  -1.283   2.306
GLU01B3777_002   3.589  -1.283   2.306
GLU02B3777_003   2.892  -1.262   1.630
GLU02B3777_004   2.892  -1.262   1.630
GLU-1B3777_005   2.810  -1.240   1.570
MET01B3778_001   0.604   0.000   0.604
VAL01B3779_001   0.966  -0.155   0.812
LEU01B3780_001   2.389  -0.052   2.338
GLN01B3781_001   2.623  -0.437   2.186
GLN01B3781_002   4.321  -0.594   3.727
MET01B3782_001   1.533  -0.048   1.485
ILE01B3783_001   1.590  -0.309   1.281
SER01B3784_001   0.000  -1.264  -1.264
SER01B3784_002   0.000  -1.264  -1.264
ALA01B3785_001   0.000   0.000   0.000
CYS01B3786_001  -0.002  -0.071  -0.073
CYS01B3786_002  -0.002  -0.071  -0.073
CYS01B3786_003  -0.003  -0.071  -0.074
CYS-1B3786_004   0.000  -0.071  -0.071
LYS01B3787_001   1.525  -5.401  -3.876
LYS+1B3787_002   1.475  -5.401  -3.926
GLU01B3789_001   0.914  -1.361  -0.448
GLU01B3789_002   0.914  -1.361  -0.448
GLU02B3789_003   0.844  -1.296  -0.452
GLU02B3789_004   0.844  -1.296  -0.452
GLU-1B3789_005   0.733  -1.320  -0.587
THR01B3790_001   0.246  -3.218  -2.972
ALA01B3792_001   0.000  -2.984  -2.984
MET01B3793_001   0.188  -0.347  -0.158
VAL01B3794_001   0.793   0.000   0.793
SER01B3795_001   0.000  -0.777  -0.777
SER01B3795_002   0.000  -0.777  -0.777
SER01B3796_001   0.000  -0.698  -0.698
SER01B3796_002   0.000  -0.698  -0.698
SER01B3796_003   0.000  -0.698  -0.698
THR01B3797_001   0.250  -0.052   0.198
THR01B3797_002   0.250  -0.052   0.198
LEU01B3798_001   2.495  -0.258   2.238
LYS01B3799_001   1.636  -4.040  -2.404
LYS+1B3799_002   1.589  -4.040  -2.451
LEU01B3800_001   1.708   0.000   1.708
ILE01B3802_001   3.732  -0.789   2.943
SER01B3803_001   0.000  -0.361  -0.361
SER01B3803_002   0.000  -0.361  -0.361
ILE01B3804_001   2.539   0.000   2.539
LEU01B3805_001   2.454   0.000   2.454
ASN01B3806_001   0.188  -0.861  -0.674
ASN01B3806_002   0.015  -1.098  -1.083
ASN01B3809_001   0.458  -0.379   0.079
ASN01B3809_002   0.215  -0.512  -0.297
ALA01B3810_001   0.000  -2.830  -2.830
GLU01B3811_001   1.675  -2.414  -0.739
GLU01B3811_002   1.675  -2.414  -0.739
GLU02B3811_003   1.423  -2.453  -1.029
GLU02B3811_004   1.423  -2.453  -1.029
GLU-1B3811_005   1.310  -2.359  -1.049
VAL01B3812_001   0.594  -0.103   0.491
GLN01B3813_001   2.655  -0.034   2.621
GLN01B3813_002   4.404  -0.079   4.325
GLN01B3814_001   0.999  -2.380  -1.381
GLN01B3814_002   0.829  -2.187  -1.358
LYS01B3815_001   1.450  -0.964   0.486
LYS+1B3815_002   1.406  -0.964   0.442
MET01B3816_001   5.286  -0.071   5.215
LEU01B3817_001   1.667  -0.103   1.564
ASP01B3818_001   0.518  -2.036  -1.519
ASP01B3818_002   0.518  -2.036  -1.519
ASP02B3818_003   0.559  -1.961  -1.402
ASP02B3818_004   0.559  -1.961  -1.402
ASP-1B3818_005   0.443  -1.895  -1.452
TYR01B3819_001   5.077  -2.339   2.738
TYR-1B3819_002   5.077  -2.339   2.738
LEU01B3820_001   2.978  -0.052   2.926
LYS01B3821_001   4.103  -4.402  -0.299
LYS+1B3821_002   4.061  -4.402  -0.342
ASP01B3822_001   0.482  -2.840  -2.358
ASP01B3822_002   0.482  -2.840  -2.358
ASP02B3822_003   0.548  -2.822  -2.274
ASP02B3822_004   0.548  -2.822  -2.274
ASP-1B3822_005   0.423  -2.688  -2.265
LYS01B3823_001   3.788  -2.242   1.547
LYS+1B3823_002   3.694  -2.242   1.452
LYS01B3824_001   3.617  -5.313  -1.695
LYS+1B3824_002   3.553  -5.313  -1.759
GLU01B3825_001   1.283  -0.425   0.859
GLU01B3825_002   1.283  -0.425   0.859
GLU02B3825_003   1.076  -0.426   0.650
GLU02B3825_004   1.076  -0.426   0.650
GLU-1B3825_005   1.002  -0.387   0.615
VAL01B3826_001   0.770  -3.207  -2.436
PHE01B3828_001   5.300  -0.354   4.947
PHE01B3829_001   5.128  -0.152   4.976
GLN01B3830_001   3.275  -1.882   1.394
GLN01B3830_002   5.257  -1.754   3.502
SER01B3831_001   0.000   0.000   0.000
SER01B3831_002   0.000   0.000   0.000
ILE01B3832_001   2.935  -0.515   2.420
GLN01B3833_001   2.660  -1.580   1.080
GLN01B3833_002   4.328  -1.437   2.891
ALA01B3834_001   0.000  -2.009  -2.009
LEU01B3835_001   2.455   0.000   2.455
MET01B3836_001   0.789   0.000   0.789
GLN01B3837_001   3.354  -3.149   0.205
THR01B3838_001   0.267  -2.686  -2.419
THR01B3838_002   0.267  -2.686  -2.419
CYS01B3839_001  -0.002   0.000  -0.002
CYS01B3839_002  -0.002   0.000  -0.002
CYS01B3839_003  -0.003   0.000  -0.003
CYS-1B3839_004   0.000   0.000   0.000
SER01B3840_001   0.000  -1.479  -1.479
SER01B3840_002   0.000  -1.479  -1.479
SER01B3840_003   0.000  -1.479  -1.479
VAL01B3841_001   0.680  -1.304  -0.624
LEU01B3842_001   2.005   0.000   2.005
ASP01B3843_001   0.233  -1.734  -1.501
ASP01B3843_002   0.233  -1.734  -1.501
ASP02B3843_003   0.329  -1.695  -1.366
ASP02B3843_004   0.329  -1.695  -1.366
ASP-1B3843_005   0.220  -1.688  -1.469
LEU01B3844_001   1.818  -2.695  -0.876
ASN01B3845_001   0.334  -3.291  -2.957
ASN01B3845_002   0.479  -3.545  -3.066
ALA01B3846_001   0.000  -1.082  -1.082
PHE01B3847_001   4.661   0.000   4.661
GLU01B3848_001   1.630  -1.366   0.263
GLU01B3848_002   1.630  -1.366   0.263
GLU02B3848_003   1.408  -1.321   0.087
GLU02B3848_004   1.408  -1.321   0.087
GLU-1B3848_005   1.285  -1.279   0.006
ARG01B3849_001   2.528 -10.094  -7.566
ARG02B3849_002   2.589 -10.094  -7.505
ARG03B3849_003   2.507 -10.094  -7.586
ARG+1B3849_004   2.464 -10.094  -7.629
GLN01B3850_001   2.908   0.000   2.908
ASN01B3851_001   0.225  -1.270  -1.044
ASN01B3851_002   0.035  -1.152  -1.117
LYS01B3852_001   1.002  -8.015  -7.012
LYS+1B3852_002   0.957  -8.015  -7.058
ALA01B3853_001   0.000  -0.979  -0.979
GLU01B3854_001   0.497  -1.989  -1.492
GLU01B3854_002   0.497  -1.989  -1.492
GLU02B3854_003   0.663  -1.898  -1.236
GLU02B3854_004   0.663  -1.898  -1.236
GLU-1B3854_005   0.466  -1.955  -1.489
LEU01B3856_001   1.644  -7.189  -5.545
MET01B3858_001   0.140  -8.622  -8.482
VAL01B3859_001   0.502  -2.746  -2.244
ASN01B3860_001  -0.020  -3.069  -3.089
GLU01B3861_001   0.501  -3.074  -2.573
GLU01B3861_002   0.501  -3.074  -2.573
GLU02B3861_003   0.667  -3.149  -2.482
GLU02B3861_004   0.667  -3.149  -2.482
GLU-1B3861_005   0.469  -3.095  -2.626
ASP01B3862_001  -0.040  -2.329  -2.370
ASP01B3862_002  -0.040  -2.329  -2.370
ASP02B3862_003  -0.009  -2.245  -2.254
ASP02B3862_004  -0.009  -2.245  -2.254
ASP-1B3862_005  -0.040  -2.226  -2.266
THR01B3864_001   0.153  -1.721  -1.568
VAL01B3865_001   0.503  -5.302  -4.800
ILE01B3866_001   0.945  -5.409  -4.464
ASN01B3867_001  -0.020  -1.113  -1.132
ARG01B3868_0011190.538  -6.1321184.406
ARG02B3868_0021190.521  -6.1321184.390
ARG03B3868_0031190.554  -6.1321184.422
ARG03B3868_004 189.610  -6.132 183.478
ARG+1B3868_0051190.488  -6.1321184.356
GLN01B3869_001   0.454  -2.014  -1.560
ASN01B3870_001  -0.020  -0.207  -0.228
GLU01B3872_001   0.500  -3.889  -3.389
GLU01B3872_002   0.500  -3.889  -3.389
GLU02B3872_003   0.667  -3.909  -3.242
GLU02B3872_004   0.667  -3.909  -3.242
GLU-1B3872_005   0.469  -3.790  -3.321
LYS01B3873_001   2.216  -3.234  -1.017
LYS+1B3873_002   2.168  -3.234  -1.065
VAL01B3874_001   0.983   0.000   0.983
MET01B3875_001   0.315   0.000   0.315
ALA01B3876_001   0.000  -1.233  -1.233
ASP01B3877_001   0.106  -0.248  -0.143
ASP01B3877_002   0.106  -0.248  -0.143
ASP02B3877_003   0.185  -0.212  -0.027
ASP02B3877_004   0.185  -0.212  -0.027
ASP-1B3877_005   0.101  -0.241  -0.141
ASP01B3878_001   0.054  -1.330  -1.276
ASP01B3878_002   0.054  -1.330  -1.276
ASP02B3878_003   0.118  -1.289  -1.171
ASP02B3878_004   0.118  -1.289  -1.171
ASP-1B3878_005   0.050  -1.318  -1.268
GLU01B3879_001   0.498  -3.576  -3.078
GLU01B3879_002   0.498  -3.576  -3.078
GLU02B3879_003   0.664  -3.542  -2.877
GLU02B3879_004   0.664  -3.542  -2.877
GLU-1B3879_005   0.467  -3.514  -3.047
PHE01B3880_001   5.112  -1.027   4.085
THR01B3881_001   0.266   0.000   0.266
THR01B3881_002   0.266   0.000   0.266
THR01B3881_003   0.266   0.000   0.266
GLN01B3882_001   1.546  -1.501   0.045
GLN01B3882_002   2.524  -1.373   1.150
ASP01B3883_001   0.486  -0.652  -0.166
ASP01B3883_002   0.486  -0.652  -0.166
ASP02B3883_003   0.528  -0.620  -0.092
ASP02B3883_004   0.528  -0.620  -0.092
ASP-1B3883_005   0.416  -0.620  -0.204
LEU01B3884_001   1.940   0.000   1.940
PHE01B3885_001   4.821   0.000   4.821
ARG01B3886_001   2.520  -4.970  -2.449
ARG02B3886_002   2.476  -4.970  -2.494
ARG03B3886_003   2.542  -4.970  -2.428
ARG+1B3886_004   2.437  -4.970  -2.533
PHE01B3887_001   5.258  -0.608   4.650
LEU01B3888_001   1.610  -0.103   1.507
GLN01B3889_001   2.719  -0.349   2.369
GLN01B3889_002   4.445  -0.285   4.159
LEU01B3890_001   1.338  -0.258   1.080
LEU01B3891_001   1.931  -0.361   1.571
CYS01B3892_001  -0.002   0.000  -0.002
CYS01B3892_002  -0.002   0.000  -0.002
CYS01B3892_003  -0.002   0.000  -0.002
CYS-1B3892_004   0.000   0.000   0.000
GLU01B3893_001   2.052  -0.120   1.932
GLU01B3893_002   2.052  -0.120   1.932
GLU02B3893_003   1.688  -0.111   1.577
GLU02B3893_004   1.688  -0.111   1.577
GLU-1B3893_005   1.591  -0.120   1.471
HIS01B3895_001  -0.147  -1.505  -1.652
HIS02B3895_002  -0.165  -1.505  -1.670
HIS+1B3895_003  -0.192  -1.505  -1.697
ASN01B3896_001   0.077  -0.551  -0.474
ASN01B3896_002   0.278  -0.448  -0.170
ASN01B3897_001   0.449  -2.264  -1.815
ASN01B3897_002   0.176  -2.077  -1.901
ASP01B3898_001   0.022  -1.498  -1.476
ASP01B3898_002   0.022  -1.498  -1.476
ASP02B3898_003   0.078  -1.668  -1.590
ASP02B3898_004   0.078  -1.668  -1.590
ASP-1B3898_005   0.020  -1.532  -1.513
PHE01B3899_001   6.172  -0.051   6.121
GLN01B3900_001   1.594   0.000   1.594
GLN01B3900_002   2.564   0.000   2.564
ASN01B3901_001   0.619  -1.706  -1.087
TYR01B3902_001   5.462  -0.212   5.250
TYR01B3902_002   5.462  -0.212   5.250
TYR-1B3902_003   5.462  -0.212   5.250
LEU01B3903_001   2.143   0.000   2.143
ARG01B3904_001   3.855  -3.253   0.603
ARG02B3904_002   3.813  -3.253   0.560
ARG02B3904_003   3.818  -3.253   0.565
ARG03B3904_004   3.821  -3.253   0.568
ARG03B3904_005   3.851  -3.253   0.598
ARG+1B3904_006   3.773  -3.253   0.520
THR01B3905_001   0.245  -2.395  -2.150
GLN01B3906_001   2.865   0.000   2.865
THR01B3907_001   0.182  -5.723  -5.542
THR01B3907_002   0.182  -5.723  -5.542
ASN01B3909_001   0.523  -0.276   0.247
ASN01B3909_002   0.261  -0.354  -0.093
THR01B3910_001   0.217  -5.950  -5.733
THR01B3911_001   0.217  -3.416  -3.200
THR01B3911_002   0.217  -3.416  -3.200
THR01B3912_001   0.193  -3.405  -3.213
THR01B3912_002   0.193  -3.405  -3.213
ILE01B3913_001   1.571  -0.103   1.468
ASN01B3914_001   0.151  -0.906  -0.755
ASN01B3914_002  -0.007  -0.620  -0.628
ILE01B3915_001   1.592  -0.052   1.540
ILE01B3916_001   3.999   0.000   3.999
ILE01B3917_001   6.131  -5.592   0.539
CYS01B3918_001  -0.002  -1.455  -1.457
CYS01B3918_002  -0.002  -1.455  -1.457
CYS01B3918_003  -0.003  -1.455  -1.457
CYS-1B3918_004   0.000  -1.455  -1.455
THR01B3919_001   0.309   0.000   0.309
THR01B3919_002   0.309   0.000   0.309
THR01B3919_003   0.309   0.000   0.309
VAL01B3920_001   0.885  -0.103   0.782
ASP01B3921_001   0.503  -1.286  -0.783
ASP01B3921_002   0.503  -1.286  -0.783
ASP02B3921_003   0.534  -1.300  -0.765
ASP02B3921_004   0.534  -1.300  -0.765
ASP-1B3921_005   0.426  -1.275  -0.849
TYR01B3922_001   4.669  -0.052   4.618
TYR01B3922_002   4.669  -0.052   4.618
TYR-1B3922_003   4.669  -0.052   4.618
LEU01B3923_001   1.453   0.000   1.453
LEU01B3924_001   2.208  -1.545   0.663
ARG01B3925_001   2.060  -5.108  -3.048
ARG02B3925_002   2.065  -5.108  -3.043
ARG03B3925_003   2.023  -5.108  -3.085
ARG+1B3925_004   1.984  -5.108  -3.124
LEU01B3926_001   2.151   0.000   2.151
GLN01B3927_001   2.894  -0.448   2.446
GLN01B3927_002   4.727  -0.340   4.387
GLU01B3928_001   3.305  -3.080   0.225
GLU01B3928_002   3.305  -3.080   0.225
GLU02B3928_003   2.630  -3.198  -0.569
GLU02B3928_004   2.630  -3.198  -0.569
GLU-1B3928_005   2.568  -3.092  -0.525
SER01B3929_001   0.000  -0.144  -0.144
SER01B3929_002   0.000  -0.144  -0.144
ILE01B3930_001   4.224  -0.155   4.070
SER01B3931_001   0.000  -0.901  -0.901
SER01B3931_002   0.000  -0.901  -0.901
ASP01B3932_001   0.215  -1.975  -1.761
ASP01B3932_002   0.215  -1.975  -1.761
ASP02B3932_003   0.310  -1.927  -1.617
ASP02B3932_004   0.310  -1.927  -1.617
ASP-1B3932_005   0.203  -1.942  -1.739
PHE01B3933_001   4.956  -0.152   4.804
TYR01B3934_001   4.916  -1.177   3.739
TYR-1B3934_002   4.916  -1.177   3.739
TRP01B3935_001   3.533  -8.367  -4.834
TYR01B3936_001   5.170  -3.315   1.854
TYR01B3936_002   5.170  -3.315   1.854
TYR-1B3936_003   5.170  -3.315   1.854
TYR01B3937_001   5.278  -0.052   5.227
TYR01B3937_002   5.278  -0.052   5.227
TYR-1B3937_003   5.278  -0.052   5.227
SER01B3938_001   0.000  -0.960  -0.960
SER01B3938_002   0.000  -0.960  -0.960
SER01B3938_003   0.000  -0.960  -0.960
LYS01B3940_001   0.883  -3.710  -2.827
LYS+1B3940_002   0.840  -3.710  -2.870
ASP01B3941_001   0.084  -2.885  -2.801
ASP01B3941_002   0.084  -2.885  -2.801
ASP02B3941_003   0.156  -2.919  -2.763
ASP02B3941_004   0.156  -2.919  -2.763
ASP-1B3941_005   0.079  -2.821  -2.741
VAL01B3942_001   0.438  -4.890  -4.452
ILE01B3943_001   5.305  -0.377   4.928
GLU01B3944_001   2.176  -2.226  -0.049
GLU01B3944_002   2.176  -2.226  -0.049
GLU02B3944_003   1.824  -2.233  -0.408
GLU02B3944_004   1.824  -2.233  -0.408
GLU-1B3944_005   1.711  -2.136  -0.425
GLU01B3945_001   3.313  -2.744   0.569
GLU01B3945_002   3.313  -2.744   0.569
GLU02B3945_003   2.665  -2.734  -0.069
GLU02B3945_004   2.665  -2.734  -0.069
GLU-1B3945_005   2.590  -2.638  -0.048
GLN01B3946_001   0.924  -0.446   0.478
LYS01B3948_001   0.973  -1.596  -0.622
LYS+1B3948_002   0.928  -1.596  -0.668
ARG01B3949_001   2.980  -7.824  -4.844
ARG02B3949_002   2.960  -7.824  -4.864
ARG03B3949_003   3.045  -7.824  -4.779
ARG+1B3949_004   2.917  -7.824  -4.907
ASN01B3950_001   0.496   0.000   0.496
ASN01B3950_002   0.233   0.000   0.233
PHE01B3951_001   5.499  -0.068   5.432
SER01B3952_001   0.000  -2.096  -2.096
SER01B3952_002   0.000  -2.096  -2.096
SER01B3952_003   0.000  -2.096  -2.096
LYS01B3953_001   1.314  -2.010  -0.696
LYS+1B3953_002   1.268  -2.010  -0.742
ALA01B3954_001   0.000   0.000   0.000
MET01B3955_001   1.053  -0.068   0.985
SER01B3956_001   0.000  -1.772  -1.772
SER01B3956_002   0.000  -1.772  -1.772
VAL01B3957_001   0.751   0.000   0.751
ALA01B3958_001   0.000   0.000   0.000
LYS01B3959_001   4.267  -3.525   0.742
LYS+1B3959_002   4.222  -3.525   0.697
GLN01B3960_001   1.229  -0.551   0.678
GLN01B3960_002   1.485  -0.669   0.815
VAL01B3961_001   0.848   0.000   0.848
PHE01B3962_001   5.628   0.000   5.628
ASN01B3963_001   0.613  -0.970  -0.356
ASN01B3963_002   0.314  -0.856  -0.542
SER01B3964_001   0.000   0.000   0.000
SER01B3964_002   0.000   0.000   0.000
SER01B3964_003   0.000   0.000   0.000
LEU01B3965_001   3.785   0.000   3.785
THR01B3966_001   0.219  -0.387  -0.167
THR01B3966_002   0.219  -0.387  -0.167
GLU01B3967_001   1.807  -0.172   1.634
GLU01B3967_002   1.807  -0.172   1.634
GLU02B3967_003   1.506  -0.145   1.361
GLU02B3967_004   1.506  -0.145   1.361
GLU-1B3967_005   1.405  -0.172   1.232
TYR01B3968_001   4.857   0.000   4.857
TYR-1B3968_002   4.857   0.000   4.857
ILE01B3969_001   3.356   0.000   3.356
GLN01B3970_001   3.408  -0.197   3.211
GLN01B3970_002   5.554  -0.217   5.338
PRO01B3972_001   0.341  -3.525  -3.185
CYS01B3973_001  -0.002  -0.143  -0.145
CYS01B3973_002  -0.002  -0.143  -0.145
CYS01B3973_003  -0.002  -0.143  -0.145
CYS-1B3973_004   0.000  -0.143  -0.143
THR01B3974_001   0.295  -4.879  -4.584
ASN01B3976_001   0.363   0.000   0.363
ASN01B3976_002   0.137   0.000   0.137
GLN01B3977_001   1.731  -0.207   1.524
GLN01B3977_002   2.751  -0.236   2.515
GLN01B3978_001   1.183  -1.923  -0.740
GLN01B3978_002   0.924  -1.956  -1.032
SER01B3979_001   0.000  -0.204  -0.204
LEU01B3980_001   2.278   0.000   2.278
ALA01B3981_001   0.000  -0.103  -0.103
HIS01B3982_001  -0.146  -7.317  -7.462
HIS01B3982_002  -0.097  -7.154  -7.251
HIS02B3982_003  -0.165  -7.317  -7.481
HIS02B3982_004  -0.110  -7.154  -7.264
HIS+1B3982_005  -0.192  -7.317  -7.508
HIS+1B3982_006  -0.136  -7.154  -7.290
SER01B3983_001   0.000  -0.048  -0.048
ARG01B3984_001   1.747  -9.936  -8.189
ARG02B3984_002   1.707  -9.936  -8.229
ARG03B3984_003   1.774  -9.936  -8.161
ARG+1B3984_004   1.669  -9.936  -8.267
LEU01B3985_001   2.769  -0.155   2.615
TRP01B3986_001   3.761  -1.481   2.280
ASP01B3987_001   0.092  -2.418  -2.326
ASP01B3987_002   0.092  -2.418  -2.326
ASP02B3987_003   0.167  -2.611  -2.444
ASP02B3987_004   0.167  -2.611  -2.444
ASP-1B3987_005   0.087  -2.369  -2.282
ALA01B3988_001   0.000   0.000   0.000
VAL01B3989_001   0.822  -0.052   0.770
VAL01B3990_001   0.898  -0.943  -0.045
PHE01B3992_001   5.874  -0.051   5.823
LEU01B3993_001   2.401  -0.773   1.628
HIS01B3994_001  -0.128  -3.216  -3.344
HIS02B3994_002  -0.147  -3.216  -3.363
HIS+1B3994_003  -0.174  -3.216  -3.390
VAL01B3995_001   0.519  -0.103   0.416
PHE01B3996_001   4.733  -0.152   4.582
ALA01B3997_001   0.000   0.000   0.000
HIS01B3998_001  -0.128  -3.640  -3.768
HIS01B3998_002  -0.077  -3.778  -3.855
HIS02B3998_003  -0.147  -3.640  -3.787
HIS02B3998_004  -0.089  -3.778  -3.867
HIS+1B3998_005  -0.174  -3.640  -3.814
HIS+1B3998_006  -0.116  -3.778  -3.894
MET01B3999_001   0.045  -0.432  -0.387
MET01B4000_001   0.001  -0.802  -0.802
MET01B4001_001   4.166  -3.180   0.986
LYS01B4002_001   0.707  -0.876  -0.168
LYS+1B4002_002   0.667  -0.876  -0.209
LEU01B4003_001   1.707  -0.258   1.450
ALA01B4004_001   0.000  -0.412  -0.412
GLN01B4005_001   1.978  -1.545   0.433
GLN01B4005_002   3.269  -1.659   1.610
ASP01B4006_001   0.089  -1.528  -1.439
ASP01B4006_002   0.089  -1.528  -1.439
ASP02B4006_003   0.167  -1.555  -1.388
ASP02B4006_004   0.167  -1.555  -1.388
ASP-1B4006_005   0.086  -1.473  -1.386
SER01B4007_001   0.000  -2.955  -2.955
SER01B4007_002   0.000  -2.955  -2.955
SER01B4008_001   0.000  -3.577  -3.577
SER01B4008_002   0.000  -3.577  -3.577
GLN01B4009_001   2.767  -0.079   2.688
ILE01B4010_001   1.804  -1.887  -0.083
GLU01B4011_001   3.541  -3.500   0.041
GLU01B4011_002   3.541  -3.500   0.041
GLU02B4011_003   2.839  -3.431  -0.591
GLU02B4011_004   2.839  -3.431  -0.591
GLU-1B4011_005   2.767  -3.377  -0.610
LEU01B4012_001   1.812  -0.103   1.709
LEU01B4013_001   2.895  -0.515   2.380
LYS01B4014_001   2.111  -6.097  -3.985
LYS+1B4014_002   2.067  -6.097  -4.030
GLU01B4015_001   3.330  -1.041   2.289
GLU01B4015_002   3.330  -1.041   2.289
GLU02B4015_003   2.667  -0.953   1.715
GLU02B4015_004   2.667  -0.953   1.715
GLU-1B4015_005   2.600  -0.973   1.627
LEU01B4016_001   3.238   0.000   3.238
LEU01B4017_001   1.553  -0.567   0.986
ASP01B4018_001   0.178  -1.305  -1.127
ASP01B4018_002   0.178  -1.305  -1.127
ASP02B4018_003   0.265  -1.350  -1.085
ASP02B4018_004   0.265  -1.350  -1.085
ASP-1B4018_005   0.167  -1.275  -1.108
LEU01B4019_001   2.281  -0.103   2.178
GLN01B4020_001   3.272  -0.197   3.075
GLN01B4020_002   5.322  -0.143   5.179
LYS01B4021_001   1.345  -3.578  -2.233
LYS+1B4021_002   1.295  -3.578  -2.283
ASP01B4022_001   0.115  -0.998  -0.884
ASP01B4022_002   0.115  -0.998  -0.884
ASP02B4022_003   0.191  -1.020  -0.830
ASP02B4022_004   0.191  -1.020  -0.830
ASP-1B4022_005   0.108  -0.999  -0.892
MET01B4023_001   0.089  -0.119  -0.030
VAL01B4024_001   0.598  -0.515   0.083
VAL01B4025_001   0.866  -3.194  -2.328
MET01B4026_001   0.221   0.000   0.221
LEU01B4027_001   1.922  -0.599   1.323
LEU01B4028_001   1.789  -1.442   0.347
SER01B4029_001   0.000  -0.060  -0.060
SER01B4029_002   0.000  -0.060  -0.060
SER01B4029_003   0.000  -0.060  -0.060
LEU01B4030_001   2.331  -0.206   2.125
LEU01B4031_001   3.127  -0.206   2.921
GLU01B4032_001   1.371   0.000   1.371
GLU01B4032_002   1.371   0.000   1.371
GLU02B4032_003   1.082   0.000   1.082
GLU02B4032_004   1.082   0.000   1.082
GLU-1B4032_005   1.017   0.000   1.017
ASN01B4034_001   0.002  -0.507  -0.505
ASN01B4034_002   0.165  -0.492  -0.328
VAL01B4035_001   0.729  -3.622  -2.893
VAL01B4036_001   0.782  -0.770   0.012
ASN01B4037_001   0.307  -1.508  -1.201
MET01B4039_001   1.777  -5.472  -3.694
ILE01B4040_001   2.293  -0.773   1.521
ALA01B4041_001   0.000   0.000   0.000
ARG01B4042_001   3.243  -6.987  -3.744
ARG02B4042_002   3.181  -6.987  -3.806
ARG03B4042_003   3.243  -6.987  -3.744
ARG+1B4042_004   3.137  -6.987  -3.850
GLN01B4043_001   1.863  -1.563   0.300
GLN01B4043_002   3.039  -1.512   1.527
MET01B4044_001   0.258   0.000   0.258
VAL01B4045_001   0.969  -0.052   0.918
ASP01B4046_001   0.114  -2.134  -2.020
ASP01B4046_002   0.114  -2.134  -2.020
ASP02B4046_003   0.196  -2.218  -2.022
ASP02B4046_004   0.196  -2.218  -2.022
ASP-1B4046_005   0.109  -2.102  -1.993
MET01B4047_001   3.265  -0.071   3.194
LEU01B4048_001   1.548  -0.721   0.827
VAL01B4049_001   0.972  -2.592  -1.620
GLU01B4050_001   3.275  -1.800   1.475
GLU01B4050_002   3.275  -1.800   1.475
GLU02B4050_003   2.596  -1.794   0.802
GLU02B4050_004   2.596  -1.794   0.802
GLU-1B4050_005   2.538  -1.735   0.803
SER01B4051_001   0.000   0.000   0.000
SER01B4051_002   0.000   0.000   0.000
SER01B4052_001   0.000  -1.739  -1.739
SER01B4052_002   0.000  -1.739  -1.739
SER01B4053_001   0.000  -4.346  -4.346
SER01B4053_002   0.000  -4.346  -4.346
ASN01B4054_001   0.340  -0.920  -0.581
ASN01B4054_002   0.449  -1.048  -0.599
VAL01B4055_001   1.038  -0.464   0.575
GLU01B4056_001   4.872  -2.415   2.457
GLU01B4056_002   4.872  -2.415   2.457
GLU02B4056_003   3.897  -2.410   1.487
GLU02B4056_004   3.897  -2.410   1.487
GLU-1B4056_005   3.827  -2.282   1.545
MET01B4057_001   0.042  -1.210  -1.168
ILE01B4058_001   5.407  -0.876   4.531
LEU01B4059_001   2.630  -0.464   2.166
LYS01B4060_001   1.359  -2.641  -1.282
LYS+1B4060_002   1.312  -2.641  -1.329
PHE01B4061_001   5.140  -1.043   4.096
PHE01B4062_001   5.988  -0.119   5.869
ASP01B4063_001   0.375  -0.975  -0.600
ASP01B4063_002   0.375  -0.975  -0.600
ASP02B4063_003   0.407  -0.969  -0.562
ASP02B4063_004   0.407  -0.969  -0.562
ASP-1B4063_005   0.315  -0.999  -0.684
MET01B4064_001   1.665  -0.167   1.498
PHE01B4065_001   4.784  -0.405   4.379
LEU01B4066_001   1.541  -1.114   0.427
LYS01B4067_001   0.929  -0.786   0.144
LYS+1B4067_002   0.884  -0.786   0.099
LEU01B4068_001   2.046  -0.052   1.995
LYS01B4069_001   7.625  -3.997   3.628
LYS+1B4069_002   7.838  -3.997   3.840
ASP01B4070_001   0.176  -1.812  -1.636
ASP01B4070_002   0.176  -1.812  -1.636
ASP02B4070_003   0.263  -1.742  -1.478
ASP02B4070_004   0.263  -1.742  -1.478
ASP-1B4070_005   0.166  -1.748  -1.582
ILE01B4071_001   3.561  -0.428   3.132
VAL01B4072_001   0.601  -0.567   0.035
SER01B4074_001   0.000  -0.998  -0.998
GLU01B4075_001   1.258  -3.196  -1.938
GLU01B4075_002   1.258  -3.196  -1.938
GLU02B4075_003   1.052  -3.188  -2.137
GLU02B4075_004   1.052  -3.188  -2.137
GLU-1B4075_005   0.958  -3.116  -2.158
ALA01B4076_001   0.000  -2.849  -2.849
PHE01B4077_001   4.635   0.000   4.635
GLN01B4078_001   0.899  -1.953  -1.054
ASP01B4079_001   0.178  -2.553  -2.375
ASP01B4079_002   0.178  -2.553  -2.375
ASP02B4079_003   0.268  -2.518  -2.251
ASP02B4079_004   0.268  -2.518  -2.251
ASP-1B4079_005   0.169  -2.468  -2.299
TYR01B4080_001   5.314  -0.564   4.751
TYR-1B4080_002   5.314  -0.564   4.751
VAL01B4081_001   0.590  -0.258   0.332
THR01B4082_001   0.201  -6.287  -6.086
THR01B4082_002   0.201  -6.287  -6.086
ASP01B4083_001   0.288  -0.830  -0.542
ASP01B4083_002   0.288  -0.830  -0.542
ASP02B4083_003   0.380  -0.832  -0.452
ASP02B4083_004   0.380  -0.832  -0.452
ASP-1B4083_005   0.266  -0.827  -0.560
PRO01B4084_001   0.262  -6.585  -6.323
ARG01B4085_001   3.137  -7.782  -4.645
ARG02B4085_002   3.058  -7.782  -4.724
ARG02B4085_003   3.118  -7.782  -4.664
ARG03B4085_004   3.053  -7.782  -4.729
ARG+1B4085_005   3.013  -7.782  -4.769
LEU01B4087_001   1.607  -3.928  -2.321
ILE01B4088_001   2.051   0.000   2.051
SER01B4089_001   0.000  -1.632  -1.632
SER01B4089_002   0.000  -1.632  -1.632
SER01B4089_003   0.000  -1.632  -1.632
LYS01B4090_001   3.388  -1.671   1.717
LYS+1B4090_002   3.340  -1.671   1.670
LYS01B4091_001   0.828  -7.953  -7.124
LYS+1B4091_002   0.782  -7.953  -7.171
ASP01B4092_001   0.055  -0.387  -0.332
ASP01B4092_002   0.055  -0.387  -0.332
ASP02B4092_003   0.118  -0.385  -0.267
ASP02B4092_004   0.118  -0.385  -0.267
ASP-1B4092_005   0.050  -0.387  -0.337
PHE01B4093_001   4.503   0.000   4.503
GLN01B4094_001   1.169  -1.352  -0.183
GLN01B4094_002   1.525  -1.399   0.126
LYS01B4095_001   1.675  -6.655  -4.980
LYS+1B4095_002   1.629  -6.655  -5.026
ALA01B4096_001   0.000  -0.052  -0.052
MET01B4097_001  -0.027   0.000  -0.027
ASP01B4098_001   0.398  -2.500  -2.102
ASP01B4098_002   0.398  -2.500  -2.102
ASP02B4098_003   0.423  -2.556  -2.132
ASP02B4098_004   0.423  -2.556  -2.132
ASP-1B4098_005   0.332  -2.416  -2.084
SER01B4099_001   0.000  -2.430  -2.430
SER01B4099_002   0.000  -2.430  -2.430
GLN01B4100_001   2.966  -0.590   2.376
LYS01B4101_001   0.985  -8.807  -7.823
LYS+1B4101_002   0.936  -8.807  -7.871
GLN01B4102_001   1.676  -2.759  -1.083
PHE01B4103_001   5.304  -0.103   5.201
THR01B4104_001   0.224  -3.994  -3.769
PRO01B4106_001   0.283  -6.610  -6.327
GLU01B4107_001   2.017  -1.196   0.821
GLU01B4107_002   2.017  -1.196   0.821
GLU02B4107_003   1.595  -1.192   0.403
GLU02B4107_004   1.595  -1.192   0.403
GLU-1B4107_005   1.531  -1.154   0.377
ILE01B4108_001   2.390  -0.258   2.132
GLN01B4109_001   1.094  -2.274  -1.180
GLN01B4109_002   0.864  -2.449  -1.585
PHE01B4110_001   5.006  -0.664   4.342
LEU01B4111_001   2.183  -0.103   2.080
LEU01B4112_001   1.846  -0.531   1.315
SER01B4113_001   0.000  -1.762  -1.762
CYS01B4114_001  -0.002  -0.499  -0.500
CYS01B4114_002  -0.002  -0.499  -0.500
CYS01B4114_003  -0.003  -0.499  -0.501
CYS-1B4114_004   0.000  -0.499  -0.499
SER01B4115_001   0.000   0.000   0.000
SER01B4115_002   0.000   0.000   0.000
GLU01B4116_001   1.564  -1.500   0.064
GLU01B4116_002   1.564  -1.500   0.064
GLU02B4116_003   1.297  -1.410  -0.113
GLU02B4116_004   1.297  -1.410  -0.113
GLU-1B4116_005   1.202  -1.374  -0.172
ALA01B4117_001   0.000  -3.020  -3.020
ASP01B4118_001   0.382  -2.016  -1.634
ASP01B4118_002   0.382  -2.016  -1.634
ASP02B4118_003   0.436  -1.770  -1.334
ASP02B4118_004   0.436  -1.770  -1.334
ASP-1B4118_005   0.331  -1.895  -1.564
GLU01B4119_001   1.645  -3.873  -2.228
GLU01B4119_002   1.645  -3.873  -2.228
GLU02B4119_003   1.386  -4.034  -2.648
GLU02B4119_004   1.386  -4.034  -2.648
GLU-1B4119_005   1.280  -3.794  -2.514
ASN01B4120_001   0.036  -1.828  -1.792
ASN01B4120_002   0.221  -2.019  -1.799
GLU01B4121_001   4.057  -2.962   1.095
GLU01B4121_002   4.057  -2.962   1.095
GLU02B4121_003   3.241  -2.928   0.312
GLU02B4121_004   3.241  -2.928   0.312
GLU-1B4121_005   3.173  -2.924   0.249
MET01B4122_001   0.143  -0.672  -0.529
ILE01B4123_001   2.395   0.000   2.395
ASN01B4124_001   0.145  -1.737  -1.592
ASN01B4124_002  -0.008  -1.536  -1.544
PHE01B4125_001   4.747  -2.578   2.169
GLU01B4126_001   0.499  -3.537  -3.038
GLU01B4126_002   0.499  -3.537  -3.038
GLU02B4126_003   0.666  -3.556  -2.890
GLU02B4126_004   0.666  -3.556  -2.890
GLU-1B4126_005   0.468  -3.445  -2.977
GLU01B4127_001   4.264  -1.295   2.970
GLU01B4127_002   4.264  -1.295   2.970
GLU02B4127_003   3.413  -1.256   2.158
GLU02B4127_004   3.413  -1.256   2.158
GLU-1B4127_005   3.343  -1.243   2.100
PHE01B4128_001   4.844  -0.068   4.776
ALA01B4129_001   0.000  -0.171  -0.171
ASN01B4130_001   0.494  -2.017  -1.523
ASN01B4130_002   0.236  -2.020  -1.785
ARG01B4131_001   2.979  -1.882   1.097
ARG02B4131_002   2.951  -1.882   1.069
ARG03B4131_003   2.943  -1.882   1.061
ARG03B4131_004   2.947  -1.882   1.065
ARG+1B4131_005   2.903  -1.882   1.021
PHE01B4132_001   5.886  -0.460   5.426
GLN01B4133_001   1.728  -1.079   0.649
GLN01B4133_002   2.917  -1.168   1.749
GLU01B4134_001   1.328  -2.689  -1.360
GLU01B4134_002   1.328  -2.689  -1.360
GLU02B4134_003   1.145  -2.675  -1.529
GLU02B4134_004   1.145  -2.675  -1.529
GLU-1B4134_005   1.029  -2.596  -1.568
PRO01B4135_001   0.286  -1.854  -1.568
ALA01B4136_001   0.000  -0.258  -0.258
ARG01B4137_001   2.517  -3.764  -1.247
ARG02B4137_002   2.472  -3.764  -1.291
ARG02B4137_003   2.477  -3.764  -1.287
ARG03B4137_004   2.481  -3.764  -1.283
ARG+1B4137_005   2.433  -3.764  -1.331
ASP01B4138_001   0.056  -1.365  -1.308
ASP01B4138_002   0.056  -1.365  -1.308
ASP02B4138_003   0.122  -1.461  -1.339
ASP02B4138_004   0.122  -1.461  -1.339
ASP-1B4138_005   0.053  -1.365  -1.312
ILE01B4139_001   0.941  -0.567   0.374
PHE01B4141_001   5.227  -0.253   4.974
ASN01B4142_001   0.503  -0.399   0.104
ASN01B4142_002   0.249  -0.389  -0.140
VAL01B4143_001   0.728  -1.906  -1.178
ALA01B4144_001   0.000  -0.052  -0.052
VAL01B4145_001   0.707  -0.052   0.656
LEU01B4146_001   1.872  -0.428   1.443
LEU01B4147_001   2.959  -0.618   2.341
THR01B4148_001   0.251  -1.399  -1.148
THR01B4148_002   0.251  -1.399  -1.148
ASN01B4149_001   0.241  -0.157   0.084
LEU01B4150_001   1.304   0.000   1.304
SER01B4151_001   0.000  -0.711  -0.711
SER01B4151_002   0.000  -0.711  -0.711
GLU01B4152_001   2.744  -0.942   1.802
GLU01B4152_002   2.744  -0.942   1.802
GLU02B4152_003   2.159  -1.003   1.156
GLU02B4152_004   2.159  -1.003   1.156
GLU-1B4152_005   2.107  -0.942   1.164
HIS01B4153_001  -0.137  -0.158  -0.295
HIS01B4153_002  -0.092  -0.205  -0.298
HIS02B4153_003  -0.155  -0.158  -0.314
HIS02B4153_004  -0.106  -0.205  -0.311
HIS+1B4153_005  -0.182  -0.158  -0.341
HIS+1B4153_006  -0.133  -0.205  -0.338
VAL01B4154_001   0.650  -1.217  -0.567
PRO01B4155_001   0.354  -1.526  -1.172
HIS01B4156_001  -0.243  -6.911  -7.153
HIS01B4156_002  -0.204  -6.659  -6.863
HIS02B4156_003  -0.264  -6.911  -7.174
HIS02B4156_004  -0.213  -6.659  -6.872
HIS+1B4156_005  -0.290  -6.911  -7.201
HIS+1B4156_006  -0.240  -6.659  -6.899
ASP01B4157_001   0.124  -0.785  -0.661
ASP01B4157_002   0.124  -0.785  -0.661
ASP02B4157_003   0.210  -0.718  -0.508
ASP02B4157_004   0.210  -0.718  -0.508
ASP-1B4157_005   0.120  -0.715  -0.595
PRO01B4158_001   0.298  -6.914  -6.616
ARG01B4159_001   3.625  -5.522  -1.897
ARG02B4159_002   3.547  -5.522  -1.974
ARG02B4159_003   3.553  -5.522  -1.969
ARG03B4159_004   3.615  -5.522  -1.907
ARG+1B4159_005   3.508  -5.522  -2.013
LEU01B4160_001   1.887   0.000   1.887
ARG01B4161_001   2.207  -6.698  -4.491
ARG02B4161_002   2.233  -6.698  -4.465
ARG03B4161_003   2.171  -6.698  -4.528
ARG+1B4161_004   2.128  -6.698  -4.571
ASN01B4162_001   0.265  -1.944  -1.679
ASN01B4162_002   0.060  -1.895  -1.835
PHE01B4163_001   5.031  -0.338   4.693
LEU01B4164_001   2.483  -1.030   1.453
GLU01B4165_001   5.343  -2.947   2.395
GLU01B4165_002   5.343  -2.947   2.395
GLU02B4165_003   4.280  -3.109   1.171
GLU02B4165_004   4.280  -3.109   1.171
GLU-1B4165_005   4.225  -2.976   1.249
LEU01B4166_001   1.985  -4.807  -2.822
ALA01B4167_001   0.000  -0.103  -0.103
GLU01B4168_001   1.619  -2.497  -0.879
GLU01B4168_002   1.619  -2.497  -0.879
GLU02B4168_003   1.423  -2.604  -1.181
GLU02B4168_004   1.423  -2.604  -1.181
GLU-1B4168_005   1.284  -2.428  -1.144
SER01B4169_001   0.000  -0.864  -0.864
SER01B4169_002   0.000  -0.864  -0.864
ILE01B4170_001   9.839  -0.258   9.581
LEU01B4171_001   3.571  -1.458   2.112
GLU01B4172_001   3.352  -2.606   0.746
GLU01B4172_002   3.352  -2.606   0.746
GLU02B4172_003   2.771  -2.590   0.181
GLU02B4172_004   2.771  -2.590   0.181
GLU-1B4172_005   2.655  -2.458   0.197
TYR01B4173_001   5.410  -3.018   2.392
TYR01B4173_002   5.410  -3.018   2.392
TYR-1B4173_003   5.410  -3.018   2.392
PHE01B4174_001   5.008   0.000   5.008
ARG01B4175_001   5.422  -6.997  -1.575
ARG02B4175_002   5.345  -6.997  -1.652
ARG03B4175_003   5.405  -6.997  -1.592
ARG+1B4175_004   5.299  -6.997  -1.698
PRO01B4176_001   0.464  -3.450  -2.985
TYR01B4177_001   5.580  -1.272   4.308
TYR01B4177_002   5.580  -1.272   4.308
TYR-1B4177_003   5.580  -1.272   4.308
LEU01B4178_001   3.056  -0.924   2.132
ARG01B4180_001   3.508  -0.899   2.608
ARG02B4180_002   3.475  -0.899   2.576
ARG03B4180_003   3.471  -0.899   2.572
ARG+1B4180_004   3.426  -0.899   2.527
ILE01B4181_001   1.184  -0.773   0.411
GLU01B4182_001   2.826   0.000   2.826
GLU01B4182_002   2.826   0.000   2.826
GLU02B4182_003   2.317   0.000   2.317
GLU02B4182_004   2.317   0.000   2.317
GLU-1B4182_005   2.212   0.000   2.212
ILE01B4183_001   1.805  -0.618   1.187
MET01B4184_001   0.882  -2.585  -1.703
ALA01B4186_001   0.000  -3.448  -3.448
SER01B4187_001   0.000  -0.836  -0.836
SER01B4187_002   0.000  -0.836  -0.836
ARG01B4188_001   5.660 -10.083  -4.423
ARG02B4188_002   5.680 -10.083  -4.403
ARG03B4188_003   5.608 -10.083  -4.475
ARG+1B4188_004   5.561 -10.083  -4.522
ARG01B4189_001   3.902  -4.918  -1.016
ARG02B4189_002   3.960  -4.918  -0.959
ARG03B4189_003   3.857  -4.918  -1.061
ARG+1B4189_004   3.811  -4.918  -1.107
ILE01B4190_001   3.253  -0.206   3.047
GLU01B4191_001   4.200  -0.138   4.062
GLU01B4191_002   4.200  -0.138   4.062
GLU02B4191_003   3.338  -0.145   3.193
GLU02B4191_004   3.338  -0.145   3.193
GLU-1B4191_005   3.279  -0.138   3.142
ARG01B4192_001   1.958  -0.257   1.701
ARG02B4192_002   1.916  -0.257   1.659
ARG02B4192_003   1.919  -0.257   1.662
ARG03B4192_004   1.982  -0.257   1.726
ARG+1B4192_005   1.877  -0.257   1.620
ILE01B4193_001   3.015  -1.304   1.711
TYR01B4194_001   5.644  -0.820   4.824
TYR01B4194_002   5.644  -0.820   4.824
TYR-1B4194_003   5.644  -0.820   4.824
PHE01B4195_001   5.501  -3.032   2.469
GLU01B4196_001   2.284  -0.864   1.420
GLU01B4196_002   2.284  -0.864   1.420
GLU02B4196_003   1.808  -0.905   0.903
GLU02B4196_004   1.808  -0.905   0.903
GLU-1B4196_005   1.750  -0.896   0.854
ILE01B4197_001   3.525  -0.103   3.422
SER01B4198_001   0.000  -2.553  -2.553
SER01B4198_002   0.000  -2.553  -2.553
SER01B4198_003   0.000  -2.553  -2.553
GLU01B4199_001   1.497  -1.658  -0.162
GLU01B4199_002   1.497  -1.658  -0.162
GLU02B4199_003   1.215  -1.718  -0.503
GLU02B4199_004   1.215  -1.718  -0.503
GLU-1B4199_005   1.148  -1.653  -0.505
THR01B4200_001   0.289  -5.002  -4.713
THR01B4200_002   0.289  -5.002  -4.713
ASN01B4201_001   0.306  -1.083  -0.777
ASN01B4201_002   0.532  -1.043  -0.512
ARG01B4202_001   5.740  -3.569   2.171
ARG02B4202_002   5.659  -3.569   2.090
ARG02B4202_003   5.720  -3.569   2.151
ARG03B4202_004   5.653  -3.569   2.084
ARG+1B4202_005   5.614  -3.569   2.045
ALA01B4203_001   0.000  -3.210  -3.210
GLN01B4204_001   2.043  -1.084   0.959
GLN01B4204_002   3.398  -1.131   2.267
TRP01B4205_001   3.895  -1.574   2.321
GLU01B4206_001   1.170  -2.526  -1.356
GLU01B4206_002   1.170  -2.526  -1.356
GLU02B4206_003   1.021  -2.492  -1.472
GLU02B4206_004   1.021  -2.492  -1.472
GLU-1B4206_005   0.908  -2.476  -1.567
MET01B4207_001   1.523  -3.132  -1.609
PRO01B4208_001   0.253  -7.526  -7.273
GLN01B4209_001   1.095  -1.452  -0.357
GLN01B4209_002   0.885  -1.411  -0.526
VAL01B4210_001   0.579   0.000   0.579
LYS01B4211_001   1.197  -5.393  -4.196
LYS+1B4211_002   1.152  -5.393  -4.241
GLU01B4212_001   1.634  -2.189  -0.556
GLU01B4212_002   1.634  -2.189  -0.556
GLU02B4212_003   1.386  -2.157  -0.771
GLU02B4212_004   1.386  -2.157  -0.771
GLU-1B4212_005   1.276  -2.131  -0.855
SER01B4213_001   0.000  -1.827  -1.827
LYS01B4214_001   2.761  -2.101   0.660
LYS+1B4214_002   2.673  -2.101   0.573
ARG01B4215_001  11.974  -7.288   4.687
ARG02B4215_002  12.007  -7.288   4.719
ARG03B4215_003  11.906  -7.288   4.618
ARG+1B4215_004  11.865  -7.288   4.577
GLN01B4216_001   2.206  -3.479  -1.273
GLN01B4216_002   3.639  -3.443   0.196
PHE01B4217_001   5.665  -0.861   4.804
ILE01B4218_001   2.793  -1.648   1.145
PHE01B4219_001   5.018  -2.518   2.500
ASP01B4220_001   0.193  -1.562  -1.369
ASP01B4220_002   0.193  -1.562  -1.369
ASP02B4220_003   0.285  -1.430  -1.145
ASP02B4220_004   0.285  -1.430  -1.145
ASP-1B4220_005   0.183  -1.391  -1.208
VAL01B4221_001   1.161  -0.103   1.058
VAL01B4222_001   0.899  -0.721   0.178
ASN01B4223_001   0.204  -1.796  -1.593
ASN01B4223_002   0.024  -1.767  -1.742
GLU01B4224_001   1.550  -3.547  -1.998
GLU01B4224_002   1.550  -3.547  -1.998
GLU02B4224_003   1.354  -3.519  -2.165
GLU02B4224_004   1.354  -3.519  -2.165
GLU-1B4224_005   1.222  -3.414  -2.192
GLU01B4227_001   0.891  -4.130  -3.239
GLU01B4227_002   0.891  -4.130  -3.239
GLU02B4227_003   0.757  -4.137  -3.379
GLU02B4227_004   0.757  -4.137  -3.379
GLU-1B4227_005   0.666  -4.116  -3.450
ALA01B4228_001   0.000  -2.215  -2.215
GLU01B4229_001   3.750  -3.017   0.733
GLU01B4229_002   3.750  -3.017   0.733
GLU02B4229_003   3.102  -2.968   0.134
GLU02B4229_004   3.102  -2.968   0.134
GLU-1B4229_005   2.978  -2.959   0.020
LYS01B4230_001   1.683  -3.047  -1.364
LYS+1B4230_002   1.635  -3.047  -1.412
MET01B4231_001   0.048  -0.260  -0.212
GLU01B4232_001   3.076  -1.137   1.940
GLU01B4232_002   3.076  -1.137   1.940
GLU02B4232_003   2.533  -1.079   1.454
GLU02B4232_004   2.533  -1.079   1.454
GLU-1B4232_005   2.420  -1.089   1.332
LEU01B4233_001   2.430  -4.050  -1.620
PHE01B4234_001   5.347  -0.253   5.095
VAL01B4235_001   0.730  -0.052   0.678
SER01B4236_001   0.000  -1.844  -1.844
SER01B4236_002   0.000  -1.844  -1.844
SER01B4236_003   0.000  -1.844  -1.844
PHE01B4237_001   5.391  -1.334   4.058
CYS01B4238_001  -0.002  -0.048  -0.050
CYS01B4238_002  -0.002  -0.048  -0.050
CYS01B4238_003  -0.002  -0.048  -0.050
CYS-1B4238_004   0.000  -0.048  -0.048
GLU01B4239_001   3.896   0.000   3.896
GLU01B4239_002   3.896   0.000   3.896
GLU02B4239_003   3.118   0.000   3.118
GLU02B4239_004   3.118   0.000   3.118
GLU-1B4239_005   3.052   0.000   3.052
ASP01B4240_001   0.111  -0.655  -0.543
ASP01B4240_002   0.111  -0.655  -0.543
ASP02B4240_003   0.189  -0.724  -0.535
ASP02B4240_004   0.189  -0.724  -0.535
ASP-1B4240_005   0.105  -0.655  -0.550
THR01B4241_001   0.321   0.000   0.321
THR01B4241_002   0.321   0.000   0.321
THR01B4241_003   0.321   0.000   0.321
ILE01B4242_001   1.943  -0.805   1.138
PHE01B4243_001   5.279  -1.061   4.219
GLU01B4244_001   2.698  -0.332   2.366
GLU01B4244_002   2.698  -0.332   2.366
GLU02B4244_003   2.139  -0.283   1.857
GLU02B4244_004   2.139  -0.283   1.857
GLU-1B4244_005   2.076  -0.289   1.787
MET01B4245_001   0.031  -0.361  -0.329
GLN01B4246_001   1.188  -2.490  -1.303
GLN01B4246_002   0.960  -2.595  -1.635
ILE01B4247_001   1.167  -1.288  -0.121
ALA01B4248_001   0.000  -0.274  -0.274
ALA01B4249_001   0.000  -2.846  -2.846
GLN01B4250_001   2.274  -2.551  -0.277
GLN01B4250_002   3.735  -2.647   1.088
ILE01B4251_001   2.117  -1.355   0.762
SER01B4252_001   0.000  -2.839  -2.839
SER01B4252_002   0.000  -2.839  -2.839
GLU01B4253_001   0.498  -3.202  -2.703
GLU01B4253_002   0.498  -3.202  -2.703
GLU02B4253_003   0.665  -2.992  -2.327
GLU02B4253_004   0.665  -2.992  -2.327
GLU-1B4253_005   0.467  -3.096  -2.629
CTR01B4253_001  -0.021  -5.251  -5.272
CTR01B4253_002   0.108  -5.174  -5.067
CTR02B4253_003  -0.022  -5.329  -5.351
CTR02B4253_004   0.042  -5.271  -5.229
CTR-1B4253_005   0.000  -5.193  -5.193
NTR01B4540_001  -0.003  -2.890  -2.893
NTR+1B4540_002  -0.005  -2.890  -2.894
PHE01B4540_001   2.039  -2.579  -0.540
TRP01B4541_001   0.644 -13.992 -13.348
GLU01B4543_001   0.498  -3.491  -2.993
GLU01B4543_002   0.498  -3.491  -2.993
GLU02B4543_003   0.665  -3.462  -2.798
GLU02B4543_004   0.665  -3.462  -2.798
GLU-1B4543_005   0.467  -3.407  -2.940
LEU01B4544_001   1.458  -3.879  -2.421
GLU01B4545_001   0.498  -2.149  -1.651
GLU01B4545_002   0.498  -2.149  -1.651
GLU02B4545_003   0.664  -2.083  -1.419
GLU02B4545_004   0.664  -2.083  -1.419
GLU-1B4545_005   0.466  -2.080  -1.614
VAL01B4546_001   0.661  -6.020  -5.359
GLN01B4547_001   0.902  -2.827  -1.925
GLN01B4547_002   1.171  -2.789  -1.617
ARG01B4548_001   5.756  -6.947  -1.191
ARG02B4548_002   5.701  -6.947  -1.246
ARG02B4548_003   5.706  -6.947  -1.242
ARG03B4548_004   5.801  -6.947  -1.146
ARG+1B4548_005   5.661  -6.947  -1.287
VAL01B4549_001   0.919  -4.066  -3.147
LYS01B4550_001   3.794  -4.307  -0.513
LYS+1B4550_002   3.699  -4.307  -0.607
PHE01B4551_001   4.582  -7.267  -2.685
LEU01B4552_001   3.281  -1.835   1.446
ASN01B4553_001   0.351  -1.024  -0.672
ASN01B4553_002   0.512  -1.137  -0.625
TYR01B4554_001   4.812  -6.789  -1.977
TYR-1B4554_002   4.812  -6.789  -1.977
LEU01B4555_001   1.435  -0.464   0.972
SER01B4556_001   0.000   0.000   0.000
ARG01B4557_001   2.924  -3.550  -0.625
ARG02B4557_002   2.884  -3.550  -0.666
ARG03B4557_003   2.938  -3.550  -0.612
ARG+1B4557_004   2.844  -3.550  -0.706
ASN01B4558_001   0.192  -1.214  -1.022
PHE01B4559_001   5.228  -0.556   4.672
TYR01B4560_001   4.919  -7.519  -2.600
TYR01B4560_002   4.919  -7.519  -2.600
TYR-1B4560_003   4.919  -7.519  -2.600
THR01B4561_001   0.277  -4.450  -4.173
THR01B4561_002   0.277  -4.450  -4.173
LEU01B4562_001   1.984  -1.011   0.973
ARG01B4563_001   1.635  -2.382  -0.748
ARG02B4563_002   1.589  -2.382  -0.793
ARG02B4563_003   1.594  -2.382  -0.789
ARG03B4563_004   1.594  -2.382  -0.788
ARG03B4563_005   1.655  -2.382  -0.728
ARG+1B4563_006   1.550  -2.382  -0.832
PHE01B4564_001   5.037  -8.153  -3.116
LEU01B4565_001   1.595  -4.050  -2.455
ALA01B4566_001   0.000  -0.052  -0.052
LEU01B4567_001   1.224  -2.112  -0.887
PHE01B4568_001   4.786  -8.394  -3.608
LEU01B4569_001   4.643  -0.309   4.333
ALA01B4570_001   0.000   0.000   0.000
PHE01B4571_001   4.781  -6.281  -1.500
ALA01B4572_001   0.000  -1.922  -1.922
ILE01B4573_001   1.962   0.000   1.962
ASN01B4574_001   0.435  -0.234   0.201
ASN01B4574_002   0.214  -0.268  -0.054
PHE01B4575_001   4.857  -9.308  -4.451
ILE01B4576_001   3.448  -1.011   2.437
LEU01B4577_001   3.959  -2.006   1.953
LEU01B4578_001   2.662  -6.880  -4.218
PHE01B4579_001   4.736  -3.369   1.367
TYR01B4580_001   4.746  -3.452   1.294
TYR-1B4580_002   4.746  -3.452   1.294
LYS01B4581_001   1.630  -6.470  -4.840
LYS+1B4581_002   1.580  -6.470  -4.889
VAL01B4582_001   0.505  -5.251  -4.746
SER01B4583_001   0.000  -0.743  -0.743
SER01B4583_002   0.000  -0.743  -0.743
ASP01B4584_001  -0.040  -3.454  -3.494
ASP01B4584_002  -0.040  -3.454  -3.494
ASP02B4584_003  -0.009  -3.552  -3.561
ASP02B4584_004  -0.009  -3.552  -3.561
ASP-1B4584_005  -0.041  -3.394  -3.434
SER01B4585_001   0.000  -3.268  -3.268
SER01B4585_002   0.000  -3.268  -3.268
PRO01B4586_001   0.293  -4.943  -4.650
PRO01B4587_001   0.263  -4.042  -3.779
CTR01B4587_001  -0.021  -4.354  -4.375
CTR01B4587_002   0.087  -4.257  -4.170
CTR02B4587_003  -0.022  -4.276  -4.298
CTR02B4587_004   0.031  -4.354  -4.323
CTR-1B4587_005   0.000  -4.276  -4.276
NTR01B4626_001  -0.003  -3.342  -3.345
NTR+1B4626_002  -0.005  -3.342  -3.347
ASN01B4626_001  -0.020  -3.745  -3.765
MET01B4627_001   0.140  -3.147  -3.008
VAL01B4628_001   0.583  -3.068  -2.485
TYR01B4629_001   4.883  -9.718  -4.835
TYR01B4629_002   4.883  -9.718  -4.835
TYR-1B4629_003   4.883  -9.718  -4.835
TYR01B4630_001   4.905  -3.373   1.532
TYR-1B4630_002   4.905  -3.373   1.532
PHE01B4631_001   4.960  -2.675   2.285
LEU01B4632_001   1.987  -4.424  -2.437
GLU01B4633_001   3.605  -2.449   1.156
GLU01B4633_002   3.605  -2.449   1.156
GLU02B4633_003   2.876  -2.502   0.373
GLU02B4633_004   2.876  -2.502   0.373
GLU-1B4633_005   2.812  -2.446   0.365
GLU01B4634_001   2.303  -1.173   1.130
GLU01B4634_002   2.303  -1.173   1.130
GLU02B4634_003   1.847  -1.147   0.700
GLU02B4634_004   1.847  -1.147   0.700
GLU-1B4634_005   1.772  -1.145   0.626
SER01B4635_001   0.000  -5.220  -5.220
THR01B4636_001   0.179  -1.732  -1.553
THR01B4636_002   0.179  -1.732  -1.553
THR01B4636_003   0.179  -1.732  -1.553
TYR01B4638_001   4.763  -9.851  -5.088
TYR01B4638_002   4.763  -9.851  -5.088
TYR-1B4638_003   4.763  -9.851  -5.088
MET01B4639_001  87.209   0.000  87.209
GLU01B4640_001   1.753  -2.496  -0.743
GLU01B4640_002   1.753  -2.496  -0.743
GLU02B4640_003   1.467  -2.436  -0.969
GLU02B4640_004   1.467  -2.436  -0.969
GLU-1B4640_005   1.364  -2.381  -1.017
PRO01B4641_001   0.285  -6.041  -5.756
ALA01B4642_001   0.000  -2.798  -2.798
LEU01B4643_001   3.910  -1.545   2.365
TRP01B4644_001   2.946  -8.420  -5.473
CYS01B4645_001  -0.002  -3.857  -3.859
CYS01B4645_002  -0.002  -3.857  -3.859
CYS01B4645_003  -0.002  -3.857  -3.860
CYS-1B4645_004   0.000  -3.857  -3.857
LEU01B4646_001   1.476  -2.936  -1.461
SER01B4647_001   0.000   0.000   0.000
SER01B4647_002   0.000   0.000   0.000
SER01B4647_003   0.000   0.000   0.000
LEU01B4648_001   2.300  -4.874  -2.574
LEU01B4649_001   2.249  -3.483  -1.235
HIS01B4650_001  -0.148  -0.100  -0.248
HIS02B4650_002  -0.167  -0.100  -0.267
HIS+1B4650_003  -0.194  -0.100  -0.294
THR01B4651_001   0.265  -1.219  -0.954
THR01B4651_002   0.265  -1.219  -0.954
LEU01B4652_001   3.708  -5.370  -1.662
VAL01B4653_001   0.771  -0.309   0.462
ALA01B4654_001   0.000   0.000   0.000
PHE01B4655_001   4.580  -8.164  -3.585
LEU01B4656_001   2.307  -2.402  -0.094
CYS01B4657_001  -0.002   0.000  -0.002
CYS01B4657_002  -0.002   0.000  -0.002
CYS01B4657_003  -0.002   0.000  -0.002
CYS-1B4657_004   0.000   0.000   0.000
ILE01B4658_001   2.610  -2.093   0.517
ILE01B4659_001   4.633  -3.277   1.355
TYR01B4661_001   5.066  -0.825   4.240
TYR01B4661_002   5.066  -0.825   4.240
TYR-1B4661_003   5.066  -0.825   4.240
ASN01B4662_001   0.232  -1.787  -1.555
ASN01B4662_002   0.043  -1.811  -1.768
CYS01B4663_001  -0.002  -1.002  -1.004
CYS01B4663_002  -0.002  -1.002  -1.004
CYS01B4663_003  -0.002  -1.002  -1.005
CYS-1B4663_004   0.000  -1.002  -1.002
LEU01B4664_001   1.626  -1.339   0.287
LYS01B4665_001   1.904  -3.833  -1.928
LYS+1B4665_002   1.819  -3.833  -2.014
VAL01B4666_001   0.293   0.000   0.293
PRO01B4667_001   0.318  -1.974  -1.656
LEU01B4668_001   2.420  -1.165   1.255
VAL01B4669_001   0.498  -2.006  -1.508
ILE01B4670_001   1.847  -0.618   1.229
PHE01B4671_001   5.256  -0.051   5.205
LYS01B4672_001   1.234  -4.772  -3.538
LYS+1B4672_002   1.188  -4.772  -3.585
ARG01B4673_001   2.885  -0.861   2.024
ARG02B4673_002   2.848  -0.861   1.987
ARG02B4673_003   2.853  -0.861   1.991
ARG03B4673_004   2.857  -0.861   1.996
ARG03B4673_005   2.927  -0.861   2.066
ARG+1B4673_006   2.809  -0.861   1.948
GLU01B4674_001   3.271   0.000   3.271
GLU01B4674_002   3.271   0.000   3.271
GLU02B4674_003   2.701   0.000   2.701
GLU02B4674_004   2.701   0.000   2.701
GLU-1B4674_005   2.605   0.000   2.605
LYS01B4675_001   0.591  -0.837  -0.246
LYS+1B4675_002   0.547  -0.837  -0.289
GLU01B4676_001   3.988  -1.433   2.555
GLU01B4676_002   3.988  -1.433   2.555
GLU02B4676_003   3.194  -1.317   1.877
GLU02B4676_004   3.194  -1.317   1.877
GLU-1B4676_005   3.125  -1.348   1.777
LEU01B4677_001   1.455  -0.412   1.043
ALA01B4678_001   0.000  -0.258  -0.258
ARG01B4679_001   2.004  -2.702  -0.699
ARG02B4679_002   1.986  -2.702  -0.716
ARG02B4679_003   2.058  -2.702  -0.644
ARG03B4679_004   1.978  -2.702  -0.724
ARG03B4679_005   1.982  -2.702  -0.720
ARG+1B4679_006   1.939  -2.702  -0.763
LYS01B4680_001   1.278  -4.984  -3.706
LYS+1B4680_002   1.230  -4.984  -3.754
LEU01B4681_001   1.322   0.000   1.322
GLU01B4682_001   1.970  -0.669   1.301
GLU01B4682_002   1.970  -0.669   1.301
GLU02B4682_003   1.612  -0.736   0.877
GLU02B4682_004   1.612  -0.736   0.877
GLU-1B4682_005   1.525  -0.668   0.857
PHE01B4683_001   5.532  -3.944   1.588
ASP01B4684_001   0.255  -2.184  -1.929
ASP01B4684_002   0.255  -2.184  -1.929
ASP02B4684_003   0.354  -2.136  -1.782
ASP02B4684_004   0.354  -2.136  -1.782
ASP-1B4684_005   0.240  -2.140  -1.900
LEU01B4686_001   2.244  -2.418  -0.174
TYR01B4687_001   5.289  -0.153   5.136
TYR01B4687_002   5.289  -0.153   5.136
TYR-1B4687_003   5.289  -0.153   5.136
ILE01B4688_001   2.025   0.000   2.025
THR01B4689_001   0.191  -3.463  -3.272
GLU01B4690_001   3.735  -3.052   0.683
GLU01B4690_002   3.735  -3.052   0.683
GLU02B4690_003   3.012  -3.019  -0.006
GLU02B4690_004   3.012  -3.019  -0.006
GLU-1B4690_005   2.933  -2.954  -0.021
GLN01B4691_001   1.294  -2.474  -1.180
GLN01B4691_002   1.775  -2.465  -0.690
PRO01B4692_001   0.381  -0.148   0.234
ASP01B4694_001   0.146  -2.541  -2.395
ASP01B4694_002   0.146  -2.541  -2.395
ASP02B4694_003   0.229  -2.776  -2.547
ASP02B4694_004   0.229  -2.776  -2.547
ASP-1B4694_005   0.138  -2.593  -2.455
ASP01B4695_001   0.196  -3.282  -3.086
ASP01B4695_002   0.196  -3.282  -3.086
ASP02B4695_003   0.287  -3.368  -3.081
ASP02B4695_004   0.287  -3.368  -3.081
ASP-1B4695_005   0.185  -3.213  -3.028
ASP01B4696_001   0.182  -3.019  -2.837
ASP01B4696_002   0.182  -3.019  -2.837
ASP02B4696_003   0.269  -2.901  -2.632
ASP02B4696_004   0.269  -2.901  -2.632
ASP-1B4696_005   0.171  -2.907  -2.736
VAL01B4697_001   0.686  -6.742  -6.055
LYS01B4698_001   3.343  -4.908  -1.565
LYS+1B4698_002   3.292  -4.908  -1.615
GLN01B4700_001   1.632  -2.370  -0.738
GLN01B4700_002   1.195  -2.367  -1.172
TRP01B4701_001   3.594  -4.063  -0.469
ASP01B4702_001   0.185  -0.069   0.116
ASP01B4702_002   0.185  -0.069   0.116
ASP02B4702_003   0.269  -0.072   0.197
ASP02B4702_004   0.269  -0.072   0.197
ASP-1B4702_005   0.172  -0.069   0.103
ARG01B4703_001  13.373  -5.693   7.680
ARG02B4703_002  13.304  -5.693   7.611
ARG03B4703_003  13.312  -5.693   7.619
ARG+1B4703_004  13.263  -5.693   7.570
LEU01B4704_001   4.044  -2.112   1.932
VAL01B4705_001   0.621   0.000   0.621
LEU01B4706_001   1.630  -0.258   1.373
ASN01B4707_001   0.586  -1.265  -0.679
THR01B4708_001   0.274   0.000   0.274
THR01B4708_002   0.274   0.000   0.274
PRO01B4709_001   0.311  -4.523  -4.212
SER01B4710_001   0.000  -1.625  -1.625
SER01B4710_002   0.000  -1.625  -1.625
PHE01B4711_001   4.869   0.000   4.869
PRO01B4712_001   0.332  -0.254   0.078
SER01B4713_001   0.000  -1.736  -1.736
SER01B4713_002   0.000  -1.736  -1.736
ASN01B4714_001   0.193  -0.758  -0.565
ASN01B4714_002   0.019  -0.733  -0.714
TYR01B4715_001   5.861  -0.763   5.098
TYR01B4715_002   5.861  -0.763   5.098
TYR-1B4715_003   5.861  -0.763   5.098
TRP01B4716_001   3.414  -2.564   0.850
ASP01B4717_001   0.346  -0.722  -0.375
ASP01B4717_002   0.346  -0.722  -0.375
ASP02B4717_003   0.398  -0.630  -0.232
ASP02B4717_004   0.398  -0.630  -0.232
ASP-1B4717_005   0.299  -0.624  -0.326
LYS01B4718_001   0.506  -3.939  -3.433
LYS+1B4718_002   0.463  -3.939  -3.476
PHE01B4719_001   4.721  -2.492   2.229
VAL01B4720_001   0.803  -0.103   0.700
LYS01B4721_001   0.838  -0.837   0.001
LYS+1B4721_002   0.795  -0.837  -0.042
ARG01B4722_001  10.431  -5.709   4.723
ARG02B4722_002  10.362  -5.709   4.653
ARG03B4722_003  10.462  -5.709   4.753
ARG+1B4722_004  10.321  -5.709   4.612
LYS01B4723_001   1.872  -4.738  -2.866
LYS+1B4723_002   1.825  -4.738  -2.913
VAL01B4724_001   0.763  -0.052   0.712
LEU01B4725_001   2.692  -0.618   2.074
ASP01B4726_001   0.173  -3.235  -3.062
ASP01B4726_002   0.173  -3.235  -3.062
ASP02B4726_003   0.275  -3.230  -2.955
ASP02B4726_004   0.275  -3.230  -2.955
ASP-1B4726_005   0.169  -3.092  -2.923
LYS01B4727_001   1.815  -4.145  -2.330
LYS+1B4727_002   1.767  -4.145  -2.378
HIS01B4728_001  -0.100  -0.844  -0.944
HIS01B4728_002  -0.046  -0.821  -0.868
HIS02B4728_003  -0.120  -0.844  -0.964
HIS02B4728_004  -0.059  -0.821  -0.880
HIS+1B4728_005  -0.147  -0.844  -0.991
HIS+1B4728_006  -0.086  -0.821  -0.907
ASP01B4730_001   0.076  -3.414  -3.337
ASP01B4730_002   0.076  -3.414  -3.337
ASP02B4730_003   0.148  -3.382  -3.234
ASP02B4730_004   0.148  -3.382  -3.234
ASP-1B4730_005   0.073  -3.312  -3.239
ILE01B4731_001   3.061  -5.969  -2.908
PHE01B4732_001   4.528  -3.357   1.172
ARG01B4734_001   2.390  -7.326  -4.936
ARG02B4734_002   2.366  -7.326  -4.960
ARG03B4734_003   2.465  -7.326  -4.861
ARG+1B4734_004   2.327  -7.326  -4.999
GLU01B4735_001   3.301  -2.897   0.404
GLU01B4735_002   3.301  -2.897   0.404
GLU02B4735_003   2.658  -3.026  -0.368
GLU02B4735_004   2.658  -3.026  -0.368
GLU-1B4735_005   2.580  -2.919  -0.338
ARG01B4736_001   4.049  -8.927  -4.879
ARG02B4736_002   4.000  -8.927  -4.927
ARG03B4736_003   4.003  -8.927  -4.925
ARG+1B4736_004   3.954  -8.927  -4.973
ILE01B4737_001   1.849  -0.052   1.798
ALA01B4738_001   0.000  -0.052  -0.052
GLU01B4739_001   5.159  -2.619   2.540
GLU01B4739_002   5.159  -2.619   2.540
GLU02B4739_003   4.168  -2.775   1.393
GLU02B4739_004   4.168  -2.775   1.393
GLU-1B4739_005   4.086  -2.591   1.496
LEU01B4740_001   2.686  -2.247   0.439
LEU01B4741_001   1.619   0.000   1.619
MET01B4743_001   0.928  -0.671   0.258
ASP01B4744_001  -0.040  -2.552  -2.592
ASP01B4744_002  -0.040  -2.552  -2.592
ASP02B4744_003  -0.009  -2.587  -2.596
ASP02B4744_004  -0.009  -2.587  -2.596
ASP-1B4744_005  -0.041  -2.515  -2.555
LEU01B4745_001   1.458  -5.869  -4.411
ALA01B4746_001   0.000  -0.927  -0.927
SER01B4747_001   0.000  -1.166  -1.166
LEU01B4748_001   1.452  -5.560  -4.108
GLU01B4749_001   0.498  -2.702  -2.204
GLU01B4749_002   0.498  -2.702  -2.204
GLU02B4749_003   0.664  -2.534  -1.870
GLU02B4749_004   0.664  -2.534  -1.870
GLU-1B4749_005   0.467  -2.550  -2.083
ILE01B4750_001   0.940  -2.163  -1.223
THR01B4751_001   0.151  -5.214  -5.063
THR01B4751_002   0.151  -5.214  -5.063
ALA01B4752_001   0.000  -2.865  -2.865
HIS01B4753_001  -0.354  -4.913  -5.267
HIS01B4753_002  -0.345  -4.233  -4.577
HIS02B4753_003  -0.363  -4.913  -5.276
HIS02B4753_004  -0.355  -4.233  -4.588
HIS+1B4753_005  -0.382  -4.913  -5.296
HIS+1B4753_006  -0.375  -4.233  -4.607
ASN01B4754_001  -0.020  -0.426  -0.446
ASN01B4754_002  -0.091  -0.360  -0.451
GLU01B4755_001   0.501  -1.513  -1.013
GLU01B4755_002   0.501  -1.513  -1.013
GLU02B4755_003   0.668  -1.421  -0.753
GLU02B4755_004   0.668  -1.421  -0.753
GLU-1B4755_005   0.470  -1.413  -0.943
ARG01B4756_0011190.206  -6.8411183.365
ARG02B4756_0021190.189  -6.8411183.348
ARG03B4756_0031190.221  -6.8411183.381
ARG03B4756_004 189.261  -6.841 182.420
ARG+1B4756_0051190.156  -6.8411183.315
LYS01B4757_001   3.787  -4.028  -0.241
LYS+1B4757_002   3.692  -4.028  -0.335
PRO01B4758_001   0.228  -5.853  -5.626
ASP01B4759_001  -0.040  -3.168  -3.208
ASP01B4759_002  -0.040  -3.168  -3.208
ASP02B4759_003  -0.009  -3.272  -3.280
ASP02B4759_004  -0.009  -3.272  -3.280
ASP-1B4759_005  -0.040  -3.148  -3.188
PRO01B4760_001   0.206  -6.643  -6.437
PRO01B4761_001   0.245  -6.993  -6.749
PRO01B4762_001   0.234  -5.432  -5.198
LEU01B4764_001   1.457  -4.137  -2.680
LEU01B4765_001   1.458  -3.245  -1.787
THR01B4766_001   0.201  -5.483  -5.282
THR01B4766_002   0.201  -5.483  -5.282
TRP01B4767_001   3.151  -6.907  -3.756
LEU01B4768_001   3.448  -5.405  -1.957
MET01B4769_001   0.322  -9.006  -8.684
SER01B4770_001   0.000  -3.257  -3.257
SER01B4770_002   0.000  -3.257  -3.257
ILE01B4771_001   2.520  -4.066  -1.547
ASP01B4772_001   0.072  -1.710  -1.638
ASP01B4772_002   0.072  -1.710  -1.638
ASP02B4772_003   0.136  -1.791  -1.655
ASP02B4772_004   0.136  -1.791  -1.655
ASP-1B4772_005   0.065  -1.688  -1.623
VAL01B4773_001   0.694  -5.528  -4.834
LYS01B4774_001   1.209  -5.984  -4.775
LYS+1B4774_002   1.161  -5.984  -4.823
TYR01B4775_001   4.875  -0.606   4.269
TYR01B4775_002   4.875  -0.606   4.269
TYR-1B4775_003   4.875  -0.606   4.269
GLN01B4776_001   0.854  -1.887  -1.034
GLN01B4776_002   0.755  -1.796  -1.041
ILE01B4777_001   2.402  -4.514  -2.112
TRP01B4778_001   4.330  -0.051   4.280
LYS01B4779_001   1.810  -3.668  -1.858
LYS+1B4779_002   1.765  -3.668  -1.903
PHE01B4780_001   4.758  -5.842  -1.083
VAL01B4782_001   1.093  -0.052   1.041
ILE01B4783_001   2.344  -1.149   1.195
PHE01B4784_001   4.240  -6.672  -2.431
THR01B4785_001   0.200  -2.729  -2.529
ASP01B4786_001   0.035  -0.831  -0.796
ASP01B4786_002   0.035  -0.831  -0.796
ASP02B4786_003   0.095  -0.796  -0.701
ASP02B4786_004   0.095  -0.796  -0.701
ASP-1B4786_005   0.034  -0.758  -0.724
ASN01B4787_001   0.464  -3.661  -3.197
ASN01B4787_002   0.219  -3.707  -3.487
SER01B4788_001   0.000  -2.762  -2.762
SER01B4788_002   0.000  -2.762  -2.762
PHE01B4789_001   5.650  -1.803   3.847
LEU01B4790_001   1.852  -5.148  -3.296
TYR01B4791_001   5.134  -3.592   1.542
TYR01B4791_002   5.134  -3.592   1.542
TYR-1B4791_003   5.134  -3.592   1.542
LEU01B4792_001   1.367  -0.618   0.749
TRP01B4794_001   3.703  -7.837  -4.134
TYR01B4795_001   5.139  -0.246   4.893
TYR-1B4795_002   5.139  -0.246   4.893
MET01B4796_001   3.249  -1.275   1.975
VAL01B4797_001   0.603  -4.069  -3.467
MET01B4798_001   0.015  -0.683  -0.668
SER01B4799_001   0.000   0.000   0.000
SER01B4799_002   0.000   0.000   0.000
SER01B4799_003   0.000   0.000   0.000
LEU01B4800_001   2.226  -6.503  -4.277
LEU01B4801_001   1.638  -3.277  -1.639
HIS01B4803_001  -0.174  -3.078  -3.252
HIS01B4803_002  -0.129  -3.094  -3.222
HIS02B4803_003  -0.192  -3.078  -3.270
HIS02B4803_004  -0.142  -3.094  -3.235
HIS+1B4803_005  -0.219  -3.078  -3.297
HIS+1B4803_006  -0.169  -3.094  -3.262
TYR01B4804_001   4.193  -9.847  -5.654
TYR-1B4804_002   4.193  -9.847  -5.654
ASN01B4805_001   0.168  -1.743  -1.575
ASN01B4805_002   0.003  -1.695  -1.692
ASN01B4806_001   0.512  -1.880  -1.368
ASN01B4806_002   0.263  -1.851  -1.588
PHE01B4807_001   4.634 -11.504  -6.870
PHE01B4808_001   5.101  -3.504   1.598
PHE01B4809_001   4.256  -0.169   4.087
ALA01B4810_001   0.000  -1.510  -1.510
ALA01B4811_001   0.000  -0.979  -0.979
HIS01B4812_001  -0.072   0.000  -0.072
HIS02B4812_002  -0.092   0.000  -0.092
HIS+1B4812_003  -0.119   0.000  -0.119
LEU01B4813_001   3.967  -3.329   0.638
LEU01B4814_001   1.355  -7.463  -6.108
ASP01B4815_001   0.508  -0.072   0.436
ASP01B4815_002   0.508  -0.072   0.436
ASP02B4815_003   0.482  -0.105   0.376
ASP02B4815_004   0.482  -0.105   0.376
ASP-1B4815_005   0.405  -0.069   0.336
ILE01B4816_001   1.520  -1.130   0.390
ALA01B4817_001   0.000  -2.299  -2.299
MET01B4818_001   0.108  -4.167  -4.060
VAL01B4820_001   0.691  -3.194  -2.502
LYS01B4821_001   2.316  -8.333  -6.016
LYS+1B4821_002   2.254  -8.333  -6.079
THR01B4822_001   0.293  -4.451  -4.158
THR01B4822_002   0.293  -4.451  -4.158
LEU01B4823_001   1.501  -4.858  -3.357
ARG01B4824_001  18.239  -5.860  12.378
ARG02B4824_002  18.189  -5.860  12.329
ARG03B4824_003  18.191  -5.860  12.331
ARG+1B4824_004  18.143  -5.860  12.282
THR01B4825_001   0.358  -4.198  -3.840
THR01B4825_002   0.358  -4.198  -3.840
ILE01B4826_001   3.554  -5.972  -2.418
LEU01B4827_001   3.382  -3.673  -0.291
SER01B4828_001   0.000  -1.271  -1.271
SER01B4828_002   0.000  -1.271  -1.271
SER01B4829_001   0.000  -0.788  -0.788
SER01B4829_002   0.000  -0.788  -0.788
VAL01B4830_001   0.501  -6.297  -5.796
THR01B4831_001   0.260  -5.450  -5.190
THR01B4831_002   0.260  -5.450  -5.190
HIS01B4832_001  -0.130  -2.668  -2.798
HIS01B4832_002  -0.082  -2.796  -2.878
HIS02B4832_003  -0.149  -2.668  -2.817
HIS02B4832_004  -0.095  -2.796  -2.892
HIS+1B4832_005  -0.176  -2.668  -2.844
HIS+1B4832_006  -0.122  -2.796  -2.918
ASN01B4833_001   0.289  -1.107  -0.818
ASN01B4833_002   0.079  -1.127  -1.048
LYS01B4835_001   0.808 -10.053  -9.245
LYS+1B4835_002   0.761 -10.053  -9.293
GLN01B4836_001   0.852  -3.008  -2.155
GLN01B4836_002   0.670  -3.045  -2.376
LEU01B4837_001   2.816  -1.082   1.734
VAL01B4838_001   0.824  -4.787  -3.963
MET01B4839_001  -0.041  -7.824  -7.866
THR01B4840_001   0.248  -0.670  -0.421
THR01B4840_002   0.248  -0.670  -0.421
VAL01B4841_001   0.936  -4.549  -3.613
LEU01B4843_001   3.484  -5.595  -2.112
LEU01B4844_001   4.309  -2.331   1.978
ALA01B4845_001   0.000  -2.263  -2.263
VAL01B4846_001   0.784  -4.977  -4.193
VAL01B4847_001   0.771  -0.876  -0.105
VAL01B4848_001   1.209   0.000   1.209
TYR01B4849_001   4.985  -7.623  -2.639
TYR01B4849_002   4.985  -7.623  -2.639
TYR-1B4849_003   4.985  -7.623  -2.639
LEU01B4850_001   1.808  -6.175  -4.367
TYR01B4851_001   4.705  -3.672   1.033
TYR01B4851_002   4.705  -3.672   1.033
TYR-1B4851_003   4.705  -3.672   1.033
THR01B4852_001   0.394   0.000   0.394
THR01B4852_002   0.394   0.000   0.394
THR01B4852_003   0.394   0.000   0.394
VAL01B4853_001   0.771  -3.004  -2.233
VAL01B4854_001   0.602  -2.093  -1.490
ALA01B4855_001   0.000  -0.512  -0.512
PHE01B4856_001   4.718  -2.274   2.444
ASN01B4857_001   0.508  -1.826  -1.318
ASN01B4857_002   0.265  -1.890  -1.625
PHE01B4858_001   4.352  -9.445  -5.092
PHE01B4859_001   4.555  -0.606   3.949
ARG01B4860_001   3.428  -7.322  -3.894
ARG02B4860_002   3.396  -7.322  -3.926
ARG03B4860_003   3.465  -7.322  -3.857
ARG+1B4860_004   3.351  -7.322  -3.970
LYS01B4861_001   2.938  -6.587  -3.648
LYS+1B4861_002   2.885  -6.587  -3.701
PHE01B4862_001   5.731  -1.162   4.569
TYR01B4863_001   4.677  -0.068   4.610
TYR01B4863_002   4.677  -0.068   4.610
TYR-1B4863_003   4.677  -0.068   4.610
ASN01B4864_001   0.190  -1.102  -0.912
ASN01B4864_002   0.406  -0.955  -0.549
LYS01B4865_001   4.168  -2.044   2.125
LYS+1B4865_002   4.122  -2.044   2.078
SER01B4866_001   0.000  -3.467  -3.467
GLU01B4867_001   2.622  -2.173   0.450
GLU01B4867_002   2.622  -2.173   0.450
GLU02B4867_003   2.171  -2.285  -0.114
GLU02B4867_004   2.171  -2.285  -0.114
GLU-1B4867_005   2.073  -2.195  -0.121
ASP01B4868_001   0.418  -3.529  -3.111
ASP01B4868_002   0.418  -3.529  -3.111
ASP02B4868_003   0.476  -3.618  -3.143
ASP02B4868_004   0.476  -3.618  -3.143
ASP-1B4868_005   0.364  -3.579  -3.215
GLU01B4869_001   1.872  -3.921  -2.049
GLU01B4869_002   1.872  -3.921  -2.049
GLU02B4869_003   1.563  -4.017  -2.454
GLU02B4869_004   1.563  -4.017  -2.454
GLU-1B4869_005   1.460  -3.811  -2.350
ASP01B4870_001   0.240  -3.039  -2.800
ASP01B4870_002   0.240  -3.039  -2.800
ASP02B4870_003   0.338  -3.113  -2.775
ASP02B4870_004   0.338  -3.113  -2.775
ASP-1B4870_005   0.227  -2.998  -2.771
GLU01B4871_001   3.591  -1.540   2.051
GLU01B4871_002   3.591  -1.540   2.051
GLU02B4871_003   2.873  -1.494   1.380
GLU02B4871_004   2.873  -1.494   1.380
GLU-1B4871_005   2.801  -1.460   1.341
CTR01B4871_001  -0.021  -0.888  -0.909
CTR01B4871_002   0.091  -0.946  -0.855
CTR02B4871_003  -0.022  -0.888  -0.910
CTR02B4871_004   0.035  -0.888  -0.853
CTR-1B4871_005   0.000  -0.888  -0.888
NTR01B4872_001  -0.002  -0.750  -0.752
NTR+1B4872_002  -0.004  -0.750  -0.754
PRO01B4872_001   0.290  -5.235  -4.945
ASP01B4873_001   0.091  -1.527  -1.437
ASP01B4873_002   0.091  -1.527  -1.437
ASP02B4873_003   0.168  -1.676  -1.509
ASP02B4873_004   0.168  -1.676  -1.509
ASP-1B4873_005   0.087  -1.559  -1.472
MET01B4874_001   1.889  -1.667   0.222
LYS01B4875_001   2.330  -1.442   0.888
LYS+1B4875_002   2.264  -1.442   0.822
CYS01B4876_001  -0.002   0.000  -0.002
CYS01B4876_002  -0.002   0.000  -0.002
CYS01B4876_003  -0.003   0.000  -0.003
CYS-1B4876_004   0.000   0.000   0.000
ASP01B4877_001   0.092  -1.792  -1.700
ASP01B4877_002   0.092  -1.792  -1.700
ASP02B4877_003   0.163  -1.868  -1.705
ASP02B4877_004   0.163  -1.868  -1.705
ASP-1B4877_005   0.086  -1.791  -1.706
ASP01B4878_001  -0.040  -2.190  -2.231
ASP01B4878_002  -0.040  -2.190  -2.231
ASP02B4878_003  -0.009  -2.182  -2.191
ASP02B4878_004  -0.009  -2.182  -2.191
ASP-1B4878_005  -0.041  -2.118  -2.159
MET01B4879_001   0.169  -3.978  -3.809
MET01B4880_001   1.225  -9.745  -8.520
THR01B4881_001   0.243  -2.147  -1.904
THR01B4881_002   0.243  -2.147  -1.904
THR01B4881_003   0.243  -2.147  -1.904
CYS01B4882_001  -0.002   0.000  -0.002
CYS01B4882_002  -0.002   0.000  -0.002
CYS01B4882_003  -0.002   0.000  -0.002
CYS-1B4882_004   0.000   0.000   0.000
TYR01B4883_001   5.179  -2.333   2.845
TYR-1B4883_002   5.179  -2.333   2.845
LEU01B4884_001   2.429  -6.931  -4.502
PHE01B4885_001   5.287  -0.657   4.630
HIS01B4886_001  -0.114  -0.179  -0.293
HIS01B4886_002  -0.064  -0.177  -0.241
HIS02B4886_003  -0.133  -0.179  -0.312
HIS02B4886_004  -0.077  -0.177  -0.254
HIS+1B4886_005  -0.160  -0.179  -0.339
HIS+1B4886_006  -0.103  -0.177  -0.280
MET01B4887_001   8.146  -3.111   5.035
TYR01B4888_001   5.361  -8.442  -3.081
TYR-1B4888_002   5.361  -8.442  -3.081
VAL01B4889_001   0.944  -0.567   0.377
VAL01B4891_001   0.870  -0.773   0.098
ARG01B4892_001   6.174  -8.030  -1.855
ARG02B4892_002   6.107  -8.030  -1.922
ARG03B4892_003   6.115  -8.030  -1.915
ARG+1B4892_004   6.067  -8.030  -1.963
ALA01B4893_001   0.000  -0.052  -0.052
ILE01B4897_001   1.893  -0.444   1.448
ASP01B4899_001   0.201  -1.976  -1.775
ASP01B4899_002   0.201  -1.976  -1.775
ASP02B4899_003   0.300  -2.095  -1.795
ASP02B4899_004   0.300  -2.095  -1.795
ASP-1B4899_005   0.192  -1.951  -1.759
GLU01B4900_001   2.303  -1.131   1.172
GLU01B4900_002   2.303  -1.131   1.172
GLU02B4900_003   1.835  -1.232   0.604
GLU02B4900_004   1.835  -1.232   0.604
GLU-1B4900_005   1.777  -1.131   0.646
ILE01B4901_001   5.003  -0.618   4.385
GLU01B4902_001   2.392  -2.036   0.356
GLU01B4902_002   2.392  -2.036   0.356
GLU02B4902_003   1.913  -2.067  -0.155
GLU02B4902_004   1.913  -2.067  -0.155
GLU-1B4902_005   1.837  -2.007  -0.170
ASP01B4903_001   0.080  -3.204  -3.124
ASP01B4903_002   0.080  -3.204  -3.124
ASP02B4903_003   0.154  -3.126  -2.972
ASP02B4903_004   0.154  -3.126  -2.972
ASP-1B4903_005   0.077  -3.044  -2.967
PRO01B4904_001   0.312  -1.178  -0.866
ALA01B4905_001   0.000  -3.020  -3.020
ASP01B4907_001  -0.040  -2.934  -2.974
ASP01B4907_002  -0.040  -2.934  -2.974
ASP02B4907_003  -0.009  -3.007  -3.016
ASP02B4907_004  -0.009  -3.007  -3.016
ASP-1B4907_005  -0.041  -2.880  -2.921
GLU01B4908_001   0.497  -2.962  -2.464
GLU01B4908_002   0.497  -2.962  -2.464
GLU02B4908_003   0.663  -3.055  -2.391
GLU02B4908_004   0.663  -3.055  -2.391
GLU-1B4908_005   0.466  -2.941  -2.475
TYR01B4909_001   4.208  -8.598  -4.389
TYR01B4909_002   4.208  -8.598  -4.389
TYR-1B4909_003   4.208  -8.598  -4.389
GLU01B4910_001   0.501  -1.839  -1.338
GLU01B4910_002   0.501  -1.839  -1.338
GLU02B4910_003   0.668  -1.902  -1.234
GLU02B4910_004   0.668  -1.902  -1.234
GLU-1B4910_005   0.470  -1.770  -1.300
LEU01B4911_001   3.649  -8.032  -4.383
TYR01B4912_001   4.511  -8.233  -3.721
TYR-1B4912_002   4.511  -8.233  -3.721
ARG01B4913_001   2.110  -0.244   1.866
ARG02B4913_002   2.089  -0.244   1.845
ARG03B4913_003   2.168  -0.244   1.924
ARG+1B4913_004   2.046  -0.244   1.801
VAL01B4914_001   0.722  -2.885  -2.163
VAL01B4915_001   0.616  -4.498  -3.881
PHE01B4916_001   4.895  -1.979   2.916
ASP01B4917_001   0.334  -0.479  -0.145
ASP01B4917_002   0.334  -0.479  -0.145
ASP02B4917_003   0.388  -0.481  -0.093
ASP02B4917_004   0.388  -0.481  -0.093
ASP-1B4917_005   0.289  -0.499  -0.210
ILE01B4918_001   2.749  -4.717  -1.968
THR01B4919_001   0.231  -4.208  -3.977
THR01B4919_002   0.231  -4.208  -3.977
PHE01B4920_001   4.910  -0.135   4.775
PHE01B4921_001   5.355  -1.414   3.940
PHE01B4922_001   4.981  -6.350  -1.369
PHE01B4923_001   4.838  -8.770  -3.932
VAL01B4924_001   1.236   0.000   1.236
ILE01B4925_001   3.779  -0.258   3.521
VAL01B4926_001   0.703  -4.720  -4.016
ILE01B4927_001   2.180  -4.958  -2.778
LEU01B4928_001   1.791  -0.618   1.173
LEU01B4929_001   2.400  -5.267  -2.867
ALA01B4930_001   0.000  -2.984  -2.984
ILE01B4931_001   2.957  -4.153  -1.196
ILE01B4932_001   4.106  -3.020   1.087
GLN01B4933_001   6.606  -2.536   4.069
LEU01B4935_001   5.705  -1.990   3.716
ILE01B4936_001   5.511  -2.266   3.245
ILE01B4937_001   3.727  -6.809  -3.082
ASP01B4938_001   0.060  -2.880  -2.821
ASP01B4938_002   0.060  -2.880  -2.821
ASP02B4938_003   0.126  -2.865  -2.739
ASP02B4938_004   0.126  -2.865  -2.739
ASP-1B4938_005   0.056  -2.838  -2.782
ALA01B4939_001   0.000   0.000   0.000
PHE01B4940_001   4.926  -2.060   2.866
GLU01B4942_001   3.935  -1.625   2.310
GLU01B4942_002   3.935  -1.625   2.310
GLU02B4942_003   3.161  -1.769   1.391
GLU02B4942_004   3.161  -1.769   1.391
GLU-1B4942_005   3.084  -1.691   1.392
LEU01B4943_001   1.530  -2.524  -0.994
ARG01B4944_001   2.664  -9.405  -6.741
ARG02B4944_002   2.600  -9.405  -6.805
ARG02B4944_003   2.661  -9.405  -6.745
ARG03B4944_004   2.600  -9.405  -6.806
ARG+1B4944_005   2.555  -9.405  -6.850
ASP01B4945_001   0.058  -2.232  -2.174
ASP01B4945_002   0.058  -2.232  -2.174
ASP02B4945_003   0.126  -2.368  -2.242
ASP02B4945_004   0.126  -2.368  -2.242
ASP-1B4945_005   0.056  -2.240  -2.184
GLN01B4946_001   1.143  -1.329  -0.186
GLN01B4946_002   0.925  -1.152  -0.227
GLN01B4947_001   1.501  -2.055  -0.554
GLN01B4947_002   2.079  -2.001   0.078
GLU01B4948_001   4.043  -2.282   1.761
GLU01B4948_002   4.043  -2.282   1.761
GLU02B4948_003   3.244  -2.296   0.948
GLU02B4948_004   3.244  -2.296   0.948
GLU-1B4948_005   3.168  -2.252   0.916
GLN01B4949_001   1.342  -2.320  -0.979
GLN01B4949_002   1.682  -2.184  -0.502
VAL01B4950_001   0.641  -0.773  -0.131
LYS01B4951_001   4.148  -8.054  -3.907
LYS+1B4951_002   4.161  -8.054  -3.893
GLU01B4952_001   3.801  -2.454   1.346
GLU01B4952_002   3.801  -2.454   1.346
GLU02B4952_003   3.060  -2.582   0.479
GLU02B4952_004   3.060  -2.582   0.479
GLU-1B4952_005   2.986  -2.531   0.455
ASP01B4953_001   0.519  -0.724  -0.206
ASP01B4953_002   0.519  -0.724  -0.206
ASP02B4953_003   0.557  -0.655  -0.098
ASP02B4953_004   0.557  -0.655  -0.098
ASP-1B4953_005   0.443  -0.655  -0.212
MET01B4954_001   0.107  -3.113  -3.006
GLU01B4955_001   0.499  -3.377  -2.878
GLU01B4955_002   0.499  -3.377  -2.878
GLU02B4955_003   0.665  -3.320  -2.655
GLU02B4955_004   0.665  -3.320  -2.655
GLU-1B4955_005   0.467  -3.316  -2.849
THR01B4956_001   0.369  -2.214  -1.844
THR01B4956_002   0.369  -2.214  -1.844
THR01B4956_003   0.369  -2.214  -1.844
LYS01B4957_001   1.766  -2.749  -0.983
LYS+1B4957_002   1.719  -2.749  -1.030
CYS01B4958_001  -0.002   0.000  -0.002
CYS01B4958_002  -0.002   0.000  -0.002
CYS01B4958_003  -0.002   0.000  -0.002
CYS-1B4958_004   0.000   0.000   0.000
PHE01B4959_001   5.748  -0.222   5.526
ILE01B4960_001   2.887   0.000   2.887
CYS01B4961_001  -0.002   0.000  -0.002
CYS01B4961_002  -0.002   0.000  -0.002
CYS01B4961_003  -0.003   0.000  -0.003
CYS-1B4961_004   0.000   0.000   0.000
ILE01B4963_001   3.142  -1.648   1.494
SER01B4965_001   0.000  -0.722  -0.722
SER01B4965_002   0.000  -0.722  -0.722
ASP01B4966_001   0.140  -3.516  -3.377
ASP01B4966_002   0.140  -3.516  -3.377
ASP02B4966_003   0.230  -3.620  -3.390
ASP02B4966_004   0.230  -3.620  -3.390
ASP-1B4966_005   0.135  -3.493  -3.358
TYR01B4967_001   5.283  -4.014   1.269
TYR01B4967_002   5.283  -4.014   1.269
TYR-1B4967_003   5.283  -4.014   1.269
PHE01B4968_001   7.017   0.000   7.017
ASP01B4969_001   0.276  -0.944  -0.667
ASP01B4969_002   0.276  -0.944  -0.667
ASP02B4969_003   0.384  -0.939  -0.556
ASP02B4969_004   0.384  -0.939  -0.556
ASP-1B4969_005   0.262  -0.869  -0.608
THR01B4970_001   0.277  -5.016  -4.740
THR01B4971_001   0.212  -3.540  -3.328
THR01B4971_002   0.212  -3.540  -3.328
THR01B4971_003   0.212  -3.540  -3.328
PRO01B4972_001   0.329  -5.949  -5.620
HIS01B4973_001  -0.108  -6.993  -7.101
HIS01B4973_002  -0.049  -7.221  -7.270
HIS02B4973_003  -0.128  -6.993  -7.121
HIS02B4973_004  -0.062  -7.221  -7.283
HIS+1B4973_005  -0.155  -6.993  -7.148
HIS+1B4973_006  -0.088  -7.221  -7.309
PHE01B4975_001   5.705  -1.111   4.594
GLU01B4976_001   0.945  -1.774  -0.829
GLU01B4976_002   0.945  -1.774  -0.829
GLU02B4976_003   0.767  -1.779  -1.012
GLU02B4976_004   0.767  -1.779  -1.012
GLU-1B4976_005   0.702  -1.774  -1.072
THR01B4977_001   0.260  -3.551  -3.290
THR01B4977_002   0.260  -3.551  -3.290
THR01B4977_003   0.260  -3.551  -3.290
HIS01B4978_001  -0.181   0.000  -0.181
HIS02B4978_002  -0.199   0.000  -0.199
HIS+1B4978_003  -0.226   0.000  -0.226
THR01B4979_001   0.229  -1.593  -1.363
THR01B4979_002   0.229  -1.593  -1.363
THR01B4979_003   0.229  -1.593  -1.363
LEU01B4980_001   2.412  -7.121  -4.710
GLU01B4981_001   2.730  -1.143   1.587
GLU01B4981_002   2.730  -1.143   1.587
GLU02B4981_003   2.246  -1.141   1.105
GLU02B4981_004   2.246  -1.141   1.105
GLU-1B4981_005   2.144  -1.141   1.003
GLU01B4982_001   3.450  -0.413   3.037
GLU01B4982_002   3.450  -0.413   3.037
GLU02B4982_003   2.746  -0.435   2.312
GLU02B4982_004   2.746  -0.435   2.312
GLU-1B4982_005   2.683  -0.413   2.270
HIS01B4983_001  -0.238   0.000  -0.238
HIS02B4983_002  -0.259   0.000  -0.259
HIS+1B4983_003  -0.286   0.000  -0.286
ASN01B4984_001  -0.005  -1.334  -1.339
ASN01B4984_002   0.159  -1.344  -1.185
LEU01B4985_001   4.554  -2.283   2.272
ALA01B4986_001   0.000  -0.515  -0.515
ASN01B4987_001   0.286  -0.300  -0.014
ASN01B4987_002   0.093  -0.418  -0.325
TYR01B4988_001   5.713  -0.711   5.002
TYR-1B4988_002   5.713  -0.711   5.002
MET01B4989_001  -0.018  -0.048  -0.066
PHE01B4990_001   4.947  -0.404   4.543
PHE01B4991_001   4.855  -0.721   4.134
LEU01B4992_001   3.668  -1.133   2.535
MET01B4993_001   0.150  -0.418  -0.268
TYR01B4994_001   5.385  -1.680   3.705
TYR01B4994_002   5.385  -1.680   3.705
TYR-1B4994_003   5.385  -1.680   3.705
LEU01B4995_001   2.734  -0.309   2.425
ILE01B4996_001   3.867  -2.984   0.883
ASN01B4997_001   0.587  -1.969  -1.382
ASN01B4997_002   0.294  -2.149  -1.855
LYS01B4998_001   0.702  -1.727  -1.025
LYS+1B4998_002   0.661  -1.727  -1.066
ASP01B4999_001   0.148  -2.489  -2.341
ASP01B4999_002   0.148  -2.489  -2.341
ASP02B4999_003   0.224  -2.712  -2.488
ASP02B4999_004   0.224  -2.712  -2.488
ASP-1B4999_005   0.137  -2.550  -2.413
GLU01B5000_001   3.295  -2.745   0.550
GLU01B5000_002   3.295  -2.745   0.550
GLU02B5000_003   2.614  -2.746  -0.132
GLU02B5000_004   2.614  -2.746  -0.132
GLU-1B5000_005   2.557  -2.683  -0.126
THR01B5001_001   0.271  -2.886  -2.614
GLU01B5002_001   1.466  -1.890  -0.425
GLU01B5002_002   1.466  -1.890  -0.425
GLU02B5002_003   1.259  -1.969  -0.710
GLU02B5002_004   1.259  -1.969  -0.710
GLU-1B5002_005   1.144  -1.865  -0.721
HIS01B5003_001  -0.183  -0.280  -0.463
HIS01B5003_002  -0.135  -0.244  -0.379
HIS02B5003_003  -0.200  -0.280  -0.481
HIS02B5003_004  -0.149  -0.244  -0.393
HIS+1B5003_005  -0.227  -0.280  -0.507
HIS+1B5003_006  -0.175  -0.244  -0.420
THR01B5004_001   0.240  -1.796  -1.556
THR01B5004_002   0.240  -1.796  -1.556
THR01B5004_003   0.240  -1.796  -1.556
GLN01B5006_001   3.722  -0.490   3.232
GLN01B5006_002   6.250  -0.595   5.655
GLU01B5007_001   2.506  -0.571   1.935
GLU01B5007_002   2.506  -0.571   1.935
GLU02B5007_003   2.009  -0.518   1.491
GLU02B5007_004   2.009  -0.518   1.491
GLU-1B5007_005   1.935  -0.530   1.405
SER01B5008_001   0.000  -1.873  -1.873
TYR01B5009_001   5.924  -2.860   3.063
TYR-1B5009_002   5.924  -2.860   3.063
VAL01B5010_001   0.536  -1.597  -1.061
TRP01B5011_001   4.035  -2.666   1.369
LYS01B5012_001   2.380  -7.407  -5.027
LYS+1B5012_002   2.296  -7.407  -5.112
MET01B5013_001   0.139  -1.826  -1.687
TYR01B5014_001   4.232  -0.296   3.936
TYR01B5014_002   4.232  -0.296   3.936
TYR-1B5014_003   4.232  -0.296   3.936
GLN01B5015_001   1.023  -1.327  -0.303
GLN01B5015_002   0.906  -1.224  -0.318
GLU01B5016_001   1.185  -2.724  -1.540
GLU01B5016_002   1.185  -2.724  -1.540
GLU02B5016_003   1.058  -2.813  -1.756
GLU02B5016_004   1.058  -2.813  -1.756
GLU-1B5016_005   0.933  -2.786  -1.853
ARG01B5017_001   5.492  -1.240   4.252
ARG02B5017_002   5.411  -1.240   4.171
ARG03B5017_003   5.410  -1.240   4.170
ARG03B5017_004   5.471  -1.240   4.231
ARG+1B5017_005   5.365  -1.240   4.125
CYS01B5018_001  -0.002  -1.835  -1.837
CYS01B5018_002  -0.002  -1.835  -1.837
CYS01B5018_003  -0.002  -1.835  -1.838
CYS-1B5018_004   0.000  -1.835  -1.835
TRP01B5019_001   3.754  -1.623   2.131
ASP01B5020_001   0.643  -2.781  -2.138
ASP01B5020_002   0.643  -2.781  -2.138
ASP02B5020_003   0.707  -2.737  -2.030
ASP02B5020_004   0.707  -2.737  -2.030
ASP-1B5020_005   0.562  -2.722  -2.160
PHE01B5021_001   5.436  -0.202   5.234
PHE01B5022_001   5.806  -0.508   5.297
PRO01B5023_001   0.374   0.000   0.374
ALA01B5024_001   0.000  -3.020  -3.020
ASP01B5026_001   0.231  -0.801  -0.570
ASP01B5026_002   0.231  -0.801  -0.570
ASP02B5026_003   0.349  -0.861  -0.512
ASP02B5026_004   0.349  -0.861  -0.512
ASP-1B5026_005   0.229  -0.801  -0.572
CYS01B5027_001  -0.002   0.000  -0.002
CYS01B5027_002  -0.002   0.000  -0.002
CYS01B5027_003  -0.003   0.000  -0.003
CYS-1B5027_004   0.000   0.000   0.000
PHE01B5028_001   5.777  -1.146   4.631
ARG01B5029_001   3.034  -3.283  -0.249
ARG02B5029_002   2.957  -3.283  -0.326
ARG03B5029_003   2.963  -3.283  -0.320
ARG03B5029_004   3.024  -3.283  -0.259
ARG+1B5029_005   2.918  -3.283  -0.365
LYS01B5030_001   5.986  -4.567   1.418
LYS+1B5030_002   5.934  -4.567   1.367
GLN01B5031_001   0.821  -1.250  -0.430
GLN01B5031_002   0.730  -1.176  -0.446
TYR01B5032_001   4.836  -0.610   4.226
TYR-1B5032_002   4.836  -0.610   4.226
GLU01B5033_001   5.121  -1.596   3.525
GLU01B5033_002   5.121  -1.596   3.525
GLU02B5033_003   4.090  -1.497   2.593
GLU02B5033_004   4.090  -1.497   2.593
GLU-1B5033_005   4.026  -1.542   2.484
ASP01B5034_001  -0.040  -2.967  -3.007
ASP01B5034_002  -0.040  -2.967  -3.007
ASP02B5034_003  -0.009  -3.072  -3.081
ASP02B5034_004  -0.009  -3.072  -3.081
ASP-1B5034_005  -0.041  -2.975  -3.016
GLN01B5035_001   0.691  -1.791  -1.100
LEU01B5036_001   1.684  -2.608  -0.923
SER01B5037_001   0.000  -3.630  -3.630
SER01B5037_002   0.000  -3.630  -3.630
CTR01B5037_001  -0.021  -2.500  -2.521
CTR01B5037_002   0.113  -2.674  -2.561
CTR02B5037_003  -0.022  -2.500  -2.522
CTR02B5037_004   0.044  -2.790  -2.746
CTR-1B5037_005   0.000  -2.500  -2.500
_ZN+2B5101_001   0.000   0.000   0.000
_CA+2B5102_001   0.000  -0.406  -0.406
