  pH           0     1     2     3     4     5     6     7     8     9    10    11    12    13    14
NTR+B3639_  1.00  1.00  1.00  1.00  1.00  1.00  0.99  0.90  0.50  0.10  0.01  0.00  0.00  0.00  0.00
TYR-B3642_ -0.00 -0.00 -0.00 -0.00 -0.00 -0.00 -0.00 -0.00 -0.03 -0.20 -0.70 -0.95 -0.99 -1.00 -1.00
HIS+B3647_  1.00  1.00  1.00  1.00  0.97  0.81  0.31  0.04  0.01  0.00  0.00  0.00  0.00  0.00  0.00
ARG+B3648_  1.00  1.00  1.00  1.00  1.00  1.00  1.00  1.00  1.00  1.00  1.00  0.99  0.95  0.65  0.16
CYS-B3650_ -0.00 -0.00 -0.00 -0.00 -0.00 -0.00 -0.00 -0.02 -0.18 -0.68 -0.95 -0.99 -1.00 -1.00 -1.00
GLU-B3655_ -0.00 -0.00 -0.01 -0.07 -0.36 -0.82 -0.97 -0.99 -1.00 -1.00 -1.00 -1.00 -1.00 -1.00 -1.00
TYR-B3657_ -0.00 -0.00 -0.00 -0.00 -0.00 -0.00 -0.00 -0.00 -0.00 -0.01 -0.05 -0.34 -0.81 -0.98 -1.00
LYS+B3658_  1.00  1.00  1.00  1.00  1.00  1.00  1.00  1.00  1.00  0.99  0.94  0.62  0.16  0.02  0.00
GLU-B3665_ -0.05 -0.25 -0.58 -0.82 -0.95 -0.98 -0.99 -1.00 -1.00 -1.00 -1.00 -1.00 -1.00 -1.00 -1.00
ASP-B3666_ -0.01 -0.04 -0.18 -0.54 -0.81 -0.92 -0.98 -1.00 -1.00 -1.00 -1.00 -1.00 -1.00 -1.00 -1.00
HIS+B3667_  1.00  1.00  1.00  1.00  1.00  0.99  0.98  0.96  0.84  0.51  0.15  0.03  0.01  0.00  0.00
GLU-B3670_ -0.01 -0.07 -0.14 -0.18 -0.20 -0.33 -0.61 -0.89 -0.97 -0.99 -1.00 -1.00 -1.00 -1.00 -1.00
ASP-B3671_ -0.04 -0.21 -0.57 -0.81 -0.91 -0.95 -0.98 -0.99 -0.99 -0.99 -0.96 -0.96 -0.97 -0.99 -1.00
ARG+B3672_  1.00  1.00  1.00  1.00  1.00  1.00  1.00  1.00  1.00  1.00  1.00  1.00  0.99  0.97  0.82
ASP-B3675_ -0.00 -0.00 -0.00 -0.01 -0.01 -0.01 -0.01 -0.00 -0.02 -0.02 -0.07 -0.18 -0.49 -0.82 -0.96
ASP-B3676_ -0.00 -0.00 -0.00 -0.03 -0.12 -0.43 -0.83 -0.97 -1.00 -1.00 -1.00 -1.00 -1.00 -1.00 -1.00
LYS+B3679_  1.00  1.00  1.00  1.00  1.00  1.00  1.00  1.00  1.00  1.00  0.98  0.89  0.55  0.17  0.03
GLU-B3682_ -0.00 -0.01 -0.03 -0.12 -0.36 -0.69 -0.92 -0.98 -1.00 -1.00 -1.00 -1.00 -1.00 -1.00 -1.00
GLU-B3684_ -0.00 -0.00 -0.00 -0.03 -0.17 -0.47 -0.78 -0.95 -0.99 -1.00 -1.00 -1.00 -1.00 -1.00 -1.00
GLU-B3685_ -0.00 -0.00 -0.01 -0.06 -0.30 -0.71 -0.95 -0.99 -1.00 -1.00 -1.00 -1.00 -1.00 -1.00 -1.00
GLU-B3686_ -0.00 -0.00 -0.02 -0.14 -0.51 -0.84 -0.97 -1.00 -1.00 -1.00 -1.00 -1.00 -1.00 -1.00 -1.00
GLU-B3687_ -0.00 -0.00 -0.00 -0.02 -0.11 -0.27 -0.55 -0.88 -0.98 -1.00 -1.00 -1.00 -1.00 -1.00 -1.00
GLU-B3688_ -0.00 -0.00 -0.00 -0.02 -0.14 -0.51 -0.88 -0.98 -1.00 -1.00 -1.00 -1.00 -1.00 -1.00 -1.00
GLU-B3689_ -0.00 -0.00 -0.00 -0.02 -0.17 -0.55 -0.86 -0.98 -1.00 -1.00 -1.00 -1.00 -1.00 -1.00 -1.00
GLU-B3691_ -0.00 -0.00 -0.00 -0.03 -0.17 -0.56 -0.89 -0.98 -1.00 -1.00 -1.00 -1.00 -1.00 -1.00 -1.00
GLU-B3692_ -0.00 -0.00 -0.01 -0.04 -0.23 -0.65 -0.93 -0.99 -1.00 -1.00 -1.00 -1.00 -1.00 -1.00 -1.00
LYS+B3693_  1.00  1.00  1.00  1.00  1.00  1.00  1.00  1.00  1.00  0.98  0.91  0.60  0.19  0.04  0.01
LYS+B3694_  1.00  1.00  1.00  1.00  1.00  1.00  1.00  1.00  1.00  1.00  0.97  0.82  0.41  0.08  0.01
ASP-B3696_ -0.10 -0.45 -0.81 -0.92 -0.96 -0.98 -1.00 -1.00 -1.00 -1.00 -1.00 -1.00 -1.00 -1.00 -1.00
HIS+B3699_  0.99  0.93  0.77  0.42  0.15  0.04  0.01  0.00  0.00  0.00  0.00  0.00  0.00  0.00  0.00
HIS+B3704_  1.00  1.00  1.00  1.00  0.99  0.96  0.77  0.27  0.04  0.00  0.00  0.00  0.00  0.00  0.00
ARG+B3707_  1.00  1.00  1.00  1.00  1.00  1.00  1.00  1.00  1.00  1.00  1.00  0.99  0.96  0.74  0.24
GLU-B3712_ -0.00 -0.00 -0.03 -0.21 -0.69 -0.94 -0.99 -1.00 -1.00 -1.00 -1.00 -1.00 -1.00 -1.00 -1.00
LYS+B3713_  1.00  1.00  1.00  1.00  1.00  1.00  1.00  1.00  1.00  1.00  0.98  0.85  0.45  0.09  0.01
LYS+B3715_  1.00  1.00  1.00  1.00  1.00  1.00  1.00  1.00  1.00  0.99  0.91  0.55  0.15  0.02  0.00
ASP-B3717_ -0.22 -0.72 -0.93 -0.99 -1.00 -1.00 -1.00 -1.00 -1.00 -1.00 -1.00 -1.00 -1.00 -1.00 -1.00
GLU-B3718_ -0.00 -0.01 -0.03 -0.15 -0.45 -0.85 -0.97 -1.00 -1.00 -1.00 -1.00 -1.00 -1.00 -1.00 -1.00
ASP-B3719_ -0.01 -0.04 -0.23 -0.66 -0.92 -0.99 -1.00 -1.00 -1.00 -1.00 -1.00 -1.00 -1.00 -1.00 -1.00
TYR-B3720_ -0.00 -0.00 -0.00 -0.00 -0.00 -0.00 -0.00 -0.00 -0.00 -0.04 -0.27 -0.74 -0.95 -0.99 -1.00
TYR-B3722_ -0.00 -0.00 -0.00 -0.00 -0.00 -0.00 -0.00 -0.00 -0.00 -0.00 -0.00 -0.00 -0.00 -0.00 -0.00
TYR-B3725_ -0.00 -0.00 -0.00 -0.00 -0.00 -0.00 -0.00 -0.00 -0.00 -0.00 -0.02 -0.12 -0.47 -0.87 -0.98
ASP-B3727_ -0.03 -0.17 -0.47 -0.75 -0.89 -0.95 -0.98 -1.00 -1.00 -1.00 -1.00 -1.00 -1.00 -1.00 -1.00
LYS+B3731_  1.00  1.00  1.00  1.00  1.00  1.00  1.00  1.00  1.00  1.00  1.00  1.00  0.99  0.93  0.68
CYS-B3733_ -0.00 -0.00 -0.00 -0.00 -0.00 -0.00 -0.00 -0.00 -0.00 -0.00 -0.00 -0.00 -0.00 -0.00 -0.00
HIS+B3734_  0.99  0.95  0.91  0.88  0.83  0.66  0.42  0.16  0.04  0.02  0.01  0.00  0.00  0.00  0.00
GLU-B3736_ -0.00 -0.00 -0.00 -0.01 -0.02 -0.03 -0.07 -0.19 -0.43 -0.63 -0.84 -0.95 -0.99 -1.00 -1.00
GLU-B3737_ -0.00 -0.00 -0.00 -0.00 -0.00 -0.00 -0.00 -0.01 -0.02 -0.06 -0.20 -0.49 -0.84 -0.97 -0.99
GLU-B3740_ -0.00 -0.00 -0.01 -0.01 -0.02 -0.05 -0.09 -0.20 -0.41 -0.68 -0.88 -0.97 -0.99 -1.00 -1.00
CTR-B3741_ -0.02 -0.09 -0.32 -0.67 -0.88 -0.97 -0.99 -1.00 -1.00 -1.00 -1.00 -1.00 -1.00 -1.00 -1.00
NTR+B3747_  1.00  1.00  1.00  1.00  1.00  0.99  0.96  0.78  0.34  0.06  0.01  0.00  0.00  0.00  0.00
GLU-B3747_ -0.00 -0.00 -0.01 -0.07 -0.29 -0.73 -0.95 -0.99 -1.00 -1.00 -1.00 -1.00 -1.00 -1.00 -1.00
GLU-B3748_ -0.00 -0.00 -0.00 -0.01 -0.02 -0.06 -0.13 -0.33 -0.70 -0.93 -0.99 -1.00 -1.00 -1.00 -1.00
GLU-B3750_ -0.00 -0.01 -0.02 -0.07 -0.21 -0.49 -0.75 -0.87 -0.95 -0.99 -1.00 -1.00 -1.00 -1.00 -1.00
GLU-B3754_ -0.02 -0.10 -0.32 -0.57 -0.78 -0.93 -0.98 -0.99 -1.00 -1.00 -1.00 -1.00 -1.00 -1.00 -1.00
GLU-B3755_ -0.01 -0.10 -0.36 -0.63 -0.81 -0.93 -0.98 -1.00 -1.00 -1.00 -1.00 -1.00 -1.00 -1.00 -1.00
LYS+B3756_  1.00  1.00  1.00  1.00  1.00  1.00  1.00  1.00  1.00  1.00  1.00  1.00  0.98  0.91  0.70
GLU-B3757_ -0.07 -0.23 -0.38 -0.60 -0.81 -0.93 -0.97 -0.99 -1.00 -1.00 -1.00 -1.00 -1.00 -1.00 -1.00
GLU-B3759_ -0.00 -0.02 -0.04 -0.09 -0.19 -0.38 -0.67 -0.87 -0.94 -0.98 -1.00 -1.00 -1.00 -1.00 -1.00
LYS+B3760_  1.00  1.00  1.00  1.00  1.00  1.00  1.00  1.00  1.00  1.00  1.00  1.00  1.00  0.99  0.98
ARG+B3762_  1.00  1.00  1.00  1.00  1.00  1.00  1.00  1.00  1.00  1.00  1.00  1.00  1.00  1.00  1.00
TYR-B3765_ -0.00 -0.00 -0.00 -0.00 -0.00 -0.00 -0.00 -0.00 -0.00 -0.00 -0.00 -0.00 -0.01 -0.02 -0.06
ARG+B3769_  1.00  1.00  1.00  1.00  1.00  1.00  1.00  1.00  1.00  1.00  1.00  1.00  1.00  1.00  1.00
HIS+B3771_  1.00  1.00  1.00  1.00  1.00  1.00  1.00  0.96  0.81  0.46  0.16  0.04  0.02  0.01  0.00
ARG+B3773_  1.00  1.00  1.00  1.00  1.00  1.00  1.00  1.00  1.00  1.00  1.00  1.00  1.00  0.99  0.92
GLU-B3777_ -0.00 -0.00 -0.02 -0.06 -0.14 -0.40 -0.80 -0.97 -1.00 -1.00 -1.00 -1.00 -1.00 -1.00 -1.00
CYS-B3786_ -0.00 -0.00 -0.00 -0.00 -0.00 -0.00 -0.00 -0.00 -0.00 -0.00 -0.00 -0.00 -0.00 -0.00 -0.00
LYS+B3787_  1.00  1.00  1.00  1.00  1.00  1.00  1.00  1.00  1.00  1.00  0.97  0.77  0.32  0.05  0.01
GLU-B3789_ -0.01 -0.04 -0.25 -0.70 -0.93 -0.99 -1.00 -1.00 -1.00 -1.00 -1.00 -1.00 -1.00 -1.00 -1.00
LYS+B3799_  1.00  1.00  1.00  1.00  1.00  1.00  1.00  1.00  1.00  1.00  1.00  0.99  0.98  0.90  0.61
GLU-B3811_ -0.02 -0.10 -0.38 -0.75 -0.90 -0.98 -1.00 -1.00 -1.00 -1.00 -1.00 -1.00 -1.00 -1.00 -1.00
LYS+B3815_  1.00  1.00  1.00  1.00  1.00  1.00  1.00  0.97  0.85  0.49  0.14  0.02  0.01  0.00  0.00
ASP-B3818_ -0.00 -0.02 -0.10 -0.33 -0.66 -0.89 -0.97 -1.00 -1.00 -1.00 -1.00 -1.00 -1.00 -1.00 -1.00
TYR-B3819_ -0.00 -0.00 -0.00 -0.00 -0.00 -0.00 -0.00 -0.00 -0.00 -0.00 -0.00 -0.00 -0.00 -0.01 -0.11
LYS+B3821_  1.00  1.00  1.00  1.00  1.00  1.00  0.99  0.96  0.76  0.29  0.06  0.01  0.00  0.00  0.00
ASP-B3822_ -0.00 -0.02 -0.16 -0.52 -0.85 -0.97 -0.99 -1.00 -1.00 -1.00 -1.00 -1.00 -1.00 -1.00 -1.00
LYS+B3823_  1.00  1.00  1.00  1.00  1.00  1.00  1.00  1.00  1.00  1.00  1.00  1.00  1.00  1.00  1.00
LYS+B3824_  1.00  1.00  1.00  1.00  1.00  1.00  1.00  1.00  1.00  0.99  0.92  0.56  0.12  0.02  0.00
GLU-B3825_ -1.00 -1.00 -1.00 -1.00 -1.00 -1.00 -1.00 -1.00 -1.00 -1.00 -1.00 -1.00 -1.00 -1.00 -1.00
CYS-B3839_ -0.00 -0.00 -0.00 -0.00 -0.00 -0.00 -0.00 -0.00 -0.00 -0.00 -0.00 -0.00 -0.00 -0.00 -0.00
ASP-B3843_ -0.00 -0.00 -0.00 -0.00 -0.03 -0.13 -0.42 -0.84 -0.97 -0.99 -1.00 -1.00 -1.00 -1.00 -1.00
GLU-B3848_ -0.00 -0.00 -0.01 -0.04 -0.22 -0.63 -0.91 -0.98 -1.00 -1.00 -1.00 -1.00 -1.00 -1.00 -1.00
ARG+B3849_  1.00  1.00  1.00  1.00  1.00  1.00  1.00  1.00  1.00  1.00  1.00  0.98  0.90  0.51  0.11
LYS+B3852_  1.00  1.00  1.00  1.00  1.00  1.00  1.00  1.00  1.00  0.99  0.90  0.49  0.10  0.01  0.00
GLU-B3854_ -0.00 -0.00 -0.01 -0.03 -0.09 -0.30 -0.72 -0.95 -0.99 -1.00 -1.00 -1.00 -1.00 -1.00 -1.00
GLU-B3861_ -0.00 -0.00 -0.01 -0.08 -0.44 -0.86 -0.97 -0.99 -1.00 -1.00 -1.00 -1.00 -1.00 -1.00 -1.00
ASP-B3862_ -0.00 -0.00 -0.00 -0.00 -0.00 -0.06 -0.33 -0.81 -0.97 -1.00 -1.00 -1.00 -1.00 -1.00 -1.00
ARG+B3868_  0.00  0.00  0.00  0.00  0.00  0.00  0.00  0.00  0.00  0.00  0.00  0.00  0.00  0.00  0.00
GLU-B3872_ -0.00 -0.00 -0.03 -0.16 -0.50 -0.84 -0.97 -1.00 -1.00 -1.00 -1.00 -1.00 -1.00 -1.00 -1.00
LYS+B3873_  1.00  1.00  1.00  1.00  0.98  0.88  0.54  0.16  0.02  0.00  0.00  0.00  0.00  0.00  0.00
ASP-B3877_ -0.00 -0.00 -0.00 -0.00 -0.00 -0.01 -0.02 -0.08 -0.28 -0.69 -0.91 -0.98 -1.00 -1.00 -1.00
ASP-B3878_ -0.00 -0.00 -0.00 -0.00 -0.00 -0.00 -0.00 -0.00 -0.00 -0.00 -0.00 -0.00 -0.00 -0.01 -0.03
GLU-B3879_ -0.00 -0.01 -0.08 -0.26 -0.60 -0.87 -0.97 -0.99 -1.00 -1.00 -1.00 -1.00 -1.00 -1.00 -1.00
ASP-B3883_ -0.00 -0.00 -0.00 -0.00 -0.00 -0.00 -0.00 -0.02 -0.06 -0.15 -0.44 -0.76 -0.92 -0.97 -0.98
ARG+B3886_  1.00  1.00  1.00  1.00  1.00  1.00  1.00  1.00  1.00  1.00  1.00  1.00  1.00  1.00  1.00
CYS-B3892_ -0.00 -0.00 -0.00 -0.00 -0.00 -0.00 -0.00 -0.00 -0.00 -0.00 -0.00 -0.00 -0.00 -0.00 -0.00
GLU-B3893_ -0.00 -0.00 -0.00 -0.00 -0.00 -0.00 -0.00 -0.00 -0.01 -0.00 -0.02 -0.05 -0.16 -0.47 -0.75
HIS+B3895_  0.99  0.97  0.93  0.85  0.72  0.52  0.31  0.20  0.14  0.07  0.04  0.02  0.01  0.01  0.00
ASP-B3898_ -0.00 -0.01 -0.05 -0.20 -0.54 -0.86 -0.97 -1.00 -1.00 -1.00 -1.00 -1.00 -1.00 -1.00 -1.00
TYR-B3902_ -0.00 -0.00 -0.00 -0.00 -0.00 -0.00 -0.00 -0.00 -0.00 -0.00 -0.00 -0.00 -0.00 -0.00 -0.02
ARG+B3904_  1.00  1.00  1.00  1.00  1.00  1.00  1.00  1.00  1.00  1.00  1.00  1.00  1.00  1.00  1.00
CTR-B3914_ -0.00 -0.00 -0.01 -0.05 -0.16 -0.34 -0.43 -0.58 -0.84 -0.96 -1.00 -1.00 -1.00 -1.00 -1.00
NTR+B3916_  0.00  0.00  0.00  0.00  0.00  0.00  0.00  0.00  0.00  0.00  0.00  0.00  0.00  0.00  0.00
CTR-B3916_ -0.09 -0.10 -0.12 -0.17 -0.35 -0.62 -0.77 -0.84 -0.93 -0.98 -1.00 -1.00 -1.00 -1.00 -1.00
NTR+B3918_  0.12  0.11  0.10  0.12  0.14  0.18  0.19  0.13  0.04  0.01  0.00  0.00  0.00  0.00  0.00
CYS-B3918_ -0.00 -0.00 -0.00 -0.00 -0.00 -0.00 -0.00 -0.00 -0.00 -0.00 -0.00 -0.00 -0.00 -0.01 -0.07
ASP-B3921_ -0.00 -0.02 -0.16 -0.54 -0.85 -0.96 -0.99 -1.00 -1.00 -1.00 -1.00 -1.00 -1.00 -1.00 -1.00
TYR-B3922_ -0.00 -0.00 -0.00 -0.00 -0.00 -0.00 -0.00 -0.00 -0.00 -0.00 -0.00 -0.00 -0.00 -0.00 -0.00
ARG+B3925_  1.00  1.00  1.00  1.00  1.00  1.00  1.00  1.00  1.00  1.00  1.00  1.00  1.00  1.00  0.96
GLU-B3928_ -0.00 -0.01 -0.07 -0.29 -0.59 -0.85 -0.97 -0.99 -1.00 -1.00 -1.00 -1.00 -1.00 -1.00 -1.00
ASP-B3932_ -0.00 -0.00 -0.02 -0.09 -0.30 -0.63 -0.90 -0.98 -1.00 -1.00 -1.00 -1.00 -1.00 -1.00 -1.00
TYR-B3934_ -0.00 -0.00 -0.00 -0.00 -0.00 -0.00 -0.00 -0.00 -0.00 -0.01 -0.03 -0.18 -0.59 -0.89 -0.93
TYR-B3936_ -0.00 -0.00 -0.00 -0.00 -0.00 -0.00 -0.00 -0.00 -0.00 -0.00 -0.00 -0.00 -0.01 -0.08 -0.40
TYR-B3937_ -0.00 -0.00 -0.00 -0.00 -0.00 -0.00 -0.00 -0.00 -0.00 -0.00 -0.00 -0.00 -0.00 -0.00 -0.00
LYS+B3940_  1.00  1.00  1.00  1.00  1.00  1.00  1.00  1.00  0.96  0.76  0.30  0.06  0.01  0.00  0.00
ASP-B3941_ -0.00 -0.03 -0.14 -0.51 -0.88 -0.98 -1.00 -1.00 -1.00 -1.00 -1.00 -1.00 -1.00 -1.00 -1.00
GLU-B3944_ -0.01 -0.09 -0.42 -0.80 -0.95 -0.99 -1.00 -1.00 -1.00 -1.00 -1.00 -1.00 -1.00 -1.00 -1.00
GLU-B3945_ -0.00 -0.01 -0.07 -0.27 -0.69 -0.90 -0.97 -1.00 -1.00 -1.00 -1.00 -1.00 -1.00 -1.00 -1.00
LYS+B3948_  1.00  1.00  1.00  1.00  1.00  1.00  1.00  1.00  0.97  0.85  0.44  0.10  0.02  0.00  0.00
ARG+B3949_  1.00  1.00  1.00  1.00  1.00  1.00  1.00  1.00  1.00  1.00  1.00  1.00  1.00  0.97  0.85
LYS+B3953_  1.00  1.00  1.00  0.99  0.98  0.95  0.88  0.65  0.25  0.06  0.01  0.00  0.00  0.00  0.00
LYS+B3959_  1.00  1.00  1.00  1.00  1.00  1.00  1.00  1.00  1.00  1.00  1.00  0.99  0.96  0.84  0.50
GLU-B3967_ -0.00 -0.00 -0.00 -0.00 -0.00 -0.00 -0.00 -0.00 -0.00 -0.00 -0.00 -0.00 -0.02 -0.04 -0.05
TYR-B3968_ -0.00 -0.00 -0.00 -0.00 -0.00 -0.00 -0.00 -0.00 -0.00 -0.00 -0.00 -0.00 -0.00 -0.00 -0.00
CYS-B3973_ -0.00 -0.00 -0.00 -0.00 -0.00 -0.00 -0.00 -0.04 -0.15 -0.41 -0.75 -0.95 -0.99 -1.00 -1.00
HIS+B3982_  1.00  1.00  1.00  1.00  1.00  1.00  0.97  0.83  0.38  0.08  0.00  0.00  0.00  0.00  0.00
ARG+B3984_  1.00  1.00  1.00  1.00  1.00  1.00  1.00  1.00  1.00  1.00  1.00  1.00  0.99  0.92  0.58
ASP-B3987_ -0.00 -0.04 -0.15 -0.44 -0.71 -0.91 -0.97 -0.99 -1.00 -1.00 -1.00 -1.00 -1.00 -1.00 -1.00
CTR-B3989_ -0.04 -0.19 -0.48 -0.59 -0.65 -0.71 -0.66 -0.61 -0.58 -0.53 -0.54 -0.51 -0.55 -0.75 -0.92
NTG+B3991_  0.99  0.96  0.89  0.86  0.83  0.81  0.71  0.62  0.58  0.53  0.53  0.48  0.40  0.20  0.05
HIS+B3994_  1.00  1.00  0.99  0.98  0.97  0.97  0.94  0.75  0.30  0.04  0.00  0.00  0.00  0.00  0.00
HIS+B3998_  0.99  0.96  0.80  0.45  0.16  0.06  0.03  0.03  0.01  0.00  0.00  0.00  0.00  0.00  0.00
LYS+B4002_  1.00  1.00  1.00  1.00  1.00  1.00  1.00  1.00  1.00  1.00  1.00  0.99  0.96  0.95  0.88
ASP-B4006_ -0.09 -0.45 -0.84 -0.96 -1.00 -1.00 -1.00 -1.00 -1.00 -1.00 -1.00 -1.00 -1.00 -1.00 -1.00
GLU-B4011_ -0.01 -0.06 -0.30 -0.67 -0.91 -0.98 -0.99 -1.00 -1.00 -1.00 -1.00 -1.00 -1.00 -1.00 -1.00
LYS+B4014_  1.00  1.00  1.00  1.00  1.00  1.00  1.00  1.00  1.00  1.00  0.97  0.84  0.42  0.10  0.02
GLU-B4015_ -0.00 -0.01 -0.06 -0.16 -0.37 -0.48 -0.83 -1.00 -1.00 -1.00 -1.00 -1.00 -1.00 -1.00 -1.00
ASP-B4018_ -0.01 -0.04 -0.17 -0.37 -0.58 -0.77 -0.87 -0.95 -0.99 -1.00 -1.00 -1.00 -1.00 -1.00 -1.00
LYS+B4021_  1.00  1.00  1.00  1.00  1.00  1.00  1.00  1.00  1.00  1.00  1.00  1.00  1.00  1.00  0.98
ASP-B4022_ -0.00 -0.02 -0.05 -0.09 -0.13 -0.23 -0.42 -0.70 -0.89 -0.98 -0.99 -1.00 -1.00 -1.00 -1.00
GLU-B4032_ -0.00 -0.01 -0.02 -0.05 -0.10 -0.14 -0.20 -0.29 -0.46 -0.63 -0.82 -0.95 -0.99 -1.00 -1.00
ARG+B4042_  1.00  1.00  1.00  1.00  1.00  1.00  1.00  1.00  1.00  1.00  1.00  0.99  0.94  0.66  0.17
ASP-B4046_ -0.00 -0.01 -0.05 -0.30 -0.70 -0.94 -0.99 -1.00 -1.00 -1.00 -1.00 -1.00 -1.00 -1.00 -1.00
GLU-B4050_ -0.00 -0.01 -0.03 -0.07 -0.15 -0.30 -0.68 -0.94 -0.99 -1.00 -1.00 -1.00 -1.00 -1.00 -1.00
GLU-B4056_ -0.00 -0.00 -0.01 -0.05 -0.22 -0.63 -0.90 -0.98 -1.00 -1.00 -1.00 -1.00 -1.00 -1.00 -1.00
LYS+B4060_  1.00  1.00  1.00  1.00  1.00  1.00  1.00  1.00  1.00  0.99  0.93  0.59  0.17  0.03  0.00
ASP-B4063_ -0.51 -0.66 -0.89 -0.97 -1.00 -1.00 -1.00 -1.00 -1.00 -1.00 -1.00 -1.00 -1.00 -1.00 -1.00
LYS+B4067_  0.50  0.33  0.10  0.02  0.01  0.00  0.00  0.00  0.00  0.00  0.00  0.00  0.00  0.00  0.00
LYS+B4069_  1.00  1.00  1.00  1.00  1.00  1.00  1.00  1.00  1.00  1.00  0.99  0.92  0.64  0.24  0.05
ASP-B4070_ -0.00 -0.00 -0.02 -0.10 -0.34 -0.69 -0.92 -0.99 -1.00 -1.00 -1.00 -1.00 -1.00 -1.00 -1.00
GLU-B4075_ -0.00 -0.00 -0.00 -0.03 -0.19 -0.56 -0.86 -0.98 -1.00 -1.00 -1.00 -1.00 -1.00 -1.00 -1.00
ASP-B4079_ -0.00 -0.00 -0.00 -0.02 -0.11 -0.42 -0.82 -0.97 -1.00 -1.00 -1.00 -1.00 -1.00 -1.00 -1.00
TYR-B4080_ -0.00 -0.00 -0.00 -0.00 -0.00 -0.00 -0.00 -0.00 -0.00 -0.00 -0.00 -0.00 -0.00 -0.00 -0.00
ASP-B4083_ -0.01 -0.11 -0.49 -0.77 -0.91 -0.98 -1.00 -1.00 -1.00 -1.00 -1.00 -1.00 -1.00 -1.00 -1.00
ARG+B4085_  1.00  1.00  1.00  1.00  1.00  1.00  1.00  1.00  1.00  1.00  1.00  0.98  0.86  0.37  0.06
LYS+B4090_  1.00  1.00  1.00  1.00  1.00  1.00  1.00  1.00  0.99  0.96  0.79  0.43  0.10  0.01  0.00
LYS+B4091_  1.00  1.00  1.00  1.00  1.00  1.00  1.00  1.00  0.99  0.92  0.59  0.21  0.04  0.01  0.00
ASP-B4092_ -0.00 -0.03 -0.14 -0.31 -0.65 -0.93 -0.99 -1.00 -1.00 -1.00 -1.00 -1.00 -1.00 -1.00 -1.00
LYS+B4095_  1.00  1.00  1.00  1.00  1.00  1.00  1.00  1.00  1.00  0.99  0.89  0.49  0.10  0.01  0.00
ASP-B4098_ -0.00 -0.00 -0.03 -0.23 -0.68 -0.94 -0.99 -1.00 -1.00 -1.00 -1.00 -1.00 -1.00 -1.00 -1.00
LYS+B4101_  1.00  1.00  1.00  1.00  1.00  1.00  1.00  1.00  1.00  1.00  0.98  0.89  0.48  0.09  0.01
GLU-B4107_ -0.00 -0.00 -0.00 -0.01 -0.05 -0.23 -0.67 -0.93 -1.00 -1.00 -1.00 -1.00 -1.00 -1.00 -1.00
CYS-B4114_ -0.00 -0.00 -0.00 -0.00 -0.00 -0.00 -0.00 -0.00 -0.00 -0.00 -0.00 -0.00 -0.00 -0.00 -0.00
GLU-B4116_ -0.00 -0.00 -0.00 -0.00 -0.01 -0.03 -0.10 -0.36 -0.81 -0.98 -0.99 -1.00 -1.00 -1.00 -1.00
ASP-B4118_ -0.00 -0.00 -0.00 -0.01 -0.03 -0.16 -0.44 -0.80 -0.96 -1.00 -1.00 -1.00 -1.00 -1.00 -1.00
GLU-B4119_ -0.00 -0.00 -0.02 -0.14 -0.55 -0.90 -0.98 -1.00 -1.00 -1.00 -1.00 -1.00 -1.00 -1.00 -1.00
GLU-B4121_ -0.00 -0.00 -0.00 -0.01 -0.04 -0.16 -0.55 -0.86 -0.98 -1.00 -1.00 -1.00 -1.00 -1.00 -1.00
GLU-B4126_ -0.00 -0.00 -0.01 -0.04 -0.22 -0.64 -0.92 -0.99 -1.00 -1.00 -1.00 -1.00 -1.00 -1.00 -1.00
GLU-B4127_ -0.00 -0.00 -0.00 -0.01 -0.06 -0.25 -0.64 -0.88 -0.97 -1.00 -1.00 -1.00 -1.00 -1.00 -1.00
ARG+B4131_  1.00  1.00  1.00  1.00  1.00  1.00  1.00  1.00  1.00  1.00  1.00  1.00  1.00  1.00  1.00
GLU-B4134_ -0.00 -0.02 -0.11 -0.43 -0.73 -0.92 -0.98 -1.00 -1.00 -1.00 -1.00 -1.00 -1.00 -1.00 -1.00
ARG+B4137_  1.00  1.00  1.00  1.00  1.00  1.00  1.00  1.00  1.00  1.00  1.00  1.00  1.00  1.00  1.00
ASP-B4138_ -0.99 -1.00 -1.00 -1.00 -1.00 -1.00 -1.00 -1.00 -1.00 -1.00 -1.00 -1.00 -1.00 -1.00 -1.00
CTR-B4144_ -0.33 -0.59 -0.73 -0.82 -0.88 -0.91 -0.92 -0.95 -0.97 -0.99 -1.00 -1.00 -1.00 -1.00 -1.00
NTR+B4149_  0.96  0.93  0.92  0.90  0.89  0.88  0.82  0.70  0.37  0.10  0.04  0.02  0.01  0.00  0.00
CTR-B4150_ -0.93 -0.94 -0.97 -0.97 -0.98 -0.98 -0.99 -0.99 -1.00 -0.99 -0.99 -1.00 -1.00 -1.00 -1.00
NTR+B4152_  0.93  0.94  0.96  0.97  0.98  0.98  0.98  0.98  0.98  0.97  0.90  0.66  0.29  0.09  0.03
GLU-B4152_ -0.08 -0.19 -0.31 -0.46 -0.61 -0.73 -0.84 -0.95 -0.99 -1.00 -1.00 -1.00 -1.00 -1.00 -1.00
HIS+B4153_  0.80  0.58  0.36  0.24  0.20  0.14  0.09  0.04  0.02  0.00  0.00  0.00  0.00  0.00  0.00
HIS+B4156_  1.00  1.00  0.99  0.95  0.87  0.63  0.26  0.06  0.01  0.00  0.00  0.00  0.00  0.00  0.00
ASP-B4157_ -1.00 -1.00 -1.00 -1.00 -1.00 -1.00 -1.00 -1.00 -1.00 -1.00 -1.00 -1.00 -1.00 -1.00 -1.00
ARG+B4159_  1.00  1.00  1.00  1.00  1.00  1.00  1.00  1.00  1.00  1.00  1.00  1.00  1.00  1.00  1.00
ARG+B4161_  1.00  1.00  1.00  1.00  1.00  1.00  1.00  1.00  1.00  1.00  1.00  0.99  0.95  0.72  0.28
GLU-B4165_ -0.00 -0.00 -0.00 -0.02 -0.13 -0.47 -0.85 -0.97 -0.99 -1.00 -1.00 -1.00 -1.00 -1.00 -1.00
GLU-B4168_ -0.00 -0.00 -0.02 -0.09 -0.28 -0.56 -0.85 -0.97 -0.99 -1.00 -1.00 -1.00 -1.00 -1.00 -1.00
GLU-B4172_ -0.00 -0.01 -0.04 -0.18 -0.45 -0.73 -0.92 -0.98 -1.00 -1.00 -1.00 -1.00 -1.00 -1.00 -1.00
TYR-B4173_ -0.00 -0.00 -0.00 -0.00 -0.00 -0.00 -0.00 -0.00 -0.00 -0.00 -0.01 -0.07 -0.26 -0.49 -0.77
ARG+B4175_  1.00  1.00  1.00  1.00  1.00  1.00  1.00  1.00  1.00  1.00  1.00  1.00  1.00  1.00  1.00
TYR-B4177_ -0.00 -0.00 -0.00 -0.00 -0.00 -0.00 -0.00 -0.00 -0.00 -0.00 -0.01 -0.05 -0.20 -0.47 -0.73
ARG+B4180_  1.00  1.00  1.00  1.00  1.00  1.00  1.00  1.00  1.00  1.00  1.00  1.00  1.00  1.00  1.00
GLU-B4182_ -0.03 -0.03 -0.02 -0.01 -0.02 -0.00 -0.01 -0.01 -0.01 -0.02 -0.08 -0.29 -0.57 -0.80 -0.85
ARG+B4188_  1.00  1.00  1.00  1.00  1.00  1.00  1.00  1.00  1.00  1.00  1.00  0.99  0.95  0.74  0.28
ARG+B4189_  1.00  1.00  1.00  1.00  1.00  1.00  1.00  1.00  1.00  1.00  1.00  1.00  1.00  1.00  1.00
GLU-B4191_ -0.01 -0.03 -0.08 -0.21 -0.43 -0.72 -0.90 -0.97 -0.99 -1.00 -1.00 -1.00 -1.00 -1.00 -1.00
ARG+B4192_  1.00  1.00  1.00  1.00  1.00  1.00  1.00  1.00  1.00  1.00  1.00  1.00  1.00  1.00  1.00
TYR-B4194_ -0.00 -0.00 -0.00 -0.00 -0.00 -0.00 -0.00 -0.00 -0.00 -0.00 -0.00 -0.00 -0.00 -0.00 -0.00
GLU-B4196_ -0.00 -0.02 -0.07 -0.18 -0.37 -0.62 -0.84 -0.95 -0.99 -1.00 -1.00 -1.00 -1.00 -1.00 -1.00
GLU-B4199_ -0.00 -0.01 -0.07 -0.29 -0.67 -0.90 -0.98 -1.00 -1.00 -1.00 -1.00 -1.00 -1.00 -1.00 -1.00
ARG+B4202_  1.00  1.00  1.00  1.00  1.00  1.00  1.00  1.00  1.00  1.00  1.00  1.00  0.98  0.93  0.70
GLU-B4206_ -0.01 -0.08 -0.28 -0.56 -0.85 -0.97 -0.99 -1.00 -1.00 -1.00 -1.00 -1.00 -1.00 -1.00 -1.00
LYS+B4211_  1.00  1.00  0.99  0.99  0.99  0.98  0.97  0.97  0.97  0.92  0.67  0.25  0.06  0.02  0.01
GLU-B4212_ -0.01 -0.10 -0.41 -0.82 -0.96 -0.99 -1.00 -1.00 -1.00 -1.00 -1.00 -1.00 -1.00 -1.00 -1.00
LYS+B4214_  0.97  0.85  0.58  0.34  0.15  0.05  0.03  0.03  0.03  0.03  0.03  0.01  0.00  0.00  0.00
ARG+B4215_  1.00  1.00  1.00  1.00  1.00  1.00  1.00  1.00  1.00  1.00  0.99  0.99  0.98  0.93  0.61
ASP-B4220_ -0.00 -0.00 -0.00 -0.01 -0.05 -0.21 -0.59 -0.89 -0.98 -0.99 -1.00 -1.00 -1.00 -1.00 -1.00
GLU-B4224_ -0.00 -0.01 -0.04 -0.19 -0.56 -0.89 -0.98 -1.00 -1.00 -1.00 -1.00 -1.00 -1.00 -1.00 -1.00
GLU-B4227_ -0.00 -0.01 -0.06 -0.29 -0.65 -0.92 -0.99 -1.00 -1.00 -1.00 -1.00 -1.00 -1.00 -1.00 -1.00
GLU-B4229_ -0.01 -0.05 -0.24 -0.61 -0.87 -0.97 -0.99 -1.00 -1.00 -1.00 -1.00 -1.00 -1.00 -1.00 -1.00
LYS+B4230_  1.00  1.00  1.00  1.00  1.00  1.00  1.00  1.00  1.00  1.00  1.00  0.99  0.95  0.81  0.39
GLU-B4232_ -0.00 -0.00 -0.00 -0.00 -0.03 -0.07 -0.27 -0.71 -0.95 -0.99 -1.00 -1.00 -1.00 -1.00 -1.00
CYS-B4238_ -0.00 -0.00 -0.00 -0.00 -0.00 -0.00 -0.00 -0.00 -0.00 -0.00 -0.00 -0.00 -0.00 -0.00 -0.00
GLU-B4239_ -1.00 -1.00 -1.00 -1.00 -1.00 -1.00 -1.00 -1.00 -1.00 -1.00 -1.00 -1.00 -1.00 -1.00 -1.00
ASP-B4240_ -0.30 -0.65 -0.89 -0.97 -0.99 -0.99 -1.00 -1.00 -1.00 -1.00 -1.00 -1.00 -1.00 -1.00 -1.00
GLU-B4244_ -0.00 -0.00 -0.01 -0.02 -0.06 -0.23 -0.60 -0.88 -0.97 -0.99 -1.00 -1.00 -1.00 -1.00 -1.00
GLU-B4253_ -0.00 -0.00 -0.01 -0.08 -0.29 -0.74 -0.95 -0.99 -1.00 -1.00 -1.00 -1.00 -1.00 -1.00 -1.00
CTR-B4253_ -0.00 -0.01 -0.07 -0.34 -0.72 -0.93 -0.99 -1.00 -1.00 -1.00 -1.00 -1.00 -1.00 -1.00 -1.00
NTR+B4540_  1.00  1.00  1.00  0.99  0.97  0.83  0.36  0.05  0.01  0.00  0.00  0.00  0.00  0.00  0.00
GLU-B4543_ -0.00 -0.00 -0.01 -0.11 -0.49 -0.87 -0.97 -1.00 -1.00 -1.00 -1.00 -1.00 -1.00 -1.00 -1.00
GLU-B4545_ -0.00 -0.00 -0.03 -0.19 -0.61 -0.92 -0.99 -1.00 -1.00 -1.00 -1.00 -1.00 -1.00 -1.00 -1.00
ARG+B4548_  1.00  1.00  1.00  1.00  1.00  1.00  1.00  1.00  1.00  1.00  1.00  0.97  0.82  0.40  0.08
LYS+B4550_  1.00  1.00  1.00  1.00  1.00  1.00  1.00  0.97  0.77  0.28  0.05  0.01  0.00  0.00  0.00
TYR-B4554_ -0.00 -0.00 -0.00 -0.00 -0.00 -0.00 -0.00 -0.00 -0.03 -0.20 -0.67 -0.95 -0.99 -1.00 -1.00
ARG+B4557_  1.00  1.00  1.00  1.00  1.00  1.00  1.00  1.00  1.00  1.00  1.00  1.00  0.97  0.90  0.52
TYR-B4560_ -0.00 -0.00 -0.00 -0.00 -0.00 -0.00 -0.00 -0.00 -0.01 -0.05 -0.16 -0.46 -0.84 -0.96 -0.99
ARG+B4563_  1.00  1.00  1.00  1.00  1.00  1.00  1.00  1.00  1.00  1.00  1.00  1.00  0.99  0.96  0.86
TYR-B4580_ -0.00 -0.00 -0.00 -0.00 -0.00 -0.00 -0.00 -0.00 -0.00 -0.00 -0.00 -0.03 -0.16 -0.61 -0.94
LYS+B4581_  1.00  1.00  1.00  1.00  1.00  1.00  1.00  1.00  1.00  0.98  0.88  0.47  0.12  0.02  0.00
ASP-B4584_ -0.00 -0.00 -0.00 -0.04 -0.28 -0.79 -0.97 -1.00 -1.00 -1.00 -1.00 -1.00 -1.00 -1.00 -1.00
CTR-B4587_ -0.00 -0.00 -0.01 -0.06 -0.38 -0.84 -0.98 -1.00 -1.00 -1.00 -1.00 -1.00 -1.00 -1.00 -1.00
NTR+B4626_  1.00  1.00  1.00  1.00  1.00  1.00  0.99  0.90  0.47  0.09  0.01  0.00  0.00  0.00  0.00
TYR-B4629_ -0.00 -0.00 -0.00 -0.00 -0.00 -0.00 -0.00 -0.00 -0.01 -0.05 -0.31 -0.79 -0.97 -1.00 -1.00
TYR-B4630_ -0.00 -0.00 -0.00 -0.00 -0.00 -0.00 -0.00 -0.00 -0.00 -0.00 -0.03 -0.17 -0.58 -0.91 -0.99
GLU-B4633_ -0.00 -0.00 -0.00 -0.02 -0.15 -0.51 -0.83 -0.97 -1.00 -1.00 -1.00 -1.00 -1.00 -1.00 -1.00
GLU-B4634_ -0.00 -0.00 -0.00 -0.00 -0.06 -0.34 -0.78 -0.97 -1.00 -1.00 -1.00 -1.00 -1.00 -1.00 -1.00
TYR-B4638_ -0.00 -0.00 -0.00 -0.00 -0.00 -0.00 -0.00 -0.00 -0.01 -0.05 -0.32 -0.81 -0.98 -1.00 -1.00
GLU-B4640_ -0.00 -0.00 -0.00 -0.01 -0.08 -0.30 -0.68 -0.93 -0.99 -1.00 -1.00 -1.00 -1.00 -1.00 -1.00
CYS-B4645_ -0.00 -0.00 -0.00 -0.00 -0.00 -0.00 -0.00 -0.00 -0.03 -0.22 -0.70 -0.97 -1.00 -1.00 -1.00
HIS+B4650_  0.00  0.00  0.00  0.00  0.00  0.00  0.00  0.00  0.00  0.00  0.00  0.00  0.00  0.00  0.00
CYS-B4657_ -0.00 -0.00 -0.00 -0.00 -0.00 -0.00 -0.00 -0.00 -0.00 -0.00 -0.00 -0.00 -0.00 -0.00 -0.02
TYR-B4661_ -0.00 -0.00 -0.00 -0.00 -0.00 -0.00 -0.00 -0.00 -0.00 -0.00 -0.00 -0.00 -0.00 -0.00 -0.01
CYS-B4663_ -0.00 -0.00 -0.00 -0.00 -0.00 -0.00 -0.00 -0.00 -0.00 -0.00 -0.01 -0.06 -0.27 -0.68 -0.90
LYS+B4665_  1.00  1.00  1.00  1.00  1.00  1.00  0.99  0.98  0.90  0.58  0.23  0.09  0.03  0.01  0.01
LYS+B4672_  1.00  1.00  1.00  1.00  1.00  1.00  1.00  1.00  1.00  1.00  0.99  0.97  0.89  0.68  0.37
ARG+B4673_  1.00  1.00  1.00  1.00  1.00  1.00  1.00  1.00  1.00  1.00  1.00  1.00  1.00  1.00  0.99
GLU-B4674_ -0.00 -0.00 -0.00 -0.00 -0.00 -0.01 -0.03 -0.15 -0.48 -0.81 -0.91 -0.93 -0.93 -0.94 -0.96
LYS+B4675_  1.00  1.00  1.00  1.00  1.00  1.00  1.00  1.00  1.00  1.00  0.99  0.95  0.83  0.65  0.50
GLU-B4676_ -0.49 -0.69 -0.90 -0.98 -1.00 -1.00 -1.00 -1.00 -1.00 -1.00 -1.00 -1.00 -1.00 -1.00 -1.00
ARG+B4679_  1.00  1.00  1.00  1.00  1.00  1.00  1.00  1.00  1.00  1.00  1.00  0.98  0.94  0.90  0.84
LYS+B4680_  1.00  1.00  1.00  1.00  1.00  1.00  1.00  1.00  1.00  0.99  0.96  0.87  0.58  0.22  0.07
GLU-B4682_ -0.00 -0.01 -0.02 -0.03 -0.04 -0.07 -0.26 -0.67 -0.91 -0.98 -1.00 -1.00 -1.00 -1.00 -1.00
ASP-B4684_ -0.00 -0.02 -0.10 -0.31 -0.63 -0.90 -0.98 -1.00 -1.00 -1.00 -1.00 -1.00 -1.00 -1.00 -1.00
TYR-B4687_ -0.00 -0.00 -0.00 -0.00 -0.00 -0.00 -0.00 -0.00 -0.00 -0.00 -0.00 -0.00 -0.00 -0.00 -0.00
GLU-B4690_ -0.00 -0.00 -0.03 -0.19 -0.57 -0.88 -0.98 -1.00 -1.00 -1.00 -1.00 -1.00 -1.00 -1.00 -1.00
ASP-B4694_ -0.00 -0.00 -0.01 -0.05 -0.27 -0.71 -0.94 -1.00 -1.00 -1.00 -1.00 -1.00 -1.00 -1.00 -1.00
ASP-B4695_ -0.00 -0.00 -0.03 -0.19 -0.58 -0.91 -0.99 -1.00 -1.00 -1.00 -1.00 -1.00 -1.00 -1.00 -1.00
ASP-B4696_ -0.00 -0.00 -0.00 -0.00 -0.00 -0.00 -0.00 -0.00 -0.00 -0.00 -0.00 -0.00 -0.02 -0.11 -0.45
LYS+B4698_  1.00  1.00  1.00  1.00  1.00  1.00  1.00  0.99  0.97  0.83  0.43  0.13  0.05  0.01  0.01
ASP-B4702_ -0.50 -0.80 -0.95 -0.99 -1.00 -1.00 -1.00 -1.00 -1.00 -1.00 -1.00 -1.00 -1.00 -1.00 -1.00
ARG+B4703_  1.00  1.00  1.00  1.00  1.00  1.00  1.00  1.00  1.00  1.00  1.00  0.99  0.90  0.56  0.14
TYR-B4715_ -0.00 -0.00 -0.00 -0.00 -0.00 -0.00 -0.00 -0.00 -0.00 -0.00 -0.01 -0.02 -0.06 -0.11 -0.14
ASP-B4717_ -1.00 -1.00 -1.00 -1.00 -1.00 -1.00 -1.00 -1.00 -1.00 -1.00 -1.00 -1.00 -1.00 -1.00 -1.00
LYS+B4718_  1.00  1.00  1.00  1.00  1.00  1.00  1.00  1.00  1.00  1.00  0.99  0.96  0.86  0.59  0.23
LYS+B4721_  1.00  1.00  1.00  1.00  1.00  1.00  1.00  1.00  0.98  0.97  0.92  0.75  0.38  0.15  0.05
ARG+B4722_  1.00  1.00  1.00  1.00  1.00  1.00  1.00  1.00  1.00  1.00  1.00  1.00  1.00  0.99  0.98
LYS+B4723_  1.00  1.00  1.00  1.00  1.00  1.00  1.00  1.00  1.00  1.00  1.00  1.00  1.00  0.99  0.96
ASP-B4726_ -0.02 -0.13 -0.40 -0.70 -0.88 -0.97 -0.99 -1.00 -1.00 -1.00 -1.00 -1.00 -1.00 -1.00 -1.00
LYS+B4727_  1.00  1.00  1.00  1.00  1.00  1.00  1.00  1.00  1.00  1.00  0.99  0.90  0.57  0.17  0.03
HIS+B4728_  0.99  0.94  0.76  0.42  0.18  0.05  0.02  0.00  0.00  0.00  0.00  0.00  0.00  0.00  0.00
ASP-B4730_ -0.00 -0.03 -0.14 -0.46 -0.83 -0.97 -1.00 -1.00 -1.00 -1.00 -1.00 -1.00 -1.00 -1.00 -1.00
ARG+B4734_  1.00  1.00  1.00  1.00  1.00  1.00  1.00  1.00  1.00  1.00  1.00  1.00  0.98  0.85  0.46
GLU-B4735_ -0.00 -0.01 -0.08 -0.40 -0.79 -0.97 -1.00 -1.00 -1.00 -1.00 -1.00 -1.00 -1.00 -1.00 -1.00
ARG+B4736_  1.00  1.00  1.00  1.00  1.00  1.00  1.00  1.00  1.00  1.00  1.00  0.99  0.90  0.54  0.13
GLU-B4739_ -0.00 -0.00 -0.01 -0.04 -0.21 -0.58 -0.93 -0.99 -1.00 -1.00 -1.00 -1.00 -1.00 -1.00 -1.00
ASP-B4744_ -0.00 -0.00 -0.02 -0.10 -0.31 -0.67 -0.93 -0.99 -1.00 -1.00 -1.00 -1.00 -1.00 -1.00 -1.00
GLU-B4749_ -0.00 -0.01 -0.06 -0.22 -0.50 -0.77 -0.94 -0.99 -1.00 -1.00 -1.00 -1.00 -1.00 -1.00 -1.00
HIS+B4753_  1.00  1.00  1.00  1.00  0.99  0.99  0.97  0.89  0.57  0.18  0.03  0.01  0.00  0.00  0.00
GLU-B4755_ -0.00 -0.01 -0.04 -0.13 -0.39 -0.74 -0.93 -0.99 -1.00 -1.00 -1.00 -1.00 -1.00 -1.00 -1.00
ARG+B4756_  0.00  0.00  0.00  0.00  0.00  0.00  0.00  0.00  0.00  0.00  0.00  0.00  0.00  0.00  0.00
LYS+B4757_  1.00  1.00  1.00  1.00  1.00  1.00  1.00  1.00  1.00  1.00  1.00  0.98  0.87  0.51  0.13
ASP-B4759_ -0.00 -0.00 -0.02 -0.09 -0.36 -0.77 -0.96 -1.00 -1.00 -1.00 -1.00 -1.00 -1.00 -1.00 -1.00
ASP-B4772_ -0.01 -0.06 -0.32 -0.72 -0.93 -0.98 -1.00 -1.00 -1.00 -1.00 -1.00 -1.00 -1.00 -1.00 -1.00
LYS+B4774_  1.00  1.00  1.00  1.00  1.00  1.00  1.00  1.00  1.00  0.97  0.76  0.26  0.05  0.01  0.00
TYR-B4775_ -0.00 -0.00 -0.00 -0.00 -0.00 -0.00 -0.00 -0.00 -0.00 -0.00 -0.00 -0.00 -0.00 -0.00 -0.00
LYS+B4779_  1.00  1.00  1.00  1.00  1.00  1.00  1.00  1.00  0.98  0.93  0.70  0.25  0.06  0.02  0.00
ASP-B4786_ -0.53 -0.87 -0.97 -0.99 -1.00 -1.00 -1.00 -1.00 -1.00 -1.00 -1.00 -1.00 -1.00 -1.00 -1.00
TYR-B4791_ -0.00 -0.00 -0.00 -0.00 -0.00 -0.00 -0.00 -0.00 -0.00 -0.00 -0.00 -0.00 -0.00 -0.00 -0.00
TYR-B4795_ -0.00 -0.00 -0.00 -0.00 -0.00 -0.00 -0.00 -0.00 -0.00 -0.00 -0.00 -0.00 -0.00 -0.00 -0.00
HIS+B4803_  1.00  1.00  1.00  0.98  0.92  0.67  0.36  0.14  0.02  0.00  0.00  0.00  0.00  0.00  0.00
TYR-B4804_ -0.00 -0.00 -0.00 -0.00 -0.00 -0.00 -0.00 -0.00 -0.01 -0.09 -0.49 -0.89 -0.99 -1.00 -1.00
HIS+B4812_  1.00  1.00  0.98  0.86  0.68  0.59  0.53  0.24  0.04  0.01  0.00  0.00  0.00  0.00  0.00
ASP-B4815_ -0.00 -0.00 -0.03 -0.18 -0.49 -0.73 -0.92 -0.98 -1.00 -1.00 -1.00 -1.00 -1.00 -1.00 -1.00
LYS+B4821_  1.00  1.00  1.00  1.00  1.00  1.00  1.00  1.00  0.99  0.92  0.63  0.23  0.05  0.01  0.00
ARG+B4824_  1.00  1.00  1.00  1.00  1.00  1.00  1.00  1.00  1.00  1.00  1.00  0.99  0.97  0.84  0.46
HIS+B4832_  1.00  1.00  1.00  1.00  1.00  0.99  0.95  0.72  0.22  0.03  0.00  0.00  0.00  0.00  0.00
LYS+B4835_  1.00  1.00  1.00  1.00  1.00  1.00  1.00  1.00  0.99  0.95  0.66  0.18  0.03  0.00  0.00
TYR-B4849_ -0.00 -0.00 -0.00 -0.00 -0.00 -0.00 -0.00 -0.00 -0.02 -0.19 -0.69 -0.95 -0.99 -1.00 -1.00
TYR-B4851_ -0.00 -0.00 -0.00 -0.00 -0.00 -0.00 -0.00 -0.00 -0.00 -0.00 -0.03 -0.18 -0.65 -0.94 -0.99
ARG+B4860_  1.00  1.00  1.00  1.00  1.00  1.00  1.00  1.00  1.00  1.00  1.00  1.00  0.98  0.90  0.55
LYS+B4861_  1.00  1.00  1.00  1.00  1.00  1.00  1.00  1.00  1.00  0.98  0.90  0.58  0.16  0.02  0.00
TYR-B4863_ -0.00 -0.00 -0.00 -0.00 -0.00 -0.00 -0.00 -0.00 -0.00 -0.00 -0.00 -0.00 -0.01 -0.03 -0.11
LYS+B4865_  1.00  1.00  1.00  1.00  1.00  0.99  0.97  0.82  0.52  0.25  0.13  0.09  0.03  0.01  0.00
GLU-B4867_ -0.00 -0.00 -0.00 -0.00 -0.00 -0.01 -0.03 -0.17 -0.58 -0.90 -0.99 -1.00 -1.00 -1.00 -1.00
ASP-B4868_ -0.00 -0.00 -0.02 -0.13 -0.55 -0.86 -0.98 -1.00 -1.00 -1.00 -1.00 -1.00 -1.00 -1.00 -1.00
GLU-B4869_ -0.00 -0.00 -0.01 -0.06 -0.31 -0.69 -0.94 -0.99 -1.00 -1.00 -1.00 -1.00 -1.00 -1.00 -1.00
ASP-B4870_ -0.00 -0.00 -0.00 -0.03 -0.14 -0.47 -0.85 -0.97 -0.99 -1.00 -1.00 -1.00 -1.00 -1.00 -1.00
GLU-B4871_ -0.00 -0.00 -0.03 -0.21 -0.57 -0.83 -0.94 -0.95 -1.00 -0.99 -1.00 -1.00 -1.00 -1.00 -1.00
CTR-B4871_ -0.00 -0.00 -0.00 -0.00 -0.01 -0.02 -0.07 -0.29 -0.66 -0.93 -0.99 -1.00 -1.00 -1.00 -1.00
NTR+B4872_  0.00  0.00  0.00  0.00  0.00  0.00  0.00  0.00  0.00  0.00  0.00  0.00  0.00  0.00  0.00
ASP-B4873_ -0.67 -0.95 -0.99 -1.00 -1.00 -1.00 -1.00 -1.00 -1.00 -1.00 -1.00 -1.00 -1.00 -1.00 -1.00
LYS+B4875_  1.00  1.00  1.00  1.00  1.00  1.00  1.00  0.99  0.96  0.91  0.86  0.68  0.26  0.04  0.01
CYS-B4876_ -0.00 -0.00 -0.00 -0.00 -0.00 -0.00 -0.00 -0.00 -0.00 -0.00 -0.00 -0.00 -0.00 -0.00 -0.00
ASP-B4877_ -0.00 -0.00 -0.02 -0.14 -0.49 -0.85 -0.96 -0.99 -1.00 -1.00 -1.00 -1.00 -1.00 -1.00 -1.00
ASP-B4878_ -0.00 -0.00 -0.00 -0.02 -0.11 -0.43 -0.86 -0.98 -1.00 -1.00 -1.00 -1.00 -1.00 -1.00 -1.00
CYS-B4882_ -0.00 -0.00 -0.00 -0.00 -0.00 -0.00 -0.00 -0.00 -0.00 -0.00 -0.00 -0.00 -0.01 -0.04 -0.18
TYR-B4883_ -0.00 -0.00 -0.00 -0.00 -0.00 -0.00 -0.00 -0.00 -0.00 -0.00 -0.00 -0.00 -0.00 -0.04 -0.18
HIS+B4886_  0.17  0.02  0.00  0.00  0.00  0.00  0.00  0.00  0.00  0.00  0.00  0.00  0.00  0.00  0.00
TYR-B4888_ -0.00 -0.00 -0.00 -0.00 -0.00 -0.00 -0.00 -0.00 -0.02 -0.15 -0.59 -0.92 -0.99 -1.00 -1.00
ARG+B4892_  1.00  1.00  1.00  1.00  1.00  1.00  1.00  1.00  1.00  1.00  1.00  1.00  1.00  1.00  1.00
ASP-B4899_ -0.00 -0.00 -0.00 -0.01 -0.07 -0.22 -0.60 -0.89 -0.97 -0.99 -1.00 -1.00 -1.00 -1.00 -1.00
GLU-B4900_ -0.00 -0.00 -0.00 -0.00 -0.00 -0.01 -0.05 -0.13 -0.38 -0.75 -0.96 -0.99 -1.00 -1.00 -1.00
GLU-B4902_ -0.00 -0.00 -0.00 -0.01 -0.02 -0.04 -0.09 -0.33 -0.73 -0.94 -0.99 -1.00 -1.00 -1.00 -1.00
ASP-B4903_ -0.00 -0.00 -0.02 -0.14 -0.52 -0.88 -0.98 -1.00 -1.00 -1.00 -1.00 -1.00 -1.00 -1.00 -1.00
ASP-B4907_ -0.00 -0.00 -0.05 -0.31 -0.75 -0.95 -0.99 -1.00 -1.00 -1.00 -1.00 -1.00 -1.00 -1.00 -1.00
GLU-B4908_ -0.00 -0.00 -0.01 -0.08 -0.32 -0.75 -0.97 -0.99 -1.00 -1.00 -1.00 -1.00 -1.00 -1.00 -1.00
TYR-B4909_ -0.00 -0.00 -0.00 -0.00 -0.00 -0.00 -0.00 -0.00 -0.02 -0.16 -0.55 -0.88 -0.98 -1.00 -1.00
GLU-B4910_ -0.00 -0.00 -0.00 -0.00 -0.00 -0.00 -0.00 -0.00 -0.00 -0.01 -0.09 -0.41 -0.84 -0.97 -1.00
TYR-B4912_ -0.00 -0.00 -0.00 -0.00 -0.00 -0.00 -0.00 -0.00 -0.03 -0.19 -0.62 -0.92 -0.99 -1.00 -1.00
ARG+B4913_  1.00  1.00  1.00  1.00  1.00  1.00  1.00  1.00  1.00  1.00  1.00  1.00  0.99  0.96  0.82
ASP-B4917_ -0.00 -0.00 -0.02 -0.14 -0.51 -0.81 -0.94 -0.99 -1.00 -1.00 -1.00 -1.00 -1.00 -1.00 -1.00
ASP-B4938_ -0.00 -0.00 -0.03 -0.16 -0.46 -0.83 -0.97 -0.99 -1.00 -1.00 -1.00 -1.00 -1.00 -1.00 -1.00
GLU-B4942_ -0.00 -0.00 -0.04 -0.21 -0.56 -0.83 -0.96 -0.99 -1.00 -1.00 -1.00 -1.00 -1.00 -1.00 -1.00
ARG+B4944_  1.00  1.00  1.00  1.00  1.00  1.00  1.00  1.00  1.00  1.00  1.00  1.00  1.00  0.94  0.64
ASP-B4945_ -0.00 -0.00 -0.00 -0.09 -0.21 -0.43 -0.77 -0.96 -1.00 -1.00 -1.00 -1.00 -1.00 -1.00 -1.00
GLU-B4948_ -0.00 -0.00 -0.04 -0.24 -0.59 -0.82 -0.94 -0.99 -1.00 -1.00 -1.00 -1.00 -1.00 -1.00 -1.00
LYS+B4951_  1.00  1.00  1.00  1.00  1.00  1.00  1.00  1.00  1.00  0.99  0.94  0.67  0.20  0.03  0.00
GLU-B4952_ -0.00 -0.00 -0.03 -0.14 -0.43 -0.71 -0.91 -0.98 -1.00 -1.00 -1.00 -1.00 -1.00 -1.00 -1.00
ASP-B4953_ -0.00 -0.00 -0.00 -0.01 -0.05 -0.18 -0.50 -0.86 -0.98 -1.00 -1.00 -1.00 -1.00 -1.00 -1.00
GLU-B4955_ -0.00 -0.00 -0.02 -0.13 -0.36 -0.69 -0.92 -0.99 -1.00 -1.00 -1.00 -1.00 -1.00 -1.00 -1.00
LYS+B4957_  1.00  1.00  1.00  1.00  1.00  1.00  1.00  1.00  1.00  0.99  0.95  0.70  0.26  0.06  0.02
CYS-B4958_ -0.00 -0.00 -0.00 -0.00 -0.00 -0.00 -0.00 -0.00 -0.00 -0.00 -0.00 -0.03 -0.06 -0.09 -0.17
CYS-B4961_ -0.00 -0.00 -0.00 -0.00 -0.00 -0.00 -0.00 -0.00 -0.00 -0.00 -0.00 -0.00 -0.00 -0.00 -0.00
ASP-B4966_ -0.00 -0.01 -0.06 -0.31 -0.72 -0.92 -0.99 -1.00 -1.00 -1.00 -1.00 -1.00 -1.00 -1.00 -1.00
TYR-B4967_ -0.00 -0.00 -0.00 -0.00 -0.00 -0.00 -0.00 -0.00 -0.00 -0.01 -0.06 -0.26 -0.42 -0.44 -0.57
ASP-B4969_ -0.00 -0.00 -0.02 -0.08 -0.22 -0.48 -0.82 -0.96 -1.00 -1.00 -1.00 -1.00 -1.00 -1.00 -1.00
HIS+B4973_  1.00  1.00  1.00  0.99  0.98  0.94  0.76  0.31  0.05  0.01  0.00  0.00  0.00  0.00  0.00
GLU-B4976_ -0.01 -0.04 -0.17 -0.49 -0.79 -0.93 -0.98 -0.99 -1.00 -1.00 -1.00 -1.00 -1.00 -1.00 -1.00
HIS+B4978_  0.73  0.50  0.27  0.15  0.10  0.06  0.03  0.00  0.00  0.00  0.00  0.00  0.00  0.03  0.04
GLU-B4981_ -0.03 -0.12 -0.32 -0.54 -0.75 -0.89 -0.96 -0.99 -1.00 -1.00 -1.00 -1.00 -1.00 -1.00 -1.00
GLU-B4982_ -0.99 -0.99 -1.00 -1.00 -0.99 -1.00 -1.00 -0.99 -0.99 -0.99 -1.00 -1.00 -1.00 -1.00 -1.00
HIS+B4983_  0.00  0.01  0.00  0.00  0.00  0.00  0.00  0.00  0.00  0.00  0.00  0.01  0.02  0.00  0.00
TYR-B4988_ -0.00 -0.00 -0.00 -0.00 -0.00 -0.00 -0.00 -0.00 -0.00 -0.00 -0.00 -0.00 -0.00 -0.00 -0.00
TYR-B4994_ -0.00 -0.00 -0.00 -0.00 -0.00 -0.00 -0.00 -0.00 -0.00 -0.00 -0.00 -0.00 -0.00 -0.00 -0.00
LYS+B4998_  1.00  1.00  1.00  1.00  1.00  1.00  1.00  1.00  1.00  1.00  1.00  1.00  1.00  1.00  1.00
ASP-B4999_ -0.29 -0.62 -0.84 -0.93 -0.97 -0.98 -1.00 -1.00 -1.00 -1.00 -1.00 -1.00 -1.00 -1.00 -1.00
GLU-B5000_ -0.25 -0.56 -0.77 -0.88 -0.93 -0.97 -0.99 -1.00 -1.00 -1.00 -1.00 -1.00 -1.00 -1.00 -1.00
GLU-B5002_ -0.13 -0.32 -0.60 -0.77 -0.87 -0.95 -0.97 -0.98 -0.99 -1.00 -1.00 -1.00 -1.00 -1.00 -1.00
HIS+B5003_  1.00  0.99  0.98  0.97  0.95  0.92  0.85  0.71  0.44  0.18  0.05  0.01  0.00  0.00  0.00
GLU-B5007_ -1.00 -1.00 -1.00 -1.00 -1.00 -1.00 -1.00 -1.00 -1.00 -1.00 -1.00 -1.00 -1.00 -1.00 -1.00
TYR-B5009_ -0.00 -0.00 -0.00 -0.00 -0.00 -0.00 -0.00 -0.00 -0.00 -0.00 -0.00 -0.02 -0.04 -0.17 -0.46
LYS+B5012_  1.00  1.00  1.00  1.00  1.00  1.00  1.00  1.00  0.99  0.95  0.77  0.42  0.11  0.03  0.01
TYR-B5014_ -0.00 -0.00 -0.00 -0.00 -0.00 -0.00 -0.00 -0.00 -0.00 -0.00 -0.00 -0.00 -0.00 -0.00 -0.00
GLU-B5016_ -0.01 -0.05 -0.19 -0.54 -0.81 -0.95 -0.99 -1.00 -1.00 -1.00 -1.00 -1.00 -1.00 -1.00 -1.00
ARG+B5017_  1.00  1.00  1.00  1.00  1.00  1.00  1.00  1.00  1.00  1.00  1.00  0.99  0.98  0.95  0.90
CYS-B5018_ -0.00 -0.00 -0.00 -0.00 -0.00 -0.00 -0.00 -0.00 -0.01 -0.07 -0.34 -0.72 -0.92 -0.98 -1.00
ASP-B5020_ -0.00 -0.02 -0.09 -0.35 -0.72 -0.93 -0.99 -1.00 -1.00 -1.00 -1.00 -1.00 -1.00 -1.00 -1.00
ASP-B5026_ -0.38 -0.75 -0.94 -0.99 -1.00 -1.00 -1.00 -1.00 -1.00 -1.00 -1.00 -1.00 -1.00 -1.00 -1.00
CYS-B5027_ -0.01 -0.00 -0.00 -0.00 -0.00 -0.01 -0.00 -0.00 -0.00 -0.00 -0.00 -0.00 -0.00 -0.02 -0.03
ARG+B5029_  1.00  1.00  1.00  1.00  1.00  1.00  1.00  1.00  1.00  1.00  1.00  1.00  1.00  1.00  1.00
LYS+B5030_  1.00  1.00  1.00  1.00  1.00  1.00  1.00  1.00  1.00  0.99  0.94  0.74  0.53  0.39  0.24
TYR-B5032_ -0.00 -0.00 -0.00 -0.00 -0.00 -0.00 -0.00 -0.00 -0.00 -0.00 -0.00 -0.00 -0.01 -0.03 -0.13
GLU-B5033_ -0.00 -0.00 -0.02 -0.12 -0.43 -0.77 -0.95 -0.99 -1.00 -1.00 -1.00 -1.00 -1.00 -1.00 -1.00
ASP-B5034_ -0.00 -0.00 -0.01 -0.04 -0.23 -0.64 -0.93 -0.99 -1.00 -1.00 -1.00 -1.00 -1.00 -1.00 -1.00
CTR-B5037_ -0.00 -0.03 -0.12 -0.35 -0.65 -0.81 -0.92 -0.99 -1.00 -1.00 -1.00 -1.00 -1.00 -1.00 -1.00
_ZN+B5101_  0.00  0.00  0.00  0.00  0.00  0.00  0.00  0.00  0.00  0.00  0.00  0.00  0.00  0.00  0.00
_CA+B5102_  0.00  0.00  0.00  0.00  0.00  0.00  0.00  0.00  0.00  0.00  0.00  0.00  0.00  0.00  0.00
----------
Net_Charge 111.73 103.48 89.85 67.30 34.54 -0.59 -28.23 -46.61 -60.96 -74.12 -89.18 -107.94 -127.58 -144.59 -161.08
Protons    111.73 103.48 89.85 67.30 34.54 -0.59 -28.23 -46.61 -60.96 -74.12 -89.18 -107.94 -127.58 -144.59 -161.08
Electrons   0.00  0.00  0.00  0.00  0.00  0.00  0.00  0.00  0.00  0.00  0.00  0.00  0.00  0.00  0.00
