  pH           0     1     2     3     4     5     6     7     8     9    10    11    12    13    14
NTR+B3639_  1.00  1.00  1.00  1.00  1.00  1.00  0.99  0.88  0.45  0.08  0.01  0.00  0.00  0.00  0.00
TYR-B3642_ -0.00 -0.00 -0.00 -0.00 -0.00 -0.00 -0.00 -0.00 -0.03 -0.21 -0.72 -0.96 -1.00 -1.00 -1.00
HIS+B3647_  1.00  1.00  1.00  1.00  0.98  0.83  0.34  0.05  0.01  0.00  0.00  0.00  0.00  0.00  0.00
ARG+B3648_  1.00  1.00  1.00  1.00  1.00  1.00  1.00  1.00  1.00  1.00  1.00  1.00  0.95  0.65  0.16
CYS-B3650_ -0.00 -0.00 -0.00 -0.00 -0.00 -0.00 -0.00 -0.03 -0.21 -0.71 -0.96 -1.00 -1.00 -1.00 -1.00
GLU-B3655_ -0.00 -0.00 -0.01 -0.06 -0.34 -0.80 -0.97 -1.00 -1.00 -1.00 -1.00 -1.00 -1.00 -1.00 -1.00
TYR-B3657_ -0.00 -0.00 -0.00 -0.00 -0.00 -0.00 -0.00 -0.00 -0.00 -0.01 -0.05 -0.32 -0.81 -0.98 -1.00
LYS+B3658_  1.00  1.00  1.00  1.00  1.00  1.00  1.00  1.00  1.00  0.99  0.94  0.67  0.20  0.03  0.00
GLU-B3665_ -0.03 -0.10 -0.33 -0.68 -0.90 -0.96 -0.99 -1.00 -1.00 -1.00 -1.00 -1.00 -1.00 -1.00 -1.00
ASP-B3666_ -0.02 -0.14 -0.51 -0.82 -0.94 -0.98 -0.99 -1.00 -1.00 -1.00 -1.00 -1.00 -1.00 -1.00 -1.00
HIS+B3667_  1.00  1.00  1.00  1.00  1.00  0.99  0.98  0.96  0.85  0.45  0.11  0.02  0.00  0.00  0.00
GLU-B3670_ -0.07 -0.14 -0.18 -0.14 -0.16 -0.34 -0.67 -0.92 -0.99 -1.00 -1.00 -1.00 -1.00 -1.00 -1.00
ASP-B3671_ -0.01 -0.05 -0.20 -0.48 -0.59 -0.59 -0.69 -0.77 -0.84 -0.78 -0.77 -0.90 -0.97 -0.99 -1.00
ARG+B3672_  1.00  1.00  1.00  1.00  1.00  1.00  1.00  1.00  1.00  1.00  1.00  1.00  0.99  0.97  0.74
ASP-B3675_ -0.00 -0.00 -0.01 -0.02 -0.03 -0.06 -0.07 -0.13 -0.15 -0.27 -0.46 -0.78 -0.94 -0.99 -1.00
ASP-B3676_ -0.00 -0.00 -0.00 -0.03 -0.18 -0.57 -0.89 -0.98 -1.00 -1.00 -1.00 -1.00 -1.00 -1.00 -1.00
LYS+B3679_  1.00  1.00  1.00  1.00  1.00  1.00  1.00  1.00  1.00  1.00  0.97  0.85  0.44  0.09  0.01
GLU-B3682_ -0.00 -0.01 -0.02 -0.11 -0.35 -0.71 -0.91 -0.97 -1.00 -1.00 -1.00 -1.00 -1.00 -1.00 -1.00
GLU-B3684_ -0.00 -0.00 -0.00 -0.03 -0.16 -0.45 -0.76 -0.95 -0.99 -1.00 -1.00 -1.00 -1.00 -1.00 -1.00
GLU-B3685_ -0.00 -0.00 -0.00 -0.06 -0.32 -0.76 -0.95 -0.99 -1.00 -1.00 -1.00 -1.00 -1.00 -1.00 -1.00
GLU-B3686_ -0.00 -0.00 -0.01 -0.07 -0.33 -0.72 -0.94 -0.99 -1.00 -1.00 -1.00 -1.00 -1.00 -1.00 -1.00
GLU-B3687_ -0.00 -0.00 -0.01 -0.03 -0.13 -0.33 -0.60 -0.90 -0.98 -1.00 -1.00 -1.00 -1.00 -1.00 -1.00
GLU-B3688_ -0.00 -0.00 -0.00 -0.02 -0.16 -0.50 -0.87 -0.98 -1.00 -1.00 -1.00 -1.00 -1.00 -1.00 -1.00
GLU-B3689_ -0.00 -0.00 -0.00 -0.01 -0.11 -0.44 -0.84 -0.97 -1.00 -1.00 -1.00 -1.00 -1.00 -1.00 -1.00
GLU-B3691_ -0.00 -0.00 -0.00 -0.02 -0.14 -0.50 -0.86 -0.99 -1.00 -1.00 -1.00 -1.00 -1.00 -1.00 -1.00
GLU-B3692_ -0.00 -0.00 -0.00 -0.04 -0.22 -0.61 -0.91 -0.98 -1.00 -1.00 -1.00 -1.00 -1.00 -1.00 -1.00
LYS+B3693_  1.00  1.00  1.00  1.00  1.00  1.00  1.00  1.00  1.00  1.00  0.99  0.94  0.77  0.35  0.07
LYS+B3694_  1.00  1.00  1.00  1.00  1.00  1.00  1.00  1.00  1.00  1.00  0.97  0.78  0.34  0.08  0.01
ASP-B3696_ -0.13 -0.53 -0.85 -0.95 -0.97 -0.99 -0.99 -1.00 -1.00 -1.00 -1.00 -1.00 -1.00 -1.00 -1.00
HIS+B3699_  0.99  0.96  0.83  0.52  0.18  0.08  0.03  0.01  0.00  0.00  0.00  0.00  0.00  0.00  0.00
HIS+B3704_  1.00  1.00  1.00  1.00  1.00  0.98  0.84  0.37  0.06  0.01  0.00  0.00  0.00  0.00  0.00
ARG+B3707_  1.00  1.00  1.00  1.00  1.00  1.00  1.00  1.00  1.00  1.00  1.00  0.99  0.94  0.63  0.18
GLU-B3712_ -0.00 -0.00 -0.02 -0.12 -0.55 -0.91 -0.99 -1.00 -1.00 -1.00 -1.00 -1.00 -1.00 -1.00 -1.00
LYS+B3713_  1.00  1.00  1.00  1.00  1.00  1.00  1.00  1.00  0.98  0.84  0.39  0.12  0.06  0.03  0.01
LYS+B3715_  1.00  1.00  1.00  1.00  1.00  1.00  1.00  1.00  1.00  0.98  0.87  0.48  0.12  0.02  0.00
ASP-B3717_ -0.00 -0.00 -0.00 -0.00 -0.00 -0.00 -0.00 -0.00 -0.00 -0.01 -0.04 -0.06 -0.13 -0.46 -0.87
GLU-B3718_ -0.00 -0.01 -0.06 -0.24 -0.62 -0.91 -0.99 -1.00 -1.00 -1.00 -1.00 -1.00 -1.00 -1.00 -1.00
ASP-B3719_ -0.00 -0.04 -0.23 -0.69 -0.94 -0.99 -1.00 -1.00 -1.00 -1.00 -1.00 -1.00 -1.00 -1.00 -1.00
TYR-B3720_ -0.00 -0.00 -0.00 -0.00 -0.00 -0.00 -0.00 -0.00 -0.00 -0.03 -0.21 -0.66 -0.93 -0.99 -1.00
TYR-B3722_ -0.00 -0.00 -0.00 -0.00 -0.00 -0.00 -0.00 -0.00 -0.00 -0.00 -0.00 -0.00 -0.00 -0.00 -0.00
TYR-B3725_ -0.00 -0.00 -0.00 -0.00 -0.00 -0.00 -0.00 -0.00 -0.00 -0.01 -0.05 -0.24 -0.67 -0.94 -0.99
ASP-B3727_ -0.00 -0.03 -0.12 -0.32 -0.61 -0.84 -0.96 -0.99 -1.00 -1.00 -1.00 -1.00 -1.00 -1.00 -1.00
LYS+B3731_  1.00  1.00  1.00  1.00  1.00  1.00  1.00  1.00  1.00  1.00  1.00  1.00  0.99  0.91  0.60
CYS-B3733_ -0.00 -0.00 -0.00 -0.00 -0.00 -0.00 -0.00 -0.00 -0.00 -0.00 -0.00 -0.00 -0.00 -0.00 -0.00
HIS+B3734_  0.50  0.23  0.13  0.09  0.07  0.06  0.05  0.02  0.00  0.00  0.00  0.00  0.00  0.00  0.00
GLU-B3736_ -0.00 -0.00 -0.00 -0.00 -0.00 -0.00 -0.00 -0.00 -0.00 -0.00 -0.00 -0.01 -0.03 -0.12 -0.37
GLU-B3737_ -0.00 -0.02 -0.06 -0.14 -0.29 -0.52 -0.77 -0.93 -0.98 -1.00 -1.00 -1.00 -1.00 -1.00 -1.00
GLU-B3740_ -0.00 -0.01 -0.01 -0.03 -0.05 -0.08 -0.12 -0.25 -0.54 -0.87 -0.98 -0.99 -1.00 -1.00 -1.00
CTR-B3741_ -0.00 -0.00 -0.02 -0.07 -0.21 -0.51 -0.82 -0.96 -0.99 -1.00 -1.00 -1.00 -1.00 -1.00 -1.00
NTR+B3747_  1.00  1.00  1.00  1.00  1.00  0.99  0.97  0.79  0.30  0.05  0.01  0.00  0.00  0.00  0.00
GLU-B3747_ -0.00 -0.00 -0.01 -0.07 -0.30 -0.72 -0.93 -0.99 -1.00 -1.00 -1.00 -1.00 -1.00 -1.00 -1.00
GLU-B3748_ -0.00 -0.02 -0.08 -0.32 -0.64 -0.88 -0.94 -0.91 -0.91 -0.92 -0.95 -0.98 -0.99 -1.00 -1.00
GLU-B3750_ -0.00 -0.00 -0.01 -0.03 -0.06 -0.04 -0.05 -0.09 -0.10 -0.10 -0.22 -0.63 -0.92 -0.99 -1.00
GLU-B3754_ -0.00 -0.00 -0.00 -0.02 -0.04 -0.12 -0.33 -0.77 -0.95 -0.99 -1.00 -1.00 -1.00 -1.00 -1.00
GLU-B3755_ -0.02 -0.09 -0.37 -0.74 -0.92 -0.97 -0.99 -1.00 -1.00 -1.00 -1.00 -1.00 -1.00 -1.00 -1.00
LYS+B3756_  1.00  1.00  1.00  1.00  1.00  1.00  1.00  1.00  1.00  1.00  1.00  1.00  0.99  0.94  0.81
GLU-B3757_ -0.17 -0.36 -0.59 -0.79 -0.91 -0.97 -0.99 -1.00 -1.00 -1.00 -1.00 -1.00 -1.00 -1.00 -1.00
GLU-B3759_ -0.01 -0.04 -0.11 -0.18 -0.34 -0.55 -0.79 -0.90 -0.96 -0.99 -1.00 -1.00 -1.00 -1.00 -1.00
LYS+B3760_  1.00  1.00  1.00  1.00  1.00  1.00  1.00  1.00  1.00  1.00  1.00  1.00  1.00  0.99  0.98
ARG+B3762_  1.00  1.00  1.00  1.00  1.00  1.00  1.00  1.00  1.00  1.00  1.00  1.00  1.00  1.00  1.00
TYR-B3765_ -0.00 -0.00 -0.00 -0.00 -0.00 -0.00 -0.00 -0.00 -0.00 -0.00 -0.00 -0.00 -0.00 -0.00 -0.00
ARG+B3769_  1.00  1.00  1.00  1.00  1.00  1.00  1.00  1.00  1.00  1.00  1.00  1.00  1.00  1.00  1.00
HIS+B3771_  1.00  0.99  0.99  0.98  0.97  0.95  0.86  0.56  0.15  0.03  0.00  0.00  0.00  0.00  0.00
ARG+B3773_  1.00  1.00  1.00  1.00  1.00  1.00  1.00  1.00  1.00  1.00  1.00  1.00  0.99  0.98  0.90
GLU-B3777_ -0.00 -0.00 -0.01 -0.03 -0.08 -0.26 -0.68 -0.94 -0.99 -1.00 -1.00 -1.00 -1.00 -1.00 -1.00
CYS-B3786_ -0.00 -0.00 -0.00 -0.00 -0.00 -0.00 -0.00 -0.00 -0.00 -0.00 -0.00 -0.00 -0.00 -0.00 -0.00
LYS+B3787_  1.00  1.00  1.00  1.00  1.00  1.00  1.00  1.00  1.00  0.99  0.94  0.69  0.24  0.04  0.01
GLU-B3789_ -0.00 -0.03 -0.23 -0.67 -0.91 -0.99 -1.00 -1.00 -1.00 -1.00 -1.00 -1.00 -1.00 -1.00 -1.00
LYS+B3799_  1.00  1.00  1.00  1.00  1.00  1.00  1.00  1.00  1.00  1.00  1.00  1.00  0.99  0.96  0.77
GLU-B3811_ -0.02 -0.13 -0.44 -0.77 -0.94 -0.99 -1.00 -1.00 -1.00 -1.00 -1.00 -1.00 -1.00 -1.00 -1.00
LYS+B3815_  1.00  1.00  1.00  1.00  1.00  1.00  1.00  0.98  0.93  0.62  0.17  0.03  0.01  0.00  0.00
ASP-B3818_ -0.00 -0.02 -0.09 -0.27 -0.59 -0.86 -0.98 -1.00 -1.00 -1.00 -1.00 -1.00 -1.00 -1.00 -1.00
TYR-B3819_ -0.00 -0.00 -0.00 -0.00 -0.00 -0.00 -0.00 -0.00 -0.00 -0.00 -0.00 -0.00 -0.01 -0.04 -0.19
LYS+B3821_  1.00  1.00  1.00  1.00  1.00  1.00  1.00  0.99  0.92  0.57  0.16  0.04  0.01  0.00  0.00
ASP-B3822_ -0.00 -0.02 -0.11 -0.44 -0.80 -0.95 -0.99 -1.00 -1.00 -1.00 -1.00 -1.00 -1.00 -1.00 -1.00
LYS+B3823_  1.00  1.00  1.00  1.00  1.00  1.00  1.00  1.00  1.00  1.00  1.00  1.00  1.00  1.00  1.00
LYS+B3824_  1.00  1.00  1.00  1.00  1.00  1.00  1.00  1.00  1.00  0.98  0.87  0.49  0.10  0.01  0.00
GLU-B3825_ -1.00 -1.00 -1.00 -1.00 -1.00 -1.00 -1.00 -1.00 -1.00 -1.00 -1.00 -1.00 -1.00 -1.00 -1.00
CYS-B3839_ -0.00 -0.00 -0.00 -0.00 -0.00 -0.00 -0.00 -0.00 -0.00 -0.00 -0.00 -0.00 -0.00 -0.00 -0.00
ASP-B3843_ -0.00 -0.00 -0.00 -0.01 -0.07 -0.26 -0.66 -0.92 -0.99 -1.00 -1.00 -1.00 -1.00 -1.00 -1.00
GLU-B3848_ -0.00 -0.00 -0.00 -0.02 -0.14 -0.51 -0.85 -0.97 -1.00 -1.00 -1.00 -1.00 -1.00 -1.00 -1.00
ARG+B3849_  1.00  1.00  1.00  1.00  1.00  1.00  1.00  1.00  1.00  1.00  1.00  0.99  0.94  0.63  0.17
LYS+B3852_  1.00  1.00  1.00  1.00  1.00  1.00  1.00  1.00  1.00  0.98  0.88  0.44  0.08  0.01  0.00
GLU-B3854_ -0.00 -0.00 -0.01 -0.02 -0.06 -0.27 -0.69 -0.94 -0.99 -1.00 -1.00 -1.00 -1.00 -1.00 -1.00
GLU-B3861_ -0.00 -0.00 -0.01 -0.09 -0.46 -0.85 -0.97 -1.00 -1.00 -1.00 -1.00 -1.00 -1.00 -1.00 -1.00
ASP-B3862_ -0.00 -0.00 -0.00 -0.00 -0.01 -0.07 -0.36 -0.84 -0.98 -1.00 -1.00 -1.00 -1.00 -1.00 -1.00
ARG+B3868_  0.00  0.00  0.00  0.00  0.00  0.00  0.00  0.00  0.00  0.00  0.00  0.00  0.00  0.00  0.00
GLU-B3872_ -0.00 -0.00 -0.03 -0.14 -0.46 -0.82 -0.96 -1.00 -1.00 -1.00 -1.00 -1.00 -1.00 -1.00 -1.00
LYS+B3873_  1.00  1.00  1.00  1.00  0.98  0.92  0.69  0.24  0.04  0.01  0.00  0.00  0.00  0.00  0.00
ASP-B3877_ -0.00 -0.00 -0.00 -0.00 -0.00 -0.00 -0.01 -0.03 -0.18 -0.51 -0.84 -0.95 -0.99 -1.00 -1.00
ASP-B3878_ -0.16 -0.55 -0.85 -0.96 -0.98 -0.99 -1.00 -1.00 -1.00 -1.00 -1.00 -1.00 -1.00 -1.00 -1.00
GLU-B3879_ -0.00 -0.02 -0.09 -0.30 -0.60 -0.85 -0.96 -0.99 -1.00 -1.00 -1.00 -1.00 -1.00 -1.00 -1.00
ASP-B3883_ -0.00 -0.00 -0.00 -0.00 -0.00 -0.00 -0.00 -0.00 -0.02 -0.07 -0.25 -0.63 -0.89 -0.98 -0.99
ARG+B3886_  1.00  1.00  1.00  1.00  1.00  1.00  1.00  1.00  1.00  1.00  1.00  1.00  1.00  1.00  1.00
CYS-B3892_ -0.00 -0.00 -0.00 -0.00 -0.00 -0.00 -0.00 -0.00 -0.00 -0.00 -0.00 -0.00 -0.00 -0.00 -0.00
GLU-B3893_ -0.00 -0.00 -0.00 -0.00 -0.00 -0.00 -0.00 -0.00 -0.00 -0.00 -0.01 -0.02 -0.06 -0.23 -0.57
HIS+B3895_  0.97  0.88  0.69  0.50  0.30  0.14  0.05  0.04  0.02  0.02  0.01  0.01  0.00  0.00  0.00
ASP-B3898_ -0.00 -0.04 -0.17 -0.50 -0.82 -0.96 -0.99 -1.00 -1.00 -1.00 -1.00 -1.00 -1.00 -1.00 -1.00
TYR-B3902_ -0.00 -0.00 -0.00 -0.00 -0.00 -0.00 -0.00 -0.00 -0.00 -0.00 -0.00 -0.00 -0.00 -0.02 -0.11
ARG+B3904_  1.00  1.00  1.00  1.00  1.00  1.00  1.00  1.00  1.00  1.00  1.00  1.00  1.00  0.99  0.97
CYS-B3918_ -0.00 -0.00 -0.00 -0.00 -0.00 -0.00 -0.00 -0.00 -0.00 -0.00 -0.05 -0.27 -0.72 -0.95 -0.99
ASP-B3921_ -0.00 -0.01 -0.10 -0.46 -0.82 -0.96 -1.00 -1.00 -1.00 -1.00 -1.00 -1.00 -1.00 -1.00 -1.00
TYR-B3922_ -0.00 -0.00 -0.00 -0.00 -0.00 -0.00 -0.00 -0.00 -0.00 -0.00 -0.00 -0.00 -0.00 -0.00 -0.00
ARG+B3925_  1.00  1.00  1.00  1.00  1.00  1.00  1.00  1.00  1.00  1.00  1.00  1.00  1.00  0.99  0.96
GLU-B3928_ -0.00 -0.00 -0.04 -0.20 -0.48 -0.79 -0.95 -0.99 -1.00 -1.00 -1.00 -1.00 -1.00 -1.00 -1.00
ASP-B3932_ -0.00 -0.00 -0.02 -0.09 -0.29 -0.61 -0.89 -0.98 -1.00 -1.00 -1.00 -1.00 -1.00 -1.00 -1.00
TYR-B3934_ -0.00 -0.00 -0.00 -0.00 -0.00 -0.00 -0.00 -0.00 -0.00 -0.01 -0.06 -0.24 -0.65 -0.85 -0.93
TYR-B3936_ -0.00 -0.00 -0.00 -0.00 -0.00 -0.00 -0.00 -0.00 -0.00 -0.00 -0.00 -0.00 -0.01 -0.07 -0.35
TYR-B3937_ -0.00 -0.00 -0.00 -0.00 -0.00 -0.00 -0.00 -0.00 -0.00 -0.00 -0.00 -0.00 -0.00 -0.00 -0.00
LYS+B3940_  1.00  1.00  1.00  1.00  1.00  1.00  1.00  0.99  0.94  0.64  0.19  0.04  0.01  0.00  0.00
ASP-B3941_ -0.00 -0.02 -0.14 -0.47 -0.84 -0.98 -1.00 -1.00 -1.00 -1.00 -1.00 -1.00 -1.00 -1.00 -1.00
GLU-B3944_ -0.01 -0.08 -0.36 -0.78 -0.96 -0.99 -1.00 -1.00 -1.00 -1.00 -1.00 -1.00 -1.00 -1.00 -1.00
GLU-B3945_ -0.00 -0.02 -0.11 -0.40 -0.79 -0.94 -0.98 -1.00 -1.00 -1.00 -1.00 -1.00 -1.00 -1.00 -1.00
LYS+B3948_  1.00  1.00  1.00  1.00  1.00  1.00  1.00  1.00  0.99  0.92  0.61  0.20  0.04  0.01  0.00
ARG+B3949_  1.00  1.00  1.00  1.00  1.00  1.00  1.00  1.00  1.00  1.00  1.00  1.00  1.00  0.99  0.91
LYS+B3953_  1.00  1.00  1.00  1.00  1.00  0.99  0.97  0.90  0.60  0.23  0.05  0.01  0.00  0.00  0.00
LYS+B3959_  1.00  1.00  1.00  1.00  1.00  1.00  1.00  1.00  1.00  1.00  1.00  1.00  0.99  0.95  0.80
GLU-B3967_ -0.00 -0.00 -0.00 -0.00 -0.00 -0.00 -0.00 -0.00 -0.00 -0.00 -0.00 -0.00 -0.00 -0.01 -0.02
TYR-B3968_ -0.00 -0.00 -0.00 -0.00 -0.00 -0.00 -0.00 -0.00 -0.00 -0.00 -0.00 -0.00 -0.00 -0.00 -0.00
CYS-B3973_ -0.00 -0.00 -0.00 -0.00 -0.00 -0.00 -0.00 -0.01 -0.03 -0.12 -0.33 -0.68 -0.92 -0.98 -0.98
HIS+B3982_  1.00  1.00  1.00  1.00  1.00  1.00  0.98  0.82  0.37  0.07  0.00  0.00  0.00  0.00  0.00
ARG+B3984_  1.00  1.00  1.00  1.00  1.00  1.00  1.00  1.00  1.00  1.00  1.00  1.00  0.98  0.87  0.45
ASP-B3987_ -0.00 -0.01 -0.06 -0.26 -0.63 -0.88 -0.97 -1.00 -1.00 -1.00 -1.00 -1.00 -1.00 -1.00 -1.00
HIS+B3994_  1.00  1.00  0.98  0.91  0.79  0.68  0.58  0.29  0.06  0.01  0.00  0.00  0.00  0.00  0.00
HIS+B3998_  1.00  1.00  0.97  0.85  0.61  0.40  0.28  0.11  0.02  0.00  0.00  0.00  0.00  0.00  0.00
LYS+B4002_  1.00  1.00  1.00  1.00  1.00  1.00  1.00  1.00  1.00  0.99  0.98  0.94  0.88  0.80  0.53
ASP-B4006_ -0.04 -0.28 -0.73 -0.91 -0.98 -1.00 -1.00 -1.00 -1.00 -1.00 -1.00 -1.00 -1.00 -1.00 -1.00
GLU-B4011_ -0.01 -0.06 -0.28 -0.63 -0.89 -0.97 -1.00 -1.00 -1.00 -1.00 -1.00 -1.00 -1.00 -1.00 -1.00
LYS+B4014_  1.00  1.00  1.00  1.00  1.00  1.00  1.00  1.00  1.00  1.00  0.99  0.91  0.61  0.17  0.03
GLU-B4015_ -0.00 -0.01 -0.03 -0.09 -0.19 -0.42 -0.75 -0.93 -0.98 -1.00 -1.00 -1.00 -1.00 -1.00 -1.00
ASP-B4018_ -0.04 -0.12 -0.26 -0.41 -0.61 -0.76 -0.89 -0.95 -0.99 -1.00 -1.00 -1.00 -1.00 -1.00 -1.00
LYS+B4021_  1.00  1.00  1.00  1.00  1.00  1.00  1.00  1.00  1.00  1.00  1.00  1.00  1.00  0.98  0.92
ASP-B4022_ -0.00 -0.02 -0.03 -0.06 -0.08 -0.13 -0.24 -0.48 -0.78 -0.95 -0.99 -1.00 -1.00 -1.00 -1.00
GLU-B4032_ -0.00 -0.00 -0.01 -0.00 -0.02 -0.02 -0.03 -0.07 -0.13 -0.34 -0.65 -0.85 -0.96 -0.99 -1.00
ARG+B4042_  1.00  1.00  1.00  1.00  1.00  1.00  1.00  1.00  1.00  1.00  1.00  0.99  0.92  0.55  0.12
ASP-B4046_ -0.00 -0.00 -0.04 -0.26 -0.68 -0.93 -0.99 -1.00 -1.00 -1.00 -1.00 -1.00 -1.00 -1.00 -1.00
GLU-B4050_ -0.00 -0.00 -0.00 -0.01 -0.02 -0.06 -0.25 -0.70 -0.94 -0.99 -1.00 -1.00 -1.00 -1.00 -1.00
GLU-B4056_ -0.00 -0.01 -0.04 -0.24 -0.66 -0.92 -0.98 -1.00 -1.00 -1.00 -1.00 -1.00 -1.00 -1.00 -1.00
LYS+B4060_  1.00  1.00  1.00  1.00  1.00  1.00  1.00  0.99  0.97  0.81  0.42  0.09  0.01  0.00  0.00
ASP-B4063_ -0.06 -0.34 -0.78 -0.95 -0.98 -0.99 -1.00 -1.00 -1.00 -1.00 -1.00 -1.00 -1.00 -1.00 -1.00
LYS+B4067_  1.00  1.00  1.00  1.00  1.00  1.00  1.00  0.99  0.95  0.70  0.26  0.06  0.01  0.00  0.00
LYS+B4069_  1.00  1.00  1.00  1.00  1.00  1.00  1.00  1.00  1.00  1.00  0.98  0.90  0.73  0.43  0.11
ASP-B4070_ -0.00 -0.02 -0.09 -0.33 -0.69 -0.89 -0.98 -1.00 -1.00 -1.00 -1.00 -1.00 -1.00 -1.00 -1.00
GLU-B4075_ -0.00 -0.00 -0.00 -0.03 -0.18 -0.52 -0.87 -0.98 -1.00 -1.00 -1.00 -1.00 -1.00 -1.00 -1.00
ASP-B4079_ -0.00 -0.00 -0.00 -0.03 -0.18 -0.58 -0.86 -0.98 -1.00 -1.00 -1.00 -1.00 -1.00 -1.00 -1.00
TYR-B4080_ -0.00 -0.00 -0.00 -0.00 -0.00 -0.00 -0.00 -0.00 -0.00 -0.00 -0.00 -0.00 -0.00 -0.00 -0.00
ASP-B4083_ -0.00 -0.01 -0.10 -0.47 -0.78 -0.92 -0.98 -1.00 -1.00 -1.00 -1.00 -1.00 -1.00 -1.00 -1.00
ARG+B4085_  1.00  1.00  1.00  1.00  1.00  1.00  1.00  1.00  1.00  1.00  0.99  0.95  0.66  0.16  0.02
LYS+B4090_  1.00  1.00  1.00  1.00  1.00  1.00  1.00  1.00  1.00  0.98  0.87  0.56  0.17  0.02  0.00
LYS+B4091_  1.00  1.00  1.00  1.00  1.00  1.00  1.00  1.00  0.99  0.94  0.65  0.25  0.06  0.01  0.00
ASP-B4092_ -0.00 -0.00 -0.02 -0.09 -0.24 -0.51 -0.84 -0.98 -1.00 -1.00 -1.00 -1.00 -1.00 -1.00 -1.00
LYS+B4095_  1.00  1.00  1.00  1.00  1.00  1.00  1.00  1.00  1.00  0.99  0.88  0.48  0.11  0.01  0.00
ASP-B4098_ -0.00 -0.00 -0.03 -0.24 -0.71 -0.95 -0.99 -1.00 -1.00 -1.00 -1.00 -1.00 -1.00 -1.00 -1.00
LYS+B4101_  1.00  1.00  1.00  1.00  1.00  1.00  1.00  1.00  1.00  1.00  0.98  0.85  0.39  0.06  0.01
GLU-B4107_ -0.00 -0.00 -0.00 -0.01 -0.06 -0.25 -0.70 -0.93 -0.99 -1.00 -1.00 -1.00 -1.00 -1.00 -1.00
CYS-B4114_ -0.00 -0.00 -0.00 -0.00 -0.00 -0.00 -0.00 -0.00 -0.00 -0.00 -0.00 -0.00 -0.00 -0.00 -0.00
GLU-B4116_ -0.00 -0.00 -0.00 -0.00 -0.01 -0.03 -0.13 -0.42 -0.84 -0.98 -1.00 -1.00 -1.00 -1.00 -1.00
ASP-B4118_ -0.00 -0.00 -0.00 -0.02 -0.07 -0.28 -0.61 -0.90 -0.98 -1.00 -1.00 -1.00 -1.00 -1.00 -1.00
GLU-B4119_ -0.00 -0.00 -0.02 -0.18 -0.64 -0.91 -0.98 -1.00 -1.00 -1.00 -1.00 -1.00 -1.00 -1.00 -1.00
GLU-B4121_ -0.00 -0.00 -0.00 -0.02 -0.08 -0.35 -0.72 -0.94 -0.99 -1.00 -1.00 -1.00 -1.00 -1.00 -1.00
GLU-B4126_ -0.00 -0.00 -0.00 -0.06 -0.28 -0.72 -0.94 -0.99 -1.00 -1.00 -1.00 -1.00 -1.00 -1.00 -1.00
GLU-B4127_ -0.00 -0.00 -0.00 -0.01 -0.05 -0.17 -0.46 -0.80 -0.95 -0.99 -1.00 -1.00 -1.00 -1.00 -1.00
ARG+B4131_  1.00  1.00  1.00  1.00  1.00  1.00  1.00  1.00  1.00  1.00  1.00  1.00  1.00  1.00  1.00
GLU-B4134_ -0.01 -0.04 -0.13 -0.28 -0.49 -0.72 -0.90 -0.98 -1.00 -1.00 -1.00 -1.00 -1.00 -1.00 -1.00
ARG+B4137_  1.00  1.00  1.00  1.00  1.00  1.00  1.00  1.00  1.00  1.00  1.00  1.00  1.00  1.00  1.00
ASP-B4138_ -0.13 -0.41 -0.63 -0.75 -0.81 -0.88 -0.94 -0.98 -1.00 -1.00 -1.00 -1.00 -1.00 -1.00 -1.00
GLU-B4152_ -0.01 -0.08 -0.26 -0.44 -0.55 -0.72 -0.90 -0.97 -0.99 -0.99 -1.00 -1.00 -1.00 -1.00 -1.00
HIS+B4153_  0.98  0.93  0.80  0.64  0.41  0.24  0.13  0.07  0.03  0.01  0.00  0.00  0.00  0.00  0.00
HIS+B4156_  1.00  1.00  1.00  0.99  0.98  0.94  0.75  0.28  0.05  0.01  0.00  0.00  0.00  0.00  0.00
ASP-B4157_ -1.00 -1.00 -1.00 -1.00 -1.00 -1.00 -1.00 -1.00 -1.00 -1.00 -1.00 -1.00 -1.00 -1.00 -1.00
ARG+B4159_  1.00  1.00  1.00  1.00  1.00  1.00  1.00  1.00  1.00  1.00  1.00  1.00  1.00  1.00  1.00
ARG+B4161_  1.00  1.00  1.00  1.00  1.00  1.00  1.00  1.00  1.00  1.00  1.00  0.99  0.96  0.76  0.25
GLU-B4165_ -0.00 -0.00 -0.01 -0.07 -0.30 -0.69 -0.94 -0.99 -1.00 -1.00 -1.00 -1.00 -1.00 -1.00 -1.00
GLU-B4168_ -0.00 -0.00 -0.02 -0.06 -0.20 -0.44 -0.81 -0.97 -1.00 -1.00 -1.00 -1.00 -1.00 -1.00 -1.00
GLU-B4172_ -0.00 -0.01 -0.07 -0.24 -0.56 -0.84 -0.96 -0.99 -1.00 -1.00 -1.00 -1.00 -1.00 -1.00 -1.00
TYR-B4173_ -0.00 -0.00 -0.00 -0.00 -0.00 -0.00 -0.00 -0.00 -0.00 -0.01 -0.06 -0.29 -0.62 -0.81 -0.94
ARG+B4175_  1.00  1.00  1.00  1.00  1.00  1.00  1.00  1.00  1.00  1.00  1.00  1.00  1.00  0.99  0.96
TYR-B4177_ -0.00 -0.00 -0.00 -0.00 -0.00 -0.00 -0.00 -0.00 -0.00 -0.00 -0.00 -0.00 -0.02 -0.06 -0.17
ARG+B4180_  0.00  0.00  0.00  0.00  0.00  0.00  0.00  0.00  0.00  0.00  0.00  0.00  0.00  0.00  0.00
GLU-B4182_ -0.83 -0.95 -0.95 -1.00 -1.00 -0.98 -1.00 -1.00 -1.00 -0.99 -1.00 -1.00 -0.98 -1.00 -0.99
ARG+B4188_  1.00  1.00  1.00  1.00  1.00  1.00  1.00  1.00  1.00  1.00  1.00  0.99  0.96  0.73  0.25
ARG+B4189_  1.00  1.00  1.00  1.00  1.00  1.00  1.00  1.00  1.00  1.00  1.00  1.00  1.00  0.98  0.93
GLU-B4191_ -0.00 -0.00 -0.00 -0.01 -0.02 -0.06 -0.18 -0.45 -0.80 -0.94 -0.98 -1.00 -1.00 -1.00 -1.00
ARG+B4192_  1.00  1.00  1.00  1.00  1.00  1.00  1.00  1.00  1.00  1.00  1.00  1.00  1.00  1.00  1.00
TYR-B4194_ -0.00 -0.00 -0.00 -0.00 -0.00 -0.00 -0.00 -0.00 -0.00 -0.00 -0.00 -0.00 -0.00 -0.00 -0.00
GLU-B4196_ -0.02 -0.08 -0.19 -0.28 -0.46 -0.62 -0.83 -0.94 -0.99 -1.00 -1.00 -1.00 -1.00 -1.00 -1.00
GLU-B4199_ -0.01 -0.06 -0.25 -0.55 -0.76 -0.91 -0.97 -1.00 -1.00 -1.00 -1.00 -1.00 -1.00 -1.00 -1.00
ARG+B4202_  1.00  1.00  1.00  1.00  1.00  1.00  1.00  1.00  1.00  1.00  1.00  0.98  0.91  0.59  0.26
GLU-B4206_ -0.01 -0.08 -0.37 -0.74 -0.94 -0.98 -1.00 -1.00 -1.00 -1.00 -1.00 -1.00 -1.00 -1.00 -1.00
LYS+B4211_  1.00  1.00  1.00  1.00  1.00  0.99  0.97  0.93  0.92  0.89  0.75  0.36  0.09  0.02  0.01
GLU-B4212_ -0.00 -0.06 -0.30 -0.77 -0.96 -0.99 -1.00 -1.00 -1.00 -1.00 -1.00 -1.00 -1.00 -1.00 -1.00
LYS+B4214_  1.00  1.00  0.99  0.98  0.95  0.80  0.46  0.18  0.09  0.09  0.08  0.04  0.01  0.00  0.00
ARG+B4215_  1.00  1.00  1.00  1.00  1.00  1.00  1.00  1.00  1.00  1.00  1.00  0.99  0.98  0.93  0.65
ASP-B4220_ -0.00 -0.00 -0.00 -0.02 -0.08 -0.30 -0.65 -0.91 -0.98 -1.00 -1.00 -1.00 -1.00 -1.00 -1.00
GLU-B4224_ -0.00 -0.00 -0.03 -0.16 -0.51 -0.86 -0.97 -0.99 -1.00 -1.00 -1.00 -1.00 -1.00 -1.00 -1.00
GLU-B4227_ -0.00 -0.01 -0.08 -0.33 -0.71 -0.93 -0.99 -1.00 -1.00 -1.00 -1.00 -1.00 -1.00 -1.00 -1.00
GLU-B4229_ -0.01 -0.04 -0.22 -0.53 -0.79 -0.91 -0.98 -1.00 -1.00 -1.00 -1.00 -1.00 -1.00 -1.00 -1.00
LYS+B4230_  1.00  1.00  1.00  1.00  1.00  1.00  1.00  1.00  1.00  1.00  0.99  0.92  0.62  0.16  0.02
GLU-B4232_ -0.00 -0.02 -0.07 -0.18 -0.34 -0.59 -0.88 -0.98 -1.00 -1.00 -1.00 -1.00 -1.00 -1.00 -1.00
CYS-B4238_ -0.00 -0.00 -0.00 -0.00 -0.00 -0.00 -0.00 -0.00 -0.00 -0.00 -0.00 -0.00 -0.00 -0.00 -0.00
GLU-B4239_ -0.97 -1.00 -1.00 -1.00 -1.00 -1.00 -1.00 -1.00 -1.00 -1.00 -1.00 -1.00 -1.00 -1.00 -1.00
ASP-B4240_ -0.38 -0.74 -0.94 -0.98 -0.99 -1.00 -1.00 -1.00 -1.00 -1.00 -1.00 -1.00 -1.00 -1.00 -1.00
GLU-B4244_ -0.00 -0.00 -0.00 -0.02 -0.06 -0.24 -0.56 -0.87 -0.98 -0.99 -1.00 -1.00 -1.00 -1.00 -1.00
GLU-B4253_ -0.00 -0.00 -0.01 -0.09 -0.38 -0.78 -0.97 -0.99 -1.00 -1.00 -1.00 -1.00 -1.00 -1.00 -1.00
CTR-B4253_ -0.00 -0.01 -0.06 -0.30 -0.68 -0.92 -0.99 -1.00 -1.00 -1.00 -1.00 -1.00 -1.00 -1.00 -1.00
NTR+B4540_  0.00  0.00  0.00  0.00  0.00  0.00  0.00  0.00  0.00  0.00  0.00  0.00  0.00  0.00  0.00
GLU-B4543_ -0.00 -0.00 -0.00 -0.05 -0.28 -0.77 -0.96 -1.00 -1.00 -1.00 -1.00 -1.00 -1.00 -1.00 -1.00
GLU-B4545_ -0.00 -0.01 -0.05 -0.28 -0.74 -0.95 -0.99 -1.00 -1.00 -1.00 -1.00 -1.00 -1.00 -1.00 -1.00
ARG+B4548_  1.00  1.00  1.00  1.00  1.00  1.00  1.00  1.00  1.00  1.00  1.00  0.98  0.84  0.45  0.11
LYS+B4550_  1.00  1.00  1.00  1.00  1.00  1.00  1.00  1.00  0.96  0.71  0.22  0.03  0.00  0.00  0.00
TYR-B4554_ -0.00 -0.00 -0.00 -0.00 -0.00 -0.00 -0.00 -0.00 -0.01 -0.06 -0.34 -0.81 -0.97 -1.00 -1.00
ARG+B4557_  1.00  1.00  1.00  1.00  1.00  1.00  1.00  1.00  1.00  1.00  1.00  1.00  0.99  0.97  0.84
TYR-B4560_ -0.00 -0.00 -0.00 -0.00 -0.00 -0.00 -0.00 -0.00 -0.00 -0.03 -0.10 -0.33 -0.76 -0.94 -0.98
ARG+B4563_  1.00  1.00  1.00  1.00  1.00  1.00  1.00  1.00  1.00  1.00  1.00  1.00  0.99  0.98  0.91
TYR-B4580_ -0.00 -0.00 -0.00 -0.00 -0.00 -0.00 -0.00 -0.00 -0.00 -0.00 -0.01 -0.03 -0.20 -0.67 -0.95
LYS+B4581_  1.00  1.00  1.00  1.00  1.00  1.00  1.00  1.00  1.00  0.99  0.90  0.52  0.14  0.02  0.00
ASP-B4584_ -0.00 -0.00 -0.01 -0.04 -0.28 -0.79 -0.97 -1.00 -1.00 -1.00 -1.00 -1.00 -1.00 -1.00 -1.00
CTR-B4587_ -0.00 -0.00 -0.00 -0.05 -0.33 -0.81 -0.97 -1.00 -1.00 -1.00 -1.00 -1.00 -1.00 -1.00 -1.00
NTR+B4626_  1.00  1.00  1.00  1.00  1.00  1.00  0.99  0.88  0.43  0.07  0.01  0.00  0.00  0.00  0.00
TYR-B4629_ -0.00 -0.00 -0.00 -0.00 -0.00 -0.00 -0.00 -0.00 -0.01 -0.07 -0.38 -0.83 -0.98 -1.00 -1.00
TYR-B4630_ -0.00 -0.00 -0.00 -0.00 -0.00 -0.00 -0.00 -0.00 -0.00 -0.00 -0.03 -0.17 -0.55 -0.90 -0.99
GLU-B4633_ -0.00 -0.00 -0.00 -0.03 -0.18 -0.56 -0.86 -0.97 -1.00 -1.00 -1.00 -1.00 -1.00 -1.00 -1.00
GLU-B4634_ -0.00 -0.00 -0.00 -0.01 -0.08 -0.38 -0.82 -0.98 -1.00 -1.00 -1.00 -1.00 -1.00 -1.00 -1.00
TYR-B4638_ -0.00 -0.00 -0.00 -0.00 -0.00 -0.00 -0.00 -0.00 -0.01 -0.04 -0.31 -0.80 -0.98 -1.00 -1.00
GLU-B4640_ -0.00 -0.00 -0.00 -0.01 -0.08 -0.31 -0.70 -0.94 -0.99 -1.00 -1.00 -1.00 -1.00 -1.00 -1.00
CYS-B4645_ -0.00 -0.00 -0.00 -0.00 -0.00 -0.00 -0.00 -0.00 -0.03 -0.22 -0.68 -0.96 -0.99 -1.00 -1.00
HIS+B4650_  0.00  0.00  0.00  0.00  0.00  0.00  0.00  0.00  0.00  0.00  0.00  0.00  0.00  0.00  0.00
CYS-B4657_ -0.00 -0.00 -0.00 -0.00 -0.00 -0.00 -0.00 -0.00 -0.00 -0.00 -0.00 -0.00 -0.00 -0.00 -0.01
TYR-B4661_ -0.00 -0.00 -0.00 -0.00 -0.00 -0.00 -0.00 -0.00 -0.00 -0.00 -0.00 -0.00 -0.00 -0.00 -0.00
CYS-B4663_ -0.00 -0.00 -0.00 -0.00 -0.00 -0.00 -0.00 -0.00 -0.00 -0.00 -0.01 -0.04 -0.20 -0.52 -0.88
LYS+B4665_  1.00  1.00  1.00  1.00  1.00  1.00  1.00  0.99  0.94  0.67  0.27  0.09  0.03  0.01  0.00
LYS+B4672_  1.00  1.00  1.00  1.00  1.00  1.00  1.00  1.00  1.00  1.00  0.99  0.97  0.90  0.68  0.34
ARG+B4673_  1.00  1.00  1.00  1.00  1.00  1.00  1.00  1.00  1.00  1.00  0.99  0.99  0.98  0.98  0.97
GLU-B4674_ -0.00 -0.00 -0.00 -0.00 -0.00 -0.00 -0.00 -0.01 -0.07 -0.31 -0.53 -0.62 -0.74 -0.83 -0.89
LYS+B4675_  1.00  1.00  1.00  1.00  1.00  1.00  1.00  1.00  1.00  1.00  1.00  0.99  0.96  0.87  0.78
GLU-B4676_ -0.50 -0.82 -0.94 -0.98 -0.99 -1.00 -1.00 -1.00 -1.00 -1.00 -1.00 -1.00 -1.00 -1.00 -1.00
ARG+B4679_  1.00  1.00  1.00  1.00  1.00  1.00  1.00  1.00  1.00  1.00  1.00  0.98  0.96  0.87  0.74
LYS+B4680_  1.00  1.00  1.00  1.00  1.00  1.00  1.00  1.00  1.00  1.00  0.98  0.93  0.75  0.36  0.10
GLU-B4682_ -0.00 -0.00 -0.01 -0.01 -0.02 -0.02 -0.07 -0.31 -0.76 -0.95 -0.99 -0.99 -0.99 -1.00 -1.00
ASP-B4684_ -0.00 -0.02 -0.11 -0.33 -0.55 -0.83 -0.96 -0.99 -1.00 -1.00 -1.00 -1.00 -1.00 -1.00 -1.00
TYR-B4687_ -0.00 -0.00 -0.00 -0.00 -0.00 -0.00 -0.00 -0.00 -0.00 -0.00 -0.00 -0.00 -0.00 -0.00 -0.00
GLU-B4690_ -0.00 -0.00 -0.02 -0.13 -0.44 -0.80 -0.96 -0.99 -1.00 -1.00 -1.00 -1.00 -1.00 -1.00 -1.00
ASP-B4694_ -0.00 -0.00 -0.00 -0.03 -0.17 -0.51 -0.90 -0.99 -1.00 -1.00 -1.00 -1.00 -1.00 -1.00 -1.00
ASP-B4695_ -0.00 -0.00 -0.02 -0.15 -0.50 -0.83 -0.97 -1.00 -1.00 -1.00 -1.00 -1.00 -1.00 -1.00 -1.00
ASP-B4696_ -0.00 -0.02 -0.12 -0.43 -0.75 -0.92 -0.99 -1.00 -1.00 -1.00 -1.00 -1.00 -1.00 -1.00 -1.00
LYS+B4698_  1.00  1.00  1.00  1.00  1.00  1.00  1.00  1.00  0.99  0.92  0.65  0.25  0.08  0.03  0.01
ASP-B4702_ -0.02 -0.06 -0.19 -0.49 -0.78 -0.94 -0.99 -1.00 -1.00 -1.00 -1.00 -1.00 -1.00 -1.00 -1.00
ARG+B4703_  1.00  1.00  1.00  1.00  1.00  1.00  1.00  1.00  1.00  1.00  1.00  0.99  0.93  0.64  0.18
TYR-B4715_ -0.00 -0.00 -0.00 -0.00 -0.00 -0.00 -0.00 -0.00 -0.00 -0.00 -0.01 -0.02 -0.05 -0.09 -0.13
ASP-B4717_ -1.00 -1.00 -1.00 -1.00 -1.00 -1.00 -1.00 -1.00 -1.00 -1.00 -1.00 -1.00 -1.00 -1.00 -1.00
LYS+B4718_  1.00  1.00  1.00  1.00  1.00  1.00  1.00  1.00  1.00  1.00  0.99  0.97  0.90  0.69  0.32
LYS+B4721_  1.00  1.00  1.00  1.00  1.00  1.00  1.00  0.99  0.96  0.83  0.58  0.29  0.10  0.03  0.01
ARG+B4722_  1.00  1.00  1.00  1.00  1.00  1.00  1.00  1.00  1.00  1.00  1.00  1.00  1.00  0.99  0.99
LYS+B4723_  1.00  1.00  1.00  1.00  1.00  1.00  1.00  1.00  1.00  1.00  1.00  1.00  0.99  0.97  0.90
ASP-B4726_ -0.02 -0.12 -0.37 -0.67 -0.87 -0.97 -0.99 -1.00 -1.00 -1.00 -1.00 -1.00 -1.00 -1.00 -1.00
LYS+B4727_  1.00  1.00  1.00  1.00  1.00  1.00  1.00  1.00  1.00  1.00  0.98  0.87  0.51  0.13  0.02
HIS+B4728_  1.00  0.98  0.87  0.63  0.32  0.09  0.02  0.00  0.00  0.00  0.00  0.00  0.00  0.00  0.00
ASP-B4730_ -0.00 -0.02 -0.10 -0.40 -0.80 -0.97 -0.99 -1.00 -1.00 -1.00 -1.00 -1.00 -1.00 -1.00 -1.00
ARG+B4734_  1.00  1.00  1.00  1.00  1.00  1.00  1.00  1.00  1.00  1.00  1.00  1.00  0.97  0.84  0.44
GLU-B4735_ -0.00 -0.01 -0.09 -0.45 -0.84 -0.97 -0.99 -1.00 -1.00 -1.00 -1.00 -1.00 -1.00 -1.00 -1.00
ARG+B4736_  1.00  1.00  1.00  1.00  1.00  1.00  1.00  1.00  1.00  1.00  1.00  1.00  0.96  0.74  0.27
GLU-B4739_ -0.00 -0.00 -0.01 -0.05 -0.24 -0.65 -0.94 -0.99 -1.00 -1.00 -1.00 -1.00 -1.00 -1.00 -1.00
ASP-B4744_ -0.00 -0.00 -0.01 -0.04 -0.19 -0.51 -0.83 -0.97 -1.00 -1.00 -1.00 -1.00 -1.00 -1.00 -1.00
GLU-B4749_ -0.00 -0.00 -0.01 -0.07 -0.25 -0.57 -0.84 -0.96 -1.00 -1.00 -1.00 -1.00 -1.00 -1.00 -1.00
HIS+B4753_  0.40  0.13  0.04  0.01  0.00  0.00  0.00  0.00  0.00  0.00  0.00  0.00  0.00  0.00  0.00
GLU-B4755_ -0.00 -0.01 -0.05 -0.15 -0.28 -0.46 -0.67 -0.90 -0.98 -0.99 -1.00 -1.00 -1.00 -1.00 -1.00
ARG+B4756_  0.00  0.00  0.00  0.00  0.00  0.00  0.00  0.00  0.00  0.00  0.00  0.00  0.00  0.00  0.00
LYS+B4757_  1.00  1.00  1.00  1.00  1.00  1.00  1.00  1.00  1.00  1.00  0.99  0.95  0.72  0.27  0.06
ASP-B4759_ -0.00 -0.00 -0.01 -0.07 -0.33 -0.76 -0.95 -0.99 -1.00 -1.00 -1.00 -1.00 -1.00 -1.00 -1.00
ASP-B4772_ -0.07 -0.42 -0.82 -0.97 -1.00 -1.00 -1.00 -1.00 -1.00 -1.00 -1.00 -1.00 -1.00 -1.00 -1.00
LYS+B4774_  1.00  1.00  1.00  1.00  1.00  1.00  1.00  1.00  1.00  0.97  0.78  0.30  0.05  0.01  0.00
TYR-B4775_ -0.00 -0.00 -0.00 -0.00 -0.00 -0.00 -0.00 -0.00 -0.00 -0.00 -0.00 -0.00 -0.00 -0.00 -0.00
LYS+B4779_  1.00  1.00  1.00  1.00  1.00  1.00  1.00  1.00  0.99  0.97  0.88  0.57  0.22  0.06  0.01
ASP-B4786_ -0.56 -0.86 -0.97 -1.00 -1.00 -1.00 -1.00 -1.00 -1.00 -1.00 -1.00 -1.00 -1.00 -1.00 -1.00
TYR-B4791_ -0.00 -0.00 -0.00 -0.00 -0.00 -0.00 -0.00 -0.00 -0.00 -0.00 -0.00 -0.00 -0.00 -0.00 -0.01
TYR-B4795_ -0.00 -0.00 -0.00 -0.00 -0.00 -0.00 -0.00 -0.00 -0.00 -0.00 -0.00 -0.00 -0.00 -0.00 -0.00
HIS+B4803_  1.00  1.00  0.99  0.95  0.81  0.48  0.18  0.06  0.01  0.00  0.00  0.00  0.00  0.00  0.00
TYR-B4804_ -0.00 -0.00 -0.00 -0.00 -0.00 -0.00 -0.00 -0.00 -0.01 -0.11 -0.52 -0.91 -0.99 -1.00 -1.00
HIS+B4812_  1.00  1.00  0.99  0.89  0.63  0.60  0.67  0.38  0.07  0.01  0.00  0.00  0.00  0.00  0.00
ASP-B4815_ -0.00 -0.00 -0.01 -0.05 -0.20 -0.52 -0.86 -0.94 -1.00 -1.00 -1.00 -1.00 -1.00 -1.00 -1.00
LYS+B4821_  1.00  1.00  1.00  1.00  1.00  1.00  1.00  0.99  0.95  0.70  0.23  0.04  0.01  0.00  0.00
ARG+B4824_  1.00  1.00  1.00  1.00  1.00  1.00  1.00  1.00  1.00  1.00  1.00  1.00  0.98  0.89  0.58
HIS+B4832_  1.00  1.00  1.00  1.00  1.00  0.99  0.95  0.74  0.28  0.04  0.01  0.00  0.00  0.00  0.00
LYS+B4835_  1.00  1.00  1.00  1.00  1.00  1.00  1.00  1.00  1.00  0.98  0.86  0.42  0.08  0.01  0.00
TYR-B4849_ -0.00 -0.00 -0.00 -0.00 -0.00 -0.00 -0.00 -0.00 -0.02 -0.14 -0.60 -0.93 -0.99 -1.00 -1.00
TYR-B4851_ -0.00 -0.00 -0.00 -0.00 -0.00 -0.00 -0.00 -0.00 -0.00 -0.00 -0.00 -0.04 -0.26 -0.74 -0.96
ARG+B4860_  1.00  1.00  1.00  1.00  1.00  1.00  1.00  1.00  1.00  1.00  1.00  1.00  0.98  0.86  0.47
LYS+B4861_  1.00  1.00  1.00  1.00  1.00  1.00  1.00  1.00  0.99  0.95  0.79  0.44  0.13  0.03  0.01
TYR-B4863_ -0.00 -0.00 -0.00 -0.00 -0.00 -0.00 -0.00 -0.00 -0.00 -0.00 -0.00 -0.00 -0.00 -0.01 -0.02
LYS+B4865_  1.00  1.00  1.00  1.00  1.00  1.00  0.99  0.96  0.83  0.51  0.22  0.11  0.06  0.02  0.00
GLU-B4867_ -0.00 -0.00 -0.00 -0.00 -0.00 -0.01 -0.04 -0.19 -0.60 -0.91 -0.99 -1.00 -1.00 -1.00 -1.00
ASP-B4868_ -0.00 -0.00 -0.02 -0.14 -0.56 -0.86 -0.98 -1.00 -1.00 -1.00 -1.00 -1.00 -1.00 -1.00 -1.00
GLU-B4869_ -0.00 -0.00 -0.00 -0.06 -0.27 -0.67 -0.94 -0.99 -1.00 -1.00 -1.00 -1.00 -1.00 -1.00 -1.00
ASP-B4870_ -0.00 -0.00 -0.00 -0.02 -0.13 -0.45 -0.85 -0.97 -0.99 -1.00 -1.00 -1.00 -1.00 -1.00 -1.00
GLU-B4871_ -0.00 -0.00 -0.05 -0.26 -0.60 -0.86 -0.92 -0.96 -0.98 -0.99 -1.00 -1.00 -1.00 -1.00 -1.00
CTR-B4871_ -0.00 -0.00 -0.00 -0.00 -0.01 -0.01 -0.03 -0.15 -0.48 -0.86 -0.98 -1.00 -1.00 -1.00 -1.00
NTR+B4872_  0.00  0.00  0.00  0.00  0.00  0.00  0.00  0.00  0.00  0.00  0.00  0.00  0.00  0.00  0.00
ASP-B4873_ -0.71 -0.95 -0.99 -1.00 -1.00 -1.00 -1.00 -1.00 -1.00 -1.00 -1.00 -1.00 -1.00 -1.00 -1.00
LYS+B4875_  1.00  1.00  1.00  1.00  1.00  1.00  1.00  1.00  0.99  0.96  0.92  0.85  0.58  0.17  0.03
CYS-B4876_ -0.00 -0.00 -0.00 -0.00 -0.00 -0.00 -0.00 -0.00 -0.00 -0.00 -0.00 -0.00 -0.00 -0.00 -0.00
ASP-B4877_ -0.00 -0.00 -0.00 -0.05 -0.29 -0.73 -0.94 -0.98 -1.00 -1.00 -1.00 -1.00 -1.00 -1.00 -1.00
ASP-B4878_ -0.00 -0.00 -0.00 -0.00 -0.01 -0.05 -0.27 -0.77 -0.97 -1.00 -1.00 -1.00 -1.00 -1.00 -1.00
CYS-B4882_ -0.00 -0.00 -0.00 -0.00 -0.00 -0.00 -0.00 -0.00 -0.00 -0.00 -0.00 -0.00 -0.02 -0.05 -0.13
TYR-B4883_ -0.00 -0.00 -0.00 -0.00 -0.00 -0.00 -0.00 -0.00 -0.00 -0.00 -0.00 -0.00 -0.00 -0.01 -0.07
HIS+B4886_  0.73  0.25  0.05  0.02  0.01  0.00  0.00  0.00  0.00  0.00  0.00  0.00  0.00  0.00  0.00
TYR-B4888_ -0.00 -0.00 -0.00 -0.00 -0.00 -0.00 -0.00 -0.00 -0.04 -0.23 -0.68 -0.95 -0.99 -1.00 -1.00
ARG+B4892_  1.00  1.00  1.00  1.00  1.00  1.00  1.00  1.00  1.00  1.00  1.00  1.00  1.00  1.00  0.99
ASP-B4899_ -0.00 -0.00 -0.00 -0.01 -0.05 -0.19 -0.65 -0.93 -1.00 -1.00 -1.00 -1.00 -1.00 -1.00 -1.00
GLU-B4900_ -0.00 -0.00 -0.00 -0.00 -0.00 -0.00 -0.01 -0.03 -0.13 -0.49 -0.82 -0.98 -1.00 -1.00 -1.00
GLU-B4902_ -0.00 -0.00 -0.00 -0.01 -0.04 -0.07 -0.16 -0.53 -0.88 -0.97 -1.00 -1.00 -1.00 -1.00 -1.00
ASP-B4903_ -0.00 -0.00 -0.04 -0.22 -0.65 -0.93 -0.99 -1.00 -1.00 -1.00 -1.00 -1.00 -1.00 -1.00 -1.00
ASP-B4907_ -0.00 -0.02 -0.20 -0.67 -0.92 -0.98 -1.00 -1.00 -1.00 -1.00 -1.00 -1.00 -1.00 -1.00 -1.00
GLU-B4908_ -0.00 -0.00 -0.02 -0.13 -0.50 -0.87 -0.99 -1.00 -1.00 -1.00 -1.00 -1.00 -1.00 -1.00 -1.00
TYR-B4909_ -0.00 -0.00 -0.00 -0.00 -0.00 -0.00 -0.00 -0.00 -0.02 -0.12 -0.45 -0.83 -0.98 -1.00 -1.00
GLU-B4910_ -0.00 -0.00 -0.00 -0.00 -0.00 -0.00 -0.00 -0.00 -0.00 -0.00 -0.08 -0.31 -0.67 -0.89 -0.98
TYR-B4912_ -0.00 -0.00 -0.00 -0.00 -0.00 -0.00 -0.00 -0.00 -0.03 -0.19 -0.61 -0.91 -0.99 -1.00 -1.00
ARG+B4913_  1.00  1.00  1.00  1.00  1.00  1.00  1.00  1.00  0.99  0.95  0.78  0.64  0.58  0.31  0.07
ASP-B4917_ -0.00 -0.03 -0.09 -0.43 -0.80 -0.95 -0.99 -1.00 -1.00 -1.00 -1.00 -1.00 -1.00 -1.00 -1.00
ASP-B4938_ -0.00 -0.00 -0.04 -0.30 -0.74 -0.96 -0.99 -1.00 -1.00 -1.00 -1.00 -1.00 -1.00 -1.00 -1.00
GLU-B4942_ -0.00 -0.00 -0.00 -0.01 -0.06 -0.23 -0.59 -0.89 -0.98 -1.00 -1.00 -1.00 -1.00 -1.00 -1.00
ARG+B4944_  1.00  1.00  1.00  1.00  1.00  1.00  1.00  1.00  1.00  1.00  1.00  1.00  0.99  0.94  0.56
ASP-B4945_ -0.00 -0.00 -0.01 -0.08 -0.28 -0.60 -0.82 -0.95 -0.99 -1.00 -1.00 -1.00 -1.00 -1.00 -1.00
GLU-B4948_ -0.00 -0.00 -0.01 -0.04 -0.20 -0.49 -0.82 -0.96 -1.00 -1.00 -1.00 -1.00 -1.00 -1.00 -1.00
LYS+B4951_  1.00  1.00  1.00  1.00  1.00  1.00  1.00  1.00  1.00  0.99  0.93  0.64  0.18  0.03  0.00
GLU-B4952_ -0.00 -0.00 -0.00 -0.00 -0.02 -0.09 -0.32 -0.75 -0.96 -1.00 -1.00 -1.00 -1.00 -1.00 -1.00
ASP-B4953_ -0.01 -0.05 -0.27 -0.66 -0.90 -0.97 -1.00 -1.00 -1.00 -1.00 -1.00 -1.00 -1.00 -1.00 -1.00
GLU-B4955_ -0.00 -0.00 -0.01 -0.08 -0.29 -0.73 -0.95 -0.99 -1.00 -1.00 -1.00 -1.00 -1.00 -1.00 -1.00
LYS+B4957_  1.00  1.00  1.00  1.00  1.00  1.00  1.00  1.00  1.00  1.00  1.00  1.00  1.00  1.00  0.99
CYS-B4958_ -0.76 -0.92 -0.93 -1.00 -0.98 -0.98 -1.00 -1.00 -1.00 -1.00 -1.00 -1.00 -1.00 -1.00 -1.00
CYS-B4961_ -0.00 -0.00 -0.00 -0.00 -0.00 -0.00 -0.00 -0.00 -0.00 -0.00 -0.00 -0.00 -0.00 -0.00 -0.01
ASP-B4966_ -0.00 -0.00 -0.03 -0.20 -0.62 -0.91 -0.99 -1.00 -1.00 -1.00 -1.00 -1.00 -1.00 -1.00 -1.00
TYR-B4967_ -0.00 -0.00 -0.00 -0.00 -0.00 -0.00 -0.00 -0.00 -0.00 -0.00 -0.00 -0.02 -0.06 -0.17 -0.52
ASP-B4969_ -0.00 -0.00 -0.00 -0.00 -0.00 -0.01 -0.02 -0.11 -0.43 -0.85 -0.97 -1.00 -1.00 -1.00 -1.00
HIS+B4973_  1.00  1.00  1.00  1.00  1.00  0.99  0.93  0.67  0.21  0.04  0.00  0.00  0.00  0.00  0.00
GLU-B4976_ -0.00 -0.03 -0.20 -0.60 -0.89 -0.97 -0.99 -1.00 -1.00 -1.00 -1.00 -1.00 -1.00 -1.00 -1.00
HIS+B4978_  0.00  0.00  0.00  0.00  0.00  0.00  0.00  0.00  0.00  0.00  0.00  0.00  0.00  0.00  0.00
GLU-B4981_ -0.01 -0.05 -0.22 -0.45 -0.70 -0.89 -0.96 -1.00 -1.00 -1.00 -1.00 -1.00 -1.00 -1.00 -1.00
GLU-B4982_ -0.00 -0.00 -0.00 -0.00 -0.00 -0.00 -0.01 -0.02 -0.08 -0.30 -0.74 -0.95 -0.99 -1.00 -1.00
HIS+B4983_  0.82  0.93  0.93  1.00  0.98  0.97  1.00  1.00  1.00  0.99  1.00  1.00  0.98  1.00  0.98
TYR-B4988_ -0.00 -0.00 -0.00 -0.00 -0.00 -0.00 -0.00 -0.00 -0.00 -0.00 -0.00 -0.00 -0.00 -0.00 -0.00
TYR-B4994_ -0.00 -0.00 -0.00 -0.00 -0.00 -0.00 -0.00 -0.00 -0.00 -0.00 -0.00 -0.00 -0.00 -0.00 -0.00
LYS+B4998_  1.00  1.00  1.00  1.00  1.00  1.00  1.00  1.00  1.00  1.00  1.00  1.00  1.00  1.00  1.00
ASP-B4999_ -0.12 -0.37 -0.59 -0.80 -0.88 -0.95 -0.99 -0.99 -1.00 -1.00 -1.00 -1.00 -1.00 -1.00 -1.00
GLU-B5000_ -0.18 -0.45 -0.65 -0.81 -0.92 -0.97 -0.99 -1.00 -1.00 -1.00 -1.00 -1.00 -1.00 -1.00 -1.00
GLU-B5002_ -0.10 -0.24 -0.43 -0.63 -0.74 -0.86 -0.92 -0.97 -1.00 -1.00 -1.00 -1.00 -1.00 -1.00 -1.00
HIS+B5003_  0.99  0.98  0.96  0.94  0.92  0.85  0.71  0.44  0.20  0.05  0.02  0.00  0.00  0.00  0.00
GLU-B5007_ -1.00 -1.00 -1.00 -1.00 -1.00 -1.00 -1.00 -1.00 -1.00 -1.00 -1.00 -1.00 -1.00 -1.00 -1.00
TYR-B5009_ -0.00 -0.00 -0.00 -0.00 -0.00 -0.00 -0.00 -0.00 -0.00 -0.00 -0.01 -0.02 -0.06 -0.25 -0.62
LYS+B5012_  1.00  1.00  1.00  1.00  1.00  1.00  1.00  1.00  0.99  0.95  0.76  0.41  0.11  0.03  0.01
TYR-B5014_ -0.00 -0.00 -0.00 -0.00 -0.00 -0.00 -0.00 -0.00 -0.00 -0.00 -0.00 -0.00 -0.00 -0.00 -0.00
GLU-B5016_ -0.01 -0.05 -0.24 -0.52 -0.83 -0.95 -0.99 -1.00 -1.00 -1.00 -1.00 -1.00 -1.00 -1.00 -1.00
ARG+B5017_  1.00  1.00  1.00  1.00  1.00  1.00  1.00  1.00  1.00  1.00  1.00  1.00  1.00  0.98  0.95
CYS-B5018_ -0.00 -0.00 -0.00 -0.00 -0.00 -0.00 -0.00 -0.00 -0.01 -0.09 -0.43 -0.80 -0.95 -0.99 -1.00
ASP-B5020_ -0.00 -0.01 -0.08 -0.30 -0.70 -0.93 -0.99 -1.00 -1.00 -1.00 -1.00 -1.00 -1.00 -1.00 -1.00
ASP-B5026_ -0.02 -0.13 -0.54 -0.86 -0.96 -0.99 -1.00 -1.00 -1.00 -1.00 -1.00 -1.00 -1.00 -1.00 -1.00
CYS-B5027_ -0.00 -0.00 -0.00 -0.00 -0.00 -0.00 -0.00 -0.00 -0.00 -0.00 -0.00 -0.00 -0.00 -0.00 -0.00
ARG+B5029_  1.00  1.00  1.00  1.00  1.00  1.00  1.00  1.00  1.00  1.00  1.00  1.00  1.00  1.00  1.00
LYS+B5030_  1.00  1.00  1.00  1.00  1.00  1.00  1.00  1.00  1.00  1.00  0.97  0.77  0.29  0.09  0.03
TYR-B5032_ -0.00 -0.00 -0.00 -0.00 -0.00 -0.00 -0.00 -0.00 -0.00 -0.00 -0.00 -0.00 -0.00 -0.01 -0.05
GLU-B5033_ -0.00 -0.01 -0.04 -0.18 -0.46 -0.81 -0.97 -0.99 -1.00 -1.00 -1.00 -1.00 -1.00 -1.00 -1.00
ASP-B5034_ -0.00 -0.00 -0.01 -0.07 -0.33 -0.77 -0.96 -1.00 -1.00 -1.00 -1.00 -1.00 -1.00 -1.00 -1.00
CTR-B5037_ -0.00 -0.02 -0.11 -0.34 -0.63 -0.86 -0.96 -0.99 -1.00 -1.00 -1.00 -1.00 -1.00 -1.00 -1.00
_ZN+B5101_  0.00  0.00  0.00  0.00  0.00  0.00  0.00  0.00  0.00  0.00  0.00  0.00  0.00  0.00  0.00
_CA+B5102_  0.00  0.00  0.00  0.00  0.00  0.00  0.00  0.00  0.00  0.00  0.00  0.00  0.00  0.00  0.00
----------
Net_Charge 110.10 102.51 89.77 66.96 34.86  0.85 -25.94 -44.46 -58.07 -70.61 -87.22 -106.67 -125.39 -142.02 -158.39
Protons    110.10 102.51 89.77 66.96 34.86  0.85 -25.94 -44.46 -58.07 -70.61 -87.22 -106.67 -125.39 -142.02 -158.39
Electrons   0.00  0.00  0.00  0.00  0.00  0.00  0.00  0.00  0.00  0.00  0.00  0.00  0.00  0.00  0.00
