   confID        vdw0    sas     sum
NTR01B3639_001  -0.003  -3.290  -3.293
NTR+1B3639_002  -0.005  -3.290  -3.295
THR01B3639_001   0.188  -4.107  -3.919
PRO01B3640_001   0.293  -3.301  -3.008
LEU01B3641_001   2.210  -9.900  -7.689
TYR01B3642_001   4.479 -10.244  -5.765
TYR01B3642_002   4.479 -10.244  -5.765
TYR-1B3642_003   4.479 -10.244  -5.765
ASN01B3643_001   0.384  -2.576  -2.193
ASN01B3643_002   0.136  -2.225  -2.089
LEU01B3644_001   1.867  -2.624  -0.757
PRO01B3645_001   0.267  -3.365  -3.098
THR01B3646_001   0.254  -7.206  -6.952
THR01B3646_002   0.254  -7.206  -6.952
HIS01B3647_001  -0.172  -8.319  -8.491
HIS01B3647_002  -0.133  -8.530  -8.663
HIS02B3647_003  -0.190  -8.319  -8.509
HIS02B3647_004  -0.146  -8.530  -8.676
HIS+1B3647_005  -0.217  -8.319  -8.536
HIS+1B3647_006  -0.173  -8.530  -8.702
ARG01B3648_001   2.387  -8.626  -6.239
ARG02B3648_002   2.364  -8.626  -6.262
ARG03B3648_003   2.372  -8.626  -6.254
ARG+1B3648_004   2.325  -8.626  -6.301
ALA01B3649_001   0.000  -1.217  -1.217
CYS01B3650_001  -0.002  -4.164  -4.166
CYS01B3650_002  -0.002  -4.164  -4.166
CYS01B3650_003  -0.003  -4.164  -4.167
CYS-1B3650_004   0.000  -4.164  -4.164
ASN01B3651_001   0.459  -2.873  -2.414
ASN01B3651_002   0.220  -3.006  -2.786
MET01B3652_001   0.411  -6.720  -6.309
PHE01B3653_001   4.574  -8.979  -4.405
LEU01B3654_001   1.899  -6.915  -5.017
GLU01B3655_001   1.715  -3.126  -1.412
GLU01B3655_002   1.715  -3.126  -1.412
GLU02B3655_003   1.424  -3.134  -1.710
GLU02B3655_004   1.424  -3.134  -1.710
GLU-1B3655_005   1.328  -2.992  -1.664
SER01B3656_001   0.000  -3.472  -3.472
TYR01B3657_001   4.968  -5.771  -0.804
TYR-1B3657_002   4.968  -5.771  -0.804
LYS01B3658_001   2.521  -7.733  -5.212
LYS+1B3658_002   2.474  -7.733  -5.259
ALA01B3659_001   0.000  -4.823  -4.823
ALA01B3660_001   0.000  -2.489  -2.489
TRP01B3661_001   2.911  -4.760  -1.849
ILE01B3662_001   1.853 -10.862  -9.009
LEU01B3663_001   2.589  -5.937  -3.348
THR01B3664_001   0.186  -5.250  -5.064
GLU01B3665_001   1.361  -2.780  -1.419
GLU01B3665_002   1.361  -2.780  -1.419
GLU02B3665_003   1.131  -2.753  -1.621
GLU02B3665_004   1.131  -2.753  -1.621
GLU-1B3665_005   1.040  -2.625  -1.585
ASP01B3666_001   0.478  -1.597  -1.119
ASP01B3666_002   0.478  -1.597  -1.119
ASP02B3666_003   0.531  -1.592  -1.061
ASP02B3666_004   0.531  -1.592  -1.061
ASP-1B3666_005   0.414  -1.550  -1.136
HIS01B3667_001  -0.153  -4.818  -4.971
HIS01B3667_002  -0.112  -4.870  -4.982
HIS02B3667_003  -0.172  -4.818  -4.989
HIS02B3667_004  -0.125  -4.870  -4.995
HIS+1B3667_005  -0.198  -4.818  -5.016
HIS+1B3667_006  -0.152  -4.870  -5.021
SER01B3668_001   0.000  -3.165  -3.165
SER01B3668_002   0.000  -3.165  -3.165
PHE01B3669_001   4.507  -5.292  -0.786
GLU01B3670_001   0.520  -0.289   0.232
GLU01B3670_002   0.520  -0.289   0.232
GLU02B3670_003   0.445  -0.339   0.107
GLU02B3670_004   0.445  -0.339   0.107
GLU-1B3670_005   0.373  -0.289   0.085
ASP01B3671_001   0.054  -0.243  -0.189
ASP01B3671_002   0.054  -0.243  -0.189
ASP02B3671_003   0.119  -0.217  -0.098
ASP02B3671_004   0.119  -0.217  -0.098
ASP-1B3671_005   0.051  -0.207  -0.156
ARG01B3672_001   3.667  -9.768  -6.101
ARG02B3672_002   3.711  -9.768  -6.057
ARG03B3672_003   3.619  -9.768  -6.149
ARG+1B3672_004   3.573  -9.768  -6.195
MET01B3673_001   0.380  -3.772  -3.391
ILE01B3674_001   3.777  -0.171   3.607
ASP01B3675_001   0.224  -1.150  -0.925
ASP01B3675_002   0.224  -1.150  -0.925
ASP02B3675_003   0.323  -1.176  -0.853
ASP02B3675_004   0.323  -1.176  -0.853
ASP-1B3675_005   0.213  -1.128  -0.915
ASP01B3676_001   0.039  -1.580  -1.541
ASP01B3676_002   0.039  -1.580  -1.541
ASP02B3676_003   0.098  -1.663  -1.565
ASP02B3676_004   0.098  -1.663  -1.565
ASP-1B3676_005   0.035  -1.580  -1.545
LEU01B3677_001   2.122  -2.437  -0.315
SER01B3678_001   0.000  -0.901  -0.901
SER01B3678_002   0.000  -0.901  -0.901
LYS01B3679_001   1.616  -7.854  -6.237
LYS+1B3679_002   1.530  -7.854  -6.324
ALA01B3680_001   0.000  -3.361  -3.361
GLU01B3682_001   0.496  -3.166  -2.669
GLU01B3682_002   0.496  -3.166  -2.669
GLU02B3682_003   0.662  -3.077  -2.415
GLU02B3682_004   0.662  -3.077  -2.415
GLU-1B3682_005   0.465  -3.023  -2.558
GLN01B3683_001   0.456  -1.003  -0.547
GLU01B3684_001   0.499  -3.804  -3.305
GLU01B3684_002   0.499  -3.804  -3.305
GLU02B3684_003   0.665  -3.748  -3.083
GLU02B3684_004   0.665  -3.748  -3.083
GLU-1B3684_005   0.467  -3.609  -3.141
GLU01B3685_001   0.498  -4.313  -3.816
GLU01B3685_002   0.498  -4.313  -3.816
GLU02B3685_003   0.664  -4.366  -3.702
GLU02B3685_004   0.664  -4.366  -3.702
GLU-1B3685_005   0.466  -4.276  -3.810
GLU01B3686_001   0.500  -2.743  -2.243
GLU01B3686_002   0.500  -2.743  -2.243
GLU02B3686_003   0.666  -2.811  -2.145
GLU02B3686_004   0.666  -2.811  -2.145
GLU-1B3686_005   0.468  -2.691  -2.223
GLU01B3687_001   0.498  -2.355  -1.857
GLU01B3687_002   0.498  -2.355  -1.857
GLU02B3687_003   0.665  -2.239  -1.574
GLU02B3687_004   0.665  -2.239  -1.574
GLU-1B3687_005   0.467  -2.274  -1.807
GLU01B3688_001   0.498  -3.808  -3.310
GLU01B3688_002   0.498  -3.808  -3.310
GLU02B3688_003   0.664  -3.842  -3.177
GLU02B3688_004   0.664  -3.842  -3.177
GLU-1B3688_005   0.467  -3.789  -3.322
GLU01B3689_001   0.498  -4.175  -3.677
GLU01B3689_002   0.498  -4.175  -3.677
GLU02B3689_003   0.665  -4.164  -3.500
GLU02B3689_004   0.665  -4.164  -3.500
GLU-1B3689_005   0.467  -4.044  -3.577
VAL01B3690_001   0.499  -3.017  -2.517
GLU01B3691_001   0.497  -4.373  -3.876
GLU01B3691_002   0.497  -4.373  -3.876
GLU02B3691_003   0.663  -4.408  -3.745
GLU02B3691_004   0.663  -4.408  -3.745
GLU-1B3691_005   0.466  -4.220  -3.755
GLU01B3692_001   0.497  -3.858  -3.361
GLU01B3692_002   0.497  -3.858  -3.361
GLU02B3692_003   0.664  -3.975  -3.312
GLU02B3692_004   0.664  -3.975  -3.312
GLU-1B3692_005   0.466  -3.734  -3.268
LYS01B3693_001   3.789  -7.364  -3.575
LYS+1B3693_002   3.694  -7.364  -3.669
LYS01B3694_001   1.762  -4.200  -2.438
LYS+1B3694_002   1.677  -4.200  -2.524
PRO01B3695_001   0.286  -2.042  -1.756
ASP01B3696_001   0.167  -0.421  -0.253
ASP01B3696_002   0.167  -0.421  -0.253
ASP02B3696_003   0.253  -0.429  -0.176
ASP02B3696_004   0.253  -0.429  -0.176
ASP-1B3696_005   0.158  -0.413  -0.256
PRO01B3697_001   0.256  -2.849  -2.593
LEU01B3698_001   2.127   0.000   2.127
HIS01B3699_001  -0.141  -2.173  -2.315
HIS01B3699_002  -0.097  -1.730  -1.828
HIS02B3699_003  -0.160  -2.173  -2.334
HIS02B3699_004  -0.111  -1.730  -1.841
HIS+1B3699_005  -0.187  -2.173  -2.360
HIS+1B3699_006  -0.137  -1.730  -1.867
GLN01B3700_001   1.250  -2.183  -0.933
GLN01B3700_002   2.093  -2.338  -0.245
LEU01B3701_001   3.762  -1.494   2.268
VAL01B3702_001   0.718   0.000   0.718
LEU01B3703_001   1.742  -4.700  -2.959
HIS01B3704_001  -0.140  -6.882  -7.021
HIS01B3704_002  -0.093  -6.758  -6.852
HIS02B3704_003  -0.159  -6.882  -7.040
HIS02B3704_004  -0.106  -6.758  -6.865
HIS+1B3704_005  -0.185  -6.882  -7.067
HIS+1B3704_006  -0.133  -6.758  -6.891
PHE01B3705_001   4.544  -0.101   4.443
SER01B3706_001   0.000  -1.228  -1.228
SER01B3706_002   0.000  -1.228  -1.228
ARG01B3707_001   2.640 -11.166  -8.526
ARG02B3707_002   2.712 -11.166  -8.454
ARG03B3707_003   2.620 -11.166  -8.546
ARG+1B3707_004   2.577 -11.166  -8.589
THR01B3708_001   0.219  -2.413  -2.194
ALA01B3709_001   0.000   0.000   0.000
LEU01B3710_001   1.594  -6.110  -4.517
THR01B3711_001   0.191  -4.933  -4.742
GLU01B3712_001   5.770  -3.810   1.960
GLU01B3712_002   5.770  -3.810   1.960
GLU02B3712_003   4.649  -3.979   0.670
GLU02B3712_004   4.649  -3.979   0.670
GLU-1B3712_005   4.581  -3.797   0.784
LYS01B3713_001   2.289  -3.729  -1.440
LYS+1B3713_002   2.240  -3.729  -1.489
SER01B3714_001   0.000  -5.100  -5.100
LYS01B3715_001   1.684  -9.343  -7.659
LYS+1B3715_002   1.637  -9.343  -7.706
LEU01B3716_001   1.569  -0.634   0.934
ASP01B3717_001   0.152  -2.469  -2.318
ASP01B3717_002   0.152  -2.469  -2.318
ASP02B3717_003   0.233  -2.489  -2.256
ASP02B3717_004   0.233  -2.489  -2.256
ASP-1B3717_005   0.142  -2.416  -2.274
GLU01B3718_001   2.058  -2.762  -0.705
GLU01B3718_002   2.058  -2.762  -0.705
GLU02B3718_003   1.674  -2.771  -1.096
GLU02B3718_004   1.674  -2.771  -1.096
GLU-1B3718_005   1.592  -2.759  -1.167
ASP01B3719_001   0.050  -0.895  -0.845
ASP01B3719_002   0.050  -0.895  -0.845
ASP02B3719_003   0.114  -0.910  -0.796
ASP02B3719_004   0.114  -0.910  -0.796
ASP-1B3719_005   0.047  -0.896  -0.849
TYR01B3720_001   4.535 -11.923  -7.388
TYR-1B3720_002   4.535 -11.923  -7.388
LEU01B3721_001   3.260  -6.281  -3.021
TYR01B3722_001   4.810   0.000   4.810
TYR-1B3722_002   4.810   0.000   4.810
MET01B3723_001   0.188  -1.285  -1.097
ALA01B3724_001   0.000  -1.439  -1.439
TYR01B3725_001   4.714  -2.823   1.892
TYR01B3725_002   4.714  -2.823   1.892
TYR-1B3725_003   4.714  -2.823   1.892
ALA01B3726_001   0.000   0.000   0.000
ASP01B3727_001   0.073  -1.775  -1.702
ASP01B3727_002   0.073  -1.775  -1.702
ASP02B3727_003   0.144  -1.866  -1.722
ASP02B3727_004   0.144  -1.866  -1.722
ASP-1B3727_005   0.070  -1.757  -1.688
ILE01B3728_001   2.853  -0.567   2.287
MET01B3729_001   0.077  -0.192  -0.115
ALA01B3730_001   0.000  -0.361  -0.361
LYS01B3731_001   1.427  -3.307  -1.880
LYS+1B3731_002   1.344  -3.307  -1.963
SER01B3732_001   0.000  -0.060  -0.060
SER01B3732_002   0.000  -0.060  -0.060
SER01B3732_003   0.000  -0.060  -0.060
CYS01B3733_001  -0.002   0.000  -0.002
CYS01B3733_002  -0.002   0.000  -0.002
CYS01B3733_003  -0.003   0.000  -0.003
CYS-1B3733_004   0.000   0.000   0.000
HIS01B3734_001  -0.353  -2.892  -3.245
HIS01B3734_002  -0.344  -2.739  -3.084
HIS02B3734_003  -0.363  -2.892  -3.254
HIS02B3734_004  -0.355  -2.739  -3.095
HIS+1B3734_005  -0.382  -2.892  -3.274
HIS+1B3734_006  -0.374  -2.739  -3.114
LEU01B3735_001   1.458  -0.515   0.943
GLU01B3736_001   0.497  -0.072   0.424
GLU01B3736_002   0.497  -0.072   0.424
GLU02B3736_003   0.663  -0.069   0.594
GLU02B3736_004   0.663  -0.069   0.594
GLU-1B3736_005   0.466  -0.069   0.397
GLU01B3737_001   0.500  -1.482  -0.983
GLU01B3737_002   0.500  -1.482  -0.983
GLU02B3737_003   0.666  -1.422  -0.756
GLU02B3737_004   0.666  -1.422  -0.756
GLU-1B3737_005   0.468  -1.417  -0.948
GLU01B3740_001   0.500  -1.284  -0.784
GLU01B3740_002   0.500  -1.284  -0.784
GLU02B3740_003   0.667  -1.333  -0.666
GLU02B3740_004   0.667  -1.333  -0.666
GLU-1B3740_005   0.469  -1.262  -0.793
ASN01B3741_001  -0.020  -2.054  -2.074
CTR01B3741_001  -0.021  -5.213  -5.234
CTR01B3741_002   0.111  -5.271  -5.160
CTR02B3741_003  -0.022  -5.309  -5.332
CTR02B3741_004   0.043  -5.329  -5.286
CTR-1B3741_005   0.000  -5.213  -5.213
NTR01B3747_001  -0.003  -3.528  -3.531
NTR+1B3747_002  -0.005  -3.528  -3.533
GLU01B3747_001   0.499  -5.107  -4.608
GLU01B3747_002   0.499  -5.107  -4.608
GLU02B3747_003   0.666  -4.944  -4.278
GLU02B3747_004   0.666  -4.944  -4.278
GLU-1B3747_005   0.468  -4.926  -4.458
GLU01B3748_001   0.498  -3.745  -3.247
GLU01B3748_002   0.498  -3.745  -3.247
GLU02B3748_003   0.664  -3.888  -3.223
GLU02B3748_004   0.664  -3.888  -3.223
GLU-1B3748_005   0.467  -3.780  -3.314
VAL01B3749_001   0.502  -8.390  -7.888
GLU01B3750_001   1.766  -3.357  -1.591
GLU01B3750_002   1.766  -3.357  -1.591
GLU02B3750_003   1.452  -3.303  -1.851
GLU02B3750_004   1.452  -3.303  -1.851
GLU-1B3750_005   1.362  -3.241  -1.879
VAL01B3751_001   0.696  -3.689  -2.994
SER01B3752_001   0.000  -2.759  -2.759
PHE01B3753_001   4.800  -4.941  -0.142
GLU01B3754_001   1.653  -1.450   0.204
GLU01B3754_002   1.653  -1.450   0.204
GLU02B3754_003   1.376  -1.603  -0.227
GLU02B3754_004   1.376  -1.603  -0.227
GLU-1B3754_005   1.280  -1.532  -0.252
GLU01B3755_001   1.717  -2.239  -0.521
GLU01B3755_002   1.717  -2.239  -0.521
GLU02B3755_003   1.423  -2.283  -0.860
GLU02B3755_004   1.423  -2.283  -0.860
GLU-1B3755_005   1.329  -2.196  -0.867
LYS01B3756_001   1.499  -4.268  -2.769
LYS+1B3756_002   1.452  -4.268  -2.815
GLU01B3757_001   1.683  -1.098   0.584
GLU01B3757_002   1.683  -1.098   0.584
GLU02B3757_003   1.393  -1.058   0.335
GLU02B3757_004   1.393  -1.058   0.335
GLU-1B3757_005   1.300  -1.068   0.232
MET01B3758_001   0.028  -1.590  -1.563
GLU01B3759_001   2.656  -0.683   1.973
GLU01B3759_002   2.656  -0.683   1.973
GLU02B3759_003   2.176  -0.685   1.490
GLU02B3759_004   2.176  -0.685   1.490
GLU-1B3759_005   2.105  -0.668   1.437
LYS01B3760_001   4.284  -3.245   1.040
LYS+1B3760_002   4.233  -3.245   0.989
GLN01B3761_001   0.874  -0.554   0.321
GLN01B3761_002   0.699  -0.672   0.027
ARG01B3762_001   3.310  -1.944   1.366
ARG02B3762_002   3.312  -1.944   1.369
ARG03B3762_003   3.246  -1.944   1.303
ARG+1B3762_004   3.207  -1.944   1.263
LEU01B3763_001   1.401  -0.515   0.886
LEU01B3764_001   1.446  -4.926  -3.479
TYR01B3765_001   4.204  -2.504   1.700
TYR01B3765_002   4.204  -2.504   1.700
TYR-1B3765_003   4.204  -2.504   1.700
GLN01B3766_001   1.122   0.000   1.122
GLN01B3766_002   0.895   0.000   0.895
GLN01B3767_001   1.137  -0.077   1.060
GLN01B3767_002   0.882  -0.077   0.804
SER01B3768_001   0.000  -3.389  -3.389
SER01B3768_002   0.000  -3.389  -3.389
ARG01B3769_001   2.150  -0.990   1.160
ARG02B3769_002   2.112  -0.990   1.122
ARG03B3769_003   2.104  -0.990   1.114
ARG+1B3769_004   2.065  -0.990   1.075
LEU01B3770_001   3.655   0.000   3.655
HIS01B3771_001  -0.128  -2.926  -3.054
HIS01B3771_002  -0.081  -2.659  -2.740
HIS02B3771_003  -0.147  -2.926  -3.073
HIS02B3771_004  -0.094  -2.659  -2.753
HIS+1B3771_005  -0.174  -2.926  -3.100
HIS+1B3771_006  -0.121  -2.659  -2.780
THR01B3772_001   0.286  -0.868  -0.582
THR01B3772_002   0.286  -0.868  -0.582
THR01B3772_003   0.286  -0.868  -0.582
ARG01B3773_001   1.772  -9.221  -7.450
ARG02B3773_002   1.755  -9.221  -7.466
ARG03B3773_003   1.752  -9.221  -7.470
ARG+1B3773_004   1.708  -9.221  -7.513
ALA01B3775_001   0.000   0.000   0.000
ALA01B3776_001   0.000   0.000   0.000
GLU01B3777_001   2.801  -1.283   1.518
GLU01B3777_002   2.801  -1.283   1.518
GLU02B3777_003   2.242  -1.298   0.944
GLU02B3777_004   2.242  -1.298   0.944
GLU-1B3777_005   2.170  -1.275   0.895
MET01B3778_001   0.536  -0.100   0.436
VAL01B3779_001   0.956  -0.103   0.853
LEU01B3780_001   2.239   0.000   2.239
GLN01B3781_001   1.905  -0.515   1.391
GLN01B3781_002   3.132  -0.541   2.591
MET01B3782_001   1.398  -0.048   1.350
ILE01B3783_001   1.819  -0.309   1.510
SER01B3784_001   0.000  -1.204  -1.204
SER01B3784_002   0.000  -1.204  -1.204
ALA01B3785_001   0.000  -0.103  -0.103
CYS01B3786_001  -0.002  -0.143  -0.145
CYS01B3786_002  -0.002  -0.143  -0.145
CYS01B3786_003  -0.003  -0.143  -0.145
CYS-1B3786_004   0.000  -0.143  -0.143
LYS01B3787_001   1.171  -5.820  -4.649
LYS+1B3787_002   1.123  -5.820  -4.696
GLU01B3789_001   1.336  -1.433  -0.097
GLU01B3789_002   1.336  -1.433  -0.097
GLU02B3789_003   1.135  -1.391  -0.256
GLU02B3789_004   1.135  -1.391  -0.256
GLU-1B3789_005   1.049  -1.394  -0.345
THR01B3790_001   0.236  -2.850  -2.614
ALA01B3792_001   0.000  -3.052  -3.052
MET01B3793_001   0.278  -0.350  -0.072
VAL01B3794_001   0.690   0.000   0.690
SER01B3795_001   0.000  -0.880  -0.880
SER01B3795_002   0.000  -0.880  -0.880
SER01B3796_001   0.000  -0.898  -0.898
SER01B3796_002   0.000  -0.898  -0.898
SER01B3796_003   0.000  -0.898  -0.898
THR01B3797_001   0.242  -0.052   0.191
THR01B3797_002   0.242  -0.052   0.191
LEU01B3798_001   2.408  -0.258   2.150
LYS01B3799_001   1.376  -3.982  -2.606
LYS+1B3799_002   1.329  -3.982  -2.653
LEU01B3800_001   1.800   0.000   1.800
ILE01B3802_001   3.381  -0.789   2.592
SER01B3803_001   0.000  -0.421  -0.421
SER01B3803_002   0.000  -0.421  -0.421
ILE01B3804_001   1.643   0.000   1.643
LEU01B3805_001   2.535   0.000   2.535
ASN01B3806_001   0.168  -0.630  -0.462
ASN01B3806_002   0.003  -0.807  -0.804
ASN01B3809_001   0.438  -0.379   0.059
ASN01B3809_002   0.202  -0.512  -0.310
ALA01B3810_001   0.000  -2.814  -2.814
GLU01B3811_001   1.572  -2.733  -1.161
GLU01B3811_002   1.572  -2.733  -1.161
GLU02B3811_003   1.305  -2.731  -1.426
GLU02B3811_004   1.305  -2.731  -1.426
GLU-1B3811_005   1.212  -2.691  -1.479
VAL01B3812_001   0.738   0.000   0.738
GLN01B3813_001   2.280  -0.034   2.246
GLN01B3813_002   3.789  -0.079   3.711
GLN01B3814_001   0.818  -2.264  -1.446
GLN01B3814_002   0.676  -2.194  -1.518
LYS01B3815_001   1.120  -0.990   0.130
LYS+1B3815_002   1.076  -0.990   0.085
MET01B3816_001   1.517   0.000   1.517
LEU01B3817_001   1.754  -0.155   1.600
ASP01B3818_001   0.439  -2.142  -1.703
ASP01B3818_002   0.439  -2.142  -1.703
ASP02B3818_003   0.490  -2.208  -1.718
ASP02B3818_004   0.490  -2.208  -1.718
ASP-1B3818_005   0.379  -2.136  -1.757
TYR01B3819_001   4.846  -2.621   2.225
TYR-1B3819_002   4.846  -2.621   2.225
LEU01B3820_001   2.236   0.000   2.236
LYS01B3821_001   2.481  -4.074  -1.593
LYS+1B3821_002   2.399  -4.074  -1.675
ASP01B3822_001   0.445  -2.979  -2.534
ASP01B3822_002   0.445  -2.979  -2.534
ASP02B3822_003   0.507  -2.963  -2.456
ASP02B3822_004   0.507  -2.963  -2.456
ASP-1B3822_005   0.389  -2.791  -2.402
LYS01B3823_001   3.798  -1.998   1.800
LYS+1B3823_002   3.703  -1.998   1.706
LYS01B3824_001   2.112  -5.142  -3.030
LYS+1B3824_002   2.025  -5.142  -3.117
GLU01B3825_001   1.751  -0.495   1.256
GLU01B3825_002   1.751  -0.495   1.256
GLU02B3825_003   1.440  -0.459   0.981
GLU02B3825_004   1.440  -0.459   0.981
GLU-1B3825_005   1.369  -0.456   0.913
VAL01B3826_001   0.656  -2.984  -2.328
PHE01B3828_001   5.054  -0.303   4.751
PHE01B3829_001   5.090  -0.152   4.938
GLN01B3830_001   2.463  -2.054   0.409
GLN01B3830_002   3.940  -1.962   1.978
SER01B3831_001   0.000   0.000   0.000
ILE01B3832_001   2.381  -0.361   2.020
GLN01B3833_001   1.730  -1.422   0.308
GLN01B3833_002   2.821  -1.408   1.414
ALA01B3834_001   0.000  -1.957  -1.957
LEU01B3835_001   1.877   0.000   1.877
MET01B3836_001   0.555   0.000   0.555
GLN01B3837_001   2.208  -2.914  -0.707
GLN01B3837_002   3.712  -2.833   0.879
THR01B3838_001   0.265  -2.686  -2.421
THR01B3838_002   0.265  -2.686  -2.421
CYS01B3839_001  -0.002   0.000  -0.002
CYS01B3839_002  -0.002   0.000  -0.002
CYS01B3839_003  -0.003   0.000  -0.003
CYS-1B3839_004   0.000   0.000   0.000
SER01B3840_001   0.000  -1.527  -1.527
SER01B3840_002   0.000  -1.527  -1.527
SER01B3840_003   0.000  -1.527  -1.527
VAL01B3841_001   0.698  -1.304  -0.606
LEU01B3842_001   1.832   0.000   1.832
ASP01B3843_001   0.182  -1.734  -1.552
ASP01B3843_002   0.182  -1.734  -1.552
ASP02B3843_003   0.269  -1.696  -1.428
ASP02B3843_004   0.269  -1.696  -1.428
ASP-1B3843_005   0.171  -1.654  -1.482
LEU01B3844_001   1.740  -2.576  -0.836
ASN01B3845_001   0.301  -3.421  -3.120
ASN01B3845_002   0.451  -3.493  -3.042
ALA01B3846_001   0.000  -0.979  -0.979
PHE01B3847_001   4.664   0.000   4.664
GLU01B3848_001   1.673  -1.489   0.184
GLU01B3848_002   1.673  -1.489   0.184
GLU02B3848_003   1.416  -1.486  -0.070
GLU02B3848_004   1.416  -1.486  -0.070
GLU-1B3848_005   1.308  -1.434  -0.126
ARG01B3849_001   2.215  -9.842  -7.627
ARG02B3849_002   2.279  -9.842  -7.563
ARG03B3849_003   2.195  -9.842  -7.647
ARG+1B3849_004   2.152  -9.842  -7.690
GLN01B3850_001   2.337   0.000   2.337
GLN01B3850_002   3.857   0.000   3.857
ASN01B3851_001   0.180  -1.235  -1.055
ASN01B3851_002   0.010  -1.181  -1.172
LYS01B3852_001   0.842  -8.407  -7.566
LYS+1B3852_002   0.796  -8.407  -7.611
ALA01B3853_001   0.000  -1.030  -1.030
GLU01B3854_001   0.497  -1.846  -1.349
GLU01B3854_002   0.497  -1.846  -1.349
GLU02B3854_003   0.663  -1.793  -1.131
GLU02B3854_004   0.663  -1.793  -1.131
GLU-1B3854_005   0.465  -1.817  -1.352
LEU01B3856_001   1.559  -7.395  -5.836
MET01B3858_001   0.142  -8.535  -8.392
VAL01B3859_001   0.500  -2.695  -2.195
ASN01B3860_001  -0.019  -3.271  -3.291
GLU01B3861_001   0.501  -2.885  -2.384
GLU01B3861_002   0.501  -2.885  -2.384
GLU02B3861_003   0.667  -2.920  -2.253
GLU02B3861_004   0.667  -2.920  -2.253
GLU-1B3861_005   0.469  -2.838  -2.368
ASP01B3862_001  -0.040  -2.286  -2.327
ASP01B3862_002  -0.040  -2.286  -2.327
ASP02B3862_003  -0.009  -2.307  -2.316
ASP02B3862_004  -0.009  -2.307  -2.316
ASP-1B3862_005  -0.041  -2.251  -2.292
THR01B3864_001   0.151  -1.669  -1.519
VAL01B3865_001   0.498  -5.405  -4.908
ILE01B3866_001   0.938  -5.460  -4.522
ASN01B3867_001  -0.021  -1.086  -1.107
ARG01B3868_0011190.746  -6.0841184.662
ARG02B3868_0021190.729  -6.0841184.646
ARG03B3868_0031190.762  -6.0841184.678
ARG03B3868_004 189.798  -6.084 183.715
ARG+1B3868_0051190.696  -6.0841184.612
GLN01B3869_001   0.454  -1.932  -1.478
ASN01B3870_001  -0.020  -0.216  -0.236
GLU01B3872_001   0.496  -3.945  -3.448
GLU01B3872_002   0.496  -3.945  -3.448
GLU02B3872_003   0.662  -3.894  -3.232
GLU02B3872_004   0.662  -3.894  -3.232
GLU-1B3872_005   0.465  -3.811  -3.346
LYS01B3873_001   1.896  -3.031  -1.135
LYS+1B3873_002   1.847  -3.031  -1.184
VAL01B3874_001   0.822   0.000   0.822
MET01B3875_001   0.873   0.000   0.873
ALA01B3876_001   0.000  -1.233  -1.233
ASP01B3877_001   0.096  -0.284  -0.189
ASP01B3877_002   0.096  -0.284  -0.189
ASP02B3877_003   0.173  -0.212  -0.039
ASP02B3877_004   0.173  -0.212  -0.039
ASP-1B3877_005   0.091  -0.241  -0.150
ASP01B3878_001   0.067  -1.493  -1.426
ASP01B3878_002   0.067  -1.493  -1.426
ASP02B3878_003   0.135  -1.426  -1.291
ASP02B3878_004   0.135  -1.426  -1.291
ASP-1B3878_005   0.063  -1.442  -1.380
GLU01B3879_001   0.499  -3.516  -3.017
GLU01B3879_002   0.499  -3.516  -3.017
GLU02B3879_003   0.666  -3.438  -2.772
GLU02B3879_004   0.666  -3.438  -2.772
GLU-1B3879_005   0.468  -3.458  -2.990
PHE01B3880_001   4.817  -0.976   3.841
THR01B3881_001   0.229   0.000   0.229
THR01B3881_002   0.229   0.000   0.229
THR01B3881_003   0.229   0.000   0.229
GLN01B3882_001   1.730  -1.496   0.234
GLN01B3882_002   2.857  -1.413   1.445
ASP01B3883_001   0.442  -0.652  -0.211
ASP01B3883_002   0.442  -0.652  -0.211
ASP02B3883_003   0.478  -0.620  -0.142
ASP02B3883_004   0.478  -0.620  -0.142
ASP-1B3883_005   0.375  -0.620  -0.245
LEU01B3884_001   1.740  -0.052   1.688
PHE01B3885_001   4.759   0.000   4.759
ARG01B3886_001   1.841  -5.079  -3.238
ARG02B3886_002   1.801  -5.079  -3.278
ARG03B3886_003   1.864  -5.079  -3.215
ARG+1B3886_004   1.758  -5.079  -3.321
PHE01B3887_001   4.946  -0.641   4.304
LEU01B3888_001   1.966   0.000   1.966
GLN01B3889_001   2.037  -0.384   1.653
GLN01B3889_002   3.339  -0.325   3.014
LEU01B3890_001   1.535  -0.206   1.329
LEU01B3891_001   2.134  -0.274   1.860
CYS01B3892_001  -0.002   0.000  -0.002
CYS01B3892_002  -0.002   0.000  -0.002
CYS01B3892_003  -0.002   0.000  -0.002
CYS-1B3892_004   0.000   0.000   0.000
GLU01B3893_001   1.784  -0.193   1.591
GLU01B3893_002   1.784  -0.193   1.591
GLU02B3893_003   1.474  -0.111   1.363
GLU02B3893_004   1.474  -0.111   1.363
GLU-1B3893_005   1.378  -0.120   1.258
HIS01B3895_001  -0.170  -1.207  -1.377
HIS01B3895_002  -0.133  -1.144  -1.277
HIS02B3895_003  -0.188  -1.207  -1.395
HIS02B3895_004  -0.147  -1.144  -1.291
HIS+1B3895_005  -0.215  -1.207  -1.422
HIS+1B3895_006  -0.173  -1.144  -1.318
ASN01B3896_001   0.055  -0.664  -0.609
ASN01B3896_002   0.243  -0.591  -0.347
ASN01B3897_001   0.249  -2.338  -2.089
ASN01B3897_002   0.054  -2.220  -2.166
ASP01B3898_001   0.043  -1.554  -1.511
ASP01B3898_002   0.043  -1.554  -1.511
ASP02B3898_003   0.106  -1.619  -1.513
ASP02B3898_004   0.106  -1.619  -1.513
ASP-1B3898_005   0.041  -1.554  -1.513
PHE01B3899_001   5.663  -0.051   5.612
GLN01B3900_001   1.669   0.000   1.669
GLN01B3900_002   2.739   0.000   2.739
ASN01B3901_001   0.522  -1.845  -1.323
TYR01B3902_001   4.922  -0.101   4.821
TYR-1B3902_002   4.922  -0.101   4.821
LEU01B3903_001   2.016   0.000   2.016
ARG01B3904_001   3.560  -3.092   0.467
ARG02B3904_002   3.519  -3.092   0.427
ARG02B3904_003   3.524  -3.092   0.431
ARG03B3904_004   3.527  -3.092   0.435
ARG03B3904_005   3.559  -3.092   0.466
ARG+1B3904_006   3.479  -3.092   0.386
THR01B3905_001   0.213  -2.455  -2.242
GLN01B3906_001   2.517   0.000   2.517
GLN01B3906_002   4.161   0.000   4.161
THR01B3907_001   0.182  -5.505  -5.323
ASN01B3909_001   0.474  -0.241   0.233
ASN01B3909_002   0.226  -0.276  -0.050
THR01B3910_001   0.198  -6.043  -5.845
THR01B3910_002   0.198  -6.043  -5.845
THR01B3911_001   0.201  -3.448  -3.248
THR01B3911_002   0.201  -3.448  -3.248
THR01B3912_001   0.200  -3.419  -3.219
ILE01B3913_001   1.556  -0.155   1.401
ASN01B3914_001   0.166  -0.906  -0.740
ASN01B3914_002   0.003  -0.620  -0.617
ILE01B3915_001   2.751  -0.052   2.700
ILE01B3916_001   3.271   0.000   3.271
ILE01B3917_001   5.597  -5.573   0.024
CYS01B3918_001  -0.002  -1.239  -1.241
CYS01B3918_002  -0.002  -1.239  -1.241
CYS01B3918_003  -0.003  -1.239  -1.242
CYS-1B3918_004   0.000  -1.239  -1.239
THR01B3919_001   0.263   0.000   0.263
THR01B3919_002   0.263   0.000   0.263
THR01B3919_003   0.263   0.000   0.263
VAL01B3920_001   0.852  -0.103   0.749
ASP01B3921_001   0.449  -1.352  -0.903
ASP01B3921_002   0.449  -1.352  -0.903
ASP02B3921_003   0.494  -1.374  -0.879
ASP02B3921_004   0.494  -1.374  -0.879
ASP-1B3921_005   0.385  -1.378  -0.993
TYR01B3922_001   4.484  -0.052   4.432
TYR01B3922_002   4.484  -0.052   4.432
TYR-1B3922_003   4.484  -0.052   4.432
LEU01B3923_001   1.548   0.000   1.548
LEU01B3924_001   2.160  -1.716   0.444
ARG01B3925_001   2.450  -4.905  -2.455
ARG02B3925_002   2.451  -4.905  -2.454
ARG03B3925_003   2.416  -4.905  -2.489
ARG+1B3925_004   2.376  -4.905  -2.528
LEU01B3926_001   2.022   0.000   2.022
GLN01B3927_001   3.964  -0.340   3.624
GLN01B3927_002   6.556  -0.226   6.329
GLU01B3928_001   3.027  -3.082  -0.055
GLU01B3928_002   3.027  -3.082  -0.055
GLU02B3928_003   2.403  -3.200  -0.797
GLU02B3928_004   2.403  -3.200  -0.797
GLU-1B3928_005   2.342  -2.989  -0.647
SER01B3929_001   0.000  -0.336  -0.336
SER01B3929_002   0.000  -0.336  -0.336
ILE01B3930_001   4.079  -0.052   4.028
SER01B3931_001   0.000  -0.805  -0.805
SER01B3931_002   0.000  -0.805  -0.805
ASP01B3932_001   0.179  -2.117  -1.938
ASP01B3932_002   0.179  -2.117  -1.938
ASP02B3932_003   0.266  -2.057  -1.791
ASP02B3932_004   0.266  -2.057  -1.791
ASP-1B3932_005   0.169  -2.033  -1.864
PHE01B3933_001   4.774  -0.101   4.673
TYR01B3934_001   4.710  -0.895   3.814
TYR01B3934_002   4.710  -0.895   3.814
TYR-1B3934_003   4.710  -0.895   3.814
TRP01B3935_001   3.149  -8.029  -4.880
TYR01B3936_001   4.768  -3.052   1.717
TYR01B3936_002   4.768  -3.052   1.717
TYR-1B3936_003   4.768  -3.052   1.717
TYR01B3937_001   5.034  -0.051   4.983
TYR-1B3937_002   5.034  -0.051   4.983
SER01B3938_001   0.000  -0.932  -0.932
SER01B3938_002   0.000  -0.932  -0.932
SER01B3938_003   0.000  -0.932  -0.932
LYS01B3940_001   1.059  -4.080  -3.021
LYS+1B3940_002   1.013  -4.080  -3.067
ASP01B3941_001   0.073  -2.847  -2.773
ASP01B3941_002   0.073  -2.847  -2.773
ASP02B3941_003   0.144  -2.993  -2.849
ASP02B3941_004   0.144  -2.993  -2.849
ASP-1B3941_005   0.070  -2.773  -2.703
VAL01B3942_001   0.493  -4.942  -4.449
ILE01B3943_001   3.685  -0.428   3.257
GLU01B3944_001   2.110  -2.226  -0.115
GLU01B3944_002   2.110  -2.226  -0.115
GLU02B3944_003   1.738  -2.091  -0.353
GLU02B3944_004   1.738  -2.091  -0.353
GLU-1B3944_005   1.643  -2.102  -0.459
GLU01B3945_001   3.188  -2.722   0.466
GLU01B3945_002   3.188  -2.722   0.466
GLU02B3945_003   2.567  -2.781  -0.214
GLU02B3945_004   2.567  -2.781  -0.214
GLU-1B3945_005   2.491  -2.733  -0.242
GLN01B3946_001   0.774  -0.367   0.407
LYS01B3948_001   1.064  -1.827  -0.763
LYS+1B3948_002   1.018  -1.827  -0.809
ARG01B3949_001   2.529  -7.534  -5.005
ARG02B3949_002   2.509  -7.534  -5.025
ARG03B3949_003   2.514  -7.534  -5.020
ARG+1B3949_004   2.466  -7.534  -5.068
ASN01B3950_001   0.438   0.000   0.438
ASN01B3950_002   0.197   0.000   0.197
PHE01B3951_001   5.001  -0.118   4.883
SER01B3952_001   0.000  -1.927  -1.927
SER01B3952_002   0.000  -1.927  -1.927
SER01B3952_003   0.000  -1.927  -1.927
LYS01B3953_001   1.291  -2.113  -0.823
LYS+1B3953_002   1.244  -2.113  -0.870
ALA01B3954_001   0.000   0.000   0.000
MET01B3955_001   0.824   0.000   0.824
SER01B3956_001   0.000  -1.763  -1.763
SER01B3956_002   0.000  -1.763  -1.763
VAL01B3957_001   0.768   0.000   0.768
ALA01B3958_001   0.000   0.000   0.000
LYS01B3959_001   1.887  -3.319  -1.432
LYS+1B3959_002   1.840  -3.319  -1.479
GLN01B3960_001   1.208  -0.517   0.691
GLN01B3960_002   1.552  -0.748   0.804
VAL01B3961_001   0.719   0.000   0.719
PHE01B3962_001   5.115   0.000   5.115
ASN01B3963_001   0.534  -1.034  -0.500
ASN01B3963_002   0.269  -0.901  -0.632
SER01B3964_001   0.000   0.000   0.000
SER01B3964_002   0.000   0.000   0.000
SER01B3964_003   0.000   0.000   0.000
LEU01B3965_001   2.412   0.000   2.412
THR01B3966_001   0.228  -0.507  -0.279
THR01B3966_002   0.228  -0.507  -0.279
GLU01B3967_001   1.622  -0.172   1.450
GLU01B3967_002   1.622  -0.172   1.450
GLU02B3967_003   1.338  -0.145   1.193
GLU02B3967_004   1.338  -0.145   1.193
GLU-1B3967_005   1.249  -0.172   1.076
TYR01B3968_001   4.480   0.000   4.480
TYR-1B3968_002   4.480   0.000   4.480
ILE01B3969_001   2.048   0.000   2.048
GLN01B3970_001   2.341  -0.157   2.184
GLN01B3970_002   3.830  -0.217   3.614
PRO01B3972_001   0.292  -3.566  -3.275
CYS01B3973_001  -0.002  -0.143  -0.145
CYS01B3973_002  -0.002  -0.143  -0.145
CYS01B3973_003  -0.002  -0.143  -0.145
CYS-1B3973_004   0.000  -0.143  -0.143
THR01B3974_001   0.240  -5.142  -4.902
ASN01B3976_001   0.406   0.000   0.406
ASN01B3976_002   0.173   0.000   0.173
GLN01B3977_001   1.617  -0.172   1.444
GLN01B3977_002   2.665  -0.236   2.428
GLN01B3978_001   0.851  -1.731  -0.880
GLN01B3978_002   0.711  -1.778  -1.067
SER01B3979_001   0.000  -0.264  -0.264
SER01B3979_002   0.000  -0.264  -0.264
LEU01B3980_001   1.855   0.000   1.855
ALA01B3981_001   0.000  -0.052  -0.052
HIS01B3982_001  -0.162  -7.543  -7.704
HIS01B3982_002  -0.120  -7.311  -7.430
HIS02B3982_003  -0.180  -7.543  -7.723
HIS02B3982_004  -0.133  -7.311  -7.444
HIS+1B3982_005  -0.207  -7.543  -7.750
HIS+1B3982_006  -0.159  -7.311  -7.470
SER01B3983_001   0.000  -0.144  -0.144
SER01B3983_002   0.000  -0.144  -0.144
ARG01B3984_001   1.868  -9.968  -8.100
ARG02B3984_002   1.833  -9.968  -8.135
ARG03B3984_003   1.835  -9.968  -8.133
ARG+1B3984_004   1.791  -9.968  -8.177
LEU01B3985_001   2.228  -0.103   2.125
TRP01B3986_001   3.305  -1.436   1.869
ASP01B3987_001   0.075  -2.346  -2.271
ASP01B3987_002   0.075  -2.346  -2.271
ASP02B3987_003   0.146  -2.521  -2.375
ASP02B3987_004   0.146  -2.521  -2.375
ASP-1B3987_005   0.071  -2.382  -2.311
ALA01B3988_001   0.000   0.000   0.000
VAL01B3989_001   0.965  -0.103   0.862
VAL01B3990_001   0.906  -0.824   0.082
PHE01B3992_001   5.365   0.000   5.365
LEU01B3993_001   2.189  -0.773   1.417
HIS01B3994_001  -0.141  -3.274  -3.415
HIS02B3994_002  -0.160  -3.274  -3.434
HIS+1B3994_003  -0.187  -3.274  -3.461
VAL01B3995_001   0.783  -0.052   0.732
PHE01B3996_001   4.375   0.000   4.375
ALA01B3997_001   0.000   0.000   0.000
HIS01B3998_001  -0.142  -2.768  -2.910
HIS02B3998_002  -0.161  -2.768  -2.929
HIS+1B3998_003  -0.188  -2.768  -2.956
MET01B3999_001   0.021  -0.288  -0.267
MET01B4000_001   0.179  -0.048   0.131
MET01B4001_001  -0.016  -2.033  -2.049
LYS01B4002_001   1.139  -1.275  -0.136
LYS+1B4002_002   1.094  -1.275  -0.181
LEU01B4003_001   1.619  -0.155   1.465
ALA01B4004_001   0.000   0.000   0.000
GLN01B4005_001   1.830  -1.629   0.201
GLN01B4005_002   3.032  -1.747   1.285
ASP01B4006_001   0.071  -1.314  -1.242
ASP01B4006_002   0.071  -1.314  -1.242
ASP02B4006_003   0.143  -1.311  -1.168
ASP02B4006_004   0.143  -1.311  -1.168
ASP-1B4006_005   0.069  -1.232  -1.163
SER01B4007_001   0.000  -3.219  -3.219
SER01B4008_001   0.000  -3.329  -3.329
SER01B4008_002   0.000  -3.329  -3.329
GLN01B4009_001   1.919  -0.118   1.801
GLN01B4009_002   3.212  -0.143   3.069
ILE01B4010_001   2.660  -2.472   0.187
GLU01B4011_001   2.969  -3.644  -0.675
GLU01B4011_002   2.969  -3.644  -0.675
GLU02B4011_003   2.366  -3.643  -1.277
GLU02B4011_004   2.366  -3.643  -1.277
GLU-1B4011_005   2.300  -3.411  -1.111
LEU01B4012_001   1.798  -0.258   1.540
LEU01B4013_001   1.985  -0.377   1.608
LYS01B4014_001   1.500  -5.691  -4.192
LYS+1B4014_002   1.455  -5.691  -4.236
GLU01B4015_001   3.245  -1.283   1.962
GLU01B4015_002   3.245  -1.283   1.962
GLU02B4015_003   2.581  -1.321   1.260
GLU02B4015_004   2.581  -1.321   1.260
GLU-1B4015_005   2.521  -1.184   1.337
LEU01B4016_001   3.436   0.000   3.436
LEU01B4017_001   1.400  -0.206   1.194
ASP01B4018_001   0.205  -1.198  -0.993
ASP01B4018_002   0.205  -1.198  -0.993
ASP02B4018_003   0.297  -1.256  -0.959
ASP02B4018_004   0.297  -1.256  -0.959
ASP-1B4018_005   0.193  -1.219  -1.026
LEU01B4019_001   1.842  -0.068   1.774
GLN01B4020_001   2.336  -0.118   2.218
GLN01B4020_002   3.829  -0.069   3.760
LYS01B4021_001   1.514  -3.111  -1.598
LYS+1B4021_002   1.465  -3.111  -1.647
ASP01B4022_001   0.123  -0.928  -0.805
ASP01B4022_002   0.123  -0.928  -0.805
ASP02B4022_003   0.200  -1.020  -0.821
ASP02B4022_004   0.200  -1.020  -0.821
ASP-1B4022_005   0.115  -0.930  -0.815
MET01B4023_001   0.282  -0.262   0.019
VAL01B4024_001   0.605  -0.515   0.089
VAL01B4025_001   0.749  -3.194  -2.444
MET01B4026_001   0.090   0.000   0.090
LEU01B4027_001   1.911  -0.496   1.415
LEU01B4028_001   2.272  -2.334  -0.062
SER01B4029_001   0.000  -0.060  -0.060
SER01B4029_002   0.000  -0.060  -0.060
SER01B4029_003   0.000  -0.060  -0.060
LEU01B4030_001   2.557  -0.155   2.402
LEU01B4031_001   2.491  -0.103   2.388
GLU01B4032_001   2.095  -0.013   2.082
GLU01B4032_002   2.095  -0.013   2.082
GLU02B4032_003   1.659  -0.013   1.646
GLU02B4032_004   1.659  -0.013   1.646
GLU-1B4032_005   1.595  -0.013   1.582
ASN01B4034_001  -0.021  -0.512  -0.533
ASN01B4034_002   0.126  -0.448  -0.322
VAL01B4035_001   0.470  -3.503  -3.033
VAL01B4036_001   0.837  -0.770   0.068
ASN01B4037_001   0.385  -1.516  -1.132
ASN01B4037_002   0.166  -1.460  -1.294
MET01B4039_001   0.942  -5.715  -4.772
ILE01B4040_001   2.637  -0.515   2.122
ALA01B4041_001   0.000   0.000   0.000
ARG01B4042_001   2.614  -7.141  -4.527
ARG02B4042_002   2.549  -7.141  -4.592
ARG03B4042_003   2.550  -7.141  -4.591
ARG+1B4042_004   2.505  -7.141  -4.636
GLN01B4043_001   1.713  -1.319   0.394
GLN01B4043_002   2.810  -1.327   1.483
MET01B4044_001   0.205  -0.048   0.157
VAL01B4045_001   0.880  -0.052   0.829
ASP01B4046_001   0.086  -1.994  -1.908
ASP01B4046_002   0.086  -1.994  -1.908
ASP02B4046_003   0.161  -2.111  -1.950
ASP02B4046_004   0.161  -2.111  -1.950
ASP-1B4046_005   0.082  -2.033  -1.951
MET01B4047_001   3.137  -0.143   2.994
LEU01B4048_001   1.504  -0.618   0.886
VAL01B4049_001   1.049  -2.746  -1.697
GLU01B4050_001   2.799  -1.733   1.067
GLU01B4050_002   2.799  -1.733   1.067
GLU02B4050_003   2.217  -1.829   0.388
GLU02B4050_004   2.217  -1.829   0.388
GLU-1B4050_005   2.157  -1.813   0.344
SER01B4051_001   0.000   0.000   0.000
SER01B4052_001   0.000  -1.787  -1.787
SER01B4052_002   0.000  -1.787  -1.787
SER01B4053_001   0.000  -4.660  -4.660
SER01B4053_002   0.000  -4.660  -4.660
ASN01B4054_001   0.350  -0.842  -0.492
ASN01B4054_002   0.485  -0.984  -0.499
VAL01B4055_001   0.913  -0.464   0.449
GLU01B4056_001   3.710  -1.667   2.043
GLU01B4056_002   3.710  -1.667   2.043
GLU02B4056_003   2.970  -1.660   1.310
GLU02B4056_004   2.970  -1.660   1.310
GLU-1B4056_005   2.899  -1.585   1.314
MET01B4057_001   1.941  -2.945  -1.004
ILE01B4058_001   2.083  -0.567   1.517
LEU01B4059_001   1.573  -0.155   1.419
LYS01B4060_001   2.742  -3.377  -0.635
LYS+1B4060_002   2.696  -3.377  -0.681
PHE01B4061_001   4.889  -0.303   4.586
PHE01B4062_001   4.883  -0.135   4.748
ASP01B4063_001   0.350  -0.586  -0.235
ASP01B4063_002   0.350  -0.586  -0.235
ASP02B4063_003   0.404  -0.652  -0.248
ASP02B4063_004   0.404  -0.652  -0.248
ASP-1B4063_005   0.304  -0.586  -0.282
MET01B4064_001  -0.003  -0.425  -0.428
PHE01B4065_001   4.776   0.000   4.776
LEU01B4066_001   1.491  -1.062   0.429
LYS01B4067_001   2.939  -1.222   1.717
LYS+1B4067_002   2.893  -1.222   1.670
LEU01B4068_001   2.501  -0.824   1.676
LYS01B4069_001   2.142  -4.214  -2.072
LYS+1B4069_002   2.053  -4.214  -2.161
ASP01B4070_001   0.155  -1.782  -1.627
ASP01B4070_002   0.155  -1.782  -1.627
ASP02B4070_003   0.239  -1.698  -1.459
ASP02B4070_004   0.239  -1.698  -1.459
ASP-1B4070_005   0.146  -1.744  -1.598
ILE01B4071_001   0.937  -0.634   0.303
VAL01B4072_001   0.635  -0.737  -0.102
SER01B4074_001   0.000  -1.287  -1.287
SER01B4074_002   0.000  -1.287  -1.287
GLU01B4075_001   1.464  -3.401  -1.937
GLU01B4075_002   1.464  -3.401  -1.937
GLU02B4075_003   1.217  -3.404  -2.187
GLU02B4075_004   1.217  -3.404  -2.187
GLU-1B4075_005   1.124  -3.370  -2.246
ALA01B4076_001   0.000  -2.746  -2.746
PHE01B4077_001   4.612   0.000   4.612
GLN01B4078_001   0.802  -2.091  -1.289
ASP01B4079_001   0.162  -2.622  -2.459
ASP01B4079_002   0.162  -2.622  -2.459
ASP02B4079_003   0.247  -2.624  -2.376
ASP02B4079_004   0.247  -2.624  -2.376
ASP-1B4079_005   0.153  -2.524  -2.370
TYR01B4080_001   4.884  -0.615   4.269
TYR-1B4080_002   4.884  -0.615   4.269
VAL01B4081_001   0.607  -0.361   0.246
THR01B4082_001   0.203  -6.252  -6.049
ASP01B4083_001   0.260  -0.868  -0.608
ASP01B4083_002   0.260  -0.868  -0.608
ASP02B4083_003   0.355  -0.867  -0.511
ASP02B4083_004   0.355  -0.867  -0.511
ASP-1B4083_005   0.243  -0.792  -0.549
PRO01B4084_001   0.246  -6.427  -6.181
ARG01B4085_001   2.944  -7.668  -4.724
ARG02B4085_002   2.876  -7.668  -4.792
ARG02B4085_003   2.936  -7.668  -4.732
ARG03B4085_004   2.877  -7.668  -4.792
ARG+1B4085_005   2.832  -7.668  -4.837
LEU01B4087_001   1.679  -4.185  -2.507
ILE01B4088_001   2.875   0.000   2.875
SER01B4089_001   0.000  -1.541  -1.541
SER01B4089_002   0.000  -1.541  -1.541
SER01B4089_003   0.000  -1.541  -1.541
LYS01B4090_001   1.920  -2.031  -0.111
LYS+1B4090_002   1.874  -2.031  -0.157
LYS01B4091_001   0.782  -8.438  -7.656
LYS+1B4091_002   0.736  -8.438  -7.702
ASP01B4092_001   0.052  -0.387  -0.335
ASP01B4092_002   0.052  -0.387  -0.335
ASP02B4092_003   0.115  -0.434  -0.319
ASP02B4092_004   0.115  -0.434  -0.319
ASP-1B4092_005   0.048  -0.387  -0.339
PHE01B4093_001   4.707  -0.186   4.521
GLN01B4094_001   1.220  -1.417  -0.198
GLN01B4094_002   1.664  -1.372   0.292
LYS01B4095_001   1.445  -7.109  -5.663
LYS+1B4095_002   1.399  -7.109  -5.710
ALA01B4096_001   0.000  -0.103  -0.103
MET01B4097_001  -0.051   0.000  -0.051
ASP01B4098_001   0.400  -2.525  -2.125
ASP01B4098_002   0.400  -2.525  -2.125
ASP02B4098_003   0.441  -2.443  -2.002
ASP02B4098_004   0.441  -2.443  -2.002
ASP-1B4098_005   0.341  -2.403  -2.062
SER01B4099_001   0.000  -2.315  -2.315
SER01B4099_002   0.000  -2.315  -2.315
GLN01B4100_001   2.713  -0.696   2.018
LYS01B4101_001   0.774  -8.794  -8.020
LYS+1B4101_002   0.727  -8.794  -8.067
GLN01B4102_001   1.560  -2.517  -0.957
GLN01B4102_002   2.568  -2.765  -0.197
PHE01B4103_001   5.255  -0.103   5.152
THR01B4104_001   0.209  -3.779  -3.570
THR01B4104_002   0.209  -3.779  -3.570
PRO01B4106_001   0.264  -6.987  -6.723
GLU01B4107_001   2.295  -1.081   1.214
GLU01B4107_002   2.295  -1.081   1.214
GLU02B4107_003   1.818  -1.140   0.679
GLU02B4107_004   1.818  -1.140   0.679
GLU-1B4107_005   1.755  -1.107   0.649
ILE01B4108_001   2.560  -0.206   2.354
GLN01B4109_001   0.981  -2.378  -1.398
GLN01B4109_002   0.785  -2.427  -1.642
PHE01B4110_001   4.749  -1.361   3.388
LEU01B4111_001   1.442  -0.258   1.184
LEU01B4112_001   1.534  -0.428   1.105
SER01B4113_001   0.000  -1.642  -1.642
SER01B4113_002   0.000  -1.642  -1.642
CYS01B4114_001  -0.002  -0.491  -0.493
CYS01B4114_002  -0.002  -0.491  -0.493
CYS01B4114_003  -0.002  -0.491  -0.493
CYS-1B4114_004   0.000  -0.491  -0.491
SER01B4115_001   0.000  -0.144  -0.144
SER01B4115_002   0.000  -0.144  -0.144
GLU01B4116_001   1.241  -1.764  -0.524
GLU01B4116_002   1.241  -1.764  -0.524
GLU02B4116_003   1.069  -1.661  -0.592
GLU02B4116_004   1.069  -1.661  -0.592
GLU-1B4116_005   0.958  -1.623  -0.665
ALA01B4117_001   0.000  -3.036  -3.036
ASP01B4118_001   0.348  -2.123  -1.775
ASP01B4118_002   0.348  -2.123  -1.775
ASP02B4118_003   0.386  -1.909  -1.523
ASP02B4118_004   0.386  -1.909  -1.523
ASP-1B4118_005   0.295  -1.998  -1.704
GLU01B4119_001   1.708  -3.902  -2.194
GLU01B4119_002   1.708  -3.902  -2.194
GLU02B4119_003   1.423  -4.010  -2.587
GLU02B4119_004   1.423  -4.010  -2.587
GLU-1B4119_005   1.324  -3.919  -2.595
ASN01B4120_001   0.020  -1.686  -1.666
ASN01B4120_002   0.190  -1.866  -1.676
GLU01B4121_001   3.112  -3.013   0.099
GLU01B4121_002   3.112  -3.013   0.099
GLU02B4121_003   2.484  -2.950  -0.466
GLU02B4121_004   2.484  -2.950  -0.466
GLU-1B4121_005   2.416  -2.954  -0.538
MET01B4122_001   0.141  -0.836  -0.695
ILE01B4123_001   2.311  -0.206   2.105
ASN01B4124_001   0.170  -1.516  -1.346
ASN01B4124_002   0.005  -1.378  -1.373
PHE01B4125_001   4.523  -2.426   2.098
GLU01B4126_001   0.500  -3.405  -2.905
GLU01B4126_002   0.500  -3.405  -2.905
GLU02B4126_003   0.666  -3.344  -2.677
GLU02B4126_004   0.666  -3.344  -2.677
GLU-1B4126_005   0.468  -3.273  -2.805
GLU01B4127_001   4.260  -1.627   2.633
GLU01B4127_002   4.260  -1.627   2.633
GLU02B4127_003   3.462  -1.566   1.896
GLU02B4127_004   3.462  -1.566   1.896
GLU-1B4127_005   3.370  -1.510   1.860
PHE01B4128_001   4.818  -0.816   4.002
ALA01B4129_001   0.000  -0.222  -0.222
ASN01B4130_001   0.420  -1.994  -1.574
ASN01B4130_002   0.189  -2.041  -1.852
ARG01B4131_001   5.338  -1.502   3.836
ARG02B4131_002   5.302  -1.502   3.800
ARG03B4131_003   5.286  -1.502   3.783
ARG+1B4131_004   5.240  -1.502   3.738
PHE01B4132_001   5.189  -0.155   5.034
GLN01B4133_001   1.887  -1.435   0.452
GLN01B4133_002   3.213  -1.440   1.773
GLU01B4134_001   1.822  -3.134  -1.312
GLU01B4134_002   1.822  -3.134  -1.312
GLU02B4134_003   1.520  -3.168  -1.649
GLU02B4134_004   1.520  -3.168  -1.649
GLU-1B4134_005   1.416  -3.109  -1.693
PRO01B4135_001   0.299  -1.494  -1.194
ALA01B4136_001   0.000  -0.412  -0.412
ARG01B4137_001   2.742  -1.244   1.498
ARG02B4137_002   2.717  -1.244   1.473
ARG02B4137_003   2.721  -1.244   1.477
ARG03B4137_004   2.726  -1.244   1.481
ARG+1B4137_005   2.678  -1.244   1.433
ASP01B4138_001   0.062  -1.326  -1.264
ASP01B4138_002   0.062  -1.326  -1.264
ASP02B4138_003   0.129  -1.380  -1.251
ASP02B4138_004   0.129  -1.380  -1.251
ASP-1B4138_005   0.058  -1.326  -1.267
ILE01B4139_001   1.071  -0.103   0.968
PHE01B4141_001   4.842  -0.101   4.741
ASN01B4142_001   0.503  -0.443   0.060
ASN01B4142_002   0.244  -0.458  -0.214
VAL01B4143_001   0.547  -1.423  -0.876
ALA01B4144_001   0.000  -0.052  -0.052
VAL01B4145_001   0.571  -0.206   0.365
LEU01B4146_001   1.786  -0.361   1.425
LEU01B4147_001   2.348  -0.206   2.142
THR01B4148_001   0.228  -0.833  -0.605
ASN01B4149_001   0.195  -0.118   0.077
ASN01B4149_002   0.020  -0.138  -0.118
LEU01B4150_001   1.549   0.000   1.549
SER01B4151_001   0.000  -1.012  -1.012
SER01B4151_002   0.000  -1.012  -1.012
GLU01B4152_001   2.426  -1.308   1.117
GLU01B4152_002   2.426  -1.308   1.117
GLU02B4152_003   1.925  -1.424   0.500
GLU02B4152_004   1.925  -1.424   0.500
GLU-1B4152_005   1.861  -1.305   0.557
HIS01B4153_001  -0.153  -0.205  -0.358
HIS01B4153_002  -0.109  -0.223  -0.331
HIS02B4153_003  -0.171  -0.205  -0.377
HIS02B4153_004  -0.122  -0.223  -0.345
HIS+1B4153_005  -0.199  -0.205  -0.404
HIS+1B4153_006  -0.149  -0.223  -0.371
VAL01B4154_001   0.636  -1.217  -0.581
PRO01B4155_001   0.283  -1.681  -1.398
HIS01B4156_001  -0.254  -6.409  -6.663
HIS01B4156_002  -0.218  -6.705  -6.923
HIS02B4156_003  -0.274  -6.409  -6.683
HIS02B4156_004  -0.227  -6.705  -6.932
HIS+1B4156_005  -0.301  -6.409  -6.710
HIS+1B4156_006  -0.254  -6.705  -6.959
ASP01B4157_001   0.077  -0.806  -0.730
ASP01B4157_002   0.077  -0.806  -0.730
ASP02B4157_003   0.150  -0.706  -0.555
ASP02B4157_004   0.150  -0.706  -0.555
ASP-1B4157_005   0.074  -0.736  -0.662
PRO01B4158_001   0.260  -6.595  -6.334
ARG01B4159_001   2.970  -5.514  -2.544
ARG02B4159_002   2.890  -5.514  -2.624
ARG02B4159_003   2.896  -5.514  -2.618
ARG03B4159_004   2.957  -5.514  -2.557
ARG+1B4159_005   2.851  -5.514  -2.663
LEU01B4160_001   2.045  -0.052   1.994
ARG01B4161_001   1.522  -7.440  -5.918
ARG02B4161_002   1.541  -7.440  -5.899
ARG03B4161_003   1.480  -7.440  -5.960
ARG+1B4161_004   1.437  -7.440  -6.003
ASN01B4162_001   0.192  -1.703  -1.511
ASN01B4162_002   0.017  -1.728  -1.710
PHE01B4163_001   4.873  -0.101   4.772
LEU01B4164_001   2.267  -1.494   0.773
GLU01B4165_001   5.132  -3.169   1.963
GLU01B4165_002   5.132  -3.169   1.963
GLU02B4165_003   4.103  -3.348   0.755
GLU02B4165_004   4.103  -3.348   0.755
GLU-1B4165_005   4.050  -3.221   0.829
LEU01B4166_001   2.486  -2.453   0.032
ALA01B4167_001   0.000   0.000   0.000
GLU01B4168_001   1.829  -2.743  -0.914
GLU01B4168_002   1.829  -2.743  -0.914
GLU02B4168_003   1.540  -2.660  -1.120
GLU02B4168_004   1.540  -2.660  -1.120
GLU-1B4168_005   1.430  -2.660  -1.231
SER01B4169_001   0.000  -0.836  -0.836
SER01B4169_002   0.000  -0.836  -0.836
SER01B4169_003   0.000  -0.836  -0.836
ILE01B4170_001   5.403   0.000   5.403
LEU01B4171_001   2.527  -2.898  -0.370
GLU01B4172_001   2.101  -2.884  -0.783
GLU01B4172_002   2.101  -2.884  -0.783
GLU02B4172_003   1.741  -2.927  -1.185
GLU02B4172_004   1.741  -2.927  -1.185
GLU-1B4172_005   1.641  -2.902  -1.261
TYR01B4173_001   4.728  -3.269   1.459
TYR01B4173_002   4.728  -3.269   1.459
TYR-1B4173_003   4.728  -3.269   1.459
PHE01B4174_001   4.953  -0.408   4.545
ARG01B4175_001   2.617  -7.289  -4.672
ARG02B4175_002   2.593  -7.289  -4.696
ARG02B4175_003   2.597  -7.289  -4.692
ARG03B4175_004   2.602  -7.289  -4.687
ARG03B4175_005   2.692  -7.289  -4.597
ARG+1B4175_006   2.554  -7.289  -4.735
PRO01B4176_001   0.383  -4.034  -3.651
TYR01B4177_001   4.808  -2.379   2.428
TYR-1B4177_002   4.808  -2.379   2.428
LEU01B4178_001   1.988  -0.721   1.266
ARG01B4180_001   2.730  -1.163   1.567
ARG02B4180_002   2.699  -1.163   1.536
ARG02B4180_003   2.787  -1.163   1.624
ARG03B4180_004   2.690  -1.163   1.527
ARG03B4180_005   2.694  -1.163   1.531
ARG+1B4180_006   2.650  -1.163   1.487
ILE01B4181_001   3.854  -0.721   3.133
GLU01B4182_001   2.668   0.000   2.668
GLU01B4182_002   2.668   0.000   2.668
GLU02B4182_003   2.123   0.000   2.123
GLU02B4182_004   2.123   0.000   2.123
GLU-1B4182_005   2.058   0.000   2.058
ILE01B4183_001   1.742  -0.206   1.536
MET01B4184_001   0.490  -2.721  -2.231
ALA01B4186_001   0.000  -3.123  -3.123
SER01B4187_001   0.000  -0.855  -0.855
SER01B4187_002   0.000  -0.855  -0.855
SER01B4187_003   0.000  -0.855  -0.855
ARG01B4188_001   5.497 -10.901  -5.404
ARG02B4188_002   5.444 -10.901  -5.457
ARG03B4188_003   5.442 -10.901  -5.459
ARG+1B4188_004   5.398 -10.901  -5.504
ARG01B4189_001   4.523  -4.889  -0.366
ARG02B4189_002   4.443  -4.889  -0.447
ARG03B4189_003   4.443  -4.889  -0.446
ARG+1B4189_004   4.398  -4.889  -0.491
ILE01B4190_001   3.175  -0.155   3.021
GLU01B4191_001   5.016  -0.152   4.864
GLU01B4191_002   5.016  -0.152   4.864
GLU02B4191_003   3.990  -0.122   3.868
GLU02B4191_004   3.990  -0.122   3.868
GLU-1B4191_005   3.936  -0.151   3.785
ARG01B4192_001   4.222  -0.321   3.901
ARG02B4192_002   4.187  -0.321   3.865
ARG03B4192_003   4.191  -0.321   3.870
ARG+1B4192_004   4.142  -0.321   3.820
ILE01B4193_001   3.179  -1.561   1.618
TYR01B4194_001   5.473  -0.456   5.017
TYR-1B4194_002   5.473  -0.456   5.017
PHE01B4195_001   5.550  -3.438   2.112
GLU01B4196_001   2.638  -0.884   1.753
GLU01B4196_002   2.638  -0.884   1.753
GLU02B4196_003   2.074  -0.779   1.295
GLU02B4196_004   2.074  -0.779   1.295
GLU-1B4196_005   2.024  -0.792   1.232
ILE01B4197_001   3.395   0.000   3.395
SER01B4198_001   0.000  -2.233  -2.233
SER01B4198_002   0.000  -2.233  -2.233
GLU01B4199_001   2.052  -2.236  -0.184
GLU01B4199_002   2.052  -2.236  -0.184
GLU02B4199_003   1.671  -2.348  -0.677
GLU02B4199_004   1.671  -2.348  -0.677
GLU-1B4199_005   1.602  -2.295  -0.692
THR01B4200_001   0.244  -5.618  -5.375
THR01B4200_002   0.244  -5.618  -5.375
ASN01B4201_001   0.291  -0.723  -0.433
ASN01B4201_002   0.468  -0.837  -0.368
ARG01B4202_001   4.196  -3.576   0.620
ARG02B4202_002   4.241  -3.576   0.665
ARG03B4202_003   4.149  -3.576   0.573
ARG+1B4202_004   4.103  -3.576   0.527
ALA01B4203_001   0.000  -3.380  -3.380
GLN01B4204_001   1.694  -0.864   0.830
GLN01B4204_002   2.813  -0.873   1.939
TRP01B4205_001   3.386  -0.750   2.636
GLU01B4206_001   1.373  -2.408  -1.035
GLU01B4206_002   1.373  -2.408  -1.035
GLU02B4206_003   1.164  -2.463  -1.299
GLU02B4206_004   1.164  -2.463  -1.299
GLU-1B4206_005   1.061  -2.415  -1.355
MET01B4207_001   1.085  -3.204  -2.119
PRO01B4208_001   0.248  -7.439  -7.191
GLN01B4209_001   0.829  -1.255  -0.426
GLN01B4209_002   0.699  -1.368  -0.669
VAL01B4210_001   0.622   0.000   0.622
LYS01B4211_001   0.800  -4.965  -4.165
LYS+1B4211_002   0.756  -4.965  -4.208
GLU01B4212_001   1.825  -2.055  -0.230
GLU01B4212_002   1.825  -2.055  -0.230
GLU02B4212_003   1.510  -2.054  -0.544
GLU02B4212_004   1.510  -2.054  -0.544
GLU-1B4212_005   1.415  -2.028  -0.613
SER01B4213_001   0.000  -1.972  -1.972
LYS01B4214_001   2.258  -1.598   0.660
LYS+1B4214_002   2.172  -1.598   0.574
ARG01B4215_001   4.950  -7.374  -2.424
ARG02B4215_002   4.990  -7.374  -2.384
ARG03B4215_003   4.899  -7.374  -2.475
ARG+1B4215_004   4.853  -7.374  -2.521
GLN01B4216_001   1.816  -3.161  -1.345
GLN01B4216_002   3.016  -3.216  -0.200
PHE01B4217_001   5.167  -0.861   4.306
ILE01B4218_001   2.985  -1.803   1.182
PHE01B4219_001   4.788  -2.652   2.136
ASP01B4220_001   0.168  -1.660  -1.492
ASP01B4220_002   0.168  -1.660  -1.492
ASP02B4220_003   0.254  -1.651  -1.397
ASP02B4220_004   0.254  -1.651  -1.397
ASP-1B4220_005   0.159  -1.658  -1.498
VAL01B4221_001   1.020  -0.052   0.968
VAL01B4222_001   0.851  -0.618   0.233
ASN01B4223_001   0.161  -1.649  -1.488
ASN01B4223_002  -0.001  -1.796  -1.798
GLU01B4224_001   1.768  -3.633  -1.865
GLU01B4224_002   1.768  -3.633  -1.865
GLU02B4224_003   1.481  -3.572  -2.091
GLU02B4224_004   1.481  -3.572  -2.091
GLU-1B4224_005   1.376  -3.496  -2.121
GLU01B4227_001   1.220  -4.126  -2.905
GLU01B4227_002   1.220  -4.126  -2.905
GLU02B4227_003   0.989  -4.044  -3.054
GLU02B4227_004   0.989  -4.044  -3.054
GLU-1B4227_005   0.914  -3.999  -3.086
ALA01B4228_001   0.000  -2.592  -2.592
GLU01B4229_001   2.578  -2.869  -0.291
GLU01B4229_002   2.578  -2.869  -0.291
GLU02B4229_003   2.134  -2.830  -0.696
GLU02B4229_004   2.134  -2.830  -0.696
GLU-1B4229_005   2.027  -2.769  -0.742
LYS01B4230_001   1.448  -2.967  -1.519
LYS+1B4230_002   1.401  -2.967  -1.566
MET01B4231_001   0.065  -0.336  -0.272
GLU01B4232_001   3.147  -1.064   2.083
GLU01B4232_002   3.147  -1.064   2.083
GLU02B4232_003   2.546  -1.204   1.343
GLU02B4232_004   2.546  -1.204   1.343
GLU-1B4232_005   2.459  -1.063   1.396
LEU01B4233_001   2.585  -4.118  -1.532
PHE01B4234_001   4.995   0.000   4.995
VAL01B4235_001   0.941  -0.052   0.890
SER01B4236_001   0.000  -1.776  -1.776
SER01B4236_002   0.000  -1.776  -1.776
PHE01B4237_001   5.194  -0.980   4.215
CYS01B4238_001  -0.002  -0.071  -0.073
CYS01B4238_002  -0.002  -0.071  -0.073
CYS01B4238_003  -0.003  -0.071  -0.074
CYS-1B4238_004   0.000  -0.071  -0.071
GLU01B4239_001   3.400  -0.034   3.365
GLU01B4239_002   3.400  -0.034   3.365
GLU02B4239_003   2.713  -0.036   2.677
GLU02B4239_004   2.713  -0.036   2.677
GLU-1B4239_005   2.650  -0.034   2.615
ASP01B4240_001   0.086  -0.551  -0.465
ASP01B4240_002   0.086  -0.551  -0.465
ASP02B4240_003   0.160  -0.616  -0.456
ASP02B4240_004   0.160  -0.616  -0.456
ASP-1B4240_005   0.082  -0.551  -0.470
THR01B4241_001   0.249   0.000   0.249
THR01B4241_002   0.249   0.000   0.249
ILE01B4242_001   2.388  -0.650   1.737
PHE01B4243_001   4.909  -1.212   3.697
GLU01B4244_001   2.155  -0.245   1.910
GLU01B4244_002   2.155  -0.245   1.910
GLU02B4244_003   1.706  -0.322   1.383
GLU02B4244_004   1.706  -0.322   1.383
GLU-1B4244_005   1.642  -0.241   1.401
MET01B4245_001  -0.036  -0.515  -0.551
GLN01B4246_001   0.927  -2.471  -1.544
GLN01B4246_002   0.772  -2.580  -1.808
ILE01B4247_001   1.092  -1.201  -0.109
ALA01B4248_001   0.000  -0.222  -0.222
ALA01B4249_001   0.000  -2.727  -2.727
GLN01B4250_001   1.869  -2.514  -0.645
GLN01B4250_002   3.085  -2.394   0.691
ILE01B4251_001   2.156  -1.526   0.630
SER01B4252_001   0.000  -3.167  -3.167
SER01B4252_002   0.000  -3.167  -3.167
GLU01B4253_001   0.498  -3.167  -2.669
GLU01B4253_002   0.498  -3.167  -2.669
GLU02B4253_003   0.664  -3.028  -2.364
GLU02B4253_004   0.664  -3.028  -2.364
GLU-1B4253_005   0.466  -2.971  -2.505
CTR01B4253_001  -0.021  -5.348  -5.369
CTR01B4253_002   0.108  -5.252  -5.143
CTR02B4253_003  -0.022  -5.328  -5.351
CTR02B4253_004   0.042  -5.348  -5.306
CTR-1B4253_005   0.000  -5.251  -5.251
NTR01B4540_001  -0.003  -2.800  -2.803
NTR+1B4540_002  -0.005  -2.800  -2.805
PHE01B4540_001   2.033  -2.340  -0.307
TRP01B4541_001   0.643 -14.482 -13.839
GLU01B4543_001   0.499  -3.490  -2.991
GLU01B4543_002   0.499  -3.490  -2.991
GLU02B4543_003   0.666  -3.535  -2.869
GLU02B4543_004   0.666  -3.535  -2.869
GLU-1B4543_005   0.468  -3.407  -2.939
LEU01B4544_001   1.454  -3.982  -2.528
GLU01B4545_001   0.499  -1.972  -1.473
GLU01B4545_002   0.499  -1.972  -1.473
GLU02B4545_003   0.666  -1.976  -1.310
GLU02B4545_004   0.666  -1.976  -1.310
GLU-1B4545_005   0.468  -1.942  -1.475
VAL01B4546_001   0.703  -6.037  -5.334
GLN01B4547_001   0.989  -3.085  -2.096
GLN01B4547_002   1.332  -2.944  -1.612
ARG01B4548_001   3.889  -7.189  -3.300
ARG02B4548_002   3.836  -7.189  -3.353
ARG02B4548_003   3.841  -7.189  -3.348
ARG03B4548_004   3.844  -7.189  -3.345
ARG+1B4548_005   3.796  -7.189  -3.393
VAL01B4549_001   0.852  -4.118  -3.266
LYS01B4550_001   3.799  -3.975  -0.177
LYS+1B4550_002   3.704  -3.975  -0.271
PHE01B4551_001   4.607  -6.980  -2.373
LEU01B4552_001   2.432  -1.887   0.545
ASN01B4553_001   0.304  -1.024  -0.720
ASN01B4553_002   0.463  -1.058  -0.595
TYR01B4554_001   4.534  -7.338  -2.805
TYR-1B4554_002   4.534  -7.338  -2.805
LEU01B4555_001   1.663  -0.361   1.303
SER01B4556_001   0.000   0.000   0.000
ARG01B4557_001   3.075  -4.173  -1.098
ARG02B4557_002   3.034  -4.173  -1.139
ARG03B4557_003   3.042  -4.173  -1.131
ARG+1B4557_004   2.994  -4.173  -1.179
ASN01B4558_001   0.163  -1.283  -1.120
PHE01B4559_001   4.861  -0.556   4.305
TYR01B4560_001   4.744  -7.387  -2.643
TYR-1B4560_002   4.744  -7.387  -2.643
THR01B4561_001   0.259  -4.214  -3.956
THR01B4561_002   0.259  -4.214  -3.956
LEU01B4562_001   1.967  -0.908   1.059
ARG01B4563_001   1.271  -2.084  -0.813
ARG02B4563_002   1.232  -2.084  -0.852
ARG03B4563_003   1.294  -2.084  -0.790
ARG+1B4563_004   1.189  -2.084  -0.895
PHE01B4564_001   4.792  -8.203  -3.411
LEU01B4565_001   1.711  -4.462  -2.751
ALA01B4566_001   0.000   0.000   0.000
LEU01B4567_001   1.664  -1.613   0.051
PHE01B4568_001   4.636  -8.597  -3.961
LEU01B4569_001   2.829  -0.567   2.262
ALA01B4570_001   0.000   0.000   0.000
PHE01B4571_001   4.931  -6.402  -1.470
ALA01B4572_001   0.000  -2.283  -2.283
ILE01B4573_001   1.965  -0.103   1.862
ASN01B4574_001   0.461  -0.268   0.193
ASN01B4574_002   0.227  -0.300  -0.073
PHE01B4575_001   4.786  -8.749  -3.964
ILE01B4576_001   3.646  -0.753   2.892
LEU01B4577_001   3.481  -2.006   1.475
LEU01B4578_001   2.046  -7.189  -5.143
PHE01B4579_001   4.463  -3.301   1.162
TYR01B4580_001   4.580  -3.047   1.533
TYR01B4580_002   4.580  -3.047   1.533
TYR-1B4580_003   4.580  -3.047   1.533
LYS01B4581_001   1.219  -6.466  -5.247
LYS+1B4581_002   1.172  -6.466  -5.295
VAL01B4582_001   0.473  -5.389  -4.916
SER01B4583_001   0.000  -0.811  -0.811
ASP01B4584_001  -0.040  -3.418  -3.458
ASP01B4584_002  -0.040  -3.418  -3.458
ASP02B4584_003  -0.009  -3.448  -3.457
ASP02B4584_004  -0.009  -3.448  -3.457
ASP-1B4584_005  -0.040  -3.359  -3.400
SER01B4585_001   0.000  -3.340  -3.340
SER01B4585_002   0.000  -3.340  -3.340
PRO01B4586_001   0.271  -5.204  -4.933
PRO01B4587_001   0.257  -4.074  -3.817
CTR01B4587_001  -0.021  -4.595  -4.616
CTR01B4587_002   0.089  -4.479  -4.390
CTR02B4587_003  -0.022  -4.576  -4.598
CTR02B4587_004   0.032  -4.576  -4.544
CTR-1B4587_005   0.000  -4.576  -4.576
NTR01B4626_001  -0.003  -3.618  -3.621
NTR+1B4626_002  -0.005  -3.618  -3.623
ASN01B4626_001  -0.020  -3.515  -3.535
MET01B4627_001   0.140  -3.625  -3.486
VAL01B4628_001   0.599  -2.795  -2.195
TYR01B4629_001   4.608  -9.821  -5.213
TYR-1B4629_002   4.608  -9.821  -5.213
TYR01B4630_001   4.598  -3.542   1.057
TYR01B4630_002   4.598  -3.542   1.057
TYR-1B4630_003   4.598  -3.542   1.057
PHE01B4631_001   4.749  -2.455   2.294
LEU01B4632_001   1.806  -4.218  -2.411
GLU01B4633_001   3.039  -2.484   0.556
GLU01B4633_002   3.039  -2.484   0.556
GLU02B4633_003   2.414  -2.576  -0.162
GLU02B4633_004   2.414  -2.576  -0.162
GLU-1B4633_005   2.353  -2.377  -0.024
GLU01B4634_001   2.267  -1.216   1.051
GLU01B4634_002   2.267  -1.216   1.051
GLU02B4634_003   1.801  -1.151   0.650
GLU02B4634_004   1.801  -1.151   0.650
GLU-1B4634_005   1.736  -1.145   0.590
SER01B4635_001   0.000  -5.388  -5.388
SER01B4635_002   0.000  -5.388  -5.388
THR01B4636_001   0.198  -1.732  -1.534
THR01B4636_002   0.198  -1.732  -1.534
THR01B4636_003   0.198  -1.732  -1.534
TYR01B4638_001   4.574 -10.150  -5.576
TYR-1B4638_002   4.574 -10.150  -5.576
MET01B4639_001  29.187   0.000  29.187
GLU01B4640_001   1.688  -2.743  -1.056
GLU01B4640_002   1.688  -2.743  -1.056
GLU02B4640_003   1.393  -2.763  -1.370
GLU02B4640_004   1.393  -2.763  -1.370
GLU-1B4640_005   1.301  -2.648  -1.347
PRO01B4641_001   0.281  -6.061  -5.780
ALA01B4642_001   0.000  -2.901  -2.901
LEU01B4643_001   2.949  -1.510   1.439
TRP01B4644_001   2.970  -8.168  -5.198
CYS01B4645_001  -0.002  -3.928  -3.930
CYS01B4645_002  -0.002  -3.928  -3.930
CYS01B4645_003  -0.002  -3.928  -3.931
CYS-1B4645_004   0.000  -3.928  -3.928
LEU01B4646_001   1.541  -2.833  -1.292
SER01B4647_001   0.000   0.000   0.000
SER01B4647_002   0.000   0.000   0.000
SER01B4647_003   0.000   0.000   0.000
LEU01B4648_001   2.172  -4.926  -2.753
LEU01B4649_001   1.780  -3.586  -1.806
HIS01B4650_001  -0.153   0.000  -0.153
HIS02B4650_002  -0.172   0.000  -0.172
HIS+1B4650_003  -0.199   0.000  -0.199
THR01B4651_001   0.245  -1.245  -1.001
THR01B4651_002   0.245  -1.245  -1.001
LEU01B4652_001   3.224  -5.389  -2.166
VAL01B4653_001   0.663  -0.412   0.251
ALA01B4654_001   0.000   0.000   0.000
PHE01B4655_001   4.596  -7.979  -3.383
LEU01B4656_001   2.147  -2.247  -0.100
CYS01B4657_001  -0.002   0.000  -0.002
CYS01B4657_002  -0.002   0.000  -0.002
CYS01B4657_003  -0.002   0.000  -0.002
CYS-1B4657_004   0.000   0.000   0.000
ILE01B4658_001   2.274  -2.196   0.078
ILE01B4659_001   3.992  -3.380   0.612
TYR01B4661_001   4.696  -0.674   4.022
TYR01B4661_002   4.696  -0.674   4.022
TYR-1B4661_003   4.696  -0.674   4.022
ASN01B4662_001   0.179  -1.782  -1.603
ASN01B4662_002   0.010  -1.846  -1.835
CYS01B4663_001  -0.002  -1.074  -1.076
CYS01B4663_002  -0.002  -1.074  -1.076
CYS01B4663_003  -0.003  -1.074  -1.076
CYS-1B4663_004   0.000  -1.074  -1.074
LEU01B4664_001   1.597  -1.030   0.567
LYS01B4665_001   1.420  -3.774  -2.354
LYS+1B4665_002   1.335  -3.774  -2.440
VAL01B4666_001   0.333   0.000   0.333
PRO01B4667_001   0.310  -1.870  -1.561
LEU01B4668_001   2.156  -0.959   1.196
VAL01B4669_001   0.523  -1.800  -1.277
ILE01B4670_001   1.883  -0.618   1.265
PHE01B4671_001   4.943  -0.051   4.892
LYS01B4672_001   1.048  -5.055  -4.007
LYS+1B4672_002   1.001  -5.055  -4.054
ARG01B4673_001   3.250  -0.925   2.325
ARG02B4673_002   3.208  -0.925   2.282
ARG03B4673_003   3.217  -0.925   2.291
ARG03B4673_004   3.281  -0.925   2.356
ARG+1B4673_005   3.168  -0.925   2.243
GLU01B4674_001   3.551   0.000   3.551
GLU01B4674_002   3.551   0.000   3.551
GLU02B4674_003   2.971   0.000   2.971
GLU02B4674_004   2.971   0.000   2.971
GLU-1B4674_005   2.838   0.000   2.838
LYS01B4675_001   1.010  -0.795   0.215
LYS+1B4675_002   0.964  -0.795   0.169
GLU01B4676_001   3.061  -1.361   1.700
GLU01B4676_002   3.061  -1.361   1.700
GLU02B4676_003   2.442  -1.319   1.123
GLU02B4676_004   2.442  -1.319   1.123
GLU-1B4676_005   2.375  -1.314   1.062
LEU01B4677_001   1.417  -0.309   1.108
ALA01B4678_001   0.000  -0.103  -0.103
ARG01B4679_001   1.991  -3.014  -1.023
ARG02B4679_002   1.974  -3.014  -1.040
ARG02B4679_003   2.045  -3.014  -0.969
ARG03B4679_004   1.966  -3.014  -1.048
ARG03B4679_005   1.970  -3.014  -1.044
ARG+1B4679_006   1.927  -3.014  -1.087
LYS01B4680_001   0.994  -4.688  -3.694
LYS+1B4680_002   0.948  -4.688  -3.740
LEU01B4681_001   1.348   0.000   1.348
GLU01B4682_001   1.875  -0.695   1.180
GLU01B4682_002   1.875  -0.695   1.180
GLU02B4682_003   1.540  -0.725   0.815
GLU02B4682_004   1.540  -0.725   0.815
GLU-1B4682_005   1.451  -0.693   0.757
PHE01B4683_001   5.017  -4.131   0.886
ASP01B4684_001   0.234  -2.305  -2.071
ASP01B4684_002   0.234  -2.305  -2.071
ASP02B4684_003   0.335  -2.415  -2.080
ASP02B4684_004   0.335  -2.415  -2.080
ASP-1B4684_005   0.223  -2.265  -2.043
LEU01B4686_001   2.076  -2.315  -0.239
TYR01B4687_001   4.898  -0.152   4.746
TYR01B4687_002   4.898  -0.152   4.746
TYR-1B4687_003   4.898  -0.152   4.746
ILE01B4688_001   2.153   0.000   2.153
THR01B4689_001   0.194  -3.547  -3.353
GLU01B4690_001   3.340  -3.150   0.190
GLU01B4690_002   3.340  -3.150   0.190
GLU02B4690_003   2.667  -3.116  -0.449
GLU02B4690_004   2.667  -3.116  -0.449
GLU-1B4690_005   2.601  -3.053  -0.453
GLN01B4691_001   1.033  -2.499  -1.466
GLN01B4691_002   1.374  -2.560  -1.186
PRO01B4692_001   0.318  -0.148   0.171
ASP01B4694_001   0.140  -2.452  -2.312
ASP01B4694_002   0.140  -2.452  -2.312
ASP02B4694_003   0.219  -2.702  -2.483
ASP02B4694_004   0.219  -2.702  -2.483
ASP-1B4694_005   0.131  -2.420  -2.289
ASP01B4695_001   0.167  -3.372  -3.205
ASP01B4695_002   0.167  -3.372  -3.205
ASP02B4695_003   0.252  -3.453  -3.201
ASP02B4695_004   0.252  -3.453  -3.201
ASP-1B4695_005   0.158  -3.385  -3.227
ASP01B4696_001   0.183  -2.972  -2.789
ASP01B4696_002   0.183  -2.972  -2.789
ASP02B4696_003   0.272  -2.862  -2.589
ASP02B4696_004   0.272  -2.862  -2.589
ASP-1B4696_005   0.173  -2.860  -2.686
VAL01B4697_001   0.651  -6.828  -6.177
LYS01B4698_001   1.635  -5.181  -3.547
LYS+1B4698_002   1.586  -5.181  -3.596
GLN01B4700_001   1.093  -2.211  -1.118
GLN01B4700_002   0.879  -2.316  -1.437
TRP01B4701_001   3.259  -4.434  -1.175
ASP01B4702_001   0.130  -0.069   0.061
ASP01B4702_002   0.130  -0.069   0.061
ASP02B4702_003   0.208  -0.072   0.136
ASP02B4702_004   0.208  -0.072   0.136
ASP-1B4702_005   0.123  -0.069   0.054
ARG01B4703_001   5.332  -6.059  -0.727
ARG02B4703_002   5.273  -6.059  -0.786
ARG03B4703_003   5.370  -6.059  -0.690
ARG+1B4703_004   5.233  -6.059  -0.827
LEU01B4704_001   3.833  -2.576   1.257
VAL01B4705_001   0.536   0.000   0.536
LEU01B4706_001   1.705  -0.361   1.344
ASN01B4707_001   0.520  -1.311  -0.791
THR01B4708_001   0.240   0.000   0.240
THR01B4708_002   0.240   0.000   0.240
PRO01B4709_001   0.263  -4.809  -4.546
SER01B4710_001   0.000  -1.649  -1.649
SER01B4710_002   0.000  -1.649  -1.649
PHE01B4711_001   4.744   0.000   4.744
PRO01B4712_001   0.306  -0.238   0.068
SER01B4713_001   0.000  -1.713  -1.713
SER01B4713_002   0.000  -1.713  -1.713
ASN01B4714_001   0.172  -0.724  -0.551
ASN01B4714_002   0.005  -0.733  -0.728
TYR01B4715_001   5.212  -0.823   4.388
TYR01B4715_002   5.212  -0.823   4.388
TYR-1B4715_003   5.212  -0.823   4.388
TRP01B4716_001   3.224  -2.240   0.985
ASP01B4717_001   0.445  -0.623  -0.178
ASP01B4717_002   0.445  -0.623  -0.178
ASP02B4717_003   0.512  -0.581  -0.068
ASP02B4717_004   0.512  -0.581  -0.068
ASP-1B4717_005   0.392  -0.612  -0.220
LYS01B4718_001   0.485  -4.083  -3.598
LYS+1B4718_002   0.442  -4.083  -3.641
PHE01B4719_001   4.618  -1.933   2.685
VAL01B4720_001   0.603  -0.258   0.345
LYS01B4721_001   0.654  -0.785  -0.131
LYS+1B4721_002   0.610  -0.785  -0.175
ARG01B4722_001   6.351  -5.423   0.928
ARG02B4722_002   6.293  -5.423   0.870
ARG03B4722_003   6.382  -5.423   0.960
ARG+1B4722_004   6.247  -5.423   0.824
LYS01B4723_001   1.575  -4.667  -3.093
LYS+1B4723_002   1.528  -4.667  -3.140
VAL01B4724_001   0.782   0.000   0.782
LEU01B4725_001   2.119  -0.464   1.655
ASP01B4726_001   0.106  -3.266  -3.159
ASP01B4726_002   0.106  -3.266  -3.159
ASP02B4726_003   0.188  -3.409  -3.221
ASP02B4726_004   0.188  -3.409  -3.221
ASP-1B4726_005   0.103  -3.252  -3.149
LYS01B4727_001   1.189  -4.463  -3.274
LYS+1B4727_002   1.143  -4.463  -3.320
HIS01B4728_001  -0.109  -0.848  -0.957
HIS01B4728_002  -0.056  -0.821  -0.877
HIS02B4728_003  -0.129  -0.848  -0.976
HIS02B4728_004  -0.069  -0.821  -0.890
HIS+1B4728_005  -0.156  -0.848  -1.003
HIS+1B4728_006  -0.095  -0.821  -0.917
ASP01B4730_001   0.074  -3.346  -3.273
ASP01B4730_002   0.074  -3.346  -3.273
ASP02B4730_003   0.145  -3.344  -3.199
ASP02B4730_004   0.145  -3.344  -3.199
ASP-1B4730_005   0.070  -3.209  -3.138
ILE01B4731_001   3.010  -6.349  -3.338
PHE01B4732_001   4.450  -3.206   1.244
ARG01B4734_001   2.056  -7.413  -5.357
ARG02B4734_002   2.036  -7.413  -5.377
ARG03B4734_003   2.125  -7.413  -5.288
ARG+1B4734_004   1.993  -7.413  -5.420
GLU01B4735_001   3.873  -3.021   0.852
GLU01B4735_002   3.873  -3.021   0.852
GLU02B4735_003   3.106  -2.957   0.149
GLU02B4735_004   3.106  -2.957   0.149
GLU-1B4735_005   3.033  -2.970   0.063
ARG01B4736_001   2.976  -9.052  -6.076
ARG02B4736_002   2.932  -9.052  -6.120
ARG03B4736_003   2.935  -9.052  -6.118
ARG+1B4736_004   2.886  -9.052  -6.166
ILE01B4737_001   1.961  -0.103   1.858
ALA01B4738_001   0.000  -0.052  -0.052
GLU01B4739_001   3.924  -2.595   1.329
GLU01B4739_002   3.924  -2.595   1.329
GLU02B4739_003   3.177  -2.593   0.584
GLU02B4739_004   3.177  -2.593   0.584
GLU-1B4739_005   3.094  -2.561   0.533
LEU01B4740_001   1.941  -2.675  -0.734
LEU01B4741_001   1.799  -0.052   1.748
MET01B4743_001   0.505  -0.671  -0.166
ASP01B4744_001  -0.040  -2.599  -2.639
ASP01B4744_002  -0.040  -2.599  -2.639
ASP02B4744_003  -0.009  -2.657  -2.666
ASP02B4744_004  -0.009  -2.657  -2.666
ASP-1B4744_005  -0.041  -2.596  -2.637
LEU01B4745_001   1.455  -6.059  -4.604
ALA01B4746_001   0.000  -0.876  -0.876
SER01B4747_001   0.000  -0.866  -0.866
LEU01B4748_001   1.461  -5.611  -4.151
GLU01B4749_001   0.500  -2.822  -2.321
GLU01B4749_002   0.500  -2.822  -2.321
GLU02B4749_003   0.667  -2.851  -2.184
GLU02B4749_004   0.667  -2.851  -2.184
GLU-1B4749_005   0.469  -2.735  -2.266
ILE01B4750_001   0.942  -1.494  -0.552
THR01B4751_001   0.152  -4.370  -4.218
ALA01B4752_001   0.000  -2.624  -2.624
HIS01B4753_001  -0.354  -3.424  -3.777
HIS02B4753_002  -0.363  -3.424  -3.787
HIS+1B4753_003  -0.382  -3.424  -3.806
ASN01B4754_001  -0.020  -2.200  -2.220
GLU01B4755_001   0.498  -1.735  -1.237
GLU01B4755_002   0.498  -1.735  -1.237
GLU02B4755_003   0.665  -1.773  -1.108
GLU02B4755_004   0.665  -1.773  -1.108
GLU-1B4755_005   0.467  -1.761  -1.294
ARG01B4756_0011190.751  -5.7661184.985
ARG02B4756_0021190.734  -5.7661184.969
ARG03B4756_0031190.767  -5.7661185.001
ARG03B4756_004 189.798  -5.766 184.032
ARG+1B4756_0051190.701  -5.7661184.935
LYS01B4757_001   3.790  -4.066  -0.276
LYS+1B4757_002   3.696  -4.066  -0.370
PRO01B4758_001   0.233  -5.948  -5.714
ASP01B4759_001  -0.040  -3.404  -3.445
ASP01B4759_002  -0.040  -3.404  -3.445
ASP02B4759_003  -0.009  -3.443  -3.452
ASP02B4759_004  -0.009  -3.443  -3.452
ASP-1B4759_005  -0.041  -3.277  -3.318
PRO01B4760_001   0.208  -6.904  -6.696
PRO01B4761_001   0.242  -6.829  -6.587
PRO01B4762_001   0.230  -5.654  -5.423
LEU01B4764_001   1.460  -4.308  -2.848
LEU01B4765_001   1.459  -3.297  -1.837
THR01B4766_001   0.198  -5.444  -5.245
THR01B4766_002   0.198  -5.444  -5.245
TRP01B4767_001   3.022  -6.872  -3.849
LEU01B4768_001   3.258  -5.441  -2.183
MET01B4769_001   0.262  -9.057  -8.795
SER01B4770_001   0.000  -3.365  -3.365
ILE01B4771_001   2.667  -4.153  -1.486
ASP01B4772_001   0.088  -1.830  -1.742
ASP01B4772_002   0.088  -1.830  -1.742
ASP02B4772_003   0.153  -1.769  -1.616
ASP02B4772_004   0.153  -1.769  -1.616
ASP-1B4772_005   0.080  -1.701  -1.621
VAL01B4773_001   0.663  -5.766  -5.103
LYS01B4774_001   1.078  -5.804  -4.726
LYS+1B4774_002   1.032  -5.804  -4.772
TYR01B4775_001   4.670  -0.556   4.114
TYR01B4775_002   4.670  -0.556   4.114
TYR-1B4775_003   4.670  -0.556   4.114
GLN01B4776_001   0.862  -1.914  -1.052
ILE01B4777_001   2.046  -4.240  -2.194
TRP01B4778_001   3.777   0.000   3.777
LYS01B4779_001   1.518  -3.449  -1.931
LYS+1B4779_002   1.471  -3.449  -1.978
PHE01B4780_001   4.639  -5.907  -1.268
VAL01B4782_001   0.898   0.000   0.898
ILE01B4783_001   2.913  -0.789   2.124
PHE01B4784_001   4.332  -6.960  -2.629
THR01B4785_001   0.192  -3.095  -2.903
THR01B4785_002   0.192  -3.095  -2.903
ASP01B4786_001   0.095  -0.688  -0.593
ASP01B4786_002   0.095  -0.688  -0.593
ASP02B4786_003   0.173  -0.668  -0.495
ASP02B4786_004   0.173  -0.668  -0.495
ASP-1B4786_005   0.092  -0.668  -0.575
ASN01B4787_001   0.433  -3.749  -3.315
ASN01B4787_002   0.197  -3.750  -3.553
SER01B4788_001   0.000  -2.998  -2.998
SER01B4788_002   0.000  -2.998  -2.998
PHE01B4789_001   5.066  -1.938   3.128
LEU01B4790_001   1.741  -5.441  -3.700
TYR01B4791_001   4.881  -3.875   1.006
TYR01B4791_002   4.881  -3.875   1.006
TYR-1B4791_003   4.881  -3.875   1.006
LEU01B4792_001   1.600  -0.464   1.136
TRP01B4794_001   3.528  -7.262  -3.733
TYR01B4795_001   5.008   0.000   5.008
TYR01B4795_002   5.008   0.000   5.008
TYR-1B4795_003   5.008   0.000   5.008
MET01B4796_001   1.323  -1.680  -0.357
VAL01B4797_001   0.578  -4.066  -3.489
MET01B4798_001   0.006  -0.886  -0.880
SER01B4799_001   0.000   0.000   0.000
SER01B4799_002   0.000   0.000   0.000
SER01B4799_003   0.000   0.000   0.000
LEU01B4800_001   1.913  -6.864  -4.950
LEU01B4801_001   1.645  -3.226  -1.581
HIS01B4803_001  -0.176  -3.142  -3.319
HIS01B4803_002  -0.135  -3.293  -3.428
HIS02B4803_003  -0.194  -3.142  -3.337
HIS02B4803_004  -0.148  -3.293  -3.441
HIS+1B4803_005  -0.221  -3.142  -3.364
HIS+1B4803_006  -0.175  -3.293  -3.468
TYR01B4804_001   4.197  -9.459  -5.262
TYR-1B4804_002   4.197  -9.459  -5.262
ASN01B4805_001   0.150  -1.733  -1.583
ASN01B4805_002  -0.008  -1.579  -1.587
ASN01B4806_001   0.434  -2.003  -1.569
ASN01B4806_002   0.204  -1.880  -1.676
PHE01B4807_001   4.890 -11.416  -6.526
PHE01B4808_001   4.821  -3.571   1.250
PHE01B4809_001   4.426  -0.169   4.257
ALA01B4810_001   0.000  -1.268  -1.268
ALA01B4811_001   0.000  -0.670  -0.670
HIS01B4812_001  -0.214   0.000  -0.214
HIS01B4812_002  -0.173  -0.064  -0.238
HIS02B4812_003  -0.235   0.000  -0.235
HIS02B4812_004  -0.183  -0.064  -0.247
HIS+1B4812_005  -0.262   0.000  -0.262
HIS+1B4812_006  -0.209  -0.064  -0.274
LEU01B4813_001   3.422  -3.190   0.231
LEU01B4814_001   1.416  -6.809  -5.393
ASP01B4815_001   0.064  -0.146  -0.082
ASP01B4815_002   0.064  -0.146  -0.082
ASP02B4815_003   0.132  -0.146  -0.014
ASP02B4815_004   0.132  -0.146  -0.014
ASP-1B4815_005   0.061  -0.146  -0.085
ILE01B4816_001   3.341  -0.052   3.289
ALA01B4817_001   0.000  -2.350  -2.350
MET01B4818_001   0.171  -4.974  -4.802
VAL01B4820_001   0.702  -2.782  -2.079
LYS01B4821_001   2.107  -7.976  -5.870
LYS+1B4821_002   2.024  -7.976  -5.952
THR01B4822_001   0.241  -4.347  -4.106
THR01B4822_002   0.241  -4.347  -4.106
LEU01B4823_001   1.377  -4.601  -3.223
ARG01B4824_001  11.401  -6.915   4.486
ARG02B4824_002  11.345  -6.915   4.429
ARG03B4824_003  11.449  -6.915   4.533
ARG+1B4824_004  11.304  -6.915   4.389
THR01B4825_001   0.264  -4.961  -4.697
THR01B4825_002   0.264  -4.961  -4.697
ILE01B4826_001   2.238  -6.693  -4.455
LEU01B4827_001   1.637  -3.432  -1.795
SER01B4828_001   0.000  -1.436  -1.436
SER01B4828_002   0.000  -1.436  -1.436
SER01B4829_001   0.000  -0.144  -0.144
SER01B4829_002   0.000  -0.144  -0.144
SER01B4829_003   0.000  -0.144  -0.144
VAL01B4830_001   0.719  -3.725  -3.006
THR01B4831_001   0.234  -5.165  -4.931
THR01B4831_002   0.234  -5.165  -4.931
HIS01B4832_001  -0.171  -8.532  -8.703
HIS01B4832_002  -0.136  -8.534  -8.670
HIS02B4832_003  -0.188  -8.532  -8.721
HIS02B4832_004  -0.149  -8.534  -8.684
HIS+1B4832_005  -0.215  -8.532  -8.747
HIS+1B4832_006  -0.176  -8.534  -8.710
ASN01B4833_001   0.027  -1.093  -1.065
ASN01B4833_002   0.210  -1.142  -0.931
LYS01B4835_001   1.678  -9.197  -7.519
LYS+1B4835_002   1.591  -9.197  -7.606
GLN01B4836_001   0.808  -3.158  -2.350
GLN01B4836_002   0.665  -3.053  -2.388
LEU01B4837_001   2.399  -1.597   0.802
VAL01B4838_001   0.758  -5.576  -4.819
MET01B4839_001  -0.057  -8.864  -8.921
THR01B4840_001   0.340  -0.490  -0.150
THR01B4840_002   0.340  -0.490  -0.150
VAL01B4841_001   0.741  -4.687  -3.946
LEU01B4843_001   3.112  -5.148  -2.036
LEU01B4844_001   3.838  -2.212   1.626
ALA01B4845_001   0.000  -2.537  -2.537
VAL01B4846_001   0.663  -5.132  -4.468
VAL01B4847_001   0.788  -1.030  -0.243
VAL01B4848_001   0.879   0.000   0.879
TYR01B4849_001   4.645  -7.324  -2.679
TYR-1B4849_002   4.645  -7.324  -2.679
LEU01B4850_001   1.532  -6.536  -5.003
TYR01B4851_001   4.241  -1.952   2.289
TYR01B4851_002   4.241  -1.952   2.289
TYR-1B4851_003   4.241  -1.952   2.289
THR01B4852_001   0.284   0.000   0.284
THR01B4852_002   0.284   0.000   0.284
THR01B4852_003   0.284   0.000   0.284
VAL01B4853_001   0.851  -2.988  -2.136
VAL01B4854_001   0.631  -2.369  -1.739
ALA01B4855_001   0.000  -0.274  -0.274
PHE01B4856_001   4.630  -2.595   2.035
ASN01B4857_001   0.469  -1.905  -1.436
ASN01B4857_002   0.229  -2.072  -1.843
PHE01B4858_001   4.340  -9.546  -5.206
PHE01B4859_001   4.435  -0.641   3.794
ARG01B4860_001   3.211  -7.729  -4.519
ARG02B4860_002   3.178  -7.729  -4.551
ARG03B4860_003   3.232  -7.729  -4.497
ARG+1B4860_004   3.133  -7.729  -4.596
LYS01B4861_001   2.660  -6.303  -3.643
LYS+1B4861_002   2.605  -6.303  -3.698
PHE01B4862_001   5.419  -1.111   4.308
TYR01B4863_001   4.478  -0.051   4.427
TYR01B4863_002   4.478  -0.051   4.427
TYR-1B4863_003   4.478  -0.051   4.427
ASN01B4864_001   0.239  -1.230  -0.991
ASN01B4864_002   0.427  -1.196  -0.769
LYS01B4865_001   2.728  -2.009   0.719
LYS+1B4865_002   2.681  -2.009   0.672
SER01B4866_001   0.000  -3.595  -3.595
SER01B4866_002   0.000  -3.595  -3.595
GLU01B4867_001   2.990  -2.216   0.774
GLU01B4867_002   2.990  -2.216   0.774
GLU02B4867_003   2.441  -2.381   0.060
GLU02B4867_004   2.441  -2.381   0.060
GLU-1B4867_005   2.353  -2.251   0.102
ASP01B4868_001   0.395  -3.596  -3.200
ASP01B4868_002   0.395  -3.596  -3.200
ASP02B4868_003   0.451  -3.707  -3.256
ASP02B4868_004   0.451  -3.707  -3.256
ASP-1B4868_005   0.343  -3.591  -3.248
GLU01B4869_001   1.584  -3.861  -2.277
GLU01B4869_002   1.584  -3.861  -2.277
GLU02B4869_003   1.320  -4.007  -2.687
GLU02B4869_004   1.320  -4.007  -2.687
GLU-1B4869_005   1.225  -3.880  -2.655
ASP01B4870_001   0.215  -3.179  -2.964
ASP01B4870_002   0.215  -3.179  -2.964
ASP02B4870_003   0.308  -3.113  -2.805
ASP02B4870_004   0.308  -3.113  -2.805
ASP-1B4870_005   0.203  -3.032  -2.829
GLU01B4871_001   2.903  -1.575   1.328
GLU01B4871_002   2.903  -1.575   1.328
GLU02B4871_003   2.320  -1.530   0.790
GLU02B4871_004   2.320  -1.530   0.790
GLU-1B4871_005   2.247  -1.494   0.752
CTR01B4871_001  -0.021  -1.072  -1.092
CTR01B4871_002   0.092  -1.130  -1.037
CTR02B4871_003  -0.022  -1.072  -1.094
CTR02B4871_004   0.036  -1.072  -1.036
CTR-1B4871_005   0.000  -1.072  -1.072
NTR01B4872_001  -0.002  -0.711  -0.713
NTR+1B4872_002  -0.004  -0.711  -0.715
PRO01B4872_001   0.289  -5.354  -5.065
ASP01B4873_001   0.060  -1.656  -1.596
ASP01B4873_002   0.060  -1.656  -1.596
ASP02B4873_003   0.128  -1.689  -1.561
ASP02B4873_004   0.128  -1.689  -1.561
ASP-1B4873_005   0.057  -1.684  -1.626
MET01B4874_001   0.480  -1.568  -1.088
LYS01B4875_001   1.182  -1.503  -0.321
LYS+1B4875_002   1.117  -1.503  -0.386
CYS01B4876_001  -0.002   0.000  -0.002
CYS01B4876_002  -0.002   0.000  -0.002
CYS01B4876_003  -0.003   0.000  -0.003
CYS-1B4876_004   0.000   0.000   0.000
ASP01B4877_001   0.089  -1.902  -1.814
ASP01B4877_002   0.089  -1.902  -1.814
ASP02B4877_003   0.158  -1.854  -1.696
ASP02B4877_004   0.158  -1.854  -1.696
ASP-1B4877_005   0.082  -1.744  -1.662
ASP01B4878_001  -0.041  -2.032  -2.073
ASP01B4878_002  -0.041  -2.032  -2.073
ASP02B4878_003  -0.009  -2.094  -2.104
ASP02B4878_004  -0.009  -2.094  -2.104
ASP-1B4878_005  -0.041  -2.032  -2.073
MET01B4879_001   0.066  -3.852  -3.785
MET01B4880_001   0.871  -9.941  -9.070
THR01B4881_001   0.241  -1.924  -1.683
THR01B4881_002   0.241  -1.924  -1.683
THR01B4881_003   0.241  -1.924  -1.683
CYS01B4882_001  -0.002   0.000  -0.002
CYS01B4882_002  -0.002   0.000  -0.002
CYS01B4882_003  -0.003   0.000  -0.003
CYS-1B4882_004   0.000   0.000   0.000
TYR01B4883_001   4.920  -2.453   2.467
TYR01B4883_002   4.920  -2.453   2.467
TYR-1B4883_003   4.920  -2.453   2.467
LEU01B4884_001   1.759  -6.999  -5.241
PHE01B4885_001   5.103  -0.606   4.497
HIS01B4886_001  -0.137  -0.047  -0.184
HIS01B4886_002  -0.093  -0.064  -0.157
HIS02B4886_003  -0.156  -0.047  -0.203
HIS02B4886_004  -0.106  -0.064  -0.170
HIS+1B4886_005  -0.183  -0.047  -0.230
HIS+1B4886_006  -0.132  -0.064  -0.197
MET01B4887_001   2.385  -2.981  -0.596
TYR01B4888_001   4.846  -8.515  -3.669
TYR-1B4888_002   4.846  -8.515  -3.669
VAL01B4889_001   0.691  -1.149  -0.459
VAL01B4891_001   0.926  -0.567   0.359
ARG01B4892_001   4.913  -7.258  -2.345
ARG02B4892_002   4.856  -7.258  -2.402
ARG03B4892_003   4.864  -7.258  -2.394
ARG+1B4892_004   4.816  -7.258  -2.442
ALA01B4893_001   0.000  -0.103  -0.103
ILE01B4897_001   2.039  -0.309   1.730
ASP01B4899_001   0.125  -2.378  -2.253
ASP01B4899_002   0.125  -2.378  -2.253
ASP02B4899_003   0.203  -2.393  -2.190
ASP02B4899_004   0.203  -2.393  -2.190
ASP-1B4899_005   0.118  -2.338  -2.221
GLU01B4900_001   3.040  -0.976   2.064
GLU01B4900_002   3.040  -0.976   2.064
GLU02B4900_003   2.436  -0.997   1.439
GLU02B4900_004   2.436  -0.997   1.439
GLU-1B4900_005   2.372  -0.976   1.395
ILE01B4901_001   4.419  -0.412   4.007
GLU01B4902_001   2.549  -2.060   0.490
GLU01B4902_002   2.549  -2.060   0.490
GLU02B4902_003   2.033  -2.060  -0.027
GLU02B4902_004   2.033  -2.060  -0.027
GLU-1B4902_005   1.962  -2.045  -0.083
ASP01B4903_001   0.079  -3.256  -3.177
ASP01B4903_002   0.079  -3.256  -3.177
ASP02B4903_003   0.153  -3.249  -3.096
ASP02B4903_004   0.153  -3.249  -3.096
ASP-1B4903_005   0.076  -3.200  -3.123
PRO01B4904_001   0.303  -1.436  -1.133
ALA01B4905_001   0.000  -2.952  -2.952
ASP01B4907_001  -0.041  -2.974  -3.015
ASP01B4907_002  -0.041  -2.974  -3.015
ASP02B4907_003  -0.009  -3.059  -3.068
ASP02B4907_004  -0.009  -3.059  -3.068
ASP-1B4907_005  -0.041  -2.987  -3.028
GLU01B4908_001   0.498  -2.934  -2.436
GLU01B4908_002   0.498  -2.934  -2.436
GLU02B4908_003   0.664  -2.926  -2.262
GLU02B4908_004   0.664  -2.926  -2.262
GLU-1B4908_005   0.466  -2.916  -2.449
TYR01B4909_001   4.147  -8.302  -4.156
TYR-1B4909_002   4.147  -8.302  -4.156
GLU01B4910_001   0.501  -1.699  -1.199
GLU01B4910_002   0.501  -1.699  -1.199
GLU02B4910_003   0.667  -1.688  -1.021
GLU02B4910_004   0.667  -1.688  -1.021
GLU-1B4910_005   0.469  -1.598  -1.129
LEU01B4911_001   3.593  -8.306  -4.713
TYR01B4912_001   4.539  -8.523  -3.983
TYR-1B4912_002   4.539  -8.523  -3.983
ARG01B4913_001   2.046  -0.244   1.802
ARG02B4913_002   2.027  -0.244   1.782
ARG03B4913_003   2.030  -0.244   1.786
ARG03B4913_004   2.111  -0.244   1.867
ARG+1B4913_005   1.983  -0.244   1.739
VAL01B4914_001   0.704  -4.066  -3.362
VAL01B4915_001   0.679  -4.205  -3.526
PHE01B4916_001   4.729  -1.468   3.261
ASP01B4917_001   0.395  -0.523  -0.128
ASP01B4917_002   0.395  -0.523  -0.128
ASP02B4917_003   0.457  -0.486  -0.029
ASP02B4917_004   0.457  -0.486  -0.029
ASP-1B4917_005   0.346  -0.512  -0.167
ILE01B4918_001   1.625  -4.617  -2.992
THR01B4919_001   0.212  -3.373  -3.161
THR01B4919_002   0.212  -3.373  -3.161
PHE01B4920_001   4.828   0.000   4.828
PHE01B4921_001   4.980  -2.139   2.841
PHE01B4922_001   4.538  -6.465  -1.927
PHE01B4923_001   4.844  -8.519  -3.675
VAL01B4924_001   0.910   0.000   0.910
ILE01B4925_001   3.646  -0.155   3.491
VAL01B4926_001   0.641  -4.684  -4.044
ILE01B4927_001   1.988  -5.248  -3.260
LEU01B4928_001   1.720  -1.030   0.689
LEU01B4929_001   1.981  -5.096  -3.115
ALA01B4930_001   0.000  -2.778  -2.778
ILE01B4931_001   3.286  -5.402  -2.116
ILE01B4932_001   2.862  -3.087  -0.225
GLN01B4933_001   2.900  -2.538   0.362
GLN01B4933_002   4.666  -2.605   2.061
LEU01B4935_001   4.304  -1.819   2.485
ILE01B4936_001   5.600  -1.751   3.849
ILE01B4937_001   3.408  -7.344  -3.935
ASP01B4938_001   0.417  -3.200  -2.783
ASP01B4938_002   0.417  -3.200  -2.783
ASP02B4938_003   0.470  -3.143  -2.673
ASP02B4938_004   0.470  -3.143  -2.673
ASP-1B4938_005   0.361  -3.011  -2.650
ALA01B4939_001   0.000  -0.155  -0.155
PHE01B4940_001   4.816  -2.315   2.501
GLU01B4942_001   3.785  -1.786   1.998
GLU01B4942_002   3.785  -1.786   1.998
GLU02B4942_003   3.056  -1.785   1.270
GLU02B4942_004   3.056  -1.785   1.270
GLU-1B4942_005   2.973  -1.743   1.230
LEU01B4943_001   1.666  -2.576  -0.909
ARG01B4944_001   2.115  -9.684  -7.570
ARG02B4944_002   2.158  -9.684  -7.526
ARG03B4944_003   2.075  -9.684  -7.610
ARG+1B4944_004   2.030  -9.684  -7.654
ASP01B4945_001   0.065  -2.195  -2.130
ASP01B4945_002   0.065  -2.195  -2.130
ASP02B4945_003   0.134  -2.295  -2.161
ASP02B4945_004   0.134  -2.295  -2.161
ASP-1B4945_005   0.062  -2.205  -2.143
GLN01B4946_001   0.939  -1.363  -0.424
GLN01B4946_002   0.779  -1.048  -0.269
GLN01B4947_001   1.486  -2.131  -0.645
GLN01B4947_002   2.074  -2.052   0.022
GLU01B4948_001   3.828  -2.483   1.345
GLU01B4948_002   3.828  -2.483   1.345
GLU02B4948_003   3.053  -2.573   0.480
GLU02B4948_004   3.053  -2.573   0.480
GLU-1B4948_005   2.993  -2.433   0.560
GLN01B4949_001   1.365  -2.412  -1.047
GLN01B4949_002   1.806  -2.438  -0.632
VAL01B4950_001   0.682  -0.670   0.012
LYS01B4951_001   2.491  -8.546  -6.055
LYS+1B4951_002   2.437  -8.546  -6.109
GLU01B4952_001   3.614  -2.220   1.394
GLU01B4952_002   3.614  -2.220   1.394
GLU02B4952_003   2.916  -2.254   0.662
GLU02B4952_004   2.916  -2.254   0.662
GLU-1B4952_005   2.838  -2.161   0.677
ASP01B4953_001   0.431  -0.652  -0.221
ASP01B4953_002   0.431  -0.652  -0.221
ASP02B4953_003   0.471  -0.620  -0.149
ASP02B4953_004   0.471  -0.620  -0.149
ASP-1B4953_005   0.367  -0.620  -0.253
MET01B4954_001   0.060  -3.732  -3.672
GLU01B4955_001   0.497  -3.305  -2.808
GLU01B4955_002   0.497  -3.305  -2.808
GLU02B4955_003   0.663  -3.369  -2.706
GLU02B4955_004   0.663  -3.369  -2.706
GLU-1B4955_005   0.466  -3.295  -2.829
THR01B4956_001   0.269  -2.331  -2.062
THR01B4956_002   0.269  -2.331  -2.062
LYS01B4957_001   1.098  -2.679  -1.581
LYS+1B4957_002   1.053  -2.679  -1.626
CYS01B4958_001  -0.002  -0.071  -0.073
CYS01B4958_002  -0.002  -0.071  -0.073
CYS01B4958_003  -0.003  -0.071  -0.074
CYS-1B4958_004   0.000  -0.071  -0.071
PHE01B4959_001   5.363  -0.258   5.106
ILE01B4960_001   4.091   0.000   4.091
CYS01B4961_001  -0.002   0.000  -0.002
CYS01B4961_002  -0.002   0.000  -0.002
CYS01B4961_003  -0.003   0.000  -0.003
CYS-1B4961_004   0.000   0.000   0.000
ILE01B4963_001   2.571  -1.545   1.026
SER01B4965_001   0.000  -0.783  -0.783
SER01B4965_002   0.000  -0.783  -0.783
ASP01B4966_001   0.090  -3.577  -3.487
ASP01B4966_002   0.090  -3.577  -3.487
ASP02B4966_003   0.166  -3.677  -3.510
ASP02B4966_004   0.166  -3.677  -3.510
ASP-1B4966_005   0.086  -3.484  -3.398
TYR01B4967_001   4.855  -4.115   0.740
TYR01B4967_002   4.855  -4.115   0.740
TYR-1B4967_003   4.855  -4.115   0.740
PHE01B4968_001   6.079   0.000   6.079
ASP01B4969_001   0.237  -1.065  -0.828
ASP01B4969_002   0.237  -1.065  -0.828
ASP02B4969_003   0.337  -1.054  -0.717
ASP02B4969_004   0.337  -1.054  -0.717
ASP-1B4969_005   0.225  -1.020  -0.795
THR01B4970_001   0.233  -5.273  -5.040
THR01B4971_001   0.216  -2.724  -2.508
THR01B4971_002   0.216  -2.724  -2.508
THR01B4971_003   0.216  -2.724  -2.508
PRO01B4972_001   0.256  -6.539  -6.283
HIS01B4973_001  -0.121  -7.589  -7.711
HIS01B4973_002  -0.069  -7.123  -7.192
HIS02B4973_003  -0.141  -7.589  -7.730
HIS02B4973_004  -0.082  -7.123  -7.205
HIS+1B4973_005  -0.168  -7.589  -7.757
HIS+1B4973_006  -0.109  -7.123  -7.232
PHE01B4975_001   5.148  -1.010   4.138
GLU01B4976_001   1.307  -1.870  -0.563
GLU01B4976_002   1.307  -1.870  -0.563
GLU02B4976_003   1.041  -1.906  -0.865
GLU02B4976_004   1.041  -1.906  -0.865
GLU-1B4976_005   0.983  -1.834  -0.851
THR01B4977_001   0.283  -3.937  -3.654
THR01B4977_002   0.283  -3.937  -3.654
HIS01B4978_001  -0.193   0.000  -0.193
HIS02B4978_002  -0.211   0.000  -0.211
HIS+1B4978_003  -0.238   0.000  -0.238
THR01B4979_001   0.228  -2.233  -2.005
THR01B4979_002   0.228  -2.233  -2.005
THR01B4979_003   0.228  -2.233  -2.005
LEU01B4980_001   1.851  -6.915  -5.064
GLU01B4981_001   2.184  -0.822   1.363
GLU01B4981_002   2.184  -0.822   1.363
GLU02B4981_003   1.812  -0.772   1.040
GLU02B4981_004   1.812  -0.772   1.040
GLU-1B4981_005   1.708  -0.732   0.976
GLU01B4982_001   2.266  -0.310   1.956
GLU01B4982_002   2.266  -0.310   1.956
GLU02B4982_003   1.790  -0.326   1.464
GLU02B4982_004   1.790  -0.326   1.464
GLU-1B4982_005   1.731  -0.310   1.421
HIS01B4983_001  -0.244   0.000  -0.244
HIS02B4983_002  -0.265   0.000  -0.265
HIS+1B4983_003  -0.292   0.000  -0.292
ASN01B4984_001   0.370  -1.383  -1.013
ASN01B4984_002   0.569  -1.255  -0.686
LEU01B4985_001   5.362  -1.236   4.125
ALA01B4986_001   0.000  -0.670  -0.670
ASN01B4987_001   0.116  -0.118  -0.002
TYR01B4988_001   4.935  -0.309   4.626
TYR-1B4988_002   4.935  -0.309   4.626
MET01B4989_001   0.628   0.000   0.628
PHE01B4990_001   4.570  -0.253   4.318
PHE01B4991_001   4.643  -0.736   3.907
LEU01B4992_001   2.984  -0.824   2.160
MET01B4993_001   0.060  -0.486  -0.426
TYR01B4994_001   4.574  -2.281   2.293
TYR01B4994_002   4.574  -2.281   2.293
TYR-1B4994_003   4.574  -2.281   2.293
LEU01B4995_001   1.514  -0.206   1.308
ILE01B4996_001   2.138  -2.917  -0.779
ASN01B4997_001   0.541  -2.103  -1.562
ASN01B4997_002   0.267  -2.255  -1.988
LYS01B4998_001   0.754  -1.608  -0.854
LYS+1B4998_002   0.711  -1.608  -0.896
ASP01B4999_001   0.175  -2.663  -2.488
ASP01B4999_002   0.175  -2.663  -2.488
ASP02B4999_003   0.261  -2.711  -2.449
ASP02B4999_004   0.261  -2.711  -2.449
ASP-1B4999_005   0.165  -2.584  -2.420
GLU01B5000_001   2.701  -2.792  -0.090
GLU01B5000_002   2.701  -2.792  -0.090
GLU02B5000_003   2.140  -2.714  -0.574
GLU02B5000_004   2.140  -2.714  -0.574
GLU-1B5000_005   2.083  -2.622  -0.540
THR01B5001_001   0.194  -2.750  -2.556
THR01B5001_002   0.194  -2.750  -2.556
GLU01B5002_001   1.655  -1.766  -0.111
GLU01B5002_002   1.655  -1.766  -0.111
GLU02B5002_003   1.396  -1.937  -0.540
GLU02B5002_004   1.396  -1.937  -0.540
GLU-1B5002_005   1.289  -1.753  -0.464
HIS01B5003_001  -0.187  -0.229  -0.415
HIS01B5003_002  -0.149  -0.257  -0.405
HIS02B5003_003  -0.204  -0.229  -0.433
HIS02B5003_004  -0.162  -0.257  -0.419
HIS+1B5003_005  -0.231  -0.229  -0.460
HIS+1B5003_006  -0.189  -0.257  -0.446
THR01B5004_001   0.211  -1.851  -1.640
THR01B5004_002   0.211  -1.851  -1.640
THR01B5004_003   0.211  -1.851  -1.640
GLN01B5006_001   2.478  -0.517   1.961
GLN01B5006_002   4.125  -0.469   3.656
GLU01B5007_001   2.926  -0.512   2.414
GLU01B5007_002   2.926  -0.512   2.414
GLU02B5007_003   2.325  -0.518   1.807
GLU02B5007_004   2.325  -0.518   1.807
GLU-1B5007_005   2.260  -0.474   1.786
SER01B5008_001   0.000  -1.878  -1.878
TYR01B5009_001   5.309  -2.915   2.394
TYR-1B5009_002   5.309  -2.915   2.394
VAL01B5010_001   0.546  -1.442  -0.896
TRP01B5011_001   3.253  -2.729   0.524
LYS01B5012_001   2.286  -7.481  -5.195
LYS+1B5012_002   2.203  -7.481  -5.278
MET01B5013_001   0.055  -1.750  -1.695
TYR01B5014_001   4.256  -0.236   4.019
TYR01B5014_002   4.256  -0.236   4.019
TYR-1B5014_003   4.256  -0.236   4.019
GLN01B5015_001   0.751  -1.392  -0.641
GLU01B5016_001   1.236  -2.806  -1.571
GLU01B5016_002   1.236  -2.806  -1.571
GLU02B5016_003   1.066  -2.933  -1.867
GLU02B5016_004   1.066  -2.933  -1.867
GLU-1B5016_005   0.958  -2.786  -1.828
ARG01B5017_001   3.143  -1.080   2.063
ARG02B5017_002   3.060  -1.080   1.980
ARG02B5017_003   3.066  -1.080   1.986
ARG03B5017_004   3.065  -1.080   1.985
ARG+1B5017_005   3.021  -1.080   1.941
CYS01B5018_001  -0.002  -1.907  -1.908
CYS01B5018_002  -0.002  -1.907  -1.908
CYS01B5018_003  -0.002  -1.907  -1.909
CYS-1B5018_004   0.000  -1.907  -1.907
TRP01B5019_001   3.326  -1.100   2.225
ASP01B5020_001   0.507  -2.816  -2.308
ASP01B5020_002   0.507  -2.816  -2.308
ASP02B5020_003   0.573  -2.842  -2.269
ASP02B5020_004   0.573  -2.842  -2.269
ASP-1B5020_005   0.445  -2.756  -2.312
PHE01B5021_001   5.426  -0.253   5.173
PHE01B5022_001   5.300  -0.306   4.994
PRO01B5023_001   0.332   0.000   0.332
ALA01B5024_001   0.000  -2.968  -2.968
ASP01B5026_001   0.102  -0.896  -0.794
ASP01B5026_002   0.102  -0.896  -0.794
ASP02B5026_003   0.183  -0.910  -0.728
ASP02B5026_004   0.183  -0.910  -0.728
ASP-1B5026_005   0.100  -0.896  -0.796
CYS01B5027_001  -0.002   0.000  -0.002
CYS01B5027_002  -0.002   0.000  -0.002
CYS01B5027_003  -0.003   0.000  -0.003
CYS-1B5027_004   0.000   0.000   0.000
PHE01B5028_001   4.962  -1.264   3.699
ARG01B5029_001   2.860  -3.239  -0.379
ARG02B5029_002   2.781  -3.239  -0.458
ARG03B5029_003   2.786  -3.239  -0.453
ARG03B5029_004   2.847  -3.239  -0.392
ARG+1B5029_005   2.742  -3.239  -0.497
LYS01B5030_001   2.189  -5.180  -2.991
LYS+1B5030_002   2.102  -5.180  -3.078
GLN01B5031_001   0.802  -1.093  -0.291
GLN01B5031_002   0.708  -1.107  -0.399
TYR01B5032_001   4.446  -0.662   3.784
TYR-1B5032_002   4.446  -0.662   3.784
GLU01B5033_001   3.612  -1.737   1.875
GLU01B5033_002   3.612  -1.737   1.875
GLU02B5033_003   2.880  -1.852   1.028
GLU02B5033_004   2.880  -1.852   1.028
GLU-1B5033_005   2.815  -1.749   1.066
ASP01B5034_001  -0.040  -2.898  -2.938
ASP01B5034_002  -0.040  -2.898  -2.938
ASP02B5034_003  -0.008  -3.001  -3.009
ASP02B5034_004  -0.008  -3.001  -3.009
ASP-1B5034_005  -0.040  -2.906  -2.946
GLN01B5035_001   0.909  -1.910  -1.001
LEU01B5036_001   1.591  -2.865  -1.274
SER01B5037_001   0.000  -3.519  -3.519
SER01B5037_002   0.000  -3.519  -3.519
CTR01B5037_001  -0.021  -2.500  -2.521
CTR01B5037_002   0.111  -2.616  -2.505
CTR02B5037_003  -0.022  -2.500  -2.522
CTR02B5037_004   0.044  -2.674  -2.631
CTR-1B5037_005   0.000  -2.500  -2.500
_ZN+2B5101_001   0.000   0.000   0.000
_CA+2B5102_001   0.000  -0.406  -0.406
