  pH           0     1     2     3     4     5     6     7     8     9    10    11    12    13    14
NTR+B3639_  1.00  1.00  1.00  1.00  1.00  1.00  0.98  0.84  0.37  0.06  0.01  0.00  0.00  0.00  0.00
TYR-B3642_ -0.00 -0.00 -0.00 -0.00 -0.00 -0.00 -0.00 -0.00 -0.01 -0.12 -0.56 -0.93 -0.99 -1.00 -1.00
HIS+B3647_  1.00  1.00  1.00  1.00  0.98  0.85  0.38  0.06  0.00  0.00  0.00  0.00  0.00  0.00  0.00
ARG+B3648_  1.00  1.00  1.00  1.00  1.00  1.00  1.00  1.00  1.00  1.00  1.00  0.99  0.96  0.71  0.20
CYS-B3650_ -0.00 -0.00 -0.00 -0.00 -0.00 -0.00 -0.00 -0.02 -0.15 -0.62 -0.94 -0.99 -1.00 -1.00 -1.00
GLU-B3655_ -0.00 -0.00 -0.01 -0.08 -0.42 -0.85 -0.98 -1.00 -1.00 -1.00 -1.00 -1.00 -1.00 -1.00 -1.00
TYR-B3657_ -0.00 -0.00 -0.00 -0.00 -0.00 -0.00 -0.00 -0.00 -0.00 -0.00 -0.03 -0.22 -0.72 -0.96 -1.00
LYS+B3658_  1.00  1.00  1.00  1.00  1.00  1.00  1.00  1.00  1.00  0.99  0.92  0.58  0.14  0.02  0.00
GLU-B3665_ -0.01 -0.10 -0.38 -0.76 -0.94 -0.98 -0.99 -1.00 -1.00 -1.00 -1.00 -1.00 -1.00 -1.00 -1.00
ASP-B3666_ -0.01 -0.06 -0.32 -0.76 -0.95 -1.00 -1.00 -1.00 -1.00 -1.00 -1.00 -1.00 -1.00 -1.00 -1.00
HIS+B3667_  1.00  1.00  1.00  1.00  1.00  0.99  0.98  0.94  0.76  0.37  0.08  0.01  0.00  0.00  0.00
GLU-B3670_ -0.00 -0.01 -0.03 -0.04 -0.06 -0.17 -0.46 -0.82 -0.95 -0.99 -1.00 -1.00 -1.00 -1.00 -1.00
ASP-B3671_ -0.06 -0.34 -0.79 -0.95 -0.98 -0.99 -1.00 -1.00 -1.00 -1.00 -1.00 -1.00 -1.00 -1.00 -1.00
ARG+B3672_  1.00  1.00  1.00  1.00  1.00  1.00  1.00  1.00  1.00  1.00  1.00  1.00  0.98  0.90  0.50
ASP-B3675_ -0.00 -0.00 -0.00 -0.00 -0.00 -0.01 -0.03 -0.08 -0.27 -0.67 -0.93 -0.99 -1.00 -1.00 -1.00
ASP-B3676_ -0.00 -0.00 -0.00 -0.00 -0.01 -0.09 -0.36 -0.78 -0.96 -1.00 -1.00 -1.00 -1.00 -1.00 -1.00
LYS+B3679_  1.00  1.00  1.00  1.00  1.00  1.00  1.00  1.00  1.00  1.00  0.97  0.82  0.37  0.07  0.01
GLU-B3682_ -0.00 -0.00 -0.02 -0.08 -0.31 -0.68 -0.91 -0.98 -1.00 -1.00 -1.00 -1.00 -1.00 -1.00 -1.00
GLU-B3684_ -0.00 -0.00 -0.00 -0.04 -0.19 -0.52 -0.80 -0.95 -0.99 -1.00 -1.00 -1.00 -1.00 -1.00 -1.00
GLU-B3685_ -0.00 -0.00 -0.01 -0.06 -0.31 -0.73 -0.96 -0.99 -1.00 -1.00 -1.00 -1.00 -1.00 -1.00 -1.00
GLU-B3686_ -0.00 -0.00 -0.02 -0.13 -0.47 -0.82 -0.96 -0.99 -1.00 -1.00 -1.00 -1.00 -1.00 -1.00 -1.00
GLU-B3687_ -0.00 -0.00 -0.00 -0.02 -0.10 -0.26 -0.52 -0.88 -0.98 -1.00 -1.00 -1.00 -1.00 -1.00 -1.00
GLU-B3688_ -0.00 -0.00 -0.00 -0.03 -0.19 -0.61 -0.90 -0.99 -1.00 -1.00 -1.00 -1.00 -1.00 -1.00 -1.00
GLU-B3689_ -0.00 -0.00 -0.00 -0.02 -0.11 -0.44 -0.84 -0.97 -1.00 -1.00 -1.00 -1.00 -1.00 -1.00 -1.00
GLU-B3691_ -0.00 -0.00 -0.00 -0.02 -0.12 -0.45 -0.83 -0.98 -1.00 -1.00 -1.00 -1.00 -1.00 -1.00 -1.00
GLU-B3692_ -0.00 -0.00 -0.01 -0.04 -0.22 -0.62 -0.92 -0.99 -1.00 -1.00 -1.00 -1.00 -1.00 -1.00 -1.00
LYS+B3693_  1.00  1.00  1.00  1.00  1.00  1.00  1.00  1.00  1.00  1.00  1.00  1.00  0.99  0.97  0.82
LYS+B3694_  1.00  1.00  1.00  1.00  1.00  1.00  1.00  1.00  1.00  1.00  1.00  1.00  1.00  0.99  0.90
CTR-B3694_ -0.03 -0.20 -0.53 -0.83 -0.97 -0.99 -1.00 -1.00 -1.00 -1.00 -1.00 -1.00 -1.00 -1.00 -1.00
NTR+B3696_  1.00  1.00  1.00  1.00  1.00  1.00  1.00  0.99  0.92  0.56  0.15  0.03  0.00  0.00  0.00
ASP-B3696_ -0.06 -0.27 -0.61 -0.88 -0.95 -0.98 -0.99 -1.00 -1.00 -1.00 -1.00 -1.00 -1.00 -1.00 -1.00
CTR-B3698_ -0.00 -0.00 -0.01 -0.04 -0.17 -0.44 -0.80 -0.97 -1.00 -1.00 -1.00 -1.00 -1.00 -1.00 -1.00
NTR+B3714_  1.00  1.00  1.00  1.00  1.00  0.99  0.93  0.57  0.12  0.01  0.00  0.00  0.00  0.00  0.00
LYS+B3715_  1.00  1.00  1.00  1.00  1.00  1.00  1.00  1.00  1.00  0.99  0.90  0.51  0.11  0.01  0.00
ASP-B3717_ -0.00 -0.01 -0.07 -0.40 -0.84 -0.97 -1.00 -1.00 -1.00 -1.00 -1.00 -1.00 -1.00 -1.00 -1.00
GLU-B3718_ -0.00 -0.00 -0.01 -0.05 -0.21 -0.62 -0.92 -0.99 -1.00 -1.00 -1.00 -1.00 -1.00 -1.00 -1.00
ASP-B3719_ -0.00 -0.00 -0.03 -0.20 -0.61 -0.89 -0.98 -1.00 -1.00 -1.00 -1.00 -1.00 -1.00 -1.00 -1.00
TYR-B3720_ -0.00 -0.00 -0.00 -0.00 -0.00 -0.00 -0.00 -0.00 -0.00 -0.02 -0.16 -0.60 -0.92 -0.99 -1.00
TYR-B3722_ -0.00 -0.00 -0.00 -0.00 -0.00 -0.00 -0.00 -0.00 -0.00 -0.01 -0.05 -0.30 -0.76 -0.96 -0.99
TYR-B3725_ -0.00 -0.00 -0.00 -0.00 -0.00 -0.00 -0.00 -0.00 -0.00 -0.01 -0.10 -0.43 -0.85 -0.98 -1.00
ASP-B3727_ -0.00 -0.02 -0.08 -0.22 -0.42 -0.65 -0.86 -0.97 -0.99 -1.00 -1.00 -1.00 -1.00 -1.00 -1.00
LYS+B3731_  1.00  1.00  1.00  1.00  1.00  1.00  1.00  1.00  1.00  1.00  1.00  1.00  0.96  0.78  0.32
CYS-B3733_ -0.00 -0.00 -0.00 -0.00 -0.00 -0.00 -0.00 -0.00 -0.00 -0.00 -0.00 -0.02 -0.09 -0.36 -0.74
HIS+B3734_  0.99  0.91  0.66  0.38  0.26  0.18  0.10  0.04  0.01  0.00  0.00  0.00  0.00  0.00  0.00
GLU-B3736_ -0.00 -0.00 -0.00 -0.00 -0.00 -0.00 -0.00 -0.00 -0.00 -0.00 -0.00 -0.00 -0.00 -0.00 -0.00
GLU-B3737_ -0.00 -0.00 -0.01 -0.07 -0.27 -0.58 -0.88 -0.98 -0.99 -1.00 -1.00 -1.00 -1.00 -1.00 -1.00
GLU-B3740_ -0.00 -0.00 -0.00 -0.00 -0.00 -0.01 -0.07 -0.28 -0.63 -0.85 -0.96 -0.99 -1.00 -1.00 -1.00
CTR-B3741_ -0.00 -0.00 -0.01 -0.07 -0.28 -0.67 -0.91 -0.98 -1.00 -1.00 -1.00 -1.00 -1.00 -1.00 -1.00
NTR+B3747_  1.00  1.00  1.00  1.00  1.00  0.99  0.96  0.74  0.26  0.04  0.01  0.00  0.00  0.00  0.00
GLU-B3747_ -0.00 -0.00 -0.02 -0.11 -0.43 -0.79 -0.95 -0.99 -1.00 -1.00 -1.00 -1.00 -1.00 -1.00 -1.00
GLU-B3748_ -0.00 -0.00 -0.01 -0.06 -0.26 -0.61 -0.91 -0.99 -1.00 -1.00 -1.00 -1.00 -1.00 -1.00 -1.00
GLU-B3750_ -0.00 -0.01 -0.04 -0.22 -0.61 -0.91 -0.98 -1.00 -1.00 -1.00 -1.00 -1.00 -1.00 -1.00 -1.00
GLU-B3754_ -0.01 -0.06 -0.21 -0.47 -0.65 -0.80 -0.90 -0.95 -0.98 -0.99 -1.00 -1.00 -1.00 -1.00 -1.00
GLU-B3755_ -0.11 -0.48 -0.78 -0.86 -0.84 -0.83 -0.79 -0.82 -0.90 -0.96 -0.99 -1.00 -1.00 -1.00 -1.00
LYS+B3756_  1.00  1.00  1.00  1.00  1.00  1.00  1.00  0.99  0.98  0.95  0.93  0.86  0.63  0.21  0.04
GLU-B3757_ -0.00 -0.01 -0.04 -0.09 -0.16 -0.26 -0.38 -0.64 -0.83 -0.94 -0.98 -1.00 -1.00 -1.00 -1.00
GLU-B3759_ -0.01 -0.04 -0.08 -0.11 -0.15 -0.18 -0.26 -0.38 -0.51 -0.77 -0.94 -0.99 -1.00 -1.00 -1.00
LYS+B3760_  1.00  1.00  1.00  1.00  1.00  1.00  0.99  0.94  0.79  0.48  0.20  0.10  0.06  0.02  0.00
ARG+B3762_  1.00  1.00  1.00  1.00  1.00  1.00  1.00  1.00  1.00  1.00  1.00  1.00  1.00  1.00  0.98
TYR-B3765_ -0.00 -0.00 -0.00 -0.00 -0.00 -0.00 -0.00 -0.00 -0.00 -0.00 -0.01 -0.03 -0.15 -0.51 -0.86
ARG+B3769_  1.00  1.00  1.00  1.00  1.00  1.00  1.00  1.00  1.00  1.00  1.00  1.00  0.99  0.98  0.98
HIS+B3771_  1.00  1.00  1.00  1.00  1.00  1.00  1.00  1.00  0.99  0.95  0.82  0.40  0.10  0.02  0.01
CTR-B3771_ -0.65 -0.94 -1.00 -1.00 -1.00 -1.00 -1.00 -1.00 -1.00 -1.00 -1.00 -1.00 -1.00 -1.00 -1.00
NTR+B3773_  1.00  1.00  1.00  1.00  1.00  1.00  1.00  1.00  1.00  1.00  1.00  1.00  0.98  0.87  0.58
CTR-B3773_ -0.00 -0.00 -0.01 -0.08 -0.35 -0.73 -0.93 -0.99 -1.00 -1.00 -1.00 -1.00 -1.00 -1.00 -1.00
ARG+B3773_  1.00  1.00  1.00  1.00  1.00  1.00  1.00  1.00  1.00  1.00  1.00  0.99  0.97  0.81  0.44
NTR+B3840_  1.00  1.00  1.00  1.00  1.00  1.00  1.00  1.00  1.00  0.99  0.90  0.49  0.10  0.01  0.00
ASP-B3843_ -0.00 -0.00 -0.00 -0.03 -0.15 -0.52 -0.89 -0.98 -1.00 -1.00 -1.00 -1.00 -1.00 -1.00 -1.00
GLU-B3848_ -0.00 -0.00 -0.00 -0.01 -0.06 -0.23 -0.63 -0.92 -1.00 -1.00 -1.00 -1.00 -1.00 -1.00 -1.00
ARG+B3849_  1.00  1.00  1.00  1.00  1.00  1.00  1.00  1.00  1.00  1.00  1.00  0.99  0.91  0.53  0.11
LYS+B3852_  1.00  1.00  1.00  1.00  1.00  1.00  1.00  1.00  1.00  0.98  0.87  0.45  0.09  0.01  0.00
GLU-B3854_ -0.00 -0.00 -0.02 -0.07 -0.25 -0.63 -0.90 -0.98 -1.00 -1.00 -1.00 -1.00 -1.00 -1.00 -1.00
GLU-B3861_ -0.00 -0.00 -0.01 -0.08 -0.43 -0.87 -0.98 -1.00 -1.00 -1.00 -1.00 -1.00 -1.00 -1.00 -1.00
ASP-B3862_ -0.00 -0.00 -0.00 -0.00 -0.01 -0.04 -0.25 -0.73 -0.96 -0.99 -1.00 -1.00 -1.00 -1.00 -1.00
ARG+B3868_  0.00  0.00  0.00  0.00  0.00  0.00  0.00  0.00  0.00  0.00  0.00  0.00  0.00  0.00  0.00
GLU-B3872_ -0.00 -0.00 -0.02 -0.12 -0.44 -0.80 -0.96 -0.99 -1.00 -1.00 -1.00 -1.00 -1.00 -1.00 -1.00
LYS+B3873_  1.00  1.00  1.00  1.00  1.00  0.99  0.96  0.78  0.29  0.04  0.00  0.00  0.00  0.00  0.00
ASP-B3877_ -0.00 -0.00 -0.03 -0.17 -0.50 -0.83 -0.96 -0.99 -1.00 -1.00 -1.00 -1.00 -1.00 -1.00 -1.00
ASP-B3878_ -0.00 -0.01 -0.04 -0.23 -0.54 -0.79 -0.93 -0.97 -0.99 -1.00 -1.00 -1.00 -1.00 -1.00 -1.00
GLU-B3879_ -0.00 -0.00 -0.02 -0.07 -0.24 -0.53 -0.81 -0.96 -0.99 -1.00 -1.00 -1.00 -1.00 -1.00 -1.00
ASP-B3883_ -0.00 -0.00 -0.01 -0.05 -0.18 -0.42 -0.62 -0.88 -0.97 -1.00 -1.00 -1.00 -1.00 -1.00 -1.00
CTR-B3883_ -0.00 -0.00 -0.00 -0.00 -0.05 -0.17 -0.46 -0.80 -0.97 -1.00 -1.00 -1.00 -1.00 -1.00 -1.00
NTR+B3929_  0.00  0.00  0.00  0.00  0.00  0.00  0.00  0.00  0.00  0.00  0.00  0.00  0.00  0.00  0.00
CTR-B3929_ -0.00 -0.03 -0.16 -0.53 -0.87 -0.97 -0.98 -0.99 -1.00 -1.00 -1.00 -1.00 -1.00 -1.00 -1.00
NTR+B3932_  1.00  0.99  0.97  0.97  0.98  0.98  0.93  0.67  0.21  0.04  0.01  0.00  0.00  0.00  0.00
ASP-B3932_ -0.02 -0.15 -0.58 -0.87 -0.97 -1.00 -1.00 -1.00 -1.00 -1.00 -1.00 -1.00 -1.00 -1.00 -1.00
TYR-B3934_ -0.00 -0.00 -0.00 -0.00 -0.00 -0.00 -0.00 -0.00 -0.02 -0.14 -0.54 -0.89 -0.98 -1.00 -1.00
TYR-B3936_ -0.00 -0.00 -0.00 -0.00 -0.00 -0.00 -0.00 -0.00 -0.00 -0.00 -0.00 -0.00 -0.02 -0.10 -0.43
TYR-B3937_ -0.00 -0.00 -0.00 -0.00 -0.00 -0.00 -0.00 -0.00 -0.00 -0.00 -0.00 -0.00 -0.00 -0.00 -0.00
LYS+B3940_  1.00  1.00  1.00  1.00  1.00  1.00  1.00  1.00  0.98  0.85  0.47  0.13  0.02  0.01  0.00
ASP-B3941_ -0.00 -0.03 -0.18 -0.58 -0.89 -0.98 -1.00 -1.00 -1.00 -1.00 -1.00 -1.00 -1.00 -1.00 -1.00
GLU-B3944_ -0.01 -0.04 -0.24 -0.62 -0.89 -0.97 -1.00 -1.00 -1.00 -1.00 -1.00 -1.00 -1.00 -1.00 -1.00
GLU-B3945_ -0.00 -0.02 -0.17 -0.51 -0.81 -0.95 -0.98 -1.00 -1.00 -1.00 -1.00 -1.00 -1.00 -1.00 -1.00
LYS+B3948_  1.00  1.00  1.00  1.00  1.00  1.00  1.00  1.00  0.99  0.94  0.73  0.28  0.05  0.01  0.00
ARG+B3949_  1.00  1.00  1.00  1.00  1.00  1.00  1.00  1.00  1.00  1.00  1.00  1.00  1.00  0.97  0.80
LYS+B3953_  1.00  1.00  1.00  1.00  1.00  1.00  0.99  0.98  0.90  0.55  0.16  0.03  0.00  0.00  0.00
CTR-B3956_ -0.00 -0.00 -0.00 -0.00 -0.01 -0.03 -0.08 -0.35 -0.76 -0.95 -0.99 -1.00 -1.00 -1.00 -1.00
NTR+B3997_  0.00  0.00  0.00  0.00  0.00  0.00  0.00  0.00  0.00  0.00  0.00  0.00  0.00  0.00  0.00
CTR-B3997_ -0.19 -0.22 -0.21 -0.24 -0.35 -0.63 -0.90 -0.98 -1.00 -1.00 -1.00 -1.00 -1.00 -1.00 -1.00
NTR+B3999_  0.43  0.25  0.21  0.21  0.20  0.10  0.03  0.01  0.00  0.00  0.00  0.00  0.00  0.00  0.00
LYS+B4002_  1.00  1.00  1.00  1.00  1.00  1.00  1.00  1.00  1.00  1.00  0.99  0.99  0.96  0.77  0.31
ASP-B4006_ -0.02 -0.17 -0.60 -0.85 -0.96 -0.99 -1.00 -1.00 -1.00 -1.00 -1.00 -1.00 -1.00 -1.00 -1.00
GLU-B4011_ -0.00 -0.02 -0.10 -0.39 -0.74 -0.91 -0.98 -0.99 -1.00 -1.00 -1.00 -1.00 -1.00 -1.00 -1.00
LYS+B4014_  1.00  1.00  1.00  1.00  1.00  1.00  1.00  1.00  1.00  1.00  1.00  0.98  0.85  0.43  0.09
GLU-B4015_ -0.00 -0.00 -0.01 -0.05 -0.13 -0.36 -0.73 -0.94 -0.99 -1.00 -1.00 -1.00 -1.00 -1.00 -1.00
CTR-B4015_ -0.00 -0.00 -0.00 -0.00 -0.00 -0.00 -0.01 -0.03 -0.19 -0.64 -0.93 -0.99 -1.00 -1.00 -1.00
NTR+B4057_  1.00  1.00  1.00  0.99  0.94  0.74  0.28  0.04  0.01  0.00  0.00  0.00  0.00  0.00  0.00
LYS+B4060_  1.00  1.00  1.00  1.00  1.00  1.00  1.00  1.00  1.00  0.99  0.92  0.67  0.23  0.03  0.00
ASP-B4063_ -0.00 -0.01 -0.07 -0.39 -0.79 -0.96 -0.99 -1.00 -1.00 -1.00 -1.00 -1.00 -1.00 -1.00 -1.00
LYS+B4067_  1.00  1.00  1.00  1.00  1.00  1.00  1.00  1.00  0.99  0.93  0.61  0.22  0.05  0.01  0.00
LYS+B4069_  1.00  1.00  1.00  1.00  1.00  1.00  1.00  1.00  1.00  0.98  0.84  0.38  0.07  0.01  0.00
ASP-B4070_ -0.00 -0.01 -0.06 -0.34 -0.79 -0.96 -1.00 -1.00 -1.00 -1.00 -1.00 -1.00 -1.00 -1.00 -1.00
GLU-B4075_ -0.00 -0.00 -0.00 -0.04 -0.20 -0.59 -0.90 -0.99 -1.00 -1.00 -1.00 -1.00 -1.00 -1.00 -1.00
ASP-B4079_ -0.00 -0.00 -0.00 -0.02 -0.10 -0.39 -0.82 -0.97 -1.00 -1.00 -1.00 -1.00 -1.00 -1.00 -1.00
TYR-B4080_ -0.00 -0.00 -0.00 -0.00 -0.00 -0.00 -0.00 -0.00 -0.00 -0.00 -0.00 -0.00 -0.00 -0.00 -0.00
ASP-B4083_ -0.00 -0.01 -0.05 -0.27 -0.60 -0.84 -0.96 -1.00 -1.00 -1.00 -1.00 -1.00 -1.00 -1.00 -1.00
ARG+B4085_  1.00  1.00  1.00  1.00  1.00  1.00  1.00  1.00  1.00  1.00  0.99  0.91  0.51  0.10  0.01
LYS+B4090_  1.00  1.00  1.00  1.00  1.00  1.00  1.00  1.00  1.00  0.99  0.93  0.67  0.20  0.03  0.00
LYS+B4091_  1.00  1.00  1.00  1.00  1.00  1.00  1.00  0.98  0.81  0.32  0.06  0.01  0.00  0.00  0.00
ASP-B4092_ -0.00 -0.01 -0.05 -0.30 -0.51 -0.76 -0.96 -1.00 -1.00 -1.00 -1.00 -1.00 -1.00 -1.00 -1.00
LYS+B4095_  1.00  1.00  1.00  1.00  1.00  1.00  1.00  1.00  1.00  0.99  0.90  0.51  0.11  0.01  0.00
ASP-B4098_ -0.00 -0.00 -0.03 -0.19 -0.67 -0.93 -0.99 -1.00 -1.00 -1.00 -1.00 -1.00 -1.00 -1.00 -1.00
LYS+B4101_  1.00  1.00  1.00  1.00  1.00  1.00  1.00  1.00  1.00  0.99  0.91  0.54  0.13  0.02  0.00
GLU-B4107_ -0.00 -0.00 -0.02 -0.14 -0.48 -0.87 -0.98 -1.00 -1.00 -1.00 -1.00 -1.00 -1.00 -1.00 -1.00
CYS-B4114_ -0.00 -0.00 -0.00 -0.00 -0.00 -0.00 -0.00 -0.00 -0.00 -0.00 -0.00 -0.00 -0.00 -0.00 -0.00
GLU-B4116_ -0.00 -0.00 -0.01 -0.05 -0.20 -0.44 -0.74 -0.93 -0.99 -1.00 -1.00 -1.00 -1.00 -1.00 -1.00
ASP-B4118_ -0.00 -0.00 -0.00 -0.02 -0.10 -0.31 -0.66 -0.92 -0.99 -1.00 -1.00 -1.00 -1.00 -1.00 -1.00
GLU-B4119_ -0.00 -0.00 -0.03 -0.19 -0.62 -0.92 -0.98 -1.00 -1.00 -1.00 -1.00 -1.00 -1.00 -1.00 -1.00
GLU-B4121_ -0.00 -0.00 -0.00 -0.02 -0.10 -0.34 -0.74 -0.95 -0.99 -1.00 -1.00 -1.00 -1.00 -1.00 -1.00
GLU-B4126_ -0.00 -0.00 -0.01 -0.09 -0.39 -0.78 -0.96 -0.99 -1.00 -1.00 -1.00 -1.00 -1.00 -1.00 -1.00
GLU-B4127_ -0.00 -0.00 -0.01 -0.04 -0.14 -0.33 -0.55 -0.81 -0.97 -0.99 -1.00 -1.00 -1.00 -1.00 -1.00
ARG+B4131_  1.00  1.00  1.00  1.00  1.00  1.00  1.00  1.00  1.00  1.00  1.00  1.00  1.00  1.00  0.99
GLU-B4134_ -0.00 -0.00 -0.00 -0.01 -0.03 -0.11 -0.37 -0.75 -0.95 -0.99 -1.00 -1.00 -1.00 -1.00 -1.00
CTR-B4135_ -0.01 -0.11 -0.50 -0.84 -0.95 -0.99 -1.00 -1.00 -1.00 -1.00 -1.00 -1.00 -1.00 -1.00 -1.00
NTR+B4136_  1.00  1.00  1.00  1.00  1.00  1.00  1.00  1.00  1.00  1.00  1.00  0.97  0.84  0.42  0.10
ARG+B4137_  1.00  1.00  1.00  1.00  1.00  1.00  1.00  1.00  1.00  1.00  1.00  1.00  0.97  0.89  0.51
CTR-B4137_ -0.00 -0.01 -0.06 -0.27 -0.67 -0.94 -0.99 -1.00 -1.00 -1.00 -1.00 -1.00 -1.00 -1.00 -1.00
NTR+B4209_  0.00  0.00  0.00  0.00  0.00  0.00  0.00  0.00  0.00  0.00  0.00  0.00  0.00  0.00  0.00
CTR-B4209_ -0.00 -0.01 -0.05 -0.30 -0.77 -0.96 -1.00 -1.00 -1.00 -1.00 -1.00 -1.00 -1.00 -1.00 -1.00
NTR+B4249_  1.00  1.00  1.00  1.00  0.99  0.93  0.63  0.15  0.02  0.00  0.00  0.00  0.00  0.00  0.00
GLU-B4253_ -0.00 -0.00 -0.01 -0.09 -0.35 -0.76 -0.96 -0.99 -1.00 -1.00 -1.00 -1.00 -1.00 -1.00 -1.00
CTR-B4253_ -0.00 -0.01 -0.06 -0.30 -0.72 -0.94 -0.99 -1.00 -1.00 -1.00 -1.00 -1.00 -1.00 -1.00 -1.00
NTR+B4540_  1.00  1.00  1.00  0.98  0.86  0.49  0.10  0.01  0.00  0.00  0.00  0.00  0.00  0.00  0.00
GLU-B4543_ -0.00 -0.00 -0.01 -0.09 -0.43 -0.82 -0.97 -1.00 -1.00 -1.00 -1.00 -1.00 -1.00 -1.00 -1.00
GLU-B4545_ -0.00 -0.02 -0.14 -0.54 -0.89 -0.98 -1.00 -1.00 -1.00 -1.00 -1.00 -1.00 -1.00 -1.00 -1.00
ARG+B4548_  1.00  1.00  1.00  1.00  1.00  1.00  1.00  1.00  0.95  0.66  0.19  0.03  0.00  0.00  0.00
LYS+B4550_  1.00  1.00  1.00  1.00  1.00  1.00  1.00  1.00  1.00  0.97  0.80  0.34  0.05  0.01  0.00
TYR-B4554_ -0.00 -0.00 -0.00 -0.00 -0.00 -0.00 -0.00 -0.00 -0.01 -0.06 -0.36 -0.81 -0.97 -1.00 -1.00
ARG+B4557_  1.00  1.00  1.00  1.00  1.00  1.00  1.00  1.00  1.00  1.00  1.00  1.00  1.00  0.99  0.92
TYR-B4560_ -0.00 -0.00 -0.00 -0.00 -0.00 -0.00 -0.00 -0.00 -0.01 -0.10 -0.46 -0.84 -0.96 -0.99 -1.00
ARG+B4563_  1.00  1.00  1.00  1.00  1.00  1.00  1.00  1.00  1.00  1.00  1.00  0.99  0.97  0.86  0.46
TYR-B4580_ -0.00 -0.00 -0.00 -0.00 -0.00 -0.00 -0.00 -0.00 -0.00 -0.00 -0.01 -0.06 -0.29 -0.79 -0.97
LYS+B4581_  1.00  1.00  1.00  1.00  1.00  1.00  1.00  1.00  1.00  0.99  0.91  0.57  0.18  0.03  0.00
ASP-B4584_ -0.00 -0.00 -0.00 -0.05 -0.32 -0.79 -0.97 -1.00 -1.00 -1.00 -1.00 -1.00 -1.00 -1.00 -1.00
CTR-B4587_ -0.00 -0.00 -0.00 -0.04 -0.28 -0.77 -0.96 -1.00 -1.00 -1.00 -1.00 -1.00 -1.00 -1.00 -1.00
NTR+B4626_  1.00  1.00  1.00  1.00  1.00  1.00  0.98  0.84  0.34  0.05  0.01  0.00  0.00  0.00  0.00
TYR-B4629_ -0.00 -0.00 -0.00 -0.00 -0.00 -0.00 -0.00 -0.00 -0.00 -0.03 -0.21 -0.69 -0.94 -0.99 -1.00
TYR-B4630_ -0.00 -0.00 -0.00 -0.00 -0.00 -0.00 -0.00 -0.00 -0.00 -0.00 -0.05 -0.26 -0.66 -0.93 -0.99
GLU-B4633_ -0.00 -0.00 -0.00 -0.02 -0.19 -0.58 -0.86 -0.98 -1.00 -1.00 -1.00 -1.00 -1.00 -1.00 -1.00
GLU-B4634_ -0.00 -0.00 -0.00 -0.00 -0.03 -0.20 -0.65 -0.94 -0.99 -1.00 -1.00 -1.00 -1.00 -1.00 -1.00
TYR-B4638_ -0.00 -0.00 -0.00 -0.00 -0.00 -0.00 -0.00 -0.00 -0.02 -0.12 -0.58 -0.92 -0.99 -1.00 -1.00
GLU-B4640_ -0.00 -0.00 -0.00 -0.01 -0.10 -0.40 -0.81 -0.97 -1.00 -1.00 -1.00 -1.00 -1.00 -1.00 -1.00
CYS-B4645_ -0.00 -0.00 -0.00 -0.00 -0.00 -0.00 -0.00 -0.00 -0.01 -0.12 -0.49 -0.91 -0.99 -1.00 -1.00
HIS+B4650_  0.03  0.04  0.03  0.04  0.05  0.02  0.01  0.00  0.00  0.00  0.00  0.00  0.00  0.00  0.00
CYS-B4657_ -0.00 -0.00 -0.00 -0.00 -0.00 -0.00 -0.00 -0.00 -0.00 -0.00 -0.00 -0.00 -0.00 -0.01 -0.03
TYR-B4661_ -0.00 -0.00 -0.00 -0.00 -0.00 -0.00 -0.00 -0.00 -0.00 -0.00 -0.00 -0.00 -0.00 -0.00 -0.00
CYS-B4663_ -0.00 -0.00 -0.00 -0.00 -0.00 -0.00 -0.00 -0.00 -0.00 -0.00 -0.01 -0.05 -0.27 -0.73 -0.92
LYS+B4665_  1.00  1.00  1.00  1.00  1.00  1.00  1.00  1.00  1.00  0.99  0.94  0.80  0.43  0.10  0.02
CTR-B4667_ -0.00 -0.04 -0.18 -0.56 -0.88 -0.98 -1.00 -1.00 -1.00 -1.00 -1.00 -1.00 -1.00 -1.00 -1.00
NTR+B4670_  1.00  1.00  1.00  1.00  1.00  1.00  0.99  0.96  0.88  0.72  0.39  0.16  0.05  0.01  0.00
CTR-B4670_ -0.87 -0.97 -0.99 -1.00 -1.00 -1.00 -1.00 -1.00 -1.00 -1.00 -1.00 -1.00 -1.00 -1.00 -1.00
NTR+B4673_  1.00  1.00  1.00  1.00  1.00  0.99  0.96  0.78  0.38  0.18  0.09  0.04  0.01  0.00  0.00
ARG+B4673_  1.00  1.00  1.00  1.00  1.00  1.00  1.00  1.00  1.00  1.00  1.00  1.00  1.00  1.00  1.00
GLU-B4674_ -0.00 -0.00 -0.00 -0.00 -0.00 -0.00 -0.00 -0.02 -0.04 -0.11 -0.23 -0.46 -0.72 -0.80 -0.86
CTR-B4674_ -0.69 -0.89 -0.95 -0.98 -0.99 -1.00 -1.00 -1.00 -1.00 -1.00 -1.00 -1.00 -1.00 -1.00 -1.00
NTR+B4676_  1.00  1.00  1.00  1.00  1.00  1.00  1.00  1.00  1.00  1.00  1.00  0.99  0.97  0.93  0.80
CTR-B4676_ -0.71 -0.85 -0.92 -0.92 -0.94 -0.93 -0.96 -0.99 -1.00 -1.00 -1.00 -1.00 -1.00 -1.00 -1.00
GLU-B4676_ -0.20 -0.50 -0.82 -0.95 -0.99 -0.99 -1.00 -1.00 -1.00 -1.00 -1.00 -1.00 -1.00 -1.00 -1.00
NTR+B4680_  0.98  0.96  0.93  0.86  0.79  0.63  0.31  0.07  0.02  0.00  0.00  0.00  0.00  0.00  0.00
LYS+B4680_  1.00  1.00  1.00  1.00  1.00  1.00  1.00  1.00  1.00  1.00  1.00  0.98  0.90  0.60  0.19
GLU-B4682_ -0.00 -0.01 -0.07 -0.17 -0.37 -0.71 -0.93 -0.99 -1.00 -1.00 -1.00 -1.00 -1.00 -1.00 -1.00
ASP-B4684_ -0.00 -0.02 -0.12 -0.41 -0.76 -0.92 -0.98 -1.00 -1.00 -1.00 -1.00 -1.00 -1.00 -1.00 -1.00
TYR-B4687_ -0.00 -0.00 -0.00 -0.00 -0.00 -0.00 -0.00 -0.00 -0.00 -0.00 -0.00 -0.00 -0.00 -0.01 -0.00
GLU-B4690_ -0.00 -0.00 -0.02 -0.12 -0.42 -0.78 -0.96 -1.00 -1.00 -1.00 -1.00 -1.00 -1.00 -1.00 -1.00
ASP-B4694_ -0.00 -0.00 -0.00 -0.06 -0.23 -0.65 -0.93 -0.99 -1.00 -1.00 -1.00 -1.00 -1.00 -1.00 -1.00
ASP-B4695_ -0.00 -0.00 -0.02 -0.12 -0.45 -0.84 -0.97 -1.00 -1.00 -1.00 -1.00 -1.00 -1.00 -1.00 -1.00
ASP-B4696_ -0.00 -0.02 -0.13 -0.51 -0.81 -0.96 -1.00 -1.00 -1.00 -1.00 -1.00 -1.00 -1.00 -1.00 -1.00
LYS+B4698_  1.00  1.00  1.00  1.00  1.00  1.00  1.00  1.00  0.99  0.95  0.77  0.36  0.09  0.02  0.01
ASP-B4702_ -0.01 -0.03 -0.07 -0.19 -0.43 -0.74 -0.91 -0.98 -0.99 -1.00 -1.00 -1.00 -1.00 -1.00 -1.00
ARG+B4703_  1.00  1.00  1.00  1.00  1.00  1.00  1.00  1.00  1.00  1.00  1.00  1.00  0.96  0.80  0.35
TYR-B4715_ -0.00 -0.00 -0.00 -0.00 -0.00 -0.00 -0.00 -0.00 -0.00 -0.02 -0.05 -0.12 -0.28 -0.61 -0.87
CTR-B4715_ -0.00 -0.04 -0.21 -0.55 -0.87 -0.97 -1.00 -1.00 -1.00 -1.00 -1.00 -1.00 -1.00 -1.00 -1.00
NTR+B4717_  1.00  1.00  1.00  1.00  1.00  1.00  1.00  0.99  0.93  0.70  0.32  0.11  0.05  0.03  0.01
ASP-B4717_ -1.00 -1.00 -1.00 -1.00 -1.00 -1.00 -1.00 -1.00 -1.00 -1.00 -1.00 -1.00 -1.00 -1.00 -1.00
LYS+B4718_  1.00  1.00  1.00  1.00  1.00  1.00  1.00  1.00  1.00  0.99  0.99  0.95  0.82  0.50  0.16
LYS+B4721_  1.00  1.00  0.99  0.99  0.97  0.96  0.91  0.78  0.46  0.18  0.07  0.02  0.01  0.00  0.00
ARG+B4722_  1.00  1.00  1.00  1.00  1.00  1.00  1.00  1.00  1.00  1.00  1.00  1.00  1.00  0.98  0.90
LYS+B4723_  1.00  1.00  1.00  1.00  1.00  1.00  1.00  1.00  1.00  1.00  0.99  0.94  0.75  0.36  0.09
ASP-B4726_ -0.00 -0.02 -0.14 -0.51 -0.83 -0.96 -0.99 -1.00 -1.00 -1.00 -1.00 -1.00 -1.00 -1.00 -1.00
LYS+B4727_  1.00  1.00  1.00  1.00  1.00  1.00  1.00  1.00  1.00  1.00  0.97  0.80  0.33  0.06  0.01
HIS+B4728_  0.99  0.94  0.68  0.34  0.15  0.05  0.01  0.00  0.00  0.00  0.00  0.00  0.00  0.00  0.00
ASP-B4730_ -0.00 -0.00 -0.09 -0.41 -0.83 -0.97 -1.00 -1.00 -1.00 -1.00 -1.00 -1.00 -1.00 -1.00 -1.00
ARG+B4734_  1.00  1.00  1.00  1.00  1.00  1.00  1.00  1.00  1.00  1.00  1.00  1.00  0.99  0.89  0.56
GLU-B4735_ -0.00 -0.00 -0.07 -0.39 -0.84 -0.97 -0.99 -1.00 -1.00 -1.00 -1.00 -1.00 -1.00 -1.00 -1.00
ARG+B4736_  1.00  1.00  1.00  1.00  1.00  1.00  1.00  1.00  1.00  1.00  1.00  0.99  0.95  0.67  0.20
GLU-B4739_ -0.00 -0.00 -0.00 -0.02 -0.09 -0.39 -0.82 -0.97 -1.00 -1.00 -1.00 -1.00 -1.00 -1.00 -1.00
ASP-B4744_ -0.00 -0.00 -0.01 -0.05 -0.17 -0.46 -0.77 -0.95 -0.99 -1.00 -1.00 -1.00 -1.00 -1.00 -1.00
GLU-B4749_ -0.00 -0.01 -0.04 -0.17 -0.43 -0.65 -0.84 -0.94 -0.98 -0.99 -1.00 -1.00 -1.00 -1.00 -1.00
HIS+B4753_  1.00  1.00  1.00  1.00  1.00  0.99  0.98  0.96  0.86  0.64  0.25  0.05  0.00  0.00  0.00
GLU-B4755_ -0.00 -0.00 -0.01 -0.03 -0.15 -0.46 -0.82 -0.96 -1.00 -1.00 -1.00 -1.00 -1.00 -1.00 -1.00
ARG+B4756_  0.00  0.00  0.00  0.00  0.00  0.00  0.00  0.00  0.00  0.00  0.00  0.00  0.00  0.00  0.00
LYS+B4757_  1.00  1.00  1.00  1.00  1.00  1.00  1.00  1.00  1.00  1.00  1.00  1.00  1.00  1.00  1.00
ASP-B4759_ -0.00 -0.00 -0.01 -0.06 -0.28 -0.71 -0.94 -0.99 -1.00 -1.00 -1.00 -1.00 -1.00 -1.00 -1.00
ASP-B4772_ -0.01 -0.08 -0.37 -0.77 -0.94 -0.99 -1.00 -1.00 -1.00 -1.00 -1.00 -1.00 -1.00 -1.00 -1.00
LYS+B4774_  1.00  1.00  1.00  1.00  1.00  1.00  1.00  1.00  1.00  0.98  0.83  0.36  0.06  0.01  0.00
TYR-B4775_ -0.00 -0.00 -0.00 -0.00 -0.00 -0.00 -0.00 -0.00 -0.00 -0.00 -0.00 -0.00 -0.00 -0.00 -0.00
LYS+B4779_  1.00  1.00  1.00  1.00  1.00  1.00  1.00  1.00  1.00  1.00  1.00  0.97  0.87  0.60  0.20
ASP-B4786_ -0.25 -0.68 -0.93 -0.99 -1.00 -1.00 -1.00 -1.00 -1.00 -1.00 -1.00 -1.00 -1.00 -1.00 -1.00
TYR-B4791_ -0.00 -0.00 -0.00 -0.00 -0.00 -0.00 -0.00 -0.00 -0.00 -0.00 -0.00 -0.00 -0.00 -0.00 -0.03
TYR-B4795_ -0.00 -0.00 -0.00 -0.00 -0.00 -0.00 -0.00 -0.00 -0.00 -0.00 -0.00 -0.00 -0.00 -0.00 -0.00
HIS+B4803_  1.00  1.00  1.00  0.99  0.93  0.81  0.52  0.13  0.01  0.00  0.00  0.00  0.00  0.00  0.00
TYR-B4804_ -0.00 -0.00 -0.00 -0.00 -0.00 -0.00 -0.00 -0.00 -0.01 -0.11 -0.53 -0.90 -0.99 -1.00 -1.00
HIS+B4812_  0.97  0.96  0.97  0.92  0.64  0.30  0.10  0.02  0.00  0.00  0.00  0.00  0.00  0.00  0.00
ASP-B4815_ -0.36 -0.82 -0.97 -1.00 -1.00 -1.00 -1.00 -1.00 -1.00 -1.00 -1.00 -1.00 -1.00 -1.00 -1.00
LYS+B4821_  1.00  1.00  1.00  1.00  1.00  1.00  1.00  1.00  1.00  0.99  0.92  0.56  0.13  0.01  0.00
CTR-B4821_ -0.95 -0.99 -1.00 -1.00 -1.00 -1.00 -1.00 -1.00 -1.00 -1.00 -1.00 -1.00 -1.00 -1.00 -1.00
NTR+B4823_  1.00  1.00  1.00  1.00  1.00  1.00  0.97  0.82  0.32  0.05  0.01  0.00  0.00  0.00  0.00
ARG+B4824_  1.00  1.00  1.00  1.00  1.00  1.00  1.00  1.00  1.00  1.00  1.00  1.00  1.00  0.98  0.88
CTR-B4824_ -0.00 -0.00 -0.02 -0.14 -0.61 -0.94 -0.99 -1.00 -1.00 -1.00 -1.00 -1.00 -1.00 -1.00 -1.00
NTR+B4839_  1.00  1.00  1.00  1.00  1.00  1.00  1.00  0.98  0.87  0.41  0.07  0.01  0.00  0.00  0.00
CTR-B4839_ -0.05 -0.34 -0.82 -0.97 -0.99 -1.00 -1.00 -1.00 -1.00 -1.00 -1.00 -1.00 -1.00 -1.00 -1.00
NTG+B4842_  1.00  1.00  1.00  0.99  0.97  0.83  0.35  0.06  0.01  0.00  0.00  0.00  0.00  0.00  0.00
TYR-B4849_ -0.00 -0.00 -0.00 -0.00 -0.00 -0.00 -0.00 -0.00 -0.02 -0.15 -0.61 -0.93 -0.99 -1.00 -1.00
TYR-B4851_ -0.00 -0.00 -0.00 -0.00 -0.00 -0.00 -0.00 -0.00 -0.00 -0.01 -0.05 -0.27 -0.77 -0.97 -1.00
ARG+B4860_  1.00  1.00  1.00  1.00  1.00  1.00  1.00  1.00  1.00  1.00  1.00  1.00  0.99  0.91  0.57
LYS+B4861_  1.00  1.00  1.00  1.00  1.00  1.00  1.00  1.00  0.99  0.93  0.70  0.25  0.05  0.01  0.01
TYR-B4863_ -0.00 -0.00 -0.00 -0.00 -0.00 -0.00 -0.00 -0.00 -0.00 -0.00 -0.00 -0.00 -0.00 -0.00 -0.03
LYS+B4865_  1.00  1.00  1.00  1.00  1.00  0.99  0.97  0.93  0.89  0.80  0.48  0.13  0.02  0.00  0.00
GLU-B4867_ -0.00 -0.00 -0.00 -0.00 -0.00 -0.01 -0.05 -0.23 -0.66 -0.93 -0.99 -1.00 -1.00 -1.00 -1.00
ASP-B4868_ -0.00 -0.00 -0.01 -0.10 -0.43 -0.80 -0.96 -0.99 -1.00 -1.00 -1.00 -1.00 -1.00 -1.00 -1.00
GLU-B4869_ -0.00 -0.00 -0.01 -0.08 -0.36 -0.70 -0.95 -0.99 -1.00 -1.00 -1.00 -1.00 -1.00 -1.00 -1.00
ASP-B4870_ -0.00 -0.00 -0.00 -0.03 -0.17 -0.53 -0.87 -0.98 -0.99 -1.00 -1.00 -1.00 -1.00 -1.00 -1.00
GLU-B4871_ -0.00 -0.00 -0.03 -0.18 -0.48 -0.79 -0.92 -0.93 -0.96 -0.99 -1.00 -1.00 -1.00 -1.00 -1.00
CTR-B4871_ -0.00 -0.00 -0.00 -0.00 -0.01 -0.03 -0.07 -0.24 -0.61 -0.90 -0.99 -1.00 -1.00 -1.00 -1.00
NTR+B4872_  0.00  0.00  0.00  0.00  0.00  0.00  0.00  0.00  0.00  0.00  0.00  0.00  0.00  0.00  0.00
ASP-B4873_ -0.40 -0.84 -0.98 -0.99 -1.00 -1.00 -1.00 -1.00 -1.00 -1.00 -1.00 -1.00 -1.00 -1.00 -1.00
LYS+B4875_  1.00  1.00  1.00  0.99  0.98  0.94  0.75  0.35  0.13  0.05  0.02  0.00  0.00  0.00  0.00
CYS-B4876_ -0.00 -0.00 -0.00 -0.00 -0.00 -0.00 -0.00 -0.00 -0.00 -0.00 -0.00 -0.00 -0.00 -0.00 -0.00
ASP-B4877_ -0.00 -0.00 -0.01 -0.04 -0.20 -0.55 -0.86 -0.96 -0.99 -1.00 -1.00 -1.00 -1.00 -1.00 -1.00
ASP-B4878_ -0.00 -0.00 -0.01 -0.05 -0.29 -0.72 -0.93 -0.99 -1.00 -1.00 -1.00 -1.00 -1.00 -1.00 -1.00
CYS-B4882_ -0.00 -0.00 -0.00 -0.00 -0.00 -0.00 -0.00 -0.00 -0.00 -0.00 -0.00 -0.00 -0.00 -0.01 -0.04
TYR-B4883_ -0.00 -0.00 -0.00 -0.00 -0.00 -0.00 -0.00 -0.00 -0.00 -0.00 -0.00 -0.00 -0.00 -0.03 -0.22
HIS+B4886_  0.89  0.49  0.11  0.03  0.00  0.00  0.00  0.00  0.00  0.00  0.00  0.00  0.00  0.00  0.00
TYR-B4888_ -0.00 -0.00 -0.00 -0.00 -0.00 -0.00 -0.00 -0.00 -0.02 -0.15 -0.56 -0.91 -0.99 -1.00 -1.00
ARG+B4892_  1.00  1.00  1.00  1.00  1.00  1.00  1.00  1.00  1.00  1.00  1.00  1.00  1.00  1.00  0.99
ASP-B4899_ -0.00 -0.00 -0.00 -0.01 -0.06 -0.18 -0.55 -0.89 -0.96 -0.99 -1.00 -1.00 -1.00 -1.00 -1.00
GLU-B4900_ -0.00 -0.00 -0.00 -0.00 -0.00 -0.01 -0.04 -0.09 -0.35 -0.76 -0.94 -0.99 -1.00 -1.00 -1.00
GLU-B4902_ -0.00 -0.00 -0.00 -0.01 -0.02 -0.03 -0.07 -0.25 -0.63 -0.90 -0.98 -1.00 -1.00 -1.00 -1.00
ASP-B4903_ -0.00 -0.00 -0.02 -0.18 -0.57 -0.90 -0.99 -1.00 -1.00 -1.00 -1.00 -1.00 -1.00 -1.00 -1.00
ASP-B4907_ -0.00 -0.01 -0.09 -0.42 -0.79 -0.96 -0.99 -1.00 -1.00 -1.00 -1.00 -1.00 -1.00 -1.00 -1.00
GLU-B4908_ -0.00 -0.01 -0.05 -0.30 -0.71 -0.94 -0.99 -1.00 -1.00 -1.00 -1.00 -1.00 -1.00 -1.00 -1.00
TYR-B4909_ -0.00 -0.00 -0.00 -0.00 -0.00 -0.00 -0.00 -0.00 -0.02 -0.14 -0.49 -0.83 -0.98 -1.00 -1.00
GLU-B4910_ -0.00 -0.00 -0.00 -0.00 -0.00 -0.00 -0.00 -0.01 -0.08 -0.44 -0.82 -0.97 -1.00 -1.00 -1.00
TYR-B4912_ -0.00 -0.00 -0.00 -0.00 -0.00 -0.00 -0.00 -0.00 -0.02 -0.14 -0.50 -0.86 -0.98 -1.00 -1.00
ARG+B4913_  1.00  1.00  1.00  1.00  1.00  1.00  1.00  1.00  1.00  1.00  0.99  0.99  0.98  0.92  0.61
ASP-B4917_ -0.00 -0.00 -0.04 -0.15 -0.48 -0.80 -0.93 -0.99 -1.00 -1.00 -1.00 -1.00 -1.00 -1.00 -1.00
CTR-B4923_ -0.00 -0.00 -0.01 -0.07 -0.26 -0.67 -0.94 -0.99 -1.00 -1.00 -1.00 -1.00 -1.00 -1.00 -1.00
NTR+B4926_  1.00  1.00  1.00  1.00  1.00  1.00  1.00  1.00  0.99  0.93  0.60  0.15  0.02  0.00  0.00
CTR-B4926_ -0.00 -0.00 -0.04 -0.27 -0.71 -0.92 -0.99 -1.00 -1.00 -1.00 -1.00 -1.00 -1.00 -1.00 -1.00
_CA+B5102_  0.00  0.00  0.00  0.00  0.00  0.00  0.00  0.00  0.00  0.00  0.00  0.00  0.00  0.00  0.00
----------
Net_Charge 83.56 77.92 68.51 51.87 25.47 -4.22 -27.63 -42.91 -54.81 -66.66 -81.46 -99.14 -114.33 -125.83 -137.33
Protons    83.56 77.92 68.51 51.87 25.47 -4.22 -27.63 -42.91 -54.81 -66.66 -81.46 -99.14 -114.33 -125.83 -137.33
Electrons   0.00  0.00  0.00  0.00  0.00  0.00  0.00  0.00  0.00  0.00  0.00  0.00  0.00  0.00  0.00
