   confID        vdw0    sas     sum
NTR01B3639_001  -0.003  -3.280  -3.283
NTR+1B3639_002  -0.005  -3.280  -3.285
THR01B3639_001   0.169  -4.151  -3.982
PRO01B3640_001   0.258  -2.947  -2.689
LEU01B3641_001   2.055  -9.591  -7.535
TYR01B3642_001   4.598 -10.793  -6.195
TYR-1B3642_002   4.598 -10.793  -6.195
ASN01B3643_001   0.353  -2.345  -1.992
ASN01B3643_002   0.120  -2.221  -2.101
LEU01B3644_001   1.693  -2.933  -1.240
PRO01B3645_001   0.251  -3.416  -3.165
THR01B3646_001   0.255  -7.224  -6.969
THR01B3646_002   0.255  -7.224  -6.969
HIS01B3647_001  -0.162  -8.839  -9.000
HIS01B3647_002  -0.120  -8.822  -8.942
HIS02B3647_003  -0.180  -8.839  -9.019
HIS02B3647_004  -0.133  -8.822  -8.955
HIS+1B3647_005  -0.207  -8.839  -9.046
HIS+1B3647_006  -0.160  -8.822  -8.982
ARG01B3648_001   2.228  -8.548  -6.320
ARG02B3648_002   2.204  -8.548  -6.343
ARG03B3648_003   2.297  -8.548  -6.251
ARG+1B3648_004   2.165  -8.548  -6.382
ALA01B3649_001   0.000  -0.892  -0.892
CYS01B3650_001  -0.002  -4.005  -4.007
CYS01B3650_002  -0.002  -4.005  -4.007
CYS01B3650_003  -0.002  -4.005  -4.008
CYS-1B3650_004   0.000  -4.005  -4.005
ASN01B3651_001   0.475  -2.783  -2.308
ASN01B3651_002   0.233  -3.029  -2.797
MET01B3652_001   0.337  -6.432  -6.095
PHE01B3653_001   4.719  -8.590  -3.871
LEU01B3654_001   2.022  -6.899  -4.877
GLU01B3655_001   1.590  -3.628  -2.038
GLU01B3655_002   1.590  -3.628  -2.038
GLU02B3655_003   1.318  -3.584  -2.265
GLU02B3655_004   1.318  -3.584  -2.265
GLU-1B3655_005   1.226  -3.436  -2.210
SER01B3656_001   0.000  -3.588  -3.588
TYR01B3657_001   4.993  -5.769  -0.776
TYR01B3657_002   4.993  -5.769  -0.776
TYR-1B3657_003   4.993  -5.769  -0.776
LYS01B3658_001   1.962  -7.721  -5.758
LYS+1B3658_002   1.916  -7.721  -5.804
ALA01B3659_001   0.000  -4.874  -4.874
ALA01B3660_001   0.000  -2.524  -2.524
TRP01B3661_001   2.912  -4.078  -1.167
ILE01B3662_001   1.807 -10.312  -8.505
LEU01B3663_001   2.265  -5.476  -3.212
THR01B3664_001   0.179  -5.072  -4.893
THR01B3664_002   0.179  -5.072  -4.893
GLU01B3665_001   1.787  -3.477  -1.689
GLU01B3665_002   1.787  -3.477  -1.689
GLU02B3665_003   1.467  -3.490  -2.023
GLU02B3665_004   1.467  -3.490  -2.023
GLU-1B3665_005   1.379  -3.478  -2.099
ASP01B3666_001   0.456  -1.947  -1.491
ASP01B3666_002   0.456  -1.947  -1.491
ASP02B3666_003   0.500  -1.935  -1.435
ASP02B3666_004   0.500  -1.935  -1.435
ASP-1B3666_005   0.390  -1.869  -1.479
HIS01B3667_001  -0.143  -4.710  -4.853
HIS01B3667_002  -0.094  -4.773  -4.867
HIS02B3667_003  -0.162  -4.710  -4.872
HIS02B3667_004  -0.107  -4.773  -4.880
HIS+1B3667_005  -0.189  -4.710  -4.899
HIS+1B3667_006  -0.133  -4.773  -4.906
SER01B3668_001   0.000  -3.493  -3.493
SER01B3668_002   0.000  -3.493  -3.493
PHE01B3669_001   4.709  -5.619  -0.910
GLU01B3670_001   0.857  -0.323   0.534
GLU01B3670_002   0.857  -0.323   0.534
GLU02B3670_003   0.745  -0.411   0.333
GLU02B3670_004   0.745  -0.411   0.333
GLU-1B3670_005   0.657  -0.323   0.334
ASP01B3671_001   0.070  -1.521  -1.451
ASP01B3671_002   0.070  -1.521  -1.451
ASP02B3671_003   0.139  -1.589  -1.449
ASP02B3671_004   0.139  -1.589  -1.449
ASP-1B3671_005   0.066  -1.551  -1.485
ARG01B3672_001   4.416 -10.304  -5.888
ARG02B3672_002   4.451 -10.304  -5.853
ARG03B3672_003   4.363 -10.304  -5.941
ARG+1B3672_004   4.318 -10.304  -5.986
MET01B3673_001   0.087  -3.743  -3.656
ILE01B3674_001   3.112  -0.309   2.803
ASP01B3675_001   0.234  -1.124  -0.890
ASP01B3675_002   0.234  -1.124  -0.890
ASP02B3675_003   0.336  -1.118  -0.782
ASP02B3675_004   0.336  -1.118  -0.782
ASP-1B3675_005   0.223  -1.059  -0.836
ASP01B3676_001   0.040  -1.386  -1.346
ASP01B3676_002   0.040  -1.386  -1.346
ASP02B3676_003   0.099  -1.500  -1.401
ASP02B3676_004   0.099  -1.500  -1.401
ASP-1B3676_005   0.035  -1.386  -1.350
LEU01B3677_001   1.825  -3.603  -1.778
SER01B3678_001   0.000  -0.674  -0.674
SER01B3678_002   0.000  -0.674  -0.674
LYS01B3679_001   1.646  -7.101  -5.455
LYS+1B3679_002   1.560  -7.101  -5.541
ALA01B3680_001   0.000  -3.277  -3.277
GLU01B3682_001   0.497  -3.297  -2.800
GLU01B3682_002   0.497  -3.297  -2.800
GLU02B3682_003   0.663  -3.191  -2.528
GLU02B3682_004   0.663  -3.191  -2.528
GLU-1B3682_005   0.466  -3.200  -2.734
GLN01B3683_001   0.455  -0.965  -0.510
GLU01B3684_001   0.499  -4.009  -3.510
GLU01B3684_002   0.499  -4.009  -3.510
GLU02B3684_003   0.666  -4.002  -3.336
GLU02B3684_004   0.666  -4.002  -3.336
GLU-1B3684_005   0.468  -3.941  -3.473
GLU01B3685_001   0.498  -4.154  -3.656
GLU01B3685_002   0.498  -4.154  -3.656
GLU02B3685_003   0.665  -4.219  -3.555
GLU02B3685_004   0.665  -4.219  -3.555
GLU-1B3685_005   0.467  -4.014  -3.546
GLU01B3686_001   0.501  -2.870  -2.369
GLU01B3686_002   0.501  -2.870  -2.369
GLU02B3686_003   0.667  -2.876  -2.209
GLU02B3686_004   0.667  -2.876  -2.209
GLU-1B3686_005   0.469  -2.764  -2.295
GLU01B3687_001   0.498  -2.557  -2.059
GLU01B3687_002   0.498  -2.557  -2.059
GLU02B3687_003   0.664  -2.425  -1.761
GLU02B3687_004   0.664  -2.425  -1.761
GLU-1B3687_005   0.467  -2.481  -2.014
GLU01B3688_001   0.501  -4.316  -3.815
GLU01B3688_002   0.501  -4.316  -3.815
GLU02B3688_003   0.668  -4.371  -3.703
GLU02B3688_004   0.668  -4.371  -3.703
GLU-1B3688_005   0.470  -4.285  -3.815
GLU01B3689_001   0.499  -4.274  -3.775
GLU01B3689_002   0.499  -4.274  -3.775
GLU02B3689_003   0.665  -4.269  -3.603
GLU02B3689_004   0.665  -4.269  -3.603
GLU-1B3689_005   0.467  -4.130  -3.662
VAL01B3690_001   0.499  -2.968  -2.470
GLU01B3691_001   0.498  -4.382  -3.884
GLU01B3691_002   0.498  -4.382  -3.884
GLU02B3691_003   0.663  -4.326  -3.663
GLU02B3691_004   0.663  -4.326  -3.663
GLU-1B3691_005   0.466  -4.160  -3.694
GLU01B3692_001   0.500  -3.718  -3.218
GLU01B3692_002   0.500  -3.718  -3.218
GLU02B3692_003   0.667  -3.819  -3.152
GLU02B3692_004   0.667  -3.819  -3.152
GLU-1B3692_005   0.469  -3.716  -3.248
LYS01B3693_001   3.794  -8.155  -4.361
LYS+1B3693_002   3.700  -8.155  -4.456
LYS01B3694_001   1.146  -6.803  -5.656
LYS+1B3694_002   1.067  -6.803  -5.736
CTR01B3694_001  -0.021  -1.429  -1.450
CTR01B3694_002   0.102  -1.390  -1.288
CTR02B3694_003  -0.022  -1.467  -1.490
CTR02B3694_004   0.040  -1.390  -1.350
CTR-1B3694_005   0.000  -1.390  -1.390
NTR01B3696_001  -0.003  -0.642  -0.645
NTR+1B3696_002  -0.005  -0.642  -0.647
ASP01B3696_001   0.193  -0.558  -0.366
ASP01B3696_002   0.193  -0.558  -0.366
ASP02B3696_003   0.281  -0.609  -0.328
ASP02B3696_004   0.281  -0.609  -0.328
ASP-1B3696_005   0.181  -0.620  -0.439
PRO01B3697_001   0.258  -3.000  -2.743
LEU01B3698_001   2.012  -0.618   1.393
CTR01B3698_001  -0.021  -2.973  -2.994
CTR01B3698_002   0.099  -2.973  -2.874
CTR02B3698_003  -0.022  -2.954  -2.976
CTR02B3698_004   0.039  -3.166  -3.127
CTR-1B3698_005   0.000  -2.954  -2.954
NTR01B3714_001  -0.003  -3.914  -3.917
NTR+1B3714_002  -0.005  -3.914  -3.919
SER01B3714_001   0.000  -5.014  -5.014
LYS01B3715_001   2.979  -9.762  -6.782
LYS+1B3715_002   2.931  -9.762  -6.831
LEU01B3716_001   2.027  -9.642  -7.615
ASP01B3717_001   0.168  -3.232  -3.064
ASP01B3717_002   0.168  -3.232  -3.064
ASP02B3717_003   0.254  -3.329  -3.075
ASP02B3717_004   0.254  -3.329  -3.075
ASP-1B3717_005   0.159  -3.127  -2.968
GLU01B3718_001   1.548  -3.256  -1.708
GLU01B3718_002   1.548  -3.256  -1.708
GLU02B3718_003   1.293  -3.280  -1.986
GLU02B3718_004   1.293  -3.280  -1.986
GLU-1B3718_005   1.195  -3.134  -1.938
ASP01B3719_001   0.056  -1.789  -1.733
ASP01B3719_002   0.056  -1.789  -1.733
ASP02B3719_003   0.122  -1.748  -1.627
ASP02B3719_004   0.122  -1.748  -1.627
ASP-1B3719_005   0.053  -1.688  -1.636
TYR01B3720_001   4.393 -10.880  -6.487
TYR-1B3720_002   4.393 -10.880  -6.487
LEU01B3721_001   4.162  -7.514  -3.352
TYR01B3722_001   4.912  -8.732  -3.820
TYR-1B3722_002   4.912  -8.732  -3.820
MET01B3723_001   0.111  -5.504  -5.393
ALA01B3724_001   0.000  -1.903  -1.903
TYR01B3725_001   4.603  -4.487   0.116
TYR-1B3725_002   4.603  -4.487   0.116
ALA01B3726_001   0.000  -2.299  -2.299
ASP01B3727_001   0.071  -2.252  -2.181
ASP01B3727_002   0.071  -2.252  -2.181
ASP02B3727_003   0.140  -2.408  -2.268
ASP02B3727_004   0.140  -2.408  -2.268
ASP-1B3727_005   0.067  -2.253  -2.186
ILE01B3728_001   2.525  -0.515   2.010
MET01B3729_001   0.113  -3.829  -3.716
ALA01B3730_001   0.000  -2.128  -2.128
LYS01B3731_001   3.714  -4.439  -0.724
LYS+1B3731_002   3.625  -4.439  -0.813
SER01B3732_001   0.000   0.000   0.000
SER01B3732_002   0.000   0.000   0.000
SER01B3732_003   0.000   0.000   0.000
CYS01B3733_001  -0.002  -0.906  -0.908
CYS01B3733_002  -0.002  -0.906  -0.908
CYS01B3733_003  -0.002  -0.906  -0.908
CYS-1B3733_004   0.000  -0.906  -0.906
HIS01B3734_001  -0.354  -2.363  -2.716
HIS01B3734_002  -0.345  -2.240  -2.585
HIS02B3734_003  -0.363  -2.363  -2.725
HIS02B3734_004  -0.355  -2.240  -2.596
HIS+1B3734_005  -0.382  -2.363  -2.745
HIS+1B3734_006  -0.375  -2.240  -2.615
LEU01B3735_001   1.454  -0.824   0.630
GLU01B3736_001   0.500  -0.071   0.429
GLU01B3736_002   0.500  -0.071   0.429
GLU02B3736_003   0.667  -0.071   0.596
GLU02B3736_004   0.667  -0.071   0.596
GLU-1B3736_005   0.469  -0.069   0.400
GLU01B3737_001   0.500  -2.903  -2.403
GLU01B3737_002   0.500  -2.903  -2.403
GLU02B3737_003   0.667  -2.839  -2.172
GLU02B3737_004   0.667  -2.839  -2.172
GLU-1B3737_005   0.469  -2.817  -2.348
GLU01B3740_001   0.498  -1.089  -0.591
GLU01B3740_002   0.498  -1.089  -0.591
GLU02B3740_003   0.664  -0.991  -0.327
GLU02B3740_004   0.664  -0.991  -0.327
GLU-1B3740_005   0.467  -1.003  -0.537
ASN01B3741_001  -0.020  -2.713  -2.733
CTR01B3741_001  -0.021  -3.919  -3.940
CTR01B3741_002   0.105  -4.074  -3.969
CTR02B3741_003  -0.022  -4.035  -4.057
CTR02B3741_004   0.041  -4.035  -3.994
CTR-1B3741_005   0.000  -3.919  -3.919
NTR01B3747_001  -0.003  -3.422  -3.425
NTR+1B3747_002  -0.005  -3.422  -3.427
GLU01B3747_001   0.498  -4.407  -3.909
GLU01B3747_002   0.498  -4.407  -3.909
GLU02B3747_003   0.665  -4.442  -3.777
GLU02B3747_004   0.665  -4.442  -3.777
GLU-1B3747_005   0.467  -4.323  -3.857
GLU01B3748_001   0.499  -3.987  -3.488
GLU01B3748_002   0.499  -3.987  -3.488
GLU02B3748_003   0.666  -4.079  -3.413
GLU02B3748_004   0.666  -4.079  -3.413
GLU-1B3748_005   0.468  -3.979  -3.511
VAL01B3749_001   0.500  -7.978  -7.477
GLU01B3750_001   1.529  -3.288  -1.759
GLU01B3750_002   1.529  -3.288  -1.759
GLU02B3750_003   1.273  -3.331  -2.058
GLU02B3750_004   1.273  -3.331  -2.058
GLU-1B3750_005   1.178  -3.181  -2.004
VAL01B3751_001   0.434  -3.297  -2.863
SER01B3752_001   0.000  -3.276  -3.276
SER01B3752_002   0.000  -3.276  -3.276
PHE01B3753_001   4.697  -4.881  -0.185
GLU01B3754_001   1.953  -2.355  -0.403
GLU01B3754_002   1.953  -2.355  -0.403
GLU02B3754_003   1.604  -2.436  -0.832
GLU02B3754_004   1.604  -2.436  -0.832
GLU-1B3754_005   1.513  -2.242  -0.730
GLU01B3755_001   2.034  -0.601   1.433
GLU01B3755_002   2.034  -0.601   1.433
GLU02B3755_003   1.681  -0.581   1.100
GLU02B3755_004   1.681  -0.581   1.100
GLU-1B3755_005   1.586  -0.567   1.018
LYS01B3756_001   1.901  -4.587  -2.686
LYS+1B3756_002   1.838  -4.587  -2.750
GLU01B3757_001   4.063  -1.001   3.063
GLU01B3757_002   4.063  -1.001   3.063
GLU02B3757_003   3.282  -0.993   2.289
GLU02B3757_004   3.282  -0.993   2.289
GLU-1B3757_005   3.203  -0.943   2.259
MET01B3758_001  -0.034  -1.708  -1.742
GLU01B3759_001   2.554  -0.602   1.953
GLU01B3759_002   2.554  -0.602   1.953
GLU02B3759_003   2.046  -0.567   1.479
GLU02B3759_004   2.046  -0.567   1.479
GLU-1B3759_005   1.972  -0.551   1.421
LYS01B3760_001   1.896  -5.318  -3.422
LYS+1B3760_002   1.850  -5.318  -3.468
GLN01B3761_001   2.053  -0.970   1.083
GLN01B3761_002   3.375  -0.999   2.376
ARG01B3762_001   1.994  -1.927   0.066
ARG02B3762_002   1.968  -1.927   0.041
ARG03B3762_003   1.976  -1.927   0.049
ARG03B3762_004   2.054  -1.927   0.127
ARG+1B3762_005   1.929  -1.927   0.002
LEU01B3763_001   1.736  -2.318  -0.582
LEU01B3764_001   2.137  -6.828  -4.692
TYR01B3765_001   4.744  -4.786  -0.042
TYR-1B3765_002   4.744  -4.786  -0.042
GLN01B3766_001   1.499  -0.197   1.302
GLN01B3766_002   2.362  -0.138   2.224
GLN01B3767_001   3.083  -1.761   1.322
SER01B3768_001   0.000  -2.504  -2.504
SER01B3768_002   0.000  -2.504  -2.504
ARG01B3769_001   2.395  -0.322   2.073
ARG02B3769_002   2.323  -0.322   2.001
ARG02B3769_003   2.384  -0.322   2.062
ARG03B3769_004   2.317  -0.322   1.995
ARG+1B3769_005   2.278  -0.322   1.957
LEU01B3770_001   4.990  -4.617   0.374
HIS01B3771_001  -0.168  -4.247  -4.415
HIS01B3771_002  -0.132  -4.707  -4.838
HIS02B3771_003  -0.186  -4.247  -4.433
HIS02B3771_004  -0.145  -4.707  -4.852
HIS+1B3771_005  -0.213  -4.247  -4.459
HIS+1B3771_006  -0.172  -4.707  -4.878
CTR01B3771_001  -0.021  -1.323  -1.344
CTR01B3771_002   0.102  -1.245  -1.143
CTR02B3771_003  -0.022  -1.245  -1.268
CTR02B3771_004   0.040  -1.245  -1.206
CTR-1B3771_005   0.000  -1.245  -1.245
NTR01B3773_001  -0.003  -1.537  -1.540
NTR+1B3773_002  -0.005  -1.537  -1.542
CTR01B3773_001  -0.021  -4.306  -4.326
CTR01B3773_002   0.089  -4.074  -3.985
CTR02B3773_003  -0.022  -4.170  -4.192
CTR02B3773_004   0.034  -4.132  -4.098
CTR-1B3773_005   0.000  -4.170  -4.170
ARG01B3773_001   2.017 -13.848 -11.831
ARG02B3773_002   2.082 -13.848 -11.766
ARG03B3773_003   1.993 -13.848 -11.855
ARG+1B3773_004   1.954 -13.848 -11.894
NTR01B3840_001  -0.003  -2.671  -2.674
NTR+1B3840_002  -0.005  -2.671  -2.676
SER01B3840_001   0.000  -1.787  -1.787
SER01B3840_002   0.000  -1.787  -1.787
SER01B3840_003   0.000  -1.787  -1.787
VAL01B3841_001   0.794  -5.354  -4.560
LEU01B3842_001   2.282  -0.206   2.076
ASP01B3843_001   0.210  -2.088  -1.878
ASP01B3843_002   0.210  -2.088  -1.878
ASP02B3843_003   0.300  -2.051  -1.752
ASP02B3843_004   0.300  -2.051  -1.752
ASP-1B3843_005   0.197  -1.964  -1.767
LEU01B3844_001   2.003  -2.318  -0.314
ASN01B3845_001   0.293  -3.313  -3.020
ASN01B3845_002   0.451  -3.274  -2.823
ALA01B3846_001   0.000  -1.767  -1.767
PHE01B3847_001   4.648  -0.152   4.497
GLU01B3848_001   1.389  -1.148   0.241
GLU01B3848_002   1.389  -1.148   0.241
GLU02B3848_003   1.209  -0.959   0.250
GLU02B3848_004   1.209  -0.959   0.250
GLU-1B3848_005   1.088  -0.947   0.141
ARG01B3849_001   2.091  -9.824  -7.734
ARG02B3849_002   2.158  -9.824  -7.666
ARG03B3849_003   2.071  -9.824  -7.753
ARG+1B3849_004   2.028  -9.824  -7.796
GLN01B3850_001   2.369   0.000   2.369
ASN01B3851_001   0.164  -1.157  -0.992
ASN01B3851_002   0.000  -1.191  -1.191
LYS01B3852_001   0.844  -8.710  -7.865
LYS+1B3852_002   0.798  -8.710  -7.911
ALA01B3853_001   0.000  -0.840  -0.840
GLU01B3854_001   0.499  -2.093  -1.594
GLU01B3854_002   0.499  -2.093  -1.594
GLU02B3854_003   0.665  -1.908  -1.242
GLU02B3854_004   0.665  -1.908  -1.242
GLU-1B3854_005   0.468  -1.925  -1.457
LEU01B3856_001   1.644  -8.116  -6.472
MET01B3858_001   0.142  -8.869  -8.727
VAL01B3859_001   0.497  -2.782  -2.284
ASN01B3860_001  -0.021  -3.280  -3.301
GLU01B3861_001   0.498  -2.831  -2.334
GLU01B3861_002   0.498  -2.831  -2.334
GLU02B3861_003   0.664  -2.856  -2.192
GLU02B3861_004   0.664  -2.856  -2.192
GLU-1B3861_005   0.466  -2.855  -2.388
ASP01B3862_001  -0.040  -2.337  -2.377
ASP01B3862_002  -0.040  -2.337  -2.377
ASP02B3862_003  -0.009  -2.364  -2.373
ASP02B3862_004  -0.009  -2.364  -2.373
ASP-1B3862_005  -0.040  -2.264  -2.305
THR01B3864_001   0.151  -1.303  -1.152
VAL01B3865_001   0.502  -5.560  -5.058
ILE01B3866_001   0.940  -5.322  -4.382
ASN01B3867_001  -0.020  -1.258  -1.278
ARG01B3868_0011191.364  -5.7801185.584
ARG02B3868_0021191.346  -5.7801185.565
ARG03B3868_0031191.380  -5.7801185.599
ARG03B3868_004 190.424  -5.780 184.644
ARG+1B3868_0051191.314  -5.7801185.533
GLN01B3869_001   0.454  -1.977  -1.523
ASN01B3870_001  -0.019  -0.229  -0.248
GLU01B3872_001   0.498  -4.003  -3.504
GLU01B3872_002   0.498  -4.003  -3.504
GLU02B3872_003   0.664  -3.986  -3.322
GLU02B3872_004   0.664  -3.986  -3.322
GLU-1B3872_005   0.467  -3.936  -3.469
LYS01B3873_001   1.059  -3.507  -2.448
LYS+1B3873_002   1.012  -3.507  -2.495
VAL01B3874_001   0.825   0.000   0.825
MET01B3875_001   0.713  -0.596   0.118
ALA01B3876_001   0.000  -1.217  -1.217
ASP01B3877_001   0.097  -0.915  -0.818
ASP01B3877_002   0.097  -0.915  -0.818
ASP02B3877_003   0.174  -1.069  -0.895
ASP02B3877_004   0.174  -1.069  -0.895
ASP-1B3877_005   0.092  -0.896  -0.804
ASP01B3878_001   0.063  -1.254  -1.191
ASP01B3878_002   0.063  -1.254  -1.191
ASP02B3878_003   0.131  -1.309  -1.179
ASP02B3878_004   0.131  -1.309  -1.179
ASP-1B3878_005   0.059  -1.206  -1.146
GLU01B3879_001   0.498  -4.524  -4.026
GLU01B3879_002   0.498  -4.524  -4.026
GLU02B3879_003   0.664  -4.441  -3.777
GLU02B3879_004   0.664  -4.441  -3.777
GLU-1B3879_005   0.467  -4.444  -3.977
PHE01B3880_001   4.791 -10.321  -5.530
THR01B3881_001   0.254  -3.361  -3.107
THR01B3881_002   0.254  -3.361  -3.107
GLN01B3882_001   1.769  -2.872  -1.103
GLN01B3882_002   2.934  -2.324   0.610
ASP01B3883_001   0.434  -3.286  -2.852
ASP01B3883_002   0.434  -3.286  -2.852
ASP02B3883_003   0.464  -3.291  -2.827
ASP02B3883_004   0.464  -3.291  -2.827
ASP-1B3883_005   0.365  -3.239  -2.874
CTR01B3883_001  -0.021  -3.890  -3.911
CTR01B3883_002   0.097  -4.026  -3.929
CTR02B3883_003  -0.022  -3.851  -3.874
CTR02B3883_004   0.037  -4.006  -3.969
CTR-1B3883_005   0.000  -3.851  -3.851
NTR01B3929_001  -0.003  -2.908  -2.910
NTR+1B3929_002  -0.005  -2.975  -2.980
CTR01B3929_001  -0.021  -1.795  -1.816
CTR01B3929_002   0.101  -1.795  -1.694
CTR02B3929_003  -0.022  -1.911  -1.933
CTR02B3929_004   0.039  -1.815  -1.775
CTR-1B3929_005   0.000  -1.795  -1.795
SER01B3929_001   0.000  -0.828  -0.828
SER01B3929_002   0.000  -0.828  -0.828
NTR01B3932_001  -0.003  -1.092  -1.095
NTR+1B3932_002  -0.005  -1.092  -1.097
ASP01B3932_001   0.193  -3.036  -2.843
ASP01B3932_002   0.193  -3.036  -2.843
ASP02B3932_003   0.281  -3.150  -2.869
ASP02B3932_004   0.281  -3.150  -2.869
ASP-1B3932_005   0.182  -3.071  -2.889
PHE01B3933_001   4.717  -0.359   4.359
TYR01B3934_001   4.822  -4.962  -0.140
TYR-1B3934_002   4.822  -4.962  -0.140
TRP01B3935_001   3.262 -11.039  -7.777
TYR01B3936_001   4.686  -4.265   0.420
TYR01B3936_002   4.686  -4.265   0.420
TYR-1B3936_003   4.686  -4.265   0.420
TYR01B3937_001   5.234   0.000   5.234
TYR01B3937_002   5.234   0.000   5.234
TYR-1B3937_003   5.234   0.000   5.234
SER01B3938_001   0.000  -0.980  -0.980
SER01B3938_002   0.000  -0.980  -0.980
LYS01B3940_001   1.086  -3.476  -2.390
LYS+1B3940_002   1.040  -3.476  -2.436
ASP01B3941_001   0.061  -2.911  -2.849
ASP01B3941_002   0.061  -2.911  -2.849
ASP02B3941_003   0.128  -2.968  -2.840
ASP02B3941_004   0.128  -2.968  -2.840
ASP-1B3941_005   0.057  -2.846  -2.789
VAL01B3942_001   0.499  -4.890  -4.391
ILE01B3943_001   2.448  -0.052   2.396
GLU01B3944_001   1.688  -2.572  -0.883
GLU01B3944_002   1.688  -2.572  -0.883
GLU02B3944_003   1.434  -2.513  -1.079
GLU02B3944_004   1.434  -2.513  -1.079
GLU-1B3944_005   1.321  -2.446  -1.125
GLU01B3945_001   3.508  -2.800   0.707
GLU01B3945_002   3.508  -2.800   0.707
GLU02B3945_003   2.832  -2.938  -0.106
GLU02B3945_004   2.832  -2.938  -0.106
GLU-1B3945_005   2.751  -2.875  -0.123
GLN01B3946_001   0.642  -0.419   0.224
GLN01B3946_002   0.565  -0.443   0.122
LYS01B3948_001   1.109  -0.914   0.195
LYS+1B3948_002   1.062  -0.914   0.148
ARG01B3949_001   3.049  -4.278  -1.229
ARG02B3949_002   3.029  -4.278  -1.249
ARG03B3949_003   3.033  -4.278  -1.245
ARG+1B3949_004   2.986  -4.278  -1.292
ASN01B3950_001   0.527   0.000   0.527
ASN01B3950_002   0.272   0.000   0.272
PHE01B3951_001   5.174  -1.903   3.271
SER01B3952_001   0.000  -1.595  -1.595
SER01B3952_002   0.000  -1.595  -1.595
SER01B3952_003   0.000  -1.595  -1.595
LYS01B3953_001   1.268  -2.940  -1.672
LYS+1B3953_002   1.221  -2.940  -1.719
ALA01B3954_001   0.000  -0.824  -0.824
MET01B3955_001   0.578  -2.559  -1.981
SER01B3956_001   0.000  -1.904  -1.904
SER01B3956_002   0.000  -1.904  -1.904
CTR01B3956_001  -0.021  -1.824  -1.845
CTR01B3956_002   0.096  -1.805  -1.709
CTR02B3956_003  -0.022  -1.805  -1.827
CTR02B3956_004   0.037  -1.825  -1.788
CTR-1B3956_005   0.000  -1.805  -1.805
NTR01B3997_001  -0.003  -1.734  -1.737
NTR01B3997_002  -0.002  -1.734  -1.737
NTR+1B3997_003  -0.005  -1.734  -1.739
CTR01B3997_001  -0.021  -0.695  -0.716
CTR01B3997_002   0.097  -0.695  -0.598
CTR02B3997_003  -0.022  -0.830  -0.852
CTR02B3997_004   0.036  -0.656  -0.620
CTR-1B3997_005   0.000  -0.695  -0.695
ALA01B3997_001   0.000  -1.339  -1.339
NTR01B3999_001  -0.003  -0.064  -0.067
NTR+1B3999_002  -0.005  -0.064  -0.069
MET01B3999_001  -0.020  -2.008  -2.028
MET01B4000_001   0.606  -1.742  -1.136
MET01B4001_001  -0.032  -2.693  -2.725
LYS01B4002_001   1.016  -1.648  -0.632
LYS+1B4002_002   0.969  -1.648  -0.679
LEU01B4003_001   1.816  -0.103   1.713
ALA01B4004_001   0.000  -0.103  -0.103
GLN01B4005_001   1.657  -1.870  -0.213
GLN01B4005_002   2.726  -1.821   0.905
ASP01B4006_001   0.073  -1.370  -1.297
ASP01B4006_002   0.073  -1.370  -1.297
ASP02B4006_003   0.145  -1.395  -1.250
ASP02B4006_004   0.145  -1.395  -1.250
ASP-1B4006_005   0.070  -1.348  -1.278
SER01B4007_001   0.000  -3.618  -3.618
SER01B4007_002   0.000  -3.618  -3.618
SER01B4008_001   0.000  -3.497  -3.497
SER01B4008_002   0.000  -3.497  -3.497
GLN01B4009_001   1.943  -0.079   1.865
GLN01B4009_002   3.240  -0.079   3.161
ILE01B4010_001   1.773  -2.830  -1.057
GLU01B4011_001   3.122  -2.994   0.128
GLU01B4011_002   3.122  -2.994   0.128
GLU02B4011_003   2.498  -2.866  -0.368
GLU02B4011_004   2.498  -2.866  -0.368
GLU-1B4011_005   2.425  -2.873  -0.448
LEU01B4012_001   1.676  -0.155   1.522
LEU01B4013_001   2.063  -1.767   0.295
LYS01B4014_001   1.898  -6.419  -4.521
LYS+1B4014_002   1.852  -6.419  -4.567
GLU01B4015_001   3.222  -1.639   1.582
GLU01B4015_002   3.222  -1.639   1.582
GLU02B4015_003   2.564  -1.582   0.982
GLU02B4015_004   2.564  -1.582   0.982
GLU-1B4015_005   2.503  -1.546   0.957
CTR01B4015_001  -0.021  -2.471  -2.492
CTR01B4015_002   0.095  -2.413  -2.318
CTR02B4015_003  -0.022  -2.374  -2.397
CTR02B4015_004   0.037  -2.413  -2.377
CTR-1B4015_005   0.000  -2.374  -2.374
NTR01B4057_001  -0.003  -1.927  -1.930
NTR+1B4057_002  -0.005  -1.927  -1.932
MET01B4057_001   0.204  -5.841  -5.637
ILE01B4058_001   2.177  -6.571  -4.394
LEU01B4059_001   1.920  -8.818  -6.899
LYS01B4060_001   1.149  -6.185  -5.036
LYS+1B4060_002   1.101  -6.185  -5.084
PHE01B4061_001   4.448  -0.606   3.842
PHE01B4062_001   4.854  -2.787   2.067
ASP01B4063_001   0.306  -1.786  -1.481
ASP01B4063_002   0.306  -1.786  -1.481
ASP02B4063_003   0.416  -1.659  -1.243
ASP02B4063_004   0.416  -1.659  -1.243
ASP-1B4063_005   0.289  -1.736  -1.447
MET01B4064_001  -0.144  -0.474  -0.618
PHE01B4065_001   4.731  -0.254   4.477
LEU01B4066_001   3.541  -6.349  -2.808
LYS01B4067_001   1.258  -2.252  -0.994
LYS+1B4067_002   1.211  -2.252  -1.041
LEU01B4068_001   3.780   0.000   3.780
LYS01B4069_001   1.895  -5.578  -3.682
LYS+1B4069_002   1.808  -5.578  -3.769
ASP01B4070_001   0.125  -2.758  -2.633
ASP01B4070_002   0.125  -2.758  -2.633
ASP02B4070_003   0.200  -2.777  -2.578
ASP02B4070_004   0.200  -2.777  -2.578
ASP-1B4070_005   0.117  -2.661  -2.545
ILE01B4071_001   2.560  -0.583   1.978
VAL01B4072_001   0.576  -0.464   0.113
SER01B4074_001   0.000  -1.672  -1.672
SER01B4074_002   0.000  -1.672  -1.672
GLU01B4075_001   1.497  -3.214  -1.717
GLU01B4075_002   1.497  -3.214  -1.717
GLU02B4075_003   1.250  -3.286  -2.036
GLU02B4075_004   1.250  -3.286  -2.036
GLU-1B4075_005   1.153  -3.219  -2.066
ALA01B4076_001   0.000  -2.798  -2.798
PHE01B4077_001   4.749   0.000   4.749
GLN01B4078_001   0.850  -1.678  -0.828
GLN01B4078_002   0.706  -1.672  -0.966
ASP01B4079_001   0.176  -2.779  -2.603
ASP01B4079_002   0.176  -2.779  -2.603
ASP02B4079_003   0.264  -2.895  -2.631
ASP02B4079_004   0.264  -2.895  -2.631
ASP-1B4079_005   0.166  -2.752  -2.585
TYR01B4080_001   5.087  -1.231   3.856
TYR01B4080_002   5.087  -1.231   3.856
TYR-1B4080_003   5.087  -1.231   3.856
VAL01B4081_001   0.482  -0.412   0.070
THR01B4082_001   0.209  -6.150  -5.941
THR01B4082_002   0.209  -6.150  -5.941
THR01B4082_003   0.209  -6.150  -5.941
ASP01B4083_001   0.209  -1.152  -0.943
ASP01B4083_002   0.209  -1.152  -0.943
ASP02B4083_003   0.296  -1.077  -0.781
ASP02B4083_004   0.296  -1.077  -0.781
ASP-1B4083_005   0.195  -1.034  -0.838
PRO01B4084_001   0.262  -6.285  -6.023
ARG01B4085_001   2.550  -8.084  -5.534
ARG02B4085_002   2.492  -8.084  -5.591
ARG03B4085_003   2.492  -8.084  -5.592
ARG+1B4085_004   2.448  -8.084  -5.636
LEU01B4087_001   1.781  -4.169  -2.388
ILE01B4088_001   3.343   0.000   3.343
SER01B4089_001   0.000  -2.366  -2.366
SER01B4089_002   0.000  -2.366  -2.366
SER01B4089_003   0.000  -2.366  -2.366
LYS01B4090_001   1.949  -1.722   0.227
LYS+1B4090_002   1.902  -1.722   0.180
LYS01B4091_001   0.720  -7.449  -6.729
LYS+1B4091_002   0.673  -7.449  -6.776
ASP01B4092_001   0.063  -0.671  -0.607
ASP01B4092_002   0.063  -0.671  -0.607
ASP02B4092_003   0.131  -0.728  -0.597
ASP02B4092_004   0.131  -0.728  -0.597
ASP-1B4092_005   0.060  -0.715  -0.655
PHE01B4093_001   4.761   0.000   4.761
GLN01B4094_001   1.406  -1.005   0.401
GLN01B4094_002   1.932  -0.872   1.060
LYS01B4095_001   1.924  -6.449  -4.525
LYS+1B4095_002   1.878  -6.449  -4.572
ALA01B4096_001   0.000  -0.361  -0.361
MET01B4097_001   0.036  -0.071  -0.035
ASP01B4098_001   0.405  -2.855  -2.450
ASP01B4098_002   0.405  -2.855  -2.450
ASP02B4098_003   0.449  -2.912  -2.463
ASP02B4098_004   0.449  -2.912  -2.463
ASP-1B4098_005   0.346  -2.791  -2.444
SER01B4099_001   0.000  -2.518  -2.518
GLN01B4100_001   2.218  -1.033   1.185
GLN01B4100_002   3.677  -0.831   2.846
LYS01B4101_001   0.943 -10.580  -9.637
LYS+1B4101_002   0.896 -10.580  -9.684
GLN01B4102_001   1.427  -2.080  -0.654
GLN01B4102_002   2.294  -2.354  -0.060
PHE01B4103_001   5.056   0.000   5.056
THR01B4104_001   0.211  -4.012  -3.802
THR01B4104_002   0.211  -4.012  -3.802
PRO01B4106_001   0.288  -6.572  -6.283
GLU01B4107_001   2.031  -1.318   0.712
GLU01B4107_002   2.031  -1.318   0.712
GLU02B4107_003   1.638  -1.406   0.232
GLU02B4107_004   1.638  -1.406   0.232
GLU-1B4107_005   1.554  -1.309   0.244
ILE01B4108_001   3.015  -0.325   2.690
GLN01B4109_001   0.777  -2.349  -1.572
GLN01B4109_002   0.676  -2.036  -1.360
PHE01B4110_001   5.042  -0.902   4.140
LEU01B4111_001   2.302  -0.052   2.251
LEU01B4112_001   1.293  -0.206   1.087
SER01B4113_001   0.000  -1.502  -1.502
SER01B4113_002   0.000  -1.502  -1.502
CYS01B4114_001  -0.002   0.000  -0.002
CYS01B4114_002  -0.002   0.000  -0.002
CYS01B4114_003  -0.002   0.000  -0.002
CYS-1B4114_004   0.000   0.000   0.000
SER01B4115_001   0.000   0.000   0.000
GLU01B4116_001   1.577  -1.697  -0.120
GLU01B4116_002   1.577  -1.697  -0.120
GLU02B4116_003   1.320  -1.789  -0.469
GLU02B4116_004   1.320  -1.789  -0.469
GLU-1B4116_005   1.219  -1.701  -0.482
ALA01B4117_001   0.000  -2.952  -2.952
ASP01B4118_001   0.408  -2.223  -1.815
ASP01B4118_002   0.408  -2.223  -1.815
ASP02B4118_003   0.462  -2.235  -1.773
ASP02B4118_004   0.462  -2.235  -1.773
ASP-1B4118_005   0.353  -2.240  -1.886
GLU01B4119_001   1.966  -3.881  -1.914
GLU01B4119_002   1.966  -3.881  -1.914
GLU02B4119_003   1.633  -3.851  -2.218
GLU02B4119_004   1.633  -3.851  -2.218
GLU-1B4119_005   1.532  -3.794  -2.262
ASN01B4120_001   0.009  -1.922  -1.914
ASN01B4120_002   0.176  -2.125  -1.949
GLU01B4121_001   3.101  -2.861   0.241
GLU01B4121_002   3.101  -2.861   0.241
GLU02B4121_003   2.474  -3.025  -0.551
GLU02B4121_004   2.474  -3.025  -0.551
GLU-1B4121_005   2.408  -2.855  -0.447
MET01B4122_001   0.139  -0.864  -0.725
ILE01B4123_001   2.170   0.000   2.170
ASN01B4124_001   0.125  -1.486  -1.362
ASN01B4124_002  -0.023  -1.408  -1.430
PHE01B4125_001   4.696  -2.038   2.658
GLU01B4126_001   0.500  -3.477  -2.976
GLU01B4126_002   0.500  -3.477  -2.976
GLU02B4126_003   0.667  -3.428  -2.761
GLU02B4126_004   0.667  -3.428  -2.761
GLU-1B4126_005   0.469  -3.420  -2.950
GLU01B4127_001   3.038  -1.379   1.659
GLU01B4127_002   3.038  -1.379   1.659
GLU02B4127_003   2.457  -1.426   1.031
GLU02B4127_004   2.457  -1.426   1.031
GLU-1B4127_005   2.375  -1.368   1.007
PHE01B4128_001   4.869  -0.101   4.768
ALA01B4129_001   0.000  -0.428  -0.428
ASN01B4130_001   0.225  -1.640  -1.415
ASN01B4130_002   0.409  -1.731  -1.322
ARG01B4131_001   2.078  -0.520   1.558
ARG02B4131_002   2.152  -0.520   1.631
ARG03B4131_003   2.056  -0.520   1.536
ARG+1B4131_004   2.017  -0.520   1.497
PHE01B4132_001   4.503  -0.354   4.149
GLN01B4133_001   2.206  -1.583   0.623
GLN01B4133_002   1.509  -1.629  -0.120
GLU01B4134_001   2.726  -1.810   0.917
GLU01B4134_002   2.726  -1.810   0.917
GLU02B4134_003   2.218  -1.908   0.309
GLU02B4134_004   2.218  -1.908   0.309
GLU-1B4134_005   2.148  -1.738   0.410
PRO01B4135_001   0.338  -0.979  -0.641
CTR01B4135_001  -0.021  -2.626  -2.646
CTR01B4135_002   0.082  -2.626  -2.544
CTR02B4135_003  -0.022  -2.742  -2.764
CTR02B4135_004   0.028  -2.742  -2.714
CTR-1B4135_005   0.000  -2.626  -2.626
NTR01B4136_001  -0.003   0.000  -0.003
NTR+1B4136_002  -0.005   0.000  -0.005
ALA01B4136_001   0.000  -0.309  -0.309
ARG01B4137_001   3.486 -10.582  -7.096
ARG02B4137_002   3.433 -10.582  -7.149
ARG03B4137_003   3.522 -10.582  -7.060
ARG+1B4137_004   3.393 -10.582  -7.189
CTR01B4137_001  -0.021  -4.411  -4.432
CTR01B4137_002   0.103  -4.547  -4.444
CTR02B4137_003  -0.022  -4.411  -4.433
CTR02B4137_004   0.040  -4.605  -4.565
CTR-1B4137_005   0.000  -4.411  -4.411
NTR01B4209_001  -0.003  -3.653  -3.656
NTR01B4209_002  -0.002  -3.547  -3.549
NTR+1B4209_003  -0.005  -3.547  -3.551
CTR01B4209_001  -0.021  -5.135  -5.156
CTR01B4209_002   0.104  -5.309  -5.205
CTR02B4209_003  -0.022  -5.193  -5.216
CTR02B4209_004   0.041  -5.232  -5.191
CTR-1B4209_005   0.000  -5.077  -5.077
GLN01B4209_001   0.723  -3.338  -2.614
GLN01B4209_002   0.632  -3.404  -2.772
NTR01B4249_001  -0.003  -2.959  -2.962
NTR+1B4249_002  -0.005  -2.959  -2.964
ALA01B4249_001   0.000  -4.649  -4.649
GLN01B4250_001   2.320  -4.701  -2.381
GLN01B4250_002   3.805  -4.289  -0.484
ILE01B4251_001   2.770  -2.489   0.281
SER01B4252_001   0.000  -3.639  -3.639
SER01B4252_002   0.000  -3.639  -3.639
GLU01B4253_001   0.496  -2.451  -1.955
GLU01B4253_002   0.496  -2.451  -1.955
GLU02B4253_003   0.662  -2.449  -1.787
GLU02B4253_004   0.662  -2.449  -1.787
GLU-1B4253_005   0.465  -2.403  -1.938
CTR01B4253_001  -0.021  -5.502  -5.523
CTR01B4253_002   0.108  -5.367  -5.259
CTR02B4253_003  -0.022  -5.367  -5.389
CTR02B4253_004   0.042  -5.502  -5.460
CTR-1B4253_005   0.000  -5.405  -5.405
NTR01B4540_001  -0.003  -2.664  -2.667
NTR+1B4540_002  -0.005  -2.664  -2.669
PHE01B4540_001   2.033  -3.604  -1.571
TRP01B4541_001   0.642 -12.989 -12.348
GLU01B4543_001   0.499  -3.382  -2.883
GLU01B4543_002   0.499  -3.382  -2.883
GLU02B4543_003   0.665  -3.340  -2.675
GLU02B4543_004   0.665  -3.340  -2.675
GLU-1B4543_005   0.468  -3.299  -2.831
LEU01B4544_001   1.459  -4.137  -2.677
GLU01B4545_001   0.498  -2.591  -2.093
GLU01B4545_002   0.498  -2.591  -2.093
GLU02B4545_003   0.665  -2.494  -1.829
GLU02B4545_004   0.665  -2.494  -1.829
GLU-1B4545_005   0.467  -2.541  -2.074
VAL01B4546_001   0.567  -5.782  -5.215
GLN01B4547_001   1.288  -2.777  -1.489
GLN01B4547_002   1.820  -2.774  -0.954
ARG01B4548_001   3.208  -7.042  -3.834
ARG02B4548_002   3.157  -7.042  -3.886
ARG02B4548_003   3.162  -7.042  -3.881
ARG03B4548_004   3.250  -7.042  -3.793
ARG+1B4548_005   3.117  -7.042  -3.926
VAL01B4549_001   0.793  -3.709  -2.916
LYS01B4550_001   3.774  -4.174  -0.399
LYS+1B4550_002   3.680  -4.174  -0.494
PHE01B4551_001   4.758  -7.335  -2.578
LEU01B4552_001   2.808  -1.046   1.761
ASN01B4553_001   0.293  -0.837  -0.544
ASN01B4553_002   0.455  -0.915  -0.461
TYR01B4554_001   4.372  -7.611  -3.239
TYR-1B4554_002   4.372  -7.611  -3.239
LEU01B4555_001   1.890  -0.258   1.632
SER01B4556_001   0.000   0.000   0.000
ARG01B4557_001   4.459  -4.513  -0.055
ARG02B4557_002   4.414  -4.513  -0.099
ARG03B4557_003   4.422  -4.513  -0.091
ARG+1B4557_004   4.374  -4.513  -0.139
ASN01B4558_001   0.191  -0.996  -0.805
PHE01B4559_001   4.746  -0.859   3.887
TYR01B4560_001   4.683  -6.881  -2.199
TYR-1B4560_002   4.683  -6.881  -2.199
THR01B4561_001   0.268  -4.307  -4.039
LEU01B4562_001   2.434  -0.840   1.593
ARG01B4563_001   1.606  -2.222  -0.616
ARG02B4563_002   1.559  -2.222  -0.663
ARG02B4563_003   1.565  -2.222  -0.657
ARG03B4563_004   1.564  -2.222  -0.658
ARG03B4563_005   1.624  -2.222  -0.598
ARG+1B4563_006   1.520  -2.222  -0.702
PHE01B4564_001   4.758  -8.656  -3.898
LEU01B4565_001   1.744  -3.757  -2.013
ALA01B4566_001   0.000   0.000   0.000
LEU01B4567_001   2.038  -1.957   0.081
PHE01B4568_001   4.790  -7.904  -3.114
LEU01B4569_001   3.658  -0.361   3.297
ALA01B4570_001   0.000   0.000   0.000
PHE01B4571_001   4.586  -6.482  -1.896
ALA01B4572_001   0.000  -1.870  -1.870
ILE01B4573_001   2.201   0.000   2.201
ASN01B4574_001   0.403  -0.255   0.148
ASN01B4574_002   0.180  -0.260  -0.079
PHE01B4575_001   4.719  -8.953  -4.234
ILE01B4576_001   3.003  -0.515   2.487
LEU01B4577_001   3.463  -2.006   1.458
LEU01B4578_001   2.062  -6.230  -4.167
PHE01B4579_001   4.732  -2.762   1.970
TYR01B4580_001   4.361  -3.715   0.646
TYR01B4580_002   4.361  -3.715   0.646
TYR-1B4580_003   4.361  -3.715   0.646
LYS01B4581_001   0.970  -6.543  -5.573
LYS+1B4581_002   0.924  -6.543  -5.619
VAL01B4582_001   0.404  -5.731  -5.327
SER01B4583_001   0.000  -0.548  -0.548
SER01B4583_002   0.000  -0.548  -0.548
ASP01B4584_001  -0.040  -3.718  -3.758
ASP01B4584_002  -0.040  -3.718  -3.758
ASP02B4584_003  -0.009  -3.690  -3.698
ASP02B4584_004  -0.009  -3.690  -3.698
ASP-1B4584_005  -0.040  -3.669  -3.710
SER01B4585_001   0.000  -3.203  -3.203
SER01B4585_002   0.000  -3.203  -3.203
PRO01B4586_001   0.264  -5.149  -4.884
PRO01B4587_001   0.246  -4.424  -4.177
CTR01B4587_001  -0.021  -4.720  -4.741
CTR01B4587_002   0.088  -4.740  -4.652
CTR02B4587_003  -0.022  -4.566  -4.588
CTR02B4587_004   0.032  -4.779  -4.747
CTR-1B4587_005   0.000  -4.566  -4.566
NTR01B4626_001  -0.003  -3.725  -3.728
NTR+1B4626_002  -0.005  -3.725  -3.730
ASN01B4626_001  -0.020  -3.179  -3.199
MET01B4627_001   0.140  -4.825  -4.685
VAL01B4628_001   0.595  -2.711  -2.116
TYR01B4629_001   4.542  -8.066  -3.523
TYR-1B4629_002   4.542  -8.066  -3.523
TYR01B4630_001   4.696  -3.924   0.773
TYR01B4630_002   4.696  -3.924   0.773
TYR-1B4630_003   4.696  -3.924   0.773
PHE01B4631_001   4.746  -3.028   1.718
LEU01B4632_001   1.909  -4.697  -2.789
GLU01B4633_001   2.901  -2.520   0.381
GLU01B4633_002   2.901  -2.520   0.381
GLU02B4633_003   2.304  -2.502  -0.198
GLU02B4633_004   2.304  -2.502  -0.198
GLU-1B4633_005   2.241  -2.515  -0.274
GLU01B4634_001   2.344  -1.264   1.080
GLU01B4634_002   2.344  -1.264   1.080
GLU02B4634_003   1.850  -1.225   0.625
GLU02B4634_004   1.850  -1.225   0.625
GLU-1B4634_005   1.793  -1.214   0.578
SER01B4635_001   0.000  -4.920  -4.920
SER01B4635_002   0.000  -4.920  -4.920
THR01B4636_001   0.192  -2.658  -2.466
THR01B4636_002   0.192  -2.658  -2.466
THR01B4636_003   0.192  -2.658  -2.466
TYR01B4638_001   4.716  -8.708  -3.991
TYR-1B4638_002   4.716  -8.708  -3.991
MET01B4639_001  11.132   0.000  11.132
GLU01B4640_001   2.143  -2.173  -0.030
GLU01B4640_002   2.143  -2.173  -0.030
GLU02B4640_003   1.766  -2.305  -0.538
GLU02B4640_004   1.766  -2.305  -0.538
GLU-1B4640_005   1.668  -2.282  -0.614
PRO01B4641_001   0.253  -6.006  -5.753
ALA01B4642_001   0.000  -2.369  -2.369
LEU01B4643_001   2.965  -1.475   1.491
TRP01B4644_001   2.950  -9.881  -6.931
CYS01B4645_001  -0.002  -3.857  -3.859
CYS01B4645_002  -0.002  -3.857  -3.859
CYS01B4645_003  -0.002  -3.857  -3.859
CYS-1B4645_004   0.000  -3.857  -3.857
LEU01B4646_001   1.471  -3.091  -1.620
SER01B4647_001   0.000   0.000   0.000
SER01B4647_002   0.000   0.000   0.000
SER01B4647_003   0.000   0.000   0.000
LEU01B4648_001   2.516  -5.338  -2.821
LEU01B4649_001   1.835  -3.622  -1.787
HIS01B4650_001  -0.158   0.000  -0.158
HIS02B4650_002  -0.176   0.000  -0.176
HIS+1B4650_003  -0.203   0.000  -0.203
THR01B4651_001   0.260  -1.531  -1.272
THR01B4651_002   0.260  -1.531  -1.272
LEU01B4652_001   3.677  -4.874  -1.198
VAL01B4653_001   0.700  -0.309   0.391
ALA01B4654_001   0.000   0.000   0.000
PHE01B4655_001   4.832  -8.114  -3.282
LEU01B4656_001   2.042  -2.196  -0.154
CYS01B4657_001  -0.002   0.000  -0.002
CYS01B4657_002  -0.002   0.000  -0.002
CYS01B4657_003  -0.002   0.000  -0.002
CYS-1B4657_004   0.000   0.000   0.000
ILE01B4658_001   2.646  -2.521   0.125
ILE01B4659_001   3.133  -2.711   0.422
TYR01B4661_001   4.826  -0.202   4.624
TYR01B4661_002   4.826  -0.202   4.624
TYR-1B4661_003   4.826  -0.202   4.624
ASN01B4662_001   0.160  -1.964  -1.804
ASN01B4662_002  -0.002  -1.826  -1.828
CYS01B4663_001  -0.002  -1.361  -1.362
CYS01B4663_002  -0.002  -1.361  -1.362
CYS01B4663_003  -0.002  -1.361  -1.363
CYS-1B4663_004   0.000  -1.361  -1.361
LEU01B4664_001   1.569  -3.361  -1.792
LYS01B4665_001   2.242  -5.068  -2.827
LYS+1B4665_002   2.152  -5.068  -2.916
VAL01B4666_001   0.362  -1.133  -0.771
PRO01B4667_001   0.255  -4.343  -4.088
CTR01B4667_001  -0.021  -1.448  -1.469
CTR01B4667_002   0.130  -1.487  -1.357
CTR02B4667_003  -0.022  -1.448  -1.470
CTR02B4667_004   0.053  -1.583  -1.530
CTR-1B4667_005   0.000  -1.448  -1.448
NTR01B4670_001  -0.003  -0.964  -0.966
NTR+1B4670_002  -0.005  -0.964  -0.968
CTR01B4670_001  -0.021  -1.100  -1.121
CTR02B4670_002  -0.022  -1.100  -1.123
CTR02B4670_003   0.043  -1.139  -1.097
CTR-1B4670_004   0.000  -1.100  -1.100
ILE01B4670_001   2.196  -0.618   1.578
NTR01B4673_001  -0.003  -1.477  -1.480
NTR+1B4673_002  -0.005  -1.477  -1.482
ARG01B4673_001   3.013  -1.903   1.110
ARG02B4673_002   2.966  -1.903   1.063
ARG02B4673_003   2.970  -1.903   1.067
ARG03B4673_004   2.974  -1.903   1.071
ARG03B4673_005   3.041  -1.903   1.138
ARG+1B4673_006   2.926  -1.903   1.023
GLU01B4674_001   2.460  -0.137   2.323
GLU01B4674_002   2.460  -0.137   2.323
GLU02B4674_003   1.992  -0.099   1.893
GLU02B4674_004   1.992  -0.099   1.893
GLU-1B4674_005   1.913  -0.099   1.814
CTR01B4674_001  -0.021  -1.390  -1.411
CTR01B4674_002   0.100  -1.564  -1.464
CTR02B4674_003  -0.022  -1.448  -1.470
CTR02B4674_004   0.039  -1.467  -1.428
CTR-1B4674_005   0.000  -1.390  -1.390
NTR01B4676_001  -0.003  -1.849  -1.852
NTR+1B4676_002  -0.005  -1.849  -1.853
CTR01B4676_001  -0.021  -1.352  -1.373
CTR01B4676_002   0.098  -1.255  -1.157
CTR02B4676_003  -0.022  -1.255  -1.277
CTR02B4676_004   0.038  -1.236  -1.198
CTR-1B4676_005   0.000  -1.255  -1.255
GLU01B4676_001   3.408  -2.145   1.263
GLU01B4676_002   3.408  -2.145   1.263
GLU02B4676_003   2.718  -2.176   0.541
GLU02B4676_004   2.718  -2.176   0.541
GLU-1B4676_005   2.653  -2.084   0.569
NTR01B4680_001  -0.003  -0.707  -0.710
NTR+1B4680_002  -0.005  -0.707  -0.712
LYS01B4680_001   0.989  -6.415  -5.426
LYS+1B4680_002   0.942  -6.415  -5.473
LEU01B4681_001   1.431  -0.979   0.452
GLU01B4682_001   2.262  -0.921   1.341
GLU01B4682_002   2.262  -0.921   1.341
GLU02B4682_003   1.849  -0.956   0.893
GLU02B4682_004   1.849  -0.956   0.893
GLU-1B4682_005   1.760  -0.917   0.843
PHE01B4683_001   4.773 -10.565  -5.792
ASP01B4684_001   0.239  -2.279  -2.040
ASP01B4684_002   0.239  -2.279  -2.040
ASP02B4684_003   0.342  -2.249  -1.908
ASP02B4684_004   0.342  -2.249  -1.908
ASP-1B4684_005   0.228  -2.171  -1.943
LEU01B4686_001   2.029  -2.366  -0.337
TYR01B4687_001   5.000  -0.607   4.393
TYR01B4687_002   5.000  -0.607   4.393
TYR-1B4687_003   5.000  -0.607   4.393
ILE01B4688_001   1.951   0.000   1.951
THR01B4689_001   0.225  -2.961  -2.736
GLU01B4690_001   3.867  -3.085   0.783
GLU01B4690_002   3.867  -3.085   0.783
GLU02B4690_003   3.086  -3.072   0.014
GLU02B4690_004   3.086  -3.072   0.014
GLU-1B4690_005   3.020  -2.997   0.022
GLN01B4691_001   1.298  -2.791  -1.493
GLN01B4691_002   1.827  -2.802  -0.975
PRO01B4692_001   0.393  -0.100   0.293
ASP01B4694_001   0.137  -2.175  -2.039
ASP01B4694_002   0.137  -2.175  -2.039
ASP02B4694_003   0.215  -2.117  -1.902
ASP02B4694_004   0.215  -2.117  -1.902
ASP-1B4694_005   0.128  -2.161  -2.033
ASP01B4695_001   0.161  -3.216  -3.055
ASP01B4695_002   0.161  -3.216  -3.055
ASP02B4695_003   0.247  -3.357  -3.110
ASP02B4695_004   0.247  -3.357  -3.110
ASP-1B4695_005   0.152  -3.256  -3.104
ASP01B4696_001   0.167  -3.177  -3.010
ASP01B4696_002   0.167  -3.177  -3.010
ASP02B4696_003   0.252  -3.153  -2.901
ASP02B4696_004   0.252  -3.153  -2.901
ASP-1B4696_005   0.158  -3.101  -2.943
VAL01B4697_001   0.626  -7.118  -6.492
LYS01B4698_001   1.184  -6.084  -4.900
LYS+1B4698_002   1.136  -6.084  -4.948
GLN01B4700_001   1.141  -1.891  -0.750
GLN01B4700_002   0.896  -2.054  -1.158
TRP01B4701_001   3.197  -4.670  -1.473
ASP01B4702_001   0.114  -0.276  -0.161
ASP01B4702_002   0.114  -0.276  -0.161
ASP02B4702_003   0.191  -0.254  -0.063
ASP02B4702_004   0.191  -0.254  -0.063
ASP-1B4702_005   0.108  -0.276  -0.168
ARG01B4703_001   2.655  -4.784  -2.129
ARG02B4703_002   2.610  -4.784  -2.174
ARG03B4703_003   2.698  -4.784  -2.087
ARG+1B4703_004   2.565  -4.784  -2.219
LEU01B4704_001   3.642  -3.123   0.519
VAL01B4705_001   0.642   0.000   0.642
LEU01B4706_001   1.614  -0.412   1.202
ASN01B4707_001   0.485  -1.450  -0.964
THR01B4708_001   0.257  -0.309  -0.052
THR01B4708_002   0.257  -0.309  -0.052
PRO01B4709_001   0.260  -4.309  -4.048
SER01B4710_001   0.000  -1.372  -1.372
SER01B4710_002   0.000  -1.372  -1.372
SER01B4710_003   0.000  -1.372  -1.372
PHE01B4711_001   4.997  -0.606   4.390
PRO01B4712_001   0.358  -0.103   0.255
SER01B4713_001   0.000  -1.597  -1.597
SER01B4713_002   0.000  -1.597  -1.597
ASN01B4714_001   0.152  -1.708  -1.556
ASN01B4714_002  -0.005  -1.939  -1.944
TYR01B4715_001   5.128  -7.289  -2.161
TYR-1B4715_002   5.128  -7.289  -2.161
CTR01B4715_001  -0.021  -2.046  -2.068
CTR01B4715_002   0.116  -2.008  -1.892
CTR02B4715_003  -0.022  -2.182  -2.204
CTR02B4715_004   0.047  -2.162  -2.116
CTR-1B4715_005   0.000  -2.046  -2.046
NTR01B4717_001  -0.003  -1.289  -1.292
NTR+1B4717_002  -0.005  -1.289  -1.294
ASP01B4717_001   0.327  -1.579  -1.252
ASP01B4717_002   0.327  -1.579  -1.252
ASP02B4717_003   0.351  -1.464  -1.112
ASP02B4717_004   0.351  -1.464  -1.112
ASP-1B4717_005   0.270  -1.455  -1.185
LYS01B4718_001   0.627  -2.691  -2.064
LYS+1B4718_002   0.584  -2.691  -2.107
PHE01B4719_001   4.929  -3.389   1.540
VAL01B4720_001   0.708  -1.751  -1.043
LYS01B4721_001   0.744  -0.876  -0.132
LYS+1B4721_002   0.698  -0.876  -0.178
ARG01B4722_001   3.186  -6.703  -3.517
ARG02B4722_002   3.137  -6.703  -3.566
ARG03B4722_003   3.139  -6.703  -3.564
ARG+1B4722_004   3.092  -6.703  -3.611
LYS01B4723_001   1.290  -5.797  -4.507
LYS+1B4723_002   1.242  -5.797  -4.555
VAL01B4724_001   0.719   0.000   0.719
LEU01B4725_001   2.545  -0.876   1.670
ASP01B4726_001   0.081  -3.289  -3.209
ASP01B4726_002   0.081  -3.289  -3.209
ASP02B4726_003   0.154  -3.148  -2.994
ASP02B4726_004   0.154  -3.148  -2.994
ASP-1B4726_005   0.077  -3.114  -3.037
LYS01B4727_001   1.255  -4.135  -2.880
LYS+1B4727_002   1.207  -4.135  -2.928
HIS01B4728_001  -0.098  -1.011  -1.109
HIS01B4728_002  -0.040  -1.379  -1.419
HIS02B4728_003  -0.118  -1.011  -1.129
HIS02B4728_004  -0.053  -1.379  -1.432
HIS+1B4728_005  -0.145  -1.011  -1.156
HIS+1B4728_006  -0.079  -1.379  -1.458
ASP01B4730_001   0.081  -3.506  -3.425
ASP01B4730_002   0.081  -3.506  -3.425
ASP02B4730_003   0.154  -3.562  -3.407
ASP02B4730_004   0.154  -3.562  -3.407
ASP-1B4730_005   0.077  -3.394  -3.316
ILE01B4731_001   3.001  -4.974  -1.973
PHE01B4732_001   4.156  -4.557  -0.401
ARG01B4734_001   2.011  -8.095  -6.084
ARG02B4734_002   1.987  -8.095  -6.108
ARG03B4734_003   2.083  -8.095  -6.012
ARG+1B4734_004   1.948  -8.095  -6.147
GLU01B4735_001   3.872  -2.969   0.903
GLU01B4735_002   3.872  -2.969   0.903
GLU02B4735_003   3.115  -3.009   0.105
GLU02B4735_004   3.115  -3.009   0.105
GLU-1B4735_005   3.037  -2.940   0.096
ARG01B4736_001   3.555  -8.899  -5.344
ARG02B4736_002   3.507  -8.899  -5.392
ARG03B4736_003   3.595  -8.899  -5.304
ARG+1B4736_004   3.461  -8.899  -5.438
ILE01B4737_001   1.928   0.000   1.928
ALA01B4738_001   0.000  -0.103  -0.103
GLU01B4739_001   4.052  -2.415   1.637
GLU01B4739_002   4.052  -2.415   1.637
GLU02B4739_003   3.265  -2.477   0.788
GLU02B4739_004   3.265  -2.477   0.788
GLU-1B4739_005   3.189  -2.423   0.766
LEU01B4740_001   1.970  -2.386  -0.415
LEU01B4741_001   1.667   0.000   1.667
MET01B4743_001   0.268  -0.767  -0.499
ASP01B4744_001  -0.040  -2.249  -2.289
ASP01B4744_002  -0.040  -2.249  -2.289
ASP02B4744_003  -0.008  -2.221  -2.229
ASP02B4744_004  -0.008  -2.221  -2.229
ASP-1B4744_005  -0.040  -2.148  -2.189
LEU01B4745_001   1.460  -6.162  -4.702
ALA01B4746_001   0.000  -0.979  -0.979
SER01B4747_001   0.000  -1.587  -1.587
LEU01B4748_001   1.460  -5.801  -4.341
GLU01B4749_001   0.497  -1.787  -1.291
GLU01B4749_002   0.497  -1.787  -1.291
GLU02B4749_003   0.662  -1.819  -1.157
GLU02B4749_004   0.662  -1.819  -1.157
GLU-1B4749_005   0.465  -1.792  -1.326
ILE01B4750_001   0.939  -2.266  -1.328
THR01B4751_001   0.152  -5.142  -4.989
THR01B4751_002   0.152  -5.142  -4.989
ALA01B4752_001   0.000  -2.814  -2.814
HIS01B4753_001  -0.354  -0.608  -0.961
HIS02B4753_002  -0.363  -0.608  -0.971
HIS+1B4753_003  -0.382  -0.608  -0.990
ASN01B4754_001  -0.020  -0.699  -0.718
ASN01B4754_002  -0.090  -0.571  -0.661
GLU01B4755_001   0.498  -1.667  -1.169
GLU01B4755_002   0.498  -1.667  -1.169
GLU02B4755_003   0.664  -1.622  -0.958
GLU02B4755_004   0.664  -1.622  -0.958
GLU-1B4755_005   0.467  -1.585  -1.118
ARG01B4756_0011192.218  -5.0591187.159
ARG02B4756_0021192.199  -5.0591187.140
ARG02B4756_0031192.201  -5.0591187.142
ARG03B4756_0041192.233  -5.0591187.175
ARG03B4756_005 191.263  -5.059 186.204
ARG+1B4756_0061192.167  -5.0591187.109
LYS01B4757_001   3.787  -2.046   1.741
LYS+1B4757_002   3.693  -2.046   1.647
PRO01B4758_001   0.248  -4.858  -4.610
ASP01B4759_001  -0.040  -2.954  -2.994
ASP01B4759_002  -0.040  -2.954  -2.994
ASP02B4759_003  -0.009  -3.107  -3.116
ASP02B4759_004  -0.009  -3.107  -3.116
ASP-1B4759_005  -0.041  -2.963  -3.004
PRO01B4760_001   0.236  -6.814  -6.577
PRO01B4761_001   0.244  -7.002  -6.758
PRO01B4762_001   0.230  -5.615  -5.384
LEU01B4764_001   1.455  -4.910  -3.455
LEU01B4765_001   1.449  -4.771  -3.322
THR01B4766_001   0.211  -5.130  -4.919
THR01B4766_002   0.211  -5.130  -4.919
TRP01B4767_001   3.044  -7.118  -4.075
LEU01B4768_001   3.243  -7.138  -3.895
MET01B4769_001   0.203  -9.595  -9.392
SER01B4770_001   0.000  -3.365  -3.365
ILE01B4771_001   2.148  -4.530  -2.381
ASP01B4772_001   0.198  -2.260  -2.062
ASP01B4772_002   0.198  -2.260  -2.062
ASP02B4772_003   0.283  -2.264  -1.980
ASP02B4772_004   0.283  -2.264  -1.980
ASP-1B4772_005   0.185  -2.274  -2.089
VAL01B4773_001   0.689  -5.528  -4.839
LYS01B4774_001   0.957  -6.215  -5.258
LYS+1B4774_002   0.910  -6.215  -5.305
TYR01B4775_001   4.739  -0.505   4.234
TYR01B4775_002   4.739  -0.505   4.234
TYR-1B4775_003   4.739  -0.505   4.234
GLN01B4776_001   0.899  -1.906  -1.007
GLN01B4776_002   0.751  -1.745  -0.993
ILE01B4777_001   2.954  -4.340  -1.386
TRP01B4778_001   3.539   0.000   3.539
LYS01B4779_001   1.395  -3.009  -1.614
LYS+1B4779_002   1.349  -3.009  -1.660
PHE01B4780_001   4.706  -5.742  -1.036
VAL01B4782_001   1.060  -0.325   0.735
ILE01B4783_001   2.208  -1.114   1.094
PHE01B4784_001   4.213  -6.775  -2.562
THR01B4785_001   0.193  -2.491  -2.298
THR01B4785_002   0.193  -2.491  -2.298
ASP01B4786_001   0.332  -1.330  -0.998
ASP01B4786_002   0.332  -1.330  -0.998
ASP02B4786_003   0.371  -1.266  -0.895
ASP02B4786_004   0.371  -1.266  -0.895
ASP-1B4786_005   0.281  -1.266  -0.985
ASN01B4787_001   0.420  -3.778  -3.358
ASN01B4787_002   0.187  -3.734  -3.547
SER01B4788_001   0.000  -2.975  -2.975
SER01B4788_002   0.000  -2.975  -2.975
PHE01B4789_001   5.023  -1.955   3.068
LEU01B4790_001   1.784  -5.457  -3.673
TYR01B4791_001   5.066  -3.851   1.215
TYR01B4791_002   5.066  -3.851   1.215
TYR-1B4791_003   5.066  -3.851   1.215
LEU01B4792_001   1.235  -0.515   0.720
TRP01B4794_001   3.340  -9.705  -6.366
TYR01B4795_001   5.035  -0.253   4.782
TYR01B4795_002   5.035  -0.253   4.782
TYR-1B4795_003   5.035  -0.253   4.782
MET01B4796_001   6.336  -1.305   5.031
VAL01B4797_001   0.617  -3.603  -2.986
MET01B4798_001  -0.019  -1.433  -1.452
SER01B4799_001   0.000   0.000   0.000
SER01B4799_002   0.000   0.000   0.000
SER01B4799_003   0.000   0.000   0.000
LEU01B4800_001   2.215  -6.297  -4.082
LEU01B4801_001   1.521  -3.194  -1.673
HIS01B4803_001  -0.170  -2.919  -3.089
HIS01B4803_002  -0.128  -3.078  -3.206
HIS02B4803_003  -0.188  -2.919  -3.107
HIS02B4803_004  -0.142  -3.078  -3.219
HIS+1B4803_005  -0.215  -2.919  -3.134
HIS+1B4803_006  -0.168  -3.078  -3.246
TYR01B4804_001   4.142  -8.849  -4.707
TYR01B4804_002   4.142  -8.849  -4.707
TYR-1B4804_003   4.142  -8.849  -4.707
ASN01B4805_001   0.147  -1.931  -1.784
ASN01B4805_002  -0.010  -1.747  -1.757
ASN01B4806_001   0.431  -1.880  -1.449
ASN01B4806_002   0.205  -1.737  -1.533
PHE01B4807_001   4.773 -10.862  -6.089
PHE01B4808_001   4.928  -3.133   1.796
PHE01B4809_001   4.311  -0.404   3.907
ALA01B4810_001   0.000  -1.697  -1.697
ALA01B4811_001   0.000  -1.236  -1.236
HIS01B4812_001  -0.121   0.000  -0.121
HIS02B4812_002  -0.141   0.000  -0.141
HIS+1B4812_003  -0.167   0.000  -0.167
LEU01B4813_001   1.990  -3.432  -1.442
LEU01B4814_001   1.571  -8.667  -7.096
ASP01B4815_001   0.366  -0.218   0.148
ASP01B4815_002   0.366  -0.218   0.148
ASP02B4815_003   0.470  -0.285   0.185
ASP02B4815_004   0.470  -0.285   0.185
ASP-1B4815_005   0.339  -0.211   0.128
ILE01B4816_001   2.895  -0.412   2.483
ALA01B4817_001   0.000  -2.592  -2.592
MET01B4818_001  -0.008  -5.855  -5.863
VAL01B4820_001   0.762  -4.478  -3.717
LYS01B4821_001   1.685 -10.972  -9.287
LYS+1B4821_002   1.638 -10.972  -9.334
CTR01B4821_001  -0.021  -0.811  -0.832
CTR01B4821_002   0.100  -0.772  -0.672
CTR02B4821_003  -0.022  -0.869  -0.891
CTR02B4821_004   0.039  -0.888  -0.850
CTR-1B4821_005   0.000  -0.811  -0.811
NTR01B4823_001  -0.003  -0.684  -0.687
NTR+1B4823_002  -0.005  -0.684  -0.689
LEU01B4823_001   1.168  -7.569  -6.401
ARG01B4824_001   2.581  -6.777  -4.196
ARG02B4824_002   2.508  -6.777  -4.269
ARG03B4824_003   2.569  -6.777  -4.208
ARG+1B4824_004   2.464  -6.777  -4.313
CTR01B4824_001  -0.021  -5.068  -5.089
CTR01B4824_002   0.104  -5.029  -4.926
CTR02B4824_003  -0.022  -4.875  -4.897
CTR02B4824_004   0.040  -4.914  -4.874
CTR-1B4824_005   0.000  -4.875  -4.875
NTR01B4839_001  -0.003  -2.120  -2.123
NTR01B4839_002  -0.002  -2.120  -2.122
NTR+1B4839_003  -0.005  -2.120  -2.125
CTR01B4839_001  -0.021  -2.635  -2.656
CTR01B4839_002   0.102  -2.500  -2.398
CTR02B4839_003  -0.022  -2.674  -2.696
CTR02B4839_004   0.040  -2.500  -2.460
CTR-1B4839_005   0.000  -2.500  -2.500
MET01B4839_001  -0.015 -11.594 -11.609
NTG01B4842_001  -0.005  -3.074  -3.079
NTG+1B4842_002  -0.010  -3.074  -3.084
LEU01B4843_001   2.987  -8.132  -5.145
LEU01B4844_001   3.510  -7.601  -4.091
ALA01B4845_001   0.000  -3.020  -3.020
VAL01B4846_001   0.603  -4.993  -4.390
VAL01B4847_001   0.777  -2.421  -1.644
VAL01B4848_001   1.149  -0.206   0.943
TYR01B4849_001   4.678  -7.402  -2.724
TYR01B4849_002   4.678  -7.402  -2.724
TYR-1B4849_003   4.678  -7.402  -2.724
LEU01B4850_001   1.313  -6.004  -4.691
TYR01B4851_001   4.299  -2.703   1.596
TYR01B4851_002   4.299  -2.703   1.596
TYR-1B4851_003   4.299  -2.703   1.596
THR01B4852_001   0.245   0.000   0.245
THR01B4852_002   0.245   0.000   0.245
THR01B4852_003   0.245   0.000   0.245
VAL01B4853_001   0.572  -3.261  -2.689
VAL01B4854_001   0.642  -2.093  -1.451
ALA01B4855_001   0.000  -0.155  -0.155
PHE01B4856_001   4.738  -2.140   2.598
ASN01B4857_001   0.388  -2.270  -1.882
ASN01B4857_002   0.176  -2.092  -1.916
PHE01B4858_001   4.264  -9.241  -4.977
PHE01B4859_001   4.308  -0.828   3.480
ARG01B4860_001   3.070  -7.328  -4.258
ARG02B4860_002   3.035  -7.328  -4.292
ARG03B4860_003   3.038  -7.328  -4.290
ARG+1B4860_004   2.990  -7.328  -4.338
LYS01B4861_001   2.321  -4.755  -2.434
LYS+1B4861_002   2.264  -4.755  -2.492
PHE01B4862_001   5.172  -1.903   3.269
TYR01B4863_001   4.228  -0.051   4.178
TYR01B4863_002   4.228  -0.051   4.178
TYR-1B4863_003   4.228  -0.051   4.178
ASN01B4864_001   0.249  -1.304  -1.055
ASN01B4864_002   0.438  -1.196  -0.758
LYS01B4865_001   2.007  -1.427   0.579
LYS+1B4865_002   1.960  -1.427   0.533
SER01B4866_001   0.000  -3.716  -3.716
GLU01B4867_001   3.143  -2.224   0.919
GLU01B4867_002   3.143  -2.224   0.919
GLU02B4867_003   2.545  -2.352   0.194
GLU02B4867_004   2.545  -2.352   0.194
GLU-1B4867_005   2.463  -2.182   0.281
ASP01B4868_001   0.383  -3.991  -3.608
ASP01B4868_002   0.383  -3.991  -3.608
ASP02B4868_003   0.439  -3.917  -3.478
ASP02B4868_004   0.439  -3.917  -3.478
ASP-1B4868_005   0.333  -3.798  -3.465
GLU01B4869_001   1.587  -3.977  -2.390
GLU01B4869_002   1.587  -3.977  -2.390
GLU02B4869_003   1.316  -3.962  -2.646
GLU02B4869_004   1.316  -3.962  -2.646
GLU-1B4869_005   1.225  -3.940  -2.715
ASP01B4870_001   0.198  -3.005  -2.806
ASP01B4870_002   0.198  -3.005  -2.806
ASP02B4870_003   0.290  -3.115  -2.825
ASP02B4870_004   0.290  -3.115  -2.825
ASP-1B4870_005   0.188  -2.998  -2.810
GLU01B4871_001   3.136  -1.484   1.652
GLU01B4871_002   3.136  -1.484   1.652
GLU02B4871_003   2.505  -1.432   1.073
GLU02B4871_004   2.505  -1.432   1.073
GLU-1B4871_005   2.432  -1.438   0.993
CTR01B4871_001  -0.021  -1.004  -1.025
CTR01B4871_002   0.092  -1.043  -0.950
CTR02B4871_003  -0.022  -1.004  -1.026
CTR02B4871_004   0.036  -1.004  -0.968
CTR-1B4871_005   0.000  -1.004  -1.004
NTR01B4872_001  -0.002  -0.557  -0.559
NTR+1B4872_002  -0.004  -0.557  -0.561
PRO01B4872_001   0.264  -5.611  -5.348
ASP01B4873_001   0.072  -1.844  -1.772
ASP01B4873_002   0.072  -1.844  -1.772
ASP02B4873_003   0.143  -1.899  -1.757
ASP02B4873_004   0.143  -1.899  -1.757
ASP-1B4873_005   0.068  -1.761  -1.693
MET01B4874_001   0.624  -1.358  -0.734
LYS01B4875_001   1.381  -1.715  -0.335
LYS+1B4875_002   1.314  -1.715  -0.402
CYS01B4876_001  -0.002   0.000  -0.002
CYS01B4876_002  -0.002   0.000  -0.002
CYS01B4876_003  -0.003   0.000  -0.003
CYS-1B4876_004   0.000   0.000   0.000
ASP01B4877_001   0.137  -2.034  -1.898
ASP01B4877_002   0.137  -2.034  -1.898
ASP02B4877_003   0.214  -1.919  -1.705
ASP02B4877_004   0.214  -1.919  -1.705
ASP-1B4877_005   0.128  -1.882  -1.754
ASP01B4878_001  -0.040  -2.053  -2.094
ASP01B4878_002  -0.040  -2.053  -2.094
ASP02B4878_003  -0.009  -2.141  -2.150
ASP02B4878_004  -0.009  -2.141  -2.150
ASP-1B4878_005  -0.040  -2.053  -2.094
MET01B4879_001  -0.031  -3.887  -3.918
MET01B4880_001   1.250  -9.697  -8.447
THR01B4881_001   0.279  -2.224  -1.945
THR01B4881_002   0.279  -2.224  -1.945
THR01B4881_003   0.279  -2.224  -1.945
CYS01B4882_001  -0.002   0.000  -0.002
CYS01B4882_002  -0.002   0.000  -0.002
CYS01B4882_003  -0.003   0.000  -0.003
CYS-1B4882_004   0.000   0.000   0.000
TYR01B4883_001   5.069  -2.172   2.896
TYR-1B4883_002   5.069  -2.172   2.896
LEU01B4884_001   2.292  -7.070  -4.778
PHE01B4885_001   4.869  -1.061   3.808
HIS01B4886_001  -0.153   0.000  -0.153
HIS01B4886_002  -0.114   0.000  -0.114
HIS02B4886_003  -0.171   0.000  -0.171
HIS02B4886_004  -0.127   0.000  -0.127
HIS+1B4886_005  -0.198   0.000  -0.198
HIS+1B4886_006  -0.154   0.000  -0.154
MET01B4887_001   0.648  -3.803  -3.155
TYR01B4888_001   4.600  -9.144  -4.544
TYR-1B4888_002   4.600  -9.144  -4.544
VAL01B4889_001   0.662  -0.412   0.249
VAL01B4891_001   0.812  -2.112  -1.300
ARG01B4892_001   4.402  -7.444  -3.042
ARG02B4892_002   4.347  -7.444  -3.098
ARG03B4892_003   4.441  -7.444  -3.003
ARG+1B4892_004   4.306  -7.444  -3.138
ALA01B4893_001   0.000  -0.052  -0.052
ILE01B4897_001   1.835  -0.341   1.494
ASP01B4899_001   0.164  -2.293  -2.129
ASP01B4899_002   0.164  -2.293  -2.129
ASP02B4899_003   0.246  -2.167  -1.921
ASP02B4899_004   0.246  -2.167  -1.921
ASP-1B4899_005   0.154  -2.145  -1.991
GLU01B4900_001   3.328  -1.192   2.136
GLU01B4900_002   3.328  -1.192   2.136
GLU02B4900_003   2.661  -1.310   1.351
GLU02B4900_004   2.661  -1.310   1.351
GLU-1B4900_005   2.597  -1.192   1.405
ILE01B4901_001   3.566  -0.515   3.051
GLU01B4902_001   3.081  -1.763   1.318
GLU01B4902_002   3.081  -1.763   1.318
GLU02B4902_003   2.455  -1.727   0.728
GLU02B4902_004   2.455  -1.727   0.728
GLU-1B4902_005   2.385  -1.679   0.705
ASP01B4903_001   0.079  -2.947  -2.868
ASP01B4903_002   0.079  -2.947  -2.868
ASP02B4903_003   0.153  -3.057  -2.904
ASP02B4903_004   0.153  -3.057  -2.904
ASP-1B4903_005   0.076  -2.971  -2.895
PRO01B4904_001   0.258  -1.377  -1.119
ALA01B4905_001   0.000  -3.294  -3.294
ASP01B4907_001  -0.040  -3.269  -3.309
ASP01B4907_002  -0.040  -3.269  -3.309
ASP02B4907_003  -0.009  -3.333  -3.342
ASP02B4907_004  -0.009  -3.333  -3.342
ASP-1B4907_005  -0.041  -3.233  -3.274
GLU01B4908_001   0.500  -2.465  -1.965
GLU01B4908_002   0.500  -2.465  -1.965
GLU02B4908_003   0.666  -2.621  -1.955
GLU02B4908_004   0.666  -2.621  -1.955
GLU-1B4908_005   0.468  -2.459  -1.991
TYR01B4909_001   4.119  -8.342  -4.222
TYR01B4909_002   4.119  -8.342  -4.222
TYR-1B4909_003   4.119  -8.342  -4.222
GLU01B4910_001   0.500  -1.495  -0.995
GLU01B4910_002   0.500  -1.495  -0.995
GLU02B4910_003   0.667  -1.635  -0.969
GLU02B4910_004   0.667  -1.635  -0.969
GLU-1B4910_005   0.468  -1.473  -1.004
LEU01B4911_001   3.528  -8.393  -4.865
TYR01B4912_001   4.480  -8.478  -3.998
TYR01B4912_002   4.480  -8.478  -3.998
TYR-1B4912_003   4.480  -8.478  -3.998
ARG01B4913_001   1.700  -0.331   1.369
ARG02B4913_002   1.681  -0.331   1.350
ARG03B4913_003   1.685  -0.331   1.354
ARG+1B4913_004   1.638  -0.331   1.307
VAL01B4914_001   0.649  -4.462  -3.814
VAL01B4915_001   0.680  -5.457  -4.777
PHE01B4916_001   4.791  -1.925   2.866
ASP01B4917_001   0.352  -0.526  -0.174
ASP01B4917_002   0.352  -0.526  -0.174
ASP02B4917_003   0.413  -0.542  -0.129
ASP02B4917_004   0.413  -0.542  -0.129
ASP-1B4917_005   0.308  -0.521  -0.213
ILE01B4918_001   3.985  -6.571  -2.586
THR01B4919_001   0.238  -2.248  -2.011
PHE01B4920_001   5.190  -0.338   4.852
PHE01B4921_001   4.818  -5.020  -0.202
PHE01B4922_001   5.106  -7.656  -2.551
PHE01B4923_001   4.570  -4.663  -0.093
CTR01B4923_001  -0.021  -3.494  -3.515
CTR01B4923_002   0.102  -3.475  -3.374
CTR02B4923_003  -0.022  -3.417  -3.439
CTR02B4923_004   0.040  -3.572  -3.532
CTR-1B4923_005   0.000  -3.417  -3.417
NTR01B4926_001  -0.003  -1.896  -1.899
NTR+1B4926_002  -0.005  -1.896  -1.901
CTR01B4926_001  -0.021  -4.856  -4.877
CTR01B4926_002   0.106  -5.088  -4.981
CTR02B4926_003  -0.022  -4.798  -4.820
CTR02B4926_004   0.042  -5.049  -5.007
CTR-1B4926_005   0.000  -4.798  -4.798
VAL01B4926_001   0.542  -4.514  -3.972
_CA+2B5102_001   0.000  -8.251  -8.251
