  pH           0     1     2     3     4     5     6     7     8     9    10    11    12    13    14
NTR+B3639_  1.00  1.00  1.00  1.00  1.00  1.00  0.97  0.81  0.31  0.05  0.01  0.00  0.00  0.00  0.00
TYR-B3642_ -0.00 -0.00 -0.00 -0.00 -0.00 -0.00 -0.00 -0.00 -0.02 -0.15 -0.62 -0.94 -1.00 -1.00 -1.00
HIS+B3647_  1.00  1.00  1.00  1.00  0.97  0.79  0.29  0.04  0.00  0.00  0.00  0.00  0.00  0.00  0.00
ARG+B3648_  1.00  1.00  1.00  1.00  1.00  1.00  1.00  1.00  1.00  1.00  1.00  1.00  0.96  0.72  0.20
CYS-B3650_ -0.00 -0.00 -0.00 -0.00 -0.00 -0.00 -0.00 -0.02 -0.14 -0.60 -0.93 -0.99 -1.00 -1.00 -1.00
GLU-B3655_ -0.00 -0.00 -0.01 -0.07 -0.36 -0.82 -0.97 -1.00 -1.00 -1.00 -1.00 -1.00 -1.00 -1.00 -1.00
TYR-B3657_ -0.00 -0.00 -0.00 -0.00 -0.00 -0.00 -0.00 -0.00 -0.00 -0.01 -0.06 -0.38 -0.85 -0.98 -1.00
LYS+B3658_  1.00  1.00  1.00  1.00  1.00  1.00  1.00  1.00  1.00  0.99  0.91  0.54  0.12  0.02  0.00
GLU-B3665_ -0.01 -0.05 -0.20 -0.55 -0.84 -0.95 -0.99 -1.00 -1.00 -1.00 -1.00 -1.00 -1.00 -1.00 -1.00
ASP-B3666_ -0.00 -0.05 -0.25 -0.60 -0.86 -0.96 -0.99 -1.00 -1.00 -1.00 -1.00 -1.00 -1.00 -1.00 -1.00
HIS+B3667_  1.00  1.00  1.00  1.00  1.00  1.00  0.99  0.96  0.80  0.39  0.06  0.01  0.00  0.00  0.00
GLU-B3670_ -0.02 -0.08 -0.20 -0.28 -0.34 -0.59 -0.86 -0.97 -1.00 -1.00 -1.00 -1.00 -1.00 -1.00 -1.00
ASP-B3671_ -0.04 -0.26 -0.71 -0.93 -0.98 -0.99 -0.99 -1.00 -1.00 -1.00 -1.00 -1.00 -1.00 -1.00 -1.00
ARG+B3672_  1.00  1.00  1.00  1.00  1.00  1.00  1.00  1.00  1.00  1.00  1.00  1.00  1.00  0.97  0.80
ASP-B3675_ -0.00 -0.00 -0.00 -0.00 -0.01 -0.03 -0.06 -0.20 -0.59 -0.92 -0.99 -1.00 -1.00 -1.00 -1.00
ASP-B3676_ -0.00 -0.00 -0.00 -0.01 -0.06 -0.28 -0.70 -0.93 -0.99 -1.00 -1.00 -1.00 -1.00 -1.00 -1.00
LYS+B3679_  1.00  1.00  1.00  1.00  1.00  1.00  1.00  1.00  1.00  1.00  0.97  0.80  0.33  0.06  0.01
GLU-B3682_ -0.00 -0.00 -0.00 -0.04 -0.22 -0.57 -0.85 -0.97 -1.00 -1.00 -1.00 -1.00 -1.00 -1.00 -1.00
GLU-B3684_ -0.00 -0.00 -0.00 -0.03 -0.16 -0.46 -0.78 -0.95 -1.00 -1.00 -1.00 -1.00 -1.00 -1.00 -1.00
GLU-B3685_ -0.00 -0.00 -0.00 -0.04 -0.29 -0.73 -0.93 -0.99 -1.00 -1.00 -1.00 -1.00 -1.00 -1.00 -1.00
GLU-B3686_ -0.00 -0.00 -0.00 -0.02 -0.14 -0.44 -0.79 -0.96 -1.00 -1.00 -1.00 -1.00 -1.00 -1.00 -1.00
GLU-B3687_ -0.00 -0.00 -0.00 -0.02 -0.09 -0.25 -0.50 -0.87 -0.99 -1.00 -1.00 -1.00 -1.00 -1.00 -1.00
GLU-B3688_ -0.00 -0.00 -0.00 -0.03 -0.16 -0.54 -0.89 -0.98 -1.00 -1.00 -1.00 -1.00 -1.00 -1.00 -1.00
GLU-B3689_ -0.00 -0.00 -0.00 -0.02 -0.13 -0.49 -0.83 -0.98 -1.00 -1.00 -1.00 -1.00 -1.00 -1.00 -1.00
GLU-B3691_ -0.00 -0.00 -0.00 -0.02 -0.12 -0.46 -0.87 -0.98 -1.00 -1.00 -1.00 -1.00 -1.00 -1.00 -1.00
GLU-B3692_ -0.00 -0.00 -0.00 -0.01 -0.07 -0.29 -0.66 -0.94 -0.99 -1.00 -1.00 -1.00 -1.00 -1.00 -1.00
CTR-B3692_ -0.00 -0.00 -0.01 -0.07 -0.32 -0.65 -0.88 -0.97 -1.00 -1.00 -1.00 -1.00 -1.00 -1.00 -1.00
NTR+B3714_  1.00  1.00  1.00  1.00  1.00  1.00  1.00  1.00  0.98  0.82  0.37  0.07  0.01  0.00  0.00
CTR-B3714_ -0.00 -0.00 -0.10 -0.44 -0.85 -0.98 -1.00 -1.00 -1.00 -1.00 -1.00 -1.00 -1.00 -1.00 -1.00
NTR+B3717_  1.00  1.00  1.00  1.00  1.00  1.00  1.00  1.00  0.97  0.83  0.40  0.08  0.01  0.00  0.00
ASP-B3717_ -0.01 -0.10 -0.50 -0.86 -0.98 -1.00 -1.00 -1.00 -1.00 -1.00 -1.00 -1.00 -1.00 -1.00 -1.00
GLU-B3718_ -0.00 -0.01 -0.10 -0.37 -0.74 -0.93 -0.99 -1.00 -1.00 -1.00 -1.00 -1.00 -1.00 -1.00 -1.00
ASP-B3719_ -0.00 -0.00 -0.01 -0.04 -0.15 -0.47 -0.74 -0.93 -0.99 -1.00 -1.00 -1.00 -1.00 -1.00 -1.00
TYR-B3720_ -0.00 -0.00 -0.00 -0.00 -0.00 -0.00 -0.00 -0.00 -0.00 -0.02 -0.14 -0.55 -0.90 -0.98 -1.00
CTR-B3721_ -0.00 -0.00 -0.01 -0.02 -0.10 -0.25 -0.37 -0.53 -0.66 -0.81 -0.95 -0.98 -1.00 -1.00 -1.00
NTR+B3724_  1.00  1.00  1.00  0.99  0.97  0.94  0.83  0.66  0.57  0.31  0.07  0.02  0.00  0.00  0.00
TYR-B3725_ -0.00 -0.00 -0.00 -0.00 -0.00 -0.00 -0.00 -0.00 -0.00 -0.01 -0.07 -0.35 -0.80 -0.97 -1.00
ASP-B3727_ -0.00 -0.02 -0.07 -0.20 -0.47 -0.72 -0.89 -0.98 -0.99 -1.00 -1.00 -1.00 -1.00 -1.00 -1.00
LYS+B3731_  1.00  1.00  1.00  1.00  1.00  1.00  1.00  1.00  1.00  1.00  1.00  1.00  0.99  0.94  0.65
CYS-B3733_ -0.00 -0.00 -0.00 -0.00 -0.00 -0.00 -0.00 -0.00 -0.00 -0.00 -0.01 -0.06 -0.34 -0.78 -0.96
HIS+B3734_  0.89  0.53  0.20  0.09  0.05  0.03  0.02  0.00  0.00  0.00  0.00  0.00  0.00  0.00  0.00
GLU-B3736_ -0.00 -0.00 -0.00 -0.00 -0.00 -0.00 -0.00 -0.00 -0.00 -0.00 -0.00 -0.00 -0.00 -0.00 -0.00
GLU-B3737_ -0.00 -0.00 -0.01 -0.04 -0.16 -0.44 -0.77 -0.95 -0.99 -1.00 -1.00 -1.00 -1.00 -1.00 -1.00
GLU-B3740_ -0.00 -0.00 -0.00 -0.00 -0.00 -0.00 -0.00 -0.00 -0.00 -0.00 -0.00 -0.00 -0.02 -0.06 -0.12
CTR-B3741_ -0.00 -0.00 -0.01 -0.07 -0.28 -0.62 -0.87 -0.98 -1.00 -1.00 -1.00 -1.00 -1.00 -1.00 -1.00
NTR+B3747_  1.00  1.00  1.00  1.00  1.00  1.00  0.98  0.90  0.50  0.10  0.01  0.00  0.00  0.00  0.00
GLU-B3747_ -0.00 -0.00 -0.02 -0.11 -0.36 -0.72 -0.94 -0.99 -1.00 -1.00 -1.00 -1.00 -1.00 -1.00 -1.00
GLU-B3748_ -0.00 -0.00 -0.01 -0.08 -0.32 -0.62 -0.91 -0.98 -1.00 -1.00 -1.00 -1.00 -1.00 -1.00 -1.00
GLU-B3750_ -0.00 -0.00 -0.02 -0.14 -0.46 -0.77 -0.94 -0.99 -1.00 -1.00 -1.00 -1.00 -1.00 -1.00 -1.00
GLU-B3754_ -0.00 -0.00 -0.03 -0.13 -0.32 -0.48 -0.74 -0.93 -0.98 -1.00 -1.00 -1.00 -1.00 -1.00 -1.00
GLU-B3755_ -1.00 -1.00 -1.00 -1.00 -1.00 -1.00 -1.00 -1.00 -1.00 -1.00 -1.00 -1.00 -1.00 -1.00 -1.00
LYS+B3756_  1.00  1.00  1.00  1.00  1.00  1.00  1.00  1.00  1.00  1.00  0.98  0.89  0.50  0.12  0.02
GLU-B3757_ -0.00 -0.00 -0.02 -0.10 -0.30 -0.64 -0.89 -0.98 -0.99 -1.00 -1.00 -1.00 -1.00 -1.00 -1.00
GLU-B3759_ -0.00 -0.00 -0.00 -0.03 -0.10 -0.24 -0.54 -0.87 -0.96 -1.00 -1.00 -0.99 -0.97 -0.93 -0.88
LYS+B3760_  1.00  1.00  1.00  1.00  1.00  1.00  1.00  0.99  0.97  0.82  0.37  0.09  0.02  0.01  0.00
ARG+B3762_  1.00  1.00  1.00  1.00  1.00  1.00  0.99  0.99  0.99  1.00  1.00  0.96  0.83  0.48  0.11
TYR-B3765_ -0.00 -0.00 -0.00 -0.00 -0.00 -0.00 -0.00 -0.00 -0.00 -0.00 -0.01 -0.05 -0.24 -0.65 -0.93
ARG+B3769_  1.00  1.00  1.00  1.00  1.00  1.00  1.00  1.00  1.00  1.00  1.00  1.00  1.00  1.00  1.00
CTR-B3770_ -0.00 -0.00 -0.00 -0.02 -0.12 -0.45 -0.83 -0.97 -1.00 -1.00 -1.00 -1.00 -1.00 -1.00 -1.00
NTR+B3790_  0.00  0.00  0.00  0.00  0.00  0.00  0.00  0.00  0.00  0.00  0.00  0.00  0.00  0.00  0.00
CTR-B3790_ -0.00 -0.02 -0.16 -0.46 -0.74 -0.92 -0.98 -1.00 -1.00 -1.00 -1.00 -1.00 -1.00 -1.00 -1.00
NTR+B3793_  1.00  1.00  1.00  1.00  1.00  1.00  1.00  1.00  1.00  1.00  0.98  0.88  0.49  0.10  0.01
CTR-B3793_ -0.00 -0.02 -0.12 -0.42 -0.73 -0.90 -0.98 -1.00 -1.00 -1.00 -1.00 -1.00 -1.00 -1.00 -1.00
NTR+B3829_  1.00  1.00  1.00  1.00  1.00  1.00  1.00  0.99  0.94  0.64  0.16  0.02  0.00  0.00  0.00
CTR-B3829_ -0.00 -0.01 -0.08 -0.41 -0.82 -0.98 -1.00 -1.00 -1.00 -1.00 -1.00 -1.00 -1.00 -1.00 -1.00
NTR+B3840_  1.00  1.00  1.00  1.00  1.00  1.00  1.00  1.00  1.00  1.00  0.97  0.77  0.27  0.04  0.00
ASP-B3843_ -0.00 -0.00 -0.00 -0.02 -0.13 -0.44 -0.84 -0.97 -0.99 -1.00 -1.00 -1.00 -1.00 -1.00 -1.00
GLU-B3848_ -0.00 -0.00 -0.00 -0.01 -0.03 -0.19 -0.57 -0.88 -0.98 -1.00 -1.00 -1.00 -1.00 -1.00 -1.00
ARG+B3849_  1.00  1.00  1.00  1.00  1.00  1.00  1.00  1.00  1.00  1.00  1.00  0.98  0.92  0.54  0.13
LYS+B3852_  1.00  1.00  1.00  1.00  1.00  1.00  1.00  1.00  1.00  0.98  0.87  0.44  0.08  0.01  0.00
GLU-B3854_ -0.00 -0.00 -0.01 -0.05 -0.18 -0.55 -0.85 -0.97 -1.00 -1.00 -1.00 -1.00 -1.00 -1.00 -1.00
GLU-B3861_ -0.00 -0.00 -0.01 -0.07 -0.40 -0.83 -0.97 -0.99 -1.00 -1.00 -1.00 -1.00 -1.00 -1.00 -1.00
ASP-B3862_ -0.00 -0.00 -0.00 -0.00 -0.01 -0.06 -0.33 -0.80 -0.97 -1.00 -1.00 -1.00 -1.00 -1.00 -1.00
ARG+B3868_  0.00  0.00  0.00  0.00  0.00  0.00  0.00  0.00  0.00  0.00  0.00  0.00  0.00  0.00  0.00
GLU-B3872_ -0.00 -0.00 -0.02 -0.11 -0.39 -0.73 -0.94 -0.99 -1.00 -1.00 -1.00 -1.00 -1.00 -1.00 -1.00
LYS+B3873_  1.00  1.00  1.00  1.00  1.00  0.98  0.92  0.63  0.17  0.02  0.00  0.00  0.00  0.00  0.00
ASP-B3877_ -0.00 -0.00 -0.06 -0.25 -0.58 -0.85 -0.96 -0.99 -1.00 -1.00 -1.00 -1.00 -1.00 -1.00 -1.00
ASP-B3878_ -0.00 -0.01 -0.05 -0.21 -0.50 -0.73 -0.86 -0.93 -0.97 -0.99 -1.00 -1.00 -1.00 -1.00 -1.00
GLU-B3879_ -0.00 -0.00 -0.02 -0.08 -0.23 -0.47 -0.75 -0.93 -0.99 -1.00 -1.00 -1.00 -1.00 -1.00 -1.00
ASP-B3883_ -0.00 -0.00 -0.01 -0.04 -0.12 -0.32 -0.54 -0.79 -0.94 -0.99 -1.00 -1.00 -1.00 -1.00 -1.00
CTR-B3883_ -0.00 -0.00 -0.00 -0.01 -0.06 -0.19 -0.45 -0.77 -0.96 -0.99 -1.00 -1.00 -1.00 -1.00 -1.00
NTR+B3929_  0.00  0.00  0.00  0.00  0.00  0.00  0.00  0.00  0.00  0.00  0.00  0.00  0.00  0.00  0.00
CTR-B3929_ -0.84 -0.87 -0.80 -0.86 -0.90 -0.91 -0.93 -0.98 -1.00 -1.00 -1.00 -1.00 -1.00 -1.00 -1.00
NTR+B3931_  0.89  0.88  0.80  0.84  0.85  0.76  0.50  0.19  0.04  0.00  0.00  0.00  0.00  0.00  0.00
ASP-B3932_ -0.00 -0.01 -0.09 -0.47 -0.85 -0.97 -0.99 -1.00 -1.00 -1.00 -1.00 -1.00 -1.00 -1.00 -1.00
TYR-B3934_ -0.00 -0.00 -0.00 -0.00 -0.00 -0.00 -0.00 -0.00 -0.00 -0.03 -0.17 -0.61 -0.92 -0.98 -0.99
TYR-B3936_ -0.00 -0.00 -0.00 -0.00 -0.00 -0.00 -0.00 -0.00 -0.00 -0.00 -0.00 -0.01 -0.01 -0.07 -0.36
TYR-B3937_ -0.00 -0.00 -0.00 -0.00 -0.00 -0.00 -0.00 -0.00 -0.00 -0.00 -0.00 -0.00 -0.00 -0.00 -0.00
LYS+B3940_  1.00  1.00  1.00  1.00  1.00  1.00  1.00  1.00  1.00  0.97  0.81  0.41  0.10  0.02  0.01
ASP-B3941_ -0.00 -0.03 -0.16 -0.57 -0.89 -0.98 -1.00 -1.00 -1.00 -1.00 -1.00 -1.00 -1.00 -1.00 -1.00
GLU-B3944_ -0.01 -0.08 -0.34 -0.72 -0.94 -0.99 -1.00 -1.00 -1.00 -1.00 -1.00 -1.00 -1.00 -1.00 -1.00
GLU-B3945_ -0.01 -0.05 -0.28 -0.67 -0.90 -0.97 -0.99 -1.00 -1.00 -1.00 -1.00 -1.00 -1.00 -1.00 -1.00
LYS+B3948_  1.00  1.00  1.00  1.00  1.00  1.00  1.00  1.00  1.00  0.98  0.84  0.44  0.11  0.02  0.00
ARG+B3949_  1.00  1.00  1.00  1.00  1.00  1.00  1.00  1.00  1.00  1.00  1.00  1.00  1.00  0.98  0.87
LYS+B3953_  1.00  1.00  0.99  0.97  0.93  0.88  0.77  0.49  0.16  0.03  0.00  0.00  0.00  0.00  0.00
CTR-B3956_ -0.00 -0.00 -0.00 -0.00 -0.01 -0.02 -0.07 -0.18 -0.50 -0.88 -0.98 -1.00 -1.00 -1.00 -1.00
NTR+B3995_  1.00  1.00  0.98  0.86  0.49  0.18  0.08  0.03  0.00  0.00  0.00  0.00  0.00  0.00  0.00
HIS+B3998_  1.00  1.00  1.00  0.98  0.94  0.84  0.56  0.16  0.04  0.00  0.00  0.00  0.00  0.00  0.00
LYS+B4002_  1.00  1.00  1.00  1.00  1.00  1.00  1.00  1.00  1.00  1.00  0.99  0.98  0.98  0.91  0.59
ASP-B4006_ -0.05 -0.34 -0.77 -0.92 -0.97 -1.00 -1.00 -1.00 -1.00 -1.00 -1.00 -1.00 -1.00 -1.00 -1.00
GLU-B4011_ -0.00 -0.02 -0.09 -0.35 -0.69 -0.89 -0.97 -0.99 -1.00 -1.00 -1.00 -1.00 -1.00 -1.00 -1.00
LYS+B4014_  1.00  1.00  1.00  1.00  1.00  1.00  1.00  1.00  1.00  1.00  1.00  0.99  0.92  0.56  0.13
GLU-B4015_ -0.00 -0.00 -0.03 -0.11 -0.31 -0.58 -0.85 -0.93 -0.99 -1.00 -1.00 -1.00 -1.00 -1.00 -1.00
ASP-B4018_ -0.00 -0.00 -0.00 -0.01 -0.03 -0.09 -0.26 -0.55 -0.81 -0.96 -1.00 -1.00 -1.00 -1.00 -1.00
CTR-B4019_ -0.00 -0.00 -0.00 -0.00 -0.01 -0.05 -0.24 -0.59 -0.89 -0.98 -1.00 -1.00 -1.00 -1.00 -1.00
NTR+B4053_  1.00  1.00  1.00  0.99  0.94  0.67  0.23  0.05  0.01  0.00  0.00  0.00  0.00  0.00  0.00
CTR-B4055_ -0.80 -0.95 -0.96 -0.96 -0.97 -0.97 -0.98 -1.00 -0.99 -1.00 -1.00 -1.00 -1.00 -1.00 -1.00
NTR+B4057_  0.97  0.97  0.96  0.96  0.96  0.96  0.92  0.77  0.30  0.05  0.01  0.00  0.00  0.00  0.00
LYS+B4060_  1.00  1.00  1.00  1.00  1.00  1.00  1.00  1.00  1.00  1.00  1.00  0.98  0.81  0.32  0.05
ASP-B4063_ -0.00 -0.01 -0.05 -0.30 -0.71 -0.94 -0.99 -1.00 -1.00 -1.00 -1.00 -1.00 -1.00 -1.00 -1.00
LYS+B4067_  1.00  1.00  1.00  1.00  1.00  1.00  1.00  0.98  0.89  0.44  0.08  0.01  0.00  0.00  0.00
LYS+B4069_  1.00  1.00  1.00  1.00  1.00  1.00  1.00  1.00  1.00  0.99  0.95  0.69  0.19  0.03  0.00
ASP-B4070_ -0.00 -0.01 -0.06 -0.38 -0.80 -0.96 -0.99 -1.00 -1.00 -1.00 -1.00 -1.00 -1.00 -1.00 -1.00
GLU-B4075_ -0.00 -0.00 -0.00 -0.02 -0.12 -0.45 -0.86 -0.98 -1.00 -1.00 -1.00 -1.00 -1.00 -1.00 -1.00
ASP-B4079_ -0.00 -0.00 -0.00 -0.02 -0.12 -0.47 -0.86 -0.98 -1.00 -1.00 -1.00 -1.00 -1.00 -1.00 -1.00
TYR-B4080_ -0.00 -0.00 -0.00 -0.00 -0.00 -0.00 -0.00 -0.00 -0.00 -0.00 -0.00 -0.00 -0.00 -0.00 -0.00
ASP-B4083_ -0.00 -0.03 -0.22 -0.56 -0.84 -0.96 -1.00 -1.00 -1.00 -1.00 -1.00 -1.00 -1.00 -1.00 -1.00
ARG+B4085_  1.00  1.00  1.00  1.00  1.00  1.00  1.00  1.00  1.00  1.00  0.99  0.95  0.67  0.19  0.02
LYS+B4090_  1.00  1.00  1.00  1.00  1.00  1.00  1.00  1.00  1.00  0.98  0.88  0.59  0.17  0.02  0.00
LYS+B4091_  1.00  1.00  1.00  1.00  1.00  1.00  1.00  1.00  0.99  0.94  0.62  0.22  0.05  0.01  0.00
ASP-B4092_ -0.00 -0.03 -0.17 -0.46 -0.78 -0.95 -1.00 -1.00 -1.00 -1.00 -1.00 -1.00 -1.00 -1.00 -1.00
LYS+B4095_  1.00  1.00  1.00  1.00  1.00  1.00  1.00  1.00  1.00  0.97  0.79  0.31  0.05  0.01  0.00
ASP-B4098_ -0.00 -0.00 -0.02 -0.20 -0.70 -0.95 -0.99 -1.00 -1.00 -1.00 -1.00 -1.00 -1.00 -1.00 -1.00
LYS+B4101_  1.00  1.00  1.00  1.00  1.00  1.00  1.00  1.00  1.00  0.98  0.88  0.47  0.09  0.01  0.00
GLU-B4107_ -0.00 -0.00 -0.02 -0.14 -0.50 -0.87 -0.98 -1.00 -1.00 -1.00 -1.00 -1.00 -1.00 -1.00 -1.00
CYS-B4114_ -0.00 -0.00 -0.00 -0.00 -0.00 -0.00 -0.00 -0.00 -0.00 -0.00 -0.00 -0.00 -0.00 -0.00 -0.00
GLU-B4116_ -0.00 -0.00 -0.02 -0.10 -0.29 -0.57 -0.85 -0.96 -0.99 -1.00 -1.00 -1.00 -1.00 -1.00 -1.00
ASP-B4118_ -0.00 -0.00 -0.00 -0.01 -0.07 -0.24 -0.58 -0.88 -0.99 -1.00 -1.00 -1.00 -1.00 -1.00 -1.00
GLU-B4119_ -0.00 -0.00 -0.03 -0.19 -0.63 -0.91 -0.98 -1.00 -1.00 -1.00 -1.00 -1.00 -1.00 -1.00 -1.00
GLU-B4121_ -0.00 -0.00 -0.00 -0.02 -0.07 -0.26 -0.65 -0.93 -0.99 -1.00 -1.00 -1.00 -1.00 -1.00 -1.00
GLU-B4126_ -0.00 -0.00 -0.01 -0.05 -0.28 -0.69 -0.93 -0.99 -1.00 -1.00 -1.00 -1.00 -1.00 -1.00 -1.00
GLU-B4127_ -0.00 -0.00 -0.03 -0.13 -0.33 -0.50 -0.64 -0.85 -0.96 -1.00 -1.00 -1.00 -1.00 -1.00 -1.00
ARG+B4131_  1.00  1.00  1.00  1.00  1.00  1.00  1.00  1.00  1.00  1.00  1.00  1.00  1.00  1.00  1.00
GLU-B4134_ -0.00 -0.00 -0.01 -0.06 -0.14 -0.30 -0.49 -0.72 -0.93 -0.99 -1.00 -1.00 -1.00 -1.00 -1.00
CTR-B4135_ -0.00 -0.00 -0.00 -0.01 -0.02 -0.06 -0.19 -0.49 -0.83 -0.97 -1.00 -1.00 -1.00 -1.00 -1.00
NTR+B4136_  0.00  0.00  0.00  0.00  0.00  0.00  0.00  0.00  0.00  0.00  0.00  0.00  0.00  0.00  0.00
ARG+B4137_  1.00  1.00  1.00  1.00  1.00  1.00  1.00  1.00  1.00  1.00  1.00  1.00  0.99  0.91  0.55
CTR-B4137_ -0.00 -0.00 -0.02 -0.16 -0.56 -0.87 -0.97 -0.99 -1.00 -1.00 -1.00 -1.00 -1.00 -1.00 -1.00
NTR+B4249_  1.00  1.00  1.00  1.00  0.98  0.91  0.57  0.13  0.02  0.00  0.00  0.00  0.00  0.00  0.00
GLU-B4253_ -0.00 -0.00 -0.01 -0.08 -0.31 -0.74 -0.96 -0.99 -1.00 -1.00 -1.00 -1.00 -1.00 -1.00 -1.00
CTR-B4253_ -0.00 -0.01 -0.05 -0.30 -0.73 -0.94 -0.99 -1.00 -1.00 -1.00 -1.00 -1.00 -1.00 -1.00 -1.00
NTR+B4540_  1.00  1.00  1.00  1.00  0.97  0.84  0.38  0.06  0.01  0.00  0.00  0.00  0.00  0.00  0.00
GLU-B4543_ -0.00 -0.00 -0.02 -0.11 -0.48 -0.86 -0.97 -1.00 -1.00 -1.00 -1.00 -1.00 -1.00 -1.00 -1.00
GLU-B4545_ -0.00 -0.01 -0.08 -0.40 -0.82 -0.97 -1.00 -1.00 -1.00 -1.00 -1.00 -1.00 -1.00 -1.00 -1.00
ARG+B4548_  1.00  1.00  1.00  1.00  1.00  1.00  1.00  1.00  1.00  1.00  1.00  0.97  0.86  0.48  0.10
LYS+B4550_  1.00  1.00  1.00  1.00  1.00  1.00  1.00  1.00  1.00  0.97  0.82  0.37  0.07  0.01  0.00
TYR-B4554_ -0.00 -0.00 -0.00 -0.00 -0.00 -0.00 -0.00 -0.00 -0.01 -0.08 -0.46 -0.86 -0.98 -1.00 -1.00
ARG+B4557_  1.00  1.00  1.00  1.00  1.00  1.00  1.00  1.00  1.00  1.00  1.00  1.00  1.00  0.96  0.77
TYR-B4560_ -0.00 -0.00 -0.00 -0.00 -0.00 -0.00 -0.00 -0.00 -0.01 -0.07 -0.40 -0.83 -0.97 -1.00 -1.00
ARG+B4563_  0.00  0.00  0.00  0.00  0.00  0.00  0.00  0.00  0.00  0.00  0.00  0.00  0.00  0.00  0.00
TYR-B4580_ -0.00 -0.00 -0.00 -0.00 -0.00 -0.00 -0.00 -0.00 -0.00 -0.00 -0.02 -0.09 -0.40 -0.85 -0.98
LYS+B4581_  1.00  1.00  1.00  1.00  1.00  1.00  1.00  1.00  1.00  0.99  0.88  0.49  0.12  0.02  0.00
ASP-B4584_ -0.00 -0.00 -0.00 -0.02 -0.18 -0.66 -0.95 -0.99 -1.00 -1.00 -1.00 -1.00 -1.00 -1.00 -1.00
CTR-B4587_ -0.00 -0.00 -0.01 -0.07 -0.42 -0.84 -0.98 -1.00 -1.00 -1.00 -1.00 -1.00 -1.00 -1.00 -1.00
NTR+B4626_  1.00  1.00  1.00  1.00  1.00  1.00  0.99  0.93  0.56  0.12  0.01  0.00  0.00  0.00  0.00
TYR-B4629_ -0.00 -0.00 -0.00 -0.00 -0.00 -0.00 -0.00 -0.00 -0.01 -0.05 -0.30 -0.78 -0.96 -0.99 -1.00
TYR-B4630_ -0.00 -0.00 -0.00 -0.00 -0.00 -0.00 -0.00 -0.00 -0.00 -0.00 -0.04 -0.19 -0.58 -0.92 -0.99
GLU-B4633_ -0.00 -0.00 -0.00 -0.03 -0.17 -0.55 -0.89 -0.98 -1.00 -1.00 -1.00 -1.00 -1.00 -1.00 -1.00
GLU-B4634_ -0.00 -0.00 -0.00 -0.01 -0.11 -0.53 -0.88 -0.99 -1.00 -1.00 -1.00 -1.00 -1.00 -1.00 -1.00
TYR-B4638_ -0.00 -0.00 -0.00 -0.00 -0.00 -0.00 -0.00 -0.00 -0.00 -0.05 -0.33 -0.82 -0.98 -1.00 -1.00
GLU-B4640_ -0.00 -0.00 -0.00 -0.01 -0.08 -0.36 -0.76 -0.96 -1.00 -1.00 -1.00 -1.00 -1.00 -1.00 -1.00
CYS-B4645_ -0.00 -0.00 -0.00 -0.00 -0.00 -0.00 -0.00 -0.00 -0.03 -0.21 -0.71 -0.95 -1.00 -1.00 -1.00
HIS+B4650_  0.08  0.07  0.08  0.08  0.10  0.11  0.07  0.01  0.00  0.00  0.00  0.00  0.00  0.00  0.00
CYS-B4657_ -0.00 -0.00 -0.00 -0.00 -0.00 -0.00 -0.00 -0.00 -0.00 -0.00 -0.00 -0.00 -0.00 -0.00 -0.00
TYR-B4661_ -0.00 -0.00 -0.00 -0.00 -0.00 -0.00 -0.00 -0.00 -0.00 -0.00 -0.00 -0.00 -0.00 -0.00 -0.00
CYS-B4663_ -0.00 -0.00 -0.00 -0.00 -0.00 -0.00 -0.00 -0.00 -0.00 -0.01 -0.06 -0.33 -0.70 -0.93 -0.99
LYS+B4665_  1.00  1.00  1.00  1.00  1.00  1.00  1.00  1.00  1.00  0.99  0.96  0.81  0.41  0.09  0.01
CTR-B4666_ -0.00 -0.00 -0.02 -0.09 -0.34 -0.74 -0.94 -0.99 -1.00 -1.00 -1.00 -1.00 -1.00 -1.00 -1.00
NTR+B4674_  1.00  1.00  1.00  1.00  1.00  1.00  1.00  1.00  1.00  0.98  0.89  0.68  0.48  0.33  0.16
CTR-B4674_ -0.98 -0.99 -1.00 -1.00 -1.00 -1.00 -1.00 -1.00 -1.00 -1.00 -1.00 -1.00 -1.00 -1.00 -1.00
GLU-B4674_ -0.02 -0.07 -0.17 -0.32 -0.54 -0.78 -0.92 -0.97 -0.99 -1.00 -1.00 -1.00 -1.00 -1.00 -1.00
NTR+B4676_  1.00  1.00  1.00  1.00  1.00  1.00  1.00  1.00  1.00  0.98  0.90  0.69  0.51  0.37  0.24
CTR-B4676_ -0.64 -0.73 -0.83 -0.91 -0.95 -0.98 -0.99 -1.00 -1.00 -1.00 -1.00 -1.00 -1.00 -1.00 -1.00
GLU-B4676_ -0.06 -0.28 -0.63 -0.88 -0.97 -0.99 -1.00 -1.00 -1.00 -1.00 -1.00 -1.00 -1.00 -1.00 -1.00
NTR+B4679_  0.58  0.37  0.17  0.08  0.04  0.02  0.01  0.00  0.00  0.00  0.00  0.00  0.00  0.00  0.00
ARG+B4679_  1.00  1.00  1.00  1.00  1.00  1.00  1.00  1.00  1.00  1.00  1.00  0.99  0.98  0.94  0.77
LYS+B4680_  1.00  1.00  1.00  1.00  1.00  1.00  1.00  1.00  1.00  1.00  0.99  0.95  0.78  0.47  0.16
GLU-B4682_ -0.00 -0.01 -0.05 -0.15 -0.31 -0.52 -0.82 -0.96 -0.99 -1.00 -1.00 -1.00 -1.00 -1.00 -1.00
ASP-B4684_ -0.00 -0.01 -0.07 -0.30 -0.71 -0.92 -0.98 -1.00 -1.00 -1.00 -1.00 -1.00 -1.00 -1.00 -1.00
TYR-B4687_ -0.00 -0.00 -0.00 -0.00 -0.00 -0.00 -0.00 -0.00 -0.00 -0.00 -0.00 -0.00 -0.00 -0.00 -0.00
GLU-B4690_ -0.00 -0.00 -0.01 -0.08 -0.32 -0.77 -0.96 -0.99 -1.00 -1.00 -1.00 -1.00 -1.00 -1.00 -1.00
ASP-B4694_ -0.00 -0.00 -0.00 -0.00 -0.02 -0.12 -0.48 -0.89 -0.99 -1.00 -1.00 -1.00 -1.00 -1.00 -1.00
ASP-B4695_ -0.00 -0.00 -0.02 -0.10 -0.46 -0.85 -0.98 -1.00 -1.00 -1.00 -1.00 -1.00 -1.00 -1.00 -1.00
ASP-B4696_ -0.00 -0.02 -0.15 -0.55 -0.87 -0.97 -0.99 -1.00 -1.00 -1.00 -1.00 -1.00 -1.00 -1.00 -1.00
LYS+B4698_  1.00  1.00  1.00  1.00  1.00  1.00  1.00  1.00  1.00  1.00  0.98  0.90  0.65  0.32  0.10
ASP-B4702_ -0.00 -0.00 -0.01 -0.01 -0.03 -0.08 -0.27 -0.71 -0.94 -0.99 -1.00 -1.00 -1.00 -1.00 -1.00
ARG+B4703_  1.00  1.00  1.00  1.00  1.00  1.00  1.00  1.00  1.00  1.00  1.00  0.99  0.94  0.72  0.26
TYR-B4715_ -0.00 -0.00 -0.00 -0.00 -0.00 -0.00 -0.00 -0.00 -0.00 -0.02 -0.03 -0.09 -0.28 -0.54 -0.77
CTR-B4715_ -0.01 -0.07 -0.34 -0.69 -0.87 -0.93 -0.97 -0.97 -0.98 -0.99 -1.00 -1.00 -1.00 -1.00 -1.00
NTR+B4717_  1.00  1.00  0.99  0.97  0.97  0.96  0.96  0.92  0.71  0.27  0.07  0.02  0.01  0.00  0.00
ASP-B4717_ -1.00 -1.00 -1.00 -1.00 -1.00 -1.00 -1.00 -1.00 -1.00 -1.00 -1.00 -1.00 -1.00 -1.00 -1.00
LYS+B4718_  1.00  1.00  1.00  1.00  1.00  1.00  1.00  1.00  1.00  1.00  1.00  0.98  0.93  0.72  0.32
LYS+B4721_  1.00  1.00  0.99  0.97  0.95  0.92  0.88  0.70  0.28  0.06  0.01  0.00  0.00  0.00  0.00
ARG+B4722_  1.00  1.00  1.00  1.00  1.00  1.00  1.00  1.00  1.00  1.00  1.00  1.00  0.99  0.97  0.88
LYS+B4723_  1.00  1.00  1.00  1.00  1.00  1.00  1.00  1.00  1.00  1.00  0.99  0.96  0.82  0.48  0.16
ASP-B4726_ -0.00 -0.03 -0.19 -0.58 -0.87 -0.97 -0.99 -1.00 -1.00 -1.00 -1.00 -1.00 -1.00 -1.00 -1.00
LYS+B4727_  1.00  1.00  1.00  1.00  1.00  1.00  1.00  1.00  0.99  0.94  0.63  0.17  0.03  0.00  0.00
HIS+B4728_  1.00  1.00  0.97  0.85  0.62  0.33  0.11  0.00  0.00  0.00  0.00  0.00  0.00  0.00  0.00
ASP-B4730_ -0.00 -0.01 -0.08 -0.42 -0.84 -0.97 -1.00 -1.00 -1.00 -1.00 -1.00 -1.00 -1.00 -1.00 -1.00
ARG+B4734_  1.00  1.00  1.00  1.00  1.00  1.00  1.00  1.00  1.00  1.00  1.00  1.00  0.98  0.87  0.49
GLU-B4735_ -0.00 -0.01 -0.09 -0.46 -0.87 -0.97 -1.00 -1.00 -1.00 -1.00 -1.00 -1.00 -1.00 -1.00 -1.00
ARG+B4736_  1.00  1.00  1.00  1.00  1.00  1.00  1.00  1.00  1.00  1.00  1.00  0.99  0.88  0.51  0.11
GLU-B4739_ -0.00 -0.00 -0.00 -0.01 -0.07 -0.33 -0.78 -0.96 -0.99 -1.00 -1.00 -1.00 -1.00 -1.00 -1.00
ASP-B4744_ -0.00 -0.00 -0.01 -0.07 -0.24 -0.55 -0.85 -0.96 -0.99 -1.00 -1.00 -1.00 -1.00 -1.00 -1.00
GLU-B4749_ -0.00 -0.00 -0.03 -0.13 -0.37 -0.64 -0.86 -0.97 -0.99 -1.00 -1.00 -1.00 -1.00 -1.00 -1.00
HIS+B4753_  1.00  1.00  1.00  1.00  1.00  1.00  1.00  1.00  1.00  0.97  0.84  0.43  0.10  0.02  0.01
GLU-B4755_ -0.00 -0.00 -0.01 -0.06 -0.24 -0.60 -0.88 -0.97 -0.99 -1.00 -1.00 -1.00 -1.00 -1.00 -1.00
ARG+B4756_  0.00  0.00  0.00  0.00  0.00  0.00  0.00  0.00  0.00  0.00  0.00  0.00  0.00  0.00  0.00
LYS+B4757_  1.00  1.00  1.00  1.00  1.00  1.00  1.00  1.00  1.00  1.00  1.00  1.00  1.00  1.00  1.00
ASP-B4759_ -0.00 -0.00 -0.01 -0.06 -0.28 -0.69 -0.93 -0.99 -1.00 -1.00 -1.00 -1.00 -1.00 -1.00 -1.00
ASP-B4772_ -0.00 -0.04 -0.25 -0.69 -0.92 -0.98 -1.00 -1.00 -1.00 -1.00 -1.00 -1.00 -1.00 -1.00 -1.00
LYS+B4774_  1.00  1.00  1.00  1.00  1.00  1.00  1.00  1.00  1.00  0.97  0.80  0.31  0.05  0.01  0.00
TYR-B4775_ -0.00 -0.00 -0.00 -0.00 -0.00 -0.00 -0.00 -0.00 -0.00 -0.00 -0.00 -0.00 -0.00 -0.00 -0.00
LYS+B4779_  1.00  1.00  1.00  1.00  1.00  1.00  1.00  1.00  1.00  1.00  0.98  0.88  0.59  0.22  0.05
ASP-B4786_ -0.03 -0.19 -0.64 -0.91 -0.99 -1.00 -1.00 -1.00 -1.00 -1.00 -1.00 -1.00 -1.00 -1.00 -1.00
TYR-B4791_ -0.00 -0.00 -0.00 -0.00 -0.00 -0.00 -0.00 -0.00 -0.00 -0.00 -0.00 -0.00 -0.00 -0.00 -0.02
TYR-B4795_ -0.00 -0.00 -0.00 -0.00 -0.00 -0.00 -0.00 -0.00 -0.00 -0.00 -0.00 -0.00 -0.00 -0.00 -0.00
HIS+B4803_  1.00  1.00  1.00  0.98  0.87  0.60  0.29  0.07  0.01  0.00  0.00  0.00  0.00  0.00  0.00
TYR-B4804_ -0.00 -0.00 -0.00 -0.00 -0.00 -0.00 -0.00 -0.00 -0.01 -0.09 -0.50 -0.90 -0.99 -1.00 -1.00
HIS+B4812_  0.92  0.93  0.92  0.87  0.67  0.44  0.25  0.06  0.00  0.00  0.00  0.00  0.00  0.00  0.00
ASP-B4815_ -0.00 -0.00 -0.00 -0.03 -0.17 -0.51 -0.87 -0.97 -1.00 -1.00 -1.00 -1.00 -1.00 -1.00 -1.00
CTR-B4820_ -0.00 -0.00 -0.00 -0.03 -0.20 -0.67 -0.94 -1.00 -1.00 -1.00 -1.00 -1.00 -1.00 -1.00 -1.00
NTR+B4838_  1.00  1.00  1.00  0.97  0.80  0.31  0.05  0.01  0.00  0.00  0.00  0.00  0.00  0.00  0.00
TYR-B4849_ -0.00 -0.00 -0.00 -0.00 -0.00 -0.00 -0.00 -0.00 -0.01 -0.12 -0.57 -0.93 -0.99 -1.00 -1.00
TYR-B4851_ -0.00 -0.00 -0.00 -0.00 -0.00 -0.00 -0.00 -0.00 -0.00 -0.00 -0.03 -0.17 -0.65 -0.94 -0.99
ARG+B4860_  1.00  1.00  1.00  1.00  1.00  1.00  1.00  1.00  1.00  1.00  1.00  1.00  0.98  0.92  0.60
LYS+B4861_  1.00  1.00  1.00  1.00  1.00  1.00  1.00  1.00  1.00  1.00  0.97  0.80  0.34  0.06  0.01
TYR-B4863_ -0.00 -0.00 -0.00 -0.00 -0.00 -0.00 -0.00 -0.00 -0.00 -0.00 -0.00 -0.00 -0.01 -0.02 -0.06
LYS+B4865_  1.00  1.00  1.00  1.00  1.00  0.98  0.87  0.51  0.20  0.09  0.06  0.04  0.02  0.00  0.00
GLU-B4867_ -0.00 -0.00 -0.00 -0.00 -0.00 -0.01 -0.02 -0.12 -0.46 -0.87 -0.99 -1.00 -1.00 -1.00 -1.00
ASP-B4868_ -0.00 -0.00 -0.01 -0.08 -0.36 -0.76 -0.96 -0.99 -1.00 -1.00 -1.00 -1.00 -1.00 -1.00 -1.00
GLU-B4869_ -0.00 -0.00 -0.01 -0.07 -0.30 -0.71 -0.94 -0.99 -1.00 -1.00 -1.00 -1.00 -1.00 -1.00 -1.00
ASP-B4870_ -0.00 -0.00 -0.00 -0.02 -0.12 -0.40 -0.83 -0.97 -0.99 -1.00 -1.00 -1.00 -1.00 -1.00 -1.00
GLU-B4871_ -0.00 -0.01 -0.08 -0.39 -0.76 -0.93 -0.98 -0.99 -0.99 -1.00 -1.00 -1.00 -1.00 -1.00 -1.00
CTR-B4871_ -0.00 -0.00 -0.00 -0.00 -0.01 -0.02 -0.05 -0.22 -0.62 -0.91 -0.99 -1.00 -1.00 -1.00 -1.00
NTR+B4872_  0.00  0.00  0.00  0.00  0.00  0.00  0.00  0.00  0.00  0.00  0.00  0.00  0.00  0.00  0.00
ASP-B4873_ -0.63 -0.94 -0.99 -1.00 -1.00 -1.00 -1.00 -1.00 -1.00 -1.00 -1.00 -1.00 -1.00 -1.00 -1.00
LYS+B4875_  1.00  1.00  1.00  1.00  1.00  1.00  1.00  0.99  0.98  0.96  0.93  0.82  0.41  0.08  0.01
CYS-B4876_ -0.00 -0.00 -0.00 -0.00 -0.00 -0.00 -0.00 -0.00 -0.00 -0.00 -0.00 -0.00 -0.00 -0.00 -0.00
ASP-B4877_ -0.00 -0.00 -0.02 -0.10 -0.40 -0.76 -0.95 -0.98 -0.99 -1.00 -1.00 -1.00 -1.00 -1.00 -1.00
ASP-B4878_ -0.00 -0.00 -0.01 -0.05 -0.25 -0.67 -0.93 -0.99 -1.00 -1.00 -1.00 -1.00 -1.00 -1.00 -1.00
CYS-B4882_ -0.00 -0.00 -0.00 -0.00 -0.00 -0.00 -0.00 -0.00 -0.00 -0.00 -0.00 -0.00 -0.02 -0.06 -0.24
TYR-B4883_ -0.00 -0.00 -0.00 -0.00 -0.00 -0.00 -0.00 -0.00 -0.00 -0.00 -0.00 -0.00 -0.00 -0.02 -0.14
HIS+B4886_  0.91  0.58  0.23  0.12  0.04  0.01  0.00  0.00  0.00  0.00  0.00  0.00  0.00  0.00  0.00
TYR-B4888_ -0.00 -0.00 -0.00 -0.00 -0.00 -0.00 -0.00 -0.00 -0.02 -0.12 -0.53 -0.90 -0.99 -1.00 -1.00
ARG+B4892_  1.00  1.00  1.00  1.00  1.00  1.00  1.00  1.00  1.00  1.00  1.00  1.00  1.00  0.99  0.95
ASP-B4899_ -0.00 -0.00 -0.00 -0.00 -0.02 -0.09 -0.38 -0.76 -0.93 -0.98 -1.00 -1.00 -1.00 -1.00 -1.00
GLU-B4900_ -0.00 -0.00 -0.00 -0.00 -0.00 -0.01 -0.06 -0.12 -0.27 -0.68 -0.94 -0.99 -1.00 -1.00 -1.00
GLU-B4902_ -0.00 -0.00 -0.00 -0.00 -0.01 -0.01 -0.03 -0.14 -0.43 -0.83 -0.97 -0.99 -1.00 -1.00 -1.00
ASP-B4903_ -0.00 -0.00 -0.02 -0.12 -0.47 -0.87 -0.98 -1.00 -1.00 -1.00 -1.00 -1.00 -1.00 -1.00 -1.00
ASP-B4907_ -0.00 -0.00 -0.09 -0.43 -0.80 -0.96 -1.00 -1.00 -1.00 -1.00 -1.00 -1.00 -1.00 -1.00 -1.00
GLU-B4908_ -0.00 -0.00 -0.02 -0.14 -0.47 -0.86 -0.98 -1.00 -1.00 -1.00 -1.00 -1.00 -1.00 -1.00 -1.00
TYR-B4909_ -0.00 -0.00 -0.00 -0.00 -0.00 -0.00 -0.00 -0.00 -0.02 -0.13 -0.52 -0.87 -0.98 -1.00 -1.00
GLU-B4910_ -0.00 -0.00 -0.00 -0.00 -0.00 -0.00 -0.00 -0.00 -0.00 -0.00 -0.00 -0.03 -0.22 -0.71 -0.96
TYR-B4912_ -0.00 -0.00 -0.00 -0.00 -0.00 -0.00 -0.00 -0.00 -0.01 -0.09 -0.42 -0.83 -0.97 -1.00 -1.00
ARG+B4913_  1.00  1.00  1.00  1.00  1.00  1.00  1.00  1.00  1.00  1.00  1.00  1.00  1.00  1.00  0.97
ASP-B4917_ -0.01 -0.07 -0.18 -0.46 -0.81 -0.94 -0.99 -1.00 -1.00 -1.00 -1.00 -1.00 -1.00 -1.00 -1.00
CTR-B4923_ -0.00 -0.00 -0.00 -0.00 -0.02 -0.10 -0.36 -0.81 -0.97 -1.00 -1.00 -1.00 -1.00 -1.00 -1.00
NTR+B4925_  0.00  0.00  0.00  0.00  0.00  0.00  0.00  0.00  0.00  0.00  0.00  0.00  0.00  0.00  0.00
CTR-B4925_ -0.00 -0.00 -0.00 -0.01 -0.09 -0.46 -0.83 -0.97 -1.00 -1.00 -1.00 -1.00 -1.00 -1.00 -1.00
NTG+B4974_  1.00  1.00  1.00  1.00  1.00  1.00  1.00  1.00  0.99  0.86  0.39  0.06  0.01  0.00  0.00
CTR-B4974_ -0.00 -0.01 -0.06 -0.41 -0.86 -0.98 -1.00 -1.00 -1.00 -1.00 -1.00 -1.00 -1.00 -1.00 -1.00
_CA+B5102_  0.00  0.00  0.00  0.00  0.00  0.00  0.00  0.00  0.00  0.00  0.00  0.00  0.00  0.00  0.00
----------
Net_Charge 76.05 72.72 64.96 48.80 22.39 -8.44 -34.74 -52.02 -63.19 -73.15 -85.67 -101.60 -117.08 -129.81 -140.07
Protons    76.05 72.72 64.96 48.80 22.39 -8.44 -34.74 -52.02 -63.19 -73.15 -85.67 -101.60 -117.08 -129.81 -140.07
Electrons   0.00  0.00  0.00  0.00  0.00  0.00  0.00  0.00  0.00  0.00  0.00  0.00  0.00  0.00  0.00
