   confID        vdw0    sas     sum
NTR01B3639_001  -0.003  -3.280  -3.283
NTR+1B3639_002  -0.005  -3.280  -3.285
THR01B3639_001   0.165  -4.104  -3.939
PRO01B3640_001   0.305  -3.210  -2.905
LEU01B3641_001   1.634  -9.475  -7.841
TYR01B3642_001   4.869 -10.335  -5.466
TYR-1B3642_002   4.869 -10.335  -5.466
ASN01B3643_001   0.425  -2.360  -1.936
ASN01B3643_002   0.174  -2.132  -1.958
LEU01B3644_001   1.589  -2.553  -0.964
PRO01B3645_001   0.257  -3.400  -3.144
THR01B3646_001   0.274  -7.160  -6.886
THR01B3646_002   0.274  -7.160  -6.886
HIS01B3647_001  -0.161  -8.970  -9.131
HIS01B3647_002  -0.116  -8.841  -8.957
HIS02B3647_003  -0.179  -8.970  -9.149
HIS02B3647_004  -0.129  -8.841  -8.970
HIS+1B3647_005  -0.206  -8.970  -9.176
HIS+1B3647_006  -0.155  -8.841  -8.996
ARG01B3648_001   2.639  -8.050  -5.412
ARG02B3648_002   2.615  -8.050  -5.436
ARG03B3648_003   2.709  -8.050  -5.342
ARG+1B3648_004   2.575  -8.050  -5.475
ALA01B3649_001   0.000  -0.943  -0.943
CYS01B3650_001  -0.002  -3.668  -3.669
CYS01B3650_002  -0.002  -3.668  -3.669
CYS01B3650_003  -0.002  -3.668  -3.670
CYS-1B3650_004   0.000  -3.668  -3.668
ASN01B3651_001   0.493  -3.015  -2.522
ASN01B3651_002   0.242  -3.290  -3.049
MET01B3652_001   0.477  -6.335  -5.858
PHE01B3653_001   4.715  -8.494  -3.780
LEU01B3654_001   2.211  -6.745  -4.534
GLU01B3655_001   1.461  -3.254  -1.793
GLU01B3655_002   1.461  -3.254  -1.793
GLU02B3655_003   1.222  -3.232  -2.010
GLU02B3655_004   1.222  -3.232  -2.010
GLU-1B3655_005   1.125  -3.147  -2.022
SER01B3656_001   0.000  -3.172  -3.172
SER01B3656_002   0.000  -3.172  -3.172
TYR01B3657_001   5.178  -5.813  -0.635
TYR-1B3657_002   5.178  -5.813  -0.635
LYS01B3658_001   2.616  -8.168  -5.552
LYS+1B3658_002   2.568  -8.168  -5.600
ALA01B3659_001   0.000  -5.029  -5.029
ALA01B3660_001   0.000  -2.576  -2.576
TRP01B3661_001   3.234  -4.530  -1.296
ILE01B3662_001   2.055  -9.987  -7.931
LEU01B3663_001   1.814  -5.270  -3.456
THR01B3664_001   0.184  -4.957  -4.773
GLU01B3665_001   1.589  -3.698  -2.110
GLU01B3665_002   1.589  -3.698  -2.110
GLU02B3665_003   1.326  -3.593  -2.267
GLU02B3665_004   1.326  -3.593  -2.267
GLU-1B3665_005   1.228  -3.563  -2.335
ASP01B3666_001   0.477  -1.879  -1.403
ASP01B3666_002   0.477  -1.879  -1.403
ASP02B3666_003   0.503  -1.870  -1.367
ASP02B3666_004   0.503  -1.870  -1.367
ASP-1B3666_005   0.401  -1.774  -1.374
HIS01B3667_001  -0.123  -4.517  -4.640
HIS01B3667_002  -0.068  -4.763  -4.831
HIS02B3667_003  -0.143  -4.517  -4.660
HIS02B3667_004  -0.080  -4.763  -4.843
HIS+1B3667_005  -0.170  -4.517  -4.687
HIS+1B3667_006  -0.107  -4.763  -4.870
SER01B3668_001   0.000  -3.546  -3.546
SER01B3668_002   0.000  -3.546  -3.546
PHE01B3669_001   4.449  -6.194  -1.745
GLU01B3670_001   1.017  -0.289   0.729
GLU01B3670_002   1.017  -0.289   0.729
GLU02B3670_003   0.898  -0.398   0.499
GLU02B3670_004   0.898  -0.398   0.499
GLU-1B3670_005   0.802  -0.289   0.513
ASP01B3671_001   0.151  -1.141  -0.990
ASP01B3671_002   0.151  -1.141  -0.990
ASP02B3671_003   0.245  -1.087  -0.842
ASP02B3671_004   0.245  -1.087  -0.842
ASP-1B3671_005   0.146  -1.137  -0.991
ARG01B3672_001   8.438  -9.890  -1.452
ARG02B3672_002   8.381  -9.890  -1.509
ARG03B3672_003   8.380  -9.890  -1.511
ARG+1B3672_004   8.333  -9.890  -1.558
MET01B3673_001   0.285  -3.458  -3.173
ILE01B3674_001   4.475  -0.824   3.650
ASP01B3675_001   0.195  -1.032  -0.837
ASP01B3675_002   0.195  -1.032  -0.837
ASP02B3675_003   0.285  -1.058  -0.773
ASP02B3675_004   0.285  -1.058  -0.773
ASP-1B3675_005   0.183  -1.025  -0.842
ASP01B3676_001   0.044  -1.562  -1.518
ASP01B3676_002   0.044  -1.562  -1.518
ASP02B3676_003   0.104  -1.649  -1.545
ASP02B3676_004   0.104  -1.649  -1.545
ASP-1B3676_005   0.040  -1.562  -1.523
LEU01B3677_001   2.296  -6.143  -3.847
SER01B3678_001   0.000  -2.081  -2.081
SER01B3678_002   0.000  -2.081  -2.081
LYS01B3679_001   1.934  -7.105  -5.171
LYS+1B3679_002   1.855  -7.105  -5.250
ALA01B3680_001   0.000  -3.999  -3.999
GLU01B3682_001   0.500  -3.580  -3.080
GLU01B3682_002   0.500  -3.580  -3.080
GLU02B3682_003   0.667  -3.544  -2.877
GLU02B3682_004   0.667  -3.544  -2.877
GLU-1B3682_005   0.469  -3.488  -3.019
GLN01B3683_001   0.456  -1.606  -1.151
GLU01B3684_001   0.500  -4.009  -3.509
GLU01B3684_002   0.500  -4.009  -3.509
GLU02B3684_003   0.666  -3.918  -3.252
GLU02B3684_004   0.666  -3.918  -3.252
GLU-1B3684_005   0.468  -3.837  -3.369
GLU01B3685_001   0.499  -4.291  -3.792
GLU01B3685_002   0.499  -4.291  -3.792
GLU02B3685_003   0.665  -4.304  -3.639
GLU02B3685_004   0.665  -4.304  -3.639
GLU-1B3685_005   0.468  -4.216  -3.748
GLU01B3686_001   0.501  -3.661  -3.160
GLU01B3686_002   0.501  -3.661  -3.160
GLU02B3686_003   0.667  -3.781  -3.113
GLU02B3686_004   0.667  -3.781  -3.113
GLU-1B3686_005   0.469  -3.635  -3.165
GLU01B3687_001   0.501  -2.424  -1.923
GLU01B3687_002   0.501  -2.424  -1.923
GLU02B3687_003   0.668  -2.527  -1.859
GLU02B3687_004   0.668  -2.527  -1.859
GLU-1B3687_005   0.470  -2.481  -2.011
GLU01B3688_001   0.498  -4.267  -3.769
GLU01B3688_002   0.498  -4.267  -3.769
GLU02B3688_003   0.665  -4.276  -3.611
GLU02B3688_004   0.665  -4.276  -3.611
GLU-1B3688_005   0.467  -4.156  -3.689
GLU01B3689_001   0.499  -4.188  -3.689
GLU01B3689_002   0.499  -4.188  -3.689
GLU02B3689_003   0.665  -4.284  -3.619
GLU02B3689_004   0.665  -4.284  -3.619
GLU-1B3689_005   0.468  -4.113  -3.645
VAL01B3690_001   0.501  -2.984  -2.484
GLU01B3691_001   0.497  -4.384  -3.887
GLU01B3691_002   0.497  -4.384  -3.887
GLU02B3691_003   0.663  -4.303  -3.640
GLU02B3691_004   0.663  -4.303  -3.640
GLU-1B3691_005   0.466  -4.276  -3.810
GLU01B3692_001   0.500  -4.534  -4.034
GLU01B3692_002   0.500  -4.534  -4.034
GLU02B3692_003   0.667  -4.604  -3.938
GLU02B3692_004   0.667  -4.604  -3.938
GLU-1B3692_005   0.469  -4.431  -3.962
CTR01B3692_001  -0.021  -4.315  -4.336
CTR01B3692_002   0.106  -4.412  -4.306
CTR02B3692_003  -0.022  -4.296  -4.318
CTR02B3692_004   0.042  -4.566  -4.524
CTR-1B3692_005   0.000  -4.296  -4.296
NTR01B3714_001  -0.003  -4.004  -4.007
NTR+1B3714_002  -0.005  -4.004  -4.009
CTR01B3714_001  -0.021  -6.091  -6.112
CTR01B3714_002   0.100  -6.111  -6.011
CTR02B3714_003  -0.022  -6.053  -6.075
CTR02B3714_004   0.039  -5.976  -5.937
CTR-1B3714_005   0.000  -5.898  -5.898
SER01B3714_001   0.000  -5.920  -5.920
SER01B3714_002   0.000  -5.920  -5.920
SER01B3714_003   0.000  -5.920  -5.920
NTR01B3717_001  -0.003  -3.188  -3.190
NTR+1B3717_002  -0.005  -3.188  -3.192
ASP01B3717_001   0.195  -4.004  -3.809
ASP01B3717_002   0.195  -4.004  -3.809
ASP02B3717_003   0.283  -3.853  -3.570
ASP02B3717_004   0.283  -3.853  -3.570
ASP-1B3717_005   0.183  -3.807  -3.624
GLU01B3718_001   1.705  -3.427  -1.723
GLU01B3718_002   1.705  -3.427  -1.723
GLU02B3718_003   1.393  -3.385  -1.991
GLU02B3718_004   1.393  -3.385  -1.991
GLU-1B3718_005   1.310  -3.354  -2.044
ASP01B3719_001   0.037  -2.311  -2.274
ASP01B3719_002   0.037  -2.311  -2.274
ASP02B3719_003   0.094  -2.359  -2.265
ASP02B3719_004   0.094  -2.359  -2.265
ASP-1B3719_005   0.032  -2.240  -2.208
TYR01B3720_001   4.410 -12.538  -8.128
TYR-1B3720_002   4.410 -12.538  -8.128
LEU01B3721_001   4.201  -7.514  -3.314
CTR01B3721_001  -0.021  -0.637  -0.658
CTR01B3721_002   0.097  -0.637  -0.540
CTR02B3721_003  -0.022  -0.637  -0.659
CTR02B3721_004   0.037  -0.695  -0.658
CTR-1B3721_005   0.000  -0.637  -0.637
NTR01B3724_001  -0.003  -1.405  -1.408
NTR+1B3724_002  -0.005  -1.405  -1.410
ALA01B3724_001   0.000  -1.748  -1.748
TYR01B3725_001   4.832  -5.481  -0.649
TYR-1B3725_002   4.832  -5.481  -0.649
ALA01B3726_001   0.000  -4.050  -4.050
ASP01B3727_001   0.073  -2.486  -2.413
ASP01B3727_002   0.073  -2.486  -2.413
ASP02B3727_003   0.145  -2.482  -2.337
ASP02B3727_004   0.145  -2.482  -2.337
ASP-1B3727_005   0.070  -2.382  -2.312
ILE01B3728_001   2.129  -0.721   1.408
MET01B3729_001   0.173  -6.221  -6.048
ALA01B3730_001   0.000  -2.608  -2.608
LYS01B3731_001   5.224  -3.899   1.325
LYS+1B3731_002   5.130  -3.899   1.231
SER01B3732_001   0.000   0.000   0.000
SER01B3732_002   0.000   0.000   0.000
SER01B3732_003   0.000   0.000   0.000
CYS01B3733_001  -0.002  -0.833  -0.835
CYS01B3733_002  -0.002  -0.833  -0.835
CYS01B3733_003  -0.003  -0.833  -0.836
CYS-1B3733_004   0.000  -0.833  -0.833
HIS01B3734_001  -0.353  -2.927  -3.281
HIS01B3734_002  -0.344  -2.854  -3.199
HIS02B3734_003  -0.363  -2.927  -3.290
HIS02B3734_004  -0.355  -2.854  -3.210
HIS+1B3734_005  -0.382  -2.927  -3.309
HIS+1B3734_006  -0.374  -2.854  -3.229
LEU01B3735_001   1.457  -1.098   0.359
GLU01B3736_001   0.498  -0.069   0.429
GLU01B3736_002   0.498  -0.069   0.429
GLU02B3736_003   0.665  -0.072   0.592
GLU02B3736_004   0.665  -0.072   0.592
GLU-1B3736_005   0.467  -0.069   0.398
GLU01B3737_001   0.498  -2.809  -2.311
GLU01B3737_002   0.498  -2.809  -2.311
GLU02B3737_003   0.665  -2.874  -2.209
GLU02B3737_004   0.665  -2.874  -2.209
GLU-1B3737_005   0.467  -2.799  -2.332
GLU01B3740_001   0.500  -1.044  -0.544
GLU01B3740_002   0.500  -1.044  -0.544
GLU02B3740_003   0.667  -1.047  -0.380
GLU02B3740_004   0.667  -1.047  -0.380
GLU-1B3740_005   0.469  -1.038  -0.569
ASN01B3741_001  -0.020  -2.777  -2.797
CTR01B3741_001  -0.021  -4.566  -4.587
CTR01B3741_002   0.107  -4.566  -4.460
CTR02B3741_003  -0.022  -4.759  -4.781
CTR02B3741_004   0.042  -4.701  -4.660
CTR-1B3741_005   0.000  -4.566  -4.566
NTR01B3747_001  -0.003  -3.550  -3.553
NTR+1B3747_002  -0.005  -3.550  -3.555
GLU01B3747_001   0.499  -4.250  -3.750
GLU01B3747_002   0.499  -4.250  -3.750
GLU02B3747_003   0.666  -4.285  -3.619
GLU02B3747_004   0.666  -4.285  -3.619
GLU-1B3747_005   0.468  -4.138  -3.670
GLU01B3748_001   0.499  -3.516  -3.018
GLU01B3748_002   0.499  -3.516  -3.018
GLU02B3748_003   0.665  -3.572  -2.907
GLU02B3748_004   0.665  -3.572  -2.907
GLU-1B3748_005   0.467  -3.531  -3.064
VAL01B3749_001   0.501  -7.173  -6.672
GLU01B3750_001   1.454  -2.267  -0.812
GLU01B3750_002   1.454  -2.267  -0.812
GLU02B3750_003   1.233  -2.179  -0.946
GLU02B3750_004   1.233  -2.179  -0.946
GLU-1B3750_005   1.127  -2.194  -1.067
VAL01B3751_001   0.633  -4.034  -3.400
SER01B3752_001   0.000  -3.229  -3.229
SER01B3752_002   0.000  -3.229  -3.229
PHE01B3753_001   4.421  -6.783  -2.362
GLU01B3754_001   1.632  -1.667  -0.035
GLU01B3754_002   1.632  -1.667  -0.035
GLU02B3754_003   1.367  -1.699  -0.332
GLU02B3754_004   1.367  -1.699  -0.332
GLU-1B3754_005   1.265  -1.640  -0.375
GLU01B3755_001   2.238  -0.983   1.255
GLU01B3755_002   2.238  -0.983   1.255
GLU02B3755_003   1.849  -0.967   0.882
GLU02B3755_004   1.849  -0.967   0.882
GLU-1B3755_005   1.745  -0.977   0.768
LYS01B3756_001   1.800  -6.583  -4.783
LYS+1B3756_002   1.713  -6.583  -4.870
GLU01B3757_001   3.340  -1.103   2.237
GLU01B3757_002   3.340  -1.103   2.237
GLU02B3757_003   2.666  -1.159   1.507
GLU02B3757_004   2.666  -1.159   1.507
GLU-1B3757_005   2.592  -1.103   1.489
MET01B3758_001   0.054  -0.832  -0.778
GLU01B3759_001   2.191  -0.577   1.613
GLU01B3759_002   2.191  -0.577   1.613
GLU02B3759_003   1.859  -0.512   1.348
GLU02B3759_004   1.859  -0.512   1.348
GLU-1B3759_005   1.729  -0.503   1.227
LYS01B3760_001   2.375  -7.087  -4.712
LYS+1B3760_002   2.323  -7.087  -4.763
GLN01B3761_001   0.791  -0.989  -0.198
GLN01B3761_002   0.674  -1.104  -0.430
ARG01B3762_001   3.484  -2.056   1.429
ARG02B3762_002   3.470  -2.056   1.414
ARG02B3762_003   3.556  -2.056   1.500
ARG03B3762_004   3.465  -2.056   1.409
ARG+1B3762_005   3.422  -2.056   1.366
LEU01B3763_001   1.323  -2.163  -0.840
LEU01B3764_001   1.812  -5.473  -3.661
TYR01B3765_001   5.127  -5.013   0.114
TYR-1B3765_002   5.127  -5.013   0.114
GLN01B3766_001   1.113  -0.069   1.044
GLN01B3766_002   0.940  -0.079   0.862
GLN01B3767_001   3.246  -1.636   1.610
SER01B3768_001   0.000  -1.983  -1.983
ARG01B3769_001   3.251  -0.199   3.052
ARG02B3769_002   3.233  -0.199   3.034
ARG03B3769_003   3.172  -0.199   2.973
ARG+1B3769_004   3.127  -0.199   2.928
LEU01B3770_001   3.756  -4.890  -1.134
CTR01B3770_001  -0.021  -4.045  -4.065
CTR01B3770_002   0.078  -4.161  -4.083
CTR02B3770_003  -0.022  -4.083  -4.105
CTR02B3770_004   0.028  -4.141  -4.114
CTR-1B3770_005   0.000  -4.083  -4.083
NTR01B3790_001  -0.003  -2.763  -2.765
NTR+1B3790_002  -0.005  -2.772  -2.777
CTR01B3790_001  -0.021  -4.653  -4.674
CTR01B3790_002   0.125  -4.846  -4.721
CTR02B3790_003  -0.022  -4.885  -4.907
CTR02B3790_004   0.051  -4.730  -4.679
CTR-1B3790_005   0.000  -4.730  -4.730
THR01B3790_001   0.266  -5.164  -4.899
THR01B3790_002   0.266  -5.164  -4.899
THR01B3790_003   0.266  -5.164  -4.899
NTR01B3793_001  -0.003  -3.374  -3.377
NTR+1B3793_002  -0.005  -3.374  -3.379
CTR01B3793_001  -0.021  -4.749  -4.770
CTR01B3793_002   0.101  -4.904  -4.803
CTR02B3793_003  -0.022  -4.672  -4.694
CTR02B3793_004   0.040  -4.808  -4.767
CTR-1B3793_005   0.000  -4.614  -4.614
MET01B3793_001  -0.016  -6.624  -6.640
NTR01B3829_001  -0.003  -2.976  -2.978
NTR+1B3829_002  -0.005  -2.976  -2.980
CTR01B3829_001  -0.021  -6.130  -6.151
CTR01B3829_002   0.106  -6.188  -6.082
CTR02B3829_003  -0.022  -6.111  -6.133
CTR02B3829_004   0.041  -6.188  -6.147
CTR-1B3829_005   0.000  -5.975  -5.975
PHE01B3829_001   5.446 -13.793  -8.347
NTR01B3840_001  -0.003  -2.642  -2.645
NTR+1B3840_002  -0.005  -2.642  -2.647
SER01B3840_001   0.000  -1.807  -1.807
SER01B3840_002   0.000  -1.807  -1.807
SER01B3840_003   0.000  -1.807  -1.807
VAL01B3841_001   0.842  -5.251  -4.409
LEU01B3842_001   2.550  -0.155   2.396
ASP01B3843_001   0.267  -2.015  -1.748
ASP01B3843_002   0.267  -2.015  -1.748
ASP02B3843_003   0.365  -2.017  -1.652
ASP02B3843_004   0.365  -2.017  -1.652
ASP-1B3843_005   0.250  -1.895  -1.645
LEU01B3844_001   1.917  -2.576  -0.658
ASN01B3845_001   0.316  -3.278  -2.962
ASN01B3845_002   0.488  -3.248  -2.760
ALA01B3846_001   0.000  -1.648  -1.648
PHE01B3847_001   4.706  -0.101   4.605
GLU01B3848_001   1.166  -1.141   0.025
GLU01B3848_002   1.166  -1.141   0.025
GLU02B3848_003   1.023  -1.087  -0.064
GLU02B3848_004   1.023  -1.087  -0.064
GLU-1B3848_005   0.909  -1.080  -0.172
ARG01B3849_001   2.637  -9.794  -7.157
ARG02B3849_002   2.699  -9.794  -7.094
ARG03B3849_003   2.618  -9.794  -7.176
ARG+1B3849_004   2.575  -9.794  -7.219
GLN01B3850_001   2.512  -0.034   2.478
ASN01B3851_001   0.195  -1.073  -0.878
ASN01B3851_002   0.017  -1.162  -1.144
LYS01B3852_001   1.015  -9.102  -8.087
LYS+1B3852_002   0.967  -9.102  -8.134
ALA01B3853_001   0.000  -0.995  -0.995
GLU01B3854_001   0.498  -1.880  -1.382
GLU01B3854_002   0.498  -1.880  -1.382
GLU02B3854_003   0.664  -1.829  -1.165
GLU02B3854_004   0.664  -1.829  -1.165
GLU-1B3854_005   0.467  -1.817  -1.350
LEU01B3856_001   1.621  -7.823  -6.202
MET01B3858_001   0.140  -8.802  -8.661
VAL01B3859_001   0.501  -2.695  -2.193
ASN01B3860_001  -0.019  -3.257  -3.277
GLU01B3861_001   0.499  -2.855  -2.356
GLU01B3861_002   0.499  -2.855  -2.356
GLU02B3861_003   0.666  -2.827  -2.161
GLU02B3861_004   0.666  -2.827  -2.161
GLU-1B3861_005   0.468  -2.743  -2.275
ASP01B3862_001  -0.040  -2.387  -2.427
ASP01B3862_002  -0.040  -2.387  -2.427
ASP02B3862_003  -0.009  -2.358  -2.367
ASP02B3862_004  -0.009  -2.358  -2.367
ASP-1B3862_005  -0.041  -2.303  -2.343
THR01B3864_001   0.152  -1.832  -1.681
THR01B3864_002   0.152  -1.832  -1.681
VAL01B3865_001   0.501  -5.695  -5.194
ILE01B3866_001   0.940  -5.151  -4.211
ASN01B3867_001  -0.019  -1.233  -1.252
ARG01B3868_0011192.300  -5.7741186.527
ARG02B3868_0021192.284  -5.7741186.510
ARG03B3868_0031192.316  -5.7741186.543
ARG03B3868_004 191.334  -5.774 185.560
ARG+1B3868_0051192.250  -5.7741186.476
GLN01B3869_001   0.455  -1.848  -1.392
ASN01B3870_001  -0.019  -0.169  -0.188
GLU01B3872_001   0.500  -3.921  -3.421
GLU01B3872_002   0.500  -3.921  -3.421
GLU02B3872_003   0.666  -3.952  -3.285
GLU02B3872_004   0.666  -3.952  -3.285
GLU-1B3872_005   0.469  -3.799  -3.330
LYS01B3873_001   1.171  -3.533  -2.362
LYS+1B3873_002   1.124  -3.533  -2.409
VAL01B3874_001   0.788   0.000   0.788
MET01B3875_001   0.399  -0.452  -0.053
ALA01B3876_001   0.000  -1.165  -1.165
ASP01B3877_001   0.119  -0.734  -0.615
ASP01B3877_002   0.119  -0.734  -0.615
ASP02B3877_003   0.202  -0.861  -0.659
ASP02B3877_004   0.202  -0.861  -0.659
ASP-1B3877_005   0.113  -0.758  -0.645
ASP01B3878_001   0.075  -1.276  -1.201
ASP01B3878_002   0.075  -1.276  -1.201
ASP02B3878_003   0.146  -1.298  -1.152
ASP02B3878_004   0.146  -1.298  -1.152
ASP-1B3878_005   0.071  -1.262  -1.191
GLU01B3879_001   0.500  -4.492  -3.992
GLU01B3879_002   0.500  -4.492  -3.992
GLU02B3879_003   0.667  -4.403  -3.736
GLU02B3879_004   0.667  -4.403  -3.736
GLU-1B3879_005   0.469  -4.341  -3.872
PHE01B3880_001   4.943  -7.789  -2.846
THR01B3881_001   0.263  -3.428  -3.166
GLN01B3882_001   2.647  -2.767  -0.120
GLN01B3882_002   4.365  -2.387   1.978
ASP01B3883_001   0.426  -3.467  -3.041
ASP01B3883_002   0.426  -3.467  -3.041
ASP02B3883_003   0.460  -3.500  -3.039
ASP02B3883_004   0.460  -3.500  -3.039
ASP-1B3883_005   0.360  -3.308  -2.948
CTR01B3883_001  -0.021  -3.726  -3.747
CTR01B3883_002   0.097  -3.861  -3.765
CTR02B3883_003  -0.022  -3.726  -3.748
CTR02B3883_004   0.038  -3.784  -3.746
CTR-1B3883_005   0.000  -3.726  -3.726
NTR01B3929_001  -0.003  -2.265  -2.268
NTR01B3929_002  -0.002  -2.265  -2.267
NTR+1B3929_003  -0.005  -2.265  -2.270
CTR01B3929_001  -0.021  -0.985  -1.006
CTR01B3929_002   0.105  -0.985  -0.879
CTR02B3929_003  -0.022  -1.139  -1.161
CTR02B3929_004   0.041  -1.062  -1.021
CTR-1B3929_005   0.000  -0.985  -0.985
SER01B3929_001   0.000  -0.816  -0.816
SER01B3929_002   0.000  -0.816  -0.816
NTR01B3931_001  -0.003  -0.450  -0.453
NTR+1B3931_002  -0.005  -0.450  -0.454
SER01B3931_001   0.000  -3.467  -3.467
SER01B3931_002   0.000  -3.467  -3.467
ASP01B3932_001   0.163  -2.547  -2.384
ASP01B3932_002   0.163  -2.547  -2.384
ASP02B3932_003   0.245  -2.746  -2.501
ASP02B3932_004   0.245  -2.746  -2.501
ASP-1B3932_005   0.153  -2.498  -2.345
PHE01B3933_001   5.012  -0.152   4.860
TYR01B3934_001   4.716  -1.707   3.009
TYR01B3934_002   4.716  -1.707   3.009
TYR-1B3934_003   4.716  -1.707   3.009
TRP01B3935_001   3.642 -10.599  -6.957
TYR01B3936_001   5.079  -4.196   0.883
TYR-1B3936_002   5.079  -4.196   0.883
TYR01B3937_001   5.324   0.000   5.324
TYR01B3937_002   5.324   0.000   5.324
TYR-1B3937_003   5.324   0.000   5.324
SER01B3938_001   0.000  -1.076  -1.076
SER01B3938_002   0.000  -1.076  -1.076
SER01B3938_003   0.000  -1.076  -1.076
LYS01B3940_001   1.224  -4.032  -2.808
LYS+1B3940_002   1.180  -4.032  -2.852
ASP01B3941_001   0.070  -2.898  -2.827
ASP01B3941_002   0.070  -2.898  -2.827
ASP02B3941_003   0.139  -2.955  -2.816
ASP02B3941_004   0.139  -2.955  -2.816
ASP-1B3941_005   0.066  -2.833  -2.767
VAL01B3942_001   0.485  -4.597  -4.112
ILE01B3943_001   1.478  -0.155   1.324
GLU01B3944_001   1.168  -2.502  -1.334
GLU01B3944_002   1.168  -2.502  -1.334
GLU02B3944_003   1.069  -2.554  -1.485
GLU02B3944_004   1.069  -2.554  -1.485
GLU-1B3944_005   0.930  -2.403  -1.473
GLU01B3945_001   3.798  -2.798   1.000
GLU01B3945_002   3.798  -2.798   1.000
GLU02B3945_003   3.060  -2.768   0.292
GLU02B3945_004   3.060  -2.768   0.292
GLU-1B3945_005   2.983  -2.754   0.228
GLN01B3946_001   0.815  -0.327   0.488
LYS01B3948_001   0.867  -1.290  -0.423
LYS+1B3948_002   0.823  -1.290  -0.468
ARG01B3949_001   3.145  -5.300  -2.155
ARG02B3949_002   3.125  -5.300  -2.175
ARG03B3949_003   3.197  -5.300  -2.103
ARG+1B3949_004   3.082  -5.300  -2.218
ASN01B3950_001   0.588   0.000   0.588
ASN01B3950_002   0.315   0.000   0.315
PHE01B3951_001   5.679  -0.825   4.854
SER01B3952_001   0.000  -1.615  -1.615
SER01B3952_002   0.000  -1.615  -1.615
SER01B3952_003   0.000  -1.615  -1.615
LYS01B3953_001   1.659  -2.542  -0.883
LYS+1B3953_002   1.612  -2.542  -0.929
ALA01B3954_001   0.000  -1.185  -1.185
MET01B3955_001   0.945  -0.148   0.797
SER01B3956_001   0.000  -1.856  -1.856
SER01B3956_002   0.000  -1.856  -1.856
SER01B3956_003   0.000  -1.856  -1.856
CTR01B3956_001  -0.021  -2.355  -2.376
CTR01B3956_002   0.099  -2.182  -2.083
CTR02B3956_003  -0.022  -2.220  -2.242
CTR02B3956_004   0.038  -2.240  -2.202
CTR-1B3956_005   0.000  -2.220  -2.220
NTR01B3995_001  -0.003  -1.580  -1.583
NTR+1B3995_002  -0.005  -1.580  -1.585
VAL01B3995_001   0.758  -2.988  -2.230
PHE01B3996_001   4.681  -5.347  -0.666
ALA01B3997_001   0.000   0.000   0.000
HIS01B3998_001  -0.121  -3.890  -4.011
HIS01B3998_002  -0.071  -3.719  -3.790
HIS02B3998_003  -0.141  -3.890  -4.030
HIS02B3998_004  -0.084  -3.719  -3.803
HIS+1B3998_005  -0.167  -3.890  -4.057
HIS+1B3998_006  -0.111  -3.719  -3.829
MET01B3999_001   0.027  -0.048  -0.021
MET01B4000_001   5.981  -0.192   5.789
MET01B4001_001  -0.024  -1.774  -1.798
LYS01B4002_001   1.142  -1.198  -0.056
LYS+1B4002_002   1.096  -1.198  -0.102
LEU01B4003_001   2.204  -0.052   2.153
ALA01B4004_001   0.000  -0.258  -0.258
GLN01B4005_001   1.571  -1.856  -0.285
GLN01B4005_002   2.545  -1.870   0.675
ASP01B4006_001   0.079  -1.352  -1.273
ASP01B4006_002   0.079  -1.352  -1.273
ASP02B4006_003   0.154  -1.315  -1.161
ASP02B4006_004   0.154  -1.315  -1.161
ASP-1B4006_005   0.076  -1.301  -1.224
SER01B4007_001   0.000  -3.591  -3.591
SER01B4007_002   0.000  -3.591  -3.591
SER01B4008_001   0.000  -3.605  -3.605
SER01B4008_002   0.000  -3.605  -3.605
GLN01B4009_001   1.901  -0.113   1.788
GLN01B4009_002   3.135  -0.113   3.022
ILE01B4010_001   1.220  -2.540  -1.320
GLU01B4011_001   4.676  -3.146   1.529
GLU01B4011_002   4.676  -3.146   1.529
GLU02B4011_003   3.759  -3.165   0.594
GLU02B4011_004   3.759  -3.165   0.594
GLU-1B4011_005   3.677  -3.127   0.551
LEU01B4012_001   1.704  -0.258   1.447
LEU01B4013_001   2.134  -0.309   1.825
LYS01B4014_001   2.856  -5.469  -2.613
LYS+1B4014_002   2.811  -5.469  -2.658
GLU01B4015_001   4.982  -1.417   3.565
GLU01B4015_002   4.982  -1.417   3.565
GLU02B4015_003   3.993  -1.448   2.545
GLU02B4015_004   3.993  -1.448   2.545
GLU-1B4015_005   3.927  -1.339   2.588
LEU01B4016_001   2.558  -0.052   2.507
LEU01B4017_001   2.042  -1.751   0.290
ASP01B4018_001   0.175  -2.040  -1.865
ASP01B4018_002   0.175  -2.040  -1.865
ASP02B4018_003   0.266  -2.137  -1.871
ASP02B4018_004   0.266  -2.137  -1.871
ASP-1B4018_005   0.166  -2.075  -1.909
LEU01B4019_001   2.132  -5.129  -2.997
CTR01B4019_001  -0.021  -2.683  -2.705
CTR01B4019_002   0.107  -2.722  -2.616
CTR02B4019_003  -0.022  -2.722  -2.744
CTR02B4019_004   0.041  -2.780  -2.739
CTR-1B4019_005   0.000  -2.722  -2.722
NTR01B4053_001  -0.003  -2.950  -2.953
NTR+1B4053_002  -0.005  -2.950  -2.955
SER01B4053_001   0.000  -4.940  -4.940
SER01B4053_002   0.000  -4.940  -4.940
ASN01B4054_001   0.301  -1.998  -1.698
ASN01B4054_002   0.461  -2.057  -1.597
VAL01B4055_001   0.754  -6.967  -6.213
CTR01B4055_001  -0.021  -0.753  -0.774
CTR01B4055_002   0.103  -0.753  -0.650
CTR02B4055_003  -0.022  -0.695  -0.717
CTR02B4055_004   0.041  -0.830  -0.790
CTR-1B4055_005   0.000  -0.753  -0.753
NTR01B4057_001  -0.003  -0.257  -0.260
NTR+1B4057_002  -0.005  -0.257  -0.262
MET01B4057_001   0.224  -2.802  -2.577
ILE01B4058_001   2.545  -2.881  -0.336
LEU01B4059_001   1.789  -6.812  -5.023
LYS01B4060_001   1.353  -6.076  -4.722
LYS+1B4060_002   1.307  -6.076  -4.768
PHE01B4061_001   4.522  -0.556   3.966
PHE01B4062_001   5.087  -2.386   2.701
ASP01B4063_001   0.236  -1.565  -1.329
ASP01B4063_002   0.236  -1.565  -1.329
ASP02B4063_003   0.331  -1.535  -1.203
ASP02B4063_004   0.331  -1.535  -1.203
ASP-1B4063_005   0.222  -1.512  -1.290
MET01B4064_001   1.168  -1.262  -0.094
PHE01B4065_001   5.652  -0.271   5.381
LEU01B4066_001   1.451  -5.338  -3.887
LYS01B4067_001   3.867  -1.459   2.407
LYS+1B4067_002   3.820  -1.459   2.360
LEU01B4068_001   1.502  -0.052   1.451
LYS01B4069_001   3.033  -5.433  -2.400
LYS+1B4069_002   2.967  -5.433  -2.466
ASP01B4070_001   0.163  -2.596  -2.433
ASP01B4070_002   0.163  -2.596  -2.433
ASP02B4070_003   0.245  -2.603  -2.358
ASP02B4070_004   0.245  -2.603  -2.358
ASP-1B4070_005   0.153  -2.511  -2.358
ILE01B4071_001   1.920  -0.361   1.559
VAL01B4072_001   0.568  -0.876  -0.308
SER01B4074_001   0.000  -1.968  -1.968
GLU01B4075_001   1.342  -3.166  -1.824
GLU01B4075_002   1.342  -3.166  -1.824
GLU02B4075_003   1.132  -3.211  -2.079
GLU02B4075_004   1.132  -3.211  -2.079
GLU-1B4075_005   1.032  -3.137  -2.105
ALA01B4076_001   0.000  -2.782  -2.782
PHE01B4077_001   4.504   0.000   4.504
GLN01B4078_001   0.741  -1.693  -0.952
GLN01B4078_002   0.655  -1.667  -1.012
ASP01B4079_001   0.189  -2.534  -2.344
ASP01B4079_002   0.189  -2.534  -2.344
ASP02B4079_003   0.280  -2.655  -2.375
ASP02B4079_004   0.280  -2.655  -2.375
ASP-1B4079_005   0.179  -2.485  -2.305
TYR01B4080_001   5.435  -1.143   4.291
TYR-1B4080_002   5.435  -1.143   4.291
VAL01B4081_001   0.703  -0.361   0.342
THR01B4082_001   0.203  -6.317  -6.114
ASP01B4083_001   0.218  -0.937  -0.718
ASP01B4083_002   0.218  -0.937  -0.718
ASP02B4083_003   0.304  -1.012  -0.707
ASP02B4083_004   0.304  -1.012  -0.707
ASP-1B4083_005   0.203  -0.896  -0.693
PRO01B4084_001   0.260  -6.279  -6.019
ARG01B4085_001   2.414  -8.280  -5.866
ARG02B4085_002   2.344  -8.280  -5.936
ARG02B4085_003   2.405  -8.280  -5.875
ARG03B4085_004   2.339  -8.280  -5.941
ARG+1B4085_005   2.300  -8.280  -5.980
LEU01B4087_001   2.182  -4.308  -2.125
ILE01B4088_001   5.906   0.000   5.906
SER01B4089_001   0.000  -1.877  -1.877
SER01B4089_002   0.000  -1.877  -1.877
SER01B4089_003   0.000  -1.877  -1.877
LYS01B4090_001   3.085  -2.057   1.028
LYS+1B4090_002   3.039  -2.057   0.982
LYS01B4091_001   0.762  -9.055  -8.293
LYS+1B4091_002   0.718  -9.055  -8.337
ASP01B4092_001   0.041  -0.624  -0.583
ASP01B4092_002   0.041  -0.624  -0.583
ASP02B4092_003   0.102  -0.685  -0.583
ASP02B4092_004   0.102  -0.685  -0.583
ASP-1B4092_005   0.038  -0.671  -0.633
PHE01B4093_001   4.929   0.000   4.929
GLN01B4094_001   1.194  -1.355  -0.160
GLN01B4094_002   1.557  -1.240   0.318
LYS01B4095_001   2.522  -6.395  -3.873
LYS+1B4095_002   2.475  -6.395  -3.920
ALA01B4096_001   0.000  -0.155  -0.155
MET01B4097_001  -0.041   0.000  -0.041
ASP01B4098_001   0.425  -2.644  -2.219
ASP01B4098_002   0.425  -2.644  -2.219
ASP02B4098_003   0.460  -2.628  -2.167
ASP02B4098_004   0.460  -2.628  -2.167
ASP-1B4098_005   0.360  -2.584  -2.224
SER01B4099_001   0.000  -2.197  -2.197
SER01B4099_002   0.000  -2.197  -2.197
GLN01B4100_001   2.682  -0.881   1.802
GLN01B4100_002   4.415  -0.761   3.654
LYS01B4101_001   0.940 -10.533  -9.593
LYS+1B4101_002   0.890 -10.533  -9.643
GLN01B4102_001   1.237  -2.163  -0.926
GLN01B4102_002   1.896  -2.242  -0.346
PHE01B4103_001   5.283  -0.154   5.129
THR01B4104_001   0.197  -4.158  -3.961
PRO01B4106_001   0.269  -6.534  -6.265
GLU01B4107_001   2.574  -1.366   1.208
GLU01B4107_002   2.574  -1.366   1.208
GLU02B4107_003   2.057  -1.581   0.475
GLU02B4107_004   2.057  -1.581   0.475
GLU-1B4107_005   1.985  -1.460   0.525
ILE01B4108_001   2.347  -0.103   2.244
GLN01B4109_001   0.684  -2.375  -1.690
GLN01B4109_002   0.610  -2.503  -1.893
PHE01B4110_001   5.065  -0.632   4.433
LEU01B4111_001   2.056  -0.103   1.953
LEU01B4112_001   1.609  -0.309   1.300
SER01B4113_001   0.000  -1.574  -1.574
SER01B4113_002   0.000  -1.574  -1.574
CYS01B4114_001  -0.002  -0.282  -0.284
CYS01B4114_002  -0.002  -0.282  -0.284
CYS01B4114_003  -0.002  -0.282  -0.284
CYS-1B4114_004   0.000  -0.282  -0.282
SER01B4115_001   0.000   0.000   0.000
SER01B4115_002   0.000   0.000   0.000
GLU01B4116_001   1.805  -1.706   0.099
GLU01B4116_002   1.805  -1.706   0.099
GLU02B4116_003   1.488  -1.693  -0.205
GLU02B4116_004   1.488  -1.693  -0.205
GLU-1B4116_005   1.394  -1.654  -0.259
ALA01B4117_001   0.000  -2.901  -2.901
ASP01B4118_001   0.420  -2.344  -1.925
ASP01B4118_002   0.420  -2.344  -1.925
ASP02B4118_003   0.473  -2.315  -1.843
ASP02B4118_004   0.473  -2.315  -1.843
ASP-1B4118_005   0.363  -2.218  -1.855
GLU01B4119_001   2.097  -3.777  -1.681
GLU01B4119_002   2.097  -3.777  -1.681
GLU02B4119_003   1.773  -3.873  -2.099
GLU02B4119_004   1.773  -3.873  -2.099
GLU-1B4119_005   1.653  -3.794  -2.141
ASN01B4120_001   0.027  -1.665  -1.637
ASN01B4120_002   0.202  -1.731  -1.529
GLU01B4121_001   3.547  -2.719   0.828
GLU01B4121_002   3.547  -2.719   0.828
GLU02B4121_003   2.840  -2.924  -0.084
GLU02B4121_004   2.840  -2.924  -0.084
GLU-1B4121_005   2.771  -2.764   0.007
MET01B4122_001   0.144  -1.008  -0.864
ILE01B4123_001   2.602   0.000   2.602
ASN01B4124_001   0.122  -1.747  -1.625
ASN01B4124_002  -0.024  -1.585  -1.609
PHE01B4125_001   4.852  -2.021   2.831
GLU01B4126_001   0.499  -3.432  -2.933
GLU01B4126_002   0.499  -3.432  -2.933
GLU02B4126_003   0.666  -3.433  -2.766
GLU02B4126_004   0.666  -3.433  -2.766
GLU-1B4126_005   0.468  -3.389  -2.921
GLU01B4127_001   4.174  -1.153   3.022
GLU01B4127_002   4.174  -1.153   3.022
GLU02B4127_003   3.358  -1.266   2.092
GLU02B4127_004   3.358  -1.266   2.092
GLU-1B4127_005   3.277  -1.200   2.077
PHE01B4128_001   4.934   0.000   4.934
ALA01B4129_001   0.000  -0.412  -0.412
ASN01B4130_001   0.263  -1.742  -1.479
ASN01B4130_002   0.470  -1.683  -1.213
ARG01B4131_001   2.566  -0.942   1.624
ARG02B4131_002   2.493  -0.942   1.551
ARG02B4131_003   2.553  -0.942   1.611
ARG03B4131_004   2.488  -0.942   1.546
ARG03B4131_005   2.494  -0.942   1.552
ARG+1B4131_006   2.449  -0.942   1.507
PHE01B4132_001   5.098  -0.977   4.121
GLN01B4133_001   1.892  -2.490  -0.598
GLN01B4133_002   2.923  -2.291   0.632
GLU01B4134_001   5.288  -1.159   4.129
GLU01B4134_002   5.288  -1.159   4.129
GLU02B4134_003   4.231  -1.075   3.156
GLU02B4134_004   4.231  -1.075   3.156
GLU-1B4134_005   4.163  -1.081   3.082
PRO01B4135_001   0.300  -0.295   0.005
CTR01B4135_001  -0.021  -2.433  -2.454
CTR01B4135_002   0.103  -2.394  -2.292
CTR02B4135_003  -0.022  -2.355  -2.378
CTR02B4135_004   0.038  -2.394  -2.356
CTR-1B4135_005   0.000  -2.355  -2.355
NTR01B4136_001  -0.003   0.000  -0.003
NTR+1B4136_002  -0.005   0.000  -0.005
ALA01B4136_001   0.000  -0.309  -0.309
ARG01B4137_001   3.073 -11.303  -8.230
ARG02B4137_002   3.028 -11.303  -8.275
ARG03B4137_003   3.120 -11.303  -8.182
ARG+1B4137_004   2.988 -11.303  -8.314
CTR01B4137_001  -0.021  -4.875  -4.896
CTR01B4137_002   0.107  -4.759  -4.652
CTR02B4137_003  -0.022  -4.681  -4.704
CTR02B4137_004   0.041  -4.836  -4.795
CTR-1B4137_005   0.000  -4.701  -4.701
NTR01B4249_001  -0.003  -3.126  -3.129
NTR+1B4249_002  -0.005  -3.126  -3.131
ALA01B4249_001   0.000  -4.546  -4.546
GLN01B4250_001   2.593  -4.500  -1.906
ILE01B4251_001   2.245  -2.901  -0.655
SER01B4252_001   0.000  -3.735  -3.735
SER01B4252_002   0.000  -3.735  -3.735
GLU01B4253_001   0.497  -2.424  -1.927
GLU01B4253_002   0.497  -2.424  -1.927
GLU02B4253_003   0.663  -2.321  -1.658
GLU02B4253_004   0.663  -2.321  -1.658
GLU-1B4253_005   0.466  -2.287  -1.821
CTR01B4253_001  -0.021  -5.280  -5.301
CTR01B4253_002   0.108  -5.203  -5.095
CTR02B4253_003  -0.022  -5.299  -5.322
CTR02B4253_004   0.042  -5.126  -5.084
CTR-1B4253_005   0.000  -5.164  -5.164
NTR01B4540_001  -0.003  -2.874  -2.876
NTR+1B4540_002  -0.005  -2.874  -2.878
PHE01B4540_001   2.030  -3.282  -1.252
TRP01B4541_001   0.642 -14.420 -13.778
GLU01B4543_001   0.498  -3.536  -3.038
GLU01B4543_002   0.498  -3.536  -3.038
GLU02B4543_003   0.664  -3.565  -2.901
GLU02B4543_004   0.664  -3.565  -2.901
GLU-1B4543_005   0.467  -3.450  -2.983
LEU01B4544_001   1.457  -3.709  -2.251
GLU01B4545_001   0.499  -2.591  -2.093
GLU01B4545_002   0.499  -2.591  -2.093
GLU02B4545_003   0.665  -2.467  -1.802
GLU02B4545_004   0.665  -2.467  -1.802
GLU-1B4545_005   0.467  -2.507  -2.039
VAL01B4546_001   0.502  -5.934  -5.432
GLN01B4547_001   1.240  -2.899  -1.659
GLN01B4547_002   1.727  -2.802  -1.075
ARG01B4548_001   5.317  -7.491  -2.174
ARG02B4548_002   5.257  -7.491  -2.234
ARG03B4548_003   5.265  -7.491  -2.226
ARG+1B4548_004   5.217  -7.491  -2.274
VAL01B4549_001   0.830  -3.863  -3.034
LYS01B4550_001   3.789  -4.135  -0.346
LYS+1B4550_002   3.694  -4.135  -0.441
PHE01B4551_001   4.894  -7.030  -2.137
LEU01B4552_001   4.194  -1.133   3.060
ASN01B4553_001   0.296  -0.945  -0.649
ASN01B4553_002   0.464  -0.950  -0.485
TYR01B4554_001   4.559  -7.581  -3.022
TYR-1B4554_002   4.559  -7.581  -3.022
LEU01B4555_001   2.337  -0.309   2.027
SER01B4556_001   0.000   0.000   0.000
SER01B4556_002   0.000   0.000   0.000
ARG01B4557_001   6.835  -4.148   2.687
ARG02B4557_002   6.788  -4.148   2.641
ARG02B4557_003   6.793  -4.148   2.646
ARG03B4557_004   6.851  -4.148   2.704
ARG+1B4557_005   6.747  -4.148   2.600
ASN01B4558_001   0.197  -1.036  -0.839
PHE01B4559_001   4.635  -0.960   3.675
TYR01B4560_001   4.797  -9.674  -4.877
TYR-1B4560_002   4.797  -9.674  -4.877
THR01B4561_001   0.263  -4.240  -3.977
LEU01B4562_001   2.442  -0.924   1.518
ARG01B4563_001   1.552  -1.965  -0.413
ARG02B4563_002   1.506  -1.965  -0.459
ARG02B4563_003   1.511  -1.965  -0.454
ARG03B4563_004   1.511  -1.965  -0.455
ARG03B4563_005   1.570  -1.965  -0.395
ARG+1B4563_006   1.467  -1.965  -0.498
PHE01B4564_001   4.972  -8.369  -3.397
LEU01B4565_001   1.474  -3.757  -2.283
ALA01B4566_001   0.000   0.000   0.000
LEU01B4567_001   1.669  -2.112  -0.443
PHE01B4568_001   4.877  -8.397  -3.519
LEU01B4569_001   3.810  -0.309   3.501
ALA01B4570_001   0.000   0.000   0.000
PHE01B4571_001   4.822  -6.396  -1.574
ALA01B4572_001   0.000  -1.835  -1.835
ILE01B4573_001   1.966  -0.052   1.914
ASN01B4574_001   0.420  -0.289   0.130
ASN01B4574_002   0.196  -0.247  -0.051
PHE01B4575_001   4.822  -8.839  -4.017
ILE01B4576_001   5.057  -0.856   4.201
LEU01B4577_001   3.549  -2.350   1.198
LEU01B4578_001   2.119  -5.940  -3.821
PHE01B4579_001   4.927  -2.964   1.963
TYR01B4580_001   4.543  -3.335   1.208
TYR-1B4580_002   4.543  -3.335   1.208
LYS01B4581_001   1.439  -6.064  -4.625
LYS+1B4581_002   1.391  -6.064  -4.674
VAL01B4582_001   0.514  -5.663  -5.149
SER01B4583_001   0.000  -0.500  -0.500
SER01B4583_002   0.000  -0.500  -0.500
SER01B4583_003   0.000  -0.500  -0.500
ASP01B4584_001  -0.040  -3.864  -3.904
ASP01B4584_002  -0.040  -3.864  -3.904
ASP02B4584_003  -0.009  -3.760  -3.769
ASP02B4584_004  -0.009  -3.760  -3.769
ASP-1B4584_005  -0.040  -3.695  -3.735
SER01B4585_001   0.000  -3.167  -3.167
SER01B4585_002   0.000  -3.167  -3.167
PRO01B4586_001   0.285  -5.653  -5.368
PRO01B4587_001   0.260  -4.482  -4.222
CTR01B4587_001  -0.021  -4.817  -4.838
CTR01B4587_002   0.085  -5.030  -4.945
CTR02B4587_003  -0.022  -4.817  -4.839
CTR02B4587_004   0.030  -4.914  -4.884
CTR-1B4587_005   0.000  -4.817  -4.817
NTR01B4626_001  -0.003  -3.625  -3.628
NTR+1B4626_002  -0.005  -3.625  -3.630
ASN01B4626_001  -0.020  -3.352  -3.371
MET01B4627_001   0.141  -3.792  -3.652
VAL01B4628_001   0.567  -2.814  -2.247
TYR01B4629_001   4.799  -8.293  -3.494
TYR-1B4629_002   4.799  -8.293  -3.494
TYR01B4630_001   4.869  -3.914   0.955
TYR-1B4630_002   4.869  -3.914   0.955
PHE01B4631_001   5.019  -2.637   2.382
LEU01B4632_001   2.050  -4.356  -2.306
GLU01B4633_001   3.267  -2.487   0.780
GLU01B4633_002   3.267  -2.487   0.780
GLU02B4633_003   2.611  -2.605   0.005
GLU02B4633_004   2.611  -2.605   0.005
GLU-1B4633_005   2.542  -2.550  -0.008
GLU01B4634_001   2.434  -1.195   1.240
GLU01B4634_002   2.434  -1.195   1.240
GLU02B4634_003   1.926  -1.084   0.843
GLU02B4634_004   1.926  -1.084   0.843
GLU-1B4634_005   1.868  -1.076   0.791
SER01B4635_001   0.000  -5.079  -5.079
THR01B4636_001   0.187  -2.089  -1.902
THR01B4636_002   0.187  -2.089  -1.902
THR01B4636_003   0.187  -2.089  -1.902
TYR01B4638_001   4.752  -9.029  -4.277
TYR01B4638_002   4.752  -9.029  -4.277
TYR-1B4638_003   4.752  -9.029  -4.277
MET01B4639_001  29.515   0.000  29.515
GLU01B4640_001   2.286  -2.312  -0.025
GLU01B4640_002   2.286  -2.312  -0.025
GLU02B4640_003   1.886  -2.161  -0.276
GLU02B4640_004   1.886  -2.161  -0.276
GLU-1B4640_005   1.785  -2.269  -0.484
PRO01B4641_001   0.248  -6.389  -6.142
ALA01B4642_001   0.000  -2.849  -2.849
LEU01B4643_001   3.439  -1.545   1.893
TRP01B4644_001   2.867  -8.812  -5.946
CYS01B4645_001  -0.002  -3.719  -3.721
CYS01B4645_002  -0.002  -3.719  -3.721
CYS01B4645_003  -0.002  -3.719  -3.722
CYS-1B4645_004   0.000  -3.719  -3.719
LEU01B4646_001   1.490  -3.261  -1.771
SER01B4647_001   0.000   0.000   0.000
SER01B4647_002   0.000   0.000   0.000
LEU01B4648_001   2.483  -4.977  -2.494
LEU01B4649_001   2.411  -3.622  -1.211
HIS01B4650_001  -0.139   0.000  -0.139
HIS02B4650_002  -0.158   0.000  -0.158
HIS+1B4650_003  -0.185   0.000  -0.185
THR01B4651_001   0.244  -1.325  -1.081
THR01B4651_002   0.244  -1.325  -1.081
LEU01B4652_001   4.021  -5.663  -1.642
VAL01B4653_001   0.719  -0.515   0.204
ALA01B4654_001   0.000   0.000   0.000
PHE01B4655_001   4.962  -7.742  -2.780
LEU01B4656_001   2.107  -2.163  -0.056
CYS01B4657_001  -0.002   0.000  -0.002
CYS01B4657_002  -0.002   0.000  -0.002
CYS01B4657_003  -0.002   0.000  -0.002
CYS-1B4657_004   0.000   0.000   0.000
ILE01B4658_001   2.288  -2.263   0.024
ILE01B4659_001   2.677  -3.087  -0.411
TYR01B4661_001   5.403  -0.354   5.049
TYR01B4661_002   5.403  -0.354   5.049
TYR-1B4661_003   5.403  -0.354   5.049
ASN01B4662_001   0.188  -2.072  -1.884
ASN01B4662_002   0.016  -1.984  -1.968
CYS01B4663_001  -0.002  -1.408  -1.409
CYS01B4663_002  -0.002  -1.408  -1.409
CYS01B4663_003  -0.003  -1.408  -1.410
CYS-1B4663_004   0.000  -1.408  -1.408
LEU01B4664_001   2.079  -3.483  -1.404
LYS01B4665_001   3.658  -4.657  -0.999
LYS+1B4665_002   3.569  -4.657  -1.088
VAL01B4666_001   0.319  -2.025  -1.706
CTR01B4666_001  -0.021  -3.321  -3.342
CTR01B4666_002   0.114  -3.379  -3.265
CTR02B4666_003  -0.022  -3.321  -3.343
CTR02B4666_004   0.046  -3.398  -3.352
CTR-1B4666_005   0.000  -3.321  -3.321
NTR01B4674_001  -0.003  -1.998  -2.001
NTR+1B4674_002  -0.005  -1.998  -2.003
CTR01B4674_001  -0.021  -1.255  -1.276
CTR01B4674_002   0.098  -1.429  -1.330
CTR02B4674_003  -0.022  -1.274  -1.296
CTR02B4674_004   0.038  -1.274  -1.236
CTR-1B4674_005   0.000  -1.274  -1.274
GLU01B4674_001   1.795  -0.475   1.320
GLU01B4674_002   1.795  -0.475   1.320
GLU02B4674_003   1.465  -0.471   0.994
GLU02B4674_004   1.465  -0.471   0.994
GLU-1B4674_005   1.387  -0.473   0.914
NTR01B4676_001  -0.003  -0.646  -0.649
NTR+1B4676_002  -0.005  -0.646  -0.651
CTR01B4676_001  -0.021  -0.637  -0.658
CTR01B4676_002   0.102  -0.637  -0.535
CTR02B4676_003  -0.022  -0.637  -0.659
CTR02B4676_004   0.039  -0.618  -0.579
CTR-1B4676_005   0.000  -0.637  -0.637
GLU01B4676_001   4.336  -2.660   1.676
GLU01B4676_002   4.336  -2.660   1.676
GLU02B4676_003   3.464  -2.638   0.827
GLU02B4676_004   3.464  -2.638   0.827
GLU-1B4676_005   3.401  -2.588   0.813
NTR01B4679_001  -0.003  -0.707  -0.710
NTR+1B4679_002  -0.005  -0.707  -0.712
ARG01B4679_001   1.772  -8.352  -6.580
ARG02B4679_002   1.760  -8.352  -6.593
ARG02B4679_003   1.848  -8.352  -6.504
ARG03B4679_004   1.751  -8.352  -6.602
ARG03B4679_005   1.753  -8.352  -6.599
ARG+1B4679_006   1.711  -8.352  -6.641
LYS01B4680_001   1.042  -6.035  -4.993
LYS+1B4680_002   0.993  -6.035  -5.042
LEU01B4681_001   1.386  -0.670   0.717
GLU01B4682_001   2.580  -0.589   1.991
GLU01B4682_002   2.580  -0.589   1.991
GLU02B4682_003   2.082  -0.591   1.492
GLU02B4682_004   2.082  -0.591   1.492
GLU-1B4682_005   2.007  -0.564   1.443
PHE01B4683_001   5.159  -8.077  -2.918
ASP01B4684_001   0.259  -2.038  -1.779
ASP01B4684_002   0.259  -2.038  -1.779
ASP02B4684_003   0.363  -2.201  -1.838
ASP02B4684_004   0.363  -2.201  -1.838
ASP-1B4684_005   0.245  -2.024  -1.779
LEU01B4686_001   2.099  -2.093   0.006
TYR01B4687_001   5.449  -0.455   4.995
TYR01B4687_002   5.449  -0.455   4.995
TYR-1B4687_003   5.449  -0.455   4.995
ILE01B4688_001   2.192   0.000   2.192
THR01B4689_001   0.228  -2.964  -2.736
THR01B4689_002   0.228  -2.964  -2.736
GLU01B4690_001   3.821  -3.139   0.683
GLU01B4690_002   3.821  -3.139   0.683
GLU02B4690_003   3.052  -3.314  -0.261
GLU02B4690_004   3.052  -3.314  -0.261
GLU-1B4690_005   2.984  -3.075  -0.091
GLN01B4691_001   1.751  -2.743  -0.992
GLN01B4691_002   2.563  -2.793  -0.230
PRO01B4692_001   0.419  -0.196   0.223
ASP01B4694_001   0.197  -2.232  -2.035
ASP01B4694_002   0.197  -2.232  -2.035
ASP02B4694_003   0.288  -2.328  -2.040
ASP02B4694_004   0.288  -2.328  -2.040
ASP-1B4694_005   0.186  -2.209  -2.023
ASP01B4695_001   0.182  -3.267  -3.085
ASP01B4695_002   0.182  -3.267  -3.085
ASP02B4695_003   0.274  -3.312  -3.038
ASP02B4695_004   0.274  -3.312  -3.038
ASP-1B4695_005   0.173  -3.247  -3.074
ASP01B4696_001   0.143  -3.105  -2.962
ASP01B4696_002   0.143  -3.105  -2.962
ASP02B4696_003   0.221  -3.153  -2.932
ASP02B4696_004   0.221  -3.153  -2.932
ASP-1B4696_005   0.133  -3.067  -2.933
VAL01B4697_001   0.721  -7.070  -6.348
LYS01B4698_001   1.834  -6.895  -5.061
LYS+1B4698_002   1.785  -6.895  -5.110
GLN01B4700_001   1.893  -1.867   0.025
GLN01B4700_002   1.385  -1.981  -0.597
TRP01B4701_001   3.544  -4.096  -0.553
ASP01B4702_001   0.127  -0.622  -0.495
ASP01B4702_002   0.127  -0.622  -0.495
ASP02B4702_003   0.203  -0.435  -0.231
ASP02B4702_004   0.203  -0.435  -0.231
ASP-1B4702_005   0.119  -0.586  -0.467
ARG01B4703_001   2.636  -5.106  -2.470
ARG02B4703_002   2.589  -5.106  -2.517
ARG03B4703_003   2.685  -5.106  -2.421
ARG+1B4703_004   2.548  -5.106  -2.558
LEU01B4704_001   3.868  -3.004   0.864
VAL01B4705_001   0.555   0.000   0.555
LEU01B4706_001   1.620  -0.258   1.362
ASN01B4707_001   0.575  -1.384  -0.810
THR01B4708_001   0.276   0.000   0.276
THR01B4708_002   0.276   0.000   0.276
PRO01B4709_001   0.292  -4.692  -4.400
SER01B4710_001   0.000  -1.456  -1.456
SER01B4710_002   0.000  -1.456  -1.456
SER01B4710_003   0.000  -1.456  -1.456
PHE01B4711_001   5.236  -1.011   4.225
PRO01B4712_001   0.345  -0.222   0.123
SER01B4713_001   0.000  -1.465  -1.465
SER01B4713_002   0.000  -1.465  -1.465
ASN01B4714_001   0.153  -3.066  -2.913
ASN01B4714_002  -0.005  -3.248  -3.253
TYR01B4715_001   5.341  -4.919   0.422
TYR01B4715_002   5.341  -4.919   0.422
TYR-1B4715_003   5.341  -4.919   0.422
CTR01B4715_001  -0.021  -1.989  -2.010
CTR01B4715_002   0.119  -1.873  -1.754
CTR02B4715_003  -0.022  -2.066  -2.088
CTR02B4715_004   0.048  -2.008  -1.960
CTR-1B4715_005   0.000  -1.989  -1.989
NTR01B4717_001  -0.003  -0.993  -0.996
NTR+1B4717_002  -0.005  -0.993  -0.998
ASP01B4717_001   0.272  -1.493  -1.221
ASP01B4717_002   0.272  -1.493  -1.221
ASP02B4717_003   0.304  -1.451  -1.147
ASP02B4717_004   0.304  -1.451  -1.147
ASP-1B4717_005   0.226  -1.442  -1.216
LYS01B4718_001   0.670  -3.151  -2.481
LYS+1B4718_002   0.627  -3.151  -2.524
PHE01B4719_001   4.999  -3.252   1.747
VAL01B4720_001   0.793  -1.236  -0.443
LYS01B4721_001   0.821  -1.094  -0.273
LYS+1B4721_002   0.774  -1.094  -0.320
ARG01B4722_001   3.401  -5.668  -2.267
ARG02B4722_002   3.353  -5.668  -2.315
ARG03B4722_003   3.437  -5.668  -2.232
ARG+1B4722_004   3.308  -5.668  -2.360
LYS01B4723_001   1.880  -5.791  -3.911
LYS+1B4723_002   1.831  -5.791  -3.960
VAL01B4724_001   0.531  -0.052   0.479
LEU01B4725_001   2.832  -0.789   2.043
ASP01B4726_001   0.118  -3.302  -3.184
ASP01B4726_002   0.118  -3.302  -3.184
ASP02B4726_003   0.204  -3.231  -3.028
ASP02B4726_004   0.204  -3.231  -3.028
ASP-1B4726_005   0.114  -3.252  -3.137
LYS01B4727_001   1.802  -3.508  -1.706
LYS+1B4727_002   1.752  -3.508  -1.756
HIS01B4728_001  -0.104  -1.499  -1.603
HIS01B4728_002  -0.051  -1.749  -1.800
HIS02B4728_003  -0.124  -1.499  -1.623
HIS02B4728_004  -0.064  -1.749  -1.813
HIS+1B4728_005  -0.151  -1.499  -1.650
HIS+1B4728_006  -0.090  -1.749  -1.840
ASP01B4730_001   0.103  -3.401  -3.297
ASP01B4730_002   0.103  -3.401  -3.297
ASP02B4730_003   0.184  -3.304  -3.120
ASP02B4730_004   0.184  -3.304  -3.120
ASP-1B4730_005   0.100  -3.221  -3.122
ILE01B4731_001   2.555  -5.232  -2.676
PHE01B4732_001   4.235  -4.305  -0.070
ARG01B4734_001   2.371  -7.636  -5.264
ARG02B4734_002   2.347  -7.636  -5.288
ARG03B4734_003   2.356  -7.636  -5.280
ARG+1B4734_004   2.308  -7.636  -5.328
GLU01B4735_001   3.246  -2.902   0.344
GLU01B4735_002   3.246  -2.902   0.344
GLU02B4735_003   2.632  -2.877  -0.245
GLU02B4735_004   2.632  -2.877  -0.245
GLU-1B4735_005   2.542  -2.863  -0.320
ARG01B4736_001   4.534  -7.830  -3.296
ARG02B4736_002   4.484  -7.830  -3.347
ARG03B4736_003   4.486  -7.830  -3.344
ARG+1B4736_004   4.438  -7.830  -3.393
ILE01B4737_001   2.211   0.000   2.211
ALA01B4738_001   0.000  -0.103  -0.103
GLU01B4739_001   4.005  -2.371   1.635
GLU01B4739_002   4.005  -2.371   1.635
GLU02B4739_003   3.207  -2.454   0.753
GLU02B4739_004   3.207  -2.454   0.753
GLU-1B4739_005   3.138  -2.380   0.757
LEU01B4740_001   2.459  -2.212   0.247
LEU01B4741_001   1.458  -0.155   1.304
MET01B4743_001   1.831  -0.671   1.160
ASP01B4744_001  -0.041  -2.189  -2.230
ASP01B4744_002  -0.041  -2.189  -2.230
ASP02B4744_003  -0.009  -2.224  -2.234
ASP02B4744_004  -0.009  -2.224  -2.234
ASP-1B4744_005  -0.041  -2.127  -2.168
LEU01B4745_001   1.456  -6.059  -4.603
ALA01B4746_001   0.000  -1.030  -1.030
SER01B4747_001   0.000  -1.215  -1.215
SER01B4747_002   0.000  -1.215  -1.215
LEU01B4748_001   1.457  -6.024  -4.566
GLU01B4749_001   0.499  -2.525  -2.026
GLU01B4749_002   0.499  -2.525  -2.026
GLU02B4749_003   0.666  -2.527  -1.861
GLU02B4749_004   0.666  -2.527  -1.861
GLU-1B4749_005   0.468  -2.463  -1.995
ILE01B4750_001   0.941  -1.854  -0.913
THR01B4751_001   0.152  -5.170  -5.018
THR01B4751_002   0.152  -5.170  -5.018
ALA01B4752_001   0.000  -3.087  -3.087
HIS01B4753_001  -0.354  -1.477  -1.831
HIS02B4753_002  -0.363  -1.477  -1.840
HIS+1B4753_003  -0.383  -1.477  -1.860
ASN01B4754_001  -0.020  -0.620  -0.640
GLU01B4755_001   0.499  -1.997  -1.498
GLU01B4755_002   0.499  -1.997  -1.498
GLU02B4755_003   0.665  -1.919  -1.254
GLU02B4755_004   0.665  -1.919  -1.254
GLU-1B4755_005   0.468  -1.874  -1.406
ARG01B4756_0011191.147  -4.7251186.422
ARG02B4756_0021191.130  -4.7251186.405
ARG03B4756_0031191.163  -4.7251186.438
ARG03B4756_004 190.190  -4.725 185.465
ARG+1B4756_0051191.096  -4.7251186.372
LYS01B4757_001   3.794  -1.770   2.023
LYS+1B4757_002   3.699  -1.770   1.929
PRO01B4758_001   0.234  -5.386  -5.152
ASP01B4759_001  -0.040  -3.356  -3.396
ASP01B4759_002  -0.040  -3.356  -3.396
ASP02B4759_003  -0.009  -3.315  -3.324
ASP02B4759_004  -0.009  -3.315  -3.324
ASP-1B4759_005  -0.041  -3.156  -3.197
PRO01B4760_001   0.239  -6.599  -6.359
PRO01B4761_001   0.237  -6.890  -6.653
PRO01B4762_001   0.234  -5.515  -5.281
LEU01B4764_001   1.451  -4.961  -3.511
LEU01B4765_001   1.455  -4.858  -3.403
THR01B4766_001   0.230  -5.014  -4.784
THR01B4766_002   0.230  -5.014  -4.784
TRP01B4767_001   3.064  -7.249  -4.185
LEU01B4768_001   3.375  -6.848  -3.472
MET01B4769_001   0.181  -9.731  -9.549
SER01B4770_001   0.000  -3.185  -3.185
ILE01B4771_001   2.097  -4.427  -2.330
ASP01B4772_001   0.131  -2.191  -2.060
ASP01B4772_002   0.131  -2.191  -2.060
ASP02B4772_003   0.201  -2.157  -1.956
ASP02B4772_004   0.201  -2.157  -1.956
ASP-1B4772_005   0.120  -2.171  -2.051
VAL01B4773_001   0.646  -5.766  -5.120
LYS01B4774_001   1.191  -6.003  -4.813
LYS+1B4774_002   1.142  -6.003  -4.862
TYR01B4775_001   5.066  -1.220   3.846
TYR01B4775_002   5.066  -1.220   3.846
TYR-1B4775_003   5.066  -1.220   3.846
GLN01B4776_001   0.884  -1.922  -1.038
ILE01B4777_001   3.254  -4.272  -1.018
TRP01B4778_001   3.953  -1.313   2.639
LYS01B4779_001   1.968  -4.299  -2.331
LYS+1B4779_002   1.919  -4.299  -2.380
PHE01B4780_001   4.715  -5.926  -1.210
VAL01B4782_001   1.367  -2.727  -1.360
ILE01B4783_001   2.436  -1.613   0.823
PHE01B4784_001   4.092  -6.859  -2.767
THR01B4785_001   0.193  -2.843  -2.650
ASP01B4786_001   0.313  -1.353  -1.040
ASP01B4786_002   0.313  -1.353  -1.040
ASP02B4786_003   0.358  -1.288  -0.930
ASP02B4786_004   0.358  -1.288  -0.930
ASP-1B4786_005   0.267  -1.288  -1.021
ASN01B4787_001   0.429  -3.669  -3.240
ASN01B4787_002   0.198  -3.534  -3.336
SER01B4788_001   0.000  -2.618  -2.618
SER01B4788_002   0.000  -2.618  -2.618
SER01B4788_003   0.000  -2.618  -2.618
PHE01B4789_001   5.567  -1.837   3.731
LEU01B4790_001   2.239  -5.009  -2.771
TYR01B4791_001   5.192  -4.243   0.950
TYR01B4791_002   5.192  -4.243   0.950
TYR-1B4791_003   5.192  -4.243   0.950
LEU01B4792_001   1.200  -0.515   0.685
TRP01B4794_001   3.477  -8.716  -5.238
TYR01B4795_001   5.037  -0.152   4.886
TYR01B4795_002   5.037  -0.152   4.886
TYR-1B4795_003   5.037  -0.152   4.886
MET01B4796_001   7.660  -1.103   6.558
VAL01B4797_001   0.771  -3.586  -2.815
MET01B4798_001  -0.053  -1.389  -1.442
SER01B4799_001   0.000   0.000   0.000
SER01B4799_002   0.000   0.000   0.000
SER01B4799_003   0.000   0.000   0.000
LEU01B4800_001   2.396  -6.024  -3.627
LEU01B4801_001   1.347  -3.570  -2.224
HIS01B4803_001  -0.173  -3.089  -3.262
HIS01B4803_002  -0.136  -3.034  -3.170
HIS02B4803_003  -0.190  -3.089  -3.279
HIS02B4803_004  -0.150  -3.034  -3.184
HIS+1B4803_005  -0.217  -3.089  -3.306
HIS+1B4803_006  -0.177  -3.034  -3.210
TYR01B4804_001   4.010  -9.078  -5.068
TYR01B4804_002   4.010  -9.078  -5.068
TYR-1B4804_003   4.010  -9.078  -5.068
ASN01B4805_001   0.153  -2.274  -2.121
ASN01B4805_002  -0.006  -2.034  -2.041
ASN01B4806_001   0.505  -1.826  -1.321
ASN01B4806_002   0.260  -1.767  -1.507
PHE01B4807_001   4.515 -10.928  -6.413
PHE01B4808_001   5.322  -3.166   2.156
PHE01B4809_001   4.117  -0.202   3.915
ALA01B4810_001   0.000  -1.594  -1.594
ALA01B4811_001   0.000  -0.824  -0.824
HIS01B4812_001  -0.121   0.000  -0.121
HIS01B4812_002  -0.053   0.000  -0.053
HIS02B4812_003  -0.141   0.000  -0.141
HIS02B4812_004  -0.064   0.000  -0.064
HIS+1B4812_005  -0.168   0.000  -0.168
HIS+1B4812_006  -0.091   0.000  -0.091
LEU01B4813_001   2.427  -3.451  -1.024
LEU01B4814_001   1.563  -7.859  -6.295
ASP01B4815_001   0.316  -0.299   0.017
ASP01B4815_002   0.316  -0.299   0.017
ASP02B4815_003   0.409  -0.261   0.148
ASP02B4815_004   0.409  -0.261   0.148
ASP-1B4815_005   0.290  -0.254   0.036
ILE01B4816_001   2.829  -0.258   2.571
ALA01B4817_001   0.000  -3.535  -3.535
MET01B4818_001  -0.056  -6.881  -6.938
VAL01B4820_001   0.762  -6.761  -5.999
CTR01B4820_001  -0.021  -4.295  -4.316
CTR01B4820_002   0.106  -4.489  -4.383
CTR02B4820_003  -0.022  -4.296  -4.318
CTR02B4820_004   0.043  -4.431  -4.388
CTR-1B4820_005   0.000  -4.295  -4.295
NTR01B4838_001  -0.003  -1.866  -1.869
NTR+1B4838_002  -0.005  -1.866  -1.871
VAL01B4838_001   0.753  -7.620  -6.867
MET01B4839_001  -0.018  -9.272  -9.290
THR01B4840_001   0.230  -6.405  -6.175
THR01B4840_002   0.230  -6.405  -6.175
VAL01B4841_001   0.824  -5.576  -4.752
LEU01B4843_001   4.089  -7.018  -2.930
LEU01B4844_001   3.925  -5.335  -1.410
ALA01B4845_001   0.000  -2.556  -2.556
VAL01B4846_001   0.711  -4.977  -4.267
VAL01B4847_001   0.839  -2.369  -1.530
VAL01B4848_001   1.562  -0.206   1.356
TYR01B4849_001   4.962  -7.190  -2.228
TYR-1B4849_002   4.962  -7.190  -2.228
LEU01B4850_001   1.704  -6.536  -4.832
TYR01B4851_001   4.464  -2.240   2.224
TYR-1B4851_002   4.464  -2.240   2.224
THR01B4852_001   0.259   0.000   0.259
THR01B4852_002   0.259   0.000   0.259
THR01B4852_003   0.259   0.000   0.259
VAL01B4853_001   0.754  -3.142  -2.388
VAL01B4854_001   0.605  -2.009  -1.404
ALA01B4855_001   0.000  -0.515  -0.515
PHE01B4856_001   4.990  -2.122   2.867
ASN01B4857_001   0.326  -2.529  -2.203
ASN01B4857_002   0.124  -2.518  -2.394
PHE01B4858_001   4.262  -9.324  -5.062
PHE01B4859_001   4.274  -0.405   3.869
ARG01B4860_001   3.376  -7.101  -3.725
ARG02B4860_002   3.343  -7.101  -3.758
ARG03B4860_003   3.358  -7.101  -3.742
ARG+1B4860_004   3.299  -7.101  -3.802
LYS01B4861_001   2.189  -6.058  -3.869
LYS+1B4861_002   2.128  -6.058  -3.930
PHE01B4862_001   5.314  -1.718   3.596
TYR01B4863_001   4.431  -0.051   4.380
TYR01B4863_002   4.431  -0.051   4.380
TYR-1B4863_003   4.431  -0.051   4.380
ASN01B4864_001   0.160  -1.302  -1.143
ASN01B4864_002   0.345  -1.176  -0.831
LYS01B4865_001   4.196  -1.547   2.650
LYS+1B4865_002   4.146  -1.547   2.599
SER01B4866_001   0.000  -3.963  -3.963
GLU01B4867_001   3.730  -2.137   1.593
GLU01B4867_002   3.730  -2.137   1.593
GLU02B4867_003   3.010  -2.224   0.786
GLU02B4867_004   3.010  -2.224   0.786
GLU-1B4867_005   2.930  -2.130   0.800
ASP01B4868_001   0.413  -4.034  -3.621
ASP01B4868_002   0.413  -4.034  -3.621
ASP02B4868_003   0.469  -3.911  -3.442
ASP02B4868_004   0.469  -3.911  -3.442
ASP-1B4868_005   0.359  -3.862  -3.504
GLU01B4869_001   1.634  -4.014  -2.380
GLU01B4869_002   1.634  -4.014  -2.380
GLU02B4869_003   1.350  -3.986  -2.635
GLU02B4869_004   1.350  -3.986  -2.635
GLU-1B4869_005   1.260  -3.940  -2.679
ASP01B4870_001   0.255  -3.005  -2.750
ASP01B4870_002   0.255  -3.005  -2.750
ASP02B4870_003   0.361  -3.079  -2.718
ASP02B4870_004   0.361  -3.079  -2.718
ASP-1B4870_005   0.243  -2.894  -2.651
GLU01B4871_001   3.418  -1.624   1.794
GLU01B4871_002   3.418  -1.624   1.794
GLU02B4871_003   2.728  -1.659   1.069
GLU02B4871_004   2.728  -1.659   1.069
GLU-1B4871_005   2.656  -1.658   0.998
CTR01B4871_001  -0.021  -0.956  -0.977
CTR01B4871_002   0.092  -0.994  -0.902
CTR02B4871_003  -0.022  -0.956  -0.978
CTR02B4871_004   0.036  -0.956  -0.920
CTR-1B4871_005   0.000  -0.956  -0.956
NTR01B4872_001  -0.002  -0.711  -0.713
NTR+1B4872_002  -0.004  -0.711  -0.715
PRO01B4872_001   0.267  -5.663  -5.396
ASP01B4873_001   0.088  -1.904  -1.816
ASP01B4873_002   0.088  -1.904  -1.816
ASP02B4873_003   0.162  -1.904  -1.742
ASP02B4873_004   0.162  -1.904  -1.742
ASP-1B4873_005   0.083  -1.839  -1.756
MET01B4874_001   0.678  -1.453  -0.776
LYS01B4875_001   3.949  -1.793   2.156
LYS+1B4875_002   3.917  -1.793   2.124
CYS01B4876_001  -0.002   0.000  -0.002
CYS01B4876_002  -0.002   0.000  -0.002
CYS01B4876_003  -0.003   0.000  -0.003
CYS-1B4876_004   0.000   0.000   0.000
ASP01B4877_001   0.120  -1.799  -1.679
ASP01B4877_002   0.120  -1.799  -1.679
ASP02B4877_003   0.192  -1.723  -1.531
ASP02B4877_004   0.192  -1.723  -1.531
ASP-1B4877_005   0.111  -1.714  -1.603
ASP01B4878_001  -0.040  -2.053  -2.093
ASP01B4878_002  -0.040  -2.053  -2.093
ASP02B4878_003  -0.009  -2.180  -2.188
ASP02B4878_004  -0.009  -2.180  -2.188
ASP-1B4878_005  -0.040  -2.053  -2.094
MET01B4879_001   0.028  -4.039  -4.010
MET01B4880_001   1.009  -9.830  -8.821
THR01B4881_001   0.311  -2.147  -1.836
THR01B4881_002   0.311  -2.147  -1.836
THR01B4881_003   0.311  -2.147  -1.836
CYS01B4882_001  -0.002   0.000  -0.002
CYS01B4882_002  -0.002   0.000  -0.002
CYS01B4882_003  -0.002   0.000  -0.002
CYS-1B4882_004   0.000   0.000   0.000
TYR01B4883_001   5.150  -2.081   3.069
TYR01B4883_002   5.150  -2.081   3.069
TYR-1B4883_003   5.150  -2.081   3.069
LEU01B4884_001   1.940  -6.519  -4.580
PHE01B4885_001   5.317  -0.859   4.458
HIS01B4886_001  -0.139  -0.162  -0.300
HIS01B4886_002  -0.098  -0.064  -0.163
HIS02B4886_003  -0.157  -0.162  -0.319
HIS02B4886_004  -0.112  -0.064  -0.176
HIS+1B4886_005  -0.184  -0.162  -0.346
HIS+1B4886_006  -0.139  -0.064  -0.203
MET01B4887_001   2.896  -3.436  -0.540
TYR01B4888_001   4.929  -8.422  -3.493
TYR01B4888_002   4.929  -8.422  -3.493
TYR-1B4888_003   4.929  -8.422  -3.493
VAL01B4889_001   0.636  -0.618   0.018
VAL01B4891_001   0.676  -1.288  -0.611
ARG01B4892_001   5.979  -7.154  -1.176
ARG02B4892_002   5.922  -7.154  -1.233
ARG03B4892_003   6.005  -7.154  -1.149
ARG+1B4892_004   5.876  -7.154  -1.279
ALA01B4893_001   0.000  -0.103  -0.103
ILE01B4897_001   2.256  -0.531   1.725
ASP01B4899_001   0.148  -1.945  -1.798
ASP01B4899_002   0.148  -1.945  -1.798
ASP02B4899_003   0.230  -2.057  -1.826
ASP02B4899_004   0.230  -2.057  -1.826
ASP-1B4899_005   0.139  -1.916  -1.777
GLU01B4900_001   3.387  -1.300   2.087
GLU01B4900_002   3.387  -1.300   2.087
GLU02B4900_003   2.713  -1.372   1.341
GLU02B4900_004   2.713  -1.372   1.341
GLU-1B4900_005   2.647  -1.300   1.348
ILE01B4901_001   3.968  -0.567   3.401
GLU01B4902_001   3.041  -1.651   1.390
GLU01B4902_002   3.041  -1.651   1.390
GLU02B4902_003   2.466  -1.555   0.911
GLU02B4902_004   2.466  -1.555   0.911
GLU-1B4902_005   2.368  -1.576   0.792
ASP01B4903_001   0.068  -3.013  -2.945
ASP01B4903_002   0.068  -3.013  -2.945
ASP02B4903_003   0.137  -2.954  -2.817
ASP02B4903_004   0.137  -2.954  -2.817
ASP-1B4903_005   0.065  -2.932  -2.868
PRO01B4904_001   0.300  -1.274  -0.975
ALA01B4905_001   0.000  -3.071  -3.071
ASP01B4907_001  -0.040  -3.174  -3.215
ASP01B4907_002  -0.040  -3.174  -3.215
ASP02B4907_003  -0.009  -3.246  -3.256
ASP02B4907_004  -0.009  -3.246  -3.256
ASP-1B4907_005  -0.041  -3.108  -3.149
GLU01B4908_001   0.496  -2.393  -1.898
GLU01B4908_002   0.496  -2.393  -1.898
GLU02B4908_003   0.662  -2.453  -1.791
GLU02B4908_004   0.662  -2.453  -1.791
GLU-1B4908_005   0.465  -2.394  -1.929
TYR01B4909_001   4.121  -7.906  -3.785
TYR-1B4909_002   4.121  -7.906  -3.785
GLU01B4910_001   0.501  -1.848  -1.347
GLU01B4910_002   0.501  -1.848  -1.347
GLU02B4910_003   0.668  -1.844  -1.176
GLU02B4910_004   0.668  -1.844  -1.176
GLU-1B4910_005   0.470  -1.817  -1.347
LEU01B4911_001   3.811  -8.290  -4.479
TYR01B4912_001   3.995  -8.429  -4.434
TYR-1B4912_002   3.995  -8.429  -4.434
ARG01B4913_001   6.963  -1.095   5.868
ARG02B4913_002   6.901  -1.095   5.807
ARG03B4913_003   6.963  -1.095   5.868
ARG+1B4913_004   6.855  -1.095   5.760
VAL01B4914_001   0.779  -4.462  -3.683
VAL01B4915_001   0.705  -5.628  -4.923
PHE01B4916_001   4.985  -1.983   3.002
ASP01B4917_001   0.396  -0.453  -0.057
ASP01B4917_002   0.396  -0.453  -0.057
ASP02B4917_003   0.435  -0.464  -0.029
ASP02B4917_004   0.435  -0.464  -0.029
ASP-1B4917_005   0.336  -0.482  -0.146
ILE01B4918_001   5.815  -6.246  -0.431
THR01B4919_001   0.253  -1.982  -1.729
PHE01B4920_001   5.250  -0.406   4.844
PHE01B4921_001   4.600  -4.296   0.304
PHE01B4922_001   5.341  -8.463  -3.123
PHE01B4923_001   4.575  -5.866  -1.291
CTR01B4923_001  -0.021  -3.572  -3.593
CTR01B4923_002   0.104  -3.263  -3.159
CTR02B4923_003  -0.022  -3.185  -3.207
CTR02B4923_004   0.041  -3.147  -3.106
CTR-1B4923_005   0.000  -3.185  -3.185
NTR01B4925_001  -0.003  -0.569  -0.572
NTR+1B4925_002  -0.005  -0.588  -0.593
CTR01B4925_001  -0.021  -4.614  -4.636
CTR01B4925_002   0.110  -4.537  -4.427
CTR02B4925_003  -0.022  -4.402  -4.424
CTR02B4925_004   0.045  -4.615  -4.570
CTR-1B4925_005   0.000  -4.402  -4.402
ILE01B4925_001   3.665  -2.643   1.022
NTG01B4974_001  -0.005  -6.420  -6.425
NTG+1B4974_002  -0.010  -6.420  -6.430
CTR01B4974_001  -0.021  -7.134  -7.155
CTR01B4974_002   0.111  -7.115  -7.004
CTR02B4974_003  -0.022  -7.057  -7.079
CTR02B4974_004   0.043  -7.134  -7.091
CTR-1B4974_005   0.000  -6.883  -6.883
_CA+2B5102_001   0.000  -8.251  -8.251
