forrtl: severe (64): input conversion error, unit -5, file Internal Formatted Read
Image              PC                Routine            Line        Source             
delphi             0000000000508F7D  Unknown               Unknown  Unknown
delphi             0000000000507A85  Unknown               Unknown  Unknown
delphi             00000000004B3C00  Unknown               Unknown  Unknown
delphi             000000000046AA1F  Unknown               Unknown  Unknown
delphi             000000000046A252  Unknown               Unknown  Unknown
delphi             00000000004866DD  Unknown               Unknown  Unknown
delphi             0000000000484270  Unknown               Unknown  Unknown
delphi             0000000000407190  Unknown               Unknown  Unknown
delphi             00000000004566FF  Unknown               Unknown  Unknown
delphi             0000000000452D50  Unknown               Unknown  Unknown
delphi             0000000000404315  Unknown               Unknown  Unknown
delphi             000000000040372C  Unknown               Unknown  Unknown
libc.so.6          00002AB99E42A830  Unknown               Unknown  Unknown
delphi             0000000000403629  Unknown               Unknown  Unknown
forrtl: severe (64): input conversion error, unit -5, file Internal Formatted Read
Image              PC                Routine            Line        Source             
delphi             0000000000508F7D  Unknown               Unknown  Unknown
delphi             0000000000507A85  Unknown               Unknown  Unknown
delphi             00000000004B3C00  Unknown               Unknown  Unknown
delphi             000000000046AA1F  Unknown               Unknown  Unknown
delphi             000000000046A252  Unknown               Unknown  Unknown
delphi             00000000004866DD  Unknown               Unknown  Unknown
delphi             0000000000484270  Unknown               Unknown  Unknown
delphi             0000000000407190  Unknown               Unknown  Unknown
delphi             00000000004566FF  Unknown               Unknown  Unknown
delphi             0000000000452D50  Unknown               Unknown  Unknown
delphi             0000000000404315  Unknown               Unknown  Unknown
delphi             000000000040372C  Unknown               Unknown  Unknown
libc.so.6          00002B6B3AFAD830  Unknown               Unknown  Unknown
delphi             0000000000403629  Unknown               Unknown  Unknown
forrtl: severe (174): SIGSEGV, segmentation fault occurred
Image              PC                Routine            Line        Source             
delphi             0000000000458F05  Unknown               Unknown  Unknown
delphi             0000000000452D50  Unknown               Unknown  Unknown
delphi             0000000000404315  Unknown               Unknown  Unknown
delphi             000000000040372C  Unknown               Unknown  Unknown
libc.so.6          00002B68C0B08830  Unknown               Unknown  Unknown
delphi             0000000000403629  Unknown               Unknown  Unknown
forrtl: severe (174): SIGSEGV, segmentation fault occurred
Image              PC                Routine            Line        Source             
delphi             0000000000458F05  Unknown               Unknown  Unknown
delphi             0000000000452D50  Unknown               Unknown  Unknown
delphi             0000000000404315  Unknown               Unknown  Unknown
delphi             000000000040372C  Unknown               Unknown  Unknown
libc.so.6          00002B3ACF426830  Unknown               Unknown  Unknown
delphi             0000000000403629  Unknown               Unknown  Unknown
forrtl: severe (174): SIGSEGV, segmentation fault occurred
Image              PC                Routine            Line        Source             
delphi             0000000000458F05  Unknown               Unknown  Unknown
delphi             0000000000452D50  Unknown               Unknown  Unknown
delphi             0000000000404315  Unknown               Unknown  Unknown
delphi             000000000040372C  Unknown               Unknown  Unknown
libc.so.6          00002ADBFC510830  Unknown               Unknown  Unknown
delphi             0000000000403629  Unknown               Unknown  Unknown
forrtl: severe (174): SIGSEGV, segmentation fault occurred
Image              PC                Routine            Line        Source             
delphi             0000000000458F05  Unknown               Unknown  Unknown
delphi             0000000000452D50  Unknown               Unknown  Unknown
delphi             0000000000404315  Unknown               Unknown  Unknown
delphi             000000000040372C  Unknown               Unknown  Unknown
libc.so.6          00002B50D8D22830  Unknown               Unknown  Unknown
delphi             0000000000403629  Unknown               Unknown  Unknown
forrtl: severe (64): input conversion error, unit -5, file Internal Formatted Read
Image              PC                Routine            Line        Source             
delphi             0000000000508F7D  Unknown               Unknown  Unknown
delphi             0000000000507A85  Unknown               Unknown  Unknown
delphi             00000000004B3C00  Unknown               Unknown  Unknown
delphi             000000000046AA1F  Unknown               Unknown  Unknown
delphi             000000000046A252  Unknown               Unknown  Unknown
delphi             00000000004866DD  Unknown               Unknown  Unknown
delphi             0000000000484270  Unknown               Unknown  Unknown
delphi             0000000000407190  Unknown               Unknown  Unknown
delphi             00000000004566FF  Unknown               Unknown  Unknown
delphi             0000000000452D50  Unknown               Unknown  Unknown
delphi             0000000000404315  Unknown               Unknown  Unknown
delphi             000000000040372C  Unknown               Unknown  Unknown
libc.so.6          00002AB84FFB7830  Unknown               Unknown  Unknown
delphi             0000000000403629  Unknown               Unknown  Unknown
forrtl: severe (174): SIGSEGV, segmentation fault occurred
Image              PC                Routine            Line        Source             
delphi             0000000000458F05  Unknown               Unknown  Unknown
delphi             0000000000452D50  Unknown               Unknown  Unknown
delphi             0000000000404315  Unknown               Unknown  Unknown
delphi             000000000040372C  Unknown               Unknown  Unknown
libc.so.6          00002B9447446830  Unknown               Unknown  Unknown
delphi             0000000000403629  Unknown               Unknown  Unknown
forrtl: severe (64): input conversion error, unit -5, file Internal Formatted Read
Image              PC                Routine            Line        Source             
delphi             0000000000508F7D  Unknown               Unknown  Unknown
delphi             0000000000507A85  Unknown               Unknown  Unknown
delphi             00000000004B3C00  Unknown               Unknown  Unknown
delphi             000000000046AA1F  Unknown               Unknown  Unknown
delphi             000000000046A252  Unknown               Unknown  Unknown
delphi             00000000004866DD  Unknown               Unknown  Unknown
delphi             0000000000484270  Unknown               Unknown  Unknown
delphi             0000000000407190  Unknown               Unknown  Unknown
delphi             00000000004566FF  Unknown               Unknown  Unknown
delphi             0000000000452D50  Unknown               Unknown  Unknown
delphi             0000000000404315  Unknown               Unknown  Unknown
delphi             000000000040372C  Unknown               Unknown  Unknown
libc.so.6          00002BA8BAEBB830  Unknown               Unknown  Unknown
delphi             0000000000403629  Unknown               Unknown  Unknown
forrtl: severe (64): input conversion error, unit -5, file Internal Formatted Read
Image              PC                Routine            Line        Source             
delphi             0000000000508F7D  Unknown               Unknown  Unknown
delphi             0000000000507A85  Unknown               Unknown  Unknown
delphi             00000000004B3C00  Unknown               Unknown  Unknown
delphi             000000000046AA1F  Unknown               Unknown  Unknown
delphi             000000000046A252  Unknown               Unknown  Unknown
delphi             00000000004866DD  Unknown               Unknown  Unknown
delphi             0000000000484270  Unknown               Unknown  Unknown
delphi             0000000000407190  Unknown               Unknown  Unknown
delphi             00000000004566FF  Unknown               Unknown  Unknown
delphi             0000000000452D50  Unknown               Unknown  Unknown
delphi             0000000000404315  Unknown               Unknown  Unknown
delphi             000000000040372C  Unknown               Unknown  Unknown
libc.so.6          00002AE1BD2D8830  Unknown               Unknown  Unknown
delphi             0000000000403629  Unknown               Unknown  Unknown
forrtl: severe (64): input conversion error, unit -5, file Internal Formatted Read
Image              PC                Routine            Line        Source             
delphi             0000000000508F7D  Unknown               Unknown  Unknown
delphi             0000000000507A85  Unknown               Unknown  Unknown
delphi             00000000004B3C00  Unknown               Unknown  Unknown
delphi             000000000046AA1F  Unknown               Unknown  Unknown
delphi             000000000046A252  Unknown               Unknown  Unknown
delphi             00000000004866DD  Unknown               Unknown  Unknown
delphi             0000000000484270  Unknown               Unknown  Unknown
delphi             0000000000407190  Unknown               Unknown  Unknown
delphi             00000000004566FF  Unknown               Unknown  Unknown
delphi             0000000000452D50  Unknown               Unknown  Unknown
delphi             0000000000404315  Unknown               Unknown  Unknown
delphi             000000000040372C  Unknown               Unknown  Unknown
libc.so.6          00002AC01FCCA830  Unknown               Unknown  Unknown
delphi             0000000000403629  Unknown               Unknown  Unknown
forrtl: severe (64): input conversion error, unit -5, file Internal Formatted Read
Image              PC                Routine            Line        Source             
delphi             0000000000508F7D  Unknown               Unknown  Unknown
delphi             0000000000507A85  Unknown               Unknown  Unknown
delphi             00000000004B3C00  Unknown               Unknown  Unknown
delphi             000000000046AA1F  Unknown               Unknown  Unknown
delphi             000000000046A252  Unknown               Unknown  Unknown
delphi             00000000004866DD  Unknown               Unknown  Unknown
delphi             0000000000484270  Unknown               Unknown  Unknown
delphi             0000000000407190  Unknown               Unknown  Unknown
delphi             00000000004566FF  Unknown               Unknown  Unknown
delphi             0000000000452D50  Unknown               Unknown  Unknown
delphi             0000000000404315  Unknown               Unknown  Unknown
delphi             000000000040372C  Unknown               Unknown  Unknown
libc.so.6          00002B0240AC8830  Unknown               Unknown  Unknown
delphi             0000000000403629  Unknown               Unknown  Unknown
forrtl: severe (64): input conversion error, unit -5, file Internal Formatted Read
Image              PC                Routine            Line        Source             
delphi             0000000000508F7D  Unknown               Unknown  Unknown
delphi             0000000000507A85  Unknown               Unknown  Unknown
delphi             00000000004B3C00  Unknown               Unknown  Unknown
delphi             000000000046AA1F  Unknown               Unknown  Unknown
delphi             000000000046A252  Unknown               Unknown  Unknown
delphi             00000000004866DD  Unknown               Unknown  Unknown
delphi             0000000000484270  Unknown               Unknown  Unknown
delphi             0000000000407190  Unknown               Unknown  Unknown
delphi             00000000004566FF  Unknown               Unknown  Unknown
delphi             0000000000452D50  Unknown               Unknown  Unknown
delphi             0000000000404315  Unknown               Unknown  Unknown
delphi             000000000040372C  Unknown               Unknown  Unknown
libc.so.6          00002B87F6C4C830  Unknown               Unknown  Unknown
delphi             0000000000403629  Unknown               Unknown  Unknown
forrtl: severe (174): SIGSEGV, segmentation fault occurred
Image              PC                Routine            Line        Source             
delphi             0000000000458F05  Unknown               Unknown  Unknown
delphi             0000000000452D50  Unknown               Unknown  Unknown
delphi             0000000000404315  Unknown               Unknown  Unknown
delphi             000000000040372C  Unknown               Unknown  Unknown
libc.so.6          00002AC41F9D0830  Unknown               Unknown  Unknown
delphi             0000000000403629  Unknown               Unknown  Unknown
forrtl: severe (64): input conversion error, unit -5, file Internal Formatted Read
Image              PC                Routine            Line        Source             
delphi             0000000000508F7D  Unknown               Unknown  Unknown
delphi             0000000000507A85  Unknown               Unknown  Unknown
delphi             00000000004B3C00  Unknown               Unknown  Unknown
delphi             000000000046AA1F  Unknown               Unknown  Unknown
delphi             000000000046A252  Unknown               Unknown  Unknown
delphi             00000000004866DD  Unknown               Unknown  Unknown
delphi             0000000000484270  Unknown               Unknown  Unknown
delphi             0000000000407190  Unknown               Unknown  Unknown
delphi             00000000004566FF  Unknown               Unknown  Unknown
delphi             0000000000452D50  Unknown               Unknown  Unknown
delphi             0000000000404315  Unknown               Unknown  Unknown
delphi             000000000040372C  Unknown               Unknown  Unknown
libc.so.6          00002B60F6538830  Unknown               Unknown  Unknown
delphi             0000000000403629  Unknown               Unknown  Unknown
forrtl: severe (64): input conversion error, unit -5, file Internal Formatted Read
Image              PC                Routine            Line        Source             
delphi             0000000000508F7D  Unknown               Unknown  Unknown
delphi             0000000000507A85  Unknown               Unknown  Unknown
delphi             00000000004B3C00  Unknown               Unknown  Unknown
delphi             000000000046AA1F  Unknown               Unknown  Unknown
delphi             000000000046A252  Unknown               Unknown  Unknown
delphi             00000000004866DD  Unknown               Unknown  Unknown
delphi             0000000000484270  Unknown               Unknown  Unknown
delphi             0000000000407190  Unknown               Unknown  Unknown
delphi             00000000004566FF  Unknown               Unknown  Unknown
delphi             0000000000452D50  Unknown               Unknown  Unknown
delphi             0000000000404315  Unknown               Unknown  Unknown
delphi             000000000040372C  Unknown               Unknown  Unknown
libc.so.6          00002B26506E5830  Unknown               Unknown  Unknown
delphi             0000000000403629  Unknown               Unknown  Unknown
forrtl: severe (64): input conversion error, unit -5, file Internal Formatted Read
Image              PC                Routine            Line        Source             
delphi             0000000000508F7D  Unknown               Unknown  Unknown
delphi             0000000000507A85  Unknown               Unknown  Unknown
delphi             00000000004B3C00  Unknown               Unknown  Unknown
delphi             000000000046AA1F  Unknown               Unknown  Unknown
delphi             000000000046A252  Unknown               Unknown  Unknown
delphi             00000000004866DD  Unknown               Unknown  Unknown
delphi             0000000000484270  Unknown               Unknown  Unknown
delphi             0000000000407190  Unknown               Unknown  Unknown
delphi             00000000004566FF  Unknown               Unknown  Unknown
delphi             0000000000452D50  Unknown               Unknown  Unknown
delphi             0000000000404315  Unknown               Unknown  Unknown
delphi             000000000040372C  Unknown               Unknown  Unknown
libc.so.6          00002ACC0BF43830  Unknown               Unknown  Unknown
delphi             0000000000403629  Unknown               Unknown  Unknown
forrtl: severe (174): SIGSEGV, segmentation fault occurred
Image              PC                Routine            Line        Source             
delphi             0000000000458F05  Unknown               Unknown  Unknown
delphi             0000000000452D50  Unknown               Unknown  Unknown
delphi             0000000000404315  Unknown               Unknown  Unknown
delphi             000000000040372C  Unknown               Unknown  Unknown
libc.so.6          00002B92DB076830  Unknown               Unknown  Unknown
delphi             0000000000403629  Unknown               Unknown  Unknown
forrtl: severe (64): input conversion error, unit -5, file Internal Formatted Read
Image              PC                Routine            Line        Source             
delphi             0000000000508F7D  Unknown               Unknown  Unknown
delphi             0000000000507A85  Unknown               Unknown  Unknown
delphi             00000000004B3C00  Unknown               Unknown  Unknown
delphi             000000000046AA1F  Unknown               Unknown  Unknown
delphi             000000000046A252  Unknown               Unknown  Unknown
delphi             00000000004866DD  Unknown               Unknown  Unknown
delphi             0000000000484270  Unknown               Unknown  Unknown
delphi             0000000000407190  Unknown               Unknown  Unknown
delphi             00000000004566FF  Unknown               Unknown  Unknown
delphi             0000000000452D50  Unknown               Unknown  Unknown
delphi             0000000000404315  Unknown               Unknown  Unknown
delphi             000000000040372C  Unknown               Unknown  Unknown
libc.so.6          00002B661D8BA830  Unknown               Unknown  Unknown
delphi             0000000000403629  Unknown               Unknown  Unknown
forrtl: severe (64): input conversion error, unit -5, file Internal Formatted Read
Image              PC                Routine            Line        Source             
delphi             0000000000508F7D  Unknown               Unknown  Unknown
delphi             0000000000507A85  Unknown               Unknown  Unknown
delphi             00000000004B3C00  Unknown               Unknown  Unknown
delphi             000000000046AA1F  Unknown               Unknown  Unknown
delphi             000000000046A252  Unknown               Unknown  Unknown
delphi             00000000004866DD  Unknown               Unknown  Unknown
delphi             0000000000484270  Unknown               Unknown  Unknown
delphi             0000000000407190  Unknown               Unknown  Unknown
delphi             00000000004566FF  Unknown               Unknown  Unknown
delphi             0000000000452D50  Unknown               Unknown  Unknown
delphi             0000000000404315  Unknown               Unknown  Unknown
delphi             000000000040372C  Unknown               Unknown  Unknown
libc.so.6          00002AACEB962830  Unknown               Unknown  Unknown
delphi             0000000000403629  Unknown               Unknown  Unknown
forrtl: severe (174): SIGSEGV, segmentation fault occurred
Image              PC                Routine            Line        Source             
delphi             0000000000458F05  Unknown               Unknown  Unknown
delphi             0000000000452D50  Unknown               Unknown  Unknown
delphi             0000000000404315  Unknown               Unknown  Unknown
delphi             000000000040372C  Unknown               Unknown  Unknown
libc.so.6          00002AB59E4EE830  Unknown               Unknown  Unknown
delphi             0000000000403629  Unknown               Unknown  Unknown
forrtl: severe (174): SIGSEGV, segmentation fault occurred
Image              PC                Routine            Line        Source             
delphi             00000000004581D8  Unknown               Unknown  Unknown
delphi             0000000000452D50  Unknown               Unknown  Unknown
delphi             0000000000404315  Unknown               Unknown  Unknown
delphi             000000000040372C  Unknown               Unknown  Unknown
libc.so.6          00002AB4BCEF9830  Unknown               Unknown  Unknown
delphi             0000000000403629  Unknown               Unknown  Unknown
forrtl: severe (64): input conversion error, unit -5, file Internal Formatted Read
Image              PC                Routine            Line        Source             
delphi             0000000000508F7D  Unknown               Unknown  Unknown
delphi             0000000000507A85  Unknown               Unknown  Unknown
delphi             00000000004B3C00  Unknown               Unknown  Unknown
delphi             000000000046AA1F  Unknown               Unknown  Unknown
delphi             000000000046A252  Unknown               Unknown  Unknown
delphi             00000000004866DD  Unknown               Unknown  Unknown
delphi             0000000000484270  Unknown               Unknown  Unknown
delphi             0000000000407190  Unknown               Unknown  Unknown
delphi             00000000004566FF  Unknown               Unknown  Unknown
delphi             0000000000452D50  Unknown               Unknown  Unknown
delphi             0000000000404315  Unknown               Unknown  Unknown
delphi             000000000040372C  Unknown               Unknown  Unknown
libc.so.6          00002B32F8CDB830  Unknown               Unknown  Unknown
delphi             0000000000403629  Unknown               Unknown  Unknown
forrtl: severe (64): input conversion error, unit -5, file Internal Formatted Read
Image              PC                Routine            Line        Source             
delphi             0000000000508F7D  Unknown               Unknown  Unknown
delphi             0000000000507A85  Unknown               Unknown  Unknown
delphi             00000000004B3C00  Unknown               Unknown  Unknown
delphi             000000000046AA1F  Unknown               Unknown  Unknown
delphi             000000000046A252  Unknown               Unknown  Unknown
delphi             00000000004866DD  Unknown               Unknown  Unknown
delphi             0000000000484270  Unknown               Unknown  Unknown
delphi             0000000000407190  Unknown               Unknown  Unknown
delphi             00000000004566FF  Unknown               Unknown  Unknown
delphi             0000000000452D50  Unknown               Unknown  Unknown
delphi             0000000000404315  Unknown               Unknown  Unknown
delphi             000000000040372C  Unknown               Unknown  Unknown
libc.so.6          00002BA88434F830  Unknown               Unknown  Unknown
delphi             0000000000403629  Unknown               Unknown  Unknown
forrtl: severe (64): input conversion error, unit -5, file Internal Formatted Read
Image              PC                Routine            Line        Source             
delphi             0000000000508F7D  Unknown               Unknown  Unknown
delphi             0000000000507A85  Unknown               Unknown  Unknown
delphi             00000000004B3C00  Unknown               Unknown  Unknown
delphi             000000000046AA1F  Unknown               Unknown  Unknown
delphi             000000000046A252  Unknown               Unknown  Unknown
delphi             00000000004866DD  Unknown               Unknown  Unknown
delphi             0000000000484270  Unknown               Unknown  Unknown
delphi             0000000000407190  Unknown               Unknown  Unknown
delphi             00000000004566FF  Unknown               Unknown  Unknown
delphi             0000000000452D50  Unknown               Unknown  Unknown
delphi             0000000000404315  Unknown               Unknown  Unknown
delphi             000000000040372C  Unknown               Unknown  Unknown
libc.so.6          00002B56B4995830  Unknown               Unknown  Unknown
delphi             0000000000403629  Unknown               Unknown  Unknown
forrtl: severe (174): SIGSEGV, segmentation fault occurred
Image              PC                Routine            Line        Source             
delphi             0000000000457716  Unknown               Unknown  Unknown
delphi             0000000000452D50  Unknown               Unknown  Unknown
delphi             0000000000404315  Unknown               Unknown  Unknown
delphi             000000000040372C  Unknown               Unknown  Unknown
libc.so.6          00002AAFCE29A830  Unknown               Unknown  Unknown
delphi             0000000000403629  Unknown               Unknown  Unknown
forrtl: severe (64): input conversion error, unit -5, file Internal Formatted Read
Image              PC                Routine            Line        Source             
delphi             0000000000508F7D  Unknown               Unknown  Unknown
delphi             0000000000507A85  Unknown               Unknown  Unknown
delphi             00000000004B3C00  Unknown               Unknown  Unknown
delphi             000000000046AA1F  Unknown               Unknown  Unknown
delphi             000000000046A252  Unknown               Unknown  Unknown
delphi             00000000004866DD  Unknown               Unknown  Unknown
delphi             0000000000484270  Unknown               Unknown  Unknown
delphi             0000000000407190  Unknown               Unknown  Unknown
delphi             00000000004566FF  Unknown               Unknown  Unknown
delphi             0000000000452D50  Unknown               Unknown  Unknown
delphi             0000000000404315  Unknown               Unknown  Unknown
delphi             000000000040372C  Unknown               Unknown  Unknown
libc.so.6          00002AED9B4F4830  Unknown               Unknown  Unknown
delphi             0000000000403629  Unknown               Unknown  Unknown
forrtl: severe (64): input conversion error, unit -5, file Internal Formatted Read
Image              PC                Routine            Line        Source             
delphi             0000000000508F7D  Unknown               Unknown  Unknown
delphi             0000000000507A85  Unknown               Unknown  Unknown
delphi             00000000004B3C00  Unknown               Unknown  Unknown
delphi             000000000046AA1F  Unknown               Unknown  Unknown
delphi             000000000046A252  Unknown               Unknown  Unknown
delphi             00000000004866DD  Unknown               Unknown  Unknown
delphi             0000000000484270  Unknown               Unknown  Unknown
delphi             0000000000407190  Unknown               Unknown  Unknown
delphi             00000000004566FF  Unknown               Unknown  Unknown
delphi             0000000000452D50  Unknown               Unknown  Unknown
delphi             0000000000404315  Unknown               Unknown  Unknown
delphi             000000000040372C  Unknown               Unknown  Unknown
libc.so.6          00002B1978C13830  Unknown               Unknown  Unknown
delphi             0000000000403629  Unknown               Unknown  Unknown
forrtl: severe (174): SIGSEGV, segmentation fault occurred
Image              PC                Routine            Line        Source             
delphi             0000000000458F05  Unknown               Unknown  Unknown
delphi             0000000000452D50  Unknown               Unknown  Unknown
delphi             0000000000404315  Unknown               Unknown  Unknown
delphi             000000000040372C  Unknown               Unknown  Unknown
libc.so.6          00002ACD7C1DE830  Unknown               Unknown  Unknown
delphi             0000000000403629  Unknown               Unknown  Unknown
forrtl: severe (174): SIGSEGV, segmentation fault occurred
Image              PC                Routine            Line        Source             
delphi             0000000000458F05  Unknown               Unknown  Unknown
delphi             0000000000452D50  Unknown               Unknown  Unknown
delphi             0000000000404315  Unknown               Unknown  Unknown
delphi             000000000040372C  Unknown               Unknown  Unknown
libc.so.6          00002AEFCDB87830  Unknown               Unknown  Unknown
delphi             0000000000403629  Unknown               Unknown  Unknown
forrtl: severe (64): input conversion error, unit -5, file Internal Formatted Read
Image              PC                Routine            Line        Source             
delphi             0000000000508F7D  Unknown               Unknown  Unknown
delphi             0000000000507A85  Unknown               Unknown  Unknown
delphi             00000000004B3C00  Unknown               Unknown  Unknown
delphi             000000000046AA1F  Unknown               Unknown  Unknown
delphi             000000000046A252  Unknown               Unknown  Unknown
delphi             00000000004866DD  Unknown               Unknown  Unknown
delphi             0000000000484270  Unknown               Unknown  Unknown
delphi             0000000000407190  Unknown               Unknown  Unknown
delphi             00000000004566FF  Unknown               Unknown  Unknown
delphi             0000000000452D50  Unknown               Unknown  Unknown
delphi             0000000000404315  Unknown               Unknown  Unknown
delphi             000000000040372C  Unknown               Unknown  Unknown
libc.so.6          00002B808DDCD830  Unknown               Unknown  Unknown
delphi             0000000000403629  Unknown               Unknown  Unknown
forrtl: severe (64): input conversion error, unit -5, file Internal Formatted Read
Image              PC                Routine            Line        Source             
delphi             0000000000508F7D  Unknown               Unknown  Unknown
delphi             0000000000507A85  Unknown               Unknown  Unknown
delphi             00000000004B3C00  Unknown               Unknown  Unknown
delphi             000000000046AA1F  Unknown               Unknown  Unknown
delphi             000000000046A252  Unknown               Unknown  Unknown
delphi             00000000004866DD  Unknown               Unknown  Unknown
delphi             0000000000484270  Unknown               Unknown  Unknown
delphi             0000000000407190  Unknown               Unknown  Unknown
delphi             00000000004566FF  Unknown               Unknown  Unknown
delphi             0000000000452D50  Unknown               Unknown  Unknown
delphi             0000000000404315  Unknown               Unknown  Unknown
delphi             000000000040372C  Unknown               Unknown  Unknown
libc.so.6          00002ADCB5E0E830  Unknown               Unknown  Unknown
delphi             0000000000403629  Unknown               Unknown  Unknown
forrtl: severe (64): input conversion error, unit -5, file Internal Formatted Read
Image              PC                Routine            Line        Source             
delphi             0000000000508F7D  Unknown               Unknown  Unknown
delphi             0000000000507A85  Unknown               Unknown  Unknown
delphi             00000000004B3C00  Unknown               Unknown  Unknown
delphi             000000000046AA1F  Unknown               Unknown  Unknown
delphi             000000000046A252  Unknown               Unknown  Unknown
delphi             00000000004866DD  Unknown               Unknown  Unknown
delphi             0000000000484270  Unknown               Unknown  Unknown
delphi             0000000000407190  Unknown               Unknown  Unknown
delphi             00000000004566FF  Unknown               Unknown  Unknown
delphi             0000000000452D50  Unknown               Unknown  Unknown
delphi             0000000000404315  Unknown               Unknown  Unknown
delphi             000000000040372C  Unknown               Unknown  Unknown
libc.so.6          00002B7D3598F830  Unknown               Unknown  Unknown
delphi             0000000000403629  Unknown               Unknown  Unknown
forrtl: severe (64): input conversion error, unit -5, file Internal Formatted Read
Image              PC                Routine            Line        Source             
delphi             0000000000508F7D  Unknown               Unknown  Unknown
delphi             0000000000507A85  Unknown               Unknown  Unknown
delphi             00000000004B3C00  Unknown               Unknown  Unknown
delphi             000000000046AA1F  Unknown               Unknown  Unknown
delphi             000000000046A252  Unknown               Unknown  Unknown
delphi             00000000004866DD  Unknown               Unknown  Unknown
delphi             0000000000484270  Unknown               Unknown  Unknown
delphi             0000000000407190  Unknown               Unknown  Unknown
delphi             00000000004566FF  Unknown               Unknown  Unknown
delphi             0000000000452D50  Unknown               Unknown  Unknown
delphi             0000000000404315  Unknown               Unknown  Unknown
delphi             000000000040372C  Unknown               Unknown  Unknown
libc.so.6          00002AF1EBD01830  Unknown               Unknown  Unknown
delphi             0000000000403629  Unknown               Unknown  Unknown
forrtl: severe (174): SIGSEGV, segmentation fault occurred
Image              PC                Routine            Line        Source             
delphi             0000000000458F05  Unknown               Unknown  Unknown
delphi             0000000000452D50  Unknown               Unknown  Unknown
delphi             0000000000404315  Unknown               Unknown  Unknown
delphi             000000000040372C  Unknown               Unknown  Unknown
libc.so.6          00002AD20BE77830  Unknown               Unknown  Unknown
delphi             0000000000403629  Unknown               Unknown  Unknown
forrtl: severe (174): SIGSEGV, segmentation fault occurred
Image              PC                Routine            Line        Source             
delphi             0000000000458F05  Unknown               Unknown  Unknown
delphi             0000000000452D50  Unknown               Unknown  Unknown
delphi             0000000000404315  Unknown               Unknown  Unknown
delphi             000000000040372C  Unknown               Unknown  Unknown
libc.so.6          00002B341BC93830  Unknown               Unknown  Unknown
delphi             0000000000403629  Unknown               Unknown  Unknown
forrtl: severe (64): input conversion error, unit -5, file Internal Formatted Read
Image              PC                Routine            Line        Source             
delphi             0000000000508F7D  Unknown               Unknown  Unknown
delphi             0000000000507A85  Unknown               Unknown  Unknown
delphi             00000000004B3C00  Unknown               Unknown  Unknown
delphi             000000000046AA1F  Unknown               Unknown  Unknown
delphi             000000000046A252  Unknown               Unknown  Unknown
delphi             00000000004866DD  Unknown               Unknown  Unknown
delphi             0000000000484270  Unknown               Unknown  Unknown
delphi             0000000000407190  Unknown               Unknown  Unknown
delphi             00000000004566FF  Unknown               Unknown  Unknown
delphi             0000000000452D50  Unknown               Unknown  Unknown
delphi             0000000000404315  Unknown               Unknown  Unknown
delphi             000000000040372C  Unknown               Unknown  Unknown
libc.so.6          00002B51060AC830  Unknown               Unknown  Unknown
delphi             0000000000403629  Unknown               Unknown  Unknown
forrtl: severe (64): input conversion error, unit -5, file Internal Formatted Read
Image              PC                Routine            Line        Source             
delphi             0000000000508F7D  Unknown               Unknown  Unknown
delphi             0000000000507A85  Unknown               Unknown  Unknown
delphi             00000000004B3C00  Unknown               Unknown  Unknown
delphi             000000000046AA1F  Unknown               Unknown  Unknown
delphi             000000000046A252  Unknown               Unknown  Unknown
delphi             00000000004866DD  Unknown               Unknown  Unknown
delphi             0000000000484270  Unknown               Unknown  Unknown
delphi             0000000000407190  Unknown               Unknown  Unknown
delphi             00000000004566FF  Unknown               Unknown  Unknown
delphi             0000000000452D50  Unknown               Unknown  Unknown
delphi             0000000000404315  Unknown               Unknown  Unknown
delphi             000000000040372C  Unknown               Unknown  Unknown
libc.so.6          00002B09D87E1830  Unknown               Unknown  Unknown
delphi             0000000000403629  Unknown               Unknown  Unknown
forrtl: severe (64): input conversion error, unit -5, file Internal Formatted Read
Image              PC                Routine            Line        Source             
delphi             0000000000508F7D  Unknown               Unknown  Unknown
delphi             0000000000507A85  Unknown               Unknown  Unknown
delphi             00000000004B3C00  Unknown               Unknown  Unknown
delphi             000000000046AA1F  Unknown               Unknown  Unknown
delphi             000000000046A252  Unknown               Unknown  Unknown
delphi             00000000004866DD  Unknown               Unknown  Unknown
delphi             0000000000484270  Unknown               Unknown  Unknown
delphi             0000000000407190  Unknown               Unknown  Unknown
delphi             00000000004566FF  Unknown               Unknown  Unknown
delphi             0000000000452D50  Unknown               Unknown  Unknown
delphi             0000000000404315  Unknown               Unknown  Unknown
delphi             000000000040372C  Unknown               Unknown  Unknown
libc.so.6          00002B3A5BDD2830  Unknown               Unknown  Unknown
delphi             0000000000403629  Unknown               Unknown  Unknown
forrtl: severe (64): input conversion error, unit -5, file Internal Formatted Read
Image              PC                Routine            Line        Source             
delphi             0000000000508F7D  Unknown               Unknown  Unknown
delphi             0000000000507A85  Unknown               Unknown  Unknown
delphi             00000000004B3C00  Unknown               Unknown  Unknown
delphi             000000000046AA1F  Unknown               Unknown  Unknown
delphi             000000000046A252  Unknown               Unknown  Unknown
delphi             00000000004866DD  Unknown               Unknown  Unknown
delphi             0000000000484270  Unknown               Unknown  Unknown
delphi             0000000000407190  Unknown               Unknown  Unknown
delphi             00000000004566FF  Unknown               Unknown  Unknown
delphi             0000000000452D50  Unknown               Unknown  Unknown
delphi             0000000000404315  Unknown               Unknown  Unknown
delphi             000000000040372C  Unknown               Unknown  Unknown
libc.so.6          00002B00D5EFA830  Unknown               Unknown  Unknown
delphi             0000000000403629  Unknown               Unknown  Unknown
forrtl: severe (174): SIGSEGV, segmentation fault occurred
Image              PC                Routine            Line        Source             
delphi             0000000000458F05  Unknown               Unknown  Unknown
delphi             0000000000452D50  Unknown               Unknown  Unknown
delphi             0000000000404315  Unknown               Unknown  Unknown
delphi             000000000040372C  Unknown               Unknown  Unknown
libc.so.6          00002AD71089D830  Unknown               Unknown  Unknown
delphi             0000000000403629  Unknown               Unknown  Unknown
forrtl: severe (64): input conversion error, unit -5, file Internal Formatted Read
Image              PC                Routine            Line        Source             
delphi             0000000000508F7D  Unknown               Unknown  Unknown
delphi             0000000000507A85  Unknown               Unknown  Unknown
delphi             00000000004B3C00  Unknown               Unknown  Unknown
delphi             000000000046AA1F  Unknown               Unknown  Unknown
delphi             000000000046A252  Unknown               Unknown  Unknown
delphi             00000000004866DD  Unknown               Unknown  Unknown
delphi             0000000000484270  Unknown               Unknown  Unknown
delphi             0000000000407190  Unknown               Unknown  Unknown
delphi             00000000004566FF  Unknown               Unknown  Unknown
delphi             0000000000452D50  Unknown               Unknown  Unknown
delphi             0000000000404315  Unknown               Unknown  Unknown
delphi             000000000040372C  Unknown               Unknown  Unknown
libc.so.6          00002B06A8D3F830  Unknown               Unknown  Unknown
delphi             0000000000403629  Unknown               Unknown  Unknown
forrtl: severe (64): input conversion error, unit -5, file Internal Formatted Read
Image              PC                Routine            Line        Source             
delphi             0000000000508F7D  Unknown               Unknown  Unknown
delphi             0000000000507A85  Unknown               Unknown  Unknown
delphi             00000000004B3C00  Unknown               Unknown  Unknown
delphi             000000000046AA1F  Unknown               Unknown  Unknown
delphi             000000000046A252  Unknown               Unknown  Unknown
delphi             00000000004866DD  Unknown               Unknown  Unknown
delphi             0000000000484270  Unknown               Unknown  Unknown
delphi             0000000000407190  Unknown               Unknown  Unknown
delphi             00000000004566FF  Unknown               Unknown  Unknown
delphi             0000000000452D50  Unknown               Unknown  Unknown
delphi             0000000000404315  Unknown               Unknown  Unknown
delphi             000000000040372C  Unknown               Unknown  Unknown
libc.so.6          00002B0EC9F88830  Unknown               Unknown  Unknown
delphi             0000000000403629  Unknown               Unknown  Unknown
forrtl: severe (174): SIGSEGV, segmentation fault occurred
Image              PC                Routine            Line        Source             
delphi             0000000000458F05  Unknown               Unknown  Unknown
delphi             0000000000452D50  Unknown               Unknown  Unknown
delphi             0000000000404315  Unknown               Unknown  Unknown
delphi             000000000040372C  Unknown               Unknown  Unknown
libc.so.6          00002BA5C6933830  Unknown               Unknown  Unknown
delphi             0000000000403629  Unknown               Unknown  Unknown
forrtl: severe (64): input conversion error, unit -5, file Internal Formatted Read
Image              PC                Routine            Line        Source             
delphi             0000000000508F7D  Unknown               Unknown  Unknown
delphi             0000000000507A85  Unknown               Unknown  Unknown
delphi             00000000004B3C00  Unknown               Unknown  Unknown
delphi             000000000046AA1F  Unknown               Unknown  Unknown
delphi             000000000046A252  Unknown               Unknown  Unknown
delphi             00000000004866DD  Unknown               Unknown  Unknown
delphi             0000000000484270  Unknown               Unknown  Unknown
delphi             0000000000407190  Unknown               Unknown  Unknown
delphi             00000000004566FF  Unknown               Unknown  Unknown
delphi             0000000000452D50  Unknown               Unknown  Unknown
delphi             0000000000404315  Unknown               Unknown  Unknown
delphi             000000000040372C  Unknown               Unknown  Unknown
libc.so.6          00002AB5AF84A830  Unknown               Unknown  Unknown
delphi             0000000000403629  Unknown               Unknown  Unknown
forrtl: severe (174): SIGSEGV, segmentation fault occurred
Image              PC                Routine            Line        Source             
delphi             0000000000458F05  Unknown               Unknown  Unknown
delphi             0000000000452D50  Unknown               Unknown  Unknown
delphi             0000000000404315  Unknown               Unknown  Unknown
delphi             000000000040372C  Unknown               Unknown  Unknown
libc.so.6          00002AE4BC1B4830  Unknown               Unknown  Unknown
delphi             0000000000403629  Unknown               Unknown  Unknown
forrtl: severe (64): input conversion error, unit -5, file Internal Formatted Read
Image              PC                Routine            Line        Source             
delphi             0000000000508F7D  Unknown               Unknown  Unknown
delphi             0000000000507A85  Unknown               Unknown  Unknown
delphi             00000000004B3C00  Unknown               Unknown  Unknown
delphi             000000000046AA1F  Unknown               Unknown  Unknown
delphi             000000000046A252  Unknown               Unknown  Unknown
delphi             00000000004866DD  Unknown               Unknown  Unknown
delphi             0000000000484270  Unknown               Unknown  Unknown
delphi             0000000000407190  Unknown               Unknown  Unknown
delphi             00000000004566FF  Unknown               Unknown  Unknown
delphi             0000000000452D50  Unknown               Unknown  Unknown
delphi             0000000000404315  Unknown               Unknown  Unknown
delphi             000000000040372C  Unknown               Unknown  Unknown
libc.so.6          00002AF828E7D830  Unknown               Unknown  Unknown
delphi             0000000000403629  Unknown               Unknown  Unknown
forrtl: severe (64): input conversion error, unit -5, file Internal Formatted Read
Image              PC                Routine            Line        Source             
delphi             0000000000508F7D  Unknown               Unknown  Unknown
delphi             0000000000507A85  Unknown               Unknown  Unknown
delphi             00000000004B3C00  Unknown               Unknown  Unknown
delphi             000000000046AA1F  Unknown               Unknown  Unknown
delphi             000000000046A252  Unknown               Unknown  Unknown
delphi             00000000004866DD  Unknown               Unknown  Unknown
delphi             0000000000484270  Unknown               Unknown  Unknown
delphi             0000000000407190  Unknown               Unknown  Unknown
delphi             00000000004566FF  Unknown               Unknown  Unknown
delphi             0000000000452D50  Unknown               Unknown  Unknown
delphi             0000000000404315  Unknown               Unknown  Unknown
delphi             000000000040372C  Unknown               Unknown  Unknown
libc.so.6          00002B07DE738830  Unknown               Unknown  Unknown
delphi             0000000000403629  Unknown               Unknown  Unknown
forrtl: severe (174): SIGSEGV, segmentation fault occurred
Image              PC                Routine            Line        Source             
delphi             0000000000457839  Unknown               Unknown  Unknown
delphi             0000000000452D50  Unknown               Unknown  Unknown
delphi             0000000000404315  Unknown               Unknown  Unknown
delphi             000000000040372C  Unknown               Unknown  Unknown
libc.so.6          00002ADF94CCE830  Unknown               Unknown  Unknown
delphi             0000000000403629  Unknown               Unknown  Unknown
forrtl: severe (64): input conversion error, unit -5, file Internal Formatted Read
Image              PC                Routine            Line        Source             
delphi             0000000000508F7D  Unknown               Unknown  Unknown
delphi             0000000000507A85  Unknown               Unknown  Unknown
delphi             00000000004B3C00  Unknown               Unknown  Unknown
delphi             000000000046AA1F  Unknown               Unknown  Unknown
delphi             000000000046A252  Unknown               Unknown  Unknown
delphi             00000000004866DD  Unknown               Unknown  Unknown
delphi             0000000000484270  Unknown               Unknown  Unknown
delphi             0000000000407190  Unknown               Unknown  Unknown
delphi             00000000004566FF  Unknown               Unknown  Unknown
delphi             0000000000452D50  Unknown               Unknown  Unknown
delphi             0000000000404315  Unknown               Unknown  Unknown
delphi             000000000040372C  Unknown               Unknown  Unknown
libc.so.6          00002AFB1FDA2830  Unknown               Unknown  Unknown
delphi             0000000000403629  Unknown               Unknown  Unknown
forrtl: severe (64): input conversion error, unit -5, file Internal Formatted Read
Image              PC                Routine            Line        Source             
delphi             0000000000508F7D  Unknown               Unknown  Unknown
delphi             0000000000507A85  Unknown               Unknown  Unknown
delphi             00000000004B3C00  Unknown               Unknown  Unknown
delphi             000000000046AA1F  Unknown               Unknown  Unknown
delphi             000000000046A252  Unknown               Unknown  Unknown
delphi             00000000004866DD  Unknown               Unknown  Unknown
delphi             0000000000484270  Unknown               Unknown  Unknown
delphi             0000000000407190  Unknown               Unknown  Unknown
delphi             00000000004566FF  Unknown               Unknown  Unknown
delphi             0000000000452D50  Unknown               Unknown  Unknown
delphi             0000000000404315  Unknown               Unknown  Unknown
delphi             000000000040372C  Unknown               Unknown  Unknown
libc.so.6          00002B8EA14D7830  Unknown               Unknown  Unknown
delphi             0000000000403629  Unknown               Unknown  Unknown
forrtl: severe (64): input conversion error, unit -5, file Internal Formatted Read
Image              PC                Routine            Line        Source             
delphi             0000000000508F7D  Unknown               Unknown  Unknown
delphi             0000000000507A85  Unknown               Unknown  Unknown
delphi             00000000004B3C00  Unknown               Unknown  Unknown
delphi             000000000046AA1F  Unknown               Unknown  Unknown
delphi             000000000046A252  Unknown               Unknown  Unknown
delphi             00000000004866DD  Unknown               Unknown  Unknown
delphi             0000000000484270  Unknown               Unknown  Unknown
delphi             0000000000407190  Unknown               Unknown  Unknown
delphi             00000000004566FF  Unknown               Unknown  Unknown
delphi             0000000000452D50  Unknown               Unknown  Unknown
delphi             0000000000404315  Unknown               Unknown  Unknown
delphi             000000000040372C  Unknown               Unknown  Unknown
libc.so.6          00002AD435B45830  Unknown               Unknown  Unknown
delphi             0000000000403629  Unknown               Unknown  Unknown
forrtl: severe (64): input conversion error, unit -5, file Internal Formatted Read
Image              PC                Routine            Line        Source             
delphi             0000000000508F7D  Unknown               Unknown  Unknown
delphi             0000000000507A85  Unknown               Unknown  Unknown
delphi             00000000004B3C00  Unknown               Unknown  Unknown
delphi             000000000046AA1F  Unknown               Unknown  Unknown
delphi             000000000046A252  Unknown               Unknown  Unknown
delphi             00000000004866DD  Unknown               Unknown  Unknown
delphi             0000000000484270  Unknown               Unknown  Unknown
delphi             0000000000407190  Unknown               Unknown  Unknown
delphi             00000000004566FF  Unknown               Unknown  Unknown
delphi             0000000000452D50  Unknown               Unknown  Unknown
delphi             0000000000404315  Unknown               Unknown  Unknown
delphi             000000000040372C  Unknown               Unknown  Unknown
libc.so.6          00002B9774B68830  Unknown               Unknown  Unknown
delphi             0000000000403629  Unknown               Unknown  Unknown
forrtl: severe (174): SIGSEGV, segmentation fault occurred
Image              PC                Routine            Line        Source             
delphi             0000000000457716  Unknown               Unknown  Unknown
delphi             0000000000452D50  Unknown               Unknown  Unknown
delphi             0000000000404315  Unknown               Unknown  Unknown
delphi             000000000040372C  Unknown               Unknown  Unknown
libc.so.6          00002B28CD6BF830  Unknown               Unknown  Unknown
delphi             0000000000403629  Unknown               Unknown  Unknown
forrtl: severe (64): input conversion error, unit -5, file Internal Formatted Read
Image              PC                Routine            Line        Source             
delphi             0000000000508F7D  Unknown               Unknown  Unknown
delphi             0000000000507A85  Unknown               Unknown  Unknown
delphi             00000000004B3C00  Unknown               Unknown  Unknown
delphi             000000000046AA1F  Unknown               Unknown  Unknown
delphi             000000000046A252  Unknown               Unknown  Unknown
delphi             00000000004866DD  Unknown               Unknown  Unknown
delphi             0000000000484270  Unknown               Unknown  Unknown
delphi             0000000000407190  Unknown               Unknown  Unknown
delphi             00000000004566FF  Unknown               Unknown  Unknown
delphi             0000000000452D50  Unknown               Unknown  Unknown
delphi             0000000000404315  Unknown               Unknown  Unknown
delphi             000000000040372C  Unknown               Unknown  Unknown
libc.so.6          00002B33F132F830  Unknown               Unknown  Unknown
delphi             0000000000403629  Unknown               Unknown  Unknown
forrtl: severe (64): input conversion error, unit -5, file Internal Formatted Read
Image              PC                Routine            Line        Source             
delphi             0000000000508F7D  Unknown               Unknown  Unknown
delphi             0000000000507A85  Unknown               Unknown  Unknown
delphi             00000000004B3C00  Unknown               Unknown  Unknown
delphi             000000000046AA1F  Unknown               Unknown  Unknown
delphi             000000000046A252  Unknown               Unknown  Unknown
delphi             00000000004866DD  Unknown               Unknown  Unknown
delphi             0000000000484270  Unknown               Unknown  Unknown
delphi             0000000000407190  Unknown               Unknown  Unknown
delphi             00000000004566FF  Unknown               Unknown  Unknown
delphi             0000000000452D50  Unknown               Unknown  Unknown
delphi             0000000000404315  Unknown               Unknown  Unknown
delphi             000000000040372C  Unknown               Unknown  Unknown
libc.so.6          00002B777AE2D830  Unknown               Unknown  Unknown
delphi             0000000000403629  Unknown               Unknown  Unknown
forrtl: severe (64): input conversion error, unit -5, file Internal Formatted Read
Image              PC                Routine            Line        Source             
delphi             0000000000508F7D  Unknown               Unknown  Unknown
delphi             0000000000507A85  Unknown               Unknown  Unknown
delphi             00000000004B3C00  Unknown               Unknown  Unknown
delphi             000000000046AA1F  Unknown               Unknown  Unknown
delphi             000000000046A252  Unknown               Unknown  Unknown
delphi             00000000004866DD  Unknown               Unknown  Unknown
delphi             0000000000484270  Unknown               Unknown  Unknown
delphi             0000000000407190  Unknown               Unknown  Unknown
delphi             00000000004566FF  Unknown               Unknown  Unknown
delphi             0000000000452D50  Unknown               Unknown  Unknown
delphi             0000000000404315  Unknown               Unknown  Unknown
delphi             000000000040372C  Unknown               Unknown  Unknown
libc.so.6          00002AB50D5D7830  Unknown               Unknown  Unknown
delphi             0000000000403629  Unknown               Unknown  Unknown
forrtl: severe (174): SIGSEGV, segmentation fault occurred
Image              PC                Routine            Line        Source             
delphi             0000000000457839  Unknown               Unknown  Unknown
delphi             0000000000452D50  Unknown               Unknown  Unknown
delphi             0000000000404315  Unknown               Unknown  Unknown
delphi             000000000040372C  Unknown               Unknown  Unknown
libc.so.6          00002B9AFADFD830  Unknown               Unknown  Unknown
delphi             0000000000403629  Unknown               Unknown  Unknown
forrtl: severe (64): input conversion error, unit -5, file Internal Formatted Read
Image              PC                Routine            Line        Source             
delphi             0000000000508F7D  Unknown               Unknown  Unknown
delphi             0000000000507A85  Unknown               Unknown  Unknown
delphi             00000000004B3C00  Unknown               Unknown  Unknown
delphi             000000000046AA1F  Unknown               Unknown  Unknown
delphi             000000000046A252  Unknown               Unknown  Unknown
delphi             00000000004866DD  Unknown               Unknown  Unknown
delphi             0000000000484270  Unknown               Unknown  Unknown
delphi             0000000000407190  Unknown               Unknown  Unknown
delphi             00000000004566FF  Unknown               Unknown  Unknown
delphi             0000000000452D50  Unknown               Unknown  Unknown
delphi             0000000000404315  Unknown               Unknown  Unknown
delphi             000000000040372C  Unknown               Unknown  Unknown
libc.so.6          00002B2C51070830  Unknown               Unknown  Unknown
delphi             0000000000403629  Unknown               Unknown  Unknown
forrtl: severe (64): input conversion error, unit -5, file Internal Formatted Read
Image              PC                Routine            Line        Source             
delphi             0000000000508F7D  Unknown               Unknown  Unknown
delphi             0000000000507A85  Unknown               Unknown  Unknown
delphi             00000000004B3C00  Unknown               Unknown  Unknown
delphi             000000000046AA1F  Unknown               Unknown  Unknown
delphi             000000000046A252  Unknown               Unknown  Unknown
delphi             00000000004866DD  Unknown               Unknown  Unknown
delphi             0000000000484270  Unknown               Unknown  Unknown
delphi             0000000000407190  Unknown               Unknown  Unknown
delphi             00000000004566FF  Unknown               Unknown  Unknown
delphi             0000000000452D50  Unknown               Unknown  Unknown
delphi             0000000000404315  Unknown               Unknown  Unknown
delphi             000000000040372C  Unknown               Unknown  Unknown
libc.so.6          00002BAA4D693830  Unknown               Unknown  Unknown
delphi             0000000000403629  Unknown               Unknown  Unknown
forrtl: severe (64): input conversion error, unit -5, file Internal Formatted Read
Image              PC                Routine            Line        Source             
delphi             0000000000508F7D  Unknown               Unknown  Unknown
delphi             0000000000507A85  Unknown               Unknown  Unknown
delphi             00000000004B3C00  Unknown               Unknown  Unknown
delphi             000000000046AA1F  Unknown               Unknown  Unknown
delphi             000000000046A252  Unknown               Unknown  Unknown
delphi             00000000004866DD  Unknown               Unknown  Unknown
delphi             0000000000484270  Unknown               Unknown  Unknown
delphi             0000000000407190  Unknown               Unknown  Unknown
delphi             00000000004566FF  Unknown               Unknown  Unknown
delphi             0000000000452D50  Unknown               Unknown  Unknown
delphi             0000000000404315  Unknown               Unknown  Unknown
delphi             000000000040372C  Unknown               Unknown  Unknown
libc.so.6          00002B841ECC5830  Unknown               Unknown  Unknown
delphi             0000000000403629  Unknown               Unknown  Unknown
forrtl: severe (64): input conversion error, unit -5, file Internal Formatted Read
Image              PC                Routine            Line        Source             
delphi             0000000000508F7D  Unknown               Unknown  Unknown
delphi             0000000000507A85  Unknown               Unknown  Unknown
delphi             00000000004B3C00  Unknown               Unknown  Unknown
delphi             000000000046AA1F  Unknown               Unknown  Unknown
delphi             000000000046A252  Unknown               Unknown  Unknown
delphi             00000000004866DD  Unknown               Unknown  Unknown
delphi             0000000000484270  Unknown               Unknown  Unknown
delphi             0000000000407190  Unknown               Unknown  Unknown
delphi             00000000004566FF  Unknown               Unknown  Unknown
delphi             0000000000452D50  Unknown               Unknown  Unknown
delphi             0000000000404315  Unknown               Unknown  Unknown
delphi             000000000040372C  Unknown               Unknown  Unknown
libc.so.6          00002B711FD2F830  Unknown               Unknown  Unknown
delphi             0000000000403629  Unknown               Unknown  Unknown
forrtl: severe (64): input conversion error, unit -5, file Internal Formatted Read
Image              PC                Routine            Line        Source             
delphi             0000000000508F7D  Unknown               Unknown  Unknown
delphi             0000000000507A85  Unknown               Unknown  Unknown
delphi             00000000004B3C00  Unknown               Unknown  Unknown
delphi             000000000046AA1F  Unknown               Unknown  Unknown
delphi             000000000046A252  Unknown               Unknown  Unknown
delphi             00000000004866DD  Unknown               Unknown  Unknown
delphi             0000000000484270  Unknown               Unknown  Unknown
delphi             0000000000407190  Unknown               Unknown  Unknown
delphi             00000000004566FF  Unknown               Unknown  Unknown
delphi             0000000000452D50  Unknown               Unknown  Unknown
delphi             0000000000404315  Unknown               Unknown  Unknown
delphi             000000000040372C  Unknown               Unknown  Unknown
libc.so.6          00002AC407CF4830  Unknown               Unknown  Unknown
delphi             0000000000403629  Unknown               Unknown  Unknown
forrtl: severe (174): SIGSEGV, segmentation fault occurred
Image              PC                Routine            Line        Source             
delphi             00000000004586C0  Unknown               Unknown  Unknown
delphi             0000000000452D50  Unknown               Unknown  Unknown
delphi             0000000000404315  Unknown               Unknown  Unknown
delphi             000000000040372C  Unknown               Unknown  Unknown
libc.so.6          00002B599D75B830  Unknown               Unknown  Unknown
delphi             0000000000403629  Unknown               Unknown  Unknown
forrtl: severe (174): SIGSEGV, segmentation fault occurred
Image              PC                Routine            Line        Source             
delphi             0000000000458F05  Unknown               Unknown  Unknown
delphi             0000000000452D50  Unknown               Unknown  Unknown
delphi             0000000000404315  Unknown               Unknown  Unknown
delphi             000000000040372C  Unknown               Unknown  Unknown
libc.so.6          00002AB68379A830  Unknown               Unknown  Unknown
delphi             0000000000403629  Unknown               Unknown  Unknown
forrtl: severe (64): input conversion error, unit -5, file Internal Formatted Read
Image              PC                Routine            Line        Source             
delphi             0000000000508F7D  Unknown               Unknown  Unknown
delphi             0000000000507A85  Unknown               Unknown  Unknown
delphi             00000000004B3C00  Unknown               Unknown  Unknown
delphi             000000000046AA1F  Unknown               Unknown  Unknown
delphi             000000000046A252  Unknown               Unknown  Unknown
delphi             00000000004866DD  Unknown               Unknown  Unknown
delphi             0000000000484270  Unknown               Unknown  Unknown
delphi             0000000000407190  Unknown               Unknown  Unknown
delphi             00000000004566FF  Unknown               Unknown  Unknown
delphi             0000000000452D50  Unknown               Unknown  Unknown
delphi             0000000000404315  Unknown               Unknown  Unknown
delphi             000000000040372C  Unknown               Unknown  Unknown
libc.so.6          00002B8AE44D6830  Unknown               Unknown  Unknown
delphi             0000000000403629  Unknown               Unknown  Unknown
forrtl: severe (64): input conversion error, unit -5, file Internal Formatted Read
Image              PC                Routine            Line        Source             
delphi             0000000000508F7D  Unknown               Unknown  Unknown
delphi             0000000000507A85  Unknown               Unknown  Unknown
delphi             00000000004B3C00  Unknown               Unknown  Unknown
delphi             000000000046AA1F  Unknown               Unknown  Unknown
delphi             000000000046A252  Unknown               Unknown  Unknown
delphi             00000000004866DD  Unknown               Unknown  Unknown
delphi             0000000000484270  Unknown               Unknown  Unknown
delphi             0000000000407190  Unknown               Unknown  Unknown
delphi             00000000004566FF  Unknown               Unknown  Unknown
delphi             0000000000452D50  Unknown               Unknown  Unknown
delphi             0000000000404315  Unknown               Unknown  Unknown
delphi             000000000040372C  Unknown               Unknown  Unknown
libc.so.6          00002AABEA130830  Unknown               Unknown  Unknown
delphi             0000000000403629  Unknown               Unknown  Unknown
forrtl: severe (174): SIGSEGV, segmentation fault occurred
Image              PC                Routine            Line        Source             
delphi             0000000000458F05  Unknown               Unknown  Unknown
delphi             0000000000452D50  Unknown               Unknown  Unknown
delphi             0000000000404315  Unknown               Unknown  Unknown
delphi             000000000040372C  Unknown               Unknown  Unknown
libc.so.6          00002B69817C8830  Unknown               Unknown  Unknown
delphi             0000000000403629  Unknown               Unknown  Unknown
forrtl: severe (174): SIGSEGV, segmentation fault occurred
Image              PC                Routine            Line        Source             
delphi             0000000000458F05  Unknown               Unknown  Unknown
delphi             0000000000452D50  Unknown               Unknown  Unknown
delphi             0000000000404315  Unknown               Unknown  Unknown
delphi             000000000040372C  Unknown               Unknown  Unknown
libc.so.6          00002AD22A4FC830  Unknown               Unknown  Unknown
delphi             0000000000403629  Unknown               Unknown  Unknown
forrtl: severe (64): input conversion error, unit -5, file Internal Formatted Read
Image              PC                Routine            Line        Source             
delphi             0000000000508F7D  Unknown               Unknown  Unknown
delphi             0000000000507A85  Unknown               Unknown  Unknown
delphi             00000000004B3C00  Unknown               Unknown  Unknown
delphi             000000000046AA1F  Unknown               Unknown  Unknown
delphi             000000000046A252  Unknown               Unknown  Unknown
delphi             00000000004866DD  Unknown               Unknown  Unknown
delphi             0000000000484270  Unknown               Unknown  Unknown
delphi             0000000000407190  Unknown               Unknown  Unknown
delphi             00000000004566FF  Unknown               Unknown  Unknown
delphi             0000000000452D50  Unknown               Unknown  Unknown
delphi             0000000000404315  Unknown               Unknown  Unknown
delphi             000000000040372C  Unknown               Unknown  Unknown
libc.so.6          00002B9C9CFE2830  Unknown               Unknown  Unknown
delphi             0000000000403629  Unknown               Unknown  Unknown
forrtl: severe (174): SIGSEGV, segmentation fault occurred
Image              PC                Routine            Line        Source             
delphi             0000000000458F05  Unknown               Unknown  Unknown
delphi             0000000000452D50  Unknown               Unknown  Unknown
delphi             0000000000404315  Unknown               Unknown  Unknown
delphi             000000000040372C  Unknown               Unknown  Unknown
libc.so.6          00002AC9E1E65830  Unknown               Unknown  Unknown
delphi             0000000000403629  Unknown               Unknown  Unknown
forrtl: severe (174): SIGSEGV, segmentation fault occurred
Image              PC                Routine            Line        Source             
delphi             0000000000457839  Unknown               Unknown  Unknown
delphi             0000000000452D50  Unknown               Unknown  Unknown
delphi             0000000000404315  Unknown               Unknown  Unknown
delphi             000000000040372C  Unknown               Unknown  Unknown
libc.so.6          00002AF0EA025830  Unknown               Unknown  Unknown
delphi             0000000000403629  Unknown               Unknown  Unknown
forrtl: severe (174): SIGSEGV, segmentation fault occurred
Image              PC                Routine            Line        Source             
delphi             0000000000458F05  Unknown               Unknown  Unknown
delphi             0000000000452D50  Unknown               Unknown  Unknown
delphi             0000000000404315  Unknown               Unknown  Unknown
delphi             000000000040372C  Unknown               Unknown  Unknown
libc.so.6          00002B154473D830  Unknown               Unknown  Unknown
delphi             0000000000403629  Unknown               Unknown  Unknown
forrtl: severe (174): SIGSEGV, segmentation fault occurred
Image              PC                Routine            Line        Source             
delphi             0000000000458F05  Unknown               Unknown  Unknown
delphi             0000000000452D50  Unknown               Unknown  Unknown
delphi             0000000000404315  Unknown               Unknown  Unknown
delphi             000000000040372C  Unknown               Unknown  Unknown
libc.so.6          00002B68A64F1830  Unknown               Unknown  Unknown
delphi             0000000000403629  Unknown               Unknown  Unknown
forrtl: severe (174): SIGSEGV, segmentation fault occurred
Image              PC                Routine            Line        Source             
delphi             00000000004594E1  Unknown               Unknown  Unknown
delphi             0000000000452D50  Unknown               Unknown  Unknown
delphi             0000000000404315  Unknown               Unknown  Unknown
delphi             000000000040372C  Unknown               Unknown  Unknown
libc.so.6          00002B6508B56830  Unknown               Unknown  Unknown
delphi             0000000000403629  Unknown               Unknown  Unknown
forrtl: severe (64): input conversion error, unit -5, file Internal Formatted Read
Image              PC                Routine            Line        Source             
delphi             0000000000508F7D  Unknown               Unknown  Unknown
delphi             0000000000507A85  Unknown               Unknown  Unknown
delphi             00000000004B3C00  Unknown               Unknown  Unknown
delphi             000000000046AA1F  Unknown               Unknown  Unknown
delphi             000000000046A252  Unknown               Unknown  Unknown
delphi             00000000004866DD  Unknown               Unknown  Unknown
delphi             0000000000484270  Unknown               Unknown  Unknown
delphi             0000000000407190  Unknown               Unknown  Unknown
delphi             00000000004566FF  Unknown               Unknown  Unknown
delphi             0000000000452D50  Unknown               Unknown  Unknown
delphi             0000000000404315  Unknown               Unknown  Unknown
delphi             000000000040372C  Unknown               Unknown  Unknown
libc.so.6          00002B019BA51830  Unknown               Unknown  Unknown
delphi             0000000000403629  Unknown               Unknown  Unknown
forrtl: severe (64): input conversion error, unit -5, file Internal Formatted Read
Image              PC                Routine            Line        Source             
delphi             0000000000508F7D  Unknown               Unknown  Unknown
delphi             0000000000507A85  Unknown               Unknown  Unknown
delphi             00000000004B3C00  Unknown               Unknown  Unknown
delphi             000000000046AA1F  Unknown               Unknown  Unknown
delphi             000000000046A252  Unknown               Unknown  Unknown
delphi             00000000004866DD  Unknown               Unknown  Unknown
delphi             0000000000484270  Unknown               Unknown  Unknown
delphi             0000000000407190  Unknown               Unknown  Unknown
delphi             00000000004566FF  Unknown               Unknown  Unknown
delphi             0000000000452D50  Unknown               Unknown  Unknown
delphi             0000000000404315  Unknown               Unknown  Unknown
delphi             000000000040372C  Unknown               Unknown  Unknown
libc.so.6          00002B059BB17830  Unknown               Unknown  Unknown
delphi             0000000000403629  Unknown               Unknown  Unknown
forrtl: severe (174): SIGSEGV, segmentation fault occurred
Image              PC                Routine            Line        Source             
delphi             0000000000458F05  Unknown               Unknown  Unknown
delphi             0000000000452D50  Unknown               Unknown  Unknown
delphi             0000000000404315  Unknown               Unknown  Unknown
delphi             000000000040372C  Unknown               Unknown  Unknown
libc.so.6          00002B169E347830  Unknown               Unknown  Unknown
delphi             0000000000403629  Unknown               Unknown  Unknown
forrtl: severe (174): SIGSEGV, segmentation fault occurred
Image              PC                Routine            Line        Source             
delphi             0000000000458F05  Unknown               Unknown  Unknown
delphi             0000000000452D50  Unknown               Unknown  Unknown
delphi             0000000000404315  Unknown               Unknown  Unknown
delphi             000000000040372C  Unknown               Unknown  Unknown
libc.so.6          00002B5F49B40830  Unknown               Unknown  Unknown
delphi             0000000000403629  Unknown               Unknown  Unknown
forrtl: severe (174): SIGSEGV, segmentation fault occurred
Image              PC                Routine            Line        Source             
delphi             0000000000458F05  Unknown               Unknown  Unknown
delphi             0000000000452D50  Unknown               Unknown  Unknown
delphi             0000000000404315  Unknown               Unknown  Unknown
delphi             000000000040372C  Unknown               Unknown  Unknown
libc.so.6          00002B7706645830  Unknown               Unknown  Unknown
delphi             0000000000403629  Unknown               Unknown  Unknown
forrtl: severe (64): input conversion error, unit -5, file Internal Formatted Read
Image              PC                Routine            Line        Source             
delphi             0000000000508F7D  Unknown               Unknown  Unknown
delphi             0000000000507A85  Unknown               Unknown  Unknown
delphi             00000000004B3C00  Unknown               Unknown  Unknown
delphi             000000000046AA1F  Unknown               Unknown  Unknown
delphi             000000000046A252  Unknown               Unknown  Unknown
delphi             00000000004866DD  Unknown               Unknown  Unknown
delphi             0000000000484270  Unknown               Unknown  Unknown
delphi             0000000000407190  Unknown               Unknown  Unknown
delphi             00000000004566FF  Unknown               Unknown  Unknown
delphi             0000000000452D50  Unknown               Unknown  Unknown
delphi             0000000000404315  Unknown               Unknown  Unknown
delphi             000000000040372C  Unknown               Unknown  Unknown
libc.so.6          00002AD0D6815830  Unknown               Unknown  Unknown
delphi             0000000000403629  Unknown               Unknown  Unknown
forrtl: severe (64): input conversion error, unit -5, file Internal Formatted Read
Image              PC                Routine            Line        Source             
delphi             0000000000508F7D  Unknown               Unknown  Unknown
delphi             0000000000507A85  Unknown               Unknown  Unknown
delphi             00000000004B3C00  Unknown               Unknown  Unknown
delphi             000000000046AA1F  Unknown               Unknown  Unknown
delphi             000000000046A252  Unknown               Unknown  Unknown
delphi             00000000004866DD  Unknown               Unknown  Unknown
delphi             0000000000484270  Unknown               Unknown  Unknown
delphi             0000000000407190  Unknown               Unknown  Unknown
delphi             00000000004566FF  Unknown               Unknown  Unknown
delphi             0000000000452D50  Unknown               Unknown  Unknown
delphi             0000000000404315  Unknown               Unknown  Unknown
delphi             000000000040372C  Unknown               Unknown  Unknown
libc.so.6          00002B15FF527830  Unknown               Unknown  Unknown
delphi             0000000000403629  Unknown               Unknown  Unknown
forrtl: severe (174): SIGSEGV, segmentation fault occurred
Image              PC                Routine            Line        Source             
delphi             0000000000458F05  Unknown               Unknown  Unknown
delphi             0000000000452D50  Unknown               Unknown  Unknown
delphi             0000000000404315  Unknown               Unknown  Unknown
delphi             000000000040372C  Unknown               Unknown  Unknown
libc.so.6          00002B09E450A830  Unknown               Unknown  Unknown
delphi             0000000000403629  Unknown               Unknown  Unknown
forrtl: severe (64): input conversion error, unit -5, file Internal Formatted Read
Image              PC                Routine            Line        Source             
delphi             0000000000508F7D  Unknown               Unknown  Unknown
delphi             0000000000507A85  Unknown               Unknown  Unknown
delphi             00000000004B3C00  Unknown               Unknown  Unknown
delphi             000000000046AA1F  Unknown               Unknown  Unknown
delphi             000000000046A252  Unknown               Unknown  Unknown
delphi             00000000004866DD  Unknown               Unknown  Unknown
delphi             0000000000484270  Unknown               Unknown  Unknown
delphi             0000000000407190  Unknown               Unknown  Unknown
delphi             00000000004566FF  Unknown               Unknown  Unknown
delphi             0000000000452D50  Unknown               Unknown  Unknown
delphi             0000000000404315  Unknown               Unknown  Unknown
delphi             000000000040372C  Unknown               Unknown  Unknown
libc.so.6          00002AACAC2FF830  Unknown               Unknown  Unknown
delphi             0000000000403629  Unknown               Unknown  Unknown
forrtl: severe (174): SIGSEGV, segmentation fault occurred
Image              PC                Routine            Line        Source             
delphi             0000000000458F05  Unknown               Unknown  Unknown
delphi             0000000000452D50  Unknown               Unknown  Unknown
delphi             0000000000404315  Unknown               Unknown  Unknown
delphi             000000000040372C  Unknown               Unknown  Unknown
libc.so.6          00002AF58B193830  Unknown               Unknown  Unknown
delphi             0000000000403629  Unknown               Unknown  Unknown
forrtl: severe (64): input conversion error, unit -5, file Internal Formatted Read
Image              PC                Routine            Line        Source             
delphi             0000000000508F7D  Unknown               Unknown  Unknown
delphi             0000000000507A85  Unknown               Unknown  Unknown
delphi             00000000004B3C00  Unknown               Unknown  Unknown
delphi             000000000046AA1F  Unknown               Unknown  Unknown
delphi             000000000046A252  Unknown               Unknown  Unknown
delphi             00000000004866DD  Unknown               Unknown  Unknown
delphi             0000000000484270  Unknown               Unknown  Unknown
delphi             0000000000407190  Unknown               Unknown  Unknown
delphi             00000000004566FF  Unknown               Unknown  Unknown
delphi             0000000000452D50  Unknown               Unknown  Unknown
delphi             0000000000404315  Unknown               Unknown  Unknown
delphi             000000000040372C  Unknown               Unknown  Unknown
libc.so.6          00002AB587217830  Unknown               Unknown  Unknown
delphi             0000000000403629  Unknown               Unknown  Unknown
forrtl: severe (64): input conversion error, unit -5, file Internal Formatted Read
Image              PC                Routine            Line        Source             
delphi             0000000000508F7D  Unknown               Unknown  Unknown
delphi             0000000000507A85  Unknown               Unknown  Unknown
delphi             00000000004B3C00  Unknown               Unknown  Unknown
delphi             000000000046AA1F  Unknown               Unknown  Unknown
delphi             000000000046A252  Unknown               Unknown  Unknown
delphi             00000000004866DD  Unknown               Unknown  Unknown
delphi             0000000000484270  Unknown               Unknown  Unknown
delphi             0000000000407190  Unknown               Unknown  Unknown
delphi             00000000004566FF  Unknown               Unknown  Unknown
delphi             0000000000452D50  Unknown               Unknown  Unknown
delphi             0000000000404315  Unknown               Unknown  Unknown
delphi             000000000040372C  Unknown               Unknown  Unknown
libc.so.6          00002AC3E8D62830  Unknown               Unknown  Unknown
delphi             0000000000403629  Unknown               Unknown  Unknown
forrtl: severe (64): input conversion error, unit -5, file Internal Formatted Read
Image              PC                Routine            Line        Source             
delphi             0000000000508F7D  Unknown               Unknown  Unknown
delphi             0000000000507A85  Unknown               Unknown  Unknown
delphi             00000000004B3C00  Unknown               Unknown  Unknown
delphi             000000000046AA1F  Unknown               Unknown  Unknown
delphi             000000000046A252  Unknown               Unknown  Unknown
delphi             00000000004866DD  Unknown               Unknown  Unknown
delphi             0000000000484270  Unknown               Unknown  Unknown
delphi             0000000000407190  Unknown               Unknown  Unknown
delphi             00000000004566FF  Unknown               Unknown  Unknown
delphi             0000000000452D50  Unknown               Unknown  Unknown
delphi             0000000000404315  Unknown               Unknown  Unknown
delphi             000000000040372C  Unknown               Unknown  Unknown
libc.so.6          00002B40956CE830  Unknown               Unknown  Unknown
delphi             0000000000403629  Unknown               Unknown  Unknown
forrtl: severe (174): SIGSEGV, segmentation fault occurred
Image              PC                Routine            Line        Source             
delphi             0000000000458F05  Unknown               Unknown  Unknown
delphi             0000000000452D50  Unknown               Unknown  Unknown
delphi             0000000000404315  Unknown               Unknown  Unknown
delphi             000000000040372C  Unknown               Unknown  Unknown
libc.so.6          00002AD7031BD830  Unknown               Unknown  Unknown
delphi             0000000000403629  Unknown               Unknown  Unknown
forrtl: severe (174): SIGSEGV, segmentation fault occurred
Image              PC                Routine            Line        Source             
delphi             0000000000458F05  Unknown               Unknown  Unknown
delphi             0000000000452D50  Unknown               Unknown  Unknown
delphi             0000000000404315  Unknown               Unknown  Unknown
delphi             000000000040372C  Unknown               Unknown  Unknown
libc.so.6          00002B4035208830  Unknown               Unknown  Unknown
delphi             0000000000403629  Unknown               Unknown  Unknown
forrtl: severe (64): input conversion error, unit -5, file Internal Formatted Read
Image              PC                Routine            Line        Source             
delphi             0000000000508F7D  Unknown               Unknown  Unknown
delphi             0000000000507A85  Unknown               Unknown  Unknown
delphi             00000000004B3C00  Unknown               Unknown  Unknown
delphi             000000000046AA1F  Unknown               Unknown  Unknown
delphi             000000000046A252  Unknown               Unknown  Unknown
delphi             00000000004866DD  Unknown               Unknown  Unknown
delphi             0000000000484270  Unknown               Unknown  Unknown
delphi             0000000000407190  Unknown               Unknown  Unknown
delphi             00000000004566FF  Unknown               Unknown  Unknown
delphi             0000000000452D50  Unknown               Unknown  Unknown
delphi             0000000000404315  Unknown               Unknown  Unknown
delphi             000000000040372C  Unknown               Unknown  Unknown
libc.so.6          00002AB9E6A84830  Unknown               Unknown  Unknown
delphi             0000000000403629  Unknown               Unknown  Unknown
forrtl: severe (64): input conversion error, unit -5, file Internal Formatted Read
Image              PC                Routine            Line        Source             
delphi             0000000000508F7D  Unknown               Unknown  Unknown
delphi             0000000000507A85  Unknown               Unknown  Unknown
delphi             00000000004B3C00  Unknown               Unknown  Unknown
delphi             000000000046AA1F  Unknown               Unknown  Unknown
delphi             000000000046A252  Unknown               Unknown  Unknown
delphi             00000000004866DD  Unknown               Unknown  Unknown
delphi             0000000000484270  Unknown               Unknown  Unknown
delphi             0000000000407190  Unknown               Unknown  Unknown
delphi             00000000004566FF  Unknown               Unknown  Unknown
delphi             0000000000452D50  Unknown               Unknown  Unknown
delphi             0000000000404315  Unknown               Unknown  Unknown
delphi             000000000040372C  Unknown               Unknown  Unknown
libc.so.6          00002B8D7C4F1830  Unknown               Unknown  Unknown
delphi             0000000000403629  Unknown               Unknown  Unknown
forrtl: severe (64): input conversion error, unit -5, file Internal Formatted Read
Image              PC                Routine            Line        Source             
delphi             0000000000508F7D  Unknown               Unknown  Unknown
delphi             0000000000507A85  Unknown               Unknown  Unknown
delphi             00000000004B3C00  Unknown               Unknown  Unknown
delphi             000000000046AA1F  Unknown               Unknown  Unknown
delphi             000000000046A252  Unknown               Unknown  Unknown
delphi             00000000004866DD  Unknown               Unknown  Unknown
delphi             0000000000484270  Unknown               Unknown  Unknown
delphi             0000000000407190  Unknown               Unknown  Unknown
delphi             00000000004566FF  Unknown               Unknown  Unknown
delphi             0000000000452D50  Unknown               Unknown  Unknown
delphi             0000000000404315  Unknown               Unknown  Unknown
delphi             000000000040372C  Unknown               Unknown  Unknown
libc.so.6          00002B91F3DB0830  Unknown               Unknown  Unknown
delphi             0000000000403629  Unknown               Unknown  Unknown
forrtl: severe (174): SIGSEGV, segmentation fault occurred
Image              PC                Routine            Line        Source             
delphi             0000000000458F05  Unknown               Unknown  Unknown
delphi             0000000000452D50  Unknown               Unknown  Unknown
delphi             0000000000404315  Unknown               Unknown  Unknown
delphi             000000000040372C  Unknown               Unknown  Unknown
libc.so.6          00002B3886706830  Unknown               Unknown  Unknown
delphi             0000000000403629  Unknown               Unknown  Unknown
forrtl: severe (174): SIGSEGV, segmentation fault occurred
Image              PC                Routine            Line        Source             
delphi             0000000000458F05  Unknown               Unknown  Unknown
delphi             0000000000452D50  Unknown               Unknown  Unknown
delphi             0000000000404315  Unknown               Unknown  Unknown
delphi             000000000040372C  Unknown               Unknown  Unknown
libc.so.6          00002AD5BE6F5830  Unknown               Unknown  Unknown
delphi             0000000000403629  Unknown               Unknown  Unknown
forrtl: severe (174): SIGSEGV, segmentation fault occurred
Image              PC                Routine            Line        Source             
delphi             0000000000458F05  Unknown               Unknown  Unknown
delphi             0000000000452D50  Unknown               Unknown  Unknown
delphi             0000000000404315  Unknown               Unknown  Unknown
delphi             000000000040372C  Unknown               Unknown  Unknown
libc.so.6          00002B05E6A53830  Unknown               Unknown  Unknown
delphi             0000000000403629  Unknown               Unknown  Unknown
forrtl: severe (174): SIGSEGV, segmentation fault occurred
Image              PC                Routine            Line        Source             
delphi             0000000000458F05  Unknown               Unknown  Unknown
delphi             0000000000452D50  Unknown               Unknown  Unknown
delphi             0000000000404315  Unknown               Unknown  Unknown
delphi             000000000040372C  Unknown               Unknown  Unknown
libc.so.6          00002B3C5BFFD830  Unknown               Unknown  Unknown
delphi             0000000000403629  Unknown               Unknown  Unknown
forrtl: severe (174): SIGSEGV, segmentation fault occurred
Image              PC                Routine            Line        Source             
delphi             0000000000458F05  Unknown               Unknown  Unknown
delphi             0000000000452D50  Unknown               Unknown  Unknown
delphi             0000000000404315  Unknown               Unknown  Unknown
delphi             000000000040372C  Unknown               Unknown  Unknown
libc.so.6          00002AB0FFAE8830  Unknown               Unknown  Unknown
delphi             0000000000403629  Unknown               Unknown  Unknown
forrtl: severe (174): SIGSEGV, segmentation fault occurred
Image              PC                Routine            Line        Source             
delphi             0000000000458F05  Unknown               Unknown  Unknown
delphi             0000000000452D50  Unknown               Unknown  Unknown
delphi             0000000000404315  Unknown               Unknown  Unknown
delphi             000000000040372C  Unknown               Unknown  Unknown
libc.so.6          00002AC485ACA830  Unknown               Unknown  Unknown
delphi             0000000000403629  Unknown               Unknown  Unknown
forrtl: severe (174): SIGSEGV, segmentation fault occurred
Image              PC                Routine            Line        Source             
delphi             0000000000458F05  Unknown               Unknown  Unknown
delphi             0000000000452D50  Unknown               Unknown  Unknown
delphi             0000000000404315  Unknown               Unknown  Unknown
delphi             000000000040372C  Unknown               Unknown  Unknown
libc.so.6          00002ADA82EC3830  Unknown               Unknown  Unknown
delphi             0000000000403629  Unknown               Unknown  Unknown
forrtl: severe (64): input conversion error, unit -5, file Internal Formatted Read
Image              PC                Routine            Line        Source             
delphi             0000000000508F7D  Unknown               Unknown  Unknown
delphi             0000000000507A85  Unknown               Unknown  Unknown
delphi             00000000004B3C00  Unknown               Unknown  Unknown
delphi             000000000046AA1F  Unknown               Unknown  Unknown
delphi             000000000046A252  Unknown               Unknown  Unknown
delphi             00000000004866DD  Unknown               Unknown  Unknown
delphi             0000000000484270  Unknown               Unknown  Unknown
delphi             0000000000407190  Unknown               Unknown  Unknown
delphi             00000000004566FF  Unknown               Unknown  Unknown
delphi             0000000000452D50  Unknown               Unknown  Unknown
delphi             0000000000404315  Unknown               Unknown  Unknown
delphi             000000000040372C  Unknown               Unknown  Unknown
libc.so.6          00002AC46DA0A830  Unknown               Unknown  Unknown
delphi             0000000000403629  Unknown               Unknown  Unknown
forrtl: severe (174): SIGSEGV, segmentation fault occurred
Image              PC                Routine            Line        Source             
delphi             0000000000458F05  Unknown               Unknown  Unknown
delphi             0000000000452D50  Unknown               Unknown  Unknown
delphi             0000000000404315  Unknown               Unknown  Unknown
delphi             000000000040372C  Unknown               Unknown  Unknown
libc.so.6          00002ADA719D5830  Unknown               Unknown  Unknown
delphi             0000000000403629  Unknown               Unknown  Unknown
