   confID        vdw0    sas     sum
NTR01B3639_001  -0.003  -3.280  -3.283
NTR+1B3639_002  -0.005  -3.280  -3.285
THR01B3639_001   0.169  -4.101  -3.932
THR01B3639_002   0.169  -4.101  -3.932
PRO01B3640_001   0.301  -3.371  -3.071
LEU01B3641_001   2.194  -9.848  -7.654
TYR01B3642_001   4.983 -10.782  -5.799
TYR01B3642_002   4.983 -10.782  -5.799
TYR-1B3642_003   4.983 -10.782  -5.799
ASN01B3643_001   0.438  -2.171  -1.733
LEU01B3644_001   1.559  -2.675  -1.117
PRO01B3645_001   0.263  -3.237  -2.974
THR01B3646_001   0.261  -7.112  -6.851
THR01B3646_002   0.261  -7.112  -6.851
HIS01B3647_001  -0.163  -8.773  -8.936
HIS01B3647_002  -0.121  -8.587  -8.708
HIS02B3647_003  -0.182  -8.773  -8.955
HIS02B3647_004  -0.134  -8.587  -8.721
HIS+1B3647_005  -0.209  -8.773  -8.981
HIS+1B3647_006  -0.161  -8.587  -8.747
ARG01B3648_001   2.901  -8.324  -5.423
ARG02B3648_002   2.877  -8.324  -5.447
ARG03B3648_003   2.971  -8.324  -5.353
ARG+1B3648_004   2.838  -8.324  -5.486
ALA01B3649_001   0.000  -0.943  -0.943
CYS01B3650_001  -0.002  -3.882  -3.884
CYS01B3650_002  -0.002  -3.882  -3.884
CYS01B3650_003  -0.002  -3.882  -3.885
CYS-1B3650_004   0.000  -3.882  -3.882
ASN01B3651_001   0.498  -2.963  -2.465
ASN01B3651_002   0.247  -3.169  -2.923
MET01B3652_001   0.918  -6.566  -5.648
PHE01B3653_001   4.775  -8.157  -3.382
LEU01B3654_001   2.291  -6.725  -4.435
GLU01B3655_001   1.309  -3.303  -1.994
GLU01B3655_002   1.309  -3.303  -1.994
GLU02B3655_003   1.130  -3.157  -2.027
GLU02B3655_004   1.130  -3.157  -2.027
GLU-1B3655_005   1.020  -3.130  -2.110
SER01B3656_001   0.000  -3.268  -3.268
SER01B3656_002   0.000  -3.268  -3.268
TYR01B3657_001   5.258  -5.702  -0.444
TYR-1B3657_002   5.258  -5.702  -0.444
LYS01B3658_001   2.888  -7.946  -5.058
LYS+1B3658_002   2.841  -7.946  -5.105
ALA01B3659_001   0.000  -4.874  -4.874
ALA01B3660_001   0.000  -2.576  -2.576
TRP01B3661_001   3.444  -4.006  -0.562
ILE01B3662_001   2.068  -9.903  -7.835
LEU01B3663_001   1.788  -4.961  -3.173
THR01B3664_001   0.181  -5.108  -4.927
THR01B3664_002   0.181  -5.108  -4.927
GLU01B3665_001   1.854  -3.505  -1.651
GLU01B3665_002   1.854  -3.505  -1.651
GLU02B3665_003   1.533  -3.347  -1.814
GLU02B3665_004   1.533  -3.347  -1.814
GLU-1B3665_005   1.438  -3.418  -1.980
ASP01B3666_001   0.528  -2.059  -1.531
ASP01B3666_002   0.528  -2.059  -1.531
ASP02B3666_003   0.561  -1.935  -1.374
ASP02B3666_004   0.561  -1.935  -1.374
ASP-1B3666_005   0.448  -1.947  -1.498
HIS01B3667_001  -0.116  -4.721  -4.838
HIS01B3667_002  -0.058  -4.480  -4.538
HIS02B3667_003  -0.136  -4.721  -4.858
HIS02B3667_004  -0.071  -4.480  -4.550
HIS+1B3667_005  -0.163  -4.721  -4.885
HIS+1B3667_006  -0.097  -4.480  -4.577
SER01B3668_001   0.000  -3.269  -3.269
SER01B3668_002   0.000  -3.269  -3.269
PHE01B3669_001   4.729  -5.773  -1.044
GLU01B3670_001   0.688  -0.207   0.482
GLU01B3670_002   0.688  -0.207   0.482
GLU02B3670_003   0.667  -0.254   0.413
GLU02B3670_004   0.667  -0.254   0.413
GLU-1B3670_005   0.551  -0.207   0.344
ASP01B3671_001   0.100  -1.346  -1.246
ASP01B3671_002   0.100  -1.346  -1.246
ASP02B3671_003   0.177  -1.268  -1.090
ASP02B3671_004   0.177  -1.268  -1.090
ASP-1B3671_005   0.095  -1.344  -1.249
ARG01B3672_001  10.596  -9.820   0.777
ARG02B3672_002  10.537  -9.820   0.717
ARG03B3672_003  10.529  -9.820   0.709
ARG+1B3672_004  10.488  -9.820   0.668
MET01B3673_001   0.280  -3.739  -3.459
ILE01B3674_001   5.904  -1.082   4.823
ASP01B3675_001   0.212  -1.101  -0.889
ASP01B3675_002   0.212  -1.101  -0.889
ASP02B3675_003   0.302  -1.214  -0.912
ASP02B3675_004   0.302  -1.214  -0.912
ASP-1B3675_005   0.197  -1.141  -0.944
ASP01B3676_001   0.024  -1.394  -1.370
ASP01B3676_002   0.024  -1.394  -1.370
ASP02B3676_003   0.077  -1.422  -1.345
ASP02B3676_004   0.077  -1.422  -1.345
ASP-1B3676_005   0.019  -1.394  -1.375
LEU01B3677_001   2.310  -6.674  -4.363
SER01B3678_001   0.000  -0.974  -0.974
SER01B3678_002   0.000  -0.974  -0.974
LYS01B3679_001   2.017  -6.852  -4.835
LYS+1B3679_002   1.937  -6.852  -4.914
ALA01B3680_001   0.000  -4.066  -4.066
GLU01B3682_001   0.497  -3.256  -2.759
GLU01B3682_002   0.497  -3.256  -2.759
GLU02B3682_003   0.663  -3.190  -2.527
GLU02B3682_004   0.663  -3.190  -2.527
GLU-1B3682_005   0.466  -3.126  -2.660
GLN01B3683_001   0.452  -1.069  -0.616
GLU01B3684_001   0.499  -3.905  -3.406
GLU01B3684_002   0.499  -3.905  -3.406
GLU02B3684_003   0.666  -3.884  -3.218
GLU02B3684_004   0.666  -3.884  -3.218
GLU-1B3684_005   0.468  -3.712  -3.244
GLU01B3685_001   0.497  -4.151  -3.654
GLU01B3685_002   0.497  -4.151  -3.654
GLU02B3685_003   0.663  -4.172  -3.509
GLU02B3685_004   0.663  -4.172  -3.509
GLU-1B3685_005   0.465  -4.151  -3.686
GLU01B3686_001   0.500  -2.611  -2.111
GLU01B3686_002   0.500  -2.611  -2.111
GLU02B3686_003   0.666  -2.755  -2.088
GLU02B3686_004   0.666  -2.755  -2.088
GLU-1B3686_005   0.469  -2.614  -2.145
GLU01B3687_001   0.497  -2.399  -1.902
GLU01B3687_002   0.497  -2.399  -1.902
GLU02B3687_003   0.663  -2.436  -1.773
GLU02B3687_004   0.663  -2.436  -1.773
GLU-1B3687_005   0.466  -2.390  -1.925
GLU01B3688_001   0.498  -4.314  -3.816
GLU01B3688_002   0.498  -4.314  -3.816
GLU02B3688_003   0.664  -4.218  -3.554
GLU02B3688_004   0.664  -4.218  -3.554
GLU-1B3688_005   0.467  -4.203  -3.736
GLU01B3689_001   0.499  -4.199  -3.700
GLU01B3689_002   0.499  -4.199  -3.700
GLU02B3689_003   0.666  -4.154  -3.488
GLU02B3689_004   0.666  -4.154  -3.488
GLU-1B3689_005   0.468  -4.126  -3.658
VAL01B3690_001   0.503  -3.036  -2.533
GLU01B3691_001   0.499  -4.324  -3.825
GLU01B3691_002   0.499  -4.324  -3.825
GLU02B3691_003   0.665  -4.267  -3.601
GLU02B3691_004   0.665  -4.267  -3.601
GLU-1B3691_005   0.468  -4.220  -3.753
GLU01B3692_001   0.500  -3.771  -3.272
GLU01B3692_002   0.500  -3.771  -3.272
GLU02B3692_003   0.666  -3.722  -3.056
GLU02B3692_004   0.666  -3.722  -3.056
GLU-1B3692_005   0.468  -3.691  -3.222
LYS01B3693_001   3.787  -9.116  -5.329
LYS+1B3693_002   3.693  -9.116  -5.424
LYS01B3694_001   1.261  -7.072  -5.811
LYS+1B3694_002   1.189  -7.072  -5.883
CTR01B3694_001  -0.021  -3.127  -3.149
CTR01B3694_002   0.107  -3.205  -3.098
CTR02B3694_003  -0.022  -3.359  -3.382
CTR02B3694_004   0.042  -3.359  -3.317
CTR-1B3694_005   0.000  -3.185  -3.185
NTR01B3714_001  -0.003  -4.110  -4.113
NTR+1B3714_002  -0.005  -4.110  -4.115
CTR01B3714_001  -0.021  -4.537  -4.558
CTR01B3714_002   0.101  -4.421  -4.320
CTR02B3714_003  -0.022  -4.614  -4.637
CTR02B3714_004   0.038  -4.440  -4.402
CTR-1B3714_005   0.000  -4.460  -4.460
SER01B3714_001   0.000  -5.824  -5.824
SER01B3714_002   0.000  -5.824  -5.824
SER01B3714_003   0.000  -5.824  -5.824
NTR01B3716_001  -0.003  -1.481  -1.484
NTR+1B3716_002  -0.005  -1.481  -1.486
LEU01B3716_001   2.455  -7.395  -4.940
ASP01B3717_001   0.187  -3.248  -3.061
ASP01B3717_002   0.187  -3.248  -3.061
ASP02B3717_003   0.276  -3.116  -2.840
ASP02B3717_004   0.276  -3.116  -2.840
ASP-1B3717_005   0.177  -3.075  -2.898
GLU01B3718_001   1.761  -2.971  -1.211
GLU01B3718_002   1.761  -2.971  -1.211
GLU02B3718_003   1.455  -2.995  -1.540
GLU02B3718_004   1.455  -2.995  -1.540
GLU-1B3718_005   1.362  -2.949  -1.587
ASP01B3719_001   0.054  -1.793  -1.739
ASP01B3719_002   0.054  -1.793  -1.739
ASP02B3719_003   0.118  -1.710  -1.593
ASP02B3719_004   0.118  -1.710  -1.593
ASP-1B3719_005   0.050  -1.688  -1.639
TYR01B3720_001   4.352 -11.288  -6.936
TYR-1B3720_002   4.352 -11.288  -6.936
LEU01B3721_001   5.277  -7.138  -1.861
TYR01B3722_001   4.858  -6.492  -1.634
TYR-1B3722_002   4.858  -6.492  -1.634
MET01B3723_001   0.314  -2.492  -2.178
ALA01B3724_001   0.000  -1.645  -1.645
TYR01B3725_001   4.840  -5.130  -0.290
TYR-1B3725_002   4.840  -5.130  -0.290
ALA01B3726_001   0.000  -1.767  -1.767
ASP01B3727_001   0.085  -2.427  -2.342
ASP01B3727_002   0.085  -2.427  -2.342
ASP02B3727_003   0.160  -2.430  -2.270
ASP02B3727_004   0.160  -2.430  -2.270
ASP-1B3727_005   0.081  -2.356  -2.274
ILE01B3728_001   2.306  -0.721   1.585
MET01B3729_001   0.184  -5.524  -5.340
ALA01B3730_001   0.000  -2.489  -2.489
LYS01B3731_001   5.154  -4.083   1.071
LYS+1B3731_002   5.048  -4.083   0.965
SER01B3732_001   0.000  -0.060  -0.060
SER01B3732_002   0.000  -0.060  -0.060
CYS01B3733_001  -0.002  -0.854  -0.856
CYS01B3733_002  -0.002  -0.854  -0.856
CYS01B3733_003  -0.002  -0.854  -0.857
CYS-1B3733_004   0.000  -0.854  -0.854
HIS01B3734_001  -0.354  -2.389  -2.743
HIS02B3734_002  -0.363  -2.389  -2.752
HIS+1B3734_003  -0.383  -2.389  -2.772
LEU01B3735_001   1.454  -1.030   0.424
GLU01B3736_001   0.500  -0.172   0.328
GLU01B3736_002   0.500  -0.172   0.328
GLU02B3736_003   0.667  -0.217   0.449
GLU02B3736_004   0.667  -0.217   0.449
GLU-1B3736_005   0.469  -0.172   0.297
GLU01B3737_001   0.499  -2.642  -2.144
GLU01B3737_002   0.499  -2.642  -2.144
GLU02B3737_003   0.665  -2.776  -2.111
GLU02B3737_004   0.665  -2.776  -2.111
GLU-1B3737_005   0.467  -2.692  -2.224
GLU01B3740_001   0.501  -0.979  -0.478
GLU01B3740_002   0.501  -0.979  -0.478
GLU02B3740_003   0.668  -0.971  -0.303
GLU02B3740_004   0.668  -0.971  -0.303
GLU-1B3740_005   0.470  -0.969  -0.499
ASN01B3741_001  -0.020  -2.818  -2.838
CTR01B3741_001  -0.021  -4.267  -4.288
CTR01B3741_002   0.104  -4.364  -4.260
CTR02B3741_003  -0.022  -4.421  -4.443
CTR02B3741_004   0.040  -4.344  -4.304
CTR-1B3741_005   0.000  -4.267  -4.267
NTR01B3747_001  -0.003  -3.239  -3.242
NTR+1B3747_002  -0.005  -3.239  -3.244
GLU01B3747_001   0.499  -4.515  -4.015
GLU01B3747_002   0.499  -4.515  -4.015
GLU02B3747_003   0.666  -4.590  -3.924
GLU02B3747_004   0.666  -4.590  -3.924
GLU-1B3747_005   0.468  -4.418  -3.950
GLU01B3748_001   0.499  -3.717  -3.218
GLU01B3748_002   0.499  -3.717  -3.218
GLU02B3748_003   0.665  -3.712  -3.047
GLU02B3748_004   0.665  -3.712  -3.047
GLU-1B3748_005   0.467  -3.738  -3.270
VAL01B3749_001   0.501  -7.669  -7.168
GLU01B3750_001   1.535  -2.424  -0.888
GLU01B3750_002   1.535  -2.424  -0.888
GLU02B3750_003   1.294  -2.547  -1.252
GLU02B3750_004   1.294  -2.547  -1.252
GLU-1B3750_005   1.191  -2.410  -1.219
VAL01B3751_001   0.717  -3.689  -2.972
SER01B3752_001   0.000  -3.043  -3.043
PHE01B3753_001   4.943  -5.149  -0.206
GLU01B3754_001   1.340  -1.690  -0.350
GLU01B3754_002   1.340  -1.690  -0.350
GLU02B3754_003   1.131  -1.631  -0.500
GLU02B3754_004   1.131  -1.631  -0.500
GLU-1B3754_005   1.030  -1.623  -0.592
GLU01B3755_001   1.479  -0.915   0.563
GLU01B3755_002   1.479  -0.915   0.563
GLU02B3755_003   1.271  -0.980   0.291
GLU02B3755_004   1.271  -0.980   0.291
GLU-1B3755_005   1.151  -0.874   0.277
LYS01B3756_001   1.919  -6.337  -4.418
LYS+1B3756_002   1.830  -6.337  -4.507
GLU01B3757_001   2.215  -1.512   0.704
GLU01B3757_002   2.215  -1.512   0.704
GLU02B3757_003   1.759  -1.424   0.335
GLU02B3757_004   1.759  -1.424   0.335
GLU-1B3757_005   1.699  -1.447   0.252
MET01B3758_001   3.597  -0.918   2.679
GLU01B3759_001   3.308  -0.449   2.859
GLU01B3759_002   3.308  -0.449   2.859
GLU02B3759_003   2.752  -0.436   2.316
GLU02B3759_004   2.752  -0.436   2.316
GLU-1B3759_005   2.619  -0.426   2.193
LYS01B3760_001   1.532  -5.508  -3.976
LYS+1B3760_002   1.478  -5.508  -4.029
GLN01B3761_001   1.081  -0.950   0.131
GLN01B3761_002   0.866  -1.016  -0.150
ARG01B3762_001   2.889  -2.377   0.512
ARG02B3762_002   2.853  -2.377   0.476
ARG02B3762_003   2.914  -2.377   0.537
ARG03B3762_004   2.847  -2.377   0.470
ARG+1B3762_005   2.808  -2.377   0.431
LEU01B3763_001   1.632  -2.421  -0.789
LEU01B3764_001   1.993  -5.628  -3.635
TYR01B3765_001   4.904  -4.922  -0.017
TYR-1B3765_002   4.904  -4.922  -0.017
GLN01B3766_001   2.057  -0.157   1.899
GLN01B3766_002   3.337  -0.172   3.164
GLN01B3767_001   4.480  -1.763   2.717
SER01B3768_001   0.000  -2.018  -2.018
SER01B3768_002   0.000  -2.018  -2.018
SER01B3768_003   0.000  -2.018  -2.018
ARG01B3769_001   3.469  -0.414   3.055
ARG02B3769_002   3.450  -0.414   3.036
ARG03B3769_003   3.384  -0.414   2.970
ARG+1B3769_004   3.345  -0.414   2.931
LEU01B3770_001   5.846  -5.731   0.116
HIS01B3771_001  -0.185  -6.941  -7.126
HIS01B3771_002  -0.155  -6.748  -6.903
HIS02B3771_003  -0.202  -6.941  -7.143
HIS02B3771_004  -0.169  -6.748  -6.917
HIS+1B3771_005  -0.229  -6.941  -7.170
HIS+1B3771_006  -0.195  -6.748  -6.943
CTR01B3771_001  -0.021  -4.238  -4.259
CTR01B3771_002   0.099  -4.277  -4.178
CTR02B3771_003  -0.022  -4.141  -4.163
CTR02B3771_004   0.037  -4.219  -4.181
CTR-1B3771_005   0.000  -4.160  -4.160
NTR01B3789_001  -0.003  -3.108  -3.111
NTR+1B3789_002  -0.005  -3.108  -3.113
GLU01B3789_001   2.021  -2.947  -0.927
GLU01B3789_002   2.021  -2.947  -0.927
GLU02B3789_003   1.690  -2.912  -1.222
GLU02B3789_004   1.690  -2.912  -1.222
GLU-1B3789_005   1.604  -2.862  -1.258
THR01B3790_001   0.239  -4.852  -4.613
THR01B3790_002   0.239  -4.852  -4.613
CTR01B3791_001  -0.021  -2.317  -2.338
CTR01B3791_002   0.126  -2.297  -2.171
CTR02B3791_003  -0.022  -2.297  -2.320
CTR02B3791_004   0.051  -2.375  -2.323
CTR-1B3791_005   0.000  -2.201  -2.201
NTR01B3793_001  -0.003  -0.787  -0.790
NTR+1B3793_002  -0.005  -0.710  -0.715
CTR01B3793_001  -0.021  -3.871  -3.892
CTR01B3793_002   0.102  -3.968  -3.865
CTR02B3793_003  -0.022  -3.794  -3.816
CTR02B3793_004   0.041  -3.929  -3.888
CTR-1B3793_005   0.000  -3.794  -3.794
MET01B3793_001  -0.117  -1.511  -1.628
NTR01B3839_001  -0.003  -3.138  -3.141
NTR+1B3839_002  -0.005  -3.138  -3.143
CYS01B3839_001  -0.002  -3.046  -3.048
CYS01B3839_002  -0.002  -3.046  -3.048
CYS01B3839_003  -0.002  -3.046  -3.049
CYS-1B3839_004   0.000  -3.046  -3.046
SER01B3840_001   0.000  -1.671  -1.671
SER01B3840_002   0.000  -1.671  -1.671
SER01B3840_003   0.000  -1.671  -1.671
VAL01B3841_001   0.907  -4.427  -3.519
LEU01B3842_001   2.548   0.000   2.548
ASP01B3843_001   0.292  -1.984  -1.692
ASP01B3843_002   0.292  -1.984  -1.692
ASP02B3843_003   0.389  -1.907  -1.518
ASP02B3843_004   0.389  -1.907  -1.518
ASP-1B3843_005   0.272  -1.861  -1.589
LEU01B3844_001   1.970  -2.472  -0.502
ASN01B3845_001   0.300  -3.498  -3.198
ASN01B3845_002   0.473  -3.344  -2.871
ALA01B3846_001   0.000  -1.767  -1.767
PHE01B3847_001   4.740  -0.101   4.639
GLU01B3848_001   1.144  -1.134   0.010
GLU01B3848_002   1.144  -1.134   0.010
GLU02B3848_003   0.998  -1.113  -0.116
GLU02B3848_004   0.998  -1.113  -0.116
GLU-1B3848_005   0.888  -1.050  -0.162
ARG01B3849_001   2.475  -9.823  -7.348
ARG02B3849_002   2.461  -9.823  -7.361
ARG03B3849_003   2.456  -9.823  -7.367
ARG+1B3849_004   2.413  -9.823  -7.410
GLN01B3850_001   2.442  -0.034   2.408
ASN01B3851_001   0.205  -1.038  -0.833
ASN01B3851_002   0.024  -1.122  -1.098
LYS01B3852_001   1.107  -8.841  -7.734
LYS+1B3852_002   1.059  -8.841  -7.782
ALA01B3853_001   0.000  -0.892  -0.892
GLU01B3854_001   0.499  -1.902  -1.403
GLU01B3854_002   0.499  -1.902  -1.403
GLU02B3854_003   0.665  -1.840  -1.175
GLU02B3854_004   0.665  -1.840  -1.175
GLU-1B3854_005   0.468  -1.860  -1.393
LEU01B3856_001   1.685  -8.029  -6.344
MET01B3858_001   0.140  -8.773  -8.633
VAL01B3859_001   0.503  -2.885  -2.381
ASN01B3860_001  -0.020  -3.196  -3.216
GLU01B3861_001   0.498  -2.819  -2.321
GLU01B3861_002   0.498  -2.819  -2.321
GLU02B3861_003   0.665  -2.778  -2.114
GLU02B3861_004   0.665  -2.778  -2.114
GLU-1B3861_005   0.467  -2.743  -2.276
ASP01B3862_001  -0.040  -2.367  -2.407
ASP01B3862_002  -0.040  -2.367  -2.407
ASP02B3862_003  -0.009  -2.351  -2.359
ASP02B3862_004  -0.009  -2.351  -2.359
ASP-1B3862_005  -0.040  -2.273  -2.313
THR01B3864_001   0.151  -1.518  -1.367
VAL01B3865_001   0.500  -5.592  -5.092
ILE01B3866_001   0.939  -5.254  -4.316
ASN01B3867_001  -0.020  -1.280  -1.300
ARG01B3868_0011193.404  -5.6451187.759
ARG02B3868_0021193.388  -5.6451187.742
ARG03B3868_0031193.420  -5.6451187.775
ARG03B3868_004 192.433  -5.645 186.788
ARG+1B3868_0051193.354  -5.6451187.709
GLN01B3869_001   0.453  -1.951  -1.498
ASN01B3870_001  -0.020  -0.256  -0.276
GLU01B3872_001   0.499  -3.886  -3.387
GLU01B3872_002   0.499  -3.886  -3.387
GLU02B3872_003   0.666  -3.986  -3.321
GLU02B3872_004   0.666  -3.986  -3.321
GLU-1B3872_005   0.468  -3.833  -3.365
LYS01B3873_001   1.187  -3.440  -2.253
LYS+1B3873_002   1.139  -3.440  -2.300
VAL01B3874_001   0.730   0.000   0.730
MET01B3875_001   0.145  -0.500  -0.355
ALA01B3876_001   0.000  -1.114  -1.114
ASP01B3877_001   0.123  -0.214  -0.091
ASP01B3877_002   0.123  -0.214  -0.091
ASP02B3877_003   0.206  -0.283  -0.077
ASP02B3877_004   0.206  -0.283  -0.077
ASP-1B3877_005   0.117  -0.207  -0.090
ASP01B3878_001   0.072  -1.426  -1.354
ASP01B3878_002   0.072  -1.426  -1.354
ASP02B3878_003   0.143  -1.358  -1.216
ASP02B3878_004   0.143  -1.358  -1.216
ASP-1B3878_005   0.069  -1.399  -1.331
GLU01B3879_001   0.499  -4.729  -4.230
GLU01B3879_002   0.499  -4.729  -4.230
GLU02B3879_003   0.665  -4.667  -4.002
GLU02B3879_004   0.665  -4.667  -4.002
GLU-1B3879_005   0.467  -4.663  -4.196
PHE01B3880_001   5.134  -5.954  -0.821
THR01B3881_001   0.332  -2.370  -2.038
THR01B3881_002   0.332  -2.370  -2.038
CTR01B3881_001  -0.021  -3.919  -3.940
CTR01B3881_002   0.098  -3.939  -3.840
CTR02B3881_003  -0.022  -3.822  -3.844
CTR02B3881_004   0.038  -4.074  -4.036
CTR-1B3881_005   0.000  -3.822  -3.822
NTR01B3919_001  -0.003  -3.579  -3.582
NTR+1B3919_002  -0.005  -3.579  -3.584
CTR01B3919_001  -0.021  -5.956  -5.977
CTR01B3919_002   0.105  -5.705  -5.600
CTR02B3919_003  -0.022  -5.840  -5.862
CTR02B3919_004   0.041  -5.976  -5.934
CTR-1B3919_005   0.000  -5.724  -5.724
THR01B3919_001   0.403  -8.341  -7.938
THR01B3919_002   0.403  -8.341  -7.938
THR01B3919_003   0.403  -8.341  -7.938
NTR01B3928_001  -0.003  -1.991  -1.994
NTR+1B3928_002  -0.005  -1.991  -1.996
GLU01B3928_001   3.646  -4.072  -0.426
GLU01B3928_002   3.646  -4.072  -0.426
GLU02B3928_003   2.911  -4.067  -1.156
GLU02B3928_004   2.911  -4.067  -1.156
GLU-1B3928_005   2.850  -3.894  -1.043
SER01B3929_001   0.000  -0.432  -0.432
SER01B3929_002   0.000  -0.432  -0.432
ILE01B3930_001   4.031  -3.142   0.889
SER01B3931_001   0.000  -2.405  -2.405
SER01B3931_002   0.000  -2.405  -2.405
ASP01B3932_001   0.155  -2.313  -2.158
ASP01B3932_002   0.155  -2.313  -2.158
ASP02B3932_003   0.236  -2.246  -2.010
ASP02B3932_004   0.236  -2.246  -2.010
ASP-1B3932_005   0.145  -2.235  -2.090
PHE01B3933_001   5.065  -0.152   4.914
TYR01B3934_001   4.901  -3.976   0.925
TYR01B3934_002   4.901  -3.976   0.925
TYR-1B3934_003   4.901  -3.976   0.925
CTR01B3934_001  -0.021  -0.521  -0.542
CTR01B3934_002   0.096  -0.521  -0.425
CTR02B3934_003  -0.022  -0.521  -0.543
CTR02B3934_004   0.037  -0.560  -0.523
CTR-1B3934_005   0.000  -0.521  -0.521
NTR01B3936_001  -0.003  -1.459  -1.462
NTR+1B3936_002  -0.005  -1.459  -1.464
TYR01B3936_001   5.471  -4.186   1.285
TYR01B3936_002   5.471  -4.186   1.285
TYR-1B3936_003   5.471  -4.186   1.285
TYR01B3937_001   6.029   0.000   6.029
TYR01B3937_002   6.029   0.000   6.029
TYR-1B3937_003   6.029   0.000   6.029
SER01B3938_001   0.000  -2.364  -2.364
SER01B3938_002   0.000  -2.364  -2.364
SER01B3938_003   0.000  -2.364  -2.364
LYS01B3940_001   1.360  -3.605  -2.244
LYS+1B3940_002   1.315  -3.605  -2.290
ASP01B3941_001   0.072  -2.804  -2.732
ASP01B3941_002   0.072  -2.804  -2.732
ASP02B3941_003   0.141  -2.934  -2.793
ASP02B3941_004   0.141  -2.934  -2.793
ASP-1B3941_005   0.067  -2.846  -2.779
VAL01B3942_001   0.501  -4.787  -4.286
ILE01B3943_001   1.450   0.000   1.450
GLU01B3944_001   1.086  -2.580  -1.493
GLU01B3944_002   1.086  -2.580  -1.493
GLU02B3944_003   1.003  -2.635  -1.632
GLU02B3944_004   1.003  -2.635  -1.632
GLU-1B3944_005   0.865  -2.493  -1.628
GLU01B3945_001   3.854  -2.815   1.039
GLU01B3945_002   3.854  -2.815   1.039
GLU02B3945_003   3.094  -2.847   0.247
GLU02B3945_004   3.094  -2.847   0.247
GLU-1B3945_005   3.019  -2.677   0.342
GLN01B3946_001   0.765  -0.485   0.280
LYS01B3948_001   0.748  -1.184  -0.436
LYS+1B3948_002   0.702  -1.184  -0.482
ARG01B3949_001   3.658  -4.882  -1.224
ARG02B3949_002   3.637  -4.882  -1.245
ARG03B3949_003   3.701  -4.882  -1.181
ARG+1B3949_004   3.594  -4.882  -1.288
ASN01B3950_001   0.558   0.000   0.558
ASN01B3950_002   0.301   0.000   0.301
PHE01B3951_001   5.879   0.000   5.879
SER01B3952_001   0.000  -1.767  -1.767
SER01B3952_002   0.000  -1.767  -1.767
SER01B3952_003   0.000  -1.767  -1.767
LYS01B3953_001   1.419  -2.822  -1.403
LYS+1B3953_002   1.372  -2.822  -1.450
ALA01B3954_001   0.000  -0.206  -0.206
MET01B3955_001   1.046  -0.096   0.950
SER01B3956_001   0.000  -2.437  -2.437
SER01B3956_002   0.000  -2.437  -2.437
CTR01B3956_001  -0.021  -4.151  -4.172
CTR01B3956_002   0.098  -4.016  -3.918
CTR02B3956_003  -0.022  -4.016  -4.038
CTR02B3956_004   0.038  -3.997  -3.959
CTR-1B3956_005   0.000  -4.016  -4.016
NTR01B3995_001  -0.003  -1.773  -1.776
NTR+1B3995_002  -0.005  -1.773  -1.778
VAL01B3995_001   0.770  -1.957  -1.187
PHE01B3996_001   4.848  -5.538  -0.690
ALA01B3997_001   0.000   0.000   0.000
HIS01B3998_001  -0.128  -3.966  -4.094
HIS01B3998_002  -0.081  -3.872  -3.953
HIS02B3998_003  -0.147  -3.966  -4.113
HIS02B3998_004  -0.094  -3.872  -3.966
HIS+1B3998_005  -0.174  -3.966  -4.140
HIS+1B3998_006  -0.120  -3.872  -3.992
MET01B3999_001  -0.029  -0.048  -0.077
MET01B4000_001   0.861   0.000   0.861
MET01B4001_001  -0.008  -2.442  -2.450
LYS01B4002_001   0.988  -1.429  -0.441
LYS+1B4002_002   0.945  -1.429  -0.484
LEU01B4003_001   2.334  -0.052   2.282
ALA01B4004_001   0.000  -0.103  -0.103
GLN01B4005_001   1.392  -1.851  -0.458
GLN01B4005_002   2.244  -1.949   0.295
ASP01B4006_001   0.080  -1.355  -1.275
ASP01B4006_002   0.080  -1.355  -1.275
ASP02B4006_003   0.156  -1.349  -1.194
ASP02B4006_004   0.156  -1.349  -1.194
ASP-1B4006_005   0.078  -1.335  -1.257
SER01B4007_001   0.000  -3.722  -3.722
SER01B4007_002   0.000  -3.722  -3.722
SER01B4008_001   0.000  -3.292  -3.292
SER01B4008_002   0.000  -3.292  -3.292
SER01B4008_003   0.000  -3.292  -3.292
GLN01B4009_001   2.070  -0.039   2.030
GLN01B4009_002   3.424  -0.039   3.384
ILE01B4010_001   1.180  -3.174  -1.995
GLU01B4011_001   5.985  -3.072   2.913
GLU01B4011_002   5.985  -3.072   2.913
GLU02B4011_003   4.819  -2.971   1.848
GLU02B4011_004   4.819  -2.971   1.848
GLU-1B4011_005   4.731  -2.933   1.798
LEU01B4012_001   1.795  -0.309   1.486
LEU01B4013_001   2.056  -0.670   1.387
LYS01B4014_001   3.128  -5.975  -2.847
LYS+1B4014_002   3.082  -5.975  -2.892
GLU01B4015_001   6.421  -1.252   5.170
GLU01B4015_002   6.421  -1.252   5.170
GLU02B4015_003   5.159  -1.343   3.816
GLU02B4015_004   5.159  -1.343   3.816
GLU-1B4015_005   5.094  -1.214   3.880
LEU01B4016_001   3.392   0.000   3.392
LEU01B4017_001   1.796  -1.442   0.354
ASP01B4018_001   0.130  -2.061  -1.931
ASP01B4018_002   0.130  -2.061  -1.931
ASP02B4018_003   0.208  -2.024  -1.816
ASP02B4018_004   0.208  -2.024  -1.816
ASP-1B4018_005   0.121  -1.946  -1.825
LEU01B4019_001   1.680  -4.874  -3.194
CTR01B4019_001  -0.021  -2.568  -2.589
CTR01B4019_002   0.111  -2.413  -2.302
CTR02B4019_003  -0.022  -2.432  -2.455
CTR02B4019_004   0.043  -2.606  -2.563
CTR-1B4019_005   0.000  -2.432  -2.432
NTR01B4046_001  -0.003  -2.762  -2.765
NTR01B4046_002  -0.002  -2.762  -2.765
NTR+1B4046_003  -0.005  -2.762  -2.767
CTR01B4046_001  -0.021  -2.500  -2.521
CTR01B4046_002   0.109  -2.500  -2.391
CTR02B4046_003  -0.022  -2.597  -2.619
CTR02B4046_004   0.042  -2.597  -2.554
CTR-1B4046_005   0.000  -2.500  -2.500
ASP01B4046_001   0.121  -3.049  -2.928
ASP01B4046_002   0.121  -3.049  -2.928
ASP02B4046_003   0.204  -3.205  -3.001
ASP02B4046_004   0.204  -3.205  -3.001
ASP-1B4046_005   0.115  -3.053  -2.938
NTR01B4049_001  -0.003  -1.156  -1.159
NTR+1B4049_002  -0.005  -1.156  -1.161
VAL01B4049_001   0.665  -3.052  -2.387
GLU01B4050_001   6.608  -3.723   2.885
GLU01B4050_002   6.608  -3.723   2.885
GLU02B4050_003   5.252  -3.872   1.380
GLU02B4050_004   5.252  -3.872   1.380
GLU-1B4050_005   5.203  -3.746   1.457
SER01B4051_001   0.000  -3.069  -3.069
SER01B4051_002   0.000  -3.069  -3.069
SER01B4051_003   0.000  -3.069  -3.069
CTR01B4051_001  -0.021  -0.058  -0.079
CTR01B4051_002   0.104  -0.058   0.046
CTR02B4051_003  -0.022  -0.058  -0.080
CTR02B4051_004   0.041  -0.058  -0.017
CTR-1B4051_005   0.000  -0.058  -0.058
NTR01B4053_001  -0.003  -0.450  -0.453
NTR+1B4053_002  -0.005  -0.450  -0.455
SER01B4053_001   0.000  -4.391  -4.391
SER01B4053_002   0.000  -4.391  -4.391
ASN01B4054_001   0.331  -1.363  -1.033
ASN01B4054_002   0.479  -1.319  -0.840
VAL01B4055_001   0.719  -3.297  -2.578
GLU01B4056_001   7.942  -1.975   5.966
GLU01B4056_002   7.942  -1.975   5.966
GLU02B4056_003   6.336  -2.024   4.312
GLU02B4056_004   6.336  -2.024   4.312
GLU-1B4056_005   6.276  -1.895   4.381
MET01B4057_001   0.187  -2.636  -2.450
ILE01B4058_001   2.197  -2.795  -0.598
LEU01B4059_001   2.569  -4.411  -1.842
LYS01B4060_001   1.984  -4.339  -2.355
LYS+1B4060_002   1.932  -4.339  -2.407
PHE01B4061_001   4.353  -0.303   4.050
PHE01B4062_001   5.143  -2.216   2.927
ASP01B4063_001   0.114  -1.319  -1.205
ASP01B4063_002   0.114  -1.319  -1.205
ASP02B4063_003   0.193  -1.407  -1.213
ASP02B4063_004   0.193  -1.407  -1.213
ASP-1B4063_005   0.108  -1.309  -1.201
MET01B4064_001  -0.192  -0.593  -0.786
PHE01B4065_001   4.532  -0.102   4.430
LEU01B4066_001   3.574  -6.175  -2.600
LYS01B4067_001   3.936  -1.841   2.095
LYS+1B4067_002   3.888  -1.841   2.047
LEU01B4068_001   3.288  -0.052   3.236
LYS01B4069_001   3.438  -4.082  -0.644
LYS+1B4069_002   3.368  -4.082  -0.714
ASP01B4070_001   0.149  -2.896  -2.747
ASP01B4070_002   0.149  -2.896  -2.747
ASP02B4070_003   0.227  -2.772  -2.545
ASP02B4070_004   0.227  -2.772  -2.545
ASP-1B4070_005   0.139  -2.700  -2.561
ILE01B4071_001   2.750  -0.892   1.858
VAL01B4072_001   0.571  -0.515   0.056
SER01B4074_001   0.000  -1.919  -1.919
GLU01B4075_001   1.499  -3.024  -1.524
GLU01B4075_002   1.499  -3.024  -1.524
GLU02B4075_003   1.259  -3.065  -1.805
GLU02B4075_004   1.259  -3.065  -1.805
GLU-1B4075_005   1.158  -3.000  -1.842
ALA01B4076_001   0.000  -2.627  -2.627
PHE01B4077_001   4.796   0.000   4.796
GLN01B4078_001   0.864  -1.735  -0.872
GLN01B4078_002   0.745  -1.502  -0.758
ASP01B4079_001   0.173  -2.788  -2.614
ASP01B4079_002   0.173  -2.788  -2.614
ASP02B4079_003   0.260  -2.729  -2.470
ASP02B4079_004   0.260  -2.729  -2.470
ASP-1B4079_005   0.163  -2.622  -2.459
TYR01B4080_001   5.805  -1.246   4.558
TYR-1B4080_002   5.805  -1.246   4.558
VAL01B4081_001   0.507  -0.412   0.095
THR01B4082_001   0.211  -6.132  -5.921
THR01B4082_002   0.211  -6.132  -5.921
THR01B4082_003   0.211  -6.132  -5.921
ASP01B4083_001   0.236  -1.118  -0.882
ASP01B4083_002   0.236  -1.118  -0.882
ASP02B4083_003   0.323  -1.149  -0.826
ASP02B4083_004   0.323  -1.149  -0.826
ASP-1B4083_005   0.218  -1.068  -0.850
PRO01B4084_001   0.270  -6.144  -5.875
ARG01B4085_001   3.398  -8.245  -4.846
ARG02B4085_002   3.326  -8.245  -4.919
ARG02B4085_003   3.386  -8.245  -4.859
ARG03B4085_004   3.320  -8.245  -4.924
ARG+1B4085_005   3.281  -8.245  -4.964
LEU01B4087_001   2.126  -4.153  -2.028
ILE01B4088_001   6.179   0.000   6.179
SER01B4089_001   0.000  -2.053  -2.053
SER01B4089_002   0.000  -2.053  -2.053
SER01B4089_003   0.000  -2.053  -2.053
LYS01B4090_001   2.311  -1.606   0.705
LYS+1B4090_002   2.265  -1.606   0.659
LYS01B4091_001   0.662  -7.886  -7.223
LYS+1B4091_002   0.616  -7.886  -7.270
ASP01B4092_001   0.057  -0.633  -0.575
ASP01B4092_002   0.057  -0.633  -0.575
ASP02B4092_003   0.123  -0.633  -0.511
ASP02B4092_004   0.123  -0.633  -0.511
ASP-1B4092_005   0.053  -0.633  -0.579
PHE01B4093_001   4.953  -0.051   4.902
GLN01B4094_001   1.285  -1.223   0.062
GLN01B4094_002   1.764  -1.101   0.663
LYS01B4095_001   2.767  -6.296  -3.529
LYS+1B4095_002   2.720  -6.296  -3.575
ALA01B4096_001   0.000  -0.155  -0.155
MET01B4097_001   0.000  -0.214  -0.214
ASP01B4098_001   0.400  -2.779  -2.379
ASP01B4098_002   0.400  -2.779  -2.379
ASP02B4098_003   0.428  -2.810  -2.383
ASP02B4098_004   0.428  -2.810  -2.383
ASP-1B4098_005   0.335  -2.722  -2.387
SER01B4099_001   0.000  -2.209  -2.209
SER01B4099_002   0.000  -2.209  -2.209
SER01B4099_003   0.000  -2.209  -2.209
GLN01B4100_001   3.230  -0.716   2.514
LYS01B4101_001   1.046 -10.226  -9.181
LYS+1B4101_002   0.997 -10.226  -9.230
GLN01B4102_001   1.716  -1.870  -0.154
GLN01B4102_002   2.526  -2.014   0.512
PHE01B4103_001   5.580  -0.051   5.529
THR01B4104_001   0.236  -3.806  -3.570
THR01B4104_002   0.236  -3.806  -3.570
PRO01B4106_001   0.273  -6.277  -6.003
GLU01B4107_001   2.633  -1.420   1.213
GLU01B4107_002   2.633  -1.420   1.213
GLU02B4107_003   2.115  -1.516   0.599
GLU02B4107_004   2.115  -1.516   0.599
GLU-1B4107_005   2.028  -1.378   0.649
ILE01B4108_001   3.393  -0.155   3.239
GLN01B4109_001   0.756  -2.080  -1.325
GLN01B4109_002   0.697  -2.153  -1.456
PHE01B4110_001   5.735  -0.734   5.001
LEU01B4111_001   2.663  -0.052   2.611
LEU01B4112_001   1.200  -0.361   0.839
SER01B4113_001   0.000  -1.237  -1.237
SER01B4113_002   0.000  -1.237  -1.237
CYS01B4114_001  -0.002   0.000  -0.002
CYS01B4114_002  -0.002   0.000  -0.002
CYS01B4114_003  -0.002   0.000  -0.002
CYS-1B4114_004   0.000   0.000   0.000
SER01B4115_001   0.000   0.000   0.000
SER01B4115_002   0.000   0.000   0.000
GLU01B4116_001   1.416  -1.663  -0.247
GLU01B4116_002   1.416  -1.663  -0.247
GLU02B4116_003   1.185  -1.648  -0.463
GLU02B4116_004   1.185  -1.648  -0.463
GLU-1B4116_005   1.088  -1.563  -0.476
ALA01B4117_001   0.000  -3.004  -3.004
ASP01B4118_001   0.456  -2.366  -1.910
ASP01B4118_002   0.456  -2.366  -1.910
ASP02B4118_003   0.515  -2.339  -1.824
ASP02B4118_004   0.515  -2.339  -1.824
ASP-1B4118_005   0.397  -2.377  -1.980
GLU01B4119_001   2.848  -3.920  -1.072
GLU01B4119_002   2.848  -3.920  -1.072
GLU02B4119_003   2.374  -3.953  -1.579
GLU02B4119_004   2.374  -3.953  -1.579
GLU-1B4119_005   2.255  -3.863  -1.608
ASN01B4120_001   0.032  -1.736  -1.704
ASN01B4120_002   0.214  -1.928  -1.713
GLU01B4121_001   4.544  -2.709   1.835
GLU01B4121_002   4.544  -2.709   1.835
GLU02B4121_003   3.645  -2.713   0.932
GLU02B4121_004   3.645  -2.713   0.932
GLU-1B4121_005   3.575  -2.687   0.888
MET01B4122_001   0.138  -0.864  -0.726
ILE01B4123_001   2.246   0.000   2.246
ASN01B4124_001   0.136  -1.634  -1.498
ASN01B4124_002  -0.015  -1.511  -1.526
PHE01B4125_001   5.026  -1.836   3.190
GLU01B4126_001   0.498  -3.252  -2.754
GLU01B4126_002   0.498  -3.252  -2.754
GLU02B4126_003   0.666  -3.186  -2.520
GLU02B4126_004   0.666  -3.186  -2.520
GLU-1B4126_005   0.467  -3.191  -2.724
GLU01B4127_001   2.581  -1.510   1.071
GLU01B4127_002   2.581  -1.510   1.071
GLU02B4127_003   2.092  -1.545   0.547
GLU02B4127_004   2.092  -1.545   0.547
GLU-1B4127_005   2.010  -1.498   0.512
PHE01B4128_001   5.033  -0.051   4.983
ALA01B4129_001   0.000  -0.444  -0.444
ASN01B4130_001   0.533  -1.749  -1.216
ASN01B4130_002   0.266  -1.849  -1.583
ARG01B4131_001   2.982  -0.633   2.349
ARG02B4131_002   3.009  -0.633   2.376
ARG03B4131_003   2.947  -0.633   2.314
ARG+1B4131_004   2.905  -0.633   2.272
PHE01B4132_001   4.569  -0.101   4.467
GLN01B4133_001   1.857  -1.728   0.130
GLN01B4133_002   1.266  -1.629  -0.363
GLU01B4134_001   1.833  -1.742   0.090
GLU01B4134_002   1.833  -1.742   0.090
GLU02B4134_003   1.493  -1.783  -0.290
GLU02B4134_004   1.493  -1.783  -0.290
GLU-1B4134_005   1.428  -1.743  -0.315
PRO01B4135_001   0.411  -0.773  -0.361
CTR01B4135_001  -0.021  -0.637  -0.658
CTR01B4135_002   0.078  -0.637  -0.559
CTR02B4135_003  -0.022  -0.656  -0.679
CTR02B4135_004   0.025  -0.618  -0.593
CTR-1B4135_005   0.000  -0.637  -0.637
NTR01B4136_001  -0.003   0.000  -0.003
NTR+1B4136_002  -0.005   0.000  -0.005
ALA01B4136_001   0.000  -0.464  -0.464
ARG01B4137_001   3.644  -9.930  -6.286
ARG02B4137_002   3.592  -9.930  -6.338
ARG03B4137_003   3.594  -9.930  -6.336
ARG+1B4137_004   3.546  -9.930  -6.384
ASP01B4138_001   0.119  -1.310  -1.191
ASP01B4138_002   0.119  -1.310  -1.191
ASP02B4138_003   0.205  -1.393  -1.188
ASP02B4138_004   0.205  -1.393  -1.188
ASP-1B4138_005   0.116  -1.308  -1.192
CTR01B4138_001  -0.021  -4.489  -4.510
CTR01B4138_002   0.099  -4.373  -4.274
CTR02B4138_003  -0.022  -4.353  -4.375
CTR02B4138_004   0.039  -4.431  -4.392
CTR-1B4138_005   0.000  -4.353  -4.353
NTR01B4159_001  -0.003  -1.738  -1.741
NTR+1B4159_002  -0.005  -1.738  -1.743
CTR01B4159_001  -0.021  -1.680  -1.701
CTR01B4159_002   0.099  -1.680  -1.580
CTR02B4159_003  -0.022  -1.815  -1.837
CTR02B4159_004   0.037  -1.718  -1.682
CTR-1B4159_005   0.000  -1.680  -1.680
ARG01B4159_001   8.742  -9.221  -0.479
ARG02B4159_002   8.755  -9.221  -0.466
ARG03B4159_003   8.751  -9.221  -0.470
ARG+1B4159_004   8.707  -9.221  -0.514
NTR01B4161_001  -0.003  -0.450  -0.453
NTR+1B4161_002  -0.005  -0.450  -0.455
ARG01B4161_001   2.190 -13.256 -11.067
ARG02B4161_002   2.149 -13.256 -11.107
ARG03B4161_003   2.144 -13.256 -11.113
ARG+1B4161_004   2.105 -13.256 -11.152
ASN01B4162_001   0.280  -1.964  -1.684
ASN01B4162_002   0.067  -1.875  -1.808
PHE01B4163_001   5.540  -2.760   2.779
LEU01B4164_001   1.526  -8.445  -6.919
GLU01B4165_001   5.356  -3.052   2.304
GLU01B4165_002   5.356  -3.052   2.304
GLU02B4165_003   4.274  -3.201   1.073
GLU02B4165_004   4.274  -3.201   1.073
GLU-1B4165_005   4.208  -3.014   1.194
LEU01B4166_001   2.070  -2.627  -0.558
CTR01B4166_001  -0.021  -2.027  -2.048
CTR01B4166_002   0.106  -1.873  -1.767
CTR02B4166_003  -0.022  -1.969  -1.991
CTR02B4166_004   0.042  -2.008  -1.966
CTR-1B4166_005   0.000  -1.969  -1.969
NTR01B4193_001  -0.003  -2.380  -2.383
NTR+1B4193_002  -0.005  -2.380  -2.385
ILE01B4193_001   5.243 -10.193  -4.949
TYR01B4194_001   4.789 -13.520  -8.731
TYR-1B4194_002   4.789 -13.520  -8.731
CTR01B4194_001  -0.021  -3.919  -3.940
CTR01B4194_002   0.094  -4.151  -4.057
CTR02B4194_003  -0.022  -4.054  -4.077
CTR02B4194_004   0.036  -4.190  -4.154
CTR-1B4194_005   0.000  -3.919  -3.919
NTR01B4206_001  -0.003  -2.390  -2.393
NTR+1B4206_002  -0.005  -2.390  -2.394
GLU01B4206_001   1.359  -4.681  -3.322
GLU01B4206_002   1.359  -4.681  -3.322
GLU02B4206_003   1.155  -4.621  -3.466
GLU02B4206_004   1.155  -4.621  -3.466
GLU-1B4206_005   1.053  -4.511  -3.459
MET01B4207_001   1.408  -6.863  -5.455
PRO01B4208_001   0.301  -7.270  -6.968
GLN01B4209_001   0.921  -2.356  -1.435
GLN01B4209_002   0.784  -2.506  -1.721
CTR01B4209_001  -0.021  -2.983  -3.004
CTR01B4209_002   0.103  -3.022  -2.918
CTR02B4209_003  -0.022  -2.905  -2.928
CTR02B4209_004   0.040  -3.041  -3.001
CTR-1B4209_005   0.000  -2.905  -2.905
NTG01B4226_001  -0.005  -6.166  -6.171
NTG+1B4226_002  -0.010  -6.166  -6.176
GLU01B4227_001   0.858  -4.615  -3.757
GLU01B4227_002   0.858  -4.615  -3.757
GLU02B4227_003   0.724  -4.805  -4.081
GLU02B4227_004   0.724  -4.805  -4.081
GLU-1B4227_005   0.640  -4.667  -4.027
CTR01B4227_001  -0.021  -4.875  -4.896
CTR01B4227_002   0.113  -4.991  -4.878
CTR02B4227_003  -0.022  -4.875  -4.897
CTR02B4227_004   0.045  -5.088  -5.043
CTR-1B4227_005   0.000  -4.875  -4.875
NTR01B4240_001  -0.003  -1.969  -1.972
NTR+1B4240_002  -0.005  -1.969  -1.974
CTR01B4240_001  -0.021  -2.452  -2.473
CTR01B4240_002   0.100  -2.452  -2.352
CTR02B4240_003  -0.022  -2.568  -2.590
CTR02B4240_004   0.038  -2.549  -2.510
CTR-1B4240_005   0.000  -2.452  -2.452
ASP01B4240_001   0.089  -2.002  -1.913
ASP01B4240_002   0.089  -2.002  -1.913
ASP02B4240_003   0.165  -2.198  -2.032
ASP02B4240_004   0.165  -2.198  -2.032
ASP-1B4240_005   0.085  -2.062  -1.977
NTR01B4243_001  -0.003  -0.835  -0.838
NTR+1B4243_002  -0.005  -0.835  -0.840
PHE01B4243_001   5.861  -1.061   4.800
GLU01B4244_001   1.983  -1.954   0.029
GLU01B4244_002   1.983  -1.954   0.029
GLU02B4244_003   1.580  -1.834  -0.254
GLU02B4244_004   1.580  -1.834  -0.254
GLU-1B4244_005   1.510  -1.847  -0.338
CTR01B4244_001  -0.021  -1.448  -1.469
CTR01B4244_002   0.099  -1.448  -1.348
CTR02B4244_003  -0.022  -1.448  -1.470
CTR02B4244_004   0.038  -1.564  -1.525
CTR-1B4244_005   0.000  -1.448  -1.448
NTR01B4246_001  -0.003  -1.356  -1.359
NTR+1B4246_002  -0.005  -1.356  -1.361
GLN01B4246_001   1.146  -2.744  -1.599
GLN01B4246_002   0.950  -2.833  -1.883
ILE01B4247_001   1.393  -1.355   0.038
ALA01B4248_001   0.000  -2.247  -2.247
ALA01B4249_001   0.000  -3.586  -3.586
GLN01B4250_001   3.201  -2.807   0.395
ILE01B4251_001   2.574  -1.355   1.219
SER01B4252_001   0.000  -3.315  -3.315
SER01B4252_002   0.000  -3.315  -3.315
GLU01B4253_001   0.500  -2.313  -1.813
GLU01B4253_002   0.500  -2.313  -1.813
GLU02B4253_003   0.667  -2.281  -1.614
GLU02B4253_004   0.667  -2.281  -1.614
GLU-1B4253_005   0.469  -2.231  -1.762
CTR01B4253_001  -0.021  -5.502  -5.523
CTR01B4253_002   0.108  -5.522  -5.414
CTR02B4253_003  -0.022  -5.425  -5.447
CTR02B4253_004   0.042  -5.522  -5.480
CTR-1B4253_005   0.000  -5.348  -5.348
NTR01B4540_001  -0.003  -2.806  -2.809
NTR+1B4540_002  -0.005  -2.806  -2.811
PHE01B4540_001   2.037  -3.584  -1.547
TRP01B4541_001   0.646 -13.646 -13.000
GLU01B4543_001   0.499  -3.384  -2.885
GLU01B4543_002   0.499  -3.384  -2.885
GLU02B4543_003   0.665  -3.491  -2.826
GLU02B4543_004   0.665  -3.491  -2.826
GLU-1B4543_005   0.467  -3.402  -2.935
LEU01B4544_001   1.454  -3.982  -2.529
GLU01B4545_001   0.498  -2.697  -2.198
GLU01B4545_002   0.498  -2.697  -2.198
GLU02B4545_003   0.665  -2.525  -1.860
GLU02B4545_004   0.665  -2.525  -1.860
GLU-1B4545_005   0.467  -2.644  -2.177
VAL01B4546_001   0.509  -5.850  -5.340
GLN01B4547_001   1.408  -2.656  -1.248
GLN01B4547_002   1.997  -2.696  -0.699
ARG01B4548_001   5.242  -6.922  -1.680
ARG02B4548_002   5.184  -6.922  -1.738
ARG03B4548_003   5.277  -6.922  -1.645
ARG+1B4548_004   5.144  -6.922  -1.778
VAL01B4549_001   1.253  -3.622  -2.369
LYS01B4550_001   3.786  -4.299  -0.513
LYS+1B4550_002   3.692  -4.299  -0.608
PHE01B4551_001   4.902  -7.232  -2.330
LEU01B4552_001   4.361  -1.133   3.228
ASN01B4553_001   0.352  -0.915  -0.563
ASN01B4553_002   0.524  -0.911  -0.386
TYR01B4554_001   4.645  -7.875  -3.229
TYR01B4554_002   4.645  -7.875  -3.229
TYR-1B4554_003   4.645  -7.875  -3.229
LEU01B4555_001   2.238  -0.258   1.981
SER01B4556_001   0.000   0.000   0.000
ARG01B4557_001   9.059  -3.951   5.107
ARG02B4557_002   9.010  -3.951   5.059
ARG02B4557_003   9.016  -3.951   5.065
ARG03B4557_004   9.016  -3.951   5.064
ARG03B4557_005   9.078  -3.951   5.127
ARG+1B4557_006   8.970  -3.951   5.019
ASN01B4558_001   0.267  -1.154  -0.887
PHE01B4559_001   4.729  -0.707   4.022
TYR01B4560_001   4.910  -7.237  -2.327
TYR-1B4560_002   4.910  -7.237  -2.327
THR01B4561_001   0.301  -4.085  -3.785
THR01B4561_002   0.301  -4.085  -3.785
LEU01B4562_001   2.194  -1.062   1.131
ARG01B4563_001   1.694  -1.949  -0.255
ARG02B4563_002   1.646  -1.949  -0.303
ARG02B4563_003   1.652  -1.949  -0.297
ARG03B4563_004   1.651  -1.949  -0.298
ARG03B4563_005   1.709  -1.949  -0.240
ARG+1B4563_006   1.607  -1.949  -0.342
PHE01B4564_001   4.974  -8.488  -3.514
LEU01B4565_001   1.603  -3.741  -2.138
ALA01B4566_001   0.000   0.000   0.000
LEU01B4567_001   1.923  -2.489  -0.566
PHE01B4568_001   4.987  -8.447  -3.460
LEU01B4569_001   6.148  -0.258   5.890
ALA01B4570_001   0.000   0.000   0.000
PHE01B4571_001   4.531  -6.563  -2.033
ALA01B4572_001   0.000  -1.681  -1.681
ILE01B4573_001   2.358   0.000   2.358
ASN01B4574_001   0.411  -0.259   0.152
ASN01B4574_002   0.186  -0.307  -0.121
PHE01B4575_001   4.934  -9.010  -4.075
ILE01B4576_001   4.059  -0.840   3.219
LEU01B4577_001   3.518  -2.315   1.203
LEU01B4578_001   2.004  -5.782  -3.779
PHE01B4579_001   5.070  -2.863   2.207
TYR01B4580_001   4.509  -3.073   1.436
TYR-1B4580_002   4.509  -3.073   1.436
LYS01B4581_001   1.599  -6.379  -4.780
LYS+1B4581_002   1.551  -6.379  -4.828
VAL01B4582_001   0.448  -5.663  -5.215
SER01B4583_001   0.000  -0.519  -0.519
SER01B4583_002   0.000  -0.519  -0.519
SER01B4583_003   0.000  -0.519  -0.519
ASP01B4584_001  -0.040  -3.671  -3.711
ASP01B4584_002  -0.040  -3.671  -3.711
ASP02B4584_003  -0.009  -3.677  -3.686
ASP02B4584_004  -0.009  -3.677  -3.686
ASP-1B4584_005  -0.041  -3.622  -3.663
SER01B4585_001   0.000  -3.263  -3.263
SER01B4585_002   0.000  -3.263  -3.263
PRO01B4586_001   0.311  -5.509  -5.198
PRO01B4587_001   0.267  -4.536  -4.269
CTR01B4587_001  -0.021  -4.885  -4.906
CTR01B4587_002   0.092  -5.175  -5.083
CTR02B4587_003  -0.022  -4.885  -4.907
CTR02B4587_004   0.034  -5.097  -5.064
CTR-1B4587_005   0.000  -4.885  -4.885
NTR01B4626_001  -0.003  -3.657  -3.660
NTR+1B4626_002  -0.005  -3.657  -3.662
ASN01B4626_001  -0.020  -3.371  -3.391
MET01B4627_001   0.140  -4.293  -4.153
VAL01B4628_001   0.579  -2.711  -2.132
TYR01B4629_001   4.958  -8.040  -3.082
TYR-1B4629_002   4.958  -8.040  -3.082
TYR01B4630_001   5.124  -3.403   1.721
TYR01B4630_002   5.124  -3.403   1.721
TYR-1B4630_003   5.124  -3.403   1.721
PHE01B4631_001   5.245  -3.145   2.100
LEU01B4632_001   2.332  -4.134  -1.802
GLU01B4633_001   3.437  -2.559   0.877
GLU01B4633_002   3.437  -2.559   0.877
GLU02B4633_003   2.740  -2.640   0.100
GLU02B4633_004   2.740  -2.640   0.100
GLU-1B4633_005   2.673  -2.550   0.124
GLU01B4634_001   2.329  -1.300   1.029
GLU01B4634_002   2.329  -1.300   1.029
GLU02B4634_003   1.836  -1.259   0.576
GLU02B4634_004   1.836  -1.259   0.576
GLU-1B4634_005   1.781  -1.249   0.532
SER01B4635_001   0.000  -5.012  -5.012
SER01B4635_002   0.000  -5.012  -5.012
THR01B4636_001   0.197  -2.233  -2.037
THR01B4636_002   0.197  -2.233  -2.037
THR01B4636_003   0.197  -2.233  -2.037
TYR01B4638_001   4.940  -8.858  -3.918
TYR01B4638_002   4.940  -8.858  -3.918
TYR-1B4638_003   4.940  -8.858  -3.918
MET01B4639_001  97.688   0.000  97.688
GLU01B4640_001   1.891  -2.216  -0.325
GLU01B4640_002   1.891  -2.216  -0.325
GLU02B4640_003   1.600  -2.196  -0.595
GLU02B4640_004   1.600  -2.196  -0.595
GLU-1B4640_005   1.483  -2.187  -0.704
PRO01B4641_001   0.274  -6.201  -5.927
ALA01B4642_001   0.000  -2.318  -2.318
LEU01B4643_001   3.062  -1.458   1.603
TRP01B4644_001   2.711 -10.644  -7.933
CYS01B4645_001  -0.002  -3.882  -3.883
CYS01B4645_002  -0.002  -3.882  -3.883
CYS01B4645_003  -0.002  -3.882  -3.884
CYS-1B4645_004   0.000  -3.882  -3.882
LEU01B4646_001   1.505  -3.483  -1.978
SER01B4647_001   0.000   0.000   0.000
SER01B4647_002   0.000   0.000   0.000
SER01B4647_003   0.000   0.000   0.000
LEU01B4648_001   2.650  -5.235  -2.585
LEU01B4649_001   2.528  -3.245  -0.717
HIS01B4650_001  -0.139   0.000  -0.139
HIS02B4650_002  -0.157   0.000  -0.157
HIS+1B4650_003  -0.184   0.000  -0.184
THR01B4651_001   0.261  -1.528  -1.267
THR01B4651_002   0.261  -1.528  -1.267
LEU01B4652_001   4.256  -5.679  -1.423
VAL01B4653_001   0.812  -0.464   0.348
ALA01B4654_001   0.000   0.000   0.000
PHE01B4655_001   4.976  -8.198  -3.222
LEU01B4656_001   2.421  -2.212   0.210
CYS01B4657_001  -0.002   0.000  -0.002
CYS01B4657_002  -0.002   0.000  -0.002
CYS01B4657_003  -0.002   0.000  -0.002
CYS-1B4657_004   0.000   0.000   0.000
ILE01B4658_001   2.876  -2.299   0.577
ILE01B4659_001   2.309  -3.087  -0.779
TYR01B4661_001   5.560  -0.354   5.206
TYR01B4661_002   5.560  -0.354   5.206
TYR-1B4661_003   5.560  -0.354   5.206
ASN01B4662_001   0.201  -1.974  -1.773
ASN01B4662_002   0.023  -1.865  -1.842
CYS01B4663_001  -0.002  -1.265  -1.266
CYS01B4663_002  -0.002  -1.265  -1.266
CYS01B4663_003  -0.003  -1.265  -1.267
CYS-1B4663_004   0.000  -1.265  -1.265
LEU01B4664_001   1.826  -1.288   0.538
LYS01B4665_001   3.598  -4.043  -0.444
LYS+1B4665_002   3.503  -4.043  -0.539
VAL01B4666_001   0.331  -0.927  -0.596
PRO01B4667_001   0.281  -1.870  -1.590
CTR01B4667_001  -0.021  -0.347  -0.369
CTR01B4667_002   0.143  -0.347  -0.205
CTR02B4667_003  -0.023  -0.347  -0.370
CTR02B4667_004   0.060  -0.290  -0.230
CTR-1B4667_005   0.000  -0.347  -0.347
NTR01B4670_001  -0.003  -0.321  -0.324
NTR+1B4670_002  -0.005  -0.321  -0.326
ILE01B4670_001   1.836  -0.567   1.270
PHE01B4671_001   5.340  -0.169   5.172
LYS01B4672_001   1.717  -7.592  -5.876
LYS+1B4672_002   1.667  -7.592  -5.925
ARG01B4673_001   3.559  -1.324   2.235
ARG02B4673_002   3.525  -1.324   2.201
ARG02B4673_003   3.528  -1.324   2.204
ARG03B4673_004   3.534  -1.324   2.210
ARG03B4673_005   3.583  -1.324   2.259
ARG+1B4673_006   3.485  -1.324   2.161
GLU01B4674_001   2.136   0.000   2.136
GLU01B4674_002   2.136   0.000   2.136
GLU02B4674_003   1.697   0.000   1.697
GLU02B4674_004   1.697   0.000   1.697
GLU-1B4674_005   1.639   0.000   1.639
LYS01B4675_001   2.150  -3.504  -1.354
LYS+1B4675_002   2.097  -3.504  -1.407
GLU01B4676_001   5.333  -1.404   3.929
GLU01B4676_002   5.333  -1.404   3.929
GLU02B4676_003   4.271  -1.389   2.882
GLU02B4676_004   4.271  -1.389   2.882
GLU-1B4676_005   4.200  -1.344   2.856
LEU01B4677_001   1.224  -0.412   0.812
ALA01B4678_001   0.000  -0.464  -0.464
ARG01B4679_001   1.731  -6.425  -4.693
ARG02B4679_002   1.715  -6.425  -4.709
ARG02B4679_003   1.798  -6.425  -4.627
ARG03B4679_004   1.707  -6.425  -4.717
ARG03B4679_005   1.711  -6.425  -4.714
ARG+1B4679_006   1.668  -6.425  -4.757
LYS01B4680_001   1.114  -5.558  -4.445
LYS+1B4680_002   1.066  -5.558  -4.492
LEU01B4681_001   1.547  -0.155   1.393
GLU01B4682_001   2.404  -0.624   1.780
GLU01B4682_002   2.404  -0.624   1.780
GLU02B4682_003   1.948  -0.648   1.299
GLU02B4682_004   1.948  -0.648   1.299
GLU-1B4682_005   1.870  -0.620   1.250
PHE01B4683_001   5.368  -8.170  -2.802
ASP01B4684_001   0.423  -2.125  -1.702
ASP01B4684_002   0.423  -2.125  -1.702
ASP02B4684_003   0.563  -2.147  -1.584
ASP02B4684_004   0.563  -2.147  -1.584
ASP-1B4684_005   0.404  -2.046  -1.642
LEU01B4686_001   2.254  -2.041   0.213
TYR01B4687_001   5.670  -0.264   5.405
TYR01B4687_002   5.670  -0.264   5.405
TYR-1B4687_003   5.670  -0.264   5.405
ILE01B4688_001   2.304   0.000   2.304
THR01B4689_001   0.246  -2.932  -2.686
GLU01B4690_001   6.745  -3.049   3.696
GLU01B4690_002   6.745  -3.049   3.696
GLU02B4690_003   5.397  -3.036   2.361
GLU02B4690_004   5.397  -3.036   2.361
GLU-1B4690_005   5.327  -3.032   2.296
GLN01B4691_001   1.660  -2.999  -1.339
GLN01B4691_002   2.358  -2.806  -0.448
PRO01B4692_001   0.536  -0.151   0.385
ASP01B4694_001   0.182  -1.962  -1.780
ASP01B4694_002   0.182  -1.962  -1.780
ASP02B4694_003   0.271  -2.096  -1.826
ASP02B4694_004   0.271  -2.096  -1.826
ASP-1B4694_005   0.172  -2.015  -1.843
ASP01B4695_001   0.185  -3.318  -3.133
ASP01B4695_002   0.185  -3.318  -3.133
ASP02B4695_003   0.278  -3.356  -3.078
ASP02B4695_004   0.278  -3.356  -3.078
ASP-1B4695_005   0.176  -3.295  -3.119
ASP01B4696_001   0.163  -3.072  -2.909
ASP01B4696_002   0.163  -3.072  -2.909
ASP02B4696_003   0.245  -3.010  -2.765
ASP02B4696_004   0.245  -3.010  -2.765
ASP-1B4696_005   0.152  -2.998  -2.845
VAL01B4697_001   0.715  -7.034  -6.319
LYS01B4698_001   1.642  -5.689  -4.047
LYS+1B4698_002   1.595  -5.689  -4.094
GLN01B4700_001   2.108  -1.644   0.464
GLN01B4700_002   1.465  -1.896  -0.430
TRP01B4701_001   3.710  -3.978  -0.268
ASP01B4702_001   0.036  -0.034   0.001
ASP01B4702_002   0.036  -0.034   0.001
ASP02B4702_003   0.085  -0.036   0.049
ASP02B4702_004   0.085  -0.036   0.049
ASP-1B4702_005   0.028  -0.034  -0.007
ARG01B4703_001   3.568  -5.041  -1.474
ARG02B4703_002   3.509  -5.041  -1.532
ARG03B4703_003   3.599  -5.041  -1.442
ARG+1B4703_004   3.469  -5.041  -1.572
LEU01B4704_001   4.075  -2.782   1.293
VAL01B4705_001   0.598   0.000   0.598
LEU01B4706_001   2.114  -0.258   1.857
ASN01B4707_001   0.588  -1.397  -0.809
THR01B4708_001   0.328  -0.103   0.225
THR01B4708_002   0.328  -0.103   0.225
PRO01B4709_001   0.295  -4.424  -4.129
SER01B4710_001   0.000  -1.263  -1.263
SER01B4710_002   0.000  -1.263  -1.263
SER01B4710_003   0.000  -1.263  -1.263
PHE01B4711_001   5.417  -0.169   5.248
PRO01B4712_001   0.342  -0.119   0.223
SER01B4713_001   0.000  -1.580  -1.580
SER01B4713_002   0.000  -1.580  -1.580
ASN01B4714_001   0.206  -0.886  -0.680
ASN01B4714_002   0.028  -0.970  -0.941
TYR01B4715_001   5.927  -1.578   4.349
TYR-1B4715_002   5.927  -1.578   4.349
TRP01B4716_001   3.739  -9.167  -5.428
ASP01B4717_001   0.282  -1.321  -1.038
ASP01B4717_002   0.282  -1.321  -1.038
ASP02B4717_003   0.289  -1.255  -0.966
ASP02B4717_004   0.289  -1.255  -0.966
ASP-1B4717_005   0.224  -1.244  -1.020
LYS01B4718_001   0.553  -3.562  -3.010
LYS+1B4718_002   0.509  -3.562  -3.054
PHE01B4719_001   5.275  -1.457   3.817
VAL01B4720_001   0.947  -0.412   0.535
LYS01B4721_001   0.919  -1.030  -0.111
LYS+1B4721_002   0.874  -1.030  -0.157
ARG01B4722_001   3.787  -6.202  -2.415
ARG02B4722_002   3.728  -6.202  -2.473
ARG03B4722_003   3.814  -6.202  -2.388
ARG+1B4722_004   3.688  -6.202  -2.513
LYS01B4723_001   1.649  -5.916  -4.267
LYS+1B4723_002   1.599  -5.916  -4.317
VAL01B4724_001   0.800   0.000   0.800
LEU01B4725_001   3.532  -1.114   2.418
ASP01B4726_001   0.122  -3.163  -3.040
ASP01B4726_002   0.122  -3.163  -3.040
ASP02B4726_003   0.209  -3.159  -2.950
ASP02B4726_004   0.209  -3.159  -2.950
ASP-1B4726_005   0.118  -3.183  -3.064
LYS01B4727_001   1.842  -3.447  -1.605
LYS+1B4727_002   1.792  -3.447  -1.655
HIS01B4728_001  -0.103  -1.399  -1.502
HIS01B4728_002  -0.051  -1.611  -1.661
HIS02B4728_003  -0.122  -1.399  -1.522
HIS02B4728_004  -0.063  -1.611  -1.674
HIS+1B4728_005  -0.149  -1.399  -1.549
HIS+1B4728_006  -0.090  -1.611  -1.701
ASP01B4730_001   0.095  -3.521  -3.426
ASP01B4730_002   0.095  -3.521  -3.426
ASP02B4730_003   0.171  -3.540  -3.369
ASP02B4730_004   0.171  -3.540  -3.369
ASP-1B4730_005   0.091  -3.441  -3.350
ILE01B4731_001   6.706  -4.717   1.990
PHE01B4732_001   4.304  -4.236   0.067
ARG01B4734_001   2.515  -7.673  -5.159
ARG02B4734_002   2.494  -7.673  -5.180
ARG03B4734_003   2.593  -7.673  -5.080
ARG+1B4734_004   2.450  -7.673  -5.223
GLU01B4735_001   2.855  -2.881  -0.026
GLU01B4735_002   2.855  -2.881  -0.026
GLU02B4735_003   2.326  -2.792  -0.466
GLU02B4735_004   2.326  -2.792  -0.466
GLU-1B4735_005   2.231  -2.759  -0.528
ARG01B4736_001   5.026  -7.298  -2.272
ARG02B4736_002   4.966  -7.298  -2.332
ARG03B4736_003   5.065  -7.298  -2.233
ARG+1B4736_004   4.926  -7.298  -2.372
ILE01B4737_001   1.673   0.000   1.673
ALA01B4738_001   0.000  -0.103  -0.103
GLU01B4739_001   3.493  -2.289   1.205
GLU01B4739_002   3.493  -2.289   1.205
GLU02B4739_003   2.817  -2.478   0.339
GLU02B4739_004   2.817  -2.478   0.339
GLU-1B4739_005   2.745  -2.311   0.434
LEU01B4740_001   3.202  -2.556   0.646
LEU01B4741_001   1.392  -0.103   1.289
MET01B4743_001   1.117  -0.790   0.327
ASP01B4744_001  -0.040  -2.164  -2.204
ASP01B4744_002  -0.040  -2.164  -2.204
ASP02B4744_003  -0.009  -2.172  -2.181
ASP02B4744_004  -0.009  -2.172  -2.181
ASP-1B4744_005  -0.041  -2.101  -2.142
LEU01B4745_001   1.457  -5.940  -4.483
ALA01B4746_001   0.000  -1.133  -1.133
SER01B4747_001   0.000  -1.371  -1.371
SER01B4747_002   0.000  -1.371  -1.371
LEU01B4748_001   1.458  -5.785  -4.327
GLU01B4749_001   0.498  -2.404  -1.906
GLU01B4749_002   0.498  -2.404  -1.906
GLU02B4749_003   0.664  -2.447  -1.783
GLU02B4749_004   0.664  -2.447  -1.783
GLU-1B4749_005   0.467  -2.347  -1.881
ILE01B4750_001   0.942  -2.386  -1.443
THR01B4751_001   0.152  -4.982  -4.830
THR01B4751_002   0.152  -4.982  -4.830
ALA01B4752_001   0.000  -3.020  -3.020
HIS01B4753_001  -0.353  -1.828  -2.181
HIS01B4753_002  -0.344  -1.806  -2.150
HIS02B4753_003  -0.363  -1.828  -2.190
HIS02B4753_004  -0.355  -1.806  -2.161
HIS+1B4753_005  -0.382  -1.828  -2.210
HIS+1B4753_006  -0.375  -1.806  -2.180
ASN01B4754_001  -0.020  -0.733  -0.753
ASN01B4754_002  -0.091  -0.605  -0.696
GLU01B4755_001   0.499  -1.740  -1.240
GLU01B4755_002   0.499  -1.740  -1.240
GLU02B4755_003   0.666  -1.725  -1.059
GLU02B4755_004   0.666  -1.725  -1.059
GLU-1B4755_005   0.468  -1.723  -1.255
ARG01B4756_0011190.655  -5.4901185.165
ARG02B4756_0021190.636  -5.4901185.146
ARG03B4756_0031190.670  -5.4901185.181
ARG03B4756_004 189.703  -5.490 184.214
ARG+1B4756_0051190.604  -5.4901185.114
LYS01B4757_001   3.785  -1.561   2.225
LYS+1B4757_002   3.691  -1.561   2.130
PRO01B4758_001   0.245  -5.208  -4.963
ASP01B4759_001  -0.040  -3.175  -3.215
ASP01B4759_002  -0.040  -3.175  -3.215
ASP02B4759_003  -0.009  -3.112  -3.121
ASP02B4759_004  -0.009  -3.112  -3.121
ASP-1B4759_005  -0.041  -3.079  -3.119
PRO01B4760_001   0.245  -6.595  -6.350
PRO01B4761_001   0.237  -6.965  -6.728
PRO01B4762_001   0.236  -5.618  -5.382
LEU01B4764_001   1.456  -4.910  -3.453
LEU01B4765_001   1.454  -4.977  -3.523
THR01B4766_001   0.238  -4.942  -4.703
THR01B4766_002   0.238  -4.942  -4.703
TRP01B4767_001   3.101  -7.365  -4.265
LEU01B4768_001   3.482  -6.864  -3.382
MET01B4769_001   0.141  -9.288  -9.148
SER01B4770_001   0.000  -3.185  -3.185
ILE01B4771_001   1.981  -4.478  -2.497
ASP01B4772_001   0.174  -2.238  -2.065
ASP01B4772_002   0.174  -2.238  -2.065
ASP02B4772_003   0.250  -2.139  -1.889
ASP02B4772_004   0.250  -2.139  -1.889
ASP-1B4772_005   0.160  -2.149  -1.990
VAL01B4773_001   0.669  -5.357  -4.688
LYS01B4774_001   1.195  -6.354  -5.159
LYS+1B4774_002   1.146  -6.354  -5.209
TYR01B4775_001   5.169  -0.868   4.301
TYR01B4775_002   5.169  -0.868   4.301
TYR-1B4775_003   5.169  -0.868   4.301
GLN01B4776_001   0.944  -1.901  -0.957
ILE01B4777_001   3.766  -4.256  -0.490
TRP01B4778_001   4.414   0.000   4.414
LYS01B4779_001   2.451  -3.221  -0.770
LYS+1B4779_002   2.403  -3.221  -0.818
PHE01B4780_001   4.766  -5.995  -1.229
VAL01B4782_001   1.419  -0.341   1.078
ILE01B4783_001   1.986  -1.252   0.734
PHE01B4784_001   4.319  -6.574  -2.255
THR01B4785_001   0.227  -2.393  -2.167
THR01B4785_002   0.227  -2.393  -2.167
ASP01B4786_001   0.347  -1.185  -0.838
ASP01B4786_002   0.347  -1.185  -0.838
ASP02B4786_003   0.384  -1.128  -0.745
ASP02B4786_004   0.384  -1.128  -0.745
ASP-1B4786_005   0.293  -1.128  -0.835
ASN01B4787_001   0.394  -3.574  -3.180
ASN01B4787_002   0.174  -3.590  -3.416
SER01B4788_001   0.000  -2.714  -2.714
SER01B4788_002   0.000  -2.714  -2.714
SER01B4788_003   0.000  -2.714  -2.714
PHE01B4789_001   5.713  -1.753   3.960
LEU01B4790_001   2.561  -5.045  -2.484
TYR01B4791_001   5.181  -4.345   0.836
TYR01B4791_002   5.181  -4.345   0.836
TYR-1B4791_003   5.181  -4.345   0.836
LEU01B4792_001   1.176  -0.515   0.661
TRP01B4794_001   3.574  -8.854  -5.280
TYR01B4795_001   5.303  -0.152   5.151
TYR-1B4795_002   5.303  -0.152   5.151
MET01B4796_001  11.023  -1.254   9.769
VAL01B4797_001   0.709  -3.654  -2.945
MET01B4798_001  -0.031  -1.269  -1.300
SER01B4799_001   0.000   0.000   0.000
SER01B4799_002   0.000   0.000   0.000
SER01B4799_003   0.000   0.000   0.000
LEU01B4800_001   2.405  -6.297  -3.893
LEU01B4801_001   1.418  -3.348  -1.930
HIS01B4803_001  -0.173  -3.293  -3.466
HIS01B4803_002  -0.136  -3.390  -3.525
HIS02B4803_003  -0.191  -3.293  -3.484
HIS02B4803_004  -0.149  -3.390  -3.539
HIS+1B4803_005  -0.218  -3.293  -3.511
HIS+1B4803_006  -0.176  -3.390  -3.566
TYR01B4804_001   4.123  -8.898  -4.775
TYR-1B4804_002   4.123  -8.898  -4.775
ASN01B4805_001   0.153  -2.113  -1.960
ASN01B4805_002  -0.007  -1.895  -1.902
ASN01B4806_001   0.481  -1.683  -1.202
ASN01B4806_002   0.241  -1.634  -1.393
PHE01B4807_001   4.683 -10.878  -6.195
PHE01B4808_001   5.629  -3.183   2.447
PHE01B4809_001   4.178  -0.657   3.521
ALA01B4810_001   0.000  -1.423  -1.423
ALA01B4811_001   0.000  -0.876  -0.876
HIS01B4812_001  -0.089   0.000  -0.089
HIS02B4812_002  -0.109   0.000  -0.109
HIS+1B4812_003  -0.136   0.000  -0.136
LEU01B4813_001   2.554  -3.364  -0.810
LEU01B4814_001   1.666  -8.187  -6.521
ASP01B4815_001   0.390  -0.265   0.125
ASP01B4815_002   0.390  -0.265   0.125
ASP02B4815_003   0.511  -0.296   0.216
ASP02B4815_004   0.511  -0.296   0.216
ASP-1B4815_005   0.367  -0.254   0.113
ILE01B4816_001   2.829  -0.361   2.468
ALA01B4817_001   0.000  -3.036  -3.036
MET01B4818_001  -0.051  -6.099  -6.149
VAL01B4820_001   0.861  -3.812  -2.951
LYS01B4821_001   2.480  -8.872  -6.392
LYS+1B4821_002   2.431  -8.872  -6.441
THR01B4822_001   0.341  -3.996  -3.654
LEU01B4823_001   1.257  -6.487  -5.230
ARG01B4824_001   3.371  -6.825  -3.454
ARG02B4824_002   3.291  -6.825  -3.534
ARG03B4824_003   3.358  -6.825  -3.468
ARG+1B4824_004   3.252  -6.825  -3.574
CTR01B4824_001  -0.021  -4.556  -4.577
CTR01B4824_002   0.110  -4.421  -4.311
CTR02B4824_003  -0.022  -4.363  -4.385
CTR02B4824_004   0.042  -4.441  -4.398
CTR-1B4824_005   0.000  -4.363  -4.363
NTR01B4837_001  -0.003  -1.349  -1.352
NTR+1B4837_002  -0.005  -1.349  -1.354
LEU01B4837_001   2.021 -10.659  -8.638
VAL01B4838_001   0.790  -7.327  -6.537
MET01B4839_001  -0.024  -9.629  -9.652
THR01B4840_001   0.207  -4.713  -4.506
THR01B4840_002   0.207  -4.713  -4.506
THR01B4840_003   0.207  -4.713  -4.506
VAL01B4841_001   0.955  -5.663  -4.708
LEU01B4843_001   4.189  -7.086  -2.897
LEU01B4844_001   4.283  -5.264  -0.981
ALA01B4845_001   0.000  -2.592  -2.592
VAL01B4846_001   0.692  -5.148  -4.456
VAL01B4847_001   0.834  -2.472  -1.638
VAL01B4848_001   1.544  -0.258   1.287
TYR01B4849_001   5.141  -7.038  -1.897
TYR-1B4849_002   5.141  -7.038  -1.897
LEU01B4850_001   1.514  -6.123  -4.610
TYR01B4851_001   4.396  -2.441   1.955
TYR-1B4851_002   4.396  -2.441   1.955
THR01B4852_001   0.258   0.000   0.258
THR01B4852_002   0.258   0.000   0.258
THR01B4852_003   0.258   0.000   0.258
VAL01B4853_001   0.623  -2.901  -2.278
VAL01B4854_001   0.623  -2.009  -1.386
ALA01B4855_001   0.000  -0.361  -0.361
PHE01B4856_001   5.129  -2.275   2.854
ASN01B4857_001   0.358  -2.411  -2.053
ASN01B4857_002   0.145  -2.272  -2.127
PHE01B4858_001   4.481  -9.849  -5.368
PHE01B4859_001   4.388  -0.557   3.830
ARG01B4860_001   3.051  -7.241  -4.190
ARG02B4860_002   3.014  -7.241  -4.228
ARG03B4860_003   3.022  -7.241  -4.219
ARG+1B4860_004   2.973  -7.241  -4.268
LYS01B4861_001   2.352  -4.939  -2.587
LYS+1B4861_002   2.296  -4.939  -2.643
PHE01B4862_001   5.664  -1.702   3.962
TYR01B4863_001   4.255   0.000   4.255
TYR01B4863_002   4.255   0.000   4.255
TYR-1B4863_003   4.255   0.000   4.255
ASN01B4864_001   0.154  -1.371  -1.218
ASN01B4864_002   0.337  -1.329  -0.991
LYS01B4865_001   1.524  -1.271   0.253
LYS+1B4865_002   1.477  -1.271   0.206
SER01B4866_001   0.000  -3.908  -3.908
GLU01B4867_001   3.487  -2.120   1.367
GLU01B4867_002   3.487  -2.120   1.367
GLU02B4867_003   2.821  -2.241   0.580
GLU02B4867_004   2.821  -2.241   0.580
GLU-1B4867_005   2.739  -2.148   0.591
ASP01B4868_001   0.421  -3.783  -3.363
ASP01B4868_002   0.421  -3.783  -3.363
ASP02B4868_003   0.479  -3.631  -3.152
ASP02B4868_004   0.479  -3.631  -3.152
ASP-1B4868_005   0.367  -3.665  -3.298
GLU01B4869_001   1.644  -4.001  -2.357
GLU01B4869_002   1.644  -4.001  -2.357
GLU02B4869_003   1.367  -3.949  -2.583
GLU02B4869_004   1.367  -3.949  -2.583
GLU-1B4869_005   1.273  -3.927  -2.654
ASP01B4870_001   0.264  -2.934  -2.670
ASP01B4870_002   0.264  -2.934  -2.670
ASP02B4870_003   0.372  -3.043  -2.671
ASP02B4870_004   0.372  -3.043  -2.671
ASP-1B4870_005   0.252  -2.894  -2.643
GLU01B4871_001   4.614  -1.567   3.047
GLU01B4871_002   4.614  -1.567   3.047
GLU02B4871_003   3.671  -1.475   2.196
GLU02B4871_004   3.671  -1.475   2.196
GLU-1B4871_005   3.607  -1.447   2.159
CTR01B4871_001  -0.021  -0.985  -1.006
CTR01B4871_002   0.093  -1.081  -0.988
CTR02B4871_003  -0.022  -1.004  -1.026
CTR02B4871_004   0.037  -1.004  -0.967
CTR-1B4871_005   0.000  -1.004  -1.004
NTR01B4872_001  -0.002  -0.711  -0.713
NTR+1B4872_002  -0.004  -0.711  -0.715
PRO01B4872_001   0.283  -5.560  -5.277
ASP01B4873_001   0.096  -1.972  -1.876
ASP01B4873_002   0.096  -1.972  -1.876
ASP02B4873_003   0.173  -1.944  -1.771
ASP02B4873_004   0.173  -1.944  -1.771
ASP-1B4873_005   0.091  -1.874  -1.782
MET01B4874_001   0.403  -1.331  -0.929
LYS01B4875_001   3.409  -1.632   1.777
LYS+1B4875_002   3.371  -1.632   1.739
CYS01B4876_001  -0.002   0.000  -0.002
CYS01B4876_002  -0.002   0.000  -0.002
CYS01B4876_003  -0.003   0.000  -0.003
CYS-1B4876_004   0.000   0.000   0.000
ASP01B4877_001   0.153  -1.739  -1.586
ASP01B4877_002   0.153  -1.739  -1.586
ASP02B4877_003   0.237  -1.816  -1.578
ASP02B4877_004   0.237  -1.816  -1.578
ASP-1B4877_005   0.145  -1.688  -1.543
ASP01B4878_001  -0.041  -2.088  -2.129
ASP01B4878_002  -0.041  -2.088  -2.129
ASP02B4878_003  -0.009  -2.144  -2.153
ASP02B4878_004  -0.009  -2.144  -2.153
ASP-1B4878_005  -0.041  -2.088  -2.129
MET01B4879_001  -0.023  -4.239  -4.263
MET01B4880_001   1.308  -9.356  -8.048
THR01B4881_001   0.290  -2.147  -1.857
THR01B4881_002   0.290  -2.147  -1.857
THR01B4881_003   0.290  -2.147  -1.857
CYS01B4882_001  -0.002   0.000  -0.002
CYS01B4882_002  -0.002   0.000  -0.002
CYS01B4882_003  -0.003   0.000  -0.003
CYS-1B4882_004   0.000   0.000   0.000
TYR01B4883_001   5.200  -2.021   3.179
TYR01B4883_002   5.200  -2.021   3.179
TYR-1B4883_003   5.200  -2.021   3.179
LEU01B4884_001   2.237  -6.690  -4.453
PHE01B4885_001   5.721  -0.960   4.761
HIS01B4886_001  -0.134  -0.115  -0.248
HIS01B4886_002  -0.089  -0.064  -0.153
HIS02B4886_003  -0.152  -0.115  -0.267
HIS02B4886_004  -0.102  -0.064  -0.166
HIS+1B4886_005  -0.179  -0.115  -0.294
HIS+1B4886_006  -0.129  -0.064  -0.193
MET01B4887_001   1.964  -3.945  -1.982
TYR01B4888_001   4.866  -9.059  -4.193
TYR01B4888_002   4.866  -9.059  -4.193
TYR-1B4888_003   4.866  -9.059  -4.193
VAL01B4889_001   0.712  -0.773  -0.060
VAL01B4891_001   0.954  -1.236  -0.282
ARG01B4892_001   8.671  -7.072   1.599
ARG02B4892_002   8.602  -7.072   1.530
ARG03B4892_003   8.687  -7.072   1.615
ARG+1B4892_004   8.561  -7.072   1.489
ALA01B4893_001   0.000  -0.052  -0.052
ILE01B4897_001   1.978  -0.341   1.637
ASP01B4899_001   0.133  -2.014  -1.881
ASP01B4899_002   0.133  -2.014  -1.881
ASP02B4899_003   0.214  -2.057  -1.843
ASP02B4899_004   0.214  -2.057  -1.843
ASP-1B4899_005   0.126  -1.985  -1.859
GLU01B4900_001   3.070  -1.274   1.797
GLU01B4900_002   3.070  -1.274   1.797
GLU02B4900_003   2.465  -1.347   1.118
GLU02B4900_004   2.465  -1.347   1.118
GLU-1B4900_005   2.395  -1.274   1.121
ILE01B4901_001   5.335  -0.567   4.768
GLU01B4902_001   3.190  -1.510   1.679
GLU01B4902_002   3.190  -1.510   1.679
GLU02B4902_003   2.639  -1.537   1.102
GLU02B4902_004   2.639  -1.537   1.102
GLU-1B4902_005   2.514  -1.477   1.037
ASP01B4903_001   0.077  -3.034  -2.957
ASP01B4903_002   0.077  -3.034  -2.957
ASP02B4903_003   0.148  -3.057  -2.909
ASP02B4903_004   0.148  -3.057  -2.909
ASP-1B4903_005   0.073  -3.036  -2.962
PRO01B4904_001   0.269  -1.390  -1.121
ALA01B4905_001   0.000  -3.020  -3.020
ASP01B4907_001  -0.040  -3.170  -3.210
ASP01B4907_002  -0.040  -3.170  -3.210
ASP02B4907_003  -0.009  -3.264  -3.273
ASP02B4907_004  -0.009  -3.264  -3.273
ASP-1B4907_005  -0.040  -3.139  -3.179
GLU01B4908_001   0.498  -2.583  -2.086
GLU01B4908_002   0.498  -2.583  -2.086
GLU02B4908_003   0.664  -2.613  -1.949
GLU02B4908_004   0.664  -2.613  -1.949
GLU-1B4908_005   0.466  -2.472  -2.006
TYR01B4909_001   4.211  -7.753  -3.542
TYR01B4909_002   4.211  -7.753  -3.542
TYR-1B4909_003   4.211  -7.753  -3.542
GLU01B4910_001   0.499  -1.673  -1.174
GLU01B4910_002   0.499  -1.673  -1.174
GLU02B4910_003   0.665  -1.811  -1.147
GLU02B4910_004   0.665  -1.811  -1.147
GLU-1B4910_005   0.467  -1.645  -1.178
LEU01B4911_001   3.983  -8.496  -4.513
TYR01B4912_001   4.147  -8.289  -4.142
TYR01B4912_002   4.147  -8.289  -4.142
TYR-1B4912_003   4.147  -8.289  -4.142
ARG01B4913_001   6.603  -1.031   5.572
ARG02B4913_002   6.537  -1.031   5.506
ARG03B4913_003   6.546  -1.031   5.515
ARG+1B4913_004   6.498  -1.031   5.467
VAL01B4914_001   0.716  -4.617  -3.900
VAL01B4915_001   0.712  -5.679  -4.967
PHE01B4916_001   5.055  -1.574   3.481
ASP01B4917_001   0.337  -0.563  -0.225
ASP01B4917_002   0.337  -0.563  -0.225
ASP02B4917_003   0.411  -0.566  -0.155
ASP02B4917_004   0.411  -0.566  -0.155
ASP-1B4917_005   0.301  -0.547  -0.245
ILE01B4918_001   5.126  -6.313  -1.188
THR01B4919_001   0.275  -2.078  -1.803
THR01B4919_002   0.275  -2.078  -1.803
PHE01B4920_001   5.309  -0.338   4.971
PHE01B4921_001   4.696  -3.891   0.806
PHE01B4922_001   5.674  -7.385  -1.711
PHE01B4923_001   4.779  -4.833  -0.054
CTR01B4923_001  -0.021  -2.973  -2.994
CTR01B4923_002   0.108  -2.703  -2.595
CTR02B4923_003  -0.022  -2.838  -2.860
CTR02B4923_004   0.042  -2.722  -2.680
CTR-1B4923_005   0.000  -2.838  -2.838
NTR01B4925_001  -0.003  -0.646  -0.649
NTR+1B4925_002  -0.005  -0.646  -0.651
ILE01B4925_001   2.541  -2.334   0.207
VAL01B4926_001   0.555  -4.581  -4.026
CTR01B4926_001  -0.021  -4.112  -4.133
CTR01B4926_002   0.109  -4.267  -4.157
CTR02B4926_003  -0.022  -4.073  -4.096
CTR02B4926_004   0.044  -4.286  -4.243
CTR-1B4926_005   0.000  -4.073  -4.073
_CA+2B5102_001   0.000  -8.251  -8.251
