   confID        vdw0    sas     sum
NTR01B3639_001  -0.003  -3.148  -3.151
NTR+1B3639_002  -0.005  -3.148  -3.153
THR01B3639_001   0.254  -3.689  -3.435
PRO01B3640_001   0.310  -3.242  -2.932
LEU01B3641_001   2.848 -10.399  -7.550
TYR01B3642_001   4.813 -10.254  -5.441
TYR-1B3642_002   4.813 -10.254  -5.441
ASN01B3643_001   0.504  -2.432  -1.927
LEU01B3644_001   1.694  -3.429  -1.735
PRO01B3645_001   0.305  -3.313  -3.009
THR01B3646_001   0.278  -7.147  -6.869
HIS01B3647_001  -0.169  -8.044  -8.213
HIS01B3647_002  -0.129  -8.310  -8.439
HIS02B3647_003  -0.188  -8.044  -8.231
HIS02B3647_004  -0.142  -8.310  -8.452
HIS+1B3647_005  -0.214  -8.044  -8.258
HIS+1B3647_006  -0.169  -8.310  -8.479
ARG01B3648_001   3.069  -9.126  -6.057
ARG02B3648_002   3.049  -9.126  -6.077
ARG03B3648_003   3.053  -9.126  -6.073
ARG+1B3648_004   3.006  -9.126  -6.120
ALA01B3649_001   0.000  -1.423  -1.423
CYS01B3650_001  -0.002  -3.646  -3.648
CYS01B3650_002  -0.002  -3.646  -3.648
CYS01B3650_003  -0.003  -3.646  -3.648
CYS-1B3650_004   0.000  -3.646  -3.646
ASN01B3651_001   0.485  -2.811  -2.326
ASN01B3651_002   0.240  -2.874  -2.634
MET01B3652_001   0.190  -6.310  -6.119
PHE01B3653_001   4.245  -7.958  -3.713
LEU01B3654_001   2.317  -6.967  -4.649
GLU01B3655_001   2.100  -3.013  -0.913
GLU01B3655_002   2.100  -3.013  -0.913
GLU02B3655_003   1.745  -3.023  -1.278
GLU02B3655_004   1.745  -3.023  -1.278
GLU-1B3655_005   1.642  -2.988  -1.346
SER01B3656_001   0.000  -3.219  -3.219
TYR01B3657_001   5.423  -5.899  -0.476
TYR01B3657_002   5.423  -5.899  -0.476
TYR-1B3657_003   5.423  -5.899  -0.476
LYS01B3658_001   7.066  -7.270  -0.204
LYS+1B3658_002   7.019  -7.270  -0.251
ALA01B3659_001   0.000  -5.148  -5.148
ALA01B3660_001   0.000  -2.421  -2.421
TRP01B3661_001   3.123  -4.763  -1.640
ILE01B3662_001   2.421  -9.954  -7.534
LEU01B3663_001   2.548  -5.853  -3.305
THR01B3664_001   0.225  -5.472  -5.246
GLU01B3665_001   1.020  -2.463  -1.443
GLU01B3665_002   1.020  -2.463  -1.443
GLU02B3665_003   0.863  -2.504  -1.640
GLU02B3665_004   0.863  -2.504  -1.640
GLU-1B3665_005   0.771  -2.482  -1.712
ASP01B3666_001   0.502  -1.539  -1.037
ASP01B3666_002   0.502  -1.539  -1.037
ASP02B3666_003   0.514  -1.494  -0.980
ASP02B3666_004   0.514  -1.494  -0.980
ASP-1B3666_005   0.417  -1.494  -1.078
HIS01B3667_001  -0.157  -5.039  -5.196
HIS02B3667_002  -0.176  -5.039  -5.216
HIS+1B3667_003  -0.203  -5.039  -5.242
SER01B3668_001   0.000  -3.085  -3.085
SER01B3668_002   0.000  -3.085  -3.085
PHE01B3669_001   4.343  -5.305  -0.961
GLU01B3670_001   0.697  -0.439   0.258
GLU01B3670_002   0.697  -0.439   0.258
GLU02B3670_003   0.610  -0.460   0.149
GLU02B3670_004   0.610  -0.460   0.149
GLU-1B3670_005   0.527  -0.439   0.087
ASP01B3671_001   0.050  -0.405  -0.354
ASP01B3671_002   0.050  -0.405  -0.354
ASP02B3671_003   0.113  -0.460  -0.347
ASP02B3671_004   0.113  -0.460  -0.347
ASP-1B3671_005   0.046  -0.405  -0.359
ARG01B3672_001   5.660  -9.441  -3.781
ARG02B3672_002   5.608  -9.441  -3.833
ARG03B3672_003   5.600  -9.441  -3.841
ARG+1B3672_004   5.559  -9.441  -3.882
MET01B3673_001   0.440  -3.987  -3.547
ILE01B3674_001   4.345  -0.119   4.226
ASP01B3675_001   0.244  -0.916  -0.673
ASP01B3675_002   0.244  -0.916  -0.673
ASP02B3675_003   0.347  -0.941  -0.594
ASP02B3675_004   0.347  -0.941  -0.594
ASP-1B3675_005   0.231  -0.913  -0.682
ASP01B3676_001   0.047  -1.248  -1.201
ASP01B3676_002   0.047  -1.248  -1.201
ASP02B3676_003   0.107  -1.378  -1.271
ASP02B3676_004   0.107  -1.378  -1.271
ASP-1B3676_005   0.042  -1.248  -1.206
LEU01B3677_001   2.673  -2.643   0.030
SER01B3678_001   0.000  -0.841  -0.841
SER01B3678_002   0.000  -0.841  -0.841
LYS01B3679_001   3.097  -7.144  -4.047
LYS+1B3679_002   3.029  -7.144  -4.116
ALA01B3680_001   0.000  -3.020  -3.020
GLU01B3682_001   0.498  -3.157  -2.659
GLU01B3682_002   0.498  -3.157  -2.659
GLU02B3682_003   0.664  -3.126  -2.462
GLU02B3682_004   0.664  -3.126  -2.462
GLU-1B3682_005   0.467  -3.139  -2.672
GLN01B3683_001   0.453  -0.536  -0.083
GLU01B3684_001   0.498  -3.784  -3.286
GLU01B3684_002   0.498  -3.784  -3.286
GLU02B3684_003   0.664  -3.794  -3.130
GLU02B3684_004   0.664  -3.794  -3.130
GLU-1B3684_005   0.466  -3.691  -3.224
GLU01B3685_001   0.499  -4.197  -3.698
GLU01B3685_002   0.499  -4.197  -3.698
GLU02B3685_003   0.665  -4.335  -3.670
GLU02B3685_004   0.665  -4.335  -3.670
GLU-1B3685_005   0.468  -4.151  -3.684
GLU01B3686_001   0.500  -2.555  -2.055
GLU01B3686_002   0.500  -2.555  -2.055
GLU02B3686_003   0.667  -2.556  -1.889
GLU02B3686_004   0.667  -2.556  -1.889
GLU-1B3686_005   0.469  -2.433  -1.964
GLU01B3687_001   0.501  -2.329  -1.827
GLU01B3687_002   0.501  -2.329  -1.827
GLU02B3687_003   0.668  -2.257  -1.589
GLU02B3687_004   0.668  -2.257  -1.589
GLU-1B3687_005   0.470  -2.287  -1.817
GLU01B3688_001   0.500  -4.100  -3.601
GLU01B3688_002   0.500  -4.100  -3.601
GLU02B3688_003   0.667  -4.108  -3.441
GLU02B3688_004   0.667  -4.108  -3.441
GLU-1B3688_005   0.469  -4.044  -3.575
GLU01B3689_001   0.499  -4.099  -3.600
GLU01B3689_002   0.499  -4.099  -3.600
GLU02B3689_003   0.665  -3.994  -3.329
GLU02B3689_004   0.665  -3.994  -3.329
GLU-1B3689_005   0.468  -3.906  -3.438
VAL01B3690_001   0.502  -3.139  -2.637
GLU01B3691_001   0.501  -4.012  -3.512
GLU01B3691_002   0.501  -4.012  -3.512
GLU02B3691_003   0.668  -4.074  -3.407
GLU02B3691_004   0.668  -4.074  -3.407
GLU-1B3691_005   0.469  -3.897  -3.428
GLU01B3692_001   0.498  -3.789  -3.291
GLU01B3692_002   0.498  -3.789  -3.291
GLU02B3692_003   0.665  -3.655  -2.990
GLU02B3692_004   0.665  -3.655  -2.990
GLU-1B3692_005   0.467  -3.661  -3.194
LYS01B3693_001   3.791  -6.747  -2.956
LYS+1B3693_002   3.697  -6.747  -3.050
LYS01B3694_001   2.066  -4.177  -2.111
LYS+1B3694_002   1.981  -4.177  -2.197
PRO01B3695_001   0.324  -1.490  -1.165
ASP01B3696_001   0.428  -0.314   0.114
ASP01B3696_002   0.428  -0.314   0.114
ASP02B3696_003   0.579  -0.360   0.218
ASP02B3696_004   0.579  -0.360   0.218
ASP-1B3696_005   0.413  -0.276   0.137
PRO01B3697_001   0.317  -2.952  -2.635
LEU01B3698_001   3.060  -0.171   2.889
HIS01B3699_001  -0.119  -1.727  -1.846
HIS01B3699_002  -0.069  -1.363  -1.433
HIS02B3699_003  -0.138  -1.727  -1.866
HIS02B3699_004  -0.082  -1.363  -1.446
HIS+1B3699_005  -0.165  -1.727  -1.893
HIS+1B3699_006  -0.109  -1.363  -1.472
GLN01B3700_001   1.427  -1.862  -0.435
GLN01B3700_002   2.241  -2.004   0.237
LEU01B3701_001   4.776  -1.664   3.111
VAL01B3702_001   0.850  -0.052   0.799
LEU01B3703_001   1.824  -4.375  -2.551
HIS01B3704_001  -0.116  -6.065  -6.180
HIS02B3704_002  -0.135  -6.065  -6.200
HIS+1B3704_003  -0.162  -6.065  -6.227
PHE01B3705_001   4.842  -0.236   4.605
SER01B3706_001   0.000  -0.975  -0.975
ARG01B3707_001   3.911 -10.752  -6.840
ARG02B3707_002   3.895 -10.752  -6.857
ARG03B3707_003   3.889 -10.752  -6.863
ARG+1B3707_004   3.846 -10.752  -6.906
THR01B3708_001   0.207  -1.913  -1.706
THR01B3708_002   0.207  -1.913  -1.706
THR01B3708_003   0.207  -1.913  -1.706
ALA01B3709_001   0.000   0.000   0.000
LEU01B3710_001   2.555  -5.921  -3.366
THR01B3711_001   0.215  -4.444  -4.228
GLU01B3712_001   6.177  -3.936   2.242
GLU01B3712_002   6.177  -3.936   2.242
GLU02B3712_003   5.003  -4.058   0.946
GLU02B3712_004   5.003  -4.058   0.946
GLU-1B3712_005   4.930  -3.896   1.034
LYS01B3713_001   4.030  -3.459   0.571
LYS+1B3713_002   3.977  -3.459   0.518
SER01B3714_001   0.000  -5.148  -5.148
LYS01B3715_001   2.160  -9.031  -6.872
LYS+1B3715_002   2.112  -9.031  -6.919
LEU01B3716_001   1.416  -0.412   1.004
ASP01B3717_001   0.184  -2.255  -2.071
ASP01B3717_002   0.184  -2.255  -2.071
ASP02B3717_003   0.273  -2.188  -1.915
ASP02B3717_004   0.273  -2.188  -1.915
ASP-1B3717_005   0.174  -2.188  -2.014
GLU01B3718_001   3.201  -2.682   0.520
GLU01B3718_002   3.201  -2.682   0.520
GLU02B3718_003   2.577  -2.855  -0.278
GLU02B3718_004   2.577  -2.855  -0.278
GLU-1B3718_005   2.500  -2.777  -0.277
ASP01B3719_001   0.048  -0.964  -0.916
ASP01B3719_002   0.048  -0.964  -0.916
ASP02B3719_003   0.110  -0.912  -0.802
ASP02B3719_004   0.110  -0.912  -0.802
ASP-1B3719_005   0.044  -0.896  -0.852
TYR01B3720_001   4.720 -11.771  -7.051
TYR01B3720_002   4.720 -11.771  -7.051
TYR-1B3720_003   4.720 -11.771  -7.051
LEU01B3721_001   4.115  -6.075  -1.960
TYR01B3722_001   5.241   0.000   5.241
TYR-1B3722_002   5.241   0.000   5.241
MET01B3723_001   0.423  -1.408  -0.986
ALA01B3724_001   0.000  -1.268  -1.268
TYR01B3725_001   5.089  -2.900   2.189
TYR01B3725_002   5.089  -2.900   2.189
TYR-1B3725_003   5.089  -2.900   2.189
ALA01B3726_001   0.000   0.000   0.000
ASP01B3727_001   0.104  -1.777  -1.673
ASP01B3727_002   0.104  -1.777  -1.673
ASP02B3727_003   0.185  -1.864  -1.679
ASP02B3727_004   0.185  -1.864  -1.679
ASP-1B3727_005   0.101  -1.826  -1.726
ILE01B3728_001   2.365  -0.618   1.747
MET01B3729_001   0.229  -0.096   0.133
ALA01B3730_001   0.000  -0.206  -0.206
LYS01B3731_001   1.294  -3.490  -2.196
LYS+1B3731_002   1.213  -3.490  -2.278
SER01B3732_001   0.000  -0.060  -0.060
SER01B3732_002   0.000  -0.060  -0.060
SER01B3732_003   0.000  -0.060  -0.060
CYS01B3733_001  -0.002   0.000  -0.002
CYS01B3733_002  -0.002   0.000  -0.002
CYS01B3733_003  -0.002   0.000  -0.002
CYS-1B3733_004   0.000   0.000   0.000
HIS01B3734_001  -0.354  -2.485  -2.839
HIS02B3734_002  -0.363  -2.485  -2.848
HIS+1B3734_003  -0.382  -2.485  -2.867
LEU01B3735_001   1.459  -0.361   1.098
GLU01B3736_001   0.496  -0.271   0.225
GLU01B3736_002   0.496  -0.271   0.225
GLU02B3736_003   0.662  -0.282   0.380
GLU02B3736_004   0.662  -0.282   0.380
GLU-1B3736_005   0.465  -0.271   0.194
GLU01B3737_001   0.499  -1.123  -0.624
GLU01B3737_002   0.499  -1.123  -0.624
GLU02B3737_003   0.666  -1.068  -0.402
GLU02B3737_004   0.666  -1.068  -0.402
GLU-1B3737_005   0.468  -1.068  -0.600
GLU01B3740_001   0.498  -0.983  -0.485
GLU01B3740_002   0.498  -0.983  -0.485
GLU02B3740_003   0.664  -1.009  -0.345
GLU02B3740_004   0.664  -1.009  -0.345
GLU-1B3740_005   0.467  -1.008  -0.541
ASN01B3741_001  -0.020  -1.964  -1.984
ASN01B3741_002  -0.091  -2.327  -2.418
CTR01B3741_001  -0.021  -4.759  -4.780
CTR01B3741_002   0.106  -4.837  -4.730
CTR02B3741_003  -0.022  -4.643  -4.665
CTR02B3741_004   0.041  -4.740  -4.699
CTR-1B3741_005   0.000  -4.624  -4.624
NTR01B3747_001  -0.003  -3.772  -3.775
NTR+1B3747_002  -0.005  -3.772  -3.777
GLU01B3747_001   0.498  -5.028  -4.530
GLU01B3747_002   0.498  -5.028  -4.530
GLU02B3747_003   0.664  -4.912  -4.248
GLU02B3747_004   0.664  -4.912  -4.248
GLU-1B3747_005   0.467  -4.917  -4.450
GLU01B3748_001   0.499  -3.747  -3.249
GLU01B3748_002   0.499  -3.747  -3.249
GLU02B3748_003   0.665  -3.847  -3.181
GLU02B3748_004   0.665  -3.847  -3.181
GLU-1B3748_005   0.468  -3.712  -3.244
VAL01B3749_001   0.500  -8.818  -8.318
GLU01B3750_001   1.728  -3.153  -1.425
GLU01B3750_002   1.728  -3.153  -1.425
GLU02B3750_003   1.421  -3.348  -1.927
GLU02B3750_004   1.421  -3.348  -1.927
GLU-1B3750_005   1.331  -3.090  -1.760
VAL01B3751_001   0.674  -3.158  -2.484
SER01B3752_001   0.000  -2.483  -2.483
PHE01B3753_001   4.844  -4.280   0.563
GLU01B3754_001   2.520  -1.509   1.011
GLU01B3754_002   2.520  -1.509   1.011
GLU02B3754_003   2.059  -1.452   0.607
GLU02B3754_004   2.059  -1.452   0.607
GLU-1B3754_005   1.972  -1.446   0.526
GLU01B3755_001   1.658  -2.191  -0.533
GLU01B3755_002   1.658  -2.191  -0.533
GLU02B3755_003   1.409  -2.306  -0.897
GLU02B3755_004   1.409  -2.306  -0.897
GLU-1B3755_005   1.298  -2.149  -0.851
LYS01B3756_001   7.055  -4.237   2.818
LYS+1B3756_002   7.007  -4.237   2.769
GLU01B3757_001   2.915  -1.229   1.686
GLU01B3757_002   2.915  -1.229   1.686
GLU02B3757_003   2.394  -1.354   1.040
GLU02B3757_004   2.394  -1.354   1.040
GLU-1B3757_005   2.296  -1.275   1.021
MET01B3758_001  -0.031  -2.083  -2.114
GLU01B3759_001   3.076  -0.635   2.441
GLU01B3759_002   3.076  -0.635   2.441
GLU02B3759_003   2.484  -0.701   1.783
GLU02B3759_004   2.484  -0.701   1.783
GLU-1B3759_005   2.421  -0.599   1.822
LYS01B3760_001   1.585  -3.993  -2.408
LYS+1B3760_002   1.533  -3.993  -2.460
GLN01B3761_001   1.397  -0.728   0.669
GLN01B3761_002   1.057  -0.845   0.211
ARG01B3762_001   3.402  -2.017   1.386
ARG02B3762_002   3.378  -2.017   1.361
ARG03B3762_003   3.338  -2.017   1.321
ARG+1B3762_004   3.298  -2.017   1.282
LEU01B3763_001   2.712  -0.258   2.454
LEU01B3764_001   3.434  -6.056  -2.622
TYR01B3765_001   5.794  -3.227   2.567
TYR-1B3765_002   5.794  -3.227   2.567
GLN01B3766_001   3.484   0.000   3.484
GLN01B3766_002   5.650   0.000   5.650
GLN01B3767_001   1.142  -0.169   0.973
GLN01B3767_002   0.905  -0.125   0.781
SER01B3768_001   0.000  -2.297  -2.297
SER01B3768_002   0.000  -2.297  -2.297
ARG01B3769_001   2.423  -0.155   2.269
ARG02B3769_002   2.481  -0.155   2.327
ARG03B3769_003   2.392  -0.155   2.238
ARG+1B3769_004   2.352  -0.155   2.198
LEU01B3770_001   5.996   0.000   5.996
HIS01B3771_001  -0.130  -2.493  -2.622
HIS01B3771_002  -0.088  -2.279  -2.367
HIS02B3771_003  -0.148  -2.493  -2.641
HIS02B3771_004  -0.102  -2.279  -2.381
HIS+1B3771_005  -0.175  -2.493  -2.668
HIS+1B3771_006  -0.129  -2.279  -2.408
THR01B3772_001   0.370  -0.988  -0.618
THR01B3772_002   0.370  -0.988  -0.618
THR01B3772_003   0.370  -0.988  -0.618
ARG01B3773_001   1.965  -9.379  -7.414
ARG02B3773_002   2.036  -9.379  -7.344
ARG03B3773_003   1.941  -9.379  -7.438
ARG+1B3773_004   1.901  -9.379  -7.478
ALA01B3775_001   0.000   0.000   0.000
ALA01B3776_001   0.000   0.000   0.000
GLU01B3777_001   3.700  -1.435   2.264
GLU01B3777_002   3.700  -1.435   2.264
GLU02B3777_003   2.986  -1.490   1.496
GLU02B3777_004   2.986  -1.490   1.496
GLU-1B3777_005   2.900  -1.426   1.475
MET01B3778_001   0.924  -0.100   0.824
VAL01B3779_001   1.488  -0.103   1.385
LEU01B3780_001   2.705  -0.103   2.602
GLN01B3781_001   2.820  -0.581   2.239
GLN01B3781_002   4.619  -0.576   4.043
MET01B3782_001   2.415  -0.048   2.367
ILE01B3783_001   2.077  -0.515   1.562
SER01B3784_001   0.000  -0.951  -0.951
SER01B3784_002   0.000  -0.951  -0.951
ALA01B3785_001   0.000  -0.309  -0.309
CYS01B3786_001  -0.002  -0.191  -0.193
CYS01B3786_002  -0.002  -0.191  -0.193
CYS01B3786_003  -0.002  -0.191  -0.193
CYS-1B3786_004   0.000  -0.191  -0.191
LYS01B3787_001   2.014  -5.530  -3.516
LYS+1B3787_002   1.964  -5.530  -3.566
GLU01B3789_001   0.501  -1.113  -0.611
GLU01B3789_002   0.501  -1.113  -0.611
GLU02B3789_003   0.496  -1.215  -0.719
GLU02B3789_004   0.496  -1.215  -0.719
GLU-1B3789_005   0.392  -1.157  -0.764
THR01B3790_001   0.245  -3.368  -3.123
ALA01B3792_001   0.000  -3.087  -3.087
MET01B3793_001   0.400  -0.247   0.153
VAL01B3794_001   0.727   0.000   0.727
SER01B3795_001   0.000  -0.825  -0.825
SER01B3795_002   0.000  -0.825  -0.825
SER01B3796_001   0.000  -0.482  -0.482
SER01B3796_002   0.000  -0.482  -0.482
SER01B3796_003   0.000  -0.482  -0.482
THR01B3797_001   0.292  -0.052   0.240
THR01B3797_002   0.292  -0.052   0.240
LEU01B3798_001   3.777  -0.309   3.468
LYS01B3799_001   1.717  -4.136  -2.419
LYS+1B3799_002   1.670  -4.136  -2.467
LEU01B3800_001   2.103   0.000   2.103
ILE01B3802_001   3.201  -0.721   2.480
SER01B3803_001   0.000  -0.361  -0.361
SER01B3803_002   0.000  -0.361  -0.361
ILE01B3804_001   2.551   0.000   2.551
LEU01B3805_001   2.644   0.000   2.644
ASN01B3806_001   0.185  -0.438  -0.253
ASN01B3806_002   0.014  -0.507  -0.493
ASN01B3809_001   0.443  -0.418   0.025
ASN01B3809_002   0.223  -0.472  -0.249
ALA01B3810_001   0.000  -2.917  -2.917
GLU01B3811_001   1.563  -2.469  -0.907
GLU01B3811_002   1.563  -2.469  -0.907
GLU02B3811_003   1.332  -2.418  -1.086
GLU02B3811_004   1.332  -2.418  -1.086
GLU-1B3811_005   1.219  -2.402  -1.184
VAL01B3812_001   1.020   0.000   1.020
GLN01B3813_001   3.093  -0.103   2.989
GLN01B3813_002   5.181  -0.157   5.023
GLN01B3814_001   1.098  -2.341  -1.243
GLN01B3814_002   0.876  -2.159  -1.283
LYS01B3815_001   1.842  -0.849   0.993
LYS+1B3815_002   1.796  -0.849   0.947
MET01B3816_001   2.632   0.000   2.632
LEU01B3817_001   1.358  -0.412   0.946
ASP01B3818_001   0.497  -2.285  -1.788
ASP01B3818_002   0.497  -2.285  -1.788
ASP02B3818_003   0.552  -2.244  -1.692
ASP02B3818_004   0.552  -2.244  -1.692
ASP-1B3818_005   0.431  -2.171  -1.740
TYR01B3819_001   5.346  -2.149   3.197
TYR-1B3819_002   5.346  -2.149   3.197
LEU01B3820_001   3.482   0.000   3.482
LYS01B3821_001   3.707  -3.483   0.224
LYS+1B3821_002   3.644  -3.483   0.161
ASP01B3822_001   0.475  -2.988  -2.513
ASP01B3822_002   0.475  -2.988  -2.513
ASP02B3822_003   0.530  -3.012  -2.483
ASP02B3822_004   0.530  -3.012  -2.483
ASP-1B3822_005   0.412  -2.907  -2.495
LYS01B3823_001   3.798  -2.075   1.723
LYS+1B3823_002   3.704  -2.075   1.629
LYS01B3824_001   2.432  -5.090  -2.659
LYS+1B3824_002   2.348  -5.090  -2.742
GLU01B3825_001   2.219  -0.687   1.532
GLU01B3825_002   2.219  -0.687   1.532
GLU02B3825_003   1.804  -0.622   1.182
GLU02B3825_004   1.804  -0.622   1.182
GLU-1B3825_005   1.740  -0.581   1.160
VAL01B3826_001   0.767  -3.155  -2.388
PHE01B3828_001   5.586  -0.455   5.131
PHE01B3829_001   5.646  -0.202   5.444
GLN01B3830_001   3.137  -1.455   1.683
GLN01B3830_002   4.911  -1.590   3.321
SER01B3831_001   0.000   0.000   0.000
ILE01B3832_001   2.594  -0.567   2.028
GLN01B3833_001   2.457  -1.619   0.838
GLN01B3833_002   4.009  -1.541   2.469
ALA01B3834_001   0.000  -2.041  -2.041
LEU01B3835_001   2.283   0.000   2.283
MET01B3836_001   1.493  -0.048   1.445
GLN01B3837_001   4.181  -2.464   1.717
THR01B3838_001   0.303  -2.729  -2.426
THR01B3838_002   0.303  -2.729  -2.426
THR01B3838_003   0.303  -2.729  -2.426
CYS01B3839_001  -0.002   0.000  -0.002
CYS01B3839_002  -0.002   0.000  -0.002
CYS01B3839_003  -0.002   0.000  -0.002
CYS-1B3839_004   0.000   0.000   0.000
SER01B3840_001   0.000  -1.172  -1.172
SER01B3840_002   0.000  -1.172  -1.172
SER01B3840_003   0.000  -1.172  -1.172
VAL01B3841_001   1.022  -1.082  -0.060
LEU01B3842_001   2.567   0.000   2.567
ASP01B3843_001   0.235  -1.403  -1.168
ASP01B3843_002   0.235  -1.403  -1.168
ASP02B3843_003   0.326  -1.370  -1.044
ASP02B3843_004   0.326  -1.370  -1.044
ASP-1B3843_005   0.220  -1.357  -1.137
LEU01B3844_001   2.250  -2.984  -0.734
ASN01B3845_001   0.315  -3.091  -2.776
ASN01B3845_002   0.464  -3.144  -2.680
ALA01B3846_001   0.000  -0.824  -0.824
PHE01B3847_001   4.919   0.000   4.919
GLU01B3848_001   1.950  -1.469   0.481
GLU01B3848_002   1.950  -1.469   0.481
GLU02B3848_003   1.655  -1.448   0.207
GLU02B3848_004   1.655  -1.448   0.207
GLU-1B3848_005   1.538  -1.399   0.138
ARG01B3849_001   2.478  -9.869  -7.390
ARG02B3849_002   2.462  -9.869  -7.407
ARG03B3849_003   2.453  -9.869  -7.415
ARG+1B3849_004   2.414  -9.869  -7.454
GLN01B3850_001   3.060  -0.069   2.991
ASN01B3851_001   0.236  -1.590  -1.353
ASN01B3851_002   0.043  -1.531  -1.487
LYS01B3852_001   0.975  -7.455  -6.480
LYS+1B3852_002   0.930  -7.455  -6.525
ALA01B3853_001   0.000  -0.670  -0.670
GLU01B3854_001   0.499  -2.204  -1.705
GLU01B3854_002   0.499  -2.204  -1.705
GLU02B3854_003   0.665  -2.118  -1.453
GLU02B3854_004   0.665  -2.118  -1.453
GLU-1B3854_005   0.468  -2.088  -1.621
LEU01B3856_001   1.355  -7.086  -5.731
MET01B3858_001   0.141  -8.654  -8.512
VAL01B3859_001   0.501  -2.695  -2.193
ASN01B3860_001  -0.020  -3.194  -3.214
GLU01B3861_001   0.499  -2.791  -2.292
GLU01B3861_002   0.499  -2.791  -2.292
GLU02B3861_003   0.665  -2.795  -2.130
GLU02B3861_004   0.665  -2.795  -2.130
GLU-1B3861_005   0.468  -2.678  -2.210
ASP01B3862_001  -0.040  -2.467  -2.507
ASP01B3862_002  -0.040  -2.467  -2.507
ASP02B3862_003  -0.009  -2.487  -2.495
ASP02B3862_004  -0.009  -2.487  -2.495
ASP-1B3862_005  -0.040  -2.432  -2.473
THR01B3864_001   0.152  -1.661  -1.508
THR01B3864_002   0.152  -1.661  -1.508
VAL01B3865_001   0.501  -5.560  -5.059
ILE01B3866_001   0.937  -5.631  -4.693
ASN01B3867_001  -0.019  -1.190  -1.209
ARG01B3868_0011191.150  -6.1621184.988
ARG02B3868_0021191.132  -6.1621184.970
ARG03B3868_0031191.166  -6.1621185.004
ARG03B3868_004 190.199  -6.162 184.037
ARG+1B3868_0051191.100  -6.1621184.938
GLN01B3869_001   0.456  -2.278  -1.822
ASN01B3870_001  -0.019  -0.391  -0.410
GLU01B3872_001   0.499  -3.858  -3.358
GLU01B3872_002   0.499  -3.858  -3.358
GLU02B3872_003   0.666  -3.791  -3.124
GLU02B3872_004   0.666  -3.791  -3.124
GLU-1B3872_005   0.468  -3.742  -3.274
LYS01B3873_001   2.619  -2.899  -0.280
LYS+1B3873_002   2.571  -2.899  -0.328
VAL01B3874_001   1.290   0.000   1.290
MET01B3875_001   0.291   0.000   0.291
ALA01B3876_001   0.000  -1.079  -1.079
ASP01B3877_001   0.072  -0.393  -0.321
ASP01B3877_002   0.072  -0.393  -0.321
ASP02B3877_003   0.141  -0.421  -0.280
ASP02B3877_004   0.141  -0.421  -0.280
ASP-1B3877_005   0.067  -0.379  -0.312
ASP01B3878_001   0.049  -1.177  -1.127
ASP01B3878_002   0.049  -1.177  -1.127
ASP02B3878_003   0.114  -1.263  -1.149
ASP02B3878_004   0.114  -1.263  -1.149
ASP-1B3878_005   0.046  -1.162  -1.116
GLU01B3879_001   0.498  -3.581  -3.083
GLU01B3879_002   0.498  -3.581  -3.083
GLU02B3879_003   0.664  -3.645  -2.981
GLU02B3879_004   0.664  -3.645  -2.981
GLU-1B3879_005   0.467  -3.492  -3.026
PHE01B3880_001   5.366  -1.079   4.287
THR01B3881_001   0.257   0.000   0.257
THR01B3881_002   0.257   0.000   0.257
THR01B3881_003   0.257   0.000   0.257
GLN01B3882_001   1.686  -1.427   0.259
ASP01B3883_001   0.518  -0.652  -0.134
ASP01B3883_002   0.518  -0.652  -0.134
ASP02B3883_003   0.600  -0.620  -0.020
ASP02B3883_004   0.600  -0.620  -0.020
ASP-1B3883_005   0.461  -0.620  -0.159
LEU01B3884_001   2.425  -0.052   2.374
PHE01B3885_001   5.084   0.000   5.084
ARG01B3886_001   2.069  -4.769  -2.701
ARG02B3886_002   2.020  -4.769  -2.749
ARG03B3886_003   2.026  -4.769  -2.743
ARG+1B3886_004   1.982  -4.769  -2.788
PHE01B3887_001   5.507  -0.692   4.815
LEU01B3888_001   3.009  -0.068   2.942
GLN01B3889_001   3.379  -0.463   2.917
LEU01B3890_001   1.625  -0.361   1.264
LEU01B3891_001   1.748  -0.531   1.217
CYS01B3892_001  -0.002   0.000  -0.002
CYS01B3892_002  -0.002   0.000  -0.002
CYS01B3892_003  -0.002   0.000  -0.002
CYS-1B3892_004   0.000   0.000   0.000
GLU01B3893_001   2.125  -0.197   1.928
GLU01B3893_002   2.125  -0.197   1.928
GLU02B3893_003   1.751  -0.184   1.566
GLU02B3893_004   1.751  -0.184   1.566
GLU-1B3893_005   1.651  -0.193   1.458
HIS01B3895_001  -0.137  -1.100  -1.237
HIS02B3895_002  -0.157  -1.100  -1.256
HIS+1B3895_003  -0.184  -1.100  -1.283
ASN01B3896_001   0.160  -0.512  -0.352
ASN01B3896_002   0.404  -0.413  -0.009
ASN01B3897_001   0.449  -2.685  -2.236
ASN01B3897_002   0.180  -2.464  -2.284
ASP01B3898_001   0.053  -1.502  -1.450
ASP01B3898_002   0.053  -1.502  -1.450
ASP02B3898_003   0.117  -1.689  -1.572
ASP02B3898_004   0.117  -1.689  -1.572
ASP-1B3898_005   0.049  -1.502  -1.453
PHE01B3899_001   6.079  -0.051   6.028
GLN01B3900_001   2.767   0.000   2.767
GLN01B3900_002   4.443   0.000   4.443
ASN01B3901_001   0.552  -1.761  -1.209
TYR01B3902_001   5.820  -0.253   5.567
TYR01B3902_002   5.820  -0.253   5.567
TYR-1B3902_003   5.820  -0.253   5.567
LEU01B3903_001   1.956  -0.052   1.904
ARG01B3904_001   4.789  -2.880   1.909
ARG02B3904_002   4.747  -2.880   1.867
ARG02B3904_003   4.752  -2.880   1.872
ARG03B3904_004   4.756  -2.880   1.876
ARG03B3904_005   4.766  -2.880   1.886
ARG+1B3904_006   4.706  -2.880   1.826
THR01B3905_001   0.242  -2.292  -2.050
GLN01B3906_001   2.274   0.000   2.274
GLN01B3906_002   3.489   0.000   3.489
THR01B3907_001   0.161  -5.406  -5.245
ASN01B3909_001   0.469  -0.138   0.331
ASN01B3909_002   0.221  -0.276  -0.054
THR01B3910_001   0.213  -5.703  -5.490
THR01B3910_002   0.213  -5.703  -5.490
THR01B3911_001   0.236  -3.091  -2.855
THR01B3911_002   0.236  -3.091  -2.855
THR01B3912_001   0.235  -3.389  -3.154
THR01B3912_002   0.235  -3.389  -3.154
ILE01B3913_001   1.891  -0.052   1.840
ASN01B3914_001   0.199  -0.866  -0.667
ASN01B3914_002   0.022  -0.736  -0.714
ILE01B3915_001   1.904  -0.052   1.852
ILE01B3916_001   2.858   0.000   2.858
ILE01B3917_001   6.228  -4.923   1.305
CYS01B3918_001  -0.002  -1.387  -1.389
CYS01B3918_002  -0.002  -1.387  -1.389
CYS01B3918_003  -0.003  -1.387  -1.390
CYS-1B3918_004   0.000  -1.387  -1.387
THR01B3919_001   0.376   0.000   0.376
THR01B3919_002   0.376   0.000   0.376
THR01B3919_003   0.376   0.000   0.376
VAL01B3920_001   1.145   0.000   1.145
ASP01B3921_001   0.608  -1.388  -0.780
ASP01B3921_002   0.608  -1.388  -0.780
ASP02B3921_003   0.639  -1.408  -0.770
ASP02B3921_004   0.639  -1.408  -0.770
ASP-1B3921_005   0.517  -1.309  -0.792
TYR01B3922_001   5.036  -0.052   4.984
TYR01B3922_002   5.036  -0.052   4.984
TYR-1B3922_003   5.036  -0.052   4.984
LEU01B3923_001   2.195   0.000   2.195
LEU01B3924_001   2.782  -1.716   1.066
ARG01B3925_001   2.624  -4.923  -2.299
ARG02B3925_002   2.625  -4.923  -2.299
ARG03B3925_003   2.590  -4.923  -2.334
ARG+1B3925_004   2.550  -4.923  -2.373
LEU01B3926_001   2.673   0.000   2.673
GLN01B3927_001   3.870  -0.335   3.536
GLN01B3927_002   6.366  -0.276   6.091
GLU01B3928_001   3.444  -3.287   0.157
GLU01B3928_002   3.444  -3.287   0.157
GLU02B3928_003   2.747  -3.360  -0.613
GLU02B3928_004   2.747  -3.360  -0.613
GLU-1B3928_005   2.680  -3.187  -0.507
SER01B3929_001   0.000  -0.384  -0.384
SER01B3929_002   0.000  -0.384  -0.384
ILE01B3930_001   4.171  -0.361   3.811
SER01B3931_001   0.000  -0.732  -0.732
SER01B3931_002   0.000  -0.732  -0.732
ASP01B3932_001   0.205  -2.044  -1.839
ASP01B3932_002   0.205  -2.044  -1.839
ASP02B3932_003   0.298  -2.131  -1.832
ASP02B3932_004   0.298  -2.131  -1.832
ASP-1B3932_005   0.194  -1.964  -1.770
PHE01B3933_001   5.211  -0.152   5.059
TYR01B3934_001   4.934  -0.924   4.010
TYR01B3934_002   4.934  -0.924   4.010
TYR-1B3934_003   4.934  -0.924   4.010
TRP01B3935_001   3.454  -7.924  -4.470
TYR01B3936_001   5.400  -3.108   2.292
TYR01B3936_002   5.400  -3.108   2.292
TYR-1B3936_003   5.400  -3.108   2.292
TYR01B3937_001   5.922   0.000   5.922
TYR-1B3937_002   5.922   0.000   5.922
SER01B3938_001   0.000  -0.788  -0.788
SER01B3938_002   0.000  -0.788  -0.788
SER01B3938_003   0.000  -0.788  -0.788
LYS01B3940_001   1.282  -4.058  -2.776
LYS+1B3940_002   1.236  -4.058  -2.822
ASP01B3941_001   0.077  -2.884  -2.807
ASP01B3941_002   0.077  -2.884  -2.807
ASP02B3941_003   0.148  -2.842  -2.695
ASP02B3941_004   0.148  -2.842  -2.695
ASP-1B3941_005   0.073  -2.747  -2.675
VAL01B3942_001   0.487  -5.576  -5.089
ILE01B3943_001   5.544  -0.412   5.131
GLU01B3944_001   2.879  -2.045   0.834
GLU01B3944_002   2.879  -2.045   0.834
GLU02B3944_003   2.355  -2.118   0.237
GLU02B3944_004   2.355  -2.118   0.237
GLU-1B3944_005   2.261  -1.977   0.284
GLU01B3945_001   3.007  -2.700   0.307
GLU01B3945_002   3.007  -2.700   0.307
GLU02B3945_003   2.409  -2.725  -0.316
GLU02B3945_004   2.409  -2.725  -0.316
GLU-1B3945_005   2.341  -2.638  -0.297
GLN01B3946_001   1.227  -0.512   0.716
GLN01B3946_002   0.944  -0.461   0.483
LYS01B3948_001   0.811  -1.969  -1.158
LYS+1B3948_002   0.767  -1.969  -1.202
ARG01B3949_001   3.043  -8.029  -4.985
ARG02B3949_002   3.019  -8.029  -5.010
ARG03B3949_003   3.116  -8.029  -4.913
ARG+1B3949_004   2.980  -8.029  -5.049
ASN01B3950_001   0.455   0.000   0.455
ASN01B3950_002   0.199  -0.039   0.159
PHE01B3951_001   5.705  -0.118   5.587
SER01B3952_001   0.000  -1.975  -1.975
SER01B3952_002   0.000  -1.975  -1.975
LYS01B3953_001   1.488  -1.949  -0.461
LYS+1B3953_002   1.441  -1.949  -0.508
ALA01B3954_001   0.000   0.000   0.000
MET01B3955_001   2.153  -0.100   2.054
SER01B3956_001   0.000  -1.759  -1.759
SER01B3956_002   0.000  -1.759  -1.759
SER01B3956_003   0.000  -1.759  -1.759
VAL01B3957_001   0.976   0.000   0.976
ALA01B3958_001   0.000   0.000   0.000
LYS01B3959_001   6.351  -2.252   4.099
LYS+1B3959_002   6.303  -2.252   4.051
GLN01B3960_001   1.247  -0.482   0.765
GLN01B3960_002   1.481  -0.630   0.851
VAL01B3961_001   0.925   0.000   0.925
PHE01B3962_001   5.988   0.000   5.988
ASN01B3963_001   0.503  -1.206  -0.703
ASN01B3963_002   0.250  -1.127  -0.877
SER01B3964_001   0.000   0.000   0.000
SER01B3964_002   0.000   0.000   0.000
SER01B3964_003   0.000   0.000   0.000
LEU01B3965_001   3.763   0.000   3.763
THR01B3966_001   0.413  -0.344   0.069
GLU01B3967_001   2.012  -0.241   1.771
GLU01B3967_002   2.012  -0.241   1.771
GLU02B3967_003   1.674  -0.217   1.457
GLU02B3967_004   1.674  -0.217   1.457
GLU-1B3967_005   1.573  -0.241   1.332
TYR01B3968_001   5.233   0.000   5.233
TYR-1B3968_002   5.233   0.000   5.233
ILE01B3969_001   3.088   0.000   3.088
GLN01B3970_001   3.396  -0.276   3.121
GLN01B3970_002   5.531  -0.256   5.275
PRO01B3972_001   0.363  -3.241  -2.879
CYS01B3973_001  -0.002  -0.286  -0.287
CYS01B3973_002  -0.002  -0.286  -0.287
CYS01B3973_003  -0.002  -0.286  -0.288
CYS-1B3973_004   0.000  -0.286  -0.286
THR01B3974_001   0.269  -4.959  -4.690
THR01B3974_002   0.269  -4.959  -4.690
ASN01B3976_001   0.362   0.000   0.362
GLN01B3977_001   1.898  -0.241   1.657
GLN01B3977_002   3.126  -0.354   2.772
GLN01B3978_001   1.002  -1.595  -0.593
GLN01B3978_002   0.848  -1.517  -0.669
SER01B3979_001   0.000  -0.096  -0.096
LEU01B3980_001   2.147   0.000   2.147
ALA01B3981_001   0.000  -0.052  -0.052
HIS01B3982_001  -0.156  -7.037  -7.193
HIS01B3982_002  -0.114  -7.284  -7.398
HIS02B3982_003  -0.175  -7.037  -7.211
HIS02B3982_004  -0.127  -7.284  -7.412
HIS+1B3982_005  -0.202  -7.037  -7.238
HIS+1B3982_006  -0.154  -7.284  -7.438
SER01B3983_001   0.000  -0.096  -0.096
ARG01B3984_001   2.242  -9.737  -7.494
ARG02B3984_002   2.210  -9.737  -7.527
ARG03B3984_003   2.274  -9.737  -7.463
ARG+1B3984_004   2.167  -9.737  -7.570
LEU01B3985_001   2.806  -0.155   2.652
TRP01B3986_001   4.693  -1.384   3.308
ASP01B3987_001   0.092  -2.401  -2.309
ASP01B3987_002   0.092  -2.401  -2.309
ASP02B3987_003   0.167  -2.383  -2.216
ASP02B3987_004   0.167  -2.383  -2.216
ASP-1B3987_005   0.087  -2.291  -2.204
ALA01B3988_001   0.000   0.000   0.000
VAL01B3989_001   1.056  -0.103   0.953
VAL01B3990_001   0.848  -0.927  -0.079
PHE01B3992_001   6.320  -0.051   6.269
LEU01B3993_001   2.631  -0.927   1.704
HIS01B3994_001  -0.099  -3.659  -3.759
HIS02B3994_002  -0.120  -3.659  -3.780
HIS+1B3994_003  -0.147  -3.659  -3.807
VAL01B3995_001   0.958  -0.052   0.907
PHE01B3996_001   5.076  -0.101   4.975
ALA01B3997_001   0.000   0.000   0.000
HIS01B3998_001  -0.135  -2.710  -2.845
HIS02B3998_002  -0.154  -2.710  -2.864
HIS+1B3998_003  -0.181  -2.710  -2.891
MET01B3999_001   0.206  -0.192   0.014
MET01B4000_001   5.960   0.000   5.960
MET01B4001_001   0.087  -2.030  -1.943
LYS01B4002_001   1.789  -1.458   0.331
LYS+1B4002_002   1.744  -1.458   0.285
LEU01B4003_001   1.700  -0.206   1.494
ALA01B4004_001   0.000  -0.103  -0.103
GLN01B4005_001   2.006  -1.827   0.179
GLN01B4005_002   3.348  -1.906   1.442
ASP01B4006_001   0.083  -1.425  -1.342
ASP01B4006_002   0.083  -1.425  -1.342
ASP02B4006_003   0.159  -1.356  -1.197
ASP02B4006_004   0.159  -1.356  -1.197
ASP-1B4006_005   0.080  -1.314  -1.233
SER01B4007_001   0.000  -3.340  -3.340
SER01B4008_001   0.000  -3.185  -3.185
SER01B4008_002   0.000  -3.185  -3.185
GLN01B4009_001   2.607  -0.118   2.489
ILE01B4010_001   3.140  -3.345  -0.205
GLU01B4011_001   4.222  -3.855   0.367
GLU01B4011_002   4.222  -3.855   0.367
GLU02B4011_003   3.379  -3.851  -0.473
GLU02B4011_004   3.379  -3.851  -0.473
GLU-1B4011_005   3.309  -3.790  -0.481
LEU01B4012_001   2.352  -0.567   1.786
LEU01B4013_001   3.012  -0.515   2.496
LYS01B4014_001   1.268  -4.752  -3.485
LYS+1B4014_002   1.225  -4.752  -3.527
GLU01B4015_001   4.390  -1.172   3.218
GLU01B4015_002   4.390  -1.172   3.218
GLU02B4015_003   3.514  -1.172   2.342
GLU02B4015_004   3.514  -1.172   2.342
GLU-1B4015_005   3.446  -1.076   2.370
LEU01B4016_001   4.823   0.000   4.823
LEU01B4017_001   1.652  -0.206   1.446
ASP01B4018_001   0.165  -1.208  -1.043
ASP01B4018_002   0.165  -1.208  -1.043
ASP02B4018_003   0.252  -1.263  -1.011
ASP02B4018_004   0.252  -1.263  -1.011
ASP-1B4018_005   0.155  -1.176  -1.020
LEU01B4019_001   1.957  -0.290   1.668
GLN01B4020_001   2.770  -0.118   2.652
GLN01B4020_002   4.396  -0.138   4.258
LYS01B4021_001   2.405  -2.637  -0.232
LYS+1B4021_002   2.355  -2.637  -0.281
ASP01B4022_001   0.082  -1.039  -0.957
ASP01B4022_002   0.082  -1.039  -0.957
ASP02B4022_003   0.151  -1.004  -0.853
ASP02B4022_004   0.151  -1.004  -0.853
ASP-1B4022_005   0.076  -0.943  -0.867
MET01B4023_001   0.913  -0.242   0.670
VAL01B4024_001   0.854  -0.480   0.374
VAL01B4025_001   0.839  -3.931  -3.092
MET01B4026_001   0.407   0.000   0.407
LEU01B4027_001   1.975  -0.650   1.324
LEU01B4028_001   3.344  -2.128   1.216
SER01B4029_001   0.000  -0.060  -0.060
SER01B4029_002   0.000  -0.060  -0.060
SER01B4029_003   0.000  -0.060  -0.060
LEU01B4030_001   2.903  -0.258   2.645
LEU01B4031_001   3.843  -0.155   3.689
GLU01B4032_001   1.279  -0.047   1.232
GLU01B4032_002   1.279  -0.047   1.232
GLU02B4032_003   1.045  -0.036   1.009
GLU02B4032_004   1.045  -0.036   1.009
GLU-1B4032_005   0.963  -0.047   0.915
ASN01B4034_001  -0.031  -0.551  -0.582
ASN01B4034_002   0.111  -0.482  -0.372
VAL01B4035_001   0.655  -3.622  -2.967
VAL01B4036_001   0.880  -0.599   0.281
ASN01B4037_001   0.306  -1.609  -1.302
MET01B4039_001   1.630  -5.428  -3.798
ILE01B4040_001   3.409  -0.721   2.688
ALA01B4041_001   0.000   0.000   0.000
ARG01B4042_001   4.347  -6.785  -2.437
ARG02B4042_002   4.284  -6.785  -2.501
ARG03B4042_003   4.341  -6.785  -2.443
ARG+1B4042_004   4.239  -6.785  -2.545
GLN01B4043_001   3.014  -1.497   1.517
GLN01B4043_002   4.932  -1.461   3.471
MET01B4044_001   0.835   0.000   0.835
VAL01B4045_001   1.393  -0.052   1.342
ASP01B4046_001   0.124  -2.487  -2.363
ASP01B4046_002   0.124  -2.487  -2.363
ASP02B4046_003   0.207  -2.500  -2.293
ASP02B4046_004   0.207  -2.500  -2.293
ASP-1B4046_005   0.118  -2.412  -2.294
MET01B4047_001   4.166  -0.103   4.063
LEU01B4048_001   1.606  -0.670   0.937
VAL01B4049_001   1.184  -2.746  -1.562
GLU01B4050_001   3.979  -1.635   2.344
GLU01B4050_002   3.979  -1.635   2.344
GLU02B4050_003   3.176  -1.651   1.526
GLU02B4050_004   3.176  -1.651   1.526
GLU-1B4050_005   3.113  -1.610   1.502
SER01B4051_001   0.000   0.000   0.000
SER01B4051_002   0.000   0.000   0.000
SER01B4052_001   0.000  -1.470  -1.470
SER01B4053_001   0.000  -4.582  -4.582
SER01B4053_002   0.000  -4.582  -4.582
ASN01B4054_001   0.334  -0.719  -0.385
ASN01B4054_002   0.489  -0.728  -0.239
VAL01B4055_001   1.048  -0.670   0.379
GLU01B4056_001   9.330  -1.834   7.496
GLU01B4056_002   9.330  -1.834   7.496
GLU02B4056_003   7.471  -1.845   5.626
GLU02B4056_004   7.471  -1.845   5.626
GLU-1B4056_005   7.402  -1.723   5.679
MET01B4057_001   2.088  -2.889  -0.801
ILE01B4058_001   1.720  -0.959   0.761
LEU01B4059_001   3.581  -0.103   3.478
LYS01B4060_001   1.886  -4.105  -2.218
LYS+1B4060_002   1.836  -4.105  -2.269
PHE01B4061_001   5.687  -0.354   5.333
PHE01B4062_001   5.852  -0.152   5.700
ASP01B4063_001   0.327  -0.620  -0.293
ASP01B4063_002   0.327  -0.620  -0.293
ASP02B4063_003   0.355  -0.652  -0.297
ASP02B4063_004   0.355  -0.652  -0.297
ASP-1B4063_005   0.272  -0.620  -0.348
MET01B4064_001   1.004  -0.767   0.237
PHE01B4065_001   6.093  -0.101   5.992
LEU01B4066_001   2.016  -0.670   1.346
LYS01B4067_001   3.647  -1.502   2.145
LYS+1B4067_002   3.602  -1.502   2.100
LEU01B4068_001   3.681  -0.618   3.063
LYS01B4069_001   2.214  -5.533  -3.319
LYS+1B4069_002   2.147  -5.533  -3.386
ASP01B4070_001   0.193  -1.631  -1.438
ASP01B4070_002   0.193  -1.631  -1.438
ASP02B4070_003   0.288  -1.674  -1.387
ASP02B4070_004   0.288  -1.674  -1.387
ASP-1B4070_005   0.183  -1.619  -1.436
ILE01B4071_001   2.286  -0.361   1.925
VAL01B4072_001   0.487  -0.670  -0.183
SER01B4074_001   0.000  -1.648  -1.648
SER01B4074_002   0.000  -1.648  -1.648
GLU01B4075_001   1.229  -3.282  -2.054
GLU01B4075_002   1.229  -3.282  -2.054
GLU02B4075_003   1.032  -3.319  -2.287
GLU02B4075_004   1.032  -3.319  -2.287
GLU-1B4075_005   0.939  -3.271  -2.331
ALA01B4076_001   0.000  -2.386  -2.386
PHE01B4077_001   4.951  -0.051   4.900
GLN01B4078_001   0.943  -1.880  -0.937
ASP01B4079_001   0.231  -2.495  -2.264
ASP01B4079_002   0.231  -2.495  -2.264
ASP02B4079_003   0.330  -2.461  -2.130
ASP02B4079_004   0.330  -2.461  -2.130
ASP-1B4079_005   0.219  -2.433  -2.214
TYR01B4080_001   5.645  -0.618   5.027
TYR-1B4080_002   5.645  -0.618   5.027
VAL01B4081_001   0.511  -0.258   0.253
THR01B4082_001   0.215  -5.877  -5.661
ASP01B4083_001   0.254  -0.866  -0.611
ASP01B4083_002   0.254  -0.866  -0.611
ASP02B4083_003   0.334  -0.798  -0.464
ASP02B4083_004   0.334  -0.798  -0.464
ASP-1B4083_005   0.232  -0.792  -0.561
PRO01B4084_001   0.267  -6.247  -5.980
ARG01B4085_001   2.494  -7.624  -5.130
ARG02B4085_002   2.416  -7.624  -5.208
ARG02B4085_003   2.475  -7.624  -5.149
ARG03B4085_004   2.418  -7.624  -5.207
ARG+1B4085_005   2.372  -7.624  -5.252
LEU01B4087_001   1.868  -3.841  -1.973
ILE01B4088_001   7.847   0.000   7.847
SER01B4089_001   0.000  -1.204  -1.204
SER01B4089_002   0.000  -1.204  -1.204
LYS01B4090_001   2.329  -2.224   0.105
LYS+1B4090_002   2.284  -2.224   0.060
LYS01B4091_001   2.564  -7.131  -4.566
LYS+1B4091_002   2.503  -7.131  -4.627
ASP01B4092_001   0.032  -0.374  -0.342
ASP01B4092_002   0.032  -0.374  -0.342
ASP02B4092_003   0.088  -0.395  -0.307
ASP02B4092_004   0.088  -0.395  -0.307
ASP-1B4092_005   0.028  -0.409  -0.381
PHE01B4093_001   5.392  -0.236   5.156
GLN01B4094_001   1.221  -1.497  -0.276
GLN01B4094_002   1.585  -1.461   0.124
LYS01B4095_001   1.915  -6.961  -5.046
LYS+1B4095_002   1.869  -6.961  -5.092
ALA01B4096_001   0.000  -0.052  -0.052
MET01B4097_001   0.128   0.000   0.128
ASP01B4098_001   0.488  -2.512  -2.024
ASP01B4098_002   0.488  -2.512  -2.024
ASP02B4098_003   0.503  -2.421  -1.918
ASP02B4098_004   0.503  -2.421  -1.918
ASP-1B4098_005   0.406  -2.356  -1.950
SER01B4099_001   0.000  -2.207  -2.207
SER01B4099_002   0.000  -2.207  -2.207
GLN01B4100_001   3.350  -0.587   2.763
LYS01B4101_001   0.872  -8.290  -7.418
LYS+1B4101_002   0.825  -8.290  -7.465
GLN01B4102_001   2.177  -1.870   0.306
GLN01B4102_002   3.641  -2.126   1.514
PHE01B4103_001   5.256  -0.068   5.188
THR01B4104_001   0.242  -4.438  -4.196
THR01B4104_002   0.242  -4.438  -4.196
PRO01B4106_001   0.310  -6.495  -6.185
GLU01B4107_001   2.024  -1.468   0.556
GLU01B4107_002   2.024  -1.468   0.556
GLU02B4107_003   1.628  -1.539   0.089
GLU02B4107_004   1.628  -1.539   0.089
GLU-1B4107_005   1.547  -1.421   0.126
ILE01B4108_001   3.067  -0.155   2.913
GLN01B4109_001   1.246  -2.373  -1.127
GLN01B4109_002   1.027  -2.528  -1.501
PHE01B4110_001   5.266  -1.343   3.923
LEU01B4111_001   1.957  -0.103   1.854
LEU01B4112_001   2.849  -0.222   2.627
SER01B4113_001   0.000  -1.605  -1.605
SER01B4113_002   0.000  -1.605  -1.605
CYS01B4114_001  -0.002  -0.263  -0.265
CYS01B4114_002  -0.002  -0.263  -0.265
CYS01B4114_003  -0.003  -0.263  -0.266
CYS-1B4114_004   0.000  -0.263  -0.263
SER01B4115_001   0.000  -0.096  -0.096
SER01B4115_002   0.000  -0.096  -0.096
SER01B4115_003   0.000  -0.096  -0.096
GLU01B4116_001   1.054  -1.515  -0.461
GLU01B4116_002   1.054  -1.515  -0.461
GLU02B4116_003   0.932  -1.514  -0.582
GLU02B4116_004   0.932  -1.514  -0.582
GLU-1B4116_005   0.818  -1.472  -0.654
ALA01B4117_001   0.000  -3.190  -3.190
ASP01B4118_001   0.361  -1.985  -1.625
ASP01B4118_002   0.361  -1.985  -1.625
ASP02B4118_003   0.400  -1.942  -1.542
ASP02B4118_004   0.400  -1.942  -1.542
ASP-1B4118_005   0.306  -1.964  -1.658
GLU01B4119_001   3.262  -3.869  -0.607
GLU01B4119_002   3.262  -3.869  -0.607
GLU02B4119_003   2.755  -3.803  -1.048
GLU02B4119_004   2.755  -3.803  -1.048
GLU-1B4119_005   2.613  -3.777  -1.164
ASN01B4120_001   0.108  -1.593  -1.486
ASN01B4120_002   0.306  -1.782  -1.476
GLU01B4121_001   4.297  -2.689   1.608
GLU01B4121_002   4.297  -2.689   1.608
GLU02B4121_003   3.441  -2.804   0.636
GLU02B4121_004   3.441  -2.804   0.636
GLU-1B4121_005   3.372  -2.700   0.672
MET01B4122_001   0.142  -1.316  -1.174
ILE01B4123_001   1.665  -0.206   1.459
ASN01B4124_001   0.176  -1.560  -1.384
ASN01B4124_002   0.009  -1.408  -1.399
PHE01B4125_001   4.518  -1.839   2.680
GLU01B4126_001   0.498  -3.523  -3.025
GLU01B4126_002   0.498  -3.523  -3.025
GLU02B4126_003   0.665  -3.412  -2.748
GLU02B4126_004   0.665  -3.412  -2.748
GLU-1B4126_005   0.467  -3.385  -2.918
GLU01B4127_001   3.765  -1.560   2.205
GLU01B4127_002   3.765  -1.560   2.205
GLU02B4127_003   3.083  -1.584   1.499
GLU02B4127_004   3.083  -1.584   1.499
GLU-1B4127_005   2.981  -1.523   1.458
PHE01B4128_001   5.855  -0.472   5.383
ALA01B4129_001   0.000  -0.274  -0.274
ASN01B4130_001   0.571  -1.880  -1.309
ASN01B4130_002   0.281  -1.967  -1.686
ARG01B4131_001   8.042  -2.393   5.649
ARG02B4131_002   7.803  -2.393   5.410
ARG03B4131_003   7.993  -2.393   5.600
ARG+1B4131_004   7.953  -2.393   5.559
PHE01B4132_001   4.875  -0.203   4.672
GLN01B4133_001   1.502  -0.556   0.945
GLN01B4133_002   2.436  -0.591   1.846
GLU01B4134_001   1.719  -3.099  -1.380
GLU01B4134_002   1.719  -3.099  -1.380
GLU02B4134_003   1.484  -3.076  -1.592
GLU02B4134_004   1.484  -3.076  -1.592
GLU-1B4134_005   1.356  -3.070  -1.714
PRO01B4135_001   0.292  -0.968  -0.676
ALA01B4136_001   0.000  -0.103  -0.103
ARG01B4137_001   2.364  -7.234  -4.870
ARG02B4137_002   2.346  -7.234  -4.889
ARG03B4137_003   2.449  -7.234  -4.785
ARG+1B4137_004   2.303  -7.234  -4.932
ASP01B4138_001   0.049  -1.420  -1.371
ASP01B4138_002   0.049  -1.420  -1.371
ASP02B4138_003   0.109  -1.480  -1.371
ASP02B4138_004   0.109  -1.480  -1.371
ASP-1B4138_005   0.044  -1.420  -1.377
ILE01B4139_001   0.829  -0.258   0.571
PHE01B4141_001   5.583  -1.080   4.503
ASN01B4142_001   0.715  -0.497   0.218
VAL01B4143_001   0.668  -1.803  -1.135
ALA01B4144_001   0.000  -0.258  -0.258
VAL01B4145_001   0.810  -0.258   0.553
LEU01B4146_001   1.949  -0.309   1.640
LEU01B4147_001   3.313  -0.325   2.988
THR01B4148_001   0.308  -1.185  -0.877
THR01B4148_002   0.308  -1.185  -0.877
ASN01B4149_001   0.215  -0.079   0.136
ASN01B4149_002   0.037  -0.103  -0.067
LEU01B4150_001   1.679   0.000   1.679
SER01B4151_001   0.000  -1.060  -1.060
SER01B4151_002   0.000  -1.060  -1.060
GLU01B4152_001   4.770  -1.141   3.629
GLU01B4152_002   4.770  -1.141   3.629
GLU02B4152_003   3.782  -1.178   2.604
GLU02B4152_004   3.782  -1.178   2.604
GLU-1B4152_005   3.732  -1.133   2.600
HIS01B4153_001  -0.090  -0.290  -0.380
HIS01B4153_002  -0.031  -0.483  -0.514
HIS02B4153_003  -0.110  -0.290  -0.400
HIS02B4153_004  -0.044  -0.483  -0.526
HIS+1B4153_005  -0.137  -0.290  -0.427
HIS+1B4153_006  -0.070  -0.483  -0.553
VAL01B4154_001   0.820  -0.805   0.015
PRO01B4155_001   0.410  -1.455  -1.045
HIS01B4156_001  -0.252  -5.079  -5.330
HIS01B4156_002  -0.214  -5.533  -5.747
HIS02B4156_003  -0.272  -5.079  -5.351
HIS02B4156_004  -0.223  -5.533  -5.756
HIS+1B4156_005  -0.299  -5.079  -5.378
HIS+1B4156_006  -0.250  -5.533  -5.783
ASP01B4157_001   0.136  -0.750  -0.614
ASP01B4157_002   0.136  -0.750  -0.614
ASP02B4157_003   0.227  -0.704  -0.477
ASP02B4157_004   0.227  -0.704  -0.477
ASP-1B4157_005   0.133  -0.715  -0.582
PRO01B4158_001   0.289  -6.794  -6.505
ARG01B4159_001   3.133  -4.609  -1.476
ARG02B4159_002   3.056  -4.609  -1.552
ARG02B4159_003   3.062  -4.609  -1.547
ARG03B4159_004   3.123  -4.609  -1.486
ARG+1B4159_005   3.017  -4.609  -1.592
LEU01B4160_001   2.923  -0.103   2.820
ARG01B4161_001   1.618  -7.411  -5.793
ARG02B4161_002   1.630  -7.411  -5.781
ARG03B4161_003   1.572  -7.411  -5.839
ARG+1B4161_004   1.529  -7.411  -5.882
ASN01B4162_001   0.299  -1.678  -1.379
ASN01B4162_002   0.079  -1.678  -1.600
PHE01B4163_001   5.121  -0.152   4.970
LEU01B4164_001   2.585  -2.437   0.148
GLU01B4165_001  14.177  -2.855  11.322
GLU01B4165_002  14.177  -2.855  11.322
GLU02B4165_003  11.349  -2.844   8.505
GLU02B4165_004  11.349  -2.844   8.505
GLU-1B4165_005  11.306  -2.704   8.602
LEU01B4166_001   3.340  -1.906   1.434
ALA01B4167_001   0.000   0.000   0.000
GLU01B4168_001   1.468  -2.333  -0.865
GLU01B4168_002   1.468  -2.333  -0.865
GLU02B4168_003   1.327  -2.388  -1.061
GLU02B4168_004   1.327  -2.388  -1.061
GLU-1B4168_005   1.174  -2.320  -1.146
SER01B4169_001   0.000  -1.104  -1.104
SER01B4169_002   0.000  -1.104  -1.104
SER01B4169_003   0.000  -1.104  -1.104
ILE01B4170_001   3.404   0.000   3.404
LEU01B4171_001   2.462  -1.252   1.210
GLU01B4172_001   2.550  -2.711  -0.161
GLU01B4172_002   2.550  -2.711  -0.161
GLU02B4172_003   2.131  -2.781  -0.649
GLU02B4172_004   2.131  -2.781  -0.649
GLU-1B4172_005   2.012  -2.665  -0.653
TYR01B4173_001   5.278  -4.345   0.934
TYR-1B4173_002   5.278  -4.345   0.934
PHE01B4174_001   6.133  -0.289   5.844
ARG01B4175_001   5.243  -6.762  -1.519
ARG02B4175_002   5.166  -6.762  -1.596
ARG03B4175_003   5.234  -6.762  -1.528
ARG+1B4175_004   5.127  -6.762  -1.635
PRO01B4176_001   0.573  -3.773  -3.200
TYR01B4177_001   5.592  -2.156   3.436
TYR01B4177_002   5.592  -2.156   3.436
TYR-1B4177_003   5.592  -2.156   3.436
LEU01B4178_001   1.267  -1.082   0.185
ARG01B4180_001   4.288  -0.925   3.362
ARG02B4180_002   4.259  -0.925   3.333
ARG02B4180_003   4.265  -0.925   3.340
ARG03B4180_004   4.249  -0.925   3.324
ARG03B4180_005   4.254  -0.925   3.329
ARG+1B4180_006   4.209  -0.925   3.284
ILE01B4181_001   4.190  -0.052   4.138
GLU01B4182_001   3.536   0.000   3.536
GLU01B4182_002   3.536   0.000   3.536
GLU02B4182_003   2.864   0.000   2.864
GLU02B4182_004   2.864   0.000   2.864
GLU-1B4182_005   2.778   0.000   2.778
ILE01B4183_001   2.533  -0.206   2.327
MET01B4184_001   1.656  -2.833  -1.177
ALA01B4186_001   0.000  -3.226  -3.226
SER01B4187_001   0.000  -0.692  -0.692
SER01B4187_002   0.000  -0.692  -0.692
SER01B4187_003   0.000  -0.692  -0.692
ARG01B4188_001   3.846 -11.709  -7.863
ARG02B4188_002   3.828 -11.709  -7.881
ARG03B4188_003   3.819 -11.709  -7.890
ARG+1B4188_004   3.779 -11.709  -7.930
ARG01B4189_001  16.538  -4.519  12.019
ARG02B4189_002  16.460  -4.519  11.940
ARG02B4189_003  16.518  -4.519  11.999
ARG03B4189_004  16.460  -4.519  11.941
ARG+1B4189_005  16.414  -4.519  11.894
ILE01B4190_001   4.923  -0.309   4.614
GLU01B4191_001   6.136  -0.107   6.029
GLU01B4191_002   6.136  -0.107   6.029
GLU02B4191_003   4.923  -0.107   4.816
GLU02B4191_004   4.923  -0.107   4.816
GLU-1B4191_005   4.838  -0.103   4.735
ARG01B4192_001   2.125  -0.052   2.073
ARG02B4192_002   2.089  -0.052   2.037
ARG02B4192_003   2.094  -0.052   2.042
ARG03B4192_004   2.097  -0.052   2.045
ARG03B4192_005   2.197  -0.052   2.145
ARG+1B4192_006   2.047  -0.052   1.996
ILE01B4193_001   1.330  -0.943   0.387
TYR01B4194_001   5.185  -0.257   4.928
TYR01B4194_002   5.185  -0.257   4.928
TYR-1B4194_003   5.185  -0.257   4.928
PHE01B4195_001   6.273   0.000   6.273
GLU01B4196_001   3.146  -0.918   2.227
GLU01B4196_002   3.146  -0.918   2.227
GLU02B4196_003   2.669  -0.940   1.729
GLU02B4196_004   2.669  -0.940   1.729
GLU-1B4196_005   2.541  -0.896   1.646
ILE01B4197_001   3.895   0.000   3.895
SER01B4198_001   0.000  -1.849  -1.849
SER01B4198_002   0.000  -1.849  -1.849
GLU01B4199_001   2.524  -2.758  -0.234
GLU01B4199_002   2.524  -2.758  -0.234
GLU02B4199_003   2.040  -2.709  -0.669
GLU02B4199_004   2.040  -2.709  -0.669
GLU-1B4199_005   1.964  -2.631  -0.668
THR01B4200_001   0.312  -4.724  -4.412
THR01B4200_002   0.312  -4.724  -4.412
ASN01B4201_001   0.202  -0.856  -0.655
ASN01B4201_002   0.431  -0.743  -0.312
ARG01B4202_001   3.946  -4.437  -0.491
ARG02B4202_002   3.978  -4.437  -0.459
ARG03B4202_003   3.896  -4.437  -0.541
ARG+1B4202_004   3.850  -4.437  -0.587
ALA01B4203_001   0.000  -2.692  -2.692
GLN01B4204_001   1.900  -0.885   1.016
GLN01B4204_002   3.157  -1.025   2.132
TRP01B4205_001   4.071  -1.526   2.545
GLU01B4206_001   1.814  -2.371  -0.557
GLU01B4206_002   1.814  -2.371  -0.557
GLU02B4206_003   1.498  -2.275  -0.777
GLU02B4206_004   1.498  -2.275  -0.777
GLU-1B4206_005   1.405  -2.200  -0.795
MET01B4207_001   5.393  -3.650   1.743
PRO01B4208_001   0.280  -7.554  -7.275
GLN01B4209_001   1.434  -1.078   0.356
GLN01B4209_002   1.123  -1.102   0.020
VAL01B4210_001   0.689  -0.103   0.586
LYS01B4211_001   1.267  -4.769  -3.502
LYS+1B4211_002   1.218  -4.769  -3.551
GLU01B4212_001   1.980  -2.500  -0.519
GLU01B4212_002   1.980  -2.500  -0.519
GLU02B4212_003   1.644  -2.369  -0.725
GLU02B4212_004   1.644  -2.369  -0.725
GLU-1B4212_005   1.546  -2.364  -0.817
SER01B4213_001   0.000  -1.606  -1.606
SER01B4213_002   0.000  -1.606  -1.606
LYS01B4214_001   2.399  -2.194   0.205
LYS+1B4214_002   2.312  -2.194   0.118
ARG01B4215_001  14.144  -7.313   6.831
ARG02B4215_002  14.178  -7.313   6.865
ARG03B4215_003  14.079  -7.313   6.766
ARG+1B4215_004  14.038  -7.313   6.725
GLN01B4216_001   4.430  -2.964   1.466
PHE01B4217_001   6.039  -0.758   5.282
ILE01B4218_001   2.352  -1.648   0.703
PHE01B4219_001   5.166  -3.311   1.855
ASP01B4220_001   0.095  -1.312  -1.217
ASP01B4220_002   0.095  -1.312  -1.217
ASP02B4220_003   0.163  -1.312  -1.149
ASP02B4220_004   0.163  -1.312  -1.149
ASP-1B4220_005   0.087  -1.266  -1.179
VAL01B4221_001   1.125  -0.155   0.970
VAL01B4222_001   1.134  -0.515   0.619
ASN01B4223_001   0.154  -1.984  -1.830
ASN01B4223_002  -0.004  -2.210  -2.213
GLU01B4224_001   1.748  -3.426  -1.679
GLU01B4224_002   1.748  -3.426  -1.679
GLU02B4224_003   1.520  -3.362  -1.842
GLU02B4224_004   1.520  -3.362  -1.842
GLU-1B4224_005   1.383  -3.311  -1.927
GLU01B4227_001   0.790  -4.338  -3.548
GLU01B4227_002   0.790  -4.338  -3.548
GLU02B4227_003   0.678  -4.349  -3.671
GLU02B4227_004   0.678  -4.349  -3.671
GLU-1B4227_005   0.589  -4.207  -3.617
ALA01B4228_001   0.000  -2.524  -2.524
GLU01B4229_001   2.539  -2.822  -0.283
GLU01B4229_002   2.539  -2.822  -0.283
GLU02B4229_003   2.160  -2.851  -0.691
GLU02B4229_004   2.160  -2.851  -0.691
GLU-1B4229_005   2.019  -2.782  -0.763
LYS01B4230_001   1.098  -4.137  -3.038
LYS+1B4230_002   1.053  -4.137  -3.083
MET01B4231_001   0.124  -0.452  -0.327
GLU01B4232_001   2.196  -0.910   1.286
GLU01B4232_002   2.196  -0.910   1.286
GLU02B4232_003   1.919  -0.850   1.069
GLU02B4232_004   1.919  -0.850   1.069
GLU-1B4232_005   1.765  -0.869   0.896
LEU01B4233_001   2.015  -3.071  -1.056
PHE01B4234_001   5.810  -0.455   5.356
VAL01B4235_001   0.976   0.000   0.976
SER01B4236_001   0.000  -2.260  -2.260
SER01B4236_002   0.000  -2.260  -2.260
PHE01B4237_001   5.869  -1.080   4.789
CYS01B4238_001  -0.002  -0.143  -0.145
CYS01B4238_002  -0.002  -0.143  -0.145
CYS01B4238_003  -0.003  -0.143  -0.145
CYS-1B4238_004   0.000  -0.143  -0.143
GLU01B4239_001   3.454  -0.069   3.385
GLU01B4239_002   3.454  -0.069   3.385
GLU02B4239_003   2.772  -0.072   2.700
GLU02B4239_004   2.772  -0.072   2.700
GLU-1B4239_005   2.700  -0.069   2.631
ASP01B4240_001   0.134  -0.586  -0.452
ASP01B4240_002   0.134  -0.586  -0.452
ASP02B4240_003   0.220  -0.652  -0.432
ASP02B4240_004   0.220  -0.652  -0.432
ASP-1B4240_005   0.127  -0.586  -0.458
THR01B4241_001   0.411   0.000   0.411
THR01B4241_002   0.411   0.000   0.411
ILE01B4242_001   4.716  -0.995   3.721
PHE01B4243_001   5.186  -1.061   4.125
GLU01B4244_001   2.339  -0.210   2.128
GLU01B4244_002   2.339  -0.210   2.128
GLU02B4244_003   1.849  -0.214   1.636
GLU02B4244_004   1.849  -0.214   1.636
GLU-1B4244_005   1.789  -0.207   1.582
MET01B4245_001   0.053  -0.206  -0.153
GLN01B4246_001   1.080  -2.732  -1.651
ILE01B4247_001   1.303  -1.423  -0.120
ALA01B4248_001   0.000  -0.155  -0.155
ALA01B4249_001   0.000  -2.743  -2.743
GLN01B4250_001   2.810  -2.014   0.796
GLN01B4250_002   4.556  -2.168   2.389
ILE01B4251_001   2.504  -1.974   0.531
SER01B4252_001   0.000  -3.318  -3.318
SER01B4252_002   0.000  -3.318  -3.318
GLU01B4253_001   0.500  -3.562  -3.062
GLU01B4253_002   0.500  -3.562  -3.062
GLU02B4253_003   0.667  -3.469  -2.802
GLU02B4253_004   0.667  -3.469  -2.802
GLU-1B4253_005   0.469  -3.484  -3.014
CTR01B4253_001  -0.021  -4.942  -4.964
CTR01B4253_002   0.108  -5.136  -5.028
CTR02B4253_003  -0.022  -4.846  -4.868
CTR02B4253_004   0.042  -5.116  -5.075
CTR-1B4253_005   0.000  -4.904  -4.904
NTR01B4540_001  -0.003  -2.295  -2.298
NTR+1B4540_002  -0.005  -2.295  -2.300
PHE01B4540_001   2.039  -2.408  -0.369
TRP01B4541_001   0.644 -14.509 -13.865
GLU01B4543_001   0.498  -3.547  -3.049
GLU01B4543_002   0.498  -3.547  -3.049
GLU02B4543_003   0.664  -3.501  -2.837
GLU02B4543_004   0.664  -3.501  -2.837
GLU-1B4543_005   0.467  -3.458  -2.992
LEU01B4544_001   1.456  -4.549  -3.093
GLU01B4545_001   0.498  -1.812  -1.314
GLU01B4545_002   0.498  -1.812  -1.314
GLU02B4545_003   0.665  -1.762  -1.098
GLU02B4545_004   0.665  -1.762  -1.098
GLU-1B4545_005   0.467  -1.749  -1.281
VAL01B4546_001   0.659  -5.711  -5.052
GLN01B4547_001   0.762  -2.672  -1.910
GLN01B4547_002   0.969  -2.729  -1.760
ARG01B4548_001   8.155  -7.623   0.531
ARG02B4548_002   8.096  -7.623   0.473
ARG03B4548_003   8.197  -7.623   0.574
ARG+1B4548_004   8.056  -7.623   0.432
VAL01B4549_001   0.941  -4.118  -3.176
LYS01B4550_001   3.776  -4.242  -0.466
LYS+1B4550_002   3.682  -4.242  -0.560
PHE01B4551_001   4.569  -7.521  -2.952
LEU01B4552_001   3.818  -2.077   1.741
ASN01B4553_001   0.375  -0.930  -0.555
ASN01B4553_002   0.537  -0.970  -0.433
TYR01B4554_001   5.020  -6.569  -1.549
TYR01B4554_002   5.020  -6.569  -1.549
TYR-1B4554_003   5.020  -6.569  -1.549
LEU01B4555_001   1.558  -0.412   1.146
SER01B4556_001   0.000   0.000   0.000
ARG01B4557_001   3.315  -4.170  -0.856
ARG02B4557_002   3.273  -4.170  -0.897
ARG03B4557_003   3.323  -4.170  -0.847
ARG+1B4557_004   3.233  -4.170  -0.937
ASN01B4558_001   0.252  -1.324  -1.072
PHE01B4559_001   5.335  -0.303   5.032
TYR01B4560_001   5.219  -7.011  -1.792
TYR-1B4560_002   5.219  -7.011  -1.792
THR01B4561_001   0.358  -4.183  -3.825
LEU01B4562_001   2.487  -1.062   1.424
ARG01B4563_001   1.316  -2.315  -0.999
ARG02B4563_002   1.268  -2.315  -1.047
ARG02B4563_003   1.275  -2.315  -1.040
ARG03B4563_004   1.272  -2.315  -1.043
ARG03B4563_005   1.327  -2.315  -0.988
ARG+1B4563_006   1.228  -2.315  -1.087
PHE01B4564_001   5.286  -7.766  -2.481
LEU01B4565_001   1.975  -4.787  -2.812
ALA01B4566_001   0.000   0.000   0.000
LEU01B4567_001   1.698  -2.180  -0.482
PHE01B4568_001   4.707  -7.888  -3.181
LEU01B4569_001   4.052  -0.464   3.588
ALA01B4570_001   0.000   0.000   0.000
PHE01B4571_001   4.653  -7.127  -2.474
ALA01B4572_001   0.000  -2.299  -2.299
ILE01B4573_001   1.823   0.000   1.823
ASN01B4574_001   0.455  -0.259   0.197
ASN01B4574_002   0.234  -0.273  -0.039
PHE01B4575_001   4.981  -8.836  -3.855
ILE01B4576_001   4.366  -0.583   3.784
LEU01B4577_001   2.873  -2.727   0.146
LEU01B4578_001   3.069  -7.347  -4.278
PHE01B4579_001   4.492  -3.335   1.157
TYR01B4580_001   5.011  -2.796   2.215
TYR-1B4580_002   5.011  -2.796   2.215
LYS01B4581_001   2.188  -6.412  -4.224
LYS+1B4581_002   2.138  -6.412  -4.274
VAL01B4582_001   0.546  -6.024  -5.478
SER01B4583_001   0.000  -0.635  -0.635
SER01B4583_002   0.000  -0.635  -0.635
ASP01B4584_001  -0.040  -3.478  -3.518
ASP01B4584_002  -0.040  -3.478  -3.518
ASP02B4584_003  -0.009  -3.629  -3.638
ASP02B4584_004  -0.009  -3.629  -3.638
ASP-1B4584_005  -0.040  -3.446  -3.486
SER01B4585_001   0.000  -3.840  -3.840
PRO01B4586_001   0.304  -4.324  -4.020
PRO01B4587_001   0.263  -3.954  -3.691
CTR01B4587_001  -0.021  -4.556  -4.577
CTR01B4587_002   0.091  -4.595  -4.504
CTR02B4587_003  -0.022  -4.498  -4.520
CTR02B4587_004   0.034  -4.595  -4.562
CTR-1B4587_005   0.000  -4.518  -4.518
NTR01B4626_001  -0.003  -3.387  -3.390
NTR+1B4626_002  -0.005  -3.387  -3.392
ASN01B4626_001  -0.020  -3.131  -3.151
MET01B4627_001   0.142  -4.436  -4.294
VAL01B4628_001   0.611  -2.984  -2.373
TYR01B4629_001   4.957  -9.769  -4.812
TYR01B4629_002   4.957  -9.769  -4.812
TYR-1B4629_003   4.957  -9.769  -4.812
TYR01B4630_001   4.871  -3.775   1.096
TYR-1B4630_002   4.871  -3.775   1.096
PHE01B4631_001   4.903  -2.956   1.947
LEU01B4632_001   2.641  -3.757  -1.116
GLU01B4633_001   4.324  -2.357   1.967
GLU01B4633_002   4.324  -2.357   1.967
GLU02B4633_003   3.476  -2.397   1.079
GLU02B4633_004   3.476  -2.397   1.079
GLU-1B4633_005   3.406  -2.287   1.119
GLU01B4634_001   1.720  -1.229   0.491
GLU01B4634_002   1.720  -1.229   0.491
GLU02B4634_003   1.373  -1.103   0.270
GLU02B4634_004   1.373  -1.103   0.270
GLU-1B4634_005   1.306  -1.133   0.174
SER01B4635_001   0.000  -5.707  -5.707
THR01B4636_001   0.161  -1.578  -1.416
THR01B4636_002   0.161  -1.578  -1.416
THR01B4636_003   0.161  -1.578  -1.416
TYR01B4638_001   4.543  -9.724  -5.181
TYR01B4638_002   4.543  -9.724  -5.181
TYR-1B4638_003   4.543  -9.724  -5.181
MET01B4639_001 140.025   0.000 140.025
GLU01B4640_001   1.401  -2.331  -0.930
GLU01B4640_002   1.401  -2.331  -0.930
GLU02B4640_003   1.180  -2.265  -1.086
GLU02B4640_004   1.180  -2.265  -1.086
GLU-1B4640_005   1.080  -2.204  -1.125
PRO01B4641_001   0.279  -6.311  -6.032
ALA01B4642_001   0.000  -2.266  -2.266
LEU01B4643_001   2.985  -1.165   1.819
TRP01B4644_001   2.946  -9.417  -6.472
CYS01B4645_001  -0.002  -3.852  -3.854
CYS01B4645_002  -0.002  -3.852  -3.854
CYS01B4645_003  -0.002  -3.852  -3.855
CYS-1B4645_004   0.000  -3.852  -3.852
LEU01B4646_001   1.403  -2.885  -1.481
SER01B4647_001   0.000   0.000   0.000
SER01B4647_002   0.000   0.000   0.000
SER01B4647_003   0.000   0.000   0.000
LEU01B4648_001   2.278  -4.807  -2.528
LEU01B4649_001   2.213  -3.432  -1.219
HIS01B4650_001  -0.121   0.000  -0.121
HIS02B4650_002  -0.141   0.000  -0.141
HIS+1B4650_003  -0.168   0.000  -0.168
THR01B4651_001   0.301  -1.043  -0.741
THR01B4651_002   0.301  -1.043  -0.741
THR01B4651_003   0.301  -1.043  -0.741
LEU01B4652_001   3.795  -5.492  -1.697
VAL01B4653_001   0.738  -0.464   0.275
ALA01B4654_001   0.000   0.000   0.000
PHE01B4655_001   4.593  -8.182  -3.588
LEU01B4656_001   2.612  -2.608   0.004
CYS01B4657_001  -0.002  -0.071  -0.073
CYS01B4657_002  -0.002  -0.071  -0.073
CYS01B4657_003  -0.002  -0.071  -0.074
CYS-1B4657_004   0.000  -0.071  -0.071
ILE01B4658_001   2.333  -2.315   0.018
ILE01B4659_001   5.050  -3.619   1.432
TYR01B4661_001   4.925  -0.657   4.268
TYR01B4661_002   4.925  -0.657   4.268
TYR-1B4661_003   4.925  -0.657   4.268
ASN01B4662_001   0.245  -1.663  -1.419
ASN01B4662_002   0.053  -1.634  -1.581
CYS01B4663_001  -0.002  -0.906  -0.908
CYS01B4663_002  -0.002  -0.906  -0.908
CYS01B4663_003  -0.003  -0.906  -0.909
CYS-1B4663_004   0.000  -0.906  -0.906
LEU01B4664_001   1.448  -0.979   0.470
LYS01B4665_001   2.370  -3.652  -1.283
LYS+1B4665_002   2.285  -3.652  -1.367
VAL01B4666_001   0.337   0.000   0.337
PRO01B4667_001   0.326  -1.870  -1.545
LEU01B4668_001   1.962  -1.182   0.781
VAL01B4669_001   0.488  -2.073  -1.585
ILE01B4670_001   1.919  -0.567   1.352
PHE01B4671_001   5.504  -0.101   5.403
LYS01B4672_001   1.547  -4.721  -3.174
LYS+1B4672_002   1.502  -4.721  -3.220
ARG01B4673_001   3.527  -1.157   2.370
ARG02B4673_002   3.490  -1.157   2.333
ARG03B4673_003   3.500  -1.157   2.343
ARG03B4673_004   3.545  -1.157   2.388
ARG+1B4673_005   3.451  -1.157   2.294
GLU01B4674_001   2.711   0.000   2.711
GLU01B4674_002   2.711   0.000   2.711
GLU02B4674_003   2.375   0.000   2.375
GLU02B4674_004   2.375   0.000   2.375
GLU-1B4674_005   2.220   0.000   2.220
LYS01B4675_001   1.072  -0.634   0.438
LYS+1B4675_002   1.029  -0.634   0.394
GLU01B4676_001   4.781  -1.431   3.350
GLU01B4676_002   4.781  -1.431   3.350
GLU02B4676_003   3.830  -1.393   2.437
GLU02B4676_004   3.830  -1.393   2.437
GLU-1B4676_005   3.762  -1.314   2.448
LEU01B4677_001   1.526  -0.155   1.372
ALA01B4678_001   0.000  -0.103  -0.103
ARG01B4679_001   1.805  -2.498  -0.692
ARG02B4679_002   1.788  -2.498  -0.710
ARG02B4679_003   1.856  -2.498  -0.641
ARG03B4679_004   1.781  -2.498  -0.717
ARG03B4679_005   1.784  -2.498  -0.713
ARG+1B4679_006   1.742  -2.498  -0.756
LYS01B4680_001   1.319  -4.418  -3.099
LYS+1B4680_002   1.272  -4.418  -3.146
LEU01B4681_001   1.448   0.000   1.448
GLU01B4682_001   2.821  -0.784   2.038
GLU01B4682_002   2.821  -0.784   2.038
GLU02B4682_003   2.308  -0.823   1.485
GLU02B4682_004   2.308  -0.823   1.485
GLU-1B4682_005   2.211  -0.784   1.427
PHE01B4683_001   5.754  -4.250   1.504
ASP01B4684_001   0.335  -2.017  -1.681
ASP01B4684_002   0.335  -2.017  -1.681
ASP02B4684_003   0.455  -2.078  -1.623
ASP02B4684_004   0.455  -2.078  -1.623
ASP-1B4684_005   0.319  -1.942  -1.623
LEU01B4686_001   1.999  -2.402  -0.402
TYR01B4687_001   5.035  -0.206   4.829
TYR01B4687_002   5.035  -0.206   4.829
TYR-1B4687_003   5.035  -0.206   4.829
ILE01B4688_001   2.143   0.000   2.143
THR01B4689_001   0.182  -3.786  -3.604
THR01B4689_002   0.182  -3.786  -3.604
GLU01B4690_001   3.973  -3.143   0.830
GLU01B4690_002   3.973  -3.143   0.830
GLU02B4690_003   3.192  -3.132   0.060
GLU02B4690_004   3.192  -3.132   0.060
GLU-1B4690_005   3.119  -2.984   0.135
GLN01B4691_001   0.782  -2.608  -1.826
GLN01B4691_002   0.935  -2.593  -1.658
PRO01B4692_001   0.399  -0.295   0.104
ASP01B4694_001   0.101  -2.803  -2.702
ASP01B4694_002   0.101  -2.803  -2.702
ASP02B4694_003   0.171  -3.003  -2.832
ASP02B4694_004   0.171  -3.003  -2.832
ASP-1B4694_005   0.093  -2.830  -2.736
ASP01B4695_001   0.137  -3.173  -3.036
ASP01B4695_002   0.137  -3.173  -3.036
ASP02B4695_003   0.216  -3.208  -2.992
ASP02B4695_004   0.216  -3.208  -2.992
ASP-1B4695_005   0.129  -3.006  -2.878
ASP01B4696_001   0.173  -2.688  -2.515
ASP01B4696_002   0.173  -2.688  -2.515
ASP02B4696_003   0.258  -2.601  -2.343
ASP02B4696_004   0.258  -2.601  -2.343
ASP-1B4696_005   0.162  -2.554  -2.391
VAL01B4697_001   0.820  -6.793  -5.973
LYS01B4698_001   2.641  -5.114  -2.473
LYS+1B4698_002   2.592  -5.114  -2.522
GLN01B4700_001   1.474  -2.040  -0.566
GLN01B4700_002   1.093  -2.054  -0.961
TRP01B4701_001   3.803  -4.742  -0.939
ASP01B4702_001   0.201  -0.069   0.132
ASP01B4702_002   0.201  -0.069   0.132
ASP02B4702_003   0.295  -0.072   0.223
ASP02B4702_004   0.295  -0.072   0.223
ASP-1B4702_005   0.190  -0.069   0.121
ARG01B4703_001  14.030  -6.062   7.967
ARG02B4703_002  13.974  -6.062   7.912
ARG03B4703_003  13.973  -6.062   7.911
ARG+1B4703_004  13.925  -6.062   7.863
LEU01B4704_001   5.829  -2.266   3.563
VAL01B4705_001   0.823   0.000   0.823
LEU01B4706_001   1.871  -0.309   1.562
ASN01B4707_001   0.672  -1.155  -0.483
THR01B4708_001   0.268   0.000   0.268
THR01B4708_002   0.268   0.000   0.268
PRO01B4709_001   0.312  -4.642  -4.331
SER01B4710_001   0.000  -1.961  -1.961
SER01B4710_002   0.000  -1.961  -1.961
SER01B4710_003   0.000  -1.961  -1.961
PHE01B4711_001   5.056   0.000   5.056
PRO01B4712_001   0.362  -0.254   0.108
SER01B4713_001   0.000  -2.088  -2.088
SER01B4713_002   0.000  -2.088  -2.088
ASN01B4714_001   0.239  -0.655  -0.416
ASN01B4714_002   0.044  -0.733  -0.689
TYR01B4715_001   6.680  -0.823   5.857
TYR01B4715_002   6.680  -0.823   5.857
TYR-1B4715_003   6.680  -0.823   5.857
TRP01B4716_001   3.955  -1.815   2.140
ASP01B4717_001   0.421  -0.540  -0.119
ASP01B4717_002   0.421  -0.540  -0.119
ASP02B4717_003   0.479  -0.546  -0.067
ASP02B4717_004   0.479  -0.546  -0.067
ASP-1B4717_005   0.367  -0.543  -0.176
LYS01B4718_001   0.436  -3.819  -3.383
LYS+1B4718_002   0.395  -3.819  -3.424
PHE01B4719_001   5.132  -1.931   3.201
VAL01B4720_001   0.856  -0.052   0.804
LYS01B4721_001   0.900  -0.901  -0.002
LYS+1B4721_002   0.857  -0.901  -0.044
ARG01B4722_001  14.813  -5.982   8.832
ARG02B4722_002  14.748  -5.982   8.766
ARG03B4722_003  14.755  -5.982   8.774
ARG+1B4722_004  14.707  -5.982   8.725
LYS01B4723_001   1.754  -4.728  -2.974
LYS+1B4723_002   1.707  -4.728  -3.021
VAL01B4724_001   0.808   0.000   0.808
LEU01B4725_001   2.592  -0.412   2.180
ASP01B4726_001   0.203  -3.088  -2.885
ASP01B4726_002   0.203  -3.088  -2.885
ASP02B4726_003   0.311  -3.019  -2.708
ASP02B4726_004   0.311  -3.019  -2.708
ASP-1B4726_005   0.198  -2.976  -2.778
LYS01B4727_001   1.506  -4.370  -2.864
LYS+1B4727_002   1.460  -4.370  -2.910
HIS01B4728_001  -0.099  -0.768  -0.867
HIS01B4728_002  -0.046  -0.812  -0.858
HIS02B4728_003  -0.119  -0.768  -0.887
HIS02B4728_004  -0.059  -0.812  -0.871
HIS+1B4728_005  -0.146  -0.768  -0.914
HIS+1B4728_006  -0.085  -0.812  -0.898
ASP01B4730_001   0.098  -3.130  -3.032
ASP01B4730_002   0.098  -3.130  -3.032
ASP02B4730_003   0.177  -3.057  -2.880
ASP02B4730_004   0.177  -3.057  -2.880
ASP-1B4730_005   0.094  -2.998  -2.904
ILE01B4731_001   2.327  -6.828  -4.502
PHE01B4732_001   4.908  -3.104   1.804
ARG01B4734_001   2.320  -7.513  -5.194
ARG02B4734_002   2.300  -7.513  -5.214
ARG03B4734_003   2.391  -7.513  -5.122
ARG+1B4734_004   2.257  -7.513  -5.257
GLU01B4735_001   3.110  -3.127  -0.017
GLU01B4735_002   3.110  -3.127  -0.017
GLU02B4735_003   2.497  -3.237  -0.740
GLU02B4735_004   2.497  -3.237  -0.740
GLU-1B4735_005   2.424  -3.138  -0.714
ARG01B4736_001   3.540  -9.044  -5.505
ARG02B4736_002   3.487  -9.044  -5.557
ARG03B4736_003   3.495  -9.044  -5.549
ARG+1B4736_004   3.447  -9.044  -5.597
ILE01B4737_001   1.922  -0.052   1.870
ALA01B4738_001   0.000  -0.052  -0.052
GLU01B4739_001   5.455  -2.548   2.907
GLU01B4739_002   5.455  -2.548   2.907
GLU02B4739_003   4.409  -2.606   1.802
GLU02B4739_004   4.409  -2.606   1.802
GLU-1B4739_005   4.326  -2.484   1.843
LEU01B4740_001   2.192  -2.418  -0.226
LEU01B4741_001   1.825   0.000   1.825
MET01B4743_001   1.581  -0.575   1.006
ASP01B4744_001  -0.040  -2.623  -2.663
ASP01B4744_002  -0.040  -2.623  -2.663
ASP02B4744_003  -0.008  -2.648  -2.656
ASP02B4744_004  -0.008  -2.648  -2.656
ASP-1B4744_005  -0.040  -2.622  -2.662
LEU01B4745_001   1.457  -5.850  -4.393
ALA01B4746_001   0.000  -1.133  -1.133
SER01B4747_001   0.000  -1.202  -1.202
SER01B4747_002   0.000  -1.202  -1.202
LEU01B4748_001   1.453  -5.560  -4.107
GLU01B4749_001   0.500  -2.961  -2.461
GLU01B4749_002   0.500  -2.961  -2.461
GLU02B4749_003   0.666  -2.904  -2.237
GLU02B4749_004   0.666  -2.904  -2.237
GLU-1B4749_005   0.469  -2.830  -2.361
ILE01B4750_001   0.938  -1.803  -0.865
THR01B4751_001   0.152  -4.988  -4.836
ALA01B4752_001   0.000  -2.540  -2.540
HIS01B4753_001  -0.354  -4.140  -4.494
HIS02B4753_002  -0.363  -4.140  -4.503
HIS+1B4753_003  -0.383  -4.140  -4.523
ASN01B4754_001  -0.020  -1.101  -1.121
ASN01B4754_002  -0.091  -0.903  -0.994
GLU01B4755_001   0.500  -2.048  -1.548
GLU01B4755_002   0.500  -2.048  -1.548
GLU02B4755_003   0.667  -2.089  -1.423
GLU02B4755_004   0.667  -2.089  -1.423
GLU-1B4755_005   0.469  -2.033  -1.564
ARG01B4756_0011191.550  -6.2461185.304
ARG02B4756_0021191.531  -6.2461185.285
ARG03B4756_0031191.566  -6.2461185.319
ARG03B4756_004 190.593  -6.246 184.347
ARG+1B4756_0051191.500  -6.2461185.253
LYS01B4757_001   3.787  -5.379  -1.592
LYS+1B4757_002   3.693  -5.379  -1.686
PRO01B4758_001   0.231  -6.344  -6.113
ASP01B4759_001  -0.040  -3.108  -3.149
ASP01B4759_002  -0.040  -3.108  -3.149
ASP02B4759_003  -0.009  -3.301  -3.310
ASP02B4759_004  -0.009  -3.301  -3.310
ASP-1B4759_005  -0.041  -3.135  -3.176
PRO01B4760_001   0.216  -6.865  -6.649
PRO01B4761_001   0.248  -7.062  -6.814
PRO01B4762_001   0.229  -5.873  -5.643
LEU01B4764_001   1.454  -3.483  -2.030
LEU01B4765_001   1.459  -2.576  -1.116
THR01B4766_001   0.198  -5.701  -5.503
THR01B4766_002   0.198  -5.701  -5.503
TRP01B4767_001   3.140  -6.789  -3.649
LEU01B4768_001   3.348  -5.286  -1.938
MET01B4769_001   0.500  -8.874  -8.374
SER01B4770_001   0.000  -3.473  -3.473
ILE01B4771_001   5.567  -4.308   1.259
ASP01B4772_001   0.071  -1.507  -1.436
ASP01B4772_002   0.071  -1.507  -1.436
ASP02B4772_003   0.133  -1.501  -1.368
ASP02B4772_004   0.133  -1.501  -1.368
ASP-1B4772_005   0.064  -1.413  -1.349
VAL01B4773_001   0.598  -5.734  -5.136
LYS01B4774_001   1.264  -6.328  -5.063
LYS+1B4774_002   1.219  -6.328  -5.108
TYR01B4775_001   5.056  -0.303   4.753
TYR01B4775_002   5.056  -0.303   4.753
TYR-1B4775_003   5.056  -0.303   4.753
GLN01B4776_001   1.793  -1.120   0.673
GLN01B4776_002   1.375  -0.997   0.379
ILE01B4777_001   2.819  -5.541  -2.722
TRP01B4778_001   4.374   0.000   4.374
LYS01B4779_001   1.491  -2.532  -1.041
LYS+1B4779_002   1.446  -2.532  -1.086
PHE01B4780_001   4.713  -5.647  -0.935
VAL01B4782_001   1.510  -0.103   1.407
ILE01B4783_001   3.007  -0.309   2.698
PHE01B4784_001   4.686  -7.351  -2.665
THR01B4785_001   0.238  -3.681  -3.443
THR01B4785_002   0.238  -3.681  -3.443
ASP01B4786_001   0.101  -0.810  -0.709
ASP01B4786_002   0.101  -0.810  -0.709
ASP02B4786_003   0.182  -0.736  -0.554
ASP02B4786_004   0.182  -0.736  -0.554
ASP-1B4786_005   0.100  -0.736  -0.637
ASN01B4787_001   0.341  -3.607  -3.266
ASN01B4787_002   0.474  -3.747  -3.273
SER01B4788_001   0.000  -3.080  -3.080
SER01B4788_002   0.000  -3.080  -3.080
PHE01B4789_001   5.705  -2.073   3.632
LEU01B4790_001   1.915  -5.557  -3.642
TYR01B4791_001   5.897  -2.709   3.189
TYR01B4791_002   5.897  -2.709   3.189
TYR-1B4791_003   5.897  -2.709   3.189
LEU01B4792_001   1.821  -0.361   1.461
TRP01B4794_001   4.049  -7.251  -3.202
TYR01B4795_001   6.012  -0.118   5.894
TYR01B4795_002   6.012  -0.118   5.894
TYR-1B4795_003   6.012  -0.118   5.894
MET01B4796_001   4.863  -1.374   3.489
VAL01B4797_001   0.590  -4.395  -3.804
MET01B4798_001   0.000  -1.173  -1.173
SER01B4799_001   0.000   0.000   0.000
SER01B4799_002   0.000   0.000   0.000
LEU01B4800_001   1.735  -6.812  -5.078
LEU01B4801_001   2.262  -3.174  -0.912
HIS01B4803_001  -0.190  -2.850  -3.039
HIS01B4803_002  -0.147  -3.041  -3.188
HIS02B4803_003  -0.207  -2.850  -3.057
HIS02B4803_004  -0.160  -3.041  -3.201
HIS+1B4803_005  -0.234  -2.850  -3.084
HIS+1B4803_006  -0.187  -3.041  -3.228
TYR01B4804_001   4.558  -9.508  -4.949
TYR-1B4804_002   4.558  -9.508  -4.949
ASN01B4805_001   0.168  -1.489  -1.321
ASN01B4806_001   0.521  -1.664  -1.143
ASN01B4806_002   0.281  -1.698  -1.417
PHE01B4807_001   4.936 -10.755  -5.819
PHE01B4808_001   5.441  -3.554   1.887
PHE01B4809_001   4.410  -0.152   4.258
ALA01B4810_001   0.000  -1.046  -1.046
ALA01B4811_001   0.000  -0.670  -0.670
HIS01B4812_001  -0.241   0.000  -0.241
HIS02B4812_002  -0.261   0.000  -0.261
HIS+1B4812_003  -0.288   0.000  -0.288
LEU01B4813_001   3.739  -3.448   0.291
LEU01B4814_001   1.045  -6.278  -5.233
ASP01B4815_001   0.055  -0.361  -0.306
ASP01B4815_002   0.055  -0.361  -0.306
ASP02B4815_003   0.119  -0.402  -0.283
ASP02B4815_004   0.119  -0.402  -0.283
ASP-1B4815_005   0.051  -0.361  -0.310
ILE01B4816_001   4.695  -0.155   4.540
ALA01B4817_001   0.000  -2.624  -2.624
MET01B4818_001  -0.046  -3.634  -3.680
VAL01B4820_001   0.804  -3.657  -2.853
LYS01B4821_001   2.256  -7.832  -5.576
LYS+1B4821_002   2.165  -7.832  -5.667
THR01B4822_001   0.303  -6.284  -5.980
THR01B4822_002   0.303  -6.284  -5.980
LEU01B4823_001   1.491  -3.606  -2.115
ARG01B4824_001   3.247  -4.765  -1.518
ARG02B4824_002   3.221  -4.765  -1.544
ARG03B4824_003   3.229  -4.765  -1.535
ARG+1B4824_004   3.181  -4.765  -1.583
THR01B4825_001   0.384  -3.402  -3.018
THR01B4825_002   0.384  -3.402  -3.018
ILE01B4826_001   3.634  -6.951  -3.317
LEU01B4827_001   2.018  -3.210  -1.191
SER01B4828_001   0.000  -1.669  -1.669
SER01B4828_002   0.000  -1.669  -1.669
SER01B4828_003   0.000  -1.669  -1.669
SER01B4829_001   0.000  -0.048  -0.048
SER01B4829_002   0.000  -0.048  -0.048
SER01B4829_003   0.000  -0.048  -0.048
VAL01B4830_001   0.902  -4.034  -3.132
THR01B4831_001   0.216  -6.124  -5.908
HIS01B4832_001  -0.132  -6.949  -7.081
HIS01B4832_002  -0.092  -7.783  -7.875
HIS02B4832_003  -0.151  -6.949  -7.099
HIS02B4832_004  -0.106  -7.783  -7.889
HIS+1B4832_005  -0.178  -6.949  -7.126
HIS+1B4832_006  -0.133  -7.783  -7.916
ASN01B4833_001   0.882  -0.241   0.641
ASN01B4833_002   0.483  -0.276   0.207
LYS01B4835_001   1.062  -9.996  -8.934
LYS+1B4835_002   1.016  -9.996  -8.980
GLN01B4836_001   2.781  -2.395   0.386
LEU01B4837_001   2.408  -1.700   0.708
VAL01B4838_001   0.854  -4.324  -3.470
MET01B4839_001  -0.039  -8.847  -8.886
THR01B4840_001   0.240  -0.979  -0.738
THR01B4840_002   0.240  -0.979  -0.738
VAL01B4841_001   1.004  -4.687  -3.683
LEU01B4843_001   3.414  -5.405  -1.992
LEU01B4844_001   4.721  -2.263   2.457
ALA01B4845_001   0.000  -2.592  -2.592
VAL01B4846_001   0.637  -5.216  -4.578
VAL01B4847_001   1.025  -1.442  -0.417
VAL01B4848_001   1.346   0.000   1.346
TYR01B4849_001   5.075  -7.461  -2.387
TYR-1B4849_002   5.075  -7.461  -2.387
LEU01B4850_001   1.360  -6.349  -4.988
TYR01B4851_001   5.364  -1.637   3.727
TYR-1B4851_002   5.364  -1.637   3.727
THR01B4852_001   0.359   0.000   0.359
THR01B4852_002   0.359   0.000   0.359
THR01B4852_003   0.359   0.000   0.359
VAL01B4853_001   0.897  -2.679  -1.781
VAL01B4854_001   0.773  -2.453  -1.681
ALA01B4855_001   0.000  -0.068  -0.068
PHE01B4856_001   5.074  -2.781   2.293
ASN01B4857_001   0.532  -2.013  -1.481
ASN01B4857_002   0.275  -2.067  -1.793
PHE01B4858_001   4.591 -10.345  -5.753
PHE01B4859_001   4.926  -0.642   4.284
ARG01B4860_001   3.874  -7.135  -3.260
ARG02B4860_002   3.840  -7.135  -3.294
ARG03B4860_003   3.852  -7.135  -3.282
ARG+1B4860_004   3.799  -7.135  -3.335
LYS01B4861_001   4.842  -4.048   0.795
LYS+1B4861_002   4.829  -4.048   0.781
PHE01B4862_001   6.398  -1.754   4.644
TYR01B4863_001   5.101   0.000   5.101
TYR01B4863_002   5.101   0.000   5.101
TYR-1B4863_003   5.101   0.000   5.101
ASN01B4864_001   0.276  -1.437  -1.161
ASN01B4864_002   0.493  -1.324  -0.831
LYS01B4865_001   4.233  -2.073   2.160
LYS+1B4865_002   4.186  -2.073   2.113
SER01B4866_001   0.000  -4.119  -4.119
GLU01B4867_001   2.249  -2.258  -0.009
GLU01B4867_002   2.249  -2.258  -0.009
GLU02B4867_003   1.868  -2.356  -0.488
GLU02B4867_004   1.868  -2.356  -0.488
GLU-1B4867_005   1.773  -2.242  -0.469
ASP01B4868_001   0.445  -3.480  -3.035
ASP01B4868_002   0.445  -3.480  -3.035
ASP02B4868_003   0.515  -3.615  -3.100
ASP02B4868_004   0.515  -3.615  -3.100
ASP-1B4868_005   0.393  -3.514  -3.121
GLU01B4869_001   1.655  -3.975  -2.320
GLU01B4869_002   1.655  -3.975  -2.320
GLU02B4869_003   1.407  -4.070  -2.663
GLU02B4869_004   1.407  -4.070  -2.663
GLU-1B4869_005   1.296  -3.922  -2.626
ASP01B4870_001   0.232  -3.112  -2.880
ASP01B4870_002   0.232  -3.112  -2.880
ASP02B4870_003   0.330  -3.079  -2.749
ASP02B4870_004   0.330  -3.079  -2.749
ASP-1B4870_005   0.219  -2.998  -2.778
GLU01B4871_001   7.305  -1.491   5.814
GLU01B4871_002   7.305  -1.491   5.814
GLU02B4871_003   5.829  -1.374   4.455
GLU02B4871_004   5.829  -1.374   4.455
GLU-1B4871_005   5.759  -1.413   4.346
CTR01B4871_001  -0.021  -1.342  -1.363
CTR01B4871_002   0.098  -1.419  -1.322
CTR02B4871_003  -0.022  -1.361  -1.383
CTR02B4871_004   0.039  -1.361  -1.322
CTR-1B4871_005   0.000  -1.361  -1.361
NTR01B4872_001  -0.002  -0.711  -0.714
NTR+1B4872_002  -0.004  -0.711  -0.715
PRO01B4872_001   0.286  -5.405  -5.120
ASP01B4873_001   0.074  -1.640  -1.566
ASP01B4873_002   0.074  -1.640  -1.566
ASP02B4873_003   0.146  -1.680  -1.534
ASP02B4873_004   0.146  -1.680  -1.534
ASP-1B4873_005   0.071  -1.555  -1.484
MET01B4874_001   1.139  -1.643  -0.504
LYS01B4875_001   1.085  -2.291  -1.206
LYS+1B4875_002   1.018  -2.291  -1.273
CYS01B4876_001  -0.002   0.000  -0.002
CYS01B4876_002  -0.002   0.000  -0.002
CYS01B4876_003  -0.003   0.000  -0.003
CYS-1B4876_004   0.000   0.000   0.000
ASP01B4877_001   0.107  -1.628  -1.521
ASP01B4877_002   0.107  -1.628  -1.521
ASP02B4877_003   0.188  -1.493  -1.305
ASP02B4877_004   0.188  -1.493  -1.305
ASP-1B4877_005   0.103  -1.563  -1.460
ASP01B4878_001  -0.040  -2.135  -2.175
ASP01B4878_002  -0.040  -2.135  -2.175
ASP02B4878_003  -0.009  -2.297  -2.306
ASP02B4878_004  -0.009  -2.297  -2.306
ASP-1B4878_005  -0.041  -2.135  -2.175
MET01B4879_001   0.018  -3.828  -3.811
MET01B4880_001   0.991 -10.841  -9.850
THR01B4881_001   0.194  -1.589  -1.395
THR01B4881_002   0.194  -1.589  -1.395
THR01B4881_003   0.194  -1.589  -1.395
CYS01B4882_001  -0.002   0.000  -0.002
CYS01B4882_002  -0.002   0.000  -0.002
CYS01B4882_003  -0.003   0.000  -0.003
CYS-1B4882_004   0.000   0.000   0.000
TYR01B4883_001   5.201  -1.980   3.221
TYR01B4883_002   5.201  -1.980   3.221
TYR-1B4883_003   5.201  -1.980   3.221
LEU01B4884_001   2.261  -7.034  -4.774
PHE01B4885_001   5.425  -0.557   4.869
HIS01B4886_001  -0.110  -0.094  -0.204
HIS01B4886_002  -0.056   0.000  -0.056
HIS02B4886_003  -0.130  -0.094  -0.224
HIS02B4886_004  -0.069   0.000  -0.069
HIS+1B4886_005  -0.157  -0.094  -0.251
HIS+1B4886_006  -0.096   0.000  -0.096
MET01B4887_001   1.988  -2.873  -0.885
TYR01B4888_001   5.218  -8.122  -2.905
TYR01B4888_002   5.218  -8.122  -2.905
TYR-1B4888_003   5.218  -8.122  -2.905
VAL01B4889_001   0.631  -1.133  -0.502
VAL01B4891_001   1.179  -0.824   0.355
ARG01B4892_001  11.225  -6.899   4.326
ARG02B4892_002  11.156  -6.899   4.257
ARG03B4892_003  11.217  -6.899   4.318
ARG+1B4892_004  11.109  -6.899   4.210
ALA01B4893_001   0.000  -0.103  -0.103
ILE01B4897_001   2.067   0.000   2.067
ASP01B4899_001   0.123  -2.469  -2.346
ASP01B4899_002   0.123  -2.469  -2.346
ASP02B4899_003   0.199  -2.404  -2.206
ASP02B4899_004   0.199  -2.404  -2.206
ASP-1B4899_005   0.115  -2.295  -2.180
GLU01B4900_001   2.423  -0.753   1.670
GLU01B4900_002   2.423  -0.753   1.670
GLU02B4900_003   1.968  -0.741   1.227
GLU02B4900_004   1.968  -0.741   1.227
GLU-1B4900_005   1.896  -0.753   1.144
ILE01B4901_001   8.366  -0.206   8.160
GLU01B4902_001   3.890  -1.345   2.544
GLU01B4902_002   3.890  -1.345   2.544
GLU02B4902_003   3.233  -1.357   1.876
GLU02B4902_004   3.233  -1.357   1.876
GLU-1B4902_005   3.087  -1.292   1.795
ASP01B4903_001   0.103  -3.422  -3.319
ASP01B4903_002   0.103  -3.422  -3.319
ASP02B4903_003   0.183  -3.482  -3.299
ASP02B4903_004   0.183  -3.482  -3.299
ASP-1B4903_005   0.099  -3.367  -3.268
PRO01B4904_001   0.254  -1.296  -1.042
ALA01B4905_001   0.000  -3.242  -3.242
ASP01B4907_001  -0.041  -3.177  -3.218
ASP01B4907_002  -0.041  -3.177  -3.218
ASP02B4907_003  -0.009  -3.262  -3.271
ASP02B4907_004  -0.009  -3.262  -3.271
ASP-1B4907_005  -0.041  -3.229  -3.270
GLU01B4908_001   0.499  -3.107  -2.608
GLU01B4908_002   0.499  -3.107  -2.608
GLU02B4908_003   0.666  -3.164  -2.499
GLU02B4908_004   0.666  -3.164  -2.499
GLU-1B4908_005   0.468  -3.083  -2.615
TYR01B4909_001   4.258  -8.512  -4.254
TYR-1B4909_002   4.258  -8.512  -4.254
GLU01B4910_001   0.500  -1.957  -1.457
GLU01B4910_002   0.500  -1.957  -1.457
GLU02B4910_003   0.666  -1.974  -1.308
GLU02B4910_004   0.666  -1.974  -1.308
GLU-1B4910_005   0.469  -1.852  -1.383
LEU01B4911_001   4.521  -8.445  -3.924
TYR01B4912_001   4.882  -7.870  -2.988
TYR-1B4912_002   4.882  -7.870  -2.988
ARG01B4913_001   3.236  -0.167   3.069
ARG02B4913_002   3.215  -0.167   3.048
ARG03B4913_003   3.286  -0.167   3.119
ARG+1B4913_004   3.171  -0.167   3.004
VAL01B4914_001   0.782  -4.684  -3.902
VAL01B4915_001   0.614  -4.874  -4.261
PHE01B4916_001   5.043  -0.863   4.180
ASP01B4917_001   0.393  -0.495  -0.102
ASP01B4917_002   0.393  -0.495  -0.102
ASP02B4917_003   0.466  -0.471  -0.005
ASP02B4917_004   0.466  -0.471  -0.005
ASP-1B4917_005   0.349  -0.495  -0.146
ILE01B4918_001   3.353  -5.219  -1.866
THR01B4919_001   0.236  -2.362  -2.126
THR01B4919_002   0.236  -2.362  -2.126
PHE01B4920_001   5.534   0.000   5.534
PHE01B4921_001   5.368  -3.843   1.525
PHE01B4922_001   4.400  -6.117  -1.717
PHE01B4923_001   4.707  -8.242  -3.535
VAL01B4924_001   1.102   0.000   1.102
ILE01B4925_001   2.982  -0.634   2.348
VAL01B4926_001   0.692  -4.050  -3.358
ILE01B4927_001   1.734  -3.979  -2.245
LEU01B4928_001   2.032  -1.082   0.951
LEU01B4929_001   2.090  -5.096  -3.006
ALA01B4930_001   0.000  -2.675  -2.675
ILE01B4931_001   2.323  -5.953  -3.630
ILE01B4932_001   4.376  -2.675   1.701
GLN01B4933_001   4.107  -2.889   1.218
GLN01B4933_002   6.275  -2.985   3.290
LEU01B4935_001   4.231  -2.263   1.968
ILE01B4936_001   9.751  -2.112   7.639
ILE01B4937_001   4.988  -7.959  -2.971
ASP01B4938_001   0.532  -2.569  -2.037
ASP01B4938_002   0.532  -2.569  -2.037
ASP02B4938_003   0.595  -2.559  -1.965
ASP02B4938_004   0.595  -2.559  -1.965
ASP-1B4938_005   0.465  -2.481  -2.016
ALA01B4939_001   0.000  -0.155  -0.155
PHE01B4940_001   5.869  -1.551   4.318
GLU01B4942_001   2.892  -2.283   0.609
GLU01B4942_002   2.892  -2.283   0.609
GLU02B4942_003   2.318  -2.313   0.005
GLU02B4942_004   2.318  -2.313   0.005
GLU-1B4942_005   2.243  -2.248  -0.005
LEU01B4943_001   2.717  -2.885  -0.168
ARG01B4944_001   2.391  -9.710  -7.319
ARG02B4944_002   2.377  -9.710  -7.334
ARG03B4944_003   2.357  -9.710  -7.353
ARG+1B4944_004   2.318  -9.710  -7.393
ASP01B4945_001   0.063  -2.049  -1.986
ASP01B4945_002   0.063  -2.049  -1.986
ASP02B4945_003   0.130  -2.197  -2.067
ASP02B4945_004   0.130  -2.197  -2.067
ASP-1B4945_005   0.059  -2.102  -2.043
GLN01B4946_001   1.111  -1.097   0.014
GLN01B4946_002   0.905  -1.044  -0.138
GLN01B4947_001   2.246  -1.900   0.345
GLN01B4947_002   3.206  -1.750   1.456
GLU01B4948_001   5.476  -2.381   3.095
GLU01B4948_002   5.476  -2.381   3.095
GLU02B4948_003   4.384  -2.473   1.911
GLU02B4948_004   4.384  -2.473   1.911
GLU-1B4948_005   4.330  -2.372   1.958
GLN01B4949_001   1.868  -2.240  -0.372
GLN01B4949_002   2.473  -2.163   0.310
VAL01B4950_001   0.728  -0.670   0.059
LYS01B4951_001   1.778  -7.355  -5.577
LYS+1B4951_002   1.728  -7.355  -5.627
GLU01B4952_001   4.345  -2.145   2.200
GLU01B4952_002   4.345  -2.145   2.200
GLU02B4952_003   3.475  -2.334   1.141
GLU02B4952_004   3.475  -2.334   1.141
GLU-1B4952_005   3.409  -2.226   1.183
ASP01B4953_001   0.419  -0.686  -0.268
ASP01B4953_002   0.419  -0.686  -0.268
ASP02B4953_003   0.399  -0.620  -0.222
ASP02B4953_004   0.399  -0.620  -0.222
ASP-1B4953_005   0.330  -0.655  -0.324
MET01B4954_001   0.129  -3.342  -3.213
GLU01B4955_001   0.498  -3.380  -2.881
GLU01B4955_002   0.498  -3.380  -2.881
GLU02B4955_003   0.664  -3.452  -2.788
GLU02B4955_004   0.664  -3.452  -2.788
GLU-1B4955_005   0.467  -3.320  -2.853
THR01B4956_001   0.262  -1.322  -1.060
THR01B4956_002   0.262  -1.322  -1.060
THR01B4956_003   0.262  -1.322  -1.060
LYS01B4957_001  10.045  -2.889   7.156
LYS+1B4957_002   9.995  -2.889   7.106
CYS01B4958_001  -0.002  -0.071  -0.073
CYS01B4958_002  -0.002  -0.071  -0.073
CYS01B4958_003  -0.002  -0.071  -0.074
CYS-1B4958_004   0.000  -0.071  -0.071
PHE01B4959_001   6.576  -0.170   6.406
ILE01B4960_001   5.139   0.000   5.139
CYS01B4961_001  -0.002   0.000  -0.002
CYS01B4961_002  -0.002   0.000  -0.002
CYS01B4961_003  -0.003   0.000  -0.003
CYS-1B4961_004   0.000   0.000   0.000
ILE01B4963_001   2.867  -2.472   0.395
SER01B4965_001   0.000  -0.482  -0.482
SER01B4965_002   0.000  -0.482  -0.482
ASP01B4966_001   0.425  -3.090  -2.665
ASP01B4966_002   0.425  -3.090  -2.665
ASP02B4966_003   0.501  -3.155  -2.654
ASP02B4966_004   0.501  -3.155  -2.654
ASP-1B4966_005   0.378  -3.049  -2.670
TYR01B4967_001   5.672  -3.104   2.569
TYR01B4967_002   5.672  -3.104   2.569
TYR-1B4967_003   5.672  -3.104   2.569
PHE01B4968_001   7.316   0.000   7.316
ASP01B4969_001   0.177  -0.857  -0.679
ASP01B4969_002   0.177  -0.857  -0.679
ASP02B4969_003   0.255  -0.928  -0.673
ASP02B4969_004   0.255  -0.928  -0.673
ASP-1B4969_005   0.162  -0.857  -0.694
THR01B4970_001   0.389  -5.451  -5.062
THR01B4970_002   0.389  -5.451  -5.062
THR01B4971_001   0.191  -4.779  -4.588
PRO01B4972_001   0.398  -6.542  -6.144
HIS01B4973_001  -0.126  -7.405  -7.531
HIS01B4973_002  -0.073  -7.726  -7.799
HIS02B4973_003  -0.146  -7.405  -7.551
HIS02B4973_004  -0.086  -7.726  -7.812
HIS+1B4973_005  -0.173  -7.405  -7.578
HIS+1B4973_006  -0.112  -7.726  -7.838
PHE01B4975_001   5.304  -1.414   3.889
GLU01B4976_001   0.744  -1.730  -0.986
GLU01B4976_002   0.744  -1.730  -0.986
GLU02B4976_003   0.592  -1.877  -1.285
GLU02B4976_004   0.592  -1.877  -1.285
GLU-1B4976_005   0.535  -1.730  -1.195
THR01B4977_001   0.252  -2.834  -2.582
THR01B4977_002   0.252  -2.834  -2.582
HIS01B4978_001  -0.168   0.000  -0.168
HIS02B4978_002  -0.186   0.000  -0.186
HIS+1B4978_003  -0.214   0.000  -0.214
THR01B4979_001   0.376  -1.174  -0.798
THR01B4979_002   0.376  -1.174  -0.798
LEU01B4980_001   1.483  -7.447  -5.964
GLU01B4981_001   1.920  -1.531   0.389
GLU01B4981_002   1.920  -1.531   0.389
GLU02B4981_003   1.597  -1.585   0.012
GLU02B4981_004   1.597  -1.585   0.012
GLU-1B4981_005   1.494  -1.494   0.000
GLU01B4982_001   3.681  -0.172   3.509
GLU01B4982_002   3.681  -0.172   3.509
GLU02B4982_003   3.016  -0.181   2.835
GLU02B4982_004   3.016  -0.181   2.835
GLU-1B4982_005   2.916  -0.172   2.744
HIS01B4983_001  -0.239   0.000  -0.239
HIS02B4983_002  -0.259   0.000  -0.259
HIS+1B4983_003  -0.286   0.000  -0.286
ASN01B4984_001   0.538  -0.881  -0.343
ASN01B4984_002   0.613  -0.856  -0.244
LEU01B4985_001   5.849  -2.334   3.515
ALA01B4986_001   0.000  -1.182  -1.182
ASN01B4987_001   0.236  -0.556  -0.320
ASN01B4987_002   0.494  -0.487   0.007
TYR01B4988_001   5.493  -0.320   5.173
TYR01B4988_002   5.493  -0.320   5.173
TYR-1B4988_003   5.493  -0.320   5.173
MET01B4989_001   0.020  -0.052  -0.031
PHE01B4990_001   5.458  -0.051   5.408
PHE01B4991_001   6.232  -0.287   5.946
LEU01B4992_001   4.164  -0.567   3.597
MET01B4993_001   0.116  -0.864  -0.748
TYR01B4994_001   5.886  -2.274   3.611
TYR01B4994_002   5.886  -2.274   3.611
TYR-1B4994_003   5.886  -2.274   3.611
LEU01B4995_001   1.428  -0.103   1.325
ILE01B4996_001   3.870  -2.659   1.210
ASN01B4997_001   0.289  -1.826  -1.538
ASN01B4997_002   0.088  -1.984  -1.896
LYS01B4998_001   0.858  -2.397  -1.538
LYS+1B4998_002   0.815  -2.397  -1.581
ASP01B4999_001   0.265  -2.384  -2.119
ASP01B4999_002   0.265  -2.384  -2.119
ASP02B4999_003   0.370  -2.428  -2.058
ASP02B4999_004   0.370  -2.428  -2.058
ASP-1B4999_005   0.250  -2.412  -2.162
GLU01B5000_001   2.837  -2.485   0.352
GLU01B5000_002   2.837  -2.485   0.352
GLU02B5000_003   2.251  -2.679  -0.428
GLU02B5000_004   2.251  -2.679  -0.428
GLU-1B5000_005   2.195  -2.618  -0.423
THR01B5001_001   0.206  -2.915  -2.709
GLU01B5002_001   1.725  -2.046  -0.322
GLU01B5002_002   1.725  -2.046  -0.322
GLU02B5002_003   1.523  -2.031  -0.508
GLU02B5002_004   1.523  -2.031  -0.508
GLU-1B5002_005   1.378  -1.994  -0.616
HIS01B5003_001  -0.183  -0.280  -0.463
HIS01B5003_002  -0.138  -0.402  -0.540
HIS02B5003_003  -0.200  -0.280  -0.480
HIS02B5003_004  -0.152  -0.402  -0.554
HIS+1B5003_005  -0.227  -0.280  -0.507
HIS+1B5003_006  -0.178  -0.402  -0.581
THR01B5004_001   0.242  -1.896  -1.653
THR01B5004_002   0.242  -1.896  -1.653
GLN01B5006_001   4.489  -0.487   4.002
GLU01B5007_001   2.808  -0.596   2.212
GLU01B5007_002   2.808  -0.596   2.212
GLU02B5007_003   2.239  -0.538   1.701
GLU02B5007_004   2.239  -0.538   1.701
GLU-1B5007_005   2.172  -0.482   1.690
SER01B5008_001   0.000  -1.829  -1.829
TYR01B5009_001   6.583  -2.977   3.606
TYR-1B5009_002   6.583  -2.977   3.606
VAL01B5010_001   0.657  -0.361   0.296
TRP01B5011_001   4.017  -2.608   1.409
LYS01B5012_001   2.404  -7.421  -5.017
LYS+1B5012_002   2.324  -7.421  -5.096
MET01B5013_001   0.179  -1.663  -1.484
TYR01B5014_001   4.420  -0.306   4.114
TYR01B5014_002   4.420  -0.306   4.114
TYR-1B5014_003   4.420  -0.306   4.114
GLN01B5015_001   1.162  -1.445  -0.283
GLU01B5016_001   1.082  -2.655  -1.573
GLU01B5016_002   1.082  -2.655  -1.573
GLU02B5016_003   0.991  -2.712  -1.720
GLU02B5016_004   0.991  -2.712  -1.720
GLU-1B5016_005   0.859  -2.576  -1.717
ARG01B5017_001   5.191  -1.677   3.514
ARG02B5017_002   5.115  -1.677   3.438
ARG03B5017_003   5.175  -1.677   3.498
ARG+1B5017_004   5.070  -1.677   3.393
CYS01B5018_001  -0.002  -1.122  -1.124
CYS01B5018_002  -0.002  -1.122  -1.124
CYS01B5018_003  -0.002  -1.122  -1.124
CYS-1B5018_004   0.000  -1.122  -1.122
TRP01B5019_001   3.674  -1.719   1.955
ASP01B5020_001   0.557  -2.812  -2.255
ASP01B5020_002   0.557  -2.812  -2.255
ASP02B5020_003   0.611  -2.822  -2.212
ASP02B5020_004   0.611  -2.822  -2.212
ASP-1B5020_005   0.483  -2.735  -2.252
PHE01B5021_001   6.329  -0.253   6.076
PHE01B5022_001   6.093  -0.257   5.836
PRO01B5023_001   0.484   0.000   0.484
ALA01B5024_001   0.000  -3.036  -3.036
ASP01B5026_001   0.227  -0.732  -0.505
ASP01B5026_002   0.227  -0.732  -0.505
ASP02B5026_003   0.344  -0.789  -0.445
ASP02B5026_004   0.344  -0.789  -0.445
ASP-1B5026_005   0.224  -0.732  -0.508
CYS01B5027_001  -0.002   0.000  -0.002
CYS01B5027_002  -0.002   0.000  -0.002
CYS01B5027_003  -0.003   0.000  -0.003
CYS-1B5027_004   0.000   0.000   0.000
PHE01B5028_001   5.954  -1.078   4.876
ARG01B5029_001   2.046  -3.987  -1.941
ARG02B5029_002   1.979  -3.987  -2.008
ARG03B5029_003   2.039  -3.987  -1.948
ARG+1B5029_004   1.935  -3.987  -2.052
LYS01B5030_001   1.913  -4.877  -2.963
LYS+1B5030_002   1.849  -4.877  -3.028
GLN01B5031_001   0.622  -1.132  -0.510
GLN01B5031_002   0.556  -1.132  -0.576
TYR01B5032_001   4.873  -1.084   3.789
TYR01B5032_002   4.873  -1.084   3.789
TYR-1B5032_003   4.873  -1.084   3.789
GLU01B5033_001   5.529  -1.923   3.606
GLU01B5033_002   5.529  -1.923   3.606
GLU02B5033_003   4.454  -2.016   2.438
GLU02B5033_004   4.454  -2.016   2.438
GLU-1B5033_005   4.368  -1.972   2.396
ASP01B5034_001  -0.040  -2.951  -2.991
ASP01B5034_002  -0.040  -2.951  -2.991
ASP02B5034_003  -0.009  -3.119  -3.128
ASP02B5034_004  -0.009  -3.119  -3.128
ASP-1B5034_005  -0.041  -2.988  -3.029
GLN01B5035_001   0.590  -1.740  -1.150
LEU01B5036_001   1.760  -2.933  -1.173
SER01B5037_001   0.000  -3.744  -3.744
SER01B5037_002   0.000  -3.744  -3.744
SER01B5037_003   0.000  -3.744  -3.744
CTR01B5037_001  -0.021  -2.809  -2.830
CTR01B5037_002   0.104  -2.751  -2.647
CTR02B5037_003  -0.022  -2.693  -2.715
CTR02B5037_004   0.040  -2.828  -2.789
CTR-1B5037_005   0.000  -2.693  -2.693
_ZN+2B5101_001   0.000   0.000   0.000
_CA+2B5102_001   0.000  -0.541  -0.541
