   confID        vdw0    sas     sum
NTR01B3639_001  -0.003  -3.241  -3.244
NTR+1B3639_002  -0.005  -3.241  -3.246
THR01B3639_001   0.161  -3.950  -3.789
PRO01B3640_001   0.381  -3.471  -3.090
LEU01B3641_001   2.210  -9.488  -7.278
TYR01B3642_001   5.038 -10.206  -5.168
TYR-1B3642_002   5.038 -10.206  -5.168
ASN01B3643_001   0.578  -2.157  -1.579
ASN01B3643_002   0.264  -1.975  -1.711
LEU01B3644_001   1.716  -2.537  -0.821
PRO01B3645_001   0.273  -3.288  -3.016
THR01B3646_001   0.272  -7.112  -6.840
HIS01B3647_001  -0.166  -8.701  -8.867
HIS01B3647_002  -0.122  -8.656  -8.778
HIS02B3647_003  -0.185  -8.701  -8.886
HIS02B3647_004  -0.135  -8.656  -8.791
HIS+1B3647_005  -0.211  -8.701  -8.913
HIS+1B3647_006  -0.162  -8.656  -8.818
ARG01B3648_001   3.215  -8.401  -5.185
ARG02B3648_002   3.191  -8.401  -5.209
ARG03B3648_003   3.200  -8.401  -5.200
ARG+1B3648_004   3.152  -8.401  -5.249
ALA01B3649_001   0.000  -1.046  -1.046
CYS01B3650_001  -0.002  -3.643  -3.645
CYS01B3650_002  -0.002  -3.643  -3.645
CYS01B3650_003  -0.003  -3.643  -3.646
CYS-1B3650_004   0.000  -3.643  -3.643
ASN01B3651_001   0.534  -3.061  -2.527
ASN01B3651_002   0.263  -2.974  -2.710
MET01B3652_001   0.857  -6.637  -5.780
PHE01B3653_001   4.672  -8.058  -3.386
LEU01B3654_001   2.198  -6.503  -4.305
GLU01B3655_001   1.344  -3.243  -1.899
GLU01B3655_002   1.344  -3.243  -1.899
GLU02B3655_003   1.158  -3.112  -1.954
GLU02B3655_004   1.158  -3.112  -1.954
GLU-1B3655_005   1.047  -3.018  -1.971
SER01B3656_001   0.000  -3.124  -3.124
TYR01B3657_001   5.564  -5.534   0.031
TYR-1B3657_002   5.564  -5.534   0.031
LYS01B3658_001   4.116  -7.924  -3.807
LYS+1B3658_002   4.068  -7.924  -3.855
ALA01B3659_001   0.000  -4.977  -4.977
ALA01B3660_001   0.000  -2.576  -2.576
TRP01B3661_001   3.570  -4.243  -0.673
ILE01B3662_001   2.368 -10.038  -7.671
LEU01B3663_001   1.831  -5.116  -3.285
THR01B3664_001   0.190  -5.048  -4.858
GLU01B3665_001   1.658  -3.309  -1.652
GLU01B3665_002   1.658  -3.309  -1.652
GLU02B3665_003   1.393  -3.197  -1.804
GLU02B3665_004   1.393  -3.197  -1.804
GLU-1B3665_005   1.288  -3.233  -1.945
ASP01B3666_001   0.486  -1.921  -1.435
ASP01B3666_002   0.486  -1.921  -1.435
ASP02B3666_003   0.504  -1.970  -1.465
ASP02B3666_004   0.504  -1.970  -1.465
ASP-1B3666_005   0.405  -1.843  -1.438
HIS01B3667_001  -0.122  -4.666  -4.788
HIS01B3667_002  -0.061  -4.289  -4.350
HIS02B3667_003  -0.142  -4.666  -4.808
HIS02B3667_004  -0.073  -4.289  -4.362
HIS+1B3667_005  -0.169  -4.666  -4.835
HIS+1B3667_006  -0.100  -4.289  -4.389
SER01B3668_001   0.000  -3.498  -3.498
SER01B3668_002   0.000  -3.498  -3.498
PHE01B3669_001   4.611  -6.025  -1.414
GLU01B3670_001   0.774  -0.345   0.429
GLU01B3670_002   0.774  -0.345   0.429
GLU02B3670_003   0.698  -0.398   0.300
GLU02B3670_004   0.698  -0.398   0.300
GLU-1B3670_005   0.602  -0.345   0.257
ASP01B3671_001   0.126  -1.247  -1.121
ASP01B3671_002   0.126  -1.247  -1.121
ASP02B3671_003   0.212  -1.299  -1.087
ASP02B3671_004   0.212  -1.299  -1.087
ASP-1B3671_005   0.121  -1.206  -1.085
ARG01B3672_001  11.065  -9.437   1.628
ARG02B3672_002  11.011  -9.437   1.574
ARG03B3672_003  11.009  -9.437   1.571
ARG+1B3672_004  10.962  -9.437   1.525
MET01B3673_001   0.364  -3.807  -3.443
ILE01B3674_001   3.978  -0.361   3.617
ASP01B3675_001   0.211  -1.355  -1.143
ASP01B3675_002   0.211  -1.355  -1.143
ASP02B3675_003   0.302  -1.421  -1.119
ASP02B3675_004   0.302  -1.421  -1.119
ASP-1B3675_005   0.197  -1.335  -1.138
ASP01B3676_001   0.011  -1.330  -1.319
ASP01B3676_002   0.011  -1.330  -1.319
ASP02B3676_003   0.059  -1.357  -1.298
ASP02B3676_004   0.059  -1.357  -1.298
ASP-1B3676_005   0.006  -1.330  -1.323
LEU01B3677_001   2.956  -3.326  -0.370
SER01B3678_001   0.000  -0.757  -0.757
SER01B3678_002   0.000  -0.757  -0.757
LYS01B3679_001   2.980  -6.610  -3.631
LYS+1B3679_002   2.928  -6.610  -3.682
ALA01B3680_001   0.000  -3.313  -3.313
GLU01B3682_001   0.499  -3.218  -2.720
GLU01B3682_002   0.499  -3.218  -2.720
GLU02B3682_003   0.665  -3.184  -2.519
GLU02B3682_004   0.665  -3.184  -2.519
GLU-1B3682_005   0.467  -3.092  -2.625
GLN01B3683_001   0.455  -0.989  -0.535
GLU01B3684_001   0.498  -4.058  -3.559
GLU01B3684_002   0.498  -4.058  -3.559
GLU02B3684_003   0.665  -3.967  -3.302
GLU02B3684_004   0.665  -3.967  -3.302
GLU-1B3684_005   0.467  -3.850  -3.383
GLU01B3685_001   0.498  -4.109  -3.612
GLU01B3685_002   0.498  -4.109  -3.612
GLU02B3685_003   0.664  -4.231  -3.566
GLU02B3685_004   0.664  -4.231  -3.566
GLU-1B3685_005   0.466  -4.143  -3.676
GLU01B3686_001   0.503  -2.632  -2.129
GLU01B3686_002   0.503  -2.632  -2.129
GLU02B3686_003   0.670  -2.530  -1.859
GLU02B3686_004   0.670  -2.530  -1.859
GLU-1B3686_005   0.472  -2.485  -2.013
GLU01B3687_001   0.499  -2.495  -1.996
GLU01B3687_002   0.499  -2.495  -1.996
GLU02B3687_003   0.666  -2.423  -1.758
GLU02B3687_004   0.666  -2.423  -1.758
GLU-1B3687_005   0.468  -2.377  -1.909
GLU01B3688_001   0.497  -4.070  -3.572
GLU01B3688_002   0.497  -4.070  -3.572
GLU02B3688_003   0.663  -4.202  -3.539
GLU02B3688_004   0.663  -4.202  -3.539
GLU-1B3688_005   0.466  -4.100  -3.634
GLU01B3689_001   0.499  -4.321  -3.822
GLU01B3689_002   0.499  -4.321  -3.822
GLU02B3689_003   0.666  -4.314  -3.648
GLU02B3689_004   0.666  -4.314  -3.648
GLU-1B3689_005   0.468  -4.143  -3.675
VAL01B3690_001   0.501  -2.711  -2.210
GLU01B3691_001   0.499  -4.303  -3.804
GLU01B3691_002   0.499  -4.303  -3.804
GLU02B3691_003   0.665  -4.267  -3.602
GLU02B3691_004   0.665  -4.267  -3.602
GLU-1B3691_005   0.467  -4.151  -3.684
GLU01B3692_001   0.497  -3.639  -3.142
GLU01B3692_002   0.497  -3.639  -3.142
GLU02B3692_003   0.663  -3.690  -3.027
GLU02B3692_004   0.663  -3.690  -3.027
GLU-1B3692_005   0.466  -3.587  -3.121
LYS01B3693_001   3.779  -6.898  -3.119
LYS+1B3693_002   3.685  -6.898  -3.213
LYS01B3694_001   1.719  -5.408  -3.689
LYS+1B3694_002   1.641  -5.408  -3.767
PRO01B3695_001   0.308  -2.623  -2.315
ASP01B3696_001   0.255  -0.627  -0.372
ASP01B3696_002   0.255  -0.627  -0.372
ASP02B3696_003   0.355  -0.647  -0.292
ASP02B3696_004   0.355  -0.647  -0.292
ASP-1B3696_005   0.240  -0.620  -0.380
PRO01B3697_001   0.310  -2.695  -2.384
LEU01B3698_001   2.660  -0.721   1.939
HIS01B3699_001  -0.106  -3.796  -3.902
HIS01B3699_002  -0.057  -3.626  -3.684
HIS02B3699_003  -0.125  -3.796  -3.921
HIS02B3699_004  -0.071  -3.626  -3.697
HIS+1B3699_005  -0.152  -3.796  -3.949
HIS+1B3699_006  -0.097  -3.626  -3.724
GLN01B3700_001   1.317  -2.265  -0.948
GLN01B3700_002   2.108  -2.341  -0.233
CTR01B3700_001  -0.021  -1.776  -1.797
CTR01B3700_002   0.095  -1.641  -1.546
CTR02B3700_003  -0.022  -1.641  -1.663
CTR02B3700_004   0.037  -1.641  -1.605
CTR-1B3700_005   0.000  -1.641  -1.641
NTR01B3704_001  -0.003  -2.115  -2.118
NTR+1B3704_002  -0.005  -2.115  -2.120
HIS01B3704_001  -0.142  -8.625  -8.767
HIS01B3704_002  -0.104  -8.914  -9.018
HIS02B3704_003  -0.160  -8.625  -8.785
HIS02B3704_004  -0.118  -8.914  -9.031
HIS+1B3704_005  -0.187  -8.625  -8.812
HIS+1B3704_006  -0.144  -8.914  -9.058
PHE01B3705_001   5.198  -2.671   2.527
CTR01B3705_001  -0.021  -4.556  -4.577
CTR01B3705_002   0.096  -4.518  -4.422
CTR02B3705_003  -0.022  -4.363  -4.385
CTR02B3705_004   0.037  -4.537  -4.500
CTR-1B3705_005   0.000  -4.459  -4.459
NTR01B3712_001  -0.003  -3.365  -3.368
NTR+1B3712_002  -0.005  -3.365  -3.370
GLU01B3712_001   4.136  -4.632  -0.496
GLU01B3712_002   4.136  -4.632  -0.496
GLU02B3712_003   3.418  -4.426  -1.008
GLU02B3712_004   3.418  -4.426  -1.008
GLU-1B3712_005   3.331  -4.426  -1.095
LYS01B3713_001   3.574  -4.833  -1.259
LYS+1B3713_002   3.523  -4.833  -1.310
SER01B3714_001   0.000  -4.818  -4.818
SER01B3714_002   0.000  -4.818  -4.818
LYS01B3715_001   4.409  -8.594  -4.184
LYS+1B3715_002   4.361  -8.594  -4.232
LEU01B3716_001   2.288  -4.411  -2.123
ASP01B3717_001   0.193  -2.453  -2.261
ASP01B3717_002   0.193  -2.453  -2.261
ASP02B3717_003   0.282  -2.475  -2.193
ASP02B3717_004   0.282  -2.475  -2.193
ASP-1B3717_005   0.182  -2.446  -2.264
GLU01B3718_001   1.788  -2.902  -1.114
GLU01B3718_002   1.788  -2.902  -1.114
GLU02B3718_003   1.463  -2.912  -1.449
GLU02B3718_004   1.463  -2.912  -1.449
GLU-1B3718_005   1.378  -2.897  -1.519
ASP01B3719_001   0.053  -1.202  -1.148
ASP01B3719_002   0.053  -1.202  -1.148
ASP02B3719_003   0.116  -1.169  -1.053
ASP02B3719_004   0.116  -1.169  -1.053
ASP-1B3719_005   0.049  -1.172  -1.123
TYR01B3720_001   4.297 -11.560  -7.263
TYR01B3720_002   4.297 -11.560  -7.263
TYR-1B3720_003   4.297 -11.560  -7.263
LEU01B3721_001   4.914  -5.904  -0.990
TYR01B3722_001   4.954  -1.368   3.586
TYR01B3722_002   4.954  -1.368   3.586
TYR-1B3722_003   4.954  -1.368   3.586
MET01B3723_001   0.641  -1.979  -1.338
ALA01B3724_001   0.000  -1.594  -1.594
TYR01B3725_001   5.069  -4.881   0.188
TYR-1B3725_002   5.069  -4.881   0.188
ALA01B3726_001   0.000  -0.155  -0.155
ASP01B3727_001   0.074  -1.947  -1.873
ASP01B3727_002   0.074  -1.947  -1.873
ASP02B3727_003   0.147  -1.978  -1.831
ASP02B3727_004   0.147  -1.978  -1.831
ASP-1B3727_005   0.071  -1.895  -1.824
ILE01B3728_001   2.263  -0.618   1.645
MET01B3729_001   0.143  -3.606  -3.463
ALA01B3730_001   0.000  -0.274  -0.274
LYS01B3731_001   5.028  -3.578   1.450
LYS+1B3731_002   4.922  -3.578   1.344
SER01B3732_001   0.000   0.000   0.000
SER01B3732_002   0.000   0.000   0.000
SER01B3732_003   0.000   0.000   0.000
CYS01B3733_001  -0.002   0.000  -0.002
CYS01B3733_002  -0.002   0.000  -0.002
CYS01B3733_003  -0.003   0.000  -0.003
CYS-1B3733_004   0.000   0.000   0.000
HIS01B3734_001  -0.354  -2.458  -2.812
HIS01B3734_002  -0.345  -2.545  -2.890
HIS02B3734_003  -0.363  -2.458  -2.821
HIS02B3734_004  -0.356  -2.545  -2.901
HIS+1B3734_005  -0.383  -2.458  -2.841
HIS+1B3734_006  -0.375  -2.545  -2.920
LEU01B3735_001   1.461  -0.943   0.518
GLU01B3736_001   0.497  -0.034   0.462
GLU01B3736_002   0.497  -0.034   0.462
GLU02B3736_003   0.663  -0.036   0.627
GLU02B3736_004   0.663  -0.036   0.627
GLU-1B3736_005   0.466  -0.034   0.431
GLU01B3737_001   0.499  -1.428  -0.929
GLU01B3737_002   0.499  -1.428  -0.929
GLU02B3737_003   0.665  -1.363  -0.697
GLU02B3737_004   0.665  -1.363  -0.697
GLU-1B3737_005   0.468  -1.326  -0.859
GLU01B3740_001   0.500  -1.116  -0.615
GLU01B3740_002   0.500  -1.116  -0.615
GLU02B3740_003   0.667  -1.070  -0.403
GLU02B3740_004   0.667  -1.070  -0.403
GLU-1B3740_005   0.469  -1.081  -0.612
ASN01B3741_001  -0.020  -2.372  -2.391
CTR01B3741_001  -0.021  -4.440  -4.461
CTR01B3741_002   0.105  -4.537  -4.432
CTR02B3741_003  -0.022  -4.634  -4.656
CTR02B3741_004   0.041  -4.499  -4.458
CTR-1B3741_005   0.000  -4.440  -4.440
NTR01B3747_001  -0.003  -3.862  -3.865
NTR+1B3747_002  -0.005  -3.862  -3.867
GLU01B3747_001   0.499  -4.022  -3.523
GLU01B3747_002   0.499  -4.022  -3.523
GLU02B3747_003   0.666  -4.103  -3.437
GLU02B3747_004   0.666  -4.103  -3.437
GLU-1B3747_005   0.468  -3.970  -3.502
GLU01B3748_001   0.499  -3.626  -3.128
GLU01B3748_002   0.499  -3.626  -3.128
GLU02B3748_003   0.666  -3.638  -2.973
GLU02B3748_004   0.666  -3.638  -2.973
GLU-1B3748_005   0.468  -3.480  -3.012
VAL01B3749_001   0.503  -8.184  -7.680
GLU01B3750_001   1.310  -2.249  -0.939
GLU01B3750_002   1.310  -2.249  -0.939
GLU02B3750_003   1.116  -2.313  -1.197
GLU02B3750_004   1.116  -2.313  -1.197
GLU-1B3750_005   1.012  -2.242  -1.230
VAL01B3751_001   0.828  -3.329  -2.501
SER01B3752_001   0.000  -3.020  -3.020
PHE01B3753_001   4.573  -5.197  -0.624
GLU01B3754_001   4.084  -1.815   2.269
GLU01B3754_002   4.084  -1.815   2.269
GLU02B3754_003   3.302  -1.883   1.419
GLU02B3754_004   3.302  -1.883   1.419
GLU-1B3754_005   3.211  -1.833   1.378
GLU01B3755_001   2.044  -0.870   1.174
GLU01B3755_002   2.044  -0.870   1.174
GLU02B3755_003   1.701  -0.861   0.840
GLU02B3755_004   1.701  -0.861   0.840
GLU-1B3755_005   1.597  -0.870   0.727
LYS01B3756_001   2.756  -5.214  -2.458
LYS+1B3756_002   2.666  -5.214  -2.548
GLU01B3757_001   2.166  -1.158   1.008
GLU01B3757_002   2.166  -1.158   1.008
GLU02B3757_003   1.702  -1.176   0.526
GLU02B3757_004   1.702  -1.176   0.526
GLU-1B3757_005   1.647  -1.137   0.509
MET01B3758_001   0.223  -0.143   0.080
GLU01B3759_001   2.215  -0.576   1.638
GLU01B3759_002   2.215  -0.576   1.638
GLU02B3759_003   1.780  -0.542   1.238
GLU02B3759_004   1.780  -0.542   1.238
GLU-1B3759_005   1.704  -0.495   1.209
LYS01B3760_001   1.488  -6.012  -4.523
LYS+1B3760_002   1.440  -6.012  -4.571
GLN01B3761_001   0.779  -0.777   0.002
GLN01B3761_002   0.728  -0.861  -0.132
ARG01B3762_001   2.960  -2.120   0.841
ARG02B3762_002   2.944  -2.120   0.824
ARG02B3762_003   3.023  -2.120   0.903
ARG03B3762_004   2.941  -2.120   0.821
ARG+1B3762_005   2.898  -2.120   0.778
LEU01B3763_001   1.643  -0.721   0.922
LEU01B3764_001   1.386  -4.375  -2.989
TYR01B3765_001   4.591  -3.469   1.122
TYR01B3765_002   4.591  -3.469   1.122
TYR-1B3765_003   4.591  -3.469   1.122
GLN01B3766_001   0.689  -0.197   0.492
GLN01B3767_001   5.011  -0.223   4.788
SER01B3768_001   0.000  -2.138  -2.138
SER01B3768_002   0.000  -2.138  -2.138
ARG01B3769_001   4.240  -1.702   2.537
ARG02B3769_002   4.222  -1.702   2.520
ARG03B3769_003   4.156  -1.702   2.453
ARG+1B3769_004   4.116  -1.702   2.414
LEU01B3770_001   4.236  -0.979   3.257
HIS01B3771_001  -0.230  -2.491  -2.721
HIS01B3771_002  -0.193  -2.504  -2.698
HIS02B3771_003  -0.246  -2.491  -2.737
HIS02B3771_004  -0.207  -2.504  -2.712
HIS+1B3771_005  -0.273  -2.491  -2.764
HIS+1B3771_006  -0.234  -2.504  -2.738
THR01B3772_001   0.400  -4.326  -3.926
ARG01B3773_001   2.166 -12.690 -10.523
ARG02B3773_002   2.246 -12.690 -10.444
ARG03B3773_003   2.147 -12.690 -10.543
ARG+1B3773_004   2.104 -12.690 -10.586
CTR01B3774_001  -0.021  -4.325  -4.346
CTR01B3774_002   0.109  -4.286  -4.177
CTR02B3774_003  -0.022  -4.209  -4.231
CTR02B3774_004   0.043  -4.325  -4.282
CTR-1B3774_005   0.000  -4.209  -4.209
NTR01B3780_001  -0.003  -1.774  -1.777
NTR+1B3780_002  -0.005  -1.774  -1.779
CTR01B3780_001  -0.021  -3.128  -3.149
CTR01B3780_002   0.113  -3.263  -3.150
CTR02B3780_003  -0.022  -3.243  -3.266
CTR02B3780_004   0.045  -3.359  -3.314
CTR-1B3780_005   0.000  -3.147  -3.147
LEU01B3780_001   2.820  -4.842  -2.022
NTR01B3782_001  -0.003  -1.546  -1.548
NTR+1B3782_002  -0.005  -1.546  -1.550
CTR01B3782_001  -0.021  -3.050  -3.071
CTR01B3782_002   0.104  -3.186  -3.082
CTR02B3782_003  -0.022  -3.050  -3.073
CTR02B3782_004   0.041  -3.109  -3.068
CTR-1B3782_005   0.000  -3.050  -3.050
MET01B3782_001   1.083  -1.364  -0.281
NTR01B3789_001  -0.003  -2.510  -2.513
NTR+1B3789_002  -0.005  -2.510  -2.515
GLU01B3789_001   1.803  -2.384  -0.581
GLU01B3789_002   1.803  -2.384  -0.581
GLU02B3789_003   1.549  -2.247  -0.699
GLU02B3789_004   1.549  -2.247  -0.699
GLU-1B3789_005   1.446  -2.255  -0.809
THR01B3790_001   0.271  -3.265  -2.995
CTR01B3791_001  -0.021  -1.332  -1.353
CTR01B3791_002   0.122  -1.332  -1.210
CTR02B3791_003  -0.022  -1.487  -1.509
CTR02B3791_004   0.049  -1.371  -1.322
CTR-1B3791_005   0.000  -1.332  -1.332
NTR01B3793_001  -0.003  -0.257  -0.260
NTR+1B3793_002  -0.005  -0.257  -0.262
MET01B3793_001  -0.084  -0.569  -0.653
VAL01B3794_001   1.099  -2.041  -0.943
SER01B3795_001   0.000  -1.369  -1.369
SER01B3795_002   0.000  -1.369  -1.369
SER01B3796_001   0.000  -1.180  -1.180
SER01B3796_002   0.000  -1.180  -1.180
SER01B3796_003   0.000  -1.180  -1.180
THR01B3797_001   0.231  -1.578  -1.347
THR01B3797_002   0.231  -1.578  -1.347
LEU01B3798_001   2.050  -4.687  -2.638
LYS01B3799_001   1.518  -4.026  -2.508
LYS+1B3799_002   1.472  -4.026  -2.554
CTR01B3799_001  -0.021  -0.811  -0.832
CTR01B3799_002   0.098  -0.695  -0.597
CTR02B3799_003  -0.022  -0.695  -0.717
CTR02B3799_004   0.038  -0.637  -0.599
CTR-1B3799_005   0.000  -0.695  -0.695
NTR01B3803_001  -0.003  -0.964  -0.967
NTR+1B3803_002  -0.005  -0.964  -0.969
SER01B3803_001   0.000  -0.289  -0.289
SER01B3803_002   0.000  -0.289  -0.289
SER01B3803_003   0.000  -0.289  -0.289
ILE01B3804_001   3.441  -4.188  -0.747
LEU01B3805_001   3.870  -6.384  -2.515
ASN01B3806_001   0.187  -1.974  -1.787
ASN01B3806_002   0.016  -2.052  -2.037
CTR01B3808_001  -0.021  -3.948  -3.969
CTR01B3808_002   0.094  -4.084  -3.989
CTR02B3808_003  -0.022  -4.045  -4.067
CTR02B3808_004   0.035  -4.103  -4.068
CTR-1B3808_005   0.000  -3.948  -3.948
NTR01B3816_001  -0.003  -2.268  -2.271
NTR+1B3816_002  -0.005  -2.268  -2.273
MET01B3816_001  22.576  -4.801  17.775
LEU01B3817_001   1.787  -8.544  -6.758
ASP01B3818_001   0.563  -2.505  -1.943
ASP01B3818_002   0.563  -2.505  -1.943
ASP02B3818_003   0.586  -2.557  -1.971
ASP02B3818_004   0.586  -2.557  -1.971
ASP-1B3818_005   0.474  -2.480  -2.006
TYR01B3819_001   5.390  -8.534  -3.144
TYR01B3819_002   5.390  -8.534  -3.144
TYR-1B3819_003   5.390  -8.534  -3.144
CTR01B3819_001  -0.021  -1.216  -1.237
CTR01B3819_002   0.098  -1.313  -1.215
CTR02B3819_003  -0.022  -1.216  -1.238
CTR02B3819_004   0.038  -1.294  -1.256
CTR-1B3819_005   0.000  -1.216  -1.216
NTR01B3821_001  -0.003  -1.366  -1.369
NTR+1B3821_002  -0.005  -1.366  -1.371
LYS01B3821_001  10.833  -5.614   5.219
LYS+1B3821_002  10.897  -5.614   5.283
ASP01B3822_001   0.591  -3.014  -2.422
ASP01B3822_002   0.591  -3.014  -2.422
ASP02B3822_003   0.641  -3.106  -2.465
ASP02B3822_004   0.641  -3.106  -2.465
ASP-1B3822_005   0.511  -2.963  -2.453
CTR01B3822_001  -0.021  -4.672  -4.693
CTR01B3822_002   0.109  -4.499  -4.390
CTR02B3822_003  -0.022  -4.421  -4.443
CTR02B3822_004   0.043  -4.576  -4.533
CTR-1B3822_005   0.000  -4.421  -4.421
NTR01B3838_001  -0.003  -3.255  -3.257
NTR+1B3838_002  -0.005  -3.255  -3.259
THR01B3838_001   0.309  -6.029  -5.720
THR01B3838_002   0.309  -6.029  -5.720
THR01B3838_003   0.309  -6.029  -5.720
CYS01B3839_001  -0.002  -2.712  -2.714
CYS01B3839_002  -0.002  -2.712  -2.714
CYS01B3839_003  -0.002  -2.712  -2.715
CYS-1B3839_004   0.000  -2.712  -2.712
SER01B3840_001   0.000  -1.691  -1.691
SER01B3840_002   0.000  -1.691  -1.691
SER01B3840_003   0.000  -1.691  -1.691
VAL01B3841_001   0.931  -4.272  -3.341
LEU01B3842_001   2.671   0.000   2.671
ASP01B3843_001   0.330  -1.914  -1.584
ASP01B3843_002   0.330  -1.914  -1.584
ASP02B3843_003   0.433  -1.905  -1.472
ASP02B3843_004   0.433  -1.905  -1.472
ASP-1B3843_005   0.307  -1.826  -1.519
LEU01B3844_001   1.943  -2.421  -0.478
ASN01B3845_001   0.329  -3.613  -3.284
ASN01B3845_002   0.514  -3.620  -3.106
ALA01B3846_001   0.000  -1.648  -1.648
PHE01B3847_001   4.715  -0.101   4.614
GLU01B3848_001   1.034  -1.158  -0.124
GLU01B3848_002   1.034  -1.158  -0.124
GLU02B3848_003   0.937  -1.116  -0.178
GLU02B3848_004   0.937  -1.116  -0.178
GLU-1B3848_005   0.813  -1.110  -0.297
ARG01B3849_001   2.597  -9.878  -7.281
ARG02B3849_002   2.656  -9.878  -7.222
ARG03B3849_003   2.578  -9.878  -7.300
ARG+1B3849_004   2.535  -9.878  -7.343
GLN01B3850_001   2.671  -0.034   2.636
ASN01B3851_001   0.226  -1.117  -0.891
ASN01B3851_002   0.035  -1.157  -1.121
LYS01B3852_001   1.089  -8.803  -7.713
LYS+1B3852_002   1.042  -8.803  -7.761
ALA01B3853_001   0.000  -0.995  -0.995
GLU01B3854_001   0.500  -1.880  -1.381
GLU01B3854_002   0.500  -1.880  -1.381
GLU02B3854_003   0.666  -1.780  -1.114
GLU02B3854_004   0.666  -1.780  -1.114
GLU-1B3854_005   0.468  -1.839  -1.370
LEU01B3856_001   1.706  -8.081  -6.374
MET01B3858_001   0.142  -8.933  -8.792
VAL01B3859_001   0.501  -2.936  -2.435
ASN01B3860_001  -0.019  -3.167  -3.186
GLU01B3861_001   0.496  -2.869  -2.372
GLU01B3861_002   0.496  -2.869  -2.372
GLU02B3861_003   0.662  -2.819  -2.157
GLU02B3861_004   0.662  -2.819  -2.157
GLU-1B3861_005   0.465  -2.816  -2.351
ASP01B3862_001  -0.041  -2.424  -2.464
ASP01B3862_002  -0.041  -2.424  -2.464
ASP02B3862_003  -0.009  -2.412  -2.421
ASP02B3862_004  -0.009  -2.412  -2.421
ASP-1B3862_005  -0.041  -2.298  -2.339
THR01B3864_001   0.152  -1.721  -1.569
VAL01B3865_001   0.501  -5.541  -5.040
ILE01B3866_001   0.941  -5.151  -4.210
ASN01B3867_001  -0.019  -1.193  -1.212
ARG01B3868_0011190.951  -6.0051184.946
ARG02B3868_0021190.934  -6.0051184.929
ARG03B3868_0031190.967  -6.0051184.962
ARG03B3868_004 189.987  -6.005 183.982
ARG+1B3868_0051190.901  -6.0051184.896
GLN01B3869_001   0.452  -1.921  -1.468
ASN01B3870_001  -0.020  -0.256  -0.275
GLU01B3872_001   0.501  -3.850  -3.350
GLU01B3872_002   0.501  -3.850  -3.350
GLU02B3872_003   0.668  -3.952  -3.284
GLU02B3872_004   0.668  -3.952  -3.284
GLU-1B3872_005   0.469  -3.786  -3.316
LYS01B3873_001   1.432  -3.529  -2.098
LYS+1B3873_002   1.385  -3.529  -2.144
VAL01B3874_001   0.772   0.000   0.772
MET01B3875_001  -0.012  -0.048  -0.060
ALA01B3876_001   0.000  -1.165  -1.165
ASP01B3877_001   0.124  -0.214  -0.090
ASP01B3877_002   0.124  -0.214  -0.090
ASP02B3877_003   0.207  -0.283  -0.076
ASP02B3877_004   0.207  -0.283  -0.076
ASP-1B3877_005   0.118  -0.207  -0.089
ASP01B3878_001   0.091  -1.310  -1.219
ASP01B3878_002   0.091  -1.310  -1.219
ASP02B3878_003   0.167  -1.298  -1.131
ASP02B3878_004   0.167  -1.298  -1.131
ASP-1B3878_005   0.087  -1.296  -1.209
GLU01B3879_001   0.499  -3.577  -3.079
GLU01B3879_002   0.499  -3.577  -3.079
GLU02B3879_003   0.665  -3.493  -2.827
GLU02B3879_004   0.665  -3.493  -2.827
GLU-1B3879_005   0.468  -3.492  -3.025
PHE01B3880_001   5.187  -2.714   2.473
THR01B3881_001   0.251  -1.015  -0.763
THR01B3881_002   0.251  -1.015  -0.763
THR01B3881_003   0.251  -1.015  -0.763
GLN01B3882_001   3.047  -1.931   1.116
GLN01B3882_002   5.034  -1.641   3.393
ASP01B3883_001   0.458  -1.228  -0.770
ASP01B3883_002   0.458  -1.228  -0.770
ASP02B3883_003   0.482  -1.247  -0.765
ASP02B3883_004   0.482  -1.247  -0.765
ASP-1B3883_005   0.384  -1.206  -0.822
CTR01B3883_001  -0.021  -2.452  -2.473
CTR01B3883_002   0.101  -2.606  -2.506
CTR02B3883_003  -0.022  -2.510  -2.532
CTR02B3883_004   0.039  -2.607  -2.568
CTR-1B3883_005   0.000  -2.510  -2.510
NTR01B3897_001  -0.003  -4.023  -4.026
NTR+1B3897_002  -0.005  -3.888  -3.893
CTR01B3897_001  -0.021  -2.249  -2.270
CTR01B3897_002   0.111  -2.210  -2.100
CTR02B3897_003  -0.022  -2.249  -2.271
CTR02B3897_004   0.044  -2.249  -2.205
CTR-1B3897_005   0.000  -2.210  -2.210
ASN01B3897_001   0.536  -4.085  -3.549
NTR01B3901_001  -0.003  -2.121  -2.124
NTR01B3901_002  -0.002  -2.140  -2.142
NTR+1B3901_003  -0.005  -2.121  -2.125
CTR01B3901_001  -0.021  -2.838  -2.859
CTR01B3901_002   0.101  -2.761  -2.659
CTR02B3901_003  -0.022  -2.896  -2.918
CTR02B3901_004   0.039  -2.819  -2.780
CTR-1B3901_005   0.000  -2.761  -2.761
ASN01B3901_001   0.671  -3.520  -2.849
ASN01B3901_002   0.371  -3.540  -3.168
NTR01B3905_001  -0.004  -2.021  -2.025
NTR+1B3905_002  -0.006  -2.021  -2.027
THR01B3905_001   0.219  -4.883  -4.664
THR01B3905_002   0.219  -4.883  -4.664
GLN01B3906_001   3.172  -3.533  -0.362
THR01B3907_001   0.267  -6.127  -5.859
ASN01B3909_001   0.590  -2.401  -1.811
ASN01B3909_002   0.310  -2.309  -1.999
THR01B3910_001   0.198  -7.813  -7.616
THR01B3910_002   0.198  -7.813  -7.616
THR01B3910_003   0.198  -7.813  -7.616
CTR01B3910_001  -0.021  -4.701  -4.722
CTR01B3910_002   0.092  -4.470  -4.377
CTR02B3910_003  -0.022  -4.431  -4.453
CTR02B3910_004   0.034  -4.431  -4.397
CTR-1B3910_005   0.000  -4.431  -4.431
NTR01B3927_001  -0.003  -1.991  -1.995
NTR+1B3927_002  -0.005  -1.991  -1.997
GLN01B3927_001   2.396  -1.647   0.749
GLN01B3927_002   3.941  -1.629   2.312
GLU01B3928_001   3.780  -4.031  -0.250
GLU01B3928_002   3.780  -4.031  -0.250
GLU02B3928_003   3.020  -4.034  -1.014
GLU02B3928_004   3.020  -4.034  -1.014
GLU-1B3928_005   2.959  -3.928  -0.969
SER01B3929_001   0.000  -0.336  -0.336
SER01B3929_002   0.000  -0.336  -0.336
ILE01B3930_001   3.010  -1.597   1.413
SER01B3931_001   0.000  -1.069  -1.069
SER01B3931_002   0.000  -1.069  -1.069
ASP01B3932_001   0.136  -1.935  -1.798
ASP01B3932_002   0.136  -1.935  -1.798
ASP02B3932_003   0.213  -1.916  -1.702
ASP02B3932_004   0.213  -1.916  -1.702
ASP-1B3932_005   0.127  -1.865  -1.737
PHE01B3933_001   5.211  -0.051   5.160
TYR01B3934_001   4.984  -1.406   3.578
TYR-1B3934_002   4.984  -1.406   3.578
TRP01B3935_001   3.842  -9.059  -5.217
TYR01B3936_001   5.627  -3.914   1.713
TYR01B3936_002   5.627  -3.914   1.713
TYR-1B3936_003   5.627  -3.914   1.713
TYR01B3937_001   6.007   0.000   6.007
TYR01B3937_002   6.007   0.000   6.007
TYR-1B3937_003   6.007   0.000   6.007
SER01B3938_001   0.000  -0.951  -0.951
SER01B3938_002   0.000  -0.951  -0.951
SER01B3938_003   0.000  -0.951  -0.951
LYS01B3940_001   1.308  -3.878  -2.570
LYS+1B3940_002   1.262  -3.878  -2.616
ASP01B3941_001   0.056  -2.874  -2.818
ASP01B3941_002   0.056  -2.874  -2.818
ASP02B3941_003   0.120  -2.929  -2.809
ASP02B3941_004   0.120  -2.929  -2.809
ASP-1B3941_005   0.052  -2.811  -2.760
VAL01B3942_001   0.479  -4.736  -4.257
ILE01B3943_001   1.920   0.000   1.920
GLU01B3944_001   0.996  -2.342  -1.346
GLU01B3944_002   0.996  -2.342  -1.346
GLU02B3944_003   0.927  -2.459  -1.531
GLU02B3944_004   0.927  -2.459  -1.531
GLU-1B3944_005   0.792  -2.282  -1.490
GLU01B3945_001   3.653  -2.799   0.855
GLU01B3945_002   3.653  -2.799   0.855
GLU02B3945_003   2.940  -2.823   0.116
GLU02B3945_004   2.940  -2.823   0.116
GLU-1B3945_005   2.863  -2.733   0.130
GLN01B3946_001   0.907  -0.472   0.435
LYS01B3948_001   0.685  -1.261  -0.576
LYS+1B3948_002   0.641  -1.261  -0.620
ARG01B3949_001   3.464  -5.165  -1.701
ARG02B3949_002   3.439  -5.165  -1.726
ARG03B3949_003   3.514  -5.165  -1.651
ARG+1B3949_004   3.400  -5.165  -1.765
ASN01B3950_001   0.544   0.000   0.544
ASN01B3950_002   0.287   0.000   0.287
PHE01B3951_001   5.953   0.000   5.953
SER01B3952_001   0.000  -1.723  -1.723
SER01B3952_002   0.000  -1.723  -1.723
LYS01B3953_001   2.042  -2.436  -0.394
LYS+1B3953_002   1.997  -2.436  -0.439
ALA01B3954_001   0.000  -0.052  -0.052
MET01B3955_001   3.970  -0.048   3.922
SER01B3956_001   0.000  -1.892  -1.892
SER01B3956_002   0.000  -1.892  -1.892
VAL01B3957_001   0.863  -2.299  -1.436
CTR01B3957_001  -0.021  -1.332  -1.353
CTR01B3957_002   0.104  -1.313  -1.209
CTR02B3957_003  -0.022  -1.332  -1.354
CTR02B3957_004   0.041  -1.294  -1.252
CTR-1B3957_005   0.000  -1.332  -1.332
NTR01B3959_001  -0.003  -0.453  -0.456
NTR01B3959_002  -0.002  -0.453  -0.455
NTR+1B3959_003  -0.005  -0.453  -0.458
CTR01B3959_001  -0.021  -4.248  -4.269
CTR01B3959_002   0.104  -4.460  -4.356
CTR02B3959_003  -0.022  -4.267  -4.289
CTR02B3959_004   0.040  -4.518  -4.478
CTR-1B3959_005   0.000  -4.267  -4.267
LYS01B3959_001  18.187  -4.983  13.204
LYS+1B3959_002  18.145  -4.983  13.163
NTR01B3987_001  -0.003  -3.557  -3.560
NTR+1B3987_002  -0.005  -3.557  -3.561
CTR01B3987_001  -0.021  -3.939  -3.960
CTR01B3987_002   0.103  -3.938  -3.836
CTR02B3987_003  -0.022  -3.939  -3.961
CTR02B3987_004   0.040  -3.919  -3.879
CTR-1B3987_005   0.000  -3.919  -3.919
ASP01B3987_001   0.087  -3.811  -3.725
ASP01B3987_002   0.087  -3.811  -3.725
ASP02B3987_003   0.159  -3.806  -3.647
ASP02B3987_004   0.159  -3.806  -3.647
ASP-1B3987_005   0.081  -3.708  -3.626
NTR01B3992_001  -0.003  -0.514  -0.517
NTR+1B3992_002  -0.005  -0.514  -0.519
PHE01B3992_001   5.890  -5.752   0.138
LEU01B3993_001   2.899  -4.652  -1.753
HIS01B3994_001  -0.130  -5.381  -5.511
HIS02B3994_002  -0.148  -5.381  -5.529
HIS+1B3994_003  -0.175  -5.381  -5.556
VAL01B3995_001   0.696  -0.103   0.593
PHE01B3996_001   5.007  -0.859   4.148
ALA01B3997_001   0.000   0.000   0.000
HIS01B3998_001  -0.131  -2.400  -2.531
HIS02B3998_002  -0.150  -2.400  -2.550
HIS+1B3998_003  -0.177  -2.400  -2.577
MET01B3999_001  -0.002   0.000  -0.002
MET01B4000_001   1.196   0.000   1.196
MET01B4001_001  -0.005  -1.869  -1.873
LYS01B4002_001   1.132  -1.278  -0.146
LYS+1B4002_002   1.089  -1.278  -0.189
LEU01B4003_001   3.260  -0.052   3.208
ALA01B4004_001   0.000  -0.258  -0.258
GLN01B4005_001   1.651  -1.550   0.100
GLN01B4005_002   2.680  -1.624   1.055
ASP01B4006_001   0.077  -1.258  -1.181
ASP01B4006_002   0.077  -1.258  -1.181
ASP02B4006_003   0.152  -1.295  -1.143
ASP02B4006_004   0.152  -1.295  -1.143
ASP-1B4006_005   0.075  -1.245  -1.170
SER01B4007_001   0.000  -3.390  -3.390
SER01B4007_002   0.000  -3.390  -3.390
SER01B4008_001   0.000  -3.364  -3.364
SER01B4008_002   0.000  -3.364  -3.364
SER01B4008_003   0.000  -3.364  -3.364
GLN01B4009_001   2.052  -0.074   1.979
ILE01B4010_001   1.149  -3.004  -1.855
GLU01B4011_001   6.752  -2.932   3.820
GLU01B4011_002   6.752  -2.932   3.820
GLU02B4011_003   5.442  -2.897   2.545
GLU02B4011_004   5.442  -2.897   2.545
GLU-1B4011_005   5.353  -2.898   2.454
LEU01B4012_001   1.708  -0.258   1.450
LEU01B4013_001   2.316  -0.670   1.646
LYS01B4014_001   2.997  -5.836  -2.839
LYS+1B4014_002   2.952  -5.836  -2.884
GLU01B4015_001   5.727  -1.112   4.615
GLU01B4015_002   5.727  -1.112   4.615
GLU02B4015_003   4.638  -1.072   3.566
GLU02B4015_004   4.638  -1.072   3.566
GLU-1B4015_005   4.554  -1.068   3.486
LEU01B4016_001   4.657   0.000   4.657
LEU01B4017_001   1.873  -1.133   0.740
ASP01B4018_001   0.214  -1.703  -1.489
ASP01B4018_002   0.214  -1.703  -1.489
ASP02B4018_003   0.313  -1.721  -1.408
ASP02B4018_004   0.313  -1.721  -1.408
ASP-1B4018_005   0.203  -1.641  -1.437
LEU01B4019_001   1.514  -2.679  -1.164
GLN01B4020_001   4.895  -0.551   4.343
CTR01B4020_001  -0.021  -3.890  -3.911
CTR01B4020_002   0.102  -4.045  -3.942
CTR02B4020_003  -0.022  -3.774  -3.796
CTR02B4020_004   0.041  -3.890  -3.849
CTR-1B4020_005   0.000  -3.774  -3.774
NTR01B4046_001  -0.003  -2.634  -2.637
NTR01B4046_002  -0.002  -2.634  -2.636
NTR+1B4046_003  -0.005  -2.634  -2.639
CTR01B4046_001  -0.021  -2.500  -2.521
CTR01B4046_002   0.109  -2.500  -2.391
CTR02B4046_003  -0.022  -2.558  -2.580
CTR02B4046_004   0.043  -2.500  -2.457
CTR-1B4046_005   0.000  -2.500  -2.500
ASP01B4046_001   0.134  -3.134  -3.000
ASP01B4046_002   0.134  -3.134  -3.000
ASP02B4046_003   0.220  -3.274  -3.054
ASP02B4046_004   0.220  -3.274  -3.054
ASP-1B4046_005   0.128  -3.135  -3.007
NTR01B4049_001  -0.003  -1.221  -1.223
NTR+1B4049_002  -0.005  -1.221  -1.225
VAL01B4049_001   0.700  -3.445  -2.745
GLU01B4050_001   8.949  -3.127   5.823
GLU01B4050_002   8.949  -3.127   5.823
GLU02B4050_003   7.120  -3.287   3.833
GLU02B4050_004   7.120  -3.287   3.833
GLU-1B4050_005   7.073  -3.061   4.012
SER01B4051_001   0.000  -1.200  -1.200
SER01B4052_001   0.000  -0.957  -0.957
SER01B4052_002   0.000  -0.957  -0.957
SER01B4053_001   0.000  -4.343  -4.343
ASN01B4054_001   0.368  -0.605  -0.237
ASN01B4054_002   0.501  -0.733  -0.233
VAL01B4055_001   0.799  -2.576  -1.777
GLU01B4056_001  10.212  -1.801   8.410
GLU01B4056_002  10.212  -1.801   8.410
GLU02B4056_003   8.184  -1.807   6.377
GLU02B4056_004   8.184  -1.807   6.377
GLU-1B4056_005   8.113  -1.792   6.322
MET01B4057_001   0.035  -2.584  -2.549
ILE01B4058_001   2.948  -1.613   1.335
LEU01B4059_001   2.088  -3.277  -1.189
LYS01B4060_001   2.019  -5.453  -3.435
LYS+1B4060_002   1.968  -5.453  -3.486
PHE01B4061_001   4.276  -0.707   3.569
PHE01B4062_001   5.538  -1.790   3.748
ASP01B4063_001   0.168  -0.921  -0.753
ASP01B4063_002   0.168  -0.921  -0.753
ASP02B4063_003   0.255  -0.904  -0.649
ASP02B4063_004   0.255  -0.904  -0.649
ASP-1B4063_005   0.159  -0.891  -0.733
MET01B4064_001   0.159  -0.155   0.005
PHE01B4065_001   4.864  -0.101   4.763
LEU01B4066_001   1.949  -4.823  -2.874
LYS01B4067_001   3.416  -2.586   0.830
LYS+1B4067_002   3.370  -2.586   0.785
LEU01B4068_001   4.203  -0.325   3.878
LYS01B4069_001   4.007  -5.776  -1.769
LYS+1B4069_002   3.952  -5.776  -1.824
ASP01B4070_001   0.178  -2.349  -2.171
ASP01B4070_002   0.178  -2.349  -2.171
ASP02B4070_003   0.261  -2.345  -2.083
ASP02B4070_004   0.261  -2.345  -2.083
ASP-1B4070_005   0.166  -2.270  -2.103
ILE01B4071_001   3.188  -0.634   2.554
VAL01B4072_001   0.690  -0.464   0.226
SER01B4074_001   0.000  -1.935  -1.935
SER01B4074_002   0.000  -1.935  -1.935
GLU01B4075_001   1.093  -3.256  -2.164
GLU01B4075_002   1.093  -3.256  -2.164
GLU02B4075_003   0.933  -3.316  -2.383
GLU02B4075_004   0.933  -3.316  -2.383
GLU-1B4075_005   0.833  -3.168  -2.334
ALA01B4076_001   0.000  -2.833  -2.833
PHE01B4077_001   4.693   0.000   4.693
GLN01B4078_001   0.677  -1.831  -1.153
GLN01B4078_002   0.612  -1.805  -1.192
ASP01B4079_001   0.179  -2.577  -2.397
ASP01B4079_002   0.179  -2.577  -2.397
ASP02B4079_003   0.269  -2.542  -2.274
ASP02B4079_004   0.269  -2.542  -2.274
ASP-1B4079_005   0.170  -2.562  -2.393
TYR01B4080_001   6.411  -1.026   5.385
TYR01B4080_002   6.411  -1.026   5.385
TYR-1B4080_003   6.411  -1.026   5.385
VAL01B4081_001   0.829  -0.361   0.469
THR01B4082_001   0.198  -6.276  -6.078
ASP01B4083_001   0.237  -0.933  -0.696
ASP01B4083_002   0.237  -0.933  -0.696
ASP02B4083_003   0.319  -1.051  -0.732
ASP02B4083_004   0.319  -1.051  -0.732
ASP-1B4083_005   0.218  -0.896  -0.678
PRO01B4084_001   0.270  -6.688  -6.418
ARG01B4085_001   2.740  -7.747  -5.007
ARG02B4085_002   2.665  -7.747  -5.082
ARG02B4085_003   2.726  -7.747  -5.021
ARG03B4085_004   2.660  -7.747  -5.087
ARG+1B4085_005   2.620  -7.747  -5.127
LEU01B4087_001   2.481  -4.066  -1.585
ILE01B4088_001   8.821   0.000   8.821
SER01B4089_001   0.000  -1.769  -1.769
SER01B4089_002   0.000  -1.769  -1.769
SER01B4089_003   0.000  -1.769  -1.769
LYS01B4090_001   4.278  -1.619   2.659
LYS+1B4090_002   4.230  -1.619   2.611
LYS01B4091_001   0.597  -8.406  -7.808
LYS+1B4091_002   0.555  -8.406  -7.851
ASP01B4092_001   0.057  -0.658  -0.601
ASP01B4092_002   0.057  -0.658  -0.601
ASP02B4092_003   0.123  -0.659  -0.536
ASP02B4092_004   0.123  -0.659  -0.536
ASP-1B4092_005   0.054  -0.658  -0.605
PHE01B4093_001   5.349  -0.101   5.248
GLN01B4094_001   1.229  -1.340  -0.111
GLN01B4094_002   1.563  -1.307   0.256
LYS01B4095_001   4.265  -6.116  -1.850
LYS+1B4095_002   4.217  -6.116  -1.899
ALA01B4096_001   0.000   0.000   0.000
MET01B4097_001   0.035  -0.119  -0.085
ASP01B4098_001   0.448  -2.753  -2.305
ASP01B4098_002   0.448  -2.753  -2.305
ASP02B4098_003   0.474  -2.729  -2.256
ASP02B4098_004   0.474  -2.729  -2.256
ASP-1B4098_005   0.375  -2.653  -2.278
SER01B4099_001   0.000  -1.860  -1.860
SER01B4099_002   0.000  -1.860  -1.860
GLN01B4100_001   3.950  -0.815   3.135
LYS01B4101_001   1.300 -10.173  -8.874
LYS+1B4101_002   1.248 -10.173  -8.925
GLN01B4102_001   1.030  -1.853  -0.824
GLN01B4102_002   1.518  -1.949  -0.431
PHE01B4103_001   5.262  -0.103   5.159
THR01B4104_001   0.211  -3.761  -3.550
PRO01B4106_001   0.290  -6.363  -6.074
GLU01B4107_001   2.457  -1.072   1.385
GLU01B4107_002   2.457  -1.072   1.385
GLU02B4107_003   1.971  -1.083   0.888
GLU02B4107_004   1.971  -1.083   0.888
GLU-1B4107_005   1.892  -1.103   0.790
ILE01B4108_001   1.718  -0.119   1.599
GLN01B4109_001   0.900  -2.461  -1.561
GLN01B4109_002   0.717  -2.464  -1.747
PHE01B4110_001   5.380  -0.897   4.483
LEU01B4111_001   7.748   0.000   7.748
LEU01B4112_001   1.333  -0.824   0.509
SER01B4113_001   0.000  -2.103  -2.103
CYS01B4114_001  -0.002  -0.282  -0.284
CYS01B4114_002  -0.002  -0.282  -0.284
CYS01B4114_003  -0.002  -0.282  -0.284
CYS-1B4114_004   0.000  -0.282  -0.282
SER01B4115_001   0.000   0.000   0.000
SER01B4115_002   0.000   0.000   0.000
GLU01B4116_001   1.461  -1.820  -0.358
GLU01B4116_002   1.461  -1.820  -0.358
GLU02B4116_003   1.221  -1.732  -0.511
GLU02B4116_004   1.221  -1.732  -0.511
GLU-1B4116_005   1.124  -1.718  -0.594
ALA01B4117_001   0.000  -2.592  -2.592
ASP01B4118_001   0.461  -2.272  -1.811
ASP01B4118_002   0.461  -2.272  -1.811
ASP02B4118_003   0.523  -2.248  -1.725
ASP02B4118_004   0.523  -2.248  -1.725
ASP-1B4118_005   0.403  -2.184  -1.781
GLU01B4119_001   2.817  -3.847  -1.030
GLU01B4119_002   2.817  -3.847  -1.030
GLU02B4119_003   2.357  -3.823  -1.466
GLU02B4119_004   2.357  -3.823  -1.466
GLU-1B4119_005   2.234  -3.734  -1.500
ASN01B4120_001   0.060  -1.556  -1.496
ASN01B4120_002   0.251  -1.783  -1.532
GLU01B4121_001   4.470  -2.794   1.675
GLU01B4121_002   4.470  -2.794   1.675
GLU02B4121_003   3.579  -2.723   0.857
GLU02B4121_004   3.579  -2.723   0.857
GLU-1B4121_005   3.514  -2.665   0.849
MET01B4122_001   0.140  -0.816  -0.677
ILE01B4123_001   2.182   0.000   2.182
ASN01B4124_001   0.133  -1.639  -1.506
ASN01B4124_002  -0.017  -1.472  -1.489
PHE01B4125_001   4.917  -1.937   2.981
GLU01B4126_001   0.498  -3.524  -3.026
GLU01B4126_002   0.498  -3.524  -3.026
GLU02B4126_003   0.665  -3.271  -2.606
GLU02B4126_004   0.665  -3.271  -2.606
GLU-1B4126_005   0.467  -3.389  -2.922
GLU01B4127_001   2.644  -1.792   0.853
GLU01B4127_002   2.644  -1.792   0.853
GLU02B4127_003   2.143  -1.859   0.284
GLU02B4127_004   2.143  -1.859   0.284
GLU-1B4127_005   2.059  -1.777   0.281
PHE01B4128_001   5.887  -0.101   5.786
ALA01B4129_001   0.000  -0.290  -0.290
ASN01B4130_001   0.533  -1.692  -1.159
ASN01B4130_002   0.256  -1.694  -1.438
ARG01B4131_001   1.876  -0.695   1.181
ARG02B4131_002   1.815  -0.695   1.120
ARG02B4131_003   1.876  -0.695   1.181
ARG03B4131_004   1.811  -0.695   1.115
ARG03B4131_005   1.816  -0.695   1.121
ARG+1B4131_006   1.771  -0.695   1.076
PHE01B4132_001   5.037  -0.559   4.479
GLN01B4133_001   2.317  -1.760   0.557
GLN01B4133_002   1.549  -1.839  -0.290
GLU01B4134_001   4.218  -1.699   2.519
GLU01B4134_002   4.218  -1.699   2.519
GLU02B4134_003   3.429  -1.596   1.834
GLU02B4134_004   3.429  -1.596   1.834
GLU-1B4134_005   3.333  -1.614   1.719
PRO01B4135_001   0.343  -0.721  -0.378
CTR01B4135_001  -0.021  -0.077  -0.099
CTR01B4135_002   0.132   0.000   0.132
CTR02B4135_003  -0.023   0.000  -0.023
CTR02B4135_004   0.052   0.000   0.052
CTR-1B4135_005   0.000   0.000   0.000
NTR01B4136_001  -0.003   0.000  -0.003
NTR+1B4136_002  -0.005   0.000  -0.005
ALA01B4136_001   0.000  -0.103  -0.103
ARG01B4137_001   2.919  -9.471  -6.552
ARG02B4137_002   2.872  -9.471  -6.600
ARG03B4137_003   2.961  -9.471  -6.510
ARG+1B4137_004   2.832  -9.471  -6.639
ASP01B4138_001   0.139  -2.277  -2.138
ASP01B4138_002   0.139  -2.277  -2.138
ASP02B4138_003   0.222  -2.434  -2.212
ASP02B4138_004   0.222  -2.434  -2.212
ASP-1B4138_005   0.131  -2.325  -2.194
CTR01B4138_001  -0.021  -4.585  -4.606
CTR01B4138_002   0.113  -4.547  -4.433
CTR02B4138_003  -0.022  -4.469  -4.491
CTR02B4138_004   0.045  -4.547  -4.502
CTR-1B4138_005   0.000  -4.469  -4.469
NTR01B4159_001  -0.003  -1.738  -1.741
NTR+1B4159_002  -0.005  -1.738  -1.743
CTR01B4159_001  -0.021  -1.680  -1.701
CTR01B4159_002   0.100  -1.680  -1.579
CTR02B4159_003  -0.022  -1.815  -1.837
CTR02B4159_004   0.037  -1.699  -1.662
CTR-1B4159_005   0.000  -1.680  -1.680
ARG01B4159_001   9.599  -9.468   0.131
ARG02B4159_002   9.675  -9.468   0.206
ARG03B4159_003   9.738  -9.468   0.270
ARG+1B4159_004   9.635  -9.468   0.167
NTR01B4161_001  -0.003  -0.321  -0.324
NTR+1B4161_002  -0.005  -0.321  -0.326
ARG01B4161_001   2.381 -13.167 -10.786
ARG02B4161_002   2.343 -13.167 -10.824
ARG03B4161_003   2.337 -13.167 -10.830
ARG+1B4161_004   2.298 -13.167 -10.869
ASN01B4162_001   0.321  -1.723  -1.402
ASN01B4162_002   0.092  -1.693  -1.601
PHE01B4163_001   5.778  -2.492   3.286
LEU01B4164_001   1.426  -7.997  -6.571
GLU01B4165_001   6.154  -3.397   2.757
GLU01B4165_002   6.154  -3.397   2.757
GLU02B4165_003   4.919  -3.339   1.580
GLU02B4165_004   4.919  -3.339   1.580
GLU-1B4165_005   4.853  -3.290   1.563
LEU01B4166_001   2.689  -2.988  -0.298
CTR01B4166_001  -0.021  -2.481  -2.502
CTR01B4166_002   0.103  -2.288  -2.185
CTR02B4166_003  -0.022  -2.210  -2.233
CTR02B4166_004   0.040  -2.288  -2.248
CTR-1B4166_005   0.000  -2.210  -2.210
NTR01B4182_001  -0.003  -2.184  -2.187
NTR+1B4182_002  -0.005  -2.184  -2.189
CTR01B4182_001  -0.021  -4.132  -4.153
CTR01B4182_002   0.107  -4.267  -4.160
CTR02B4182_003  -0.022  -4.093  -4.115
CTR02B4182_004   0.042  -4.286  -4.244
CTR-1B4182_005   0.000  -4.093  -4.093
GLU01B4182_001   4.641  -0.800   3.841
GLU01B4182_002   4.641  -0.800   3.841
GLU02B4182_003   3.735  -0.941   2.794
GLU02B4182_004   3.735  -0.941   2.794
GLU-1B4182_005   3.660  -0.749   2.911
NTR01B4190_001  -0.003  -2.185  -2.187
NTR+1B4190_002  -0.005  -2.185  -2.189
ILE01B4190_001   4.664  -6.368  -1.704
GLU01B4191_001   2.448  -4.201  -1.753
GLU01B4191_002   2.448  -4.201  -1.753
GLU02B4191_003   1.927  -4.183  -2.256
GLU02B4191_004   1.927  -4.183  -2.256
GLU-1B4191_005   1.874  -4.151  -2.278
ARG01B4192_001   3.505  -9.793  -6.288
ARG02B4192_002   3.423  -9.793  -6.370
ARG02B4192_003   3.430  -9.793  -6.364
ARG03B4192_004   3.429  -9.793  -6.364
ARG+1B4192_005   3.384  -9.793  -6.409
CTR01B4192_001  -0.021  -4.537  -4.558
CTR01B4192_002   0.104  -4.653  -4.549
CTR02B4192_003  -0.022  -4.460  -4.482
CTR02B4192_004   0.040  -4.692  -4.652
CTR-1B4192_005   0.000  -4.479  -4.479
NTR01B4203_001  -0.003  -2.535  -2.538
NTR+1B4203_002  -0.005  -2.535  -2.540
ALA01B4203_001   0.000  -5.283  -5.283
GLN01B4204_001   6.547  -1.313   5.235
GLN01B4204_002  10.825  -1.466   9.359
TRP01B4205_001   3.658 -10.422  -6.764
GLU01B4206_001   1.508  -2.778  -1.270
GLU01B4206_002   1.508  -2.778  -1.270
GLU02B4206_003   1.253  -2.881  -1.628
GLU02B4206_004   1.253  -2.881  -1.628
GLU-1B4206_005   1.162  -2.669  -1.507
MET01B4207_001   2.061  -3.377  -1.316
PRO01B4208_001   0.298  -7.270  -6.972
GLN01B4209_001   1.163  -2.029  -0.866
GLN01B4209_002   0.950  -1.954  -1.005
VAL01B4210_001   0.752  -0.258   0.495
LYS01B4211_001   1.288  -7.241  -5.953
LYS+1B4211_002   1.244  -7.241  -5.998
GLU01B4212_001   1.138  -2.134  -0.997
GLU01B4212_002   1.138  -2.134  -0.997
GLU02B4212_003   0.982  -1.996  -1.014
GLU02B4212_004   0.982  -1.996  -1.014
GLU-1B4212_005   0.875  -1.971  -1.096
CTR01B4212_001  -0.021  -1.100  -1.121
CTR01B4212_002   0.092  -1.139  -1.047
CTR02B4212_003  -0.022  -1.100  -1.122
CTR02B4212_004   0.034  -1.274  -1.240
CTR-1B4212_005   0.000  -1.100  -1.100
NTR01B4215_001  -0.003  -2.420  -2.423
NTR+1B4215_002  -0.005  -2.420  -2.425
ARG01B4215_001   3.785  -9.219  -5.434
ARG02B4215_002   3.741  -9.219  -5.478
ARG03B4215_003   3.733  -9.219  -5.487
ARG+1B4215_004   3.692  -9.219  -5.527
GLN01B4216_001   3.180  -3.973  -0.793
CTR01B4216_001  -0.021  -4.788  -4.809
CTR01B4216_002   0.096  -4.691  -4.595
CTR02B4216_003  -0.022  -4.730  -4.752
CTR02B4216_004   0.037  -4.653  -4.616
CTR-1B4216_005   0.000  -4.633  -4.633
NTG01B4225_001  -0.005  -5.500  -5.504
NTG+1B4225_002  -0.010  -5.500  -5.509
GLU01B4227_001   1.195  -4.317  -3.122
GLU01B4227_002   1.195  -4.317  -3.122
GLU02B4227_003   1.020  -4.553  -3.533
GLU02B4227_004   1.020  -4.553  -3.533
GLU-1B4227_005   0.918  -4.236  -3.318
ALA01B4228_001   0.000  -3.619  -3.619
GLU01B4229_001   3.388  -2.793   0.595
GLU01B4229_002   3.388  -2.793   0.595
GLU02B4229_003   2.816  -2.835  -0.019
GLU02B4229_004   2.816  -2.835  -0.019
GLU-1B4229_005   2.691  -2.795  -0.104
LYS01B4230_001   2.384  -7.905  -5.520
LYS+1B4230_002   2.330  -7.905  -5.575
MET01B4231_001   0.114  -9.332  -9.218
GLU01B4232_001   4.938  -2.644   2.294
GLU01B4232_002   4.938  -2.644   2.294
GLU02B4232_003   4.098  -2.755   1.343
GLU02B4232_004   4.098  -2.755   1.343
GLU-1B4232_005   3.951  -2.622   1.328
LEU01B4233_001   3.697  -7.398  -3.701
CTR01B4233_001  -0.021  -3.716  -3.737
CTR01B4233_002   0.087  -3.852  -3.764
CTR02B4233_003  -0.022  -3.658  -3.680
CTR02B4233_004   0.032  -3.717  -3.685
CTR-1B4233_005   0.000  -3.658  -3.658
NTR01B4239_001  -0.003  -2.316  -2.319
NTR+1B4239_002  -0.005  -2.316  -2.321
GLU01B4239_001   7.118  -1.620   5.498
GLU01B4239_002   7.118  -1.620   5.498
GLU02B4239_003   5.763  -1.519   4.245
GLU02B4239_004   5.763  -1.519   4.245
GLU-1B4239_005   5.693  -1.542   4.152
ASP01B4240_001   0.100  -1.574  -1.474
ASP01B4240_002   0.100  -1.574  -1.474
ASP02B4240_003   0.178  -1.620  -1.442
ASP02B4240_004   0.178  -1.620  -1.442
ASP-1B4240_005   0.095  -1.572  -1.477
THR01B4241_001   0.597  -3.004  -2.407
THR01B4241_002   0.597  -3.004  -2.407
ILE01B4242_001   4.615  -6.159  -1.544
PHE01B4243_001   5.873  -0.505   5.368
GLU01B4244_001   2.251  -0.814   1.437
GLU01B4244_002   2.251  -0.814   1.437
GLU02B4244_003   1.791  -0.814   0.977
GLU02B4244_004   1.791  -0.814   0.977
GLU-1B4244_005   1.722  -0.792   0.929
MET01B4245_001  -0.035  -1.400  -1.435
GLN01B4246_001   1.142  -2.429  -1.287
GLN01B4246_002   0.939  -2.639  -1.701
ILE01B4247_001   1.502  -1.201   0.301
ALA01B4248_001   0.000  -0.361  -0.361
ALA01B4249_001   0.000  -3.036  -3.036
GLN01B4250_001   3.148  -2.462   0.686
GLN01B4250_002   4.998  -2.364   2.634
ILE01B4251_001   2.940  -1.304   1.636
SER01B4252_001   0.000  -3.399  -3.399
SER01B4252_002   0.000  -3.399  -3.399
GLU01B4253_001   0.499  -2.402  -1.903
GLU01B4253_002   0.499  -2.402  -1.903
GLU02B4253_003   0.666  -2.321  -1.655
GLU02B4253_004   0.666  -2.321  -1.655
GLU-1B4253_005   0.468  -2.300  -1.831
CTR01B4253_001  -0.021  -5.483  -5.504
CTR01B4253_002   0.108  -5.348  -5.240
CTR02B4253_003  -0.022  -5.367  -5.389
CTR02B4253_004   0.041  -5.367  -5.326
CTR-1B4253_005   0.000  -5.290  -5.290
NTR01B4540_001  -0.003  -2.845  -2.847
NTR+1B4540_002  -0.005  -2.845  -2.849
PHE01B4540_001   2.035  -3.299  -1.263
TRP01B4541_001   0.643 -13.917 -13.274
GLU01B4543_001   0.499  -3.384  -2.885
GLU01B4543_002   0.499  -3.384  -2.885
GLU02B4543_003   0.665  -3.478  -2.813
GLU02B4543_004   0.665  -3.478  -2.813
GLU-1B4543_005   0.467  -3.368  -2.901
LEU01B4544_001   1.463  -4.034  -2.571
GLU01B4545_001   0.498  -2.628  -2.130
GLU01B4545_002   0.498  -2.628  -2.130
GLU02B4545_003   0.664  -2.559  -1.895
GLU02B4545_004   0.664  -2.559  -1.895
GLU-1B4545_005   0.467  -2.541  -2.074
VAL01B4546_001   0.488  -6.020  -5.532
GLN01B4547_001   1.366  -2.883  -1.517
GLN01B4547_002   1.910  -2.710  -0.800
ARG01B4548_001   6.020  -7.034  -1.015
ARG02B4548_002   5.960  -7.034  -1.075
ARG02B4548_003   5.965  -7.034  -1.069
ARG03B4548_004   5.968  -7.034  -1.067
ARG+1B4548_005   5.919  -7.034  -1.115
VAL01B4549_001   1.168  -3.657  -2.490
LYS01B4550_001   3.781  -4.251  -0.470
LYS+1B4550_002   3.687  -4.251  -0.565
PHE01B4551_001   4.913  -7.619  -2.707
LEU01B4552_001   7.114  -1.185   5.929
ASN01B4553_001   0.309  -0.984  -0.675
ASN01B4553_002   0.483  -0.984  -0.501
TYR01B4554_001   4.667  -7.614  -2.947
TYR-1B4554_002   4.667  -7.614  -2.947
LEU01B4555_001   2.583  -0.309   2.273
SER01B4556_001   0.000   0.000   0.000
ARG01B4557_001   6.158  -3.775   2.383
ARG02B4557_002   6.117  -3.775   2.342
ARG02B4557_003   6.122  -3.775   2.347
ARG03B4557_004   6.126  -3.775   2.351
ARG03B4557_005   6.166  -3.775   2.391
ARG+1B4557_006   6.076  -3.775   2.301
ASN01B4558_001   0.214  -1.075  -0.861
PHE01B4559_001   4.608  -0.606   4.002
TYR01B4560_001   4.926  -7.332  -2.406
TYR01B4560_002   4.926  -7.332  -2.406
TYR-1B4560_003   4.926  -7.332  -2.406
THR01B4561_001   0.326  -4.120  -3.793
THR01B4561_002   0.326  -4.120  -3.793
LEU01B4562_001   2.511  -1.114   1.397
ARG01B4563_001   1.787  -2.074  -0.287
ARG02B4563_002   1.739  -2.074  -0.335
ARG02B4563_003   1.745  -2.074  -0.329
ARG03B4563_004   1.744  -2.074  -0.330
ARG03B4563_005   1.803  -2.074  -0.271
ARG+1B4563_006   1.700  -2.074  -0.374
PHE01B4564_001   5.052  -8.335  -3.283
LEU01B4565_001   1.371  -3.638  -2.267
ALA01B4566_001   0.000   0.000   0.000
LEU01B4567_001   1.751  -2.540  -0.789
PHE01B4568_001   5.100  -8.245  -3.145
LEU01B4569_001   7.842  -0.258   7.584
ALA01B4570_001   0.000   0.000   0.000
PHE01B4571_001   4.724  -6.479  -1.754
ALA01B4572_001   0.000  -1.681  -1.681
ILE01B4573_001   2.193   0.000   2.193
ASN01B4574_001   0.396  -0.315   0.081
ASN01B4574_002   0.179  -0.294  -0.115
PHE01B4575_001   4.901  -9.060  -4.159
ILE01B4576_001   4.503  -0.856   3.647
LEU01B4577_001   4.060  -2.263   1.797
LEU01B4578_001   2.215  -6.091  -3.876
PHE01B4579_001   5.127  -3.217   1.910
TYR01B4580_001   4.614  -3.412   1.202
TYR-1B4580_002   4.614  -3.412   1.202
LYS01B4581_001   1.862  -5.913  -4.051
LYS+1B4581_002   1.813  -5.913  -4.100
VAL01B4582_001   0.513  -5.560  -5.047
SER01B4583_001   0.000  -0.308  -0.308
SER01B4583_002   0.000  -0.308  -0.308
SER01B4583_003   0.000  -0.308  -0.308
ASP01B4584_001  -0.040  -3.666  -3.706
ASP01B4584_002  -0.040  -3.666  -3.706
ASP02B4584_003  -0.009  -3.672  -3.680
ASP02B4584_004  -0.009  -3.672  -3.680
ASP-1B4584_005  -0.040  -3.566  -3.606
SER01B4585_001   0.000  -3.270  -3.270
SER01B4585_002   0.000  -3.270  -3.270
PRO01B4586_001   0.327  -5.454  -5.127
PRO01B4587_001   0.277  -4.809  -4.532
CTR01B4587_001  -0.021  -4.624  -4.645
CTR01B4587_002   0.081  -4.798  -4.717
CTR02B4587_003  -0.022  -4.605  -4.626
CTR02B4587_004   0.028  -4.837  -4.809
CTR-1B4587_005   0.000  -4.624  -4.624
NTR01B4626_001  -0.003  -3.564  -3.567
NTR+1B4626_002  -0.005  -3.564  -3.569
ASN01B4626_001  -0.020  -3.462  -3.482
MET01B4627_001   0.142  -4.056  -3.914
VAL01B4628_001   0.577  -2.762  -2.185
TYR01B4629_001   5.008  -7.955  -2.947
TYR-1B4629_002   5.008  -7.955  -2.947
TYR01B4630_001   5.183  -3.562   1.621
TYR-1B4630_002   5.183  -3.562   1.621
PHE01B4631_001   5.171  -2.771   2.400
LEU01B4632_001   2.473  -4.459  -1.986
GLU01B4633_001   3.821  -2.559   1.262
GLU01B4633_002   3.821  -2.559   1.262
GLU02B4633_003   3.060  -2.642   0.418
GLU02B4633_004   3.060  -2.642   0.418
GLU-1B4633_005   2.987  -2.515   0.472
GLU01B4634_001   2.395  -1.229   1.166
GLU01B4634_002   2.395  -1.229   1.166
GLU02B4634_003   1.897  -1.225   0.672
GLU02B4634_004   1.897  -1.225   0.672
GLU-1B4634_005   1.837  -1.180   0.657
SER01B4635_001   0.000  -4.987  -4.987
SER01B4635_002   0.000  -4.987  -4.987
THR01B4636_001   0.208  -1.471  -1.264
THR01B4636_002   0.208  -1.471  -1.264
THR01B4636_003   0.208  -1.471  -1.264
TYR01B4638_001   5.031  -9.570  -4.538
TYR01B4638_002   5.031  -9.570  -4.538
TYR-1B4638_003   5.031  -9.570  -4.538
MET01B4639_001 132.341   0.000 132.341
GLU01B4640_001   2.048  -2.216  -0.168
GLU01B4640_002   2.048  -2.216  -0.168
GLU02B4640_003   1.740  -2.189  -0.449
GLU02B4640_004   1.740  -2.189  -0.449
GLU-1B4640_005   1.616  -2.097  -0.481
PRO01B4641_001   0.283  -6.034  -5.751
ALA01B4642_001   0.000  -2.369  -2.369
LEU01B4643_001   3.525  -1.545   1.980
TRP01B4644_001   2.845  -9.124  -6.279
CYS01B4645_001  -0.002  -3.743  -3.744
CYS01B4645_002  -0.002  -3.743  -3.744
CYS01B4645_003  -0.002  -3.743  -3.745
CYS-1B4645_004   0.000  -3.743  -3.743
LEU01B4646_001   1.551  -3.313  -1.761
SER01B4647_001   0.000   0.000   0.000
SER01B4647_002   0.000   0.000   0.000
SER01B4647_003   0.000   0.000   0.000
LEU01B4648_001   2.672  -5.132  -2.460
LEU01B4649_001   3.215  -3.467  -0.253
HIS01B4650_001  -0.135   0.000  -0.135
HIS02B4650_002  -0.154   0.000  -0.154
HIS+1B4650_003  -0.181   0.000  -0.181
THR01B4651_001   0.275  -1.476  -1.201
THR01B4651_002   0.275  -1.476  -1.201
THR01B4651_003   0.275  -1.476  -1.201
LEU01B4652_001   4.665  -5.679  -1.014
VAL01B4653_001   0.808  -0.515   0.293
ALA01B4654_001   0.000   0.000   0.000
PHE01B4655_001   5.037  -7.961  -2.924
LEU01B4656_001   2.436  -2.469  -0.033
CYS01B4657_001  -0.002   0.000  -0.002
CYS01B4657_002  -0.002   0.000  -0.002
CYS01B4657_003  -0.002   0.000  -0.002
CYS-1B4657_004   0.000   0.000   0.000
ILE01B4658_001   2.574  -2.041   0.533
ILE01B4659_001   2.692  -3.020  -0.327
TYR01B4661_001   5.462  -0.455   5.007
TYR01B4661_002   5.462  -0.455   5.007
TYR-1B4661_003   5.462  -0.455   5.007
ASN01B4662_001   0.243  -1.974  -1.730
ASN01B4662_002   0.050  -1.831  -1.781
CYS01B4663_001  -0.002  -1.313  -1.315
CYS01B4663_002  -0.002  -1.313  -1.315
CYS01B4663_003  -0.003  -1.313  -1.315
CYS-1B4663_004   0.000  -1.313  -1.313
LEU01B4664_001   2.005  -1.391   0.614
LYS01B4665_001   4.170  -3.223   0.947
LYS+1B4665_002   4.079  -3.223   0.856
VAL01B4666_001   0.357   0.000   0.357
PRO01B4667_001   0.289  -1.716  -1.427
LEU01B4668_001   3.002  -1.954   1.048
VAL01B4669_001   0.567  -2.073  -1.506
ILE01B4670_001   1.816  -0.618   1.198
PHE01B4671_001   5.332  -0.068   5.265
LYS01B4672_001   1.583  -4.454  -2.871
LYS+1B4672_002   1.534  -4.454  -2.920
ARG01B4673_001   3.420  -0.784   2.635
ARG02B4673_002   3.387  -0.784   2.603
ARG02B4673_003   3.390  -0.784   2.606
ARG03B4673_004   3.396  -0.784   2.612
ARG03B4673_005   3.447  -0.784   2.663
ARG+1B4673_006   3.347  -0.784   2.563
GLU01B4674_001   2.355   0.000   2.355
GLU01B4674_002   2.355   0.000   2.355
GLU02B4674_003   1.880   0.000   1.880
GLU02B4674_004   1.880   0.000   1.880
GLU-1B4674_005   1.821   0.000   1.821
LYS01B4675_001   1.901  -2.186  -0.286
LYS+1B4675_002   1.848  -2.186  -0.338
GLU01B4676_001   5.073  -1.369   3.703
GLU01B4676_002   5.073  -1.369   3.703
GLU02B4676_003   4.083  -1.387   2.696
GLU02B4676_004   4.083  -1.387   2.696
GLU-1B4676_005   4.004  -1.378   2.626
LEU01B4677_001   1.366  -0.412   0.954
ALA01B4678_001   0.000  -0.361  -0.361
ARG01B4679_001   2.136  -4.694  -2.557
ARG02B4679_002   2.120  -4.694  -2.573
ARG02B4679_003   2.207  -4.694  -2.487
ARG03B4679_004   2.112  -4.694  -2.582
ARG03B4679_005   2.115  -4.694  -2.578
ARG+1B4679_006   2.072  -4.694  -2.622
LYS01B4680_001   1.119  -5.217  -4.098
LYS+1B4680_002   1.072  -5.217  -4.145
LEU01B4681_001   1.419  -0.222   1.197
GLU01B4682_001   2.572  -0.589   1.982
GLU01B4682_002   2.572  -0.589   1.982
GLU02B4682_003   2.064  -0.612   1.452
GLU02B4682_004   2.064  -0.612   1.452
GLU-1B4682_005   1.996  -0.586   1.410
PHE01B4683_001   5.721  -7.690  -1.969
ASP01B4684_001   0.294  -2.142  -1.848
ASP01B4684_002   0.294  -2.142  -1.848
ASP02B4684_003   0.409  -2.060  -1.650
ASP02B4684_004   0.409  -2.060  -1.650
ASP-1B4684_005   0.280  -2.059  -1.779
LEU01B4686_001   2.482  -1.922   0.560
TYR01B4687_001   5.852  -0.356   5.496
TYR01B4687_002   5.852  -0.356   5.496
TYR-1B4687_003   5.852  -0.356   5.496
ILE01B4688_001   2.713   0.000   2.713
THR01B4689_001   0.242  -3.127  -2.885
THR01B4689_002   0.242  -3.127  -2.885
GLU01B4690_001   5.638  -3.150   2.488
GLU01B4690_002   5.638  -3.150   2.488
GLU02B4690_003   4.523  -3.152   1.371
GLU02B4690_004   4.523  -3.152   1.371
GLU-1B4690_005   4.450  -3.161   1.289
GLN01B4691_001   1.855  -2.726  -0.871
GLN01B4691_002   2.661  -2.704  -0.042
PRO01B4692_001   0.514  -0.052   0.463
ASP01B4694_001   0.218  -2.222  -2.003
ASP01B4694_002   0.218  -2.222  -2.003
ASP02B4694_003   0.313  -2.111  -1.798
ASP02B4694_004   0.313  -2.111  -1.798
ASP-1B4694_005   0.206  -2.062  -1.856
ASP01B4695_001   0.236  -3.252  -3.016
ASP01B4695_002   0.236  -3.252  -3.016
ASP02B4695_003   0.342  -3.299  -2.957
ASP02B4695_004   0.342  -3.299  -2.957
ASP-1B4695_005   0.226  -3.165  -2.940
ASP01B4696_001   0.156  -3.103  -2.947
ASP01B4696_002   0.156  -3.103  -2.947
ASP02B4696_003   0.237  -3.014  -2.777
ASP02B4696_004   0.237  -3.014  -2.777
ASP-1B4696_005   0.146  -2.998  -2.852
VAL01B4697_001   0.780  -6.931  -6.152
LYS01B4698_001   2.146  -5.492  -3.347
LYS+1B4698_002   2.095  -5.492  -3.397
GLN01B4700_001   1.733  -1.688   0.044
GLN01B4700_002   1.272  -2.030  -0.758
TRP01B4701_001   3.608  -4.216  -0.609
ASP01B4702_001   0.049  -0.034   0.015
ASP01B4702_002   0.049  -0.034   0.015
ASP02B4702_003   0.106  -0.036   0.070
ASP02B4702_004   0.106  -0.036   0.070
ASP-1B4702_005   0.043  -0.034   0.008
ARG01B4703_001   4.946  -5.045  -0.099
ARG02B4703_002   4.889  -5.045  -0.156
ARG03B4703_003   4.969  -5.045  -0.076
ARG+1B4703_004   4.842  -5.045  -0.203
LEU01B4704_001   3.838  -2.627   1.211
VAL01B4705_001   0.596   0.000   0.596
LEU01B4706_001   1.987  -0.361   1.627
ASN01B4707_001   0.577  -1.311  -0.734
THR01B4708_001   0.353  -0.052   0.302
THR01B4708_002   0.353  -0.052   0.302
PRO01B4709_001   0.298  -4.431  -4.133
SER01B4710_001   0.000  -1.444  -1.444
SER01B4710_002   0.000  -1.444  -1.444
SER01B4710_003   0.000  -1.444  -1.444
PHE01B4711_001   4.925  -0.186   4.739
PRO01B4712_001   0.412  -0.222   0.190
SER01B4713_001   0.000  -1.676  -1.676
SER01B4713_002   0.000  -1.676  -1.676
ASN01B4714_001   0.173  -0.930  -0.757
ASN01B4714_002   0.007  -0.925  -0.918
TYR01B4715_001   5.795  -1.327   4.467
TYR01B4715_002   5.795  -1.327   4.467
TYR-1B4715_003   5.795  -1.327   4.467
TRP01B4716_001   3.706  -6.078  -2.372
ASP01B4717_001   0.294  -1.310  -1.016
ASP01B4717_002   0.294  -1.310  -1.016
ASP02B4717_003   0.298  -1.240  -0.942
ASP02B4717_004   0.298  -1.240  -0.942
ASP-1B4717_005   0.233  -1.231  -0.998
LYS01B4718_001   0.510  -3.678  -3.169
LYS+1B4718_002   0.468  -3.678  -3.210
PHE01B4719_001   5.089  -1.963   3.126
VAL01B4720_001   0.897  -0.361   0.536
LYS01B4721_001   0.885  -0.979  -0.093
LYS+1B4721_002   0.842  -0.979  -0.136
ARG01B4722_001   5.466  -5.633  -0.166
ARG02B4722_002   5.410  -5.633  -0.223
ARG03B4722_003   5.497  -5.633  -0.136
ARG+1B4722_004   5.364  -5.633  -0.269
LYS01B4723_001   1.887  -5.716  -3.830
LYS+1B4723_002   1.839  -5.716  -3.877
VAL01B4724_001   0.629   0.000   0.629
LEU01B4725_001   2.922  -0.567   2.355
ASP01B4726_001   0.162  -3.130  -2.968
ASP01B4726_002   0.162  -3.130  -2.968
ASP02B4726_003   0.261  -3.087  -2.826
ASP02B4726_004   0.261  -3.087  -2.826
ASP-1B4726_005   0.158  -3.079  -2.921
LYS01B4727_001   1.966  -3.238  -1.272
LYS+1B4727_002   1.915  -3.238  -1.322
HIS01B4728_001  -0.089  -1.273  -1.361
HIS01B4728_002  -0.034  -1.729  -1.762
HIS02B4728_003  -0.109  -1.273  -1.381
HIS02B4728_004  -0.047  -1.729  -1.775
HIS+1B4728_005  -0.136  -1.273  -1.408
HIS+1B4728_006  -0.073  -1.729  -1.802
ASP01B4730_001   0.110  -3.483  -3.373
ASP01B4730_002   0.110  -3.483  -3.373
ASP02B4730_003   0.191  -3.473  -3.282
ASP02B4730_004   0.191  -3.473  -3.282
ASP-1B4730_005   0.106  -3.372  -3.266
ILE01B4731_001   4.613  -4.649  -0.035
PHE01B4732_001   4.373  -4.102   0.271
ARG01B4734_001   2.663  -7.469  -4.806
ARG02B4734_002   2.643  -7.469  -4.826
ARG03B4734_003   2.745  -7.469  -4.723
ARG+1B4734_004   2.599  -7.469  -4.869
GLU01B4735_001   3.423  -2.782   0.641
GLU01B4735_002   3.423  -2.782   0.641
GLU02B4735_003   2.788  -2.749   0.039
GLU02B4735_004   2.788  -2.749   0.039
GLU-1B4735_005   2.688  -2.682   0.006
ARG01B4736_001   5.875  -7.478  -1.603
ARG02B4736_002   5.814  -7.478  -1.663
ARG03B4736_003   5.823  -7.478  -1.655
ARG+1B4736_004   5.774  -7.478  -1.704
ILE01B4737_001   2.508   0.000   2.508
ALA01B4738_001   0.000  -0.052  -0.052
GLU01B4739_001   3.588  -2.245   1.344
GLU01B4739_002   3.588  -2.245   1.344
GLU02B4739_003   2.910  -2.393   0.518
GLU02B4739_004   2.910  -2.393   0.518
GLU-1B4739_005   2.832  -2.298   0.533
LEU01B4740_001   4.896  -2.350   2.546
LEU01B4741_001   1.537  -0.052   1.485
MET01B4743_001   1.443  -0.742   0.701
ASP01B4744_001  -0.040  -2.128  -2.168
ASP01B4744_002  -0.040  -2.128  -2.168
ASP02B4744_003  -0.009  -2.056  -2.065
ASP02B4744_004  -0.009  -2.056  -2.065
ASP-1B4744_005  -0.041  -2.032  -2.073
LEU01B4745_001   1.454  -5.904  -4.450
ALA01B4746_001   0.000  -0.876  -0.876
SER01B4747_001   0.000  -1.311  -1.311
LEU01B4748_001   1.455  -5.750  -4.295
GLU01B4749_001   0.500  -2.432  -1.932
GLU01B4749_002   0.500  -2.432  -1.932
GLU02B4749_003   0.667  -2.536  -1.869
GLU02B4749_004   0.667  -2.536  -1.869
GLU-1B4749_005   0.469  -2.369  -1.900
ILE01B4750_001   0.942  -1.803  -0.861
THR01B4751_001   0.152  -5.121  -4.969
ALA01B4752_001   0.000  -3.020  -3.020
HIS01B4753_001  -0.354  -2.314  -2.668
HIS02B4753_002  -0.363  -2.314  -2.677
HIS+1B4753_003  -0.382  -2.314  -2.697
ASN01B4754_001  -0.020  -0.625  -0.645
ASN01B4754_002  -0.091  -0.684  -0.775
GLU01B4755_001   0.498  -2.791  -2.293
GLU01B4755_002   0.498  -2.791  -2.293
GLU02B4755_003   0.664  -2.762  -2.097
GLU02B4755_004   0.664  -2.762  -2.097
GLU-1B4755_005   0.467  -2.688  -2.221
ARG01B4756_0011191.631  -3.8941187.738
ARG02B4756_0021191.615  -3.8941187.721
ARG03B4756_0031191.647  -3.8941187.754
ARG03B4756_004 190.663  -3.894 186.770
ARG+1B4756_0051191.581  -3.8941187.688
LYS01B4757_001   3.808  -1.956   1.852
LYS+1B4757_002   3.714  -1.956   1.758
PRO01B4758_001   0.239  -5.194  -4.955
ASP01B4759_001  -0.040  -3.147  -3.188
ASP01B4759_002  -0.040  -3.147  -3.188
ASP02B4759_003  -0.009  -3.159  -3.168
ASP02B4759_004  -0.009  -3.159  -3.168
ASP-1B4759_005  -0.041  -3.087  -3.128
PRO01B4760_001   0.255  -6.486  -6.231
PRO01B4761_001   0.242  -6.842  -6.600
PRO01B4762_001   0.236  -5.734  -5.497
LEU01B4764_001   1.458  -4.926  -3.468
LEU01B4765_001   1.449  -4.668  -3.219
THR01B4766_001   0.245  -4.950  -4.706
THR01B4766_002   0.245  -4.950  -4.706
TRP01B4767_001   3.155  -6.971  -3.817
LEU01B4768_001   3.379  -5.940  -2.561
MET01B4769_001   0.159  -9.121  -8.962
SER01B4770_001   0.000  -3.252  -3.252
SER01B4770_002   0.000  -3.252  -3.252
ILE01B4771_001   2.035  -4.375  -2.340
ASP01B4772_001   0.133  -2.181  -2.047
ASP01B4772_002   0.133  -2.181  -2.047
ASP02B4772_003   0.204  -2.102  -1.899
ASP02B4772_004   0.204  -2.102  -1.899
ASP-1B4772_005   0.122  -2.059  -1.937
VAL01B4773_001   0.697  -5.322  -4.624
LYS01B4774_001   1.187  -5.975  -4.788
LYS+1B4774_002   1.137  -5.975  -4.838
TYR01B4775_001   5.135  -0.969   4.166
TYR-1B4775_002   5.135  -0.969   4.166
GLN01B4776_001   0.973  -1.883  -0.910
ILE01B4777_001   3.612  -4.205  -0.593
TRP01B4778_001   4.439  -0.068   4.371
LYS01B4779_001   3.135  -3.154  -0.019
LYS+1B4779_002   3.082  -3.154  -0.072
PHE01B4780_001   4.468  -5.976  -1.508
VAL01B4782_001   1.477  -0.052   1.426
ILE01B4783_001   1.992  -1.355   0.636
PHE01B4784_001   4.062  -6.858  -2.796
THR01B4785_001   0.264  -2.434  -2.169
THR01B4785_002   0.264  -2.434  -2.169
ASP01B4786_001   0.312  -0.906  -0.593
ASP01B4786_002   0.312  -0.906  -0.593
ASP02B4786_003   0.358  -0.861  -0.503
ASP02B4786_004   0.358  -0.861  -0.503
ASP-1B4786_005   0.267  -0.861  -0.594
ASN01B4787_001   0.487  -3.704  -3.217
ASN01B4787_002   0.231  -3.461  -3.230
SER01B4788_001   0.000  -2.551  -2.551
SER01B4788_002   0.000  -2.551  -2.551
SER01B4788_003   0.000  -2.551  -2.551
PHE01B4789_001   5.773  -1.887   3.886
LEU01B4790_001   3.279  -4.871  -1.592
TYR01B4791_001   5.453  -3.784   1.669
TYR01B4791_002   5.453  -3.784   1.669
TYR-1B4791_003   5.453  -3.784   1.669
LEU01B4792_001   1.362  -0.361   1.002
TRP01B4794_001   3.701  -8.652  -4.951
TYR01B4795_001   5.146  -0.051   5.096
TYR-1B4795_002   5.146  -0.051   5.096
MET01B4796_001  15.107  -1.202  13.905
VAL01B4797_001   0.663  -3.622  -2.958
MET01B4798_001  -0.000  -1.173  -1.173
SER01B4799_001   0.000   0.000   0.000
SER01B4799_002   0.000   0.000   0.000
SER01B4799_003   0.000   0.000   0.000
LEU01B4800_001   2.731  -5.921  -3.190
LEU01B4801_001   1.409  -3.297  -1.888
HIS01B4803_001  -0.174  -2.996  -3.171
HIS01B4803_002  -0.135  -2.948  -3.083
HIS02B4803_003  -0.192  -2.996  -3.188
HIS02B4803_004  -0.149  -2.948  -3.097
HIS+1B4803_005  -0.219  -2.996  -3.215
HIS+1B4803_006  -0.175  -2.948  -3.124
TYR01B4804_001   4.034  -9.152  -5.117
TYR01B4804_002   4.034  -9.152  -5.117
TYR-1B4804_003   4.034  -9.152  -5.117
ASN01B4805_001   0.156  -2.166  -2.010
ASN01B4805_002  -0.005  -1.921  -1.926
ASN01B4806_001   0.534  -1.678  -1.144
ASN01B4806_002   0.283  -1.683  -1.400
PHE01B4807_001   4.368 -10.997  -6.630
PHE01B4808_001   5.602  -3.284   2.319
PHE01B4809_001   4.185  -0.354   3.831
ALA01B4810_001   0.000  -1.491  -1.491
ALA01B4811_001   0.000  -0.876  -0.876
HIS01B4812_001  -0.092   0.000  -0.092
HIS02B4812_002  -0.113   0.000  -0.113
HIS+1B4812_003  -0.140   0.000  -0.140
LEU01B4813_001   2.979  -3.400  -0.421
LEU01B4814_001   1.540  -7.704  -6.164
ASP01B4815_001   0.292  -0.424  -0.132
ASP01B4815_002   0.292  -0.424  -0.132
ASP02B4815_003   0.368  -0.355   0.013
ASP02B4815_004   0.368  -0.355   0.013
ASP-1B4815_005   0.262  -0.413  -0.152
ILE01B4816_001   2.817  -0.428   2.389
ALA01B4817_001   0.000  -3.535  -3.535
MET01B4818_001  -0.100  -7.130  -7.231
VAL01B4820_001   0.716  -6.175  -5.459
LYS01B4821_001   4.211 -11.352  -7.141
LYS+1B4821_002   4.162 -11.352  -7.190
CTR01B4821_001  -0.021  -3.803  -3.824
CTR01B4821_002   0.100  -3.823  -3.723
CTR02B4821_003  -0.022  -3.707  -3.729
CTR02B4821_004   0.039  -3.823  -3.784
CTR-1B4821_005   0.000  -3.649  -3.649
NTR01B4839_001  -0.003  -1.670  -1.673
NTR+1B4839_002  -0.005  -1.670  -1.675
CTR01B4839_001  -0.021  -1.767  -1.788
CTR01B4839_002   0.106  -1.689  -1.583
CTR02B4839_003  -0.022  -1.709  -1.731
CTR02B4839_004   0.042  -1.747  -1.705
CTR-1B4839_005   0.000  -1.689  -1.689
MET01B4839_001   0.031 -11.988 -11.957
NTR01B4841_001  -0.003  -0.321  -0.324
NTR+1B4841_002  -0.005  -0.321  -0.326
VAL01B4841_001   1.035  -7.720  -6.686
LEU01B4843_001   4.600  -8.255  -3.654
LEU01B4844_001   4.485  -5.541  -1.056
ALA01B4845_001   0.000  -2.505  -2.505
VAL01B4846_001   0.764  -4.668  -3.905
VAL01B4847_001   0.800  -2.524  -1.724
VAL01B4848_001   1.904  -0.258   1.646
TYR01B4849_001   5.294  -7.022  -1.727
TYR01B4849_002   5.294  -7.022  -1.727
TYR-1B4849_003   5.294  -7.022  -1.727
LEU01B4850_001   1.783  -6.123  -4.340
TYR01B4851_001   4.700  -2.637   2.063
TYR-1B4851_002   4.700  -2.637   2.063
THR01B4852_001   0.318   0.000   0.318
THR01B4852_002   0.318   0.000   0.318
THR01B4852_003   0.318   0.000   0.318
VAL01B4853_001   0.817  -3.039  -2.222
VAL01B4854_001   0.610  -1.906  -1.296
ALA01B4855_001   0.000  -0.361  -0.361
PHE01B4856_001   4.918  -2.224   2.693
ASN01B4857_001   0.328  -2.221  -1.893
ASN01B4857_002   0.128  -2.211  -2.083
PHE01B4858_001   4.424  -9.933  -5.509
PHE01B4859_001   4.114  -0.506   3.608
ARG01B4860_001   3.657  -7.416  -3.759
ARG02B4860_002   3.624  -7.416  -3.792
ARG03B4860_003   3.670  -7.416  -3.746
ARG+1B4860_004   3.579  -7.416  -3.837
LYS01B4861_001   2.501  -5.383  -2.882
LYS+1B4861_002   2.444  -5.383  -2.939
PHE01B4862_001   5.207  -1.600   3.607
TYR01B4863_001   4.731   0.000   4.731
TYR01B4863_002   4.731   0.000   4.731
TYR-1B4863_003   4.731   0.000   4.731
ASN01B4864_001   0.148  -1.275  -1.126
ASN01B4864_002   0.349  -1.299  -0.950
LYS01B4865_001   3.600  -1.264   2.336
LYS+1B4865_002   3.546  -1.264   2.282
SER01B4866_001   0.000  -3.920  -3.920
SER01B4866_002   0.000  -3.920  -3.920
GLU01B4867_001   2.909  -2.164   0.745
GLU01B4867_002   2.909  -2.164   0.745
GLU02B4867_003   2.376  -2.334   0.042
GLU02B4867_004   2.376  -2.334   0.042
GLU-1B4867_005   2.286  -2.152   0.134
ASP01B4868_001   0.419  -3.997  -3.579
ASP01B4868_002   0.419  -3.997  -3.579
ASP02B4868_003   0.475  -3.924  -3.449
ASP02B4868_004   0.475  -3.924  -3.449
ASP-1B4868_005   0.364  -3.875  -3.511
GLU01B4869_001   1.967  -3.937  -1.970
GLU01B4869_002   1.967  -3.937  -1.970
GLU02B4869_003   1.625  -3.913  -2.288
GLU02B4869_004   1.625  -3.913  -2.288
GLU-1B4869_005   1.530  -3.832  -2.302
ASP01B4870_001   0.265  -2.824  -2.558
ASP01B4870_002   0.265  -2.824  -2.558
ASP02B4870_003   0.375  -2.941  -2.566
ASP02B4870_004   0.375  -2.941  -2.566
ASP-1B4870_005   0.254  -2.756  -2.503
GLU01B4871_001   5.869  -1.564   4.305
GLU01B4871_002   5.869  -1.564   4.305
GLU02B4871_003   4.684  -1.548   3.136
GLU02B4871_004   4.684  -1.548   3.136
GLU-1B4871_005   4.617  -1.516   3.101
CTR01B4871_001  -0.021  -0.840  -0.861
CTR01B4871_002   0.090  -0.821  -0.730
CTR02B4871_003  -0.022  -0.840  -0.862
CTR02B4871_004   0.036  -0.840  -0.804
CTR-1B4871_005   0.000  -0.840  -0.840
NTR01B4872_001  -0.002  -0.702  -0.704
NTR+1B4872_002  -0.004  -0.702  -0.705
PRO01B4872_001   0.274  -5.595  -5.322
ASP01B4873_001   0.112  -1.987  -1.875
ASP01B4873_002   0.112  -1.987  -1.875
ASP02B4873_003   0.193  -2.082  -1.889
ASP02B4873_004   0.193  -2.082  -1.889
ASP-1B4873_005   0.107  -1.955  -1.848
MET01B4874_001   1.632  -1.263   0.370
LYS01B4875_001  12.408  -1.568  10.840
LYS+1B4875_002  13.234  -1.568  11.666
CYS01B4876_001  -0.002   0.000  -0.002
CYS01B4876_002  -0.002   0.000  -0.002
CYS01B4876_003  -0.003   0.000  -0.003
CYS-1B4876_004   0.000   0.000   0.000
ASP01B4877_001   0.122  -1.883  -1.761
ASP01B4877_002   0.122  -1.883  -1.761
ASP02B4877_003   0.196  -1.912  -1.716
ASP02B4877_004   0.196  -1.912  -1.716
ASP-1B4877_005   0.113  -1.830  -1.717
ASP01B4878_001  -0.040  -1.937  -1.977
ASP01B4878_002  -0.040  -1.937  -1.977
ASP02B4878_003  -0.009  -2.045  -2.054
ASP02B4878_004  -0.009  -2.045  -2.054
ASP-1B4878_005  -0.041  -1.937  -1.978
MET01B4879_001   0.013  -3.790  -3.777
MET01B4880_001   1.002  -9.392  -8.390
THR01B4881_001   0.371  -2.062  -1.691
THR01B4881_002   0.371  -2.062  -1.691
THR01B4881_003   0.371  -2.062  -1.691
CYS01B4882_001  -0.002   0.000  -0.002
CYS01B4882_002  -0.002   0.000  -0.002
CYS01B4882_003  -0.003   0.000  -0.003
CYS-1B4882_004   0.000   0.000   0.000
TYR01B4883_001   5.739  -1.869   3.870
TYR-1B4883_002   5.739  -1.869   3.870
LEU01B4884_001   2.195  -6.210  -4.015
PHE01B4885_001   6.006  -0.859   5.147
HIS01B4886_001  -0.133  -0.115  -0.248
HIS01B4886_002  -0.090  -0.064  -0.154
HIS02B4886_003  -0.152  -0.115  -0.267
HIS02B4886_004  -0.103  -0.064  -0.168
HIS+1B4886_005  -0.179  -0.115  -0.294
HIS+1B4886_006  -0.130  -0.064  -0.194
MET01B4887_001   1.495  -3.728  -2.233
TYR01B4888_001   5.068  -9.067  -3.999
TYR01B4888_002   5.068  -9.067  -3.999
TYR-1B4888_003   5.068  -9.067  -3.999
VAL01B4889_001   0.719  -0.721  -0.003
VAL01B4891_001   0.821  -2.318  -1.497
ARG01B4892_001   8.098  -7.135   0.963
ARG02B4892_002   8.031  -7.135   0.896
ARG03B4892_003   8.040  -7.135   0.905
ARG+1B4892_004   7.990  -7.135   0.855
ALA01B4893_001   0.000   0.000   0.000
ILE01B4897_001   3.102  -0.444   2.657
ASP01B4899_001   0.157  -1.917  -1.759
ASP01B4899_002   0.157  -1.917  -1.759
ASP02B4899_003   0.248  -1.861  -1.614
ASP02B4899_004   0.248  -1.861  -1.614
ASP-1B4899_005   0.151  -1.895  -1.744
GLU01B4900_001   2.982  -1.235   1.747
GLU01B4900_002   2.982  -1.235   1.747
GLU02B4900_003   2.388  -1.259   1.129
GLU02B4900_004   2.388  -1.259   1.129
GLU-1B4900_005   2.322  -1.235   1.086
ILE01B4901_001   5.688  -0.567   5.122
GLU01B4902_001   6.594  -1.505   5.089
GLU01B4902_002   6.594  -1.505   5.089
GLU02B4902_003   5.364  -1.436   3.928
GLU02B4902_004   5.364  -1.436   3.928
GLU-1B4902_005   5.232  -1.442   3.790
ASP01B4903_001   0.094  -2.952  -2.859
ASP01B4903_002   0.094  -2.952  -2.859
ASP02B4903_003   0.169  -2.869  -2.701
ASP02B4903_004   0.169  -2.869  -2.701
ASP-1B4903_005   0.089  -2.885  -2.796
PRO01B4904_001   0.324  -1.024  -0.700
ALA01B4905_001   0.000  -3.020  -3.020
ASP01B4907_001  -0.041  -3.174  -3.215
ASP01B4907_002  -0.041  -3.174  -3.215
ASP02B4907_003  -0.009  -3.193  -3.203
ASP02B4907_004  -0.009  -3.193  -3.203
ASP-1B4907_005  -0.041  -3.048  -3.089
GLU01B4908_001   0.496  -2.540  -2.044
GLU01B4908_002   0.496  -2.540  -2.044
GLU02B4908_003   0.663  -2.589  -1.927
GLU02B4908_004   0.663  -2.589  -1.927
GLU-1B4908_005   0.465  -2.532  -2.067
TYR01B4909_001   4.277  -8.057  -3.780
TYR-1B4909_002   4.277  -8.057  -3.780
GLU01B4910_001   0.498  -1.692  -1.194
GLU01B4910_002   0.498  -1.692  -1.194
GLU02B4910_003   0.664  -1.695  -1.031
GLU02B4910_004   0.664  -1.695  -1.031
GLU-1B4910_005   0.467  -1.563  -1.097
LEU01B4911_001   4.013  -8.409  -4.396
TYR01B4912_001   4.120  -8.118  -3.998
TYR-1B4912_002   4.120  -8.118  -3.998
ARG01B4913_001   6.978  -0.950   6.028
ARG02B4913_002   6.911  -0.950   5.961
ARG03B4913_003   6.946  -0.950   5.996
ARG+1B4913_004   6.872  -0.950   5.922
VAL01B4914_001   0.699  -4.633  -3.933
VAL01B4915_001   0.733  -5.508  -4.775
PHE01B4916_001   5.149  -1.745   3.404
ASP01B4917_001   0.354  -0.481  -0.126
ASP01B4917_002   0.354  -0.481  -0.126
ASP02B4917_003   0.400  -0.559  -0.159
ASP02B4917_004   0.400  -0.559  -0.159
ASP-1B4917_005   0.303  -0.543  -0.240
ILE01B4918_001   5.866  -6.500  -0.634
THR01B4919_001   0.258  -1.966  -1.708
PHE01B4920_001   5.472  -0.609   4.863
PHE01B4921_001   4.861  -5.325  -0.464
PHE01B4922_001   5.622  -8.752  -3.130
PHE01B4923_001   4.704  -5.223  -0.519
CTR01B4923_001  -0.021  -4.556  -4.577
CTR01B4923_002   0.109  -4.634  -4.524
CTR02B4923_003  -0.022  -4.517  -4.540
CTR02B4923_004   0.042  -4.614  -4.572
CTR-1B4923_005   0.000  -4.517  -4.517
NTR01B4982_001  -0.003  -2.946  -2.949
NTR+1B4982_002  -0.005  -2.946  -2.951
CTR01B4982_001  -0.021  -4.566  -4.587
CTR01B4982_002   0.119  -4.624  -4.506
CTR02B4982_003  -0.022  -4.585  -4.608
CTR02B4982_004   0.048  -4.663  -4.615
CTR-1B4982_005   0.000  -4.508  -4.508
GLU01B4982_001   1.732  -2.886  -1.154
GLU01B4982_002   1.732  -2.886  -1.154
GLU02B4982_003   1.402  -2.908  -1.506
GLU02B4982_004   1.402  -2.908  -1.506
GLU-1B4982_005   1.326  -2.700  -1.375
NTR01B4999_001  -0.003  -3.306  -3.309
NTR+1B4999_002  -0.005  -3.306  -3.311
ASP01B4999_001   0.128  -3.533  -3.404
ASP01B4999_002   0.128  -3.533  -3.404
ASP02B4999_003   0.202  -3.534  -3.332
ASP02B4999_004   0.202  -3.534  -3.332
ASP-1B4999_005   0.119  -3.415  -3.297
GLU01B5000_001   2.513  -3.392  -0.879
GLU01B5000_002   2.513  -3.392  -0.879
GLU02B5000_003   2.002  -3.487  -1.485
GLU02B5000_004   2.002  -3.487  -1.485
GLU-1B5000_005   1.933  -3.419  -1.487
THR01B5001_001   0.296  -7.230  -6.933
CTR01B5001_001  -0.021  -1.757  -1.778
CTR01B5001_002   0.111  -1.873  -1.762
CTR02B5001_003  -0.022  -1.699  -1.721
CTR02B5001_004   0.044  -1.796  -1.752
CTR-1B5001_005   0.000  -1.699  -1.699
NTR01B5027_001  -0.003  -2.393  -2.396
NTR01B5027_002  -0.002  -2.384  -2.386
NTR+1B5027_003  -0.005  -2.393  -2.398
CTR01B5027_001  -0.021  -3.263  -3.284
CTR01B5027_002   0.132  -3.147  -3.015
CTR02B5027_003  -0.022  -3.263  -3.285
CTR02B5027_004   0.054  -3.263  -3.209
CTR-1B5027_005   0.000  -3.263  -3.263
CYS01B5027_001  -0.002  -3.387  -3.389
CYS01B5027_002  -0.002  -3.387  -3.389
CYS01B5027_003  -0.003  -3.387  -3.389
CYS-1B5027_004   0.000  -3.387  -3.387
_ZN+2B5101_001   0.000  -6.681  -6.681
_CA+2B5102_001   0.000  -5.478  -5.478
