   confID        vdw0    sas     sum
NTR01B3639_001  -0.003  -3.216  -3.219
NTR+1B3639_002  -0.005  -3.216  -3.221
THR01B3639_001   0.160  -4.371  -4.211
THR01B3639_002   0.160  -4.371  -4.211
PRO01B3640_001   0.261  -3.261  -3.000
LEU01B3641_001   2.074  -9.800  -7.726
TYR01B3642_001   4.583 -10.613  -6.031
TYR01B3642_002   4.583 -10.613  -6.031
TYR-1B3642_003   4.583 -10.613  -6.031
ASN01B3643_001   0.400  -2.346  -1.946
ASN01B3643_002   0.152  -2.179  -2.027
LEU01B3644_001   1.693  -3.036  -1.343
PRO01B3645_001   0.253  -3.400  -3.147
THR01B3646_001   0.253  -7.173  -6.920
HIS01B3647_001  -0.159  -8.666  -8.826
HIS01B3647_002  -0.116  -8.719  -8.835
HIS02B3647_003  -0.178  -8.666  -8.844
HIS02B3647_004  -0.129  -8.719  -8.848
HIS+1B3647_005  -0.205  -8.666  -8.871
HIS+1B3647_006  -0.155  -8.719  -8.875
ARG01B3648_001   2.465  -8.384  -5.920
ARG02B3648_002   2.441  -8.384  -5.943
ARG03B3648_003   2.450  -8.384  -5.935
ARG+1B3648_004   2.402  -8.384  -5.982
ALA01B3649_001   0.000  -0.892  -0.892
CYS01B3650_001  -0.002  -3.838  -3.840
CYS01B3650_002  -0.002  -3.838  -3.840
CYS01B3650_003  -0.002  -3.838  -3.840
CYS-1B3650_004   0.000  -3.838  -3.838
ASN01B3651_001   0.469  -2.726  -2.257
ASN01B3651_002   0.228  -2.818  -2.590
MET01B3652_001   0.585  -6.161  -5.575
PHE01B3653_001   4.750  -8.657  -3.908
LEU01B3654_001   1.932  -6.864  -4.932
GLU01B3655_001   1.892  -3.370  -1.478
GLU01B3655_002   1.892  -3.370  -1.478
GLU02B3655_003   1.567  -3.460  -1.894
GLU02B3655_004   1.567  -3.460  -1.894
GLU-1B3655_005   1.468  -3.333  -1.864
SER01B3656_001   0.000  -3.568  -3.568
TYR01B3657_001   5.008  -5.560  -0.552
TYR-1B3657_002   5.008  -5.560  -0.552
LYS01B3658_001   2.073  -8.042  -5.969
LYS+1B3658_002   2.025  -8.042  -6.017
ALA01B3659_001   0.000  -5.080  -5.080
ALA01B3660_001   0.000  -2.627  -2.627
TRP01B3661_001   3.008  -4.278  -1.269
ILE01B3662_001   1.846 -10.363  -8.518
LEU01B3663_001   2.111  -5.579  -3.469
THR01B3664_001   0.181  -4.849  -4.668
THR01B3664_002   0.181  -4.849  -4.668
GLU01B3665_001   1.702  -3.484  -1.783
GLU01B3665_002   1.702  -3.484  -1.783
GLU02B3665_003   1.399  -3.404  -2.005
GLU02B3665_004   1.399  -3.404  -2.005
GLU-1B3665_005   1.310  -3.400  -2.090
ASP01B3666_001   0.447  -1.930  -1.483
ASP01B3666_002   0.447  -1.930  -1.483
ASP02B3666_003   0.497  -1.926  -1.429
ASP02B3666_004   0.497  -1.926  -1.429
ASP-1B3666_005   0.386  -1.835  -1.449
HIS01B3667_001  -0.137  -4.360  -4.496
HIS01B3667_002  -0.083  -4.999  -5.081
HIS02B3667_003  -0.157  -4.360  -4.516
HIS02B3667_004  -0.095  -4.999  -5.093
HIS+1B3667_005  -0.183  -4.360  -4.543
HIS+1B3667_006  -0.121  -4.999  -5.120
SER01B3668_001   0.000  -3.269  -3.269
SER01B3668_002   0.000  -3.269  -3.269
PHE01B3669_001   4.713  -5.789  -1.076
GLU01B3670_001   0.854  -0.323   0.531
GLU01B3670_002   0.854  -0.323   0.531
GLU02B3670_003   0.746  -0.339   0.407
GLU02B3670_004   0.746  -0.339   0.407
GLU-1B3670_005   0.660  -0.323   0.337
ASP01B3671_001   0.090  -1.454  -1.364
ASP01B3671_002   0.090  -1.454  -1.364
ASP02B3671_003   0.167  -1.373  -1.206
ASP02B3671_004   0.167  -1.373  -1.206
ASP-1B3671_005   0.086  -1.413  -1.326
ARG01B3672_001   4.985  -9.922  -4.937
ARG02B3672_002   5.019  -9.922  -4.902
ARG03B3672_003   4.925  -9.922  -4.996
ARG+1B3672_004   4.885  -9.922  -5.036
MET01B3673_001   0.102  -3.414  -3.311
ILE01B3674_001   2.841  -0.206   2.635
ASP01B3675_001   0.219  -1.109  -0.889
ASP01B3675_002   0.219  -1.109  -0.889
ASP02B3675_003   0.316  -1.024  -0.709
ASP02B3675_004   0.316  -1.024  -0.709
ASP-1B3675_005   0.207  -0.995  -0.787
ASP01B3676_001   0.040  -1.451  -1.410
ASP01B3676_002   0.040  -1.451  -1.410
ASP02B3676_003   0.099  -1.523  -1.424
ASP02B3676_004   0.099  -1.523  -1.424
ASP-1B3676_005   0.036  -1.451  -1.415
LEU01B3677_001   2.003  -2.263  -0.261
SER01B3678_001   0.000  -0.793  -0.793
SER01B3678_002   0.000  -0.793  -0.793
LYS01B3679_001   1.570  -7.549  -5.979
LYS+1B3679_002   1.486  -7.549  -6.063
ALA01B3680_001   0.000  -3.380  -3.380
GLU01B3682_001   0.500  -3.165  -2.665
GLU01B3682_002   0.500  -3.165  -2.665
GLU02B3682_003   0.667  -3.158  -2.491
GLU02B3682_004   0.667  -3.158  -2.491
GLU-1B3682_005   0.469  -3.144  -2.675
GLN01B3683_001   0.453  -1.035  -0.582
GLU01B3684_001   0.498  -3.998  -3.500
GLU01B3684_002   0.498  -3.998  -3.500
GLU02B3684_003   0.665  -3.965  -3.300
GLU02B3684_004   0.665  -3.965  -3.300
GLU-1B3684_005   0.467  -3.945  -3.478
GLU01B3685_001   0.497  -4.200  -3.703
GLU01B3685_002   0.497  -4.200  -3.703
GLU02B3685_003   0.663  -4.219  -3.556
GLU02B3685_004   0.663  -4.219  -3.556
GLU-1B3685_005   0.466  -4.199  -3.733
GLU01B3686_001   0.501  -2.754  -2.252
GLU01B3686_002   0.501  -2.754  -2.252
GLU02B3686_003   0.668  -2.811  -2.142
GLU02B3686_004   0.668  -2.811  -2.142
GLU-1B3686_005   0.470  -2.717  -2.247
GLU01B3687_001   0.496  -2.562  -2.066
GLU01B3687_002   0.496  -2.562  -2.066
GLU02B3687_003   0.662  -2.529  -1.866
GLU02B3687_004   0.662  -2.529  -1.866
GLU-1B3687_005   0.465  -2.446  -1.981
GLU01B3688_001   0.498  -4.117  -3.619
GLU01B3688_002   0.498  -4.117  -3.619
GLU02B3688_003   0.665  -4.088  -3.423
GLU02B3688_004   0.665  -4.088  -3.423
GLU-1B3688_005   0.467  -4.044  -3.576
GLU01B3689_001   0.500  -4.323  -3.823
GLU01B3689_002   0.500  -4.323  -3.823
GLU02B3689_003   0.667  -4.314  -3.647
GLU02B3689_004   0.667  -4.314  -3.647
GLU-1B3689_005   0.469  -4.108  -3.640
VAL01B3690_001   0.500  -2.762  -2.262
GLU01B3691_001   0.499  -4.362  -3.863
GLU01B3691_002   0.499  -4.362  -3.863
GLU02B3691_003   0.665  -4.339  -3.674
GLU02B3691_004   0.665  -4.339  -3.674
GLU-1B3691_005   0.467  -4.139  -3.671
GLU01B3692_001   0.499  -3.476  -2.977
GLU01B3692_002   0.499  -3.476  -2.977
GLU02B3692_003   0.666  -3.566  -2.900
GLU02B3692_004   0.666  -3.566  -2.900
GLU-1B3692_005   0.468  -3.398  -2.930
LYS01B3693_001   3.792  -7.245  -3.453
LYS+1B3693_002   3.698  -7.245  -3.547
LYS01B3694_001   1.114  -5.251  -4.137
LYS+1B3694_002   1.038  -5.251  -4.213
PRO01B3695_001   0.270  -2.124  -1.854
ASP01B3696_001   0.231  -0.352  -0.121
ASP01B3696_002   0.231  -0.352  -0.121
ASP02B3696_003   0.330  -0.428  -0.098
ASP02B3696_004   0.330  -0.428  -0.098
ASP-1B3696_005   0.219  -0.379  -0.160
PRO01B3697_001   0.276  -2.901  -2.625
LEU01B3698_001   2.038   0.000   2.038
HIS01B3699_001  -0.127  -2.115  -2.241
HIS01B3699_002  -0.079  -2.168  -2.247
HIS02B3699_003  -0.146  -2.115  -2.261
HIS02B3699_004  -0.092  -2.168  -2.260
HIS+1B3699_005  -0.173  -2.115  -2.287
HIS+1B3699_006  -0.118  -2.168  -2.286
GLN01B3700_001   1.297  -2.203  -0.906
GLN01B3700_002   2.121  -2.244  -0.123
LEU01B3701_001   3.293  -1.854   1.439
VAL01B3702_001   0.669  -0.052   0.618
LEU01B3703_001   1.924  -4.514  -2.589
HIS01B3704_001  -0.139  -6.703  -6.842
HIS01B3704_002  -0.096  -6.811  -6.907
HIS02B3704_003  -0.158  -6.703  -6.861
HIS02B3704_004  -0.109  -6.811  -6.920
HIS+1B3704_005  -0.185  -6.703  -6.888
HIS+1B3704_006  -0.135  -6.811  -6.947
PHE01B3705_001   4.676  -0.068   4.609
SER01B3706_001   0.000  -0.939  -0.939
SER01B3706_002   0.000  -0.939  -0.939
ARG01B3707_001   2.605 -10.963  -8.358
ARG02B3707_002   2.591 -10.963  -8.372
ARG03B3707_003   2.586 -10.963  -8.377
ARG+1B3707_004   2.542 -10.963  -8.420
THR01B3708_001   0.269  -2.312  -2.043
THR01B3708_002   0.269  -2.312  -2.043
ALA01B3709_001   0.000   0.000   0.000
LEU01B3710_001   1.951  -5.972  -4.021
THR01B3711_001   0.199  -4.761  -4.562
GLU01B3712_001   5.746  -3.931   1.815
GLU01B3712_002   5.746  -3.931   1.815
GLU02B3712_003   4.639  -3.922   0.717
GLU02B3712_004   4.639  -3.922   0.717
GLU-1B3712_005   4.571  -3.780   0.790
LYS01B3713_001   2.062  -4.237  -2.175
LYS+1B3713_002   2.014  -4.237  -2.224
SER01B3714_001   0.000  -4.870  -4.870
LYS01B3715_001   2.786  -8.638  -5.852
LYS+1B3715_002   2.738  -8.638  -5.900
LEU01B3716_001   2.058  -0.618   1.440
ASP01B3717_001   0.177  -2.456  -2.279
ASP01B3717_002   0.177  -2.456  -2.279
ASP02B3717_003   0.264  -2.333  -2.068
ASP02B3717_004   0.264  -2.333  -2.068
ASP-1B3717_005   0.168  -2.334  -2.167
GLU01B3718_001   1.651  -3.149  -1.497
GLU01B3718_002   1.651  -3.149  -1.497
GLU02B3718_003   1.353  -3.131  -1.778
GLU02B3718_004   1.353  -3.131  -1.778
GLU-1B3718_005   1.268  -3.116  -1.849
ASP01B3719_001   0.053  -0.786  -0.733
ASP01B3719_002   0.053  -0.786  -0.733
ASP02B3719_003   0.118  -0.701  -0.584
ASP02B3719_004   0.118  -0.701  -0.584
ASP-1B3719_005   0.050  -0.689  -0.640
TYR01B3720_001   4.328 -11.796  -7.468
TYR-1B3720_002   4.328 -11.796  -7.468
LEU01B3721_001   4.057  -6.178  -2.121
TYR01B3722_001   5.020  -0.068   4.952
TYR-1B3722_002   5.020  -0.068   4.952
MET01B3723_001   0.144  -1.191  -1.046
ALA01B3724_001   0.000  -1.629  -1.629
TYR01B3725_001   4.683  -2.977   1.706
TYR-1B3725_002   4.683  -2.977   1.706
ALA01B3726_001   0.000   0.000   0.000
ASP01B3727_001   0.069  -1.702  -1.633
ASP01B3727_002   0.069  -1.702  -1.633
ASP02B3727_003   0.140  -1.692  -1.552
ASP02B3727_004   0.140  -1.692  -1.552
ASP-1B3727_005   0.066  -1.619  -1.553
ILE01B3728_001   2.188  -0.618   1.570
MET01B3729_001   0.087  -0.215  -0.128
ALA01B3730_001   0.000  -0.222  -0.222
LYS01B3731_001   4.037  -3.835   0.202
LYS+1B3731_002   3.943  -3.835   0.109
SER01B3732_001   0.000   0.000   0.000
SER01B3732_002   0.000   0.000   0.000
SER01B3732_003   0.000   0.000   0.000
CYS01B3733_001  -0.002   0.000  -0.002
CYS01B3733_002  -0.002   0.000  -0.002
CYS01B3733_003  -0.002   0.000  -0.002
CYS-1B3733_004   0.000   0.000   0.000
HIS01B3734_001  -0.354  -2.170  -2.524
HIS01B3734_002  -0.345  -2.127  -2.472
HIS02B3734_003  -0.363  -2.170  -2.533
HIS02B3734_004  -0.355  -2.127  -2.482
HIS+1B3734_005  -0.382  -2.170  -2.552
HIS+1B3734_006  -0.375  -2.127  -2.502
LEU01B3735_001   1.454  -0.892   0.562
GLU01B3736_001   0.501  -0.095   0.406
GLU01B3736_002   0.501  -0.095   0.406
GLU02B3736_003   0.668  -0.072   0.596
GLU02B3736_004   0.668  -0.072   0.596
GLU-1B3736_005   0.470  -0.095   0.375
GLU01B3737_001   0.497  -0.844  -0.347
GLU01B3737_002   0.497  -0.844  -0.347
GLU02B3737_003   0.664  -0.807  -0.143
GLU02B3737_004   0.664  -0.807  -0.143
GLU-1B3737_005   0.466  -0.805  -0.339
GLU01B3740_001   0.501  -0.960  -0.459
GLU01B3740_002   0.501  -0.960  -0.459
GLU02B3740_003   0.668  -1.008  -0.341
GLU02B3740_004   0.668  -1.008  -0.341
GLU-1B3740_005   0.470  -0.947  -0.477
ASN01B3741_001  -0.020  -2.083  -2.103
CTR01B3741_001  -0.021  -4.334  -4.355
CTR01B3741_002   0.106  -4.354  -4.248
CTR02B3741_003  -0.022  -4.528  -4.550
CTR02B3741_004   0.041  -4.412  -4.370
CTR-1B3741_005   0.000  -4.334  -4.334
NTR01B3747_001  -0.003  -3.734  -3.737
NTR+1B3747_002  -0.005  -3.734  -3.739
GLU01B3747_001   0.498  -4.212  -3.714
GLU01B3747_002   0.498  -4.212  -3.714
GLU02B3747_003   0.664  -4.197  -3.532
GLU02B3747_004   0.664  -4.197  -3.532
GLU-1B3747_005   0.467  -4.198  -3.731
GLU01B3748_001   0.498  -3.439  -2.941
GLU01B3748_002   0.498  -3.439  -2.941
GLU02B3748_003   0.665  -3.474  -2.809
GLU02B3748_004   0.665  -3.474  -2.809
GLU-1B3748_005   0.467  -3.307  -2.840
VAL01B3749_001   0.497  -7.978  -7.481
GLU01B3750_001   1.716  -2.207  -0.491
GLU01B3750_002   1.716  -2.207  -0.491
GLU02B3750_003   1.423  -2.202  -0.779
GLU02B3750_004   1.423  -2.202  -0.779
GLU-1B3750_005   1.327  -2.216  -0.889
VAL01B3751_001   0.905  -4.169  -3.264
SER01B3752_001   0.000  -3.343  -3.343
PHE01B3753_001   4.521  -4.789  -0.267
GLU01B3754_001   4.971  -1.945   3.026
GLU01B3754_002   4.971  -1.945   3.026
GLU02B3754_003   4.021  -1.787   2.234
GLU02B3754_004   4.021  -1.787   2.234
GLU-1B3754_005   3.925  -1.816   2.109
GLU01B3755_001   2.054  -0.948   1.105
GLU01B3755_002   2.054  -0.948   1.105
GLU02B3755_003   1.663  -0.967   0.696
GLU02B3755_004   1.663  -0.967   0.696
GLU-1B3755_005   1.585  -0.956   0.629
LYS01B3756_001   1.339  -5.670  -4.331
LYS+1B3756_002   1.252  -5.670  -4.418
GLU01B3757_001   1.375  -1.199   0.176
GLU01B3757_002   1.375  -1.199   0.176
GLU02B3757_003   1.117  -1.292  -0.175
GLU02B3757_004   1.117  -1.292  -0.175
GLU-1B3757_005   1.050  -1.266  -0.216
MET01B3758_001   0.042  -0.573  -0.531
GLU01B3759_001   4.108  -0.447   3.661
GLU01B3759_002   4.108  -0.447   3.661
GLU02B3759_003   3.302  -0.371   2.931
GLU02B3759_004   3.302  -0.371   2.931
GLU-1B3759_005   3.227  -0.366   2.861
LYS01B3760_001   1.504  -6.424  -4.919
LYS+1B3760_002   1.455  -6.424  -4.968
GLN01B3761_001   0.713  -1.051  -0.338
GLN01B3761_002   0.613  -1.129  -0.515
ARG01B3762_001   3.259  -2.120   1.139
ARG02B3762_002   3.225  -2.120   1.105
ARG02B3762_003   3.285  -2.120   1.165
ARG03B3762_004   3.218  -2.120   1.098
ARG+1B3762_005   3.180  -2.120   1.060
LEU01B3763_001   1.478  -0.686   0.793
LEU01B3764_001   1.833  -3.689  -1.856
TYR01B3765_001   4.878  -4.800   0.078
TYR-1B3765_002   4.878  -4.800   0.078
GLN01B3766_001   0.891  -0.157   0.733
GLN01B3767_001   3.571   0.000   3.571
SER01B3768_001   0.000  -2.223  -2.223
SER01B3768_002   0.000  -2.223  -2.223
ARG01B3769_001   3.208  -0.155   3.054
ARG02B3769_002   3.135  -0.155   2.980
ARG02B3769_003   3.195  -0.155   3.041
ARG03B3769_004   3.134  -0.155   2.980
ARG+1B3769_005   3.090  -0.155   2.935
LEU01B3770_001   5.456  -0.309   5.147
HIS01B3771_001  -0.169  -3.402  -3.571
HIS01B3771_002  -0.132  -3.460  -3.592
HIS02B3771_003  -0.187  -3.402  -3.588
HIS02B3771_004  -0.146  -3.460  -3.605
HIS+1B3771_005  -0.213  -3.402  -3.615
HIS+1B3771_006  -0.172  -3.460  -3.632
THR01B3772_001   0.224  -1.306  -1.082
THR01B3772_002   0.224  -1.306  -1.082
ARG01B3773_001   1.698  -8.919  -7.221
ARG02B3773_002   1.682  -8.919  -7.237
ARG03B3773_003   1.675  -8.919  -7.245
ARG+1B3773_004   1.635  -8.919  -7.284
ALA01B3775_001   0.000   0.000   0.000
ALA01B3776_001   0.000   0.000   0.000
GLU01B3777_001   3.246  -1.346   1.900
GLU01B3777_002   3.246  -1.346   1.900
GLU02B3777_003   2.596  -1.341   1.255
GLU02B3777_004   2.596  -1.341   1.255
GLU-1B3777_005   2.525  -1.344   1.182
MET01B3778_001   0.817  -0.048   0.769
VAL01B3779_001   0.946  -0.103   0.843
LEU01B3780_001   2.387  -0.052   2.335
GLN01B3781_001   2.397  -0.475   1.923
GLN01B3781_002   3.904  -0.519   3.385
MET01B3782_001   0.827  -0.096   0.731
ILE01B3783_001   1.431  -0.325   1.106
SER01B3784_001   0.000  -1.613  -1.613
SER01B3784_002   0.000  -1.613  -1.613
ALA01B3785_001   0.000  -0.103  -0.103
CYS01B3786_001  -0.002  -0.071  -0.073
CYS01B3786_002  -0.002  -0.071  -0.073
CYS01B3786_003  -0.003  -0.071  -0.074
CYS-1B3786_004   0.000  -0.071  -0.071
LYS01B3787_001   3.297  -5.399  -2.102
LYS+1B3787_002   3.247  -5.399  -2.151
GLU01B3789_001   2.036  -1.496   0.540
GLU01B3789_002   2.036  -1.496   0.540
GLU02B3789_003   1.694  -1.521   0.173
GLU02B3789_004   1.694  -1.521   0.173
GLU-1B3789_005   1.610  -1.459   0.152
THR01B3790_001   0.232  -3.198  -2.966
THR01B3790_002   0.232  -3.198  -2.966
ALA01B3792_001   0.000  -3.483  -3.483
MET01B3793_001   0.038  -0.521  -0.483
VAL01B3794_001   0.850   0.000   0.850
SER01B3795_001   0.000  -0.929  -0.929
SER01B3795_002   0.000  -0.929  -0.929
SER01B3796_001   0.000  -0.879  -0.879
SER01B3796_002   0.000  -0.879  -0.879
SER01B3796_003   0.000  -0.879  -0.879
THR01B3797_001   0.234   0.000   0.234
THR01B3797_002   0.234   0.000   0.234
LEU01B3798_001   1.895  -0.155   1.740
LYS01B3799_001   1.193  -3.959  -2.766
LYS+1B3799_002   1.147  -3.959  -2.812
LEU01B3800_001   1.539   0.000   1.539
ILE01B3802_001   1.402  -1.030   0.371
SER01B3803_001   0.000  -0.181  -0.181
SER01B3803_002   0.000  -0.181  -0.181
SER01B3803_003   0.000  -0.181  -0.181
ILE01B3804_001   2.963   0.000   2.963
LEU01B3805_001   2.546   0.000   2.546
ASN01B3806_001   0.160  -0.881  -0.721
ASN01B3806_002  -0.002  -0.886  -0.888
ASN01B3809_001   0.580  -0.797  -0.218
ASN01B3809_002   0.299  -0.906  -0.606
ALA01B3810_001   0.000  -2.418  -2.418
GLU01B3811_001   1.899  -2.787  -0.888
GLU01B3811_002   1.899  -2.787  -0.888
GLU02B3811_003   1.571  -2.879  -1.307
GLU02B3811_004   1.571  -2.879  -1.307
GLU-1B3811_005   1.475  -2.717  -1.242
VAL01B3812_001   0.762  -0.052   0.711
GLN01B3813_001   2.665   0.000   2.665
GLN01B3813_002   4.404   0.000   4.404
GLN01B3814_001   0.848  -2.445  -1.597
GLN01B3814_002   0.750  -2.415  -1.665
LYS01B3815_001   1.156  -1.399  -0.242
LYS+1B3815_002   1.111  -1.399  -0.288
MET01B3816_001   5.587  -0.071   5.516
LEU01B3817_001   1.787  -0.309   1.478
ASP01B3818_001   0.482  -1.928  -1.446
ASP01B3818_002   0.482  -1.928  -1.446
ASP02B3818_003   0.519  -1.858  -1.339
ASP02B3818_004   0.519  -1.858  -1.339
ASP-1B3818_005   0.410  -1.895  -1.485
TYR01B3819_001   4.950  -2.623   2.328
TYR-1B3819_002   4.950  -2.623   2.328
LEU01B3820_001   2.148  -0.155   1.993
LYS01B3821_001   4.749  -4.831  -0.082
LYS+1B3821_002   4.678  -4.831  -0.153
ASP01B3822_001   0.481  -2.736  -2.255
ASP01B3822_002   0.481  -2.736  -2.255
ASP02B3822_003   0.535  -2.784  -2.249
ASP02B3822_004   0.535  -2.784  -2.249
ASP-1B3822_005   0.417  -2.688  -2.271
LYS01B3823_001   3.800  -2.862   0.937
LYS+1B3823_002   3.705  -2.862   0.843
LYS01B3824_001   3.284  -5.753  -2.469
LYS+1B3824_002   3.228  -5.753  -2.525
GLU01B3825_001   1.267  -0.507   0.759
GLU01B3825_002   1.267  -0.507   0.759
GLU02B3825_003   1.075  -0.552   0.523
GLU02B3825_004   1.075  -0.552   0.523
GLU-1B3825_005   0.993  -0.507   0.486
VAL01B3826_001   0.823  -2.279  -1.457
PHE01B3828_001   5.204  -0.152   5.053
PHE01B3829_001   5.105  -0.101   5.004
GLN01B3830_001   2.579  -2.359   0.220
GLN01B3830_002   4.207  -2.241   1.966
SER01B3831_001   0.000   0.000   0.000
ILE01B3832_001   2.646  -0.155   2.492
GLN01B3833_001   2.287  -1.649   0.639
GLN01B3833_002   3.719  -1.624   2.095
ALA01B3834_001   0.000  -1.803  -1.803
LEU01B3835_001   2.755   0.000   2.755
MET01B3836_001   0.166   0.000   0.166
GLN01B3837_001   2.109  -2.609  -0.500
GLN01B3837_002   3.504  -2.683   0.820
THR01B3838_001   0.254  -3.389  -3.135
THR01B3838_002   0.254  -3.389  -3.135
CYS01B3839_001  -0.002   0.000  -0.002
CYS01B3839_002  -0.002   0.000  -0.002
CYS01B3839_003  -0.002   0.000  -0.002
CYS-1B3839_004   0.000   0.000   0.000
SER01B3840_001   0.000  -1.883  -1.883
SER01B3840_002   0.000  -1.883  -1.883
SER01B3840_003   0.000  -1.883  -1.883
VAL01B3841_001   0.877  -1.288  -0.411
LEU01B3842_001   2.404   0.000   2.404
ASP01B3843_001   0.221  -2.258  -2.038
ASP01B3843_002   0.221  -2.258  -2.038
ASP02B3843_003   0.313  -2.372  -2.059
ASP02B3843_004   0.313  -2.372  -2.059
ASP-1B3843_005   0.207  -2.274  -2.067
LEU01B3844_001   1.987  -2.215  -0.228
ASN01B3845_001   0.305  -3.260  -2.955
ASN01B3845_002   0.467  -3.432  -2.966
ALA01B3846_001   0.000  -1.767  -1.767
PHE01B3847_001   4.719  -0.101   4.618
GLU01B3848_001   1.292  -0.882   0.410
GLU01B3848_002   1.292  -0.882   0.410
GLU02B3848_003   1.146  -0.856   0.291
GLU02B3848_004   1.146  -0.856   0.291
GLU-1B3848_005   1.019  -0.830   0.188
ARG01B3849_001   2.082  -9.769  -7.688
ARG02B3849_002   2.066  -9.769  -7.703
ARG03B3849_003   2.058  -9.769  -7.711
ARG+1B3849_004   2.019  -9.769  -7.751
GLN01B3850_001   2.384  -0.034   2.350
ASN01B3851_001   0.181  -0.930  -0.750
ASN01B3851_002   0.010  -1.157  -1.147
LYS01B3852_001   0.821  -8.931  -8.110
LYS+1B3852_002   0.775  -8.931  -8.156
ALA01B3853_001   0.000  -0.943  -0.943
GLU01B3854_001   0.499  -1.943  -1.444
GLU01B3854_002   0.499  -1.943  -1.444
GLU02B3854_003   0.666  -1.827  -1.161
GLU02B3854_004   0.666  -1.827  -1.161
GLU-1B3854_005   0.468  -1.813  -1.345
LEU01B3856_001   1.708  -7.946  -6.237
MET01B3858_001   0.139  -9.036  -8.897
VAL01B3859_001   0.503  -2.885  -2.382
ASN01B3860_001  -0.020  -3.073  -3.093
GLU01B3861_001   0.498  -2.887  -2.388
GLU01B3861_002   0.498  -2.887  -2.388
GLU02B3861_003   0.664  -2.875  -2.210
GLU02B3861_004   0.664  -2.875  -2.210
GLU-1B3861_005   0.467  -2.803  -2.336
ASP01B3862_001  -0.040  -2.348  -2.388
ASP01B3862_002  -0.040  -2.348  -2.388
ASP02B3862_003  -0.009  -2.342  -2.351
ASP02B3862_004  -0.009  -2.342  -2.351
ASP-1B3862_005  -0.040  -2.325  -2.365
THR01B3864_001   0.151  -1.475  -1.325
THR01B3864_002   0.151  -1.475  -1.325
VAL01B3865_001   0.500  -5.714  -5.215
ILE01B3866_001   0.936  -5.322  -4.386
ASN01B3867_001  -0.020  -1.233  -1.253
ARG01B3868_0011191.179  -5.5561185.624
ARG02B3868_0021191.161  -5.5561185.605
ARG03B3868_0031191.195  -5.5561185.639
ARG03B3868_004 190.240  -5.556 184.684
ARG+1B3868_0051191.129  -5.5561185.573
GLN01B3869_001   0.453  -1.999  -1.546
ASN01B3870_001  -0.020  -0.295  -0.315
GLU01B3872_001   0.499  -3.863  -3.364
GLU01B3872_002   0.499  -3.863  -3.364
GLU02B3872_003   0.666  -3.965  -3.298
GLU02B3872_004   0.666  -3.965  -3.298
GLU-1B3872_005   0.468  -3.846  -3.378
LYS01B3873_001   1.151  -3.619  -2.469
LYS+1B3873_002   1.104  -3.619  -2.516
VAL01B3874_001   0.795   0.000   0.795
MET01B3875_001   0.767   0.000   0.767
ALA01B3876_001   0.000  -1.149  -1.149
ASP01B3877_001   0.098  -0.072   0.026
ASP01B3877_002   0.098  -0.072   0.026
ASP02B3877_003   0.176  -0.178  -0.002
ASP02B3877_004   0.176  -0.178  -0.002
ASP-1B3877_005   0.093  -0.103  -0.010
ASP01B3878_001   0.088  -1.379  -1.291
ASP01B3878_002   0.088  -1.379  -1.291
ASP02B3878_003   0.164  -1.441  -1.277
ASP02B3878_004   0.164  -1.441  -1.277
ASP-1B3878_005   0.084  -1.331  -1.246
GLU01B3879_001   0.500  -3.505  -3.005
GLU01B3879_002   0.500  -3.505  -3.005
GLU02B3879_003   0.666  -3.576  -2.910
GLU02B3879_004   0.666  -3.576  -2.910
GLU-1B3879_005   0.468  -3.479  -3.011
PHE01B3880_001   4.837  -1.011   3.826
THR01B3881_001   0.251   0.000   0.251
THR01B3881_002   0.251   0.000   0.251
THR01B3881_003   0.251   0.000   0.251
GLN01B3882_001   2.224  -1.486   0.737
GLN01B3882_002   3.650  -1.388   2.262
ASP01B3883_001   0.436  -0.580  -0.143
ASP01B3883_002   0.436  -0.580  -0.143
ASP02B3883_003   0.468  -0.551  -0.083
ASP02B3883_004   0.468  -0.551  -0.083
ASP-1B3883_005   0.368  -0.551  -0.183
LEU01B3884_001   1.493   0.000   1.493
PHE01B3885_001   4.948   0.000   4.948
ARG01B3886_001   2.000  -4.900  -2.900
ARG02B3886_002   1.956  -4.900  -2.944
ARG03B3886_003   2.022  -4.900  -2.877
ARG+1B3886_004   1.917  -4.900  -2.983
PHE01B3887_001   4.932  -0.473   4.459
LEU01B3888_001   2.287  -0.155   2.132
GLN01B3889_001   2.027  -0.738   1.289
LEU01B3890_001   2.213  -0.274   1.940
LEU01B3891_001   2.893  -0.325   2.568
CYS01B3892_001  -0.002   0.000  -0.002
CYS01B3892_002  -0.002   0.000  -0.002
CYS01B3892_003  -0.002   0.000  -0.002
CYS-1B3892_004   0.000   0.000   0.000
GLU01B3893_001   1.653  -0.681   0.971
GLU01B3893_002   1.653  -0.681   0.971
GLU02B3893_003   1.359  -0.711   0.648
GLU02B3893_004   1.359  -0.711   0.648
GLU-1B3893_005   1.271  -0.676   0.596
HIS01B3895_001  -0.138  -2.412  -2.549
HIS02B3895_002  -0.156  -2.412  -2.568
HIS+1B3895_003  -0.183  -2.412  -2.595
ASN01B3896_001   0.067  -0.827  -0.760
ASN01B3896_002   0.265  -0.620  -0.355
ASN01B3897_001   0.279  -2.072  -1.793
ASN01B3897_002   0.070  -1.895  -1.825
ASP01B3898_001   0.040  -1.771  -1.731
ASP01B3898_002   0.040  -1.771  -1.731
ASP02B3898_003   0.100  -1.890  -1.790
ASP02B3898_004   0.100  -1.890  -1.790
ASP-1B3898_005   0.036  -1.735  -1.698
PHE01B3899_001   5.368  -0.051   5.318
GLN01B3900_001   1.531   0.000   1.531
GLN01B3900_002   2.495   0.000   2.495
ASN01B3901_001   0.580  -1.874  -1.295
TYR01B3902_001   5.010  -0.406   4.604
TYR-1B3902_002   5.010  -0.406   4.604
LEU01B3903_001   2.476   0.000   2.476
ARG01B3904_001   3.194  -2.958   0.236
ARG02B3904_002   3.160  -2.958   0.202
ARG02B3904_003   3.164  -2.958   0.207
ARG03B3904_004   3.170  -2.958   0.212
ARG03B3904_005   3.214  -2.958   0.257
ARG+1B3904_006   3.120  -2.958   0.162
THR01B3905_001   0.206  -2.397  -2.191
GLN01B3906_001   2.859   0.000   2.859
GLN01B3906_002   4.829   0.000   4.829
THR01B3907_001   0.225  -5.593  -5.368
ASN01B3909_001   0.440  -0.241   0.199
ASN01B3909_002   0.200  -0.276  -0.076
THR01B3910_001   0.194  -6.453  -6.258
THR01B3910_002   0.194  -6.453  -6.258
THR01B3911_001   0.191  -4.656  -4.465
THR01B3912_001   0.290  -3.201  -2.911
ILE01B3913_001   1.450  -0.258   1.193
ASN01B3914_001   0.144  -0.591  -0.446
ASN01B3914_002  -0.012  -0.413  -0.425
ILE01B3915_001   1.390   0.000   1.390
ILE01B3916_001   3.173   0.000   3.173
ILE01B3917_001   5.353  -5.438  -0.085
CYS01B3918_001  -0.002  -1.359  -1.360
CYS01B3918_002  -0.002  -1.359  -1.360
CYS01B3918_003  -0.003  -1.359  -1.361
CYS-1B3918_004   0.000  -1.359  -1.359
THR01B3919_001   0.318   0.000   0.318
THR01B3919_002   0.318   0.000   0.318
VAL01B3920_001   0.590  -0.258   0.332
ASP01B3921_001   0.435  -1.433  -0.998
ASP01B3921_002   0.435  -1.433  -0.998
ASP02B3921_003   0.470  -1.399  -0.930
ASP02B3921_004   0.470  -1.399  -0.930
ASP-1B3921_005   0.368  -1.344  -0.975
TYR01B3922_001   4.673   0.000   4.673
TYR01B3922_002   4.673   0.000   4.673
TYR-1B3922_003   4.673   0.000   4.673
LEU01B3923_001   1.866   0.000   1.866
LEU01B3924_001   1.894  -2.163  -0.269
ARG01B3925_001   2.877  -4.371  -1.494
ARG02B3925_002   2.844  -4.371  -1.527
ARG03B3925_003   2.842  -4.371  -1.529
ARG+1B3925_004   2.797  -4.371  -1.574
LEU01B3926_001   1.983   0.000   1.983
GLN01B3927_001   2.629  -0.487   2.142
GLN01B3927_002   4.218  -0.335   3.884
GLU01B3928_001   3.814  -3.163   0.651
GLU01B3928_002   3.814  -3.163   0.651
GLU02B3928_003   3.037  -3.238  -0.201
GLU02B3928_004   3.037  -3.238  -0.201
GLU-1B3928_005   2.976  -3.170  -0.194
SER01B3929_001   0.000  -0.336  -0.336
SER01B3929_002   0.000  -0.336  -0.336
ILE01B3930_001   3.961  -0.103   3.858
SER01B3931_001   0.000  -0.860  -0.860
SER01B3931_002   0.000  -0.860  -0.860
ASP01B3932_001   0.187  -1.943  -1.756
ASP01B3932_002   0.187  -1.943  -1.756
ASP02B3932_003   0.273  -1.990  -1.718
ASP02B3932_004   0.273  -1.990  -1.718
ASP-1B3932_005   0.175  -1.947  -1.771
PHE01B3933_001   4.871  -0.051   4.820
TYR01B3934_001   4.710  -1.466   3.244
TYR-1B3934_002   4.710  -1.466   3.244
TRP01B3935_001   3.428  -8.925  -5.497
TYR01B3936_001   4.870  -4.223   0.646
TYR-1B3936_002   4.870  -4.223   0.646
TYR01B3937_001   5.300   0.000   5.300
TYR01B3937_002   5.300   0.000   5.300
TYR-1B3937_003   5.300   0.000   5.300
SER01B3938_001   0.000  -0.980  -0.980
SER01B3938_002   0.000  -0.980  -0.980
LYS01B3940_001   0.976  -4.007  -3.031
LYS+1B3940_002   0.931  -4.007  -3.076
ASP01B3941_001   0.060  -2.629  -2.569
ASP01B3941_002   0.060  -2.629  -2.569
ASP02B3941_003   0.126  -2.821  -2.695
ASP02B3941_004   0.126  -2.821  -2.695
ASP-1B3941_005   0.056  -2.670  -2.614
VAL01B3942_001   0.493  -4.752  -4.259
ILE01B3943_001   2.514  -0.052   2.463
GLU01B3944_001   1.432  -2.566  -1.133
GLU01B3944_002   1.432  -2.566  -1.133
GLU02B3944_003   1.244  -2.454  -1.210
GLU02B3944_004   1.244  -2.454  -1.210
GLU-1B3944_005   1.123  -2.356  -1.232
GLU01B3945_001   3.358  -3.049   0.309
GLU01B3945_002   3.358  -3.049   0.309
GLU02B3945_003   2.705  -3.079  -0.374
GLU02B3945_004   2.705  -3.079  -0.374
GLU-1B3945_005   2.628  -3.069  -0.441
GLN01B3946_001   0.656  -0.445   0.211
GLN01B3946_002   0.566  -0.396   0.170
LYS01B3948_001   1.181  -1.300  -0.119
LYS+1B3948_002   1.135  -1.300  -0.165
ARG01B3949_001   3.004  -4.889  -1.885
ARG02B3949_002   2.980  -4.889  -1.909
ARG03B3949_003   3.060  -4.889  -1.828
ARG+1B3949_004   2.941  -4.889  -1.948
ASN01B3950_001   0.538   0.000   0.538
ASN01B3950_002   0.274   0.000   0.274
PHE01B3951_001   5.285   0.000   5.285
SER01B3952_001   0.000  -1.779  -1.779
SER01B3952_002   0.000  -1.779  -1.779
SER01B3952_003   0.000  -1.779  -1.779
LYS01B3953_001   1.492  -2.561  -1.069
LYS+1B3953_002   1.445  -2.561  -1.116
ALA01B3954_001   0.000   0.000   0.000
MET01B3955_001   1.220  -0.048   1.172
SER01B3956_001   0.000  -1.720  -1.720
SER01B3956_002   0.000  -1.720  -1.720
VAL01B3957_001   0.794   0.000   0.794
ALA01B3958_001   0.000   0.000   0.000
LYS01B3959_001   2.306  -3.194  -0.887
LYS+1B3959_002   2.204  -3.194  -0.990
GLN01B3960_001   1.160  -0.551   0.609
GLN01B3960_002   1.477  -0.709   0.768
VAL01B3961_001   0.733   0.000   0.733
PHE01B3962_001   5.144   0.000   5.144
ASN01B3963_001   0.485  -1.053  -0.568
ASN01B3963_002   0.224  -1.034  -0.810
SER01B3964_001   0.000   0.000   0.000
SER01B3964_002   0.000   0.000   0.000
SER01B3964_003   0.000   0.000   0.000
LEU01B3965_001   2.869   0.000   2.869
THR01B3966_001   0.235  -0.619  -0.384
THR01B3966_002   0.235  -0.619  -0.384
GLU01B3967_001   1.714  -0.241   1.473
GLU01B3967_002   1.714  -0.241   1.473
GLU02B3967_003   1.414  -0.254   1.160
GLU02B3967_004   1.414  -0.254   1.160
GLU-1B3967_005   1.325  -0.241   1.084
TYR01B3968_001   4.774   0.000   4.774
TYR-1B3968_002   4.774   0.000   4.774
ILE01B3969_001   3.906   0.000   3.906
GLN01B3970_001   2.491  -0.423   2.068
GLN01B3970_002   4.099  -0.394   3.706
PRO01B3972_001   0.277  -2.772  -2.496
CYS01B3973_001  -0.002  -0.071  -0.073
CYS01B3973_002  -0.002  -0.071  -0.073
CYS01B3973_003  -0.002  -0.071  -0.074
CYS-1B3973_004   0.000  -0.071  -0.071
THR01B3974_001   0.289  -5.332  -5.043
ASN01B3976_001   0.295   0.000   0.295
ASN01B3976_002   0.092   0.000   0.092
GLN01B3977_001   1.759  -0.207   1.552
GLN01B3977_002   2.872  -0.236   2.636
GLN01B3978_001   0.861  -2.130  -1.269
GLN01B3978_002   0.718  -2.125  -1.407
SER01B3979_001   0.000  -1.311  -1.311
LEU01B3980_001   2.219  -0.052   2.167
ALA01B3981_001   0.000  -0.274  -0.274
HIS01B3982_001  -0.163  -8.222  -8.386
HIS01B3982_002  -0.120  -8.126  -8.246
HIS02B3982_003  -0.182  -8.222  -8.404
HIS02B3982_004  -0.134  -8.126  -8.260
HIS+1B3982_005  -0.209  -8.222  -8.431
HIS+1B3982_006  -0.160  -8.126  -8.286
SER01B3983_001   0.000  -0.048  -0.048
SER01B3983_002   0.000  -0.048  -0.048
ARG01B3984_001   1.516  -8.430  -6.914
ARG02B3984_002   1.470  -8.430  -6.960
ARG03B3984_003   1.475  -8.430  -6.955
ARG+1B3984_004   1.431  -8.430  -6.999
LEU01B3985_001   2.184  -0.155   2.030
TRP01B3986_001   3.501  -1.921   1.580
ASP01B3987_001   0.078  -2.298  -2.220
ASP01B3987_002   0.078  -2.298  -2.220
ASP02B3987_003   0.148  -2.466  -2.318
ASP02B3987_004   0.148  -2.466  -2.318
ASP-1B3987_005   0.073  -2.253  -2.180
ALA01B3988_001   0.000   0.000   0.000
VAL01B3989_001   1.242  -0.155   1.087
VAL01B3990_001   0.724  -1.030  -0.306
PHE01B3992_001   5.439   0.000   5.439
LEU01B3993_001   2.014  -0.927   1.086
HIS01B3994_001  -0.146  -3.909  -4.054
HIS02B3994_002  -0.164  -3.909  -4.073
HIS+1B3994_003  -0.191  -3.909  -4.100
VAL01B3995_001   0.754   0.000   0.754
PHE01B3996_001   4.532   0.000   4.532
ALA01B3997_001   0.000   0.000   0.000
HIS01B3998_001  -0.122  -2.431  -2.553
HIS02B3998_002  -0.142  -2.431  -2.572
HIS+1B3998_003  -0.169  -2.431  -2.599
MET01B3999_001  -0.021   0.000  -0.021
MET01B4000_001   0.411  -0.048   0.363
MET01B4001_001  -0.012  -2.406  -2.418
LYS01B4002_001   1.137  -1.210  -0.074
LYS+1B4002_002   1.090  -1.210  -0.121
LEU01B4003_001   2.238  -0.052   2.186
ALA01B4004_001   0.000  -0.103  -0.103
GLN01B4005_001   1.749  -1.693   0.056
GLN01B4005_002   2.824  -1.767   1.057
ASP01B4006_001   0.077  -1.435  -1.358
ASP01B4006_002   0.077  -1.435  -1.358
ASP02B4006_003   0.151  -1.318  -1.168
ASP02B4006_004   0.151  -1.318  -1.168
ASP-1B4006_005   0.074  -1.348  -1.274
SER01B4007_001   0.000  -3.726  -3.726
SER01B4007_002   0.000  -3.726  -3.726
SER01B4008_001   0.000  -3.661  -3.661
SER01B4008_002   0.000  -3.661  -3.661
GLN01B4009_001   2.027  -0.074   1.953
GLN01B4009_002   3.372  -0.074   3.298
ILE01B4010_001   1.799  -2.112  -0.313
GLU01B4011_001   3.612  -2.959   0.652
GLU01B4011_002   3.612  -2.959   0.652
GLU02B4011_003   2.899  -2.879   0.021
GLU02B4011_004   2.899  -2.879   0.021
GLU-1B4011_005   2.822  -2.851  -0.030
LEU01B4012_001   1.620  -0.206   1.414
LEU01B4013_001   2.198  -0.567   1.631
LYS01B4014_001   1.934  -5.074  -3.140
LYS+1B4014_002   1.889  -5.074  -3.185
GLU01B4015_001   3.883  -1.346   2.537
GLU01B4015_002   3.883  -1.346   2.537
GLU02B4015_003   3.107  -1.393   1.714
GLU02B4015_004   3.107  -1.393   1.714
GLU-1B4015_005   3.041  -1.318   1.723
LEU01B4016_001   3.076   0.000   3.076
LEU01B4017_001   1.803  -0.309   1.494
ASP01B4018_001   0.176  -1.229  -1.053
ASP01B4018_002   0.176  -1.229  -1.053
ASP02B4018_003   0.264  -1.247  -0.983
ASP02B4018_004   0.264  -1.247  -0.983
ASP-1B4018_005   0.166  -1.206  -1.040
LEU01B4019_001   2.103  -0.103   2.000
GLN01B4020_001   2.834  -0.039   2.794
GLN01B4020_002   4.606  -0.069   4.537
LYS01B4021_001   1.869  -4.008  -2.139
LYS+1B4021_002   1.822  -4.008  -2.186
ASP01B4022_001   0.132  -1.065  -0.934
ASP01B4022_002   0.132  -1.065  -0.934
ASP02B4022_003   0.208  -1.024  -0.816
ASP02B4022_004   0.208  -1.024  -0.816
ASP-1B4022_005   0.123  -0.965  -0.842
MET01B4023_001  -0.027  -0.052  -0.078
VAL01B4024_001   0.733  -0.670   0.063
VAL01B4025_001   0.726  -2.679  -1.952
MET01B4026_001   0.194   0.000   0.194
LEU01B4027_001   1.819  -0.258   1.561
LEU01B4028_001   1.889  -1.957  -0.068
SER01B4029_001   0.000  -0.120  -0.120
SER01B4029_002   0.000  -0.120  -0.120
SER01B4029_003   0.000  -0.120  -0.120
LEU01B4030_001   2.078  -0.258   1.821
LEU01B4031_001   3.000  -0.258   2.743
GLU01B4032_001   2.651  -0.026   2.625
GLU01B4032_002   2.651  -0.026   2.625
GLU02B4032_003   2.083  -0.026   2.058
GLU02B4032_004   2.083  -0.026   2.058
GLU-1B4032_005   2.027  -0.026   2.001
ASN01B4034_001   0.006  -0.315  -0.309
ASN01B4034_002   0.174  -0.345  -0.170
VAL01B4035_001   0.737  -3.863  -3.127
VAL01B4036_001   0.812  -0.618   0.194
ASN01B4037_001   0.461  -1.196  -0.735
ASN01B4037_002   0.223  -1.183  -0.961
MET01B4039_001   0.323  -5.687  -5.364
ILE01B4040_001   2.400  -0.515   1.885
ALA01B4041_001   0.000   0.000   0.000
ARG01B4042_001   2.576  -7.742  -5.166
ARG02B4042_002   2.507  -7.742  -5.235
ARG03B4042_003   2.568  -7.742  -5.174
ARG+1B4042_004   2.462  -7.742  -5.280
GLN01B4043_001   1.813  -1.370   0.443
GLN01B4043_002   2.951  -1.326   1.625
MET01B4044_001   0.011   0.000   0.011
VAL01B4045_001   0.846  -0.361   0.485
ASP01B4046_001   0.103  -2.170  -2.067
ASP01B4046_002   0.103  -2.170  -2.067
ASP02B4046_003   0.183  -2.218  -2.034
ASP02B4046_004   0.183  -2.218  -2.034
ASP-1B4046_005   0.099  -2.102  -2.003
MET01B4047_001   3.675  -0.139   3.535
LEU01B4048_001   1.691  -0.412   1.279
VAL01B4049_001   0.707  -2.727  -2.020
GLU01B4050_001   3.516  -2.213   1.304
GLU01B4050_002   3.516  -2.213   1.304
GLU02B4050_003   2.776  -2.364   0.412
GLU02B4050_004   2.776  -2.364   0.412
GLU-1B4050_005   2.725  -2.179   0.546
SER01B4051_001   0.000   0.000   0.000
SER01B4052_001   0.000  -1.193  -1.193
SER01B4052_002   0.000  -1.193  -1.193
SER01B4053_001   0.000  -4.516  -4.516
ASN01B4054_001   0.350  -0.576  -0.226
ASN01B4054_002   0.490  -0.728  -0.238
VAL01B4055_001   0.790  -0.206   0.584
GLU01B4056_001   4.088  -1.953   2.135
GLU01B4056_002   4.088  -1.953   2.135
GLU02B4056_003   3.265  -1.939   1.326
GLU02B4056_004   3.265  -1.939   1.326
GLU-1B4056_005   3.200  -1.930   1.271
MET01B4057_001   0.049  -2.680  -2.631
ILE01B4058_001   3.192  -0.670   2.522
LEU01B4059_001   2.197   0.000   2.197
LYS01B4060_001   1.387  -3.189  -1.802
LYS+1B4060_002   1.339  -3.189  -1.850
PHE01B4061_001   4.701  -0.540   4.161
PHE01B4062_001   5.679  -0.506   5.173
ASP01B4063_001   0.404  -0.662  -0.258
ASP01B4063_002   0.404  -0.662  -0.258
ASP02B4063_003   0.438  -0.826  -0.388
ASP02B4063_004   0.438  -0.826  -0.388
ASP-1B4063_005   0.341  -0.724  -0.382
MET01B4064_001   3.387  -0.530   2.857
PHE01B4065_001   4.539   0.000   4.539
LEU01B4066_001   1.621  -0.361   1.260
LYS01B4067_001   4.333  -1.955   2.378
LYS+1B4067_002   4.287  -1.955   2.332
LEU01B4068_001   1.944   0.000   1.944
LYS01B4069_001   2.509  -5.126  -2.617
LYS+1B4069_002   2.424  -5.126  -2.702
ASP01B4070_001   0.178  -1.431  -1.252
ASP01B4070_002   0.178  -1.431  -1.252
ASP02B4070_003   0.268  -1.436  -1.168
ASP02B4070_004   0.268  -1.436  -1.168
ASP-1B4070_005   0.169  -1.318  -1.148
ILE01B4071_001   3.763  -0.325   3.438
VAL01B4072_001   0.677  -0.567   0.111
SER01B4074_001   0.000  -1.936  -1.936
GLU01B4075_001   1.308  -3.241  -1.933
GLU01B4075_002   1.308  -3.241  -1.933
GLU02B4075_003   1.091  -3.219  -2.128
GLU02B4075_004   1.091  -3.219  -2.128
GLU-1B4075_005   0.998  -3.207  -2.208
ALA01B4076_001   0.000  -2.576  -2.576
PHE01B4077_001   4.615   0.000   4.615
GLN01B4078_001   0.795  -1.649  -0.854
GLN01B4078_002   0.675  -1.544  -0.868
ASP01B4079_001   0.163  -2.598  -2.435
ASP01B4079_002   0.163  -2.598  -2.435
ASP02B4079_003   0.247  -2.579  -2.331
ASP02B4079_004   0.247  -2.579  -2.331
ASP-1B4079_005   0.153  -2.549  -2.396
TYR01B4080_001   5.247  -1.024   4.223
TYR01B4080_002   5.247  -1.024   4.223
TYR-1B4080_003   5.247  -1.024   4.223
VAL01B4081_001   0.591  -0.464   0.127
THR01B4082_001   0.201  -6.352  -6.151
THR01B4082_002   0.201  -6.352  -6.151
THR01B4082_003   0.201  -6.352  -6.151
ASP01B4083_001   0.267  -0.938  -0.671
ASP01B4083_002   0.267  -0.938  -0.671
ASP02B4083_003   0.365  -0.974  -0.609
ASP02B4083_004   0.365  -0.974  -0.609
ASP-1B4083_005   0.250  -0.896  -0.646
PRO01B4084_001   0.248  -6.415  -6.167
ARG01B4085_001   2.224  -8.077  -5.854
ARG02B4085_002   2.161  -8.077  -5.917
ARG02B4085_003   2.221  -8.077  -5.857
ARG03B4085_004   2.161  -8.077  -5.917
ARG+1B4085_005   2.116  -8.077  -5.961
LEU01B4087_001   1.941  -4.066  -2.125
ILE01B4088_001   5.189   0.000   5.189
SER01B4089_001   0.000  -1.885  -1.885
SER01B4089_002   0.000  -1.885  -1.885
SER01B4089_003   0.000  -1.885  -1.885
LYS01B4090_001   1.649  -1.915  -0.266
LYS+1B4090_002   1.603  -1.915  -0.313
LYS01B4091_001   0.682  -8.804  -8.122
LYS+1B4091_002   0.637  -8.804  -8.166
ASP01B4092_001   0.050  -0.604  -0.554
ASP01B4092_002   0.050  -0.604  -0.554
ASP02B4092_003   0.113  -0.721  -0.608
ASP02B4092_004   0.113  -0.721  -0.608
ASP-1B4092_005   0.046  -0.637  -0.591
PHE01B4093_001   4.840   0.000   4.840
GLN01B4094_001   1.135  -1.176  -0.041
GLN01B4094_002   1.523  -1.105   0.418
LYS01B4095_001   2.277  -6.437  -4.160
LYS+1B4095_002   2.231  -6.437  -4.206
ALA01B4096_001   0.000   0.000   0.000
MET01B4097_001   0.035   0.000   0.035
ASP01B4098_001   0.422  -2.682  -2.260
ASP01B4098_002   0.422  -2.682  -2.260
ASP02B4098_003   0.469  -2.765  -2.296
ASP02B4098_004   0.469  -2.765  -2.296
ASP-1B4098_005   0.362  -2.619  -2.256
SER01B4099_001   0.000  -2.294  -2.294
GLN01B4100_001   3.135  -1.053   2.082
GLN01B4100_002   5.276  -1.040   4.236
LYS01B4101_001   0.814 -10.546  -9.732
LYS+1B4101_002   0.766 -10.546  -9.780
GLN01B4102_001   1.274  -2.094  -0.820
GLN01B4102_002   2.023  -2.169  -0.146
PHE01B4103_001   5.054  -0.051   5.003
THR01B4104_001   0.219  -4.398  -4.178
PRO01B4106_001   0.277  -6.586  -6.308
GLU01B4107_001   2.381  -1.674   0.707
GLU01B4107_002   2.381  -1.674   0.707
GLU02B4107_003   1.895  -1.712   0.182
GLU02B4107_004   1.895  -1.712   0.182
GLU-1B4107_005   1.824  -1.693   0.131
ILE01B4108_001   2.399  -0.206   2.193
GLN01B4109_001   0.747  -1.966  -1.219
GLN01B4109_002   0.661  -2.023  -1.362
PHE01B4110_001   4.884  -0.818   4.066
LEU01B4111_001   2.934   0.000   2.934
LEU01B4112_001   1.309  -0.206   1.103
SER01B4113_001   0.000  -1.622  -1.622
SER01B4113_002   0.000  -1.622  -1.622
CYS01B4114_001  -0.002  -0.071  -0.073
CYS01B4114_002  -0.002  -0.071  -0.073
CYS01B4114_003  -0.002  -0.071  -0.074
CYS-1B4114_004   0.000  -0.071  -0.071
SER01B4115_001   0.000   0.000   0.000
GLU01B4116_001   1.682  -1.829  -0.147
GLU01B4116_002   1.682  -1.829  -0.147
GLU02B4116_003   1.401  -1.857  -0.456
GLU02B4116_004   1.401  -1.857  -0.456
GLU-1B4116_005   1.302  -1.761  -0.459
ALA01B4117_001   0.000  -2.746  -2.746
ASP01B4118_001   0.411  -2.188  -1.777
ASP01B4118_002   0.411  -2.188  -1.777
ASP02B4118_003   0.464  -2.165  -1.700
ASP02B4118_004   0.464  -2.165  -1.700
ASP-1B4118_005   0.356  -2.102  -1.746
GLU01B4119_001   2.041  -3.797  -1.756
GLU01B4119_002   2.041  -3.797  -1.756
GLU02B4119_003   1.699  -3.842  -2.143
GLU02B4119_004   1.699  -3.842  -2.143
GLU-1B4119_005   1.595  -3.725  -2.130
ASN01B4120_001   0.024  -1.665  -1.641
ASN01B4120_002   0.196  -1.936  -1.739
GLU01B4121_001   2.879  -3.035  -0.156
GLU01B4121_002   2.879  -3.035  -0.156
GLU02B4121_003   2.295  -3.119  -0.824
GLU02B4121_004   2.295  -3.119  -0.824
GLU-1B4121_005   2.229  -2.980  -0.751
MET01B4122_001   0.141  -1.008  -0.867
ILE01B4123_001   1.956   0.000   1.956
ASN01B4124_001   0.141  -1.851  -1.709
ASN01B4124_002  -0.014  -1.600  -1.614
PHE01B4125_001   4.677  -2.847   1.830
GLU01B4126_001   0.497  -3.593  -3.096
GLU01B4126_002   0.497  -3.593  -3.096
GLU02B4126_003   0.663  -3.494  -2.831
GLU02B4126_004   0.663  -3.494  -2.831
GLU-1B4126_005   0.466  -3.411  -2.945
GLU01B4127_001   3.102  -1.304   1.799
GLU01B4127_002   3.102  -1.304   1.799
GLU02B4127_003   2.509  -1.312   1.196
GLU02B4127_004   2.509  -1.312   1.196
GLU-1B4127_005   2.427  -1.265   1.163
PHE01B4128_001   5.031   0.000   5.031
ALA01B4129_001   0.000  -0.155  -0.155
ASN01B4130_001   0.227  -1.748  -1.521
ASN01B4130_002   0.435  -1.745  -1.310
ARG01B4131_001   2.527  -0.425   2.102
ARG02B4131_002   2.455  -0.425   2.030
ARG03B4131_003   2.448  -0.425   2.023
ARG03B4131_004   2.453  -0.425   2.028
ARG+1B4131_005   2.409  -0.425   1.985
PHE01B4132_001   4.848  -0.051   4.798
GLN01B4133_001   2.085  -2.206  -0.122
GLN01B4133_002   3.364  -2.252   1.113
GLU01B4134_001   2.286  -1.276   1.010
GLU01B4134_002   2.286  -1.276   1.010
GLU02B4134_003   1.838  -1.230   0.608
GLU02B4134_004   1.838  -1.230   0.608
GLU-1B4134_005   1.765  -1.223   0.542
PRO01B4135_001   0.310  -0.315  -0.005
CTR01B4135_001  -0.021   0.000  -0.021
CTR01B4135_002   0.088   0.000   0.088
CTR02B4135_003  -0.022   0.000  -0.022
CTR02B4135_004   0.032   0.000   0.032
CTR-1B4135_005   0.000   0.000   0.000
NTR01B4136_001  -0.003   0.000  -0.003
NTR+1B4136_002  -0.005   0.000  -0.005
ALA01B4136_001   0.000  -0.052  -0.052
ARG01B4137_001   1.905  -3.570  -1.664
ARG02B4137_002   1.862  -3.570  -1.708
ARG02B4137_003   1.866  -3.570  -1.703
ARG03B4137_004   1.869  -3.570  -1.700
ARG+1B4137_005   1.822  -3.570  -1.747
ASP01B4138_001   0.178  -1.581  -1.403
ASP01B4138_002   0.178  -1.581  -1.403
ASP02B4138_003   0.266  -1.622  -1.356
ASP02B4138_004   0.266  -1.622  -1.356
ASP-1B4138_005   0.169  -1.520  -1.352
ILE01B4139_001   1.643  -0.258   1.386
PHE01B4141_001   4.409  -0.152   4.258
ASN01B4142_001   0.394  -0.684  -0.290
VAL01B4143_001   0.541  -1.494  -0.953
ALA01B4144_001   0.000   0.000   0.000
VAL01B4145_001   0.475  -0.052   0.424
LEU01B4146_001   2.124  -0.531   1.592
LEU01B4147_001   2.051  -0.103   1.948
THR01B4148_001   0.222  -0.524  -0.301
ASN01B4149_001   0.175  -0.118   0.057
ASN01B4149_002   0.010  -0.138  -0.128
LEU01B4150_001   1.403   0.000   1.403
SER01B4151_001   0.000  -1.108  -1.108
SER01B4151_002   0.000  -1.108  -1.108
GLU01B4152_001   2.651  -0.436   2.214
GLU01B4152_002   2.651  -0.436   2.214
GLU02B4152_003   2.124  -0.523   1.601
GLU02B4152_004   2.124  -0.523   1.601
GLU-1B4152_005   2.052  -0.448   1.604
HIS01B4153_001  -0.143  -0.287  -0.430
HIS02B4153_002  -0.161  -0.287  -0.448
HIS+1B4153_003  -0.188  -0.287  -0.475
VAL01B4154_001   0.684  -1.629  -0.945
PRO01B4155_001   0.281  -1.828  -1.547
HIS01B4156_001  -0.209  -6.190  -6.400
HIS01B4156_002  -0.165  -6.412  -6.577
HIS02B4156_003  -0.230  -6.190  -6.421
HIS02B4156_004  -0.174  -6.412  -6.586
HIS+1B4156_005  -0.257  -6.190  -6.447
HIS+1B4156_006  -0.201  -6.412  -6.613
ASP01B4157_001   0.087  -0.817  -0.731
ASP01B4157_002   0.087  -0.817  -0.731
ASP02B4157_003   0.161  -0.825  -0.664
ASP02B4157_004   0.161  -0.825  -0.664
ASP-1B4157_005   0.083  -0.784  -0.701
PRO01B4158_001   0.246  -6.322  -6.077
ARG01B4159_001   2.331  -7.468  -5.138
ARG02B4159_002   2.247  -7.468  -5.222
ARG02B4159_003   2.253  -7.468  -5.215
ARG03B4159_004   2.252  -7.468  -5.216
ARG+1B4159_005   2.208  -7.468  -5.260
LEU01B4160_001   1.589   0.000   1.589
ARG01B4161_001   1.841  -7.474  -5.632
ARG02B4161_002   1.864  -7.474  -5.610
ARG03B4161_003   1.802  -7.474  -5.672
ARG+1B4161_004   1.758  -7.474  -5.715
ASN01B4162_001   0.210  -2.033  -1.822
ASN01B4162_002   0.028  -1.934  -1.906
PHE01B4163_001   5.265  -0.202   5.063
LEU01B4164_001   1.650  -1.803  -0.153
GLU01B4165_001   3.807  -3.383   0.424
GLU01B4165_002   3.807  -3.383   0.424
GLU02B4165_003   3.041  -3.412  -0.371
GLU02B4165_004   3.041  -3.412  -0.371
GLU-1B4165_005   2.973  -3.221  -0.248
LEU01B4166_001   1.796  -3.174  -1.378
ALA01B4167_001   0.000   0.000   0.000
GLU01B4168_001   2.911  -2.126   0.784
GLU01B4168_002   2.911  -2.126   0.784
GLU02B4168_003   2.410  -2.129   0.281
GLU02B4168_004   2.410  -2.129   0.281
GLU-1B4168_005   2.295  -2.088   0.208
SER01B4169_001   0.000  -1.912  -1.912
SER01B4169_002   0.000  -1.912  -1.912
ILE01B4170_001   2.247  -0.155   2.092
LEU01B4171_001   1.999  -1.716   0.283
GLU01B4172_001   1.477  -2.775  -1.298
GLU01B4172_002   1.477  -2.775  -1.298
GLU02B4172_003   1.292  -2.586  -1.294
GLU02B4172_004   1.292  -2.586  -1.294
GLU-1B4172_005   1.165  -2.574  -1.409
TYR01B4173_001   4.876  -3.602   1.274
TYR01B4173_002   4.876  -3.602   1.274
TYR-1B4173_003   4.876  -3.602   1.274
PHE01B4174_001   4.932  -0.103   4.829
ARG01B4175_001   4.435  -6.045  -1.609
ARG02B4175_002   4.399  -6.045  -1.646
ARG02B4175_003   4.403  -6.045  -1.641
ARG03B4175_004   4.474  -6.045  -1.571
ARG+1B4175_005   4.358  -6.045  -1.686
PRO01B4176_001   0.478  -2.620  -2.142
TYR01B4177_001   5.321  -1.095   4.226
TYR01B4177_002   5.321  -1.095   4.226
TYR-1B4177_003   5.321  -1.095   4.226
LEU01B4178_001   2.390  -1.407   0.983
ARG01B4180_001   1.854  -2.441  -0.587
ARG02B4180_002   1.818  -2.441  -0.623
ARG02B4180_003   1.880  -2.441  -0.561
ARG03B4180_004   1.817  -2.441  -0.625
ARG+1B4180_005   1.773  -2.441  -0.668
ILE01B4181_001   2.894  -0.155   2.740
GLU01B4182_001   3.932   0.000   3.932
GLU01B4182_002   3.932   0.000   3.932
GLU02B4182_003   3.145   0.000   3.145
GLU02B4182_004   3.145   0.000   3.145
GLU-1B4182_005   3.076   0.000   3.076
ILE01B4183_001   1.759  -0.155   1.604
MET01B4184_001   1.782  -2.769  -0.988
ALA01B4186_001   0.000  -2.437  -2.437
SER01B4187_001   0.000  -1.428  -1.428
SER01B4187_002   0.000  -1.428  -1.428
SER01B4187_003   0.000  -1.428  -1.428
ARG01B4188_001   3.203 -10.788  -7.585
ARG02B4188_002   3.251 -10.788  -7.537
ARG03B4188_003   3.181 -10.788  -7.607
ARG+1B4188_004   3.138 -10.788  -7.651
ARG01B4189_001   4.518  -3.284   1.234
ARG02B4189_002   4.533  -3.284   1.249
ARG03B4189_003   4.484  -3.284   1.200
ARG+1B4189_004   4.439  -3.284   1.155
ILE01B4190_001   4.196  -0.206   3.990
GLU01B4191_001   2.065  -0.116   1.949
GLU01B4191_002   2.065  -0.116   1.949
GLU02B4191_003   1.627  -0.158   1.469
GLU02B4191_004   1.627  -0.158   1.469
GLU-1B4191_005   1.570  -0.116   1.454
ARG01B4192_001   2.803  -0.707   2.096
ARG02B4192_002   2.728  -0.707   2.021
ARG02B4192_003   2.733  -0.707   2.027
ARG03B4192_004   2.734  -0.707   2.027
ARG03B4192_005   2.795  -0.707   2.088
ARG+1B4192_006   2.689  -0.707   1.982
ILE01B4193_001   5.646  -1.372   4.275
TYR01B4194_001   5.109  -0.854   4.256
TYR-1B4194_002   5.109  -0.854   4.256
PHE01B4195_001   5.414   0.000   5.414
GLU01B4196_001   3.358  -1.187   2.172
GLU01B4196_002   3.358  -1.187   2.172
GLU02B4196_003   2.683  -1.148   1.536
GLU02B4196_004   2.683  -1.148   1.536
GLU-1B4196_005   2.619  -1.137   1.482
ILE01B4197_001   3.132   0.000   3.132
SER01B4198_001   0.000  -2.182  -2.182
SER01B4198_002   0.000  -2.182  -2.182
GLU01B4199_001   1.751  -2.172  -0.421
GLU01B4199_002   1.751  -2.172  -0.421
GLU02B4199_003   1.481  -2.093  -0.612
GLU02B4199_004   1.481  -2.093  -0.612
GLU-1B4199_005   1.370  -2.053  -0.683
THR01B4200_001   0.243  -5.359  -5.116
THR01B4200_002   0.243  -5.359  -5.116
ASN01B4201_001   0.270  -0.620  -0.350
ASN01B4201_002   0.473  -0.605  -0.132
ARG01B4202_001   3.258  -3.279  -0.020
ARG02B4202_002   3.221  -3.279  -0.057
ARG03B4202_003   3.212  -3.279  -0.067
ARG+1B4202_004   3.172  -3.279  -0.106
ALA01B4203_001   0.000  -3.226  -3.226
GLN01B4204_001   5.301  -0.370   4.931
GLN01B4204_002   8.278  -0.323   7.956
TRP01B4205_001   3.340  -1.172   2.168
GLU01B4206_001   1.552  -2.541  -0.989
GLU01B4206_002   1.552  -2.541  -0.989
GLU02B4206_003   1.293  -2.668  -1.375
GLU02B4206_004   1.293  -2.668  -1.375
GLU-1B4206_005   1.198  -2.557  -1.359
MET01B4207_001   0.793  -3.516  -2.723
PRO01B4208_001   0.262  -7.417  -7.155
GLN01B4209_001   0.742  -2.172  -1.430
GLN01B4209_002   0.653  -2.019  -1.367
VAL01B4210_001   0.796   0.000   0.796
LYS01B4211_001   1.297  -5.470  -4.173
LYS+1B4211_002   1.248  -5.470  -4.222
GLU01B4212_001   1.647  -2.460  -0.812
GLU01B4212_002   1.647  -2.460  -0.812
GLU02B4212_003   1.377  -2.404  -1.027
GLU02B4212_004   1.377  -2.404  -1.027
GLU-1B4212_005   1.274  -2.436  -1.161
SER01B4213_001   0.000  -1.887  -1.887
LYS01B4214_001   4.524  -1.755   2.768
LYS+1B4214_002   4.427  -1.755   2.672
ARG01B4215_001   3.547  -7.879  -4.332
ARG02B4215_002   3.572  -7.879  -4.307
ARG03B4215_003   3.501  -7.879  -4.378
ARG+1B4215_004   3.456  -7.879  -4.423
GLN01B4216_001   2.097  -3.059  -0.963
GLN01B4216_002   3.457  -2.921   0.536
PHE01B4217_001   5.181  -1.065   4.116
ILE01B4218_001   2.433  -2.627  -0.194
PHE01B4219_001   5.024  -2.721   2.303
ASP01B4220_001   0.183  -1.558  -1.375
ASP01B4220_002   0.183  -1.558  -1.375
ASP02B4220_003   0.272  -1.583  -1.311
ASP02B4220_004   0.272  -1.583  -1.311
ASP-1B4220_005   0.173  -1.468  -1.295
VAL01B4221_001   1.022  -0.361   0.661
VAL01B4222_001   0.929  -0.670   0.259
ASN01B4223_001   0.200  -1.640  -1.441
GLU01B4224_001   2.349  -3.738  -1.389
GLU01B4224_002   2.349  -3.738  -1.389
GLU02B4224_003   1.960  -3.564  -1.604
GLU02B4224_004   1.960  -3.564  -1.604
GLU-1B4224_005   1.848  -3.608  -1.760
GLU01B4227_001   1.171  -4.350  -3.179
GLU01B4227_002   1.171  -4.350  -3.179
GLU02B4227_003   0.946  -4.295  -3.349
GLU02B4227_004   0.946  -4.295  -3.349
GLU-1B4227_005   0.875  -4.215  -3.340
ALA01B4228_001   0.000  -2.881  -2.881
GLU01B4229_001   2.576  -2.531   0.045
GLU01B4229_002   2.576  -2.531   0.045
GLU02B4229_003   2.128  -2.583  -0.455
GLU02B4229_004   2.128  -2.583  -0.455
GLU-1B4229_005   2.023  -2.511  -0.488
LYS01B4230_001   2.060  -4.265  -2.205
LYS+1B4230_002   2.010  -4.265  -2.255
MET01B4231_001   0.057  -0.692  -0.634
GLU01B4232_001   2.231  -1.121   1.109
GLU01B4232_002   2.231  -1.121   1.109
GLU02B4232_003   1.813  -1.188   0.626
GLU02B4232_004   1.813  -1.188   0.626
GLU-1B4232_005   1.727  -1.145   0.582
LEU01B4233_001   3.026  -3.741  -0.715
PHE01B4234_001   5.444  -0.101   5.343
VAL01B4235_001   0.815  -0.515   0.300
SER01B4236_001   0.000  -1.921  -1.921
SER01B4236_002   0.000  -1.921  -1.921
PHE01B4237_001   5.340  -1.014   4.326
CYS01B4238_001  -0.002  -0.139  -0.141
CYS01B4238_002  -0.002  -0.139  -0.141
CYS01B4238_003  -0.002  -0.139  -0.142
CYS-1B4238_004   0.000  -0.139  -0.139
GLU01B4239_001   3.750  -0.034   3.716
GLU01B4239_002   3.750  -0.034   3.716
GLU02B4239_003   3.011  -0.036   2.975
GLU02B4239_004   3.011  -0.036   2.975
GLU-1B4239_005   2.944  -0.034   2.910
ASP01B4240_001   0.078  -0.792  -0.715
ASP01B4240_002   0.078  -0.792  -0.715
ASP02B4240_003   0.150  -0.797  -0.647
ASP02B4240_004   0.150  -0.797  -0.647
ASP-1B4240_005   0.074  -0.792  -0.718
THR01B4241_001   0.336  -0.163   0.173
THR01B4241_002   0.336  -0.163   0.173
ILE01B4242_001   2.514  -0.206   2.307
PHE01B4243_001   5.338  -0.606   4.732
GLU01B4244_001   2.204  -0.598   1.606
GLU01B4244_002   2.204  -0.598   1.606
GLU02B4244_003   1.746  -0.567   1.178
GLU02B4244_004   1.746  -0.567   1.178
GLU-1B4244_005   1.680  -0.586   1.094
MET01B4245_001  -0.114   0.000  -0.114
GLN01B4246_001   0.800  -1.665  -0.865
GLN01B4246_002   0.658  -2.105  -1.447
ILE01B4247_001   1.214  -1.133   0.080
ALA01B4248_001   0.000  -0.361  -0.361
ALA01B4249_001   0.000  -3.207  -3.207
GLN01B4250_001   2.329  -2.896  -0.567
GLN01B4250_002   3.823  -2.832   0.991
ILE01B4251_001   2.452  -1.304   1.148
SER01B4252_001   0.000  -3.171  -3.171
SER01B4252_002   0.000  -3.171  -3.171
GLU01B4253_001   0.498  -2.504  -2.006
GLU01B4253_002   0.498  -2.504  -2.006
GLU02B4253_003   0.665  -2.408  -1.743
GLU02B4253_004   0.665  -2.408  -1.743
GLU-1B4253_005   0.467  -2.368  -1.901
CTR01B4253_001  -0.021  -5.290  -5.311
CTR01B4253_002   0.111  -5.522  -5.411
CTR02B4253_003  -0.022  -5.309  -5.331
CTR02B4253_004   0.043  -5.502  -5.459
CTR-1B4253_005   0.000  -5.232  -5.232
NTR01B4540_001  -0.003  -2.571  -2.574
NTR+1B4540_002  -0.005  -2.571  -2.576
PHE01B4540_001   2.034  -3.146  -1.112
TRP01B4541_001   0.640 -13.226 -12.586
GLU01B4543_001   0.498  -3.455  -2.957
GLU01B4543_002   0.498  -3.455  -2.957
GLU02B4543_003   0.664  -3.481  -2.817
GLU02B4543_004   0.664  -3.481  -2.817
GLU-1B4543_005   0.467  -3.402  -2.936
LEU01B4544_001   1.455  -3.931  -2.476
GLU01B4545_001   0.499  -2.472  -1.972
GLU01B4545_002   0.499  -2.472  -1.972
GLU02B4545_003   0.666  -2.385  -1.719
GLU02B4545_004   0.666  -2.385  -1.719
GLU-1B4545_005   0.468  -2.425  -1.957
VAL01B4546_001   0.546  -5.782  -5.236
GLN01B4547_001   1.340  -2.689  -1.349
GLN01B4547_002   1.902  -2.761  -0.859
ARG01B4548_001   3.742  -6.994  -3.252
ARG02B4548_002   3.688  -6.994  -3.307
ARG02B4548_003   3.693  -6.994  -3.301
ARG03B4548_004   3.781  -6.994  -3.214
ARG+1B4548_005   3.648  -6.994  -3.347
VAL01B4549_001   0.812  -3.657  -2.845
LYS01B4550_001   3.782  -4.486  -0.704
LYS+1B4550_002   3.688  -4.486  -0.798
PHE01B4551_001   4.736  -7.452  -2.716
LEU01B4552_001   3.094  -1.046   2.048
ASN01B4553_001   0.303  -0.876  -0.574
ASN01B4553_002   0.466  -0.950  -0.484
TYR01B4554_001   4.457  -7.358  -2.901
TYR-1B4554_002   4.457  -7.358  -2.901
LEU01B4555_001   1.953  -0.155   1.798
SER01B4556_001   0.000   0.000   0.000
ARG01B4557_001   5.571  -4.033   1.539
ARG02B4557_002   5.525  -4.033   1.492
ARG02B4557_003   5.530  -4.033   1.497
ARG03B4557_004   5.532  -4.033   1.500
ARG+1B4557_005   5.484  -4.033   1.452
ASN01B4558_001   0.189  -1.140  -0.951
PHE01B4559_001   4.641  -0.808   3.832
TYR01B4560_001   4.721  -7.064  -2.343
TYR-1B4560_002   4.721  -7.064  -2.343
THR01B4561_001   0.268  -4.326  -4.058
THR01B4561_002   0.268  -4.326  -4.058
LEU01B4562_001   2.298  -0.873   1.425
ARG01B4563_001   1.654  -2.094  -0.439
ARG02B4563_002   1.607  -2.094  -0.487
ARG02B4563_003   1.612  -2.094  -0.481
ARG03B4563_004   1.612  -2.094  -0.482
ARG03B4563_005   1.671  -2.094  -0.422
ARG+1B4563_006   1.568  -2.094  -0.526
PHE01B4564_001   4.852  -8.623  -3.771
LEU01B4565_001   1.630  -3.586  -1.957
ALA01B4566_001   0.000   0.000   0.000
LEU01B4567_001   1.782  -2.180  -0.398
PHE01B4568_001   4.850  -7.971  -3.121
LEU01B4569_001   3.617  -0.412   3.205
ALA01B4570_001   0.000   0.000   0.000
PHE01B4571_001   4.551  -6.566  -2.014
ALA01B4572_001   0.000  -1.767  -1.767
ILE01B4573_001   1.629   0.000   1.629
ASN01B4574_001   0.417  -0.224   0.193
ASN01B4574_002   0.195  -0.268  -0.074
PHE01B4575_001   4.705  -9.139  -4.434
ILE01B4576_001   2.968  -0.686   2.282
LEU01B4577_001   3.408  -2.057   1.350
LEU01B4578_001   2.212  -6.455  -4.243
PHE01B4579_001   4.719  -3.015   1.704
TYR01B4580_001   4.401  -3.929   0.472
TYR-1B4580_002   4.401  -3.929   0.472
LYS01B4581_001   1.057  -6.543  -5.486
LYS+1B4581_002   1.010  -6.543  -5.533
VAL01B4582_001   0.450  -5.576  -5.126
SER01B4583_001   0.000  -0.615  -0.615
SER01B4583_002   0.000  -0.615  -0.615
ASP01B4584_001  -0.041  -3.637  -3.677
ASP01B4584_002  -0.041  -3.637  -3.677
ASP02B4584_003  -0.010  -3.641  -3.650
ASP02B4584_004  -0.010  -3.641  -3.650
ASP-1B4584_005  -0.041  -3.622  -3.663
SER01B4585_001   0.000  -3.195  -3.195
SER01B4585_002   0.000  -3.195  -3.195
PRO01B4586_001   0.278  -5.206  -4.927
PRO01B4587_001   0.254  -4.578  -4.324
CTR01B4587_001  -0.021  -4.585  -4.606
CTR01B4587_002   0.090  -4.354  -4.264
CTR02B4587_003  -0.022  -4.373  -4.395
CTR02B4587_004   0.033  -4.566  -4.534
CTR-1B4587_005   0.000  -4.373  -4.373
NTR01B4626_001  -0.003  -3.451  -3.454
NTR+1B4626_002  -0.005  -3.451  -3.456
ASN01B4626_001  -0.020  -3.319  -3.339
MET01B4627_001   0.141  -4.107  -3.967
VAL01B4628_001   0.578  -2.762  -2.184
TYR01B4629_001   4.687  -7.960  -3.273
TYR-1B4629_002   4.687  -7.960  -3.273
TYR01B4630_001   4.782  -3.465   1.317
TYR-1B4630_002   4.782  -3.465   1.317
PHE01B4631_001   4.836  -2.722   2.114
LEU01B4632_001   1.872  -4.407  -2.535
GLU01B4633_001   2.777  -2.462   0.315
GLU01B4633_002   2.777  -2.462   0.315
GLU02B4633_003   2.208  -2.655  -0.446
GLU02B4633_004   2.208  -2.655  -0.446
GLU-1B4633_005   2.144  -2.563  -0.419
GLU01B4634_001   2.420  -1.154   1.266
GLU01B4634_002   2.420  -1.154   1.266
GLU02B4634_003   1.913  -1.083   0.830
GLU02B4634_004   1.913  -1.083   0.830
GLU-1B4634_005   1.855  -1.038   0.817
SER01B4635_001   0.000  -5.028  -5.028
THR01B4636_001   0.186  -2.606  -2.420
THR01B4636_002   0.186  -2.606  -2.420
THR01B4636_003   0.186  -2.606  -2.420
TYR01B4638_001   4.745  -9.115  -4.370
TYR01B4638_002   4.745  -9.115  -4.370
TYR-1B4638_003   4.745  -9.115  -4.370
MET01B4639_001  13.111   0.000  13.111
GLU01B4640_001   2.100  -2.242  -0.142
GLU01B4640_002   2.100  -2.242  -0.142
GLU02B4640_003   1.726  -2.367  -0.640
GLU02B4640_004   1.726  -2.367  -0.640
GLU-1B4640_005   1.631  -2.377  -0.746
PRO01B4641_001   0.264  -5.893  -5.630
ALA01B4642_001   0.000  -2.627  -2.627
LEU01B4643_001   3.170  -1.716   1.454
TRP01B4644_001   2.888  -8.798  -5.910
CYS01B4645_001  -0.002  -3.901  -3.903
CYS01B4645_002  -0.002  -3.901  -3.903
CYS01B4645_003  -0.002  -3.901  -3.904
CYS-1B4645_004   0.000  -3.901  -3.901
LEU01B4646_001   1.474  -2.988  -1.514
SER01B4647_001   0.000   0.000   0.000
SER01B4647_002   0.000   0.000   0.000
SER01B4647_003   0.000   0.000   0.000
LEU01B4648_001   2.532  -4.910  -2.378
LEU01B4649_001   2.046  -3.570  -1.524
HIS01B4650_001  -0.146   0.000  -0.146
HIS02B4650_002  -0.165   0.000  -0.165
HIS+1B4650_003  -0.192   0.000  -0.192
THR01B4651_001   0.253  -1.579  -1.326
THR01B4651_002   0.253  -1.579  -1.326
LEU01B4652_001   3.738  -4.926  -1.187
VAL01B4653_001   0.709  -0.309   0.400
ALA01B4654_001   0.000   0.000   0.000
PHE01B4655_001   4.742  -7.877  -3.134
LEU01B4656_001   2.108  -2.093   0.016
CYS01B4657_001  -0.002   0.000  -0.002
CYS01B4657_002  -0.002   0.000  -0.002
CYS01B4657_003  -0.002   0.000  -0.002
CYS-1B4657_004   0.000   0.000   0.000
ILE01B4658_001   2.241  -2.263  -0.022
ILE01B4659_001   3.449  -3.036   0.413
TYR01B4661_001   4.756  -0.303   4.453
TYR01B4661_002   4.756  -0.303   4.453
TYR-1B4661_003   4.756  -0.303   4.453
ASN01B4662_001   0.181  -2.008  -1.827
ASN01B4662_002   0.011  -1.929  -1.919
CYS01B4663_001  -0.002  -1.241  -1.243
CYS01B4663_002  -0.002  -1.241  -1.243
CYS01B4663_003  -0.002  -1.241  -1.244
CYS-1B4663_004   0.000  -1.241  -1.241
LEU01B4664_001   1.722  -1.545   0.177
LYS01B4665_001   2.893  -3.358  -0.466
LYS+1B4665_002   2.802  -3.358  -0.556
VAL01B4666_001   0.365   0.000   0.365
PRO01B4667_001   0.244  -1.870  -1.626
LEU01B4668_001   2.258  -1.748   0.510
VAL01B4669_001   0.558  -1.732  -1.174
ILE01B4670_001   1.835  -0.567   1.269
PHE01B4671_001   5.049   0.000   5.049
LYS01B4672_001   1.329  -4.655  -3.327
LYS+1B4672_002   1.280  -4.655  -3.375
ARG01B4673_001   2.957  -0.565   2.392
ARG02B4673_002   2.916  -0.565   2.350
ARG02B4673_003   2.920  -0.565   2.355
ARG03B4673_004   2.924  -0.565   2.359
ARG03B4673_005   2.997  -0.565   2.431
ARG+1B4673_006   2.876  -0.565   2.310
GLU01B4674_001   2.285   0.000   2.285
GLU01B4674_002   2.285   0.000   2.285
GLU02B4674_003   1.855   0.000   1.855
GLU02B4674_004   1.855   0.000   1.855
GLU-1B4674_005   1.775   0.000   1.775
LYS01B4675_001   1.950  -0.435   1.515
LYS+1B4675_002   1.901  -0.435   1.466
GLU01B4676_001   3.799  -1.373   2.426
GLU01B4676_002   3.799  -1.373   2.426
GLU02B4676_003   3.037  -1.349   1.687
GLU02B4676_004   3.037  -1.349   1.687
GLU-1B4676_005   2.969  -1.344   1.625
LEU01B4677_001   1.318  -0.567   0.752
ALA01B4678_001   0.000  -0.309  -0.309
ARG01B4679_001   1.948  -2.472  -0.523
ARG02B4679_002   1.934  -2.472  -0.538
ARG02B4679_003   2.015  -2.472  -0.456
ARG03B4679_004   1.925  -2.472  -0.546
ARG03B4679_005   1.929  -2.472  -0.543
ARG+1B4679_006   1.886  -2.472  -0.586
LYS01B4680_001   0.860  -5.426  -4.566
LYS+1B4680_002   0.814  -5.426  -4.612
LEU01B4681_001   1.508  -0.052   1.457
GLU01B4682_001   2.441  -0.762   1.680
GLU01B4682_002   2.441  -0.762   1.680
GLU02B4682_003   1.987  -0.757   1.230
GLU02B4682_004   1.987  -0.757   1.230
GLU-1B4682_005   1.901  -0.771   1.130
PHE01B4683_001   4.939  -4.016   0.923
ASP01B4684_001   0.258  -2.321  -2.062
ASP01B4684_002   0.258  -2.321  -2.062
ASP02B4684_003   0.364  -2.277  -1.913
ASP02B4684_004   0.364  -2.277  -1.913
ASP-1B4684_005   0.246  -2.205  -1.960
LEU01B4686_001   2.243  -2.057   0.185
TYR01B4687_001   5.114  -0.153   4.961
TYR-1B4687_002   5.114  -0.153   4.961
ILE01B4688_001   2.085   0.000   2.085
THR01B4689_001   0.216  -3.005  -2.789
THR01B4689_002   0.216  -3.005  -2.789
GLU01B4690_001   3.665  -2.952   0.713
GLU01B4690_002   3.665  -2.952   0.713
GLU02B4690_003   2.926  -2.996  -0.070
GLU02B4690_004   2.926  -2.996  -0.070
GLU-1B4690_005   2.860  -2.894  -0.034
GLN01B4691_001   1.477  -2.456  -0.979
GLN01B4691_002   2.078  -2.512  -0.434
PRO01B4692_001   0.372  -0.100   0.273
ASP01B4694_001   0.157  -2.288  -2.130
ASP01B4694_002   0.157  -2.288  -2.130
ASP02B4694_003   0.240  -2.429  -2.189
ASP02B4694_004   0.240  -2.429  -2.189
ASP-1B4694_005   0.148  -2.334  -2.186
ASP01B4695_001   0.164  -3.182  -3.018
ASP01B4695_002   0.164  -3.182  -3.018
ASP02B4695_003   0.251  -3.429  -3.178
ASP02B4695_004   0.251  -3.429  -3.178
ASP-1B4695_005   0.155  -3.256  -3.100
ASP01B4696_001   0.143  -3.212  -3.069
ASP01B4696_002   0.143  -3.212  -3.069
ASP02B4696_003   0.222  -3.226  -3.004
ASP02B4696_004   0.222  -3.226  -3.004
ASP-1B4696_005   0.134  -3.136  -3.002
VAL01B4697_001   0.706  -7.205  -6.499
LYS01B4698_001   1.533  -5.573  -4.040
LYS+1B4698_002   1.484  -5.573  -4.089
GLN01B4700_001   1.370  -2.059  -0.689
GLN01B4700_002   1.059  -2.097  -1.038
TRP01B4701_001   3.301  -4.501  -1.200
ASP01B4702_001   0.159  -0.034   0.125
ASP01B4702_002   0.159  -0.034   0.125
ASP02B4702_003   0.244  -0.036   0.208
ASP02B4702_004   0.244  -0.036   0.208
ASP-1B4702_005   0.151  -0.034   0.116
ARG01B4703_001   2.996  -5.318  -2.323
ARG02B4703_002   2.944  -5.318  -2.374
ARG03B4703_003   2.952  -5.318  -2.366
ARG+1B4703_004   2.904  -5.318  -2.414
LEU01B4704_001   4.181  -2.865   1.316
VAL01B4705_001   0.554   0.000   0.554
LEU01B4706_001   1.445  -0.206   1.239
ASN01B4707_001   0.540  -1.397  -0.858
THR01B4708_001   0.273  -0.206   0.067
THR01B4708_002   0.273  -0.206   0.067
PRO01B4709_001   0.278  -4.518  -4.240
SER01B4710_001   0.000  -1.552  -1.552
SER01B4710_002   0.000  -1.552  -1.552
SER01B4710_003   0.000  -1.552  -1.552
PHE01B4711_001   5.229  -0.051   5.178
PRO01B4712_001   0.345  -0.155   0.191
SER01B4713_001   0.000  -1.561  -1.561
SER01B4713_002   0.000  -1.561  -1.561
ASN01B4714_001   0.142  -0.812  -0.670
ASN01B4714_002  -0.011  -0.925  -0.936
TYR01B4715_001   5.272  -0.925   4.347
TYR01B4715_002   5.272  -0.925   4.347
TYR-1B4715_003   5.272  -0.925   4.347
TRP01B4716_001   3.112  -2.401   0.711
ASP01B4717_001   0.329  -0.833  -0.504
ASP01B4717_002   0.329  -0.833  -0.504
ASP02B4717_003   0.360  -0.806  -0.447
ASP02B4717_004   0.360  -0.806  -0.447
ASP-1B4717_005   0.275  -0.801  -0.526
LYS01B4718_001   0.604  -3.524  -2.920
LYS+1B4718_002   0.561  -3.524  -2.963
PHE01B4719_001   4.713  -3.692   1.021
VAL01B4720_001   0.680  -0.309   0.371
LYS01B4721_001   0.758  -0.824  -0.066
LYS+1B4721_002   0.713  -0.824  -0.112
ARG01B4722_001   3.786  -6.773  -2.987
ARG02B4722_002   3.735  -6.773  -3.038
ARG03B4722_003   3.738  -6.773  -3.035
ARG+1B4722_004   3.690  -6.773  -3.083
LYS01B4723_001   1.593  -3.838  -2.245
LYS+1B4723_002   1.545  -3.838  -2.293
VAL01B4724_001   0.646   0.000   0.646
LEU01B4725_001   2.401  -0.943   1.458
ASP01B4726_001   0.098  -3.302  -3.204
ASP01B4726_002   0.098  -3.302  -3.204
ASP02B4726_003   0.177  -3.157  -2.980
ASP02B4726_004   0.177  -3.157  -2.980
ASP-1B4726_005   0.095  -3.252  -3.157
LYS01B4727_001   1.361  -3.823  -2.462
LYS+1B4727_002   1.314  -3.823  -2.510
HIS01B4728_001  -0.114  -1.335  -1.450
HIS01B4728_002  -0.064  -1.541  -1.605
HIS02B4728_003  -0.134  -1.335  -1.469
HIS02B4728_004  -0.077  -1.541  -1.617
HIS+1B4728_005  -0.161  -1.335  -1.496
HIS+1B4728_006  -0.103  -1.541  -1.644
ASP01B4730_001   0.079  -3.540  -3.461
ASP01B4730_002   0.079  -3.540  -3.461
ASP02B4730_003   0.153  -3.587  -3.434
ASP02B4730_004   0.153  -3.587  -3.434
ASP-1B4730_005   0.076  -3.532  -3.455
ILE01B4731_001   3.173  -5.180  -2.007
PHE01B4732_001   4.245  -4.373  -0.127
ARG01B4734_001   2.256  -8.086  -5.830
ARG02B4734_002   2.236  -8.086  -5.850
ARG03B4734_003   2.326  -8.086  -5.760
ARG+1B4734_004   2.193  -8.086  -5.894
GLU01B4735_001   3.761  -3.286   0.475
GLU01B4735_002   3.761  -3.286   0.475
GLU02B4735_003   3.031  -3.430  -0.399
GLU02B4735_004   3.031  -3.430  -0.399
GLU-1B4735_005   2.949  -3.319  -0.370
ARG01B4736_001   3.766  -8.629  -4.862
ARG02B4736_002   3.712  -8.629  -4.916
ARG03B4736_003   3.720  -8.629  -4.908
ARG+1B4736_004   3.672  -8.629  -4.957
ILE01B4737_001   2.247  -0.052   2.196
ALA01B4738_001   0.000  -0.052  -0.052
GLU01B4739_001   4.067  -2.653   1.413
GLU01B4739_002   4.067  -2.653   1.413
GLU02B4739_003   3.278  -2.762   0.515
GLU02B4739_004   3.278  -2.762   0.515
GLU-1B4739_005   3.201  -2.660   0.541
LEU01B4740_001   2.218  -2.537  -0.319
LEU01B4741_001   1.698   0.000   1.698
MET01B4743_001   0.374  -0.719  -0.345
ASP01B4744_001  -0.040  -2.135  -2.175
ASP01B4744_002  -0.040  -2.135  -2.175
ASP02B4744_003  -0.009  -2.149  -2.158
ASP02B4744_004  -0.009  -2.149  -2.158
ASP-1B4744_005  -0.040  -2.144  -2.185
LEU01B4745_001   1.456  -5.991  -4.535
ALA01B4746_001   0.000  -1.082  -1.082
SER01B4747_001   0.000  -1.154  -1.154
SER01B4747_002   0.000  -1.154  -1.154
LEU01B4748_001   1.460  -5.631  -4.171
GLU01B4749_001   0.501  -2.334  -1.833
GLU01B4749_002   0.501  -2.334  -1.833
GLU02B4749_003   0.668  -2.407  -1.739
GLU02B4749_004   0.668  -2.407  -1.739
GLU-1B4749_005   0.470  -2.309  -1.839
ILE01B4750_001   0.939  -2.318  -1.379
THR01B4751_001   0.152  -4.939  -4.787
THR01B4751_002   0.152  -4.939  -4.787
ALA01B4752_001   0.000  -2.865  -2.865
HIS01B4753_001  -0.354  -1.861  -2.215
HIS01B4753_002  -0.345  -2.113  -2.458
HIS02B4753_003  -0.363  -1.861  -2.224
HIS02B4753_004  -0.356  -2.113  -2.469
HIS+1B4753_005  -0.382  -1.861  -2.243
HIS+1B4753_006  -0.375  -2.113  -2.488
ASN01B4754_001  -0.020  -0.694  -0.714
ASN01B4754_002  -0.091  -0.571  -0.662
GLU01B4755_001   0.499  -1.910  -1.412
GLU01B4755_002   0.499  -1.910  -1.412
GLU02B4755_003   0.665  -1.908  -1.243
GLU02B4755_004   0.665  -1.908  -1.243
GLU-1B4755_005   0.467  -1.861  -1.393
ARG01B4756_0011191.656  -5.5481186.109
ARG02B4756_0021191.638  -5.5481186.090
ARG03B4756_0031191.672  -5.5481186.124
ARG03B4756_004 190.702  -5.548 185.154
ARG+1B4756_0051191.606  -5.5481186.058
LYS01B4757_001   3.777  -1.268   2.509
LYS+1B4757_002   3.683  -1.268   2.415
PRO01B4758_001   0.239  -4.944  -4.704
ASP01B4759_001  -0.040  -3.147  -3.188
ASP01B4759_002  -0.040  -3.147  -3.188
ASP02B4759_003  -0.009  -3.141  -3.150
ASP02B4759_004  -0.009  -3.141  -3.150
ASP-1B4759_005  -0.041  -3.122  -3.162
PRO01B4760_001   0.236  -6.769  -6.533
PRO01B4761_001   0.245  -7.089  -6.844
PRO01B4762_001   0.227  -5.570  -5.343
LEU01B4764_001   1.462  -4.807  -3.345
LEU01B4765_001   1.454  -4.874  -3.420
THR01B4766_001   0.211  -5.249  -5.038
THR01B4766_002   0.211  -5.249  -5.038
TRP01B4767_001   3.102  -7.390  -4.288
LEU01B4768_001   3.404  -6.864  -3.460
MET01B4769_001   0.213  -9.551  -9.338
SER01B4770_001   0.000  -3.237  -3.237
ILE01B4771_001   2.100  -4.633  -2.532
ASP01B4772_001   0.144  -2.157  -2.013
ASP01B4772_002   0.144  -2.157  -2.013
ASP02B4772_003   0.219  -2.193  -1.974
ASP02B4772_004   0.219  -2.193  -1.974
ASP-1B4772_005   0.133  -2.136  -2.003
VAL01B4773_001   0.687  -5.734  -5.047
LYS01B4774_001   1.193  -6.305  -5.112
LYS+1B4774_002   1.145  -6.305  -5.160
TYR01B4775_001   4.819  -0.565   4.253
TYR01B4775_002   4.819  -0.565   4.253
TYR-1B4775_003   4.819  -0.565   4.253
GLN01B4776_001   0.823  -1.814  -0.991
GLN01B4776_002   0.704  -1.744  -1.039
ILE01B4777_001   2.677  -4.221  -1.544
TRP01B4778_001   3.716   0.000   3.716
LYS01B4779_001   1.452  -3.324  -1.873
LYS+1B4779_002   1.405  -3.324  -1.920
PHE01B4780_001   4.647  -5.824  -1.177
VAL01B4782_001   1.247   0.000   1.247
ILE01B4783_001   2.428  -1.011   1.417
PHE01B4784_001   4.180  -6.692  -2.511
THR01B4785_001   0.221  -2.249  -2.028
THR01B4785_002   0.221  -2.249  -2.028
ASP01B4786_001   0.311  -0.833  -0.522
ASP01B4786_002   0.311  -0.833  -0.522
ASP02B4786_003   0.355  -0.758  -0.403
ASP02B4786_004   0.355  -0.758  -0.403
ASP-1B4786_005   0.265  -0.758  -0.493
ASN01B4787_001   0.439  -3.674  -3.235
ASN01B4787_002   0.200  -3.703  -3.503
SER01B4788_001   0.000  -2.775  -2.775
SER01B4788_002   0.000  -2.775  -2.775
SER01B4788_003   0.000  -2.775  -2.775
PHE01B4789_001   5.151  -2.057   3.094
LEU01B4790_001   1.991  -5.354  -3.363
TYR01B4791_001   5.103  -3.671   1.431
TYR01B4791_002   5.103  -3.671   1.431
TYR-1B4791_003   5.103  -3.671   1.431
LEU01B4792_001   1.251  -0.670   0.581
TRP01B4794_001   3.389  -8.968  -5.579
TYR01B4795_001   5.003  -0.152   4.851
TYR-1B4795_002   5.003  -0.152   4.851
MET01B4796_001   5.592  -1.305   4.286
VAL01B4797_001   0.654  -3.535  -2.881
MET01B4798_001  -0.030  -1.437  -1.466
SER01B4799_001   0.000   0.000   0.000
SER01B4799_002   0.000   0.000   0.000
SER01B4799_003   0.000   0.000   0.000
LEU01B4800_001   2.151  -6.091  -3.940
LEU01B4801_001   1.477  -3.142  -1.665
HIS01B4803_001  -0.176  -2.830  -3.005
HIS01B4803_002  -0.137  -2.808  -2.944
HIS02B4803_003  -0.194  -2.830  -3.023
HIS02B4803_004  -0.150  -2.808  -2.958
HIS+1B4803_005  -0.221  -2.830  -3.050
HIS+1B4803_006  -0.177  -2.808  -2.984
TYR01B4804_001   4.113  -9.128  -5.015
TYR01B4804_002   4.113  -9.128  -5.015
TYR-1B4804_003   4.113  -9.128  -5.015
ASN01B4805_001   0.153  -1.938  -1.784
ASN01B4805_002  -0.006  -1.749  -1.755
ASN01B4806_001   0.444  -2.057  -1.613
ASN01B4806_002   0.215  -1.826  -1.611
PHE01B4807_001   4.631 -11.027  -6.396
PHE01B4808_001   5.108  -3.116   1.992
PHE01B4809_001   4.735  -0.253   4.482
ALA01B4810_001   0.000  -1.629  -1.629
ALA01B4811_001   0.000  -1.030  -1.030
HIS01B4812_001  -0.124   0.000  -0.124
HIS02B4812_002  -0.144   0.000  -0.144
HIS+1B4812_003  -0.171   0.000  -0.171
LEU01B4813_001   2.074  -3.603  -1.529
LEU01B4814_001   1.627  -8.615  -6.988
ASP01B4815_001   0.337  -0.252   0.085
ASP01B4815_002   0.337  -0.252   0.085
ASP02B4815_003   0.423  -0.287   0.136
ASP02B4815_004   0.423  -0.287   0.136
ASP-1B4815_005   0.305  -0.245   0.060
ILE01B4816_001   2.951  -0.258   2.693
ALA01B4817_001   0.000  -2.453  -2.453
MET01B4818_001  -0.002  -4.380  -4.382
VAL01B4820_001   0.718  -3.812  -3.093
LYS01B4821_001   3.091  -8.293  -5.202
LYS+1B4821_002   3.043  -8.293  -5.250
THR01B4822_001   0.278  -3.757  -3.479
LEU01B4823_001   1.378  -5.663  -4.285
ARG01B4824_001   3.394  -5.804  -2.411
ARG02B4824_002   3.360  -5.804  -2.444
ARG03B4824_003   3.364  -5.804  -2.440
ARG+1B4824_004   3.315  -5.804  -2.489
THR01B4825_001   0.279  -3.812  -3.533
THR01B4825_002   0.279  -3.812  -3.533
ILE01B4826_001   2.740  -5.921  -3.180
LEU01B4827_001   2.911  -5.283  -2.373
SER01B4828_001   0.000  -2.196  -2.196
SER01B4828_002   0.000  -2.196  -2.196
SER01B4829_001   0.000  -0.144  -0.144
SER01B4829_002   0.000  -0.144  -0.144
VAL01B4830_001   0.586  -4.221  -3.635
THR01B4831_001   0.313  -4.860  -4.547
THR01B4831_002   0.313  -4.860  -4.547
HIS01B4832_001  -0.161  -3.738  -3.899
HIS01B4832_002  -0.121  -4.038  -4.159
HIS02B4832_003  -0.179  -3.738  -3.917
HIS02B4832_004  -0.135  -4.038  -4.173
HIS+1B4832_005  -0.206  -3.738  -3.944
HIS+1B4832_006  -0.161  -4.038  -4.200
ASN01B4833_001   0.428  -0.778  -0.349
ASN01B4833_002   0.191  -0.851  -0.661
LYS01B4835_001   1.059  -9.937  -8.878
LYS+1B4835_002   1.014  -9.937  -8.923
GLN01B4836_001   2.723  -2.475   0.248
LEU01B4837_001   2.243  -2.009   0.234
VAL01B4838_001   0.825  -4.324  -3.499
MET01B4839_001  -0.062  -8.262  -8.324
THR01B4840_001   0.236  -0.824  -0.588
THR01B4840_002   0.236  -0.824  -0.588
VAL01B4841_001   0.766  -4.855  -4.089
LEU01B4843_001   3.476  -5.595  -2.119
LEU01B4844_001   3.504  -2.231   1.273
ALA01B4845_001   0.000  -2.505  -2.505
VAL01B4846_001   0.661  -5.045  -4.384
VAL01B4847_001   0.807  -1.494  -0.686
VAL01B4848_001   1.218   0.000   1.218
TYR01B4849_001   4.712  -7.426  -2.714
TYR01B4849_002   4.712  -7.426  -2.714
TYR-1B4849_003   4.712  -7.426  -2.714
LEU01B4850_001   1.685  -6.194  -4.509
TYR01B4851_001   4.396  -2.444   1.951
TYR-1B4851_002   4.396  -2.444   1.951
THR01B4852_001   0.238   0.000   0.238
THR01B4852_002   0.238   0.000   0.238
THR01B4852_003   0.238   0.000   0.238
VAL01B4853_001   0.610  -3.004  -2.394
VAL01B4854_001   0.599  -1.784  -1.185
ALA01B4855_001   0.000  -0.361  -0.361
PHE01B4856_001   4.850  -2.190   2.660
ASN01B4857_001   0.364  -1.980  -1.616
ASN01B4857_002   0.154  -1.910  -1.756
PHE01B4858_001   4.260  -9.326  -5.066
PHE01B4859_001   4.242  -0.861   3.381
ARG01B4860_001   3.765  -7.331  -3.567
ARG02B4860_002   3.731  -7.331  -3.600
ARG03B4860_003   3.766  -7.331  -3.565
ARG+1B4860_004   3.687  -7.331  -3.645
LYS01B4861_001   2.315  -5.418  -3.103
LYS+1B4861_002   2.259  -5.418  -3.159
PHE01B4862_001   5.215  -1.212   4.003
TYR01B4863_001   4.324  -0.051   4.273
TYR01B4863_002   4.324  -0.051   4.273
TYR-1B4863_003   4.324  -0.051   4.273
ASN01B4864_001   0.256  -1.270  -1.014
ASN01B4864_002   0.449  -1.127  -0.678
LYS01B4865_001   2.856  -1.534   1.322
LYS+1B4865_002   2.809  -1.534   1.275
SER01B4866_001   0.000  -3.663  -3.663
SER01B4866_002   0.000  -3.663  -3.663
GLU01B4867_001   3.088  -2.436   0.652
GLU01B4867_002   3.088  -2.436   0.652
GLU02B4867_003   2.504  -2.562  -0.058
GLU02B4867_004   2.504  -2.562  -0.058
GLU-1B4867_005   2.420  -2.389   0.031
ASP01B4868_001   0.389  -3.627  -3.239
ASP01B4868_002   0.389  -3.627  -3.239
ASP02B4868_003   0.442  -3.618  -3.177
ASP02B4868_004   0.442  -3.618  -3.177
ASP-1B4868_005   0.336  -3.583  -3.247
GLU01B4869_001   1.625  -3.964  -2.340
GLU01B4869_002   1.625  -3.964  -2.340
GLU02B4869_003   1.343  -4.007  -2.664
GLU02B4869_004   1.343  -4.007  -2.664
GLU-1B4869_005   1.253  -3.893  -2.640
ASP01B4870_001   0.213  -2.967  -2.754
ASP01B4870_002   0.213  -2.967  -2.754
ASP02B4870_003   0.309  -3.081  -2.772
ASP02B4870_004   0.309  -3.081  -2.772
ASP-1B4870_005   0.202  -2.929  -2.727
GLU01B4871_001   3.757  -1.542   2.215
GLU01B4871_002   3.757  -1.542   2.215
GLU02B4871_003   3.000  -1.456   1.545
GLU02B4871_004   3.000  -1.456   1.545
GLU-1B4871_005   2.931  -1.494   1.436
CTR01B4871_001  -0.021  -0.888  -0.909
CTR01B4871_002   0.090  -0.811  -0.721
CTR02B4871_003  -0.022  -0.888  -0.910
CTR02B4871_004   0.035  -0.888  -0.853
CTR-1B4871_005   0.000  -0.888  -0.888
NTR01B4872_001  -0.002  -0.570  -0.572
NTR+1B4872_002  -0.004  -0.570  -0.574
PRO01B4872_001   0.445  -5.937  -5.492
ASP01B4873_001   0.080  -1.795  -1.715
ASP01B4873_002   0.080  -1.795  -1.715
ASP02B4873_003   0.152  -1.826  -1.674
ASP02B4873_004   0.152  -1.826  -1.674
ASP-1B4873_005   0.076  -1.770  -1.694
MET01B4874_001   0.572  -1.334  -0.761
LYS01B4875_001   1.662  -1.970  -0.307
LYS+1B4875_002   1.596  -1.970  -0.374
CYS01B4876_001  -0.002   0.000  -0.002
CYS01B4876_002  -0.002   0.000  -0.002
CYS01B4876_003  -0.003   0.000  -0.003
CYS-1B4876_004   0.000   0.000   0.000
ASP01B4877_001   0.103  -2.032  -1.930
ASP01B4877_002   0.103  -2.032  -1.930
ASP02B4877_003   0.169  -1.955  -1.786
ASP02B4877_004   0.169  -1.955  -1.786
ASP-1B4877_005   0.094  -1.916  -1.823
ASP01B4878_001  -0.041  -2.019  -2.060
ASP01B4878_002  -0.041  -2.019  -2.060
ASP02B4878_003  -0.010  -2.167  -2.177
ASP02B4878_004  -0.010  -2.167  -2.177
ASP-1B4878_005  -0.041  -2.019  -2.060
MET01B4879_001   0.011  -4.031  -4.021
MET01B4880_001   1.588  -9.635  -8.046
THR01B4881_001   0.274  -2.353  -2.079
THR01B4881_002   0.274  -2.353  -2.079
THR01B4881_003   0.274  -2.353  -2.079
CYS01B4882_001  -0.002   0.000  -0.002
CYS01B4882_002  -0.002   0.000  -0.002
CYS01B4882_003  -0.003   0.000  -0.003
CYS-1B4882_004   0.000   0.000   0.000
TYR01B4883_001   5.012  -2.122   2.891
TYR-1B4883_002   5.012  -2.122   2.891
LEU01B4884_001   1.962  -6.606  -4.644
PHE01B4885_001   5.057  -1.061   3.996
HIS01B4886_001  -0.147  -0.094  -0.241
HIS01B4886_002  -0.111   0.000  -0.111
HIS02B4886_003  -0.165  -0.094  -0.259
HIS02B4886_004  -0.125   0.000  -0.125
HIS+1B4886_005  -0.192  -0.094  -0.286
HIS+1B4886_006  -0.152   0.000  -0.152
MET01B4887_001   1.362  -3.878  -2.515
TYR01B4888_001   4.577  -8.908  -4.331
TYR-1B4888_002   4.577  -8.908  -4.331
VAL01B4889_001   0.710  -0.412   0.298
VAL01B4891_001   0.782  -1.082  -0.300
ARG01B4892_001   4.774  -7.685  -2.911
ARG02B4892_002   4.722  -7.685  -2.963
ARG03B4892_003   4.725  -7.685  -2.960
ARG+1B4892_004   4.677  -7.685  -3.008
ALA01B4893_001   0.000  -0.052  -0.052
ILE01B4897_001   1.902  -0.753   1.149
ASP01B4899_001   0.179  -2.170  -1.991
ASP01B4899_002   0.179  -2.170  -1.991
ASP02B4899_003   0.267  -2.147  -1.880
ASP02B4899_004   0.267  -2.147  -1.880
ASP-1B4899_005   0.169  -2.041  -1.872
GLU01B4900_001   3.038  -1.270   1.768
GLU01B4900_002   3.038  -1.270   1.768
GLU02B4900_003   2.434  -1.368   1.067
GLU02B4900_004   2.434  -1.368   1.067
GLU-1B4900_005   2.368  -1.270   1.098
ILE01B4901_001   3.851  -0.412   3.439
GLU01B4902_001   2.994  -1.819   1.176
GLU01B4902_002   2.994  -1.819   1.176
GLU02B4902_003   2.398  -1.804   0.594
GLU02B4902_004   2.398  -1.804   0.594
GLU-1B4902_005   2.320  -1.731   0.589
ASP01B4903_001   0.065  -3.141  -3.075
ASP01B4903_002   0.065  -3.141  -3.075
ASP02B4903_003   0.135  -3.158  -3.023
ASP02B4903_004   0.135  -3.158  -3.023
ASP-1B4903_005   0.062  -3.087  -3.025
PRO01B4904_001   0.279  -1.313  -1.034
ALA01B4905_001   0.000  -3.055  -3.055
ASP01B4907_001  -0.040  -3.162  -3.203
ASP01B4907_002  -0.040  -3.162  -3.203
ASP02B4907_003  -0.009  -3.238  -3.247
ASP02B4907_004  -0.009  -3.238  -3.247
ASP-1B4907_005  -0.041  -3.065  -3.106
GLU01B4908_001   0.498  -2.630  -2.132
GLU01B4908_002   0.498  -2.630  -2.132
GLU02B4908_003   0.664  -2.723  -2.059
GLU02B4908_004   0.664  -2.723  -2.059
GLU-1B4908_005   0.466  -2.618  -2.152
TYR01B4909_001   4.198  -8.459  -4.261
TYR01B4909_002   4.198  -8.459  -4.261
TYR-1B4909_003   4.198  -8.459  -4.261
GLU01B4910_001   0.498  -1.586  -1.087
GLU01B4910_002   0.498  -1.586  -1.087
GLU02B4910_003   0.665  -1.672  -1.007
GLU02B4910_004   0.665  -1.672  -1.007
GLU-1B4910_005   0.467  -1.542  -1.075
LEU01B4911_001   3.527  -8.342  -4.814
TYR01B4912_001   4.485  -8.198  -3.713
TYR-1B4912_002   4.485  -8.198  -3.713
ARG01B4913_001   1.195  -0.433   0.761
ARG02B4913_002   1.149  -0.433   0.716
ARG02B4913_003   1.154  -0.433   0.720
ARG03B4913_004   1.154  -0.433   0.721
ARG03B4913_005   1.214  -0.433   0.781
ARG+1B4913_006   1.111  -0.433   0.677
VAL01B4914_001   0.661  -4.153  -3.492
VAL01B4915_001   0.697  -5.576  -4.880
PHE01B4916_001   4.841  -2.130   2.711
ASP01B4917_001   0.374  -0.453  -0.079
ASP01B4917_002   0.374  -0.453  -0.079
ASP02B4917_003   0.427  -0.478  -0.051
ASP02B4917_004   0.427  -0.478  -0.051
ASP-1B4917_005   0.323  -0.461  -0.137
ILE01B4918_001   4.430  -6.896  -2.466
THR01B4919_001   0.232  -2.181  -1.949
PHE01B4920_001   5.164  -0.068   5.097
PHE01B4921_001   4.791  -3.705   1.086
PHE01B4922_001   5.246  -6.727  -1.481
PHE01B4923_001   4.520  -4.512   0.008
VAL01B4924_001   0.899  -0.052   0.847
ILE01B4925_001   4.532  -0.721   3.811
VAL01B4926_001   0.561  -4.205  -3.644
ILE01B4927_001   2.670  -3.760  -1.090
LEU01B4928_001   2.243  -0.789   1.454
LEU01B4929_001   2.014  -4.874  -2.860
ALA01B4930_001   0.000  -3.123  -3.123
ILE01B4931_001   4.992  -3.863   1.129
ILE01B4932_001   5.615  -2.984   2.631
GLN01B4933_001   3.445  -2.908   0.537
LEU01B4935_001   1.910  -2.163  -0.254
ILE01B4936_001   3.050  -2.334   0.716
ILE01B4937_001   2.974  -5.370  -2.396
ASP01B4938_001   0.056  -2.878  -2.822
ASP01B4938_002   0.056  -2.878  -2.822
ASP02B4938_003   0.123  -2.782  -2.659
ASP02B4938_004   0.123  -2.782  -2.659
ASP-1B4938_005   0.053  -2.730  -2.677
ALA01B4939_001   0.000   0.000   0.000
PHE01B4940_001   4.651  -5.307  -0.656
GLU01B4942_001   3.481  -1.718   1.762
GLU01B4942_002   3.481  -1.718   1.762
GLU02B4942_003   2.769  -1.763   1.006
GLU02B4942_004   2.769  -1.763   1.006
GLU-1B4942_005   2.710  -1.675   1.034
LEU01B4943_001   1.557  -2.540  -0.984
ARG01B4944_001   4.189  -8.776  -4.587
ARG02B4944_002   4.140  -8.776  -4.636
ARG03B4944_003   4.137  -8.776  -4.638
ARG+1B4944_004   4.092  -8.776  -4.684
ASP01B4945_001   0.160  -1.968  -1.808
ASP01B4945_002   0.160  -1.968  -1.808
ASP02B4945_003   0.245  -1.954  -1.708
ASP02B4945_004   0.245  -1.954  -1.708
ASP-1B4945_005   0.151  -1.912  -1.761
GLN01B4946_001   1.020  -1.673  -0.654
GLN01B4946_002   0.872  -1.678  -0.807
GLN01B4947_001   1.309  -2.262  -0.953
GLN01B4947_002   1.750  -2.054  -0.304
GLU01B4948_001   4.592  -2.266   2.327
GLU01B4948_002   4.592  -2.266   2.327
GLU02B4948_003   3.704  -2.290   1.414
GLU02B4948_004   3.704  -2.290   1.414
GLU-1B4948_005   3.621  -2.265   1.357
GLN01B4949_001   3.640  -1.795   1.844
GLN01B4949_002   6.217  -1.726   4.491
VAL01B4950_001   0.972  -0.361   0.611
LYS01B4951_001   3.870  -7.790  -3.920
LYS+1B4951_002   3.796  -7.790  -3.994
GLU01B4952_001   4.424  -2.342   2.082
GLU01B4952_002   4.424  -2.342   2.082
GLU02B4952_003   3.562  -2.368   1.194
GLU02B4952_004   3.562  -2.368   1.194
GLU-1B4952_005   3.485  -2.312   1.173
ASP01B4953_001   0.438  -1.297  -0.859
ASP01B4953_002   0.438  -1.297  -0.859
ASP02B4953_003   0.472  -1.251  -0.779
ASP02B4953_004   0.472  -1.251  -0.779
ASP-1B4953_005   0.371  -1.240  -0.870
MET01B4954_001   0.333  -4.914  -4.581
GLU01B4955_001   0.499  -3.052  -2.553
GLU01B4955_002   0.499  -3.052  -2.553
GLU02B4955_003   0.665  -3.013  -2.348
GLU02B4955_004   0.665  -3.013  -2.348
GLU-1B4955_005   0.467  -3.023  -2.556
THR01B4956_001   0.213  -3.206  -2.994
THR01B4956_002   0.213  -3.206  -2.994
LYS01B4957_001   1.547  -3.509  -1.962
LYS+1B4957_002   1.502  -3.509  -2.007
CYS01B4958_001  -0.002  -0.143  -0.145
CYS01B4958_002  -0.002  -0.143  -0.145
CYS01B4958_003  -0.002  -0.143  -0.145
CYS-1B4958_004   0.000  -0.143  -0.143
PHE01B4959_001   5.581  -1.109   4.472
ILE01B4960_001   3.137   0.000   3.137
CYS01B4961_001  -0.002   0.000  -0.002
CYS01B4961_002  -0.002   0.000  -0.002
CYS01B4961_003  -0.003   0.000  -0.003
CYS-1B4961_004   0.000   0.000   0.000
ILE01B4963_001   2.388  -1.236   1.151
SER01B4965_001   0.000  -1.042  -1.042
SER01B4965_002   0.000  -1.042  -1.042
ASP01B4966_001   0.146  -3.396  -3.251
ASP01B4966_002   0.146  -3.396  -3.251
ASP02B4966_003   0.225  -3.188  -2.962
ASP02B4966_004   0.225  -3.188  -2.962
ASP-1B4966_005   0.137  -3.217  -3.080
TYR01B4967_001   5.519  -4.319   1.200
TYR-1B4967_002   5.519  -4.319   1.200
PHE01B4968_001   5.562   0.000   5.562
ASP01B4969_001   0.141  -1.260  -1.119
ASP01B4969_002   0.141  -1.260  -1.119
ASP02B4969_003   0.220  -1.400  -1.180
ASP02B4969_004   0.220  -1.400  -1.180
ASP-1B4969_005   0.131  -1.253  -1.122
THR01B4970_001   0.285  -5.962  -5.677
THR01B4970_002   0.285  -5.962  -5.677
THR01B4971_001   0.226  -3.640  -3.414
THR01B4971_002   0.226  -3.640  -3.414
PRO01B4972_001   0.283  -6.170  -5.888
HIS01B4973_001  -0.178  -8.303  -8.481
HIS01B4973_002  -0.141  -7.834  -7.975
HIS02B4973_003  -0.196  -8.303  -8.499
HIS02B4973_004  -0.155  -7.834  -7.989
HIS+1B4973_005  -0.222  -8.303  -8.525
HIS+1B4973_006  -0.181  -7.834  -8.016
PHE01B4975_001   5.591  -0.969   4.622
GLU01B4976_001   1.838  -2.416  -0.578
GLU01B4976_002   1.838  -2.416  -0.578
GLU02B4976_003   1.571  -2.424  -0.854
GLU02B4976_004   1.571  -2.424  -0.854
GLU-1B4976_005   1.448  -2.407  -0.959
THR01B4977_001   0.271  -4.131  -3.859
THR01B4977_002   0.271  -4.131  -3.859
HIS01B4978_001  -0.185   0.000  -0.185
HIS02B4978_002  -0.203   0.000  -0.203
HIS+1B4978_003  -0.230   0.000  -0.230
THR01B4979_001   0.209  -0.764  -0.555
THR01B4979_002   0.209  -0.764  -0.555
THR01B4979_003   0.209  -0.764  -0.555
LEU01B4980_001   1.493  -9.111  -7.619
GLU01B4981_001   2.399  -0.882   1.517
GLU01B4981_002   2.399  -0.882   1.517
GLU02B4981_003   2.097  -0.854   1.244
GLU02B4981_004   2.097  -0.854   1.244
GLU-1B4981_005   1.948  -0.809   1.140
GLU01B4982_001   2.657  -0.345   2.313
GLU01B4982_002   2.657  -0.345   2.313
GLU02B4982_003   2.117  -0.362   1.755
GLU02B4982_004   2.117  -0.362   1.755
GLU-1B4982_005   2.048  -0.345   1.704
HIS01B4983_001  -0.251   0.000  -0.251
HIS02B4983_002  -0.272   0.000  -0.272
HIS+1B4983_003  -0.299   0.000  -0.299
ASN01B4984_001   0.208  -0.787  -0.579
LEU01B4985_001   6.418  -1.236   5.182
ALA01B4986_001   0.000  -0.583  -0.583
ASN01B4987_001   0.227  -0.079   0.148
ASN01B4987_002   0.036  -0.034   0.001
TYR01B4988_001   4.504  -0.715   3.789
TYR01B4988_002   4.504  -0.715   3.789
TYR-1B4988_003   4.504  -0.715   3.789
MET01B4989_001   0.980   0.000   0.980
PHE01B4990_001   4.718  -0.202   4.516
PHE01B4991_001   5.546  -0.944   4.603
LEU01B4992_001   3.556  -0.721   2.835
MET01B4993_001   0.448  -0.521  -0.073
TYR01B4994_001   4.780  -2.737   2.042
TYR01B4994_002   4.780  -2.737   2.042
TYR-1B4994_003   4.780  -2.737   2.042
LEU01B4995_001   1.746  -0.206   1.540
ILE01B4996_001   4.709  -1.784   2.925
ASN01B4997_001   0.395  -1.623  -1.228
ASN01B4997_002   0.158  -1.721  -1.563
LYS01B4998_001   1.175  -1.857  -0.682
LYS+1B4998_002   1.130  -1.857  -0.726
ASP01B4999_001   0.145  -2.509  -2.364
ASP01B4999_002   0.145  -2.509  -2.364
ASP02B4999_003   0.225  -2.503  -2.277
ASP02B4999_004   0.225  -2.503  -2.277
ASP-1B4999_005   0.136  -2.390  -2.254
GLU01B5000_001   2.115  -2.945  -0.831
GLU01B5000_002   2.115  -2.945  -0.831
GLU02B5000_003   1.695  -2.937  -1.242
GLU02B5000_004   1.695  -2.937  -1.242
GLU-1B5000_005   1.621  -2.816  -1.195
THR01B5001_001   0.252  -5.054  -4.803
THR01B5001_002   0.252  -5.054  -4.803
GLU01B5002_001   1.647  -2.945  -1.298
GLU01B5002_002   1.647  -2.945  -1.298
GLU02B5002_003   1.380  -3.098  -1.718
GLU02B5002_004   1.380  -3.098  -1.718
GLU-1B5002_005   1.277  -3.002  -1.725
HIS01B5003_001  -0.208  -0.244  -0.452
HIS01B5003_002  -0.164  -0.287  -0.450
HIS02B5003_003  -0.225  -0.244  -0.469
HIS02B5003_004  -0.177  -0.287  -0.464
HIS+1B5003_005  -0.252  -0.244  -0.496
HIS+1B5003_006  -0.204  -0.287  -0.491
THR01B5004_001   0.180  -2.260  -2.080
THR01B5004_002   0.180  -2.260  -2.080
THR01B5004_003   0.180  -2.260  -2.080
GLN01B5006_001   2.709  -0.177   2.532
GLN01B5006_002   4.538  -0.284   4.254
GLU01B5007_001   2.258  -0.593   1.665
GLU01B5007_002   2.258  -0.593   1.665
GLU02B5007_003   1.798  -0.505   1.293
GLU02B5007_004   1.798  -0.505   1.293
GLU-1B5007_005   1.730  -0.551   1.179
SER01B5008_001   0.000  -1.644  -1.644
TYR01B5009_001   5.423  -2.195   3.228
TYR-1B5009_002   5.423  -2.195   3.228
VAL01B5010_001   0.573  -0.412   0.161
TRP01B5011_001   3.241  -2.839   0.401
LYS01B5012_001   3.280  -7.625  -4.345
LYS+1B5012_002   3.218  -7.625  -4.407
MET01B5013_001   0.022  -2.577  -2.555
TYR01B5014_001   4.986  -0.459   4.527
TYR-1B5014_002   4.986  -0.459   4.527
GLN01B5015_001   0.726  -1.024  -0.299
GLU01B5016_001   2.015  -2.882  -0.868
GLU01B5016_002   2.015  -2.882  -0.868
GLU02B5016_003   1.688  -2.927  -1.238
GLU02B5016_004   1.688  -2.927  -1.238
GLU-1B5016_005   1.580  -2.782  -1.202
ARG01B5017_001   5.296  -0.836   4.461
ARG02B5017_002   5.218  -0.836   4.382
ARG03B5017_003   5.278  -0.836   4.442
ARG+1B5017_004   5.172  -0.836   4.336
CYS01B5018_001  -0.002  -2.958  -2.960
CYS01B5018_002  -0.002  -2.958  -2.960
CYS01B5018_003  -0.002  -2.958  -2.961
CYS-1B5018_004   0.000  -2.958  -2.958
TRP01B5019_001   3.892  -1.598   2.294
ASP01B5020_001   0.463  -2.537  -2.074
ASP01B5020_002   0.463  -2.537  -2.074
ASP02B5020_003   0.506  -2.556  -2.050
ASP02B5020_004   0.506  -2.556  -2.050
ASP-1B5020_005   0.396  -2.550  -2.154
PHE01B5021_001   5.206  -0.759   4.447
PHE01B5022_001   5.706  -0.406   5.300
PRO01B5023_001   0.336   0.000   0.336
ALA01B5024_001   0.000  -2.898  -2.898
ASP01B5026_001   0.070  -0.672  -0.602
ASP01B5026_002   0.070  -0.672  -0.602
ASP02B5026_003   0.141  -0.714  -0.573
ASP02B5026_004   0.141  -0.714  -0.573
ASP-1B5026_005   0.068  -0.672  -0.603
CYS01B5027_001  -0.002   0.000  -0.002
CYS01B5027_002  -0.002   0.000  -0.002
CYS01B5027_003  -0.003   0.000  -0.003
CYS-1B5027_004   0.000   0.000   0.000
PHE01B5028_001   5.741  -1.331   4.409
ARG01B5029_001   2.569  -2.043   0.527
ARG02B5029_002   2.499  -2.043   0.456
ARG03B5029_003   2.499  -2.043   0.456
ARG+1B5029_004   2.454  -2.043   0.412
LYS01B5030_001   2.083  -4.674  -2.592
LYS+1B5030_002   1.998  -4.674  -2.676
GLN01B5031_001   1.032  -1.442  -0.411
GLN01B5031_002   0.854  -1.718  -0.864
TYR01B5032_001   5.146  -0.710   4.435
TYR01B5032_002   5.146  -0.710   4.435
TYR-1B5032_003   5.146  -0.710   4.435
GLU01B5033_001   2.666  -1.708   0.958
GLU01B5033_002   2.666  -1.708   0.958
GLU02B5033_003   2.123  -1.705   0.418
GLU02B5033_004   2.123  -1.705   0.418
GLU-1B5033_005   2.059  -1.680   0.379
ASP01B5034_001  -0.040  -2.809  -2.849
ASP01B5034_002  -0.040  -2.809  -2.849
ASP02B5034_003  -0.009  -2.929  -2.937
ASP02B5034_004  -0.009  -2.929  -2.937
ASP-1B5034_005  -0.040  -2.816  -2.856
GLN01B5035_001   2.243  -2.118   0.124
LEU01B5036_001   2.349  -3.207  -0.858
SER01B5037_001   0.000  -2.947  -2.947
SER01B5037_002   0.000  -2.947  -2.947
SER01B5037_003   0.000  -2.947  -2.947
CTR01B5037_001  -0.021  -2.616  -2.637
CTR01B5037_002   0.106  -2.848  -2.742
CTR02B5037_003  -0.022  -2.616  -2.638
CTR02B5037_004   0.040  -2.713  -2.672
CTR-1B5037_005   0.000  -2.616  -2.616
_ZN+2B5101_001   0.000   0.000   0.000
_CA+2B5102_001   0.000  -0.744  -0.744
