  pH           0     1     2     3     4     5     6     7     8     9    10    11    12    13    14
NTR+B3639_  1.00  1.00  1.00  1.00  1.00  1.00  0.97  0.79  0.29  0.04  0.01  0.00  0.00  0.00  0.00
TYR-B3642_ -0.00 -0.00 -0.00 -0.00 -0.00 -0.00 -0.00 -0.00 -0.02 -0.16 -0.65 -0.95 -1.00 -1.00 -1.00
HIS+B3647_  1.00  1.00  1.00  1.00  0.97  0.81  0.32  0.05  0.00  0.00  0.00  0.00  0.00  0.00  0.00
ARG+B3648_  1.00  1.00  1.00  1.00  1.00  1.00  1.00  1.00  1.00  1.00  1.00  1.00  0.96  0.73  0.21
CYS-B3650_ -0.00 -0.00 -0.00 -0.00 -0.00 -0.00 -0.00 -0.02 -0.14 -0.62 -0.94 -0.99 -1.00 -1.00 -1.00
GLU-B3655_ -0.00 -0.00 -0.01 -0.05 -0.31 -0.78 -0.96 -1.00 -1.00 -1.00 -1.00 -1.00 -1.00 -1.00 -1.00
TYR-B3657_ -0.00 -0.00 -0.00 -0.00 -0.00 -0.00 -0.00 -0.00 -0.00 -0.01 -0.06 -0.37 -0.84 -0.98 -1.00
LYS+B3658_  1.00  1.00  1.00  1.00  1.00  1.00  1.00  1.00  1.00  1.00  0.91  0.54  0.12  0.01  0.00
GLU-B3665_ -0.00 -0.01 -0.09 -0.32 -0.68 -0.90 -0.97 -1.00 -1.00 -1.00 -1.00 -1.00 -1.00 -1.00 -1.00
ASP-B3666_ -0.00 -0.02 -0.14 -0.45 -0.78 -0.93 -0.99 -1.00 -1.00 -1.00 -1.00 -1.00 -1.00 -1.00 -1.00
HIS+B3667_  1.00  1.00  1.00  1.00  1.00  1.00  1.00  0.99  0.93  0.66  0.17  0.02  0.00  0.00  0.00
GLU-B3670_ -0.01 -0.04 -0.18 -0.34 -0.43 -0.62 -0.83 -0.96 -0.99 -1.00 -1.00 -1.00 -1.00 -1.00 -1.00
ASP-B3671_ -0.01 -0.09 -0.44 -0.81 -0.94 -0.98 -0.99 -1.00 -1.00 -1.00 -1.00 -1.00 -1.00 -1.00 -1.00
ARG+B3672_  1.00  1.00  1.00  1.00  1.00  1.00  1.00  1.00  1.00  1.00  1.00  1.00  1.00  0.96  0.75
CTR-B3672_ -0.00 -0.00 -0.02 -0.10 -0.35 -0.72 -0.93 -0.99 -1.00 -1.00 -1.00 -1.00 -1.00 -1.00 -1.00
NTR+B3679_  1.00  1.00  1.00  1.00  0.99  0.97  0.89  0.55  0.13  0.02  0.00  0.00  0.00  0.00  0.00
LYS+B3679_  1.00  1.00  1.00  1.00  1.00  1.00  1.00  1.00  1.00  0.99  0.95  0.67  0.19  0.03  0.00
GLU-B3682_ -0.00 -0.00 -0.00 -0.07 -0.31 -0.70 -0.92 -0.99 -1.00 -1.00 -1.00 -1.00 -1.00 -1.00 -1.00
GLU-B3684_ -0.00 -0.00 -0.00 -0.03 -0.18 -0.50 -0.80 -0.95 -0.99 -1.00 -1.00 -1.00 -1.00 -1.00 -1.00
GLU-B3685_ -0.00 -0.00 -0.01 -0.05 -0.29 -0.71 -0.94 -0.99 -1.00 -1.00 -1.00 -1.00 -1.00 -1.00 -1.00
GLU-B3686_ -0.00 -0.00 -0.00 -0.03 -0.18 -0.54 -0.86 -0.98 -1.00 -1.00 -1.00 -1.00 -1.00 -1.00 -1.00
GLU-B3687_ -0.00 -0.00 -0.00 -0.02 -0.09 -0.22 -0.46 -0.85 -0.98 -1.00 -1.00 -1.00 -1.00 -1.00 -1.00
GLU-B3688_ -0.00 -0.00 -0.00 -0.03 -0.17 -0.53 -0.87 -0.98 -1.00 -1.00 -1.00 -1.00 -1.00 -1.00 -1.00
GLU-B3689_ -0.00 -0.00 -0.00 -0.02 -0.14 -0.54 -0.87 -0.98 -1.00 -1.00 -1.00 -1.00 -1.00 -1.00 -1.00
GLU-B3691_ -0.00 -0.00 -0.00 -0.01 -0.11 -0.42 -0.82 -0.97 -1.00 -1.00 -1.00 -1.00 -1.00 -1.00 -1.00
GLU-B3692_ -0.00 -0.00 -0.00 -0.01 -0.06 -0.23 -0.65 -0.94 -0.99 -1.00 -1.00 -1.00 -1.00 -1.00 -1.00
CTR-B3692_ -0.00 -0.00 -0.01 -0.10 -0.40 -0.74 -0.92 -0.98 -1.00 -1.00 -1.00 -1.00 -1.00 -1.00 -1.00
NTR+B3720_  0.00  0.00  0.00  0.00  0.00  0.00  0.00  0.00  0.00  0.00  0.00  0.00  0.00  0.00  0.00
CTR-B3720_ -0.00 -0.00 -0.01 -0.05 -0.27 -0.71 -0.94 -0.99 -1.00 -1.00 -1.00 -1.00 -1.00 -1.00 -1.00
TYR-B3720_ -0.00 -0.00 -0.00 -0.00 -0.00 -0.00 -0.00 -0.00 -0.00 -0.02 -0.19 -0.67 -0.95 -0.99 -1.00
NTR+B3727_  0.00  0.00  0.00  0.00  0.00  0.00  0.00  0.00  0.00  0.00  0.00  0.00  0.00  0.00  0.00
CTR-B3727_ -0.00 -0.02 -0.09 -0.31 -0.58 -0.75 -0.85 -0.94 -0.99 -1.00 -1.00 -1.00 -1.00 -1.00 -1.00
ASP-B3727_ -0.00 -0.00 -0.02 -0.08 -0.21 -0.40 -0.65 -0.89 -0.98 -1.00 -1.00 -1.00 -1.00 -1.00 -1.00
NTR+B3732_  0.92  0.74  0.65  0.64  0.63  0.58  0.44  0.23  0.06  0.01  0.00  0.00  0.00  0.00  0.00
CYS-B3733_ -0.00 -0.00 -0.00 -0.00 -0.00 -0.00 -0.00 -0.00 -0.00 -0.00 -0.00 -0.01 -0.06 -0.34 -0.83
HIS+B3734_  0.85  0.54  0.40  0.32  0.24  0.20  0.16  0.08  0.02  0.00  0.00  0.00  0.00  0.00  0.00
GLU-B3736_ -0.00 -0.00 -0.00 -0.00 -0.00 -0.00 -0.00 -0.00 -0.00 -0.00 -0.00 -0.00 -0.00 -0.00 -0.00
GLU-B3737_ -0.00 -0.00 -0.01 -0.05 -0.20 -0.50 -0.80 -0.94 -0.99 -1.00 -1.00 -1.00 -1.00 -1.00 -1.00
GLU-B3740_ -0.00 -0.00 -0.00 -0.01 -0.04 -0.11 -0.19 -0.40 -0.77 -0.96 -0.99 -1.00 -1.00 -1.00 -1.00
CTR-B3741_ -0.00 -0.00 -0.01 -0.05 -0.19 -0.48 -0.80 -0.95 -0.99 -1.00 -1.00 -1.00 -1.00 -1.00 -1.00
NTR+B3747_  1.00  1.00  1.00  1.00  1.00  1.00  1.00  0.98  0.83  0.36  0.05  0.01  0.00  0.00  0.00
GLU-B3747_ -0.00 -0.00 -0.00 -0.07 -0.32 -0.72 -0.92 -0.99 -1.00 -1.00 -1.00 -1.00 -1.00 -1.00 -1.00
GLU-B3748_ -0.00 -0.00 -0.01 -0.08 -0.24 -0.46 -0.73 -0.92 -0.98 -1.00 -1.00 -1.00 -1.00 -1.00 -1.00
GLU-B3750_ -0.00 -0.00 -0.04 -0.25 -0.60 -0.85 -0.95 -0.99 -1.00 -1.00 -1.00 -1.00 -1.00 -1.00 -1.00
GLU-B3754_ -0.00 -0.01 -0.07 -0.27 -0.55 -0.77 -0.91 -0.97 -1.00 -1.00 -1.00 -1.00 -1.00 -1.00 -1.00
GLU-B3755_ -0.00 -0.00 -0.00 -0.00 -0.00 -0.00 -0.00 -0.00 -0.00 -0.00 -0.00 -0.00 -0.01 -0.04 -0.27
LYS+B3756_  1.00  1.00  1.00  1.00  1.00  1.00  1.00  1.00  1.00  0.99  0.96  0.83  0.64  0.34  0.08
GLU-B3757_ -0.00 -0.00 -0.00 -0.02 -0.06 -0.12 -0.18 -0.40 -0.75 -0.94 -0.98 -0.99 -1.00 -1.00 -1.00
GLU-B3759_ -0.00 -0.00 -0.01 -0.05 -0.17 -0.37 -0.60 -0.76 -0.91 -0.98 -1.00 -1.00 -1.00 -1.00 -1.00
LYS+B3760_  1.00  1.00  1.00  1.00  1.00  1.00  1.00  1.00  1.00  0.98  0.90  0.64  0.36  0.18  0.04
ARG+B3762_  1.00  1.00  1.00  1.00  1.00  1.00  1.00  1.00  1.00  1.00  1.00  1.00  1.00  1.00  1.00
TYR-B3765_ -0.00 -0.00 -0.00 -0.00 -0.00 -0.00 -0.00 -0.00 -0.00 -0.00 -0.01 -0.10 -0.43 -0.86 -0.97
CTR-B3766_ -0.00 -0.00 -0.00 -0.00 -0.01 -0.02 -0.09 -0.36 -0.79 -0.96 -0.99 -1.00 -1.00 -1.00 -1.00
NTR+B3769_  0.00  0.00  0.00  0.00  0.00  0.00  0.00  0.00  0.00  0.00  0.00  0.00  0.00  0.00  0.00
CTR-B3769_ -0.00 -0.02 -0.12 -0.49 -0.84 -0.96 -0.99 -1.00 -1.00 -1.00 -1.00 -1.00 -1.00 -1.00 -1.00
ARG+B3769_  1.00  1.00  1.00  1.00  1.00  1.00  1.00  1.00  1.00  1.00  1.00  1.00  1.00  1.00  0.99
NTR+B3776_  1.00  1.00  1.00  1.00  1.00  1.00  1.00  1.00  0.99  0.94  0.61  0.16  0.02  0.00  0.00
CTR-B3776_ -0.00 -0.01 -0.07 -0.39 -0.82 -0.97 -1.00 -1.00 -1.00 -1.00 -1.00 -1.00 -1.00 -1.00 -1.00
NTR+B3843_  1.00  1.00  1.00  1.00  1.00  0.99  0.97  0.84  0.41  0.08  0.01  0.00  0.00  0.00  0.00
ASP-B3843_ -0.01 -0.05 -0.33 -0.81 -0.97 -0.99 -1.00 -1.00 -1.00 -1.00 -1.00 -1.00 -1.00 -1.00 -1.00
GLU-B3848_ -0.00 -0.00 -0.00 -0.00 -0.02 -0.11 -0.43 -0.84 -0.96 -0.99 -1.00 -1.00 -1.00 -1.00 -1.00
ARG+B3849_  1.00  1.00  1.00  1.00  1.00  1.00  1.00  1.00  1.00  1.00  1.00  0.99  0.92  0.53  0.12
LYS+B3852_  1.00  1.00  1.00  1.00  1.00  1.00  1.00  1.00  1.00  0.98  0.87  0.41  0.07  0.01  0.00
GLU-B3854_ -0.00 -0.00 -0.01 -0.03 -0.09 -0.36 -0.73 -0.95 -0.99 -1.00 -1.00 -1.00 -1.00 -1.00 -1.00
GLU-B3861_ -0.00 -0.00 -0.01 -0.08 -0.46 -0.85 -0.98 -0.99 -1.00 -1.00 -1.00 -1.00 -1.00 -1.00 -1.00
ASP-B3862_ -0.00 -0.00 -0.00 -0.00 -0.01 -0.06 -0.29 -0.78 -0.96 -1.00 -1.00 -1.00 -1.00 -1.00 -1.00
ARG+B3868_  0.00  0.00  0.00  0.00  0.00  0.00  0.00  0.00  0.00  0.00  0.00  0.00  0.00  0.00  0.00
GLU-B3872_ -0.00 -0.00 -0.01 -0.05 -0.27 -0.73 -0.92 -0.99 -1.00 -1.00 -1.00 -1.00 -1.00 -1.00 -1.00
LYS+B3873_  1.00  1.00  1.00  1.00  1.00  0.99  0.95  0.75  0.27  0.04  0.00  0.00  0.00  0.00  0.00
ASP-B3877_ -0.00 -0.00 -0.00 -0.02 -0.09 -0.34 -0.76 -0.95 -0.99 -1.00 -1.00 -1.00 -1.00 -1.00 -1.00
ASP-B3878_ -0.00 -0.01 -0.06 -0.28 -0.64 -0.87 -0.96 -0.99 -1.00 -1.00 -1.00 -1.00 -1.00 -1.00 -1.00
GLU-B3879_ -0.00 -0.00 -0.01 -0.04 -0.17 -0.44 -0.73 -0.93 -0.99 -1.00 -1.00 -1.00 -1.00 -1.00 -1.00
CTR-B3880_ -0.00 -0.00 -0.00 -0.00 -0.00 -0.00 -0.00 -0.01 -0.03 -0.22 -0.72 -0.94 -0.99 -1.00 -1.00
NTR+B3883_  0.00  0.00  0.00  0.00  0.00  0.00  0.00  0.00  0.00  0.00  0.00  0.00  0.00  0.00  0.00
CTR-B3883_ -0.00 -0.00 -0.03 -0.16 -0.48 -0.78 -0.93 -0.98 -1.00 -1.00 -1.00 -1.00 -1.00 -1.00 -1.00
ASP-B3883_ -0.00 -0.00 -0.00 -0.02 -0.06 -0.16 -0.33 -0.71 -0.93 -0.99 -1.00 -1.00 -1.00 -1.00 -1.00
NTR+B3888_  1.00  1.00  1.00  1.00  1.00  1.00  1.00  1.00  1.00  0.98  0.86  0.46  0.08  0.01  0.00
CTR-B3888_ -0.00 -0.03 -0.21 -0.65 -0.91 -0.98 -1.00 -1.00 -1.00 -1.00 -1.00 -1.00 -1.00 -1.00 -1.00
NTR+B3895_  1.00  1.00  1.00  1.00  1.00  1.00  1.00  0.98  0.88  0.45  0.10  0.01  0.00  0.00  0.00
CTR-B3895_ -0.00 -0.04 -0.25 -0.69 -0.92 -0.98 -1.00 -1.00 -1.00 -1.00 -1.00 -1.00 -1.00 -1.00 -1.00
HIS+B3895_  1.00  1.00  0.99  0.93  0.70  0.26  0.04  0.00  0.00  0.00  0.00  0.00  0.00  0.00  0.00
NTR+B3912_  1.00  1.00  1.00  1.00  1.00  1.00  0.99  0.94  0.62  0.14  0.02  0.00  0.00  0.00  0.00
CTR-B3913_ -0.00 -0.00 -0.02 -0.15 -0.51 -0.86 -0.98 -1.00 -1.00 -1.00 -1.00 -1.00 -1.00 -1.00 -1.00
NTR+B3916_  0.00  0.00  0.00  0.00  0.00  0.00  0.00  0.00  0.00  0.00  0.00  0.00  0.00  0.00  0.00
CTR-B3916_ -0.00 -0.00 -0.02 -0.17 -0.53 -0.88 -0.98 -1.00 -1.00 -1.00 -1.00 -1.00 -1.00 -1.00 -1.00
NTR+B3936_  1.00  1.00  1.00  1.00  1.00  1.00  1.00  0.99  0.96  0.77  0.29  0.04  0.01  0.00  0.00
CTR-B3936_ -0.03 -0.19 -0.64 -0.92 -0.99 -1.00 -1.00 -1.00 -1.00 -1.00 -1.00 -1.00 -1.00 -1.00 -1.00
TYR-B3936_ -0.00 -0.00 -0.00 -0.00 -0.00 -0.00 -0.00 -0.00 -0.00 -0.00 -0.00 -0.00 -0.03 -0.14 -0.42
NTR+B3940_  1.00  1.00  1.00  1.00  1.00  1.00  0.99  0.94  0.63  0.17  0.03  0.00  0.00  0.00  0.00
LYS+B3940_  1.00  1.00  1.00  1.00  1.00  1.00  1.00  1.00  1.00  1.00  1.00  0.99  0.90  0.55  0.20
ASP-B3941_ -0.01 -0.04 -0.22 -0.65 -0.92 -0.99 -1.00 -1.00 -1.00 -1.00 -1.00 -1.00 -1.00 -1.00 -1.00
GLU-B3944_ -0.01 -0.04 -0.20 -0.57 -0.88 -0.98 -1.00 -1.00 -1.00 -1.00 -1.00 -1.00 -1.00 -1.00 -1.00
GLU-B3945_ -0.00 -0.03 -0.17 -0.54 -0.87 -0.96 -0.99 -1.00 -1.00 -1.00 -1.00 -1.00 -1.00 -1.00 -1.00
LYS+B3948_  1.00  1.00  1.00  1.00  1.00  1.00  1.00  1.00  1.00  0.99  0.93  0.59  0.15  0.02  0.00
ARG+B3949_  1.00  1.00  1.00  1.00  1.00  1.00  1.00  1.00  1.00  1.00  1.00  1.00  1.00  0.97  0.80
CTR-B3950_ -0.00 -0.00 -0.02 -0.08 -0.25 -0.59 -0.86 -0.97 -0.99 -1.00 -1.00 -1.00 -1.00 -1.00 -1.00
NTR+B3972_  1.00  1.00  1.00  1.00  1.00  1.00  1.00  1.00  0.99  0.93  0.61  0.15  0.02  0.00  0.00
CTR-B3972_ -0.00 -0.02 -0.12 -0.49 -0.87 -0.98 -1.00 -1.00 -1.00 -1.00 -1.00 -1.00 -1.00 -1.00 -1.00
NTR+B3985_  1.00  1.00  1.00  1.00  1.00  1.00  1.00  1.00  0.99  0.92  0.57  0.12  0.02  0.00  0.00
CTR-B3985_ -0.00 -0.01 -0.07 -0.39 -0.83 -0.98 -1.00 -1.00 -1.00 -1.00 -1.00 -1.00 -1.00 -1.00 -1.00
NTR+B4004_  1.00  1.00  0.99  0.98  0.90  0.68  0.30  0.06  0.01  0.00  0.00  0.00  0.00  0.00  0.00
ASP-B4006_ -0.10 -0.50 -0.88 -0.97 -1.00 -1.00 -1.00 -1.00 -1.00 -1.00 -1.00 -1.00 -1.00 -1.00 -1.00
GLU-B4011_ -0.00 -0.00 -0.03 -0.14 -0.39 -0.69 -0.92 -0.98 -1.00 -1.00 -1.00 -1.00 -1.00 -1.00 -1.00
CTR-B4011_ -0.00 -0.00 -0.05 -0.17 -0.28 -0.42 -0.69 -0.93 -0.99 -1.00 -1.00 -1.00 -1.00 -1.00 -1.00
NTR+B4014_  1.00  1.00  1.00  1.00  1.00  1.00  1.00  1.00  1.00  1.00  1.00  0.99  0.95  0.81  0.36
CTR-B4014_ -0.00 -0.02 -0.11 -0.39 -0.67 -0.83 -0.94 -0.99 -1.00 -1.00 -1.00 -1.00 -1.00 -1.00 -1.00
LYS+B4014_  1.00  1.00  1.00  1.00  1.00  1.00  1.00  1.00  1.00  1.00  0.99  0.94  0.66  0.21  0.05
NTR+B4060_  1.00  1.00  1.00  1.00  1.00  1.00  1.00  1.00  0.99  0.90  0.52  0.16  0.04  0.01  0.00
CTR-B4060_ -0.52 -0.76 -0.93 -0.97 -0.99 -0.99 -1.00 -1.00 -1.00 -1.00 -1.00 -1.00 -1.00 -1.00 -1.00
LYS+B4060_  1.00  1.00  1.00  1.00  1.00  1.00  1.00  1.00  1.00  0.98  0.91  0.69  0.23  0.03  0.00
NTR+B4063_  0.79  0.74  0.77  0.73  0.54  0.21  0.05  0.01  0.00  0.00  0.00  0.00  0.00  0.00  0.00
ASP-B4063_ -0.06 -0.28 -0.68 -0.82 -0.91 -0.98 -1.00 -1.00 -1.00 -1.00 -1.00 -1.00 -1.00 -1.00 -1.00
LYS+B4067_  1.00  1.00  1.00  1.00  1.00  0.99  0.94  0.67  0.18  0.02  0.00  0.00  0.00  0.00  0.00
LYS+B4069_  1.00  1.00  1.00  1.00  1.00  1.00  1.00  1.00  1.00  0.98  0.86  0.40  0.07  0.01  0.00
ASP-B4070_ -0.00 -0.01 -0.06 -0.33 -0.79 -0.96 -0.99 -1.00 -1.00 -1.00 -1.00 -1.00 -1.00 -1.00 -1.00
GLU-B4075_ -0.00 -0.00 -0.00 -0.03 -0.21 -0.58 -0.91 -0.99 -1.00 -1.00 -1.00 -1.00 -1.00 -1.00 -1.00
ASP-B4079_ -0.00 -0.00 -0.00 -0.01 -0.10 -0.38 -0.80 -0.97 -1.00 -1.00 -1.00 -1.00 -1.00 -1.00 -1.00
TYR-B4080_ -0.00 -0.00 -0.00 -0.00 -0.00 -0.00 -0.00 -0.00 -0.00 -0.00 -0.00 -0.00 -0.00 -0.00 -0.00
ASP-B4083_ -0.00 -0.01 -0.06 -0.19 -0.46 -0.84 -0.97 -1.00 -1.00 -1.00 -1.00 -1.00 -1.00 -1.00 -1.00
ARG+B4085_  1.00  1.00  1.00  1.00  1.00  1.00  1.00  1.00  1.00  1.00  0.98  0.89  0.45  0.07  0.01
LYS+B4090_  1.00  1.00  1.00  1.00  1.00  1.00  1.00  1.00  1.00  0.98  0.91  0.67  0.21  0.03  0.00
LYS+B4091_  1.00  1.00  1.00  1.00  1.00  1.00  1.00  1.00  0.98  0.82  0.35  0.09  0.02  0.00  0.00
ASP-B4092_ -0.00 -0.04 -0.27 -0.67 -0.85 -0.96 -0.99 -1.00 -1.00 -1.00 -1.00 -1.00 -1.00 -1.00 -1.00
LYS+B4095_  1.00  1.00  1.00  1.00  1.00  1.00  1.00  1.00  1.00  0.99  0.93  0.61  0.15  0.02  0.00
ASP-B4098_ -0.00 -0.00 -0.03 -0.18 -0.65 -0.94 -0.99 -1.00 -1.00 -1.00 -1.00 -1.00 -1.00 -1.00 -1.00
LYS+B4101_  1.00  1.00  1.00  1.00  1.00  1.00  1.00  1.00  1.00  0.98  0.87  0.44  0.08  0.01  0.00
GLU-B4107_ -0.00 -0.00 -0.03 -0.16 -0.56 -0.89 -0.98 -1.00 -1.00 -1.00 -1.00 -1.00 -1.00 -1.00 -1.00
CYS-B4114_ -0.00 -0.00 -0.00 -0.00 -0.00 -0.00 -0.00 -0.00 -0.00 -0.00 -0.00 -0.00 -0.00 -0.00 -0.00
GLU-B4116_ -0.00 -0.00 -0.01 -0.06 -0.26 -0.62 -0.87 -0.96 -0.99 -1.00 -1.00 -1.00 -1.00 -1.00 -1.00
ASP-B4118_ -0.00 -0.00 -0.00 -0.02 -0.12 -0.36 -0.74 -0.93 -0.99 -1.00 -1.00 -1.00 -1.00 -1.00 -1.00
GLU-B4119_ -0.00 -0.00 -0.03 -0.19 -0.63 -0.91 -0.98 -1.00 -1.00 -1.00 -1.00 -1.00 -1.00 -1.00 -1.00
GLU-B4121_ -0.00 -0.00 -0.00 -0.01 -0.05 -0.17 -0.52 -0.89 -0.99 -1.00 -1.00 -1.00 -1.00 -1.00 -1.00
GLU-B4126_ -0.00 -0.00 -0.01 -0.04 -0.23 -0.65 -0.92 -0.99 -1.00 -1.00 -1.00 -1.00 -1.00 -1.00 -1.00
GLU-B4127_ -0.00 -0.00 -0.00 -0.00 -0.02 -0.04 -0.07 -0.27 -0.70 -0.96 -0.99 -1.00 -1.00 -1.00 -1.00
ARG+B4131_  1.00  1.00  1.00  1.00  1.00  1.00  1.00  1.00  1.00  1.00  1.00  1.00  1.00  1.00  1.00
GLU-B4134_ -0.00 -0.00 -0.01 -0.08 -0.32 -0.67 -0.91 -0.98 -1.00 -1.00 -1.00 -1.00 -1.00 -1.00 -1.00
CTR-B4135_ -0.00 -0.00 -0.09 -0.38 -0.75 -0.93 -0.99 -1.00 -1.00 -1.00 -1.00 -1.00 -1.00 -1.00 -1.00
NTR+B4251_  1.00  1.00  1.00  1.00  0.99  0.94  0.74  0.30  0.05  0.01  0.00  0.00  0.00  0.00  0.00
GLU-B4253_ -0.00 -0.00 -0.02 -0.11 -0.35 -0.76 -0.95 -0.99 -1.00 -1.00 -1.00 -1.00 -1.00 -1.00 -1.00
CTR-B4253_ -0.00 -0.01 -0.06 -0.33 -0.74 -0.94 -0.99 -1.00 -1.00 -1.00 -1.00 -1.00 -1.00 -1.00 -1.00
NTR+B4540_  1.00  1.00  1.00  0.99  0.94  0.71  0.22  0.03  0.00  0.00  0.00  0.00  0.00  0.00  0.00
GLU-B4543_ -0.00 -0.00 -0.01 -0.10 -0.45 -0.84 -0.97 -1.00 -1.00 -1.00 -1.00 -1.00 -1.00 -1.00 -1.00
GLU-B4545_ -0.00 -0.00 -0.09 -0.45 -0.85 -0.97 -1.00 -1.00 -1.00 -1.00 -1.00 -1.00 -1.00 -1.00 -1.00
ARG+B4548_  1.00  1.00  1.00  1.00  1.00  1.00  1.00  1.00  1.00  1.00  1.00  0.99  0.93  0.65  0.20
LYS+B4550_  1.00  1.00  1.00  1.00  1.00  1.00  1.00  1.00  1.00  0.98  0.83  0.37  0.06  0.01  0.00
TYR-B4554_ -0.00 -0.00 -0.00 -0.00 -0.00 -0.00 -0.00 -0.00 -0.01 -0.08 -0.46 -0.86 -0.98 -1.00 -1.00
ARG+B4557_  1.00  1.00  1.00  1.00  1.00  1.00  1.00  1.00  1.00  1.00  1.00  1.00  1.00  1.00  0.97
CTR-B4557_ -0.00 -0.01 -0.11 -0.47 -0.85 -0.96 -0.99 -1.00 -1.00 -1.00 -1.00 -1.00 -1.00 -1.00 -1.00
NTR+B4560_  1.00  1.00  1.00  0.98  0.95  0.83  0.48  0.12  0.02  0.00  0.00  0.00  0.00  0.00  0.00
TYR-B4560_ -0.00 -0.00 -0.00 -0.00 -0.00 -0.00 -0.00 -0.00 -0.01 -0.06 -0.35 -0.83 -0.97 -1.00 -1.00
ARG+B4563_  1.00  1.00  1.00  1.00  1.00  1.00  1.00  1.00  1.00  1.00  1.00  1.00  1.00  0.99  0.98
TYR-B4580_ -0.00 -0.00 -0.00 -0.00 -0.00 -0.00 -0.00 -0.00 -0.00 -0.00 -0.03 -0.14 -0.51 -0.89 -0.99
LYS+B4581_  1.00  1.00  1.00  1.00  1.00  1.00  1.00  1.00  1.00  0.99  0.89  0.51  0.13  0.02  0.00
ASP-B4584_ -0.00 -0.00 -0.00 -0.02 -0.17 -0.65 -0.93 -1.00 -1.00 -1.00 -1.00 -1.00 -1.00 -1.00 -1.00
CTR-B4587_ -0.00 -0.00 -0.01 -0.07 -0.40 -0.83 -0.97 -1.00 -1.00 -1.00 -1.00 -1.00 -1.00 -1.00 -1.00
NTR+B4626_  1.00  1.00  1.00  1.00  1.00  1.00  0.99  0.95  0.65  0.16  0.02  0.00  0.00  0.00  0.00
TYR-B4629_ -0.00 -0.00 -0.00 -0.00 -0.00 -0.00 -0.00 -0.00 -0.00 -0.04 -0.25 -0.72 -0.94 -0.99 -1.00
TYR-B4630_ -0.00 -0.00 -0.00 -0.00 -0.00 -0.00 -0.00 -0.00 -0.00 -0.00 -0.04 -0.22 -0.63 -0.93 -0.99
GLU-B4633_ -0.00 -0.00 -0.00 -0.02 -0.16 -0.60 -0.89 -0.98 -1.00 -1.00 -1.00 -1.00 -1.00 -1.00 -1.00
GLU-B4634_ -0.00 -0.00 -0.00 -0.01 -0.06 -0.33 -0.80 -0.97 -1.00 -1.00 -1.00 -1.00 -1.00 -1.00 -1.00
TYR-B4638_ -0.00 -0.00 -0.00 -0.00 -0.00 -0.00 -0.00 -0.00 -0.01 -0.10 -0.51 -0.91 -0.99 -1.00 -1.00
GLU-B4640_ -0.00 -0.00 -0.00 -0.01 -0.06 -0.25 -0.66 -0.94 -0.99 -1.00 -1.00 -1.00 -1.00 -1.00 -1.00
CYS-B4645_ -0.00 -0.00 -0.00 -0.00 -0.00 -0.00 -0.00 -0.00 -0.02 -0.18 -0.67 -0.94 -0.99 -1.00 -1.00
HIS+B4650_  1.00  1.00  0.97  0.83  0.37  0.09  0.03  0.01  0.00  0.00  0.00  0.00  0.00  0.00  0.00
CYS-B4657_ -0.00 -0.00 -0.00 -0.00 -0.00 -0.00 -0.00 -0.00 -0.00 -0.00 -0.00 -0.01 -0.07 -0.29 -0.68
TYR-B4661_ -0.00 -0.00 -0.00 -0.00 -0.00 -0.00 -0.00 -0.00 -0.00 -0.00 -0.00 -0.00 -0.00 -0.02 -0.09
CYS-B4663_ -0.00 -0.00 -0.00 -0.00 -0.00 -0.00 -0.00 -0.00 -0.00 -0.00 -0.01 -0.07 -0.37 -0.76 -0.95
CTR-B4663_ -0.00 -0.00 -0.00 -0.01 -0.05 -0.22 -0.59 -0.89 -0.98 -1.00 -1.00 -1.00 -1.00 -1.00 -1.00
NTR+B4680_  1.00  1.00  0.99  0.95  0.84  0.55  0.18  0.04  0.00  0.00  0.00  0.00  0.00  0.00  0.00
LYS+B4680_  1.00  1.00  1.00  1.00  1.00  1.00  1.00  1.00  1.00  1.00  0.93  0.67  0.26  0.05  0.01
GLU-B4682_ -0.04 -0.09 -0.34 -0.67 -0.84 -0.94 -0.99 -1.00 -1.00 -1.00 -1.00 -1.00 -1.00 -1.00 -1.00
ASP-B4684_ -0.00 -0.02 -0.13 -0.48 -0.81 -0.94 -0.99 -1.00 -1.00 -1.00 -1.00 -1.00 -1.00 -1.00 -1.00
TYR-B4687_ -0.00 -0.00 -0.00 -0.00 -0.00 -0.00 -0.00 -0.00 -0.00 -0.00 -0.00 -0.02 -0.06 -0.17 -0.35
GLU-B4690_ -0.00 -0.00 -0.02 -0.14 -0.49 -0.85 -0.97 -0.99 -1.00 -1.00 -1.00 -1.00 -1.00 -1.00 -1.00
ASP-B4694_ -0.00 -0.00 -0.00 -0.03 -0.16 -0.55 -0.90 -0.99 -1.00 -1.00 -1.00 -1.00 -1.00 -1.00 -1.00
ASP-B4695_ -0.00 -0.00 -0.02 -0.10 -0.40 -0.79 -0.97 -1.00 -1.00 -1.00 -1.00 -1.00 -1.00 -1.00 -1.00
ASP-B4696_ -0.00 -0.01 -0.08 -0.42 -0.80 -0.95 -0.99 -1.00 -1.00 -1.00 -1.00 -1.00 -1.00 -1.00 -1.00
LYS+B4698_  1.00  1.00  1.00  1.00  1.00  1.00  1.00  1.00  1.00  0.99  0.91  0.58  0.19  0.03  0.01
ASP-B4702_ -0.00 -0.00 -0.00 -0.00 -0.02 -0.08 -0.32 -0.79 -0.97 -1.00 -1.00 -1.00 -1.00 -1.00 -1.00
ARG+B4703_  1.00  1.00  1.00  1.00  1.00  1.00  1.00  1.00  1.00  1.00  1.00  0.98  0.90  0.59  0.28
CTR-B4712_ -0.00 -0.00 -0.02 -0.12 -0.39 -0.75 -0.94 -0.99 -1.00 -1.00 -1.00 -1.00 -1.00 -1.00 -1.00
NTR+B4721_  0.00  0.00  0.00  0.00  0.00  0.00  0.00  0.00  0.00  0.00  0.00  0.00  0.00  0.00  0.00
CTR-B4721_ -0.00 -0.00 -0.02 -0.07 -0.19 -0.43 -0.74 -0.94 -0.98 -1.00 -1.00 -1.00 -1.00 -1.00 -1.00
LYS+B4721_  1.00  1.00  1.00  1.00  1.00  0.99  0.99  0.97  0.88  0.51  0.13  0.02  0.00  0.00  0.00
NTR+B4724_  0.11  0.04  0.03  0.03  0.03  0.03  0.01  0.00  0.00  0.00  0.00  0.00  0.00  0.00  0.00
ASP-B4726_ -0.00 -0.01 -0.08 -0.33 -0.70 -0.92 -0.98 -1.00 -1.00 -1.00 -1.00 -1.00 -1.00 -1.00 -1.00
LYS+B4727_  1.00  1.00  1.00  1.00  1.00  1.00  1.00  0.99  0.94  0.66  0.19  0.03  0.00  0.00  0.00
HIS+B4728_  1.00  0.98  0.88  0.67  0.37  0.10  0.02  0.00  0.00  0.00  0.00  0.00  0.00  0.00  0.00
ASP-B4730_ -0.00 -0.01 -0.09 -0.40 -0.81 -0.97 -1.00 -1.00 -1.00 -1.00 -1.00 -1.00 -1.00 -1.00 -1.00
ARG+B4734_  1.00  1.00  1.00  1.00  1.00  1.00  1.00  1.00  1.00  1.00  1.00  1.00  0.99  0.94  0.64
GLU-B4735_ -0.00 -0.01 -0.06 -0.34 -0.80 -0.95 -1.00 -1.00 -1.00 -1.00 -1.00 -1.00 -1.00 -1.00 -1.00
ARG+B4736_  1.00  1.00  1.00  1.00  1.00  1.00  1.00  1.00  1.00  1.00  1.00  0.99  0.92  0.53  0.14
GLU-B4739_ -0.00 -0.00 -0.00 -0.01 -0.08 -0.32 -0.77 -0.96 -1.00 -1.00 -1.00 -1.00 -1.00 -1.00 -1.00
ASP-B4744_ -0.00 -0.00 -0.01 -0.04 -0.16 -0.44 -0.76 -0.94 -0.99 -1.00 -1.00 -1.00 -1.00 -1.00 -1.00
GLU-B4749_ -0.00 -0.00 -0.01 -0.06 -0.20 -0.44 -0.71 -0.85 -0.97 -0.99 -1.00 -1.00 -1.00 -1.00 -1.00
HIS+B4753_  1.00  1.00  1.00  1.00  1.00  1.00  1.00  0.99  0.98  0.95  0.79  0.36  0.08  0.01  0.00
GLU-B4755_ -0.00 -0.00 -0.01 -0.04 -0.17 -0.44 -0.79 -0.96 -0.99 -1.00 -1.00 -1.00 -1.00 -1.00 -1.00
ARG+B4756_  0.00  0.00  0.00  0.00  0.00  0.00  0.00  0.00  0.00  0.00  0.00  0.00  0.00  0.00  0.00
LYS+B4757_  0.00  0.00  0.00  0.00  0.00  0.00  0.00  0.00  0.00  0.00  0.00  0.00  0.00  0.00  0.00
ASP-B4759_ -0.00 -0.00 -0.00 -0.02 -0.11 -0.41 -0.79 -0.96 -1.00 -1.00 -1.00 -1.00 -1.00 -1.00 -1.00
ASP-B4772_ -0.00 -0.03 -0.21 -0.62 -0.88 -0.97 -0.99 -1.00 -1.00 -1.00 -1.00 -1.00 -1.00 -1.00 -1.00
LYS+B4774_  1.00  1.00  1.00  1.00  1.00  1.00  1.00  1.00  1.00  0.97  0.81  0.31  0.05  0.01  0.00
TYR-B4775_ -0.00 -0.00 -0.00 -0.00 -0.00 -0.00 -0.00 -0.00 -0.00 -0.00 -0.00 -0.00 -0.00 -0.01 -0.05
LYS+B4779_  1.00  1.00  1.00  1.00  1.00  1.00  1.00  1.00  1.00  1.00  1.00  0.94  0.71  0.27  0.06
ASP-B4786_ -0.00 -0.02 -0.16 -0.59 -0.92 -0.98 -1.00 -1.00 -1.00 -1.00 -1.00 -1.00 -1.00 -1.00 -1.00
TYR-B4791_ -0.00 -0.00 -0.00 -0.00 -0.00 -0.00 -0.00 -0.00 -0.00 -0.00 -0.00 -0.01 -0.08 -0.40 -0.82
TYR-B4795_ -0.00 -0.00 -0.00 -0.00 -0.00 -0.00 -0.00 -0.00 -0.00 -0.00 -0.00 -0.00 -0.01 -0.04 -0.07
HIS+B4803_  1.00  1.00  1.00  1.00  0.98  0.93  0.67  0.21  0.03  0.00  0.00  0.00  0.00  0.00  0.00
TYR-B4804_ -0.00 -0.00 -0.00 -0.00 -0.00 -0.00 -0.00 -0.00 -0.01 -0.10 -0.50 -0.90 -0.99 -1.00 -1.00
HIS+B4812_  0.00  0.00  0.00  0.00  0.00  0.00  0.00  0.00  0.00  0.00  0.00  0.00  0.00  0.00  0.00
ASP-B4815_ -0.03 -0.25 -0.74 -0.95 -0.99 -1.00 -1.00 -1.00 -1.00 -1.00 -1.00 -1.00 -1.00 -1.00 -1.00
CTR-B4816_ -0.00 -0.00 -0.00 -0.01 -0.05 -0.31 -0.78 -0.97 -1.00 -1.00 -1.00 -1.00 -1.00 -1.00 -1.00
NTR+B4852_  1.00  1.00  0.99  0.95  0.88  0.64  0.27  0.05  0.01  0.00  0.00  0.00  0.00  0.00  0.00
ARG+B4860_  1.00  1.00  1.00  1.00  1.00  1.00  1.00  1.00  1.00  1.00  1.00  1.00  0.98  0.91  0.58
LYS+B4861_  1.00  1.00  1.00  1.00  1.00  1.00  1.00  1.00  1.00  1.00  0.98  0.89  0.49  0.11  0.02
TYR-B4863_ -0.00 -0.00 -0.00 -0.00 -0.00 -0.00 -0.00 -0.00 -0.00 -0.00 -0.00 -0.00 -0.00 -0.00 -0.00
LYS+B4865_  1.00  1.00  1.00  1.00  1.00  1.00  0.98  0.90  0.76  0.69  0.62  0.33  0.08  0.01  0.00
GLU-B4867_ -0.00 -0.00 -0.00 -0.00 -0.00 -0.01 -0.05 -0.27 -0.71 -0.95 -1.00 -1.00 -1.00 -1.00 -1.00
ASP-B4868_ -0.00 -0.00 -0.01 -0.09 -0.38 -0.79 -0.97 -0.99 -1.00 -1.00 -1.00 -1.00 -1.00 -1.00 -1.00
GLU-B4869_ -0.00 -0.00 -0.00 -0.07 -0.33 -0.71 -0.95 -0.99 -1.00 -1.00 -1.00 -1.00 -1.00 -1.00 -1.00
ASP-B4870_ -0.00 -0.00 -0.01 -0.04 -0.25 -0.65 -0.93 -0.98 -1.00 -1.00 -1.00 -1.00 -1.00 -1.00 -1.00
GLU-B4871_ -0.02 -0.11 -0.48 -0.87 -0.97 -0.99 -1.00 -1.00 -1.00 -1.00 -1.00 -1.00 -1.00 -1.00 -1.00
CTR-B4871_ -0.00 -0.00 -0.00 -0.00 -0.00 -0.01 -0.03 -0.18 -0.51 -0.83 -0.92 -0.93 -0.92 -0.92 -0.92
NTR+B4872_  1.00  1.00  1.00  1.00  1.00  1.00  1.00  0.98  0.96  0.94  0.94  0.93  0.92  0.92  0.92
ASP-B4873_ -0.53 -0.91 -0.98 -1.00 -1.00 -1.00 -1.00 -1.00 -1.00 -1.00 -1.00 -1.00 -1.00 -1.00 -1.00
LYS+B4875_  1.00  1.00  1.00  1.00  1.00  0.99  0.97  0.85  0.57  0.36  0.26  0.14  0.04  0.01  0.00
CYS-B4876_ -0.00 -0.00 -0.00 -0.00 -0.00 -0.00 -0.00 -0.00 -0.00 -0.00 -0.00 -0.00 -0.00 -0.00 -0.00
ASP-B4877_ -0.00 -0.00 -0.02 -0.13 -0.48 -0.83 -0.96 -0.99 -1.00 -1.00 -1.00 -1.00 -1.00 -1.00 -1.00
ASP-B4878_ -0.00 -0.00 -0.02 -0.14 -0.52 -0.87 -0.98 -1.00 -1.00 -1.00 -1.00 -1.00 -1.00 -1.00 -1.00
CYS-B4882_ -0.00 -0.00 -0.00 -0.00 -0.00 -0.00 -0.00 -0.00 -0.00 -0.00 -0.02 -0.07 -0.28 -0.72 -0.95
TYR-B4883_ -0.00 -0.00 -0.00 -0.00 -0.00 -0.00 -0.00 -0.00 -0.00 -0.04 -0.25 -0.74 -0.96 -0.99 -1.00
HIS+B4886_  0.98  0.88  0.54  0.23  0.12  0.12  0.07  0.01  0.00  0.00  0.00  0.00  0.00  0.00  0.00
CTR-B4887_ -0.00 -0.00 -0.00 -0.01 -0.06 -0.25 -0.68 -0.94 -0.99 -1.00 -1.00 -1.00 -1.00 -1.00 -1.00
NTR+B4891_  1.00  1.00  1.00  1.00  1.00  1.00  1.00  0.99  0.95  0.75  0.40  0.12  0.02  0.00  0.00
CTR-B4891_ -0.00 -0.02 -0.13 -0.50 -0.86 -0.97 -1.00 -1.00 -1.00 -1.00 -1.00 -1.00 -1.00 -1.00 -1.00
NTR+B4897_  1.00  1.00  1.00  1.00  1.00  1.00  1.00  0.99  0.95  0.71  0.35  0.09  0.01  0.00  0.00
ASP-B4899_ -0.00 -0.02 -0.10 -0.34 -0.69 -0.90 -0.98 -1.00 -1.00 -1.00 -1.00 -1.00 -1.00 -1.00 -1.00
GLU-B4900_ -0.00 -0.00 -0.02 -0.10 -0.28 -0.66 -0.91 -0.99 -1.00 -1.00 -1.00 -1.00 -1.00 -1.00 -1.00
GLU-B4902_ -0.00 -0.00 -0.00 -0.00 -0.00 -0.01 -0.03 -0.16 -0.57 -0.91 -0.99 -1.00 -1.00 -1.00 -1.00
ASP-B4903_ -0.00 -0.00 -0.02 -0.12 -0.47 -0.86 -0.97 -1.00 -1.00 -1.00 -1.00 -1.00 -1.00 -1.00 -1.00
ASP-B4907_ -0.00 -0.01 -0.07 -0.38 -0.78 -0.94 -0.99 -1.00 -1.00 -1.00 -1.00 -1.00 -1.00 -1.00 -1.00
GLU-B4908_ -0.00 -0.00 -0.02 -0.11 -0.40 -0.80 -0.97 -1.00 -1.00 -1.00 -1.00 -1.00 -1.00 -1.00 -1.00
TYR-B4909_ -0.00 -0.00 -0.00 -0.00 -0.00 -0.00 -0.00 -0.00 -0.01 -0.09 -0.45 -0.83 -0.97 -1.00 -1.00
GLU-B4910_ -0.00 -0.00 -0.00 -0.00 -0.00 -0.00 -0.00 -0.00 -0.00 -0.00 -0.00 -0.00 -0.04 -0.23 -0.72
TYR-B4912_ -0.00 -0.00 -0.00 -0.00 -0.00 -0.00 -0.00 -0.00 -0.01 -0.06 -0.33 -0.76 -0.96 -1.00 -1.00
ARG+B4913_  1.00  0.99  0.97  0.90  0.67  0.31  0.08  0.01  0.00  0.00  0.00  0.00  0.00  0.00  0.00
ASP-B4917_ -0.02 -0.13 -0.49 -0.78 -0.92 -0.97 -1.00 -1.00 -1.00 -1.00 -1.00 -1.00 -1.00 -1.00 -1.00
CTR-B4918_ -0.00 -0.00 -0.00 -0.01 -0.06 -0.26 -0.73 -0.96 -0.99 -1.00 -1.00 -1.00 -1.00 -1.00 -1.00
NTR+B4955_  1.00  1.00  1.00  1.00  1.00  0.99  0.96  0.76  0.24  0.03  0.00  0.00  0.00  0.00  0.00
GLU-B4955_ -0.00 -0.00 -0.01 -0.06 -0.35 -0.83 -0.98 -1.00 -1.00 -1.00 -1.00 -1.00 -1.00 -1.00 -1.00
CTR-B4956_ -0.00 -0.00 -0.01 -0.06 -0.22 -0.69 -0.95 -0.99 -1.00 -1.00 -1.00 -1.00 -1.00 -1.00 -1.00
NTG+B4962_  1.00  1.00  1.00  1.00  1.00  1.00  1.00  1.00  0.98  0.88  0.43  0.08  0.01  0.00  0.00
CTR-B4962_ -0.00 -0.01 -0.08 -0.43 -0.84 -0.97 -0.99 -1.00 -1.00 -1.00 -1.00 -1.00 -1.00 -1.00 -1.00
NTR+B4975_  1.00  1.00  1.00  1.00  1.00  1.00  1.00  1.00  0.99  0.90  0.49  0.10  0.01  0.00  0.00
CTR-B4975_ -0.00 -0.01 -0.07 -0.42 -0.85 -0.98 -1.00 -1.00 -1.00 -1.00 -1.00 -1.00 -1.00 -1.00 -1.00
NTR+B5020_  1.00  1.00  1.00  1.00  1.00  0.99  0.93  0.60  0.13  0.01  0.00  0.00  0.00  0.00  0.00
ASP-B5020_ -0.00 -0.01 -0.07 -0.38 -0.84 -0.97 -1.00 -1.00 -1.00 -1.00 -1.00 -1.00 -1.00 -1.00 -1.00
CTR-B5021_ -0.00 -0.00 -0.01 -0.06 -0.32 -0.79 -0.97 -1.00 -1.00 -1.00 -1.00 -1.00 -1.00 -1.00 -1.00
_CA+B5102_  0.00  0.00  0.00  0.00  0.00  0.00  0.00  0.00  0.00  0.00  0.00  0.00  0.00  0.00  0.00
----------
Net_Charge 80.24 76.90 68.20 48.75 18.65 -14.47 -40.98 -57.97 -70.24 -80.62 -94.17 -111.06 -124.92 -135.09 -143.64
Protons    80.24 76.90 68.20 48.75 18.65 -14.47 -40.98 -57.97 -70.24 -80.62 -94.17 -111.06 -124.92 -135.09 -143.64
Electrons   0.00  0.00  0.00  0.00  0.00  0.00  0.00  0.00  0.00  0.00  0.00  0.00  0.00  0.00  0.00
