   confID        vdw0    sas     sum
NTR01B3639_001  -0.003  -3.216  -3.219
NTR+1B3639_002  -0.005  -3.216  -3.221
THR01B3639_001   0.181  -4.478  -4.297
PRO01B3640_001   0.390  -3.107  -2.717
LEU01B3641_001   1.736  -9.114  -7.378
TYR01B3642_001   4.969 -10.996  -6.026
TYR-1B3642_002   4.969 -10.996  -6.026
ASN01B3643_001   0.560  -2.344  -1.783
LEU01B3644_001   1.528  -2.418  -0.890
PRO01B3645_001   0.255  -3.400  -3.145
THR01B3646_001   0.284  -7.164  -6.879
THR01B3646_002   0.284  -7.164  -6.879
HIS01B3647_001  -0.152  -8.896  -9.048
HIS01B3647_002  -0.106  -8.766  -8.873
HIS02B3647_003  -0.171  -8.896  -9.067
HIS02B3647_004  -0.119  -8.766  -8.885
HIS+1B3647_005  -0.198  -8.896  -9.094
HIS+1B3647_006  -0.146  -8.766  -8.912
ARG01B3648_001   2.556  -7.215  -4.659
ARG02B3648_002   2.532  -7.215  -4.682
ARG03B3648_003   2.541  -7.215  -4.674
ARG+1B3648_004   2.493  -7.215  -4.722
ALA01B3649_001   0.000  -0.892  -0.892
CYS01B3650_001  -0.002  -3.838  -3.840
CYS01B3650_002  -0.002  -3.838  -3.840
CYS01B3650_003  -0.002  -3.838  -3.840
CYS-1B3650_004   0.000  -3.838  -3.838
ASN01B3651_001   0.534  -2.811  -2.277
ASN01B3651_002   0.272  -3.008  -2.735
MET01B3652_001   0.923  -6.499  -5.576
PHE01B3653_001   4.931  -8.628  -3.697
LEU01B3654_001   2.396  -6.967  -4.571
GLU01B3655_001   1.699  -3.355  -1.656
GLU01B3655_002   1.699  -3.355  -1.656
GLU02B3655_003   1.413  -3.540  -2.127
GLU02B3655_004   1.413  -3.540  -2.127
GLU-1B3655_005   1.315  -3.294  -1.979
SER01B3656_001   0.000  -3.384  -3.384
TYR01B3657_001   5.412  -6.023  -0.611
TYR-1B3657_002   5.412  -6.023  -0.611
LYS01B3658_001   2.154  -8.217  -6.062
LYS+1B3658_002   2.106  -8.217  -6.110
ALA01B3659_001   0.000  -4.977  -4.977
ALA01B3660_001   0.000  -2.627  -2.627
TRP01B3661_001   3.200  -4.240  -1.040
ILE01B3662_001   1.877  -9.935  -8.058
LEU01B3663_001   2.105  -5.322  -3.217
THR01B3664_001   0.175  -5.177  -5.002
GLU01B3665_001   1.665  -3.893  -2.228
GLU01B3665_002   1.665  -3.893  -2.228
GLU02B3665_003   1.378  -3.694  -2.316
GLU02B3665_004   1.378  -3.694  -2.316
GLU-1B3665_005   1.287  -3.689  -2.402
ASP01B3666_001   0.499  -1.836  -1.337
ASP01B3666_002   0.499  -1.836  -1.337
ASP02B3666_003   0.516  -1.652  -1.136
ASP02B3666_004   0.516  -1.652  -1.136
ASP-1B3666_005   0.416  -1.705  -1.290
HIS01B3667_001  -0.123  -4.702  -4.826
HIS01B3667_002  -0.060  -5.017  -5.077
HIS02B3667_003  -0.144  -4.702  -4.846
HIS02B3667_004  -0.072  -5.017  -5.089
HIS+1B3667_005  -0.170  -4.702  -4.873
HIS+1B3667_006  -0.098  -5.017  -5.115
SER01B3668_001   0.000  -3.546  -3.546
SER01B3668_002   0.000  -3.546  -3.546
PHE01B3669_001   4.510  -8.337  -3.826
GLU01B3670_001   1.128  -0.680   0.447
GLU01B3670_002   1.128  -0.680   0.447
GLU02B3670_003   0.997  -0.714   0.283
GLU02B3670_004   0.997  -0.714   0.283
GLU-1B3670_005   0.898  -0.680   0.217
ASP01B3671_001   0.130  -1.818  -1.689
ASP01B3671_002   0.130  -1.818  -1.689
ASP02B3671_003   0.216  -1.859  -1.642
ASP02B3671_004   0.216  -1.859  -1.642
ASP-1B3671_005   0.125  -1.792  -1.667
ARG01B3672_001   7.336 -10.813  -3.477
ARG02B3672_002   7.366 -10.813  -3.447
ARG03B3672_003   7.277 -10.813  -3.536
ARG+1B3672_004   7.230 -10.813  -3.583
CTR01B3672_001  -0.021  -4.025  -4.046
CTR01B3672_002   0.105  -3.987  -3.882
CTR02B3672_003  -0.022  -3.890  -3.912
CTR02B3672_004   0.042  -3.987  -3.945
CTR-1B3672_005   0.000  -3.890  -3.890
NTR01B3679_001  -0.003  -2.981  -2.984
NTR+1B3679_002  -0.005  -2.981  -2.986
LYS01B3679_001   2.343 -10.189  -7.846
LYS+1B3679_002   2.273 -10.189  -7.916
ALA01B3680_001   0.000  -5.199  -5.199
GLU01B3682_001   0.498  -3.825  -3.326
GLU01B3682_002   0.498  -3.825  -3.326
GLU02B3682_003   0.665  -3.879  -3.214
GLU02B3682_004   0.665  -3.879  -3.214
GLU-1B3682_005   0.467  -3.764  -3.297
GLN01B3683_001   0.454  -1.473  -1.019
GLU01B3684_001   0.495  -3.985  -3.490
GLU01B3684_002   0.495  -3.985  -3.490
GLU02B3684_003   0.661  -4.031  -3.370
GLU02B3684_004   0.661  -4.031  -3.370
GLU-1B3684_005   0.464  -3.932  -3.468
GLU01B3685_001   0.498  -4.225  -3.727
GLU01B3685_002   0.498  -4.225  -3.727
GLU02B3685_003   0.665  -4.185  -3.520
GLU02B3685_004   0.665  -4.185  -3.520
GLU-1B3685_005   0.467  -4.083  -3.615
GLU01B3686_001   0.498  -3.839  -3.341
GLU01B3686_002   0.498  -3.839  -3.341
GLU02B3686_003   0.664  -3.969  -3.306
GLU02B3686_004   0.664  -3.969  -3.306
GLU-1B3686_005   0.466  -3.854  -3.388
GLU01B3687_001   0.498  -2.421  -1.923
GLU01B3687_002   0.498  -2.421  -1.923
GLU02B3687_003   0.664  -2.387  -1.723
GLU02B3687_004   0.664  -2.387  -1.723
GLU-1B3687_005   0.467  -2.377  -1.911
GLU01B3688_001   0.501  -4.351  -3.850
GLU01B3688_002   0.501  -4.351  -3.850
GLU02B3688_003   0.667  -4.287  -3.620
GLU02B3688_004   0.667  -4.287  -3.620
GLU-1B3688_005   0.469  -4.203  -3.734
GLU01B3689_001   0.498  -4.068  -3.569
GLU01B3689_002   0.498  -4.068  -3.569
GLU02B3689_003   0.664  -4.040  -3.376
GLU02B3689_004   0.664  -4.040  -3.376
GLU-1B3689_005   0.467  -3.958  -3.491
VAL01B3690_001   0.503  -3.448  -2.945
GLU01B3691_001   0.498  -4.433  -3.935
GLU01B3691_002   0.498  -4.433  -3.935
GLU02B3691_003   0.664  -4.352  -3.688
GLU02B3691_004   0.664  -4.352  -3.688
GLU-1B3691_005   0.467  -4.151  -3.685
GLU01B3692_001   0.498  -4.524  -4.026
GLU01B3692_002   0.498  -4.524  -4.026
GLU02B3692_003   0.664  -4.580  -3.917
GLU02B3692_004   0.664  -4.580  -3.917
GLU-1B3692_005   0.467  -4.371  -3.904
CTR01B3692_001  -0.021  -4.305  -4.326
CTR01B3692_002   0.104  -4.171  -4.066
CTR02B3692_003  -0.022  -4.286  -4.308
CTR02B3692_004   0.041  -4.383  -4.342
CTR-1B3692_005   0.000  -4.286  -4.286
NTR01B3720_001  -0.003  -3.775  -3.778
NTR+1B3720_002  -0.005  -3.621  -3.626
CTR01B3720_001  -0.021  -5.242  -5.262
CTR01B3720_002   0.095  -5.280  -5.186
CTR02B3720_003  -0.022  -5.338  -5.360
CTR02B3720_004   0.036  -5.223  -5.186
CTR-1B3720_005   0.000  -5.184  -5.184
TYR01B3720_001   4.318 -14.788 -10.470
TYR01B3720_002   4.318 -14.788 -10.470
TYR-1B3720_003   4.318 -14.788 -10.470
NTR01B3727_001  -0.003  -3.814  -3.817
NTR+1B3727_002  -0.005  -3.621  -3.626
CTR01B3727_001  -0.021  -3.388  -3.409
CTR01B3727_002   0.098  -3.369  -3.271
CTR02B3727_003  -0.022  -3.388  -3.411
CTR02B3727_004   0.038  -3.389  -3.351
CTR-1B3727_005   0.000  -3.350  -3.350
ASP01B3727_001   0.068  -3.694  -3.626
ASP01B3727_002   0.068  -3.694  -3.626
ASP02B3727_003   0.138  -3.663  -3.525
ASP02B3727_004   0.138  -3.663  -3.525
ASP-1B3727_005   0.065  -3.596  -3.531
NTR01B3732_001  -0.003  -0.450  -0.453
NTR+1B3732_002  -0.005  -0.450  -0.455
SER01B3732_001   0.000  -3.293  -3.293
SER01B3732_002   0.000  -3.293  -3.293
SER01B3732_003   0.000  -3.293  -3.293
CYS01B3733_001  -0.002  -4.058  -4.060
CYS01B3733_002  -0.002  -4.058  -4.060
CYS01B3733_003  -0.003  -4.058  -4.061
CYS-1B3733_004   0.000  -4.058  -4.058
HIS01B3734_001  -0.353  -5.280  -5.633
HIS02B3734_002  -0.363  -5.280  -5.642
HIS+1B3734_003  -0.382  -5.280  -5.662
LEU01B3735_001   1.462  -1.391   0.071
GLU01B3736_001   0.501  -0.296   0.205
GLU01B3736_002   0.501  -0.296   0.205
GLU02B3736_003   0.667  -0.246   0.421
GLU02B3736_004   0.667  -0.246   0.421
GLU-1B3736_005   0.469  -0.289   0.181
GLU01B3737_001   0.498  -3.023  -2.525
GLU01B3737_002   0.498  -3.023  -2.525
GLU02B3737_003   0.665  -2.944  -2.279
GLU02B3737_004   0.665  -2.944  -2.279
GLU-1B3737_005   0.467  -2.933  -2.466
GLU01B3740_001   0.498  -1.330  -0.832
GLU01B3740_002   0.498  -1.330  -0.832
GLU02B3740_003   0.664  -1.345  -0.680
GLU02B3740_004   0.664  -1.345  -0.680
GLU-1B3740_005   0.467  -1.270  -0.803
ASN01B3741_001  -0.019  -2.940  -2.959
CTR01B3741_001  -0.021  -3.967  -3.988
CTR01B3741_002   0.103  -4.219  -4.116
CTR02B3741_003  -0.022  -4.141  -4.163
CTR02B3741_004   0.041  -4.199  -4.159
CTR-1B3741_005   0.000  -3.967  -3.967
NTR01B3747_001  -0.003  -3.923  -3.926
NTR+1B3747_002  -0.005  -3.923  -3.928
GLU01B3747_001   0.497  -3.526  -3.029
GLU01B3747_002   0.497  -3.526  -3.029
GLU02B3747_003   0.663  -3.689  -3.026
GLU02B3747_004   0.663  -3.689  -3.026
GLU-1B3747_005   0.466  -3.578  -3.113
GLU01B3748_001   0.499  -2.511  -2.011
GLU01B3748_002   0.499  -2.511  -2.011
GLU02B3748_003   0.666  -2.554  -1.888
GLU02B3748_004   0.666  -2.554  -1.888
GLU-1B3748_005   0.468  -2.506  -2.038
VAL01B3749_001   0.500  -8.541  -8.042
GLU01B3750_001   1.809  -3.219  -1.409
GLU01B3750_002   1.809  -3.219  -1.409
GLU02B3750_003   1.480  -3.015  -1.535
GLU02B3750_004   1.480  -3.015  -1.535
GLU-1B3750_005   1.395  -3.099  -1.704
VAL01B3751_001   0.656  -2.331  -1.674
SER01B3752_001   0.000  -3.456  -3.456
SER01B3752_002   0.000  -3.456  -3.456
PHE01B3753_001   4.844  -9.513  -4.668
GLU01B3754_001   1.545  -2.575  -1.030
GLU01B3754_002   1.545  -2.575  -1.030
GLU02B3754_003   1.260  -2.442  -1.183
GLU02B3754_004   1.260  -2.442  -1.183
GLU-1B3754_005   1.182  -2.497  -1.315
GLU01B3755_001   3.781  -0.792   2.989
GLU01B3755_002   3.781  -0.792   2.989
GLU02B3755_003   3.053  -0.751   2.302
GLU02B3755_004   3.053  -0.751   2.302
GLU-1B3755_005   2.972  -0.740   2.232
LYS01B3756_001   2.285  -4.314  -2.029
LYS+1B3756_002   2.226  -4.314  -2.088
GLU01B3757_001   4.276  -1.732   2.544
GLU01B3757_002   4.276  -1.732   2.544
GLU02B3757_003   3.461  -1.836   1.625
GLU02B3757_004   3.461  -1.836   1.625
GLU-1B3757_005   3.381  -1.722   1.659
MET01B3758_001   0.486  -2.405  -1.919
GLU01B3759_001   3.556  -0.426   3.130
GLU01B3759_002   3.556  -0.426   3.130
GLU02B3759_003   2.948  -0.497   2.452
GLU02B3759_004   2.948  -0.497   2.452
GLU-1B3759_005   2.825  -0.482   2.343
LYS01B3760_001   2.179  -6.085  -3.907
LYS+1B3760_002   2.129  -6.085  -3.956
GLN01B3761_001   3.360  -1.455   1.905
GLN01B3761_002   5.596  -1.453   4.143
ARG01B3762_001   2.634  -1.645   0.989
ARG02B3762_002   2.615  -1.645   0.970
ARG02B3762_003   2.669  -1.645   1.024
ARG03B3762_004   2.611  -1.645   0.966
ARG+1B3762_005   2.568  -1.645   0.923
LEU01B3763_001   1.460  -4.308  -2.848
LEU01B3764_001   1.851  -7.582  -5.731
TYR01B3765_001   4.871  -6.005  -1.135
TYR01B3765_002   4.871  -6.005  -1.135
TYR-1B3765_003   4.871  -6.005  -1.135
GLN01B3766_001   4.959  -0.118   4.841
GLN01B3766_002   8.287  -0.034   8.253
CTR01B3766_001  -0.021  -0.869  -0.890
CTR01B3766_002   0.103  -0.907  -0.804
CTR02B3766_003  -0.022  -0.869  -0.891
CTR02B3766_004   0.040  -1.062  -1.022
CTR-1B3766_005   0.000  -0.869  -0.869
NTR01B3769_001  -0.003  -1.816  -1.819
NTR01B3769_002  -0.002  -1.826  -1.828
NTR+1B3769_003  -0.005  -1.826  -1.831
CTR01B3769_001  -0.021  -5.831  -5.852
CTR01B3769_002   0.098  -5.676  -5.579
CTR02B3769_003  -0.022  -5.695  -5.718
CTR02B3769_004   0.037  -5.677  -5.639
CTR-1B3769_005   0.000  -5.637  -5.637
ARG01B3769_001   3.271  -3.434  -0.162
ARG02B3769_002   3.195  -3.434  -0.239
ARG02B3769_003   3.255  -3.434  -0.178
ARG03B3769_004   3.189  -3.434  -0.245
ARG03B3769_005   3.194  -3.434  -0.239
ARG+1B3769_006   3.150  -3.434  -0.284
NTR01B3776_001  -0.003  -4.059  -4.062
NTR+1B3776_002  -0.005  -4.059  -4.064
CTR01B3776_001  -0.021  -6.159  -6.180
CTR01B3776_002   0.097  -6.198  -6.101
CTR02B3776_003  -0.022  -6.178  -6.200
CTR02B3776_004   0.037  -6.275  -6.238
CTR-1B3776_005   0.000  -6.043  -6.043
ALA01B3776_001   0.000  -5.302  -5.302
NTR01B3843_001  -0.003  -1.851  -1.853
NTR+1B3843_002  -0.005  -1.851  -1.855
ASP01B3843_001   0.264  -3.234  -2.970
ASP01B3843_002   0.264  -3.234  -2.970
ASP02B3843_003   0.360  -3.308  -2.947
ASP02B3843_004   0.360  -3.308  -2.947
ASP-1B3843_005   0.247  -3.204  -2.957
LEU01B3844_001   2.164  -7.244  -5.079
ASN01B3845_001   0.310  -3.395  -3.085
ASN01B3845_002   0.475  -3.418  -2.943
ALA01B3846_001   0.000  -1.835  -1.835
PHE01B3847_001   4.746  -0.711   4.035
GLU01B3848_001   1.324  -1.211   0.113
GLU01B3848_002   1.324  -1.211   0.113
GLU02B3848_003   1.149  -1.075   0.075
GLU02B3848_004   1.149  -1.075   0.075
GLU-1B3848_005   1.033  -1.067  -0.035
ARG01B3849_001   2.632  -9.845  -7.213
ARG02B3849_002   2.691  -9.845  -7.155
ARG03B3849_003   2.613  -9.845  -7.232
ARG+1B3849_004   2.570  -9.845  -7.275
GLN01B3850_001   2.197  -0.034   2.162
ASN01B3851_001   0.188  -1.043  -0.856
ASN01B3851_002   0.014  -1.157  -1.143
LYS01B3852_001   0.918  -9.327  -8.409
LYS+1B3852_002   0.871  -9.327  -8.456
ALA01B3853_001   0.000  -1.046  -1.046
GLU01B3854_001   0.500  -1.760  -1.261
GLU01B3854_002   0.500  -1.760  -1.261
GLU02B3854_003   0.666  -1.786  -1.120
GLU02B3854_004   0.666  -1.786  -1.120
GLU-1B3854_005   0.468  -1.666  -1.198
LEU01B3856_001   1.656  -7.772  -6.116
MET01B3858_001   0.141  -8.992  -8.852
VAL01B3859_001   0.506  -2.746  -2.240
ASN01B3860_001  -0.020  -3.063  -3.083
GLU01B3861_001   0.497  -2.613  -2.116
GLU01B3861_002   0.497  -2.613  -2.116
GLU02B3861_003   0.663  -2.587  -1.924
GLU02B3861_004   0.663  -2.587  -1.924
GLU-1B3861_005   0.466  -2.562  -2.096
ASP01B3862_001  -0.040  -2.196  -2.236
ASP01B3862_002  -0.040  -2.196  -2.236
ASP02B3862_003  -0.009  -2.049  -2.057
ASP02B3862_004  -0.009  -2.049  -2.057
ASP-1B3862_005  -0.040  -2.148  -2.189
THR01B3864_001   0.152  -1.578  -1.426
VAL01B3865_001   0.502  -5.747  -5.245
ILE01B3866_001   0.941  -5.048  -4.107
ASN01B3867_001  -0.019  -1.327  -1.347
ARG01B3868_0011191.308  -5.3851185.923
ARG02B3868_0021191.290  -5.3851185.905
ARG03B3868_0031191.324  -5.3851185.939
ARG03B3868_004 190.359  -5.385 184.974
ARG+1B3868_0051191.258  -5.3851185.873
GLN01B3869_001   0.453  -1.917  -1.464
ASN01B3870_001  -0.020  -0.221  -0.241
GLU01B3872_001   0.500  -3.936  -3.436
GLU01B3872_002   0.500  -3.936  -3.436
GLU02B3872_003   0.667  -3.954  -3.286
GLU02B3872_004   0.667  -3.954  -3.286
GLU-1B3872_005   0.469  -3.906  -3.437
LYS01B3873_001   0.864  -3.645  -2.781
LYS+1B3873_002   0.818  -3.645  -2.827
VAL01B3874_001   0.716  -0.444   0.271
MET01B3875_001   0.413  -5.706  -5.293
ALA01B3876_001   0.000  -1.252  -1.252
ASP01B3877_001   0.109  -2.266  -2.158
ASP01B3877_002   0.109  -2.266  -2.158
ASP02B3877_003   0.187  -2.297  -2.111
ASP02B3877_004   0.187  -2.297  -2.111
ASP-1B3877_005   0.102  -2.171  -2.069
ASP01B3878_001   0.073  -3.101  -3.028
ASP01B3878_002   0.073  -3.101  -3.028
ASP02B3878_003   0.143  -3.189  -3.046
ASP02B3878_004   0.143  -3.189  -3.046
ASP-1B3878_005   0.069  -3.066  -2.997
GLU01B3879_001   0.498  -4.421  -3.923
GLU01B3879_002   0.498  -4.421  -3.923
GLU02B3879_003   0.665  -4.461  -3.795
GLU02B3879_004   0.665  -4.461  -3.795
GLU-1B3879_005   0.467  -4.354  -3.886
PHE01B3880_001   5.155 -10.793  -5.638
CTR01B3880_001  -0.021  -1.486  -1.507
CTR01B3880_002   0.094  -1.332  -1.238
CTR02B3880_003  -0.022  -1.448  -1.470
CTR02B3880_004   0.036  -1.352  -1.316
CTR-1B3880_005   0.000  -1.448  -1.448
NTR01B3883_001  -0.003  -2.436  -2.439
NTR+1B3883_002  -0.005  -2.407  -2.412
CTR01B3883_001  -0.021  -4.692  -4.713
CTR01B3883_002   0.100  -4.557  -4.456
CTR02B3883_003  -0.022  -4.595  -4.617
CTR02B3883_004   0.038  -4.576  -4.538
CTR-1B3883_005   0.000  -4.634  -4.634
ASP01B3883_001   0.493  -3.148  -2.655
ASP01B3883_002   0.493  -3.148  -2.655
ASP02B3883_003   0.486  -3.220  -2.735
ASP02B3883_004   0.486  -3.220  -2.735
ASP-1B3883_005   0.400  -3.067  -2.666
NTR01B3888_001  -0.003  -2.470  -2.473
NTR+1B3888_002  -0.005  -2.470  -2.475
CTR01B3888_001  -0.021  -6.246  -6.267
CTR01B3888_002   0.101  -6.265  -6.164
CTR02B3888_003  -0.022  -6.304  -6.326
CTR02B3888_004   0.039  -6.323  -6.285
CTR-1B3888_005   0.000  -6.149  -6.149
LEU01B3888_001   2.277 -11.497  -9.219
NTR01B3895_001  -0.003  -3.088  -3.091
NTR+1B3895_002  -0.005  -3.088  -3.093
CTR01B3895_001  -0.021  -6.004  -6.025
CTR01B3895_002   0.107  -5.966  -5.859
CTR02B3895_003  -0.022  -6.062  -6.085
CTR02B3895_004   0.042  -6.005  -5.963
CTR-1B3895_005   0.000  -5.908  -5.908
HIS01B3895_001  -0.105  -9.199  -9.305
HIS01B3895_002  -0.055  -8.528  -8.583
HIS02B3895_003  -0.125  -9.199  -9.324
HIS02B3895_004  -0.068  -8.528  -8.596
HIS+1B3895_005  -0.152  -9.199  -9.351
HIS+1B3895_006  -0.095  -8.528  -8.623
NTR01B3912_001  -0.003  -3.023  -3.026
NTR+1B3912_002  -0.004  -3.023  -3.027
THR01B3912_001   0.412  -8.028  -7.615
THR01B3912_002   0.412  -8.028  -7.615
THR01B3912_003   0.412  -8.028  -7.615
ILE01B3913_001   1.503 -10.537  -9.035
CTR01B3913_001  -0.021  -4.527  -4.548
CTR01B3913_002   0.101  -4.218  -4.117
CTR02B3913_003  -0.022  -4.353  -4.376
CTR02B3913_004   0.040  -4.276  -4.236
CTR-1B3913_005   0.000  -4.295  -4.295
NTR01B3916_001  -0.003  -2.291  -2.294
NTR+1B3916_002  -0.005  -2.137  -2.142
CTR01B3916_001  -0.021  -5.502  -5.523
CTR01B3916_002   0.100  -5.329  -5.229
CTR02B3916_003  -0.022  -5.309  -5.331
CTR02B3916_004   0.039  -5.309  -5.270
CTR-1B3916_005   0.000  -5.367  -5.367
ILE01B3916_001   3.590 -11.670  -8.080
NTR01B3936_001  -0.003  -3.570  -3.573
NTR+1B3936_002  -0.005  -3.570  -3.575
CTR01B3936_001  -0.021  -3.572  -3.593
CTR01B3936_002   0.100  -3.456  -3.355
CTR02B3936_003  -0.022  -3.688  -3.710
CTR02B3936_004   0.039  -3.398  -3.359
CTR-1B3936_005   0.000  -3.514  -3.514
TYR01B3936_001   5.151  -5.996  -0.846
TYR01B3936_002   5.151  -5.996  -0.846
TYR-1B3936_003   5.151  -5.996  -0.846
NTR01B3940_001  -0.003  -3.513  -3.516
NTR+1B3940_002  -0.005  -3.513  -3.518
LYS01B3940_001   1.064  -3.913  -2.849
LYS+1B3940_002   1.020  -3.913  -2.893
ASP01B3941_001   0.075  -2.968  -2.893
ASP01B3941_002   0.075  -2.968  -2.893
ASP02B3941_003   0.145  -2.982  -2.837
ASP02B3941_004   0.145  -2.982  -2.837
ASP-1B3941_005   0.071  -2.863  -2.793
VAL01B3942_001   0.503  -4.617  -4.114
ILE01B3943_001   1.661  -4.498  -2.836
GLU01B3944_001   1.288  -2.725  -1.438
GLU01B3944_002   1.288  -2.725  -1.438
GLU02B3944_003   1.165  -2.709  -1.544
GLU02B3944_004   1.165  -2.709  -1.544
GLU-1B3944_005   1.025  -2.674  -1.649
GLU01B3945_001   3.168  -2.834   0.333
GLU01B3945_002   3.168  -2.834   0.333
GLU02B3945_003   2.545  -2.760  -0.214
GLU02B3945_004   2.545  -2.760  -0.214
GLU-1B3945_005   2.472  -2.802  -0.329
GLN01B3946_001   0.655  -0.366   0.288
GLN01B3946_002   0.566  -0.367   0.199
LYS01B3948_001   0.666  -2.430  -1.764
LYS+1B3948_002   0.621  -2.430  -1.809
ARG01B3949_001   2.849  -5.696  -2.847
ARG02B3949_002   2.828  -5.696  -2.868
ARG03B3949_003   2.900  -5.696  -2.795
ARG+1B3949_004   2.785  -5.696  -2.911
ASN01B3950_001   0.698  -0.476   0.222
ASN01B3950_002   0.399  -0.508  -0.109
CTR01B3950_001  -0.021  -3.369  -3.390
CTR01B3950_002   0.095  -3.331  -3.235
CTR02B3950_003  -0.022  -3.311  -3.333
CTR02B3950_004   0.037  -3.369  -3.332
CTR-1B3950_005   0.000  -3.311  -3.311
NTR01B3972_001  -0.003  -1.434  -1.437
NTR+1B3972_002  -0.005  -1.454  -1.459
CTR01B3972_001  -0.021  -5.898  -5.919
CTR01B3972_002   0.123  -5.840  -5.717
CTR02B3972_003  -0.022  -6.072  -6.094
CTR02B3972_004   0.049  -5.898  -5.849
CTR-1B3972_005   0.000  -5.898  -5.898
PRO01B3972_001   0.553  -8.998  -8.445
NTR01B3985_001  -0.003  -3.473  -3.476
NTR+1B3985_002  -0.005  -3.473  -3.478
CTR01B3985_001  -0.021  -5.242  -5.263
CTR01B3985_002   0.105  -5.319  -5.214
CTR02B3985_003  -0.022  -5.300  -5.322
CTR02B3985_004   0.040  -5.203  -5.163
CTR-1B3985_005   0.000  -5.184  -5.184
LEU01B3985_001   2.981 -11.171  -8.190
NTR01B4004_001  -0.003  -2.188  -2.191
NTR+1B4004_002  -0.005  -2.188  -2.193
ALA01B4004_001   0.000  -1.854  -1.854
GLN01B4005_001   1.551  -2.727  -1.175
GLN01B4005_002   2.561  -2.746  -0.185
ASP01B4006_001   0.084  -1.355  -1.272
ASP01B4006_002   0.084  -1.355  -1.272
ASP02B4006_003   0.161  -1.092  -0.931
ASP02B4006_004   0.161  -1.092  -0.931
ASP-1B4006_005   0.082  -1.232  -1.150
SER01B4007_001   0.000  -3.258  -3.258
SER01B4007_002   0.000  -3.258  -3.258
SER01B4008_001   0.000  -3.321  -3.321
SER01B4008_002   0.000  -3.321  -3.321
GLN01B4009_001   1.571  -0.980   0.591
GLN01B4009_002   2.602  -1.034   1.568
ILE01B4010_001   2.227  -3.210  -0.982
GLU01B4011_001   4.238  -3.396   0.842
GLU01B4011_002   4.238  -3.396   0.842
GLU02B4011_003   3.416  -3.339   0.077
GLU02B4011_004   3.416  -3.339   0.077
GLU-1B4011_005   3.332  -3.299   0.033
CTR01B4011_001  -0.021  -2.259  -2.280
CTR01B4011_002   0.097  -2.297  -2.200
CTR02B4011_003  -0.022  -2.201  -2.223
CTR02B4011_004   0.037  -2.375  -2.338
CTR-1B4011_005   0.000  -2.201  -2.201
NTR01B4014_001  -0.003  -1.866  -1.869
NTR+1B4014_002  -0.005  -1.866  -1.871
CTR01B4014_001  -0.021  -4.411  -4.432
CTR01B4014_002   0.100  -4.489  -4.389
CTR02B4014_003  -0.022  -4.431  -4.453
CTR02B4014_004   0.038  -4.470  -4.431
CTR-1B4014_005   0.000  -4.431  -4.431
LYS01B4014_001   2.743  -6.391  -3.648
LYS+1B4014_002   2.698  -6.391  -3.693
NTR01B4060_001  -0.003  -1.863  -1.866
NTR01B4060_002  -0.002  -1.863  -1.865
NTR+1B4060_003  -0.005  -1.863  -1.868
NTR+1B4060_004  -0.005  -1.863  -1.868
CTR01B4060_001  -0.021  -2.790  -2.811
CTR01B4060_002   0.095  -2.848  -2.752
CTR02B4060_003  -0.022  -2.925  -2.947
CTR02B4060_004   0.037  -2.732  -2.695
CTR-1B4060_005   0.000  -2.790  -2.790
LYS01B4060_001   2.039  -9.745  -7.706
LYS+1B4060_002   1.993  -9.745  -7.752
NTR01B4063_001  -0.003  -0.642  -0.645
NTR+1B4063_002  -0.005  -0.642  -0.648
ASP01B4063_001   0.260  -2.641  -2.381
ASP01B4063_002   0.260  -2.641  -2.381
ASP02B4063_003   0.361  -2.753  -2.392
ASP02B4063_004   0.361  -2.753  -2.392
ASP-1B4063_005   0.245  -2.610  -2.365
MET01B4064_001  -0.019  -0.203  -0.222
PHE01B4065_001   4.864  -2.123   2.741
LEU01B4066_001   3.645  -6.967  -3.322
LYS01B4067_001   5.654  -0.827   4.827
LYS+1B4067_002   5.610  -0.827   4.783
LEU01B4068_001   2.617  -0.258   2.360
LYS01B4069_001   3.341  -6.237  -2.896
LYS+1B4069_002   3.267  -6.237  -2.970
ASP01B4070_001   0.138  -2.730  -2.592
ASP01B4070_002   0.138  -2.730  -2.592
ASP02B4070_003   0.217  -2.737  -2.520
ASP02B4070_004   0.217  -2.737  -2.520
ASP-1B4070_005   0.129  -2.670  -2.541
ILE01B4071_001   2.918  -0.789   2.129
VAL01B4072_001   0.536  -0.979  -0.443
SER01B4074_001   0.000  -1.979  -1.979
SER01B4074_002   0.000  -1.979  -1.979
GLU01B4075_001   1.615  -3.026  -1.412
GLU01B4075_002   1.615  -3.026  -1.412
GLU02B4075_003   1.349  -3.139  -1.791
GLU02B4075_004   1.349  -3.139  -1.791
GLU-1B4075_005   1.248  -3.034  -1.786
ALA01B4076_001   0.000  -2.849  -2.849
PHE01B4077_001   4.555   0.000   4.555
GLN01B4078_001   0.986  -1.570  -0.584
ASP01B4079_001   0.152  -2.818  -2.666
ASP01B4079_002   0.152  -2.818  -2.666
ASP02B4079_003   0.235  -2.871  -2.636
ASP02B4079_004   0.235  -2.871  -2.636
ASP-1B4079_005   0.144  -2.760  -2.617
TYR01B4080_001   5.246  -1.181   4.065
TYR-1B4080_002   5.246  -1.181   4.065
VAL01B4081_001   0.668  -0.464   0.205
THR01B4082_001   0.213  -6.452  -6.239
ASP01B4083_001   0.180  -1.259  -1.079
ASP01B4083_002   0.180  -1.259  -1.079
ASP02B4083_003   0.263  -1.258  -0.996
ASP02B4083_004   0.263  -1.258  -0.996
ASP-1B4083_005   0.168  -1.172  -1.004
PRO01B4084_001   0.281  -6.372  -6.091
ARG01B4085_001   4.539  -8.337  -3.798
ARG02B4085_002   4.473  -8.337  -3.864
ARG03B4085_003   4.467  -8.337  -3.869
ARG+1B4085_004   4.428  -8.337  -3.909
LEU01B4087_001   1.794  -4.684  -2.890
ILE01B4088_001   3.768   0.000   3.768
SER01B4089_001   0.000  -2.197  -2.197
SER01B4089_002   0.000  -2.197  -2.197
SER01B4089_003   0.000  -2.197  -2.197
LYS01B4090_001   1.442  -2.082  -0.640
LYS+1B4090_002   1.395  -2.082  -0.687
LYS01B4091_001   0.756  -8.298  -7.541
LYS+1B4091_002   0.710  -8.298  -7.587
ASP01B4092_001   0.071  -0.598  -0.527
ASP01B4092_002   0.071  -0.598  -0.527
ASP02B4092_003   0.143  -0.646  -0.503
ASP02B4092_004   0.143  -0.646  -0.503
ASP-1B4092_005   0.068  -0.633  -0.564
PHE01B4093_001   4.802   0.000   4.802
GLN01B4094_001   1.134  -1.206  -0.072
GLN01B4094_002   1.535  -1.114   0.421
LYS01B4095_001   1.634  -6.960  -5.326
LYS+1B4095_002   1.586  -6.960  -5.374
ALA01B4096_001   0.000  -0.206  -0.206
MET01B4097_001   0.096  -0.143  -0.047
ASP01B4098_001   0.426  -2.713  -2.287
ASP01B4098_002   0.426  -2.713  -2.287
ASP02B4098_003   0.452  -2.700  -2.248
ASP02B4098_004   0.452  -2.700  -2.248
ASP-1B4098_005   0.357  -2.653  -2.296
SER01B4099_001   0.000  -2.317  -2.317
SER01B4099_002   0.000  -2.317  -2.317
GLN01B4100_001   1.856  -1.282   0.574
GLN01B4100_002   3.049  -1.048   2.001
LYS01B4101_001   1.003 -10.899  -9.897
LYS+1B4101_002   0.953 -10.899  -9.946
GLN01B4102_001   1.580  -2.588  -1.009
GLN01B4102_002   2.562  -2.626  -0.064
PHE01B4103_001   5.258  -0.308   4.950
THR01B4104_001   0.184  -3.427  -3.243
THR01B4104_002   0.184  -3.427  -3.243
THR01B4104_003   0.184  -3.427  -3.243
PRO01B4106_001   0.298  -6.587  -6.289
GLU01B4107_001   2.301  -2.159   0.142
GLU01B4107_002   2.301  -2.159   0.142
GLU02B4107_003   1.828  -2.238  -0.410
GLU02B4107_004   1.828  -2.238  -0.410
GLU-1B4107_005   1.758  -2.145  -0.387
ILE01B4108_001   4.558  -0.258   4.301
GLN01B4109_001   0.824  -2.488  -1.663
GLN01B4109_002   0.705  -2.296  -1.590
PHE01B4110_001   5.483  -2.373   3.110
LEU01B4111_001   2.013  -0.052   1.961
LEU01B4112_001   1.392  -0.309   1.083
SER01B4113_001   0.000  -1.538  -1.538
SER01B4113_002   0.000  -1.538  -1.538
CYS01B4114_001  -0.002  -0.119  -0.121
CYS01B4114_002  -0.002  -0.119  -0.121
CYS01B4114_003  -0.002  -0.119  -0.122
CYS-1B4114_004   0.000  -0.119  -0.119
SER01B4115_001   0.000  -0.060  -0.060
SER01B4115_002   0.000  -0.060  -0.060
GLU01B4116_001   1.979  -1.555   0.424
GLU01B4116_002   1.979  -1.555   0.424
GLU02B4116_003   1.628  -1.441   0.187
GLU02B4116_004   1.628  -1.441   0.187
GLU-1B4116_005   1.534  -1.468   0.065
ALA01B4117_001   0.000  -3.483  -3.483
ASP01B4118_001   0.402  -2.364  -1.962
ASP01B4118_002   0.402  -2.364  -1.962
ASP02B4118_003   0.453  -2.446  -1.992
ASP02B4118_004   0.453  -2.446  -1.992
ASP-1B4118_005   0.347  -2.343  -1.996
GLU01B4119_001   1.650  -3.817  -2.167
GLU01B4119_002   1.650  -3.817  -2.167
GLU02B4119_003   1.414  -3.942  -2.528
GLU02B4119_004   1.414  -3.942  -2.528
GLU-1B4119_005   1.297  -3.820  -2.523
ASN01B4120_001   0.017  -1.797  -1.781
ASN01B4120_002   0.191  -1.980  -1.789
GLU01B4121_001   4.242  -2.809   1.433
GLU01B4121_002   4.242  -2.809   1.433
GLU02B4121_003   3.399  -2.764   0.636
GLU02B4121_004   3.399  -2.764   0.636
GLU-1B4121_005   3.327  -2.743   0.585
MET01B4122_001   0.142  -1.104  -0.963
ILE01B4123_001   1.745   0.000   1.745
ASN01B4124_001   0.142  -1.934  -1.792
ASN01B4124_002  -0.012  -1.811  -1.823
PHE01B4125_001   4.846  -1.802   3.043
GLU01B4126_001   0.498  -3.597  -3.098
GLU01B4126_002   0.498  -3.597  -3.098
GLU02B4126_003   0.665  -3.476  -2.811
GLU02B4126_004   0.665  -3.476  -2.811
GLU-1B4126_005   0.467  -3.493  -3.025
GLU01B4127_001   1.972  -1.089   0.883
GLU01B4127_002   1.972  -1.089   0.883
GLU02B4127_003   1.601  -1.087   0.514
GLU02B4127_004   1.601  -1.087   0.514
GLU-1B4127_005   1.521  -1.006   0.514
PHE01B4128_001   5.132  -0.135   4.997
ALA01B4129_001   0.000  -0.103  -0.103
ASN01B4130_001   0.413  -1.491  -1.078
ASN01B4130_002   0.181  -1.560  -1.379
ARG01B4131_001   1.057  -1.219  -0.163
ARG02B4131_002   1.086  -1.219  -0.133
ARG03B4131_003   1.024  -1.219  -0.195
ARG+1B4131_004   0.982  -1.219  -0.237
PHE01B4132_001   4.872  -3.455   1.417
GLN01B4133_001   1.830  -2.768  -0.938
GLN01B4133_002   2.677  -2.561   0.116
GLU01B4134_001   3.570  -1.987   1.582
GLU01B4134_002   3.570  -1.987   1.582
GLU02B4134_003   2.829  -2.063   0.767
GLU02B4134_004   2.829  -2.063   0.767
GLU-1B4134_005   2.772  -1.994   0.779
PRO01B4135_001   0.200  -3.313  -3.113
CTR01B4135_001  -0.021  -4.942  -4.963
CTR01B4135_002   0.136  -4.846  -4.710
CTR02B4135_003  -0.022  -5.116  -5.139
CTR02B4135_004   0.057  -4.827  -4.770
CTR-1B4135_005   0.000  -4.942  -4.942
NTR01B4251_001  -0.003  -1.863  -1.866
NTR+1B4251_002  -0.005  -1.863  -1.868
ILE01B4251_001   2.357  -4.823  -2.466
SER01B4252_001   0.000  -5.563  -5.563
SER01B4252_002   0.000  -5.563  -5.563
GLU01B4253_001   0.497  -2.563  -2.065
GLU01B4253_002   0.497  -2.563  -2.065
GLU02B4253_003   0.663  -2.490  -1.827
GLU02B4253_004   0.663  -2.490  -1.827
GLU-1B4253_005   0.466  -2.433  -1.967
CTR01B4253_001  -0.021  -5.406  -5.427
CTR01B4253_002   0.110  -5.425  -5.315
CTR02B4253_003  -0.022  -5.309  -5.331
CTR02B4253_004   0.042  -5.541  -5.499
CTR-1B4253_005   0.000  -5.348  -5.348
NTR01B4540_001  -0.003  -2.976  -2.979
NTR+1B4540_002  -0.005  -2.976  -2.981
PHE01B4540_001   2.039  -3.704  -1.664
TRP01B4541_001   0.643 -13.709 -13.066
GLU01B4543_001   0.499  -3.418  -2.919
GLU01B4543_002   0.499  -3.418  -2.919
GLU02B4543_003   0.665  -3.493  -2.827
GLU02B4543_004   0.665  -3.493  -2.827
GLU-1B4543_005   0.468  -3.368  -2.900
LEU01B4544_001   1.453  -3.828  -2.375
GLU01B4545_001   0.501  -2.669  -2.168
GLU01B4545_002   0.501  -2.669  -2.168
GLU02B4545_003   0.668  -2.559  -1.891
GLU02B4545_004   0.668  -2.559  -1.891
GLU-1B4545_005   0.470  -2.584  -2.114
VAL01B4546_001   0.489  -5.747  -5.258
GLN01B4547_001   1.353  -2.704  -1.351
GLN01B4547_002   1.949  -2.773  -0.824
ARG01B4548_001   3.902  -7.715  -3.813
ARG02B4548_002   3.845  -7.715  -3.870
ARG03B4548_003   3.927  -7.715  -3.788
ARG+1B4548_004   3.805  -7.715  -3.910
VAL01B4549_001   0.757  -3.210  -2.452
LYS01B4550_001   3.792  -4.087  -0.294
LYS+1B4550_002   3.698  -4.087  -0.389
PHE01B4551_001   4.865  -7.184  -2.319
LEU01B4552_001   3.762  -1.201   2.562
ASN01B4553_001   0.304  -1.363  -1.059
ASN01B4553_002   0.465  -1.230  -0.766
TYR01B4554_001   4.562  -8.953  -4.391
TYR-1B4554_002   4.562  -8.953  -4.391
LEU01B4555_001   2.296  -0.155   2.141
SER01B4556_001   0.000  -0.120  -0.120
SER01B4556_002   0.000  -0.120  -0.120
ARG01B4557_001   7.498  -4.537   2.960
ARG02B4557_002   7.449  -4.537   2.912
ARG02B4557_003   7.454  -4.537   2.917
ARG03B4557_004   7.456  -4.537   2.919
ARG+1B4557_005   7.408  -4.537   2.871
CTR01B4557_001  -0.021  -2.375  -2.396
CTR01B4557_002   0.106  -2.375  -2.269
CTR02B4557_003  -0.022  -2.432  -2.455
CTR02B4557_004   0.042  -2.432  -2.391
CTR-1B4557_005   0.000  -2.432  -2.432
NTR01B4560_001  -0.003  -0.964  -0.967
NTR+1B4560_002  -0.005  -0.964  -0.969
TYR01B4560_001   4.827 -13.117  -8.290
TYR01B4560_002   4.827 -13.117  -8.290
TYR-1B4560_003   4.827 -13.117  -8.290
THR01B4561_001   0.259  -5.681  -5.422
THR01B4561_002   0.259  -5.681  -5.422
LEU01B4562_001   2.445  -1.597   0.848
ARG01B4563_001   1.985  -4.467  -2.482
ARG02B4563_002   1.938  -4.467  -2.529
ARG02B4563_003   1.944  -4.467  -2.524
ARG03B4563_004   1.943  -4.467  -2.524
ARG03B4563_005   2.004  -4.467  -2.463
ARG+1B4563_006   1.899  -4.467  -2.568
PHE01B4564_001   5.025  -8.573  -3.548
LEU01B4565_001   1.534  -3.329  -1.795
ALA01B4566_001   0.000   0.000   0.000
LEU01B4567_001   2.801  -3.091  -0.289
PHE01B4568_001   4.749  -8.788  -4.039
LEU01B4569_001   3.678  -0.618   3.060
ALA01B4570_001   0.000   0.000   0.000
PHE01B4571_001   5.082  -5.738  -0.656
ALA01B4572_001   0.000  -2.675  -2.675
ILE01B4573_001   1.807  -0.103   1.704
ASN01B4574_001   0.554  -0.428   0.126
ASN01B4574_002   0.295  -0.387  -0.092
PHE01B4575_001   4.736  -8.405  -3.668
ILE01B4576_001   2.822  -0.892   1.930
LEU01B4577_001   3.317  -2.556   0.761
LEU01B4578_001   2.037  -6.043  -4.006
PHE01B4579_001   4.827  -2.694   2.132
TYR01B4580_001   4.514  -3.977   0.537
TYR01B4580_002   4.514  -3.977   0.537
TYR-1B4580_003   4.514  -3.977   0.537
LYS01B4581_001   1.346  -6.721  -5.375
LYS+1B4581_002   1.299  -6.721  -5.422
VAL01B4582_001   0.415  -5.525  -5.110
SER01B4583_001   0.000  -0.903  -0.903
SER01B4583_002   0.000  -0.903  -0.903
ASP01B4584_001  -0.040  -3.673  -3.714
ASP01B4584_002  -0.040  -3.673  -3.714
ASP02B4584_003  -0.009  -3.657  -3.666
ASP02B4584_004  -0.009  -3.657  -3.666
ASP-1B4584_005  -0.041  -3.648  -3.688
SER01B4585_001   0.000  -3.059  -3.059
SER01B4585_002   0.000  -3.059  -3.059
PRO01B4586_001   0.287  -5.275  -4.988
PRO01B4587_001   0.266  -4.514  -4.248
CTR01B4587_001  -0.021  -4.508  -4.529
CTR01B4587_002   0.088  -4.663  -4.575
CTR02B4587_003  -0.022  -4.508  -4.530
CTR02B4587_004   0.032  -4.740  -4.709
CTR-1B4587_005   0.000  -4.508  -4.508
NTR01B4626_001  -0.003  -3.422  -3.425
NTR+1B4626_002  -0.005  -3.422  -3.427
ASN01B4626_001  -0.020  -3.148  -3.168
MET01B4627_001   0.141  -4.577  -4.436
VAL01B4628_001   0.566  -2.727  -2.161
TYR01B4629_001   4.579  -7.904  -3.324
TYR-1B4629_002   4.579  -7.904  -3.324
TYR01B4630_001   4.790  -3.909   0.881
TYR-1B4630_002   4.790  -3.909   0.881
PHE01B4631_001   4.940  -3.943   0.997
LEU01B4632_001   1.982  -4.337  -2.355
GLU01B4633_001   3.263  -2.449   0.814
GLU01B4633_002   3.263  -2.449   0.814
GLU02B4633_003   2.604  -2.575   0.029
GLU02B4633_004   2.604  -2.575   0.029
GLU-1B4633_005   2.536  -2.481   0.055
GLU01B4634_001   2.219  -1.281   0.938
GLU01B4634_002   2.219  -1.281   0.938
GLU02B4634_003   1.749  -1.224   0.525
GLU02B4634_004   1.749  -1.224   0.525
GLU-1B4634_005   1.694  -1.176   0.518
SER01B4635_001   0.000  -4.956  -4.956
SER01B4635_002   0.000  -4.956  -4.956
THR01B4636_001   0.179  -2.761  -2.582
THR01B4636_002   0.179  -2.761  -2.582
THR01B4636_003   0.179  -2.761  -2.582
TYR01B4638_001   4.707  -8.797  -4.089
TYR01B4638_002   4.707  -8.797  -4.089
TYR-1B4638_003   4.707  -8.797  -4.089
MET01B4639_001  10.727   0.000  10.727
GLU01B4640_001   1.965  -2.487  -0.521
GLU01B4640_002   1.965  -2.487  -0.521
GLU02B4640_003   1.634  -2.555  -0.921
GLU02B4640_004   1.634  -2.555  -0.921
GLU-1B4640_005   1.532  -2.446  -0.914
PRO01B4641_001   0.245  -6.235  -5.990
ALA01B4642_001   0.000  -2.592  -2.592
LEU01B4643_001   2.974  -2.453   0.520
TRP01B4644_001   2.693 -10.663  -7.969
CYS01B4645_001  -0.002  -3.743  -3.744
CYS01B4645_002  -0.002  -3.743  -3.744
CYS01B4645_003  -0.002  -3.743  -3.745
CYS-1B4645_004   0.000  -3.743  -3.743
LEU01B4646_001   1.408  -3.792  -2.385
SER01B4647_001   0.000  -0.212  -0.212
SER01B4647_002   0.000  -0.212  -0.212
LEU01B4648_001   2.585  -5.370  -2.785
LEU01B4649_001   2.203  -3.416  -1.213
HIS01B4650_001  -0.129   0.000  -0.129
HIS02B4650_002  -0.148   0.000  -0.148
HIS+1B4650_003  -0.175   0.000  -0.175
THR01B4651_001   0.264  -1.139  -0.875
THR01B4651_002   0.264  -1.139  -0.875
LEU01B4652_001   4.357  -5.216  -0.859
VAL01B4653_001   0.694  -0.309   0.385
ALA01B4654_001   0.000   0.000   0.000
PHE01B4655_001   4.933  -7.571  -2.637
LEU01B4656_001   1.994  -2.109  -0.115
CYS01B4657_001  -0.002  -0.215  -0.217
CYS01B4657_002  -0.002  -0.215  -0.217
CYS01B4657_003  -0.002  -0.215  -0.218
CYS-1B4657_004   0.000  -0.215  -0.215
ILE01B4658_001   2.288  -2.453  -0.166
ILE01B4659_001   2.170  -3.242  -1.072
TYR01B4661_001   5.008  -3.476   1.532
TYR-1B4661_002   5.008  -3.476   1.532
ASN01B4662_001   0.211  -2.343  -2.131
ASN01B4662_002   0.030  -2.294  -2.263
CYS01B4663_001  -0.002  -1.717  -1.719
CYS01B4663_002  -0.002  -1.717  -1.719
CYS01B4663_003  -0.003  -1.717  -1.719
CYS-1B4663_004   0.000  -1.717  -1.717
CTR01B4663_001  -0.021  -3.244  -3.264
CTR01B4663_002   0.088  -3.224  -3.136
CTR02B4663_003  -0.022  -3.089  -3.111
CTR02B4663_004   0.032  -3.205  -3.173
CTR-1B4663_005   0.000  -3.089  -3.089
NTR01B4680_001  -0.003  -1.606  -1.609
NTR+1B4680_002  -0.005  -1.606  -1.611
LYS01B4680_001   1.348  -8.137  -6.789
LYS+1B4680_002   1.298  -8.137  -6.838
LEU01B4681_001   1.257  -1.974  -0.716
GLU01B4682_001   2.389  -1.726   0.663
GLU01B4682_002   2.389  -1.726   0.663
GLU02B4682_003   1.913  -1.741   0.172
GLU02B4682_004   1.913  -1.741   0.172
GLU-1B4682_005   1.845  -1.710   0.135
PHE01B4683_001   5.297 -10.480  -5.183
ASP01B4684_001   0.340  -2.593  -2.253
ASP01B4684_002   0.340  -2.593  -2.253
ASP02B4684_003   0.460  -2.465  -2.005
ASP02B4684_004   0.460  -2.465  -2.005
ASP-1B4684_005   0.323  -2.446  -2.124
LEU01B4686_001   2.240  -2.350  -0.110
TYR01B4687_001   5.229  -0.557   4.672
TYR-1B4687_002   5.229  -0.557   4.672
ILE01B4688_001   2.304   0.000   2.304
THR01B4689_001   0.233  -2.928  -2.695
THR01B4689_002   0.233  -2.928  -2.695
GLU01B4690_001   2.772  -3.184  -0.413
GLU01B4690_002   2.772  -3.184  -0.413
GLU02B4690_003   2.211  -3.187  -0.976
GLU02B4690_004   2.211  -3.187  -0.976
GLU-1B4690_005   2.141  -3.157  -1.016
GLN01B4691_001   1.470  -2.857  -1.387
GLN01B4691_002   2.090  -2.729  -0.639
PRO01B4692_001   0.393  -0.247   0.146
ASP01B4694_001   0.153  -1.977  -1.824
ASP01B4694_002   0.153  -1.977  -1.824
ASP02B4694_003   0.233  -2.131  -1.898
ASP02B4694_004   0.233  -2.131  -1.898
ASP-1B4694_005   0.143  -2.028  -1.885
ASP01B4695_001   0.185  -3.223  -3.039
ASP01B4695_002   0.185  -3.223  -3.039
ASP02B4695_003   0.277  -3.282  -3.006
ASP02B4695_004   0.277  -3.282  -3.006
ASP-1B4695_005   0.176  -3.200  -3.024
ASP01B4696_001   0.145  -3.402  -3.257
ASP01B4696_002   0.145  -3.402  -3.257
ASP02B4696_003   0.223  -3.344  -3.121
ASP02B4696_004   0.223  -3.344  -3.121
ASP-1B4696_005   0.135  -3.183  -3.048
VAL01B4697_001   0.726  -6.777  -6.051
LYS01B4698_001   1.991  -8.207  -6.216
LYS+1B4698_002   1.942  -8.207  -6.265
GLN01B4700_001   1.753  -1.716   0.037
GLN01B4700_002   1.304  -1.774  -0.470
TRP01B4701_001   3.751  -4.062  -0.311
ASP01B4702_001   0.098  -1.001  -0.903
ASP01B4702_002   0.098  -1.001  -0.903
ASP02B4702_003   0.165  -1.049  -0.884
ASP02B4702_004   0.165  -1.049  -0.884
ASP-1B4702_005   0.089  -0.999  -0.910
ARG01B4703_001   2.733  -5.251  -2.518
ARG02B4703_002   2.691  -5.251  -2.559
ARG03B4703_003   2.787  -5.251  -2.463
ARG+1B4703_004   2.646  -5.251  -2.605
LEU01B4704_001   4.438  -2.849   1.589
VAL01B4705_001   0.664   0.000   0.664
LEU01B4706_001   1.358  -0.206   1.152
ASN01B4707_001   0.572  -1.540  -0.968
ASN01B4707_002   0.297  -1.334  -1.036
THR01B4708_001   0.263  -0.309  -0.046
THR01B4708_002   0.263  -0.309  -0.046
PRO01B4709_001   0.287  -4.643  -4.356
SER01B4710_001   0.000  -1.311  -1.311
SER01B4710_002   0.000  -1.311  -1.311
SER01B4710_003   0.000  -1.311  -1.311
PHE01B4711_001   4.776  -3.353   1.424
PRO01B4712_001   0.349  -3.412  -3.063
CTR01B4712_001  -0.021  -4.411  -4.433
CTR01B4712_002   0.110  -4.450  -4.340
CTR02B4712_003  -0.022  -4.373  -4.395
CTR02B4712_004   0.044  -4.392  -4.348
CTR-1B4712_005   0.000  -4.373  -4.373
NTR01B4721_001  -0.003  -2.120  -2.123
NTR+1B4721_002  -0.005  -2.120  -2.125
CTR01B4721_001  -0.021  -2.143  -2.164
CTR01B4721_002   0.102  -2.143  -2.041
CTR02B4721_003  -0.022  -2.278  -2.300
CTR02B4721_004   0.040  -2.201  -2.161
CTR-1B4721_005   0.000  -2.143  -2.143
LYS01B4721_001   0.980  -2.472  -1.493
LYS+1B4721_002   0.930  -2.472  -1.542
NTR01B4724_001  -0.003  -0.514  -0.517
NTR+1B4724_002  -0.005  -0.514  -0.519
VAL01B4724_001   0.498  -0.258   0.240
LEU01B4725_001   3.251  -1.835   1.416
ASP01B4726_001   0.100  -3.920  -3.820
ASP01B4726_002   0.100  -3.920  -3.820
ASP02B4726_003   0.180  -3.875  -3.696
ASP02B4726_004   0.180  -3.875  -3.696
ASP-1B4726_005   0.096  -3.755  -3.659
LYS01B4727_001   1.882  -3.730  -1.848
LYS+1B4727_002   1.832  -3.730  -1.898
HIS01B4728_001  -0.110  -1.396  -1.506
HIS01B4728_002  -0.057  -1.705  -1.762
HIS02B4728_003  -0.130  -1.396  -1.526
HIS02B4728_004  -0.070  -1.705  -1.775
HIS+1B4728_005  -0.157  -1.396  -1.553
HIS+1B4728_006  -0.096  -1.705  -1.801
ASP01B4730_001   0.106  -3.366  -3.260
ASP01B4730_002   0.106  -3.366  -3.260
ASP02B4730_003   0.187  -3.362  -3.174
ASP02B4730_004   0.187  -3.362  -3.174
ASP-1B4730_005   0.102  -3.221  -3.119
ILE01B4731_001   3.988  -5.129  -1.140
PHE01B4732_001   4.208  -4.575  -0.368
ARG01B4734_001   2.255  -7.645  -5.390
ARG02B4734_002   2.230  -7.645  -5.414
ARG03B4734_003   2.239  -7.645  -5.406
ARG+1B4734_004   2.191  -7.645  -5.454
GLU01B4735_001   3.476  -2.966   0.510
GLU01B4735_002   3.476  -2.966   0.510
GLU02B4735_003   2.816  -3.006  -0.190
GLU02B4735_004   2.816  -3.006  -0.190
GLU-1B4735_005   2.726  -2.901  -0.175
ARG01B4736_001   3.951  -7.837  -3.886
ARG02B4736_002   3.902  -7.837  -3.935
ARG03B4736_003   3.991  -7.837  -3.846
ARG+1B4736_004   3.856  -7.837  -3.980
ILE01B4737_001   2.236   0.000   2.236
ALA01B4738_001   0.000  -0.258  -0.258
GLU01B4739_001   3.644  -2.336   1.308
GLU01B4739_002   3.644  -2.336   1.308
GLU02B4739_003   2.915  -2.494   0.421
GLU02B4739_004   2.915  -2.494   0.421
GLU-1B4739_005   2.848  -2.346   0.502
LEU01B4740_001   2.212  -2.418  -0.205
LEU01B4741_001   1.571  -0.052   1.519
MET01B4743_001   0.969  -1.029  -0.060
ASP01B4744_001  -0.040  -2.177  -2.217
ASP01B4744_002  -0.040  -2.177  -2.217
ASP02B4744_003  -0.009  -2.221  -2.230
ASP02B4744_004  -0.009  -2.221  -2.230
ASP-1B4744_005  -0.041  -2.148  -2.189
LEU01B4745_001   1.457  -5.988  -4.531
ALA01B4746_001   0.000  -0.927  -0.927
SER01B4747_001   0.000  -1.816  -1.816
LEU01B4748_001   1.455  -6.007  -4.553
GLU01B4749_001   0.501  -1.601  -1.100
GLU01B4749_002   0.501  -1.601  -1.100
GLU02B4749_003   0.668  -1.740  -1.072
GLU02B4749_004   0.668  -1.740  -1.072
GLU-1B4749_005   0.470  -1.645  -1.176
ILE01B4750_001   0.938  -3.055  -2.117
THR01B4751_001   0.151  -4.963  -4.813
ALA01B4752_001   0.000  -3.001  -3.001
HIS01B4753_001  -0.354  -1.703  -2.056
HIS02B4753_002  -0.363  -1.703  -2.065
HIS+1B4753_003  -0.382  -1.703  -2.085
ASN01B4754_001  -0.020  -0.576  -0.596
ASN01B4754_002  -0.091  -0.468  -0.558
GLU01B4755_001   0.499  -1.843  -1.344
GLU01B4755_002   0.499  -1.843  -1.344
GLU02B4755_003   0.666  -1.834  -1.169
GLU02B4755_004   0.666  -1.834  -1.169
GLU-1B4755_005   0.468  -1.792  -1.324
ARG01B4756_0011190.872  -3.9111186.961
ARG02B4756_0021190.855  -3.9111186.944
ARG03B4756_0031190.888  -3.9111186.977
ARG03B4756_004 189.927  -3.911 186.016
ARG+1B4756_0051190.822  -3.9111186.910
LYS01B4757_001   3.798  -1.570   2.229
LYS+1B4757_002   3.704  -1.570   2.134
PRO01B4758_001   0.243  -4.704  -4.460
ASP01B4759_001  -0.040  -3.045  -3.085
ASP01B4759_002  -0.040  -3.045  -3.085
ASP02B4759_003  -0.009  -2.993  -3.002
ASP02B4759_004  -0.009  -2.993  -3.002
ASP-1B4759_005  -0.041  -2.885  -2.926
PRO01B4760_001   0.251  -6.904  -6.654
PRO01B4761_001   0.230  -6.862  -6.631
PRO01B4762_001   0.239  -5.759  -5.519
LEU01B4764_001   1.456  -4.858  -3.402
LEU01B4765_001   1.461  -5.132  -3.671
THR01B4766_001   0.236  -4.970  -4.734
THR01B4766_002   0.236  -4.970  -4.734
TRP01B4767_001   3.047  -7.570  -4.523
LEU01B4768_001   3.364  -7.224  -3.861
MET01B4769_001   0.221  -9.821  -9.601
SER01B4770_001   0.000  -3.129  -3.129
ILE01B4771_001   2.082  -4.736  -2.654
ASP01B4772_001   0.161  -2.120  -1.959
ASP01B4772_002   0.161  -2.120  -1.959
ASP02B4772_003   0.236  -2.086  -1.850
ASP02B4772_004   0.236  -2.086  -1.850
ASP-1B4772_005   0.148  -2.067  -1.919
VAL01B4773_001   0.621  -5.734  -5.113
LYS01B4774_001   1.249  -5.636  -4.387
LYS+1B4774_002   1.201  -5.636  -4.435
TYR01B4775_001   5.017  -2.799   2.218
TYR01B4775_002   5.017  -2.799   2.218
TYR-1B4775_003   5.017  -2.799   2.218
GLN01B4776_001   0.859  -2.005  -1.146
GLN01B4776_002   0.713  -1.987  -1.274
ILE01B4777_001   2.723  -4.205  -1.482
TRP01B4778_001   3.857  -2.172   1.685
LYS01B4779_001   1.450  -4.215  -2.765
LYS+1B4779_002   1.402  -4.215  -2.813
PHE01B4780_001   4.829  -5.807  -0.978
VAL01B4782_001   1.304  -3.001  -1.696
ILE01B4783_001   2.573  -3.570  -0.998
PHE01B4784_001   4.089  -7.262  -3.173
THR01B4785_001   0.187  -3.543  -3.356
ASP01B4786_001   0.353  -1.931  -1.578
ASP01B4786_002   0.353  -1.931  -1.578
ASP02B4786_003   0.408  -1.846  -1.439
ASP02B4786_004   0.408  -1.846  -1.439
ASP-1B4786_005   0.306  -1.839  -1.533
ASN01B4787_001   0.344  -3.567  -3.224
ASN01B4787_002   0.509  -3.666  -3.158
SER01B4788_001   0.000  -3.443  -3.443
SER01B4788_002   0.000  -3.443  -3.443
PHE01B4789_001   5.787  -1.634   4.153
LEU01B4790_001   2.746  -5.042  -2.296
TYR01B4791_001   5.404  -5.532  -0.128
TYR01B4791_002   5.404  -5.532  -0.128
TYR-1B4791_003   5.404  -5.532  -0.128
LEU01B4792_001   1.256  -0.567   0.690
TRP01B4794_001   3.491  -9.180  -5.689
TYR01B4795_001   5.403  -0.178   5.224
TYR-1B4795_002   5.403  -0.178   5.224
MET01B4796_001   0.043  -1.248  -1.206
VAL01B4797_001   0.680  -4.012  -3.331
MET01B4798_001  -0.024  -1.480  -1.504
SER01B4799_001   0.000   0.000   0.000
SER01B4799_002   0.000   0.000   0.000
SER01B4799_003   0.000   0.000   0.000
LEU01B4800_001   2.295  -6.281  -3.986
LEU01B4801_001   1.712  -3.261  -1.549
HIS01B4803_001  -0.163  -3.385  -3.548
HIS01B4803_002  -0.127  -3.309  -3.436
HIS02B4803_003  -0.180  -3.385  -3.566
HIS02B4803_004  -0.141  -3.309  -3.450
HIS+1B4803_005  -0.207  -3.385  -3.593
HIS+1B4803_006  -0.167  -3.309  -3.476
TYR01B4804_001   4.307  -9.042  -4.736
TYR-1B4804_002   4.307  -9.042  -4.736
ASN01B4805_001   0.157  -2.346  -2.189
ASN01B4805_002  -0.004  -1.949  -1.953
ASN01B4806_001   0.515  -1.609  -1.094
ASN01B4806_002   0.268  -1.486  -1.219
PHE01B4807_001   5.051 -11.233  -6.183
PHE01B4808_001   5.317  -4.161   1.156
PHE01B4809_001   5.661  -0.377   5.284
ALA01B4810_001   0.000  -2.180  -2.180
ALA01B4811_001   0.000  -1.597  -1.597
HIS01B4812_001  -0.120   0.000  -0.120
HIS02B4812_002  -0.140   0.000  -0.140
HIS+1B4812_003  -0.167   0.000  -0.167
LEU01B4813_001   3.486  -3.516  -0.030
LEU01B4814_001   1.874  -8.322  -6.449
ASP01B4815_001   0.420  -1.098  -0.677
ASP01B4815_002   0.420  -1.098  -0.677
ASP02B4815_003   0.522  -1.016  -0.494
ASP02B4815_004   0.522  -1.016  -0.494
ASP-1B4815_005   0.385  -0.978  -0.592
ILE01B4816_001   1.771  -1.355   0.416
CTR01B4816_001  -0.021  -3.832  -3.853
CTR01B4816_002   0.104  -3.968  -3.863
CTR02B4816_003  -0.022  -3.832  -3.854
CTR02B4816_004   0.041  -4.026  -3.985
CTR-1B4816_005   0.000  -3.832  -3.832
NTR01B4852_001  -0.003  -1.991  -1.994
NTR+1B4852_002  -0.005  -1.991  -1.996
THR01B4852_001   0.274  -0.433  -0.159
THR01B4852_002   0.274  -0.433  -0.159
THR01B4852_003   0.274  -0.433  -0.159
VAL01B4853_001   0.600  -5.953  -5.353
VAL01B4854_001   1.004  -3.345  -2.341
ALA01B4855_001   0.000  -0.309  -0.309
PHE01B4856_001   5.027  -2.308   2.719
ASN01B4857_001   0.223  -2.474  -2.251
ASN01B4857_002   0.059  -2.449  -2.390
PHE01B4858_001   4.961  -7.989  -3.028
PHE01B4859_001  -0.206  -1.669  -1.875
ARG01B4860_001   3.227  -7.029  -3.802
ARG02B4860_002   3.189  -7.029  -3.839
ARG03B4860_003   3.231  -7.029  -3.797
ARG+1B4860_004   3.149  -7.029  -3.880
LYS01B4861_001   2.822  -5.325  -2.502
LYS+1B4861_002   2.765  -5.325  -2.559
PHE01B4862_001   5.913  -2.193   3.720
TYR01B4863_001   4.736  -0.060   4.675
TYR01B4863_002   4.736  -0.060   4.675
TYR-1B4863_003   4.736  -0.060   4.675
ASN01B4864_001   0.315  -1.235  -0.920
ASN01B4864_002   0.522  -1.260  -0.738
LYS01B4865_001   2.592  -1.228   1.364
LYS+1B4865_002   2.540  -1.228   1.312
SER01B4866_001   0.000  -3.824  -3.824
GLU01B4867_001   3.383  -2.136   1.247
GLU01B4867_002   3.383  -2.136   1.247
GLU02B4867_003   2.726  -2.273   0.453
GLU02B4867_004   2.726  -2.273   0.453
GLU-1B4867_005   2.647  -2.143   0.504
ASP01B4868_001   0.403  -3.899  -3.496
ASP01B4868_002   0.403  -3.899  -3.496
ASP02B4868_003   0.459  -3.760  -3.301
ASP02B4868_004   0.459  -3.760  -3.301
ASP-1B4868_005   0.350  -3.673  -3.323
GLU01B4869_001   1.633  -4.001  -2.368
GLU01B4869_002   1.633  -4.001  -2.368
GLU02B4869_003   1.352  -4.037  -2.685
GLU02B4869_004   1.352  -4.037  -2.685
GLU-1B4869_005   1.260  -3.944  -2.684
ASP01B4870_001   0.238  -2.894  -2.656
ASP01B4870_002   0.238  -2.894  -2.656
ASP02B4870_003   0.341  -3.012  -2.671
ASP02B4870_004   0.341  -3.012  -2.671
ASP-1B4870_005   0.227  -2.825  -2.598
GLU01B4871_001   2.933  -1.363   1.570
GLU01B4871_002   2.933  -1.363   1.570
GLU02B4871_003   2.350  -1.421   0.929
GLU02B4871_004   2.350  -1.421   0.929
GLU-1B4871_005   2.274  -1.391   0.883
CTR01B4871_001  -0.021  -1.014  -1.035
CTR01B4871_002   0.093  -1.014  -0.921
CTR02B4871_003  -0.022  -1.014  -1.036
CTR02B4871_004   0.036  -1.014  -0.978
CTR-1B4871_005   0.000  -1.014  -1.014
NTR01B4872_001  -0.002  -0.647  -0.649
NTR+1B4872_002  -0.004  -0.647  -0.651
PRO01B4872_001   0.418  -5.809  -5.391
ASP01B4873_001   0.075  -1.775  -1.700
ASP01B4873_002   0.075  -1.775  -1.700
ASP02B4873_003   0.146  -1.863  -1.717
ASP02B4873_004   0.146  -1.863  -1.717
ASP-1B4873_005   0.071  -1.693  -1.621
MET01B4874_001   1.151  -1.548  -0.398
LYS01B4875_001   2.256  -1.893   0.363
LYS+1B4875_002   2.194  -1.893   0.301
CYS01B4876_001  -0.002   0.000  -0.002
CYS01B4876_002  -0.002   0.000  -0.002
CYS01B4876_003  -0.003   0.000  -0.003
CYS-1B4876_004   0.000   0.000   0.000
ASP01B4877_001   0.097  -1.624  -1.527
ASP01B4877_002   0.097  -1.624  -1.527
ASP02B4877_003   0.167  -1.660  -1.493
ASP02B4877_004   0.167  -1.660  -1.493
ASP-1B4877_005   0.090  -1.619  -1.529
ASP01B4878_001  -0.041  -2.137  -2.178
ASP01B4878_002  -0.041  -2.137  -2.178
ASP02B4878_003  -0.009  -2.239  -2.249
ASP02B4878_004  -0.009  -2.239  -2.249
ASP-1B4878_005  -0.041  -2.101  -2.142
MET01B4879_001  -0.049  -5.409  -5.458
MET01B4880_001   1.971  -9.674  -7.703
THR01B4881_001   0.310  -2.010  -1.700
THR01B4881_002   0.310  -2.010  -1.700
THR01B4881_003   0.310  -2.010  -1.700
CYS01B4882_001  -0.002   0.000  -0.002
CYS01B4882_002  -0.002   0.000  -0.002
CYS01B4882_003  -0.002   0.000  -0.002
CYS-1B4882_004   0.000   0.000   0.000
TYR01B4883_001   4.973  -7.467  -2.494
TYR-1B4883_002   4.973  -7.467  -2.494
LEU01B4884_001   1.908  -7.620  -5.713
PHE01B4885_001   4.928  -2.090   2.838
HIS01B4886_001  -0.118  -1.203  -1.321
HIS01B4886_002  -0.069  -1.338  -1.406
HIS02B4886_003  -0.137  -1.203  -1.340
HIS02B4886_004  -0.082  -1.338  -1.420
HIS+1B4886_005  -0.164  -1.203  -1.367
HIS+1B4886_006  -0.109  -1.338  -1.446
MET01B4887_001   1.885  -4.388  -2.503
CTR01B4887_001  -0.021  -2.780  -2.801
CTR01B4887_002   0.102  -2.993  -2.890
CTR02B4887_003  -0.022  -2.741  -2.764
CTR02B4887_004   0.040  -2.993  -2.952
CTR-1B4887_005   0.000  -2.741  -2.741
NTR01B4891_001  -0.003  -1.289  -1.292
NTR01B4891_002  -0.002  -1.376  -1.378
NTR+1B4891_003  -0.005  -1.289  -1.294
CTR01B4891_001  -0.021  -5.734  -5.755
CTR01B4891_002   0.095  -5.599  -5.504
CTR02B4891_003  -0.022  -5.541  -5.563
CTR02B4891_004   0.036  -5.599  -5.563
CTR-1B4891_005   0.000  -5.483  -5.483
VAL01B4891_001   0.768  -6.487  -5.719
NTR01B4897_001  -0.003  -1.889  -1.892
NTR+1B4897_002  -0.005  -1.889  -1.894
ILE01B4897_001   2.019  -1.906   0.113
ASP01B4899_001   0.151  -3.401  -3.251
ASP01B4899_002   0.151  -3.401  -3.251
ASP02B4899_003   0.233  -3.287  -3.054
ASP02B4899_004   0.233  -3.287  -3.054
ASP-1B4899_005   0.142  -3.342  -3.200
GLU01B4900_001   3.025  -2.389   0.636
GLU01B4900_002   3.025  -2.389   0.636
GLU02B4900_003   2.426  -2.398   0.028
GLU02B4900_004   2.426  -2.398   0.028
GLU-1B4900_005   2.358  -2.312   0.046
ILE01B4901_001   4.223  -0.721   3.502
GLU01B4902_001   2.053  -1.998   0.055
GLU01B4902_002   2.053  -1.998   0.055
GLU02B4902_003   1.630  -2.049  -0.419
GLU02B4902_004   1.630  -2.049  -0.419
GLU-1B4902_005   1.561  -1.938  -0.377
ASP01B4903_001   0.088  -2.945  -2.857
ASP01B4903_002   0.088  -2.945  -2.857
ASP02B4903_003   0.165  -3.030  -2.865
ASP02B4903_004   0.165  -3.030  -2.865
ASP-1B4903_005   0.085  -2.799  -2.714
PRO01B4904_001   0.289  -1.435  -1.145
ALA01B4905_001   0.000  -2.865  -2.865
ASP01B4907_001  -0.040  -3.195  -3.235
ASP01B4907_002  -0.040  -3.195  -3.235
ASP02B4907_003  -0.009  -3.285  -3.294
ASP02B4907_004  -0.009  -3.285  -3.294
ASP-1B4907_005  -0.041  -3.147  -3.187
GLU01B4908_001   0.498  -2.513  -2.015
GLU01B4908_002   0.498  -2.513  -2.015
GLU02B4908_003   0.665  -2.639  -1.974
GLU02B4908_004   0.665  -2.639  -1.974
GLU-1B4908_005   0.467  -2.489  -2.022
TYR01B4909_001   4.231  -7.550  -3.319
TYR-1B4909_002   4.231  -7.550  -3.319
GLU01B4910_001   0.497  -2.171  -1.673
GLU01B4910_002   0.497  -2.171  -1.673
GLU02B4910_003   0.664  -2.123  -1.459
GLU02B4910_004   0.664  -2.123  -1.459
GLU-1B4910_005   0.467  -2.093  -1.627
LEU01B4911_001   5.173  -8.135  -2.963
TYR01B4912_001   4.347  -7.158  -2.812
TYR-1B4912_002   4.347  -7.158  -2.812
ARG01B4913_001   0.168  -1.102  -0.934
ARG02B4913_002   0.147  -1.102  -0.956
ARG03B4913_003   0.155  -1.102  -0.947
ARG+1B4913_004   0.115  -1.102  -0.987
VAL01B4914_001   0.425  -4.649  -4.224
VAL01B4915_001   1.177  -6.210  -5.033
PHE01B4916_001   5.420  -5.583  -0.162
ASP01B4917_001   0.344  -1.235  -0.891
ASP01B4917_002   0.344  -1.235  -0.891
ASP02B4917_003   0.401  -1.226  -0.825
ASP02B4917_004   0.401  -1.226  -0.825
ASP-1B4917_005   0.299  -1.223  -0.924
ILE01B4918_001   2.731  -8.493  -5.762
CTR01B4918_001  -0.021  -3.630  -3.651
CTR01B4918_002   0.104  -3.688  -3.583
CTR02B4918_003  -0.022  -3.533  -3.555
CTR02B4918_004   0.041  -3.784  -3.743
CTR-1B4918_005   0.000  -3.533  -3.533
NTR01B4955_001  -0.003  -3.332  -3.335
NTR+1B4955_002  -0.005  -3.332  -3.336
GLU01B4955_001   0.498  -4.645  -4.147
GLU01B4955_002   0.498  -4.645  -4.147
GLU02B4955_003   0.664  -4.598  -3.934
GLU02B4955_004   0.664  -4.598  -3.934
GLU-1B4955_005   0.467  -4.530  -4.064
THR01B4956_001   0.262  -7.339  -7.077
THR01B4956_002   0.262  -7.339  -7.077
CTR01B4956_001  -0.021  -3.089  -3.110
CTR01B4956_002   0.105  -3.108  -3.004
CTR02B4956_003  -0.022  -3.050  -3.073
CTR02B4956_004   0.040  -3.205  -3.164
CTR-1B4956_005   0.000  -3.012  -3.012
NTG01B4962_001  -0.005  -6.305  -6.309
NTG+1B4962_002  -0.010  -6.305  -6.314
CTR01B4962_001  -0.021  -6.622  -6.643
CTR01B4962_002   0.107  -6.719  -6.612
CTR02B4962_003  -0.022  -6.622  -6.644
CTR02B4962_004   0.042  -6.854  -6.813
CTR-1B4962_005   0.000  -6.564  -6.564
NTR01B4975_001  -0.003  -3.762  -3.765
NTR+1B4975_002  -0.005  -3.762  -3.767
CTR01B4975_001  -0.021  -5.300  -5.321
CTR01B4975_002   0.108  -5.223  -5.115
CTR02B4975_003  -0.022  -5.319  -5.341
CTR02B4975_004   0.042  -5.358  -5.316
CTR-1B4975_005   0.000  -5.261  -5.261
PHE01B4975_001   5.571  -9.312  -3.741
NTR01B5020_001  -0.003  -2.732  -2.735
NTR+1B5020_002  -0.005  -2.732  -2.737
ASP01B5020_001   0.538  -4.618  -4.080
ASP01B5020_002   0.538  -4.618  -4.080
ASP02B5020_003   0.589  -4.669  -4.080
ASP02B5020_004   0.589  -4.669  -4.080
ASP-1B5020_005   0.465  -4.499  -4.035
PHE01B5021_001   6.110 -12.654  -6.544
CTR01B5021_001  -0.021  -4.614  -4.635
CTR01B5021_002   0.092  -4.730  -4.639
CTR02B5021_003  -0.022  -4.402  -4.424
CTR02B5021_004   0.034  -4.711  -4.677
CTR-1B5021_005   0.000  -4.421  -4.421
_CA+2B5102_001   0.000  -6.222  -6.222
