   confID        vdw0    sas     sum
NTR01B3639_001  -0.003  -3.151  -3.155
NTR+1B3639_002  -0.005  -3.151  -3.157
THR01B3639_001   0.177  -3.956  -3.779
THR01B3639_002   0.177  -3.956  -3.779
PRO01B3640_001   0.335  -3.414  -3.080
LEU01B3641_001   2.459  -9.848  -7.389
TYR01B3642_001   4.732 -10.472  -5.739
TYR-1B3642_002   4.732 -10.472  -5.739
ASN01B3643_001   0.513  -2.484  -1.971
ASN01B3643_002   0.216  -2.330  -2.114
LEU01B3644_001   2.056  -2.640  -0.584
PRO01B3645_001   0.268  -3.233  -2.965
THR01B3646_001   0.256  -7.218  -6.962
HIS01B3647_001  -0.170  -8.289  -8.458
HIS01B3647_002  -0.128  -8.425  -8.553
HIS02B3647_003  -0.188  -8.289  -8.477
HIS02B3647_004  -0.141  -8.425  -8.566
HIS+1B3647_005  -0.215  -8.289  -8.504
HIS+1B3647_006  -0.168  -8.425  -8.592
ARG01B3648_001   3.278  -9.009  -5.731
ARG02B3648_002   3.258  -9.009  -5.751
ARG03B3648_003   3.263  -9.009  -5.746
ARG+1B3648_004   3.215  -9.009  -5.794
ALA01B3649_001   0.000  -1.217  -1.217
CYS01B3650_001  -0.002  -3.809  -3.811
CYS01B3650_002  -0.002  -3.809  -3.811
CYS01B3650_003  -0.003  -3.809  -3.812
CYS-1B3650_004   0.000  -3.809  -3.809
ASN01B3651_001   0.450  -2.839  -2.390
ASN01B3651_002   0.210  -2.893  -2.683
MET01B3652_001   0.617  -6.231  -5.614
PHE01B3653_001   4.510  -7.970  -3.461
LEU01B3654_001   2.067  -6.626  -4.558
GLU01B3655_001   1.751  -3.074  -1.324
GLU01B3655_002   1.751  -3.074  -1.324
GLU02B3655_003   1.471  -2.976  -1.505
GLU02B3655_004   1.471  -2.976  -1.505
GLU-1B3655_005   1.366  -3.031  -1.666
SER01B3656_001   0.000  -3.396  -3.396
SER01B3656_002   0.000  -3.396  -3.396
TYR01B3657_001   5.352  -5.753  -0.400
TYR-1B3657_002   5.352  -5.753  -0.400
LYS01B3658_001   5.016  -7.724  -2.708
LYS+1B3658_002   4.967  -7.724  -2.756
ALA01B3659_001   0.000  -4.993  -4.993
ALA01B3660_001   0.000  -2.472  -2.472
TRP01B3661_001   3.028  -4.266  -1.239
ILE01B3662_001   2.115 -10.312  -8.197
LEU01B3663_001   2.721  -5.579  -2.858
THR01B3664_001   0.207  -5.096  -4.889
GLU01B3665_001   1.284  -2.683  -1.399
GLU01B3665_002   1.284  -2.683  -1.399
GLU02B3665_003   1.085  -2.627  -1.542
GLU02B3665_004   1.085  -2.627  -1.542
GLU-1B3665_005   0.986  -2.586  -1.601
ASP01B3666_001   0.488  -1.562  -1.074
ASP01B3666_002   0.488  -1.562  -1.074
ASP02B3666_003   0.537  -1.519  -0.982
ASP02B3666_004   0.537  -1.519  -0.982
ASP-1B3666_005   0.421  -1.481  -1.061
HIS01B3667_001  -0.189  -5.172  -5.360
HIS02B3667_002  -0.207  -5.172  -5.379
HIS+1B3667_003  -0.234  -5.172  -5.405
SER01B3668_001   0.000  -3.413  -3.413
SER01B3668_002   0.000  -3.413  -3.413
PHE01B3669_001   4.646  -4.832  -0.186
GLU01B3670_001   0.576  -0.289   0.287
GLU01B3670_002   0.576  -0.289   0.287
GLU02B3670_003   0.500  -0.326   0.174
GLU02B3670_004   0.500  -0.326   0.174
GLU-1B3670_005   0.424  -0.289   0.135
ASP01B3671_001   0.055  -0.448  -0.393
ASP01B3671_002   0.055  -0.448  -0.393
ASP02B3671_003   0.120  -0.507  -0.387
ASP02B3671_004   0.120  -0.507  -0.387
ASP-1B3671_005   0.051  -0.448  -0.397
ARG01B3672_001   6.770  -9.537  -2.767
ARG02B3672_002   6.811  -9.537  -2.726
ARG03B3672_003   6.709  -9.537  -2.829
ARG+1B3672_004   6.668  -9.537  -2.869
MET01B3673_001   0.557  -3.868  -3.310
ILE01B3674_001   3.588  -0.052   3.536
ASP01B3675_001   0.301  -1.116  -0.815
ASP01B3675_002   0.301  -1.116  -0.815
ASP02B3675_003   0.415  -1.127  -0.712
ASP02B3675_004   0.415  -1.127  -0.712
ASP-1B3675_005   0.286  -1.107  -0.821
ASP01B3676_001   0.034  -1.442  -1.408
ASP01B3676_002   0.034  -1.442  -1.408
ASP02B3676_003   0.091  -1.495  -1.404
ASP02B3676_004   0.091  -1.495  -1.404
ASP-1B3676_005   0.030  -1.442  -1.412
LEU01B3677_001   2.946  -2.180   0.767
SER01B3678_001   0.000  -0.901  -0.901
SER01B3678_002   0.000  -0.901  -0.901
LYS01B3679_001   2.502  -7.533  -5.031
LYS+1B3679_002   2.422  -7.533  -5.111
ALA01B3680_001   0.000  -3.329  -3.329
GLU01B3682_001   0.499  -2.832  -2.333
GLU01B3682_002   0.499  -2.832  -2.333
GLU02B3682_003   0.666  -2.722  -2.055
GLU02B3682_004   0.666  -2.722  -2.055
GLU-1B3682_005   0.468  -2.722  -2.253
GLN01B3683_001   0.456  -1.118  -0.663
GLU01B3684_001   0.499  -3.728  -3.229
GLU01B3684_002   0.499  -3.728  -3.229
GLU02B3684_003   0.665  -3.669  -3.004
GLU02B3684_004   0.665  -3.669  -3.004
GLU-1B3684_005   0.468  -3.604  -3.137
GLU01B3685_001   0.498  -4.558  -4.060
GLU01B3685_002   0.498  -4.558  -4.060
GLU02B3685_003   0.665  -4.476  -3.811
GLU02B3685_004   0.665  -4.476  -3.811
GLU-1B3685_005   0.467  -4.371  -3.904
GLU01B3686_001   0.498  -2.716  -2.218
GLU01B3686_002   0.498  -2.716  -2.218
GLU02B3686_003   0.664  -2.804  -2.140
GLU02B3686_004   0.664  -2.804  -2.140
GLU-1B3686_005   0.467  -2.717  -2.251
GLU01B3687_001   0.499  -2.397  -1.898
GLU01B3687_002   0.499  -2.397  -1.898
GLU02B3687_003   0.665  -2.344  -1.679
GLU02B3687_004   0.665  -2.344  -1.679
GLU-1B3687_005   0.468  -2.205  -1.738
GLU01B3688_001   0.500  -3.849  -3.349
GLU01B3688_002   0.500  -3.849  -3.349
GLU02B3688_003   0.667  -3.898  -3.232
GLU02B3688_004   0.667  -3.898  -3.232
GLU-1B3688_005   0.469  -3.772  -3.303
GLU01B3689_001   0.498  -4.153  -3.655
GLU01B3689_002   0.498  -4.153  -3.655
GLU02B3689_003   0.665  -4.176  -3.511
GLU02B3689_004   0.665  -4.176  -3.511
GLU-1B3689_005   0.467  -4.139  -3.672
VAL01B3690_001   0.505  -2.881  -2.376
GLU01B3691_001   0.495  -4.230  -3.735
GLU01B3691_002   0.495  -4.230  -3.735
GLU02B3691_003   0.661  -4.131  -3.470
GLU02B3691_004   0.661  -4.131  -3.470
GLU-1B3691_005   0.464  -4.083  -3.619
GLU01B3692_001   0.499  -3.831  -3.332
GLU01B3692_002   0.499  -3.831  -3.332
GLU02B3692_003   0.666  -3.874  -3.208
GLU02B3692_004   0.666  -3.874  -3.208
GLU-1B3692_005   0.468  -3.811  -3.343
LYS01B3693_001   3.786  -7.403  -3.617
LYS+1B3693_002   3.692  -7.403  -3.711
LYS01B3694_001   1.740  -4.210  -2.470
LYS+1B3694_002   1.656  -4.210  -2.555
PRO01B3695_001   0.330  -2.126  -1.796
ASP01B3696_001   0.149  -0.352  -0.203
ASP01B3696_002   0.149  -0.352  -0.203
ASP02B3696_003   0.233  -0.355  -0.122
ASP02B3696_004   0.233  -0.355  -0.122
ASP-1B3696_005   0.141  -0.345  -0.204
PRO01B3697_001   0.267  -2.901  -2.634
LEU01B3698_001   2.796  -0.052   2.744
HIS01B3699_001  -0.123  -2.170  -2.293
HIS02B3699_002  -0.142  -2.170  -2.312
HIS+1B3699_003  -0.169  -2.170  -2.339
GLN01B3700_001   1.057  -2.257  -1.200
GLN01B3700_002   1.787  -2.269  -0.482
LEU01B3701_001   4.339  -1.510   2.829
VAL01B3702_001   0.744  -0.052   0.692
LEU01B3703_001   1.559  -4.530  -2.971
HIS01B3704_001  -0.140  -6.903  -7.043
HIS01B3704_002  -0.096  -6.850  -6.947
HIS02B3704_003  -0.158  -6.903  -7.062
HIS02B3704_004  -0.109  -6.850  -6.960
HIS+1B3704_005  -0.185  -6.903  -7.089
HIS+1B3704_006  -0.136  -6.850  -6.986
PHE01B3705_001   4.825  -0.051   4.775
SER01B3706_001   0.000  -1.203  -1.203
ARG01B3707_001   3.772 -10.821  -7.049
ARG02B3707_002   3.846 -10.821  -6.976
ARG03B3707_003   3.747 -10.821  -7.074
ARG+1B3707_004   3.707 -10.821  -7.114
THR01B3708_001   0.249  -2.529  -2.280
ALA01B3709_001   0.000   0.000   0.000
LEU01B3710_001   2.085  -5.714  -3.630
THR01B3711_001   0.208  -4.516  -4.307
GLU01B3712_001   5.416  -3.896   1.520
GLU01B3712_002   5.416  -3.896   1.520
GLU02B3712_003   4.411  -3.967   0.444
GLU02B3712_004   4.411  -3.967   0.444
GLU-1B3712_005   4.333  -3.793   0.540
LYS01B3713_001   4.419  -3.610   0.809
LYS+1B3713_002   4.368  -3.610   0.758
SER01B3714_001   0.000  -5.196  -5.196
LYS01B3715_001   2.556  -9.301  -6.746
LYS+1B3715_002   2.509  -9.301  -6.792
LEU01B3716_001   1.699  -0.464   1.235
ASP01B3717_001   0.145  -2.165  -2.020
ASP01B3717_002   0.145  -2.165  -2.020
ASP02B3717_003   0.224  -2.302  -2.078
ASP02B3717_004   0.224  -2.302  -2.078
ASP-1B3717_005   0.136  -2.270  -2.134
GLU01B3718_001   2.169  -2.839  -0.670
GLU01B3718_002   2.169  -2.839  -0.670
GLU02B3718_003   1.758  -2.803  -1.045
GLU02B3718_004   1.758  -2.803  -1.045
GLU-1B3718_005   1.680  -2.772  -1.092
ASP01B3719_001   0.056  -0.859  -0.803
ASP01B3719_002   0.056  -0.859  -0.803
ASP02B3719_003   0.121  -0.805  -0.684
ASP02B3719_004   0.121  -0.805  -0.684
ASP-1B3719_005   0.052  -0.861  -0.809
TYR01B3720_001   4.624 -11.653  -7.029
TYR-1B3720_002   4.624 -11.653  -7.029
LEU01B3721_001   4.203  -6.349  -2.146
TYR01B3722_001   5.115   0.000   5.115
TYR-1B3722_002   5.115   0.000   5.115
MET01B3723_001   0.412  -1.134  -0.723
ALA01B3724_001   0.000  -1.491  -1.491
TYR01B3725_001   4.941  -2.977   1.964
TYR-1B3725_002   4.941  -2.977   1.964
ALA01B3726_001   0.000   0.000   0.000
ASP01B3727_001   0.087  -1.942  -1.855
ASP01B3727_002   0.087  -1.942  -1.855
ASP02B3727_003   0.162  -1.926  -1.764
ASP02B3727_004   0.162  -1.926  -1.764
ASP-1B3727_005   0.083  -1.886  -1.803
ILE01B3728_001   2.332  -0.721   1.611
MET01B3729_001   0.158  -0.260  -0.102
ALA01B3730_001   0.000  -0.515  -0.515
LYS01B3731_001   1.774  -3.359  -1.584
LYS+1B3731_002   1.690  -3.359  -1.669
SER01B3732_001   0.000   0.000   0.000
SER01B3732_002   0.000   0.000   0.000
CYS01B3733_001  -0.002   0.000  -0.002
CYS01B3733_002  -0.002   0.000  -0.002
CYS01B3733_003  -0.003   0.000  -0.003
CYS-1B3733_004   0.000   0.000   0.000
HIS01B3734_001  -0.354  -2.957  -3.311
HIS01B3734_002  -0.345  -2.620  -2.965
HIS02B3734_003  -0.363  -2.957  -3.320
HIS02B3734_004  -0.356  -2.620  -2.976
HIS+1B3734_005  -0.383  -2.957  -3.339
HIS+1B3734_006  -0.375  -2.620  -2.995
LEU01B3735_001   1.455  -0.721   0.734
GLU01B3736_001   0.499  -0.036   0.463
GLU01B3736_002   0.499  -0.036   0.463
GLU02B3736_003   0.666  -0.034   0.631
GLU02B3736_004   0.666  -0.034   0.631
GLU-1B3736_005   0.468  -0.034   0.433
GLU01B3737_001   0.500  -1.591  -1.091
GLU01B3737_002   0.500  -1.591  -1.091
GLU02B3737_003   0.667  -1.489  -0.823
GLU02B3737_004   0.667  -1.489  -0.823
GLU-1B3737_005   0.469  -1.520  -1.051
GLU01B3740_001   0.499  -1.430  -0.931
GLU01B3740_002   0.499  -1.430  -0.931
GLU02B3740_003   0.665  -1.440  -0.775
GLU02B3740_004   0.665  -1.440  -0.775
GLU-1B3740_005   0.467  -1.443  -0.975
ASN01B3741_001  -0.020  -2.330  -2.350
CTR01B3741_001  -0.021  -5.116  -5.137
CTR01B3741_002   0.111  -5.136  -5.025
CTR02B3741_003  -0.022  -5.213  -5.235
CTR02B3741_004   0.043  -5.271  -5.228
CTR-1B3741_005   0.000  -5.116  -5.116
NTR01B3747_001  -0.003  -3.512  -3.515
NTR+1B3747_002  -0.005  -3.512  -3.517
GLU01B3747_001   0.499  -4.855  -4.356
GLU01B3747_002   0.499  -4.855  -4.356
GLU02B3747_003   0.666  -4.871  -4.205
GLU02B3747_004   0.666  -4.871  -4.205
GLU-1B3747_005   0.468  -4.749  -4.282
GLU01B3748_001   0.498  -3.771  -3.274
GLU01B3748_002   0.498  -3.771  -3.274
GLU02B3748_003   0.664  -3.783  -3.119
GLU02B3748_004   0.664  -3.783  -3.119
GLU-1B3748_005   0.467  -3.630  -3.163
VAL01B3749_001   0.500  -8.493  -7.993
GLU01B3750_001   1.696  -3.501  -1.805
GLU01B3750_002   1.696  -3.501  -1.805
GLU02B3750_003   1.395  -3.448  -2.053
GLU02B3750_004   1.395  -3.448  -2.053
GLU-1B3750_005   1.307  -3.482  -2.176
VAL01B3751_001   0.662  -3.586  -2.925
SER01B3752_001   0.000  -2.780  -2.780
SER01B3752_002   0.000  -2.780  -2.780
PHE01B3753_001   5.322  -5.044   0.279
GLU01B3754_001   3.400  -2.163   1.237
GLU01B3754_002   3.400  -2.163   1.237
GLU02B3754_003   2.767  -2.189   0.578
GLU02B3754_004   2.767  -2.189   0.578
GLU-1B3754_005   2.673  -2.045   0.628
GLU01B3755_001   1.498  -1.772  -0.274
GLU01B3755_002   1.498  -1.772  -0.274
GLU02B3755_003   1.291  -1.820  -0.528
GLU02B3755_004   1.291  -1.820  -0.528
GLU-1B3755_005   1.173  -1.727  -0.553
LYS01B3756_001   1.984  -4.271  -2.287
LYS+1B3756_002   1.937  -4.271  -2.334
GLU01B3757_001   1.923  -1.272   0.651
GLU01B3757_002   1.923  -1.272   0.651
GLU02B3757_003   1.615  -1.173   0.442
GLU02B3757_004   1.615  -1.173   0.442
GLU-1B3757_005   1.503  -1.163   0.340
MET01B3758_001   0.048  -1.532  -1.484
GLU01B3759_001   1.307  -0.567   0.740
GLU01B3759_002   1.307  -0.567   0.740
GLU02B3759_003   1.094  -0.577   0.517
GLU02B3759_004   1.094  -0.577   0.517
GLU-1B3759_005   1.020  -0.560   0.460
LYS01B3760_001   6.116  -2.961   3.154
LYS+1B3760_002   6.061  -2.961   3.100
GLN01B3761_001   0.891  -0.915  -0.024
GLN01B3761_002   0.690  -0.871  -0.182
ARG01B3762_001   1.350  -2.234  -0.884
ARG02B3762_002   1.334  -2.234  -0.900
ARG03B3762_003   1.330  -2.234  -0.904
ARG+1B3762_004   1.287  -2.234  -0.947
LEU01B3763_001   1.383  -0.670   0.713
LEU01B3764_001   1.413  -4.684  -3.271
TYR01B3765_001   4.401  -2.467   1.934
TYR01B3765_002   4.401  -2.467   1.934
TYR-1B3765_003   4.401  -2.467   1.934
GLN01B3766_001   1.477   0.000   1.477
GLN01B3766_002   1.129   0.000   1.129
GLN01B3767_001   1.003  -0.077   0.925
GLN01B3767_002   0.784  -0.077   0.707
SER01B3768_001   0.000  -3.152  -3.152
SER01B3768_002   0.000  -3.152  -3.152
SER01B3768_003   0.000  -3.152  -3.152
ARG01B3769_001   2.896  -0.682   2.214
ARG02B3769_002   2.914  -0.682   2.231
ARG03B3769_003   2.852  -0.682   2.170
ARG+1B3769_004   2.808  -0.682   2.126
LEU01B3770_001   7.239   0.000   7.239
HIS01B3771_001  -0.135  -3.138  -3.273
HIS01B3771_002  -0.095  -3.646  -3.741
HIS02B3771_003  -0.153  -3.138  -3.291
HIS02B3771_004  -0.109  -3.646  -3.755
HIS+1B3771_005  -0.180  -3.138  -3.318
HIS+1B3771_006  -0.136  -3.646  -3.782
THR01B3772_001   0.380  -0.850  -0.470
THR01B3772_002   0.380  -0.850  -0.470
THR01B3772_003   0.380  -0.850  -0.470
ARG01B3773_001   1.924  -9.074  -7.149
ARG02B3773_002   1.910  -9.074  -7.164
ARG03B3773_003   1.906  -9.074  -7.168
ARG+1B3773_004   1.862  -9.074  -7.212
ALA01B3775_001   0.000   0.000   0.000
ALA01B3776_001   0.000   0.000   0.000
GLU01B3777_001   3.789  -1.283   2.506
GLU01B3777_002   3.789  -1.283   2.506
GLU02B3777_003   3.057  -1.156   1.901
GLU02B3777_004   3.057  -1.156   1.901
GLU-1B3777_005   2.974  -1.240   1.734
MET01B3778_001   0.605   0.000   0.605
VAL01B3779_001   1.071  -0.103   0.968
LEU01B3780_001   2.396  -0.052   2.345
GLN01B3781_001   3.130  -0.477   2.654
GLN01B3781_002   5.151  -0.554   4.597
MET01B3782_001   1.643  -0.048   1.595
ILE01B3783_001   1.693  -0.412   1.281
SER01B3784_001   0.000  -1.264  -1.264
SER01B3784_002   0.000  -1.264  -1.264
ALA01B3785_001   0.000   0.000   0.000
CYS01B3786_001  -0.002  -0.071  -0.073
CYS01B3786_002  -0.002  -0.071  -0.073
CYS01B3786_003  -0.003  -0.071  -0.074
CYS-1B3786_004   0.000  -0.071  -0.071
LYS01B3787_001   1.582  -5.140  -3.558
LYS+1B3787_002   1.531  -5.140  -3.609
GLU01B3789_001   0.789  -1.269  -0.481
GLU01B3789_002   0.789  -1.269  -0.481
GLU02B3789_003   0.767  -1.298  -0.531
GLU02B3789_004   0.767  -1.298  -0.531
GLU-1B3789_005   0.643  -1.251  -0.608
THR01B3790_001   0.262  -3.381  -3.119
THR01B3790_002   0.262  -3.381  -3.119
ALA01B3792_001   0.000  -3.052  -3.052
MET01B3793_001   0.173  -0.347  -0.174
VAL01B3794_001   0.843   0.000   0.843
SER01B3795_001   0.000  -0.717  -0.717
SER01B3795_002   0.000  -0.717  -0.717
SER01B3796_001   0.000  -0.638  -0.638
SER01B3796_002   0.000  -0.638  -0.638
SER01B3796_003   0.000  -0.638  -0.638
THR01B3797_001   0.252  -0.052   0.200
THR01B3797_002   0.252  -0.052   0.200
LEU01B3798_001   2.376  -0.309   2.067
LYS01B3799_001   1.547  -4.091  -2.544
LYS+1B3799_002   1.501  -4.091  -2.590
LEU01B3800_001   1.749   0.000   1.749
ILE01B3802_001   4.705  -0.721   3.984
SER01B3803_001   0.000  -0.421  -0.421
SER01B3803_002   0.000  -0.421  -0.421
ILE01B3804_001   1.368   0.000   1.368
LEU01B3805_001   2.589   0.000   2.589
ASN01B3806_001   0.207  -0.861  -0.654
ASN01B3806_002   0.026  -1.102  -1.076
ASN01B3809_001   0.441  -0.413   0.028
ASN01B3809_002   0.208  -0.551  -0.343
ALA01B3810_001   0.000  -2.727  -2.727
GLU01B3811_001   1.623  -2.454  -0.831
GLU01B3811_002   1.623  -2.454  -0.831
GLU02B3811_003   1.383  -2.344  -0.961
GLU02B3811_004   1.383  -2.344  -0.961
GLU-1B3811_005   1.269  -2.290  -1.021
VAL01B3812_001   0.733  -0.052   0.682
GLN01B3813_001   2.824  -0.034   2.789
GLN01B3813_002   4.687  -0.039   4.647
GLN01B3814_001   1.066  -2.290  -1.224
GLN01B3814_002   0.895  -2.132  -1.236
LYS01B3815_001   1.860  -0.771   1.089
LYS+1B3815_002   1.812  -0.771   1.040
MET01B3816_001   5.970  -0.214   5.756
LEU01B3817_001   1.766  -0.222   1.544
ASP01B3818_001   0.532  -2.073  -1.541
ASP01B3818_002   0.532  -2.073  -1.541
ASP02B3818_003   0.573  -1.996  -1.423
ASP02B3818_004   0.573  -1.996  -1.423
ASP-1B3818_005   0.455  -1.930  -1.475
TYR01B3819_001   5.197  -2.228   2.969
TYR-1B3819_002   5.197  -2.228   2.969
LEU01B3820_001   3.257  -0.052   3.206
LYS01B3821_001   5.199  -4.525   0.674
LYS+1B3821_002   5.212  -4.525   0.687
ASP01B3822_001   0.496  -2.767  -2.271
ASP01B3822_002   0.496  -2.767  -2.271
ASP02B3822_003   0.558  -2.679  -2.120
ASP02B3822_004   0.558  -2.679  -2.120
ASP-1B3822_005   0.434  -2.653  -2.220
LYS01B3823_001   3.794  -2.245   1.549
LYS+1B3823_002   3.699  -2.245   1.454
LYS01B3824_001   3.839  -5.390  -1.551
LYS+1B3824_002   3.781  -5.390  -1.609
GLU01B3825_001   1.276  -0.376   0.901
GLU01B3825_002   1.276  -0.376   0.901
GLU02B3825_003   1.084  -0.343   0.741
GLU02B3825_004   1.084  -0.343   0.741
GLU-1B3825_005   1.004  -0.339   0.665
VAL01B3826_001   0.926  -3.310  -2.384
PHE01B3828_001   5.370  -0.455   4.915
PHE01B3829_001   5.282  -0.202   5.080
GLN01B3830_001   2.966  -1.872   1.094
GLN01B3830_002   4.695  -1.764   2.931
SER01B3831_001   0.000   0.000   0.000
SER01B3831_002   0.000   0.000   0.000
ILE01B3832_001   2.874  -0.567   2.307
GLN01B3833_001   2.846  -1.659   1.187
GLN01B3833_002   4.647  -1.477   3.170
ALA01B3834_001   0.000  -2.025  -2.025
LEU01B3835_001   2.215   0.000   2.215
MET01B3836_001   0.741   0.000   0.741
GLN01B3837_001   3.807  -2.906   0.901
THR01B3838_001   0.321  -2.626  -2.304
THR01B3838_002   0.321  -2.626  -2.304
THR01B3838_003   0.321  -2.626  -2.304
CYS01B3839_001  -0.002   0.000  -0.002
CYS01B3839_002  -0.002   0.000  -0.002
CYS01B3839_003  -0.002   0.000  -0.002
CYS-1B3839_004   0.000   0.000   0.000
SER01B3840_001   0.000  -1.479  -1.479
SER01B3840_002   0.000  -1.479  -1.479
SER01B3840_003   0.000  -1.479  -1.479
VAL01B3841_001   0.707  -1.252  -0.546
LEU01B3842_001   2.123   0.000   2.123
ASP01B3843_001   0.251  -1.631  -1.380
ASP01B3843_002   0.251  -1.631  -1.380
ASP02B3843_003   0.350  -1.729  -1.379
ASP02B3843_004   0.350  -1.729  -1.379
ASP-1B3843_005   0.237  -1.688  -1.452
LEU01B3844_001   1.873  -2.576  -0.702
ASN01B3845_001   0.333  -3.338  -3.005
ASN01B3845_002   0.482  -3.558  -3.075
ALA01B3846_001   0.000  -1.030  -1.030
PHE01B3847_001   4.709   0.000   4.709
GLU01B3848_001   1.675  -1.377   0.298
GLU01B3848_002   1.675  -1.377   0.298
GLU02B3848_003   1.441  -1.441  -0.000
GLU02B3848_004   1.441  -1.441  -0.000
GLU-1B3848_005   1.321  -1.360  -0.040
ARG01B3849_001   2.456  -9.766  -7.310
ARG02B3849_002   2.440  -9.766  -7.326
ARG03B3849_003   2.432  -9.766  -7.334
ARG+1B3849_004   2.392  -9.766  -7.374
GLN01B3850_001   2.982   0.000   2.982
ASN01B3851_001   0.225  -1.304  -1.080
ASN01B3851_002   0.036  -1.186  -1.151
LYS01B3852_001   0.920  -7.883  -6.963
LYS+1B3852_002   0.874  -7.883  -7.008
ALA01B3853_001   0.000  -0.927  -0.927
GLU01B3854_001   0.499  -2.023  -1.525
GLU01B3854_002   0.499  -2.023  -1.525
GLU02B3854_003   0.665  -1.887  -1.222
GLU02B3854_004   0.665  -1.887  -1.222
GLU-1B3854_005   0.467  -1.908  -1.440
LEU01B3856_001   1.647  -7.189  -5.543
MET01B3858_001   0.141  -8.745  -8.604
VAL01B3859_001   0.497  -2.730  -2.233
ASN01B3860_001  -0.019  -3.130  -3.149
GLU01B3861_001   0.499  -3.071  -2.572
GLU01B3861_002   0.499  -3.071  -2.572
GLU02B3861_003   0.665  -3.076  -2.411
GLU02B3861_004   0.665  -3.076  -2.411
GLU-1B3861_005   0.468  -3.022  -2.555
ASP01B3862_001  -0.040  -2.315  -2.355
ASP01B3862_002  -0.040  -2.315  -2.355
ASP02B3862_003  -0.009  -2.258  -2.268
ASP02B3862_004  -0.009  -2.258  -2.268
ASP-1B3862_005  -0.041  -2.282  -2.323
THR01B3864_001   0.151  -1.721  -1.570
VAL01B3865_001   0.504  -5.251  -4.747
ILE01B3866_001   0.938  -5.460  -4.523
ASN01B3867_001  -0.020  -1.113  -1.132
ARG01B3868_0011191.268  -6.2351185.033
ARG02B3868_0021191.249  -6.2351185.015
ARG03B3868_0031191.283  -6.2351185.049
ARG03B3868_004 190.306  -6.235 184.072
ARG+1B3868_0051191.217  -6.2351184.983
GLN01B3869_001   0.454  -2.040  -1.586
ASN01B3870_001  -0.020  -0.247  -0.267
GLU01B3872_001   0.499  -3.876  -3.377
GLU01B3872_002   0.499  -3.876  -3.377
GLU02B3872_003   0.666  -3.847  -3.181
GLU02B3872_004   0.666  -3.847  -3.181
GLU-1B3872_005   0.468  -3.777  -3.309
LYS01B3873_001   2.306  -3.053  -0.747
LYS+1B3873_002   2.258  -3.053  -0.796
VAL01B3874_001   0.949   0.000   0.949
MET01B3875_001   0.330   0.000   0.330
ALA01B3876_001   0.000  -1.217  -1.217
ASP01B3877_001   0.107  -0.248  -0.141
ASP01B3877_002   0.107  -0.248  -0.141
ASP02B3877_003   0.188  -0.212  -0.024
ASP02B3877_004   0.188  -0.212  -0.024
ASP-1B3877_005   0.103  -0.241  -0.138
ASP01B3878_001   0.069  -1.227  -1.157
ASP01B3878_002   0.069  -1.227  -1.157
ASP02B3878_003   0.138  -1.356  -1.218
ASP02B3878_004   0.138  -1.356  -1.218
ASP-1B3878_005   0.065  -1.283  -1.218
GLU01B3879_001   0.501  -3.625  -3.124
GLU01B3879_002   0.501  -3.625  -3.124
GLU02B3879_003   0.667  -3.518  -2.851
GLU02B3879_004   0.667  -3.518  -2.851
GLU-1B3879_005   0.469  -3.527  -3.058
PHE01B3880_001   5.208  -1.027   4.181
THR01B3881_001   0.260   0.000   0.260
THR01B3881_002   0.260   0.000   0.260
THR01B3881_003   0.260   0.000   0.260
GLN01B3882_001   1.756  -1.540   0.216
GLN01B3882_002   2.872  -1.465   1.407
ASP01B3883_001   0.465  -0.652  -0.187
ASP01B3883_002   0.465  -0.652  -0.187
ASP02B3883_003   0.511  -0.620  -0.109
ASP02B3883_004   0.511  -0.620  -0.109
ASP-1B3883_005   0.399  -0.620  -0.221
LEU01B3884_001   2.019   0.000   2.019
PHE01B3885_001   4.861   0.000   4.861
ARG01B3886_001   2.426  -4.612  -2.186
ARG02B3886_002   2.381  -4.612  -2.231
ARG03B3886_003   2.448  -4.612  -2.165
ARG+1B3886_004   2.343  -4.612  -2.270
PHE01B3887_001   5.269  -0.793   4.476
LEU01B3888_001   1.582  -0.103   1.479
GLN01B3889_001   2.641  -0.349   2.292
GLN01B3889_002   4.292  -0.325   3.967
LEU01B3890_001   1.485  -0.258   1.228
LEU01B3891_001   2.025  -0.412   1.613
CYS01B3892_001  -0.002   0.000  -0.002
CYS01B3892_002  -0.002   0.000  -0.002
CYS01B3892_003  -0.002   0.000  -0.002
CYS-1B3892_004   0.000   0.000   0.000
GLU01B3893_001   2.146  -0.157   1.990
GLU01B3893_002   2.146  -0.157   1.990
GLU02B3893_003   1.768  -0.111   1.657
GLU02B3893_004   1.768  -0.111   1.657
GLU-1B3893_005   1.669  -0.120   1.548
HIS01B3895_001  -0.144  -1.603  -1.747
HIS02B3895_002  -0.163  -1.603  -1.765
HIS+1B3895_003  -0.190  -1.603  -1.792
ASN01B3896_001   0.085  -0.591  -0.506
ASN01B3896_002   0.292  -0.482  -0.191
ASN01B3897_001   0.476  -2.151  -1.675
ASN01B3897_002   0.191  -2.043  -1.851
ASP01B3898_001   0.031  -1.545  -1.514
ASP01B3898_002   0.031  -1.545  -1.514
ASP02B3898_003   0.090  -1.694  -1.603
ASP02B3898_004   0.090  -1.694  -1.603
ASP-1B3898_005   0.029  -1.545  -1.516
PHE01B3899_001   6.358  -0.051   6.307
GLN01B3900_001   1.716   0.000   1.716
GLN01B3900_002   2.753   0.000   2.753
ASN01B3901_001   0.621  -1.844  -1.223
TYR01B3902_001   5.524  -0.202   5.322
TYR-1B3902_002   5.524  -0.202   5.322
LEU01B3903_001   2.166   0.000   2.166
ARG01B3904_001   4.067  -3.356   0.711
ARG02B3904_002   4.023  -3.356   0.667
ARG02B3904_003   4.028  -3.356   0.672
ARG03B3904_004   4.031  -3.356   0.675
ARG03B3904_005   4.060  -3.356   0.705
ARG+1B3904_006   3.983  -3.356   0.627
THR01B3905_001   0.257  -2.335  -2.078
GLN01B3906_001   2.831   0.000   2.831
THR01B3907_001   0.183  -5.791  -5.608
ASN01B3909_001   0.558  -0.276   0.282
ASN01B3909_002   0.285  -0.354  -0.069
THR01B3910_001   0.216  -6.001  -5.785
THR01B3911_001   0.229  -3.400  -3.172
THR01B3912_001   0.199  -3.329  -3.130
THR01B3912_002   0.199  -3.329  -3.130
ILE01B3913_001   1.593  -0.103   1.490
ASN01B3914_001   0.148  -0.774  -0.626
ASN01B3914_002  -0.009  -0.612  -0.621
ILE01B3915_001   1.842  -0.052   1.790
ILE01B3916_001   3.718   0.000   3.718
ILE01B3917_001   5.125  -5.422  -0.297
CYS01B3918_001  -0.002  -1.435  -1.437
CYS01B3918_002  -0.002  -1.435  -1.437
CYS01B3918_003  -0.003  -1.435  -1.438
CYS-1B3918_004   0.000  -1.435  -1.435
THR01B3919_001   0.329   0.000   0.329
THR01B3919_002   0.329   0.000   0.329
THR01B3919_003   0.329   0.000   0.329
VAL01B3920_001   0.891  -0.103   0.788
ASP01B3921_001   0.513  -1.355  -0.842
ASP01B3921_002   0.513  -1.355  -0.842
ASP02B3921_003   0.537  -1.370  -0.834
ASP02B3921_004   0.537  -1.370  -0.834
ASP-1B3921_005   0.431  -1.275  -0.844
TYR01B3922_001   4.539  -0.052   4.488
TYR-1B3922_002   4.539  -0.052   4.488
LEU01B3923_001   1.692   0.000   1.692
LEU01B3924_001   2.176  -1.597   0.579
ARG01B3925_001   2.236  -4.970  -2.734
ARG02B3925_002   2.209  -4.970  -2.760
ARG03B3925_003   2.202  -4.970  -2.768
ARG+1B3925_004   2.163  -4.970  -2.807
LEU01B3926_001   2.269   0.000   2.269
GLN01B3927_001   3.124  -0.448   2.676
GLN01B3927_002   5.143  -0.313   4.830
GLU01B3928_001   3.268  -3.169   0.100
GLU01B3928_002   3.268  -3.169   0.100
GLU02B3928_003   2.599  -3.225  -0.626
GLU02B3928_004   2.599  -3.225  -0.626
GLU-1B3928_005   2.538  -3.148  -0.610
SER01B3929_001   0.000  -0.144  -0.144
SER01B3929_002   0.000  -0.144  -0.144
SER01B3929_003   0.000  -0.144  -0.144
ILE01B3930_001   3.845  -0.258   3.587
SER01B3931_001   0.000  -0.888  -0.888
SER01B3931_002   0.000  -0.888  -0.888
ASP01B3932_001   0.226  -1.907  -1.681
ASP01B3932_002   0.226  -1.907  -1.681
ASP02B3932_003   0.323  -1.928  -1.606
ASP02B3932_004   0.323  -1.928  -1.606
ASP-1B3932_005   0.214  -1.839  -1.626
PHE01B3933_001   5.085   0.000   5.085
TYR01B3934_001   4.978  -1.247   3.731
TYR-1B3934_002   4.978  -1.247   3.731
TRP01B3935_001   3.538  -8.637  -5.099
TYR01B3936_001   5.373  -3.281   2.093
TYR01B3936_002   5.373  -3.281   2.093
TYR-1B3936_003   5.373  -3.281   2.093
TYR01B3937_001   5.485   0.000   5.485
TYR01B3937_002   5.485   0.000   5.485
TYR-1B3937_003   5.485   0.000   5.485
SER01B3938_001   0.000  -0.816  -0.816
SER01B3938_002   0.000  -0.816  -0.816
SER01B3938_003   0.000  -0.816  -0.816
LYS01B3940_001   1.071  -3.891  -2.819
LYS+1B3940_002   1.027  -3.891  -2.864
ASP01B3941_001   0.061  -2.780  -2.719
ASP01B3941_002   0.061  -2.780  -2.719
ASP02B3941_003   0.127  -2.847  -2.720
ASP02B3941_004   0.127  -2.847  -2.720
ASP-1B3941_005   0.057  -2.752  -2.695
VAL01B3942_001   0.472  -4.942  -4.470
ILE01B3943_001   3.923   0.000   3.923
GLU01B3944_001   2.133  -2.157  -0.024
GLU01B3944_002   2.133  -2.157  -0.024
GLU02B3944_003   1.790  -2.229  -0.439
GLU02B3944_004   1.790  -2.229  -0.439
GLU-1B3944_005   1.678  -2.136  -0.459
GLU01B3945_001   3.445  -2.635   0.810
GLU01B3945_002   3.445  -2.635   0.810
GLU02B3945_003   2.777  -2.712   0.065
GLU02B3945_004   2.777  -2.712   0.065
GLU-1B3945_005   2.699  -2.651   0.048
GLN01B3946_001   1.017  -0.433   0.584
LYS01B3948_001   0.952  -1.789  -0.836
LYS+1B3948_002   0.907  -1.789  -0.882
ARG01B3949_001   3.133  -7.853  -4.720
ARG02B3949_002   3.109  -7.853  -4.744
ARG03B3949_003   3.199  -7.853  -4.653
ARG+1B3949_004   3.069  -7.853  -4.783
ASN01B3950_001   0.512   0.000   0.512
ASN01B3950_002   0.245   0.000   0.245
PHE01B3951_001   5.644   0.000   5.644
SER01B3952_001   0.000  -1.975  -1.975
SER01B3952_002   0.000  -1.975  -1.975
SER01B3952_003   0.000  -1.975  -1.975
LYS01B3953_001   1.282  -1.895  -0.613
LYS+1B3953_002   1.237  -1.895  -0.658
ALA01B3954_001   0.000   0.000   0.000
MET01B3955_001   0.945  -0.048   0.897
SER01B3956_001   0.000  -1.724  -1.724
SER01B3956_002   0.000  -1.724  -1.724
VAL01B3957_001   0.823   0.000   0.823
ALA01B3958_001   0.000   0.000   0.000
LYS01B3959_001   5.831  -3.667   2.164
LYS+1B3959_002   5.785  -3.667   2.118
GLN01B3960_001   1.245  -0.517   0.729
GLN01B3960_002   1.518  -0.669   0.849
VAL01B3961_001   0.911   0.000   0.911
PHE01B3962_001   5.793   0.000   5.793
ASN01B3963_001   0.645  -1.004  -0.359
ASN01B3963_002   0.332  -0.930  -0.598
SER01B3964_001   0.000   0.000   0.000
SER01B3964_002   0.000   0.000   0.000
SER01B3964_003   0.000   0.000   0.000
LEU01B3965_001   4.784   0.000   4.784
THR01B3966_001   0.209  -0.387  -0.178
THR01B3966_002   0.209  -0.387  -0.178
GLU01B3967_001   1.735  -0.172   1.563
GLU01B3967_002   1.735  -0.172   1.563
GLU02B3967_003   1.463  -0.181   1.282
GLU02B3967_004   1.463  -0.181   1.282
GLU-1B3967_005   1.356  -0.172   1.184
TYR01B3968_001   4.893   0.000   4.893
TYR01B3968_002   4.893   0.000   4.893
TYR-1B3968_003   4.893   0.000   4.893
ILE01B3969_001   3.742   0.000   3.742
GLN01B3970_001   3.382  -0.197   3.185
GLN01B3970_002   5.510  -0.295   5.214
PRO01B3972_001   0.325  -3.593  -3.268
CYS01B3973_001  -0.002  -0.143  -0.145
CYS01B3973_002  -0.002  -0.143  -0.145
CYS01B3973_003  -0.002  -0.143  -0.145
CYS-1B3973_004   0.000  -0.143  -0.143
THR01B3974_001   0.312  -5.136  -4.824
THR01B3974_002   0.312  -5.136  -4.824
ASN01B3976_001   0.328   0.000   0.328
ASN01B3976_002   0.113   0.000   0.113
GLN01B3977_001   2.196  -0.172   2.023
GLN01B3977_002   3.510  -0.236   3.273
GLN01B3978_001   1.162  -1.967  -0.805
GLN01B3978_002   0.915  -1.877  -0.962
SER01B3979_001   0.000  -0.204  -0.204
LEU01B3980_001   2.363   0.000   2.363
ALA01B3981_001   0.000  -0.155  -0.155
HIS01B3982_001  -0.140  -7.354  -7.494
HIS01B3982_002  -0.090  -6.979  -7.069
HIS02B3982_003  -0.159  -7.354  -7.513
HIS02B3982_004  -0.103  -6.979  -7.082
HIS+1B3982_005  -0.186  -7.354  -7.540
HIS+1B3982_006  -0.130  -6.979  -7.109
SER01B3983_001   0.000  -0.096  -0.096
SER01B3983_002   0.000  -0.096  -0.096
ARG01B3984_001   1.810 -10.106  -8.296
ARG02B3984_002   1.775 -10.106  -8.331
ARG03B3984_003   1.777 -10.106  -8.330
ARG+1B3984_004   1.733 -10.106  -8.374
LEU01B3985_001   2.847  -0.155   2.693
TRP01B3986_001   3.782  -1.532   2.251
ASP01B3987_001   0.094  -2.471  -2.377
ASP01B3987_002   0.094  -2.471  -2.377
ASP02B3987_003   0.170  -2.577  -2.407
ASP02B3987_004   0.170  -2.577  -2.407
ASP-1B3987_005   0.089  -2.528  -2.439
ALA01B3988_001   0.000   0.000   0.000
VAL01B3989_001   0.994  -0.052   0.942
VAL01B3990_001   0.795  -0.773   0.023
PHE01B3992_001   6.146  -0.152   5.995
LEU01B3993_001   2.604  -1.030   1.574
HIS01B3994_001  -0.107  -3.867  -3.974
HIS02B3994_002  -0.127  -3.867  -3.994
HIS+1B3994_003  -0.154  -3.867  -4.021
VAL01B3995_001   0.638  -0.206   0.432
PHE01B3996_001   4.648  -0.051   4.598
ALA01B3997_001   0.000   0.000   0.000
HIS01B3998_001  -0.129  -2.343  -2.472
HIS02B3998_002  -0.148  -2.343  -2.491
HIS+1B3998_003  -0.175  -2.343  -2.518
MET01B3999_001  -0.044   0.000  -0.044
MET01B4000_001   0.117   0.000   0.117
MET01B4001_001   0.023  -2.130  -2.107
LYS01B4002_001   1.480  -1.133   0.347
LYS+1B4002_002   1.435  -1.133   0.302
LEU01B4003_001   1.815   0.000   1.815
ALA01B4004_001   0.000  -0.052  -0.052
GLN01B4005_001   2.077  -1.737   0.340
GLN01B4005_002   3.408  -1.836   1.573
ASP01B4006_001   0.084  -1.473  -1.390
ASP01B4006_002   0.084  -1.473  -1.390
ASP02B4006_003   0.159  -1.387  -1.227
ASP02B4006_004   0.159  -1.387  -1.227
ASP-1B4006_005   0.081  -1.357  -1.276
SER01B4007_001   0.000  -3.087  -3.087
SER01B4008_001   0.000  -3.512  -3.512
SER01B4008_002   0.000  -3.512  -3.512
GLN01B4009_001   2.356  -0.079   2.278
GLN01B4009_002   3.965  -0.074   3.891
ILE01B4010_001   2.501  -2.041   0.460
GLU01B4011_001   3.754  -3.500   0.254
GLU01B4011_002   3.754  -3.500   0.254
GLU02B4011_003   3.008  -3.431  -0.423
GLU02B4011_004   3.008  -3.431  -0.423
GLU-1B4011_005   2.937  -3.377  -0.440
LEU01B4012_001   1.977  -0.155   1.823
LEU01B4013_001   2.190  -0.583   1.608
LYS01B4014_001   2.127  -5.968  -3.840
LYS+1B4014_002   2.084  -5.968  -3.884
GLU01B4015_001   3.223  -1.005   2.218
GLU01B4015_002   3.223  -1.005   2.218
GLU02B4015_003   2.584  -0.953   1.631
GLU02B4015_004   2.584  -0.953   1.631
GLU-1B4015_005   2.516  -0.973   1.543
LEU01B4016_001   3.620   0.000   3.620
LEU01B4017_001   1.608  -0.206   1.402
ASP01B4018_001   0.175  -1.303  -1.128
ASP01B4018_002   0.175  -1.303  -1.128
ASP02B4018_003   0.264  -1.384  -1.121
ASP02B4018_004   0.264  -1.384  -1.121
ASP-1B4018_005   0.165  -1.309  -1.144
LEU01B4019_001   2.511  -0.052   2.459
GLN01B4020_001   3.413  -0.157   3.256
GLN01B4020_002   5.557  -0.185   5.372
LYS01B4021_001   1.294  -3.638  -2.344
LYS+1B4021_002   1.245  -3.638  -2.394
ASP01B4022_001   0.147  -0.995  -0.848
ASP01B4022_002   0.147  -0.995  -0.848
ASP02B4022_003   0.230  -0.919  -0.688
ASP02B4022_004   0.230  -0.919  -0.688
ASP-1B4022_005   0.139  -0.896  -0.757
MET01B4023_001   0.138  -0.214  -0.077
VAL01B4024_001   0.642  -0.824  -0.182
VAL01B4025_001   0.871  -3.297  -2.426
MET01B4026_001   0.373   0.000   0.373
LEU01B4027_001   1.503  -0.547   0.955
LEU01B4028_001   2.421  -2.469  -0.048
SER01B4029_001   0.000  -0.120  -0.120
SER01B4029_002   0.000  -0.120  -0.120
SER01B4029_003   0.000  -0.120  -0.120
LEU01B4030_001   2.803  -0.258   2.546
LEU01B4031_001   2.868  -0.103   2.765
GLU01B4032_001   1.138   0.000   1.138
GLU01B4032_002   1.138   0.000   1.138
GLU02B4032_003   0.885  -0.036   0.849
GLU02B4032_004   0.885  -0.036   0.849
GLU-1B4032_005   0.827   0.000   0.827
ASN01B4034_001   0.002  -0.512  -0.510
ASN01B4034_002   0.163  -0.453  -0.289
VAL01B4035_001   0.779  -3.828  -3.049
VAL01B4036_001   0.885  -0.821   0.064
ASN01B4037_001   0.324  -1.482  -1.158
MET01B4039_001   3.481  -5.336  -1.855
ILE01B4040_001   2.386  -0.773   1.613
ALA01B4041_001   0.000   0.000   0.000
ARG01B4042_001   3.814  -6.974  -3.160
ARG02B4042_002   3.745  -6.974  -3.229
ARG03B4042_003   3.752  -6.974  -3.223
ARG+1B4042_004   3.706  -6.974  -3.268
GLN01B4043_001   2.017  -1.568   0.449
GLN01B4043_002   3.280  -1.512   1.768
MET01B4044_001   0.248   0.000   0.248
VAL01B4045_001   1.053   0.000   1.053
ASP01B4046_001   0.102  -2.096  -1.994
ASP01B4046_002   0.102  -2.096  -1.994
ASP02B4046_003   0.179  -2.183  -2.004
ASP02B4046_004   0.179  -2.183  -2.004
ASP-1B4046_005   0.096  -2.102  -2.006
MET01B4047_001   5.434  -0.048   5.386
LEU01B4048_001   1.973  -0.876   1.097
VAL01B4049_001   1.020  -2.917  -1.897
GLU01B4050_001   3.040  -1.695   1.345
GLU01B4050_002   3.040  -1.695   1.345
GLU02B4050_003   2.410  -1.687   0.724
GLU02B4050_004   2.410  -1.687   0.724
GLU-1B4050_005   2.350  -1.598   0.752
SER01B4051_001   0.000   0.000   0.000
SER01B4052_001   0.000  -1.639  -1.639
SER01B4052_002   0.000  -1.639  -1.639
SER01B4053_001   0.000  -4.856  -4.856
SER01B4053_002   0.000  -4.856  -4.856
ASN01B4054_001   0.348  -0.847  -0.499
ASN01B4054_002   0.493  -0.935  -0.442
VAL01B4055_001   1.019  -0.618   0.400
GLU01B4056_001   5.512  -1.733   3.780
GLU01B4056_002   5.512  -1.733   3.780
GLU02B4056_003   4.421  -1.664   2.758
GLU02B4056_004   4.421  -1.664   2.758
GLU-1B4056_005   4.346  -1.619   2.726
MET01B4057_001   1.771  -2.778  -1.007
ILE01B4058_001   3.497  -0.670   2.827
LEU01B4059_001   2.488  -0.103   2.385
LYS01B4060_001   1.211  -4.132  -2.922
LYS+1B4060_002   1.162  -4.132  -2.970
PHE01B4061_001   4.727  -0.707   4.020
PHE01B4062_001   4.988  -0.287   4.701
ASP01B4063_001   0.335  -0.689  -0.354
ASP01B4063_002   0.335  -0.689  -0.354
ASP02B4063_003   0.355  -0.688  -0.333
ASP02B4063_004   0.355  -0.688  -0.333
ASP-1B4063_005   0.275  -0.689  -0.414
MET01B4064_001   0.039  -0.782  -0.743
PHE01B4065_001   5.117   0.000   5.117
LEU01B4066_001   1.714  -0.412   1.302
LYS01B4067_001   3.039  -1.052   1.987
LYS+1B4067_002   2.990  -1.052   1.938
LEU01B4068_001   1.792   0.000   1.792
LYS01B4069_001   3.008  -6.150  -3.142
LYS+1B4069_002   2.927  -6.150  -3.223
ASP01B4070_001   0.175  -1.787  -1.612
ASP01B4070_002   0.175  -1.787  -1.612
ASP02B4070_003   0.263  -1.760  -1.496
ASP02B4070_004   0.263  -1.760  -1.496
ASP-1B4070_005   0.165  -1.735  -1.570
ILE01B4071_001   2.944  -0.361   2.583
VAL01B4072_001   0.611  -0.618  -0.007
SER01B4074_001   0.000  -1.179  -1.179
SER01B4074_002   0.000  -1.179  -1.179
GLU01B4075_001   1.261  -3.110  -1.849
GLU01B4075_002   1.261  -3.110  -1.849
GLU02B4075_003   1.053  -3.148  -2.095
GLU02B4075_004   1.053  -3.148  -2.095
GLU-1B4075_005   0.959  -3.077  -2.118
ALA01B4076_001   0.000  -2.746  -2.746
PHE01B4077_001   4.651   0.000   4.651
GLN01B4078_001   0.950  -1.822  -0.872
ASP01B4079_001   0.183  -2.517  -2.334
ASP01B4079_002   0.183  -2.517  -2.334
ASP02B4079_003   0.274  -2.484  -2.210
ASP02B4079_004   0.274  -2.484  -2.210
ASP-1B4079_005   0.174  -2.468  -2.294
TYR01B4080_001   5.131  -0.360   4.771
TYR-1B4080_002   5.131  -0.360   4.771
VAL01B4081_001   0.696  -0.309   0.386
THR01B4082_001   0.217  -6.227  -6.010
THR01B4082_002   0.217  -6.227  -6.010
ASP01B4083_001   0.329  -0.866  -0.537
ASP01B4083_002   0.329  -0.866  -0.537
ASP02B4083_003   0.428  -0.867  -0.439
ASP02B4083_004   0.428  -0.867  -0.439
ASP-1B4083_005   0.305  -0.827  -0.522
PRO01B4084_001   0.263  -6.653  -6.390
ARG01B4085_001   3.861  -7.862  -4.001
ARG02B4085_002   3.781  -7.862  -4.081
ARG02B4085_003   3.841  -7.862  -4.021
ARG03B4085_004   3.776  -7.862  -4.086
ARG+1B4085_005   3.736  -7.862  -4.126
LEU01B4087_001   1.690  -3.860  -2.170
ILE01B4088_001   2.091   0.000   2.091
SER01B4089_001   0.000  -1.661  -1.661
SER01B4089_002   0.000  -1.661  -1.661
SER01B4089_003   0.000  -1.661  -1.661
LYS01B4090_001   4.545  -1.710   2.836
LYS+1B4090_002   4.497  -1.710   2.788
LYS01B4091_001   0.817  -7.830  -7.013
LYS+1B4091_002   0.770  -7.830  -7.060
ASP01B4092_001   0.043  -0.374  -0.331
ASP01B4092_002   0.043  -0.374  -0.331
ASP02B4092_003   0.103  -0.372  -0.268
ASP02B4092_004   0.103  -0.372  -0.268
ASP-1B4092_005   0.039  -0.374  -0.335
PHE01B4093_001   4.695   0.000   4.695
GLN01B4094_001   1.222  -1.405  -0.183
GLN01B4094_002   1.595  -1.421   0.175
LYS01B4095_001   1.732  -6.733  -5.002
LYS+1B4095_002   1.686  -6.733  -5.047
ALA01B4096_001   0.000  -0.155  -0.155
MET01B4097_001  -0.005   0.000  -0.005
ASP01B4098_001   0.382  -2.427  -2.045
ASP01B4098_002   0.382  -2.427  -2.045
ASP02B4098_003   0.402  -2.485  -2.083
ASP02B4098_004   0.402  -2.485  -2.083
ASP-1B4098_005   0.316  -2.347  -2.031
SER01B4099_001   0.000  -2.459  -2.459
SER01B4099_002   0.000  -2.459  -2.459
GLN01B4100_001   3.838  -0.595   3.243
LYS01B4101_001   1.159  -8.231  -7.072
LYS+1B4101_002   1.110  -8.231  -7.121
GLN01B4102_001   1.708  -2.920  -1.212
GLN01B4102_002   2.761  -2.790  -0.030
PHE01B4103_001   5.525   0.000   5.525
THR01B4104_001   0.250  -3.901  -3.651
THR01B4104_002   0.250  -3.901  -3.651
PRO01B4106_001   0.288  -6.479  -6.191
GLU01B4107_001   2.413  -1.184   1.229
GLU01B4107_002   2.413  -1.184   1.229
GLU02B4107_003   1.916  -1.221   0.695
GLU02B4107_004   1.916  -1.221   0.695
GLU-1B4107_005   1.849  -1.137   0.712
ILE01B4108_001   2.710  -0.155   2.556
GLN01B4109_001   1.021  -2.361  -1.339
GLN01B4109_002   0.803  -2.606  -1.804
PHE01B4110_001   5.068  -1.154   3.914
LEU01B4111_001   2.120  -0.155   1.966
LEU01B4112_001   1.510  -0.361   1.149
SER01B4113_001   0.000  -1.429  -1.429
SER01B4113_002   0.000  -1.429  -1.429
CYS01B4114_001  -0.002  -0.356  -0.357
CYS01B4114_002  -0.002  -0.356  -0.357
CYS01B4114_003  -0.002  -0.356  -0.358
CYS-1B4114_004   0.000  -0.356  -0.356
SER01B4115_001   0.000   0.000   0.000
SER01B4115_002   0.000   0.000   0.000
GLU01B4116_001   1.393  -1.592  -0.199
GLU01B4116_002   1.393  -1.592  -0.199
GLU02B4116_003   1.192  -1.547  -0.356
GLU02B4116_004   1.192  -1.547  -0.356
GLU-1B4116_005   1.081  -1.511  -0.430
ALA01B4117_001   0.000  -3.020  -3.020
ASP01B4118_001   0.368  -1.944  -1.576
ASP01B4118_002   0.368  -1.944  -1.576
ASP02B4118_003   0.423  -1.735  -1.313
ASP02B4118_004   0.423  -1.735  -1.313
ASP-1B4118_005   0.319  -1.826  -1.507
GLU01B4119_001   1.779  -3.873  -2.093
GLU01B4119_002   1.779  -3.873  -2.093
GLU02B4119_003   1.495  -3.962  -2.466
GLU02B4119_004   1.495  -3.962  -2.466
GLU-1B4119_005   1.388  -3.828  -2.440
ASN01B4120_001   0.042  -1.798  -1.757
ASN01B4120_002   0.229  -1.916  -1.687
GLU01B4121_001   4.245  -2.887   1.358
GLU01B4121_002   4.245  -2.887   1.358
GLU02B4121_003   3.395  -2.821   0.574
GLU02B4121_004   3.395  -2.821   0.574
GLU-1B4121_005   3.326  -2.816   0.510
MET01B4122_001   0.140  -0.672  -0.532
ILE01B4123_001   3.163   0.000   3.163
ASN01B4124_001   0.146  -1.663  -1.518
ASN01B4124_002  -0.008  -1.531  -1.539
PHE01B4125_001   4.798  -2.661   2.137
GLU01B4126_001   0.499  -3.471  -2.972
GLU01B4126_002   0.499  -3.471  -2.972
GLU02B4126_003   0.666  -3.397  -2.731
GLU02B4126_004   0.666  -3.397  -2.731
GLU-1B4126_005   0.468  -3.372  -2.904
GLU01B4127_001   4.751  -1.226   3.525
GLU01B4127_002   4.751  -1.226   3.525
GLU02B4127_003   3.830  -1.232   2.597
GLU02B4127_004   3.830  -1.232   2.597
GLU-1B4127_005   3.748  -1.235   2.514
PHE01B4128_001   4.804  -0.068   4.737
ALA01B4129_001   0.000   0.000   0.000
ASN01B4130_001   0.440  -1.782  -1.342
ASN01B4130_002   0.197  -1.690  -1.493
ARG01B4131_001   2.028  -1.174   0.854
ARG02B4131_002   1.975  -1.174   0.801
ARG02B4131_003   2.037  -1.174   0.863
ARG03B4131_004   1.970  -1.174   0.795
ARG03B4131_005   1.974  -1.174   0.800
ARG+1B4131_006   1.931  -1.174   0.757
PHE01B4132_001   5.536  -0.373   5.163
GLN01B4133_001   1.565  -0.232   1.333
GLN01B4133_002   2.352  -0.236   2.116
GLU01B4134_001   1.416  -2.993  -1.577
GLU01B4134_002   1.416  -2.993  -1.577
GLU02B4134_003   1.221  -3.002  -1.781
GLU02B4134_004   1.221  -3.002  -1.781
GLU-1B4134_005   1.102  -2.928  -1.826
PRO01B4135_001   0.331  -2.160  -1.829
ALA01B4136_001   0.000  -0.309  -0.309
ARG01B4137_001   2.577  -1.867   0.710
ARG02B4137_002   2.553  -1.867   0.686
ARG02B4137_003   2.557  -1.867   0.690
ARG03B4137_004   2.562  -1.867   0.695
ARG+1B4137_005   2.514  -1.867   0.647
ASP01B4138_001   0.143  -1.886  -1.743
ASP01B4138_002   0.143  -1.886  -1.743
ASP02B4138_003   0.220  -1.907  -1.687
ASP02B4138_004   0.220  -1.907  -1.687
ASP-1B4138_005   0.133  -1.891  -1.757
ILE01B4139_001   2.192  -0.361   1.832
PHE01B4141_001   5.464  -0.202   5.262
ASN01B4142_001   0.728  -0.482   0.245
ASN01B4142_002   0.425  -0.536  -0.112
VAL01B4143_001   0.525  -1.545  -1.021
ALA01B4144_001   0.000   0.000   0.000
VAL01B4145_001   1.839  -0.274   1.565
LEU01B4146_001   1.761  -0.464   1.297
LEU01B4147_001   3.278  -0.258   3.021
THR01B4148_001   0.213  -0.429  -0.217
THR01B4148_002   0.213  -0.429  -0.217
ASN01B4149_001   0.224  -0.157   0.066
LEU01B4150_001   1.539   0.000   1.539
SER01B4151_001   0.000  -0.988  -0.988
SER01B4151_002   0.000  -0.988  -0.988
SER01B4151_003   0.000  -0.988  -0.988
GLU01B4152_001   2.473  -1.167   1.306
GLU01B4152_002   2.473  -1.167   1.306
GLU02B4152_003   1.946  -1.273   0.673
GLU02B4152_004   1.946  -1.273   0.673
GLU-1B4152_005   1.890  -1.180   0.710
HIS01B4153_001  -0.117  -0.158  -0.275
HIS01B4153_002  -0.069  -0.223  -0.291
HIS02B4153_003  -0.136  -0.158  -0.294
HIS02B4153_004  -0.083  -0.223  -0.305
HIS+1B4153_005  -0.163  -0.158  -0.322
HIS+1B4153_006  -0.109  -0.223  -0.332
VAL01B4154_001   0.892  -1.320  -0.428
PRO01B4155_001   0.316  -1.725  -1.409
HIS01B4156_001  -0.209  -6.628  -6.837
HIS01B4156_002  -0.161  -6.802  -6.964
HIS02B4156_003  -0.230  -6.628  -6.858
HIS02B4156_004  -0.171  -6.802  -6.973
HIS+1B4156_005  -0.257  -6.628  -6.885
HIS+1B4156_006  -0.197  -6.802  -6.999
ASP01B4157_001   0.141  -0.785  -0.643
ASP01B4157_002   0.141  -0.785  -0.643
ASP02B4157_003   0.234  -0.671  -0.437
ASP02B4157_004   0.234  -0.671  -0.437
ASP-1B4157_005   0.138  -0.715  -0.577
PRO01B4158_001   0.284  -6.863  -6.578
ARG01B4159_001   3.888  -5.444  -1.556
ARG02B4159_002   3.803  -5.444  -1.641
ARG02B4159_003   3.809  -5.444  -1.635
ARG03B4159_004   3.808  -5.444  -1.636
ARG+1B4159_005   3.764  -5.444  -1.680
LEU01B4160_001   2.784   0.000   2.784
ARG01B4161_001   1.965  -6.493  -4.528
ARG02B4161_002   1.928  -6.493  -4.565
ARG03B4161_003   1.922  -6.493  -4.571
ARG+1B4161_004   1.883  -6.493  -4.610
ASN01B4162_001   0.311  -1.565  -1.254
ASN01B4162_002   0.089  -1.413  -1.324
PHE01B4163_001   5.292  -0.051   5.242
LEU01B4164_001   3.497  -1.185   2.312
GLU01B4165_001  10.014  -3.179   6.835
GLU01B4165_002  10.014  -3.179   6.835
GLU02B4165_003   8.091  -3.200   4.891
GLU02B4165_004   8.091  -3.200   4.891
GLU-1B4165_005   8.039  -3.122   4.917
LEU01B4166_001   2.105  -2.833  -0.728
ALA01B4167_001   0.000   0.000   0.000
GLU01B4168_001   1.640  -2.267  -0.626
GLU01B4168_002   1.640  -2.267  -0.626
GLU02B4168_003   1.472  -2.556  -1.084
GLU02B4168_004   1.472  -2.556  -1.084
GLU-1B4168_005   1.317  -2.264  -0.948
SER01B4169_001   0.000  -1.556  -1.556
SER01B4169_002   0.000  -1.556  -1.556
SER01B4169_003   0.000  -1.556  -1.556
ILE01B4170_001   3.391   0.000   3.391
LEU01B4171_001   2.420  -2.283   0.138
GLU01B4172_001   2.012  -2.663  -0.651
GLU01B4172_002   2.012  -2.663  -0.651
GLU02B4172_003   1.730  -2.503  -0.773
GLU02B4172_004   1.730  -2.503  -0.773
GLU-1B4172_005   1.596  -2.493  -0.897
TYR01B4173_001   5.215  -4.639   0.576
TYR01B4173_002   5.215  -4.639   0.576
TYR-1B4173_003   5.215  -4.639   0.576
PHE01B4174_001   5.565  -0.101   5.464
ARG01B4175_001   3.446  -7.683  -4.237
ARG02B4175_002   3.426  -7.683  -4.257
ARG03B4175_003   3.431  -7.683  -4.251
ARG+1B4175_004   3.382  -7.683  -4.300
PRO01B4176_001   0.493  -3.400  -2.907
TYR01B4177_001   5.891  -1.084   4.808
TYR01B4177_002   5.891  -1.084   4.808
TYR-1B4177_003   5.891  -1.084   4.808
LEU01B4178_001   3.518  -0.686   2.832
ARG01B4180_001   3.379  -1.028   2.352
ARG02B4180_002   3.364  -1.028   2.336
ARG03B4180_003   3.303  -1.028   2.275
ARG+1B4180_004   3.258  -1.028   2.230
ILE01B4181_001   7.774  -0.361   7.413
GLU01B4182_001   2.420   0.000   2.420
GLU01B4182_002   2.420   0.000   2.420
GLU02B4182_003   2.030   0.000   2.030
GLU02B4182_004   2.030   0.000   2.030
GLU-1B4182_005   1.905   0.000   1.905
ILE01B4183_001   1.996  -0.155   1.841
MET01B4184_001   1.965  -2.572  -0.607
ALA01B4186_001   0.000  -2.901  -2.901
SER01B4187_001   0.000  -0.980  -0.980
SER01B4187_002   0.000  -0.980  -0.980
SER01B4187_003   0.000  -0.980  -0.980
ARG01B4188_001   2.895 -11.369  -8.474
ARG02B4188_002   2.880 -11.369  -8.489
ARG03B4188_003   2.870 -11.369  -8.498
ARG+1B4188_004   2.831 -11.369  -8.538
ARG01B4189_001   7.553  -4.627   2.926
ARG02B4189_002   7.502  -4.627   2.875
ARG03B4189_003   7.500  -4.627   2.873
ARG+1B4189_004   7.453  -4.627   2.826
ILE01B4190_001   3.629  -0.361   3.269
GLU01B4191_001   4.505  -0.120   4.385
GLU01B4191_002   4.505  -0.120   4.385
GLU02B4191_003   3.582  -0.084   3.498
GLU02B4191_004   3.582  -0.084   3.498
GLU-1B4191_005   3.525  -0.082   3.444
ARG01B4192_001   8.018  -0.385   7.632
ARG02B4192_002   7.937  -0.385   7.552
ARG03B4192_003   7.935  -0.385   7.549
ARG03B4192_004   7.996  -0.385   7.611
ARG+1B4192_005   7.891  -0.385   7.505
ILE01B4193_001   2.214  -0.737   1.477
TYR01B4194_001   5.593  -0.271   5.323
TYR01B4194_002   5.593  -0.271   5.323
TYR-1B4194_003   5.593  -0.271   5.323
PHE01B4195_001   6.022  -3.235   2.787
GLU01B4196_001   7.277  -0.777   6.499
GLU01B4196_002   7.277  -0.777   6.499
GLU02B4196_003   5.998  -0.641   5.357
GLU02B4196_004   5.998  -0.641   5.357
GLU-1B4196_005   5.892  -0.724   5.169
ILE01B4197_001   1.894  -0.206   1.688
SER01B4198_001   0.000  -2.613  -2.613
SER01B4198_002   0.000  -2.613  -2.613
SER01B4198_003   0.000  -2.613  -2.613
GLU01B4199_001   1.893  -1.934  -0.041
GLU01B4199_002   1.893  -1.934  -0.041
GLU02B4199_003   1.523  -1.941  -0.418
GLU02B4199_004   1.523  -1.941  -0.418
GLU-1B4199_005   1.459  -1.954  -0.495
THR01B4200_001   0.299  -5.217  -4.918
THR01B4200_002   0.299  -5.217  -4.918
ASN01B4201_001   0.367  -1.147  -0.779
ASN01B4201_002   0.600  -1.162  -0.561
ARG01B4202_001   6.699  -4.366   2.333
ARG02B4202_002   6.620  -4.366   2.253
ARG03B4202_003   6.620  -4.366   2.254
ARG+1B4202_004   6.574  -4.366   2.208
ALA01B4203_001   0.000  -3.706  -3.706
GLN01B4204_001   3.824  -0.754   3.070
GLN01B4204_002   5.907  -0.801   5.105
TRP01B4205_001   3.889  -1.280   2.609
GLU01B4206_001   1.252  -2.564  -1.312
GLU01B4206_002   1.252  -2.564  -1.312
GLU02B4206_003   1.053  -2.528  -1.475
GLU02B4206_004   1.053  -2.528  -1.475
GLU-1B4206_005   0.960  -2.484  -1.524
MET01B4207_001   3.175  -3.180  -0.006
PRO01B4208_001   0.251  -7.211  -6.960
GLN01B4209_001   1.227  -1.443  -0.216
GLN01B4209_002   0.976  -1.545  -0.569
VAL01B4210_001   0.541   0.000   0.541
LYS01B4211_001   1.167  -5.203  -4.037
LYS+1B4211_002   1.119  -5.203  -4.084
GLU01B4212_001   1.686  -2.245  -0.559
GLU01B4212_002   1.686  -2.245  -0.559
GLU02B4212_003   1.431  -2.264  -0.833
GLU02B4212_004   1.431  -2.264  -0.833
GLU-1B4212_005   1.320  -2.303  -0.984
SER01B4213_001   0.000  -1.791  -1.791
LYS01B4214_001   3.277  -1.701   1.575
LYS+1B4214_002   3.186  -1.701   1.484
ARG01B4215_001  11.253  -7.499   3.754
ARG02B4215_002  11.195  -7.499   3.695
ARG03B4215_003  11.193  -7.499   3.693
ARG+1B4215_004  11.145  -7.499   3.646
GLN01B4216_001   2.600  -3.484  -0.884
PHE01B4217_001   5.908  -0.658   5.250
ILE01B4218_001   2.508  -1.391   1.117
PHE01B4219_001   4.990  -2.568   2.422
ASP01B4220_001   0.128  -1.454  -1.326
ASP01B4220_002   0.128  -1.454  -1.326
ASP02B4220_003   0.202  -1.419  -1.216
ASP02B4220_004   0.202  -1.419  -1.216
ASP-1B4220_005   0.118  -1.356  -1.238
VAL01B4221_001   0.916  -0.103   0.813
VAL01B4222_001   0.945  -0.721   0.224
ASN01B4223_001   0.200  -1.688  -1.489
ASN01B4223_002   0.021  -1.796  -1.775
GLU01B4224_001   1.615  -3.463  -1.848
GLU01B4224_002   1.615  -3.463  -1.848
GLU02B4224_003   1.423  -3.466  -2.043
GLU02B4224_004   1.423  -3.466  -2.043
GLU-1B4224_005   1.282  -3.375  -2.094
GLU01B4227_001   0.770  -4.221  -3.452
GLU01B4227_002   0.770  -4.221  -3.452
GLU02B4227_003   0.685  -4.361  -3.676
GLU02B4227_004   0.685  -4.361  -3.676
GLU-1B4227_005   0.581  -4.146  -3.565
ALA01B4228_001   0.000  -2.369  -2.369
GLU01B4229_001   4.389  -2.958   1.431
GLU01B4229_002   4.389  -2.958   1.431
GLU02B4229_003   3.610  -3.058   0.552
GLU02B4229_004   3.610  -3.058   0.552
GLU-1B4229_005   3.487  -3.015   0.472
LYS01B4230_001   1.740  -3.047  -1.307
LYS+1B4230_002   1.692  -3.047  -1.355
MET01B4231_001   0.036  -0.356  -0.320
GLU01B4232_001   2.906  -1.150   1.756
GLU01B4232_002   2.906  -1.150   1.756
GLU02B4232_003   2.408  -1.037   1.370
GLU02B4232_004   2.408  -1.037   1.370
GLU-1B4232_005   2.290  -1.093   1.197
LEU01B4233_001   3.056  -4.118  -1.062
PHE01B4234_001   5.145  -0.101   5.044
VAL01B4235_001   0.774  -0.052   0.723
SER01B4236_001   0.000  -1.940  -1.940
SER01B4236_002   0.000  -1.940  -1.940
PHE01B4237_001   5.472  -1.636   3.837
CYS01B4238_001  -0.002  -0.143  -0.145
CYS01B4238_002  -0.002  -0.143  -0.145
CYS01B4238_003  -0.003  -0.143  -0.146
CYS-1B4238_004   0.000  -0.143  -0.143
GLU01B4239_001   3.643   0.000   3.643
GLU01B4239_002   3.643   0.000   3.643
GLU02B4239_003   2.933   0.000   2.933
GLU02B4239_004   2.933   0.000   2.933
GLU-1B4239_005   2.858   0.000   2.858
ASP01B4240_001   0.126  -0.620  -0.495
ASP01B4240_002   0.126  -0.620  -0.495
ASP02B4240_003   0.210  -0.688  -0.479
ASP02B4240_004   0.210  -0.688  -0.479
ASP-1B4240_005   0.120  -0.620  -0.501
THR01B4241_001   0.370  -0.120   0.249
THR01B4241_002   0.370  -0.120   0.249
THR01B4241_003   0.370  -0.120   0.249
ILE01B4242_001   2.579  -0.892   1.687
PHE01B4243_001   5.430  -1.010   4.419
GLU01B4244_001   2.877  -0.308   2.568
GLU01B4244_002   2.877  -0.308   2.568
GLU02B4244_003   2.279  -0.319   1.960
GLU02B4244_004   2.279  -0.319   1.960
GLU-1B4244_005   2.217  -0.301   1.915
MET01B4245_001  -0.100  -0.309  -0.409
GLN01B4246_001   1.260  -2.668  -1.407
GLN01B4246_002   1.020  -2.748  -1.728
ILE01B4247_001   1.234  -1.391  -0.157
ALA01B4248_001   0.000  -0.274  -0.274
ALA01B4249_001   0.000  -2.881  -2.881
GLN01B4250_001   2.567  -2.428   0.139
GLN01B4250_002   4.191  -2.383   1.807
ILE01B4251_001   2.055  -1.407   0.648
SER01B4252_001   0.000  -2.718  -2.718
SER01B4252_002   0.000  -2.718  -2.718
GLU01B4253_001   0.498  -3.203  -2.705
GLU01B4253_002   0.498  -3.203  -2.705
GLU02B4253_003   0.664  -2.908  -2.244
GLU02B4253_004   0.664  -2.908  -2.244
GLU-1B4253_005   0.467  -3.027  -2.560
CTR01B4253_001  -0.021  -5.271  -5.292
CTR01B4253_002   0.107  -5.329  -5.222
CTR02B4253_003  -0.022  -5.329  -5.351
CTR02B4253_004   0.042  -5.329  -5.287
CTR-1B4253_005   0.000  -5.193  -5.193
NTR01B4540_001  -0.003  -2.758  -2.761
NTR+1B4540_002  -0.005  -2.758  -2.763
PHE01B4540_001   2.035  -2.594  -0.559
TRP01B4541_001   0.642 -13.608 -12.967
GLU01B4543_001   0.502  -3.423  -2.920
GLU01B4543_002   0.502  -3.423  -2.920
GLU02B4543_003   0.669  -3.449  -2.780
GLU02B4543_004   0.669  -3.449  -2.780
GLU-1B4543_005   0.471  -3.407  -2.935
LEU01B4544_001   1.454  -3.947  -2.493
GLU01B4545_001   0.500  -2.222  -1.722
GLU01B4545_002   0.500  -2.222  -1.722
GLU02B4545_003   0.667  -2.123  -1.456
GLU02B4545_004   0.667  -2.123  -1.456
GLU-1B4545_005   0.469  -2.119  -1.650
VAL01B4546_001   0.664  -6.140  -5.475
GLN01B4547_001   0.912  -2.809  -1.898
GLN01B4547_002   1.181  -2.673  -1.492
ARG01B4548_001   6.259  -7.079  -0.820
ARG02B4548_002   6.201  -7.079  -0.878
ARG02B4548_003   6.207  -7.079  -0.872
ARG03B4548_004   6.210  -7.079  -0.869
ARG+1B4548_005   6.161  -7.079  -0.918
VAL01B4549_001   0.945  -4.221  -3.276
LYS01B4550_001   3.789  -4.316  -0.527
LYS+1B4550_002   3.695  -4.316  -0.621
PHE01B4551_001   4.557  -7.317  -2.760
LEU01B4552_001   3.679  -1.870   1.809
ASN01B4553_001   0.349  -1.245  -0.896
ASN01B4553_002   0.502  -1.166  -0.664
TYR01B4554_001   4.849  -6.551  -1.702
TYR-1B4554_002   4.849  -6.551  -1.702
LEU01B4555_001   1.441  -0.515   0.926
SER01B4556_001   0.000   0.000   0.000
ARG01B4557_001   3.587  -3.296   0.291
ARG02B4557_002   3.546  -3.296   0.250
ARG03B4557_003   3.590  -3.296   0.294
ARG+1B4557_004   3.506  -3.296   0.209
ASN01B4558_001   0.171  -1.280  -1.109
PHE01B4559_001   5.440  -0.623   4.817
TYR01B4560_001   4.957  -7.562  -2.606
TYR-1B4560_002   4.957  -7.562  -2.606
THR01B4561_001   0.296  -4.382  -4.086
THR01B4561_002   0.296  -4.382  -4.086
LEU01B4562_001   2.034  -1.130   0.904
ARG01B4563_001   1.633  -2.354  -0.721
ARG02B4563_002   1.588  -2.354  -0.766
ARG02B4563_003   1.592  -2.354  -0.761
ARG03B4563_004   1.593  -2.354  -0.760
ARG03B4563_005   1.654  -2.354  -0.700
ARG+1B4563_006   1.549  -2.354  -0.804
PHE01B4564_001   5.132  -8.168  -3.036
LEU01B4565_001   1.641  -4.308  -2.666
ALA01B4566_001   0.000   0.000   0.000
LEU01B4567_001   1.368  -2.318  -0.950
PHE01B4568_001   4.815  -8.343  -3.528
LEU01B4569_001   5.238  -0.361   4.877
ALA01B4570_001   0.000   0.000   0.000
PHE01B4571_001   4.791  -7.090  -2.299
ALA01B4572_001   0.000  -1.819  -1.819
ILE01B4573_001   2.589   0.000   2.589
ASN01B4574_001   0.456  -0.247   0.209
ASN01B4574_002   0.226  -0.259  -0.033
PHE01B4575_001   4.987  -9.139  -4.152
ILE01B4576_001   3.331  -1.011   2.320
LEU01B4577_001   4.284  -1.938   2.346
LEU01B4578_001   2.563  -7.002  -4.440
PHE01B4579_001   4.786  -3.605   1.181
TYR01B4580_001   4.729  -3.612   1.117
TYR-1B4580_002   4.729  -3.612   1.117
LYS01B4581_001   1.676  -6.418  -4.742
LYS+1B4581_002   1.626  -6.418  -4.793
VAL01B4582_001   0.498  -5.251  -4.753
SER01B4583_001   0.000  -0.567  -0.567
SER01B4583_002   0.000  -0.567  -0.567
ASP01B4584_001  -0.040  -3.454  -3.494
ASP01B4584_002  -0.040  -3.454  -3.494
ASP02B4584_003  -0.009  -3.494  -3.503
ASP02B4584_004  -0.009  -3.494  -3.503
ASP-1B4584_005  -0.041  -3.394  -3.435
SER01B4585_001   0.000  -3.347  -3.347
SER01B4585_002   0.000  -3.347  -3.347
PRO01B4586_001   0.308  -4.943  -4.635
PRO01B4587_001   0.267  -4.042  -3.774
CTR01B4587_001  -0.021  -4.440  -4.461
CTR01B4587_002   0.082  -4.479  -4.397
CTR02B4587_003  -0.022  -4.402  -4.424
CTR02B4587_004   0.029  -4.595  -4.567
CTR-1B4587_005   0.000  -4.402  -4.402
NTR01B4626_001  -0.003  -3.554  -3.557
NTR+1B4626_002  -0.005  -3.554  -3.559
ASN01B4626_001  -0.019  -3.743  -3.763
MET01B4627_001   0.142  -3.073  -2.931
VAL01B4628_001   0.594  -3.120  -2.525
TYR01B4629_001   4.952  -9.821  -4.869
TYR-1B4629_002   4.952  -9.821  -4.869
TYR01B4630_001   4.908  -3.404   1.503
TYR-1B4630_002   4.908  -3.404   1.503
PHE01B4631_001   5.015  -2.675   2.340
LEU01B4632_001   1.987  -4.510  -2.523
GLU01B4633_001   3.889  -2.484   1.405
GLU01B4633_002   3.889  -2.484   1.405
GLU02B4633_003   3.110  -2.468   0.642
GLU02B4633_004   3.110  -2.468   0.642
GLU-1B4633_005   3.044  -2.446   0.598
GLU01B4634_001   2.557  -1.122   1.435
GLU01B4634_002   2.557  -1.122   1.435
GLU02B4634_003   2.057  -1.065   0.992
GLU02B4634_004   2.057  -1.065   0.992
GLU-1B4634_005   1.979  -1.098   0.881
SER01B4635_001   0.000  -5.280  -5.280
THR01B4636_001   0.165  -1.784  -1.619
THR01B4636_002   0.165  -1.784  -1.619
THR01B4636_003   0.165  -1.784  -1.619
TYR01B4638_001   4.858  -9.749  -4.891
TYR01B4638_002   4.858  -9.749  -4.891
TYR-1B4638_003   4.858  -9.749  -4.891
MET01B4639_001  90.683   0.000  90.683
GLU01B4640_001   1.653  -2.474  -0.821
GLU01B4640_002   1.653  -2.474  -0.821
GLU02B4640_003   1.400  -2.340  -0.940
GLU02B4640_004   1.400  -2.340  -0.940
GLU-1B4640_005   1.290  -2.394  -1.104
PRO01B4641_001   0.288  -6.041  -5.753
ALA01B4642_001   0.000  -2.679  -2.679
LEU01B4643_001   4.187  -1.648   2.538
TRP01B4644_001   2.957  -8.366  -5.409
CYS01B4645_001  -0.002  -3.857  -3.859
CYS01B4645_002  -0.002  -3.857  -3.859
CYS01B4645_003  -0.002  -3.857  -3.860
CYS-1B4645_004   0.000  -3.857  -3.857
LEU01B4646_001   1.496  -2.936  -1.440
SER01B4647_001   0.000   0.000   0.000
SER01B4647_002   0.000   0.000   0.000
SER01B4647_003   0.000   0.000   0.000
LEU01B4648_001   2.215  -4.823  -2.607
LEU01B4649_001   2.339  -3.535  -1.196
HIS01B4650_001  -0.145  -0.100  -0.245
HIS02B4650_002  -0.164  -0.100  -0.264
HIS+1B4650_003  -0.191  -0.100  -0.291
THR01B4651_001   0.280  -1.119  -0.840
THR01B4651_002   0.280  -1.119  -0.840
THR01B4651_003   0.280  -1.119  -0.840
LEU01B4652_001   4.042  -5.576  -1.534
VAL01B4653_001   0.770  -0.361   0.410
ALA01B4654_001   0.000   0.000   0.000
PHE01B4655_001   4.644  -8.199  -3.554
LEU01B4656_001   2.343  -2.453  -0.110
CYS01B4657_001  -0.002   0.000  -0.002
CYS01B4657_002  -0.002   0.000  -0.002
CYS01B4657_003  -0.002   0.000  -0.002
CYS-1B4657_004   0.000   0.000   0.000
ILE01B4658_001   3.706  -2.212   1.494
ILE01B4659_001   5.422  -3.380   2.042
TYR01B4661_001   4.982  -0.936   4.046
TYR01B4661_002   4.982  -0.936   4.046
TYR-1B4661_003   4.982  -0.936   4.046
ASN01B4662_001   0.210  -1.821  -1.611
ASN01B4662_002   0.031  -1.811  -1.780
CYS01B4663_001  -0.002  -1.002  -1.004
CYS01B4663_002  -0.002  -1.002  -1.004
CYS01B4663_003  -0.002  -1.002  -1.005
CYS-1B4663_004   0.000  -1.002  -1.002
LEU01B4664_001   1.626  -1.442   0.183
LYS01B4665_001   2.131  -3.579  -1.448
LYS+1B4665_002   2.046  -3.579  -1.532
VAL01B4666_001   0.289   0.000   0.289
PRO01B4667_001   0.319  -1.870  -1.552
LEU01B4668_001   2.596  -1.182   1.414
VAL01B4669_001   0.468  -1.697  -1.229
ILE01B4670_001   2.229  -0.670   1.559
PHE01B4671_001   5.321  -0.101   5.220
LYS01B4672_001   1.302  -4.554  -3.252
LYS+1B4672_002   1.256  -4.554  -3.297
ARG01B4673_001   3.137  -0.797   2.340
ARG02B4673_002   3.100  -0.797   2.303
ARG02B4673_003   3.105  -0.797   2.308
ARG03B4673_004   3.110  -0.797   2.313
ARG03B4673_005   3.179  -0.797   2.382
ARG+1B4673_006   3.061  -0.797   2.264
GLU01B4674_001   2.911   0.000   2.911
GLU01B4674_002   2.911   0.000   2.911
GLU02B4674_003   2.379   0.000   2.379
GLU02B4674_004   2.379   0.000   2.379
GLU-1B4674_005   2.299   0.000   2.299
LYS01B4675_001   0.859  -0.692   0.167
LYS+1B4675_002   0.813  -0.692   0.121
GLU01B4676_001   4.109  -1.399   2.710
GLU01B4676_002   4.109  -1.399   2.710
GLU02B4676_003   3.290  -1.317   1.973
GLU02B4676_004   3.290  -1.317   1.973
GLU-1B4676_005   3.222  -1.314   1.908
LEU01B4677_001   1.485  -0.361   1.125
ALA01B4678_001   0.000  -0.258  -0.258
ARG01B4679_001   1.949  -2.702  -0.753
ARG02B4679_002   1.931  -2.702  -0.771
ARG02B4679_003   2.002  -2.702  -0.700
ARG03B4679_004   1.924  -2.702  -0.779
ARG03B4679_005   1.928  -2.702  -0.775
ARG+1B4679_006   1.884  -2.702  -0.818
LYS01B4680_001   1.226  -4.752  -3.525
LYS+1B4680_002   1.178  -4.752  -3.574
LEU01B4681_001   1.376   0.000   1.376
GLU01B4682_001   2.051  -0.717   1.335
GLU01B4682_002   2.051  -0.717   1.335
GLU02B4682_003   1.678  -0.748   0.930
GLU02B4682_004   1.678  -0.748   0.930
GLU-1B4682_005   1.591  -0.715   0.876
PHE01B4683_001   5.579  -3.758   1.820
ASP01B4684_001   0.258  -2.149  -1.892
ASP01B4684_002   0.258  -2.149  -1.892
ASP02B4684_003   0.359  -2.172  -1.813
ASP02B4684_004   0.359  -2.172  -1.813
ASP-1B4684_005   0.244  -2.072  -1.828
LEU01B4686_001   2.409  -2.469  -0.060
TYR01B4687_001   5.263  -0.101   5.162
TYR01B4687_002   5.263  -0.101   5.162
TYR-1B4687_003   5.263  -0.101   5.162
ILE01B4688_001   2.125   0.000   2.125
THR01B4689_001   0.205  -3.698  -3.493
GLU01B4690_001   4.310  -3.018   1.292
GLU01B4690_002   4.310  -3.018   1.292
GLU02B4690_003   3.485  -2.921   0.564
GLU02B4690_004   3.485  -2.921   0.564
GLU-1B4690_005   3.400  -2.954   0.446
GLN01B4691_001   1.397  -2.499  -1.102
GLN01B4691_002   1.938  -2.396  -0.459
PRO01B4692_001   0.382   0.000   0.382
ASP01B4694_001   0.150  -2.565  -2.415
ASP01B4694_002   0.150  -2.565  -2.415
ASP02B4694_003   0.233  -2.740  -2.507
ASP02B4694_004   0.233  -2.740  -2.507
ASP-1B4694_005   0.141  -2.605  -2.464
ASP01B4695_001   0.199  -3.318  -3.119
ASP01B4695_002   0.199  -3.318  -3.119
ASP02B4695_003   0.291  -3.368  -3.077
ASP02B4695_004   0.291  -3.368  -3.077
ASP-1B4695_005   0.188  -3.213  -3.025
ASP01B4696_001   0.197  -2.913  -2.716
ASP01B4696_002   0.197  -2.913  -2.716
ASP02B4696_003   0.287  -2.913  -2.626
ASP02B4696_004   0.287  -2.913  -2.626
ASP-1B4696_005   0.186  -2.873  -2.687
VAL01B4697_001   0.711  -6.706  -5.996
LYS01B4698_001   3.584  -4.908  -1.323
LYS+1B4698_002   3.534  -4.908  -1.374
GLN01B4700_001   1.690  -2.308  -0.618
GLN01B4700_002   1.230  -2.423  -1.193
TRP01B4701_001   3.593  -4.113  -0.521
ASP01B4702_001   0.183  -0.069   0.114
ASP01B4702_002   0.183  -0.069   0.114
ASP02B4702_003   0.269  -0.072   0.197
ASP02B4702_004   0.269  -0.072   0.197
ASP-1B4702_005   0.172  -0.069   0.103
ARG01B4703_001  14.855  -5.822   9.033
ARG02B4703_002  14.793  -5.822   8.971
ARG03B4703_003  14.882  -5.822   9.060
ARG+1B4703_004  14.745  -5.822   8.923
LEU01B4704_001   4.204  -2.009   2.195
VAL01B4705_001   0.643   0.000   0.643
LEU01B4706_001   1.922  -0.206   1.716
ASN01B4707_001   0.571  -1.234  -0.663
THR01B4708_001   0.288   0.000   0.288
THR01B4708_002   0.288   0.000   0.288
PRO01B4709_001   0.313  -4.752  -4.439
SER01B4710_001   0.000  -1.564  -1.564
SER01B4710_002   0.000  -1.564  -1.564
PHE01B4711_001   5.107   0.000   5.107
PRO01B4712_001   0.349  -0.254   0.095
SER01B4713_001   0.000  -1.628  -1.628
SER01B4713_002   0.000  -1.628  -1.628
SER01B4713_003   0.000  -1.628  -1.628
ASN01B4714_001   0.207  -0.758  -0.551
ASN01B4714_002   0.027  -0.733  -0.707
TYR01B4715_001   5.585  -0.763   4.822
TYR01B4715_002   5.585  -0.763   4.822
TYR-1B4715_003   5.585  -0.763   4.822
TRP01B4716_001   3.501  -2.781   0.720
ASP01B4717_001   0.329  -0.722  -0.393
ASP01B4717_002   0.329  -0.722  -0.393
ASP02B4717_003   0.382  -0.630  -0.247
ASP02B4717_004   0.382  -0.630  -0.247
ASP-1B4717_005   0.285  -0.624  -0.340
LYS01B4718_001   0.604  -4.119  -3.515
LYS+1B4718_002   0.562  -4.119  -3.557
PHE01B4719_001   4.638  -2.608   2.030
VAL01B4720_001   0.807  -0.155   0.652
LYS01B4721_001   0.999  -1.017  -0.018
LYS+1B4721_002   0.956  -1.017  -0.061
ARG01B4722_001  10.953  -5.802   5.151
ARG02B4722_002  10.884  -5.802   5.082
ARG03B4722_003  10.986  -5.802   5.184
ARG+1B4722_004  10.843  -5.802   5.041
LYS01B4723_001   1.824  -4.603  -2.778
LYS+1B4723_002   1.778  -4.603  -2.824
VAL01B4724_001   0.818  -0.052   0.767
LEU01B4725_001   2.862  -0.670   2.193
ASP01B4726_001   0.186  -3.233  -3.047
ASP01B4726_002   0.186  -3.233  -3.047
ASP02B4726_003   0.292  -3.136  -2.844
ASP02B4726_004   0.292  -3.136  -2.844
ASP-1B4726_005   0.182  -3.161  -2.979
LYS01B4727_001   2.044  -4.055  -2.011
LYS+1B4727_002   1.995  -4.055  -2.059
HIS01B4728_001  -0.100  -0.777  -0.877
HIS01B4728_002  -0.046  -0.889  -0.935
HIS02B4728_003  -0.120  -0.777  -0.897
HIS02B4728_004  -0.059  -0.889  -0.948
HIS+1B4728_005  -0.147  -0.777  -0.924
HIS+1B4728_006  -0.086  -0.889  -0.975
ASP01B4730_001   0.073  -3.358  -3.284
ASP01B4730_002   0.073  -3.358  -3.284
ASP02B4730_003   0.145  -3.500  -3.355
ASP02B4730_004   0.145  -3.500  -3.355
ASP-1B4730_005   0.070  -3.359  -3.290
ILE01B4731_001   3.255  -5.866  -2.611
PHE01B4732_001   4.579  -3.289   1.290
ARG01B4734_001   2.475  -7.018  -4.542
ARG02B4734_002   2.452  -7.018  -4.566
ARG03B4734_003   2.461  -7.018  -4.557
ARG+1B4734_004   2.413  -7.018  -4.605
GLU01B4735_001   3.380  -2.897   0.483
GLU01B4735_002   3.380  -2.897   0.483
GLU02B4735_003   2.727  -3.026  -0.298
GLU02B4735_004   2.727  -3.026  -0.298
GLU-1B4735_005   2.646  -2.919  -0.273
ARG01B4736_001   4.594  -9.001  -4.407
ARG02B4736_002   4.538  -9.001  -4.463
ARG03B4736_003   4.546  -9.001  -4.455
ARG+1B4736_004   4.497  -9.001  -4.504
ILE01B4737_001   1.801  -0.052   1.749
ALA01B4738_001   0.000  -0.052  -0.052
GLU01B4739_001   5.365  -2.615   2.750
GLU01B4739_002   5.365  -2.615   2.750
GLU02B4739_003   4.345  -2.808   1.538
GLU02B4739_004   4.345  -2.808   1.538
GLU-1B4739_005   4.260  -2.587   1.673
LEU01B4740_001   3.144  -2.093   1.052
LEU01B4741_001   1.705   0.000   1.705
MET01B4743_001   1.214  -0.623   0.591
ASP01B4744_001  -0.041  -2.445  -2.486
ASP01B4744_002  -0.041  -2.445  -2.486
ASP02B4744_003  -0.009  -2.466  -2.475
ASP02B4744_004  -0.009  -2.466  -2.475
ASP-1B4744_005  -0.041  -2.415  -2.456
LEU01B4745_001   1.461  -6.024  -4.563
ALA01B4746_001   0.000  -0.876  -0.876
SER01B4747_001   0.000  -0.937  -0.937
LEU01B4748_001   1.454  -5.544  -4.089
GLU01B4749_001   0.500  -2.633  -2.133
GLU01B4749_002   0.500  -2.633  -2.133
GLU02B4749_003   0.667  -2.567  -1.900
GLU02B4749_004   0.667  -2.567  -1.900
GLU-1B4749_005   0.469  -2.515  -2.046
ILE01B4750_001   0.941  -2.112  -1.171
THR01B4751_001   0.151  -4.927  -4.776
THR01B4751_002   0.151  -4.927  -4.776
ALA01B4752_001   0.000  -2.984  -2.984
HIS01B4753_001  -0.354  -4.758  -5.112
HIS01B4753_002  -0.345  -4.355  -4.700
HIS02B4753_003  -0.363  -4.758  -5.121
HIS02B4753_004  -0.356  -4.355  -4.711
HIS+1B4753_005  -0.383  -4.758  -5.141
HIS+1B4753_006  -0.375  -4.355  -4.730
ASN01B4754_001  -0.020  -0.466  -0.486
GLU01B4755_001   0.500  -1.691  -1.191
GLU01B4755_002   0.500  -1.691  -1.191
GLU02B4755_003   0.667  -1.702  -1.035
GLU02B4755_004   0.667  -1.702  -1.035
GLU-1B4755_005   0.468  -1.654  -1.185
ARG01B4756_0011190.882  -6.7281184.154
ARG02B4756_0021190.863  -6.7281184.135
ARG03B4756_0031190.898  -6.7281184.169
ARG03B4756_004 189.933  -6.728 183.204
ARG+1B4756_0051190.832  -6.7281184.103
LYS01B4757_001   3.798  -4.015  -0.217
LYS+1B4757_002   3.704  -4.015  -0.311
PRO01B4758_001   0.228  -5.654  -5.426
ASP01B4759_001  -0.040  -3.133  -3.174
ASP01B4759_002  -0.040  -3.133  -3.174
ASP02B4759_003  -0.009  -3.235  -3.245
ASP02B4759_004  -0.009  -3.235  -3.245
ASP-1B4759_005  -0.041  -3.113  -3.154
PRO01B4760_001   0.205  -6.643  -6.438
PRO01B4761_001   0.248  -7.041  -6.793
PRO01B4762_001   0.234  -5.480  -5.245
LEU01B4764_001   1.458  -4.102  -2.643
LEU01B4765_001   1.458  -3.245  -1.787
THR01B4766_001   0.206  -5.483  -5.277
THR01B4766_002   0.206  -5.483  -5.277
TRP01B4767_001   3.193  -6.688  -3.495
LEU01B4768_001   3.409  -5.183  -1.774
MET01B4769_001   0.369  -9.054  -8.685
SER01B4770_001   0.000  -3.257  -3.257
SER01B4770_002   0.000  -3.257  -3.257
ILE01B4771_001   2.487  -4.169  -1.682
ASP01B4772_001   0.078  -1.642  -1.564
ASP01B4772_002   0.078  -1.642  -1.564
ASP02B4772_003   0.143  -1.791  -1.648
ASP02B4772_004   0.143  -1.791  -1.648
ASP-1B4772_005   0.071  -1.688  -1.618
VAL01B4773_001   0.704  -5.579  -4.875
LYS01B4774_001   1.153  -6.196  -5.044
LYS+1B4774_002   1.104  -6.196  -5.092
TYR01B4775_001   4.847  -0.556   4.291
TYR-1B4775_002   4.847  -0.556   4.291
GLN01B4776_001   0.835  -1.887  -1.052
ILE01B4777_001   2.394  -4.684  -2.290
TRP01B4778_001   4.476  -0.051   4.426
LYS01B4779_001   2.150  -3.540  -1.390
LYS+1B4779_002   2.103  -3.540  -1.436
PHE01B4780_001   4.790  -5.944  -1.154
VAL01B4782_001   1.164  -0.052   1.113
ILE01B4783_001   2.076  -1.149   0.927
PHE01B4784_001   4.366  -6.537  -2.172
THR01B4785_001   0.180  -2.690  -2.510
ASP01B4786_001   0.295  -1.063  -0.769
ASP01B4786_002   0.295  -1.063  -0.769
ASP02B4786_003   0.340  -0.978  -0.637
ASP02B4786_004   0.340  -0.978  -0.637
ASP-1B4786_005   0.251  -0.978  -0.726
ASN01B4787_001   0.169  -3.174  -3.005
SER01B4788_001   0.000  -2.570  -2.570
SER01B4788_002   0.000  -2.570  -2.570
PHE01B4789_001   5.688  -1.854   3.834
LEU01B4790_001   1.781  -5.251  -3.470
TYR01B4791_001   5.229  -3.487   1.742
TYR01B4791_002   5.229  -3.487   1.742
TYR-1B4791_003   5.229  -3.487   1.742
LEU01B4792_001   1.290  -0.515   0.775
TRP01B4794_001   3.819  -8.274  -4.455
TYR01B4795_001   5.152  -0.051   5.102
TYR-1B4795_002   5.152  -0.051   5.102
MET01B4796_001   6.914  -1.159   5.755
VAL01B4797_001   0.614  -3.915  -3.301
MET01B4798_001   0.020  -0.683  -0.662
SER01B4799_001   0.000   0.000   0.000
SER01B4799_002   0.000   0.000   0.000
SER01B4799_003   0.000   0.000   0.000
LEU01B4800_001   2.244  -6.333  -4.088
LEU01B4801_001   1.717  -3.226  -1.509
HIS01B4803_001  -0.176  -3.132  -3.308
HIS01B4803_002  -0.132  -2.963  -3.095
HIS02B4803_003  -0.194  -3.132  -3.326
HIS02B4803_004  -0.145  -2.963  -3.108
HIS+1B4803_005  -0.221  -3.132  -3.353
HIS+1B4803_006  -0.172  -2.963  -3.135
TYR01B4804_001   4.226 -10.168  -5.942
TYR-1B4804_002   4.226 -10.168  -5.942
ASN01B4805_001   0.165  -1.730  -1.565
ASN01B4805_002   0.002  -1.635  -1.633
ASN01B4806_001   0.533  -1.841  -1.307
ASN01B4806_002   0.276  -1.737  -1.461
PHE01B4807_001   4.588 -11.621  -7.033
PHE01B4808_001   5.125  -3.605   1.520
PHE01B4809_001   4.296  -0.118   4.178
ALA01B4810_001   0.000  -1.510  -1.510
ALA01B4811_001   0.000  -1.185  -1.185
HIS01B4812_001  -0.081   0.000  -0.081
HIS02B4812_002  -0.101   0.000  -0.101
HIS+1B4812_003  -0.128   0.000  -0.128
LEU01B4813_001   4.122  -3.277   0.845
LEU01B4814_001   1.312  -8.065  -6.752
ASP01B4815_001   0.543  -0.107   0.436
ASP01B4815_002   0.543  -0.107   0.436
ASP02B4815_003   0.496  -0.141   0.354
ASP02B4815_004   0.496  -0.141   0.354
ASP-1B4815_005   0.427  -0.103   0.323
ILE01B4816_001   3.241  -0.670   2.571
ALA01B4817_001   0.000  -2.350  -2.350
MET01B4818_001   0.142  -5.615  -5.473
VAL01B4820_001   0.805  -2.885  -2.080
LYS01B4821_001   1.212  -8.991  -7.779
LYS+1B4821_002   1.148  -8.991  -7.843
THR01B4822_001   0.278  -4.115  -3.836
LEU01B4823_001   1.728  -4.224  -2.496
ARG01B4824_001   4.668  -6.226  -1.558
ARG02B4824_002   4.628  -6.226  -1.598
ARG03B4824_003   4.695  -6.226  -1.531
ARG+1B4824_004   4.588  -6.226  -1.638
THR01B4825_001   0.259  -4.930  -4.671
THR01B4825_002   0.259  -4.930  -4.671
ILE01B4826_001   2.127  -6.400  -4.273
LEU01B4827_001   2.496  -4.324  -1.828
SER01B4828_001   0.000  -1.387  -1.387
SER01B4828_002   0.000  -1.387  -1.387
SER01B4829_001   0.000  -0.120  -0.120
VAL01B4830_001   1.038  -3.638  -2.600
THR01B4831_001   0.284  -4.176  -3.893
THR01B4831_002   0.284  -4.176  -3.893
HIS01B4832_001  -0.152  -8.162  -8.313
HIS01B4832_002  -0.114  -8.495  -8.609
HIS02B4832_003  -0.170  -8.162  -8.331
HIS02B4832_004  -0.128  -8.495  -8.623
HIS+1B4832_005  -0.197  -8.162  -8.358
HIS+1B4832_006  -0.155  -8.495  -8.650
ASN01B4833_001   0.266  -1.029  -0.762
ASN01B4833_002   0.062  -1.166  -1.105
LYS01B4835_001   0.863  -9.610  -8.747
LYS+1B4835_002   0.814  -9.610  -8.795
GLN01B4836_001   0.900  -2.950  -2.050
GLN01B4836_002   0.708  -2.942  -2.234
LEU01B4837_001   3.270  -1.494   1.777
VAL01B4838_001   0.876  -5.112  -4.237
MET01B4839_001  -0.045  -8.129  -8.174
THR01B4840_001   0.239  -0.927  -0.689
THR01B4840_002   0.239  -0.927  -0.689
VAL01B4841_001   0.991  -4.343  -3.352
LEU01B4843_001   2.991  -5.235  -2.244
LEU01B4844_001   4.782  -2.914   1.869
ALA01B4845_001   0.000  -2.485  -2.485
VAL01B4846_001   0.819  -4.926  -4.106
VAL01B4847_001   0.809  -0.979  -0.169
VAL01B4848_001   1.363   0.000   1.363
TYR01B4849_001   5.046  -7.428  -2.382
TYR-1B4849_002   5.046  -7.428  -2.382
LEU01B4850_001   1.646  -6.587  -4.941
TYR01B4851_001   4.472  -2.022   2.450
TYR-1B4851_002   4.472  -2.022   2.450
THR01B4852_001   0.362   0.000   0.362
THR01B4852_002   0.362   0.000   0.362
THR01B4852_003   0.362   0.000   0.362
VAL01B4853_001   0.771  -2.952  -2.181
VAL01B4854_001   0.619  -2.299  -1.680
ALA01B4855_001   0.000  -0.341  -0.341
PHE01B4856_001   4.755  -2.375   2.380
ASN01B4857_001   0.517  -1.792  -1.274
ASN01B4857_002   0.273  -1.856  -1.583
PHE01B4858_001   4.531  -9.751  -5.220
PHE01B4859_001   4.744  -0.540   4.204
ARG01B4860_001   3.204  -7.351  -4.147
ARG02B4860_002   3.173  -7.351  -4.178
ARG03B4860_003   3.241  -7.351  -4.110
ARG+1B4860_004   3.128  -7.351  -4.223
LYS01B4861_001   3.249  -5.609  -2.360
LYS+1B4861_002   3.200  -5.609  -2.409
PHE01B4862_001   5.708  -0.859   4.849
TYR01B4863_001   5.048   0.000   5.048
TYR01B4863_002   5.048   0.000   5.048
TYR-1B4863_003   5.048   0.000   5.048
ASN01B4864_001   0.165  -1.142  -0.977
ASN01B4864_002   0.369  -1.029  -0.660
LYS01B4865_001   4.774  -1.963   2.810
LYS+1B4865_002   4.727  -1.963   2.764
SER01B4866_001   0.000  -3.535  -3.535
SER01B4866_002   0.000  -3.535  -3.535
GLU01B4867_001   2.448  -2.222   0.226
GLU01B4867_002   2.448  -2.222   0.226
GLU02B4867_003   2.029  -2.334  -0.305
GLU02B4867_004   2.029  -2.334  -0.305
GLU-1B4867_005   1.933  -2.208  -0.275
ASP01B4868_001   0.411  -3.541  -3.131
ASP01B4868_002   0.411  -3.541  -3.131
ASP02B4868_003   0.464  -3.584  -3.120
ASP02B4868_004   0.464  -3.584  -3.120
ASP-1B4868_005   0.355  -3.557  -3.202
GLU01B4869_001   1.908  -3.886  -1.978
GLU01B4869_002   1.908  -3.886  -1.978
GLU02B4869_003   1.595  -3.948  -2.352
GLU02B4869_004   1.595  -3.948  -2.352
GLU-1B4869_005   1.491  -3.707  -2.216
ASP01B4870_001   0.247  -2.934  -2.687
ASP01B4870_002   0.247  -2.934  -2.687
ASP02B4870_003   0.347  -3.077  -2.730
ASP02B4870_004   0.347  -3.077  -2.730
ASP-1B4870_005   0.234  -2.963  -2.730
GLU01B4871_001   3.603  -1.540   2.063
GLU01B4871_002   3.603  -1.540   2.063
GLU02B4871_003   2.907  -1.526   1.381
GLU02B4871_004   2.907  -1.526   1.381
GLU-1B4871_005   2.822  -1.460   1.362
CTR01B4871_001  -0.021  -0.888  -0.909
CTR01B4871_002   0.091  -0.869  -0.778
CTR02B4871_003  -0.022  -0.888  -0.910
CTR02B4871_004   0.035  -0.888  -0.853
CTR-1B4871_005   0.000  -0.888  -0.888
NTR01B4872_001  -0.002  -0.644  -0.646
NTR+1B4872_002  -0.004  -0.644  -0.647
PRO01B4872_001   0.292  -5.302  -5.011
ASP01B4873_001   0.092  -1.605  -1.514
ASP01B4873_002   0.092  -1.605  -1.514
ASP02B4873_003   0.169  -1.678  -1.509
ASP02B4873_004   0.169  -1.678  -1.509
ASP-1B4873_005   0.088  -1.602  -1.514
MET01B4874_001   1.769  -1.623   0.146
LYS01B4875_001   3.302  -1.568   1.734
LYS+1B4875_002   3.252  -1.568   1.684
CYS01B4876_001  -0.002   0.000  -0.002
CYS01B4876_002  -0.002   0.000  -0.002
CYS01B4876_003  -0.003   0.000  -0.003
CYS-1B4876_004   0.000   0.000   0.000
ASP01B4877_001   0.102  -1.805  -1.702
ASP01B4877_002   0.102  -1.805  -1.702
ASP02B4877_003   0.177  -1.954  -1.777
ASP02B4877_004   0.177  -1.954  -1.777
ASP-1B4877_005   0.096  -1.804  -1.708
ASP01B4878_001  -0.040  -2.131  -2.171
ASP01B4878_002  -0.040  -2.131  -2.171
ASP02B4878_003  -0.009  -2.208  -2.217
ASP02B4878_004  -0.009  -2.208  -2.217
ASP-1B4878_005  -0.040  -2.131  -2.171
MET01B4879_001   0.115  -4.170  -4.055
MET01B4880_001   1.231  -9.742  -8.510
THR01B4881_001   0.222  -2.165  -1.942
THR01B4881_002   0.222  -2.165  -1.942
THR01B4881_003   0.222  -2.165  -1.942
CYS01B4882_001  -0.002   0.000  -0.002
CYS01B4882_002  -0.002   0.000  -0.002
CYS01B4882_003  -0.003   0.000  -0.003
CYS-1B4882_004   0.000   0.000   0.000
TYR01B4883_001   5.481  -2.242   3.239
TYR01B4883_002   5.481  -2.242   3.239
TYR-1B4883_003   5.481  -2.242   3.239
LEU01B4884_001   2.297  -6.777  -4.480
PHE01B4885_001   5.458  -0.404   5.054
HIS01B4886_001  -0.122  -0.094  -0.216
HIS01B4886_002  -0.071   0.000  -0.071
HIS02B4886_003  -0.141  -0.094  -0.235
HIS02B4886_004  -0.085   0.000  -0.085
HIS+1B4886_005  -0.168  -0.094  -0.262
HIS+1B4886_006  -0.111   0.000  -0.111
MET01B4887_001   1.855  -3.399  -1.544
TYR01B4888_001   5.113  -7.996  -2.883
TYR-1B4888_002   5.113  -7.996  -2.883
VAL01B4889_001   0.826  -1.030  -0.204
VAL01B4891_001   1.006  -0.515   0.491
ARG01B4892_001  10.120  -7.664   2.457
ARG02B4892_002  10.050  -7.664   2.387
ARG03B4892_003  10.142  -7.664   2.479
ARG+1B4892_004  10.010  -7.664   2.346
ALA01B4893_001   0.000  -0.103  -0.103
ILE01B4897_001   1.407  -0.206   1.201
ASP01B4899_001   0.177  -2.056  -1.878
ASP01B4899_002   0.177  -2.056  -1.878
ASP02B4899_003   0.273  -2.141  -1.869
ASP02B4899_004   0.273  -2.141  -1.869
ASP-1B4899_005   0.170  -2.063  -1.893
GLU01B4900_001   2.463  -0.934   1.529
GLU01B4900_002   2.463  -0.934   1.529
GLU02B4900_003   1.979  -0.943   1.036
GLU02B4900_004   1.979  -0.943   1.036
GLU-1B4900_005   1.913  -0.934   0.979
ILE01B4901_001   6.447  -0.412   6.035
GLU01B4902_001   2.324  -2.016   0.308
GLU01B4902_002   2.324  -2.016   0.308
GLU02B4902_003   1.852  -2.029  -0.177
GLU02B4902_004   1.852  -2.029  -0.177
GLU-1B4902_005   1.780  -1.985  -0.206
ASP01B4903_001   0.090  -3.097  -3.007
ASP01B4903_002   0.090  -3.097  -3.007
ASP02B4903_003   0.167  -3.056  -2.889
ASP02B4903_004   0.167  -3.056  -2.889
ASP-1B4903_005   0.087  -2.975  -2.889
PRO01B4904_001   0.309  -1.336  -1.027
ALA01B4905_001   0.000  -3.020  -3.020
ASP01B4907_001  -0.040  -3.027  -3.068
ASP01B4907_002  -0.040  -3.027  -3.068
ASP02B4907_003  -0.009  -3.106  -3.115
ASP02B4907_004  -0.009  -3.106  -3.115
ASP-1B4907_005  -0.041  -2.966  -3.007
GLU01B4908_001   0.499  -2.889  -2.389
GLU01B4908_002   0.499  -2.889  -2.389
GLU02B4908_003   0.666  -2.821  -2.155
GLU02B4908_004   0.666  -2.821  -2.155
GLU-1B4908_005   0.468  -2.674  -2.207
TYR01B4909_001   4.286  -8.540  -4.254
TYR-1B4909_002   4.286  -8.540  -4.254
GLU01B4910_001   0.498  -1.698  -1.200
GLU01B4910_002   0.498  -1.698  -1.200
GLU02B4910_003   0.664  -1.878  -1.214
GLU02B4910_004   0.664  -1.878  -1.214
GLU-1B4910_005   0.467  -1.714  -1.247
LEU01B4911_001   3.182  -8.274  -5.092
TYR01B4912_001   4.695  -8.613  -3.918
TYR01B4912_002   4.695  -8.613  -3.918
TYR-1B4912_003   4.695  -8.613  -3.918
ARG01B4913_001   6.121  -0.707   5.414
ARG02B4913_002   6.090  -0.707   5.383
ARG03B4913_003   6.092  -0.707   5.385
ARG+1B4913_004   6.047  -0.707   5.340
VAL01B4914_001   0.752  -3.915  -3.163
VAL01B4915_001   0.714  -4.118  -3.404
PHE01B4916_001   5.088  -1.317   3.770
ASP01B4917_001   0.419  -0.452  -0.033
ASP01B4917_002   0.419  -0.452  -0.033
ASP02B4917_003   0.481  -0.522  -0.041
ASP02B4917_004   0.481  -0.522  -0.041
ASP-1B4917_005   0.367  -0.478  -0.111
ILE01B4918_001   1.350  -4.411  -3.060
THR01B4919_001   0.208  -3.293  -3.085
THR01B4919_002   0.208  -3.293  -3.085
PHE01B4920_001   4.991   0.000   4.991
PHE01B4921_001   5.465  -2.038   3.427
PHE01B4922_001   5.072  -5.942  -0.869
PHE01B4923_001   4.996  -8.873  -3.877
VAL01B4924_001   1.155  -0.052   1.103
ILE01B4925_001   2.958  -0.206   2.752
VAL01B4926_001   0.662  -4.565  -3.903
ILE01B4927_001   2.209  -5.061  -2.852
LEU01B4928_001   1.894  -0.721   1.173
LEU01B4929_001   2.717  -5.267  -2.550
ALA01B4930_001   0.000  -3.036  -3.036
ILE01B4931_001   2.200  -4.153  -1.953
ILE01B4932_001   4.852  -3.036   1.816
GLN01B4933_001   3.616  -2.869   0.747
LEU01B4935_001   3.636  -1.854   1.781
ILE01B4936_001   3.432  -1.906   1.526
ILE01B4937_001   1.850  -6.555  -4.705
ASP01B4938_001   0.422  -2.955  -2.533
ASP01B4938_002   0.422  -2.955  -2.533
ASP02B4938_003   0.463  -2.975  -2.512
ASP02B4938_004   0.463  -2.975  -2.512
ASP-1B4938_005   0.360  -2.886  -2.526
ALA01B4939_001   0.000  -0.206  -0.206
PHE01B4940_001   5.497  -1.905   3.592
GLU01B4942_001   4.437  -1.731   2.706
GLU01B4942_002   4.437  -1.731   2.706
GLU02B4942_003   3.565  -1.735   1.830
GLU02B4942_004   3.565  -1.735   1.830
GLU-1B4942_005   3.488  -1.748   1.740
LEU01B4943_001   2.153  -2.730  -0.577
ARG01B4944_001   2.944  -9.761  -6.817
ARG02B4944_002   2.980  -9.761  -6.781
ARG03B4944_003   2.920  -9.761  -6.841
ARG+1B4944_004   2.881  -9.761  -6.880
ASP01B4945_001   0.059  -2.409  -2.351
ASP01B4945_002   0.059  -2.409  -2.351
ASP02B4945_003   0.126  -2.576  -2.450
ASP02B4945_004   0.126  -2.576  -2.450
ASP-1B4945_005   0.056  -2.412  -2.356
GLN01B4946_001   0.962  -1.452  -0.490
GLN01B4946_002   0.811  -1.285  -0.474
GLN01B4947_001   1.475  -1.921  -0.446
GLN01B4947_002   2.037  -1.888   0.150
GLU01B4948_001   4.572  -2.457   2.115
GLU01B4948_002   4.572  -2.457   2.115
GLU02B4948_003   3.672  -2.454   1.218
GLU02B4948_004   3.672  -2.454   1.218
GLU-1B4948_005   3.594  -2.368   1.225
GLN01B4949_001   1.583  -2.286  -0.702
GLN01B4949_002   2.098  -2.158  -0.061
VAL01B4950_001   0.736  -0.773  -0.037
LYS01B4951_001   4.880  -8.026  -3.146
LYS+1B4951_002   4.933  -8.026  -3.093
GLU01B4952_001   4.081  -2.464   1.617
GLU01B4952_002   4.081  -2.464   1.617
GLU02B4952_003   3.277  -2.477   0.801
GLU02B4952_004   3.277  -2.477   0.801
GLU-1B4952_005   3.207  -2.441   0.766
ASP01B4953_001   0.524  -0.688  -0.164
ASP01B4953_002   0.524  -0.688  -0.164
ASP02B4953_003   0.572  -0.655  -0.082
ASP02B4953_004   0.572  -0.655  -0.082
ASP-1B4953_005   0.452  -0.655  -0.203
MET01B4954_001   0.113  -3.048  -2.936
GLU01B4955_001   0.499  -3.364  -2.865
GLU01B4955_002   0.499  -3.364  -2.865
GLU02B4955_003   0.665  -3.307  -2.642
GLU02B4955_004   0.665  -3.307  -2.642
GLU-1B4955_005   0.468  -3.269  -2.801
THR01B4956_001   0.392  -2.178  -1.787
THR01B4956_002   0.392  -2.178  -1.787
THR01B4956_003   0.392  -2.178  -1.787
LYS01B4957_001   1.821  -2.791  -0.971
LYS+1B4957_002   1.773  -2.791  -1.019
CYS01B4958_001  -0.002   0.000  -0.002
CYS01B4958_002  -0.002   0.000  -0.002
CYS01B4958_003  -0.002   0.000  -0.002
CYS-1B4958_004   0.000   0.000   0.000
PHE01B4959_001   6.058   0.000   6.058
ILE01B4960_001   3.103   0.000   3.103
CYS01B4961_001  -0.002   0.000  -0.002
CYS01B4961_002  -0.002   0.000  -0.002
CYS01B4961_003  -0.003   0.000  -0.003
CYS-1B4961_004   0.000   0.000   0.000
ILE01B4963_001   2.926  -1.597   1.330
SER01B4965_001   0.000  -0.722  -0.722
ASP01B4966_001   0.140  -3.516  -3.377
ASP01B4966_002   0.140  -3.516  -3.377
ASP02B4966_003   0.230  -3.633  -3.403
ASP02B4966_004   0.230  -3.633  -3.403
ASP-1B4966_005   0.135  -3.493  -3.358
TYR01B4967_001   5.493  -3.930   1.563
TYR01B4967_002   5.493  -3.930   1.563
TYR-1B4967_003   5.493  -3.930   1.563
PHE01B4968_001   7.276   0.000   7.276
ASP01B4969_001   0.285  -0.837  -0.552
ASP01B4969_002   0.285  -0.837  -0.552
ASP02B4969_003   0.396  -0.903  -0.507
ASP02B4969_004   0.396  -0.903  -0.507
ASP-1B4969_005   0.271  -0.835  -0.564
THR01B4970_001   0.306  -5.084  -4.778
THR01B4971_001   0.216  -3.962  -3.746
THR01B4971_002   0.216  -3.962  -3.746
PRO01B4972_001   0.346  -5.945  -5.599
HIS01B4973_001  -0.079  -7.117  -7.196
HIS01B4973_002  -0.017  -7.157  -7.174
HIS02B4973_003  -0.100  -7.117  -7.217
HIS02B4973_004  -0.029  -7.157  -7.186
HIS+1B4973_005  -0.127  -7.117  -7.244
HIS+1B4973_006  -0.056  -7.157  -7.213
PHE01B4975_001   5.802  -1.010   4.791
GLU01B4976_001   0.992  -1.746  -0.754
GLU01B4976_002   0.992  -1.746  -0.754
GLU02B4976_003   0.805  -1.777  -0.973
GLU02B4976_004   0.805  -1.777  -0.973
GLU-1B4976_005   0.739  -1.636  -0.897
THR01B4977_001   0.247  -3.430  -3.183
THR01B4977_002   0.247  -3.430  -3.183
HIS01B4978_001  -0.170   0.000  -0.170
HIS02B4978_002  -0.187   0.000  -0.187
HIS+1B4978_003  -0.214   0.000  -0.214
THR01B4979_001   0.217  -1.725  -1.507
THR01B4979_002   0.217  -1.725  -1.507
LEU01B4980_001   2.686  -6.693  -4.007
GLU01B4981_001   3.267  -0.706   2.561
GLU01B4981_002   3.267  -0.706   2.561
GLU02B4981_003   2.661  -0.620   2.041
GLU02B4981_004   2.661  -0.620   2.041
GLU-1B4981_005   2.563  -0.620   1.943
GLU01B4982_001   3.766  -0.379   3.387
GLU01B4982_002   3.766  -0.379   3.387
GLU02B4982_003   2.999  -0.435   2.564
GLU02B4982_004   2.999  -0.435   2.564
GLU-1B4982_005   2.937  -0.379   2.558
HIS01B4983_001  -0.240   0.000  -0.240
HIS02B4983_002  -0.260   0.000  -0.260
HIS+1B4983_003  -0.288   0.000  -0.288
ASN01B4984_001  -0.008  -1.442  -1.450
ASN01B4984_002   0.154  -1.378  -1.224
LEU01B4985_001  10.444  -2.180   8.265
ALA01B4986_001   0.000  -0.496  -0.496
ASN01B4987_001   0.351  -0.335   0.017
ASN01B4987_002   0.129  -0.413  -0.284
TYR01B4988_001   6.022  -0.562   5.461
TYR-1B4988_002   6.022  -0.562   5.461
MET01B4989_001   0.045   0.000   0.045
PHE01B4990_001   4.901  -0.657   4.244
PHE01B4991_001   5.530  -0.361   5.169
LEU01B4992_001   3.670  -0.824   2.846
MET01B4993_001   0.180  -0.640  -0.460
TYR01B4994_001   5.051  -2.078   2.973
TYR01B4994_002   5.051  -2.078   2.973
TYR-1B4994_003   5.051  -2.078   2.973
LEU01B4995_001   3.675  -0.361   3.314
ILE01B4996_001   3.648  -2.814   0.834
ASN01B4997_001   0.549  -1.879  -1.329
ASN01B4997_002   0.265  -1.775  -1.510
LYS01B4998_001   0.615  -1.817  -1.203
LYS+1B4998_002   0.575  -1.817  -1.243
ASP01B4999_001   0.203  -2.628  -2.426
ASP01B4999_002   0.203  -2.628  -2.426
ASP02B4999_003   0.293  -2.711  -2.418
ASP02B4999_004   0.293  -2.711  -2.418
ASP-1B4999_005   0.190  -2.619  -2.429
GLU01B5000_001   4.262  -2.718   1.545
GLU01B5000_002   4.262  -2.718   1.545
GLU02B5000_003   3.386  -2.671   0.715
GLU02B5000_004   3.386  -2.671   0.715
GLU-1B5000_005   3.332  -2.644   0.688
THR01B5001_001   0.213  -3.143  -2.930
THR01B5001_002   0.213  -3.143  -2.930
GLU01B5002_001   1.695  -2.034  -0.338
GLU01B5002_002   1.695  -2.034  -0.338
GLU02B5002_003   1.439  -2.051  -0.611
GLU02B5002_004   1.439  -2.051  -0.611
GLU-1B5002_005   1.324  -2.050  -0.726
HIS01B5003_001  -0.184  -0.231  -0.415
HIS01B5003_002  -0.139  -0.244  -0.383
HIS02B5003_003  -0.202  -0.231  -0.433
HIS02B5003_004  -0.153  -0.244  -0.397
HIS+1B5003_005  -0.228  -0.231  -0.460
HIS+1B5003_006  -0.179  -0.244  -0.423
THR01B5004_001   0.226  -1.748  -1.522
THR01B5004_002   0.226  -1.748  -1.522
THR01B5004_003   0.226  -1.748  -1.522
GLN01B5006_001   4.524  -0.546   3.977
GLN01B5006_002   7.639  -0.608   7.031
GLU01B5007_001   2.999  -0.640   2.359
GLU01B5007_002   2.999  -0.640   2.359
GLU02B5007_003   2.400  -0.542   1.858
GLU02B5007_004   2.400  -0.542   1.858
GLU-1B5007_005   2.330  -0.564   1.766
SER01B5008_001   0.000  -1.861  -1.861
SER01B5008_002   0.000  -1.861  -1.861
TYR01B5009_001   6.090  -2.810   3.280
TYR-1B5009_002   6.090  -2.810   3.280
VAL01B5010_001   0.571  -1.082  -0.510
TRP01B5011_001   3.733  -2.652   1.081
LYS01B5012_001   2.709  -7.308  -4.599
LYS+1B5012_002   2.627  -7.308  -4.681
MET01B5013_001   0.140  -1.922  -1.782
TYR01B5014_001   4.249  -0.296   3.952
TYR01B5014_002   4.249  -0.296   3.952
TYR-1B5014_003   4.249  -0.296   3.952
GLN01B5015_001   0.970  -1.353  -0.383
GLN01B5015_002   0.866  -1.311  -0.444
GLU01B5016_001   1.208  -2.621  -1.413
GLU01B5016_002   1.208  -2.621  -1.413
GLU02B5016_003   1.081  -2.775  -1.694
GLU02B5016_004   1.081  -2.775  -1.694
GLU-1B5016_005   0.954  -2.649  -1.694
ARG01B5017_001   6.177  -1.465   4.712
ARG02B5017_002   6.095  -1.465   4.631
ARG03B5017_003   6.094  -1.465   4.629
ARG03B5017_004   6.155  -1.465   4.690
ARG+1B5017_005   6.049  -1.465   4.585
CYS01B5018_001  -0.002  -1.907  -1.908
CYS01B5018_002  -0.002  -1.907  -1.908
CYS01B5018_003  -0.002  -1.907  -1.909
CYS-1B5018_004   0.000  -1.907  -1.907
TRP01B5019_001   3.806  -1.937   1.869
ASP01B5020_001   0.632  -2.852  -2.220
ASP01B5020_002   0.632  -2.852  -2.220
ASP02B5020_003   0.688  -2.737  -2.049
ASP02B5020_004   0.688  -2.737  -2.049
ASP-1B5020_005   0.549  -2.722  -2.173
PHE01B5021_001   5.790  -0.253   5.538
PHE01B5022_001   6.144  -0.358   5.786
PRO01B5023_001   0.386   0.000   0.386
ALA01B5024_001   0.000  -3.139  -3.139
ASP01B5026_001   0.219  -0.870  -0.651
ASP01B5026_002   0.219  -0.870  -0.651
ASP02B5026_003   0.331  -0.898  -0.566
ASP02B5026_004   0.331  -0.898  -0.566
ASP-1B5026_005   0.215  -0.870  -0.654
CYS01B5027_001  -0.002   0.000  -0.002
CYS01B5027_002  -0.002   0.000  -0.002
CYS01B5027_003  -0.003   0.000  -0.003
CYS-1B5027_004   0.000   0.000   0.000
PHE01B5028_001   5.823  -1.179   4.644
ARG01B5029_001   2.616  -3.293  -0.677
ARG02B5029_002   2.542  -3.293  -0.750
ARG03B5029_003   2.548  -3.293  -0.745
ARG03B5029_004   2.609  -3.293  -0.684
ARG+1B5029_005   2.503  -3.293  -0.789
LYS01B5030_001   6.473  -4.346   2.127
LYS+1B5030_002   6.407  -4.346   2.062
GLN01B5031_001   0.913  -1.226  -0.312
GLN01B5031_002   0.788  -1.270  -0.482
TYR01B5032_001   4.773  -1.026   3.747
TYR-1B5032_002   4.773  -1.026   3.747
GLU01B5033_001   6.550  -1.654   4.897
GLU01B5033_002   6.550  -1.654   4.897
GLU02B5033_003   5.247  -1.640   3.607
GLU02B5033_004   5.247  -1.640   3.607
GLU-1B5033_005   5.179  -1.576   3.602
ASP01B5034_001  -0.040  -2.969  -3.009
ASP01B5034_002  -0.040  -2.969  -3.009
ASP02B5034_003  -0.009  -3.106  -3.115
ASP02B5034_004  -0.009  -3.106  -3.115
ASP-1B5034_005  -0.040  -3.010  -3.050
GLN01B5035_001   0.714  -1.678  -0.964
LEU01B5036_001   1.907  -2.762  -0.856
SER01B5037_001   0.000  -3.774  -3.774
SER01B5037_002   0.000  -3.774  -3.774
CTR01B5037_001  -0.021  -2.442  -2.463
CTR01B5037_002   0.111  -2.712  -2.602
CTR02B5037_003  -0.022  -2.442  -2.464
CTR02B5037_004   0.042  -2.693  -2.651
CTR-1B5037_005   0.000  -2.442  -2.442
_ZN+2B5101_001   0.000   0.000   0.000
_CA+2B5102_001   0.000  -0.338  -0.338
