   confID        vdw0    sas     sum
NTR01B3639_001  -0.003  -3.190  -3.193
NTR+1B3639_002  -0.005  -3.190  -3.195
THR01B3639_001   0.173  -4.382  -4.209
PRO01B3640_001   0.313  -2.696  -2.383
LEU01B3641_001   2.041  -9.233  -7.192
TYR01B3642_001   4.873 -10.987  -6.114
TYR-1B3642_002   4.873 -10.987  -6.114
ASN01B3643_001   0.380  -2.364  -1.984
LEU01B3644_001   1.543  -2.865  -1.322
PRO01B3645_001   0.261  -3.420  -3.158
THR01B3646_001   0.263  -7.336  -7.073
HIS01B3647_001  -0.160  -8.806  -8.967
HIS01B3647_002  -0.118  -8.741  -8.859
HIS02B3647_003  -0.179  -8.806  -8.985
HIS02B3647_004  -0.131  -8.741  -8.872
HIS+1B3647_005  -0.206  -8.806  -9.012
HIS+1B3647_006  -0.158  -8.741  -8.898
ARG01B3648_001   2.422  -8.083  -5.661
ARG02B3648_002   2.402  -8.083  -5.681
ARG03B3648_003   2.406  -8.083  -5.676
ARG+1B3648_004   2.359  -8.083  -5.724
ALA01B3649_001   0.000  -0.840  -0.840
CYS01B3650_001  -0.002  -3.838  -3.840
CYS01B3650_002  -0.002  -3.838  -3.840
CYS01B3650_003  -0.002  -3.838  -3.840
CYS-1B3650_004   0.000  -3.838  -3.838
ASN01B3651_001   0.505  -2.813  -2.308
ASN01B3651_002   0.251  -2.779  -2.527
MET01B3652_001   0.351  -6.519  -6.168
PHE01B3653_001   4.915  -8.409  -3.494
LEU01B3654_001   2.385  -6.880  -4.495
GLU01B3655_001   1.709  -3.382  -1.673
GLU01B3655_002   1.709  -3.382  -1.673
GLU02B3655_003   1.419  -3.324  -1.905
GLU02B3655_004   1.419  -3.324  -1.905
GLU-1B3655_005   1.322  -3.307  -1.984
SER01B3656_001   0.000  -3.336  -3.336
TYR01B3657_001   5.121  -6.117  -0.996
TYR01B3657_002   5.121  -6.117  -0.996
TYR-1B3657_003   5.121  -6.117  -0.996
LYS01B3658_001   2.721  -7.994  -5.273
LYS+1B3658_002   2.674  -7.994  -5.320
ALA01B3659_001   0.000  -4.926  -4.926
ALA01B3660_001   0.000  -2.524  -2.524
TRP01B3661_001   3.111  -4.207  -1.096
ILE01B3662_001   1.968 -10.209  -8.240
LEU01B3663_001   2.015  -5.389  -3.375
THR01B3664_001   0.162  -4.905  -4.743
GLU01B3665_001   1.814  -3.650  -1.837
GLU01B3665_002   1.814  -3.650  -1.837
GLU02B3665_003   1.489  -3.541  -2.052
GLU02B3665_004   1.489  -3.541  -2.052
GLU-1B3665_005   1.401  -3.530  -2.128
ASP01B3666_001   0.524  -1.638  -1.114
ASP01B3666_002   0.524  -1.638  -1.114
ASP02B3666_003   0.563  -1.754  -1.191
ASP02B3666_004   0.563  -1.754  -1.191
ASP-1B3666_005   0.448  -1.671  -1.223
HIS01B3667_001  -0.142  -4.953  -5.096
HIS01B3667_002  -0.088  -4.611  -4.700
HIS02B3667_003  -0.162  -4.953  -5.115
HIS02B3667_004  -0.100  -4.611  -4.712
HIS+1B3667_005  -0.189  -4.953  -5.142
HIS+1B3667_006  -0.127  -4.611  -4.738
SER01B3668_001   0.000  -3.269  -3.269
SER01B3668_002   0.000  -3.269  -3.269
PHE01B3669_001   4.600  -5.962  -1.362
GLU01B3670_001   0.907  -0.276   0.632
GLU01B3670_002   0.907  -0.276   0.632
GLU02B3670_003   0.808  -0.290   0.518
GLU02B3670_004   0.808  -0.290   0.518
GLU-1B3670_005   0.712  -0.276   0.436
ASP01B3671_001   0.084  -1.384  -1.300
ASP01B3671_002   0.084  -1.384  -1.300
ASP02B3671_003   0.157  -1.480  -1.323
ASP02B3671_004   0.157  -1.480  -1.323
ASP-1B3671_005   0.079  -1.413  -1.333
ARG01B3672_001   8.135 -10.320  -2.186
ARG02B3672_002   8.159 -10.320  -2.161
ARG03B3672_003   8.066 -10.320  -2.254
ARG+1B3672_004   8.026 -10.320  -2.295
MET01B3673_001   0.191  -3.426  -3.235
ILE01B3674_001   4.606  -0.206   4.400
ASP01B3675_001   0.265  -1.248  -0.983
ASP01B3675_002   0.265  -1.248  -0.983
ASP02B3675_003   0.377  -1.268  -0.891
ASP02B3675_004   0.377  -1.268  -0.891
ASP-1B3675_005   0.254  -1.197  -0.943
ASP01B3676_001   0.038  -1.360  -1.322
ASP01B3676_002   0.038  -1.360  -1.322
ASP02B3676_003   0.096  -1.487  -1.391
ASP02B3676_004   0.096  -1.487  -1.391
ASP-1B3676_005   0.034  -1.360  -1.326
LEU01B3677_001   1.974  -2.949  -0.975
SER01B3678_001   0.000  -0.782  -0.782
SER01B3678_002   0.000  -0.782  -0.782
LYS01B3679_001   2.144  -7.366  -5.221
LYS+1B3679_002   2.065  -7.366  -5.301
ALA01B3680_001   0.000  -3.397  -3.397
GLU01B3682_001   0.499  -3.226  -2.727
GLU01B3682_002   0.499  -3.226  -2.727
GLU02B3682_003   0.666  -3.263  -2.598
GLU02B3682_004   0.666  -3.263  -2.598
GLU-1B3682_005   0.468  -3.131  -2.663
GLN01B3683_001   0.455  -0.987  -0.532
GLU01B3684_001   0.499  -4.007  -3.508
GLU01B3684_002   0.499  -4.007  -3.508
GLU02B3684_003   0.665  -3.982  -3.317
GLU02B3684_004   0.665  -3.982  -3.317
GLU-1B3684_005   0.467  -3.953  -3.486
GLU01B3685_001   0.499  -4.082  -3.583
GLU01B3685_002   0.499  -4.082  -3.583
GLU02B3685_003   0.666  -4.101  -3.436
GLU02B3685_004   0.666  -4.101  -3.436
GLU-1B3685_005   0.468  -4.014  -3.546
GLU01B3686_001   0.498  -2.790  -2.292
GLU01B3686_002   0.498  -2.790  -2.292
GLU02B3686_003   0.664  -2.873  -2.209
GLU02B3686_004   0.664  -2.873  -2.209
GLU-1B3686_005   0.466  -2.799  -2.333
GLU01B3687_001   0.498  -2.317  -1.819
GLU01B3687_002   0.498  -2.317  -1.819
GLU02B3687_003   0.665  -2.387  -1.723
GLU02B3687_004   0.665  -2.387  -1.723
GLU-1B3687_005   0.467  -2.309  -1.842
GLU01B3688_001   0.499  -4.104  -3.605
GLU01B3688_002   0.499  -4.104  -3.605
GLU02B3688_003   0.665  -4.068  -3.403
GLU02B3688_004   0.665  -4.068  -3.403
GLU-1B3688_005   0.468  -4.009  -3.541
GLU01B3689_001   0.500  -4.242  -3.742
GLU01B3689_002   0.500  -4.242  -3.742
GLU02B3689_003   0.667  -4.226  -3.559
GLU02B3689_004   0.667  -4.226  -3.559
GLU-1B3689_005   0.469  -4.134  -3.665
VAL01B3690_001   0.502  -3.087  -2.586
GLU01B3691_001   0.498  -4.349  -3.851
GLU01B3691_002   0.498  -4.349  -3.851
GLU02B3691_003   0.665  -4.268  -3.604
GLU02B3691_004   0.665  -4.268  -3.604
GLU-1B3691_005   0.467  -4.207  -3.740
GLU01B3692_001   0.498  -3.369  -2.871
GLU01B3692_002   0.498  -3.369  -2.871
GLU02B3692_003   0.665  -3.458  -2.794
GLU02B3692_004   0.665  -3.458  -2.794
GLU-1B3692_005   0.467  -3.398  -2.931
LYS01B3693_001   3.789  -6.927  -3.138
LYS+1B3693_002   3.695  -6.927  -3.232
LYS01B3694_001   1.104  -5.760  -4.656
LYS+1B3694_002   1.031  -5.760  -4.729
PRO01B3695_001   0.288  -2.179  -1.891
ASP01B3696_001   0.247  -0.489  -0.243
ASP01B3696_002   0.247  -0.489  -0.243
ASP02B3696_003   0.344  -0.500  -0.156
ASP02B3696_004   0.344  -0.500  -0.156
ASP-1B3696_005   0.232  -0.482  -0.250
PRO01B3697_001   0.294  -3.004  -2.709
LEU01B3698_001   2.225  -0.206   2.019
HIS01B3699_001  -0.126  -2.241  -2.367
HIS01B3699_002  -0.082  -2.373  -2.455
HIS02B3699_003  -0.145  -2.241  -2.386
HIS02B3699_004  -0.095  -2.373  -2.469
HIS+1B3699_005  -0.172  -2.241  -2.413
HIS+1B3699_006  -0.122  -2.373  -2.495
GLN01B3700_001   1.420  -2.198  -0.778
GLN01B3700_002   2.289  -2.249   0.040
LEU01B3701_001   3.384  -1.906   1.478
VAL01B3702_001   0.717   0.000   0.717
LEU01B3703_001   2.290  -4.462  -2.173
HIS01B3704_001  -0.140  -6.560  -6.700
HIS01B3704_002  -0.096  -6.811  -6.908
HIS02B3704_003  -0.159  -6.560  -6.719
HIS02B3704_004  -0.109  -6.811  -6.921
HIS+1B3704_005  -0.186  -6.560  -6.746
HIS+1B3704_006  -0.136  -6.811  -6.947
PHE01B3705_001   4.931   0.000   4.931
SER01B3706_001   0.000  -1.047  -1.047
ARG01B3707_001   2.756 -10.802  -8.046
ARG02B3707_002   2.741 -10.802  -8.061
ARG03B3707_003   2.732 -10.802  -8.070
ARG+1B3707_004   2.692 -10.802  -8.110
THR01B3708_001   0.337  -2.216  -1.879
ALA01B3709_001   0.000   0.000   0.000
LEU01B3710_001   2.015  -6.127  -4.111
THR01B3711_001   0.196  -4.805  -4.609
GLU01B3712_001   4.028  -4.246  -0.218
GLU01B3712_002   4.028  -4.246  -0.218
GLU02B3712_003   3.298  -4.059  -0.760
GLU02B3712_004   3.298  -4.059  -0.760
GLU-1B3712_005   3.219  -4.090  -0.871
LYS01B3713_001   2.551  -4.311  -1.760
LYS+1B3713_002   2.500  -4.311  -1.811
SER01B3714_001   0.000  -4.822  -4.822
SER01B3714_002   0.000  -4.822  -4.822
LYS01B3715_001   3.397  -8.426  -5.029
LYS+1B3715_002   3.347  -8.426  -5.079
LEU01B3716_001   2.569  -0.979   1.591
ASP01B3717_001   0.177  -2.328  -2.150
ASP01B3717_002   0.177  -2.328  -2.150
ASP02B3717_003   0.264  -2.311  -2.047
ASP02B3717_004   0.264  -2.311  -2.047
ASP-1B3717_005   0.168  -2.291  -2.124
GLU01B3718_001   1.669  -2.904  -1.236
GLU01B3718_002   1.669  -2.904  -1.236
GLU02B3718_003   1.384  -2.982  -1.598
GLU02B3718_004   1.384  -2.982  -1.598
GLU-1B3718_005   1.289  -2.867  -1.578
ASP01B3719_001   0.040  -0.908  -0.867
ASP01B3719_002   0.040  -0.908  -0.867
ASP02B3719_003   0.100  -0.850  -0.750
ASP02B3719_004   0.100  -0.850  -0.750
ASP-1B3719_005   0.036  -0.840  -0.803
TYR01B3720_001   4.251 -11.744  -7.493
TYR-1B3720_002   4.251 -11.744  -7.493
LEU01B3721_001   4.831  -5.834  -1.003
TYR01B3722_001   5.043   0.000   5.043
TYR-1B3722_002   5.043   0.000   5.043
MET01B3723_001   0.132  -1.338  -1.207
ALA01B3724_001   0.000  -1.748  -1.748
TYR01B3725_001   4.738  -2.960   1.778
TYR-1B3725_002   4.738  -2.960   1.778
ALA01B3726_001   0.000   0.000   0.000
ASP01B3727_001   0.079  -1.733  -1.655
ASP01B3727_002   0.079  -1.733  -1.655
ASP02B3727_003   0.151  -1.873  -1.722
ASP02B3727_004   0.151  -1.873  -1.722
ASP-1B3727_005   0.075  -1.723  -1.648
ILE01B3728_001   2.480  -0.721   1.759
MET01B3729_001   0.190  -0.144   0.046
ALA01B3730_001   0.000  -0.258  -0.258
LYS01B3731_001   5.580  -4.394   1.186
LYS+1B3731_002   5.497  -4.394   1.103
SER01B3732_001   0.000  -0.060  -0.060
SER01B3732_002   0.000  -0.060  -0.060
CYS01B3733_001  -0.002   0.000  -0.002
CYS01B3733_002  -0.002   0.000  -0.002
CYS01B3733_003  -0.002   0.000  -0.002
CYS-1B3733_004   0.000   0.000   0.000
HIS01B3734_001  -0.354  -2.043  -2.396
HIS01B3734_002  -0.345  -1.866  -2.211
HIS02B3734_003  -0.363  -2.043  -2.405
HIS02B3734_004  -0.355  -1.866  -2.222
HIS+1B3734_005  -0.382  -2.043  -2.425
HIS+1B3734_006  -0.375  -1.866  -2.241
LEU01B3735_001   1.456  -0.979   0.477
GLU01B3736_001   0.500  -0.138   0.362
GLU01B3736_002   0.500  -0.138   0.362
GLU02B3736_003   0.667  -0.145   0.522
GLU02B3736_004   0.667  -0.145   0.522
GLU-1B3736_005   0.469  -0.138   0.331
GLU01B3737_001   0.497  -0.979  -0.481
GLU01B3737_002   0.497  -0.979  -0.481
GLU02B3737_003   0.663  -0.936  -0.273
GLU02B3737_004   0.663  -0.936  -0.273
GLU-1B3737_005   0.466  -0.934  -0.469
GLU01B3740_001   0.498  -0.859  -0.361
GLU01B3740_002   0.498  -0.859  -0.361
GLU02B3740_003   0.664  -0.818  -0.154
GLU02B3740_004   0.664  -0.818  -0.154
GLU-1B3740_005   0.467  -0.818  -0.352
ASN01B3741_001  -0.020  -2.638  -2.657
CTR01B3741_001  -0.021  -3.861  -3.882
CTR01B3741_002   0.102  -4.074  -3.972
CTR02B3741_003  -0.022  -4.035  -4.057
CTR02B3741_004   0.040  -4.074  -4.034
CTR-1B3741_005   0.000  -3.861  -3.861
NTR01B3747_001  -0.003  -3.409  -3.412
NTR+1B3747_002  -0.005  -3.409  -3.414
GLU01B3747_001   0.498  -4.493  -3.995
GLU01B3747_002   0.498  -4.493  -3.995
GLU02B3747_003   0.665  -4.370  -3.705
GLU02B3747_004   0.665  -4.370  -3.705
GLU-1B3747_005   0.467  -4.392  -3.925
GLU01B3748_001   0.500  -4.090  -3.590
GLU01B3748_002   0.500  -4.090  -3.590
GLU02B3748_003   0.666  -3.968  -3.302
GLU02B3748_004   0.666  -3.968  -3.302
GLU-1B3748_005   0.468  -3.927  -3.459
VAL01B3749_001   0.503  -7.360  -6.857
GLU01B3750_001   1.437  -2.597  -1.161
GLU01B3750_002   1.437  -2.597  -1.161
GLU02B3750_003   1.192  -2.647  -1.455
GLU02B3750_004   1.192  -2.647  -1.455
GLU-1B3750_005   1.102  -2.543  -1.441
VAL01B3751_001   0.618  -3.603  -2.985
SER01B3752_001   0.000  -3.328  -3.328
PHE01B3753_001   4.624  -6.243  -1.619
GLU01B3754_001   1.198  -1.790  -0.592
GLU01B3754_002   1.198  -1.790  -0.592
GLU02B3754_003   1.033  -1.794  -0.761
GLU02B3754_004   1.033  -1.794  -0.761
GLU-1B3754_005   0.926  -1.743  -0.816
GLU01B3755_001   1.746  -1.120   0.626
GLU01B3755_002   1.746  -1.120   0.626
GLU02B3755_003   1.480  -1.161   0.319
GLU02B3755_004   1.480  -1.161   0.319
GLU-1B3755_005   1.366  -1.115   0.251
LYS01B3756_001   1.110  -5.787  -4.676
LYS+1B3756_002   1.027  -5.787  -4.760
GLU01B3757_001   2.178  -0.724   1.455
GLU01B3757_002   2.178  -0.724   1.455
GLU02B3757_003   1.775  -0.761   1.014
GLU02B3757_004   1.775  -0.761   1.014
GLU-1B3757_005   1.684  -0.724   0.961
MET01B3758_001   0.198  -0.906  -0.708
GLU01B3759_001   3.205  -0.267   2.939
GLU01B3759_002   3.205  -0.267   2.939
GLU02B3759_003   2.709  -0.274   2.435
GLU02B3759_004   2.709  -0.274   2.435
GLU-1B3759_005   2.557  -0.267   2.291
LYS01B3760_001   0.803  -5.339  -4.536
LYS+1B3760_002   0.756  -5.339  -4.583
GLN01B3761_001   0.730  -1.047  -0.317
GLN01B3761_002   0.621  -1.038  -0.417
ARG01B3762_001   2.944  -2.313   0.632
ARG02B3762_002   2.903  -2.313   0.590
ARG03B3762_003   2.909  -2.313   0.597
ARG03B3762_004   2.970  -2.313   0.658
ARG+1B3762_005   2.864  -2.313   0.552
LEU01B3763_001   1.625  -0.773   0.852
LEU01B3764_001   1.671  -4.121  -2.450
TYR01B3765_001   5.031  -5.106  -0.075
TYR-1B3765_002   5.031  -5.106  -0.075
GLN01B3766_001   1.916  -0.157   1.759
GLN01B3767_001   2.658  -0.034   2.623
GLN01B3767_002   4.327  -0.039   4.288
SER01B3768_001   0.000  -2.263  -2.263
ARG01B3769_001   3.630  -0.373   3.257
ARG02B3769_002   3.552  -0.373   3.178
ARG03B3769_003   3.547  -0.373   3.174
ARG03B3769_004   3.554  -0.373   3.181
ARG+1B3769_005   3.508  -0.373   3.134
LEU01B3770_001   5.331  -0.258   5.074
HIS01B3771_001  -0.184  -3.111  -3.295
HIS01B3771_002  -0.150  -3.442  -3.592
HIS02B3771_003  -0.201  -3.111  -3.312
HIS02B3771_004  -0.164  -3.442  -3.606
HIS+1B3771_005  -0.228  -3.111  -3.339
HIS+1B3771_006  -0.190  -3.442  -3.632
THR01B3772_001   0.250  -1.168  -0.918
THR01B3772_002   0.250  -1.168  -0.918
ARG01B3773_001   1.916  -9.218  -7.302
ARG02B3773_002   1.987  -9.218  -7.231
ARG03B3773_003   1.897  -9.218  -7.321
ARG+1B3773_004   1.854  -9.218  -7.364
ALA01B3775_001   0.000   0.000   0.000
ALA01B3776_001   0.000   0.000   0.000
GLU01B3777_001   3.402  -1.453   1.949
GLU01B3777_002   3.402  -1.453   1.949
GLU02B3777_003   2.723  -1.483   1.241
GLU02B3777_004   2.723  -1.483   1.241
GLU-1B3777_005   2.651  -1.447   1.204
MET01B3778_001   0.692   0.000   0.692
VAL01B3779_001   1.246  -0.155   1.091
LEU01B3780_001   2.326  -0.052   2.275
GLN01B3781_001   3.082  -0.462   2.620
GLN01B3781_002   5.041  -0.493   4.548
MET01B3782_001   0.968  -0.096   0.872
ILE01B3783_001   2.164  -0.274   1.890
SER01B3784_001   0.000  -1.721  -1.721
SER01B3784_002   0.000  -1.721  -1.721
ALA01B3785_001   0.000  -0.052  -0.052
CYS01B3786_001  -0.002   0.000  -0.002
CYS01B3786_002  -0.002   0.000  -0.002
CYS01B3786_003  -0.003   0.000  -0.003
CYS-1B3786_004   0.000   0.000   0.000
LYS01B3787_001   1.389  -6.050  -4.661
LYS+1B3787_002   1.341  -6.050  -4.710
GLU01B3789_001   2.716  -1.366   1.350
GLU01B3789_002   2.716  -1.366   1.350
GLU02B3789_003   2.224  -1.428   0.795
GLU02B3789_004   2.224  -1.428   0.795
GLU-1B3789_005   2.148  -1.373   0.775
THR01B3790_001   0.237  -3.092  -2.855
ALA01B3792_001   0.000  -3.603  -3.603
MET01B3793_001  -0.031  -0.357  -0.388
VAL01B3794_001   0.941   0.000   0.941
SER01B3795_001   0.000  -0.941  -0.941
SER01B3795_002   0.000  -0.941  -0.941
SER01B3796_001   0.000  -0.927  -0.927
SER01B3796_002   0.000  -0.927  -0.927
SER01B3796_003   0.000  -0.927  -0.927
THR01B3797_001   0.244   0.000   0.244
THR01B3797_002   0.244   0.000   0.244
LEU01B3798_001   1.849  -0.103   1.746
LYS01B3799_001   1.335  -3.904  -2.569
LYS+1B3799_002   1.289  -3.904  -2.615
LEU01B3800_001   1.679   0.000   1.679
ILE01B3802_001   1.905  -1.082   0.823
SER01B3803_001   0.000  -0.120  -0.120
SER01B3803_002   0.000  -0.120  -0.120
SER01B3803_003   0.000  -0.120  -0.120
ILE01B3804_001   2.736   0.000   2.736
LEU01B3805_001   3.379   0.000   3.379
ASN01B3806_001   0.148  -0.851  -0.704
ASN01B3806_002  -0.006  -0.994  -1.000
ASN01B3809_001   0.719  -0.773  -0.054
ASN01B3809_002   0.393  -0.861  -0.468
ALA01B3810_001   0.000  -2.572  -2.572
GLU01B3811_001   2.225  -2.746  -0.520
GLU01B3811_002   2.225  -2.746  -0.520
GLU02B3811_003   1.820  -2.687  -0.867
GLU02B3811_004   1.820  -2.687  -0.867
GLU-1B3811_005   1.727  -2.670  -0.943
VAL01B3812_001   0.955   0.000   0.955
GLN01B3813_001   2.969  -0.074   2.895
GLN01B3813_002   4.916  -0.039   4.877
GLN01B3814_001   1.031  -2.601  -1.570
GLN01B3814_002   0.868  -2.518  -1.650
LYS01B3815_001   1.081  -1.470  -0.388
LYS+1B3815_002   1.038  -1.470  -0.432
MET01B3816_001  18.656   0.000  18.656
LEU01B3817_001   1.689  -0.567   1.122
ASP01B3818_001   0.504  -1.962  -1.458
ASP01B3818_002   0.504  -1.962  -1.458
ASP02B3818_003   0.530  -1.999  -1.470
ASP02B3818_004   0.530  -1.999  -1.470
ASP-1B3818_005   0.424  -1.964  -1.540
TYR01B3819_001   4.948  -2.493   2.455
TYR-1B3819_002   4.948  -2.493   2.455
LEU01B3820_001   2.153  -0.052   2.101
LYS01B3821_001   6.133  -4.418   1.716
LYS+1B3821_002   6.046  -4.418   1.629
ASP01B3822_001   0.506  -2.983  -2.477
ASP01B3822_002   0.506  -2.983  -2.477
ASP02B3822_003   0.553  -2.893  -2.339
ASP02B3822_004   0.553  -2.893  -2.339
ASP-1B3822_005   0.435  -2.791  -2.355
LYS01B3823_001   3.783  -2.669   1.114
LYS+1B3823_002   3.689  -2.669   1.020
LYS01B3824_001   2.960  -5.586  -2.626
LYS+1B3824_002   2.901  -5.586  -2.685
GLU01B3825_001   0.944  -0.720   0.224
GLU01B3825_002   0.944  -0.720   0.224
GLU02B3825_003   0.850  -0.736   0.114
GLU02B3825_004   0.850  -0.736   0.114
GLU-1B3825_005   0.751  -0.684   0.068
VAL01B3826_001   0.837  -2.418  -1.581
PHE01B3828_001   5.332  -0.152   5.180
PHE01B3829_001   5.033  -0.152   4.882
GLN01B3830_001   2.924  -2.361   0.563
GLN01B3830_002   4.884  -2.334   2.549
SER01B3831_001   0.000   0.000   0.000
ILE01B3832_001   2.813  -0.103   2.710
GLN01B3833_001   2.168  -1.723   0.445
GLN01B3833_002   3.518  -1.698   1.820
ALA01B3834_001   0.000  -1.938  -1.938
LEU01B3835_001   3.172   0.000   3.172
MET01B3836_001  -0.072   0.000  -0.072
GLN01B3837_001   2.056  -2.408  -0.351
GLN01B3837_002   3.421  -2.467   0.955
THR01B3838_001   0.269  -3.630  -3.361
THR01B3838_002   0.269  -3.630  -3.361
CYS01B3839_001  -0.002   0.000  -0.002
CYS01B3839_002  -0.002   0.000  -0.002
CYS01B3839_003  -0.002   0.000  -0.002
CYS-1B3839_004   0.000   0.000   0.000
SER01B3840_001   0.000  -1.787  -1.787
SER01B3840_002   0.000  -1.787  -1.787
SER01B3840_003   0.000  -1.787  -1.787
VAL01B3841_001   0.853  -1.339  -0.486
LEU01B3842_001   2.849   0.000   2.849
ASP01B3843_001   0.256  -1.983  -1.727
ASP01B3843_002   0.256  -1.983  -1.727
ASP02B3843_003   0.350  -1.977  -1.627
ASP02B3843_004   0.350  -1.977  -1.627
ASP-1B3843_005   0.239  -1.930  -1.691
LEU01B3844_001   1.992  -2.524  -0.532
ASN01B3845_001   0.294  -3.598  -3.304
ASN01B3845_002   0.454  -3.534  -3.079
ALA01B3846_001   0.000  -1.835  -1.835
PHE01B3847_001   4.730  -0.152   4.579
GLU01B3848_001   1.326  -1.162   0.164
GLU01B3848_002   1.326  -1.162   0.164
GLU02B3848_003   1.146  -1.114   0.032
GLU02B3848_004   1.146  -1.114   0.032
GLU-1B3848_005   1.034  -1.067  -0.034
ARG01B3849_001   2.489  -9.883  -7.395
ARG02B3849_002   2.553  -9.883  -7.331
ARG03B3849_003   2.466  -9.883  -7.417
ARG+1B3849_004   2.427  -9.883  -7.457
GLN01B3850_001   2.426  -0.034   2.392
ASN01B3851_001   0.189  -1.038  -0.850
ASN01B3851_002   0.015  -1.117  -1.102
LYS01B3852_001   1.005  -9.295  -8.291
LYS+1B3852_002   0.957  -9.295  -8.338
ALA01B3853_001   0.000  -0.995  -0.995
GLU01B3854_001   0.499  -1.921  -1.422
GLU01B3854_002   0.499  -1.921  -1.422
GLU02B3854_003   0.666  -1.827  -1.161
GLU02B3854_004   0.666  -1.827  -1.161
GLU-1B3854_005   0.468  -1.813  -1.345
LEU01B3856_001   1.649  -7.894  -6.245
MET01B3858_001   0.142  -9.004  -8.862
VAL01B3859_001   0.501  -2.952  -2.451
ASN01B3860_001  -0.020  -3.016  -3.036
GLU01B3861_001   0.500  -2.694  -2.195
GLU01B3861_002   0.500  -2.694  -2.195
GLU02B3861_003   0.666  -2.686  -2.020
GLU02B3861_004   0.666  -2.686  -2.020
GLU-1B3861_005   0.468  -2.708  -2.240
ASP01B3862_001  -0.040  -2.234  -2.275
ASP01B3862_002  -0.040  -2.234  -2.275
ASP02B3862_003  -0.009  -2.229  -2.238
ASP02B3862_004  -0.009  -2.229  -2.238
ASP-1B3862_005  -0.041  -2.234  -2.275
THR01B3864_001   0.152  -1.415  -1.263
THR01B3864_002   0.152  -1.415  -1.263
VAL01B3865_001   0.501  -5.473  -4.972
ILE01B3866_001   0.941  -5.254  -4.313
ASN01B3867_001  -0.020  -1.246  -1.265
ARG01B3868_0011191.429  -5.5811185.848
ARG02B3868_0021191.411  -5.5811185.829
ARG03B3868_0031191.445  -5.5811185.863
ARG03B3868_004 190.472  -5.581 184.891
ARG+1B3868_0051191.379  -5.5811185.797
GLN01B3869_001   0.455  -1.925  -1.470
ASN01B3870_001  -0.019  -0.208  -0.227
GLU01B3872_001   0.501  -3.887  -3.386
GLU01B3872_002   0.501  -3.887  -3.386
GLU02B3872_003   0.668  -4.022  -3.355
GLU02B3872_004   0.668  -4.022  -3.355
GLU-1B3872_005   0.470  -3.893  -3.423
LYS01B3873_001   1.099  -3.414  -2.315
LYS+1B3873_002   1.051  -3.414  -2.363
VAL01B3874_001   0.734   0.000   0.734
MET01B3875_001   0.561   0.000   0.561
ALA01B3876_001   0.000  -1.165  -1.165
ASP01B3877_001   0.115  -0.107   0.008
ASP01B3877_002   0.115  -0.107   0.008
ASP02B3877_003   0.195  -0.141   0.054
ASP02B3877_004   0.195  -0.141   0.054
ASP-1B3877_005   0.109  -0.103   0.005
ASP01B3878_001   0.059  -0.995  -0.936
ASP01B3878_002   0.059  -0.995  -0.936
ASP02B3878_003   0.126  -1.014  -0.888
ASP02B3878_004   0.126  -1.014  -0.888
ASP-1B3878_005   0.056  -0.986  -0.930
GLU01B3879_001   0.498  -3.619  -3.121
GLU01B3879_002   0.498  -3.619  -3.121
GLU02B3879_003   0.665  -3.634  -2.969
GLU02B3879_004   0.665  -3.634  -2.969
GLU-1B3879_005   0.467  -3.583  -3.116
PHE01B3880_001   4.891  -1.062   3.829
THR01B3881_001   0.269   0.000   0.269
THR01B3881_002   0.269   0.000   0.269
THR01B3881_003   0.269   0.000   0.269
GLN01B3882_001   2.278  -1.619   0.659
GLN01B3882_002   3.763  -1.511   2.252
ASP01B3883_001   0.437  -0.580  -0.143
ASP01B3883_002   0.437  -0.580  -0.143
ASP02B3883_003   0.462  -0.517  -0.055
ASP02B3883_004   0.462  -0.517  -0.055
ASP-1B3883_005   0.366  -0.517  -0.151
LEU01B3884_001   1.531   0.000   1.531
PHE01B3885_001   4.992   0.000   4.992
ARG01B3886_001   1.860  -4.267  -2.407
ARG02B3886_002   1.815  -4.267  -2.452
ARG03B3886_003   1.821  -4.267  -2.446
ARG+1B3886_004   1.776  -4.267  -2.491
PHE01B3887_001   5.050  -0.270   4.780
LEU01B3888_001   2.359  -0.155   2.205
GLN01B3889_001   2.786  -0.738   2.048
LEU01B3890_001   2.612  -0.222   2.390
LEU01B3891_001   3.064  -0.274   2.790
CYS01B3892_001  -0.002   0.000  -0.002
CYS01B3892_002  -0.002   0.000  -0.002
CYS01B3892_003  -0.002   0.000  -0.002
CYS-1B3892_004   0.000   0.000   0.000
GLU01B3893_001   2.337  -0.787   1.550
GLU01B3893_002   2.337  -0.787   1.550
GLU02B3893_003   1.893  -0.824   1.069
GLU02B3893_004   1.893  -0.824   1.069
GLU-1B3893_005   1.811  -0.783   1.028
HIS01B3895_001  -0.120  -2.208  -2.327
HIS02B3895_002  -0.139  -2.208  -2.347
HIS+1B3895_003  -0.166  -2.208  -2.374
ASN01B3896_001   0.090  -0.748  -0.658
ASN01B3896_002   0.304  -0.586  -0.281
ASN01B3897_001   0.280  -2.702  -2.422
ASN01B3897_002   0.069  -2.525  -2.456
ASP01B3898_001   0.087  -1.870  -1.783
ASP01B3898_002   0.087  -1.870  -1.783
ASP02B3898_003   0.163  -1.950  -1.786
ASP02B3898_004   0.163  -1.950  -1.786
ASP-1B3898_005   0.084  -1.834  -1.749
PHE01B3899_001   4.756   0.000   4.756
GLN01B3900_001   1.572   0.000   1.572
GLN01B3900_002   2.489   0.000   2.489
ASN01B3901_001   0.530  -1.671  -1.140
TYR01B3902_001   5.210  -0.465   4.745
TYR-1B3902_002   5.210  -0.465   4.745
LEU01B3903_001   2.348  -0.103   2.245
ARG01B3904_001   3.520  -2.893   0.627
ARG02B3904_002   3.489  -2.893   0.596
ARG02B3904_003   3.493  -2.893   0.600
ARG03B3904_004   3.500  -2.893   0.607
ARG03B3904_005   3.530  -2.893   0.637
ARG+1B3904_006   3.449  -2.893   0.555
THR01B3905_001   0.213  -2.612  -2.399
THR01B3905_002   0.213  -2.612  -2.399
GLN01B3906_001   3.821   0.000   3.821
THR01B3907_001   0.244  -5.929  -5.686
ASN01B3909_001   0.369  -0.069   0.300
ASN01B3909_002   0.147  -0.197  -0.050
THR01B3910_001   0.190  -6.272  -6.083
THR01B3911_001   0.174  -4.559  -4.385
THR01B3912_001   0.384  -2.833  -2.450
ILE01B3913_001   1.671  -0.464   1.208
ASN01B3914_001   0.166  -0.551  -0.385
ASN01B3914_002   0.002  -0.413  -0.411
ILE01B3915_001   1.381  -0.103   1.278
ILE01B3916_001   2.763   0.000   2.763
ILE01B3917_001   5.839  -5.608   0.230
CYS01B3918_001  -0.002  -1.099  -1.101
CYS01B3918_002  -0.002  -1.099  -1.101
CYS01B3918_003  -0.003  -1.099  -1.102
CYS-1B3918_004   0.000  -1.099  -1.099
THR01B3919_001   0.362   0.000   0.362
THR01B3919_002   0.362   0.000   0.362
THR01B3919_003   0.362   0.000   0.362
VAL01B3920_001   0.523  -0.258   0.266
ASP01B3921_001   0.450  -1.366  -0.916
ASP01B3921_002   0.450  -1.366  -0.916
ASP02B3921_003   0.471  -1.218  -0.748
ASP02B3921_004   0.471  -1.218  -0.748
ASP-1B3921_005   0.375  -1.344  -0.969
TYR01B3922_001   4.971   0.000   4.971
TYR01B3922_002   4.971   0.000   4.971
TYR-1B3922_003   4.971   0.000   4.971
LEU01B3923_001   1.965   0.000   1.965
LEU01B3924_001   1.870  -2.247  -0.377
ARG01B3925_001   3.411  -4.159  -0.748
ARG02B3925_002   3.405  -4.159  -0.754
ARG03B3925_003   3.376  -4.159  -0.783
ARG+1B3925_004   3.331  -4.159  -0.828
LEU01B3926_001   2.452   0.000   2.452
GLN01B3927_001   3.074  -0.418   2.656
GLN01B3927_002   5.050  -0.335   4.716
GLU01B3928_001   3.348  -3.268   0.080
GLU01B3928_002   3.348  -3.268   0.080
GLU02B3928_003   2.673  -3.238  -0.565
GLU02B3928_004   2.673  -3.238  -0.565
GLU-1B3928_005   2.607  -3.183  -0.576
SER01B3929_001   0.000  -0.336  -0.336
SER01B3929_002   0.000  -0.336  -0.336
ILE01B3930_001   4.628  -0.103   4.525
SER01B3931_001   0.000  -0.716  -0.716
SER01B3931_002   0.000  -0.716  -0.716
ASP01B3932_001   0.230  -1.958  -1.728
ASP01B3932_002   0.230  -1.958  -1.728
ASP02B3932_003   0.329  -2.025  -1.696
ASP02B3932_004   0.329  -2.025  -1.696
ASP-1B3932_005   0.218  -1.947  -1.728
PHE01B3933_001   4.962  -0.051   4.912
TYR01B3934_001   4.663  -1.023   3.640
TYR-1B3934_002   4.663  -1.023   3.640
TRP01B3935_001   3.450  -7.914  -4.464
TYR01B3936_001   4.904  -4.354   0.549
TYR01B3936_002   4.904  -4.354   0.549
TYR-1B3936_003   4.904  -4.354   0.549
TYR01B3937_001   5.596   0.000   5.596
TYR01B3937_002   5.596   0.000   5.596
TYR-1B3937_003   5.596   0.000   5.596
SER01B3938_001   0.000  -0.980  -0.980
SER01B3938_002   0.000  -0.980  -0.980
LYS01B3940_001   1.088  -3.528  -2.440
LYS+1B3940_002   1.043  -3.528  -2.484
ASP01B3941_001   0.074  -2.984  -2.910
ASP01B3941_002   0.074  -2.984  -2.910
ASP02B3941_003   0.143  -3.079  -2.936
ASP02B3941_004   0.143  -3.079  -2.936
ASP-1B3941_005   0.069  -2.919  -2.850
VAL01B3942_001   0.501  -4.514  -4.012
ILE01B3943_001   1.151   0.000   1.151
GLU01B3944_001   1.481  -2.818  -1.337
GLU01B3944_002   1.481  -2.818  -1.337
GLU02B3944_003   1.316  -2.819  -1.503
GLU02B3944_004   1.316  -2.819  -1.503
GLU-1B3944_005   1.178  -2.743  -1.565
GLU01B3945_001   3.312  -2.950   0.362
GLU01B3945_002   3.312  -2.950   0.362
GLU02B3945_003   2.666  -2.969  -0.303
GLU02B3945_004   2.666  -2.969  -0.303
GLU-1B3945_005   2.590  -2.927  -0.336
GLN01B3946_001   0.675  -0.419   0.257
LYS01B3948_001   0.743  -1.174  -0.432
LYS+1B3948_002   0.696  -1.174  -0.478
ARG01B3949_001   3.483  -4.731  -1.248
ARG02B3949_002   3.458  -4.731  -1.273
ARG03B3949_003   3.467  -4.731  -1.264
ARG+1B3949_004   3.419  -4.731  -1.312
ASN01B3950_001   0.636   0.000   0.636
ASN01B3950_002   0.365   0.000   0.365
PHE01B3951_001   5.582   0.000   5.582
SER01B3952_001   0.000  -1.598  -1.598
SER01B3952_002   0.000  -1.598  -1.598
SER01B3952_003   0.000  -1.598  -1.598
LYS01B3953_001   1.128  -3.095  -1.967
LYS+1B3953_002   1.080  -3.095  -2.015
ALA01B3954_001   0.000   0.000   0.000
MET01B3955_001   0.500   0.000   0.500
SER01B3956_001   0.000  -1.549  -1.549
VAL01B3957_001   0.822   0.000   0.822
ALA01B3958_001   0.000   0.000   0.000
LYS01B3959_001   9.869  -2.562   7.307
LYS+1B3959_002   9.828  -2.562   7.267
GLN01B3960_001   0.990  -0.689   0.301
GLN01B3960_002   1.221  -0.827   0.394
VAL01B3961_001   0.741   0.000   0.741
PHE01B3962_001   5.271   0.000   5.271
ASN01B3963_001   0.471  -1.275  -0.803
ASN01B3963_002   0.216  -1.147  -0.931
SER01B3964_001   0.000   0.000   0.000
SER01B3964_002   0.000   0.000   0.000
LEU01B3965_001   2.795   0.000   2.795
THR01B3966_001   0.286  -0.567  -0.281
THR01B3966_002   0.286  -0.567  -0.281
GLU01B3967_001   1.421  -0.276   1.145
GLU01B3967_002   1.421  -0.276   1.145
GLU02B3967_003   1.148  -0.254   0.894
GLU02B3967_004   1.148  -0.254   0.894
GLU-1B3967_005   1.078  -0.276   0.802
TYR01B3968_001   5.701   0.000   5.701
TYR01B3968_002   5.701   0.000   5.701
TYR-1B3968_003   5.701   0.000   5.701
ILE01B3969_001   5.402   0.000   5.402
GLN01B3970_001   2.693  -0.453   2.241
GLN01B3970_002   4.420  -0.404   4.016
PRO01B3972_001   0.364  -1.766  -1.402
CYS01B3973_001  -0.002  -0.071  -0.073
CYS01B3973_002  -0.002  -0.071  -0.073
CYS01B3973_003  -0.002  -0.071  -0.074
CYS-1B3973_004   0.000  -0.071  -0.071
THR01B3974_001   0.272  -5.150  -4.878
ASN01B3976_001   0.395   0.000   0.395
ASN01B3976_002   0.156   0.000   0.156
GLN01B3977_001   2.420  -0.138   2.282
GLN01B3977_002   3.777  -0.236   3.541
GLN01B3978_001   0.815  -2.209  -1.394
GLN01B3978_002   0.665  -2.076  -1.412
SER01B3979_001   0.000  -1.486  -1.486
LEU01B3980_001   2.297   0.000   2.297
ALA01B3981_001   0.000  -0.222  -0.222
HIS01B3982_001  -0.164  -7.865  -8.029
HIS01B3982_002  -0.122  -8.070  -8.192
HIS02B3982_003  -0.182  -7.865  -8.047
HIS02B3982_004  -0.135  -8.070  -8.206
HIS+1B3982_005  -0.209  -7.865  -8.074
HIS+1B3982_006  -0.162  -8.070  -8.232
SER01B3983_001   0.000  -0.096  -0.096
SER01B3983_002   0.000  -0.096  -0.096
ARG01B3984_001   1.763  -8.612  -6.849
ARG02B3984_002   1.718  -8.612  -6.894
ARG03B3984_003   1.724  -8.612  -6.888
ARG+1B3984_004   1.680  -8.612  -6.932
LEU01B3985_001   2.473  -0.155   2.318
TRP01B3986_001   4.050  -1.855   2.195
ASP01B3987_001   0.047  -2.302  -2.255
ASP01B3987_002   0.047  -2.302  -2.255
ASP02B3987_003   0.107  -2.455  -2.348
ASP02B3987_004   0.107  -2.455  -2.348
ASP-1B3987_005   0.042  -2.287  -2.245
ALA01B3988_001   0.000   0.000   0.000
VAL01B3989_001   1.180  -0.052   1.129
VAL01B3990_001   0.733  -1.442  -0.709
PHE01B3992_001   5.545  -0.101   5.444
LEU01B3993_001   3.142  -0.979   2.164
HIS01B3994_001  -0.150  -3.863  -4.013
HIS02B3994_002  -0.168  -3.863  -4.031
HIS+1B3994_003  -0.195  -3.863  -4.058
VAL01B3995_001   0.774   0.000   0.774
PHE01B3996_001   4.582  -0.101   4.481
ALA01B3997_001   0.000   0.000   0.000
HIS01B3998_001  -0.142  -2.302  -2.444
HIS02B3998_002  -0.161  -2.302  -2.464
HIS+1B3998_003  -0.188  -2.302  -2.490
MET01B3999_001  -0.025  -0.068  -0.093
MET01B4000_001   1.048   0.000   1.048
MET01B4001_001   0.006  -2.985  -2.979
LYS01B4002_001   0.964  -1.738  -0.775
LYS+1B4002_002   0.917  -1.738  -0.821
LEU01B4003_001   2.195   0.000   2.195
ALA01B4004_001   0.000  -0.052  -0.052
GLN01B4005_001   1.318  -1.867  -0.549
GLN01B4005_002   2.170  -1.945   0.225
ASP01B4006_001   0.079  -1.428  -1.349
ASP01B4006_002   0.079  -1.428  -1.349
ASP02B4006_003   0.154  -1.322  -1.168
ASP02B4006_004   0.154  -1.322  -1.168
ASP-1B4006_005   0.077  -1.335  -1.258
SER01B4007_001   0.000  -3.519  -3.519
SER01B4007_002   0.000  -3.519  -3.519
SER01B4008_001   0.000  -3.141  -3.141
SER01B4008_002   0.000  -3.141  -3.141
SER01B4008_003   0.000  -3.141  -3.141
GLN01B4009_001   1.711  -0.039   1.672
GLN01B4009_002   2.839  -0.039   2.800
ILE01B4010_001   1.326  -3.242  -1.916
GLU01B4011_001   4.079  -3.038   1.041
GLU01B4011_002   4.079  -3.038   1.041
GLU02B4011_003   3.283  -2.987   0.296
GLU02B4011_004   3.283  -2.987   0.296
GLU-1B4011_005   3.201  -2.955   0.246
LEU01B4012_001   1.844  -0.206   1.638
LEU01B4013_001   1.825  -0.773   1.052
LYS01B4014_001   2.126  -5.914  -3.788
LYS+1B4014_002   2.081  -5.914  -3.833
GLU01B4015_001   4.630  -1.335   3.295
GLU01B4015_002   4.630  -1.335   3.295
GLU02B4015_003   3.704  -1.318   2.386
GLU02B4015_004   3.704  -1.318   2.386
GLU-1B4015_005   3.639  -1.283   2.356
LEU01B4016_001   3.186   0.000   3.186
LEU01B4017_001   1.966  -0.361   1.606
ASP01B4018_001   0.122  -0.858  -0.736
ASP01B4018_002   0.122  -0.858  -0.736
ASP02B4018_003   0.199  -0.855  -0.657
ASP02B4018_004   0.199  -0.855  -0.657
ASP-1B4018_005   0.115  -0.853  -0.738
LEU01B4019_001   1.875  -0.103   1.772
GLN01B4020_001   4.303  -0.118   4.185
GLN01B4020_002   7.129  -0.103   7.025
LYS01B4021_001   3.237  -4.314  -1.076
LYS+1B4021_002   3.190  -4.314  -1.124
ASP01B4022_001   0.096  -1.134  -1.038
ASP01B4022_002   0.096  -1.134  -1.038
ASP02B4022_003   0.160  -1.165  -1.005
ASP02B4022_004   0.160  -1.165  -1.005
ASP-1B4022_005   0.087  -1.068  -0.981
MET01B4023_001   0.089   0.000   0.089
VAL01B4024_001   0.780  -0.464   0.317
VAL01B4025_001   0.833  -2.885  -2.052
MET01B4026_001   0.288   0.000   0.288
LEU01B4027_001   1.714  -0.634   1.079
LEU01B4028_001   1.956  -2.421  -0.465
SER01B4029_001   0.000  -0.181  -0.181
SER01B4029_002   0.000  -0.181  -0.181
LEU01B4030_001   2.102  -0.547   1.555
LEU01B4031_001   3.603  -0.155   3.449
GLU01B4032_001   2.555  -0.026   2.529
GLU01B4032_002   2.555  -0.026   2.529
GLU02B4032_003   2.042  -0.026   2.016
GLU02B4032_004   2.042  -0.026   2.016
GLU-1B4032_005   1.966  -0.026   1.940
ASN01B4034_001   0.008  -0.354  -0.346
ASN01B4034_002   0.183  -0.310  -0.127
VAL01B4035_001   0.547  -3.606  -3.058
VAL01B4036_001   1.740  -0.464   1.276
ASN01B4037_001   0.448  -1.153  -0.706
MET01B4039_001   0.770  -5.672  -4.902
ILE01B4040_001   3.257  -0.789   2.468
ALA01B4041_001   0.000   0.000   0.000
ARG01B4042_001   2.791  -7.997  -5.206
ARG02B4042_002   2.717  -7.997  -5.280
ARG03B4042_003   2.783  -7.997  -5.214
ARG+1B4042_004   2.678  -7.997  -5.319
GLN01B4043_001   1.913  -1.239   0.674
GLN01B4043_002   3.120  -1.249   1.871
MET01B4044_001   0.206  -0.144   0.062
VAL01B4045_001   0.776  -0.206   0.570
ASP01B4046_001   0.107  -2.056  -1.949
ASP01B4046_002   0.107  -2.056  -1.949
ASP02B4046_003   0.188  -2.152  -1.964
ASP02B4046_004   0.188  -2.152  -1.964
ASP-1B4046_005   0.103  -2.102  -1.999
MET01B4047_001   4.174  -0.647   3.527
LEU01B4048_001   1.911  -0.567   1.345
VAL01B4049_001   0.698  -2.675  -1.978
GLU01B4050_001   4.939  -2.390   2.549
GLU01B4050_002   4.939  -2.390   2.549
GLU02B4050_003   3.920  -2.577   1.343
GLU02B4050_004   3.920  -2.577   1.343
GLU-1B4050_005   3.870  -2.429   1.442
SER01B4051_001   0.000   0.000   0.000
SER01B4052_001   0.000  -1.037  -1.037
SER01B4052_002   0.000  -1.037  -1.037
SER01B4053_001   0.000  -4.235  -4.235
SER01B4053_002   0.000  -4.235  -4.235
ASN01B4054_001   0.370  -0.541  -0.171
ASN01B4054_002   0.501  -0.536  -0.036
VAL01B4055_001   0.749  -0.309   0.440
GLU01B4056_001   4.808  -1.983   2.826
GLU01B4056_002   4.808  -1.983   2.826
GLU02B4056_003   3.850  -1.807   2.043
GLU02B4056_004   3.850  -1.807   2.043
GLU-1B4056_005   3.776  -1.757   2.019
MET01B4057_001   0.154  -2.590  -2.436
ILE01B4058_001   5.506  -0.515   4.991
LEU01B4059_001   2.417  -0.052   2.366
LYS01B4060_001   1.485  -4.440  -2.955
LYS+1B4060_002   1.437  -4.440  -3.004
PHE01B4061_001   4.647  -0.505   4.142
PHE01B4062_001   5.330  -0.051   5.279
ASP01B4063_001   0.318  -0.863  -0.545
ASP01B4063_002   0.318  -0.863  -0.545
ASP02B4063_003   0.353  -0.868  -0.515
ASP02B4063_004   0.353  -0.868  -0.515
ASP-1B4063_005   0.267  -0.861  -0.594
MET01B4064_001  -0.160  -0.354  -0.514
PHE01B4065_001   5.526  -0.152   5.375
LEU01B4066_001   1.468  -0.856   0.612
LYS01B4067_001   4.606  -1.061   3.545
LYS+1B4067_002   4.560  -1.061   3.499
LEU01B4068_001   2.004  -0.103   1.901
LYS01B4069_001   2.218  -4.834  -2.616
LYS+1B4069_002   2.131  -4.834  -2.703
ASP01B4070_001   0.116  -2.173  -2.057
ASP01B4070_002   0.116  -2.173  -2.057
ASP02B4070_003   0.187  -2.093  -1.906
ASP02B4070_004   0.187  -2.093  -1.906
ASP-1B4070_005   0.107  -2.080  -1.973
ILE01B4071_001   3.103  -0.634   2.469
VAL01B4072_001   0.616  -0.773  -0.157
SER01B4074_001   0.000  -1.799  -1.799
SER01B4074_002   0.000  -1.799  -1.799
GLU01B4075_001   1.730  -3.088  -1.359
GLU01B4075_002   1.730  -3.088  -1.359
GLU02B4075_003   1.425  -3.065  -1.639
GLU02B4075_004   1.425  -3.065  -1.639
GLU-1B4075_005   1.333  -3.013  -1.680
ALA01B4076_001   0.000  -2.798  -2.798
PHE01B4077_001   4.782   0.000   4.782
GLN01B4078_001   0.827  -1.604  -0.778
GLN01B4078_002   0.718  -1.585  -0.867
ASP01B4079_001   0.170  -2.775  -2.605
ASP01B4079_002   0.170  -2.775  -2.605
ASP02B4079_003   0.258  -2.898  -2.640
ASP02B4079_004   0.258  -2.898  -2.640
ASP-1B4079_005   0.161  -2.717  -2.556
TYR01B4080_001   5.353  -0.975   4.379
TYR-1B4080_002   5.353  -0.975   4.379
VAL01B4081_001   0.583  -0.464   0.119
THR01B4082_001   0.209  -6.198  -5.989
THR01B4082_002   0.209  -6.198  -5.989
THR01B4082_003   0.209  -6.198  -5.989
ASP01B4083_001   0.185  -1.331  -1.147
ASP01B4083_002   0.185  -1.331  -1.147
ASP02B4083_003   0.270  -1.325  -1.055
ASP02B4083_004   0.270  -1.325  -1.055
ASP-1B4083_005   0.173  -1.309  -1.136
PRO01B4084_001   0.279  -6.221  -5.942
ARG01B4085_001   3.521  -8.456  -4.935
ARG02B4085_002   3.456  -8.456  -5.000
ARG03B4085_003   3.456  -8.456  -5.000
ARG+1B4085_004   3.411  -8.456  -5.045
LEU01B4087_001   1.843  -4.514  -2.671
ILE01B4088_001   5.065   0.000   5.065
SER01B4089_001   0.000  -2.177  -2.177
SER01B4089_002   0.000  -2.177  -2.177
SER01B4089_003   0.000  -2.177  -2.177
LYS01B4090_001   1.592  -2.146  -0.554
LYS+1B4090_002   1.546  -2.146  -0.600
LYS01B4091_001   0.702  -7.803  -7.101
LYS+1B4091_002   0.655  -7.803  -7.148
ASP01B4092_001   0.065  -0.646  -0.581
ASP01B4092_002   0.065  -0.646  -0.581
ASP02B4092_003   0.134  -0.659  -0.525
ASP02B4092_004   0.134  -0.659  -0.525
ASP-1B4092_005   0.062  -0.646  -0.584
PHE01B4093_001   4.831   0.000   4.831
GLN01B4094_001   1.188  -1.166   0.022
GLN01B4094_002   1.646  -1.067   0.579
LYS01B4095_001   1.961  -6.600  -4.639
LYS+1B4095_002   1.915  -6.600  -4.686
ALA01B4096_001   0.000  -0.258  -0.258
MET01B4097_001   0.058  -0.143  -0.084
ASP01B4098_001   0.409  -2.748  -2.339
ASP01B4098_002   0.409  -2.748  -2.339
ASP02B4098_003   0.439  -2.771  -2.332
ASP02B4098_004   0.439  -2.771  -2.332
ASP-1B4098_005   0.344  -2.653  -2.310
SER01B4099_001   0.000  -2.365  -2.365
SER01B4099_002   0.000  -2.365  -2.365
SER01B4099_003   0.000  -2.365  -2.365
GLN01B4100_001   1.969  -0.943   1.026
GLN01B4100_002   3.224  -0.878   2.347
LYS01B4101_001   0.786 -11.208 -10.422
LYS+1B4101_002   0.739 -11.208 -10.469
GLN01B4102_001   1.575  -1.934  -0.359
GLN01B4102_002   2.540  -2.010   0.530
PHE01B4103_001   5.249  -0.358   4.891
THR01B4104_001   0.188  -3.694  -3.506
THR01B4104_002   0.188  -3.694  -3.506
PRO01B4106_001   0.273  -6.630  -6.357
GLU01B4107_001   2.016  -1.779   0.237
GLU01B4107_002   2.016  -1.779   0.237
GLU02B4107_003   1.601  -1.868  -0.268
GLU02B4107_004   1.601  -1.868  -0.268
GLU-1B4107_005   1.530  -1.761  -0.231
ILE01B4108_001   3.988  -0.206   3.782
GLN01B4109_001   0.796  -2.165  -1.369
GLN01B4109_002   0.707  -2.037  -1.331
PHE01B4110_001   5.283  -0.633   4.650
LEU01B4111_001   2.388   0.000   2.388
LEU01B4112_001   1.411  -0.155   1.257
SER01B4113_001   0.000  -1.562  -1.562
SER01B4113_002   0.000  -1.562  -1.562
CYS01B4114_001  -0.002   0.000  -0.002
CYS01B4114_002  -0.002   0.000  -0.002
CYS01B4114_003  -0.002   0.000  -0.002
CYS-1B4114_004   0.000   0.000   0.000
SER01B4115_001   0.000   0.000   0.000
SER01B4115_002   0.000   0.000   0.000
GLU01B4116_001   1.736  -1.659   0.077
GLU01B4116_002   1.736  -1.659   0.077
GLU02B4116_003   1.441  -1.479  -0.038
GLU02B4116_004   1.441  -1.479  -0.038
GLU-1B4116_005   1.343  -1.537  -0.195
ALA01B4117_001   0.000  -3.313  -3.313
ASP01B4118_001   0.406  -2.400  -1.995
ASP01B4118_002   0.406  -2.400  -1.995
ASP02B4118_003   0.456  -2.411  -1.955
ASP02B4118_004   0.456  -2.411  -1.955
ASP-1B4118_005   0.350  -2.343  -1.993
GLU01B4119_001   2.196  -4.111  -1.915
GLU01B4119_002   2.196  -4.111  -1.915
GLU02B4119_003   1.854  -4.036  -2.183
GLU02B4119_004   1.854  -4.036  -2.183
GLU-1B4119_005   1.734  -3.979  -2.245
ASN01B4120_001   0.009  -1.675  -1.666
ASN01B4120_002   0.181  -1.981  -1.800
GLU01B4121_001   4.198  -2.904   1.293
GLU01B4121_002   4.198  -2.904   1.293
GLU02B4121_003   3.367  -2.889   0.478
GLU02B4121_004   3.367  -2.889   0.478
GLU-1B4121_005   3.295  -2.881   0.414
MET01B4122_001   0.144  -1.008  -0.864
ILE01B4123_001   2.052   0.000   2.052
ASN01B4124_001   0.124  -1.860  -1.736
ASN01B4124_002  -0.022  -1.738  -1.760
PHE01B4125_001   4.684  -1.853   2.831
GLU01B4126_001   0.497  -3.548  -3.051
GLU01B4126_002   0.497  -3.548  -3.051
GLU02B4126_003   0.662  -3.465  -2.802
GLU02B4126_004   0.662  -3.465  -2.802
GLU-1B4126_005   0.465  -3.420  -2.954
GLU01B4127_001   2.548  -1.284   1.264
GLU01B4127_002   2.548  -1.284   1.264
GLU02B4127_003   2.070  -1.292   0.778
GLU02B4127_004   2.070  -1.292   0.778
GLU-1B4127_005   1.985  -1.273   0.712
PHE01B4128_001   5.304   0.000   5.304
ALA01B4129_001   0.000  -0.103  -0.103
ASN01B4130_001   0.213  -1.319  -1.106
ASN01B4130_002   0.416  -1.413  -0.996
ARG01B4131_001   1.854  -0.887   0.967
ARG02B4131_002   1.842  -0.887   0.954
ARG03B4131_003   1.836  -0.887   0.949
ARG+1B4131_004   1.793  -0.887   0.906
PHE01B4132_001   5.016   0.000   5.016
GLN01B4133_001   2.151  -1.978   0.173
GLN01B4133_002   3.419  -1.964   1.455
GLU01B4134_001   3.160  -1.722   1.438
GLU01B4134_002   3.160  -1.722   1.438
GLU02B4134_003   2.515  -1.801   0.714
GLU02B4134_004   2.515  -1.801   0.714
GLU-1B4134_005   2.447  -1.735   0.712
PRO01B4135_001   0.322  -1.134  -0.812
CTR01B4135_001  -0.021  -0.290  -0.310
CTR01B4135_002   0.069  -0.367  -0.298
CTR02B4135_003  -0.022  -0.290  -0.311
CTR02B4135_004   0.022  -0.290  -0.268
CTR-1B4135_005   0.000  -0.290  -0.290
NTR01B4136_001  -0.003   0.000  -0.003
NTR+1B4136_002  -0.005   0.000  -0.005
ALA01B4136_001   0.000   0.000   0.000
ARG01B4137_001   4.542  -3.911   0.631
ARG02B4137_002   4.490  -3.911   0.579
ARG03B4137_003   4.577  -3.911   0.666
ARG+1B4137_004   4.445  -3.911   0.534
ASP01B4138_001   0.155  -1.346  -1.191
ASP01B4138_002   0.155  -1.346  -1.191
ASP02B4138_003   0.248  -1.394  -1.146
ASP02B4138_004   0.248  -1.394  -1.146
ASP-1B4138_005   0.151  -1.308  -1.158
ILE01B4139_001   1.248  -0.103   1.145
PHE01B4141_001   4.904  -0.862   4.041
ASN01B4142_001   0.418  -0.906  -0.488
ASN01B4142_002   0.178  -0.950  -0.771
VAL01B4143_001   0.618  -1.288  -0.670
ALA01B4144_001   0.000   0.000   0.000
VAL01B4145_001   0.695  -0.361   0.335
LEU01B4146_001   2.284  -0.773   1.511
LEU01B4147_001   2.643  -0.103   2.540
THR01B4148_001   0.220  -0.670  -0.449
THR01B4148_002   0.220  -0.670  -0.449
ASN01B4149_001   0.220  -0.157   0.063
ASN01B4149_002   0.034  -0.103  -0.070
LEU01B4150_001   1.553   0.000   1.553
SER01B4151_001   0.000  -1.175  -1.175
GLU01B4152_001   3.056  -0.886   2.170
GLU01B4152_002   3.056  -0.886   2.170
GLU02B4152_003   2.419  -0.966   1.453
GLU02B4152_004   2.419  -0.966   1.453
GLU-1B4152_005   2.359  -0.883   1.477
HIS01B4153_001  -0.143  -0.287  -0.430
HIS02B4153_002  -0.162  -0.287  -0.449
HIS+1B4153_003  -0.189  -0.287  -0.476
VAL01B4154_001   0.694  -1.320  -0.626
PRO01B4155_001   0.296  -2.118  -1.821
HIS01B4156_001  -0.214  -5.639  -5.853
HIS01B4156_002  -0.171  -5.913  -6.084
HIS02B4156_003  -0.235  -5.639  -5.874
HIS02B4156_004  -0.181  -5.913  -6.094
HIS+1B4156_005  -0.262  -5.639  -5.901
HIS+1B4156_006  -0.207  -5.913  -6.120
ASP01B4157_001   0.070  -0.843  -0.773
ASP01B4157_002   0.070  -0.843  -0.773
ASP02B4157_003   0.140  -0.851  -0.711
ASP02B4157_004   0.140  -0.851  -0.711
ASP-1B4157_005   0.067  -0.810  -0.743
PRO01B4158_001   0.253  -6.358  -6.106
ARG01B4159_001   6.867  -6.749   0.118
ARG02B4159_002   6.803  -6.749   0.055
ARG02B4159_003   6.811  -6.749   0.063
ARG03B4159_004   6.868  -6.749   0.119
ARG+1B4159_005   6.764  -6.749   0.016
LEU01B4160_001   1.644  -0.052   1.592
ARG01B4161_001   1.977  -7.328  -5.351
ARG02B4161_002   1.937  -7.328  -5.392
ARG03B4161_003   1.936  -7.328  -5.393
ARG+1B4161_004   1.892  -7.328  -5.436
ASN01B4162_001   0.229  -1.998  -1.770
ASN01B4162_002   0.038  -1.880  -1.842
PHE01B4163_001   5.381  -0.152   5.230
LEU01B4164_001   1.892  -1.974  -0.082
GLU01B4165_001   4.046  -3.075   0.971
GLU01B4165_002   4.046  -3.075   0.971
GLU02B4165_003   3.226  -3.242  -0.016
GLU02B4165_004   3.226  -3.242  -0.016
GLU-1B4165_005   3.160  -2.993   0.167
LEU01B4166_001   1.808  -2.489  -0.681
ALA01B4167_001   0.000   0.000   0.000
GLU01B4168_001   1.384  -2.316  -0.932
GLU01B4168_002   1.384  -2.316  -0.932
GLU02B4168_003   1.204  -2.394  -1.190
GLU02B4168_004   1.204  -2.394  -1.190
GLU-1B4168_005   1.080  -2.269  -1.189
SER01B4169_001   0.000  -2.060  -2.060
SER01B4169_002   0.000  -2.060  -2.060
ILE01B4170_001   4.377   0.000   4.377
LEU01B4171_001   2.158  -1.288   0.870
GLU01B4172_001   1.387  -2.875  -1.488
GLU01B4172_002   1.387  -2.875  -1.488
GLU02B4172_003   1.126  -2.852  -1.725
GLU02B4172_004   1.126  -2.852  -1.725
GLU-1B4172_005   1.053  -2.730  -1.677
TYR01B4173_001   5.080  -2.531   2.549
TYR01B4173_002   5.080  -2.531   2.549
TYR-1B4173_003   5.080  -2.531   2.549
PHE01B4174_001   5.188  -0.051   5.137
ARG01B4175_001   5.294  -5.379  -0.085
ARG02B4175_002   5.247  -5.379  -0.132
ARG03B4175_003   5.299  -5.379  -0.080
ARG+1B4175_004   5.207  -5.379  -0.172
PRO01B4176_001   0.456  -3.190  -2.734
TYR01B4177_001   5.366  -2.001   3.365
TYR01B4177_002   5.366  -2.001   3.365
TYR-1B4177_003   5.366  -2.001   3.365
LEU01B4178_001   2.641  -1.252   1.388
ARG01B4180_001   2.338  -1.902   0.436
ARG02B4180_002   2.325  -1.902   0.423
ARG02B4180_003   2.395  -1.902   0.494
ARG03B4180_004   2.316  -1.902   0.415
ARG+1B4180_005   2.277  -1.902   0.375
ILE01B4181_001   2.407  -0.103   2.304
GLU01B4182_001   6.308   0.000   6.308
GLU01B4182_002   6.308   0.000   6.308
GLU02B4182_003   5.090   0.000   5.090
GLU02B4182_004   5.090   0.000   5.090
GLU-1B4182_005   5.015   0.000   5.015
ILE01B4183_001   1.960  -0.052   1.908
MET01B4184_001   1.013  -2.635  -1.622
ALA01B4186_001   0.000  -1.030  -1.030
SER01B4187_001   0.000  -1.154  -1.154
SER01B4187_002   0.000  -1.154  -1.154
ARG01B4188_001   2.115  -9.822  -7.707
ARG02B4188_002   2.141  -9.822  -7.681
ARG03B4188_003   2.075  -9.822  -7.747
ARG+1B4188_004   2.036  -9.822  -7.786
ARG01B4189_001   9.819  -4.347   5.472
ARG02B4189_002   9.759  -4.347   5.412
ARG03B4189_003   9.758  -4.347   5.410
ARG+1B4189_004   9.710  -4.347   5.363
ILE01B4190_001   3.756  -0.206   3.550
GLU01B4191_001   2.324  -0.103   2.220
GLU01B4191_002   2.324  -0.103   2.220
GLU02B4191_003   1.823  -0.109   1.714
GLU02B4191_004   1.823  -0.109   1.714
GLU-1B4191_005   1.768  -0.103   1.665
ARG01B4192_001   7.307  -0.440   6.867
ARG02B4192_002   7.242  -0.440   6.802
ARG03B4192_003   7.250  -0.440   6.810
ARG03B4192_004   7.308  -0.440   6.868
ARG+1B4192_005   7.202  -0.440   6.762
ILE01B4193_001   3.090  -1.185   1.906
TYR01B4194_001   6.028  -0.815   5.213
TYR01B4194_002   6.028  -0.815   5.213
TYR-1B4194_003   6.028  -0.815   5.213
PHE01B4195_001   5.999   0.000   5.999
GLU01B4196_001   3.323  -1.671   1.652
GLU01B4196_002   3.323  -1.671   1.652
GLU02B4196_003   2.747  -1.774   0.973
GLU02B4196_004   2.747  -1.774   0.973
GLU-1B4196_005   2.660  -1.696   0.964
ILE01B4197_001   2.945  -0.155   2.791
SER01B4198_001   0.000  -2.304  -2.304
SER01B4198_002   0.000  -2.304  -2.304
GLU01B4199_001   2.644  -1.737   0.907
GLU01B4199_002   2.644  -1.737   0.907
GLU02B4199_003   2.204  -1.798   0.406
GLU02B4199_004   2.204  -1.798   0.406
GLU-1B4199_005   2.086  -1.721   0.365
THR01B4200_001   0.233  -5.744  -5.511
THR01B4200_002   0.233  -5.744  -5.511
ASN01B4201_001   0.253  -0.645  -0.391
ASN01B4201_002   0.468  -0.738  -0.271
ARG01B4202_001   2.855  -4.453  -1.598
ARG02B4202_002   2.836  -4.453  -1.617
ARG03B4202_003   2.827  -4.453  -1.626
ARG+1B4202_004   2.788  -4.453  -1.666
ALA01B4203_001   0.000  -3.432  -3.432
GLN01B4204_001   6.461  -0.362   6.099
GLN01B4204_002  10.674  -0.310  10.364
TRP01B4205_001   3.391  -0.980   2.411
GLU01B4206_001   1.623  -2.452  -0.829
GLU01B4206_002   1.623  -2.452  -0.829
GLU02B4206_003   1.349  -2.491  -1.142
GLU02B4206_004   1.349  -2.491  -1.142
GLU-1B4206_005   1.256  -2.411  -1.155
MET01B4207_001   1.200  -4.138  -2.938
PRO01B4208_001   0.284  -7.270  -6.986
GLN01B4209_001   0.753  -2.002  -1.249
GLN01B4209_002   0.667  -2.067  -1.400
VAL01B4210_001   0.784  -0.052   0.732
LYS01B4211_001   1.591  -5.414  -3.822
LYS+1B4211_002   1.541  -5.414  -3.873
GLU01B4212_001   1.812  -2.325  -0.513
GLU01B4212_002   1.812  -2.325  -0.513
GLU02B4212_003   1.529  -2.545  -1.016
GLU02B4212_004   1.529  -2.545  -1.016
GLU-1B4212_005   1.415  -2.432  -1.017
SER01B4213_001   0.000  -2.020  -2.020
LYS01B4214_001   7.763  -1.276   6.487
LYS+1B4214_002   7.683  -1.276   6.407
ARG01B4215_001   3.430  -8.329  -4.899
ARG02B4215_002   3.433  -8.329  -4.896
ARG03B4215_003   3.386  -8.329  -4.943
ARG+1B4215_004   3.342  -8.329  -4.987
GLN01B4216_001   2.597  -3.230  -0.633
GLN01B4216_002   4.297  -3.261   1.036
PHE01B4217_001   5.171  -1.067   4.104
ILE01B4218_001   2.600  -2.540   0.060
PHE01B4219_001   5.197  -3.145   2.052
ASP01B4220_001   0.175  -1.714  -1.539
ASP01B4220_002   0.175  -1.714  -1.539
ASP02B4220_003   0.257  -1.628  -1.371
ASP02B4220_004   0.257  -1.628  -1.371
ASP-1B4220_005   0.162  -1.649  -1.487
VAL01B4221_001   1.332  -0.258   1.074
VAL01B4222_001   1.208  -0.876   0.332
ASN01B4223_001   0.204  -1.703  -1.499
GLU01B4224_001   2.521  -3.543  -1.023
GLU01B4224_002   2.521  -3.543  -1.023
GLU02B4224_003   2.130  -3.516  -1.387
GLU02B4224_004   2.130  -3.516  -1.387
GLU-1B4224_005   2.000  -3.418  -1.418
GLU01B4227_001   1.456  -4.231  -2.775
GLU01B4227_002   1.456  -4.231  -2.775
GLU02B4227_003   1.168  -4.304  -3.136
GLU02B4227_004   1.168  -4.304  -3.136
GLU-1B4227_005   1.097  -4.211  -3.114
ALA01B4228_001   0.000  -2.968  -2.968
GLU01B4229_001   2.310  -2.605  -0.295
GLU01B4229_002   2.310  -2.605  -0.295
GLU02B4229_003   1.931  -2.566  -0.636
GLU02B4229_004   1.931  -2.566  -0.636
GLU-1B4229_005   1.817  -2.554  -0.737
LYS01B4230_001   2.202  -3.986  -1.784
LYS+1B4230_002   2.150  -3.986  -1.836
MET01B4231_001  -0.043  -0.773  -0.817
GLU01B4232_001   2.264  -1.157   1.107
GLU01B4232_002   2.264  -1.157   1.107
GLU02B4232_003   1.848  -1.202   0.646
GLU02B4232_004   1.848  -1.202   0.646
GLU-1B4232_005   1.759  -1.145   0.614
LEU01B4233_001   3.241  -3.586  -0.346
PHE01B4234_001   5.120   0.000   5.120
VAL01B4235_001   0.926  -0.361   0.566
SER01B4236_001   0.000  -2.272  -2.272
SER01B4236_002   0.000  -2.272  -2.272
PHE01B4237_001   5.700  -1.017   4.683
CYS01B4238_001  -0.002   0.000  -0.002
CYS01B4238_002  -0.002   0.000  -0.002
CYS01B4238_003  -0.003   0.000  -0.003
CYS-1B4238_004   0.000   0.000   0.000
GLU01B4239_001   4.313   0.000   4.313
GLU01B4239_002   4.313   0.000   4.313
GLU02B4239_003   3.475   0.000   3.475
GLU02B4239_004   3.475   0.000   3.475
GLU-1B4239_005   3.408   0.000   3.408
ASP01B4240_001   0.075  -0.792  -0.718
ASP01B4240_002   0.075  -0.792  -0.718
ASP02B4240_003   0.147  -0.833  -0.687
ASP02B4240_004   0.147  -0.833  -0.687
ASP-1B4240_005   0.071  -0.792  -0.721
THR01B4241_001   0.384  -0.163   0.221
THR01B4241_002   0.384  -0.163   0.221
ILE01B4242_001   2.403  -0.361   2.043
PHE01B4243_001   5.596  -0.606   4.990
GLU01B4244_001   2.214  -0.422   1.792
GLU01B4244_002   2.214  -0.422   1.792
GLU02B4244_003   1.760  -0.462   1.298
GLU02B4244_004   1.760  -0.462   1.298
GLU-1B4244_005   1.692  -0.413   1.279
MET01B4245_001  -0.074   0.000  -0.074
GLN01B4246_001   0.942  -1.773  -0.831
GLN01B4246_002   0.783  -2.028  -1.245
ILE01B4247_001   1.199  -0.927   0.272
ALA01B4248_001   0.000  -0.464  -0.464
ALA01B4249_001   0.000  -3.500  -3.500
GLN01B4250_001   3.160  -2.748   0.413
GLN01B4250_002   5.150  -2.590   2.560
ILE01B4251_001   2.781  -1.372   1.410
SER01B4252_001   0.000  -3.326  -3.326
SER01B4252_002   0.000  -3.326  -3.326
GLU01B4253_001   0.498  -2.503  -2.005
GLU01B4253_002   0.498  -2.503  -2.005
GLU02B4253_003   0.664  -2.470  -1.806
GLU02B4253_004   0.664  -2.470  -1.806
GLU-1B4253_005   0.467  -2.446  -1.979
CTR01B4253_001  -0.021  -5.531  -5.552
CTR01B4253_002   0.110  -5.435  -5.325
CTR02B4253_003  -0.022  -5.396  -5.418
CTR02B4253_004   0.043  -5.512  -5.469
CTR-1B4253_005   0.000  -5.473  -5.473
NTR01B4540_001  -0.003  -2.664  -2.667
NTR+1B4540_002  -0.005  -2.664  -2.669
PHE01B4540_001   2.034  -3.652  -1.618
TRP01B4541_001   0.641 -13.104 -12.463
GLU01B4543_001   0.500  -3.311  -2.812
GLU01B4543_002   0.500  -3.311  -2.812
GLU02B4543_003   0.666  -3.494  -2.828
GLU02B4543_004   0.666  -3.494  -2.828
GLU-1B4543_005   0.468  -3.334  -2.865
LEU01B4544_001   1.452  -3.982  -2.531
GLU01B4545_001   0.499  -2.662  -2.163
GLU01B4545_002   0.499  -2.662  -2.163
GLU02B4545_003   0.665  -2.597  -1.933
GLU02B4545_004   0.665  -2.597  -1.933
GLU-1B4545_005   0.467  -2.610  -2.143
VAL01B4546_001   0.533  -5.901  -5.368
GLN01B4547_001   1.432  -2.756  -1.324
GLN01B4547_002   2.060  -2.816  -0.757
ARG01B4548_001   4.006  -7.178  -3.171
ARG02B4548_002   3.956  -7.178  -3.222
ARG03B4548_003   3.958  -7.178  -3.220
ARG+1B4548_004   3.910  -7.178  -3.268
VAL01B4549_001   0.861  -3.416  -2.555
LYS01B4550_001   3.792  -4.151  -0.359
LYS+1B4550_002   3.697  -4.151  -0.454
PHE01B4551_001   4.880  -7.066  -2.186
LEU01B4552_001   3.269  -1.098   2.172
ASN01B4553_001   0.300  -0.837  -0.537
ASN01B4553_002   0.446  -0.915  -0.470
TYR01B4554_001   4.438  -8.073  -3.635
TYR01B4554_002   4.438  -8.073  -3.635
TYR-1B4554_003   4.438  -8.073  -3.635
LEU01B4555_001   2.297  -0.155   2.143
SER01B4556_001   0.000   0.000   0.000
ARG01B4557_001   6.331  -4.267   2.064
ARG02B4557_002   6.287  -4.267   2.020
ARG02B4557_003   6.293  -4.267   2.026
ARG03B4557_004   6.344  -4.267   2.077
ARG+1B4557_005   6.247  -4.267   1.980
ASN01B4558_001   0.242  -1.062  -0.819
PHE01B4559_001   4.767  -0.809   3.958
TYR01B4560_001   4.866  -6.747  -1.881
TYR-1B4560_002   4.866  -6.747  -1.881
THR01B4561_001   0.290  -4.366  -4.075
LEU01B4562_001   2.731  -0.702   2.030
ARG01B4563_001   1.887  -2.678  -0.791
ARG02B4563_002   1.840  -2.678  -0.839
ARG02B4563_003   1.845  -2.678  -0.833
ARG03B4563_004   1.845  -2.678  -0.833
ARG03B4563_005   1.905  -2.678  -0.773
ARG+1B4563_006   1.801  -2.678  -0.877
PHE01B4564_001   4.821  -8.555  -3.734
LEU01B4565_001   1.752  -3.500  -1.748
ALA01B4566_001   0.000  -0.052  -0.052
LEU01B4567_001   2.554  -2.627  -0.073
PHE01B4568_001   4.797  -8.717  -3.920
LEU01B4569_001   2.954  -0.618   2.336
ALA01B4570_001   0.000   0.000   0.000
PHE01B4571_001   4.873  -6.007  -1.134
ALA01B4572_001   0.000  -2.505  -2.505
ILE01B4573_001   2.008  -0.103   1.905
ASN01B4574_001   0.547  -0.433   0.114
ASN01B4574_002   0.278  -0.347  -0.069
PHE01B4575_001   4.555  -8.353  -3.798
ILE01B4576_001   2.867  -0.876   1.992
LEU01B4577_001   3.498  -2.093   1.405
LEU01B4578_001   1.987  -5.714  -3.728
PHE01B4579_001   4.728  -2.593   2.135
TYR01B4580_001   4.428  -4.036   0.392
TYR-1B4580_002   4.428  -4.036   0.392
LYS01B4581_001   1.165  -6.585  -5.420
LYS+1B4581_002   1.119  -6.585  -5.466
VAL01B4582_001   0.594  -5.611  -5.017
SER01B4583_001   0.000  -0.567  -0.567
SER01B4583_002   0.000  -0.567  -0.567
SER01B4583_003   0.000  -0.567  -0.567
ASP01B4584_001  -0.040  -3.826  -3.867
ASP01B4584_002  -0.040  -3.826  -3.867
ASP02B4584_003  -0.009  -3.776  -3.785
ASP02B4584_004  -0.009  -3.776  -3.785
ASP-1B4584_005  -0.041  -3.721  -3.762
SER01B4585_001   0.000  -3.255  -3.255
SER01B4585_002   0.000  -3.255  -3.255
PRO01B4586_001   0.281  -5.230  -4.949
PRO01B4587_001   0.248  -4.459  -4.211
CTR01B4587_001  -0.021  -4.547  -4.568
CTR01B4587_002   0.091  -4.663  -4.572
CTR02B4587_003  -0.022  -4.508  -4.530
CTR02B4587_004   0.033  -4.740  -4.707
CTR-1B4587_005   0.000  -4.508  -4.508
NTR01B4626_001  -0.003  -3.628  -3.631
NTR+1B4626_002  -0.005  -3.628  -3.633
ASN01B4626_001  -0.020  -3.317  -3.337
MET01B4627_001   0.142  -4.821  -4.679
VAL01B4628_001   0.567  -2.695  -2.127
TYR01B4629_001   4.614  -7.320  -2.707
TYR01B4629_002   4.614  -7.320  -2.707
TYR-1B4629_003   4.614  -7.320  -2.707
TYR01B4630_001   4.897  -3.899   0.998
TYR01B4630_002   4.897  -3.899   0.998
TYR-1B4630_003   4.897  -3.899   0.998
PHE01B4631_001   5.162  -3.654   1.508
LEU01B4632_001   2.143  -4.321  -2.177
GLU01B4633_001   3.233  -2.440   0.792
GLU01B4633_002   3.233  -2.440   0.792
GLU02B4633_003   2.577  -2.562   0.014
GLU02B4633_004   2.577  -2.562   0.014
GLU-1B4633_005   2.511  -2.507   0.004
GLU01B4634_001   2.216  -1.296   0.920
GLU01B4634_002   2.216  -1.296   0.920
GLU02B4634_003   1.747  -1.194   0.553
GLU02B4634_004   1.747  -1.194   0.553
GLU-1B4634_005   1.691  -1.214   0.477
SER01B4635_001   0.000  -4.908  -4.908
THR01B4636_001   0.179  -2.693  -2.514
THR01B4636_002   0.179  -2.693  -2.514
THR01B4636_003   0.179  -2.693  -2.514
TYR01B4638_001   4.778  -8.712  -3.934
TYR01B4638_002   4.778  -8.712  -3.934
TYR-1B4638_003   4.778  -8.712  -3.934
MET01B4639_001  16.712   0.000  16.712
GLU01B4640_001   2.150  -2.091   0.059
GLU01B4640_002   2.150  -2.091   0.059
GLU02B4640_003   1.781  -2.241  -0.460
GLU02B4640_004   1.781  -2.241  -0.460
GLU-1B4640_005   1.678  -2.084  -0.406
PRO01B4641_001   0.265  -5.783  -5.518
ALA01B4642_001   0.000  -2.524  -2.524
LEU01B4643_001   3.130  -2.315   0.815
TRP01B4644_001   2.701 -11.011  -8.310
CYS01B4645_001  -0.002  -3.814  -3.816
CYS01B4645_002  -0.002  -3.814  -3.816
CYS01B4645_003  -0.002  -3.814  -3.816
CYS-1B4645_004   0.000  -3.814  -3.814
LEU01B4646_001   1.434  -3.673  -2.239
SER01B4647_001   0.000  -0.192  -0.192
SER01B4647_002   0.000  -0.192  -0.192
SER01B4647_003   0.000  -0.192  -0.192
LEU01B4648_001   2.694  -5.132  -2.437
LEU01B4649_001   2.170  -3.313  -1.143
HIS01B4650_001  -0.135   0.000  -0.135
HIS01B4650_002  -0.089   0.000  -0.089
HIS02B4650_003  -0.154   0.000  -0.154
HIS02B4650_004  -0.102   0.000  -0.102
HIS+1B4650_005  -0.180   0.000  -0.180
HIS+1B4650_006  -0.129   0.000  -0.129
THR01B4651_001   0.263  -1.547  -1.284
THR01B4651_002   0.263  -1.547  -1.284
THR01B4651_003   0.263  -1.547  -1.284
LEU01B4652_001   3.949  -5.354  -1.405
VAL01B4653_001   0.720  -0.309   0.411
ALA01B4654_001   0.000   0.000   0.000
PHE01B4655_001   4.940  -8.011  -3.071
LEU01B4656_001   2.255  -1.835   0.420
CYS01B4657_001  -0.002   0.000  -0.002
CYS01B4657_002  -0.002   0.000  -0.002
CYS01B4657_003  -0.002   0.000  -0.002
CYS-1B4657_004   0.000   0.000   0.000
ILE01B4658_001   2.467  -2.469  -0.002
ILE01B4659_001   2.239  -3.036  -0.797
TYR01B4661_001   5.602  -0.253   5.349
TYR01B4661_002   5.602  -0.253   5.349
TYR-1B4661_003   5.602  -0.253   5.349
ASN01B4662_001   0.182  -1.934  -1.752
ASN01B4662_002   0.012  -1.895  -1.883
CYS01B4663_001  -0.002  -1.479  -1.481
CYS01B4663_002  -0.002  -1.479  -1.481
CYS01B4663_003  -0.003  -1.479  -1.482
CYS-1B4663_004   0.000  -1.479  -1.479
LEU01B4664_001   1.751  -1.236   0.515
LYS01B4665_001   3.084  -3.519  -0.435
LYS+1B4665_002   2.990  -3.519  -0.529
VAL01B4666_001   0.348  -0.171   0.177
PRO01B4667_001   0.289  -1.870  -1.582
LEU01B4668_001   2.112  -1.285   0.828
VAL01B4669_001   0.563  -1.867  -1.304
ILE01B4670_001   2.461  -0.464   1.998
PHE01B4671_001   5.143   0.000   5.143
LYS01B4672_001   1.626  -4.707  -3.081
LYS+1B4672_002   1.576  -4.707  -3.131
ARG01B4673_001   2.997  -1.002   1.995
ARG02B4673_002   2.958  -1.002   1.956
ARG02B4673_003   2.962  -1.002   1.960
ARG03B4673_004   2.966  -1.002   1.964
ARG03B4673_005   3.032  -1.002   2.030
ARG+1B4673_006   2.918  -1.002   1.916
GLU01B4674_001   1.876   0.000   1.876
GLU01B4674_002   1.876   0.000   1.876
GLU02B4674_003   1.531   0.000   1.531
GLU02B4674_004   1.531   0.000   1.531
GLU-1B4674_005   1.454   0.000   1.454
LYS01B4675_001   2.753  -0.656   2.097
LYS+1B4675_002   2.704  -0.656   2.048
GLU01B4676_001   4.766  -1.384   3.382
GLU01B4676_002   4.766  -1.384   3.382
GLU02B4676_003   3.808  -1.259   2.549
GLU02B4676_004   3.808  -1.259   2.549
GLU-1B4676_005   3.745  -1.322   2.423
LEU01B4677_001   1.370  -0.412   0.958
ALA01B4678_001   0.000  -0.464  -0.464
ARG01B4679_001   1.870  -2.523  -0.653
ARG02B4679_002   1.854  -2.523  -0.669
ARG02B4679_003   1.935  -2.523  -0.588
ARG03B4679_004   1.846  -2.523  -0.677
ARG03B4679_005   1.850  -2.523  -0.673
ARG+1B4679_006   1.806  -2.523  -0.717
LYS01B4680_001   1.067  -5.780  -4.713
LYS+1B4680_002   1.019  -5.780  -4.761
LEU01B4681_001   1.332  -0.103   1.229
GLU01B4682_001   2.251  -0.624   1.627
GLU01B4682_002   2.251  -0.624   1.627
GLU02B4682_003   1.826  -0.578   1.249
GLU02B4682_004   1.826  -0.578   1.249
GLU-1B4682_005   1.747  -0.586   1.161
PHE01B4683_001   5.104  -4.308   0.796
ASP01B4684_001   0.296  -2.352  -2.056
ASP01B4684_002   0.296  -2.352  -2.056
ASP02B4684_003   0.407  -2.217  -1.809
ASP02B4684_004   0.407  -2.217  -1.809
ASP-1B4684_005   0.281  -2.102  -1.821
LEU01B4686_001   2.052  -2.160  -0.109
TYR01B4687_001   5.208  -0.102   5.106
TYR01B4687_002   5.208  -0.102   5.106
TYR-1B4687_003   5.208  -0.102   5.106
ILE01B4688_001   2.082   0.000   2.082
THR01B4689_001   0.232  -2.769  -2.538
THR01B4689_002   0.232  -2.769  -2.538
GLU01B4690_001   4.164  -2.990   1.173
GLU01B4690_002   4.164  -2.990   1.173
GLU02B4690_003   3.327  -3.000   0.328
GLU02B4690_004   3.327  -3.000   0.328
GLU-1B4690_005   3.257  -2.937   0.320
GLN01B4691_001   1.484  -2.640  -1.156
GLN01B4691_002   2.108  -2.620  -0.513
PRO01B4692_001   0.457  -0.247   0.210
ASP01B4694_001   0.160  -2.190  -2.030
ASP01B4694_002   0.160  -2.190  -2.030
ASP02B4694_003   0.245  -2.281  -2.036
ASP02B4694_004   0.245  -2.281  -2.036
ASP-1B4694_005   0.151  -2.174  -2.023
ASP01B4695_001   0.159  -3.236  -3.077
ASP01B4695_002   0.159  -3.236  -3.077
ASP02B4695_003   0.245  -3.282  -3.037
ASP02B4695_004   0.245  -3.282  -3.037
ASP-1B4695_005   0.151  -3.109  -2.959
ASP01B4696_001   0.167  -3.259  -3.091
ASP01B4696_002   0.167  -3.259  -3.091
ASP02B4696_003   0.250  -3.309  -3.059
ASP02B4696_004   0.250  -3.309  -3.059
ASP-1B4696_005   0.157  -3.217  -3.060
VAL01B4697_001   0.683  -6.880  -6.197
LYS01B4698_001   1.418  -5.801  -4.383
LYS+1B4698_002   1.371  -5.801  -4.431
GLN01B4700_001   2.037  -1.610   0.427
GLN01B4700_002   1.432  -1.712  -0.280
TRP01B4701_001   3.605  -3.944  -0.339
ASP01B4702_001   0.071  -0.034   0.036
ASP01B4702_002   0.071  -0.034   0.036
ASP02B4702_003   0.129  -0.036   0.093
ASP02B4702_004   0.129  -0.036   0.093
ASP-1B4702_005   0.062  -0.034   0.027
ARG01B4703_001   2.732  -5.144  -2.413
ARG02B4703_002   2.681  -5.144  -2.464
ARG03B4703_003   2.774  -5.144  -2.370
ARG+1B4703_004   2.641  -5.144  -2.504
LEU01B4704_001   4.113  -2.917   1.196
VAL01B4705_001   0.598   0.000   0.598
LEU01B4706_001   1.689  -0.206   1.483
ASN01B4707_001   0.536  -1.432  -0.896
THR01B4708_001   0.299  -0.206   0.093
THR01B4708_002   0.299  -0.206   0.093
PRO01B4709_001   0.285  -4.479  -4.194
SER01B4710_001   0.000  -1.215  -1.215
SER01B4710_002   0.000  -1.215  -1.215
SER01B4710_003   0.000  -1.215  -1.215
PHE01B4711_001   5.371  -0.118   5.253
PRO01B4712_001   0.399  -0.103   0.296
SER01B4713_001   0.000  -1.465  -1.465
SER01B4713_002   0.000  -1.465  -1.465
ASN01B4714_001   0.203  -0.886  -0.683
ASN01B4714_002   0.026  -0.930  -0.904
TYR01B4715_001   5.546  -1.026   4.519
TYR01B4715_002   5.546  -1.026   4.519
TYR-1B4715_003   5.546  -1.026   4.519
TRP01B4716_001   3.540  -2.579   0.961
ASP01B4717_001   0.287  -0.807  -0.520
ASP01B4717_002   0.287  -0.807  -0.520
ASP02B4717_003   0.314  -0.746  -0.432
ASP02B4717_004   0.314  -0.746  -0.432
ASP-1B4717_005   0.237  -0.741  -0.504
LYS01B4718_001   0.596  -3.202  -2.606
LYS+1B4718_002   0.554  -3.202  -2.648
PHE01B4719_001   5.152  -3.082   2.070
VAL01B4720_001   0.775  -0.258   0.517
LYS01B4721_001   0.736  -0.927  -0.192
LYS+1B4721_002   0.689  -0.927  -0.238
ARG01B4722_001   2.546  -5.955  -3.409
ARG02B4722_002   2.495  -5.955  -3.460
ARG03B4722_003   2.502  -5.955  -3.453
ARG+1B4722_004   2.455  -5.955  -3.500
LYS01B4723_001   1.309  -3.385  -2.076
LYS+1B4723_002   1.260  -3.385  -2.125
VAL01B4724_001   0.741  -0.052   0.689
LEU01B4725_001   2.931  -0.943   1.988
ASP01B4726_001   0.089  -3.335  -3.245
ASP01B4726_002   0.089  -3.335  -3.245
ASP02B4726_003   0.166  -3.257  -3.091
ASP02B4726_004   0.166  -3.257  -3.091
ASP-1B4726_005   0.086  -3.217  -3.132
LYS01B4727_001   1.763  -4.013  -2.250
LYS+1B4727_002   1.713  -4.013  -2.300
HIS01B4728_001  -0.116  -1.396  -1.512
HIS01B4728_002  -0.067  -1.635  -1.702
HIS02B4728_003  -0.136  -1.396  -1.532
HIS02B4728_004  -0.081  -1.635  -1.715
HIS+1B4728_005  -0.163  -1.396  -1.559
HIS+1B4728_006  -0.107  -1.635  -1.742
ASP01B4730_001   0.095  -3.437  -3.342
ASP01B4730_002   0.095  -3.437  -3.342
ASP02B4730_003   0.173  -3.562  -3.388
ASP02B4730_004   0.173  -3.562  -3.388
ASP-1B4730_005   0.092  -3.394  -3.302
ILE01B4731_001   4.439  -4.923  -0.484
PHE01B4732_001   4.167  -4.456  -0.289
ARG01B4734_001   2.211  -8.220  -6.009
ARG02B4734_002   2.187  -8.220  -6.033
ARG03B4734_003   2.288  -8.220  -5.932
ARG+1B4734_004   2.147  -8.220  -6.072
GLU01B4735_001   3.424  -3.273   0.150
GLU01B4735_002   3.424  -3.273   0.150
GLU02B4735_003   2.771  -3.382  -0.611
GLU02B4735_004   2.771  -3.382  -0.611
GLU-1B4735_005   2.683  -3.147  -0.463
ARG01B4736_001   3.992  -7.628  -3.636
ARG02B4736_002   3.936  -7.628  -3.692
ARG03B4736_003   3.944  -7.628  -3.684
ARG+1B4736_004   3.896  -7.628  -3.732
ILE01B4737_001   2.251   0.000   2.251
ALA01B4738_001   0.000  -0.103  -0.103
GLU01B4739_001   3.629  -2.488   1.141
GLU01B4739_002   3.629  -2.488   1.141
GLU02B4739_003   2.923  -2.688   0.235
GLU02B4739_004   2.923  -2.688   0.235
GLU-1B4739_005   2.850  -2.496   0.354
LEU01B4740_001   2.326  -2.402  -0.075
LEU01B4741_001   1.326  -0.103   1.223
MET01B4743_001   0.680  -0.719  -0.039
ASP01B4744_001  -0.040  -2.164  -2.204
ASP01B4744_002  -0.040  -2.164  -2.204
ASP02B4744_003  -0.009  -2.208  -2.217
ASP02B4744_004  -0.009  -2.208  -2.217
ASP-1B4744_005  -0.041  -2.136  -2.176
LEU01B4745_001   1.456  -6.040  -4.583
ALA01B4746_001   0.000  -0.979  -0.979
SER01B4747_001   0.000  -1.407  -1.407
SER01B4747_002   0.000  -1.407  -1.407
LEU01B4748_001   1.460  -5.750  -4.290
GLU01B4749_001   0.498  -2.543  -2.045
GLU01B4749_002   0.498  -2.543  -2.045
GLU02B4749_003   0.664  -2.514  -1.849
GLU02B4749_004   0.664  -2.514  -1.849
GLU-1B4749_005   0.467  -2.446  -1.980
ILE01B4750_001   0.937  -2.163  -1.226
THR01B4751_001   0.152  -4.927  -4.775
ALA01B4752_001   0.000  -3.242  -3.242
HIS01B4753_001  -0.354  -1.377  -1.731
HIS01B4753_002  -0.345  -1.511  -1.856
HIS02B4753_003  -0.363  -1.377  -1.740
HIS02B4753_004  -0.356  -1.511  -1.867
HIS+1B4753_005  -0.382  -1.377  -1.760
HIS+1B4753_006  -0.375  -1.511  -1.886
ASN01B4754_001  -0.020  -0.738  -0.758
ASN01B4754_002  -0.090  -0.640  -0.730
GLU01B4755_001   0.499  -1.876  -1.377
GLU01B4755_002   0.499  -1.876  -1.377
GLU02B4755_003   0.665  -1.836  -1.171
GLU02B4755_004   0.665  -1.836  -1.171
GLU-1B4755_005   0.467  -1.792  -1.325
ARG01B4756_0011190.156  -5.6181184.538
ARG02B4756_0021190.139  -5.6181184.521
ARG03B4756_0031190.171  -5.6181184.553
ARG03B4756_004 189.196  -5.618 183.578
ARG+1B4756_0051190.105  -5.6181184.487
LYS01B4757_001   3.786  -1.272   2.514
LYS+1B4757_002   3.691  -1.272   2.420
PRO01B4758_001   0.246  -5.626  -5.380
ASP01B4759_001  -0.040  -3.518  -3.559
ASP01B4759_002  -0.040  -3.518  -3.559
ASP02B4759_003  -0.009  -3.481  -3.489
ASP02B4759_004  -0.009  -3.481  -3.489
ASP-1B4759_005  -0.040  -3.484  -3.524
PRO01B4760_001   0.246  -6.849  -6.603
PRO01B4761_001   0.240  -6.663  -6.423
PRO01B4762_001   0.238  -5.714  -5.476
LEU01B4764_001   1.454  -4.910  -3.456
LEU01B4765_001   1.461  -5.199  -3.738
THR01B4766_001   0.227  -4.954  -4.727
THR01B4766_002   0.227  -4.954  -4.727
TRP01B4767_001   3.058  -7.369  -4.311
LEU01B4768_001   3.306  -7.189  -3.883
MET01B4769_001   0.142  -9.725  -9.583
SER01B4770_001   0.000  -3.177  -3.177
SER01B4770_002   0.000  -3.177  -3.177
ILE01B4771_001   2.111  -4.684  -2.573
ASP01B4772_001   0.170  -2.293  -2.123
ASP01B4772_002   0.170  -2.293  -2.123
ASP02B4772_003   0.248  -2.336  -2.088
ASP02B4772_004   0.248  -2.336  -2.088
ASP-1B4772_005   0.157  -2.274  -2.117
VAL01B4773_001   0.666  -5.631  -4.964
LYS01B4774_001   1.127  -6.051  -4.924
LYS+1B4774_002   1.080  -6.051  -4.972
TYR01B4775_001   5.145  -0.868   4.277
TYR01B4775_002   5.145  -0.868   4.277
TYR-1B4775_003   5.145  -0.868   4.277
GLN01B4776_001   0.938  -1.967  -1.029
GLN01B4776_002   0.781  -1.974  -1.193
ILE01B4777_001   2.826  -4.066  -1.240
TRP01B4778_001   3.939   0.000   3.939
LYS01B4779_001   1.413  -3.346  -1.933
LYS+1B4779_002   1.366  -3.346  -1.980
PHE01B4780_001   4.804  -5.756  -0.952
VAL01B4782_001   1.145  -0.155   0.991
ILE01B4783_001   2.111  -1.510   0.601
PHE01B4784_001   4.325  -6.876  -2.550
THR01B4785_001   0.192  -2.800  -2.608
THR01B4785_002   0.192  -2.800  -2.608
ASP01B4786_001   0.367  -0.761  -0.394
ASP01B4786_002   0.367  -0.761  -0.394
ASP02B4786_003   0.414  -0.724  -0.309
ASP02B4786_004   0.414  -0.724  -0.309
ASP-1B4786_005   0.315  -0.724  -0.409
ASN01B4787_001   0.352  -3.941  -3.588
ASN01B4787_002   0.146  -3.740  -3.594
SER01B4788_001   0.000  -2.875  -2.875
SER01B4788_002   0.000  -2.875  -2.875
SER01B4788_003   0.000  -2.875  -2.875
PHE01B4789_001   5.558  -1.533   4.024
LEU01B4790_001   2.211  -5.438  -3.227
TYR01B4791_001   5.750  -4.138   1.613
TYR01B4791_002   5.750  -4.138   1.613
TYR-1B4791_003   5.750  -4.138   1.613
LEU01B4792_001   1.068  -0.309   0.759
TRP01B4794_001   3.452  -8.600  -5.148
TYR01B4795_001   5.384  -0.118   5.266
TYR-1B4795_002   5.384  -0.118   5.266
MET01B4796_001   5.587  -1.357   4.230
VAL01B4797_001   0.603  -3.995  -3.392
MET01B4798_001  -0.053  -1.054  -1.107
SER01B4799_001   0.000   0.000   0.000
SER01B4799_002   0.000   0.000   0.000
SER01B4799_003   0.000   0.000   0.000
LEU01B4800_001   2.208  -6.452  -4.244
LEU01B4801_001   1.590  -3.194  -1.604
HIS01B4803_001  -0.169  -3.456  -3.625
HIS01B4803_002  -0.132  -3.189  -3.320
HIS02B4803_003  -0.186  -3.456  -3.642
HIS02B4803_004  -0.145  -3.189  -3.334
HIS+1B4803_005  -0.213  -3.456  -3.669
HIS+1B4803_006  -0.172  -3.189  -3.361
TYR01B4804_001   4.256  -9.001  -4.745
TYR01B4804_002   4.256  -9.001  -4.745
TYR-1B4804_003   4.256  -9.001  -4.745
ASN01B4805_001   0.141  -1.976  -1.835
ASN01B4805_002  -0.013  -1.833  -1.846
ASN01B4806_001   0.458  -1.683  -1.225
ASN01B4806_002   0.227  -1.639  -1.412
PHE01B4807_001   4.826 -10.945  -6.119
PHE01B4808_001   5.371  -3.942   1.429
PHE01B4809_001   5.472  -0.257   5.215
ALA01B4810_001   0.000  -2.025  -2.025
ALA01B4811_001   0.000  -1.391  -1.391
HIS01B4812_001  -0.115   0.000  -0.115
HIS02B4812_002  -0.134   0.000  -0.134
HIS+1B4812_003  -0.161   0.000  -0.161
LEU01B4813_001   3.369  -3.258   0.111
LEU01B4814_001   1.627  -8.255  -6.628
ASP01B4815_001   0.472  -0.122   0.350
ASP01B4815_002   0.472  -0.122   0.350
ASP02B4815_003   0.580  -0.118   0.462
ASP02B4815_004   0.580  -0.118   0.462
ASP-1B4815_005   0.433  -0.082   0.351
ILE01B4816_001   1.371  -0.618   0.753
ALA01B4817_001   0.000  -2.418  -2.418
MET01B4818_001   0.400  -4.692  -4.292
VAL01B4820_001   0.969  -3.828  -2.859
LYS01B4821_001   1.519  -8.579  -7.060
LYS+1B4821_002   1.472  -8.579  -7.107
THR01B4822_001   0.315  -4.078  -3.763
THR01B4822_002   0.315  -4.078  -3.763
LEU01B4823_001   1.216  -4.617  -3.401
ARG01B4824_001   2.529  -6.825  -4.297
ARG02B4824_002   2.452  -6.825  -4.374
ARG03B4824_003   2.457  -6.825  -4.368
ARG+1B4824_004   2.413  -6.825  -4.413
THR01B4825_001   0.331  -3.727  -3.396
THR01B4825_002   0.331  -3.727  -3.396
ILE01B4826_001   4.311  -6.143  -1.832
LEU01B4827_001   1.779  -4.395  -2.616
SER01B4828_001   0.000  -2.331  -2.331
SER01B4829_001   0.000   0.000   0.000
SER01B4829_002   0.000   0.000   0.000
VAL01B4830_001   0.597  -4.102  -3.505
THR01B4831_001   0.232  -5.519  -5.287
HIS01B4832_001  -0.162  -3.182  -3.344
HIS02B4832_002  -0.180  -3.182  -3.362
HIS+1B4832_003  -0.207  -3.182  -3.389
ASN01B4833_001   0.446  -0.812  -0.366
ASN01B4833_002   0.220  -0.901  -0.681
LYS01B4835_001   1.108  -9.414  -8.306
LYS+1B4835_002   1.044  -9.414  -8.370
GLN01B4836_001   2.748  -2.594   0.154
LEU01B4837_001   2.430  -2.060   0.370
VAL01B4838_001   0.772  -5.080  -4.309
MET01B4839_001  -0.035  -8.437  -8.472
THR01B4840_001   0.269  -0.773  -0.504
THR01B4840_002   0.269  -0.773  -0.504
VAL01B4841_001   0.778  -4.700  -3.922
LEU01B4843_001   3.661  -5.544  -1.883
LEU01B4844_001   3.720  -2.485   1.235
ALA01B4845_001   0.000  -2.675  -2.675
VAL01B4846_001   0.693  -4.942  -4.249
VAL01B4847_001   0.843  -0.876  -0.033
VAL01B4848_001   1.183   0.000   1.183
TYR01B4849_001   5.073  -7.459  -2.386
TYR-1B4849_002   5.073  -7.459  -2.386
LEU01B4850_001   1.527  -6.004  -4.477
TYR01B4851_001   4.301  -3.450   0.851
TYR01B4851_002   4.301  -3.450   0.851
TYR-1B4851_003   4.301  -3.450   0.851
THR01B4852_001   0.301   0.000   0.301
THR01B4852_002   0.301   0.000   0.301
THR01B4852_003   0.301   0.000   0.301
VAL01B4853_001   0.602  -2.746  -2.145
VAL01B4854_001   0.680  -2.350  -1.670
ALA01B4855_001   0.000  -0.309  -0.309
PHE01B4856_001   5.288  -2.207   3.081
ASN01B4857_001   0.274  -2.317  -2.043
PHE01B4858_001   4.324  -9.592  -5.269
PHE01B4859_001   4.195  -0.894   3.301
ARG01B4860_001   3.101  -7.470  -4.369
ARG02B4860_002   3.068  -7.470  -4.403
ARG03B4860_003   3.072  -7.470  -4.398
ARG+1B4860_004   3.023  -7.470  -4.447
LYS01B4861_001   2.313  -4.630  -2.317
LYS+1B4861_002   2.254  -4.630  -2.376
PHE01B4862_001   5.737  -1.955   3.782
TYR01B4863_001   4.257  -0.101   4.155
TYR01B4863_002   4.257  -0.101   4.155
TYR-1B4863_003   4.257  -0.101   4.155
ASN01B4864_001   0.249  -1.413  -1.164
ASN01B4864_002   0.433  -1.270  -0.837
LYS01B4865_001   2.522  -1.335   1.187
LYS+1B4865_002   2.476  -1.335   1.141
SER01B4866_001   0.000  -3.968  -3.968
GLU01B4867_001   3.137  -2.154   0.983
GLU01B4867_002   3.137  -2.154   0.983
GLU02B4867_003   2.528  -2.368   0.160
GLU02B4867_004   2.528  -2.368   0.160
GLU-1B4867_005   2.450  -2.191   0.259
ASP01B4868_001   0.403  -3.912  -3.508
ASP01B4868_002   0.403  -3.912  -3.508
ASP02B4868_003   0.459  -3.676  -3.218
ASP02B4868_004   0.459  -3.676  -3.218
ASP-1B4868_005   0.350  -3.639  -3.289
GLU01B4869_001   1.494  -4.050  -2.555
GLU01B4869_002   1.494  -4.050  -2.555
GLU02B4869_003   1.246  -3.997  -2.750
GLU02B4869_004   1.246  -3.997  -2.750
GLU-1B4869_005   1.153  -3.940  -2.787
ASP01B4870_001   0.231  -2.969  -2.738
ASP01B4870_002   0.231  -2.969  -2.738
ASP02B4870_003   0.331  -3.045  -2.714
ASP02B4870_004   0.331  -3.045  -2.714
ASP-1B4870_005   0.219  -2.929  -2.710
GLU01B4871_001   3.351  -1.508   1.843
GLU01B4871_002   3.351  -1.508   1.843
GLU02B4871_003   2.673  -1.490   1.183
GLU02B4871_004   2.673  -1.490   1.183
GLU-1B4871_005   2.599  -1.460   1.139
CTR01B4871_001  -0.021  -1.101  -1.121
CTR01B4871_002   0.094  -1.197  -1.103
CTR02B4871_003  -0.022  -1.120  -1.142
CTR02B4871_004   0.037  -1.120  -1.083
CTR-1B4871_005   0.000  -1.120  -1.120
NTR01B4872_001  -0.002  -0.750  -0.752
NTR+1B4872_002  -0.004  -0.750  -0.754
PRO01B4872_001   0.268  -5.659  -5.392
ASP01B4873_001   0.089  -1.795  -1.706
ASP01B4873_002   0.089  -1.795  -1.706
ASP02B4873_003   0.165  -1.839  -1.675
ASP02B4873_004   0.165  -1.839  -1.675
ASP-1B4873_005   0.085  -1.736  -1.651
MET01B4874_001   0.450  -1.455  -1.005
LYS01B4875_001   2.205  -1.632   0.573
LYS+1B4875_002   2.142  -1.632   0.510
CYS01B4876_001  -0.002   0.000  -0.002
CYS01B4876_002  -0.002   0.000  -0.002
CYS01B4876_003  -0.003   0.000  -0.003
CYS-1B4876_004   0.000   0.000   0.000
ASP01B4877_001   0.107  -1.688  -1.581
ASP01B4877_002   0.107  -1.688  -1.581
ASP02B4877_003   0.178  -1.676  -1.498
ASP02B4877_004   0.178  -1.676  -1.498
ASP-1B4877_005   0.099  -1.641  -1.541
ASP01B4878_001  -0.041  -2.053  -2.094
ASP01B4878_002  -0.041  -2.053  -2.094
ASP02B4878_003  -0.009  -2.167  -2.176
ASP02B4878_004  -0.009  -2.167  -2.176
ASP-1B4878_005  -0.041  -2.053  -2.094
MET01B4879_001  -0.041  -4.573  -4.614
MET01B4880_001   1.786  -9.706  -7.920
THR01B4881_001   0.303  -1.846  -1.543
THR01B4881_002   0.303  -1.846  -1.543
THR01B4881_003   0.303  -1.846  -1.543
CYS01B4882_001  -0.002   0.000  -0.002
CYS01B4882_002  -0.002   0.000  -0.002
CYS01B4882_003  -0.002   0.000  -0.002
CYS-1B4882_004   0.000   0.000   0.000
TYR01B4883_001   5.209  -2.524   2.685
TYR-1B4883_002   5.209  -2.524   2.685
LEU01B4884_001   1.835  -6.915  -5.080
PHE01B4885_001   5.245  -0.909   4.336
HIS01B4886_001  -0.133  -0.068  -0.200
HIS01B4886_002  -0.090  -0.064  -0.154
HIS02B4886_003  -0.151  -0.068  -0.219
HIS02B4886_004  -0.103  -0.064  -0.167
HIS+1B4886_005  -0.178  -0.068  -0.246
HIS+1B4886_006  -0.130  -0.064  -0.194
MET01B4887_001   1.533  -3.541  -2.008
TYR01B4888_001   4.930  -8.976  -4.046
TYR-1B4888_002   4.930  -8.976  -4.046
VAL01B4889_001   0.663  -0.737  -0.075
VAL01B4891_001   0.876  -0.773   0.103
ARG01B4892_001   5.717  -7.264  -1.548
ARG02B4892_002   5.660  -7.264  -1.604
ARG03B4892_003   5.663  -7.264  -1.602
ARG+1B4892_004   5.614  -7.264  -1.650
ALA01B4893_001   0.000  -0.052  -0.052
ILE01B4897_001   1.745  -0.412   1.333
ASP01B4899_001   0.141  -2.145  -2.004
ASP01B4899_002   0.141  -2.145  -2.004
ASP02B4899_003   0.220  -2.126  -1.905
ASP02B4899_004   0.220  -2.126  -1.905
ASP-1B4899_005   0.132  -2.123  -1.991
GLU01B4900_001   3.380  -1.252   2.127
GLU01B4900_002   3.380  -1.252   2.127
GLU02B4900_003   2.708  -1.360   1.349
GLU02B4900_004   2.708  -1.360   1.349
GLU-1B4900_005   2.641  -1.252   1.388
ILE01B4901_001   4.265  -0.824   3.441
GLU01B4902_001   3.214  -1.591   1.622
GLU01B4902_002   3.214  -1.591   1.622
GLU02B4902_003   2.565  -1.557   1.008
GLU02B4902_004   2.565  -1.557   1.008
GLU-1B4902_005   2.490  -1.498   0.992
ASP01B4903_001   0.075  -3.384  -3.309
ASP01B4903_002   0.075  -3.384  -3.309
ASP02B4903_003   0.148  -3.459  -3.311
ASP02B4903_004   0.148  -3.459  -3.311
ASP-1B4903_005   0.072  -3.350  -3.278
PRO01B4904_001   0.279  -1.513  -1.233
ALA01B4905_001   0.000  -3.190  -3.190
ASP01B4907_001  -0.040  -3.189  -3.229
ASP01B4907_002  -0.040  -3.189  -3.229
ASP02B4907_003  -0.009  -3.223  -3.232
ASP02B4907_004  -0.009  -3.223  -3.232
ASP-1B4907_005  -0.040  -3.121  -3.162
GLU01B4908_001   0.500  -2.675  -2.176
GLU01B4908_002   0.500  -2.675  -2.176
GLU02B4908_003   0.666  -2.685  -2.019
GLU02B4908_004   0.666  -2.685  -2.019
GLU-1B4908_005   0.468  -2.631  -2.163
TYR01B4909_001   4.186  -8.436  -4.250
TYR-1B4909_002   4.186  -8.436  -4.250
GLU01B4910_001   0.498  -1.604  -1.106
GLU01B4910_002   0.498  -1.604  -1.106
GLU02B4910_003   0.665  -1.634  -0.969
GLU02B4910_004   0.665  -1.634  -0.969
GLU-1B4910_005   0.467  -1.507  -1.040
LEU01B4911_001   4.061  -8.358  -4.297
TYR01B4912_001   4.633  -7.397  -2.763
TYR-1B4912_002   4.633  -7.397  -2.763
ARG01B4913_001   3.950  -0.601   3.349
ARG02B4913_002   3.926  -0.601   3.325
ARG03B4913_003   3.926  -0.601   3.325
ARG+1B4913_004   3.883  -0.601   3.281
VAL01B4914_001   0.762  -4.514  -3.751
VAL01B4915_001   0.766  -5.592  -4.827
PHE01B4916_001   5.155  -1.521   3.634
ASP01B4917_001   0.345  -0.606  -0.261
ASP01B4917_002   0.345  -0.606  -0.261
ASP02B4917_003   0.418  -0.577  -0.159
ASP02B4917_004   0.418  -0.577  -0.159
ASP-1B4917_005   0.307  -0.590  -0.282
ILE01B4918_001   4.996  -6.262  -1.265
THR01B4919_001   0.228  -3.551  -3.323
PHE01B4920_001   5.380  -0.068   5.313
PHE01B4921_001   4.819  -3.925   0.894
PHE01B4922_001   5.265  -7.687  -2.422
PHE01B4923_001   5.509  -6.138  -0.629
VAL01B4924_001   0.822   0.000   0.822
ILE01B4925_001   2.953  -0.618   2.335
VAL01B4926_001   0.543  -4.118  -3.574
ILE01B4927_001   2.564  -3.896  -1.332
LEU01B4928_001   1.874  -0.155   1.719
LEU01B4929_001   2.142  -5.251  -3.109
ALA01B4930_001   0.000  -2.711  -2.711
ILE01B4931_001   6.496  -3.503   2.994
ILE01B4932_001   6.320  -2.814   3.507
GLN01B4933_001   6.597  -3.032   3.565
LEU01B4935_001   2.588  -2.231   0.357
ILE01B4936_001   4.092  -2.421   1.671
ILE01B4937_001   2.135  -6.745  -4.610
ASP01B4938_001   0.423  -3.160  -2.738
ASP01B4938_002   0.423  -3.160  -2.738
ASP02B4938_003   0.488  -3.065  -2.577
ASP02B4938_004   0.488  -3.065  -2.577
ASP-1B4938_005   0.371  -2.963  -2.592
ALA01B4939_001   0.000   0.000   0.000
PHE01B4940_001   5.393  -4.700   0.694
GLU01B4942_001   3.988  -1.936   2.051
GLU01B4942_002   3.988  -1.936   2.051
GLU02B4942_003   3.168  -2.023   1.145
GLU02B4942_004   3.168  -2.023   1.145
GLU-1B4942_005   3.108  -1.891   1.217
LEU01B4943_001   2.363  -2.881  -0.519
ARG01B4944_001   1.968 -10.296  -8.328
ARG02B4944_002   1.991 -10.296  -8.305
ARG03B4944_003   1.928 -10.296  -8.367
ARG+1B4944_004   1.885 -10.296  -8.410
ASP01B4945_001   0.117  -2.242  -2.126
ASP01B4945_002   0.117  -2.242  -2.126
ASP02B4945_003   0.190  -2.142  -1.952
ASP02B4945_004   0.190  -2.142  -1.952
ASP-1B4945_005   0.108  -2.136  -2.028
GLN01B4946_001   1.249  -1.136   0.112
GLN01B4946_002   1.041  -1.221  -0.180
GLN01B4947_001   1.592  -2.386  -0.794
GLN01B4947_002   1.202  -2.205  -1.003
GLU01B4948_001   8.703  -2.128   6.575
GLU01B4948_002   8.703  -2.128   6.575
GLU02B4948_003   6.981  -2.281   4.700
GLU02B4948_004   6.981  -2.281   4.700
GLU-1B4948_005   6.906  -2.152   4.754
GLN01B4949_001   2.370  -3.046  -0.677
VAL01B4950_001   1.087  -0.721   0.366
LYS01B4951_001   1.470  -8.777  -7.307
LYS+1B4951_002   1.419  -8.777  -7.357
GLU01B4952_001   5.463  -2.422   3.041
GLU01B4952_002   5.463  -2.422   3.041
GLU02B4952_003   4.402  -2.410   1.992
GLU02B4952_004   4.402  -2.410   1.992
GLU-1B4952_005   4.323  -2.325   1.999
ASP01B4953_001   0.491  -1.299  -0.807
ASP01B4953_002   0.491  -1.299  -0.807
ASP02B4953_003   0.541  -1.320  -0.779
ASP02B4953_004   0.541  -1.320  -0.779
ASP-1B4953_005   0.424  -1.240  -0.817
MET01B4954_001   0.481  -4.683  -4.202
GLU01B4955_001   0.500  -3.107  -2.606
GLU01B4955_002   0.500  -3.107  -2.606
GLU02B4955_003   0.667  -3.012  -2.345
GLU02B4955_004   0.667  -3.012  -2.345
GLU-1B4955_005   0.469  -3.040  -2.572
THR01B4956_001   0.223  -3.259  -3.036
LYS01B4957_001   1.720  -2.903  -1.183
LYS+1B4957_002   1.675  -2.903  -1.228
CYS01B4958_001  -0.002  -0.143  -0.145
CYS01B4958_002  -0.002  -0.143  -0.145
CYS01B4958_003  -0.002  -0.143  -0.145
CYS-1B4958_004   0.000  -0.143  -0.143
PHE01B4959_001   5.965  -0.835   5.130
ILE01B4960_001   2.103  -0.103   2.000
CYS01B4961_001  -0.002   0.000  -0.002
CYS01B4961_002  -0.002   0.000  -0.002
CYS01B4961_003  -0.003   0.000  -0.003
CYS-1B4961_004   0.000   0.000   0.000
ILE01B4963_001   1.730  -1.062   0.667
SER01B4965_001   0.000  -1.434  -1.434
SER01B4965_002   0.000  -1.434  -1.434
ASP01B4966_001   0.091  -2.963  -2.872
ASP01B4966_002   0.091  -2.963  -2.872
ASP02B4966_003   0.160  -3.042  -2.882
ASP02B4966_004   0.160  -3.042  -2.882
ASP-1B4966_005   0.084  -2.928  -2.844
TYR01B4967_001   6.004  -4.403   1.601
TYR01B4967_002   6.004  -4.403   1.601
TYR-1B4967_003   6.004  -4.403   1.601
PHE01B4968_001   5.982   0.000   5.982
ASP01B4969_001   0.116  -2.426  -2.310
ASP01B4969_002   0.116  -2.426  -2.310
ASP02B4969_003   0.197  -2.425  -2.227
ASP02B4969_004   0.197  -2.425  -2.227
ASP-1B4969_005   0.110  -2.382  -2.271
THR01B4970_001   0.406  -6.656  -6.250
THR01B4970_002   0.406  -6.656  -6.250
THR01B4971_001   0.212  -4.489  -4.277
THR01B4971_002   0.212  -4.489  -4.277
PRO01B4972_001   0.298  -6.364  -6.066
HIS01B4973_001  -0.210  -8.837  -9.047
HIS01B4973_002  -0.174  -8.561  -8.734
HIS02B4973_003  -0.227  -8.837  -9.064
HIS02B4973_004  -0.188  -8.561  -8.748
HIS+1B4973_005  -0.254  -8.837  -9.091
HIS+1B4973_006  -0.214  -8.561  -8.775
PHE01B4975_001   5.508  -0.700   4.808
GLU01B4976_001   1.770  -2.443  -0.673
GLU01B4976_002   1.770  -2.443  -0.673
GLU02B4976_003   1.517  -2.439  -0.921
GLU02B4976_004   1.517  -2.439  -0.921
GLU-1B4976_005   1.394  -2.454  -1.060
THR01B4977_001   0.319  -3.936  -3.617
THR01B4977_002   0.319  -3.936  -3.617
HIS01B4978_001  -0.111   0.000  -0.111
HIS02B4978_002  -0.131   0.000  -0.131
HIS+1B4978_003  -0.158   0.000  -0.158
THR01B4979_001   0.252  -1.114  -0.862
THR01B4979_002   0.252  -1.114  -0.862
LEU01B4980_001   1.639  -8.905  -7.266
GLU01B4981_001   4.526  -1.142   3.384
GLU01B4981_002   4.526  -1.142   3.384
GLU02B4981_003   3.705  -1.153   2.552
GLU02B4981_004   3.705  -1.153   2.552
GLU-1B4981_005   3.596  -1.088   2.508
GLU01B4982_001   3.069  -0.345   2.724
GLU01B4982_002   3.069  -0.345   2.724
GLU02B4982_003   2.454  -0.398   2.055
GLU02B4982_004   2.454  -0.398   2.055
GLU-1B4982_005   2.386  -0.345   2.042
HIS01B4983_001  -0.233   0.000  -0.233
HIS02B4983_002  -0.255   0.000  -0.255
HIS+1B4983_003  -0.282   0.000  -0.282
ASN01B4984_001   0.250  -1.009  -0.760
ASN01B4984_002   0.051  -0.978  -0.927
LEU01B4985_001   6.067  -1.597   4.470
ALA01B4986_001   0.000  -1.082  -1.082
ASN01B4987_001   0.186  -0.236  -0.050
TYR01B4988_001   4.453  -0.526   3.927
TYR-1B4988_002   4.453  -0.526   3.927
MET01B4989_001   1.638   0.000   1.638
PHE01B4990_001   5.254  -0.354   4.901
PHE01B4991_001   5.613  -0.522   5.090
LEU01B4992_001   3.284  -0.670   2.615
MET01B4993_001   0.965  -0.482   0.483
TYR01B4994_001   5.368  -1.920   3.447
TYR01B4994_002   5.368  -1.920   3.447
TYR-1B4994_003   5.368  -1.920   3.447
LEU01B4995_001   1.503   0.000   1.503
ILE01B4996_001   1.995  -1.784   0.212
ASN01B4997_001   0.357  -1.602  -1.245
LYS01B4998_001   1.039  -1.650  -0.611
LYS+1B4998_002   0.993  -1.650  -0.658
ASP01B4999_001   0.153  -2.414  -2.261
ASP01B4999_002   0.153  -2.414  -2.261
ASP02B4999_003   0.235  -2.458  -2.222
ASP02B4999_004   0.235  -2.458  -2.222
ASP-1B4999_005   0.144  -2.390  -2.247
GLU01B5000_001   1.371  -3.090  -1.718
GLU01B5000_002   1.371  -3.090  -1.718
GLU02B5000_003   1.095  -3.059  -1.964
GLU02B5000_004   1.095  -3.059  -1.964
GLU-1B5000_005   1.023  -2.976  -1.953
THR01B5001_001   0.284  -5.048  -4.764
THR01B5001_002   0.284  -5.048  -4.764
GLU01B5002_001   1.370  -2.801  -1.431
GLU01B5002_002   1.370  -2.801  -1.431
GLU02B5002_003   1.182  -3.007  -1.825
GLU02B5002_004   1.182  -3.007  -1.825
GLU-1B5002_005   1.067  -2.838  -1.770
HIS01B5003_001  -0.219  -0.241  -0.461
HIS01B5003_002  -0.175  -0.252  -0.427
HIS02B5003_003  -0.236  -0.241  -0.477
HIS02B5003_004  -0.189  -0.252  -0.441
HIS+1B5003_005  -0.263  -0.241  -0.504
HIS+1B5003_006  -0.215  -0.252  -0.467
THR01B5004_001   0.245  -2.331  -2.086
THR01B5004_002   0.245  -2.331  -2.086
THR01B5004_003   0.245  -2.331  -2.086
GLN01B5006_001   2.157  -0.113   2.044
GLN01B5006_002   3.552  -0.113   3.439
GLU01B5007_001   3.313  -0.386   2.927
GLU01B5007_002   3.313  -0.386   2.927
GLU02B5007_003   2.653  -0.464   2.189
GLU02B5007_004   2.653  -0.464   2.189
GLU-1B5007_005   2.583  -0.413   2.170
SER01B5008_001   0.000  -1.673  -1.673
TYR01B5009_001   5.451  -2.739   2.712
TYR-1B5009_002   5.451  -2.739   2.712
VAL01B5010_001   0.637  -0.567   0.070
TRP01B5011_001   3.536  -2.671   0.865
LYS01B5012_001   2.935  -7.894  -4.959
LYS+1B5012_002   2.873  -7.894  -5.021
MET01B5013_001   0.654  -1.567  -0.912
TYR01B5014_001   5.142  -0.321   4.821
TYR-1B5014_002   5.142  -0.321   4.821
GLN01B5015_001   0.881  -0.850   0.031
GLU01B5016_001   1.847  -2.755  -0.908
GLU01B5016_002   1.847  -2.755  -0.908
GLU02B5016_003   1.571  -2.878  -1.307
GLU02B5016_004   1.571  -2.878  -1.307
GLU-1B5016_005   1.455  -2.739  -1.284
ARG01B5017_001   5.924  -1.019   4.905
ARG02B5017_002   5.844  -1.019   4.825
ARG03B5017_003   5.841  -1.019   4.822
ARG+1B5017_004   5.797  -1.019   4.778
CYS01B5018_001  -0.002  -2.767  -2.769
CYS01B5018_002  -0.002  -2.767  -2.769
CYS01B5018_003  -0.002  -2.767  -2.770
CYS-1B5018_004   0.000  -2.767  -2.767
TRP01B5019_001   3.644  -1.389   2.255
ASP01B5020_001   0.504  -2.404  -1.900
ASP01B5020_002   0.504  -2.404  -1.900
ASP02B5020_003   0.558  -2.408  -1.849
ASP02B5020_004   0.558  -2.408  -1.849
ASP-1B5020_005   0.437  -2.377  -1.941
PHE01B5021_001   6.191  -0.640   5.551
PHE01B5022_001   6.101  -0.304   5.797
PRO01B5023_001   0.374   0.000   0.374
ALA01B5024_001   0.000  -3.345  -3.345
ASP01B5026_001   0.068  -1.107  -1.039
ASP01B5026_002   0.068  -1.107  -1.039
ASP02B5026_003   0.136  -1.185  -1.049
ASP02B5026_004   0.136  -1.185  -1.049
ASP-1B5026_005   0.064  -1.107  -1.043
CYS01B5027_001  -0.002   0.000  -0.002
CYS01B5027_002  -0.002   0.000  -0.002
CYS01B5027_003  -0.003   0.000  -0.003
CYS-1B5027_004   0.000   0.000   0.000
PHE01B5028_001   5.553  -2.021   3.532
ARG01B5029_001   3.743  -2.316   1.427
ARG02B5029_002   3.667  -2.316   1.351
ARG03B5029_003   3.667  -2.316   1.352
ARG03B5029_004   3.728  -2.316   1.412
ARG+1B5029_005   3.622  -2.316   1.306
LYS01B5030_001   2.347  -4.478  -2.132
LYS+1B5030_002   2.263  -4.478  -2.215
GLN01B5031_001   1.282  -1.437  -0.156
GLN01B5031_002   1.023  -1.614  -0.591
TYR01B5032_001   6.137  -0.619   5.518
TYR-1B5032_002   6.137  -0.619   5.518
GLU01B5033_001   3.096  -2.177   0.919
GLU01B5033_002   3.096  -2.177   0.919
GLU02B5033_003   2.474  -2.102   0.373
GLU02B5033_004   2.474  -2.102   0.373
GLU-1B5033_005   2.404  -2.102   0.302
ASP01B5034_001  -0.041  -2.849  -2.889
ASP01B5034_002  -0.041  -2.849  -2.889
ASP02B5034_003  -0.009  -2.963  -2.972
ASP02B5034_004  -0.009  -2.963  -2.972
ASP-1B5034_005  -0.041  -2.858  -2.899
GLN01B5035_001   2.694  -2.196   0.497
LEU01B5036_001   2.520  -3.036  -0.516
SER01B5037_001   0.000  -3.195  -3.195
SER01B5037_002   0.000  -3.195  -3.195
SER01B5037_003   0.000  -3.195  -3.195
CTR01B5037_001  -0.021  -2.674  -2.695
CTR01B5037_002   0.108  -2.886  -2.778
CTR02B5037_003  -0.022  -2.674  -2.696
CTR02B5037_004   0.042  -2.771  -2.728
CTR-1B5037_005   0.000  -2.674  -2.674
_ZN+2B5101_001   0.000   0.000   0.000
_CA+2B5102_001   0.000  -0.947  -0.947
