forrtl: severe (174): SIGSEGV, segmentation fault occurred
Image              PC                Routine            Line        Source             
delphi             0000000000457A7C  Unknown               Unknown  Unknown
delphi             0000000000452D50  Unknown               Unknown  Unknown
delphi             0000000000404315  Unknown               Unknown  Unknown
delphi             000000000040372C  Unknown               Unknown  Unknown
libc.so.6          00002B5A4EC2D830  Unknown               Unknown  Unknown
delphi             0000000000403629  Unknown               Unknown  Unknown
forrtl: severe (174): SIGSEGV, segmentation fault occurred
Image              PC                Routine            Line        Source             
delphi             0000000000457AC0  Unknown               Unknown  Unknown
delphi             0000000000452D50  Unknown               Unknown  Unknown
delphi             0000000000404315  Unknown               Unknown  Unknown
delphi             000000000040372C  Unknown               Unknown  Unknown
libc.so.6          00002B0D31D3D830  Unknown               Unknown  Unknown
delphi             0000000000403629  Unknown               Unknown  Unknown
forrtl: severe (174): SIGSEGV, segmentation fault occurred
Image              PC                Routine            Line        Source             
delphi             0000000000457A7C  Unknown               Unknown  Unknown
delphi             0000000000452D50  Unknown               Unknown  Unknown
delphi             0000000000404315  Unknown               Unknown  Unknown
delphi             000000000040372C  Unknown               Unknown  Unknown
libc.so.6          00002B2FCBFA8830  Unknown               Unknown  Unknown
delphi             0000000000403629  Unknown               Unknown  Unknown
forrtl: severe (174): SIGSEGV, segmentation fault occurred
Image              PC                Routine            Line        Source             
delphi             0000000000457A7C  Unknown               Unknown  Unknown
delphi             0000000000452D50  Unknown               Unknown  Unknown
delphi             0000000000404315  Unknown               Unknown  Unknown
delphi             000000000040372C  Unknown               Unknown  Unknown
libc.so.6          00002AB3D665C830  Unknown               Unknown  Unknown
delphi             0000000000403629  Unknown               Unknown  Unknown
forrtl: severe (174): SIGSEGV, segmentation fault occurred
Image              PC                Routine            Line        Source             
delphi             00000000004579A0  Unknown               Unknown  Unknown
delphi             0000000000452D50  Unknown               Unknown  Unknown
delphi             0000000000404315  Unknown               Unknown  Unknown
delphi             000000000040372C  Unknown               Unknown  Unknown
libc.so.6          00002B0863B26830  Unknown               Unknown  Unknown
delphi             0000000000403629  Unknown               Unknown  Unknown
forrtl: severe (174): SIGSEGV, segmentation fault occurred
Image              PC                Routine            Line        Source             
delphi             000000000045795C  Unknown               Unknown  Unknown
delphi             0000000000452D50  Unknown               Unknown  Unknown
delphi             0000000000404315  Unknown               Unknown  Unknown
delphi             000000000040372C  Unknown               Unknown  Unknown
libc.so.6          00002AC2703E1830  Unknown               Unknown  Unknown
delphi             0000000000403629  Unknown               Unknown  Unknown
forrtl: severe (174): SIGSEGV, segmentation fault occurred
Image              PC                Routine            Line        Source             
delphi             000000000045809E  Unknown               Unknown  Unknown
delphi             0000000000452D50  Unknown               Unknown  Unknown
delphi             0000000000404315  Unknown               Unknown  Unknown
delphi             000000000040372C  Unknown               Unknown  Unknown
libc.so.6          00002B626C618830  Unknown               Unknown  Unknown
delphi             0000000000403629  Unknown               Unknown  Unknown
forrtl: severe (174): SIGSEGV, segmentation fault occurred
Image              PC                Routine            Line        Source             
delphi             0000000000457F64  Unknown               Unknown  Unknown
delphi             0000000000452D50  Unknown               Unknown  Unknown
delphi             0000000000404315  Unknown               Unknown  Unknown
delphi             000000000040372C  Unknown               Unknown  Unknown
libc.so.6          00002AE60B862830  Unknown               Unknown  Unknown
delphi             0000000000403629  Unknown               Unknown  Unknown
forrtl: severe (174): SIGSEGV, segmentation fault occurred
Image              PC                Routine            Line        Source             
delphi             0000000000457A7C  Unknown               Unknown  Unknown
delphi             0000000000452D50  Unknown               Unknown  Unknown
delphi             0000000000404315  Unknown               Unknown  Unknown
delphi             000000000040372C  Unknown               Unknown  Unknown
libc.so.6          00002B0D8CCC8830  Unknown               Unknown  Unknown
delphi             0000000000403629  Unknown               Unknown  Unknown
forrtl: severe (174): SIGSEGV, segmentation fault occurred
Image              PC                Routine            Line        Source             
delphi             0000000000457F64  Unknown               Unknown  Unknown
delphi             0000000000452D50  Unknown               Unknown  Unknown
delphi             0000000000404315  Unknown               Unknown  Unknown
delphi             000000000040372C  Unknown               Unknown  Unknown
libc.so.6          00002B572108D830  Unknown               Unknown  Unknown
delphi             0000000000403629  Unknown               Unknown  Unknown
forrtl: severe (174): SIGSEGV, segmentation fault occurred
Image              PC                Routine            Line        Source             
delphi             0000000000457A7C  Unknown               Unknown  Unknown
delphi             0000000000452D50  Unknown               Unknown  Unknown
delphi             0000000000404315  Unknown               Unknown  Unknown
delphi             000000000040372C  Unknown               Unknown  Unknown
libc.so.6          00002B918FB24830  Unknown               Unknown  Unknown
delphi             0000000000403629  Unknown               Unknown  Unknown
forrtl: severe (174): SIGSEGV, segmentation fault occurred
Image              PC                Routine            Line        Source             
delphi             0000000000457F64  Unknown               Unknown  Unknown
delphi             0000000000452D50  Unknown               Unknown  Unknown
delphi             0000000000404315  Unknown               Unknown  Unknown
delphi             000000000040372C  Unknown               Unknown  Unknown
libc.so.6          00002ACAD7784830  Unknown               Unknown  Unknown
delphi             0000000000403629  Unknown               Unknown  Unknown
forrtl: severe (174): SIGSEGV, segmentation fault occurred
Image              PC                Routine            Line        Source             
delphi             00000000004581D8  Unknown               Unknown  Unknown
delphi             0000000000452D50  Unknown               Unknown  Unknown
delphi             0000000000404315  Unknown               Unknown  Unknown
delphi             000000000040372C  Unknown               Unknown  Unknown
libc.so.6          00002B26157CE830  Unknown               Unknown  Unknown
delphi             0000000000403629  Unknown               Unknown  Unknown
forrtl: severe (174): SIGSEGV, segmentation fault occurred
Image              PC                Routine            Line        Source             
delphi             0000000000457D34  Unknown               Unknown  Unknown
delphi             0000000000452D50  Unknown               Unknown  Unknown
delphi             0000000000404315  Unknown               Unknown  Unknown
delphi             000000000040372C  Unknown               Unknown  Unknown
libc.so.6          00002B5EE5EAD830  Unknown               Unknown  Unknown
delphi             0000000000403629  Unknown               Unknown  Unknown
forrtl: severe (174): SIGSEGV, segmentation fault occurred
Image              PC                Routine            Line        Source             
delphi             00000000004579A0  Unknown               Unknown  Unknown
delphi             0000000000452D50  Unknown               Unknown  Unknown
delphi             0000000000404315  Unknown               Unknown  Unknown
delphi             000000000040372C  Unknown               Unknown  Unknown
libc.so.6          00002B377A7E4830  Unknown               Unknown  Unknown
delphi             0000000000403629  Unknown               Unknown  Unknown
forrtl: severe (174): SIGSEGV, segmentation fault occurred
Image              PC                Routine            Line        Source             
delphi             000000000045795C  Unknown               Unknown  Unknown
delphi             0000000000452D50  Unknown               Unknown  Unknown
delphi             0000000000404315  Unknown               Unknown  Unknown
delphi             000000000040372C  Unknown               Unknown  Unknown
libc.so.6          00002B6BA7233830  Unknown               Unknown  Unknown
delphi             0000000000403629  Unknown               Unknown  Unknown
forrtl: severe (174): SIGSEGV, segmentation fault occurred
Image              PC                Routine            Line        Source             
delphi             0000000000457CF0  Unknown               Unknown  Unknown
delphi             0000000000452D50  Unknown               Unknown  Unknown
delphi             0000000000404315  Unknown               Unknown  Unknown
delphi             000000000040372C  Unknown               Unknown  Unknown
libc.so.6          00002BA8C6448830  Unknown               Unknown  Unknown
delphi             0000000000403629  Unknown               Unknown  Unknown
forrtl: severe (174): SIGSEGV, segmentation fault occurred
Image              PC                Routine            Line        Source             
delphi             0000000000457A7C  Unknown               Unknown  Unknown
delphi             0000000000452D50  Unknown               Unknown  Unknown
delphi             0000000000404315  Unknown               Unknown  Unknown
delphi             000000000040372C  Unknown               Unknown  Unknown
libc.so.6          00002B57FF183830  Unknown               Unknown  Unknown
delphi             0000000000403629  Unknown               Unknown  Unknown
forrtl: severe (174): SIGSEGV, segmentation fault occurred
Image              PC                Routine            Line        Source             
delphi             000000000045821C  Unknown               Unknown  Unknown
delphi             0000000000452D50  Unknown               Unknown  Unknown
delphi             0000000000404315  Unknown               Unknown  Unknown
delphi             000000000040372C  Unknown               Unknown  Unknown
libc.so.6          00002B638684E830  Unknown               Unknown  Unknown
delphi             0000000000403629  Unknown               Unknown  Unknown
forrtl: severe (174): SIGSEGV, segmentation fault occurred
Image              PC                Routine            Line        Source             
delphi             000000000045795C  Unknown               Unknown  Unknown
delphi             0000000000452D50  Unknown               Unknown  Unknown
delphi             0000000000404315  Unknown               Unknown  Unknown
delphi             000000000040372C  Unknown               Unknown  Unknown
libc.so.6          00002B1AE97E0830  Unknown               Unknown  Unknown
delphi             0000000000403629  Unknown               Unknown  Unknown
forrtl: severe (174): SIGSEGV, segmentation fault occurred
Image              PC                Routine            Line        Source             
delphi             0000000000457A7C  Unknown               Unknown  Unknown
delphi             0000000000452D50  Unknown               Unknown  Unknown
delphi             0000000000404315  Unknown               Unknown  Unknown
delphi             000000000040372C  Unknown               Unknown  Unknown
libc.so.6          00002B644B226830  Unknown               Unknown  Unknown
delphi             0000000000403629  Unknown               Unknown  Unknown
forrtl: severe (174): SIGSEGV, segmentation fault occurred
Image              PC                Routine            Line        Source             
delphi             0000000000457A7C  Unknown               Unknown  Unknown
delphi             0000000000452D50  Unknown               Unknown  Unknown
delphi             0000000000404315  Unknown               Unknown  Unknown
delphi             000000000040372C  Unknown               Unknown  Unknown
libc.so.6          00002B523A650830  Unknown               Unknown  Unknown
delphi             0000000000403629  Unknown               Unknown  Unknown
forrtl: severe (174): SIGSEGV, segmentation fault occurred
Image              PC                Routine            Line        Source             
delphi             000000000045795C  Unknown               Unknown  Unknown
delphi             0000000000452D50  Unknown               Unknown  Unknown
delphi             0000000000404315  Unknown               Unknown  Unknown
delphi             000000000040372C  Unknown               Unknown  Unknown
libc.so.6          00002AD6B1E3B830  Unknown               Unknown  Unknown
delphi             0000000000403629  Unknown               Unknown  Unknown
forrtl: severe (174): SIGSEGV, segmentation fault occurred
Image              PC                Routine            Line        Source             
delphi             000000000045795C  Unknown               Unknown  Unknown
delphi             0000000000452D50  Unknown               Unknown  Unknown
delphi             0000000000404315  Unknown               Unknown  Unknown
delphi             000000000040372C  Unknown               Unknown  Unknown
libc.so.6          00002B7167974830  Unknown               Unknown  Unknown
delphi             0000000000403629  Unknown               Unknown  Unknown
forrtl: severe (174): SIGSEGV, segmentation fault occurred
Image              PC                Routine            Line        Source             
delphi             0000000000457AC0  Unknown               Unknown  Unknown
delphi             0000000000452D50  Unknown               Unknown  Unknown
delphi             0000000000404315  Unknown               Unknown  Unknown
delphi             000000000040372C  Unknown               Unknown  Unknown
libc.so.6          00002B40292B3830  Unknown               Unknown  Unknown
delphi             0000000000403629  Unknown               Unknown  Unknown
forrtl: severe (174): SIGSEGV, segmentation fault occurred
Image              PC                Routine            Line        Source             
delphi             000000000045809E  Unknown               Unknown  Unknown
delphi             0000000000452D50  Unknown               Unknown  Unknown
delphi             0000000000404315  Unknown               Unknown  Unknown
delphi             000000000040372C  Unknown               Unknown  Unknown
libc.so.6          00002B64816DB830  Unknown               Unknown  Unknown
delphi             0000000000403629  Unknown               Unknown  Unknown
forrtl: severe (174): SIGSEGV, segmentation fault occurred
Image              PC                Routine            Line        Source             
delphi             0000000000458E64  Unknown               Unknown  Unknown
delphi             0000000000452D50  Unknown               Unknown  Unknown
delphi             0000000000404315  Unknown               Unknown  Unknown
delphi             000000000040372C  Unknown               Unknown  Unknown
libc.so.6          00002AC6055A5830  Unknown               Unknown  Unknown
delphi             0000000000403629  Unknown               Unknown  Unknown
forrtl: severe (174): SIGSEGV, segmentation fault occurred
Image              PC                Routine            Line        Source             
delphi             0000000000457FA8  Unknown               Unknown  Unknown
delphi             0000000000452D50  Unknown               Unknown  Unknown
delphi             0000000000404315  Unknown               Unknown  Unknown
delphi             000000000040372C  Unknown               Unknown  Unknown
libc.so.6          00002ADEE8F6B830  Unknown               Unknown  Unknown
delphi             0000000000403629  Unknown               Unknown  Unknown
forrtl: severe (174): SIGSEGV, segmentation fault occurred
Image              PC                Routine            Line        Source             
delphi             00000000004580E2  Unknown               Unknown  Unknown
delphi             0000000000452D50  Unknown               Unknown  Unknown
delphi             0000000000404315  Unknown               Unknown  Unknown
delphi             000000000040372C  Unknown               Unknown  Unknown
libc.so.6          00002B3A9BC18830  Unknown               Unknown  Unknown
delphi             0000000000403629  Unknown               Unknown  Unknown
forrtl: severe (174): SIGSEGV, segmentation fault occurred
Image              PC                Routine            Line        Source             
delphi             0000000000457AC0  Unknown               Unknown  Unknown
delphi             0000000000452D50  Unknown               Unknown  Unknown
delphi             0000000000404315  Unknown               Unknown  Unknown
delphi             000000000040372C  Unknown               Unknown  Unknown
libc.so.6          00002B5D56532830  Unknown               Unknown  Unknown
delphi             0000000000403629  Unknown               Unknown  Unknown
forrtl: severe (174): SIGSEGV, segmentation fault occurred
Image              PC                Routine            Line        Source             
delphi             0000000000457A7C  Unknown               Unknown  Unknown
delphi             0000000000452D50  Unknown               Unknown  Unknown
delphi             0000000000404315  Unknown               Unknown  Unknown
delphi             000000000040372C  Unknown               Unknown  Unknown
libc.so.6          00002B209A857830  Unknown               Unknown  Unknown
delphi             0000000000403629  Unknown               Unknown  Unknown
forrtl: severe (174): SIGSEGV, segmentation fault occurred
Image              PC                Routine            Line        Source             
delphi             00000000004581D8  Unknown               Unknown  Unknown
delphi             0000000000452D50  Unknown               Unknown  Unknown
delphi             0000000000404315  Unknown               Unknown  Unknown
delphi             000000000040372C  Unknown               Unknown  Unknown
libc.so.6          00002AC6ECFF8830  Unknown               Unknown  Unknown
delphi             0000000000403629  Unknown               Unknown  Unknown
forrtl: severe (174): SIGSEGV, segmentation fault occurred
Image              PC                Routine            Line        Source             
delphi             00000000004581D8  Unknown               Unknown  Unknown
delphi             0000000000452D50  Unknown               Unknown  Unknown
delphi             0000000000404315  Unknown               Unknown  Unknown
delphi             000000000040372C  Unknown               Unknown  Unknown
libc.so.6          00002AC74BD04830  Unknown               Unknown  Unknown
delphi             0000000000403629  Unknown               Unknown  Unknown
forrtl: severe (174): SIGSEGV, segmentation fault occurred
Image              PC                Routine            Line        Source             
delphi             0000000000457A7C  Unknown               Unknown  Unknown
delphi             0000000000452D50  Unknown               Unknown  Unknown
delphi             0000000000404315  Unknown               Unknown  Unknown
delphi             000000000040372C  Unknown               Unknown  Unknown
libc.so.6          00002B5F137D8830  Unknown               Unknown  Unknown
delphi             0000000000403629  Unknown               Unknown  Unknown
forrtl: severe (174): SIGSEGV, segmentation fault occurred
Image              PC                Routine            Line        Source             
delphi             0000000000457BB6  Unknown               Unknown  Unknown
delphi             0000000000452D50  Unknown               Unknown  Unknown
delphi             0000000000404315  Unknown               Unknown  Unknown
delphi             000000000040372C  Unknown               Unknown  Unknown
libc.so.6          00002B6D09BA8830  Unknown               Unknown  Unknown
delphi             0000000000403629  Unknown               Unknown  Unknown
forrtl: severe (174): SIGSEGV, segmentation fault occurred
Image              PC                Routine            Line        Source             
delphi             000000000045795C  Unknown               Unknown  Unknown
delphi             0000000000452D50  Unknown               Unknown  Unknown
delphi             0000000000404315  Unknown               Unknown  Unknown
delphi             000000000040372C  Unknown               Unknown  Unknown
libc.so.6          00002B8B0EF28830  Unknown               Unknown  Unknown
delphi             0000000000403629  Unknown               Unknown  Unknown
forrtl: severe (174): SIGSEGV, segmentation fault occurred
Image              PC                Routine            Line        Source             
delphi             0000000000457BB6  Unknown               Unknown  Unknown
delphi             0000000000452D50  Unknown               Unknown  Unknown
delphi             0000000000404315  Unknown               Unknown  Unknown
delphi             000000000040372C  Unknown               Unknown  Unknown
libc.so.6          00002AFF564BA830  Unknown               Unknown  Unknown
delphi             0000000000403629  Unknown               Unknown  Unknown
forrtl: severe (174): SIGSEGV, segmentation fault occurred
Image              PC                Routine            Line        Source             
delphi             0000000000457BB6  Unknown               Unknown  Unknown
delphi             0000000000452D50  Unknown               Unknown  Unknown
delphi             0000000000404315  Unknown               Unknown  Unknown
delphi             000000000040372C  Unknown               Unknown  Unknown
libc.so.6          00002B622CEA7830  Unknown               Unknown  Unknown
delphi             0000000000403629  Unknown               Unknown  Unknown
forrtl: severe (174): SIGSEGV, segmentation fault occurred
Image              PC                Routine            Line        Source             
delphi             0000000000457A7C  Unknown               Unknown  Unknown
delphi             0000000000452D50  Unknown               Unknown  Unknown
delphi             0000000000404315  Unknown               Unknown  Unknown
delphi             000000000040372C  Unknown               Unknown  Unknown
libc.so.6          00002B7116C6B830  Unknown               Unknown  Unknown
delphi             0000000000403629  Unknown               Unknown  Unknown
forrtl: severe (174): SIGSEGV, segmentation fault occurred
Image              PC                Routine            Line        Source             
delphi             0000000000457F64  Unknown               Unknown  Unknown
delphi             0000000000452D50  Unknown               Unknown  Unknown
delphi             0000000000404315  Unknown               Unknown  Unknown
delphi             000000000040372C  Unknown               Unknown  Unknown
libc.so.6          00002ADA2FE41830  Unknown               Unknown  Unknown
delphi             0000000000403629  Unknown               Unknown  Unknown
forrtl: severe (174): SIGSEGV, segmentation fault occurred
Image              PC                Routine            Line        Source             
delphi             000000000045795C  Unknown               Unknown  Unknown
delphi             0000000000452D50  Unknown               Unknown  Unknown
delphi             0000000000404315  Unknown               Unknown  Unknown
delphi             000000000040372C  Unknown               Unknown  Unknown
libc.so.6          00002AB26E2D7830  Unknown               Unknown  Unknown
delphi             0000000000403629  Unknown               Unknown  Unknown
forrtl: severe (174): SIGSEGV, segmentation fault occurred
Image              PC                Routine            Line        Source             
delphi             00000000004581D8  Unknown               Unknown  Unknown
delphi             0000000000452D50  Unknown               Unknown  Unknown
delphi             0000000000404315  Unknown               Unknown  Unknown
delphi             000000000040372C  Unknown               Unknown  Unknown
libc.so.6          00002B4067A00830  Unknown               Unknown  Unknown
delphi             0000000000403629  Unknown               Unknown  Unknown
forrtl: severe (174): SIGSEGV, segmentation fault occurred
Image              PC                Routine            Line        Source             
delphi             000000000045795C  Unknown               Unknown  Unknown
delphi             0000000000452D50  Unknown               Unknown  Unknown
delphi             0000000000404315  Unknown               Unknown  Unknown
delphi             000000000040372C  Unknown               Unknown  Unknown
libc.so.6          00002B9C74757830  Unknown               Unknown  Unknown
delphi             0000000000403629  Unknown               Unknown  Unknown
forrtl: severe (174): SIGSEGV, segmentation fault occurred
Image              PC                Routine            Line        Source             
delphi             000000000045795C  Unknown               Unknown  Unknown
delphi             0000000000452D50  Unknown               Unknown  Unknown
delphi             0000000000404315  Unknown               Unknown  Unknown
delphi             000000000040372C  Unknown               Unknown  Unknown
libc.so.6          00002B39E3765830  Unknown               Unknown  Unknown
delphi             0000000000403629  Unknown               Unknown  Unknown
forrtl: severe (174): SIGSEGV, segmentation fault occurred
Image              PC                Routine            Line        Source             
delphi             000000000045821C  Unknown               Unknown  Unknown
delphi             0000000000452D50  Unknown               Unknown  Unknown
delphi             0000000000404315  Unknown               Unknown  Unknown
delphi             000000000040372C  Unknown               Unknown  Unknown
libc.so.6          00002B4035359830  Unknown               Unknown  Unknown
delphi             0000000000403629  Unknown               Unknown  Unknown
forrtl: severe (174): SIGSEGV, segmentation fault occurred
Image              PC                Routine            Line        Source             
delphi             0000000000457A7C  Unknown               Unknown  Unknown
delphi             0000000000452D50  Unknown               Unknown  Unknown
delphi             0000000000404315  Unknown               Unknown  Unknown
delphi             000000000040372C  Unknown               Unknown  Unknown
libc.so.6          00002B0EF07F7830  Unknown               Unknown  Unknown
delphi             0000000000403629  Unknown               Unknown  Unknown
forrtl: severe (174): SIGSEGV, segmentation fault occurred
Image              PC                Routine            Line        Source             
delphi             0000000000457A7C  Unknown               Unknown  Unknown
delphi             0000000000452D50  Unknown               Unknown  Unknown
delphi             0000000000404315  Unknown               Unknown  Unknown
delphi             000000000040372C  Unknown               Unknown  Unknown
libc.so.6          00002B7EC7276830  Unknown               Unknown  Unknown
delphi             0000000000403629  Unknown               Unknown  Unknown
forrtl: severe (174): SIGSEGV, segmentation fault occurred
Image              PC                Routine            Line        Source             
delphi             0000000000457A7C  Unknown               Unknown  Unknown
delphi             0000000000452D50  Unknown               Unknown  Unknown
delphi             0000000000404315  Unknown               Unknown  Unknown
delphi             000000000040372C  Unknown               Unknown  Unknown
libc.so.6          00002B62F5CA9830  Unknown               Unknown  Unknown
delphi             0000000000403629  Unknown               Unknown  Unknown
forrtl: severe (174): SIGSEGV, segmentation fault occurred
Image              PC                Routine            Line        Source             
delphi             0000000000457A7C  Unknown               Unknown  Unknown
delphi             0000000000452D50  Unknown               Unknown  Unknown
delphi             0000000000404315  Unknown               Unknown  Unknown
delphi             000000000040372C  Unknown               Unknown  Unknown
libc.so.6          00002B19DD092830  Unknown               Unknown  Unknown
delphi             0000000000403629  Unknown               Unknown  Unknown
forrtl: severe (174): SIGSEGV, segmentation fault occurred
Image              PC                Routine            Line        Source             
delphi             0000000000457FA8  Unknown               Unknown  Unknown
delphi             0000000000452D50  Unknown               Unknown  Unknown
delphi             0000000000404315  Unknown               Unknown  Unknown
delphi             000000000040372C  Unknown               Unknown  Unknown
libc.so.6          00002B78A0134830  Unknown               Unknown  Unknown
delphi             0000000000403629  Unknown               Unknown  Unknown
forrtl: severe (174): SIGSEGV, segmentation fault occurred
Image              PC                Routine            Line        Source             
delphi             00000000004579A0  Unknown               Unknown  Unknown
delphi             0000000000452D50  Unknown               Unknown  Unknown
delphi             0000000000404315  Unknown               Unknown  Unknown
delphi             000000000040372C  Unknown               Unknown  Unknown
libc.so.6          00002B728879F830  Unknown               Unknown  Unknown
delphi             0000000000403629  Unknown               Unknown  Unknown
forrtl: severe (174): SIGSEGV, segmentation fault occurred
Image              PC                Routine            Line        Source             
delphi             00000000004579A0  Unknown               Unknown  Unknown
delphi             0000000000452D50  Unknown               Unknown  Unknown
delphi             0000000000404315  Unknown               Unknown  Unknown
delphi             000000000040372C  Unknown               Unknown  Unknown
libc.so.6          00002AB665999830  Unknown               Unknown  Unknown
delphi             0000000000403629  Unknown               Unknown  Unknown
forrtl: severe (174): SIGSEGV, segmentation fault occurred
Image              PC                Routine            Line        Source             
delphi             0000000000457A7C  Unknown               Unknown  Unknown
delphi             0000000000452D50  Unknown               Unknown  Unknown
delphi             0000000000404315  Unknown               Unknown  Unknown
delphi             000000000040372C  Unknown               Unknown  Unknown
libc.so.6          00002AF5664FF830  Unknown               Unknown  Unknown
delphi             0000000000403629  Unknown               Unknown  Unknown
forrtl: severe (174): SIGSEGV, segmentation fault occurred
Image              PC                Routine            Line        Source             
delphi             000000000045795C  Unknown               Unknown  Unknown
delphi             0000000000452D50  Unknown               Unknown  Unknown
delphi             0000000000404315  Unknown               Unknown  Unknown
delphi             000000000040372C  Unknown               Unknown  Unknown
libc.so.6          00002B52AFBE4830  Unknown               Unknown  Unknown
delphi             0000000000403629  Unknown               Unknown  Unknown
forrtl: severe (174): SIGSEGV, segmentation fault occurred
Image              PC                Routine            Line        Source             
delphi             0000000000458E64  Unknown               Unknown  Unknown
delphi             0000000000452D50  Unknown               Unknown  Unknown
delphi             0000000000404315  Unknown               Unknown  Unknown
delphi             000000000040372C  Unknown               Unknown  Unknown
libc.so.6          00002B289CF43830  Unknown               Unknown  Unknown
delphi             0000000000403629  Unknown               Unknown  Unknown
forrtl: severe (174): SIGSEGV, segmentation fault occurred
Image              PC                Routine            Line        Source             
delphi             0000000000457A7C  Unknown               Unknown  Unknown
delphi             0000000000452D50  Unknown               Unknown  Unknown
delphi             0000000000404315  Unknown               Unknown  Unknown
delphi             000000000040372C  Unknown               Unknown  Unknown
libc.so.6          00002ABF95A0D830  Unknown               Unknown  Unknown
delphi             0000000000403629  Unknown               Unknown  Unknown
forrtl: severe (174): SIGSEGV, segmentation fault occurred
Image              PC                Routine            Line        Source             
delphi             000000000045821C  Unknown               Unknown  Unknown
delphi             0000000000452D50  Unknown               Unknown  Unknown
delphi             0000000000404315  Unknown               Unknown  Unknown
delphi             000000000040372C  Unknown               Unknown  Unknown
libc.so.6          00002B83E9249830  Unknown               Unknown  Unknown
delphi             0000000000403629  Unknown               Unknown  Unknown
forrtl: severe (174): SIGSEGV, segmentation fault occurred
Image              PC                Routine            Line        Source             
delphi             0000000000457A7C  Unknown               Unknown  Unknown
delphi             0000000000452D50  Unknown               Unknown  Unknown
delphi             0000000000404315  Unknown               Unknown  Unknown
delphi             000000000040372C  Unknown               Unknown  Unknown
libc.so.6          00002BA091897830  Unknown               Unknown  Unknown
delphi             0000000000403629  Unknown               Unknown  Unknown
forrtl: severe (174): SIGSEGV, segmentation fault occurred
Image              PC                Routine            Line        Source             
delphi             0000000000458E64  Unknown               Unknown  Unknown
delphi             0000000000452D50  Unknown               Unknown  Unknown
delphi             0000000000404315  Unknown               Unknown  Unknown
delphi             000000000040372C  Unknown               Unknown  Unknown
libc.so.6          00002B049D7E2830  Unknown               Unknown  Unknown
delphi             0000000000403629  Unknown               Unknown  Unknown
forrtl: severe (174): SIGSEGV, segmentation fault occurred
Image              PC                Routine            Line        Source             
delphi             0000000000458E64  Unknown               Unknown  Unknown
delphi             0000000000452D50  Unknown               Unknown  Unknown
delphi             0000000000404315  Unknown               Unknown  Unknown
delphi             000000000040372C  Unknown               Unknown  Unknown
libc.so.6          00002B6615C5B830  Unknown               Unknown  Unknown
delphi             0000000000403629  Unknown               Unknown  Unknown
forrtl: severe (174): SIGSEGV, segmentation fault occurred
Image              PC                Routine            Line        Source             
delphi             000000000045821C  Unknown               Unknown  Unknown
delphi             0000000000452D50  Unknown               Unknown  Unknown
delphi             0000000000404315  Unknown               Unknown  Unknown
delphi             000000000040372C  Unknown               Unknown  Unknown
libc.so.6          00002B69035B5830  Unknown               Unknown  Unknown
delphi             0000000000403629  Unknown               Unknown  Unknown
forrtl: severe (174): SIGSEGV, segmentation fault occurred
Image              PC                Routine            Line        Source             
delphi             0000000000457A7C  Unknown               Unknown  Unknown
delphi             0000000000452D50  Unknown               Unknown  Unknown
delphi             0000000000404315  Unknown               Unknown  Unknown
delphi             000000000040372C  Unknown               Unknown  Unknown
libc.so.6          00002B818F18F830  Unknown               Unknown  Unknown
delphi             0000000000403629  Unknown               Unknown  Unknown
forrtl: severe (174): SIGSEGV, segmentation fault occurred
Image              PC                Routine            Line        Source             
delphi             0000000000457F64  Unknown               Unknown  Unknown
delphi             0000000000452D50  Unknown               Unknown  Unknown
delphi             0000000000404315  Unknown               Unknown  Unknown
delphi             000000000040372C  Unknown               Unknown  Unknown
libc.so.6          00002B8B2525F830  Unknown               Unknown  Unknown
delphi             0000000000403629  Unknown               Unknown  Unknown
forrtl: severe (174): SIGSEGV, segmentation fault occurred
Image              PC                Routine            Line        Source             
delphi             00000000004581D8  Unknown               Unknown  Unknown
delphi             0000000000452D50  Unknown               Unknown  Unknown
delphi             0000000000404315  Unknown               Unknown  Unknown
delphi             000000000040372C  Unknown               Unknown  Unknown
libc.so.6          00002AC2364EF830  Unknown               Unknown  Unknown
delphi             0000000000403629  Unknown               Unknown  Unknown
forrtl: severe (174): SIGSEGV, segmentation fault occurred
Image              PC                Routine            Line        Source             
delphi             0000000000457A7C  Unknown               Unknown  Unknown
delphi             0000000000452D50  Unknown               Unknown  Unknown
delphi             0000000000404315  Unknown               Unknown  Unknown
delphi             000000000040372C  Unknown               Unknown  Unknown
libc.so.6          00002B617F94A830  Unknown               Unknown  Unknown
delphi             0000000000403629  Unknown               Unknown  Unknown
forrtl: severe (174): SIGSEGV, segmentation fault occurred
Image              PC                Routine            Line        Source             
delphi             000000000045795C  Unknown               Unknown  Unknown
delphi             0000000000452D50  Unknown               Unknown  Unknown
delphi             0000000000404315  Unknown               Unknown  Unknown
delphi             000000000040372C  Unknown               Unknown  Unknown
libc.so.6          00002B2009F8C830  Unknown               Unknown  Unknown
delphi             0000000000403629  Unknown               Unknown  Unknown
forrtl: severe (174): SIGSEGV, segmentation fault occurred
Image              PC                Routine            Line        Source             
delphi             0000000000457A7C  Unknown               Unknown  Unknown
delphi             0000000000452D50  Unknown               Unknown  Unknown
delphi             0000000000404315  Unknown               Unknown  Unknown
delphi             000000000040372C  Unknown               Unknown  Unknown
libc.so.6          00002B2292256830  Unknown               Unknown  Unknown
delphi             0000000000403629  Unknown               Unknown  Unknown
forrtl: severe (174): SIGSEGV, segmentation fault occurred
Image              PC                Routine            Line        Source             
delphi             000000000045795C  Unknown               Unknown  Unknown
delphi             0000000000452D50  Unknown               Unknown  Unknown
delphi             0000000000404315  Unknown               Unknown  Unknown
delphi             000000000040372C  Unknown               Unknown  Unknown
libc.so.6          00002ADD12F03830  Unknown               Unknown  Unknown
delphi             0000000000403629  Unknown               Unknown  Unknown
forrtl: severe (174): SIGSEGV, segmentation fault occurred
Image              PC                Routine            Line        Source             
delphi             00000000004581D8  Unknown               Unknown  Unknown
delphi             0000000000452D50  Unknown               Unknown  Unknown
delphi             0000000000404315  Unknown               Unknown  Unknown
delphi             000000000040372C  Unknown               Unknown  Unknown
libc.so.6          00002ABDD14C4830  Unknown               Unknown  Unknown
delphi             0000000000403629  Unknown               Unknown  Unknown
forrtl: severe (174): SIGSEGV, segmentation fault occurred
Image              PC                Routine            Line        Source             
delphi             0000000000457AC0  Unknown               Unknown  Unknown
delphi             0000000000452D50  Unknown               Unknown  Unknown
delphi             0000000000404315  Unknown               Unknown  Unknown
delphi             000000000040372C  Unknown               Unknown  Unknown
libc.so.6          00002B67A18B4830  Unknown               Unknown  Unknown
delphi             0000000000403629  Unknown               Unknown  Unknown
forrtl: severe (174): SIGSEGV, segmentation fault occurred
Image              PC                Routine            Line        Source             
delphi             0000000000457A7C  Unknown               Unknown  Unknown
delphi             0000000000452D50  Unknown               Unknown  Unknown
delphi             0000000000404315  Unknown               Unknown  Unknown
delphi             000000000040372C  Unknown               Unknown  Unknown
libc.so.6          00002B805844F830  Unknown               Unknown  Unknown
delphi             0000000000403629  Unknown               Unknown  Unknown
forrtl: severe (174): SIGSEGV, segmentation fault occurred
Image              PC                Routine            Line        Source             
delphi             0000000000457A7C  Unknown               Unknown  Unknown
delphi             0000000000452D50  Unknown               Unknown  Unknown
delphi             0000000000404315  Unknown               Unknown  Unknown
delphi             000000000040372C  Unknown               Unknown  Unknown
libc.so.6          00002B669C8A5830  Unknown               Unknown  Unknown
delphi             0000000000403629  Unknown               Unknown  Unknown
forrtl: severe (174): SIGSEGV, segmentation fault occurred
Image              PC                Routine            Line        Source             
delphi             000000000045795C  Unknown               Unknown  Unknown
delphi             0000000000452D50  Unknown               Unknown  Unknown
delphi             0000000000404315  Unknown               Unknown  Unknown
delphi             000000000040372C  Unknown               Unknown  Unknown
libc.so.6          00002B1B63337830  Unknown               Unknown  Unknown
delphi             0000000000403629  Unknown               Unknown  Unknown
forrtl: severe (174): SIGSEGV, segmentation fault occurred
Image              PC                Routine            Line        Source             
delphi             0000000000457FA8  Unknown               Unknown  Unknown
delphi             0000000000452D50  Unknown               Unknown  Unknown
delphi             0000000000404315  Unknown               Unknown  Unknown
delphi             000000000040372C  Unknown               Unknown  Unknown
libc.so.6          00002ABA08BB2830  Unknown               Unknown  Unknown
delphi             0000000000403629  Unknown               Unknown  Unknown
forrtl: severe (174): SIGSEGV, segmentation fault occurred
Image              PC                Routine            Line        Source             
delphi             0000000000457FA8  Unknown               Unknown  Unknown
delphi             0000000000452D50  Unknown               Unknown  Unknown
delphi             0000000000404315  Unknown               Unknown  Unknown
delphi             000000000040372C  Unknown               Unknown  Unknown
libc.so.6          00002B5584304830  Unknown               Unknown  Unknown
delphi             0000000000403629  Unknown               Unknown  Unknown
forrtl: severe (174): SIGSEGV, segmentation fault occurred
Image              PC                Routine            Line        Source             
delphi             00000000004579A0  Unknown               Unknown  Unknown
delphi             0000000000452D50  Unknown               Unknown  Unknown
delphi             0000000000404315  Unknown               Unknown  Unknown
delphi             000000000040372C  Unknown               Unknown  Unknown
libc.so.6          00002AF5824DB830  Unknown               Unknown  Unknown
delphi             0000000000403629  Unknown               Unknown  Unknown
forrtl: severe (174): SIGSEGV, segmentation fault occurred
Image              PC                Routine            Line        Source             
delphi             0000000000457A7C  Unknown               Unknown  Unknown
delphi             0000000000452D50  Unknown               Unknown  Unknown
delphi             0000000000404315  Unknown               Unknown  Unknown
delphi             000000000040372C  Unknown               Unknown  Unknown
libc.so.6          00002B1076782830  Unknown               Unknown  Unknown
delphi             0000000000403629  Unknown               Unknown  Unknown
forrtl: severe (174): SIGSEGV, segmentation fault occurred
Image              PC                Routine            Line        Source             
delphi             0000000000457F64  Unknown               Unknown  Unknown
delphi             0000000000452D50  Unknown               Unknown  Unknown
delphi             0000000000404315  Unknown               Unknown  Unknown
delphi             000000000040372C  Unknown               Unknown  Unknown
libc.so.6          00002B80EA295830  Unknown               Unknown  Unknown
delphi             0000000000403629  Unknown               Unknown  Unknown
forrtl: severe (174): SIGSEGV, segmentation fault occurred
Image              PC                Routine            Line        Source             
delphi             0000000000458E64  Unknown               Unknown  Unknown
delphi             0000000000452D50  Unknown               Unknown  Unknown
delphi             0000000000404315  Unknown               Unknown  Unknown
delphi             000000000040372C  Unknown               Unknown  Unknown
libc.so.6          00002B237EB5B830  Unknown               Unknown  Unknown
delphi             0000000000403629  Unknown               Unknown  Unknown
forrtl: severe (174): SIGSEGV, segmentation fault occurred
Image              PC                Routine            Line        Source             
delphi             0000000000457FA8  Unknown               Unknown  Unknown
delphi             0000000000452D50  Unknown               Unknown  Unknown
delphi             0000000000404315  Unknown               Unknown  Unknown
delphi             000000000040372C  Unknown               Unknown  Unknown
libc.so.6          00002BA247A45830  Unknown               Unknown  Unknown
delphi             0000000000403629  Unknown               Unknown  Unknown
forrtl: severe (174): SIGSEGV, segmentation fault occurred
Image              PC                Routine            Line        Source             
delphi             0000000000457F64  Unknown               Unknown  Unknown
delphi             0000000000452D50  Unknown               Unknown  Unknown
delphi             0000000000404315  Unknown               Unknown  Unknown
delphi             000000000040372C  Unknown               Unknown  Unknown
libc.so.6          00002B2134D9F830  Unknown               Unknown  Unknown
delphi             0000000000403629  Unknown               Unknown  Unknown
forrtl: severe (174): SIGSEGV, segmentation fault occurred
Image              PC                Routine            Line        Source             
delphi             0000000000457F64  Unknown               Unknown  Unknown
delphi             0000000000452D50  Unknown               Unknown  Unknown
delphi             0000000000404315  Unknown               Unknown  Unknown
delphi             000000000040372C  Unknown               Unknown  Unknown
libc.so.6          00002B7985498830  Unknown               Unknown  Unknown
delphi             0000000000403629  Unknown               Unknown  Unknown
forrtl: severe (174): SIGSEGV, segmentation fault occurred
Image              PC                Routine            Line        Source             
delphi             0000000000457F64  Unknown               Unknown  Unknown
delphi             0000000000452D50  Unknown               Unknown  Unknown
delphi             0000000000404315  Unknown               Unknown  Unknown
delphi             000000000040372C  Unknown               Unknown  Unknown
libc.so.6          00002AF2DDBF7830  Unknown               Unknown  Unknown
delphi             0000000000403629  Unknown               Unknown  Unknown
forrtl: severe (174): SIGSEGV, segmentation fault occurred
Image              PC                Routine            Line        Source             
delphi             0000000000457A7C  Unknown               Unknown  Unknown
delphi             0000000000452D50  Unknown               Unknown  Unknown
delphi             0000000000404315  Unknown               Unknown  Unknown
delphi             000000000040372C  Unknown               Unknown  Unknown
libc.so.6          00002AAF95C9E830  Unknown               Unknown  Unknown
delphi             0000000000403629  Unknown               Unknown  Unknown
forrtl: severe (174): SIGSEGV, segmentation fault occurred
Image              PC                Routine            Line        Source             
delphi             0000000000457FA8  Unknown               Unknown  Unknown
delphi             0000000000452D50  Unknown               Unknown  Unknown
delphi             0000000000404315  Unknown               Unknown  Unknown
delphi             000000000040372C  Unknown               Unknown  Unknown
libc.so.6          00002B333B752830  Unknown               Unknown  Unknown
delphi             0000000000403629  Unknown               Unknown  Unknown
forrtl: severe (174): SIGSEGV, segmentation fault occurred
Image              PC                Routine            Line        Source             
delphi             0000000000457F64  Unknown               Unknown  Unknown
delphi             0000000000452D50  Unknown               Unknown  Unknown
delphi             0000000000404315  Unknown               Unknown  Unknown
delphi             000000000040372C  Unknown               Unknown  Unknown
libc.so.6          00002AAD15B6F830  Unknown               Unknown  Unknown
delphi             0000000000403629  Unknown               Unknown  Unknown
forrtl: severe (174): SIGSEGV, segmentation fault occurred
Image              PC                Routine            Line        Source             
delphi             000000000045795C  Unknown               Unknown  Unknown
delphi             0000000000452D50  Unknown               Unknown  Unknown
delphi             0000000000404315  Unknown               Unknown  Unknown
delphi             000000000040372C  Unknown               Unknown  Unknown
libc.so.6          00002B20E53EE830  Unknown               Unknown  Unknown
delphi             0000000000403629  Unknown               Unknown  Unknown
forrtl: severe (174): SIGSEGV, segmentation fault occurred
Image              PC                Routine            Line        Source             
delphi             0000000000457FA8  Unknown               Unknown  Unknown
delphi             0000000000452D50  Unknown               Unknown  Unknown
delphi             0000000000404315  Unknown               Unknown  Unknown
delphi             000000000040372C  Unknown               Unknown  Unknown
libc.so.6          00002B53F3CF0830  Unknown               Unknown  Unknown
delphi             0000000000403629  Unknown               Unknown  Unknown
forrtl: severe (174): SIGSEGV, segmentation fault occurred
Image              PC                Routine            Line        Source             
delphi             0000000000457BB6  Unknown               Unknown  Unknown
delphi             0000000000452D50  Unknown               Unknown  Unknown
delphi             0000000000404315  Unknown               Unknown  Unknown
delphi             000000000040372C  Unknown               Unknown  Unknown
libc.so.6          00002B5934242830  Unknown               Unknown  Unknown
delphi             0000000000403629  Unknown               Unknown  Unknown
forrtl: severe (174): SIGSEGV, segmentation fault occurred
Image              PC                Routine            Line        Source             
delphi             0000000000457A7C  Unknown               Unknown  Unknown
delphi             0000000000452D50  Unknown               Unknown  Unknown
delphi             0000000000404315  Unknown               Unknown  Unknown
delphi             000000000040372C  Unknown               Unknown  Unknown
libc.so.6          00002AE490590830  Unknown               Unknown  Unknown
delphi             0000000000403629  Unknown               Unknown  Unknown
forrtl: severe (174): SIGSEGV, segmentation fault occurred
Image              PC                Routine            Line        Source             
delphi             0000000000457A7C  Unknown               Unknown  Unknown
delphi             0000000000452D50  Unknown               Unknown  Unknown
delphi             0000000000404315  Unknown               Unknown  Unknown
delphi             000000000040372C  Unknown               Unknown  Unknown
libc.so.6          00002AF0D8997830  Unknown               Unknown  Unknown
delphi             0000000000403629  Unknown               Unknown  Unknown
forrtl: severe (174): SIGSEGV, segmentation fault occurred
Image              PC                Routine            Line        Source             
delphi             000000000045821C  Unknown               Unknown  Unknown
delphi             0000000000452D50  Unknown               Unknown  Unknown
delphi             0000000000404315  Unknown               Unknown  Unknown
delphi             000000000040372C  Unknown               Unknown  Unknown
libc.so.6          00002B5B1D19D830  Unknown               Unknown  Unknown
delphi             0000000000403629  Unknown               Unknown  Unknown
forrtl: severe (174): SIGSEGV, segmentation fault occurred
Image              PC                Routine            Line        Source             
delphi             0000000000457A7C  Unknown               Unknown  Unknown
delphi             0000000000452D50  Unknown               Unknown  Unknown
delphi             0000000000404315  Unknown               Unknown  Unknown
delphi             000000000040372C  Unknown               Unknown  Unknown
libc.so.6          00002B975EB4F830  Unknown               Unknown  Unknown
delphi             0000000000403629  Unknown               Unknown  Unknown
forrtl: severe (174): SIGSEGV, segmentation fault occurred
Image              PC                Routine            Line        Source             
delphi             0000000000457BB6  Unknown               Unknown  Unknown
delphi             0000000000452D50  Unknown               Unknown  Unknown
delphi             0000000000404315  Unknown               Unknown  Unknown
delphi             000000000040372C  Unknown               Unknown  Unknown
libc.so.6          00002B9A46F8D830  Unknown               Unknown  Unknown
delphi             0000000000403629  Unknown               Unknown  Unknown
forrtl: severe (174): SIGSEGV, segmentation fault occurred
Image              PC                Routine            Line        Source             
delphi             0000000000457F64  Unknown               Unknown  Unknown
delphi             0000000000452D50  Unknown               Unknown  Unknown
delphi             0000000000404315  Unknown               Unknown  Unknown
delphi             000000000040372C  Unknown               Unknown  Unknown
libc.so.6          00002B29E647E830  Unknown               Unknown  Unknown
delphi             0000000000403629  Unknown               Unknown  Unknown
forrtl: severe (174): SIGSEGV, segmentation fault occurred
Image              PC                Routine            Line        Source             
delphi             0000000000457F64  Unknown               Unknown  Unknown
delphi             0000000000452D50  Unknown               Unknown  Unknown
delphi             0000000000404315  Unknown               Unknown  Unknown
delphi             000000000040372C  Unknown               Unknown  Unknown
libc.so.6          00002B6DE744A830  Unknown               Unknown  Unknown
delphi             0000000000403629  Unknown               Unknown  Unknown
forrtl: severe (174): SIGSEGV, segmentation fault occurred
Image              PC                Routine            Line        Source             
delphi             0000000000457F64  Unknown               Unknown  Unknown
delphi             0000000000452D50  Unknown               Unknown  Unknown
delphi             0000000000404315  Unknown               Unknown  Unknown
delphi             000000000040372C  Unknown               Unknown  Unknown
libc.so.6          00002B7989905830  Unknown               Unknown  Unknown
delphi             0000000000403629  Unknown               Unknown  Unknown
forrtl: severe (174): SIGSEGV, segmentation fault occurred
Image              PC                Routine            Line        Source             
delphi             000000000045821C  Unknown               Unknown  Unknown
delphi             0000000000452D50  Unknown               Unknown  Unknown
delphi             0000000000404315  Unknown               Unknown  Unknown
delphi             000000000040372C  Unknown               Unknown  Unknown
libc.so.6          00002B17758B4830  Unknown               Unknown  Unknown
delphi             0000000000403629  Unknown               Unknown  Unknown
forrtl: severe (174): SIGSEGV, segmentation fault occurred
Image              PC                Routine            Line        Source             
delphi             000000000045795C  Unknown               Unknown  Unknown
delphi             0000000000452D50  Unknown               Unknown  Unknown
delphi             0000000000404315  Unknown               Unknown  Unknown
delphi             000000000040372C  Unknown               Unknown  Unknown
libc.so.6          00002AAB33F3F830  Unknown               Unknown  Unknown
delphi             0000000000403629  Unknown               Unknown  Unknown
forrtl: severe (174): SIGSEGV, segmentation fault occurred
Image              PC                Routine            Line        Source             
delphi             0000000000457A7C  Unknown               Unknown  Unknown
delphi             0000000000452D50  Unknown               Unknown  Unknown
delphi             0000000000404315  Unknown               Unknown  Unknown
delphi             000000000040372C  Unknown               Unknown  Unknown
libc.so.6          00002B0CCE28C830  Unknown               Unknown  Unknown
delphi             0000000000403629  Unknown               Unknown  Unknown
forrtl: severe (174): SIGSEGV, segmentation fault occurred
Image              PC                Routine            Line        Source             
delphi             000000000045821C  Unknown               Unknown  Unknown
delphi             0000000000452D50  Unknown               Unknown  Unknown
delphi             0000000000404315  Unknown               Unknown  Unknown
delphi             000000000040372C  Unknown               Unknown  Unknown
libc.so.6          00002AB42DAF4830  Unknown               Unknown  Unknown
delphi             0000000000403629  Unknown               Unknown  Unknown
forrtl: severe (174): SIGSEGV, segmentation fault occurred
Image              PC                Routine            Line        Source             
delphi             0000000000457BB6  Unknown               Unknown  Unknown
delphi             0000000000452D50  Unknown               Unknown  Unknown
delphi             0000000000404315  Unknown               Unknown  Unknown
delphi             000000000040372C  Unknown               Unknown  Unknown
libc.so.6          00002B587DF43830  Unknown               Unknown  Unknown
delphi             0000000000403629  Unknown               Unknown  Unknown
forrtl: severe (174): SIGSEGV, segmentation fault occurred
Image              PC                Routine            Line        Source             
delphi             0000000000457A7C  Unknown               Unknown  Unknown
delphi             0000000000452D50  Unknown               Unknown  Unknown
delphi             0000000000404315  Unknown               Unknown  Unknown
delphi             000000000040372C  Unknown               Unknown  Unknown
libc.so.6          00002B395BAB7830  Unknown               Unknown  Unknown
delphi             0000000000403629  Unknown               Unknown  Unknown
forrtl: severe (174): SIGSEGV, segmentation fault occurred
Image              PC                Routine            Line        Source             
delphi             0000000000457F64  Unknown               Unknown  Unknown
delphi             0000000000452D50  Unknown               Unknown  Unknown
delphi             0000000000404315  Unknown               Unknown  Unknown
delphi             000000000040372C  Unknown               Unknown  Unknown
libc.so.6          00002AF4B59A9830  Unknown               Unknown  Unknown
delphi             0000000000403629  Unknown               Unknown  Unknown
forrtl: severe (174): SIGSEGV, segmentation fault occurred
Image              PC                Routine            Line        Source             
delphi             0000000000457F64  Unknown               Unknown  Unknown
delphi             0000000000452D50  Unknown               Unknown  Unknown
delphi             0000000000404315  Unknown               Unknown  Unknown
delphi             000000000040372C  Unknown               Unknown  Unknown
libc.so.6          00002B96B6C13830  Unknown               Unknown  Unknown
delphi             0000000000403629  Unknown               Unknown  Unknown
forrtl: severe (174): SIGSEGV, segmentation fault occurred
Image              PC                Routine            Line        Source             
delphi             0000000000457F64  Unknown               Unknown  Unknown
delphi             0000000000452D50  Unknown               Unknown  Unknown
delphi             0000000000404315  Unknown               Unknown  Unknown
delphi             000000000040372C  Unknown               Unknown  Unknown
libc.so.6          00002AB5C741F830  Unknown               Unknown  Unknown
delphi             0000000000403629  Unknown               Unknown  Unknown
forrtl: severe (174): SIGSEGV, segmentation fault occurred
Image              PC                Routine            Line        Source             
delphi             000000000045795C  Unknown               Unknown  Unknown
delphi             0000000000452D50  Unknown               Unknown  Unknown
delphi             0000000000404315  Unknown               Unknown  Unknown
delphi             000000000040372C  Unknown               Unknown  Unknown
libc.so.6          00002ACB5AC70830  Unknown               Unknown  Unknown
delphi             0000000000403629  Unknown               Unknown  Unknown
forrtl: severe (174): SIGSEGV, segmentation fault occurred
Image              PC                Routine            Line        Source             
delphi             0000000000457AC0  Unknown               Unknown  Unknown
delphi             0000000000452D50  Unknown               Unknown  Unknown
delphi             0000000000404315  Unknown               Unknown  Unknown
delphi             000000000040372C  Unknown               Unknown  Unknown
libc.so.6          00002AF92E4C5830  Unknown               Unknown  Unknown
delphi             0000000000403629  Unknown               Unknown  Unknown
forrtl: severe (174): SIGSEGV, segmentation fault occurred
Image              PC                Routine            Line        Source             
delphi             000000000045795C  Unknown               Unknown  Unknown
delphi             0000000000452D50  Unknown               Unknown  Unknown
delphi             0000000000404315  Unknown               Unknown  Unknown
delphi             000000000040372C  Unknown               Unknown  Unknown
libc.so.6          00002B6A5D46D830  Unknown               Unknown  Unknown
delphi             0000000000403629  Unknown               Unknown  Unknown
