CONFORMER         crg  vdw0  vdw1  tors  epol  self   occ  Hb     history    ASA
NTR01B3639_001  0.000 -3.15 -0.11  0.00  0.00 -3.27 1.000  00  01O000M000  0.317
NTR+1B3639_002  1.000 -3.15 -0.17  0.00  0.00 -3.33 1.000  00  +1O000M000  0.317
THR01B3639_001  0.000 -3.89  0.19  0.38  0.00 -3.32 0.673  00  01O000M000  0.413
THR01B3639_002  0.000 -3.89  0.19  0.00  0.00 -3.70 0.673  00  01O000M000  0.413
PRO01B3640_001  0.000 -3.16 -1.91  0.00  0.00 -5.06 1.000  00  01O000M000  0.357
LEU01B3641_001  0.000 -7.21 -0.25  0.49  0.00 -6.97 1.000  00  01O000M000  0.895
TYR01B3642_001  0.000 -5.14 -1.40  0.08  0.00 -6.46 1.000  00  01O000M000  0.709
TYR-1B3642_002 -1.000 -5.14 -1.40  0.08  0.00 -6.46 1.000  00  -1O000M000  0.709
ASN01B3643_001  0.000 -1.91  0.41  0.42  0.00 -1.08 1.000  00  01O000M000  0.523
LEU01B3644_001  0.000 -0.94 -1.29  1.66  0.00 -0.57 1.000  00  01O000M000  0.274
PRO01B3645_001  0.000 -3.20  0.66  0.00  0.00 -2.54 1.000  00  01O000M000  0.373
THR01B3646_001  0.000 -6.94  0.56  0.38  0.00 -6.01 0.665  00  01O000M000  0.847
HIS01B3647_001  0.000 -8.04 -2.41  0.22  0.00-10.23 0.747  00  01O000M000  0.722
HIS01B3647_002  0.000 -8.39 -2.31  0.22  0.00-10.48 0.753  00  01R001M000  0.713
HIS02B3647_003  0.000 -8.06 -2.50  0.22  0.00-10.34 0.747  00  02O000M000  0.722
HIS02B3647_004  0.000 -8.40 -2.33  0.22  0.00-10.51 0.753  00  02R001M000  0.713
HIS+1B3647_005  1.000 -8.09 -2.51  0.22  0.00-10.38 0.747  00  +1O000M000  0.722
HIS+1B3647_006  1.000 -8.43 -2.34  0.22  0.00-10.55 0.753  00  +1R001M000  0.713
ARG01B3648_001  0.000 -5.85 -1.95  0.46  0.00 -7.34 1.000  00  01O000M000  0.650
ARG02B3648_002  0.000 -5.87 -1.96  0.46  0.00 -7.37 1.000  00  02O000M000  0.650
ARG03B3648_003  0.000 -5.87 -1.96  0.46  0.00 -7.36 1.000  00  03O000M000  0.650
ARG+1B3648_004  1.000 -5.91 -1.96  0.46  0.00 -7.41 1.000  00  +1O000M000  0.650
ALA01B3649_001  0.000 -1.29 -1.99  0.00  0.00 -3.28 1.000  00  01O000M000  0.231
CYS01B3650_001  0.000 -3.48 -2.29  0.07  0.00 -5.69 1.000  00  01O000M000  0.482
CYS01B3650_002  0.000 -3.48 -2.26  0.07  0.00 -5.67 1.000  00  01O000M000  0.482
CYS01B3650_003  0.000 -3.48 -2.25  0.07  0.00 -5.66 1.000  00  01O000M000  0.482
CYS-1B3650_004 -1.000 -3.48 -2.23  0.07  0.00 -5.64 1.000  00  -1O000M000  0.482
ASN01B3651_001  0.000 -2.21 -1.07  0.61  0.00 -2.67 0.751  00  01O000M000  0.564
ASN01B3651_002  0.000 -2.39 -1.37  0.65  0.00 -3.11 0.749  00  01R001M000  0.549
MET01B3652_001  0.000 -5.85 -1.51  0.50  0.00 -6.85 1.000  00  01O000M000  0.524
PHE01B3653_001  0.000 -3.91 -3.50  0.56  0.00 -6.85 1.000  00  01O000M000  0.577
LEU01B3654_001  0.000 -4.39 -0.79  1.06  0.00 -4.11 1.000  00  01O000M000  0.592
GLU01B3655_001  0.000 -0.72 -0.75  3.19  0.00  1.72 1.000  00  01O000M000  0.657
GLU01B3655_002  0.000 -0.72 -0.75  0.47  0.00 -1.00 1.000  00  01O000M000  0.657
GLU02B3655_003  0.000 -1.08 -0.86  3.19  0.00  1.24 1.000  00  02O000M000  0.647
GLU02B3655_004  0.000 -1.08 -0.86  0.47  0.00 -1.48 1.000  00  02O000M000  0.647
GLU-1B3655_005 -1.000 -1.12 -0.82  0.47  0.00 -1.47 1.000  00  -1O000M000  0.639
SER01B3656_001  0.000 -3.17 11.00  0.40  0.00  8.23 0.660  00  01O000M000  0.536
TYR01B3657_001  0.000 -0.69 -5.19  0.03  0.00 -5.86 1.000  00  01O000M000  0.437
TYR-1B3657_002 -1.000 -0.69 -5.19  0.03  0.00 -5.86 1.000  00  -1O000M000  0.437
LYS01B3658_001  0.000  3.60 -2.42  0.97  0.00  2.15 1.000  00  01O000M000  0.620
LYS+1B3658_002  1.000  3.56 -2.43  0.97  0.00  2.09 1.000  00  +1O000M000  0.620
ALA01B3659_001  0.000 -4.99 -0.42  0.00  0.00 -5.42 1.000  00  01O000M000  0.898
ALA01B3660_001  0.000 -2.42  1.22  0.00  0.00 -1.20 1.000  00  01O000M000  0.474
TRP01B3661_001  0.000 -1.38  8.14  0.94  0.00  7.71 1.000  00  01O000M000  0.278
ILE01B3662_001  0.000 -7.45  5.75  1.12  0.00 -0.58 1.000  00  01O000M000  0.850
LEU01B3663_001  0.000 -3.62 18.60  1.99  0.00 16.97 1.000  00  01O000M000  0.490
THR01B3664_001  0.000 -5.21  1.06  0.69  0.00 -3.47 0.667  00  01O000M000  0.637
GLU01B3665_001  0.000 -1.53 -0.60  3.18  0.00  1.04 1.000  00  01O000M000  0.525
GLU01B3665_002  0.000 -1.53 -0.60  0.46  0.00 -1.68 1.000  00  01O000M000  0.525
GLU02B3665_003  0.000 -1.68 -0.65  3.18  0.00  0.85 1.000  00  02O000M000  0.528
GLU02B3665_004  0.000 -1.68 -0.65  0.46  0.00 -1.87 1.000  00  02O000M000  0.528
GLU-1B3665_005 -1.000 -1.70 -0.64  0.46  0.00 -1.88 1.000  00  -1O000M000  0.523
ASP01B3666_001  0.000 -0.77  0.08  4.07  0.00  3.39 1.000  00  01O000M000  0.341
ASP01B3666_002  0.000 -0.77  0.08  1.35  0.00  0.67 1.000  00  01O000M000  0.341
ASP02B3666_003  0.000 -0.75  0.30  4.07  0.00  3.62 1.000  00  02O000M000  0.330
ASP02B3666_004  0.000 -0.75  0.30  1.35  0.00  0.90 1.000  00  02O000M000  0.330
ASP-1B3666_005 -1.000 -0.81  0.08  1.35  0.00  0.62 1.000  00  -1O000M000  0.330
HIS01B3667_001  0.000 -4.85  2.69  1.04  0.00 -1.12 0.000  00  01O000M000  0.404
HIS01B3667_002  0.000 -4.60 10.27  1.04  0.00  6.72 1.000  00  01R001M000  0.387
HIS02B3667_003  0.000 -4.87  2.61  1.04  0.00 -1.21 0.000  00  02O000M000  0.404
HIS02B3667_004  0.000 -4.62 10.31  1.04  0.00  6.73 1.000  00  02R001M000  0.387
HIS+1B3667_005  1.000 -4.89  2.59  1.04  0.00 -1.26 0.000  00  +1O000M000  0.404
HIS+1B3667_006  1.000 -4.64 10.25  1.04  0.00  6.66 1.000  00  +1R001M000  0.387
SER01B3668_001  0.000 -2.91 -0.08  0.73  0.00 -2.26 0.665  00  01O000M000  0.494
SER01B3668_002  0.000 -2.91 -0.08  0.73  0.00 -2.26 0.665  00  01O000M000  0.494
PHE01B3669_001  0.000 -1.27 -2.38  0.09  0.00 -3.55 1.000  00  01O000M000  0.458
GLU01B3670_001  0.000  0.19  6.00  3.76  0.00  9.94 1.000  00  01O000M000  0.101
GLU01B3670_002  0.000  0.19  6.00  1.04  0.00  7.22 1.000  00  01O000M000  0.101
GLU02B3670_003  0.000  0.07  4.04  3.76  0.00  7.88 1.000  00  02O000M000  0.115
GLU02B3670_004  0.000  0.07  4.04  1.04  0.00  5.16 1.000  00  02O000M000  0.115
GLU-1B3670_005 -1.000  0.02  4.13  1.04  0.00  5.20 1.000  00  -1O000M000  0.102
ASP01B3671_001  0.000 -0.48  2.04  3.42  0.00  4.98 1.000  00  01O000M000  0.121
ASP01B3671_002  0.000 -0.48  2.04  0.70  0.00  2.26 1.000  00  01O000M000  0.121
ASP02B3671_003  0.000 -0.49  1.03  3.42  0.00  3.96 1.000  00  02O000M000  0.135
ASP02B3671_004  0.000 -0.49  1.03  0.70  0.00  1.24 1.000  00  02O000M000  0.135
ASP-1B3671_005 -1.000 -0.49  1.09  0.70  0.00  1.29 1.000  00  -1O000M000  0.124
ARG01B3672_001  0.000 -3.29  2.62  0.70  0.00  0.03 1.000  00  01O000M000  0.669
ARG02B3672_002  0.000 -3.25  2.53  0.70  0.00 -0.02 1.000  00  02O000M000  0.669
ARG03B3672_003  0.000 -3.35  2.54  0.70  0.00 -0.10 1.000  00  03O000M000  0.669
ARG+1B3672_004  1.000 -3.39  2.52  0.70  0.00 -0.17 1.000  00  +1O000M000  0.669
MET01B3673_001  0.000 -4.20 -1.78  1.00  0.00 -4.98 1.000  00  01O000M000  0.436
ILE01B3674_001  0.000  2.10  2.98  0.59  0.00  5.66 1.000  00  01O000M000  0.071
ASP01B3675_001  0.000 -0.81  7.38  3.05  0.00  9.61 1.000  00  01O000M000  0.220
ASP01B3675_002  0.000 -0.81  7.38  0.33  0.00  6.89 1.000  00  01O000M000  0.220
ASP02B3675_003  0.000 -0.79  6.93  3.05  0.00  9.19 1.000  00  02O000M000  0.245
ASP02B3675_004  0.000 -0.79  6.93  0.33  0.00  6.47 1.000  00  02O000M000  0.245
ASP-1B3675_005 -1.000 -0.82  6.01  0.33  0.00  5.52 1.000  00  -1O000M000  0.228
ASP01B3676_001  0.000 -1.66 30.88  3.19  0.00 32.42 1.000  00  01O000M000  0.347
ASP01B3676_002  0.000 -1.66 30.88  0.47  0.00 29.70 1.000  00  01O000M000  0.347
ASP02B3676_003  0.000 -1.59 24.80  3.19  0.00 26.40 1.000  00  02O000M000  0.353
ASP02B3676_004  0.000 -1.59 24.80  0.47  0.00 23.68 1.000  00  02O000M000  0.353
ASP-1B3676_005 -1.000 -1.59 24.25  0.47  0.00 23.13 1.000  00  -1O000M000  0.349
CTR01B3676_001  0.000 -1.13  6.43  2.72  0.00  8.02 1.000  00  01O000M000  0.108
CTR01B3676_002  0.000 -1.21  5.47  0.00  0.00  4.26 1.000  00  01O000M000  0.125
CTR02B3676_003  0.000 -1.13  5.53  2.72  0.00  7.11 1.000  00  02O000M000  0.107
CTR02B3676_004  0.000 -1.15  5.62  0.00  0.00  4.47 1.000  00  02O000M000  0.114
CTR-1B3676_005 -1.000 -1.11  5.76  0.00  0.00  4.65 1.000  00  -1O000M000  0.108
NTR01B3678_001  0.000 -2.06 -1.46  0.00  0.00 -3.51 1.000  00  01O000M000  0.206
NTR+1B3678_002  1.000 -2.06 -1.57  0.00  0.00 -3.63 1.000  00  +1O000M000  0.206
SER01B3678_001  0.000 -2.36 37.03  0.42  0.00 35.09 0.664  00  01O000M000  0.313
SER01B3678_002  0.000 -2.36 37.03  0.42  0.00 35.09 0.664  00  01O000M000  0.313
LYS01B3679_001  0.000 -5.33  9.44  1.08  0.00  5.18 1.000  00  01O000M000  0.636
LYS+1B3679_002  1.000 -5.41  9.39  1.08  0.00  5.05 1.000  00  +1O000M000  0.636
ALA01B3680_001  0.000 -4.20 -0.41  0.00  0.00 -4.62 1.000  00  01O000M000  0.773
GLU01B3682_001  0.000 -3.02 65.29  3.22  0.00 65.49 1.000  00  01O000M000  0.761
GLU01B3682_002  0.000 -3.02 65.29  0.50  0.00 62.77 1.000  00  01O000M000  0.761
GLU02B3682_003  0.000 -2.95 65.29  3.22  0.00 65.55 1.000  00  02O000M000  0.778
GLU02B3682_004  0.000 -2.95 65.29  0.50  0.00 62.83 1.000  00  02O000M000  0.778
GLU-1B3682_005 -1.000 -3.01 65.32  0.50  0.00 62.81 1.000  00  -1O000M000  0.763
GLN01B3683_001  0.000  0.01999.00  1.70  0.00999.00 1.000  00  01O000M000  0.081
GLU01B3684_001  0.000 -3.37 10.04  3.22  0.00  9.89 1.000  00  01O000M000  0.818
GLU01B3684_002  0.000 -3.37 10.04  0.50  0.00  7.17 1.000  00  01O000M000  0.818
GLU02B3684_003  0.000 -3.11 10.04  3.22  0.00 10.15 1.000  00  02O000M000  0.816
GLU02B3684_004  0.000 -3.11 10.04  0.50  0.00  7.43 1.000  00  02O000M000  0.816
GLU-1B3684_005 -1.000 -3.25 10.06  0.50  0.00  7.31 1.000  00  -1O000M000  0.827
GLU01B3685_001  0.000 -3.59 -0.11  3.22  0.00 -0.48 1.000  00  01O000M000  0.900
GLU01B3685_002  0.000 -3.59 -0.11  0.50  0.00 -3.20 1.000  00  01O000M000  0.900
GLU02B3685_003  0.000 -3.55 -0.12  3.22  0.00 -0.45 1.000  00  02O000M000  0.914
GLU02B3685_004  0.000 -3.55 -0.12  0.50  0.00 -3.17 1.000  00  02O000M000  0.914
GLU-1B3685_005 -1.000 -3.58 -0.09  0.50  0.00 -3.17 1.000  00  -1O000M000  0.908
GLU01B3686_001  0.000 -2.04  4.74  3.22  0.00  5.92 1.000  00  01O000M000  0.533
GLU01B3686_002  0.000 -2.04  4.74  0.50  0.00  3.20 1.000  00  01O000M000  0.533
GLU02B3686_003  0.000 -1.79  4.74  3.22  0.00  6.17 1.000  00  02O000M000  0.527
GLU02B3686_004  0.000 -1.79  4.74  0.50  0.00  3.45 1.000  00  02O000M000  0.527
GLU-1B3686_005 -1.000 -1.99  4.77  0.50  0.00  3.28 1.000  00  -1O000M000  0.530
GLU01B3687_001  0.000 -2.17 -0.64  3.22  0.00  0.41 1.000  00  01O000M000  0.567
GLU01B3687_002  0.000 -2.17 -0.64  0.50  0.00 -2.31 1.000  00  01O000M000  0.567
GLU02B3687_003  0.000 -1.97 -0.66  3.22  0.00  0.59 1.000  00  02O000M000  0.569
GLU02B3687_004  0.000 -1.97 -0.66  0.50  0.00 -2.13 1.000  00  02O000M000  0.569
GLU-1B3687_005 -1.000 -2.12 -0.60  0.50  0.00 -2.22 1.000  00  -1O000M000  0.568
GLU01B3688_001  0.000 -3.77  0.49  3.22  0.00 -0.06 1.000  00  01O000M000  0.932
GLU01B3688_002  0.000 -3.77  0.49  0.50  0.00 -2.78 1.000  00  01O000M000  0.932
GLU02B3688_003  0.000 -3.70  0.48  3.22  0.00  0.00 1.000  00  02O000M000  0.938
GLU02B3688_004  0.000 -3.70  0.48  0.50  0.00 -2.72 1.000  00  02O000M000  0.938
GLU-1B3688_005 -1.000 -3.77  0.50  0.50  0.00 -2.77 1.000  00  -1O000M000  0.931
GLU01B3689_001  0.000 -3.35 17.10  3.22  0.00 16.97 1.000  00  01O000M000  0.835
GLU01B3689_002  0.000 -3.35 17.10  0.50  0.00 14.25 1.000  00  01O000M000  0.835
GLU02B3689_003  0.000 -3.14 17.10  3.22  0.00 17.19 1.000  00  02O000M000  0.827
GLU02B3689_004  0.000 -3.14 17.10  0.50  0.00 14.47 1.000  00  02O000M000  0.827
GLU-1B3689_005 -1.000 -3.26 17.13  0.50  0.00 14.36 1.000  00  -1O000M000  0.825
VAL01B3690_001  0.000 -2.78  4.21  0.00  0.00  1.43 1.000  00  01O000M000  0.318
GLU01B3691_001  0.000 -3.48 65.45  3.22  0.00 65.19 1.000  00  01O000M000  0.855
GLU01B3691_002  0.000 -3.48 65.45  0.50  0.00 62.47 1.000  00  01O000M000  0.855
GLU02B3691_003  0.000 -3.33 65.45  3.22  0.00 65.34 1.000  00  02O000M000  0.867
GLU02B3691_004  0.000 -3.33 65.45  0.50  0.00 62.62 1.000  00  02O000M000  0.867
GLU-1B3691_005 -1.000 -3.52 65.47  0.50  0.00 62.45 1.000  00  -1O000M000  0.858
GLU01B3692_001  0.000 -3.38999.00  3.22  0.00999.00 1.000  00  01O000M000  0.807
GLU01B3692_002  0.000 -3.38999.00  0.50  0.00999.00 1.000  00  01O000M000  0.807
GLU02B3692_003  0.000 -3.24999.00  3.22  0.00999.00 1.000  00  02O000M000  0.816
GLU02B3692_004  0.000 -3.24999.00  0.50  0.00999.00 1.000  00  02O000M000  0.816
GLU-1B3692_005 -1.000 -3.27999.00  0.50  0.00999.00 1.000  00  -1O000M000  0.799
LYS01B3693_001  0.000 -5.07999.00  0.95  0.00999.00 1.000  00  01O000M000  0.753
LYS+1B3693_002  1.000 -5.17999.00  0.95  0.00999.00 1.000  00  +1O000M000  0.753
LYS01B3694_001  0.000 -3.94 -1.69  1.40  0.00 -4.22 1.000  00  01O000M000  0.441
LYS+1B3694_002  1.000 -4.02 -1.69  1.40  0.00 -4.31 1.000  00  +1O000M000  0.441
CTR01B3694_001  0.000 -2.97  1.59  2.72  0.00  1.34 1.000  00  01O000M000  0.291
CTR01B3694_002  0.000 -3.04  0.47  0.00  0.00 -2.57 1.000  00  01O000M000  0.301
CTR02B3694_003  0.000 -3.27  0.54  2.72  0.00 -0.01 1.000  00  02O000M000  0.320
CTR02B3694_004  0.000 -3.03  0.50  0.00  0.00 -2.52 1.000  00  02O000M000  0.295
CTR-1B3694_005 -1.000 -2.90  0.55  0.00  0.00 -2.34 1.000  00  -1O000M000  0.286
NTR01B3710_001  0.000 -2.72  1.23  0.00  0.00 -1.49 1.000  00  01O000M000  0.276
NTR+1B3710_002  1.000 -2.72  1.15  0.00  0.00 -1.57 1.000  00  +1O000M000  0.276
LEU01B3710_001  0.000 -9.35  0.68  1.77  0.00 -6.90 1.000  00  01O000M000  0.889
THR01B3711_001  0.000 -5.71  2.59  0.38  0.00 -2.75 0.663  00  01O000M000  0.688
THR01B3711_002  0.000 -5.71  2.59  0.38  0.00 -2.75 0.663  00  01O000M000  0.688
GLU01B3712_001  0.000  0.56  0.76  4.68  0.00  6.01 1.000  00  01O000M000  0.839
GLU01B3712_002  0.000  0.56  0.76  1.96  0.00  3.29 1.000  00  01O000M000  0.839
GLU02B3712_003  0.000 -0.22  0.46  4.68  0.00  4.91 1.000  00  02O000M000  0.830
GLU02B3712_004  0.000 -0.22  0.46  1.96  0.00  2.19 1.000  00  02O000M000  0.830
GLU-1B3712_005 -1.000 -0.14  0.49  1.96  0.00  2.31 1.000  00  -1O000M000  0.831
LYS01B3713_001  0.000  0.88  1.17  1.28  0.00  3.33 1.000  00  01O000M000  0.299
LYS+1B3713_002  1.000  0.82  1.14  1.28  0.00  3.25 1.000  00  +1O000M000  0.299
SER01B3714_001  0.000 -5.17  0.22  0.38  0.00 -4.58 0.662  00  01O000M000  0.864
LYS01B3715_001  0.000 -7.09  0.58  1.12  0.00 -5.39 1.000  00  01O000M000  0.767
LYS+1B3715_002  1.000 -7.13  0.58  1.12  0.00 -5.44 1.000  00  +1O000M000  0.767
LEU01B3716_001  0.000 -7.08  3.13  1.21  0.00 -2.74 1.000  00  01O000M000  0.701
ASP01B3717_001  0.000 -2.28  3.29  3.15  0.00  4.16 1.000  00  01O000M000  0.550
ASP01B3717_002  0.000 -2.28  3.29  0.43  0.00  1.44 1.000  00  01O000M000  0.550
ASP02B3717_003  0.000 -2.11  2.51  3.15  0.00  3.55 1.000  00  02O000M000  0.540
ASP02B3717_004  0.000 -2.11  2.51  0.43  0.00  0.83 1.000  00  02O000M000  0.540
ASP-1B3717_005 -1.000 -2.24  2.55  0.43  0.00  0.74 1.000  00  -1O000M000  0.560
GLU01B3718_001  0.000  0.06  0.54  3.61  0.00  4.21 1.000  00  01O000M000  0.844
GLU01B3718_002  0.000  0.06  0.54  0.89  0.00  1.49 1.000  00  01O000M000  0.844
GLU02B3718_003  0.000 -0.79  0.47  3.61  0.00  3.29 1.000  00  02O000M000  0.862
GLU02B3718_004  0.000 -0.79  0.47  0.89  0.00  0.57 1.000  00  02O000M000  0.862
GLU-1B3718_005 -1.000 -0.75  0.51  0.89  0.00  0.65 1.000  00  -1O000M000  0.870
ASP01B3719_001  0.000 -3.31  2.66  3.34  0.00  2.69 1.000  00  01O000M000  0.780
ASP01B3719_002  0.000 -3.31  2.66  0.62  0.00 -0.03 1.000  00  01O000M000  0.780
ASP02B3719_003  0.000 -3.06  1.92  3.34  0.00  2.20 1.000  00  02O000M000  0.707
ASP02B3719_004  0.000 -3.06  1.92  0.62  0.00 -0.52 1.000  00  02O000M000  0.707
ASP-1B3719_005 -1.000 -3.14  1.96  0.62  0.00 -0.57 1.000  00  -1O000M000  0.752
TYR01B3720_001  0.000 -8.26 -0.78  0.01  0.00 -9.03 1.000  00  01O000M000  0.876
TYR-1B3720_002 -1.000 -8.26 -0.78  0.01  0.00 -9.03 1.000  00  -1O000M000  0.876
CTR01B3720_001  0.000 -3.08  0.55  2.72  0.00  0.19 1.000  00  01O000M000  0.295
CTR01B3720_002  0.000 -2.75  0.27  0.00  0.00 -2.49 1.000  00  01O000M000  0.277
CTR02B3720_003  0.000 -2.95  0.41  2.72  0.00  0.18 1.000  00  02O000M000  0.281
CTR02B3720_004  0.000 -2.77  0.25  0.00  0.00 -2.52 1.000  00  02O000M000  0.272
CTR-1B3720_005 -1.000 -2.91  0.32  0.00  0.00 -2.58 1.000  00  -1O000M000  0.285
NTR01B3725_001  0.000 -1.22 -0.12  0.00  0.00 -1.34 1.000  00  01O000M000  0.124
NTR+1B3725_002  1.000 -1.23 -0.21  0.00  0.00 -1.43 1.000  00  +1O000M000  0.124
TYR01B3725_001  0.000 -4.34 -1.06  0.21  0.00 -5.19 1.000  00  01O000M000  0.627
TYR-1B3725_002 -1.000 -4.34 -1.06  0.21  0.00 -5.19 1.000  00  -1O000M000  0.627
ALA01B3726_001  0.000 -5.16  0.00  0.00  0.00 -5.16 1.000  00  01O000M000  0.909
ASP01B3727_001  0.000 -2.74  0.98  3.05  0.00  1.29 1.000  00  01O000M000  0.653
ASP01B3727_002  0.000 -2.74  0.98  0.33  0.00 -1.43 1.000  00  01O000M000  0.653
ASP02B3727_003  0.000 -2.72  0.27  3.05  0.00  0.60 1.000  00  02O000M000  0.669
ASP02B3727_004  0.000 -2.72  0.27  0.33  0.00 -2.12 1.000  00  02O000M000  0.669
ASP-1B3727_005 -1.000 -2.70  0.31  0.33  0.00 -2.06 1.000  00  -1O000M000  0.670
ILE01B3728_001  0.000 -0.19  1.32  0.64  0.00  1.78 1.000  00  01O000M000  0.148
MET01B3729_001  0.000 -4.95 -2.60  0.57  0.00 -6.98 1.000  00  01O000M000  0.443
ALA01B3730_001  0.000 -2.40  0.29  0.00  0.00 -2.12 1.000  00  01O000M000  0.428
LYS01B3731_001  0.000  2.53 -1.70  1.10  0.00  1.93 1.000  00  01O000M000  0.334
LYS+1B3731_002  1.000  2.53 -1.72  1.10  0.00  1.92 1.000  00  +1O000M000  0.334
SER01B3732_001  0.000  0.00 32.56  0.72  0.00 33.28 0.664  00  01O000M000  0.000
SER01B3732_002  0.000  0.00 32.56  0.72  0.00 33.28 0.664  00  01O000M000  0.000
SER01B3732_003  0.000  0.00 32.56  0.34  0.00 32.90 0.664  00  01O000M000  0.000
CYS01B3733_001  0.000 -3.58 -2.11  0.05  0.00 -5.64 1.000  00  01O000M000  0.480
CYS01B3733_002  0.000 -3.58 -2.15  0.05  0.00 -5.67 1.000  00  01O000M000  0.480
CYS01B3733_003  0.000 -3.58 -2.10  0.05  0.00 -5.62 1.000  00  01O000M000  0.480
CYS-1B3733_004 -1.000 -3.57 -2.08  0.05  0.00 -5.60 1.000  00  -1O000M000  0.480
HIS01B3734_001  0.000 -2.75999.00  0.00  0.00999.00 0.000  00  01O000M000  0.202
HIS01B3734_002  0.000 -2.60999.00  0.00  0.00999.00 1.000  00  01R001M000  0.191
HIS02B3734_003  0.000 -2.76999.00  0.00  0.00999.00 0.000  00  02O000M000  0.202
HIS02B3734_004  0.000 -2.61999.00  0.00  0.00999.00 1.000  00  02R001M000  0.191
HIS+1B3734_005  1.000 -2.78999.00  0.00  0.00999.00 0.000  00  +1O000M000  0.202
HIS+1B3734_006  1.000 -2.63999.00  0.00  0.00999.00 1.000  00  +1R001M000  0.191
LEU01B3735_001  0.000  0.87999.00  2.94  0.00999.00 1.000  00  01O000M000  0.048
GLU01B3736_001  0.000 -2.63  1.48  3.22  0.00  2.07 1.000  00  01O000M000  0.661
GLU01B3736_002  0.000 -2.63  1.48  0.50  0.00 -0.65 1.000  00  01O000M000  0.661
GLU02B3736_003  0.000 -2.45  1.47  3.22  0.00  2.24 1.000  00  02O000M000  0.673
GLU02B3736_004  0.000 -2.45  1.47  0.50  0.00 -0.48 1.000  00  02O000M000  0.673
GLU-1B3736_005 -1.000 -2.61  1.50  0.50  0.00 -0.61 1.000  00  -1O000M000  0.665
GLU01B3737_001  0.000 -2.19 21.53  3.22  0.00 22.57 1.000  00  01O000M000  0.575
GLU01B3737_002  0.000 -2.19 21.53  0.50  0.00 19.85 1.000  00  01O000M000  0.575
GLU02B3737_003  0.000 -1.85 21.52  3.22  0.00 22.89 1.000  00  02O000M000  0.537
GLU02B3737_004  0.000 -1.85 21.52  0.50  0.00 20.17 1.000  00  02O000M000  0.537
GLU-1B3737_005 -1.000 -2.04 21.56  0.50  0.00 20.02 1.000  00  -1O000M000  0.562
GLU01B3740_001  0.000 -2.78  0.93  3.22  0.00  1.37 1.000  00  01O000M000  0.706
GLU01B3740_002  0.000 -2.78  0.93  0.50  0.00 -1.35 1.000  00  01O000M000  0.706
GLU02B3740_003  0.000 -2.64  0.91  3.22  0.00  1.49 1.000  00  02O000M000  0.705
GLU02B3740_004  0.000 -2.64  0.91  0.50  0.00 -1.23 1.000  00  02O000M000  0.705
GLU-1B3740_005 -1.000 -2.78  0.96  0.50  0.00 -1.33 1.000  00  -1O000M000  0.708
ASN01B3741_001  0.000 -2.50 -1.26  0.30  0.00 -3.46 1.000  00  01O000M000  0.485
CTR01B3741_001  0.000 -4.56 -1.40  2.72  0.00 -3.24 1.000  00  01O000M000  0.437
CTR01B3741_002  0.000 -4.58 -1.53  0.00  0.00 -6.10 1.000  00  01O000M000  0.448
CTR02B3741_003  0.000 -4.44 -1.47  2.72  0.00 -3.19 1.000  00  02O000M000  0.430
CTR02B3741_004  0.000 -4.65 -1.50  0.00  0.00 -6.16 1.000  00  02O000M000  0.449
CTR-1B3741_005 -1.000 -4.44 -1.45  0.00  0.00 -5.89 1.000  00  -1O000M000  0.435
NTR01B3747_001  0.000 -3.77  0.30  0.00  0.00 -3.48 1.000  00  01O000M000  0.386
NTR+1B3747_002  1.000 -3.77  0.22  0.00  0.00 -3.56 1.000  00  +1O000M000  0.386
GLU01B3747_001  0.000 -4.27 39.31  3.22  0.00 38.26 1.000  00  01O000M000  0.943
GLU01B3747_002  0.000 -4.27 39.31  0.50  0.00 35.54 1.000  00  01O000M000  0.943
GLU02B3747_003  0.000 -4.10 39.31  3.22  0.00 38.44 1.000  00  02O000M000  0.927
GLU02B3747_004  0.000 -4.10 39.31  0.50  0.00 35.72 1.000  00  02O000M000  0.927
GLU-1B3747_005 -1.000 -4.24 39.32  0.50  0.00 35.59 1.000  00  -1O000M000  0.942
GLU01B3748_001  0.000 -4.21  0.77  3.22  0.00 -0.22 1.000  00  01O000M000  0.964
GLU01B3748_002  0.000 -4.21  0.77  0.50  0.00 -2.94 1.000  00  01O000M000  0.964
GLU02B3748_003  0.000 -3.95  0.77  3.22  0.00  0.04 1.000  00  02O000M000  0.966
GLU02B3748_004  0.000 -3.95  0.77  0.50  0.00 -2.68 1.000  00  02O000M000  0.966
GLU-1B3748_005 -1.000 -4.09  0.79  0.50  0.00 -2.80 1.000  00  -1O000M000  0.970
VAL01B3749_001  0.000 -8.76  1.35  0.00  0.00 -7.42 1.000  00  01O000M000  0.826
CTR01B3749_001  0.000 -4.49 -0.54  2.72  0.00 -2.31 1.000  00  01O000M000  0.427
CTR01B3749_002  0.000 -4.29 -0.74  0.00  0.00 -5.03 1.000  00  01O000M000  0.422
CTR02B3749_003  0.000 -4.55 -0.73  2.72  0.00 -2.55 1.000  00  02O000M000  0.425
CTR02B3749_004  0.000 -4.47 -0.73  0.00  0.00 -5.20 1.000  00  02O000M000  0.428
CTR-1B3749_005 -1.000 -4.47 -0.69  0.00  0.00 -5.16 1.000  00  -1O000M000  0.426
NTR01B3769_001  0.000 -2.78  0.87  0.00  0.00 -1.91 1.000  00  01O000M000  0.286
NTR+1B3769_002  1.000 -2.78  0.80  0.00  0.00 -1.98 1.000  00  +1O000M000  0.286
ARG01B3769_001  0.000  4.25 -2.33  3.42  0.00  5.34 1.000  00  01O000M000  0.217
ARG02B3769_002  0.000  4.20 -2.31  3.42  0.00  5.31 1.000  00  02O000M000  0.217
ARG03B3769_003  0.000  4.19 -2.29  3.42  0.00  5.32 1.000  00  03O000M000  0.217
ARG+1B3769_004  1.000  4.15 -2.33  3.42  0.00  5.24 1.000  00  +1O000M000  0.217
LEU01B3770_001  0.000 -1.67576.75  2.84  0.00577.91 1.000  00  01O000M000  0.253
CTR01B3770_001  0.000 -5.34  0.55  2.72  0.00 -2.07 1.000  00  01O000M000  0.501
CTR01B3770_002  0.000 -5.15  0.25  0.00  0.00 -4.91 1.000  00  01O000M000  0.505
CTR02B3770_003  0.000 -5.26  1.02  2.72  0.00 -1.52 1.000  00  02O000M000  0.498
CTR02B3770_004  0.000 -5.21  0.23  0.00  0.00 -4.98 1.000  00  02O000M000  0.505
CTR-1B3770_005 -1.000 -5.28  0.29  0.00  0.00 -4.99 1.000  00  -1O000M000  0.506
NTR01B3790_001  0.000 -3.34 -0.00  0.00  0.00 -3.34 1.000  00  01O000M000  0.332
NTR01B3790_002  0.000 -3.18 -0.00  0.00  0.00 -3.18 1.000  00  01O000M000  0.320
NTR+1B3790_003  1.000 -3.18 -0.00  0.00  0.00 -3.18 1.000  00  +1O000M000  0.320
CTR01B3790_001  0.000 -6.09 -0.02  2.72  0.00 -3.39 1.000  00  01O000M000  0.577
CTR01B3790_002  0.000 -6.02 -0.02  0.00  0.00 -6.04 1.000  00  01O000M000  0.578
CTR02B3790_003  0.000 -6.25 -0.02  2.72  0.00 -3.55 1.000  00  02O000M000  0.586
CTR02B3790_004  0.000 -6.10 -0.02  0.00  0.00 -6.12 1.000  00  02O000M000  0.578
CTR-1B3790_005 -1.000 -6.03 -0.02  0.00  0.00 -6.05 1.000  00  -1O000M000  0.574
THR01B3790_001  0.000 -8.49 -0.01  0.39  0.00 -8.10 0.663  00  01O000M000  0.686
THR01B3790_002  0.000 -8.49 -0.01  0.39  0.00 -8.10 0.663  00  01O000M000  0.686
THR01B3790_003  0.000 -8.49 -0.01  0.02  0.00 -8.48 0.663  00  01O000M000  0.686
NTR01B3831_001  0.000 -4.29  0.00  0.00  0.00 -4.29 1.000  00  01O000M000  0.433
NTR01B3831_002  0.000 -4.15  0.00  0.00  0.00 -4.15 1.000  00  01O000M000  0.415
NTR+1B3831_003  1.000 -4.15  0.00  0.00  0.00 -4.15 1.000  00  +1O000M000  0.415
CTR01B3831_001  0.000 -6.15  0.00  2.72  0.00 -3.43 1.000  00  01O000M000  0.580
CTR01B3831_002  0.000 -5.89  0.00  0.00  0.00 -5.89 1.000  00  01O000M000  0.571
CTR02B3831_003  0.000 -6.07  0.00  2.72  0.00 -3.35 1.000  00  02O000M000  0.565
CTR02B3831_004  0.000 -5.88  0.00  0.00  0.00 -5.88 1.000  00  02O000M000  0.567
CTR-1B3831_005 -1.000 -5.94  0.00  0.00  0.00 -5.94 1.000  00  -1O000M000  0.568
SER01B3831_001  0.000 -5.75  0.00  0.82  0.00 -4.92 0.661  00  01O000M000  0.568
SER01B3831_002  0.000 -5.75  0.00  0.45  0.00 -5.30 0.661  00  01O000M000  0.568
NTR01B3846_001  0.000 -2.28 -0.02  0.00  0.00 -2.30 1.000  00  01O000M000  0.226
NTR+1B3846_002  1.000 -2.28 -0.11  0.00  0.00 -2.39 1.000  00  +1O000M000  0.226
ALA01B3846_001  0.000 -1.85 -0.50  0.00  0.00 -2.36 1.000  00  01O000M000  0.275
PHE01B3847_001  0.000  0.48 -3.32  0.01  0.00 -2.83 1.000  00  01O000M000  0.355
GLU01B3848_001  0.000 -0.53 -0.27  3.35  0.00  2.55 1.000  00  01O000M000  0.607
GLU01B3848_002  0.000 -0.53 -0.27  0.63  0.00 -0.17 1.000  00  01O000M000  0.607
GLU02B3848_003  0.000 -0.92 -0.35  3.35  0.00  2.08 1.000  00  02O000M000  0.607
GLU02B3848_004  0.000 -0.92 -0.35  0.63  0.00 -0.64 1.000  00  02O000M000  0.607
GLU-1B3848_005 -1.000 -0.93 -0.31  0.63  0.00 -0.62 1.000  00  -1O000M000  0.595
ARG01B3849_001  0.000 -9.02 -0.40  0.84  0.00 -8.59 1.000  00  01O000M000  0.746
ARG02B3849_002  0.000 -9.04 -0.41  0.84  0.00 -8.62 1.000  00  02O000M000  0.746
ARG03B3849_003  0.000 -9.05 -0.41  0.84  0.00 -8.62 1.000  00  03O000M000  0.746
ARG+1B3849_004  1.000 -9.09 -0.41  0.84  0.00 -8.66 1.000  00  +1O000M000  0.746
GLN01B3850_001  0.000  2.85 -2.19  0.22  0.00  0.87 1.000  00  01O000M000  0.063
ASN01B3851_001  0.000 -1.60  1.43  0.33  0.00  0.16 0.755  00  01O000M000  0.396
ASN01B3851_002  0.000 -1.54  3.19  0.34  0.00  1.99 0.745  00  01R001M000  0.338
LYS01B3852_001  0.000 -6.52  2.66  0.82  0.00 -3.04 1.000  00  01O000M000  0.607
LYS+1B3852_002  1.000 -6.57  2.66  0.82  0.00 -3.09 1.000  00  +1O000M000  0.607
ALA01B3853_001  0.000 -0.72  1.91  0.00  0.00  1.19 1.000  00  01O000M000  0.129
GLU01B3854_001  0.000 -1.61 -0.05  3.22  0.00  1.56 1.000  00  01O000M000  0.437
GLU01B3854_002  0.000 -1.61 -0.05  0.50  0.00 -1.16 1.000  00  01O000M000  0.437
GLU02B3854_003  0.000 -1.34 -0.08  3.22  0.00  1.80 1.000  00  02O000M000  0.429
GLU02B3854_004  0.000 -1.34 -0.08  0.50  0.00 -0.92 1.000  00  02O000M000  0.429
GLU-1B3854_005 -1.000 -1.46 -0.02  0.50  0.00 -0.98 1.000  00  -1O000M000  0.422
LEU01B3856_001  0.000 -5.65  2.67  0.45  0.00 -2.52 1.000  00  01O000M000  0.620
MET01B3858_001  0.000 -8.64101.59  0.00  0.00 92.95 1.000  00  01O000M000  0.753
VAL01B3859_001  0.000 -1.87999.00  0.00  0.00999.00 1.000  00  01O000M000  0.229
ASN01B3860_001  0.000 -2.88 23.21  0.30  0.00 20.64 1.000  00  01O000M000  0.605
GLU01B3861_001  0.000 -2.46  0.13  3.22  0.00  0.90 1.000  00  01O000M000  0.612
GLU01B3861_002  0.000 -2.46  0.13  0.50  0.00 -1.82 1.000  00  01O000M000  0.612
GLU02B3861_003  0.000 -2.27  0.13  3.22  0.00  1.08 1.000  00  02O000M000  0.622
GLU02B3861_004  0.000 -2.27  0.13  0.50  0.00 -1.64 1.000  00  02O000M000  0.622
GLU-1B3861_005 -1.000 -2.44  0.15  0.50  0.00 -1.79 1.000  00  -1O000M000  0.617
ASP01B3862_001  0.000 -2.43533.07  2.97  0.00533.60 1.000  00  01O000M000  0.529
ASP01B3862_002  0.000 -2.43533.07  0.25  0.00530.88 1.000  00  01O000M000  0.529
ASP02B3862_003  0.000 -2.31430.01  2.97  0.00430.67 1.000  00  02O000M000  0.512
ASP02B3862_004  0.000 -2.31430.01  0.25  0.00427.95 1.000  00  02O000M000  0.512
ASP-1B3862_005 -1.000 -2.35430.05  0.25  0.00427.95 1.000  00  -1O000M000  0.517
THR01B3864_001  0.000 -1.90844.22  0.37  0.00842.70 0.667  00  01O000M000  0.237
VAL01B3865_001  0.000 -5.20  3.27  0.00  0.00 -1.93 1.000  00  01O000M000  0.574
ILE01B3866_001  0.000 -4.90999.00  0.33  0.00999.00 1.000  00  01O000M000  0.465
ASN01B3867_001  0.000 -1.13 11.67  0.30  0.00 10.84 1.000  00  01O000M000  0.232
ARG01B3868_001  0.000999.00999.00  2.94  0.00999.00 1.000  00  01O000M000  0.446
ARG02B3868_002  0.000999.00999.00  2.94  0.00999.00 1.000  00  02O000M000  0.446
ARG03B3868_003  0.000999.00999.00  2.94  0.00999.00 1.000  00  03O000M000  0.446
ARG03B3868_004  0.000184.72999.00  2.94  0.00999.00 1.000  00  03O000M000  0.446
ARG+1B3868_005  1.000999.00999.00  2.94  0.00999.00 1.000  00  +1O000M000  0.446
GLN01B3869_001  0.000 -1.92999.00  1.70  0.00999.00 1.000  00  01O000M000  0.460
ASN01B3870_001  0.000 -0.78229.96  0.30  0.00229.48 1.000  00  01O000M000  0.164
GLU01B3872_001  0.000 -3.15999.00  3.22  0.00999.00 1.000  00  01O000M000  0.784
GLU01B3872_002  0.000 -3.15999.00  0.50  0.00999.00 1.000  00  01O000M000  0.784
GLU02B3872_003  0.000 -3.00999.00  3.22  0.00999.00 1.000  00  02O000M000  0.794
GLU02B3872_004  0.000 -3.00999.00  0.50  0.00999.00 1.000  00  02O000M000  0.794
GLU-1B3872_005 -1.000 -3.17999.00  0.50  0.00999.00 1.000  00  -1O000M000  0.794
LYS01B3873_001  0.000 -0.29 -4.74  0.94  0.00 -4.09 1.000  00  01O000M000  0.239
LYS+1B3873_002  1.000 -0.34 -4.85  0.94  0.00 -4.24 1.000  00  +1O000M000  0.239
VAL01B3874_001  0.000 -2.30  1.11  0.30  0.00 -0.88 1.000  00  01O000M000  0.320
MET01B3875_001  0.000 -8.94  6.34  0.72  0.00 -1.89 1.000  00  01O000M000  0.771
ALA01B3876_001  0.000 -1.94  1.06  0.00  0.00 -0.88 1.000  00  01O000M000  0.319
CTR01B3876_001  0.000 -4.21  0.68  2.72  0.00 -0.81 1.000  00  01O000M000  0.409
CTR01B3876_002  0.000 -4.25  0.48  0.00  0.00 -3.77 1.000  00  01O000M000  0.418
CTR02B3876_003  0.000 -4.23  1.07  2.72  0.00 -0.44 1.000  00  02O000M000  0.402
CTR02B3876_004  0.000 -4.32  0.45  0.00  0.00 -3.87 1.000  00  02O000M000  0.418
CTR-1B3876_005 -1.000 -4.19  0.53  0.00  0.00 -3.66 1.000  00  -1O000M000  0.409
NTR01B3889_001  0.000 -3.50  1.25  0.00  0.00 -2.25 1.000  00  01O000M000  0.355
NTR+1B3889_002  1.000 -3.50  1.19  0.00  0.00 -2.32 1.000  00  +1O000M000  0.355
GLN01B3889_001  0.000  1.62  0.59  0.51  0.00  2.72 1.000  00  01O000M000  0.760
LEU01B3890_001  0.000 -8.66  1.15  0.64  0.00 -6.87 1.000  00  01O000M000  0.803
CTR01B3890_001  0.000 -5.23  1.06  2.72  0.00 -1.45 1.000  00  01O000M000  0.507
CTR01B3890_002  0.000 -5.28  0.83  0.00  0.00 -4.45 1.000  00  01O000M000  0.522
CTR02B3890_003  0.000 -5.25  2.21  2.72  0.00 -0.33 1.000  00  02O000M000  0.503
CTR02B3890_004  0.000 -5.19  0.80  0.00  0.00 -4.39 1.000  00  02O000M000  0.515
CTR-1B3890_005 -1.000 -5.19  0.87  0.00  0.00 -4.32 1.000  00  -1O000M000  0.513
NTR01B3943_001  0.000 -2.58  0.95  0.00  0.00 -1.63 1.000  00  01O000M000  0.259
NTR+1B3943_002  1.000 -2.58  0.87  0.00  0.00 -1.70 1.000  00  +1O000M000  0.259
ILE01B3943_001  0.000 -0.86  0.01  0.62  0.00 -0.23 1.000  00  01O000M000  0.690
GLU01B3944_001  0.000  1.15  2.73  3.38  0.00  7.27 1.000  00  01O000M000  0.551
GLU01B3944_002  0.000  1.15  2.73  0.66  0.00  4.55 1.000  00  01O000M000  0.551
GLU02B3944_003  0.000  0.47  2.71  3.38  0.00  6.56 1.000  00  02O000M000  0.552
GLU02B3944_004  0.000  0.47  2.71  0.66  0.00  3.84 1.000  00  02O000M000  0.552
GLU-1B3944_005 -1.000  0.47  2.75  0.66  0.00  3.88 1.000  00  -1O000M000  0.549
GLU01B3945_001  0.000 -0.94  0.85  4.07  0.00  3.99 1.000  00  01O000M000  0.735
GLU01B3945_002  0.000 -0.94  0.85  1.35  0.00  1.27 1.000  00  01O000M000  0.735
GLU02B3945_003  0.000 -1.58  0.27  4.07  0.00  2.77 1.000  00  02O000M000  0.769
GLU02B3945_004  0.000 -1.58  0.27  1.35  0.00  0.05 1.000  00  02O000M000  0.769
GLU-1B3945_005 -1.000 -1.52  0.32  1.35  0.00  0.15 1.000  00  -1O000M000  0.756
GLN01B3946_001  0.000 -0.01  0.77  1.41  0.00  2.18 0.750  00  01O000M000  0.289
GLN01B3946_002  0.000 -0.45  0.99  1.34  0.00  1.88 0.750  00  01R001M000  0.303
CTR01B3947_001  0.000 -3.86  1.01  2.72  0.00 -0.13 1.000  00  01O000M000  0.372
CTR01B3947_002  0.000 -3.62  0.73  0.00  0.00 -2.89 1.000  00  01O000M000  0.367
CTR02B3947_003  0.000 -3.67 16.18  2.72  0.00 15.23 1.000  00  02O000M000  0.352
CTR02B3947_004  0.000 -3.63  0.64  0.00  0.00 -2.99 1.000  00  02O000M000  0.364
CTR-1B3947_005 -1.000 -3.65  0.80  0.00  0.00 -2.85 1.000  00  -1O000M000  0.362
NTR01B3992_001  0.000 -2.95 -0.00  0.00  0.00 -2.95 1.000  00  01O000M000  0.299
NTR+1B3992_002  1.000 -2.95 -0.00  0.00  0.00 -2.96 1.000  00  +1O000M000  0.299
CTR01B3992_001  0.000 -5.39 -0.01  2.72  0.00 -2.68 1.000  00  01O000M000  0.527
CTR01B3992_002  0.000 -5.34 -0.01  0.00  0.00 -5.35 1.000  00  01O000M000  0.537
CTR02B3992_003  0.000 -5.52 -0.01  2.72  0.00 -2.82 1.000  00  02O000M000  0.539
CTR02B3992_004  0.000 -5.44 -0.01  0.00  0.00 -5.46 1.000  00  02O000M000  0.536
CTR-1B3992_005 -1.000 -5.37 -0.01  0.00  0.00 -5.38 1.000  00  -1O000M000  0.533
PHE01B3992_001  0.000 -7.14 -0.00  0.04  0.00 -7.10 1.000  00  01O000M000  0.777
NTR01B4028_001  0.000 -1.48 -0.03  0.00  0.00 -1.51 1.000  00  01O000M000  0.150
NTR+1B4028_002  1.000 -1.48 -0.03  0.00  0.00 -1.51 1.000  00  +1O000M000  0.150
CTR01B4028_001  0.000 -2.64 -0.01  2.72  0.00  0.07 1.000  00  01O000M000  0.247
CTR01B4028_002  0.000 -2.49 -0.01  0.00  0.00 -2.50 1.000  00  01O000M000  0.242
CTR02B4028_003  0.000 -2.68 -0.01  2.72  0.00  0.03 1.000  00  02O000M000  0.249
CTR02B4028_004  0.000 -2.62 -0.01  0.00  0.00 -2.63 1.000  00  02O000M000  0.251
CTR-1B4028_005 -1.000 -2.50 -0.01  0.00  0.00 -2.51 1.000  00  -1O000M000  0.239
LEU01B4028_001  0.000 -3.67 -0.26  2.25  0.00 -1.68 1.000  00  01O000M000  0.448
NTR01B4030_001  0.000 -1.20 -0.00  0.00  0.00 -1.20 1.000  00  01O000M000  0.121
NTR+1B4030_002  1.000 -1.17 -0.00  0.00  0.00 -1.17 1.000  00  +1O000M000  0.117
CTR01B4030_001  0.000 -4.90 -0.01  2.72  0.00 -2.18 1.000  00  01O000M000  0.471
CTR01B4030_002  0.000 -4.80 -0.01  0.00  0.00 -4.81 1.000  00  01O000M000  0.476
CTR02B4030_003  0.000 -4.88 -0.01  2.72  0.00 -2.16 1.000  00  02O000M000  0.464
CTR02B4030_004  0.000 -4.80 -0.01  0.00  0.00 -4.81 1.000  00  02O000M000  0.473
CTR-1B4030_005 -1.000 -4.86 -0.01  0.00  0.00 -4.86 1.000  00  -1O000M000  0.474
LEU01B4030_001  0.000 -8.58 -0.00  0.60  0.00 -7.98 1.000  00  01O000M000  0.679
NTR01B4050_001  0.000 -3.59 -0.03  0.00  0.00 -3.62 1.000  00  01O000M000  0.355
NTR+1B4050_002  1.000 -3.59 -0.09  0.00  0.00 -3.68 1.000  00  +1O000M000  0.355
GLU01B4050_001  0.000  0.55 -0.04  3.32  0.00  3.83 1.000  00  01O000M000  0.955
GLU01B4050_002  0.000  0.55 -0.04  0.60  0.00  1.11 1.000  00  01O000M000  0.955
GLU02B4050_003  0.000 -0.52 -0.04  3.32  0.00  2.77 1.000  00  02O000M000  0.953
GLU02B4050_004  0.000 -0.52 -0.04  0.60  0.00  0.05 1.000  00  02O000M000  0.953
GLU-1B4050_005 -1.000 -0.56 -0.03  0.60  0.00  0.01 1.000  00  -1O000M000  0.952
SER01B4051_001  0.000 -5.12 -0.28  0.42  0.00 -4.98 0.671  00  01O000M000  0.744
SER01B4051_002  0.000 -5.12 -0.28  0.42  0.00 -4.98 0.671  00  01O000M000  0.744
CTR01B4051_001  0.000 -5.07  0.30  2.72  0.00 -2.05 1.000  00  01O000M000  0.480
CTR01B4051_002  0.000 -5.02  0.05  0.00  0.00 -4.97 1.000  00  01O000M000  0.496
CTR02B4051_003  0.000 -5.07  0.89  2.72  0.00 -1.46 1.000  00  02O000M000  0.487
CTR02B4051_004  0.000 -5.10  0.03  0.00  0.00 -5.07 1.000  00  02O000M000  0.497
CTR-1B4051_005 -1.000 -5.05  0.09  0.00  0.00 -4.96 1.000  00  -1O000M000  0.492
NTR01B4064_001  0.000 -1.74  0.72  0.00  0.00 -1.02 1.000  00  01O000M000  0.177
NTR+1B4064_002  1.000 -1.74  0.64  0.00  0.00 -1.10 1.000  00  +1O000M000  0.177
MET01B4064_001  0.000 -0.29 -0.65  0.43  0.00 -0.51 1.000  00  01O000M000  0.714
PHE01B4065_001  0.000  2.23 -0.40  0.17  0.00  2.00 1.000  00  01O000M000  0.362
LEU01B4066_001  0.000 -6.60 -0.69  1.13  0.00 -6.16 1.000  00  01O000M000  0.753
LYS01B4067_001  0.000  0.56 -0.70  2.54  0.00  2.40 1.000  00  01O000M000  0.298
LYS+1B4067_002  1.000  0.50 -0.73  2.54  0.00  2.32 1.000  00  +1O000M000  0.298
LEU01B4068_001  0.000  2.66 -4.15  0.84  0.00 -0.64 1.000  00  01O000M000  0.226
LYS01B4069_001  0.000 -3.42 -2.19  0.89  0.00 -4.72 1.000  00  01O000M000  0.554
LYS+1B4069_002  1.000 -3.47 -2.20  0.89  0.00 -4.78 1.000  00  +1O000M000  0.554
ASP01B4070_001  0.000 -1.82  3.16  3.27  0.00  4.60 1.000  00  01O000M000  0.461
ASP01B4070_002  0.000 -1.82  3.16  0.55  0.00  1.88 1.000  00  01O000M000  0.461
ASP02B4070_003  0.000 -1.65  2.21  3.27  0.00  3.82 1.000  00  02O000M000  0.448
ASP02B4070_004  0.000 -1.65  2.21  0.55  0.00  1.10 1.000  00  02O000M000  0.448
ASP-1B4070_005 -1.000 -1.74  2.05  0.55  0.00  0.85 1.000  00  -1O000M000  0.462
ILE01B4071_001  0.000  0.75  8.29  0.52  0.00  9.56 1.000  00  01O000M000  0.041
VAL01B4072_001  0.000 -1.06  5.07  0.06  0.00  4.08 1.000  00  01O000M000  0.169
SER01B4074_001  0.000 -1.62 -1.08  0.62  0.00 -2.08 0.669  00  01O000M000  0.267
SER01B4074_002  0.000 -1.62 -1.08  0.62  0.00 -2.08 0.669  00  01O000M000  0.267
SER01B4074_003  0.000 -1.62 -1.08  0.25  0.00 -2.45 0.669  00  01O000M000  0.267
GLU01B4075_001  0.000 -1.84 -1.84  3.82  0.00  0.14 1.000  00  01O000M000  0.670
GLU01B4075_002  0.000 -1.84 -1.84  1.10  0.00 -2.58 1.000  00  01O000M000  0.670
GLU02B4075_003  0.000 -2.18 -1.91  3.82  0.00 -0.26 1.000  00  02O000M000  0.684
GLU02B4075_004  0.000 -2.18 -1.91  1.10  0.00 -2.98 1.000  00  02O000M000  0.684
GLU-1B4075_005 -1.000 -2.16 -1.85  1.10  0.00 -2.91 1.000  00  -1O000M000  0.681
ALA01B4076_001  0.000 -2.54 -0.44  0.00  0.00 -2.98 1.000  00  01O000M000  0.485
PHE01B4077_001  0.000  3.56 -6.43  0.31  0.00 -2.55 1.000  00  01O000M000  0.094
GLN01B4078_001  0.000 -1.13  2.12  1.31  0.00  2.30 0.754  00  01O000M000  0.419
GLN01B4078_002  0.000 -1.22  2.29  1.32  0.00  2.40 0.746  00  01R001M000  0.413
ASP01B4079_001  0.000 -2.39  0.56  3.37  0.00  1.55 1.000  00  01O000M000  0.617
ASP01B4079_002  0.000 -2.39  0.56  0.65  0.00 -1.17 1.000  00  01O000M000  0.617
ASP02B4079_003  0.000 -2.18  0.15  3.37  0.00  1.35 1.000  00  02O000M000  0.584
ASP02B4079_004  0.000 -2.18  0.15  0.65  0.00 -1.37 1.000  00  02O000M000  0.584
ASP-1B4079_005 -1.000 -2.30  0.11  0.65  0.00 -1.54 1.000  00  -1O000M000  0.593
TYR01B4080_001  0.000  4.39  5.90  0.04  0.00 10.34 1.000  00  01O000M000  0.074
TYR01B4080_002  0.000  4.39  5.90  0.04  0.00 10.34 1.000  00  01O000M000  0.074
TYR-1B4080_003 -1.000  4.39  5.90  0.04  0.00 10.34 1.000  00  -1O000M000  0.074
VAL01B4081_001  0.000 -0.07  0.35  0.24  0.00  0.52 1.000  00  01O000M000  0.068
THR01B4082_001  0.000 -6.09  2.96  0.39  0.00 -2.74 0.667  00  01O000M000  0.735
THR01B4082_002  0.000 -6.09  2.96  0.02  0.00 -3.11 0.667  00  01O000M000  0.735
ASP01B4083_001  0.000 -0.40 -0.57  3.55  0.00  2.57 1.000  00  01O000M000  0.174
ASP01B4083_002  0.000 -0.40 -0.57  0.83  0.00 -0.15 1.000  00  01O000M000  0.174
ASP02B4083_003  0.000 -0.23 -0.39  3.55  0.00  2.93 1.000  00  02O000M000  0.156
ASP02B4083_004  0.000 -0.23 -0.39  0.83  0.00  0.21 1.000  00  02O000M000  0.156
ASP-1B4083_005 -1.000 -0.36 -1.07  0.83  0.00 -0.60 1.000  00  -1O000M000  0.161
PRO01B4084_001  0.000 -5.70 -0.60  0.00  0.00 -6.30 1.000  00  01O000M000  0.619
ARG01B4085_001  0.000 -4.05  0.09  1.86  0.00 -2.10 1.000  00  01O000M000  0.530
ARG02B4085_002  0.000 -4.12  0.16  1.86  0.00 -2.10 1.000  00  02O000M000  0.530
ARG02B4085_003  0.000 -4.06  0.18  1.86  0.00 -2.03 1.000  00  02O000M000  0.530
ARG03B4085_004  0.000 -4.12  0.07  1.86  0.00 -2.19 1.000  00  03O000M000  0.530
ARG+1B4085_005  1.000 -4.17  0.06  1.86  0.00 -2.25 1.000  00  +1O000M000  0.530
LEU01B4087_001  0.000 -2.24 -3.00  1.56  0.00 -3.68 1.000  00  01O000M000  0.345
ILE01B4088_001  0.000  5.35 -0.96  0.49  0.00  4.88 1.000  00  01O000M000  0.040
SER01B4089_001  0.000 -1.14 12.84  1.46  0.00 13.17 0.748  00  01O000M000  0.184
SER01B4089_002  0.000 -1.14999.00  1.46  0.00999.00 0.748  00  01O000M000  0.184
SER01B4089_003  0.000 -1.14 12.84  1.09  0.00 12.79 0.748  00  01O000M000  0.184
LYS01B4090_001  0.000 -1.44 -0.98  1.81  0.00 -0.61 1.000  00  01O000M000  0.516
LYS+1B4090_002  1.000 -1.48 -0.98  1.81  0.00 -0.65 1.000  00  +1O000M000  0.516
LYS01B4091_001  0.000 -6.66  9.22  1.02  0.00  3.58 1.000  00  01O000M000  0.638
LYS+1B4091_002  1.000 -6.71  9.21  1.02  0.00  3.52 1.000  00  +1O000M000  0.638
ASP01B4092_001  0.000 -0.52 10.99  3.07  0.00 13.54 1.000  00  01O000M000  0.108
ASP01B4092_002  0.000 -0.52 10.99  0.35  0.00 10.82 1.000  00  01O000M000  0.108
ASP02B4092_003  0.000 -0.48  7.56  3.07  0.00 10.14 1.000  00  02O000M000  0.115
ASP02B4092_004  0.000 -0.48  7.56  0.35  0.00  7.42 1.000  00  02O000M000  0.115
ASP-1B4092_005 -1.000 -0.53  7.62  0.35  0.00  7.43 1.000  00  -1O000M000  0.116
CTR01B4092_001  0.000 -0.31 -1.38  2.72  0.00  1.03 1.000  00  01O000M000  0.028
CTR01B4092_002  0.000 -0.19 -1.80  0.00  0.00 -1.99 1.000  00  01O000M000  0.028
CTR02B4092_003  0.000 -0.31 -1.88  2.72  0.00  0.53 1.000  00  02O000M000  0.028
CTR02B4092_004  0.000 -0.23 -1.78  0.00  0.00 -2.01 1.000  00  02O000M000  0.026
CTR-1B4092_005 -1.000 -0.29 -1.64  0.00  0.00 -1.93 1.000  00  -1O000M000  0.028
NTR01B4095_001  0.000 -1.73 -1.08  0.00  0.00 -2.81 1.000  00  01O000M000  0.175
NTR+1B4095_002  1.000 -1.73 -1.18  0.00  0.00 -2.91 1.000  00  +1O000M000  0.175
LYS01B4095_001  0.000 -5.93  1.94  1.17  0.00 -2.82 1.000  00  01O000M000  0.558
LYS+1B4095_002  1.000 -5.97  1.93  1.17  0.00 -2.87 1.000  00  +1O000M000  0.558
ALA01B4096_001  0.000 -0.05 -0.81  0.00  0.00 -0.87 1.000  00  01O000M000  0.010
MET01B4097_001  0.000 -3.90  0.67  2.09  0.00 -1.14 1.000  00  01O000M000  0.332
ASP01B4098_001  0.000 -2.78 -0.66  3.87  0.00  0.43 1.000  00  01O000M000  0.767
ASP01B4098_002  0.000 -2.78 -0.66  1.15  0.00 -2.29 1.000  00  01O000M000  0.767
ASP02B4098_003  0.000 -2.90 -0.41  3.87  0.00  0.55 1.000  00  02O000M000  0.794
ASP02B4098_004  0.000 -2.90 -0.41  1.15  0.00 -2.17 1.000  00  02O000M000  0.794
ASP-1B4098_005 -1.000 -2.80 -0.68  1.15  0.00 -2.33 1.000  00  -1O000M000  0.768
SER01B4099_001  0.000 -1.79 -0.01  0.44  0.00 -1.36 0.664  00  01O000M000  0.291
SER01B4099_002  0.000 -1.79 -0.01  0.06  0.00 -1.73 0.664  00  01O000M000  0.291
GLN01B4100_001  0.000  2.62 -2.39  0.28  0.00  0.51 1.000  00  01O000M000  0.154
CTR01B4100_001  0.000 -1.24 -0.54  2.72  0.00  0.94 1.000  00  01O000M000  0.118
CTR01B4100_002  0.000 -1.09 -1.31  0.00  0.00 -2.41 1.000  00  01O000M000  0.118
CTR02B4100_003  0.000 -1.34 -0.99  2.72  0.00  0.40 1.000  00  02O000M000  0.129
CTR02B4100_004  0.000 -1.17 -1.06  0.00  0.00 -2.23 1.000  00  02O000M000  0.117
CTR-1B4100_005 -1.000 -1.22 -0.96  0.00  0.00 -2.17 1.000  00  -1O000M000  0.121
NTR01B4102_001  0.000 -2.31  0.35  0.00  0.00 -1.96 1.000  00  01O000M000  0.232
NTR+1B4102_002  1.000 -2.32  0.28  0.00  0.00 -2.04 1.000  00  +1O000M000  0.232
GLN01B4102_001  0.000 -0.20 -0.52  1.45  0.00  0.73 0.752  00  01O000M000  0.412
GLN01B4102_002  0.000  0.91 -0.47  1.45  0.00  1.89 0.748  00  01R001M000  0.445
PHE01B4103_001  0.000  3.76 -2.12  0.10  0.00  1.74 1.000  00  01O000M000  0.157
CTR01B4103_001  0.000 -5.96  2.58  2.72  0.00 -0.66 1.000  00  01O000M000  0.574
CTR01B4103_002  0.000 -5.94  0.50  0.00  0.00 -5.43 1.000  00  01O000M000  0.575
CTR02B4103_003  0.000 -5.96  0.57  2.72  0.00 -2.66 1.000  00  02O000M000  0.562
CTR02B4103_004  0.000 -5.85  0.53  0.00  0.00 -5.32 1.000  00  02O000M000  0.569
CTR-1B4103_005 -1.000 -5.92  0.56  0.00  0.00 -5.36 1.000  00  -1O000M000  0.570
NTR01B4117_001  0.000 -2.48 -0.78  0.00  0.00 -3.26 1.000  00  01O000M000  0.253
NTR+1B4117_002  1.000 -2.48 -0.85  0.00  0.00 -3.34 1.000  00  +1O000M000  0.253
ALA01B4117_001  0.000 -3.60 -0.40  0.00  0.00 -4.00 1.000  00  01O000M000  0.523
ASP01B4118_001  0.000 -1.67  0.49  3.89  0.00  2.70 1.000  00  01O000M000  0.463
ASP01B4118_002  0.000 -1.67  0.49  1.17  0.00 -0.02 1.000  00  01O000M000  0.463
ASP02B4118_003  0.000 -1.53  0.67  3.89  0.00  3.03 1.000  00  02O000M000  0.442
ASP02B4118_004  0.000 -1.53  0.67  1.17  0.00  0.31 1.000  00  02O000M000  0.442
ASP-1B4118_005 -1.000 -1.65  0.49  1.17  0.00  0.01 1.000  00  -1O000M000  0.464
GLU01B4119_001  0.000 -1.56  1.75  3.46  0.00  3.65 1.000  00  01O000M000  0.813
GLU01B4119_002  0.000 -1.56  1.75  0.74  0.00  0.93 1.000  00  01O000M000  0.813
GLU02B4119_003  0.000 -1.89  1.72  3.46  0.00  3.29 1.000  00  02O000M000  0.806
GLU02B4119_004  0.000 -1.89  1.72  0.74  0.00  0.57 1.000  00  02O000M000  0.806
GLU-1B4119_005 -1.000 -1.82  1.76  0.74  0.00  0.67 1.000  00  -1O000M000  0.799
ASN01B4120_001  0.000 -1.39  2.86  1.27  0.00  2.75 0.000  00  01O000M000  0.325
ASN01B4120_002  0.000 -1.32  0.83  1.28  0.00  0.79 1.000  00  01R001M000  0.364
GLU01B4121_001  0.000  4.41  0.39  3.71  0.00  8.51 1.000  00  01O000M000  0.586
GLU01B4121_002  0.000  4.41  0.39  0.99  0.00  5.79 1.000  00  01O000M000  0.586
GLU02B4121_003  0.000  2.84  0.42  3.71  0.00  6.96 1.000  00  02O000M000  0.602
GLU02B4121_004  0.000  2.84  0.42  0.99  0.00  4.24 1.000  00  02O000M000  0.602
GLU-1B4121_005 -1.000  2.99  0.47  0.99  0.00  4.44 1.000  00  -1O000M000  0.599
MET01B4122_001  0.000 -1.53999.00  0.00  0.00999.00 1.000  00  01O000M000  0.144
ILE01B4123_001  0.000 -0.76 -0.99  0.67  0.00 -1.08 1.000  00  01O000M000  0.188
ASN01B4124_001  0.000 -1.45  0.41  1.09  0.00  0.04 0.751  00  01O000M000  0.327
ASN01B4124_002  0.000 -1.49  2.34  1.09  0.00  1.94 0.749  00  01R001M000  0.296
CTR01B4124_001  0.000 -0.54 -1.53  2.72  0.00  0.64 1.000  00  01O000M000  0.052
CTR01B4124_002  0.000 -0.39 -1.77  0.00  0.00 -2.17 1.000  00  01O000M000  0.051
CTR02B4124_003  0.000 -0.51 -1.62  2.72  0.00  0.60 1.000  00  02O000M000  0.047
CTR02B4124_004  0.000 -0.45 -1.65  0.00  0.00 -2.10 1.000  00  02O000M000  0.049
CTR-1B4124_005 -1.000 -0.52 -1.53  0.00  0.00 -2.05 1.000  00  -1O000M000  0.051
NTR01B4126_001  0.000 -0.07  0.32  0.00  0.00  0.26 1.000  00  01O000M000  0.007
NTR+1B4126_002  1.000 -0.07  0.22  0.00  0.00  0.15 1.000  00  +1O000M000  0.007
GLU01B4126_001  0.000 -3.45  2.64  3.22  0.00  2.42 1.000  00  01O000M000  0.793
GLU01B4126_002  0.000 -3.45  2.64  0.50  0.00 -0.30 1.000  00  01O000M000  0.793
GLU02B4126_003  0.000 -3.12  2.64  3.22  0.00  2.75 1.000  00  02O000M000  0.759
GLU02B4126_004  0.000 -3.12  2.64  0.50  0.00  0.03 1.000  00  02O000M000  0.759
GLU-1B4126_005 -1.000 -3.34  2.65  0.50  0.00 -0.18 1.000  00  -1O000M000  0.784
GLU01B4127_001  0.000  1.72  2.36  3.28  0.00  7.36 1.000  00  01O000M000  0.568
GLU01B4127_002  0.000  1.72  2.36  0.56  0.00  4.64 1.000  00  01O000M000  0.568
GLU02B4127_003  0.000  1.08  2.35  3.28  0.00  6.70 1.000  00  02O000M000  0.532
GLU02B4127_004  0.000  1.08  2.35  0.56  0.00  3.98 1.000  00  02O000M000  0.532
GLU-1B4127_005 -1.000  1.03  2.39  0.56  0.00  3.97 1.000  00  -1O000M000  0.534
PHE01B4128_001  0.000 -1.44 16.49  0.93  0.00 15.97 1.000  00  01O000M000  0.495
ALA01B4129_001  0.000 -0.12 -1.37  0.00  0.00 -1.49 1.000  00  01O000M000  0.022
ASN01B4130_001  0.000 -1.62 12.19  0.48  0.00 11.05 0.000  00  01O000M000  0.459
ASN01B4130_002  0.000 -1.91  7.17  0.52  0.00  5.78 1.000  00  01R001M000  0.456
CTR01B4130_001  0.000 -2.80 -0.13  2.72  0.00 -0.21 1.000  00  01O000M000  0.267
CTR01B4130_002  0.000 -2.60 -0.43  0.00  0.00 -3.03 1.000  00  01O000M000  0.258
CTR02B4130_003  0.000 -2.59 13.68  2.72  0.00 13.81 1.000  00  02O000M000  0.249
CTR02B4130_004  0.000 -2.66 -0.47  0.00  0.00 -3.13 1.000  00  02O000M000  0.259
CTR-1B4130_005 -1.000 -2.57 -0.38  0.00  0.00 -2.94 1.000  00  -1O000M000  0.250
NTR01B4132_001  0.000 -1.51 -1.28  0.00  0.00 -2.79 1.000  00  01O000M000  0.148
NTR+1B4132_002  1.000 -1.51 -1.31  0.00  0.00 -2.82 1.000  00  +1O000M000  0.148
CTR01B4132_001  0.000 -3.56 -0.87  2.72  0.00 -1.72 1.000  00  01O000M000  0.339
CTR01B4132_002  0.000 -3.32 -0.87  0.00  0.00 -4.20 1.000  00  01O000M000  0.333
CTR02B4132_003  0.000 -3.47 -1.03  2.72  0.00 -1.77 1.000  00  02O000M000  0.332
CTR02B4132_004  0.000 -3.46 -0.89  0.00  0.00 -4.36 1.000  00  02O000M000  0.342
CTR-1B4132_005 -1.000 -3.45 -0.87  0.00  0.00 -4.31 1.000  00  -1O000M000  0.334
PHE01B4132_001  0.000  1.41  5.06  0.05  0.00  6.52 1.000  00  01O000M000  0.234
NTR01B4146_001  0.000 -1.93 -0.55  0.00  0.00 -2.48 1.000  00  01O000M000  0.192
NTR+1B4146_002  1.000 -1.93 -0.64  0.00  0.00 -2.57 1.000  00  +1O000M000  0.192
LEU01B4146_001  0.000 -3.03  6.16  0.64  0.00  3.77 1.000  00  01O000M000  0.443
LEU01B4147_001  0.000 -3.53  3.78  0.81  0.00  1.06 1.000  00  01O000M000  0.767
THR01B4148_001  0.000 -6.17  4.16  0.94  0.00 -1.07 0.669  00  01O000M000  0.808
THR01B4148_002  0.000 -6.17  4.16  0.94  0.00 -1.07 0.669  00  01O000M000  0.808
ASN01B4149_001  0.000 -2.28  1.87  1.01  0.00  0.59 1.000  00  01O000M000  0.537
LEU01B4150_001  0.000 -5.70  1.63  0.45  0.00 -3.62 1.000  00  01O000M000  0.624
SER01B4151_001  0.000 -2.26 12.80  0.70  0.00 11.24 0.666  00  01O000M000  0.371
SER01B4151_002  0.000 -2.26 12.80  0.70  0.00 11.24 0.666  00  01O000M000  0.371
GLU01B4152_001  0.000  1.15 -2.11  3.54  0.00  2.58 1.000  00  01O000M000  0.810
GLU01B4152_002  0.000  1.15 -2.11  0.82  0.00 -0.14 1.000  00  01O000M000  0.810
GLU02B4152_003  0.000  0.17 -2.10  3.54  0.00  1.61 1.000  00  02O000M000  0.812
GLU02B4152_004  0.000  0.17 -2.10  0.82  0.00 -1.11 1.000  00  02O000M000  0.812
GLU-1B4152_005 -1.000  0.21 -2.09  0.82  0.00 -1.05 1.000  00  -1O000M000  0.815
CTR01B4152_001  0.000 -4.21 -1.01  2.72  0.00 -2.50 1.000  00  01O000M000  0.395
CTR01B4152_002  0.000 -4.13 -1.31  0.00  0.00 -5.44 1.000  00  01O000M000  0.403
CTR02B4152_003  0.000 -4.23 -1.22  2.72  0.00 -2.73 1.000  00  02O000M000  0.398
CTR02B4152_004  0.000 -4.18 -1.38  0.00  0.00 -5.56 1.000  00  02O000M000  0.403
CTR-1B4152_005 -1.000 -4.21 -1.25  0.00  0.00 -5.46 1.000  00  -1O000M000  0.403
NTR01B4251_001  0.000 -2.27  1.21  0.00  0.00 -1.06 1.000  00  01O000M000  0.233
NTR+1B4251_002  1.000 -2.27  1.13  0.00  0.00 -1.14 1.000  00  +1O000M000  0.233
ILE01B4251_001  0.000 -2.71  0.72  0.47  0.00 -1.53 1.000  00  01O000M000  0.433
SER01B4252_001  0.000 -4.71  0.22  0.43  0.00 -4.06 0.663  00  01O000M000  0.785
SER01B4252_002  0.000 -4.71  0.22  0.06  0.00 -4.44 0.663  00  01O000M000  0.785
GLU01B4253_001  0.000 -3.39 -0.54  3.22  0.00 -0.71 1.000  00  01O000M000  0.775
GLU01B4253_002  0.000 -3.39 -0.54  0.50  0.00 -3.43 1.000  00  01O000M000  0.775
GLU02B4253_003  0.000 -3.08 -0.55  3.22  0.00 -0.42 1.000  00  02O000M000  0.745
GLU02B4253_004  0.000 -3.08 -0.55  0.50  0.00 -3.14 1.000  00  02O000M000  0.745
GLU-1B4253_005 -1.000 -3.33 -0.53  0.50  0.00 -3.36 1.000  00  -1O000M000  0.777
CTR01B4253_001  0.000 -5.08 -0.04  2.72  0.00 -2.40 1.000  00  01O000M000  0.471
CTR01B4253_002  0.000 -4.90 -0.31  0.00  0.00 -5.21 1.000  00  01O000M000  0.477
CTR02B4253_003  0.000 -4.98 -0.14  2.72  0.00 -2.41 1.000  00  02O000M000  0.465
CTR02B4253_004  0.000 -5.04 -0.31  0.00  0.00 -5.35 1.000  00  02O000M000  0.481
CTR-1B4253_005 -1.000 -4.96 -0.27  0.00  0.00 -5.23 1.000  00  -1O000M000  0.475
NTR01B4540_001  0.000 -2.42 -0.63  0.00  0.00 -3.04 1.000  00  01O000M000  0.238
NTR+1B4540_002  1.000 -2.42 -0.72  0.00  0.00 -3.14 1.000  00  +1O000M000  0.238
PHE01B4540_001  0.000 -0.21999.00  0.00  0.00999.00 1.000  00  01O000M000  0.143
TRP01B4541_001  0.000-13.78 38.76  0.00  0.00 24.98 1.000  00  01O000M000  0.859
GLU01B4543_001  0.000 -3.12  6.64  3.22  0.00  6.74 1.000  00  01O000M000  0.778
GLU01B4543_002  0.000 -3.12  6.64  0.50  0.00  4.02 1.000  00  01O000M000  0.778
GLU02B4543_003  0.000 -2.91  6.64  3.22  0.00  6.95 1.000  00  02O000M000  0.772
GLU02B4543_004  0.000 -2.91  6.64  0.50  0.00  4.23 1.000  00  02O000M000  0.772
GLU-1B4543_005 -1.000 -3.09  6.66  0.50  0.00  4.07 1.000  00  -1O000M000  0.778
LEU01B4544_001  0.000 -2.93999.00  2.94  0.00999.00 1.000  00  01O000M000  0.362
GLU01B4545_001  0.000 -1.33 -0.19  3.22  0.00  1.70 1.000  00  01O000M000  0.396
GLU01B4545_002  0.000 -1.33 -0.19  0.50  0.00 -1.02 1.000  00  01O000M000  0.396
GLU02B4545_003  0.000 -1.04 -0.22  3.22  0.00  1.96 1.000  00  02O000M000  0.355
GLU02B4545_004  0.000 -1.04 -0.22  0.50  0.00 -0.76 1.000  00  02O000M000  0.355
GLU-1B4545_005 -1.000 -1.22 -0.16  0.50  0.00 -0.88 1.000  00  -1O000M000  0.370
VAL01B4546_001  0.000 -4.77  3.62  0.05  0.00 -1.10 1.000  00  01O000M000  0.530
GLN01B4547_001  0.000 -2.10 -3.20  0.48  0.00 -4.82 1.000  00  01O000M000  0.557
ARG01B4548_001  0.000 -0.45 -4.08  0.48  0.00 -4.05 1.000  00  01O000M000  0.570
ARG02B4548_002  0.000 -0.50 -3.95  0.48  0.00 -3.97 1.000  00  02O000M000  0.570
ARG03B4548_003  0.000 -0.39 -4.06  0.48  0.00 -3.97 1.000  00  03O000M000  0.570
ARG+1B4548_004  1.000 -0.54 -4.07  0.48  0.00 -4.13 1.000  00  +1O000M000  0.570
VAL01B4549_001  0.000 -3.01  0.03  0.12  0.00 -2.86 1.000  00  01O000M000  0.404
LYS01B4550_001  0.000 -0.42999.00  0.95  0.00999.00 1.000  00  01O000M000  0.359
LYS+1B4550_002  1.000 -0.52999.00  0.95  0.00999.00 1.000  00  +1O000M000  0.359
PHE01B4551_001  0.000 -2.26 -3.77  0.17  0.00 -5.86 1.000  00  01O000M000  0.505
LEU01B4552_001  0.000  2.55 -0.39  0.64  0.00  2.80 1.000  00  01O000M000  0.195
ASN01B4553_001  0.000 -0.72 -3.28  1.07  0.00 -2.93 0.751  00  01O000M000  0.247
ASN01B4553_002  0.000 -0.67 -2.64  1.10  0.00 -2.20 0.749  00  01R001M000  0.251
TYR01B4554_001  0.000 -1.77 -3.08  0.01  0.00 -4.83 1.000  00  01O000M000  0.483
TYR-1B4554_002 -1.000 -1.77 -3.08  0.01  0.00 -4.83 1.000  00  -1O000M000  0.483
LEU01B4555_001  0.000  1.25  4.47  0.64  0.00  6.36 1.000  00  01O000M000  0.031
SER01B4556_001  0.000  0.00 -2.96  0.50  0.00 -2.46 0.666  00  01O000M000  0.000
SER01B4556_002  0.000  0.00 -2.96  0.12  0.00 -2.84 0.666  00  01O000M000  0.000
ARG01B4557_001  0.000 -0.87  0.51  1.13  0.00  0.77 1.000  00  01O000M000  0.306
ARG02B4557_002  0.000 -0.90  0.59  1.13  0.00  0.82 1.000  00  02O000M000  0.306
ARG03B4557_003  0.000 -0.83  0.58  1.13  0.00  0.88 1.000  00  03O000M000  0.306
ARG+1B4557_004  1.000 -0.94  0.49  1.13  0.00  0.68 1.000  00  +1O000M000  0.306
ASN01B4558_001  0.000 -1.23 37.48  0.95  0.00 37.19 1.000  00  01O000M000  0.320
PHE01B4559_001  0.000  5.19 -8.04  0.57  0.00 -2.29 1.000  00  01O000M000  0.033
TYR01B4560_001  0.000 -3.09 -1.92  0.13  0.00 -4.88 1.000  00  01O000M000  0.588
TYR01B4560_002  0.000 -3.09 -1.92  0.13  0.00 -4.88 1.000  00  01O000M000  0.588
TYR-1B4560_003 -1.000 -3.09 -1.92  0.13  0.00 -4.88 1.000  00  -1O000M000  0.588
THR01B4561_001  0.000 -3.47  0.51  1.07  0.00 -1.89 0.665  00  01O000M000  0.457
LEU01B4562_001  0.000  1.56 -3.46  0.41  0.00 -1.49 1.000  00  01O000M000  0.106
ARG01B4563_001  0.000 -1.28 -1.95  1.36  0.00 -1.86 1.000  00  01O000M000  0.231
ARG02B4563_002  0.000 -1.33 -1.95  1.36  0.00 -1.91 1.000  00  02O000M000  0.231
ARG02B4563_003  0.000 -1.32 -1.95  1.36  0.00 -1.91 1.000  00  02O000M000  0.231
ARG03B4563_004  0.000 -1.26 -1.95  1.36  0.00 -1.85 1.000  00  03O000M000  0.231
ARG+1B4563_005  1.000 -1.37 -1.96  1.36  0.00 -1.96 1.000  00  +1O000M000  0.231
PHE01B4564_001  0.000 -2.11  1.49  0.03  0.00 -0.60 1.000  00  01O000M000  0.582
LEU01B4565_001  0.000 -1.81  1.21  0.48  0.00 -0.13 1.000  00  01O000M000  0.359
ALA01B4566_001  0.000 -0.26 -1.50  0.00  0.00 -1.76 1.000  00  01O000M000  0.048
LEU01B4567_001  0.000 -1.43  0.27  0.81  0.00 -0.35 1.000  00  01O000M000  0.227
PHE01B4568_001  0.000 -3.34 -3.25  0.55  0.00 -6.03 1.000  00  01O000M000  0.614
LEU01B4569_001  0.000  3.01 -2.09  0.46  0.00  1.38 1.000  00  01O000M000  0.044
ALA01B4570_001  0.000  0.00 -2.49  0.00  0.00 -2.49 1.000  00  01O000M000  0.000
PHE01B4571_001  0.000 -1.58  2.63  1.25  0.00  2.29 1.000  00  01O000M000  0.455
ALA01B4572_001  0.000 -2.61 -0.80  0.00  0.00 -3.41 1.000  00  01O000M000  0.492
ILE01B4573_001  0.000  2.53 -1.73  1.64  0.00  2.44 1.000  00  01O000M000  0.000
ASN01B4574_001  0.000  0.34 12.34  0.75  0.00 13.43 0.000  00  01O000M000  0.032
ASN01B4574_002  0.000  0.08  3.02  0.86  0.00  3.96 1.000  00  01R001M000  0.037
PHE01B4575_001  0.000 -4.04  1.28  0.01  0.00 -2.74 1.000  00  01O000M000  0.655
ILE01B4576_001  0.000  3.84  3.35  0.60  0.00  7.78 1.000  00  01O000M000  0.088
LEU01B4577_001  0.000 -0.39 -2.37  1.90  0.00 -0.86 1.000  00  01O000M000  0.283
LEU01B4578_001  0.000 -2.31  2.81  1.18  0.00  1.68 1.000  00  01O000M000  0.670
PHE01B4579_001  0.000  0.99  1.66  0.14  0.00  2.79 1.000  00  01O000M000  0.270
TYR01B4580_001  0.000  3.24 -3.59  0.96  0.00  0.60 1.000  00  01O000M000  0.148
TYR-1B4580_002 -1.000  3.24 -3.59  0.96  0.00  0.60 1.000  00  -1O000M000  0.148
LYS01B4581_001  0.000 -3.64 -0.58  1.31  0.00 -2.91 1.000  00  01O000M000  0.516
LYS+1B4581_002  1.000 -3.68 -0.59  1.31  0.00 -2.97 1.000  00  +1O000M000  0.516
VAL01B4582_001  0.000 -5.35  1.88  0.12  0.00 -3.36 1.000  00  01O000M000  0.596
SER01B4583_001  0.000 -0.78  0.48  0.51  0.00  0.21 0.668  00  01O000M000  0.132
SER01B4583_002  0.000 -0.78  0.48  0.13  0.00 -0.16 0.668  00  01O000M000  0.132
ASP01B4584_001  0.000 -3.77 10.10  2.97  0.00  9.30 1.000  00  01O000M000  0.827
ASP01B4584_002  0.000 -3.77 10.10  0.25  0.00  6.58 1.000  00  01O000M000  0.827
ASP02B4584_003  0.000 -3.74  7.69  2.97  0.00  6.91 1.000  00  02O000M000  0.821
ASP02B4584_004  0.000 -3.74  7.69  0.25  0.00  4.19 1.000  00  02O000M000  0.821
ASP-1B4584_005 -1.000 -3.62  7.73  0.25  0.00  4.36 1.000  00  -1O000M000  0.811
SER01B4585_001  0.000 -3.91  2.63  0.38  0.00 -0.91 0.662  00  01O000M000  0.651
SER01B4585_002  0.000 -3.91  2.63  0.38  0.00 -0.91 0.662  00  01O000M000  0.651
PRO01B4586_001  0.000 -3.86 -0.26  0.00  0.00 -4.13 1.000  00  01O000M000  0.439
PRO01B4587_001  0.000 -3.87 -0.28  0.00  0.00 -4.15 1.000  00  01O000M000  0.412
CTR01B4587_001  0.000 -4.76  1.72  2.72  0.00 -0.32 1.000  00  01O000M000  0.445
CTR01B4587_002  0.000 -4.71  1.34  0.00  0.00 -3.37 1.000  00  01O000M000  0.457
CTR02B4587_003  0.000 -4.76 13.12  2.72  0.00 11.08 1.000  00  02O000M000  0.446
CTR02B4587_004  0.000 -4.85  1.31  0.00  0.00 -3.54 1.000  00  02O000M000  0.462
CTR-1B4587_005 -1.000 -4.74  1.38  0.00  0.00 -3.36 1.000  00  -1O000M000  0.455
NTR01B4626_001  0.000 -3.39 -0.74  0.00  0.00 -4.13 1.000  00  01O000M000  0.334
NTR+1B4626_002  1.000 -3.40 -0.80  0.00  0.00 -4.20 1.000  00  +1O000M000  0.334
ASN01B4626_001  0.000 -3.22289.17  0.30  0.00286.25 1.000  00  01O000M000  0.622
MET01B4627_001  0.000 -4.47369.16  0.00  0.00364.69 1.000  00  01O000M000  0.397
VAL01B4628_001  0.000 -2.43 -2.35  0.08  0.00 -4.70 1.000  00  01O000M000  0.289
TYR01B4629_001  0.000 -2.68 -1.56  0.00  0.00 -4.24 1.000  00  01O000M000  0.544
TYR-1B4629_002 -1.000 -2.68 -1.56  0.00  0.00 -4.24 1.000  00  -1O000M000  0.544
TYR01B4630_001  0.000  0.72 -4.00  0.01  0.00 -3.28 1.000  00  01O000M000  0.292
TYR-1B4630_002 -1.000  0.72 -4.00  0.01  0.00 -3.28 1.000  00  -1O000M000  0.292
PHE01B4631_001  0.000  2.03 -6.25  0.51  0.00 -3.71 1.000  00  01O000M000  0.242
LEU01B4632_001  0.000 -0.29 -2.86  0.46  0.00 -2.68 1.000  00  01O000M000  0.307
GLU01B4633_001  0.000  7.33  1.01  4.77  0.00 13.11 1.000  00  01O000M000  0.466
GLU01B4633_002  0.000  7.33  1.01  2.05  0.00 10.39 1.000  00  01O000M000  0.466
GLU02B4633_003  0.000  5.21  1.01  4.77  0.00 10.99 1.000  00  02O000M000  0.509
GLU02B4633_004  0.000  5.21  1.01  2.05  0.00  8.27 1.000  00  02O000M000  0.509
GLU-1B4633_005 -1.000  5.31  1.06  2.05  0.00  8.43 1.000  00  -1O000M000  0.485
GLU01B4634_001  0.000  0.01  0.05  3.20  0.00  3.26 1.000  00  01O000M000  0.317
GLU01B4634_002  0.000  0.01  0.05  0.48  0.00  0.54 1.000  00  01O000M000  0.317
GLU02B4634_003  0.000 -0.15  0.05  3.20  0.00  3.10 1.000  00  02O000M000  0.289
GLU02B4634_004  0.000 -0.15  0.05  0.48  0.00  0.38 1.000  00  02O000M000  0.289
GLU-1B4634_005 -1.000 -0.24  0.09  0.48  0.00  0.33 1.000  00  -1O000M000  0.308
SER01B4635_001  0.000 -5.45  8.15  0.46  0.00  3.16 0.664  00  01O000M000  0.942
SER01B4635_002  0.000 -5.45  8.15  0.09  0.00  2.79 0.664  00  01O000M000  0.942
THR01B4636_001  0.000 -1.64  1.01  0.40  0.00 -0.23 0.665  00  01O000M000  0.213
THR01B4636_002  0.000 -1.64  1.01  0.40  0.00 -0.23 0.665  00  01O000M000  0.213
THR01B4636_003  0.000 -1.64  1.01  0.03  0.00 -0.61 0.665  00  01O000M000  0.213
TYR01B4638_001  0.000 -4.99 -1.00  0.50  0.00 -5.49 1.000  00  01O000M000  0.659
TYR01B4638_002  0.000 -4.99 -1.00  0.50  0.00 -5.49 1.000  00  01O000M000  0.659
TYR-1B4638_003 -1.000 -4.99 -1.00  0.50  0.00 -5.49 1.000  00  -1O000M000  0.659
MET01B4639_001  0.000127.31 -2.28  1.00  0.00126.03 1.000  00  01O000M000  0.000
GLU01B4640_001  0.000 -0.76  1.29  3.21  0.00  3.74 1.000  00  01O000M000  0.486
GLU01B4640_002  0.000 -0.76  1.29  0.49  0.00  1.02 1.000  00  01O000M000  0.486
GLU02B4640_003  0.000 -0.94  1.66  3.21  0.00  3.93 1.000  00  02O000M000  0.471
GLU02B4640_004  0.000 -0.94  1.66  0.49  0.00  1.21 1.000  00  02O000M000  0.471
GLU-1B4640_005 -1.000 -1.05  1.27  0.49  0.00  0.70 1.000  00  -1O000M000  0.478
PRO01B4641_001  0.000 -6.11 -1.83  0.00  0.00 -7.94 1.000  00  01O000M000  0.657
ALA01B4642_001  0.000 -2.28 -1.28  0.00  0.00 -3.56 1.000  00  01O000M000  0.398
LEU01B4643_001  0.000  2.05 -2.60  0.93  0.00  0.37 1.000  00  01O000M000  0.113
TRP01B4644_001  0.000 -7.28 -2.69  0.00  0.00 -9.97 1.000  00  01O000M000  0.654
CYS01B4645_001  0.000 -3.95 -0.65  0.15  0.00 -4.45 1.000  00  01O000M000  0.536
CYS01B4645_002  0.000 -3.95 -0.74  0.15  0.00 -4.54 1.000  00  01O000M000  0.536
CYS01B4645_003  0.000 -3.95 -0.65  0.15  0.00 -4.45 1.000  00  01O000M000  0.536
CYS-1B4645_004 -1.000 -3.95 -0.62  0.15  0.00 -4.42 1.000  00  -1O000M000  0.536
LEU01B4646_001  0.000 -1.42 -1.27  0.41  0.00 -2.28 1.000  00  01O000M000  0.248
SER01B4647_001  0.000  0.00  6.28  0.82  0.00  7.10 0.664  00  01O000M000  0.000
SER01B4647_002  0.000  0.00  6.28  0.82  0.00  7.10 0.664  00  01O000M000  0.000
SER01B4647_003  0.000  0.00  6.28  0.44  0.00  6.72 0.664  00  01O000M000  0.000
LEU01B4648_001  0.000 -2.52 -1.76  0.96  0.00 -3.33 1.000  00  01O000M000  0.409
LEU01B4649_001  0.000 -1.21  0.28  0.52  0.00 -0.42 1.000  00  01O000M000  0.283
HIS01B4650_001  0.000 -0.11 -0.11  1.10  0.00  0.87 1.000  00  01O000M000  0.000
HIS02B4650_002  0.000 -0.13 -0.18  1.10  0.00  0.79 1.000  00  02O000M000  0.000
HIS+1B4650_003  1.000 -0.16 -0.22  1.10  0.00  0.71 1.000  00  +1O000M000  0.000
THR01B4651_001  0.000 -0.55 -2.97  0.38  0.00 -3.14 0.668  00  01O000M000  0.100
THR01B4651_002  0.000 -0.55 -2.97  0.01  0.00 -3.51 0.668  00  01O000M000  0.100
LEU01B4652_001  0.000 -2.03 -2.96  0.89  0.00 -4.10 1.000  00  01O000M000  0.459
VAL01B4653_001  0.000  0.38  3.33  0.00  0.00  3.71 1.000  00  01O000M000  0.044
ALA01B4654_001  0.000  0.00 -2.14  0.00  0.00 -2.14 1.000  00  01O000M000  0.000
PHE01B4655_001  0.000 -3.48 -2.73  0.23  0.00 -5.97 1.000  00  01O000M000  0.583
LEU01B4656_001  0.000  0.00 -1.97  1.79  0.00 -0.17 1.000  00  01O000M000  0.201
CYS01B4657_001  0.000 -0.07 -3.41  0.25  0.00 -3.23 1.000  00  01O000M000  0.010
CYS01B4657_002  0.000 -0.07 -3.42  0.25  0.00 -3.25 1.000  00  01O000M000  0.010
CYS01B4657_003  0.000 -0.07 -3.38  0.25  0.00 -3.21 1.000  00  01O000M000  0.010
CYS-1B4657_004 -1.000 -0.07 -3.32  0.25  0.00 -3.14 1.000  00  -1O000M000  0.010
ILE01B4658_001  0.000  0.19  4.32  0.47  0.00  4.98 1.000  00  01O000M000  0.206
ILE01B4659_001  0.000  1.92  1.07  0.44  0.00  3.42 1.000  00  01O000M000  0.316
TYR01B4661_001  0.000  2.19 -4.89  0.01  0.00 -2.70 1.000  00  01O000M000  0.211
TYR01B4661_002  0.000  2.19 -4.89  0.01  0.00 -2.70 1.000  00  01O000M000  0.211
TYR-1B4661_003 -1.000  2.19 -4.89  0.01  0.00 -2.70 1.000  00  -1O000M000  0.211
ASN01B4662_001  0.000 -2.62  0.03  0.96  0.00 -1.63 0.756  00  01O000M000  0.605
ASN01B4662_002  0.000 -2.98  1.97  0.97  0.00 -0.03 0.744  00  01R001M000  0.644
CYS01B4663_001  0.000 -1.03 -2.96  0.29  0.00 -3.69 1.000  00  01O000M000  0.142
CYS01B4663_002  0.000 -1.03 -3.04  0.29  0.00 -3.77 1.000  00  01O000M000  0.142
CYS01B4663_003  0.000 -1.03 -2.97  0.29  0.00 -3.71 1.000  00  01O000M000  0.142
CYS-1B4663_004 -1.000 -1.03 -2.93  0.29  0.00 -3.66 1.000  00  -1O000M000  0.142
LEU01B4664_001  0.000 -2.36  3.75  0.93  0.00  2.31 1.000  00  01O000M000  0.322
LYS01B4665_001  0.000 -2.68  1.77  1.24  0.00  0.33 1.000  00  01O000M000  0.458
LYS+1B4665_002  1.000 -2.76  1.76  1.24  0.00  0.25 1.000  00  +1O000M000  0.458
CTR01B4665_001  0.000 -3.43 -0.78  2.72  0.00 -1.49 1.000  00  01O000M000  0.325
CTR01B4665_002  0.000 -3.53 -1.01  0.00  0.00 -4.54 1.000  00  01O000M000  0.346
CTR02B4665_003  0.000 -3.51 -0.56  2.72  0.00 -1.34 1.000  00  02O000M000  0.335
CTR02B4665_004  0.000 -3.48 -1.06  0.00  0.00 -4.54 1.000  00  02O000M000  0.339
CTR-1B4665_005 -1.000 -3.48 -0.95  0.00  0.00 -4.44 1.000  00  -1O000M000  0.336
NTR01B4690_001  0.000 -3.91 -0.40  0.00  0.00 -4.32 1.000  00  01O000M000  0.398
NTR+1B4690_002  1.000 -3.92 -0.46  0.00  0.00 -4.38 1.000  00  +1O000M000  0.398
GLU01B4690_001  0.000 -0.19  2.66  3.17  0.00  5.64 1.000  00  01O000M000  0.917
GLU01B4690_002  0.000 -0.19  2.66  0.45  0.00  2.92 1.000  00  01O000M000  0.917
GLU02B4690_003  0.000 -1.05  2.67  3.17  0.00  4.79 1.000  00  02O000M000  0.927
GLU02B4690_004  0.000 -1.05  2.67  0.45  0.00  2.07 1.000  00  02O000M000  0.927
GLU-1B4690_005 -1.000 -1.10  2.69  0.45  0.00  2.04 1.000  00  -1O000M000  0.912
GLN01B4691_001  0.000 -2.69  4.01  0.81  0.00  2.14 0.753  00  01O000M000  0.662
GLN01B4691_002  0.000 -2.60  4.30  0.80  0.00  2.49 0.747  00  01R001M000  0.691
PRO01B4692_001  0.000 -5.85 -0.54  0.00  0.00 -6.39 1.000  00  01O000M000  0.640
ASP01B4694_001  0.000 -2.93  1.88  3.12  0.00  2.06 1.000  00  01O000M000  0.715
ASP01B4694_002  0.000 -2.93  1.88  0.40  0.00 -0.66 1.000  00  01O000M000  0.715
ASP02B4694_003  0.000 -2.97  1.42  3.12  0.00  1.57 1.000  00  02O000M000  0.726
ASP02B4694_004  0.000 -2.97  1.42  0.40  0.00 -1.15 1.000  00  02O000M000  0.726
ASP-1B4694_005 -1.000 -2.95  1.46  0.40  0.00 -1.10 1.000  00  -1O000M000  0.717
ASP01B4695_001  0.000 -3.45  2.02  3.14  0.00  1.70 1.000  00  01O000M000  0.751
ASP01B4695_002  0.000 -3.45  2.02  0.42  0.00 -1.02 1.000  00  01O000M000  0.751
ASP02B4695_003  0.000 -3.38  1.05  3.14  0.00  0.81 1.000  00  02O000M000  0.774
ASP02B4695_004  0.000 -3.38  1.05  0.42  0.00 -1.91 1.000  00  02O000M000  0.774
ASP-1B4695_005 -1.000 -3.40  1.09  0.42  0.00 -1.90 1.000  00  -1O000M000  0.760
CTR01B4695_001  0.000 -4.65 21.67  2.72  0.00 19.74 1.000  00  01O000M000  0.447
CTR01B4695_002  0.000 -4.69  6.70  0.00  0.00  2.01 1.000  00  01O000M000  0.459
CTR02B4695_003  0.000 -4.71  6.83  2.72  0.00  4.83 1.000  00  02O000M000  0.450
CTR02B4695_004  0.000 -4.80  6.78  0.00  0.00  1.98 1.000  00  02O000M000  0.462
CTR-1B4695_005 -1.000 -4.63  6.83  0.00  0.00  2.19 1.000  00  -1O000M000  0.451
NTR01B4716_001  0.000 -3.17  0.00  0.00  0.00 -3.17 1.000  00  01O000M000  0.312
NTR+1B4716_002  1.000 -3.17  0.00  0.00  0.00 -3.17 1.000  00  +1O000M000  0.312
CTR01B4716_001  0.000 -6.22  0.00  2.72  0.00 -3.50 1.000  00  01O000M000  0.595
CTR01B4716_002  0.000 -5.91  0.00  0.00  0.00 -5.91 1.000  00  01O000M000  0.586
CTR02B4716_003  0.000 -6.16  0.00  2.72  0.00 -3.44 1.000  00  02O000M000  0.593
CTR02B4716_004  0.000 -6.11  0.00  0.00  0.00 -6.11 1.000  00  02O000M000  0.592
CTR-1B4716_005 -1.000 -6.06  0.00  0.00  0.00 -6.06 1.000  00  -1O000M000  0.588
TRP01B4716_001  0.000 -9.17  0.00  1.16  0.00 -8.01 1.000  00  01O000M000  0.693
NTR01B4735_001  0.000 -3.56  0.00  0.00  0.00 -3.56 1.000  00  01O000M000  0.366
NTR+1B4735_002  1.000 -3.56  0.00  0.00  0.00 -3.56 1.000  00  +1O000M000  0.366
CTR01B4735_001  0.000 -5.23  0.00  2.72  0.00 -2.51 1.000  00  01O000M000  0.499
CTR01B4735_002  0.000 -5.08  0.00  0.00  0.00 -5.08 1.000  00  01O000M000  0.498
CTR02B4735_003  0.000 -5.23  0.00  2.72  0.00 -2.51 1.000  00  02O000M000  0.503
CTR02B4735_004  0.000 -5.18  0.00  0.00  0.00 -5.18 1.000  00  02O000M000  0.502
CTR-1B4735_005 -1.000 -5.08  0.00  0.00  0.00 -5.08 1.000  00  -1O000M000  0.495
GLU01B4735_001  0.000 -2.50  0.00  4.42  0.00  1.92 1.000  00  01O000M000  0.905
GLU01B4735_002  0.000 -2.50  0.00  1.70  0.00 -0.80 1.000  00  01O000M000  0.905
GLU02B4735_003  0.000 -2.94  0.00  4.42  0.00  1.48 1.000  00  02O000M000  0.887
GLU02B4735_004  0.000 -2.94  0.00  1.70  0.00 -1.24 1.000  00  02O000M000  0.887
GLU-1B4735_005 -1.000 -2.94  0.00  1.70  0.00 -1.24 1.000  00  -1O000M000  0.885
NTR01B4752_001  0.000 -3.26  0.80  0.00  0.00 -2.47 1.000  00  01O000M000  0.324
NTR+1B4752_002  1.000 -3.27  0.73  0.00  0.00 -2.54 1.000  00  +1O000M000  0.324
ALA01B4752_001  0.000 -5.32 -0.03  0.00  0.00 -5.35 1.000  00  01O000M000  0.761
HIS01B4753_001  0.000-11.52  0.14  0.00  0.00-11.38 1.000  00  01O000M000  0.844
HIS02B4753_002  0.000-11.53  0.09  0.00  0.00-11.45 1.000  00  02O000M000  0.844
HIS+1B4753_003  1.000-11.55  0.08  0.00  0.00-11.47 1.000  00  +1O000M000  0.844
CTR01B4753_001  0.000 -3.04 -0.66  2.72  0.00 -0.98 1.000  00  01O000M000  0.289
CTR01B4753_002  0.000 -2.97 -0.83  0.00  0.00 -3.80 1.000  00  01O000M000  0.300
CTR02B4753_003  0.000 -3.06 -0.77  2.72  0.00 -1.11 1.000  00  02O000M000  0.291
CTR02B4753_004  0.000 -3.09 -0.85  0.00  0.00 -3.93 1.000  00  02O000M000  0.303
CTR-1B4753_005 -1.000 -3.04 -0.78  0.00  0.00 -3.82 1.000  00  -1O000M000  0.296
NTR01B4755_001  0.000 -1.37 -0.91  0.00  0.00 -2.28 1.000  00  01O000M000  0.136
NTR+1B4755_002  1.000 -1.37 -0.97  0.00  0.00 -2.35 1.000  00  +1O000M000  0.136
GLU01B4755_001  0.000 -2.01  1.47  3.22  0.00  2.68 1.000  00  01O000M000  0.491
GLU01B4755_002  0.000 -2.01  1.47  0.50  0.00 -0.04 1.000  00  01O000M000  0.491
GLU02B4755_003  0.000 -1.78  1.47  3.22  0.00  2.92 1.000  00  02O000M000  0.489
GLU02B4755_004  0.000 -1.78  1.47  0.50  0.00  0.20 1.000  00  02O000M000  0.489
GLU-1B4755_005 -1.000 -1.95  1.49  0.50  0.00  0.04 1.000  00  -1O000M000  0.481
ARG01B4756_001  0.000999.00999.00  2.94  0.00999.00 1.000  00  01O000M000  0.490
ARG02B4756_002  0.000999.00999.00  2.94  0.00999.00 1.000  00  02O000M000  0.490
ARG03B4756_003  0.000999.00999.00  2.94  0.00999.00 1.000  00  03O000M000  0.490
ARG03B4756_004  0.000182.83999.00  2.94  0.00999.00 1.000  00  03O000M000  0.490
ARG+1B4756_005  1.000999.00999.00  2.94  0.00999.00 1.000  00  +1O000M000  0.490
LYS01B4757_001  0.000 -4.12999.00  0.95  0.00999.00 1.000  00  01O000M000  0.671
LYS+1B4757_002  1.000 -4.22999.00  0.95  0.00999.00 1.000  00  +1O000M000  0.671
PRO01B4758_001  0.000 -6.10 -0.18  0.00  0.00 -6.27 1.000  00  01O000M000  0.667
ASP01B4759_001  0.000 -3.23 84.80  2.97  0.00 84.54 1.000  00  01O000M000  0.695
ASP01B4759_002  0.000 -3.23 84.80  0.25  0.00 81.82 1.000  00  01O000M000  0.695
ASP02B4759_003  0.000 -3.21 67.27  2.97  0.00 67.02 1.000  00  02O000M000  0.710
ASP02B4759_004  0.000 -3.21 67.27  0.25  0.00 64.30 1.000  00  02O000M000  0.710
ASP-1B4759_005 -1.000 -3.18 67.31  0.25  0.00 64.39 1.000  00  -1O000M000  0.708
PRO01B4760_001  0.000 -6.79 -0.25  0.00  0.00 -7.04 1.000  00  01O000M000  0.727
PRO01B4761_001  0.000 -6.93  0.28  0.00  0.00 -6.65 1.000  00  01O000M000  0.748
PRO01B4762_001  0.000 -5.54  0.73  0.00  0.00 -4.81 1.000  00  01O000M000  0.598
LEU01B4764_001  0.000 -1.87999.00  2.94  0.00999.00 1.000  00  01O000M000  0.285
LEU01B4765_001  0.000 -1.75999.00  2.94  0.00999.00 1.000  00  01O000M000  0.272
THR01B4766_001  0.000 -5.60  9.31  0.38  0.00  4.10 0.665  00  01O000M000  0.658
THR01B4766_002  0.000 -5.60  9.31  0.38  0.00  4.10 0.665  00  01O000M000  0.658
TRP01B4767_001  0.000 -3.76 -2.95  0.00  0.00 -6.71 1.000  00  01O000M000  0.411
LEU01B4768_001  0.000 -2.20 -2.02  1.88  0.00 -2.35 1.000  00  01O000M000  0.479
MET01B4769_001  0.000 -7.62 -1.86  0.48  0.00 -9.00 1.000  00  01O000M000  0.785
SER01B4770_001  0.000 -3.65 -0.55  1.07  0.00 -3.13 0.668  00  01O000M000  0.613
ILE01B4771_001  0.000 -0.77  1.78  0.68  0.00  1.69 1.000  00  01O000M000  0.527
ASP01B4772_001  0.000 -3.99  4.72  3.57  0.00  4.30 1.000  00  01O000M000  0.924
ASP01B4772_002  0.000 -3.99  4.72  0.85  0.00  1.58 1.000  00  01O000M000  0.924
ASP02B4772_003  0.000 -3.92  3.48  3.57  0.00  3.13 1.000  00  02O000M000  0.922
ASP02B4772_004  0.000 -3.92  3.48  0.85  0.00  0.41 1.000  00  02O000M000  0.922
ASP-1B4772_005 -1.000 -3.81  3.51  0.85  0.00  0.55 1.000  00  -1O000M000  0.925
VAL01B4773_001  0.000 -7.54  1.31  0.02  0.00 -6.20 1.000  00  01O000M000  0.722
CTR01B4773_001  0.000 -4.92 -0.22  2.72  0.00 -2.41 1.000  00  01O000M000  0.479
CTR01B4773_002  0.000 -4.98 -0.51  0.00  0.00 -5.49 1.000  00  01O000M000  0.488
CTR02B4773_003  0.000 -4.94 -0.48  2.72  0.00 -2.69 1.000  00  02O000M000  0.482
CTR02B4773_004  0.000 -4.99 -0.50  0.00  0.00 -5.49 1.000  00  02O000M000  0.485
CTR-1B4773_005 -1.000 -4.82 -0.45  0.00  0.00 -5.26 1.000  00  -1O000M000  0.475
NTR01B4784_001  0.000 -2.12 -0.07  0.00  0.00 -2.19 1.000  00  01O000M000  0.207
NTR+1B4784_002  1.000 -2.12 -0.07  0.00  0.00 -2.19 1.000  00  +1O000M000  0.211
CTR01B4784_001  0.000 -3.11 -0.19  2.72  0.00 -0.58 1.000  00  01O000M000  0.290
CTR01B4784_002  0.000 -3.01 -0.18  0.00  0.00 -3.19 1.000  00  01O000M000  0.298
CTR02B4784_003  0.000 -3.21 -0.17  2.72  0.00 -0.66 1.000  00  02O000M000  0.298
CTR02B4784_004  0.000 -3.22 -0.17  0.00  0.00 -3.39 1.000  00  02O000M000  0.310
CTR-1B4784_005 -1.000 -3.09 -0.17  0.00  0.00 -3.26 1.000  00  -1O000M000  0.296
PHE01B4784_001  0.000 -7.13 -0.06  0.05  0.00 -7.13 1.000  00  01O000M000  0.657
NTR01B4789_001  0.000 -1.42 -0.12  0.00  0.00 -1.54 1.000  00  01O000M000  0.142
NTR+1B4789_002  1.000 -1.42 -0.20  0.00  0.00 -1.62 1.000  00  +1O000M000  0.142
PHE01B4789_001  0.000  1.35 -1.72  0.32  0.00 -0.05 1.000  00  01O000M000  0.358
LEU01B4790_001  0.000 -5.46  7.68  0.64  0.00  2.86 1.000  00  01O000M000  0.647
TYR01B4791_001  0.000  1.99 -2.37  0.32  0.00 -0.06 1.000  00  01O000M000  0.305
TYR01B4791_002  0.000  1.99 -2.37  0.32  0.00 -0.06 1.000  00  01O000M000  0.305
TYR-1B4791_003 -1.000  1.99 -2.37  0.32  0.00 -0.06 1.000  00  -1O000M000  0.305
LEU01B4792_001  0.000  2.07  3.00  1.61  0.00  6.68 1.000  00  01O000M000  0.018
TRP01B4794_001  0.000 -3.71 -4.27  0.01  0.00 -7.97 1.000  00  01O000M000  0.471
TYR01B4795_001  0.000  5.94 18.99  0.11  0.00 25.04 1.000  00  01O000M000  0.021
TYR01B4795_002  0.000  5.94 18.99  0.11  0.00 25.04 1.000  00  01O000M000  0.021
TYR-1B4795_003 -1.000  5.94 18.99  0.11  0.00 25.04 1.000  00  -1O000M000  0.021
MET01B4796_001  0.000  4.89  0.91  0.53  0.00  6.32 1.000  00  01O000M000  0.111
VAL01B4797_001  0.000 -3.81  4.26  0.03  0.00  0.47 1.000  00  01O000M000  0.468
MET01B4798_001  0.000 -1.45 -2.48  2.04  0.00 -1.89 1.000  00  01O000M000  0.123
SER01B4799_001  0.000  0.00 -2.19  1.37  0.00 -0.81 0.668  00  01O000M000  0.000
SER01B4799_002  0.000  0.00 -2.19  1.37  0.00 -0.81 0.668  00  01O000M000  0.000
SER01B4799_003  0.000  0.00 -2.19  1.00  0.00 -1.19 0.668  00  01O000M000  0.000
LEU01B4800_001  0.000 -4.97 -1.27  2.31  0.00 -3.93 1.000  00  01O000M000  0.575
LEU01B4801_001  0.000 -1.46  1.54  2.72  0.00  2.79 1.000  00  01O000M000  0.270
HIS01B4803_001  0.000 -3.20 -2.31  0.27  0.00 -5.25 0.755  00  01O000M000  0.256
HIS01B4803_002  0.000 -3.24 -2.88  0.27  0.00 -5.86 0.745  00  01R001M000  0.271
HIS02B4803_003  0.000 -3.22 -2.29  0.27  0.00 -5.25 0.755  00  02O000M000  0.256
HIS02B4803_004  0.000 -3.26 -2.72  0.27  0.00 -5.72 0.745  00  02R001M000  0.271
HIS+1B4803_005  1.000 -3.25 -2.38  0.27  0.00 -5.36 0.755  00  +1O000M000  0.256
HIS+1B4803_006  1.000 -3.28 -2.92  0.27  0.00 -5.93 0.745  00  +1R001M000  0.271
TYR01B4804_001  0.000 -3.93 -0.89  0.08  0.00 -4.74 1.000  00  01O000M000  0.630
TYR-1B4804_002 -1.000 -3.93 -0.89  0.08  0.00 -4.74 1.000  00  -1O000M000  0.630
ASN01B4805_001  0.000 -1.73  0.42  0.32  0.00 -0.99 0.751  00  01O000M000  0.403
ASN01B4805_002  0.000 -1.70  1.41  0.32  0.00  0.03 0.749  00  01R001M000  0.365
ASN01B4806_001  0.000 -1.17  2.78  1.64  0.00  3.26 0.751  00  01O000M000  0.354
ASN01B4806_002  0.000 -1.49  3.55  1.67  0.00  3.73 0.749  00  01R001M000  0.365
PHE01B4807_001  0.000 -4.75 -1.14  0.10  0.00 -5.80 1.000  00  01O000M000  0.759
PHE01B4808_001  0.000  2.40 -3.74  0.25  0.00 -1.09 1.000  00  01O000M000  0.248
PHE01B4809_001  0.000  3.67 -8.62  0.01  0.00 -4.93 1.000  00  01O000M000  0.035
ALA01B4810_001  0.000 -1.32 -0.89  0.00  0.00 -2.21 1.000  00  01O000M000  0.237
ALA01B4811_001  0.000 -0.31 -1.33  0.00  0.00 -1.64 1.000  00  01O000M000  0.060
HIS01B4812_001  0.000 -0.23 -8.24  0.00  0.00 -8.47 0.751  00  01O000M000  0.000
HIS01B4812_002  0.000 -0.19  1.52  0.00  0.00  1.33 0.749  00  01R001M000  0.000
HIS02B4812_003  0.000 -0.25 -8.07  0.00  0.00 -8.33 0.751  00  02O000M000  0.000
HIS02B4812_004  0.000 -0.20  1.50  0.00  0.00  1.30 0.749  00  02R001M000  0.000
HIS+1B4812_005  1.000 -0.28 -8.31  0.00  0.00 -8.59 0.751  00  +1O000M000  0.000
HIS+1B4812_006  1.000 -0.23  1.40  0.00  0.00  1.18 0.749  00  +1R001M000  0.000
LEU01B4813_001  0.000 -0.08 -2.88  1.43  0.00 -1.54 1.000  00  01O000M000  0.277
LEU01B4814_001  0.000 -5.49  5.07  0.64  0.00  0.22 1.000  00  01O000M000  0.550
ASP01B4815_001  0.000  0.03999.00  2.85  0.00999.00 1.000  00  01O000M000  0.012
ASP01B4815_002  0.000  0.03 11.23  0.13  0.00 11.40 1.000  00  01O000M000  0.012
ASP02B4815_003  0.000  0.10  7.92  2.85  0.00 10.87 1.000  00  02O000M000  0.012
ASP02B4815_004  0.000  0.10  7.92  0.13  0.00  8.15 1.000  00  02O000M000  0.012
ASP-1B4815_005 -1.000  0.02  8.02  0.13  0.00  8.18 1.000  00  -1O000M000  0.012
ILE01B4816_001  0.000 -1.29 -0.29  1.00  0.00 -0.58 1.000  00  01O000M000  0.214
ALA01B4817_001  0.000 -3.90 -0.47  0.00  0.00 -4.36 1.000  00  01O000M000  0.730
MET01B4818_001  0.000 -8.29 -1.27  1.62  0.00 -7.95 1.000  00  01O000M000  0.648
CTR01B4818_001  0.000 -3.28 -0.28  2.72  0.00 -0.84 1.000  00  01O000M000  0.306
CTR01B4818_002  0.000 -3.16 -0.52  0.00  0.00 -3.67 1.000  00  01O000M000  0.309
CTR02B4818_003  0.000 -3.21  0.34  2.72  0.00 -0.14 1.000  00  02O000M000  0.300
CTR02B4818_004  0.000 -3.22 -0.59  0.00  0.00 -3.81 1.000  00  02O000M000  0.310
CTR-1B4818_005 -1.000 -3.19 -0.46  0.00  0.00 -3.64 1.000  00  -1O000M000  0.305
NTR01B4847_001  0.000 -1.39 -0.61  0.00  0.00 -2.00 1.000  00  01O000M000  0.139
NTR+1B4847_002  1.000 -1.39 -0.71  0.00  0.00 -2.10 1.000  00  +1O000M000  0.139
VAL01B4847_001  0.000 -6.48  0.47  0.13  0.00 -5.89 1.000  00  01O000M000  0.692
VAL01B4848_001  0.000 -1.54  9.92  0.52  0.00  8.89 1.000  00  01O000M000  0.284
TYR01B4849_001  0.000 -3.12 -1.72  0.27  0.00 -4.57 1.000  00  01O000M000  0.658
TYR-1B4849_002 -1.000 -3.12 -1.72  0.27  0.00 -4.57 1.000  00  -1O000M000  0.658
LEU01B4850_001  0.000 -5.52  6.51  0.63  0.00  1.63 1.000  00  01O000M000  0.602
TYR01B4851_001  0.000  2.25  9.23  1.72  0.00 13.20 1.000  00  01O000M000  0.211
TYR01B4851_002  0.000  2.25  9.23  1.72  0.00 13.20 1.000  00  01O000M000  0.211
TYR-1B4851_003 -1.000  2.25  9.23  1.72  0.00 13.20 1.000  00  -1O000M000  0.211
THR01B4852_001  0.000  0.41  0.94  0.40  0.00  1.75 0.669  00  01O000M000  0.000
THR01B4852_002  0.000  0.41  0.94  0.40  0.00  1.75 0.669  00  01O000M000  0.000
THR01B4852_003  0.000  0.41  0.94  0.02  0.00  1.38 0.669  00  01O000M000  0.000
VAL01B4853_001  0.000 -1.99  6.05  0.08  0.00  4.15 1.000  00  01O000M000  0.274
VAL01B4854_001  0.000 -1.67  1.99  0.05  0.00  0.37 1.000  00  01O000M000  0.260
ALA01B4855_001  0.000  0.00 -1.66  0.00  0.00 -1.66 1.000  00  01O000M000  0.000
PHE01B4856_001  0.000  2.54 -4.71  0.06  0.00 -2.11 1.000  00  01O000M000  0.202
ASN01B4857_001  0.000 -1.72 -0.59  0.33  0.00 -1.98 0.747  00  01O000M000  0.429
ASN01B4857_002  0.000 -1.99  1.58  0.32  0.00 -0.09 0.753  00  01R001M000  0.431
PHE01B4858_001  0.000 -4.14 11.86  0.42  0.00  8.14 1.000  00  01O000M000  0.706
PHE01B4859_001  0.000  4.20  6.03  1.04  0.00 11.27 1.000  00  01O000M000  0.051
ARG01B4860_001  0.000 -3.10 -4.79  1.24  0.00 -6.65 1.000  00  01O000M000  0.504
ARG02B4860_002  0.000 -3.13 -4.80  1.24  0.00 -6.69 1.000  00  02O000M000  0.504
ARG03B4860_003  0.000 -3.12 -4.75  1.24  0.00 -6.63 1.000  00  03O000M000  0.504
ARG+1B4860_004  1.000 -3.18 -4.80  1.24  0.00 -6.74 1.000  00  +1O000M000  0.504
LYS01B4861_001  0.000  1.74  2.92  0.98  0.00  5.65 1.000  00  01O000M000  0.387
LYS+1B4861_002  1.000  1.77  2.90  0.98  0.00  5.64 1.000  00  +1O000M000  0.387
PHE01B4862_001  0.000  6.45  4.42  0.85  0.00 11.71 1.000  00  01O000M000  0.105
TYR01B4863_001  0.000  4.65  0.82  0.33  0.00  5.80 1.000  00  01O000M000  0.000
TYR01B4863_002  0.000  4.65  0.82  0.33  0.00  5.80 1.000  00  01O000M000  0.000
TYR-1B4863_003 -1.000  4.65  0.82  0.33  0.00  5.80 1.000  00  -1O000M000  0.000
ASN01B4864_001  0.000 -1.10 -1.38  0.90  0.00 -1.58 0.749  00  01O000M000  0.298
ASN01B4864_002  0.000 -0.89 -1.07  0.82  0.00 -1.14 0.751  00  01R001M000  0.293
LYS01B4865_001  0.000  2.13  5.39  1.11  0.00  8.63 1.000  00  01O000M000  0.195
LYS+1B4865_002  1.000  2.09  5.38  1.11  0.00  8.57 1.000  00  +1O000M000  0.195
SER01B4866_001  0.000 -4.14  5.94  0.39  0.00  2.19 0.667  00  01O000M000  0.722
GLU01B4867_001  0.000 -0.83 -0.38  4.79  0.00  3.57 1.000  00  01O000M000  0.470
GLU01B4867_002  0.000 -0.83 -0.38  2.07  0.00  0.85 1.000  00  01O000M000  0.470
GLU02B4867_003  0.000 -1.14 -0.56  4.79  0.00  3.09 1.000  00  02O000M000  0.494
GLU02B4867_004  0.000 -1.14 -0.56  2.07  0.00  0.37 1.000  00  02O000M000  0.494
GLU-1B4867_005 -1.000 -1.20 -0.65  2.07  0.00  0.22 1.000  00  -1O000M000  0.489
ASP01B4868_001  0.000 -3.09 -0.81  3.63  0.00 -0.28 1.000  00  01O000M000  0.786
ASP01B4868_002  0.000 -3.09 -0.81  0.91  0.00 -3.00 1.000  00  01O000M000  0.786
ASP02B4868_003  0.000 -2.94 -0.85  3.63  0.00 -0.17 1.000  00  02O000M000  0.785
ASP02B4868_004  0.000 -2.94 -0.85  0.91  0.00 -2.89 1.000  00  02O000M000  0.785
ASP-1B4868_005 -1.000 -2.99 -0.88  0.91  0.00 -2.97 1.000  00  -1O000M000  0.788
GLU01B4869_001  0.000 -2.33  0.58  3.06  0.00  1.31 1.000  00  01O000M000  0.840
GLU01B4869_002  0.000 -2.33  0.58  0.34  0.00 -1.41 1.000  00  01O000M000  0.840
GLU02B4869_003  0.000 -2.63  0.50  3.06  0.00  0.92 1.000  00  02O000M000  0.840
GLU02B4869_004  0.000 -2.63  0.50  0.34  0.00 -1.80 1.000  00  02O000M000  0.840
GLU-1B4869_005 -1.000 -2.54  0.53  0.34  0.00 -1.66 1.000  00  -1O000M000  0.841
ASP01B4870_001  0.000 -3.07  0.26  3.28  0.00  0.47 1.000  00  01O000M000  0.712
ASP01B4870_002  0.000 -3.07  0.26  0.56  0.00 -2.25 1.000  00  01O000M000  0.712
ASP02B4870_003  0.000 -2.88 -0.46  3.28  0.00 -0.06 1.000  00  02O000M000  0.727
ASP02B4870_004  0.000 -2.88 -0.46  0.56  0.00 -2.78 1.000  00  02O000M000  0.727
ASP-1B4870_005 -1.000 -3.00 -0.41  0.56  0.00 -2.86 1.000  00  -1O000M000  0.718
GLU01B4871_001  0.000  4.03 -4.64  4.14  0.00  3.53 1.000  00  01O000M000  0.340
GLU01B4871_002  0.000  4.03 -4.64  1.42  0.00  0.81 1.000  00  01O000M000  0.340
GLU02B4871_003  0.000  3.05 -3.92  4.14  0.00  3.27 1.000  00  02O000M000  0.314
GLU02B4871_004  0.000  3.05 -3.92  1.42  0.00  0.55 1.000  00  02O000M000  0.314
GLU-1B4871_005 -1.000  2.98 -4.57  1.42  0.00 -0.17 1.000  00  -1O000M000  0.316
CTR01B4871_001  0.000 -1.33999.00  2.72  0.00999.00 1.000  00  01O000M000  0.123
CTR01B4871_002  0.000 -1.27999.00  0.00  0.00999.00 1.000  00  01O000M000  0.130
CTR02B4871_003  0.000 -1.32999.00  2.72  0.00999.00 1.000  00  02O000M000  0.121
CTR02B4871_004  0.000 -1.25999.00  0.00  0.00999.00 1.000  00  02O000M000  0.123
CTR-1B4871_005 -1.000 -1.29999.00  0.00  0.00999.00 1.000  00  -1O000M000  0.123
NTR01B4872_001  0.000 -0.89999.00  0.00  0.00999.00 1.000  00  01O000M000  0.088
NTR+1B4872_002  1.000 -0.89999.00  0.00  0.00999.00 1.000  00  +1O000M000  0.088
PRO01B4872_001  0.000 -4.96 -0.04  0.00  0.00 -5.00 1.000  00  01O000M000  0.557
ASP01B4873_001  0.000 -1.49 -0.14  3.20  0.00  1.56 1.000  00  01O000M000  0.367
ASP01B4873_002  0.000 -1.49 -0.14  0.48  0.00 -1.16 1.000  00  01O000M000  0.367
ASP02B4873_003  0.000 -1.53 -0.92  3.20  0.00  0.75 1.000  00  02O000M000  0.387
ASP02B4873_004  0.000 -1.53 -0.92  0.48  0.00 -1.97 1.000  00  02O000M000  0.387
ASP-1B4873_005 -1.000 -1.45 -0.85  0.48  0.00 -1.82 1.000  00  -1O000M000  0.366
MET01B4874_001  0.000  0.23 -3.29  0.02  0.00 -3.04 1.000  00  01O000M000  0.143
LYS01B4875_001  0.000 -0.94  3.32  1.25  0.00  3.63 1.000  00  01O000M000  0.192
LYS+1B4875_002  1.000 -1.01  3.29  1.25  0.00  3.53 1.000  00  +1O000M000  0.192
CYS01B4876_001  0.000 -0.00  3.34  2.33  0.00  5.66 1.000  00  01O000M000  0.000
CYS01B4876_002  0.000 -0.00  3.33  2.33  0.00  5.65 1.000  00  01O000M000  0.000
CYS01B4876_003  0.000 -0.00  3.36  2.33  0.00  5.68 1.000  00  01O000M000  0.000
CYS-1B4876_004 -1.000  0.00  3.42  2.33  0.00  5.75 1.000  00  -1O000M000  0.000
ASP01B4877_001  0.000 -1.34  2.96  3.27  0.00  4.90 1.000  00  01O000M000  0.326
ASP01B4877_002  0.000 -1.34  2.96  0.55  0.00  2.18 1.000  00  01O000M000  0.326
ASP02B4877_003  0.000 -1.15  1.99  3.27  0.00  4.12 1.000  00  02O000M000  0.314
ASP02B4877_004  0.000 -1.15  1.99  0.55  0.00  1.40 1.000  00  02O000M000  0.314
ASP-1B4877_005 -1.000 -1.28  1.88  0.55  0.00  1.15 1.000  00  -1O000M000  0.325
ASP01B4878_001  0.000 -2.27 15.69  2.97  0.00 16.39 1.000  00  01O000M000  0.487
ASP01B4878_002  0.000 -2.27 15.69  0.25  0.00 13.67 1.000  00  01O000M000  0.487
ASP02B4878_003  0.000 -2.25 11.37  2.97  0.00 12.09 1.000  00  02O000M000  0.506
ASP02B4878_004  0.000 -2.25 11.37  0.25  0.00  9.37 1.000  00  02O000M000  0.506
ASP-1B4878_005 -1.000 -2.19 11.44  0.25  0.00  9.50 1.000  00  -1O000M000  0.497
MET01B4879_001  0.000 -3.67  0.14  0.29  0.00 -3.24 1.000  00  01O000M000  0.316
MET01B4880_001  0.000 -8.10 -0.55  0.64  0.00 -8.00 1.000  00  01O000M000  0.918
THR01B4881_001  0.000 -1.46 -0.10  0.38  0.00 -1.17 0.667  00  01O000M000  0.192
THR01B4881_002  0.000 -1.46 -0.10  0.38  0.00 -1.17 0.667  00  01O000M000  0.192
THR01B4881_003  0.000 -1.46 -0.10  0.01  0.00 -1.55 0.667  00  01O000M000  0.192
CYS01B4882_001  0.000 -0.00 -3.77  0.17  0.00 -3.60 1.000  00  01O000M000  0.000
CYS01B4882_002  0.000 -0.00 -3.78  0.17  0.00 -3.61 1.000  00  01O000M000  0.000
CYS01B4882_003  0.000 -0.00 -3.78  0.17  0.00 -3.61 1.000  00  01O000M000  0.000
CYS-1B4882_004 -1.000  0.00 -3.68  0.17  0.00 -3.51 1.000  00  -1O000M000  0.000
TYR01B4883_001  0.000  2.43 -5.36  0.07  0.00 -2.87 1.000  00  01O000M000  0.232
TYR-1B4883_002 -1.000  2.43 -5.36  0.07  0.00 -2.87 1.000  00  -1O000M000  0.232
LEU01B4884_001  0.000 -4.50 -1.11  0.54  0.00 -5.07 1.000  00  01O000M000  0.588
PHE01B4885_001  0.000  4.01 -3.34  0.24  0.00  0.90 1.000  00  01O000M000  0.091
HIS01B4886_001  0.000 -0.19  2.81  0.07  0.00  2.68 1.000  00  01O000M000  0.010
HIS02B4886_002  0.000 -0.21  2.85  0.07  0.00  2.71 1.000  00  02O000M000  0.010
HIS+1B4886_003  1.000 -0.24  2.77  0.07  0.00  2.60 1.000  00  +1O000M000  0.010
MET01B4887_001  0.000 -0.47 -2.44  0.26  0.00 -2.65 1.000  00  01O000M000  0.328
TYR01B4888_001  0.000 -5.28  1.86  0.11  0.00 -3.31 1.000  00  01O000M000  0.734
TYR01B4888_002  0.000 -5.28  1.86  0.11  0.00 -3.31 1.000  00  01O000M000  0.734
TYR-1B4888_003 -1.000 -5.28  1.86  0.11  0.00 -3.31 1.000  00  -1O000M000  0.734
CTR01B4888_001  0.000 -3.27 -1.17  2.72  0.00 -1.73 1.000  00  01O000M000  0.312
CTR01B4888_002  0.000 -3.14 -1.48  0.00  0.00 -4.61 1.000  00  01O000M000  0.314
CTR02B4888_003  0.000 -3.28 -1.13  2.72  0.00 -1.68 1.000  00  02O000M000  0.310
CTR02B4888_004  0.000 -3.29 -1.54  0.00  0.00 -4.83 1.000  00  02O000M000  0.321
CTR-1B4888_005 -1.000 -3.25 -1.41  0.00  0.00 -4.66 1.000  00  -1O000M000  0.315
NTG01B4894_001  0.000 -6.16 -0.40  0.00  0.00 -6.56 1.000  00  01O000M000  0.615
NTG+1B4894_002  1.000 -6.16 -0.47  0.00  0.00 -6.63 1.000  00  +1O000M000  0.615
ILE01B4897_001  0.000  1.56  0.94  1.96  0.00  4.46 1.000  00  01O000M000  0.147
ASP01B4899_001  0.000 -2.06  5.21  3.07  0.00  6.22 1.000  00  01O000M000  0.485
ASP01B4899_002  0.000 -2.06  5.21  0.35  0.00  3.50 1.000  00  01O000M000  0.485
ASP02B4899_003  0.000 -2.13  4.06  3.07  0.00  4.99 1.000  00  02O000M000  0.509
ASP02B4899_004  0.000 -2.13  4.06  0.35  0.00  2.27 1.000  00  02O000M000  0.509
ASP-1B4899_005 -1.000 -2.11  3.70  0.35  0.00  1.94 1.000  00  -1O000M000  0.498
GLU01B4900_001  0.000  0.83  1.43  3.95  0.00  6.21 1.000  00  01O000M000  0.323
GLU01B4900_002  0.000  0.83  1.43  1.23  0.00  3.49 1.000  00  01O000M000  0.323
GLU02B4900_003  0.000  0.34 -0.04  3.95  0.00  4.25 1.000  00  02O000M000  0.344
GLU02B4900_004  0.000  0.34 -0.04  1.23  0.00  1.53 1.000  00  02O000M000  0.344
GLU-1B4900_005 -1.000  0.32  0.05  1.23  0.00  1.59 1.000  00  -1O000M000  0.338
ILE01B4901_001  0.000 20.43  3.06  1.30  0.00 24.79 1.000  00  01O000M000  0.021
GLU01B4902_001  0.000  2.24 22.49  3.54  0.00 28.26 1.000  00  01O000M000  0.286
GLU01B4902_002  0.000  2.24 22.49  0.82  0.00 25.54 1.000  00  01O000M000  0.286
GLU02B4902_003  0.000  1.73 22.59  3.54  0.00 27.86 1.000  00  02O000M000  0.271
GLU02B4902_004  0.000  1.73 22.59  0.82  0.00 25.14 1.000  00  02O000M000  0.271
GLU-1B4902_005 -1.000  1.57 22.23  0.82  0.00 24.62 1.000  00  -1O000M000  0.279
ASP01B4903_001  0.000 -3.31  0.96  2.90  0.00  0.56 1.000  00  01O000M000  0.767
ASP01B4903_002  0.000 -3.31  0.96  0.18  0.00 -2.16 1.000  00  01O000M000  0.767
ASP02B4903_003  0.000 -3.18  0.07  2.90  0.00 -0.20 1.000  00  02O000M000  0.776
ASP02B4903_004  0.000 -3.18  0.07  0.18  0.00 -2.92 1.000  00  02O000M000  0.776
ASP-1B4903_005 -1.000 -3.20  0.13  0.18  0.00 -2.88 1.000  00  -1O000M000  0.778
PRO01B4904_001  0.000 -1.35  2.05  0.00  0.00  0.69 1.000  00  01O000M000  0.169
ALA01B4905_001  0.000 -3.09  0.48  0.00  0.00 -2.61 1.000  00  01O000M000  0.577
ASP01B4907_001  0.000 -3.16999.00  2.97  0.00999.00 1.000  00  01O000M000  0.671
ASP01B4907_002  0.000 -3.16999.00  0.25  0.00999.00 1.000  00  01O000M000  0.671
ASP02B4907_003  0.000 -3.31999.00  2.97  0.00999.00 1.000  00  02O000M000  0.707
ASP02B4907_004  0.000 -3.31999.00  0.25  0.00999.00 1.000  00  02O000M000  0.707
ASP-1B4907_005 -1.000 -3.20999.00  0.25  0.00999.00 1.000  00  -1O000M000  0.700
GLU01B4908_001  0.000 -2.36  0.16  3.22  0.00  1.02 1.000  00  01O000M000  0.610
GLU01B4908_002  0.000 -2.36  0.16  0.50  0.00 -1.70 1.000  00  01O000M000  0.610
GLU02B4908_003  0.000 -2.25  0.16  3.22  0.00  1.12 1.000  00  02O000M000  0.623
GLU02B4908_004  0.000 -2.25  0.16  0.50  0.00 -1.60 1.000  00  02O000M000  0.623
GLU-1B4908_005 -1.000 -2.37  0.18  0.50  0.00 -1.69 1.000  00  -1O000M000  0.611
TYR01B4909_001  0.000 -3.45  8.99  0.47  0.00  6.02 1.000  00  01O000M000  0.527
TYR-1B4909_002 -1.000 -3.45  8.99  0.47  0.00  6.02 1.000  00  -1O000M000  0.527
GLU01B4910_001  0.000 -1.49999.00  3.22  0.00999.00 1.000  00  01O000M000  0.421
GLU01B4910_002  0.000 -1.49999.00  0.50  0.00999.00 1.000  00  01O000M000  0.421
GLU02B4910_003  0.000 -1.23999.00  3.22  0.00999.00 1.000  00  02O000M000  0.403
GLU02B4910_004  0.000 -1.23999.00  0.50  0.00999.00 1.000  00  02O000M000  0.403
GLU-1B4910_005 -1.000 -1.48999.00  0.50  0.00999.00 1.000  00  -1O000M000  0.419
LEU01B4911_001  0.000 -3.34 -0.95  0.89  0.00 -3.40 1.000  00  01O000M000  0.763
TYR01B4912_001  0.000 -2.64 -3.68  0.28  0.00 -6.04 1.000  00  01O000M000  0.563
TYR01B4912_002  0.000 -2.64 -3.68  0.28  0.00 -6.04 1.000  00  01O000M000  0.563
TYR-1B4912_003 -1.000 -2.64 -3.68  0.28  0.00 -6.04 1.000  00  -1O000M000  0.563
ARG01B4913_001  0.000  5.83 -5.15  0.63  0.00  1.30 1.000  00  01O000M000  0.009
ARG02B4913_002  0.000  5.81 -5.15  0.63  0.00  1.28 1.000  00  02O000M000  0.009
ARG03B4913_003  0.000  5.82 -5.12  0.63  0.00  1.33 1.000  00  03O000M000  0.009
ARG+1B4913_004  1.000  5.77 -5.18  0.63  0.00  1.22 1.000  00  +1O000M000  0.009
VAL01B4914_001  0.000 -3.71  0.68  0.09  0.00 -2.95 1.000  00  01O000M000  0.474
VAL01B4915_001  0.000 -4.43  0.91  0.37  0.00 -3.15 1.000  00  01O000M000  0.514
PHE01B4916_001  0.000  4.52 -4.98  0.01  0.00 -0.45 1.000  00  01O000M000  0.062
ASP01B4917_001  0.000 -0.51  2.01  3.56  0.00  5.06 1.000  00  01O000M000  0.204
ASP01B4917_002  0.000 -0.51  2.01  0.84  0.00  2.34 1.000  00  01O000M000  0.204
ASP02B4917_003  0.000 -0.47  0.48  3.56  0.00  3.57 1.000  00  02O000M000  0.198
ASP02B4917_004  0.000 -0.47  0.48  0.84  0.00  0.85 1.000  00  02O000M000  0.198
ASP-1B4917_005 -1.000 -0.58  0.46  0.84  0.00  0.73 1.000  00  -1O000M000  0.208
ILE01B4918_001  0.000 -5.07  4.02  0.72  0.00 -0.33 1.000  00  01O000M000  0.658
THR01B4919_001  0.000 -2.73  3.16  0.38  0.00  0.81 0.668  00  01O000M000  0.317
THR01B4919_002  0.000 -2.73  3.16  0.38  0.00  0.81 0.668  00  01O000M000  0.317
THR01B4919_003  0.000 -2.73  3.16  0.00  0.00  0.43 0.668  00  01O000M000  0.317
CTR01B4919_001  0.000 -2.57 -0.76  2.72  0.00 -0.61 1.000  00  01O000M000  0.238
CTR01B4919_002  0.000 -2.29 -1.01  0.00  0.00 -3.30 1.000  00  01O000M000  0.227
CTR02B4919_003  0.000 -2.42  0.33  2.72  0.00  0.63 1.000  00  02O000M000  0.226
CTR02B4919_004  0.000 -2.33 -1.11  0.00  0.00 -3.45 1.000  00  02O000M000  0.226
CTR-1B4919_005 -1.000 -2.39 -0.95  0.00  0.00 -3.34 1.000  00  -1O000M000  0.228
NTR01B5009_001  0.000 -3.00  0.00  0.00  0.00 -3.00 1.000  00  01O000M000  0.295
NTR+1B5009_002  1.000 -2.85  0.00  0.00  0.00 -2.85 1.000  00  +1O000M000  0.280
CTR01B5009_001  0.000 -2.74  0.00  2.72  0.00 -0.02 1.000  00  01O000M000  0.252
CTR01B5009_002  0.000 -2.63  0.00  0.00  0.00 -2.63 1.000  00  01O000M000  0.260
CTR02B5009_003  0.000 -2.84  0.00  2.72  0.00 -0.12 1.000  00  02O000M000  0.265
CTR02B5009_004  0.000 -2.62  0.00  0.00  0.00 -2.62 1.000  00  02O000M000  0.253
CTR-1B5009_005 -1.000 -2.66  0.00  0.00  0.00 -2.66 1.000  00  -1O000M000  0.253
TYR01B5009_001  0.000 -6.75  0.00  0.34  0.00 -6.41 1.000  00  01O000M000  0.752
TYR-1B5009_002 -1.000 -6.75  0.00  0.34  0.00 -6.41 1.000  00  -1O000M000  0.752
NTR01B5011_001  0.000 -1.29  0.00  0.00  0.00 -1.29 1.000  00  01O000M000  0.130
NTR+1B5011_002  1.000 -1.29  0.00  0.00  0.00 -1.29 1.000  00  +1O000M000  0.130
CTR01B5011_001  0.000 -4.27  0.00  2.72  0.00 -1.55 1.000  00  01O000M000  0.413
CTR01B5011_002  0.000 -4.26  0.00  0.00  0.00 -4.26 1.000  00  01O000M000  0.427
CTR02B5011_003  0.000 -4.25  0.00  2.72  0.00 -1.53 1.000  00  02O000M000  0.416
CTR02B5011_004  0.000 -4.46  0.00  0.00  0.00 -4.46 1.000  00  02O000M000  0.434
CTR-1B5011_005 -1.000 -4.27  0.00  0.00  0.00 -4.27 1.000  00  -1O000M000  0.421
TRP01B5011_001  0.000 -8.58  0.00  0.12  0.00 -8.46 1.000  00  01O000M000  0.679
_CA+2B5102_001  2.000 -7.78 -0.01  0.00  0.00 -7.78 0.754  00  +2O000M000  0.943
_CADMB5102_002  0.000  0.00  0.00  0.00  0.00  0.00 0.754  00  DMO000M000   -nan
