   confID        vdw0    sas     sum
NTR01B3639_001  -0.003  -3.148  -3.151
NTR+1B3639_002  -0.005  -3.148  -3.153
THR01B3639_001   0.224  -4.110  -3.886
THR01B3639_002   0.224  -4.110  -3.886
PRO01B3640_001   0.292  -3.452  -3.159
LEU01B3641_001   2.900 -10.109  -7.209
TYR01B3642_001   4.897 -10.034  -5.137
TYR-1B3642_002   4.897 -10.034  -5.137
ASN01B3643_001   0.524  -2.432  -1.907
LEU01B3644_001   2.299  -3.242  -0.943
PRO01B3645_001   0.310  -3.507  -3.197
THR01B3646_001   0.295  -7.234  -6.939
HIS01B3647_001  -0.178  -7.865  -8.044
HIS01B3647_002  -0.140  -8.249  -8.388
HIS02B3647_003  -0.196  -7.865  -8.062
HIS02B3647_004  -0.153  -8.249  -8.402
HIS+1B3647_005  -0.223  -7.865  -8.088
HIS+1B3647_006  -0.179  -8.249  -8.428
ARG01B3648_001   3.442  -9.293  -5.850
ARG02B3648_002   3.419  -9.293  -5.873
ARG03B3648_003   3.427  -9.293  -5.865
ARG+1B3648_004   3.380  -9.293  -5.912
ALA01B3649_001   0.000  -1.288  -1.288
CYS01B3650_001  -0.002  -3.478  -3.480
CYS01B3650_002  -0.002  -3.478  -3.480
CYS01B3650_003  -0.003  -3.478  -3.481
CYS-1B3650_004   0.000  -3.478  -3.478
ASN01B3651_001   0.446  -2.657  -2.212
ASN01B3651_002   0.215  -2.604  -2.389
MET01B3652_001   0.133  -5.982  -5.849
PHE01B3653_001   4.172  -8.079  -3.908
LEU01B3654_001   2.579  -6.964  -4.385
GLU01B3655_001   2.377  -3.104  -0.728
GLU01B3655_002   2.377  -3.104  -0.728
GLU02B3655_003   1.949  -3.032  -1.083
GLU02B3655_004   1.949  -3.032  -1.083
GLU-1B3655_005   1.858  -2.980  -1.122
SER01B3656_001   0.000  -3.172  -3.172
TYR01B3657_001   5.301  -5.990  -0.690
TYR-1B3657_002   5.301  -5.990  -0.690
LYS01B3658_001  11.158  -7.576   3.582
LYS+1B3658_002  11.110  -7.576   3.534
ALA01B3659_001   0.000  -4.993  -4.993
ALA01B3660_001   0.000  -2.421  -2.421
TRP01B3661_001   3.173  -4.550  -1.377
ILE01B3662_001   2.507  -9.954  -7.448
LEU01B3663_001   2.062  -5.679  -3.617
THR01B3664_001   0.246  -5.459  -5.213
GLU01B3665_001   0.986  -2.516  -1.530
GLU01B3665_002   0.986  -2.516  -1.530
GLU02B3665_003   0.830  -2.509  -1.679
GLU02B3665_004   0.830  -2.509  -1.679
GLU-1B3665_005   0.741  -2.439  -1.699
ASP01B3666_001   0.747  -1.514  -0.767
ASP01B3666_002   0.747  -1.514  -0.767
ASP02B3666_003   0.701  -1.452  -0.752
ASP02B3666_004   0.701  -1.452  -0.752
ASP-1B3666_005   0.604  -1.412  -0.808
HIS01B3667_001  -0.165  -4.684  -4.849
HIS01B3667_002  -0.148  -4.453  -4.601
HIS02B3667_003  -0.181  -4.684  -4.865
HIS02B3667_004  -0.163  -4.453  -4.616
HIS+1B3667_005  -0.208  -4.684  -4.892
HIS+1B3667_006  -0.189  -4.453  -4.642
SER01B3668_001   0.000  -2.911  -2.911
SER01B3668_002   0.000  -2.911  -2.911
PHE01B3669_001   4.813  -6.084  -1.272
GLU01B3670_001   0.683  -0.495   0.188
GLU01B3670_002   0.683  -0.495   0.188
GLU02B3670_003   0.629  -0.556   0.073
GLU02B3670_004   0.629  -0.556   0.073
GLU-1B3670_005   0.519  -0.495   0.023
ASP01B3671_001   0.047  -0.530  -0.483
ASP01B3671_002   0.047  -0.530  -0.483
ASP02B3671_003   0.107  -0.592  -0.485
ASP02B3671_004   0.107  -0.592  -0.485
ASP-1B3671_005   0.042  -0.530  -0.487
ARG01B3672_001   5.839  -9.132  -3.293
ARG02B3672_002   5.880  -9.132  -3.251
ARG03B3672_003   5.784  -9.132  -3.347
ARG+1B3672_004   5.737  -9.132  -3.394
MET01B3673_001   0.679  -4.878  -4.200
ILE01B3674_001   2.934  -0.840   2.094
ASP01B3675_001   0.217  -1.029  -0.813
ASP01B3675_002   0.217  -1.029  -0.813
ASP02B3675_003   0.316  -1.106  -0.790
ASP02B3675_004   0.316  -1.106  -0.790
ASP-1B3675_005   0.205  -1.020  -0.815
ASP01B3676_001   0.007  -1.663  -1.656
ASP01B3676_002   0.007  -1.663  -1.656
ASP02B3676_003   0.055  -1.647  -1.592
ASP02B3676_004   0.055  -1.647  -1.592
ASP-1B3676_005   0.003  -1.593  -1.590
CTR01B3676_001  -0.021  -1.110  -1.131
CTR01B3676_002   0.091  -1.303  -1.213
CTR02B3676_003  -0.022  -1.110  -1.132
CTR02B3676_004   0.033  -1.187  -1.154
CTR-1B3676_005   0.000  -1.110  -1.110
NTR01B3678_001  -0.003  -2.054  -2.058
NTR+1B3678_002  -0.005  -2.054  -2.060
SER01B3678_001   0.000  -2.357  -2.357
SER01B3678_002   0.000  -2.357  -2.357
LYS01B3679_001   2.413  -7.745  -5.332
LYS+1B3679_002   2.333  -7.745  -5.412
ALA01B3680_001   0.000  -4.205  -4.205
GLU01B3682_001   0.497  -3.518  -3.021
GLU01B3682_002   0.497  -3.518  -3.021
GLU02B3682_003   0.663  -3.618  -2.955
GLU02B3682_004   0.663  -3.618  -2.955
GLU-1B3682_005   0.465  -3.475  -3.010
GLN01B3683_001   0.454  -0.446   0.008
GLU01B3684_001   0.499  -3.865  -3.366
GLU01B3684_002   0.499  -3.865  -3.366
GLU02B3684_003   0.664  -3.770  -3.105
GLU02B3684_004   0.664  -3.770  -3.105
GLU-1B3684_005   0.467  -3.721  -3.254
GLU01B3685_001   0.500  -4.088  -3.588
GLU01B3685_002   0.500  -4.088  -3.588
GLU02B3685_003   0.666  -4.218  -3.552
GLU02B3685_004   0.666  -4.218  -3.552
GLU-1B3685_005   0.468  -4.052  -3.584
GLU01B3686_001   0.500  -2.536  -2.036
GLU01B3686_002   0.500  -2.536  -2.036
GLU02B3686_003   0.667  -2.461  -1.794
GLU02B3686_004   0.667  -2.461  -1.794
GLU-1B3686_005   0.469  -2.463  -1.994
GLU01B3687_001   0.499  -2.667  -2.168
GLU01B3687_002   0.499  -2.667  -2.168
GLU02B3687_003   0.665  -2.634  -1.968
GLU02B3687_004   0.665  -2.634  -1.968
GLU-1B3687_005   0.468  -2.584  -2.117
GLU01B3688_001   0.499  -4.265  -3.767
GLU01B3688_002   0.499  -4.265  -3.767
GLU02B3688_003   0.665  -4.361  -3.697
GLU02B3688_004   0.665  -4.361  -3.697
GLU-1B3688_005   0.467  -4.237  -3.770
GLU01B3689_001   0.498  -3.848  -3.350
GLU01B3689_002   0.498  -3.848  -3.350
GLU02B3689_003   0.665  -3.801  -3.136
GLU02B3689_004   0.665  -3.801  -3.136
GLU-1B3689_005   0.467  -3.730  -3.263
VAL01B3690_001   0.500  -3.277  -2.778
GLU01B3691_001   0.498  -3.978  -3.479
GLU01B3691_002   0.498  -3.978  -3.479
GLU02B3691_003   0.665  -3.997  -3.332
GLU02B3691_004   0.665  -3.997  -3.332
GLU-1B3691_005   0.467  -3.992  -3.525
GLU01B3692_001   0.498  -3.881  -3.382
GLU01B3692_002   0.498  -3.881  -3.382
GLU02B3692_003   0.664  -3.900  -3.236
GLU02B3692_004   0.664  -3.900  -3.236
GLU-1B3692_005   0.467  -3.738  -3.271
LYS01B3693_001   3.781  -8.856  -5.075
LYS+1B3693_002   3.687  -8.856  -5.170
LYS01B3694_001   1.898  -5.833  -3.936
LYS+1B3694_002   1.813  -5.833  -4.020
CTR01B3694_001  -0.021  -2.954  -2.975
CTR01B3694_002   0.110  -3.147  -3.037
CTR02B3694_003  -0.022  -3.243  -3.266
CTR02B3694_004   0.043  -3.070  -3.026
CTR-1B3694_005   0.000  -2.896  -2.896
NTR01B3710_001  -0.003  -2.718  -2.721
NTR+1B3710_002  -0.005  -2.718  -2.724
LEU01B3710_001   2.215 -11.567  -9.353
THR01B3711_001   0.203  -5.910  -5.707
THR01B3711_002   0.203  -5.910  -5.707
GLU01B3712_001   4.422  -3.859   0.563
GLU01B3712_002   4.422  -3.859   0.563
GLU02B3712_003   3.609  -3.832  -0.223
GLU02B3712_004   3.609  -3.832  -0.223
GLU-1B3712_005   3.532  -3.672  -0.140
LYS01B3713_001   4.475  -3.597   0.878
LYS+1B3713_002   4.422  -3.597   0.825
SER01B3714_001   0.000  -5.172  -5.172
LYS01B3715_001   2.274  -9.359  -7.086
LYS+1B3715_002   2.227  -9.359  -7.132
LEU01B3716_001   1.349  -8.428  -7.079
ASP01B3717_001   0.215  -2.491  -2.277
ASP01B3717_002   0.215  -2.491  -2.277
ASP02B3717_003   0.309  -2.420  -2.110
ASP02B3717_004   0.309  -2.420  -2.110
ASP-1B3717_005   0.203  -2.442  -2.239
GLU01B3718_001   4.070  -4.010   0.059
GLU01B3718_002   4.070  -4.010   0.059
GLU02B3718_003   3.282  -4.074  -0.792
GLU02B3718_004   3.282  -4.074  -0.792
GLU-1B3718_005   3.201  -3.957  -0.756
ASP01B3719_001   0.057  -3.364  -3.308
ASP01B3719_002   0.057  -3.364  -3.308
ASP02B3719_003   0.122  -3.184  -3.062
ASP02B3719_004   0.122  -3.184  -3.062
ASP-1B3719_005   0.053  -3.196  -3.143
TYR01B3720_001   4.835 -13.151  -8.317
TYR-1B3720_002   4.835 -13.151  -8.317
CTR01B3720_001  -0.021  -3.060  -3.081
CTR01B3720_002   0.093  -2.848  -2.755
CTR02B3720_003  -0.022  -2.925  -2.947
CTR02B3720_004   0.036  -2.809  -2.773
CTR-1B3720_005   0.000  -2.905  -2.905
NTR01B3725_001  -0.003  -1.221  -1.224
NTR+1B3725_002  -0.005  -1.221  -1.226
TYR01B3725_001   5.341  -9.678  -4.338
TYR-1B3725_002   5.341  -9.678  -4.338
ALA01B3726_001   0.000  -5.164  -5.164
ASP01B3727_001   0.111  -2.847  -2.736
ASP01B3727_002   0.111  -2.847  -2.736
ASP02B3727_003   0.195  -2.918  -2.723
ASP02B3727_004   0.195  -2.918  -2.723
ASP-1B3727_005   0.108  -2.812  -2.704
ILE01B3728_001   1.559  -1.803  -0.244
MET01B3729_001   0.298  -5.247  -4.949
ALA01B3730_001   0.000  -2.402  -2.402
LYS01B3731_001   6.489  -3.964   2.525
LYS+1B3731_002   6.493  -3.964   2.529
SER01B3732_001   0.000   0.000   0.000
SER01B3732_002   0.000   0.000   0.000
SER01B3732_003   0.000   0.000   0.000
CYS01B3733_001  -0.002  -3.574  -3.575
CYS01B3733_002  -0.002  -3.574  -3.575
CYS01B3733_003  -0.003  -3.574  -3.576
CYS-1B3733_004   0.000  -3.574  -3.574
HIS01B3734_001  -0.354  -2.393  -2.747
HIS01B3734_002  -0.345  -2.255  -2.600
HIS02B3734_003  -0.363  -2.393  -2.756
HIS02B3734_004  -0.355  -2.255  -2.611
HIS+1B3734_005  -0.383  -2.393  -2.775
HIS+1B3734_006  -0.375  -2.255  -2.630
LEU01B3735_001   1.457  -0.583   0.874
GLU01B3736_001   0.498  -3.126  -2.628
GLU01B3736_002   0.498  -3.126  -2.628
GLU02B3736_003   0.664  -3.115  -2.450
GLU02B3736_004   0.664  -3.115  -2.450
GLU-1B3736_005   0.467  -3.075  -2.608
GLU01B3737_001   0.499  -2.684  -2.185
GLU01B3737_002   0.499  -2.684  -2.185
GLU02B3737_003   0.666  -2.516  -1.850
GLU02B3737_004   0.666  -2.516  -1.850
GLU-1B3737_005   0.468  -2.507  -2.039
GLU01B3740_001   0.499  -3.276  -2.777
GLU01B3740_002   0.499  -3.276  -2.777
GLU02B3740_003   0.666  -3.304  -2.638
GLU02B3740_004   0.666  -3.304  -2.638
GLU-1B3740_005   0.468  -3.251  -2.783
ASN01B3741_001  -0.020  -2.475  -2.495
CTR01B3741_001  -0.021  -4.537  -4.558
CTR01B3741_002   0.094  -4.672  -4.578
CTR02B3741_003  -0.022  -4.421  -4.443
CTR02B3741_004   0.038  -4.692  -4.654
CTR-1B3741_005   0.000  -4.440  -4.440
NTR01B3747_001  -0.003  -3.769  -3.772
NTR+1B3747_002  -0.005  -3.769  -3.774
GLU01B3747_001   0.497  -4.771  -4.275
GLU01B3747_002   0.497  -4.771  -4.275
GLU02B3747_003   0.663  -4.763  -4.100
GLU02B3747_004   0.663  -4.763  -4.100
GLU-1B3747_005   0.465  -4.702  -4.237
GLU01B3748_001   0.498  -4.712  -4.214
GLU01B3748_002   0.498  -4.712  -4.214
GLU02B3748_003   0.664  -4.609  -3.945
GLU02B3748_004   0.664  -4.609  -3.945
GLU-1B3748_005   0.467  -4.556  -4.089
VAL01B3749_001   0.502  -9.266  -8.763
CTR01B3749_001  -0.021  -4.469  -4.490
CTR01B3749_002   0.098  -4.392  -4.294
CTR02B3749_003  -0.022  -4.527  -4.549
CTR02B3749_004   0.038  -4.508  -4.470
CTR-1B3749_005   0.000  -4.469  -4.469
NTR01B3769_001  -0.003  -2.776  -2.779
NTR+1B3769_002  -0.005  -2.776  -2.781
ARG01B3769_001   7.625  -3.362   4.263
ARG02B3769_002   7.574  -3.362   4.211
ARG03B3769_003   7.565  -3.362   4.203
ARG+1B3769_004   7.525  -3.362   4.162
LEU01B3770_001   1.491  -3.158  -1.667
CTR01B3770_001  -0.021  -5.319  -5.340
CTR01B3770_002   0.087  -5.242  -5.155
CTR02B3770_003  -0.022  -5.242  -5.264
CTR02B3770_004   0.032  -5.242  -5.210
CTR-1B3770_005   0.000  -5.280  -5.280
NTR01B3790_001  -0.003  -3.339  -3.342
NTR01B3790_002  -0.002  -3.175  -3.177
NTR+1B3790_003  -0.005  -3.175  -3.180
CTR01B3790_001  -0.021  -6.072  -6.093
CTR01B3790_002   0.127  -6.149  -6.022
CTR02B3790_003  -0.022  -6.227  -6.249
CTR02B3790_004   0.053  -6.149  -6.097
CTR-1B3790_005   0.000  -6.033  -6.033
THR01B3790_001   0.267  -8.757  -8.490
THR01B3790_002   0.267  -8.757  -8.490
THR01B3790_003   0.267  -8.757  -8.490
NTR01B3831_001  -0.003  -4.290  -4.293
NTR01B3831_002  -0.002  -4.145  -4.147
NTR+1B3831_003  -0.005  -4.145  -4.150
CTR01B3831_001  -0.021  -6.130  -6.151
CTR01B3831_002   0.100  -5.995  -5.895
CTR02B3831_003  -0.022  -6.052  -6.075
CTR02B3831_004   0.037  -5.956  -5.919
CTR-1B3831_005   0.000  -5.936  -5.936
SER01B3831_001   0.000  -5.748  -5.748
SER01B3831_002   0.000  -5.748  -5.748
NTR01B3846_001  -0.003  -2.274  -2.277
NTR+1B3846_002  -0.005  -2.274  -2.279
ALA01B3846_001   0.000  -1.854  -1.854
PHE01B3847_001   5.320  -4.841   0.479
GLU01B3848_001   2.301  -2.835  -0.534
GLU01B3848_002   2.301  -2.835  -0.534
GLU02B3848_003   1.959  -2.881  -0.922
GLU02B3848_004   1.959  -2.881  -0.922
GLU-1B3848_005   1.830  -2.764  -0.934
ARG01B3849_001   2.059 -11.080  -9.021
ARG02B3849_002   2.042 -11.080  -9.038
ARG03B3849_003   2.034 -11.080  -9.046
ARG+1B3849_004   1.995 -11.080  -9.085
GLN01B3850_001   3.152  -0.300   2.852
ASN01B3851_001   0.259  -1.855  -1.597
ASN01B3851_002   0.057  -1.600  -1.543
LYS01B3852_001   0.989  -7.509  -6.521
LYS+1B3852_002   0.943  -7.509  -6.566
ALA01B3853_001   0.000  -0.721  -0.721
GLU01B3854_001   0.500  -2.106  -1.605
GLU01B3854_002   0.500  -2.106  -1.605
GLU02B3854_003   0.667  -2.002  -1.335
GLU02B3854_004   0.667  -2.002  -1.335
GLU-1B3854_005   0.469  -1.925  -1.456
LEU01B3856_001   1.606  -7.257  -5.651
MET01B3858_001   0.140  -8.778  -8.638
VAL01B3859_001   0.500  -2.369  -1.870
ASN01B3860_001  -0.020  -2.857  -2.876
GLU01B3861_001   0.500  -2.956  -2.456
GLU01B3861_002   0.500  -2.956  -2.456
GLU02B3861_003   0.667  -2.940  -2.274
GLU02B3861_004   0.667  -2.940  -2.274
GLU-1B3861_005   0.468  -2.911  -2.442
ASP01B3862_001  -0.041  -2.391  -2.432
ASP01B3862_002  -0.041  -2.391  -2.432
ASP02B3862_003  -0.009  -2.306  -2.315
ASP02B3862_004  -0.009  -2.306  -2.315
ASP-1B3862_005  -0.041  -2.308  -2.348
THR01B3864_001   0.151  -2.053  -1.903
VAL01B3865_001   0.500  -5.698  -5.198
ILE01B3866_001   0.938  -5.837  -4.898
ASN01B3867_001  -0.019  -1.112  -1.131
ARG01B3868_0011191.757  -6.0241185.732
ARG02B3868_0021191.740  -6.0241185.716
ARG03B3868_0031191.772  -6.0241185.748
ARG03B3868_004 190.806  -6.024 184.782
ARG+1B3868_0051191.706  -6.0241185.682
GLN01B3869_001   0.456  -2.373  -1.917
ASN01B3870_001  -0.021  -0.760  -0.781
GLU01B3872_001   0.498  -3.644  -3.146
GLU01B3872_002   0.498  -3.644  -3.146
GLU02B3872_003   0.665  -3.666  -3.001
GLU02B3872_004   0.665  -3.666  -3.001
GLU-1B3872_005   0.467  -3.639  -3.172
LYS01B3873_001   2.595  -2.886  -0.290
LYS+1B3873_002   2.549  -2.886  -0.337
VAL01B3874_001   0.915  -3.210  -2.295
MET01B3875_001   0.176  -9.116  -8.940
ALA01B3876_001   0.000  -1.938  -1.938
CTR01B3876_001  -0.021  -4.189  -4.210
CTR01B3876_002   0.112  -4.363  -4.251
CTR02B3876_003  -0.022  -4.209  -4.231
CTR02B3876_004   0.043  -4.363  -4.320
CTR-1B3876_005   0.000  -4.189  -4.189
NTR01B3889_001  -0.003  -3.499  -3.502
NTR+1B3889_002  -0.005  -3.499  -3.504
GLN01B3889_001   5.560  -3.947   1.614
LEU01B3890_001   1.690 -10.347  -8.657
CTR01B3890_001  -0.021  -5.213  -5.234
CTR01B3890_002   0.104  -5.387  -5.283
CTR02B3890_003  -0.022  -5.232  -5.254
CTR02B3890_004   0.040  -5.232  -5.193
CTR-1B3890_005   0.000  -5.193  -5.193
NTR01B3943_001  -0.003  -2.573  -2.576
NTR+1B3943_002  -0.004  -2.573  -2.578
ILE01B3943_001   8.325  -9.182  -0.857
GLU01B3944_001   3.783  -2.635   1.148
GLU01B3944_002   3.783  -2.635   1.148
GLU02B3944_003   3.103  -2.640   0.463
GLU02B3944_004   3.103  -2.640   0.463
GLU-1B3944_005   2.996  -2.532   0.464
GLU01B3945_001   2.499  -3.433  -0.934
GLU01B3945_002   2.499  -3.433  -0.934
GLU02B3945_003   2.010  -3.584  -1.574
GLU02B3945_004   2.010  -3.584  -1.574
GLU-1B3945_005   1.940  -3.460  -1.519
GLN01B3946_001   1.386  -1.398  -0.012
GLN01B3946_002   1.043  -1.491  -0.448
CTR01B3947_001  -0.021  -3.842  -3.863
CTR01B3947_002   0.107  -3.726  -3.619
CTR02B3947_003  -0.022  -3.649  -3.671
CTR02B3947_004   0.041  -3.668  -3.627
CTR-1B3947_005   0.000  -3.649  -3.649
NTR01B3992_001  -0.003  -2.946  -2.949
NTR+1B3992_002  -0.005  -2.946  -2.951
CTR01B3992_001  -0.021  -5.367  -5.388
CTR01B3992_002   0.101  -5.445  -5.343
CTR02B3992_003  -0.022  -5.502  -5.524
CTR02B3992_004   0.038  -5.483  -5.445
CTR-1B3992_005   0.000  -5.367  -5.367
PHE01B3992_001   6.854 -13.996  -7.142
NTR01B4028_001  -0.003  -1.477  -1.480
NTR+1B4028_002  -0.005  -1.477  -1.482
CTR01B4028_001  -0.021  -2.616  -2.637
CTR01B4028_002   0.091  -2.577  -2.486
CTR02B4028_003  -0.022  -2.655  -2.677
CTR02B4028_004   0.035  -2.655  -2.620
CTR-1B4028_005   0.000  -2.500  -2.500
LEU01B4028_001   3.280  -6.951  -3.670
NTR01B4030_001  -0.003  -1.202  -1.205
NTR+1B4030_002  -0.005  -1.163  -1.168
CTR01B4030_001  -0.021  -4.875  -4.896
CTR01B4030_002   0.090  -4.894  -4.804
CTR02B4030_003  -0.022  -4.855  -4.878
CTR02B4030_004   0.033  -4.837  -4.804
CTR-1B4030_005   0.000  -4.855  -4.855
LEU01B4030_001   2.042 -10.621  -8.579
NTR01B4050_001  -0.003  -3.589  -3.592
NTR+1B4050_002  -0.005  -3.589  -3.594
GLU01B4050_001   5.208  -4.654   0.553
GLU01B4050_002   5.208  -4.654   0.553
GLU02B4050_003   4.162  -4.676  -0.514
GLU02B4050_004   4.162  -4.676  -0.514
GLU-1B4050_005   4.101  -4.659  -0.558
SER01B4051_001   0.000  -5.118  -5.118
SER01B4051_002   0.000  -5.118  -5.118
CTR01B4051_001  -0.021  -5.049  -5.070
CTR01B4051_002   0.110  -5.126  -5.016
CTR02B4051_003  -0.022  -5.049  -5.071
CTR02B4051_004   0.042  -5.146  -5.104
CTR-1B4051_005   0.000  -5.049  -5.049
NTR01B4064_001  -0.003  -1.734  -1.737
NTR+1B4064_002  -0.005  -1.734  -1.739
MET01B4064_001   8.490  -8.778  -0.288
PHE01B4065_001   7.061  -4.831   2.230
LEU01B4066_001   2.254  -8.853  -6.599
LYS01B4067_001   4.167  -3.618   0.549
LYS+1B4067_002   4.115  -3.618   0.497
LEU01B4068_001   5.238  -2.572   2.665
LYS01B4069_001   3.164  -6.582  -3.418
LYS+1B4069_002   3.110  -6.582  -3.472
ASP01B4070_001   0.244  -2.066  -1.822
ASP01B4070_002   0.244  -2.066  -1.822
ASP02B4070_003   0.355  -2.008  -1.653
ASP02B4070_004   0.355  -2.008  -1.653
ASP-1B4070_005   0.235  -1.977  -1.742
ILE01B4071_001   1.247  -0.496   0.751
VAL01B4072_001   0.641  -1.697  -1.055
SER01B4074_001   0.000  -1.623  -1.623
SER01B4074_002   0.000  -1.623  -1.623
SER01B4074_003   0.000  -1.623  -1.623
GLU01B4075_001   1.308  -3.145  -1.837
GLU01B4075_002   1.308  -3.145  -1.837
GLU02B4075_003   1.091  -3.267  -2.176
GLU02B4075_004   1.091  -3.267  -2.176
GLU-1B4075_005   0.999  -3.159  -2.160
ALA01B4076_001   0.000  -2.540  -2.540
PHE01B4077_001   4.875  -1.313   3.562
GLN01B4078_001   0.938  -2.072  -1.134
GLN01B4078_002   0.808  -2.027  -1.219
ASP01B4079_001   0.367  -2.756  -2.389
ASP01B4079_002   0.367  -2.756  -2.389
ASP02B4079_003   0.497  -2.674  -2.177
ASP02B4079_004   0.497  -2.674  -2.177
ASP-1B4079_005   0.351  -2.653  -2.302
TYR01B4080_001   5.497  -1.105   4.393
TYR01B4080_002   5.497  -1.105   4.393
TYR-1B4080_003   5.497  -1.105   4.393
VAL01B4081_001   0.596  -0.670  -0.074
THR01B4082_001   0.229  -6.322  -6.093
THR01B4082_002   0.229  -6.322  -6.093
ASP01B4083_001   0.354  -0.757  -0.403
ASP01B4083_002   0.354  -0.757  -0.403
ASP02B4083_003   0.466  -0.693  -0.227
ASP02B4083_004   0.466  -0.693  -0.227
ASP-1B4083_005   0.332  -0.689  -0.357
PRO01B4084_001   0.278  -5.981  -5.702
ARG01B4085_001   3.434  -7.489  -4.055
ARG02B4085_002   3.361  -7.489  -4.128
ARG02B4085_003   3.421  -7.489  -4.068
ARG03B4085_004   3.363  -7.489  -4.126
ARG+1B4085_005   3.317  -7.489  -4.173
LEU01B4087_001   1.774  -4.015  -2.240
ILE01B4088_001   5.809  -0.464   5.345
SER01B4089_001   0.000  -1.136  -1.136
SER01B4089_002   0.000  -1.136  -1.136
SER01B4089_003   0.000  -1.136  -1.136
LYS01B4090_001   4.922  -6.370  -1.449
LYS+1B4090_002   4.881  -6.370  -1.489
LYS01B4091_001   1.370  -8.032  -6.662
LYS+1B4091_002   1.321  -8.032  -6.711
ASP01B4092_001   0.007  -0.522  -0.516
ASP01B4092_002   0.007  -0.522  -0.516
ASP02B4092_003   0.055  -0.538  -0.483
ASP02B4092_004   0.055  -0.538  -0.483
ASP-1B4092_005   0.003  -0.534  -0.531
CTR01B4092_001  -0.021  -0.290  -0.311
CTR01B4092_002   0.098  -0.290  -0.192
CTR02B4092_003  -0.022  -0.290  -0.312
CTR02B4092_004   0.038  -0.270  -0.233
CTR-1B4092_005   0.000  -0.290  -0.290
NTR01B4095_001  -0.003  -1.726  -1.729
NTR+1B4095_002  -0.005  -1.726  -1.731
LYS01B4095_001   1.766  -7.694  -5.928
LYS+1B4095_002   1.719  -7.694  -5.974
ALA01B4096_001   0.000  -0.052  -0.052
MET01B4097_001   0.033  -3.931  -3.899
ASP01B4098_001   0.571  -3.352  -2.781
ASP01B4098_002   0.571  -3.352  -2.781
ASP02B4098_003   0.567  -3.468  -2.901
ASP02B4098_004   0.567  -3.468  -2.901
ASP-1B4098_005   0.470  -3.273  -2.803
SER01B4099_001   0.000  -1.790  -1.790
SER01B4099_002   0.000  -1.790  -1.790
GLN01B4100_001   3.404  -0.781   2.622
CTR01B4100_001  -0.021  -1.216  -1.237
CTR01B4100_002   0.122  -1.216  -1.094
CTR02B4100_003  -0.022  -1.313  -1.335
CTR02B4100_004   0.048  -1.216  -1.168
CTR-1B4100_005   0.000  -1.216  -1.216
NTR01B4102_001  -0.003  -2.311  -2.315
NTR+1B4102_002  -0.005  -2.311  -2.317
GLN01B4102_001   1.942  -2.148  -0.206
GLN01B4102_002   3.160  -2.253   0.907
PHE01B4103_001   6.012  -2.247   3.765
CTR01B4103_001  -0.021  -5.937  -5.958
CTR01B4103_002   0.114  -6.053  -5.939
CTR02B4103_003  -0.022  -5.937  -5.959
CTR02B4103_004   0.046  -5.898  -5.853
CTR-1B4103_005   0.000  -5.917  -5.917
NTR01B4117_001  -0.003  -2.480  -2.483
NTR+1B4117_002  -0.005  -2.480  -2.485
ALA01B4117_001   0.000  -3.603  -3.603
ASP01B4118_001   0.419  -2.090  -1.672
ASP01B4118_002   0.419  -2.090  -1.672
ASP02B4118_003   0.446  -1.976  -1.531
ASP02B4118_004   0.446  -1.976  -1.531
ASP-1B4118_005   0.351  -1.998  -1.648
GLU01B4119_001   2.270  -3.827  -1.557
GLU01B4119_002   2.270  -3.827  -1.557
GLU02B4119_003   1.875  -3.762  -1.887
GLU02B4119_004   1.875  -3.762  -1.887
GLU-1B4119_005   1.773  -3.596  -1.823
ASN01B4120_001   0.083  -1.471  -1.388
ASN01B4120_002   0.284  -1.607  -1.323
GLU01B4121_001   7.008  -2.584   4.424
GLU01B4121_002   7.008  -2.584   4.424
GLU02B4121_003   5.602  -2.751   2.851
GLU02B4121_004   5.602  -2.751   2.851
GLU-1B4121_005   5.536  -2.536   3.000
MET01B4122_001   0.141  -1.666  -1.525
ILE01B4123_001   1.509  -2.266  -0.758
ASN01B4124_001   0.165  -1.619  -1.454
ASN01B4124_002   0.004  -1.496  -1.492
CTR01B4124_001  -0.021  -0.521  -0.543
CTR01B4124_002   0.127  -0.521  -0.394
CTR02B4124_003  -0.022  -0.483  -0.505
CTR02B4124_004   0.051  -0.502  -0.451
CTR-1B4124_005   0.000  -0.521  -0.521
NTR01B4126_001  -0.003  -0.064  -0.067
NTR+1B4126_002  -0.005  -0.064  -0.069
GLU01B4126_001   0.500  -3.946  -3.446
GLU01B4126_002   0.500  -3.946  -3.446
GLU02B4126_003   0.667  -3.782  -3.115
GLU02B4126_004   0.667  -3.782  -3.115
GLU-1B4126_005   0.469  -3.807  -3.338
GLU01B4127_001   4.272  -2.548   1.724
GLU01B4127_002   4.272  -2.548   1.724
GLU02B4127_003   3.431  -2.354   1.077
GLU02B4127_004   3.431  -2.354   1.077
GLU-1B4127_005   3.353  -2.326   1.027
PHE01B4128_001   5.152  -6.593  -1.441
ALA01B4129_001   0.000  -0.119  -0.119
ASN01B4130_001   0.579  -2.193  -1.614
ASN01B4130_002   0.294  -2.204  -1.910
CTR01B4130_001  -0.021  -2.780  -2.801
CTR01B4130_002   0.103  -2.703  -2.600
CTR02B4130_003  -0.022  -2.568  -2.590
CTR02B4130_004   0.040  -2.703  -2.663
CTR-1B4130_005   0.000  -2.568  -2.568
NTR01B4132_001  -0.003  -1.504  -1.507
NTR+1B4132_002  -0.005  -1.504  -1.509
CTR01B4132_001  -0.021  -3.543  -3.564
CTR01B4132_002   0.105  -3.427  -3.322
CTR02B4132_003  -0.022  -3.446  -3.468
CTR02B4132_004   0.041  -3.504  -3.463
CTR-1B4132_005   0.000  -3.446  -3.446
PHE01B4132_001   5.543  -4.134   1.409
NTR01B4146_001  -0.003  -1.927  -1.930
NTR+1B4146_002  -0.005  -1.927  -1.932
LEU01B4146_001   2.825  -5.853  -3.028
LEU01B4147_001   5.454  -8.992  -3.538
THR01B4148_001   0.468  -6.641  -6.173
THR01B4148_002   0.468  -6.641  -6.173
ASN01B4149_001   0.228  -2.513  -2.285
LEU01B4150_001   1.752  -7.447  -5.695
SER01B4151_001   0.000  -2.259  -2.259
SER01B4151_002   0.000  -2.259  -2.259
GLU01B4152_001   4.926  -3.769   1.157
GLU01B4152_002   4.926  -3.769   1.157
GLU02B4152_003   3.917  -3.739   0.178
GLU02B4152_004   3.917  -3.739   0.178
GLU-1B4152_005   3.863  -3.648   0.215
CTR01B4152_001  -0.021  -4.189  -4.210
CTR01B4152_002   0.083  -4.209  -4.126
CTR02B4152_003  -0.022  -4.209  -4.231
CTR02B4152_004   0.029  -4.209  -4.180
CTR-1B4152_005   0.000  -4.209  -4.209
NTR01B4251_001  -0.003  -2.265  -2.268
NTR+1B4251_002  -0.005  -2.265  -2.270
ILE01B4251_001   2.972  -5.679  -2.707
SER01B4252_001   0.000  -4.712  -4.712
SER01B4252_002   0.000  -4.712  -4.712
GLU01B4253_001   0.500  -3.889  -3.389
GLU01B4253_002   0.500  -3.889  -3.389
GLU02B4253_003   0.667  -3.747  -3.080
GLU02B4253_004   0.667  -3.747  -3.080
GLU-1B4253_005   0.469  -3.798  -3.329
CTR01B4253_001  -0.021  -5.058  -5.079
CTR01B4253_002   0.100  -5.001  -4.901
CTR02B4253_003  -0.022  -4.962  -4.984
CTR02B4253_004   0.039  -5.078  -5.039
CTR-1B4253_005   0.000  -4.962  -4.962
NTR01B4540_001  -0.003  -2.414  -2.417
NTR+1B4540_002  -0.005  -2.414  -2.419
PHE01B4540_001   2.037  -2.242  -0.205
TRP01B4541_001   0.638 -14.422 -13.784
GLU01B4543_001   0.498  -3.618  -3.120
GLU01B4543_002   0.498  -3.618  -3.120
GLU02B4543_003   0.665  -3.576  -2.911
GLU02B4543_004   0.665  -3.576  -2.911
GLU-1B4543_005   0.467  -3.562  -3.095
LEU01B4544_001   1.460  -4.395  -2.934
GLU01B4545_001   0.498  -1.830  -1.331
GLU01B4545_002   0.498  -1.830  -1.331
GLU02B4545_003   0.665  -1.706  -1.041
GLU02B4545_004   0.665  -1.706  -1.041
GLU-1B4545_005   0.467  -1.688  -1.221
VAL01B4546_001   0.621  -5.386  -4.765
GLN01B4547_001   0.637  -2.732  -2.096
ARG01B4548_001   7.408  -7.868  -0.459
ARG02B4548_002   7.360  -7.868  -0.508
ARG03B4548_003   7.464  -7.868  -0.404
ARG+1B4548_004   7.315  -7.868  -0.553
VAL01B4549_001   1.024  -4.031  -3.006
LYS01B4550_001   3.781  -4.207  -0.426
LYS+1B4550_002   3.687  -4.207  -0.520
PHE01B4551_001   4.692  -6.947  -2.255
LEU01B4552_001   4.792  -2.231   2.561
ASN01B4553_001   0.443  -1.166  -0.723
ASN01B4553_002   0.549  -1.216  -0.666
TYR01B4554_001   5.093  -6.859  -1.766
TYR-1B4554_002   5.093  -6.859  -1.766
LEU01B4555_001   1.611  -0.361   1.250
SER01B4556_001   0.000   0.000   0.000
SER01B4556_002   0.000   0.000   0.000
ARG01B4557_001   3.478  -4.347  -0.869
ARG02B4557_002   3.443  -4.347  -0.904
ARG03B4557_003   3.518  -4.347  -0.829
ARG+1B4557_004   3.403  -4.347  -0.944
ASN01B4558_001   0.221  -1.455  -1.235
PHE01B4559_001   5.640  -0.455   5.186
TYR01B4560_001   5.380  -8.471  -3.091
TYR01B4560_002   5.380  -8.471  -3.091
TYR-1B4560_003   5.380  -8.471  -3.091
THR01B4561_001   0.381  -3.849  -3.467
LEU01B4562_001   2.814  -1.252   1.561
ARG01B4563_001   1.959  -3.237  -1.278
ARG02B4563_002   1.910  -3.237  -1.327
ARG02B4563_003   1.916  -3.237  -1.321
ARG03B4563_004   1.974  -3.237  -1.263
ARG+1B4563_005   1.871  -3.237  -1.366
PHE01B4564_001   5.586  -7.700  -2.114
LEU01B4565_001   2.304  -4.118  -1.814
ALA01B4566_001   0.000  -0.258  -0.258
LEU01B4567_001   1.252  -2.679  -1.427
PHE01B4568_001   5.006  -8.344  -3.339
LEU01B4569_001   3.519  -0.515   3.004
ALA01B4570_001   0.000   0.000   0.000
PHE01B4571_001   4.598  -6.231  -1.633
ALA01B4572_001   0.000  -2.608  -2.608
ILE01B4573_001   2.525   0.000   2.525
ASN01B4574_001   0.497  -0.155   0.342
ASN01B4574_002   0.262  -0.183   0.079
PHE01B4575_001   4.986  -8.953  -3.968
ILE01B4576_001   4.867  -1.030   3.837
LEU01B4577_001   2.852  -3.242  -0.390
LEU01B4578_001   5.131  -7.450  -2.319
PHE01B4579_001   4.665  -3.672   0.992
TYR01B4580_001   5.330  -2.094   3.236
TYR-1B4580_002   5.330  -2.094   3.236
LYS01B4581_001   2.640  -6.213  -3.573
LYS+1B4581_002   2.593  -6.213  -3.621
VAL01B4582_001   0.671  -6.075  -5.404
SER01B4583_001   0.000  -0.779  -0.779
SER01B4583_002   0.000  -0.779  -0.779
ASP01B4584_001  -0.040  -3.728  -3.769
ASP01B4584_002  -0.040  -3.728  -3.769
ASP02B4584_003  -0.009  -3.733  -3.742
ASP02B4584_004  -0.009  -3.733  -3.742
ASP-1B4584_005  -0.041  -3.583  -3.624
SER01B4585_001   0.000  -3.908  -3.908
SER01B4585_002   0.000  -3.908  -3.908
PRO01B4586_001   0.329  -4.192  -3.863
PRO01B4587_001   0.294  -4.161  -3.866
CTR01B4587_001  -0.021  -4.740  -4.760
CTR01B4587_002   0.071  -4.779  -4.707
CTR02B4587_003  -0.022  -4.740  -4.761
CTR02B4587_004   0.023  -4.875  -4.852
CTR-1B4587_005   0.000  -4.740  -4.740
NTR01B4626_001  -0.003  -3.390  -3.393
NTR+1B4626_002  -0.005  -3.390  -3.395
ASN01B4626_001  -0.020  -3.197  -3.217
MET01B4627_001   0.141  -4.617  -4.475
VAL01B4628_001   0.604  -3.036  -2.432
TYR01B4629_001   4.981  -7.659  -2.678
TYR-1B4629_002   4.981  -7.659  -2.678
TYR01B4630_001   4.824  -4.107   0.717
TYR-1B4630_002   4.824  -4.107   0.717
PHE01B4631_001   5.379  -3.345   2.034
LEU01B4632_001   3.326  -3.619  -0.293
GLU01B4633_001   9.359  -2.047   7.312
GLU01B4633_002   9.359  -2.047   7.312
GLU02B4633_003   7.504  -2.308   5.196
GLU02B4633_004   7.504  -2.308   5.196
GLU-1B4633_005   7.442  -2.140   5.301
GLU01B4634_001   1.460  -1.452   0.008
GLU01B4634_002   1.460  -1.452   0.008
GLU02B4634_003   1.167  -1.317  -0.150
GLU02B4634_004   1.167  -1.317  -0.150
GLU-1B4634_005   1.099  -1.339  -0.241
SER01B4635_001   0.000  -5.451  -5.451
SER01B4635_002   0.000  -5.451  -5.451
THR01B4636_001   0.160  -1.800  -1.639
THR01B4636_002   0.160  -1.800  -1.639
THR01B4636_003   0.160  -1.800  -1.639
TYR01B4638_001   4.509  -9.497  -4.988
TYR01B4638_002   4.509  -9.497  -4.988
TYR-1B4638_003   4.509  -9.497  -4.988
MET01B4639_001 127.437   0.000 127.437
GLU01B4640_001   1.585  -2.345  -0.760
GLU01B4640_002   1.585  -2.345  -0.760
GLU02B4640_003   1.314  -2.251  -0.937
GLU02B4640_004   1.314  -2.251  -0.937
GLU-1B4640_005   1.220  -2.273  -1.054
PRO01B4641_001   0.289  -6.404  -6.114
ALA01B4642_001   0.000  -2.283  -2.283
LEU01B4643_001   3.330  -1.288   2.043
TRP01B4644_001   2.937 -10.220  -7.284
CYS01B4645_001  -0.002  -3.948  -3.950
CYS01B4645_002  -0.002  -3.948  -3.950
CYS01B4645_003  -0.002  -3.948  -3.951
CYS-1B4645_004   0.000  -3.948  -3.948
LEU01B4646_001   1.513  -2.936  -1.423
SER01B4647_001   0.000   0.000   0.000
SER01B4647_002   0.000   0.000   0.000
SER01B4647_003   0.000   0.000   0.000
LEU01B4648_001   2.317  -4.842  -2.525
LEU01B4649_001   2.066  -3.277  -1.211
HIS01B4650_001  -0.111   0.000  -0.111
HIS02B4650_002  -0.131   0.000  -0.131
HIS+1B4650_003  -0.159   0.000  -0.159
THR01B4651_001   0.293  -0.840  -0.547
THR01B4651_002   0.293  -0.840  -0.547
LEU01B4652_001   3.289  -5.319  -2.029
VAL01B4653_001   0.848  -0.464   0.384
ALA01B4654_001   0.000   0.000   0.000
PHE01B4655_001   4.672  -8.147  -3.475
LEU01B4656_001   2.365  -2.366  -0.001
CYS01B4657_001  -0.002  -0.071  -0.073
CYS01B4657_002  -0.002  -0.071  -0.073
CYS01B4657_003  -0.002  -0.071  -0.074
CYS-1B4657_004   0.000  -0.071  -0.071
ILE01B4658_001   2.658  -2.469   0.188
ILE01B4659_001   5.608  -3.706   1.902
TYR01B4661_001   5.099  -2.913   2.185
TYR01B4661_002   5.099  -2.913   2.185
TYR-1B4661_003   5.099  -2.913   2.185
ASN01B4662_001   0.255  -2.879  -2.624
ASN01B4662_002   0.057  -3.032  -2.975
CYS01B4663_001  -0.002  -1.026  -1.028
CYS01B4663_002  -0.002  -1.026  -1.028
CYS01B4663_003  -0.003  -1.026  -1.028
CYS-1B4663_004   0.000  -1.026  -1.026
LEU01B4664_001   1.513  -3.825  -2.311
LYS01B4665_001   3.348  -6.023  -2.675
LYS+1B4665_002   3.266  -6.023  -2.757
CTR01B4665_001  -0.021  -3.407  -3.428
CTR01B4665_002   0.112  -3.639  -3.528
CTR02B4665_003  -0.022  -3.485  -3.507
CTR02B4665_004   0.044  -3.524  -3.479
CTR-1B4665_005   0.000  -3.485  -3.485
NTR01B4690_001  -0.003  -3.910  -3.913
NTR+1B4690_002  -0.005  -3.910  -3.915
GLU01B4690_001   4.307  -4.502  -0.194
GLU01B4690_002   4.307  -4.502  -0.194
GLU02B4690_003   3.463  -4.515  -1.053
GLU02B4690_004   3.463  -4.515  -1.053
GLU-1B4690_005   3.386  -4.483  -1.097
GLN01B4691_001   0.690  -3.373  -2.684
GLN01B4691_002   0.842  -3.443  -2.601
PRO01B4692_001   0.385  -6.234  -5.849
ASP01B4694_001   0.128  -3.063  -2.935
ASP01B4694_002   0.128  -3.063  -2.935
ASP02B4694_003   0.207  -3.174  -2.966
ASP02B4694_004   0.207  -3.174  -2.966
ASP-1B4694_005   0.121  -3.075  -2.954
ASP01B4695_001   0.100  -3.551  -3.451
ASP01B4695_002   0.100  -3.551  -3.451
ASP02B4695_003   0.172  -3.548  -3.376
ASP02B4695_004   0.172  -3.548  -3.376
ASP-1B4695_005   0.093  -3.497  -3.403
CTR01B4695_001  -0.021  -4.634  -4.654
CTR01B4695_002   0.080  -4.769  -4.689
CTR02B4695_003  -0.022  -4.692  -4.713
CTR02B4695_004   0.030  -4.827  -4.797
CTR-1B4695_005   0.000  -4.634  -4.634
NTR01B4716_001  -0.003  -3.168  -3.171
NTR+1B4716_002  -0.005  -3.168  -3.173
CTR01B4716_001  -0.021  -6.197  -6.219
CTR01B4716_002   0.113  -6.024  -5.911
CTR02B4716_003  -0.022  -6.139  -6.162
CTR02B4716_004   0.045  -6.159  -6.114
CTR-1B4716_005   0.000  -6.062  -6.062
TRP01B4716_001   4.825 -13.943  -9.118
NTR01B4735_001  -0.003  -3.558  -3.560
NTR+1B4735_002  -0.005  -3.558  -3.562
CTR01B4735_001  -0.021  -5.213  -5.234
CTR01B4735_002   0.096  -5.174  -5.078
CTR02B4735_003  -0.022  -5.213  -5.235
CTR02B4735_004   0.035  -5.213  -5.178
CTR-1B4735_005   0.000  -5.077  -5.077
GLU01B4735_001   2.509  -5.013  -2.505
GLU01B4735_002   2.509  -5.013  -2.505
GLU02B4735_003   2.020  -4.959  -2.938
GLU02B4735_004   2.020  -4.959  -2.938
GLU-1B4735_005   1.946  -4.886  -2.939
NTR01B4752_001  -0.003  -3.262  -3.265
NTR+1B4752_002  -0.005  -3.262  -3.267
ALA01B4752_001   0.000  -5.319  -5.319
HIS01B4753_001  -0.354 -11.170 -11.523
HIS02B4753_002  -0.363 -11.170 -11.532
HIS+1B4753_003  -0.382 -11.170 -11.552
CTR01B4753_001  -0.021  -3.021  -3.043
CTR01B4753_002   0.125  -3.099  -2.974
CTR02B4753_003  -0.022  -3.041  -3.063
CTR02B4753_004   0.051  -3.138  -3.087
CTR-1B4753_005   0.000  -3.041  -3.041
NTR01B4755_001  -0.003  -1.369  -1.372
NTR+1B4755_002  -0.005  -1.369  -1.374
GLU01B4755_001   0.498  -2.504  -2.005
GLU01B4755_002   0.498  -2.504  -2.005
GLU02B4755_003   0.665  -2.441  -1.776
GLU02B4755_004   0.665  -2.441  -1.776
GLU-1B4755_005   0.467  -2.416  -1.949
ARG01B4756_0011190.168  -6.6801183.488
ARG02B4756_0021190.150  -6.6801183.470
ARG03B4756_0031190.184  -6.6801183.504
ARG03B4756_004 189.232  -6.680 182.552
ARG+1B4756_0051190.118  -6.6801183.438
LYS01B4757_001   3.801  -7.921  -4.120
LYS+1B4757_002   3.707  -7.921  -4.214
PRO01B4758_001   0.237  -6.335  -6.098
ASP01B4759_001  -0.041  -3.193  -3.234
ASP01B4759_002  -0.041  -3.193  -3.234
ASP02B4759_003  -0.009  -3.203  -3.213
ASP02B4759_004  -0.009  -3.203  -3.213
ASP-1B4759_005  -0.041  -3.135  -3.176
PRO01B4760_001   0.234  -7.023  -6.789
PRO01B4761_001   0.273  -7.203  -6.930
PRO01B4762_001   0.233  -5.777  -5.544
LEU01B4764_001   1.455  -3.329  -1.874
LEU01B4765_001   1.457  -3.210  -1.753
THR01B4766_001   0.185  -5.781  -5.596
THR01B4766_002   0.185  -5.781  -5.596
TRP01B4767_001   3.127  -6.890  -3.763
LEU01B4768_001   3.239  -5.441  -2.202
MET01B4769_001   1.040  -8.657  -7.617
SER01B4770_001   0.000  -3.654  -3.654
ILE01B4771_001   5.436  -6.213  -0.777
ASP01B4772_001   0.091  -4.080  -3.988
ASP01B4772_002   0.091  -4.080  -3.988
ASP02B4772_003   0.157  -4.075  -3.917
ASP02B4772_004   0.157  -4.075  -3.917
ASP-1B4772_005   0.082  -3.893  -3.811
VAL01B4773_001   0.597  -8.132  -7.536
CTR01B4773_001  -0.021  -4.894  -4.915
CTR01B4773_002   0.102  -5.087  -4.985
CTR02B4773_003  -0.022  -4.913  -4.935
CTR02B4773_004   0.040  -5.029  -4.989
CTR-1B4773_005   0.000  -4.817  -4.817
NTR01B4784_001  -0.003  -2.120  -2.123
NTR+1B4784_002  -0.005  -2.120  -2.125
CTR01B4784_001  -0.021  -3.089  -3.110
CTR01B4784_002   0.113  -3.128  -3.014
CTR02B4784_003  -0.022  -3.186  -3.208
CTR02B4784_004   0.044  -3.263  -3.219
CTR-1B4784_005   0.000  -3.089  -3.089
PHE01B4784_001   4.690 -11.869  -7.179
NTR01B4789_001  -0.003  -1.413  -1.416
NTR+1B4789_002  -0.005  -1.413  -1.418
PHE01B4789_001   6.604  -5.254   1.350
LEU01B4790_001   2.366  -7.823  -5.458
TYR01B4791_001   6.414  -4.428   1.986
TYR01B4791_002   6.414  -4.428   1.986
TYR-1B4791_003   6.414  -4.428   1.986
LEU01B4792_001   2.277  -0.206   2.071
TRP01B4794_001   3.987  -7.697  -3.710
TYR01B4795_001   6.240  -0.306   5.934
TYR01B4795_002   6.240  -0.306   5.934
TYR-1B4795_003   6.240  -0.306   5.934
MET01B4796_001   6.122  -1.239   4.883
VAL01B4797_001   0.786  -4.601  -3.814
MET01B4798_001   0.007  -1.456  -1.450
SER01B4799_001   0.000   0.000   0.000
SER01B4799_002   0.000   0.000   0.000
SER01B4799_003   0.000   0.000   0.000
LEU01B4800_001   1.768  -6.745  -4.977
LEU01B4801_001   1.817  -3.277  -1.460
HIS01B4803_001  -0.216  -2.988  -3.204
HIS01B4803_002  -0.175  -3.069  -3.244
HIS02B4803_003  -0.232  -2.988  -3.220
HIS02B4803_004  -0.189  -3.069  -3.257
HIS+1B4803_005  -0.259  -2.988  -3.247
HIS+1B4803_006  -0.215  -3.069  -3.284
TYR01B4804_001   4.825  -8.754  -3.928
TYR-1B4804_002   4.825  -8.754  -3.928
ASN01B4805_001   0.136  -1.866  -1.730
ASN01B4805_002  -0.017  -1.685  -1.702
ASN01B4806_001   0.571  -1.737  -1.167
ASN01B4806_002   0.313  -1.806  -1.493
PHE01B4807_001   5.069  -9.824  -4.755
PHE01B4808_001   5.932  -3.536   2.396
PHE01B4809_001   4.176  -0.505   3.671
ALA01B4810_001   0.000  -1.320  -1.320
ALA01B4811_001   0.000  -0.309  -0.309
HIS01B4812_001  -0.234   0.000  -0.234
HIS01B4812_002  -0.193   0.000  -0.193
HIS02B4812_003  -0.254   0.000  -0.254
HIS02B4812_004  -0.202   0.000  -0.202
HIS+1B4812_005  -0.281   0.000  -0.281
HIS+1B4812_006  -0.228   0.000  -0.228
LEU01B4813_001   3.057  -3.139  -0.082
LEU01B4814_001   1.131  -6.622  -5.491
ASP01B4815_001   0.082  -0.052   0.030
ASP01B4815_002   0.082  -0.052   0.030
ASP02B4815_003   0.148  -0.052   0.097
ASP02B4815_004   0.148  -0.052   0.097
ASP-1B4815_005   0.076  -0.052   0.024
ILE01B4816_001   1.264  -2.556  -1.292
ALA01B4817_001   0.000  -3.896  -3.896
MET01B4818_001   0.018  -8.309  -8.291
CTR01B4818_001  -0.021  -3.263  -3.284
CTR01B4818_002   0.107  -3.263  -3.156
CTR02B4818_003  -0.022  -3.185  -3.208
CTR02B4818_004   0.042  -3.263  -3.221
CTR-1B4818_005   0.000  -3.185  -3.185
NTR01B4847_001  -0.003  -1.388  -1.390
NTR+1B4847_002  -0.005  -1.388  -1.392
VAL01B4847_001   1.258  -7.740  -6.482
VAL01B4848_001   1.355  -2.898  -1.543
TYR01B4849_001   6.056  -9.176  -3.120
TYR-1B4849_002   6.056  -9.176  -3.120
LEU01B4850_001   1.588  -7.102  -5.514
TYR01B4851_001   5.184  -2.931   2.253
TYR01B4851_002   5.184  -2.931   2.253
TYR-1B4851_003   5.184  -2.931   2.253
THR01B4852_001   0.407   0.000   0.407
THR01B4852_002   0.407   0.000   0.407
THR01B4852_003   0.407   0.000   0.407
VAL01B4853_001   0.796  -2.782  -1.986
VAL01B4854_001   0.939  -2.608  -1.669
ALA01B4855_001   0.000   0.000   0.000
PHE01B4856_001   5.338  -2.797   2.541
ASN01B4857_001   0.322  -2.042  -1.721
ASN01B4857_002   0.124  -2.116  -1.992
PHE01B4858_001   5.169  -9.311  -4.143
PHE01B4859_001   4.879  -0.675   4.204
ARG01B4860_001   4.113  -7.202  -3.089
ARG02B4860_002   4.079  -7.202  -3.123
ARG03B4860_003   4.085  -7.202  -3.117
ARG+1B4860_004   4.033  -7.202  -3.169
LYS01B4861_001   6.341  -4.598   1.743
LYS+1B4861_002   6.366  -4.598   1.768
PHE01B4862_001   7.863  -1.416   6.447
TYR01B4863_001   4.650   0.000   4.650
TYR01B4863_002   4.650   0.000   4.650
TYR-1B4863_003   4.650   0.000   4.650
ASN01B4864_001   0.274  -1.368  -1.095
ASN01B4864_002   0.476  -1.363  -0.888
LYS01B4865_001   4.498  -2.356   2.142
LYS+1B4865_002   4.453  -2.356   2.096
SER01B4866_001   0.000  -4.136  -4.136
GLU01B4867_001   1.367  -2.200  -0.834
GLU01B4867_002   1.367  -2.200  -0.834
GLU02B4867_003   1.175  -2.311  -1.136
GLU02B4867_004   1.175  -2.311  -1.136
GLU-1B4867_005   1.073  -2.268  -1.195
ASP01B4868_001   0.454  -3.547  -3.093
ASP01B4868_002   0.454  -3.547  -3.093
ASP02B4868_003   0.529  -3.475  -2.947
ASP02B4868_004   0.529  -3.475  -2.947
ASP-1B4868_005   0.402  -3.398  -2.995
GLU01B4869_001   1.684  -4.015  -2.331
GLU01B4869_002   1.684  -4.015  -2.331
GLU02B4869_003   1.428  -4.066  -2.638
GLU02B4869_004   1.428  -4.066  -2.638
GLU-1B4869_005   1.318  -3.858  -2.540
ASP01B4870_001   0.216  -3.282  -3.066
ASP01B4870_002   0.216  -3.282  -3.066
ASP02B4870_003   0.311  -3.188  -2.876
ASP02B4870_004   0.311  -3.188  -2.876
ASP-1B4870_005   0.204  -3.204  -3.000
GLU01B4871_001   5.664  -1.638   4.026
GLU01B4871_002   5.664  -1.638   4.026
GLU02B4871_003   4.519  -1.475   3.044
GLU02B4871_004   4.519  -1.475   3.044
GLU-1B4871_005   4.451  -1.482   2.970
CTR01B4871_001  -0.021  -1.313  -1.334
CTR01B4871_002   0.099  -1.371  -1.272
CTR02B4871_003  -0.022  -1.294  -1.316
CTR02B4871_004   0.039  -1.294  -1.254
CTR-1B4871_005   0.000  -1.294  -1.294
NTR01B4872_001  -0.002  -0.885  -0.887
NTR+1B4872_002  -0.004  -0.885  -0.889
PRO01B4872_001   0.449  -5.404  -4.955
ASP01B4873_001   0.109  -1.603  -1.494
ASP01B4873_002   0.109  -1.603  -1.494
ASP02B4873_003   0.192  -1.725  -1.533
ASP02B4873_004   0.192  -1.725  -1.533
ASP-1B4873_005   0.105  -1.551  -1.445
MET01B4874_001   1.879  -1.643   0.236
LYS01B4875_001   1.460  -2.400  -0.940
LYS+1B4875_002   1.393  -2.400  -1.008
CYS01B4876_001  -0.002   0.000  -0.002
CYS01B4876_002  -0.002   0.000  -0.002
CYS01B4876_003  -0.003   0.000  -0.003
CYS-1B4876_004   0.000   0.000   0.000
ASP01B4877_001   0.139  -1.476  -1.337
ASP01B4877_002   0.139  -1.476  -1.337
ASP02B4877_003   0.230  -1.377  -1.148
ASP02B4877_004   0.230  -1.377  -1.148
ASP-1B4877_005   0.135  -1.417  -1.281
ASP01B4878_001  -0.040  -2.226  -2.267
ASP01B4878_002  -0.040  -2.226  -2.267
ASP02B4878_003  -0.009  -2.242  -2.250
ASP02B4878_004  -0.009  -2.242  -2.250
ASP-1B4878_005  -0.040  -2.152  -2.193
MET01B4879_001   0.034  -3.700  -3.666
MET01B4880_001   2.111 -10.207  -8.096
THR01B4881_001   0.184  -1.641  -1.457
THR01B4881_002   0.184  -1.641  -1.457
THR01B4881_003   0.184  -1.641  -1.457
CYS01B4882_001  -0.002   0.000  -0.002
CYS01B4882_002  -0.002   0.000  -0.002
CYS01B4882_003  -0.003   0.000  -0.003
CYS-1B4882_004   0.000   0.000   0.000
TYR01B4883_001   5.798  -3.366   2.431
TYR-1B4883_002   5.798  -3.366   2.431
LEU01B4884_001   2.273  -6.777  -4.504
PHE01B4885_001   5.287  -1.281   4.006
HIS01B4886_001  -0.079  -0.115  -0.194
HIS02B4886_002  -0.100  -0.115  -0.214
HIS+1B4886_003  -0.127  -0.115  -0.242
MET01B4887_001   3.300  -3.779  -0.479
TYR01B4888_001   5.760 -11.039  -5.279
TYR01B4888_002   5.760 -11.039  -5.279
TYR-1B4888_003   5.760 -11.039  -5.279
CTR01B4888_001  -0.021  -3.253  -3.274
CTR01B4888_002   0.097  -3.234  -3.137
CTR02B4888_003  -0.022  -3.253  -3.275
CTR02B4888_004   0.037  -3.331  -3.294
CTR-1B4888_005   0.000  -3.253  -3.253
NTG01B4894_001  -0.004  -6.154  -6.158
NTG+1B4894_002  -0.010  -6.154  -6.164
ILE01B4897_001   3.258  -1.700   1.558
ASP01B4899_001   0.074  -2.136  -2.062
ASP01B4899_002   0.074  -2.136  -2.062
ASP02B4899_003   0.138  -2.271  -2.133
ASP02B4899_004   0.138  -2.271  -2.133
ASP-1B4899_005   0.067  -2.175  -2.107
GLU01B4900_001   2.401  -1.575   0.826
GLU01B4900_002   2.401  -1.575   0.826
GLU02B4900_003   1.971  -1.638   0.333
GLU02B4900_004   1.971  -1.638   0.333
GLU-1B4900_005   1.891  -1.575   0.316
ILE01B4901_001  20.694  -0.258  20.437
GLU01B4902_001   3.547  -1.309   2.238
GLU01B4902_002   3.547  -1.309   2.238
GLU02B4902_003   2.968  -1.240   1.728
GLU02B4902_004   2.968  -1.240   1.728
GLU-1B4902_005   2.811  -1.244   1.567
ASP01B4903_001   0.104  -3.384  -3.280
ASP01B4903_002   0.104  -3.384  -3.280
ASP02B4903_003   0.181  -3.357  -3.176
ASP02B4903_004   0.181  -3.357  -3.176
ASP-1B4903_005   0.098  -3.264  -3.165
PRO01B4904_001   0.231  -1.586  -1.354
ALA01B4905_001   0.000  -3.087  -3.087
ASP01B4907_001  -0.040  -3.116  -3.156
ASP01B4907_002  -0.040  -3.116  -3.156
ASP02B4907_003  -0.009  -3.298  -3.307
ASP02B4907_004  -0.009  -3.298  -3.307
ASP-1B4907_005  -0.041  -3.160  -3.200
GLU01B4908_001   0.499  -2.855  -2.356
GLU01B4908_002   0.499  -2.855  -2.356
GLU02B4908_003   0.665  -2.917  -2.252
GLU02B4908_004   0.665  -2.917  -2.252
GLU-1B4908_005   0.467  -2.838  -2.371
TYR01B4909_001   4.404  -7.851  -3.447
TYR-1B4909_002   4.404  -7.851  -3.447
GLU01B4910_001   0.497  -1.986  -1.488
GLU01B4910_002   0.497  -1.986  -1.488
GLU02B4910_003   0.664  -1.896  -1.233
GLU02B4910_004   0.664  -1.896  -1.233
GLU-1B4910_005   0.466  -1.942  -1.476
LEU01B4911_001   5.326  -8.667  -3.341
TYR01B4912_001   5.454  -8.095  -2.640
TYR01B4912_002   5.454  -8.095  -2.640
TYR-1B4912_003   5.454  -8.095  -2.640
ARG01B4913_001   5.956  -0.128   5.828
ARG02B4913_002   5.934  -0.128   5.806
ARG03B4913_003   5.943  -0.128   5.815
ARG+1B4913_004   5.892  -0.128   5.764
VAL01B4914_001   0.919  -4.633  -3.713
VAL01B4915_001   0.819  -5.251  -4.432
PHE01B4916_001   5.386  -0.862   4.524
ASP01B4917_001   0.362  -0.870  -0.508
ASP01B4917_002   0.362  -0.870  -0.508
ASP02B4917_003   0.430  -0.897  -0.467
ASP02B4917_004   0.430  -0.897  -0.467
ASP-1B4917_005   0.319  -0.896  -0.576
ILE01B4918_001   2.965  -8.029  -5.064
THR01B4919_001   0.219  -2.949  -2.730
THR01B4919_002   0.219  -2.949  -2.730
THR01B4919_003   0.219  -2.949  -2.730
CTR01B4919_001  -0.021  -2.549  -2.570
CTR01B4919_002   0.109  -2.394  -2.285
CTR02B4919_003  -0.022  -2.394  -2.416
CTR02B4919_004   0.041  -2.375  -2.333
CTR-1B4919_005   0.000  -2.394  -2.394
NTR01B5009_001  -0.003  -2.998  -3.001
NTR+1B5009_002  -0.005  -2.843  -2.848
CTR01B5009_001  -0.021  -2.722  -2.743
CTR01B5009_002   0.110  -2.742  -2.632
CTR02B5009_003  -0.022  -2.819  -2.841
CTR02B5009_004   0.042  -2.664  -2.622
CTR-1B5009_005   0.000  -2.664  -2.664
TYR01B5009_001   7.155 -13.903  -6.748
TYR-1B5009_002   7.155 -13.903  -6.748
NTR01B5011_001  -0.003  -1.289  -1.292
NTR+1B5011_002  -0.005  -1.289  -1.294
CTR01B5011_001  -0.021  -4.247  -4.268
CTR01B5011_002   0.104  -4.363  -4.259
CTR02B5011_003  -0.022  -4.228  -4.250
CTR02B5011_004   0.040  -4.499  -4.459
CTR-1B5011_005   0.000  -4.267  -4.267
TRP01B5011_001   4.898 -13.480  -8.582
_CA+2B5102_001   0.000  -7.777  -7.777
